[INFO ][2015-11-10 18:13:19,130][com.java.SeleniumDriver] [  213] - Execute Failed Casesfalse
[INFO ][2015-11-10 18:13:19,130][com.java.SeleniumDriver] [  214] - Browser: IE11
[INFO ][2015-11-10 18:13:19,130][com.java.SeleniumDriver] [  215] - [3]
[INFO ][2015-11-10 18:13:19,130][com.java.SeleniumDriver] [  216] - Total TestCases:1
[INFO ][2015-11-10 18:13:19,130][com.java.SeleniumDriver] [  217] -  Reading Properties from Property File 
[DEBUG][2015-11-10 18:13:19,130][com.java.SeleniumDriver] [  238] - url : https://clients-xuat.bankersdashboard.com
[INFO ][2015-11-10 18:13:19,130][com.java.ImportnExport.ExportTestResultsExcel] [  116] - Time Stamp Tue Nov 10 06:13:19 IST 2015
[INFO ][2015-11-10 18:13:19,130][com.java.ImportnExport.ExportTestResultsExcel] [  175] - OUT FILE : D:\BankersDashboard/TestReports/Test Results_BankersDashBoard_111015_181319_IE11_Any Bank USA.xls
[INFO ][2015-11-10 18:13:19,161][com.java.ImportnExport.ExportTestResultsExcel] [  180] - Test Result file is created
[DEBUG][2015-11-10 18:13:19,261][com.java.SeleniumDriver] [  425] - Hub ip address is-------172.17.68.34
[INFO ][2015-11-10 18:13:19,261][com.java.SeleniumDriver] [  451] - Grid URL:http://172.17.68.34:4444/wd/hub
[INFO ][2015-11-10 18:13:19,261][com.java.SeleniumDriver] [  452] - Capability:Capabilities [{platform=ANY, ensureCleanSession=true, ignoreProtectedModeSettings=true, acceptSslCerts=true, ignoreZoomSetting=true, browserName=internet explorer, browserstack.ie.noFlash=true, version=Node1}]
[ERROR][2015-11-10 18:13:20,541][com.java.SeleniumDriver] [  496] - Unable invoke browser in grid:Could not start a new session. Possible causes are invalid address of the remote server or browser start-up failure.
Build info: version: '2.48.2', revision: '41bccdd', time: '2015-10-09 19:59:12'
System info: host: 'FVTIII438F1D', ip: '172.17.68.34', os.name: 'Windows 7', os.arch: 'x86', os.version: '6.1', java.version: '1.7.0_55'
Driver info: driver.version: SeleniumDriver
[INFO ][2015-11-10 18:13:20,541][com.java.SeleniumDriver] [  498] - Executing on local machine
[INFO ][2015-11-10 18:13:29,936][com.java.SeleniumDriver] [  248] - IE11is opened
[INFO ][2015-11-10 18:13:30,564][com.java.SeleniumDriver] [  753] - Test cases to be executed are: [3]
[INFO ][2015-11-10 18:13:30,565][com.java.ImportnExport.ImportTestDataDetailsExcel] [   49] - test data details path===== D:\BankersDashboard\TestInputs\TestData.xls
[INFO ][2015-11-10 18:13:30,645][com.java.SeleniumDriver] [  796] - ------------------------------------------
[INFO ][2015-11-10 18:13:30,645][com.java.SeleniumDriver] [  797] - Test case being Executed: 3
[INFO ][2015-11-10 18:13:30,645][com.java.SeleniumDriver] [  808] - Test step:1
[INFO ][2015-11-10 18:13:30,645][com.java.SeleniumDriver] [  820] - Datavalue is----------Logout
[INFO ][2015-11-10 18:13:30,645][com.java.SeleniumDriver] [  844] - DataField : BTN
[INFO ][2015-11-10 18:13:30,645][com.java.SeleniumDriver] [  846] - DataValue : Logout
[INFO ][2015-11-10 18:13:30,645][com.java.SeleniumDriver] [  852] - <In Set values of the page>
[INFO ][2015-11-10 18:13:30,645][com.java.SeleniumDriver] [  855] - {Data Fields & Data Values Exist}
[INFO ][2015-11-10 18:13:30,645][com.java.SeleniumDriver] [  857] - --------------------------setting values-----------------------------
[INFO ][2015-11-10 18:13:30,645][com.java.SeleniumDriver] [  860] - Action Type : Verify
[INFO ][2015-11-10 18:13:30,665][com.java.TestType] [ 5247] - field= BTN value= Logout
[INFO ][2015-11-10 18:13:30,665][com.java.TestType] [ 4140] - value = Logout
[ERROR][2015-11-10 18:13:48,185][com.java.TestType] [ 5771] - Assertion Error: 
[INFO ][2015-11-10 18:13:48,185][com.java.SeleniumDriver] [  869] -  RESULT false
[INFO ][2015-11-10 18:13:48,185][com.java.SeleniumDriver] [  916] - ?   F A I L   ?
[INFO ][2015-11-10 18:13:48,185][com.java.SeleniumDriver] [  924] - Browser Type : IE11
[INFO ][2015-11-10 18:13:48,185][com.java.SeleniumDriver] [  925] - Adding Failed case3
[DEBUG][2015-11-10 18:13:48,286][com.java.SeleniumDriver] [  992] -  tdd.getCondition() IF:3:Next
[INFO ][2015-11-10 18:13:48,286][com.java.SeleniumDriver] [  996] - Continue next step...
[INFO ][2015-11-10 18:13:48,286][com.java.SeleniumDriver] [  796] - ------------------------------------------
[INFO ][2015-11-10 18:13:48,286][com.java.SeleniumDriver] [  797] - Test case being Executed: 3
[INFO ][2015-11-10 18:13:48,286][com.java.SeleniumDriver] [  808] - Test step:2
[INFO ][2015-11-10 18:13:48,286][com.java.SeleniumDriver] [  820] - Datavalue is----------Concept#1:1-14
[INFO ][2015-11-10 18:13:48,286][com.java.SeleniumDriver] [  844] - DataField : test
[INFO ][2015-11-10 18:13:48,286][com.java.SeleniumDriver] [  846] - DataValue : Concept#1:1-14
[INFO ][2015-11-10 18:13:48,286][com.java.SeleniumDriver] [  852] - <In Set values of the page>
[INFO ][2015-11-10 18:13:48,286][com.java.SeleniumDriver] [  855] - {Data Fields & Data Values Exist}
[INFO ][2015-11-10 18:13:48,286][com.java.SeleniumDriver] [  857] - --------------------------setting values-----------------------------
[INFO ][2015-11-10 18:13:48,286][com.java.SeleniumDriver] [  860] - Action Type : ExecuteTestCase
[INFO ][2015-11-10 18:13:48,286][com.java.TestType] [  423] - The Concept sheet name is ---------- Concept
[INFO ][2015-11-10 18:13:48,286][com.java.TestType] [  426] - The Concept ID  is ---------- 1
[DEBUG][2015-11-10 18:13:48,286][com.java.TestType] [  430] - Steps being executted in the Concept are: 1:14
[INFO ][2015-11-10 18:13:48,286][com.java.TestType] [  437] - Test data details path ---------- D:\BankersDashboard\TestInputs\TestData.xls
[INFO ][2015-11-10 18:13:48,316][com.java.TestType] [  468] -  str(1) = 1
[INFO ][2015-11-10 18:13:48,316][com.java.TestType] [  471] - Test case Id is---1
[INFO ][2015-11-10 18:13:48,316][com.java.TestType] [  473] - 1
[INFO ][2015-11-10 18:13:48,316][com.java.TestType] [  468] -  str(2) = 1
[INFO ][2015-11-10 18:13:48,326][com.java.TestType] [  520] - row values are--------{1=com.java.Objects.TestDataDetails@b66f5d}
[INFO ][2015-11-10 18:13:48,326][com.java.TestType] [  468] -  str(1) = 1
[INFO ][2015-11-10 18:13:48,326][com.java.TestType] [  471] - Test case Id is---1
[INFO ][2015-11-10 18:13:48,326][com.java.TestType] [  473] - 1
[INFO ][2015-11-10 18:13:48,326][com.java.TestType] [  468] -  str(2) = 2
[INFO ][2015-11-10 18:13:48,326][com.java.TestType] [  520] - row values are--------{1=com.java.Objects.TestDataDetails@b66f5d, 2=com.java.Objects.TestDataDetails@ed7a89}
[INFO ][2015-11-10 18:13:48,326][com.java.TestType] [  468] -  str(1) = 1
[INFO ][2015-11-10 18:13:48,326][com.java.TestType] [  471] - Test case Id is---1
[INFO ][2015-11-10 18:13:48,326][com.java.TestType] [  473] - 1
[INFO ][2015-11-10 18:13:48,326][com.java.TestType] [  468] -  str(2) = 3
[INFO ][2015-11-10 18:13:48,326][com.java.TestType] [  520] - row values are--------{1=com.java.Objects.TestDataDetails@b66f5d, 2=com.java.Objects.TestDataDetails@ed7a89, 3=com.java.Objects.TestDataDetails@19fdae5}
[INFO ][2015-11-10 18:13:48,326][com.java.TestType] [  468] -  str(1) = 1
[INFO ][2015-11-10 18:13:48,326][com.java.TestType] [  471] - Test case Id is---1
[INFO ][2015-11-10 18:13:48,326][com.java.TestType] [  473] - 1
[INFO ][2015-11-10 18:13:48,326][com.java.TestType] [  468] -  str(2) = 4
[INFO ][2015-11-10 18:13:48,326][com.java.TestType] [  520] - row values are--------{1=com.java.Objects.TestDataDetails@b66f5d, 2=com.java.Objects.TestDataDetails@ed7a89, 3=com.java.Objects.TestDataDetails@19fdae5, 4=com.java.Objects.TestDataDetails@164253e}
[INFO ][2015-11-10 18:13:48,326][com.java.TestType] [  468] -  str(1) = 1
[INFO ][2015-11-10 18:13:48,326][com.java.TestType] [  471] - Test case Id is---1
[INFO ][2015-11-10 18:13:48,326][com.java.TestType] [  473] - 1
[INFO ][2015-11-10 18:13:48,326][com.java.TestType] [  468] -  str(2) = 5
[INFO ][2015-11-10 18:13:48,326][com.java.TestType] [  520] - row values are--------{1=com.java.Objects.TestDataDetails@b66f5d, 2=com.java.Objects.TestDataDetails@ed7a89, 3=com.java.Objects.TestDataDetails@19fdae5, 4=com.java.Objects.TestDataDetails@164253e, 5=com.java.Objects.TestDataDetails@188c3f4}
[INFO ][2015-11-10 18:13:48,326][com.java.TestType] [  468] -  str(1) = 1
[INFO ][2015-11-10 18:13:48,326][com.java.TestType] [  471] - Test case Id is---1
[INFO ][2015-11-10 18:13:48,326][com.java.TestType] [  473] - 1
[INFO ][2015-11-10 18:13:48,326][com.java.TestType] [  468] -  str(2) = 6
[INFO ][2015-11-10 18:13:48,326][com.java.TestType] [  520] - row values are--------{1=com.java.Objects.TestDataDetails@b66f5d, 2=com.java.Objects.TestDataDetails@ed7a89, 3=com.java.Objects.TestDataDetails@19fdae5, 4=com.java.Objects.TestDataDetails@164253e, 5=com.java.Objects.TestDataDetails@188c3f4, 6=com.java.Objects.TestDataDetails@1c84be9}
[INFO ][2015-11-10 18:13:48,326][com.java.TestType] [  468] -  str(1) = 1
[INFO ][2015-11-10 18:13:48,326][com.java.TestType] [  471] - Test case Id is---1
[INFO ][2015-11-10 18:13:48,326][com.java.TestType] [  473] - 1
[INFO ][2015-11-10 18:13:48,326][com.java.TestType] [  468] -  str(2) = 7
[INFO ][2015-11-10 18:13:48,326][com.java.TestType] [  520] - row values are--------{1=com.java.Objects.TestDataDetails@b66f5d, 2=com.java.Objects.TestDataDetails@ed7a89, 3=com.java.Objects.TestDataDetails@19fdae5, 4=com.java.Objects.TestDataDetails@164253e, 5=com.java.Objects.TestDataDetails@188c3f4, 6=com.java.Objects.TestDataDetails@1c84be9, 7=com.java.Objects.TestDataDetails@90606f}
[INFO ][2015-11-10 18:13:48,326][com.java.TestType] [  468] -  str(1) = 1
[INFO ][2015-11-10 18:13:48,326][com.java.TestType] [  471] - Test case Id is---1
[INFO ][2015-11-10 18:13:48,326][com.java.TestType] [  473] - 1
[INFO ][2015-11-10 18:13:48,326][com.java.TestType] [  468] -  str(2) = 8
[INFO ][2015-11-10 18:13:48,336][com.java.TestType] [  520] - row values are--------{1=com.java.Objects.TestDataDetails@b66f5d, 2=com.java.Objects.TestDataDetails@ed7a89, 3=com.java.Objects.TestDataDetails@19fdae5, 4=com.java.Objects.TestDataDetails@164253e, 5=com.java.Objects.TestDataDetails@188c3f4, 6=com.java.Objects.TestDataDetails@1c84be9, 7=com.java.Objects.TestDataDetails@90606f, 8=com.java.Objects.TestDataDetails@871dc5}
[INFO ][2015-11-10 18:13:48,336][com.java.TestType] [  468] -  str(1) = 1
[INFO ][2015-11-10 18:13:48,336][com.java.TestType] [  471] - Test case Id is---1
[INFO ][2015-11-10 18:13:48,336][com.java.TestType] [  473] - 1
[INFO ][2015-11-10 18:13:48,336][com.java.TestType] [  468] -  str(2) = 9
[INFO ][2015-11-10 18:13:48,336][com.java.TestType] [  520] - row values are--------{1=com.java.Objects.TestDataDetails@b66f5d, 2=com.java.Objects.TestDataDetails@ed7a89, 3=com.java.Objects.TestDataDetails@19fdae5, 4=com.java.Objects.TestDataDetails@164253e, 5=com.java.Objects.TestDataDetails@188c3f4, 6=com.java.Objects.TestDataDetails@1c84be9, 7=com.java.Objects.TestDataDetails@90606f, 8=com.java.Objects.TestDataDetails@871dc5, 9=com.java.Objects.TestDataDetails@108f565}
[INFO ][2015-11-10 18:13:48,336][com.java.TestType] [  468] -  str(1) = 1
[INFO ][2015-11-10 18:13:48,336][com.java.TestType] [  471] - Test case Id is---1
[INFO ][2015-11-10 18:13:48,336][com.java.TestType] [  473] - 1
[INFO ][2015-11-10 18:13:48,336][com.java.TestType] [  468] -  str(2) = 10
[INFO ][2015-11-10 18:13:48,336][com.java.TestType] [  520] - row values are--------{1=com.java.Objects.TestDataDetails@b66f5d, 2=com.java.Objects.TestDataDetails@ed7a89, 3=com.java.Objects.TestDataDetails@19fdae5, 4=com.java.Objects.TestDataDetails@164253e, 5=com.java.Objects.TestDataDetails@188c3f4, 6=com.java.Objects.TestDataDetails@1c84be9, 7=com.java.Objects.TestDataDetails@90606f, 8=com.java.Objects.TestDataDetails@871dc5, 9=com.java.Objects.TestDataDetails@108f565, 10=com.java.Objects.TestDataDetails@b4aa06}
[INFO ][2015-11-10 18:13:48,336][com.java.TestType] [  468] -  str(1) = 1
[INFO ][2015-11-10 18:13:48,336][com.java.TestType] [  471] - Test case Id is---1
[INFO ][2015-11-10 18:13:48,336][com.java.TestType] [  473] - 1
[INFO ][2015-11-10 18:13:48,336][com.java.TestType] [  468] -  str(2) = 11
[INFO ][2015-11-10 18:13:48,336][com.java.TestType] [  520] - row values are--------{1=com.java.Objects.TestDataDetails@b66f5d, 2=com.java.Objects.TestDataDetails@ed7a89, 3=com.java.Objects.TestDataDetails@19fdae5, 4=com.java.Objects.TestDataDetails@164253e, 5=com.java.Objects.TestDataDetails@188c3f4, 6=com.java.Objects.TestDataDetails@1c84be9, 7=com.java.Objects.TestDataDetails@90606f, 8=com.java.Objects.TestDataDetails@871dc5, 9=com.java.Objects.TestDataDetails@108f565, 10=com.java.Objects.TestDataDetails@b4aa06, 11=com.java.Objects.TestDataDetails@bc1199}
[INFO ][2015-11-10 18:13:48,336][com.java.TestType] [  468] -  str(1) = 1
[INFO ][2015-11-10 18:13:48,336][com.java.TestType] [  471] - Test case Id is---1
[INFO ][2015-11-10 18:13:48,336][com.java.TestType] [  473] - 1
[INFO ][2015-11-10 18:13:48,336][com.java.TestType] [  468] -  str(2) = 12
[INFO ][2015-11-10 18:13:48,336][com.java.TestType] [  520] - row values are--------{1=com.java.Objects.TestDataDetails@b66f5d, 2=com.java.Objects.TestDataDetails@ed7a89, 3=com.java.Objects.TestDataDetails@19fdae5, 4=com.java.Objects.TestDataDetails@164253e, 5=com.java.Objects.TestDataDetails@188c3f4, 6=com.java.Objects.TestDataDetails@1c84be9, 7=com.java.Objects.TestDataDetails@90606f, 8=com.java.Objects.TestDataDetails@871dc5, 9=com.java.Objects.TestDataDetails@108f565, 10=com.java.Objects.TestDataDetails@b4aa06, 11=com.java.Objects.TestDataDetails@bc1199, 12=com.java.Objects.TestDataDetails@a49a3}
[INFO ][2015-11-10 18:13:48,336][com.java.TestType] [  468] -  str(1) = 1
[INFO ][2015-11-10 18:13:48,336][com.java.TestType] [  471] - Test case Id is---1
[INFO ][2015-11-10 18:13:48,336][com.java.TestType] [  473] - 1
[INFO ][2015-11-10 18:13:48,336][com.java.TestType] [  468] -  str(2) = 13
[INFO ][2015-11-10 18:13:48,336][com.java.TestType] [  520] - row values are--------{1=com.java.Objects.TestDataDetails@b66f5d, 2=com.java.Objects.TestDataDetails@ed7a89, 3=com.java.Objects.TestDataDetails@19fdae5, 4=com.java.Objects.TestDataDetails@164253e, 5=com.java.Objects.TestDataDetails@188c3f4, 6=com.java.Objects.TestDataDetails@1c84be9, 7=com.java.Objects.TestDataDetails@90606f, 8=com.java.Objects.TestDataDetails@871dc5, 9=com.java.Objects.TestDataDetails@108f565, 10=com.java.Objects.TestDataDetails@b4aa06, 11=com.java.Objects.TestDataDetails@bc1199, 12=com.java.Objects.TestDataDetails@a49a3, 13=com.java.Objects.TestDataDetails@172ccd6}
[INFO ][2015-11-10 18:13:48,336][com.java.TestType] [  468] -  str(1) = 1
[INFO ][2015-11-10 18:13:48,336][com.java.TestType] [  471] - Test case Id is---1
[INFO ][2015-11-10 18:13:48,336][com.java.TestType] [  473] - 1
[INFO ][2015-11-10 18:13:48,336][com.java.TestType] [  468] -  str(2) = 14
[INFO ][2015-11-10 18:13:48,336][com.java.TestType] [  520] - row values are--------{1=com.java.Objects.TestDataDetails@b66f5d, 2=com.java.Objects.TestDataDetails@ed7a89, 3=com.java.Objects.TestDataDetails@19fdae5, 4=com.java.Objects.TestDataDetails@164253e, 5=com.java.Objects.TestDataDetails@188c3f4, 6=com.java.Objects.TestDataDetails@1c84be9, 7=com.java.Objects.TestDataDetails@90606f, 8=com.java.Objects.TestDataDetails@871dc5, 9=com.java.Objects.TestDataDetails@108f565, 10=com.java.Objects.TestDataDetails@b4aa06, 11=com.java.Objects.TestDataDetails@bc1199, 12=com.java.Objects.TestDataDetails@a49a3, 13=com.java.Objects.TestDataDetails@172ccd6, 14=com.java.Objects.TestDataDetails@1b9e0f5}
[INFO ][2015-11-10 18:13:48,336][com.java.TestType] [ 8348] - Looping 1TCID = 1
[DEBUG][2015-11-10 18:13:48,336][com.java.TestType] [ 8389] - Concept ID:1 :: Step being Executed: 1::1
[INFO ][2015-11-10 18:13:48,336][com.java.TestType] [ 8427] - dataFields : TXTusername
[DEBUG][2015-11-10 18:13:48,336][com.java.TestType] [ 8433] - <In Set values of the page>
[DEBUG][2015-11-10 18:13:48,336][com.java.TestType] [ 8438] - {Data Fields & Data Values Exist}
[INFO ][2015-11-10 18:13:48,336][com.java.TestType] [ 8444] - --------------------------setting values-----------------------------
[INFO ][2015-11-10 18:13:48,336][com.java.TestType] [ 8447] - Action Type : CLEARANDENTER
[INFO ][2015-11-10 18:13:48,336][com.java.TestType] [ 4140] - value = naresh.nayini.00000
[INFO ][2015-11-10 18:13:53,180][com.java.TestType] [ 8466] -  RESULT true
[INFO ][2015-11-10 18:13:53,180][com.java.TestType] [ 8583] - ?   P A S S   ?
[DEBUG][2015-11-10 18:13:53,180][com.java.TestType] [ 8389] - Concept ID:1 :: Step being Executed: 1::2
[INFO ][2015-11-10 18:13:53,180][com.java.TestType] [ 8427] - dataFields : TXTpassword
[DEBUG][2015-11-10 18:13:53,180][com.java.TestType] [ 8433] - <In Set values of the page>
[DEBUG][2015-11-10 18:13:53,180][com.java.TestType] [ 8438] - {Data Fields & Data Values Exist}
[INFO ][2015-11-10 18:13:53,180][com.java.TestType] [ 8444] - --------------------------setting values-----------------------------
[INFO ][2015-11-10 18:13:53,180][com.java.TestType] [ 8447] - Action Type : CLEARANDENTER
[INFO ][2015-11-10 18:13:53,180][com.java.TestType] [ 4140] - value = Password1*
[INFO ][2015-11-10 18:13:58,157][com.java.TestType] [ 8466] -  RESULT true
[INFO ][2015-11-10 18:13:58,157][com.java.TestType] [ 8583] - ?   P A S S   ?
[DEBUG][2015-11-10 18:13:58,157][com.java.TestType] [ 8389] - Concept ID:1 :: Step being Executed: 1::3
[ERROR][2015-11-10 18:13:58,157][com.java.TestType] [ 8422] - Exception: null
[INFO ][2015-11-10 18:13:58,157][com.java.TestType] [ 8427] - dataFields : XPH//button[@type='submit']
[DEBUG][2015-11-10 18:13:58,157][com.java.TestType] [ 8433] - <In Set values of the page>
[DEBUG][2015-11-10 18:13:58,157][com.java.TestType] [ 8438] - {Data Fields & Data Values Exist}
[INFO ][2015-11-10 18:13:58,157][com.java.TestType] [ 8444] - --------------------------setting values-----------------------------
[INFO ][2015-11-10 18:13:58,157][com.java.TestType] [ 8447] - Action Type : Click
[INFO ][2015-11-10 18:13:58,157][com.java.TestType] [ 4453] - Field ::XPH//button[@type='submit']
[INFO ][2015-11-10 18:13:59,157][com.java.TestType] [ 4512] - BEFORE CLICK
[INFO ][2015-11-10 18:14:07,440][com.java.TestType] [ 4520] - Unable to click the object Login
[INFO ][2015-11-10 18:14:07,440][com.java.TestType] [ 8466] -  RESULT true
[INFO ][2015-11-10 18:14:07,440][com.java.TestType] [ 8583] - ?   P A S S   ?
[DEBUG][2015-11-10 18:14:07,440][com.java.TestType] [ 8389] - Concept ID:1 :: Step being Executed: 1::4
[INFO ][2015-11-10 18:14:07,440][com.java.TestType] [ 8427] - dataFields : LNKLogout
[DEBUG][2015-11-10 18:14:07,440][com.java.TestType] [ 8433] - <In Set values of the page>
[DEBUG][2015-11-10 18:14:07,440][com.java.TestType] [ 8438] - {Data Fields & Data Values Exist}
[INFO ][2015-11-10 18:14:07,440][com.java.TestType] [ 8444] - --------------------------setting values-----------------------------
[INFO ][2015-11-10 18:14:07,440][com.java.TestType] [ 8447] - Action Type : WaitForElement
[INFO ][2015-11-10 18:14:07,471][com.java.TestType] [ 8466] -  RESULT true
[INFO ][2015-11-10 18:14:07,471][com.java.TestType] [ 8583] - ?   P A S S   ?
[DEBUG][2015-11-10 18:14:07,471][com.java.TestType] [ 8389] - Concept ID:1 :: Step being Executed: 1::13
[INFO ][2015-11-10 18:14:07,471][com.java.TestType] [ 8427] - dataFields : LNK
[DEBUG][2015-11-10 18:14:07,471][com.java.TestType] [ 8433] - <In Set values of the page>
[DEBUG][2015-11-10 18:14:07,471][com.java.TestType] [ 8438] - {Data Fields & Data Values Exist}
[INFO ][2015-11-10 18:14:07,471][com.java.TestType] [ 8444] - --------------------------setting values-----------------------------
[INFO ][2015-11-10 18:14:07,471][com.java.TestType] [ 8447] - Action Type : Verify
[INFO ][2015-11-10 18:14:07,471][com.java.TestType] [ 5247] - field= LNK value= Logout
[INFO ][2015-11-10 18:14:07,471][com.java.TestType] [ 4140] - value = Logout
[INFO ][2015-11-10 18:14:07,501][com.java.TestType] [ 8466] -  RESULT true
[INFO ][2015-11-10 18:14:07,501][com.java.TestType] [ 8583] - ?   P A S S   ?
[DEBUG][2015-11-10 18:14:07,501][com.java.TestType] [ 8389] - Concept ID:1 :: Step being Executed: 1::14
[INFO ][2015-11-10 18:14:07,501][com.java.TestType] [ 8427] - dataFields : BTN
[DEBUG][2015-11-10 18:14:07,501][com.java.TestType] [ 8433] - <In Set values of the page>
[DEBUG][2015-11-10 18:14:07,501][com.java.TestType] [ 8438] - {Data Fields & Data Values Exist}
[INFO ][2015-11-10 18:14:07,501][com.java.TestType] [ 8444] - --------------------------setting values-----------------------------
[INFO ][2015-11-10 18:14:07,501][com.java.TestType] [ 8447] - Action Type : Verify
[INFO ][2015-11-10 18:14:07,501][com.java.TestType] [ 5247] - field= BTN value= //img[contains(@src,'bdlogo.jpg')]
[INFO ][2015-11-10 18:14:07,501][com.java.TestType] [ 4140] - value = //img[contains(@src,'bdlogo.jpg')]
[INFO ][2015-11-10 18:14:07,531][com.java.TestType] [ 8466] -  RESULT true
[INFO ][2015-11-10 18:14:07,531][com.java.TestType] [ 8583] - ?   P A S S   ?
[INFO ][2015-11-10 18:14:07,531][com.java.TestType] [ 8654] - Looping End......
[INFO ][2015-11-10 18:14:07,531][com.java.SeleniumDriver] [  869] -  RESULT true
[INFO ][2015-11-10 18:14:07,531][com.java.SeleniumDriver] [ 1074] - ?   P A S S   ?
[INFO ][2015-11-10 18:14:07,531][com.java.SeleniumDriver] [  796] - ------------------------------------------
[INFO ][2015-11-10 18:14:07,531][com.java.SeleniumDriver] [  797] - Test case being Executed: 3
[INFO ][2015-11-10 18:14:07,531][com.java.SeleniumDriver] [  808] - Test step:3
[INFO ][2015-11-10 18:14:07,531][com.java.SeleniumDriver] [  820] - Datavalue is----------Concept#2:1-2
[INFO ][2015-11-10 18:14:07,531][com.java.SeleniumDriver] [  844] - DataField : test
[INFO ][2015-11-10 18:14:07,531][com.java.SeleniumDriver] [  846] - DataValue : Concept#2:1-2
[INFO ][2015-11-10 18:14:07,531][com.java.SeleniumDriver] [  852] - <In Set values of the page>
[INFO ][2015-11-10 18:14:07,531][com.java.SeleniumDriver] [  855] - {Data Fields & Data Values Exist}
[INFO ][2015-11-10 18:14:07,531][com.java.SeleniumDriver] [  857] - --------------------------setting values-----------------------------
[INFO ][2015-11-10 18:14:07,531][com.java.SeleniumDriver] [  860] - Action Type : ExecuteTestCase
[INFO ][2015-11-10 18:14:07,531][com.java.TestType] [  423] - The Concept sheet name is ---------- Concept
[INFO ][2015-11-10 18:14:07,531][com.java.TestType] [  426] - The Concept ID  is ---------- 2
[DEBUG][2015-11-10 18:14:07,531][com.java.TestType] [  430] - Steps being executted in the Concept are: 1:2
[INFO ][2015-11-10 18:14:07,531][com.java.TestType] [  437] - Test data details path ---------- D:\BankersDashboard\TestInputs\TestData.xls
[INFO ][2015-11-10 18:14:07,561][com.java.TestType] [  468] -  str(1) = 2
[INFO ][2015-11-10 18:14:07,561][com.java.TestType] [  471] - Test case Id is---2
[INFO ][2015-11-10 18:14:07,561][com.java.TestType] [  473] - 2
[INFO ][2015-11-10 18:14:07,561][com.java.TestType] [  468] -  str(2) = 1
[INFO ][2015-11-10 18:14:07,561][com.java.TestType] [  520] - row values are--------{1=com.java.Objects.TestDataDetails@1b6e35}
[INFO ][2015-11-10 18:14:07,561][com.java.TestType] [  468] -  str(1) = 2
[INFO ][2015-11-10 18:14:07,561][com.java.TestType] [  471] - Test case Id is---2
[INFO ][2015-11-10 18:14:07,561][com.java.TestType] [  473] - 2
[INFO ][2015-11-10 18:14:07,561][com.java.TestType] [  468] -  str(2) = 2
[INFO ][2015-11-10 18:14:07,561][com.java.TestType] [  520] - row values are--------{1=com.java.Objects.TestDataDetails@1b6e35, 2=com.java.Objects.TestDataDetails@1ee05dc}
[INFO ][2015-11-10 18:14:07,561][com.java.TestType] [  468] -  str(1) = 2
[INFO ][2015-11-10 18:14:07,561][com.java.TestType] [  471] - Test case Id is---2
[INFO ][2015-11-10 18:14:07,561][com.java.TestType] [  473] - 2
[INFO ][2015-11-10 18:14:07,561][com.java.TestType] [  468] -  str(2) = 3
[INFO ][2015-11-10 18:14:07,561][com.java.TestType] [  520] - row values are--------{1=com.java.Objects.TestDataDetails@1b6e35, 2=com.java.Objects.TestDataDetails@1ee05dc, 3=com.java.Objects.TestDataDetails@14d99bb}
[INFO ][2015-11-10 18:14:07,571][com.java.TestType] [ 8348] - Looping 1TCID = 2
[DEBUG][2015-11-10 18:14:07,571][com.java.TestType] [ 8389] - Concept ID:2 :: Step being Executed: 2::1
[INFO ][2015-11-10 18:14:07,571][com.java.TestType] [ 8427] - dataFields : BNK//select[@id='bank']
[DEBUG][2015-11-10 18:14:07,571][com.java.TestType] [ 8433] - <In Set values of the page>
[DEBUG][2015-11-10 18:14:07,571][com.java.TestType] [ 8438] - {Data Fields & Data Values Exist}
[INFO ][2015-11-10 18:14:07,571][com.java.TestType] [ 8444] - --------------------------setting values-----------------------------
[INFO ][2015-11-10 18:14:07,571][com.java.TestType] [ 8447] - Action Type : Select
[INFO ][2015-11-10 18:14:07,571][com.java.TestType] [ 4140] - value = PFC
[INFO ][2015-11-10 18:14:07,751][com.java.TestType] [ 8466] -  RESULT true
[INFO ][2015-11-10 18:14:07,751][com.java.TestType] [ 8583] - ?   P A S S   ?
[DEBUG][2015-11-10 18:14:07,751][com.java.TestType] [ 8389] - Concept ID:2 :: Step being Executed: 2::2
[INFO ][2015-11-10 18:14:07,751][com.java.TestType] [ 8427] - dataFields : LNKLogout
[DEBUG][2015-11-10 18:14:07,751][com.java.TestType] [ 8433] - <In Set values of the page>
[DEBUG][2015-11-10 18:14:07,751][com.java.TestType] [ 8438] - {Data Fields & Data Values Exist}
[INFO ][2015-11-10 18:14:07,751][com.java.TestType] [ 8444] - --------------------------setting values-----------------------------
[INFO ][2015-11-10 18:14:07,751][com.java.TestType] [ 8447] - Action Type : WaitTime
[DEBUG][2015-11-10 18:14:07,751][com.java.TestType] [ 3975] - sleepTime: 5000
[INFO ][2015-11-10 18:14:12,758][com.java.TestType] [ 8466] -  RESULT true
[INFO ][2015-11-10 18:14:12,758][com.java.TestType] [ 8583] - ?   P A S S   ?
[INFO ][2015-11-10 18:14:12,758][com.java.TestType] [ 8654] - Looping End......
[INFO ][2015-11-10 18:14:12,758][com.java.SeleniumDriver] [  869] -  RESULT true
[INFO ][2015-11-10 18:14:12,758][com.java.SeleniumDriver] [ 1074] - ?   P A S S   ?
[INFO ][2015-11-10 18:14:12,758][com.java.SeleniumDriver] [  796] - ------------------------------------------
[INFO ][2015-11-10 18:14:12,758][com.java.SeleniumDriver] [  797] - Test case being Executed: 3
[INFO ][2015-11-10 18:14:12,758][com.java.SeleniumDriver] [  808] - Test step:4
[INFO ][2015-11-10 18:14:12,758][com.java.SeleniumDriver] [  820] - Datavalue is----------2
[INFO ][2015-11-10 18:14:12,758][com.java.SeleniumDriver] [  844] - DataField : BTNG/L
[INFO ][2015-11-10 18:14:12,758][com.java.SeleniumDriver] [  846] - DataValue : 2
[INFO ][2015-11-10 18:14:12,758][com.java.SeleniumDriver] [  852] - <In Set values of the page>
[INFO ][2015-11-10 18:14:12,758][com.java.SeleniumDriver] [  855] - {Data Fields & Data Values Exist}
[INFO ][2015-11-10 18:14:12,758][com.java.SeleniumDriver] [  857] - --------------------------setting values-----------------------------
[INFO ][2015-11-10 18:14:12,758][com.java.SeleniumDriver] [  860] - Action Type : WAITFORELEMENT
[INFO ][2015-11-10 18:14:12,809][com.java.SeleniumDriver] [  869] -  RESULT true
[INFO ][2015-11-10 18:14:12,809][com.java.SeleniumDriver] [ 1074] - ?   P A S S   ?
[INFO ][2015-11-10 18:14:12,809][com.java.SeleniumDriver] [  796] - ------------------------------------------
[INFO ][2015-11-10 18:14:12,809][com.java.SeleniumDriver] [  797] - Test case being Executed: 3
[INFO ][2015-11-10 18:14:12,809][com.java.SeleniumDriver] [  808] - Test step:5
[INFO ][2015-11-10 18:14:12,809][com.java.SeleniumDriver] [  820] - Datavalue is----------null
[DEBUG][2015-11-10 18:14:12,809][com.java.SeleniumDriver] [  838] - Exception: null
[INFO ][2015-11-10 18:14:12,809][com.java.SeleniumDriver] [  844] - DataField : //span[@class="icon-coin"]&&//a[text()='Summaries']&&//a[@data-id="ExecutiveSummary"]
[INFO ][2015-11-10 18:14:12,809][com.java.SeleniumDriver] [  846] - DataValue : 
[INFO ][2015-11-10 18:14:12,809][com.java.SeleniumDriver] [  852] - <In Set values of the page>
[INFO ][2015-11-10 18:14:12,809][com.java.SeleniumDriver] [  855] - {Data Fields & Data Values Exist}
[INFO ][2015-11-10 18:14:12,809][com.java.SeleniumDriver] [  857] - --------------------------setting values-----------------------------
[INFO ][2015-11-10 18:14:12,809][com.java.SeleniumDriver] [  860] - Action Type : MOUSEOVER
[INFO ][2015-11-10 18:14:47,718][com.java.SeleniumDriver] [  869] -  RESULT true
[INFO ][2015-11-10 18:14:47,718][com.java.SeleniumDriver] [ 1074] - ?   P A S S   ?
[INFO ][2015-11-10 18:14:47,718][com.java.SeleniumDriver] [  796] - ------------------------------------------
[INFO ][2015-11-10 18:14:47,718][com.java.SeleniumDriver] [  797] - Test case being Executed: 3
[INFO ][2015-11-10 18:14:47,718][com.java.SeleniumDriver] [  808] - Test step:6
[INFO ][2015-11-10 18:14:47,718][com.java.SeleniumDriver] [  820] - Datavalue is----------3
[INFO ][2015-11-10 18:14:47,718][com.java.SeleniumDriver] [  844] - DataField : XPH//span[contains(text(),'Show Report')]
[INFO ][2015-11-10 18:14:47,718][com.java.SeleniumDriver] [  846] - DataValue : 3
[INFO ][2015-11-10 18:14:47,718][com.java.SeleniumDriver] [  852] - <In Set values of the page>
[INFO ][2015-11-10 18:14:47,718][com.java.SeleniumDriver] [  855] - {Data Fields & Data Values Exist}
[INFO ][2015-11-10 18:14:47,718][com.java.SeleniumDriver] [  857] - --------------------------setting values-----------------------------
[INFO ][2015-11-10 18:14:47,718][com.java.SeleniumDriver] [  860] - Action Type : WAITFORELEMENT
[INFO ][2015-11-10 18:14:47,749][com.java.SeleniumDriver] [  869] -  RESULT true
[INFO ][2015-11-10 18:14:47,749][com.java.SeleniumDriver] [ 1074] - ?   P A S S   ?
[INFO ][2015-11-10 18:14:47,749][com.java.SeleniumDriver] [  796] - ------------------------------------------
[INFO ][2015-11-10 18:14:47,749][com.java.SeleniumDriver] [  797] - Test case being Executed: 3
[INFO ][2015-11-10 18:14:47,749][com.java.SeleniumDriver] [  808] - Test step:7
[INFO ][2015-11-10 18:14:47,749][com.java.SeleniumDriver] [  820] - Datavalue is----------3
[INFO ][2015-11-10 18:14:47,749][com.java.SeleniumDriver] [  844] - DataField : BTNframeDialogContent
[INFO ][2015-11-10 18:14:47,749][com.java.SeleniumDriver] [  846] - DataValue : 3
[INFO ][2015-11-10 18:14:47,749][com.java.SeleniumDriver] [  852] - <In Set values of the page>
[INFO ][2015-11-10 18:14:47,749][com.java.SeleniumDriver] [  855] - {Data Fields & Data Values Exist}
[INFO ][2015-11-10 18:14:47,749][com.java.SeleniumDriver] [  857] - --------------------------setting values-----------------------------
[INFO ][2015-11-10 18:14:47,749][com.java.SeleniumDriver] [  860] - Action Type : WAITFORELEMENT
[INFO ][2015-11-10 18:14:48,950][com.java.SeleniumDriver] [  869] -  RESULT true
[INFO ][2015-11-10 18:14:48,950][com.java.SeleniumDriver] [ 1074] - ?   P A S S   ?
[INFO ][2015-11-10 18:14:48,950][com.java.SeleniumDriver] [  796] - ------------------------------------------
[INFO ][2015-11-10 18:14:48,950][com.java.SeleniumDriver] [  797] - Test case being Executed: 3
[INFO ][2015-11-10 18:14:48,950][com.java.SeleniumDriver] [  808] - Test step:8
[INFO ][2015-11-10 18:14:48,950][com.java.SeleniumDriver] [  820] - Datavalue is----------Executive Summary
[INFO ][2015-11-10 18:14:48,950][com.java.SeleniumDriver] [  844] - DataField : XPH//span[@class="ui-dialog-title"]
[INFO ][2015-11-10 18:14:48,950][com.java.SeleniumDriver] [  846] - DataValue : Executive Summary
[INFO ][2015-11-10 18:14:48,950][com.java.SeleniumDriver] [  852] - <In Set values of the page>
[INFO ][2015-11-10 18:14:48,950][com.java.SeleniumDriver] [  855] - {Data Fields & Data Values Exist}
[INFO ][2015-11-10 18:14:48,950][com.java.SeleniumDriver] [  857] - --------------------------setting values-----------------------------
[INFO ][2015-11-10 18:14:48,950][com.java.SeleniumDriver] [  860] - Action Type : VERIFY
[INFO ][2015-11-10 18:14:48,950][com.java.TestType] [ 5247] - field= XPH//span[@class="ui-dialog-title"] value= Executive Summary
[INFO ][2015-11-10 18:14:48,950][com.java.TestType] [ 4140] - value = Executive Summary
[ERROR][2015-11-10 18:14:49,081][com.java.TestType] [ 5550] - Element  not found :Executive Summary
[INFO ][2015-11-10 18:14:49,081][com.java.SeleniumDriver] [  869] -  RESULT false
[INFO ][2015-11-10 18:14:49,081][com.java.SeleniumDriver] [  916] - ?   F A I L   ?
[INFO ][2015-11-10 18:14:49,081][com.java.SeleniumDriver] [  924] - Browser Type : IE11
[INFO ][2015-11-10 18:14:49,081][com.java.SeleniumDriver] [  925] - Adding Failed case3
[INFO ][2015-11-10 18:14:49,241][com.java.SeleniumDriver] [ 1038] - failedCases = 3
[ERROR][2015-11-10 18:14:49,241][com.java.SeleniumDriver] [ 1525] - Platform Errors : Our apologies...::We have encountered an issue with your request.::Our apologies?:We encountered an issue with your request.
[INFO ][2015-11-10 18:14:49,241][com.java.SeleniumDriver] [ 1529] - Length =3
[ERROR][2015-11-10 18:14:49,241][com.java.SeleniumDriver] [ 1532] - Error 0 = Our apologies...
[ERROR][2015-11-10 18:14:49,321][com.java.SeleniumDriver] [ 1532] - Error 1 = We have encountered an issue with your request.
[ERROR][2015-11-10 18:14:49,361][com.java.SeleniumDriver] [ 1532] - Error 2 = Our apologies?:We encountered an issue with your request.
[DEBUG][2015-11-10 18:14:49,411][com.java.SeleniumDriver] [ 1176] - Case found
[DEBUG][2015-11-10 18:14:49,411][com.java.SeleniumDriver] [ 1181] - Incrementing ReportCounters[0]:1
[INFO ][2015-11-10 18:14:49,411][com.java.SeleniumDriver] [ 1200] - The results are-------------------[3, 8, GL: Summary: Executive Summary, Fail, 
Test case failed at Step No. :: 8   Error Message ::  Element not found:Executive Summary. Screen Shot : D:\BankersDashboard\TestReports\111015\3_111015_181449_IE11.png, Tue Nov 10 18:14:49 IST 2015]
[INFO ][2015-11-10 18:14:49,411][com.java.SeleniumDriver] [ 1204] - End time is-------1 min 32 sec
[INFO ][2015-11-10 18:14:49,411][com.java.SeleniumDriver] [ 1205] - The results are-------------------[3, 8, GL: Summary: Executive Summary, Fail, 
Test case failed at Step No. :: 8   Error Message ::  Element not found:Executive Summary. Screen Shot : D:\BankersDashboard\TestReports\111015\3_111015_181449_IE11.png, Tue Nov 10 18:14:49 IST 2015]
[DEBUG][2015-11-10 18:14:49,411][com.java.ImportnExport.ExportTestResultsExcel] [  222] - testResultPath = D:\BankersDashboard/TestReports/Test Results_BankersDashBoard_111015_181319_IE11_Any Bank USA.xls
[DEBUG][2015-11-10 18:14:49,411][com.java.ImportnExport.ExportTestResultsExcel] [  223] - browser is------------IE11
[DEBUG][2015-11-10 18:14:49,451][com.java.ImportnExport.ExportTestResultsExcel] [  270] - result.size() = 6
[DEBUG][2015-11-10 18:14:49,451][com.java.ImportnExport.ExportTestResultsExcel] [  274] - No of rows in sheet=1
[DEBUG][2015-11-10 18:14:49,451][com.java.ImportnExport.ExportTestResultsExcel] [  301] - ..in export..3
[DEBUG][2015-11-10 18:14:49,451][com.java.ImportnExport.ExportTestResultsExcel] [  301] - ..in export..GL: Summary: Executive Summary
[DEBUG][2015-11-10 18:14:49,451][com.java.ImportnExport.ExportTestResultsExcel] [  301] - ..in export..Fail
[DEBUG][2015-11-10 18:14:49,451][com.java.ImportnExport.ExportTestResultsExcel] [  301] - ..in export..
Test case failed at Step No. :: 8   Error Message ::  Element not found:Executive Summary. Screen Shot : D:\BankersDashboard\TestReports\111015\3_111015_181449_IE11.png
[DEBUG][2015-11-10 18:14:49,451][com.java.ImportnExport.ExportTestResultsExcel] [  301] - ..in export..Tue Nov 10 18:14:49 IST 2015
[INFO ][2015-11-10 18:14:49,451][com.java.SeleniumDriver] [ 1263] - out loop:0 size:1 TestCases:[3] testcases:[3]
[INFO ][2015-11-10 18:14:51,451][com.java.SeleniumDriver] [ 1306] - Total Number of Cases:1
[INFO ][2015-11-10 18:14:51,451][com.java.TemplateGenerator] [  302] - Executed:1
[INFO ][2015-11-10 18:14:51,451][com.java.TemplateGenerator] [  303] - Passed:0
[INFO ][2015-11-10 18:14:51,451][com.java.TemplateGenerator] [  304] - Failed:1
[INFO ][2015-11-10 18:14:51,451][com.java.TemplateGenerator] [  305] - Skipeed:0
[INFO ][2015-11-10 18:14:51,451][com.java.TemplateGenerator] [  306] - Application URL:https://clients-xuat.bankersdashboard.com
[INFO ][2015-11-10 18:14:51,451][com.java.TemplateGenerator] [  307] - Start Time:111015_181319
[INFO ][2015-11-10 18:14:51,451][com.java.TemplateGenerator] [  308] -  Creating HTML Report 
[ERROR][2015-11-10 18:14:51,451][com.java.TemplateGenerator] [  409] - Unparseable date: "Tue Nov 10 06:13:19 IST 2015"
[INFO ][2015-11-10 18:14:51,451][com.java.TemplateGenerator] [  654] -  Exporting case :: 3
[INFO ][2015-11-10 18:14:51,451][com.java.SeleniumDriver] [ 1355] - End Time:111015_181451
[INFO ][2015-11-10 18:14:51,451][com.java.SeleniumDriver] [ 1358] - Data in Test Execution Details:{3=FAILTest case failed at Step No. :: 8   Error Message ::  Element not found:Executive Summary}
[INFO ][2015-11-10 18:14:51,451][com.java.SeleniumDriver] [ 1359] - Data in Failed Execution Deatils:{}
[INFO ][2015-11-10 18:14:51,451][com.java.SeleniumDriver] [ 1361] - ReportCounter:Total:1 :: PASS: 0 ::FAIL: 1
[INFO ][2015-11-10 18:14:51,451][com.java.SeleniumDriver] [ 1362] - FailedReportCounter:Total:0 :: PASS: 0 ::FAIL: 0
[INFO ][2015-11-10 18:14:51,452][com.java.EmailTestReport] [   63] - Sending report mail details:
[INFO ][2015-11-10 18:14:51,452][com.java.EmailTestReport] [   80] - Excel Report Path:D:\BankersDashboard/TestReports/Test Results_BankersDashBoard_111015_181319_IE11_Any Bank USA.xls
[INFO ][2015-11-10 18:14:51,452][com.java.EmailTestReport] [   81] - HTML Report Path:D:\BankersDashboard//TestReports//Test Results_BankersDashBoard_111015_181319_IE11_Any Bank USA.html
[INFO ][2015-11-10 18:14:51,452][com.java.EmailTestReport] [   82] - smtpHostName:mail01.valuelabs.com
[INFO ][2015-11-10 18:14:51,452][com.java.EmailTestReport] [   83] - Recipient:venkateswararao.gubbala@valuelabs.com
[INFO ][2015-11-10 18:14:51,452][com.java.EmailTestReport] [   84] - From:venkateswararao.gubbala@valuelabs.com
[INFO ][2015-11-10 18:14:51,452][com.java.EmailTestReport] [   85] - Subject:Deluxe Corp Bankers Dashboard Automation Test Report - Any Bank USA - IE11
[INFO ][2015-11-10 18:14:51,472][com.java.EmailTestReport] [  143] -  Added venkateswararao.gubbala@valuelabs.com
[INFO ][2015-11-10 18:14:54,872][com.java.SeleniumDriver] [  719] - quitting the browser 
[INFO ][2015-11-10 18:14:56,052][com.java.SeleniumDriver] [  263] - Execution Completed Stopping the thread
