[INFO ][2015-12-07 18:44:18,170][com.java.SeleniumDriver] [  213] - Execute Failed Casesfalse
[INFO ][2015-12-07 18:44:18,170][com.java.SeleniumDriver] [  214] - Browser: IE10
[INFO ][2015-12-07 18:44:18,170][com.java.SeleniumDriver] [  215] - [1, 6]
[INFO ][2015-12-07 18:44:18,170][com.java.SeleniumDriver] [  216] - Total TestCases:2
[INFO ][2015-12-07 18:44:18,170][com.java.SeleniumDriver] [  217] -  Reading Properties from Property File 
[DEBUG][2015-12-07 18:44:18,170][com.java.SeleniumDriver] [  238] - url : https://clients-xuat.bankersdashboard.com
[INFO ][2015-12-07 18:44:18,170][com.java.ImportnExport.ExportTestResultsExcel] [  116] - Time Stamp Mon Dec 07 06:44:18 IST 2015
[INFO ][2015-12-07 18:44:18,170][com.java.ImportnExport.ExportTestResultsExcel] [  175] - OUT FILE : D:\BankersDashboard/TestReports/Test Results_BankersDashBoard_120715_184418_IE10_Any Bank USA.xls
[INFO ][2015-12-07 18:44:18,191][com.java.ImportnExport.ExportTestResultsExcel] [  180] - Test Result file is created
[DEBUG][2015-12-07 18:44:18,301][com.java.SeleniumDriver] [  426] - Hub ip address is-------172.17.68.34
[INFO ][2015-12-07 18:44:18,301][com.java.SeleniumDriver] [  452] - Grid URL:http://172.17.68.34:4444/wd/hub
[INFO ][2015-12-07 18:44:18,301][com.java.SeleniumDriver] [  453] - Capability:Capabilities [{platform=ANY, ensureCleanSession=true, ignoreProtectedModeSettings=true, acceptSslCerts=true, ignoreZoomSetting=true, browserName=internet explorer, browserstack.ie.noFlash=true, version=null}]
[ERROR][2015-12-07 18:44:19,591][com.java.SeleniumDriver] [  497] - Unable invoke browser in grid:Could not start a new session. Possible causes are invalid address of the remote server or browser start-up failure.
Build info: version: '2.48.2', revision: '41bccdd', time: '2015-10-09 19:59:12'
System info: host: 'FVTIII438F1D', ip: '172.17.68.34', os.name: 'Windows 7', os.arch: 'x86', os.version: '6.1', java.version: '1.7.0_55'
Driver info: driver.version: SeleniumDriver
[INFO ][2015-12-07 18:44:19,591][com.java.SeleniumDriver] [  499] - Executing on local machine
[INFO ][2015-12-07 18:44:29,020][com.java.SeleniumDriver] [  248] - IE10is opened
[INFO ][2015-12-07 18:44:29,848][com.java.SeleniumDriver] [  754] - Test cases to be executed are: [1, 6]
[INFO ][2015-12-07 18:44:29,869][com.java.ImportnExport.ImportTestDataDetailsExcel] [   49] - test data details path===== D:\BankersDashboard\TestInputs\TestData.xls
[INFO ][2015-12-07 18:44:29,939][com.java.SeleniumDriver] [  820] - ------------------------------------------
[INFO ][2015-12-07 18:44:29,939][com.java.SeleniumDriver] [  821] - Test case being Executed: 1
[INFO ][2015-12-07 18:44:29,939][com.java.SeleniumDriver] [  832] - Test step:1
[INFO ][2015-12-07 18:44:29,939][com.java.SeleniumDriver] [  844] - Datavalue is----------Concept#1:1-16
[INFO ][2015-12-07 18:44:29,939][com.java.SeleniumDriver] [  868] - DataField : test
[INFO ][2015-12-07 18:44:29,939][com.java.SeleniumDriver] [  870] - DataValue : Concept#1:1-16
[INFO ][2015-12-07 18:44:29,939][com.java.SeleniumDriver] [  876] - <In Set values of the page>
[INFO ][2015-12-07 18:44:29,939][com.java.SeleniumDriver] [  879] - {Data Fields & Data Values Exist}
[INFO ][2015-12-07 18:44:29,939][com.java.SeleniumDriver] [  881] - --------------------------setting values-----------------------------
[INFO ][2015-12-07 18:44:29,939][com.java.SeleniumDriver] [  884] - Action Type : ExecuteTestCase
[INFO ][2015-12-07 18:44:29,959][com.java.TestType] [  436] - The Concept sheet name is ---------- Concept
[INFO ][2015-12-07 18:44:29,959][com.java.TestType] [  439] - The Concept ID  is ---------- 1
[DEBUG][2015-12-07 18:44:29,959][com.java.TestType] [  443] - Steps being executted in the Concept are: 1:16
[INFO ][2015-12-07 18:44:29,959][com.java.TestType] [  450] - Test data details path ---------- D:\BankersDashboard\TestInputs\TestData.xls
[INFO ][2015-12-07 18:44:29,999][com.java.TestType] [  481] -  str(1) = 1
[INFO ][2015-12-07 18:44:29,999][com.java.TestType] [  484] - Test case Id is---1
[INFO ][2015-12-07 18:44:29,999][com.java.TestType] [  486] - 1
[INFO ][2015-12-07 18:44:29,999][com.java.TestType] [  481] -  str(2) = 1
[INFO ][2015-12-07 18:44:29,999][com.java.TestType] [  533] - row values are--------{1=com.java.Objects.TestDataDetails@1d385f4}
[INFO ][2015-12-07 18:44:29,999][com.java.TestType] [  481] -  str(1) = 1
[INFO ][2015-12-07 18:44:29,999][com.java.TestType] [  484] - Test case Id is---1
[INFO ][2015-12-07 18:44:29,999][com.java.TestType] [  486] - 1
[INFO ][2015-12-07 18:44:29,999][com.java.TestType] [  481] -  str(2) = 2
[INFO ][2015-12-07 18:44:29,999][com.java.TestType] [  533] - row values are--------{1=com.java.Objects.TestDataDetails@1d385f4, 2=com.java.Objects.TestDataDetails@84fa48}
[INFO ][2015-12-07 18:44:29,999][com.java.TestType] [  481] -  str(1) = 1
[INFO ][2015-12-07 18:44:29,999][com.java.TestType] [  484] - Test case Id is---1
[INFO ][2015-12-07 18:44:29,999][com.java.TestType] [  486] - 1
[INFO ][2015-12-07 18:44:29,999][com.java.TestType] [  481] -  str(2) = 3
[INFO ][2015-12-07 18:44:30,009][com.java.TestType] [  533] - row values are--------{1=com.java.Objects.TestDataDetails@1d385f4, 2=com.java.Objects.TestDataDetails@84fa48, 3=com.java.Objects.TestDataDetails@4735a0}
[INFO ][2015-12-07 18:44:30,009][com.java.TestType] [  481] -  str(1) = 1
[INFO ][2015-12-07 18:44:30,009][com.java.TestType] [  484] - Test case Id is---1
[INFO ][2015-12-07 18:44:30,009][com.java.TestType] [  486] - 1
[INFO ][2015-12-07 18:44:30,009][com.java.TestType] [  481] -  str(2) = 4
[INFO ][2015-12-07 18:44:30,009][com.java.TestType] [  533] - row values are--------{1=com.java.Objects.TestDataDetails@1d385f4, 2=com.java.Objects.TestDataDetails@84fa48, 3=com.java.Objects.TestDataDetails@4735a0, 4=com.java.Objects.TestDataDetails@dc2a37}
[INFO ][2015-12-07 18:44:30,009][com.java.TestType] [  481] -  str(1) = 1
[INFO ][2015-12-07 18:44:30,009][com.java.TestType] [  484] - Test case Id is---1
[INFO ][2015-12-07 18:44:30,009][com.java.TestType] [  486] - 1
[INFO ][2015-12-07 18:44:30,009][com.java.TestType] [  481] -  str(2) = 5
[INFO ][2015-12-07 18:44:30,009][com.java.TestType] [  533] - row values are--------{1=com.java.Objects.TestDataDetails@1d385f4, 2=com.java.Objects.TestDataDetails@84fa48, 3=com.java.Objects.TestDataDetails@4735a0, 4=com.java.Objects.TestDataDetails@dc2a37, 5=com.java.Objects.TestDataDetails@1867b3a}
[INFO ][2015-12-07 18:44:30,009][com.java.TestType] [  481] -  str(1) = 1
[INFO ][2015-12-07 18:44:30,009][com.java.TestType] [  484] - Test case Id is---1
[INFO ][2015-12-07 18:44:30,009][com.java.TestType] [  486] - 1
[INFO ][2015-12-07 18:44:30,009][com.java.TestType] [  481] -  str(2) = 6
[INFO ][2015-12-07 18:44:30,009][com.java.TestType] [  533] - row values are--------{1=com.java.Objects.TestDataDetails@1d385f4, 2=com.java.Objects.TestDataDetails@84fa48, 3=com.java.Objects.TestDataDetails@4735a0, 4=com.java.Objects.TestDataDetails@dc2a37, 5=com.java.Objects.TestDataDetails@1867b3a, 6=com.java.Objects.TestDataDetails@f5df97}
[INFO ][2015-12-07 18:44:30,009][com.java.TestType] [  481] -  str(1) = 1
[INFO ][2015-12-07 18:44:30,009][com.java.TestType] [  484] - Test case Id is---1
[INFO ][2015-12-07 18:44:30,009][com.java.TestType] [  486] - 1
[INFO ][2015-12-07 18:44:30,009][com.java.TestType] [  481] -  str(2) = 7
[INFO ][2015-12-07 18:44:30,009][com.java.TestType] [  533] - row values are--------{1=com.java.Objects.TestDataDetails@1d385f4, 2=com.java.Objects.TestDataDetails@84fa48, 3=com.java.Objects.TestDataDetails@4735a0, 4=com.java.Objects.TestDataDetails@dc2a37, 5=com.java.Objects.TestDataDetails@1867b3a, 6=com.java.Objects.TestDataDetails@f5df97, 7=com.java.Objects.TestDataDetails@120be46}
[INFO ][2015-12-07 18:44:30,009][com.java.TestType] [  481] -  str(1) = 1
[INFO ][2015-12-07 18:44:30,009][com.java.TestType] [  484] - Test case Id is---1
[INFO ][2015-12-07 18:44:30,009][com.java.TestType] [  486] - 1
[INFO ][2015-12-07 18:44:30,009][com.java.TestType] [  481] -  str(2) = 8
[INFO ][2015-12-07 18:44:30,009][com.java.TestType] [  533] - row values are--------{1=com.java.Objects.TestDataDetails@1d385f4, 2=com.java.Objects.TestDataDetails@84fa48, 3=com.java.Objects.TestDataDetails@4735a0, 4=com.java.Objects.TestDataDetails@dc2a37, 5=com.java.Objects.TestDataDetails@1867b3a, 6=com.java.Objects.TestDataDetails@f5df97, 7=com.java.Objects.TestDataDetails@120be46, 8=com.java.Objects.TestDataDetails@100571e}
[INFO ][2015-12-07 18:44:30,009][com.java.TestType] [  481] -  str(1) = 1
[INFO ][2015-12-07 18:44:30,009][com.java.TestType] [  484] - Test case Id is---1
[INFO ][2015-12-07 18:44:30,009][com.java.TestType] [  486] - 1
[INFO ][2015-12-07 18:44:30,009][com.java.TestType] [  481] -  str(2) = 9
[INFO ][2015-12-07 18:44:30,009][com.java.TestType] [  533] - row values are--------{1=com.java.Objects.TestDataDetails@1d385f4, 2=com.java.Objects.TestDataDetails@84fa48, 3=com.java.Objects.TestDataDetails@4735a0, 4=com.java.Objects.TestDataDetails@dc2a37, 5=com.java.Objects.TestDataDetails@1867b3a, 6=com.java.Objects.TestDataDetails@f5df97, 7=com.java.Objects.TestDataDetails@120be46, 8=com.java.Objects.TestDataDetails@100571e, 9=com.java.Objects.TestDataDetails@1451725}
[INFO ][2015-12-07 18:44:30,009][com.java.TestType] [  481] -  str(1) = 1
[INFO ][2015-12-07 18:44:30,009][com.java.TestType] [  484] - Test case Id is---1
[INFO ][2015-12-07 18:44:30,019][com.java.TestType] [  486] - 1
[INFO ][2015-12-07 18:44:30,019][com.java.TestType] [  481] -  str(2) = 10
[INFO ][2015-12-07 18:44:30,019][com.java.TestType] [  533] - row values are--------{1=com.java.Objects.TestDataDetails@1d385f4, 2=com.java.Objects.TestDataDetails@84fa48, 3=com.java.Objects.TestDataDetails@4735a0, 4=com.java.Objects.TestDataDetails@dc2a37, 5=com.java.Objects.TestDataDetails@1867b3a, 6=com.java.Objects.TestDataDetails@f5df97, 7=com.java.Objects.TestDataDetails@120be46, 8=com.java.Objects.TestDataDetails@100571e, 9=com.java.Objects.TestDataDetails@1451725, 10=com.java.Objects.TestDataDetails@8629d1}
[INFO ][2015-12-07 18:44:30,019][com.java.TestType] [  481] -  str(1) = 1
[INFO ][2015-12-07 18:44:30,019][com.java.TestType] [  484] - Test case Id is---1
[INFO ][2015-12-07 18:44:30,019][com.java.TestType] [  486] - 1
[INFO ][2015-12-07 18:44:30,019][com.java.TestType] [  481] -  str(2) = 11
[INFO ][2015-12-07 18:44:30,019][com.java.TestType] [  533] - row values are--------{1=com.java.Objects.TestDataDetails@1d385f4, 2=com.java.Objects.TestDataDetails@84fa48, 3=com.java.Objects.TestDataDetails@4735a0, 4=com.java.Objects.TestDataDetails@dc2a37, 5=com.java.Objects.TestDataDetails@1867b3a, 6=com.java.Objects.TestDataDetails@f5df97, 7=com.java.Objects.TestDataDetails@120be46, 8=com.java.Objects.TestDataDetails@100571e, 9=com.java.Objects.TestDataDetails@1451725, 10=com.java.Objects.TestDataDetails@8629d1, 11=com.java.Objects.TestDataDetails@1737301}
[INFO ][2015-12-07 18:44:30,019][com.java.TestType] [  481] -  str(1) = 1
[INFO ][2015-12-07 18:44:30,019][com.java.TestType] [  484] - Test case Id is---1
[INFO ][2015-12-07 18:44:30,019][com.java.TestType] [  486] - 1
[INFO ][2015-12-07 18:44:30,019][com.java.TestType] [  481] -  str(2) = 12
[INFO ][2015-12-07 18:44:30,019][com.java.TestType] [  533] - row values are--------{1=com.java.Objects.TestDataDetails@1d385f4, 2=com.java.Objects.TestDataDetails@84fa48, 3=com.java.Objects.TestDataDetails@4735a0, 4=com.java.Objects.TestDataDetails@dc2a37, 5=com.java.Objects.TestDataDetails@1867b3a, 6=com.java.Objects.TestDataDetails@f5df97, 7=com.java.Objects.TestDataDetails@120be46, 8=com.java.Objects.TestDataDetails@100571e, 9=com.java.Objects.TestDataDetails@1451725, 10=com.java.Objects.TestDataDetails@8629d1, 11=com.java.Objects.TestDataDetails@1737301, 12=com.java.Objects.TestDataDetails@da95c1}
[INFO ][2015-12-07 18:44:30,019][com.java.TestType] [  481] -  str(1) = 1
[INFO ][2015-12-07 18:44:30,019][com.java.TestType] [  484] - Test case Id is---1
[INFO ][2015-12-07 18:44:30,019][com.java.TestType] [  486] - 1
[INFO ][2015-12-07 18:44:30,019][com.java.TestType] [  481] -  str(2) = 13
[INFO ][2015-12-07 18:44:30,019][com.java.TestType] [  533] - row values are--------{1=com.java.Objects.TestDataDetails@1d385f4, 2=com.java.Objects.TestDataDetails@84fa48, 3=com.java.Objects.TestDataDetails@4735a0, 4=com.java.Objects.TestDataDetails@dc2a37, 5=com.java.Objects.TestDataDetails@1867b3a, 6=com.java.Objects.TestDataDetails@f5df97, 7=com.java.Objects.TestDataDetails@120be46, 8=com.java.Objects.TestDataDetails@100571e, 9=com.java.Objects.TestDataDetails@1451725, 10=com.java.Objects.TestDataDetails@8629d1, 11=com.java.Objects.TestDataDetails@1737301, 12=com.java.Objects.TestDataDetails@da95c1, 13=com.java.Objects.TestDataDetails@1c3599d}
[INFO ][2015-12-07 18:44:30,019][com.java.TestType] [  481] -  str(1) = 1
[INFO ][2015-12-07 18:44:30,019][com.java.TestType] [  484] - Test case Id is---1
[INFO ][2015-12-07 18:44:30,019][com.java.TestType] [  486] - 1
[INFO ][2015-12-07 18:44:30,019][com.java.TestType] [  481] -  str(2) = 14
[INFO ][2015-12-07 18:44:30,019][com.java.TestType] [  533] - row values are--------{1=com.java.Objects.TestDataDetails@1d385f4, 2=com.java.Objects.TestDataDetails@84fa48, 3=com.java.Objects.TestDataDetails@4735a0, 4=com.java.Objects.TestDataDetails@dc2a37, 5=com.java.Objects.TestDataDetails@1867b3a, 6=com.java.Objects.TestDataDetails@f5df97, 7=com.java.Objects.TestDataDetails@120be46, 8=com.java.Objects.TestDataDetails@100571e, 9=com.java.Objects.TestDataDetails@1451725, 10=com.java.Objects.TestDataDetails@8629d1, 11=com.java.Objects.TestDataDetails@1737301, 12=com.java.Objects.TestDataDetails@da95c1, 13=com.java.Objects.TestDataDetails@1c3599d, 14=com.java.Objects.TestDataDetails@61514f}
[INFO ][2015-12-07 18:44:30,019][com.java.TestType] [  481] -  str(1) = 1
[INFO ][2015-12-07 18:44:30,019][com.java.TestType] [  484] - Test case Id is---1
[INFO ][2015-12-07 18:44:30,019][com.java.TestType] [  486] - 1
[INFO ][2015-12-07 18:44:30,019][com.java.TestType] [  481] -  str(2) = 15
[INFO ][2015-12-07 18:44:30,019][com.java.TestType] [  533] - row values are--------{1=com.java.Objects.TestDataDetails@1d385f4, 2=com.java.Objects.TestDataDetails@84fa48, 3=com.java.Objects.TestDataDetails@4735a0, 4=com.java.Objects.TestDataDetails@dc2a37, 5=com.java.Objects.TestDataDetails@1867b3a, 6=com.java.Objects.TestDataDetails@f5df97, 7=com.java.Objects.TestDataDetails@120be46, 8=com.java.Objects.TestDataDetails@100571e, 9=com.java.Objects.TestDataDetails@1451725, 10=com.java.Objects.TestDataDetails@8629d1, 11=com.java.Objects.TestDataDetails@1737301, 12=com.java.Objects.TestDataDetails@da95c1, 13=com.java.Objects.TestDataDetails@1c3599d, 14=com.java.Objects.TestDataDetails@61514f, 15=com.java.Objects.TestDataDetails@d675ec}
[INFO ][2015-12-07 18:44:30,019][com.java.TestType] [  481] -  str(1) = 1
[INFO ][2015-12-07 18:44:30,019][com.java.TestType] [  484] - Test case Id is---1
[INFO ][2015-12-07 18:44:30,019][com.java.TestType] [  486] - 1
[INFO ][2015-12-07 18:44:30,019][com.java.TestType] [  481] -  str(2) = 16
[INFO ][2015-12-07 18:44:30,019][com.java.TestType] [  533] - row values are--------{1=com.java.Objects.TestDataDetails@1d385f4, 2=com.java.Objects.TestDataDetails@84fa48, 3=com.java.Objects.TestDataDetails@4735a0, 4=com.java.Objects.TestDataDetails@dc2a37, 5=com.java.Objects.TestDataDetails@1867b3a, 6=com.java.Objects.TestDataDetails@f5df97, 7=com.java.Objects.TestDataDetails@120be46, 8=com.java.Objects.TestDataDetails@100571e, 9=com.java.Objects.TestDataDetails@1451725, 10=com.java.Objects.TestDataDetails@8629d1, 11=com.java.Objects.TestDataDetails@1737301, 12=com.java.Objects.TestDataDetails@da95c1, 13=com.java.Objects.TestDataDetails@1c3599d, 14=com.java.Objects.TestDataDetails@61514f, 15=com.java.Objects.TestDataDetails@d675ec, 16=com.java.Objects.TestDataDetails@afc459}
[INFO ][2015-12-07 18:44:30,019][com.java.TestType] [ 9944] - Looping 1TCID = 1
[DEBUG][2015-12-07 18:44:30,019][com.java.TestType] [ 9985] - Concept ID:1 :: Step being Executed: 1::1
[INFO ][2015-12-07 18:44:30,019][com.java.TestType] [10023] - dataFields : TXTusername
[DEBUG][2015-12-07 18:44:30,019][com.java.TestType] [10029] - <In Set values of the page>
[DEBUG][2015-12-07 18:44:30,019][com.java.TestType] [10034] - {Data Fields & Data Values Exist}
[INFO ][2015-12-07 18:44:30,019][com.java.TestType] [10040] - --------------------------setting values-----------------------------
[INFO ][2015-12-07 18:44:30,019][com.java.TestType] [10043] - Action Type : CLEARANDENTER
[INFO ][2015-12-07 18:44:30,019][com.java.TestType] [ 5430] - value = naresh.nayini.00000
[INFO ][2015-12-07 18:44:34,858][com.java.TestType] [10062] -  RESULT true
[INFO ][2015-12-07 18:44:34,858][com.java.TestType] [10179] - ?   P A S S   ?
[DEBUG][2015-12-07 18:44:34,858][com.java.TestType] [ 9985] - Concept ID:1 :: Step being Executed: 1::2
[INFO ][2015-12-07 18:44:34,858][com.java.TestType] [10023] - dataFields : TXTpassword
[DEBUG][2015-12-07 18:44:34,858][com.java.TestType] [10029] - <In Set values of the page>
[DEBUG][2015-12-07 18:44:34,858][com.java.TestType] [10034] - {Data Fields & Data Values Exist}
[INFO ][2015-12-07 18:44:34,858][com.java.TestType] [10040] - --------------------------setting values-----------------------------
[INFO ][2015-12-07 18:44:34,858][com.java.TestType] [10043] - Action Type : CLEARANDENTER
[INFO ][2015-12-07 18:44:34,858][com.java.TestType] [ 5430] - value = Password1*
[INFO ][2015-12-07 18:44:39,788][com.java.TestType] [10062] -  RESULT true
[INFO ][2015-12-07 18:44:39,788][com.java.TestType] [10179] - ?   P A S S   ?
[DEBUG][2015-12-07 18:44:39,788][com.java.TestType] [ 9985] - Concept ID:1 :: Step being Executed: 1::3
[ERROR][2015-12-07 18:44:39,788][com.java.TestType] [10018] - Exception: null
[INFO ][2015-12-07 18:44:39,788][com.java.TestType] [10023] - dataFields : XPH//button[@type='submit']
[DEBUG][2015-12-07 18:44:39,788][com.java.TestType] [10029] - <In Set values of the page>
[DEBUG][2015-12-07 18:44:39,788][com.java.TestType] [10034] - {Data Fields & Data Values Exist}
[INFO ][2015-12-07 18:44:39,788][com.java.TestType] [10040] - --------------------------setting values-----------------------------
[INFO ][2015-12-07 18:44:39,788][com.java.TestType] [10043] - Action Type : Click
[INFO ][2015-12-07 18:44:39,788][com.java.TestType] [ 5758] - Field ::XPH//button[@type='submit']
[INFO ][2015-12-07 18:44:40,788][com.java.TestType] [ 5852] - BEFORE CLICK
[INFO ][2015-12-07 18:44:43,818][com.java.TestType] [ 5860] - Unable to click the object Login
[INFO ][2015-12-07 18:44:43,818][com.java.TestType] [10062] -  RESULT true
[INFO ][2015-12-07 18:44:43,818][com.java.TestType] [10179] - ?   P A S S   ?
[DEBUG][2015-12-07 18:44:43,818][com.java.TestType] [ 9985] - Concept ID:1 :: Step being Executed: 1::4
[INFO ][2015-12-07 18:44:43,818][com.java.TestType] [10023] - dataFields : LNKLogout
[DEBUG][2015-12-07 18:44:43,818][com.java.TestType] [10029] - <In Set values of the page>
[DEBUG][2015-12-07 18:44:43,818][com.java.TestType] [10034] - {Data Fields & Data Values Exist}
[INFO ][2015-12-07 18:44:43,818][com.java.TestType] [10040] - --------------------------setting values-----------------------------
[INFO ][2015-12-07 18:44:43,818][com.java.TestType] [10043] - Action Type : WaitForElement
[INFO ][2015-12-07 18:44:43,849][com.java.TestType] [10062] -  RESULT true
[INFO ][2015-12-07 18:44:43,849][com.java.TestType] [10179] - ?   P A S S   ?
[DEBUG][2015-12-07 18:44:43,849][com.java.TestType] [ 9985] - Concept ID:1 :: Step being Executed: 1::15
[INFO ][2015-12-07 18:44:43,849][com.java.TestType] [10023] - dataFields : LNK
[DEBUG][2015-12-07 18:44:43,849][com.java.TestType] [10029] - <In Set values of the page>
[DEBUG][2015-12-07 18:44:43,849][com.java.TestType] [10034] - {Data Fields & Data Values Exist}
[INFO ][2015-12-07 18:44:43,849][com.java.TestType] [10040] - --------------------------setting values-----------------------------
[INFO ][2015-12-07 18:44:43,849][com.java.TestType] [10043] - Action Type : Verify
[INFO ][2015-12-07 18:44:43,849][com.java.TestType] [ 6636] - field= LNK value= Logout
[INFO ][2015-12-07 18:44:43,849][com.java.TestType] [ 5430] - value = Logout
[INFO ][2015-12-07 18:44:43,879][com.java.TestType] [10062] -  RESULT true
[INFO ][2015-12-07 18:44:43,879][com.java.TestType] [10179] - ?   P A S S   ?
[DEBUG][2015-12-07 18:44:43,879][com.java.TestType] [ 9985] - Concept ID:1 :: Step being Executed: 1::16
[INFO ][2015-12-07 18:44:43,879][com.java.TestType] [10023] - dataFields : BTN
[DEBUG][2015-12-07 18:44:43,879][com.java.TestType] [10029] - <In Set values of the page>
[DEBUG][2015-12-07 18:44:43,879][com.java.TestType] [10034] - {Data Fields & Data Values Exist}
[INFO ][2015-12-07 18:44:43,879][com.java.TestType] [10040] - --------------------------setting values-----------------------------
[INFO ][2015-12-07 18:44:43,879][com.java.TestType] [10043] - Action Type : Verify
[INFO ][2015-12-07 18:44:43,879][com.java.TestType] [ 6636] - field= BTN value= //img[contains(@src,'bdlogo.jpg')]
[INFO ][2015-12-07 18:44:43,879][com.java.TestType] [ 5430] - value = //img[contains(@src,'bdlogo.jpg')]
[INFO ][2015-12-07 18:44:43,939][com.java.TestType] [10062] -  RESULT true
[INFO ][2015-12-07 18:44:43,939][com.java.TestType] [10179] - ?   P A S S   ?
[INFO ][2015-12-07 18:44:43,939][com.java.TestType] [10250] - Looping End......
[INFO ][2015-12-07 18:44:43,939][com.java.SeleniumDriver] [  893] -  RESULT true
[INFO ][2015-12-07 18:44:43,939][com.java.SeleniumDriver] [ 1099] - ?   P A S S   ?
[INFO ][2015-12-07 18:44:43,939][com.java.SeleniumDriver] [  820] - ------------------------------------------
[INFO ][2015-12-07 18:44:43,939][com.java.SeleniumDriver] [  821] - Test case being Executed: 1
[INFO ][2015-12-07 18:44:43,939][com.java.SeleniumDriver] [  832] - Test step:2
[INFO ][2015-12-07 18:44:43,939][com.java.SeleniumDriver] [  844] - Datavalue is----------Concept#2:1-2
[INFO ][2015-12-07 18:44:43,939][com.java.SeleniumDriver] [  868] - DataField : test
[INFO ][2015-12-07 18:44:43,939][com.java.SeleniumDriver] [  870] - DataValue : Concept#2:1-2
[INFO ][2015-12-07 18:44:43,939][com.java.SeleniumDriver] [  876] - <In Set values of the page>
[INFO ][2015-12-07 18:44:43,939][com.java.SeleniumDriver] [  879] - {Data Fields & Data Values Exist}
[INFO ][2015-12-07 18:44:43,939][com.java.SeleniumDriver] [  881] - --------------------------setting values-----------------------------
[INFO ][2015-12-07 18:44:43,939][com.java.SeleniumDriver] [  884] - Action Type : ExecuteTestCase
[INFO ][2015-12-07 18:44:43,939][com.java.TestType] [  436] - The Concept sheet name is ---------- Concept
[INFO ][2015-12-07 18:44:43,939][com.java.TestType] [  439] - The Concept ID  is ---------- 2
[DEBUG][2015-12-07 18:44:43,939][com.java.TestType] [  443] - Steps being executted in the Concept are: 1:2
[INFO ][2015-12-07 18:44:43,939][com.java.TestType] [  450] - Test data details path ---------- D:\BankersDashboard\TestInputs\TestData.xls
[INFO ][2015-12-07 18:44:43,969][com.java.TestType] [  481] -  str(1) = 2
[INFO ][2015-12-07 18:44:43,969][com.java.TestType] [  484] - Test case Id is---2
[INFO ][2015-12-07 18:44:43,969][com.java.TestType] [  486] - 2
[INFO ][2015-12-07 18:44:43,969][com.java.TestType] [  481] -  str(2) = 1
[INFO ][2015-12-07 18:44:43,979][com.java.TestType] [  533] - row values are--------{1=com.java.Objects.TestDataDetails@186c71b}
[INFO ][2015-12-07 18:44:43,979][com.java.TestType] [  481] -  str(1) = 2
[INFO ][2015-12-07 18:44:43,979][com.java.TestType] [  484] - Test case Id is---2
[INFO ][2015-12-07 18:44:43,979][com.java.TestType] [  486] - 2
[INFO ][2015-12-07 18:44:43,979][com.java.TestType] [  481] -  str(2) = 2
[INFO ][2015-12-07 18:44:43,979][com.java.TestType] [  533] - row values are--------{1=com.java.Objects.TestDataDetails@186c71b, 2=com.java.Objects.TestDataDetails@561b02}
[INFO ][2015-12-07 18:44:43,979][com.java.TestType] [  481] -  str(1) = 2
[INFO ][2015-12-07 18:44:43,979][com.java.TestType] [  484] - Test case Id is---2
[INFO ][2015-12-07 18:44:43,979][com.java.TestType] [  486] - 2
[INFO ][2015-12-07 18:44:43,979][com.java.TestType] [  481] -  str(2) = 3
[INFO ][2015-12-07 18:44:43,979][com.java.TestType] [  533] - row values are--------{1=com.java.Objects.TestDataDetails@186c71b, 2=com.java.Objects.TestDataDetails@561b02, 3=com.java.Objects.TestDataDetails@761eb4}
[INFO ][2015-12-07 18:44:43,979][com.java.TestType] [ 9944] - Looping 1TCID = 2
[DEBUG][2015-12-07 18:44:43,979][com.java.TestType] [ 9985] - Concept ID:2 :: Step being Executed: 2::1
[INFO ][2015-12-07 18:44:43,979][com.java.TestType] [10023] - dataFields : BNK//select[@id='bank']
[DEBUG][2015-12-07 18:44:43,979][com.java.TestType] [10029] - <In Set values of the page>
[DEBUG][2015-12-07 18:44:43,979][com.java.TestType] [10034] - {Data Fields & Data Values Exist}
[INFO ][2015-12-07 18:44:43,979][com.java.TestType] [10040] - --------------------------setting values-----------------------------
[INFO ][2015-12-07 18:44:43,979][com.java.TestType] [10043] - Action Type : Select
[INFO ][2015-12-07 18:44:43,979][com.java.TestType] [ 5430] - value = PFC
[INFO ][2015-12-07 18:44:44,259][com.java.TestType] [10062] -  RESULT true
[INFO ][2015-12-07 18:44:44,259][com.java.TestType] [10179] - ?   P A S S   ?
[DEBUG][2015-12-07 18:44:44,259][com.java.TestType] [ 9985] - Concept ID:2 :: Step being Executed: 2::2
[INFO ][2015-12-07 18:44:44,259][com.java.TestType] [10023] - dataFields : LNKLogout
[DEBUG][2015-12-07 18:44:44,259][com.java.TestType] [10029] - <In Set values of the page>
[DEBUG][2015-12-07 18:44:44,259][com.java.TestType] [10034] - {Data Fields & Data Values Exist}
[INFO ][2015-12-07 18:44:44,259][com.java.TestType] [10040] - --------------------------setting values-----------------------------
[INFO ][2015-12-07 18:44:44,259][com.java.TestType] [10043] - Action Type : WaitTime
[DEBUG][2015-12-07 18:44:44,259][com.java.TestType] [ 5250] - sleepTime: 5000
[INFO ][2015-12-07 18:44:49,262][com.java.TestType] [10062] -  RESULT true
[INFO ][2015-12-07 18:44:49,262][com.java.TestType] [10179] - ?   P A S S   ?
[INFO ][2015-12-07 18:44:49,262][com.java.TestType] [10250] - Looping End......
[INFO ][2015-12-07 18:44:49,262][com.java.SeleniumDriver] [  893] -  RESULT true
[INFO ][2015-12-07 18:44:49,262][com.java.SeleniumDriver] [ 1099] - ?   P A S S   ?
[INFO ][2015-12-07 18:44:49,262][com.java.SeleniumDriver] [  820] - ------------------------------------------
[INFO ][2015-12-07 18:44:49,262][com.java.SeleniumDriver] [  821] - Test case being Executed: 1
[INFO ][2015-12-07 18:44:49,262][com.java.SeleniumDriver] [  832] - Test step:3
[INFO ][2015-12-07 18:44:49,262][com.java.SeleniumDriver] [  844] - Datavalue is----------2
[INFO ][2015-12-07 18:44:49,262][com.java.SeleniumDriver] [  868] - DataField : XPH//button[contains(text(),'Add Content')]
[INFO ][2015-12-07 18:44:49,262][com.java.SeleniumDriver] [  870] - DataValue : 2
[INFO ][2015-12-07 18:44:49,262][com.java.SeleniumDriver] [  876] - <In Set values of the page>
[INFO ][2015-12-07 18:44:49,262][com.java.SeleniumDriver] [  879] - {Data Fields & Data Values Exist}
[INFO ][2015-12-07 18:44:49,262][com.java.SeleniumDriver] [  881] - --------------------------setting values-----------------------------
[INFO ][2015-12-07 18:44:49,262][com.java.SeleniumDriver] [  884] - Action Type : WAITFORELEMENT
[INFO ][2015-12-07 18:44:49,303][com.java.SeleniumDriver] [  893] -  RESULT true
[INFO ][2015-12-07 18:44:49,303][com.java.SeleniumDriver] [ 1099] - ?   P A S S   ?
[DEBUG][2015-12-07 18:44:49,303][com.java.SeleniumDriver] [ 1211] - Case found
[DEBUG][2015-12-07 18:44:49,303][com.java.SeleniumDriver] [ 1216] - Incrementing ReportCounters[0]:1
[INFO ][2015-12-07 18:44:49,303][com.java.SeleniumDriver] [ 1235] - The results are-------------------[1, 1, Valid Login, Pass, , Mon Dec 07 18:44:43 IST 2015, 1, 2, Valid Login, Pass, , Mon Dec 07 18:44:49 IST 2015, 1, 3, Valid Login, Pass, , Mon Dec 07 18:44:49 IST 2015]
[INFO ][2015-12-07 18:44:49,303][com.java.SeleniumDriver] [ 1239] - End time is-------33 sec
[INFO ][2015-12-07 18:44:49,303][com.java.SeleniumDriver] [ 1240] - The results are-------------------[1, 1, Valid Login, Pass, , Mon Dec 07 18:44:43 IST 2015, 1, 2, Valid Login, Pass, , Mon Dec 07 18:44:49 IST 2015, 1, 3, Valid Login, Pass, , Mon Dec 07 18:44:49 IST 2015]
[DEBUG][2015-12-07 18:44:49,303][com.java.ImportnExport.ExportTestResultsExcel] [  222] - testResultPath = D:\BankersDashboard/TestReports/Test Results_BankersDashBoard_120715_184418_IE10_Any Bank USA.xls
[DEBUG][2015-12-07 18:44:49,303][com.java.ImportnExport.ExportTestResultsExcel] [  223] - browser is------------IE10
[DEBUG][2015-12-07 18:44:49,343][com.java.ImportnExport.ExportTestResultsExcel] [  270] - result.size() = 18
[DEBUG][2015-12-07 18:44:49,343][com.java.ImportnExport.ExportTestResultsExcel] [  274] - No of rows in sheet=1
[DEBUG][2015-12-07 18:44:49,343][com.java.ImportnExport.ExportTestResultsExcel] [  301] - ..in export..1
[DEBUG][2015-12-07 18:44:49,343][com.java.ImportnExport.ExportTestResultsExcel] [  301] - ..in export..Valid Login
[DEBUG][2015-12-07 18:44:49,343][com.java.ImportnExport.ExportTestResultsExcel] [  301] - ..in export..Pass
[DEBUG][2015-12-07 18:44:49,343][com.java.ImportnExport.ExportTestResultsExcel] [  301] - ..in export..
[DEBUG][2015-12-07 18:44:49,343][com.java.ImportnExport.ExportTestResultsExcel] [  301] - ..in export..Mon Dec 07 18:44:43 IST 2015
[INFO ][2015-12-07 18:44:49,343][com.java.SeleniumDriver] [ 1298] - out loop:0 size:2 TestCases:[1, 6] testcases:[1, 6]
[INFO ][2015-12-07 18:44:49,343][com.java.ImportnExport.ImportTestDataDetailsExcel] [   49] - test data details path===== D:\BankersDashboard\TestInputs\TestData.xls
[INFO ][2015-12-07 18:45:05,381][com.java.SeleniumDriver] [  820] - ------------------------------------------
[INFO ][2015-12-07 18:45:05,381][com.java.SeleniumDriver] [  821] - Test case being Executed: 6
[INFO ][2015-12-07 18:45:05,381][com.java.SeleniumDriver] [  832] - Test step:1
[INFO ][2015-12-07 18:45:05,381][com.java.SeleniumDriver] [  844] - Datavalue is----------Logout
[INFO ][2015-12-07 18:45:05,381][com.java.SeleniumDriver] [  868] - DataField : BTN
[INFO ][2015-12-07 18:45:05,381][com.java.SeleniumDriver] [  870] - DataValue : Logout
[INFO ][2015-12-07 18:45:05,381][com.java.SeleniumDriver] [  876] - <In Set values of the page>
[INFO ][2015-12-07 18:45:05,381][com.java.SeleniumDriver] [  879] - {Data Fields & Data Values Exist}
[INFO ][2015-12-07 18:45:05,381][com.java.SeleniumDriver] [  881] - --------------------------setting values-----------------------------
[INFO ][2015-12-07 18:45:05,381][com.java.SeleniumDriver] [  884] - Action Type : Verify
[INFO ][2015-12-07 18:45:05,381][com.java.TestType] [ 6636] - field= BTN value= Logout
[INFO ][2015-12-07 18:45:05,381][com.java.TestType] [ 5430] - value = Logout
[INFO ][2015-12-07 18:45:05,462][com.java.SeleniumDriver] [  893] -  RESULT true
[INFO ][2015-12-07 18:45:05,462][com.java.SeleniumDriver] [ 1099] - ?   P A S S   ?
[INFO ][2015-12-07 18:45:05,462][com.java.SeleniumDriver] [ 1141] - step change to 3
[INFO ][2015-12-07 18:45:05,462][com.java.SeleniumDriver] [  820] - ------------------------------------------
[INFO ][2015-12-07 18:45:05,462][com.java.SeleniumDriver] [  821] - Test case being Executed: 6
[INFO ][2015-12-07 18:45:05,462][com.java.SeleniumDriver] [  832] - Test step:3
[INFO ][2015-12-07 18:45:05,462][com.java.SeleniumDriver] [  844] - Datavalue is----------Concept#2:1-2
[INFO ][2015-12-07 18:45:05,462][com.java.SeleniumDriver] [  868] - DataField : test
[INFO ][2015-12-07 18:45:05,462][com.java.SeleniumDriver] [  870] - DataValue : Concept#2:1-2
[INFO ][2015-12-07 18:45:05,462][com.java.SeleniumDriver] [  876] - <In Set values of the page>
[INFO ][2015-12-07 18:45:05,462][com.java.SeleniumDriver] [  879] - {Data Fields & Data Values Exist}
[INFO ][2015-12-07 18:45:05,462][com.java.SeleniumDriver] [  881] - --------------------------setting values-----------------------------
[INFO ][2015-12-07 18:45:05,462][com.java.SeleniumDriver] [  884] - Action Type : ExecuteTestCase
[INFO ][2015-12-07 18:45:05,462][com.java.TestType] [  436] - The Concept sheet name is ---------- Concept
[INFO ][2015-12-07 18:45:05,462][com.java.TestType] [  439] - The Concept ID  is ---------- 2
[DEBUG][2015-12-07 18:45:05,462][com.java.TestType] [  443] - Steps being executted in the Concept are: 1:2
[INFO ][2015-12-07 18:45:05,462][com.java.TestType] [  450] - Test data details path ---------- D:\BankersDashboard\TestInputs\TestData.xls
[INFO ][2015-12-07 18:45:05,492][com.java.TestType] [  481] -  str(1) = 2
[INFO ][2015-12-07 18:45:05,492][com.java.TestType] [  484] - Test case Id is---2
[INFO ][2015-12-07 18:45:05,492][com.java.TestType] [  486] - 2
[INFO ][2015-12-07 18:45:05,492][com.java.TestType] [  481] -  str(2) = 1
[INFO ][2015-12-07 18:45:05,492][com.java.TestType] [  533] - row values are--------{1=com.java.Objects.TestDataDetails@13b5229}
[INFO ][2015-12-07 18:45:05,492][com.java.TestType] [  481] -  str(1) = 2
[INFO ][2015-12-07 18:45:05,492][com.java.TestType] [  484] - Test case Id is---2
[INFO ][2015-12-07 18:45:05,492][com.java.TestType] [  486] - 2
[INFO ][2015-12-07 18:45:05,492][com.java.TestType] [  481] -  str(2) = 2
[INFO ][2015-12-07 18:45:05,492][com.java.TestType] [  533] - row values are--------{1=com.java.Objects.TestDataDetails@13b5229, 2=com.java.Objects.TestDataDetails@bc64ad}
[INFO ][2015-12-07 18:45:05,492][com.java.TestType] [  481] -  str(1) = 2
[INFO ][2015-12-07 18:45:05,492][com.java.TestType] [  484] - Test case Id is---2
[INFO ][2015-12-07 18:45:05,492][com.java.TestType] [  486] - 2
[INFO ][2015-12-07 18:45:05,492][com.java.TestType] [  481] -  str(2) = 3
[INFO ][2015-12-07 18:45:05,492][com.java.TestType] [  533] - row values are--------{1=com.java.Objects.TestDataDetails@13b5229, 2=com.java.Objects.TestDataDetails@bc64ad, 3=com.java.Objects.TestDataDetails@446fd2}
[INFO ][2015-12-07 18:45:05,492][com.java.TestType] [ 9944] - Looping 1TCID = 2
[DEBUG][2015-12-07 18:45:05,492][com.java.TestType] [ 9985] - Concept ID:2 :: Step being Executed: 2::1
[INFO ][2015-12-07 18:45:05,492][com.java.TestType] [10023] - dataFields : BNK//select[@id='bank']
[DEBUG][2015-12-07 18:45:05,492][com.java.TestType] [10029] - <In Set values of the page>
[DEBUG][2015-12-07 18:45:05,492][com.java.TestType] [10034] - {Data Fields & Data Values Exist}
[INFO ][2015-12-07 18:45:05,492][com.java.TestType] [10040] - --------------------------setting values-----------------------------
[INFO ][2015-12-07 18:45:05,492][com.java.TestType] [10043] - Action Type : Select
[INFO ][2015-12-07 18:45:05,492][com.java.TestType] [ 5430] - value = PFC
[INFO ][2015-12-07 18:45:05,682][com.java.TestType] [10062] -  RESULT true
[INFO ][2015-12-07 18:45:05,682][com.java.TestType] [10179] - ?   P A S S   ?
[DEBUG][2015-12-07 18:45:05,682][com.java.TestType] [ 9985] - Concept ID:2 :: Step being Executed: 2::2
[INFO ][2015-12-07 18:45:05,682][com.java.TestType] [10023] - dataFields : LNKLogout
[DEBUG][2015-12-07 18:45:05,682][com.java.TestType] [10029] - <In Set values of the page>
[DEBUG][2015-12-07 18:45:05,682][com.java.TestType] [10034] - {Data Fields & Data Values Exist}
[INFO ][2015-12-07 18:45:05,682][com.java.TestType] [10040] - --------------------------setting values-----------------------------
[INFO ][2015-12-07 18:45:05,682][com.java.TestType] [10043] - Action Type : WaitTime
[DEBUG][2015-12-07 18:45:05,682][com.java.TestType] [ 5250] - sleepTime: 5000
[INFO ][2015-12-07 18:45:10,682][com.java.TestType] [10062] -  RESULT true
[INFO ][2015-12-07 18:45:10,682][com.java.TestType] [10179] - ?   P A S S   ?
[INFO ][2015-12-07 18:45:10,682][com.java.TestType] [10250] - Looping End......
[INFO ][2015-12-07 18:45:10,682][com.java.SeleniumDriver] [  893] -  RESULT true
[INFO ][2015-12-07 18:45:10,682][com.java.SeleniumDriver] [ 1099] - ?   P A S S   ?
[INFO ][2015-12-07 18:45:10,682][com.java.SeleniumDriver] [  820] - ------------------------------------------
[INFO ][2015-12-07 18:45:10,682][com.java.SeleniumDriver] [  821] - Test case being Executed: 6
[INFO ][2015-12-07 18:45:10,682][com.java.SeleniumDriver] [  832] - Test step:4
[INFO ][2015-12-07 18:45:10,682][com.java.SeleniumDriver] [  844] - Datavalue is----------null
[DEBUG][2015-12-07 18:45:10,682][com.java.SeleniumDriver] [  862] - Exception: null
[INFO ][2015-12-07 18:45:10,682][com.java.SeleniumDriver] [  868] - DataField : //span[@class='icon-stats']&&//a[@data-id="Forecasting"]
[INFO ][2015-12-07 18:45:10,682][com.java.SeleniumDriver] [  870] - DataValue : 
[INFO ][2015-12-07 18:45:10,682][com.java.SeleniumDriver] [  876] - <In Set values of the page>
[INFO ][2015-12-07 18:45:10,682][com.java.SeleniumDriver] [  879] - {Data Fields & Data Values Exist}
[INFO ][2015-12-07 18:45:10,682][com.java.SeleniumDriver] [  881] - --------------------------setting values-----------------------------
[INFO ][2015-12-07 18:45:10,682][com.java.SeleniumDriver] [  884] - Action Type : MOUSEOVER
[INFO ][2015-12-07 18:45:33,969][com.java.SeleniumDriver] [  893] -  RESULT true
[INFO ][2015-12-07 18:45:33,969][com.java.SeleniumDriver] [ 1099] - ?   P A S S   ?
[INFO ][2015-12-07 18:45:33,969][com.java.SeleniumDriver] [  820] - ------------------------------------------
[INFO ][2015-12-07 18:45:33,969][com.java.SeleniumDriver] [  821] - Test case being Executed: 6
[INFO ][2015-12-07 18:45:33,969][com.java.SeleniumDriver] [  832] - Test step:5
[INFO ][2015-12-07 18:45:33,969][com.java.SeleniumDriver] [  844] - Datavalue is----------5
[INFO ][2015-12-07 18:45:33,969][com.java.SeleniumDriver] [  868] - DataField : null
[INFO ][2015-12-07 18:45:33,969][com.java.SeleniumDriver] [  870] - DataValue : 5
[INFO ][2015-12-07 18:45:33,969][com.java.SeleniumDriver] [  876] - <In Set values of the page>
[INFO ][2015-12-07 18:45:33,969][com.java.SeleniumDriver] [  879] - {Data Fields & Data Values Exist}
[INFO ][2015-12-07 18:45:33,969][com.java.SeleniumDriver] [  881] - --------------------------setting values-----------------------------
[INFO ][2015-12-07 18:45:33,969][com.java.SeleniumDriver] [  884] - Action Type : WAITTIME
[DEBUG][2015-12-07 18:45:33,969][com.java.TestType] [ 5250] - sleepTime: 5000
[INFO ][2015-12-07 18:45:38,970][com.java.SeleniumDriver] [  893] -  RESULT true
[INFO ][2015-12-07 18:45:38,970][com.java.SeleniumDriver] [ 1099] - ?   P A S S   ?
[INFO ][2015-12-07 18:45:38,970][com.java.SeleniumDriver] [  820] - ------------------------------------------
[INFO ][2015-12-07 18:45:38,970][com.java.SeleniumDriver] [  821] - Test case being Executed: 6
[INFO ][2015-12-07 18:45:38,970][com.java.SeleniumDriver] [  832] - Test step:6
[INFO ][2015-12-07 18:45:38,970][com.java.SeleniumDriver] [  844] - Datavalue is----------Forecasting 
[INFO ][2015-12-07 18:45:38,970][com.java.SeleniumDriver] [  868] - DataField : TTL
[INFO ][2015-12-07 18:45:38,970][com.java.SeleniumDriver] [  870] - DataValue : Forecasting 
[INFO ][2015-12-07 18:45:38,970][com.java.SeleniumDriver] [  876] - <In Set values of the page>
[INFO ][2015-12-07 18:45:38,970][com.java.SeleniumDriver] [  879] - {Data Fields & Data Values Exist}
[INFO ][2015-12-07 18:45:38,970][com.java.SeleniumDriver] [  881] - --------------------------setting values-----------------------------
[INFO ][2015-12-07 18:45:38,970][com.java.SeleniumDriver] [  884] - Action Type : SELECTWINDOW
[INFO ][2015-12-07 18:45:51,545][com.java.SeleniumDriver] [  893] -  RESULT true
[INFO ][2015-12-07 18:45:51,545][com.java.SeleniumDriver] [ 1099] - ?   P A S S   ?
[INFO ][2015-12-07 18:45:51,545][com.java.SeleniumDriver] [  820] - ------------------------------------------
[INFO ][2015-12-07 18:45:51,545][com.java.SeleniumDriver] [  821] - Test case being Executed: 6
[INFO ][2015-12-07 18:45:51,545][com.java.SeleniumDriver] [  832] - Test step:7
[INFO ][2015-12-07 18:45:51,545][com.java.SeleniumDriver] [  844] - Datavalue is----------null
[DEBUG][2015-12-07 18:45:51,545][com.java.SeleniumDriver] [  862] - Exception: null
[INFO ][2015-12-07 18:45:51,545][com.java.SeleniumDriver] [  868] - DataField : BTNframeDialogContent
[INFO ][2015-12-07 18:45:51,545][com.java.SeleniumDriver] [  870] - DataValue : 
[INFO ][2015-12-07 18:45:51,545][com.java.SeleniumDriver] [  876] - <In Set values of the page>
[INFO ][2015-12-07 18:45:51,545][com.java.SeleniumDriver] [  879] - {Data Fields & Data Values Exist}
[INFO ][2015-12-07 18:45:51,545][com.java.SeleniumDriver] [  881] - --------------------------setting values-----------------------------
[INFO ][2015-12-07 18:45:51,545][com.java.SeleniumDriver] [  884] - Action Type : SELECTFRAME
[INFO ][2015-12-07 18:45:52,686][com.java.SeleniumDriver] [  893] -  RESULT true
[INFO ][2015-12-07 18:45:52,686][com.java.SeleniumDriver] [ 1099] - ?   P A S S   ?
[INFO ][2015-12-07 18:45:52,686][com.java.SeleniumDriver] [  820] - ------------------------------------------
[INFO ][2015-12-07 18:45:52,686][com.java.SeleniumDriver] [  821] - Test case being Executed: 6
[INFO ][2015-12-07 18:45:52,686][com.java.SeleniumDriver] [  832] - Test step:8
[INFO ][2015-12-07 18:45:52,686][com.java.SeleniumDriver] [  844] - Datavalue is----------10
[INFO ][2015-12-07 18:45:52,686][com.java.SeleniumDriver] [  868] - DataField : DSPddlProjects
[INFO ][2015-12-07 18:45:52,686][com.java.SeleniumDriver] [  870] - DataValue : 10
[INFO ][2015-12-07 18:45:52,686][com.java.SeleniumDriver] [  876] - <In Set values of the page>
[INFO ][2015-12-07 18:45:52,686][com.java.SeleniumDriver] [  879] - {Data Fields & Data Values Exist}
[INFO ][2015-12-07 18:45:52,686][com.java.SeleniumDriver] [  881] - --------------------------setting values-----------------------------
[INFO ][2015-12-07 18:45:52,686][com.java.SeleniumDriver] [  884] - Action Type : WAITFORELEMENT
[INFO ][2015-12-07 18:45:53,777][com.java.SeleniumDriver] [  893] -  RESULT true
[INFO ][2015-12-07 18:45:53,777][com.java.SeleniumDriver] [ 1099] - ?   P A S S   ?
[INFO ][2015-12-07 18:45:53,777][com.java.SeleniumDriver] [  820] - ------------------------------------------
[INFO ][2015-12-07 18:45:53,777][com.java.SeleniumDriver] [  821] - Test case being Executed: 6
[INFO ][2015-12-07 18:45:53,777][com.java.SeleniumDriver] [  832] - Test step:9
[INFO ][2015-12-07 18:45:53,777][com.java.SeleniumDriver] [  844] - Datavalue is----------index:1
[INFO ][2015-12-07 18:45:53,777][com.java.SeleniumDriver] [  868] - DataField : COBddlProjects
[INFO ][2015-12-07 18:45:53,777][com.java.SeleniumDriver] [  870] - DataValue : index:1
[INFO ][2015-12-07 18:45:53,777][com.java.SeleniumDriver] [  876] - <In Set values of the page>
[INFO ][2015-12-07 18:45:53,777][com.java.SeleniumDriver] [  879] - {Data Fields & Data Values Exist}
[INFO ][2015-12-07 18:45:53,777][com.java.SeleniumDriver] [  881] - --------------------------setting values-----------------------------
[INFO ][2015-12-07 18:45:53,777][com.java.SeleniumDriver] [  884] - Action Type : SELECT
[INFO ][2015-12-07 18:45:53,777][com.java.TestType] [ 5430] - value = 1
[INFO ][2015-12-07 18:45:54,968][com.java.TestType] [ 5548] -  In COB ddlProjects : 1
[INFO ][2015-12-07 18:45:55,108][com.java.SeleniumDriver] [  893] -  RESULT true
[INFO ][2015-12-07 18:45:55,108][com.java.SeleniumDriver] [ 1099] - ?   P A S S   ?
[INFO ][2015-12-07 18:45:55,108][com.java.SeleniumDriver] [ 1136] - Continue next step...
[INFO ][2015-12-07 18:45:55,108][com.java.SeleniumDriver] [  820] - ------------------------------------------
[INFO ][2015-12-07 18:45:55,108][com.java.SeleniumDriver] [  821] - Test case being Executed: 6
[INFO ][2015-12-07 18:45:55,108][com.java.SeleniumDriver] [  832] - Test step:10
[INFO ][2015-12-07 18:45:55,108][com.java.SeleniumDriver] [  844] - Datavalue is----------CurrentProject
[INFO ][2015-12-07 18:45:55,108][com.java.SeleniumDriver] [  868] - DataField : SLBddlProjects
[INFO ][2015-12-07 18:45:55,108][com.java.SeleniumDriver] [  870] - DataValue : CurrentProject
[INFO ][2015-12-07 18:45:55,108][com.java.SeleniumDriver] [  876] - <In Set values of the page>
[INFO ][2015-12-07 18:45:55,108][com.java.SeleniumDriver] [  879] - {Data Fields & Data Values Exist}
[INFO ][2015-12-07 18:45:55,108][com.java.SeleniumDriver] [  881] - --------------------------setting values-----------------------------
[INFO ][2015-12-07 18:45:55,108][com.java.SeleniumDriver] [  884] - Action Type : storevalue
[INFO ][2015-12-07 18:45:55,108][com.java.TestType] [ 7814] - field= SLBddlProjects
[INFO ][2015-12-07 18:45:56,279][com.java.SeleniumDriver] [  893] -  RESULT true
[INFO ][2015-12-07 18:45:56,279][com.java.SeleniumDriver] [ 1099] - ?   P A S S   ?
[INFO ][2015-12-07 18:45:56,279][com.java.SeleniumDriver] [  820] - ------------------------------------------
[INFO ][2015-12-07 18:45:56,279][com.java.SeleniumDriver] [  821] - Test case being Executed: 6
[INFO ][2015-12-07 18:45:56,279][com.java.SeleniumDriver] [  832] - Test step:11
[INFO ][2015-12-07 18:45:56,279][com.java.SeleniumDriver] [  844] - Datavalue is----------null
[DEBUG][2015-12-07 18:45:56,279][com.java.SeleniumDriver] [  862] - Exception: null
[INFO ][2015-12-07 18:45:56,279][com.java.SeleniumDriver] [  868] - DataField : HDNbtnOpenProject
[INFO ][2015-12-07 18:45:56,279][com.java.SeleniumDriver] [  870] - DataValue : 
[INFO ][2015-12-07 18:45:56,279][com.java.SeleniumDriver] [  876] - <In Set values of the page>
[INFO ][2015-12-07 18:45:56,279][com.java.SeleniumDriver] [  879] - {Data Fields & Data Values Exist}
[INFO ][2015-12-07 18:45:56,279][com.java.SeleniumDriver] [  881] - --------------------------setting values-----------------------------
[INFO ][2015-12-07 18:45:56,279][com.java.SeleniumDriver] [  884] - Action Type : CLICK
[INFO ][2015-12-07 18:45:56,279][com.java.TestType] [ 5758] - Field ::HDNbtnOpenProject
[INFO ][2015-12-07 18:45:58,900][com.java.SeleniumDriver] [  893] -  RESULT true
[INFO ][2015-12-07 18:45:58,900][com.java.SeleniumDriver] [ 1099] - ?   P A S S   ?
[INFO ][2015-12-07 18:45:58,900][com.java.SeleniumDriver] [  820] - ------------------------------------------
[INFO ][2015-12-07 18:45:58,900][com.java.SeleniumDriver] [  821] - Test case being Executed: 6
[INFO ][2015-12-07 18:45:58,900][com.java.SeleniumDriver] [  832] - Test step:12
[INFO ][2015-12-07 18:45:58,900][com.java.SeleniumDriver] [  844] - Datavalue is----------2
[INFO ][2015-12-07 18:45:58,900][com.java.SeleniumDriver] [  868] - DataField : null
[INFO ][2015-12-07 18:45:58,900][com.java.SeleniumDriver] [  870] - DataValue : 2
[INFO ][2015-12-07 18:45:58,900][com.java.SeleniumDriver] [  876] - <In Set values of the page>
[INFO ][2015-12-07 18:45:58,900][com.java.SeleniumDriver] [  879] - {Data Fields & Data Values Exist}
[INFO ][2015-12-07 18:45:58,900][com.java.SeleniumDriver] [  881] - --------------------------setting values-----------------------------
[INFO ][2015-12-07 18:45:58,900][com.java.SeleniumDriver] [  884] - Action Type : WAITTIME
[DEBUG][2015-12-07 18:45:58,900][com.java.TestType] [ 5250] - sleepTime: 2000
[INFO ][2015-12-07 18:46:00,900][com.java.SeleniumDriver] [  893] -  RESULT true
[INFO ][2015-12-07 18:46:00,900][com.java.SeleniumDriver] [ 1099] - ?   P A S S   ?
[INFO ][2015-12-07 18:46:00,900][com.java.SeleniumDriver] [  820] - ------------------------------------------
[INFO ][2015-12-07 18:46:00,900][com.java.SeleniumDriver] [  821] - Test case being Executed: 6
[INFO ][2015-12-07 18:46:00,900][com.java.SeleniumDriver] [  832] - Test step:13
[INFO ][2015-12-07 18:46:00,900][com.java.SeleniumDriver] [  844] - Datavalue is----------null
[DEBUG][2015-12-07 18:46:00,900][com.java.SeleniumDriver] [  862] - Exception: null
[INFO ][2015-12-07 18:46:00,900][com.java.SeleniumDriver] [  868] - DataField : BTNParent
[INFO ][2015-12-07 18:46:00,900][com.java.SeleniumDriver] [  870] - DataValue : 
[INFO ][2015-12-07 18:46:00,900][com.java.SeleniumDriver] [  876] - <In Set values of the page>
[INFO ][2015-12-07 18:46:00,900][com.java.SeleniumDriver] [  879] - {Data Fields & Data Values Exist}
[INFO ][2015-12-07 18:46:00,900][com.java.SeleniumDriver] [  881] - --------------------------setting values-----------------------------
[INFO ][2015-12-07 18:46:00,900][com.java.SeleniumDriver] [  884] - Action Type : SELECTFRAME
[INFO ][2015-12-07 18:46:00,901][com.java.SeleniumDriver] [  893] -  RESULT true
[INFO ][2015-12-07 18:46:00,901][com.java.SeleniumDriver] [ 1099] - ?   P A S S   ?
[INFO ][2015-12-07 18:46:00,901][com.java.SeleniumDriver] [  820] - ------------------------------------------
[INFO ][2015-12-07 18:46:00,901][com.java.SeleniumDriver] [  821] - Test case being Executed: 6
[INFO ][2015-12-07 18:46:00,901][com.java.SeleniumDriver] [  832] - Test step:14
[INFO ][2015-12-07 18:46:00,901][com.java.SeleniumDriver] [  844] - Datavalue is----------10
[INFO ][2015-12-07 18:46:00,901][com.java.SeleniumDriver] [  868] - DataField : DSPFile
[INFO ][2015-12-07 18:46:00,901][com.java.SeleniumDriver] [  870] - DataValue : 10
[INFO ][2015-12-07 18:46:00,901][com.java.SeleniumDriver] [  876] - <In Set values of the page>
[INFO ][2015-12-07 18:46:00,901][com.java.SeleniumDriver] [  879] - {Data Fields & Data Values Exist}
[INFO ][2015-12-07 18:46:00,901][com.java.SeleniumDriver] [  881] - --------------------------setting values-----------------------------
[INFO ][2015-12-07 18:46:00,901][com.java.SeleniumDriver] [  884] - Action Type : WAITFORELEMENT
[INFO ][2015-12-07 18:46:01,031][com.java.SeleniumDriver] [  893] -  RESULT true
[INFO ][2015-12-07 18:46:01,031][com.java.SeleniumDriver] [ 1099] - ?   P A S S   ?
[INFO ][2015-12-07 18:46:01,031][com.java.SeleniumDriver] [  820] - ------------------------------------------
[INFO ][2015-12-07 18:46:01,031][com.java.SeleniumDriver] [  821] - Test case being Executed: 6
[INFO ][2015-12-07 18:46:01,031][com.java.SeleniumDriver] [  832] - Test step:15
[INFO ][2015-12-07 18:46:01,031][com.java.SeleniumDriver] [  844] - Datavalue is----------10
[INFO ][2015-12-07 18:46:01,031][com.java.SeleniumDriver] [  868] - DataField : null
[INFO ][2015-12-07 18:46:01,031][com.java.SeleniumDriver] [  870] - DataValue : 10
[INFO ][2015-12-07 18:46:01,031][com.java.SeleniumDriver] [  876] - <In Set values of the page>
[INFO ][2015-12-07 18:46:01,031][com.java.SeleniumDriver] [  879] - {Data Fields & Data Values Exist}
[INFO ][2015-12-07 18:46:01,031][com.java.SeleniumDriver] [  881] - --------------------------setting values-----------------------------
[INFO ][2015-12-07 18:46:01,031][com.java.SeleniumDriver] [  884] - Action Type : WAITTIME
[DEBUG][2015-12-07 18:46:01,031][com.java.TestType] [ 5250] - sleepTime: 10000
[INFO ][2015-12-07 18:46:11,035][com.java.SeleniumDriver] [  893] -  RESULT true
[INFO ][2015-12-07 18:46:11,035][com.java.SeleniumDriver] [ 1099] - ?   P A S S   ?
[INFO ][2015-12-07 18:46:11,035][com.java.SeleniumDriver] [  820] - ------------------------------------------
[INFO ][2015-12-07 18:46:11,035][com.java.SeleniumDriver] [  821] - Test case being Executed: 6
[INFO ][2015-12-07 18:46:11,035][com.java.SeleniumDriver] [  832] - Test step:16
[INFO ][2015-12-07 18:46:11,035][com.java.SeleniumDriver] [  844] - Datavalue is----------HMVCurrentProject
[INFO ][2015-12-07 18:46:11,035][com.java.SeleniumDriver] [  868] - DataField : XPH//span[@id='lblProject']
[INFO ][2015-12-07 18:46:11,035][com.java.SeleniumDriver] [  870] - DataValue : HMVCurrentProject
[INFO ][2015-12-07 18:46:11,035][com.java.SeleniumDriver] [  876] - <In Set values of the page>
[INFO ][2015-12-07 18:46:11,035][com.java.SeleniumDriver] [  879] - {Data Fields & Data Values Exist}
[INFO ][2015-12-07 18:46:11,035][com.java.SeleniumDriver] [  881] - --------------------------setting values-----------------------------
[INFO ][2015-12-07 18:46:11,035][com.java.SeleniumDriver] [  884] - Action Type : VERIFY
[INFO ][2015-12-07 18:46:11,035][com.java.TestType] [ 6636] - field= XPH//span[@id='lblProject'] value= HMVCurrentProject
[INFO ][2015-12-07 18:46:11,035][com.java.TestType] [ 5430] - value = Dallas User Group
[INFO ][2015-12-07 18:46:11,176][com.java.SeleniumDriver] [  893] -  RESULT true
[INFO ][2015-12-07 18:46:11,176][com.java.SeleniumDriver] [ 1099] - ?   P A S S   ?
[INFO ][2015-12-07 18:46:11,176][com.java.SeleniumDriver] [  820] - ------------------------------------------
[INFO ][2015-12-07 18:46:11,176][com.java.SeleniumDriver] [  821] - Test case being Executed: 6
[INFO ][2015-12-07 18:46:11,176][com.java.SeleniumDriver] [  832] - Test step:17
[INFO ][2015-12-07 18:46:11,176][com.java.SeleniumDriver] [  844] - Datavalue is----------null
[DEBUG][2015-12-07 18:46:11,176][com.java.SeleniumDriver] [  862] - Exception: null
[INFO ][2015-12-07 18:46:11,176][com.java.SeleniumDriver] [  868] - DataField : HDNmenuTools
[INFO ][2015-12-07 18:46:11,176][com.java.SeleniumDriver] [  870] - DataValue : 
[INFO ][2015-12-07 18:46:11,176][com.java.SeleniumDriver] [  876] - <In Set values of the page>
[INFO ][2015-12-07 18:46:11,176][com.java.SeleniumDriver] [  879] - {Data Fields & Data Values Exist}
[INFO ][2015-12-07 18:46:11,176][com.java.SeleniumDriver] [  881] - --------------------------setting values-----------------------------
[INFO ][2015-12-07 18:46:11,176][com.java.SeleniumDriver] [  884] - Action Type : CLICK
[INFO ][2015-12-07 18:46:11,176][com.java.TestType] [ 5758] - Field ::HDNmenuTools
[INFO ][2015-12-07 18:46:13,317][com.java.SeleniumDriver] [  893] -  RESULT true
[INFO ][2015-12-07 18:46:13,317][com.java.SeleniumDriver] [ 1099] - ?   P A S S   ?
[INFO ][2015-12-07 18:46:13,317][com.java.SeleniumDriver] [  820] - ------------------------------------------
[INFO ][2015-12-07 18:46:13,317][com.java.SeleniumDriver] [  821] - Test case being Executed: 6
[INFO ][2015-12-07 18:46:13,317][com.java.SeleniumDriver] [  832] - Test step:18
[INFO ][2015-12-07 18:46:13,317][com.java.SeleniumDriver] [  844] - Datavalue is----------10
[INFO ][2015-12-07 18:46:13,317][com.java.SeleniumDriver] [  868] - DataField : DSPmenuSyncProject
[INFO ][2015-12-07 18:46:13,317][com.java.SeleniumDriver] [  870] - DataValue : 10
[INFO ][2015-12-07 18:46:13,317][com.java.SeleniumDriver] [  876] - <In Set values of the page>
[INFO ][2015-12-07 18:46:13,317][com.java.SeleniumDriver] [  879] - {Data Fields & Data Values Exist}
[INFO ][2015-12-07 18:46:13,317][com.java.SeleniumDriver] [  881] - --------------------------setting values-----------------------------
[INFO ][2015-12-07 18:46:13,317][com.java.SeleniumDriver] [  884] - Action Type : WAITFORELEMENT
[INFO ][2015-12-07 18:46:14,551][com.java.SeleniumDriver] [  893] -  RESULT true
[INFO ][2015-12-07 18:46:14,551][com.java.SeleniumDriver] [ 1099] - ?   P A S S   ?
[INFO ][2015-12-07 18:46:14,551][com.java.SeleniumDriver] [  820] - ------------------------------------------
[INFO ][2015-12-07 18:46:14,551][com.java.SeleniumDriver] [  821] - Test case being Executed: 6
[INFO ][2015-12-07 18:46:14,551][com.java.SeleniumDriver] [  832] - Test step:19
[INFO ][2015-12-07 18:46:14,551][com.java.SeleniumDriver] [  844] - Datavalue is----------null
[DEBUG][2015-12-07 18:46:14,551][com.java.SeleniumDriver] [  862] - Exception: null
[INFO ][2015-12-07 18:46:14,551][com.java.SeleniumDriver] [  868] - DataField : HDNmenuSyncProject
[INFO ][2015-12-07 18:46:14,551][com.java.SeleniumDriver] [  870] - DataValue : 
[INFO ][2015-12-07 18:46:14,551][com.java.SeleniumDriver] [  876] - <In Set values of the page>
[INFO ][2015-12-07 18:46:14,551][com.java.SeleniumDriver] [  879] - {Data Fields & Data Values Exist}
[INFO ][2015-12-07 18:46:14,551][com.java.SeleniumDriver] [  881] - --------------------------setting values-----------------------------
[INFO ][2015-12-07 18:46:14,551][com.java.SeleniumDriver] [  884] - Action Type : CLICK
[INFO ][2015-12-07 18:46:14,551][com.java.TestType] [ 5758] - Field ::HDNmenuSyncProject
[INFO ][2015-12-07 18:46:16,707][com.java.SeleniumDriver] [  893] -  RESULT true
[INFO ][2015-12-07 18:46:16,707][com.java.SeleniumDriver] [ 1099] - ?   P A S S   ?
[INFO ][2015-12-07 18:46:16,707][com.java.SeleniumDriver] [  820] - ------------------------------------------
[INFO ][2015-12-07 18:46:16,707][com.java.SeleniumDriver] [  821] - Test case being Executed: 6
[INFO ][2015-12-07 18:46:16,707][com.java.SeleniumDriver] [  832] - Test step:20
[INFO ][2015-12-07 18:46:16,717][com.java.SeleniumDriver] [  844] - Datavalue is----------2
[INFO ][2015-12-07 18:46:16,717][com.java.SeleniumDriver] [  868] - DataField : null
[INFO ][2015-12-07 18:46:16,717][com.java.SeleniumDriver] [  870] - DataValue : 2
[INFO ][2015-12-07 18:46:16,717][com.java.SeleniumDriver] [  876] - <In Set values of the page>
[INFO ][2015-12-07 18:46:16,717][com.java.SeleniumDriver] [  879] - {Data Fields & Data Values Exist}
[INFO ][2015-12-07 18:46:16,717][com.java.SeleniumDriver] [  881] - --------------------------setting values-----------------------------
[INFO ][2015-12-07 18:46:16,717][com.java.SeleniumDriver] [  884] - Action Type : WAITTIME
[DEBUG][2015-12-07 18:46:16,717][com.java.TestType] [ 5250] - sleepTime: 2000
[INFO ][2015-12-07 18:46:18,729][com.java.SeleniumDriver] [  893] -  RESULT true
[INFO ][2015-12-07 18:46:18,729][com.java.SeleniumDriver] [ 1099] - ?   P A S S   ?
[INFO ][2015-12-07 18:46:18,729][com.java.SeleniumDriver] [  820] - ------------------------------------------
[INFO ][2015-12-07 18:46:18,729][com.java.SeleniumDriver] [  821] - Test case being Executed: 6
[INFO ][2015-12-07 18:46:18,729][com.java.SeleniumDriver] [  832] - Test step:21
[INFO ][2015-12-07 18:46:18,729][com.java.SeleniumDriver] [  844] - Datavalue is----------Synchronize Historical
[INFO ][2015-12-07 18:46:18,729][com.java.SeleniumDriver] [  868] - DataField : XPH//span[@id='ui-dialog-title-mdDialog']
[INFO ][2015-12-07 18:46:18,729][com.java.SeleniumDriver] [  870] - DataValue : Synchronize Historical
[INFO ][2015-12-07 18:46:18,729][com.java.SeleniumDriver] [  876] - <In Set values of the page>
[INFO ][2015-12-07 18:46:18,729][com.java.SeleniumDriver] [  879] - {Data Fields & Data Values Exist}
[INFO ][2015-12-07 18:46:18,729][com.java.SeleniumDriver] [  881] - --------------------------setting values-----------------------------
[INFO ][2015-12-07 18:46:18,729][com.java.SeleniumDriver] [  884] - Action Type : VERIFY
[INFO ][2015-12-07 18:46:18,729][com.java.TestType] [ 6636] - field= XPH//span[@id='ui-dialog-title-mdDialog'] value= Synchronize Historical
[INFO ][2015-12-07 18:46:18,729][com.java.TestType] [ 5430] - value = Synchronize Historical
[INFO ][2015-12-07 18:46:18,850][com.java.SeleniumDriver] [  893] -  RESULT true
[INFO ][2015-12-07 18:46:18,850][com.java.SeleniumDriver] [ 1099] - ?   P A S S   ?
[INFO ][2015-12-07 18:46:18,850][com.java.SeleniumDriver] [  820] - ------------------------------------------
[INFO ][2015-12-07 18:46:18,850][com.java.SeleniumDriver] [  821] - Test case being Executed: 6
[INFO ][2015-12-07 18:46:18,850][com.java.SeleniumDriver] [  832] - Test step:22
[INFO ][2015-12-07 18:46:18,850][com.java.SeleniumDriver] [  844] - Datavalue is----------null
[DEBUG][2015-12-07 18:46:18,850][com.java.SeleniumDriver] [  862] - Exception: null
[INFO ][2015-12-07 18:46:18,850][com.java.SeleniumDriver] [  868] - DataField : BTNframeDialogContent
[INFO ][2015-12-07 18:46:18,850][com.java.SeleniumDriver] [  870] - DataValue : 
[INFO ][2015-12-07 18:46:18,850][com.java.SeleniumDriver] [  876] - <In Set values of the page>
[INFO ][2015-12-07 18:46:18,850][com.java.SeleniumDriver] [  879] - {Data Fields & Data Values Exist}
[INFO ][2015-12-07 18:46:18,850][com.java.SeleniumDriver] [  881] - --------------------------setting values-----------------------------
[INFO ][2015-12-07 18:46:18,850][com.java.SeleniumDriver] [  884] - Action Type : SELECTFRAME
[INFO ][2015-12-07 18:46:19,991][com.java.SeleniumDriver] [  893] -  RESULT true
[INFO ][2015-12-07 18:46:19,991][com.java.SeleniumDriver] [ 1099] - ?   P A S S   ?
[INFO ][2015-12-07 18:46:19,991][com.java.SeleniumDriver] [  820] - ------------------------------------------
[INFO ][2015-12-07 18:46:19,991][com.java.SeleniumDriver] [  821] - Test case being Executed: 6
[INFO ][2015-12-07 18:46:19,991][com.java.SeleniumDriver] [  832] - Test step:23
[INFO ][2015-12-07 18:46:19,991][com.java.SeleniumDriver] [  844] - Datavalue is----------index:1
[INFO ][2015-12-07 18:46:19,991][com.java.SeleniumDriver] [  868] - DataField : COBddlSyncThruDate
[INFO ][2015-12-07 18:46:19,991][com.java.SeleniumDriver] [  870] - DataValue : index:1
[INFO ][2015-12-07 18:46:19,991][com.java.SeleniumDriver] [  876] - <In Set values of the page>
[INFO ][2015-12-07 18:46:19,991][com.java.SeleniumDriver] [  879] - {Data Fields & Data Values Exist}
[INFO ][2015-12-07 18:46:19,991][com.java.SeleniumDriver] [  881] - --------------------------setting values-----------------------------
[INFO ][2015-12-07 18:46:19,991][com.java.SeleniumDriver] [  884] - Action Type : SELECT
[INFO ][2015-12-07 18:46:19,991][com.java.TestType] [ 5430] - value = 1
[INFO ][2015-12-07 18:46:21,082][com.java.TestType] [ 5548] -  In COB ddlSyncThruDate : 1
[INFO ][2015-12-07 18:46:21,232][com.java.SeleniumDriver] [  893] -  RESULT true
[INFO ][2015-12-07 18:46:21,232][com.java.SeleniumDriver] [ 1099] - ?   P A S S   ?
[INFO ][2015-12-07 18:46:21,232][com.java.SeleniumDriver] [  820] - ------------------------------------------
[INFO ][2015-12-07 18:46:21,232][com.java.SeleniumDriver] [  821] - Test case being Executed: 6
[INFO ][2015-12-07 18:46:21,232][com.java.SeleniumDriver] [  832] - Test step:24
[INFO ][2015-12-07 18:46:21,232][com.java.SeleniumDriver] [  844] - Datavalue is----------null
[DEBUG][2015-12-07 18:46:21,232][com.java.SeleniumDriver] [  862] - Exception: null
[INFO ][2015-12-07 18:46:21,232][com.java.SeleniumDriver] [  868] - DataField : HDNrdoLLABS
[INFO ][2015-12-07 18:46:21,232][com.java.SeleniumDriver] [  870] - DataValue : 
[INFO ][2015-12-07 18:46:21,232][com.java.SeleniumDriver] [  876] - <In Set values of the page>
[INFO ][2015-12-07 18:46:21,232][com.java.SeleniumDriver] [  879] - {Data Fields & Data Values Exist}
[INFO ][2015-12-07 18:46:21,232][com.java.SeleniumDriver] [  881] - --------------------------setting values-----------------------------
[INFO ][2015-12-07 18:46:21,232][com.java.SeleniumDriver] [  884] - Action Type : CLICK
[INFO ][2015-12-07 18:46:21,232][com.java.TestType] [ 5758] - Field ::HDNrdoLLABS
[INFO ][2015-12-07 18:46:23,313][com.java.SeleniumDriver] [  893] -  RESULT true
[INFO ][2015-12-07 18:46:23,313][com.java.SeleniumDriver] [ 1099] - ?   P A S S   ?
[INFO ][2015-12-07 18:46:23,313][com.java.SeleniumDriver] [  820] - ------------------------------------------
[INFO ][2015-12-07 18:46:23,313][com.java.SeleniumDriver] [  821] - Test case being Executed: 6
[INFO ][2015-12-07 18:46:23,313][com.java.SeleniumDriver] [  832] - Test step:25
[INFO ][2015-12-07 18:46:23,313][com.java.SeleniumDriver] [  844] - Datavalue is----------null
[DEBUG][2015-12-07 18:46:23,313][com.java.SeleniumDriver] [  862] - Exception: null
[INFO ][2015-12-07 18:46:23,313][com.java.SeleniumDriver] [  868] - DataField : HDNbtnSynchronize
[INFO ][2015-12-07 18:46:23,313][com.java.SeleniumDriver] [  870] - DataValue : 
[INFO ][2015-12-07 18:46:23,313][com.java.SeleniumDriver] [  876] - <In Set values of the page>
[INFO ][2015-12-07 18:46:23,313][com.java.SeleniumDriver] [  879] - {Data Fields & Data Values Exist}
[INFO ][2015-12-07 18:46:23,313][com.java.SeleniumDriver] [  881] - --------------------------setting values-----------------------------
[INFO ][2015-12-07 18:46:23,313][com.java.SeleniumDriver] [  884] - Action Type : CLICK
[INFO ][2015-12-07 18:46:23,313][com.java.TestType] [ 5758] - Field ::HDNbtnSynchronize
[INFO ][2015-12-07 18:46:25,739][com.java.SeleniumDriver] [  893] -  RESULT true
[INFO ][2015-12-07 18:46:25,739][com.java.SeleniumDriver] [ 1099] - ?   P A S S   ?
[INFO ][2015-12-07 18:46:25,739][com.java.SeleniumDriver] [  820] - ------------------------------------------
[INFO ][2015-12-07 18:46:25,739][com.java.SeleniumDriver] [  821] - Test case being Executed: 6
[INFO ][2015-12-07 18:46:25,739][com.java.SeleniumDriver] [  832] - Test step:26
[INFO ][2015-12-07 18:46:25,739][com.java.SeleniumDriver] [  844] - Datavalue is----------OK
[INFO ][2015-12-07 18:46:25,739][com.java.SeleniumDriver] [  868] - DataField : CNF
[INFO ][2015-12-07 18:46:25,739][com.java.SeleniumDriver] [  870] - DataValue : OK
[INFO ][2015-12-07 18:46:25,739][com.java.SeleniumDriver] [  876] - <In Set values of the page>
[INFO ][2015-12-07 18:46:25,739][com.java.SeleniumDriver] [  879] - {Data Fields & Data Values Exist}
[INFO ][2015-12-07 18:46:25,739][com.java.SeleniumDriver] [  881] - --------------------------setting values-----------------------------
[INFO ][2015-12-07 18:46:25,739][com.java.SeleniumDriver] [  884] - Action Type : Click
[INFO ][2015-12-07 18:46:25,741][com.java.TestType] [ 5758] - Field ::CNF
[ERROR][2015-12-07 18:46:26,864][com.java.TestType] [ 6026] - Exception in click:: No alert is active (WARNING: The server did not provide any stacktrace information)
Command duration or timeout: 100 milliseconds
Build info: version: '2.48.2', revision: '41bccdd', time: '2015-10-09 19:59:12'
System info: host: 'FVTIII438F1D', ip: '172.17.68.34', os.name: 'Windows 7', os.arch: 'x86', os.version: '6.1', java.version: '1.7.0_55'
Session ID: ae64cb33-4c6f-4f84-bcbf-6907ecbc343a
Driver info: org.openqa.selenium.ie.InternetExplorerDriver
Capabilities [{platform=WINDOWS, javascriptEnabled=true, elementScrollBehavior=0, ignoreZoomSetting=false, enablePersistentHover=true, ie.ensureCleanSession=false, browserName=internet explorer, enableElementCacheCleanup=true, unexpectedAlertBehaviour=dismiss, version=10, ie.usePerProcessProxy=false, ignoreProtectedModeSettings=true, cssSelectorsEnabled=true, requireWindowFocus=false, initialBrowserUrl=http://localhost:11173/, handlesAlerts=true, ie.forceCreateProcessApi=false, nativeEvents=true, browserAttachTimeout=0, ie.browserCommandLineSwitches=, takesScreenshot=true}]
[INFO ][2015-12-07 18:46:26,864][com.java.TestType] [ 6030] - Element :::: not found
[INFO ][2015-12-07 18:46:26,864][com.java.SeleniumDriver] [  893] -  RESULT false
[INFO ][2015-12-07 18:46:26,864][com.java.SeleniumDriver] [  940] - ?   F A I L   ?
[INFO ][2015-12-07 18:46:26,864][com.java.SeleniumDriver] [  948] - Browser Type : IE10
[INFO ][2015-12-07 18:46:26,864][com.java.SeleniumDriver] [  949] - Adding Failed case6
[DEBUG][2015-12-07 18:46:35,055][com.java.SeleniumDriver] [ 1017] -  tdd.getCondition() IF:68:Next
[INFO ][2015-12-07 18:46:35,055][com.java.SeleniumDriver] [ 1021] - Continue next step...
[INFO ][2015-12-07 18:46:35,055][com.java.SeleniumDriver] [  820] - ------------------------------------------
[INFO ][2015-12-07 18:46:35,055][com.java.SeleniumDriver] [  821] - Test case being Executed: 6
[INFO ][2015-12-07 18:46:35,055][com.java.SeleniumDriver] [  832] - Test step:27
[INFO ][2015-12-07 18:46:35,055][com.java.SeleniumDriver] [  844] - Datavalue is----------null
[DEBUG][2015-12-07 18:46:35,055][com.java.SeleniumDriver] [  862] - Exception: null
[INFO ][2015-12-07 18:46:35,055][com.java.SeleniumDriver] [  868] - DataField : BTNParent
[INFO ][2015-12-07 18:46:35,055][com.java.SeleniumDriver] [  870] - DataValue : 
[INFO ][2015-12-07 18:46:35,055][com.java.SeleniumDriver] [  876] - <In Set values of the page>
[INFO ][2015-12-07 18:46:35,055][com.java.SeleniumDriver] [  879] - {Data Fields & Data Values Exist}
[INFO ][2015-12-07 18:46:35,055][com.java.SeleniumDriver] [  881] - --------------------------setting values-----------------------------
[INFO ][2015-12-07 18:46:35,055][com.java.SeleniumDriver] [  884] - Action Type : SELECTFRAME
[INFO ][2015-12-07 18:46:35,056][com.java.SeleniumDriver] [  893] -  RESULT true
[INFO ][2015-12-07 18:46:35,056][com.java.SeleniumDriver] [ 1099] - ?   P A S S   ?
[INFO ][2015-12-07 18:46:35,056][com.java.SeleniumDriver] [  820] - ------------------------------------------
[INFO ][2015-12-07 18:46:35,056][com.java.SeleniumDriver] [  821] - Test case being Executed: 6
[INFO ][2015-12-07 18:46:35,056][com.java.SeleniumDriver] [  832] - Test step:28
[INFO ][2015-12-07 18:46:35,056][com.java.SeleniumDriver] [  844] - Datavalue is----------Synchronize in Progress
[INFO ][2015-12-07 18:46:35,056][com.java.SeleniumDriver] [  868] - DataField : XPH//span[@id='ui-dialog-title-mdDialog']
[INFO ][2015-12-07 18:46:35,056][com.java.SeleniumDriver] [  870] - DataValue : Synchronize in Progress
[INFO ][2015-12-07 18:46:35,056][com.java.SeleniumDriver] [  876] - <In Set values of the page>
[INFO ][2015-12-07 18:46:35,056][com.java.SeleniumDriver] [  879] - {Data Fields & Data Values Exist}
[INFO ][2015-12-07 18:46:35,056][com.java.SeleniumDriver] [  881] - --------------------------setting values-----------------------------
[INFO ][2015-12-07 18:46:35,056][com.java.SeleniumDriver] [  884] - Action Type : VERIFY
[INFO ][2015-12-07 18:46:35,056][com.java.TestType] [ 6636] - field= XPH//span[@id='ui-dialog-title-mdDialog'] value= Synchronize in Progress
[INFO ][2015-12-07 18:46:35,056][com.java.TestType] [ 5430] - value = Synchronize in Progress
[INFO ][2015-12-07 18:46:35,206][com.java.SeleniumDriver] [  893] -  RESULT true
[INFO ][2015-12-07 18:46:35,206][com.java.SeleniumDriver] [ 1099] - ?   P A S S   ?
[INFO ][2015-12-07 18:46:35,206][com.java.SeleniumDriver] [  820] - ------------------------------------------
[INFO ][2015-12-07 18:46:35,206][com.java.SeleniumDriver] [  821] - Test case being Executed: 6
[INFO ][2015-12-07 18:46:35,206][com.java.SeleniumDriver] [  832] - Test step:29
[INFO ][2015-12-07 18:46:35,206][com.java.SeleniumDriver] [  844] - Datavalue is----------null
[DEBUG][2015-12-07 18:46:35,206][com.java.SeleniumDriver] [  862] - Exception: null
[INFO ][2015-12-07 18:46:35,206][com.java.SeleniumDriver] [  868] - DataField : BTNframeDialogContent
[INFO ][2015-12-07 18:46:35,206][com.java.SeleniumDriver] [  870] - DataValue : 
[INFO ][2015-12-07 18:46:35,206][com.java.SeleniumDriver] [  876] - <In Set values of the page>
[INFO ][2015-12-07 18:46:35,206][com.java.SeleniumDriver] [  879] - {Data Fields & Data Values Exist}
[INFO ][2015-12-07 18:46:35,206][com.java.SeleniumDriver] [  881] - --------------------------setting values-----------------------------
[INFO ][2015-12-07 18:46:35,206][com.java.SeleniumDriver] [  884] - Action Type : SELECTFRAME
[INFO ][2015-12-07 18:46:36,347][com.java.SeleniumDriver] [  893] -  RESULT true
[INFO ][2015-12-07 18:46:36,347][com.java.SeleniumDriver] [ 1099] - ?   P A S S   ?
[INFO ][2015-12-07 18:46:36,347][com.java.SeleniumDriver] [  820] - ------------------------------------------
[INFO ][2015-12-07 18:46:36,347][com.java.SeleniumDriver] [  821] - Test case being Executed: 6
[INFO ][2015-12-07 18:46:36,347][com.java.SeleniumDriver] [  832] - Test step:30
[INFO ][2015-12-07 18:46:36,347][com.java.SeleniumDriver] [  844] - Datavalue is----------Your project is now being resynchronized.
[INFO ][2015-12-07 18:46:36,347][com.java.SeleniumDriver] [  868] - DataField : XPH//td[@id='lblEmail']
[INFO ][2015-12-07 18:46:36,347][com.java.SeleniumDriver] [  870] - DataValue : Your project is now being resynchronized.
[INFO ][2015-12-07 18:46:36,347][com.java.SeleniumDriver] [  876] - <In Set values of the page>
[INFO ][2015-12-07 18:46:36,347][com.java.SeleniumDriver] [  879] - {Data Fields & Data Values Exist}
[INFO ][2015-12-07 18:46:36,347][com.java.SeleniumDriver] [  881] - --------------------------setting values-----------------------------
[INFO ][2015-12-07 18:46:36,347][com.java.SeleniumDriver] [  884] - Action Type : VERIFY
[INFO ][2015-12-07 18:46:36,347][com.java.TestType] [ 6636] - field= XPH//td[@id='lblEmail'] value= Your project is now being resynchronized.
[INFO ][2015-12-07 18:46:36,347][com.java.TestType] [ 5430] - value = Your project is now being resynchronized.
[INFO ][2015-12-07 18:46:36,447][com.java.SeleniumDriver] [  893] -  RESULT true
[INFO ][2015-12-07 18:46:36,447][com.java.SeleniumDriver] [ 1099] - ?   P A S S   ?
[INFO ][2015-12-07 18:46:36,447][com.java.SeleniumDriver] [  820] - ------------------------------------------
[INFO ][2015-12-07 18:46:36,447][com.java.SeleniumDriver] [  821] - Test case being Executed: 6
[INFO ][2015-12-07 18:46:36,447][com.java.SeleniumDriver] [  832] - Test step:31
[INFO ][2015-12-07 18:46:36,447][com.java.SeleniumDriver] [  844] - Datavalue is----------null
[DEBUG][2015-12-07 18:46:36,447][com.java.SeleniumDriver] [  862] - Exception: null
[INFO ][2015-12-07 18:46:36,447][com.java.SeleniumDriver] [  868] - DataField : HDNbtnClose
[INFO ][2015-12-07 18:46:36,447][com.java.SeleniumDriver] [  870] - DataValue : 
[INFO ][2015-12-07 18:46:36,447][com.java.SeleniumDriver] [  876] - <In Set values of the page>
[INFO ][2015-12-07 18:46:36,447][com.java.SeleniumDriver] [  879] - {Data Fields & Data Values Exist}
[INFO ][2015-12-07 18:46:36,447][com.java.SeleniumDriver] [  881] - --------------------------setting values-----------------------------
[INFO ][2015-12-07 18:46:36,447][com.java.SeleniumDriver] [  884] - Action Type : CLICK
[INFO ][2015-12-07 18:46:36,447][com.java.TestType] [ 5758] - Field ::HDNbtnClose
[INFO ][2015-12-07 18:46:38,788][com.java.SeleniumDriver] [  893] -  RESULT true
[INFO ][2015-12-07 18:46:38,788][com.java.SeleniumDriver] [ 1099] - ?   P A S S   ?
[INFO ][2015-12-07 18:46:38,788][com.java.SeleniumDriver] [  820] - ------------------------------------------
[INFO ][2015-12-07 18:46:38,788][com.java.SeleniumDriver] [  821] - Test case being Executed: 6
[INFO ][2015-12-07 18:46:38,788][com.java.SeleniumDriver] [  832] - Test step:32
[INFO ][2015-12-07 18:46:38,788][com.java.SeleniumDriver] [  844] - Datavalue is----------Banker'sDashboard
[INFO ][2015-12-07 18:46:38,788][com.java.SeleniumDriver] [  868] - DataField : TTL
[INFO ][2015-12-07 18:46:38,788][com.java.SeleniumDriver] [  870] - DataValue : Banker'sDashboard
[INFO ][2015-12-07 18:46:38,788][com.java.SeleniumDriver] [  876] - <In Set values of the page>
[INFO ][2015-12-07 18:46:38,788][com.java.SeleniumDriver] [  879] - {Data Fields & Data Values Exist}
[INFO ][2015-12-07 18:46:38,788][com.java.SeleniumDriver] [  881] - --------------------------setting values-----------------------------
[INFO ][2015-12-07 18:46:38,788][com.java.SeleniumDriver] [  884] - Action Type : SelectWindow
[INFO ][2015-12-07 18:46:51,245][com.java.SeleniumDriver] [  893] -  RESULT true
[INFO ][2015-12-07 18:46:51,245][com.java.SeleniumDriver] [ 1099] - ?   P A S S   ?
[INFO ][2015-12-07 18:46:51,245][com.java.SeleniumDriver] [  820] - ------------------------------------------
[INFO ][2015-12-07 18:46:51,245][com.java.SeleniumDriver] [  821] - Test case being Executed: 6
[INFO ][2015-12-07 18:46:51,245][com.java.SeleniumDriver] [  832] - Test step:33
[INFO ][2015-12-07 18:46:51,245][com.java.SeleniumDriver] [  844] - Datavalue is----------5
[INFO ][2015-12-07 18:46:51,245][com.java.SeleniumDriver] [  868] - DataField : null
[INFO ][2015-12-07 18:46:51,245][com.java.SeleniumDriver] [  870] - DataValue : 5
[INFO ][2015-12-07 18:46:51,245][com.java.SeleniumDriver] [  876] - <In Set values of the page>
[INFO ][2015-12-07 18:46:51,245][com.java.SeleniumDriver] [  879] - {Data Fields & Data Values Exist}
[INFO ][2015-12-07 18:46:51,245][com.java.SeleniumDriver] [  881] - --------------------------setting values-----------------------------
[INFO ][2015-12-07 18:46:51,245][com.java.SeleniumDriver] [  884] - Action Type : WAITTIME
[DEBUG][2015-12-07 18:46:51,245][com.java.TestType] [ 5250] - sleepTime: 5000
[INFO ][2015-12-07 18:46:56,245][com.java.SeleniumDriver] [  893] -  RESULT true
[INFO ][2015-12-07 18:46:56,245][com.java.SeleniumDriver] [ 1099] - ?   P A S S   ?
[INFO ][2015-12-07 18:46:56,245][com.java.SeleniumDriver] [  820] - ------------------------------------------
[INFO ][2015-12-07 18:46:56,245][com.java.SeleniumDriver] [  821] - Test case being Executed: 6
[INFO ][2015-12-07 18:46:56,245][com.java.SeleniumDriver] [  832] - Test step:34
[INFO ][2015-12-07 18:46:56,245][com.java.SeleniumDriver] [  844] - Datavalue is----------null
[DEBUG][2015-12-07 18:46:56,245][com.java.SeleniumDriver] [  862] - Exception: null
[INFO ][2015-12-07 18:46:56,245][com.java.SeleniumDriver] [  868] - DataField : //span[@class='icon-stats']&&//a[@data-id="Forecasting"]
[INFO ][2015-12-07 18:46:56,245][com.java.SeleniumDriver] [  870] - DataValue : 
[INFO ][2015-12-07 18:46:56,245][com.java.SeleniumDriver] [  876] - <In Set values of the page>
[INFO ][2015-12-07 18:46:56,245][com.java.SeleniumDriver] [  879] - {Data Fields & Data Values Exist}
[INFO ][2015-12-07 18:46:56,245][com.java.SeleniumDriver] [  881] - --------------------------setting values-----------------------------
[INFO ][2015-12-07 18:46:56,245][com.java.SeleniumDriver] [  884] - Action Type : MOUSEOVER
[INFO ][2015-12-07 18:47:19,162][com.java.SeleniumDriver] [  893] -  RESULT true
[INFO ][2015-12-07 18:47:19,162][com.java.SeleniumDriver] [ 1099] - ?   P A S S   ?
[INFO ][2015-12-07 18:47:19,162][com.java.SeleniumDriver] [  820] - ------------------------------------------
[INFO ][2015-12-07 18:47:19,162][com.java.SeleniumDriver] [  821] - Test case being Executed: 6
[INFO ][2015-12-07 18:47:19,162][com.java.SeleniumDriver] [  832] - Test step:35
[INFO ][2015-12-07 18:47:19,162][com.java.SeleniumDriver] [  844] - Datavalue is----------5
[INFO ][2015-12-07 18:47:19,162][com.java.SeleniumDriver] [  868] - DataField : null
[INFO ][2015-12-07 18:47:19,162][com.java.SeleniumDriver] [  870] - DataValue : 5
[INFO ][2015-12-07 18:47:19,162][com.java.SeleniumDriver] [  876] - <In Set values of the page>
[INFO ][2015-12-07 18:47:19,162][com.java.SeleniumDriver] [  879] - {Data Fields & Data Values Exist}
[INFO ][2015-12-07 18:47:19,162][com.java.SeleniumDriver] [  881] - --------------------------setting values-----------------------------
[INFO ][2015-12-07 18:47:19,162][com.java.SeleniumDriver] [  884] - Action Type : WAITTIME
[DEBUG][2015-12-07 18:47:19,162][com.java.TestType] [ 5250] - sleepTime: 5000
[INFO ][2015-12-07 18:47:24,167][com.java.SeleniumDriver] [  893] -  RESULT true
[INFO ][2015-12-07 18:47:24,167][com.java.SeleniumDriver] [ 1099] - ?   P A S S   ?
[INFO ][2015-12-07 18:47:24,167][com.java.SeleniumDriver] [  820] - ------------------------------------------
[INFO ][2015-12-07 18:47:24,167][com.java.SeleniumDriver] [  821] - Test case being Executed: 6
[INFO ][2015-12-07 18:47:24,167][com.java.SeleniumDriver] [  832] - Test step:36
[INFO ][2015-12-07 18:47:24,167][com.java.SeleniumDriver] [  844] - Datavalue is----------Forecasting 
[INFO ][2015-12-07 18:47:24,167][com.java.SeleniumDriver] [  868] - DataField : TTL
[INFO ][2015-12-07 18:47:24,167][com.java.SeleniumDriver] [  870] - DataValue : Forecasting 
[INFO ][2015-12-07 18:47:24,167][com.java.SeleniumDriver] [  876] - <In Set values of the page>
[INFO ][2015-12-07 18:47:24,167][com.java.SeleniumDriver] [  879] - {Data Fields & Data Values Exist}
[INFO ][2015-12-07 18:47:24,167][com.java.SeleniumDriver] [  881] - --------------------------setting values-----------------------------
[INFO ][2015-12-07 18:47:24,167][com.java.SeleniumDriver] [  884] - Action Type : SELECTWINDOW
[INFO ][2015-12-07 18:47:36,723][com.java.SeleniumDriver] [  893] -  RESULT true
[INFO ][2015-12-07 18:47:36,723][com.java.SeleniumDriver] [ 1099] - ?   P A S S   ?
[INFO ][2015-12-07 18:47:36,723][com.java.SeleniumDriver] [  820] - ------------------------------------------
[INFO ][2015-12-07 18:47:36,723][com.java.SeleniumDriver] [  821] - Test case being Executed: 6
[INFO ][2015-12-07 18:47:36,723][com.java.SeleniumDriver] [  832] - Test step:37
[INFO ][2015-12-07 18:47:36,723][com.java.SeleniumDriver] [  844] - Datavalue is----------null
[DEBUG][2015-12-07 18:47:36,723][com.java.SeleniumDriver] [  862] - Exception: null
[INFO ][2015-12-07 18:47:36,723][com.java.SeleniumDriver] [  868] - DataField : BTNframeDialogContent
[INFO ][2015-12-07 18:47:36,723][com.java.SeleniumDriver] [  870] - DataValue : 
[INFO ][2015-12-07 18:47:36,723][com.java.SeleniumDriver] [  876] - <In Set values of the page>
[INFO ][2015-12-07 18:47:36,723][com.java.SeleniumDriver] [  879] - {Data Fields & Data Values Exist}
[INFO ][2015-12-07 18:47:36,723][com.java.SeleniumDriver] [  881] - --------------------------setting values-----------------------------
[INFO ][2015-12-07 18:47:36,723][com.java.SeleniumDriver] [  884] - Action Type : SELECTFRAME
[INFO ][2015-12-07 18:47:37,854][com.java.SeleniumDriver] [  893] -  RESULT true
[INFO ][2015-12-07 18:47:37,854][com.java.SeleniumDriver] [ 1099] - ?   P A S S   ?
[INFO ][2015-12-07 18:47:37,854][com.java.SeleniumDriver] [  820] - ------------------------------------------
[INFO ][2015-12-07 18:47:37,854][com.java.SeleniumDriver] [  821] - Test case being Executed: 6
[INFO ][2015-12-07 18:47:37,854][com.java.SeleniumDriver] [  832] - Test step:38
[INFO ][2015-12-07 18:47:37,854][com.java.SeleniumDriver] [  844] - Datavalue is----------10
[INFO ][2015-12-07 18:47:37,854][com.java.SeleniumDriver] [  868] - DataField : DSPddlProjects
[INFO ][2015-12-07 18:47:37,854][com.java.SeleniumDriver] [  870] - DataValue : 10
[INFO ][2015-12-07 18:47:37,854][com.java.SeleniumDriver] [  876] - <In Set values of the page>
[INFO ][2015-12-07 18:47:37,854][com.java.SeleniumDriver] [  879] - {Data Fields & Data Values Exist}
[INFO ][2015-12-07 18:47:37,854][com.java.SeleniumDriver] [  881] - --------------------------setting values-----------------------------
[INFO ][2015-12-07 18:47:37,854][com.java.SeleniumDriver] [  884] - Action Type : WAITFORELEMENT
[INFO ][2015-12-07 18:47:38,955][com.java.SeleniumDriver] [  893] -  RESULT true
[INFO ][2015-12-07 18:47:38,955][com.java.SeleniumDriver] [ 1099] - ?   P A S S   ?
[INFO ][2015-12-07 18:47:38,955][com.java.SeleniumDriver] [  820] - ------------------------------------------
[INFO ][2015-12-07 18:47:38,955][com.java.SeleniumDriver] [  821] - Test case being Executed: 6
[INFO ][2015-12-07 18:47:38,955][com.java.SeleniumDriver] [  832] - Test step:39
[INFO ][2015-12-07 18:47:38,955][com.java.SeleniumDriver] [  844] - Datavalue is----------HMVCurrentProject
[INFO ][2015-12-07 18:47:38,955][com.java.SeleniumDriver] [  868] - DataField : XPHddlProjects
[INFO ][2015-12-07 18:47:38,955][com.java.SeleniumDriver] [  870] - DataValue : HMVCurrentProject
[INFO ][2015-12-07 18:47:38,955][com.java.SeleniumDriver] [  876] - <In Set values of the page>
[INFO ][2015-12-07 18:47:38,955][com.java.SeleniumDriver] [  879] - {Data Fields & Data Values Exist}
[INFO ][2015-12-07 18:47:38,955][com.java.SeleniumDriver] [  881] - --------------------------setting values-----------------------------
[INFO ][2015-12-07 18:47:38,955][com.java.SeleniumDriver] [  884] - Action Type : VERIFYNOTPRESENT
[INFO ][2015-12-07 18:47:38,955][com.java.TestType] [ 8090] - field= XPHddlProjects value= HMVCurrentProject
[INFO ][2015-12-07 18:47:40,076][com.java.SeleniumDriver] [  893] -  RESULT true
[INFO ][2015-12-07 18:47:40,076][com.java.SeleniumDriver] [ 1099] - ?   P A S S   ?
[INFO ][2015-12-07 18:47:40,076][com.java.SeleniumDriver] [  820] - ------------------------------------------
[INFO ][2015-12-07 18:47:40,076][com.java.SeleniumDriver] [  821] - Test case being Executed: 6
[INFO ][2015-12-07 18:47:40,076][com.java.SeleniumDriver] [  832] - Test step:40
[INFO ][2015-12-07 18:47:40,076][com.java.SeleniumDriver] [  844] - Datavalue is----------null
[DEBUG][2015-12-07 18:47:40,076][com.java.SeleniumDriver] [  862] - Exception: null
[INFO ][2015-12-07 18:47:40,076][com.java.SeleniumDriver] [  868] - DataField : BTNParent
[INFO ][2015-12-07 18:47:40,076][com.java.SeleniumDriver] [  870] - DataValue : 
[INFO ][2015-12-07 18:47:40,076][com.java.SeleniumDriver] [  876] - <In Set values of the page>
[INFO ][2015-12-07 18:47:40,076][com.java.SeleniumDriver] [  879] - {Data Fields & Data Values Exist}
[INFO ][2015-12-07 18:47:40,076][com.java.SeleniumDriver] [  881] - --------------------------setting values-----------------------------
[INFO ][2015-12-07 18:47:40,076][com.java.SeleniumDriver] [  884] - Action Type : SELECTFRAME
[INFO ][2015-12-07 18:47:40,086][com.java.SeleniumDriver] [  893] -  RESULT true
[INFO ][2015-12-07 18:47:40,086][com.java.SeleniumDriver] [ 1099] - ?   P A S S   ?
[INFO ][2015-12-07 18:47:40,086][com.java.SeleniumDriver] [  820] - ------------------------------------------
[INFO ][2015-12-07 18:47:40,086][com.java.SeleniumDriver] [  821] - Test case being Executed: 6
[INFO ][2015-12-07 18:47:40,086][com.java.SeleniumDriver] [  832] - Test step:41
[INFO ][2015-12-07 18:47:40,086][com.java.SeleniumDriver] [  844] - Datavalue is----------Forecasting 
[INFO ][2015-12-07 18:47:40,086][com.java.SeleniumDriver] [  868] - DataField : TTL
[INFO ][2015-12-07 18:47:40,086][com.java.SeleniumDriver] [  870] - DataValue : Forecasting 
[INFO ][2015-12-07 18:47:40,086][com.java.SeleniumDriver] [  876] - <In Set values of the page>
[INFO ][2015-12-07 18:47:40,086][com.java.SeleniumDriver] [  879] - {Data Fields & Data Values Exist}
[INFO ][2015-12-07 18:47:40,086][com.java.SeleniumDriver] [  881] - --------------------------setting values-----------------------------
[INFO ][2015-12-07 18:47:40,086][com.java.SeleniumDriver] [  884] - Action Type : CLOSEWINDOW
[INFO ][2015-12-07 18:47:40,376][com.java.SeleniumDriver] [  893] -  RESULT true
[INFO ][2015-12-07 18:47:40,376][com.java.SeleniumDriver] [ 1099] - ?   P A S S   ?
[INFO ][2015-12-07 18:47:40,376][com.java.SeleniumDriver] [  820] - ------------------------------------------
[INFO ][2015-12-07 18:47:40,376][com.java.SeleniumDriver] [  821] - Test case being Executed: 6
[INFO ][2015-12-07 18:47:40,376][com.java.SeleniumDriver] [  832] - Test step:42
[INFO ][2015-12-07 18:47:40,376][com.java.SeleniumDriver] [  844] - Datavalue is----------5
[INFO ][2015-12-07 18:47:40,376][com.java.SeleniumDriver] [  868] - DataField : null
[INFO ][2015-12-07 18:47:40,376][com.java.SeleniumDriver] [  870] - DataValue : 5
[INFO ][2015-12-07 18:47:40,376][com.java.SeleniumDriver] [  876] - <In Set values of the page>
[INFO ][2015-12-07 18:47:40,376][com.java.SeleniumDriver] [  879] - {Data Fields & Data Values Exist}
[INFO ][2015-12-07 18:47:40,376][com.java.SeleniumDriver] [  881] - --------------------------setting values-----------------------------
[INFO ][2015-12-07 18:47:40,376][com.java.SeleniumDriver] [  884] - Action Type : WAITTIME
[DEBUG][2015-12-07 18:47:40,376][com.java.TestType] [ 5250] - sleepTime: 5000
[INFO ][2015-12-07 18:47:45,376][com.java.SeleniumDriver] [  893] -  RESULT true
[INFO ][2015-12-07 18:47:45,376][com.java.SeleniumDriver] [ 1099] - ?   P A S S   ?
[INFO ][2015-12-07 18:47:45,376][com.java.SeleniumDriver] [  820] - ------------------------------------------
[INFO ][2015-12-07 18:47:45,376][com.java.SeleniumDriver] [  821] - Test case being Executed: 6
[INFO ][2015-12-07 18:47:45,376][com.java.SeleniumDriver] [  832] - Test step:43
[INFO ][2015-12-07 18:47:45,376][com.java.SeleniumDriver] [  844] - Datavalue is----------Banker'sDashboard
[INFO ][2015-12-07 18:47:45,376][com.java.SeleniumDriver] [  868] - DataField : TTL
[INFO ][2015-12-07 18:47:45,376][com.java.SeleniumDriver] [  870] - DataValue : Banker'sDashboard
[INFO ][2015-12-07 18:47:45,376][com.java.SeleniumDriver] [  876] - <In Set values of the page>
[INFO ][2015-12-07 18:47:45,376][com.java.SeleniumDriver] [  879] - {Data Fields & Data Values Exist}
[INFO ][2015-12-07 18:47:45,376][com.java.SeleniumDriver] [  881] - --------------------------setting values-----------------------------
[INFO ][2015-12-07 18:47:45,376][com.java.SeleniumDriver] [  884] - Action Type : SelectWindow
[INFO ][2015-12-07 18:47:57,829][com.java.SeleniumDriver] [  893] -  RESULT true
[INFO ][2015-12-07 18:47:57,829][com.java.SeleniumDriver] [ 1099] - ?   P A S S   ?
[INFO ][2015-12-07 18:47:57,829][com.java.SeleniumDriver] [  820] - ------------------------------------------
[INFO ][2015-12-07 18:47:57,829][com.java.SeleniumDriver] [  821] - Test case being Executed: 6
[INFO ][2015-12-07 18:47:57,829][com.java.SeleniumDriver] [  832] - Test step:44
[INFO ][2015-12-07 18:47:57,829][com.java.SeleniumDriver] [  844] - Datavalue is----------Logout
[INFO ][2015-12-07 18:47:57,829][com.java.SeleniumDriver] [  868] - DataField : test
[INFO ][2015-12-07 18:47:57,829][com.java.SeleniumDriver] [  870] - DataValue : Logout
[INFO ][2015-12-07 18:47:57,829][com.java.SeleniumDriver] [  876] - <In Set values of the page>
[INFO ][2015-12-07 18:47:57,829][com.java.SeleniumDriver] [  879] - {Data Fields & Data Values Exist}
[INFO ][2015-12-07 18:47:57,829][com.java.SeleniumDriver] [  881] - --------------------------setting values-----------------------------
[INFO ][2015-12-07 18:47:57,829][com.java.SeleniumDriver] [  884] - Action Type : Logout
[INFO ][2015-12-07 18:48:00,089][com.java.TestType] [ 5758] - Field ::CNF
[ERROR][2015-12-07 18:48:01,189][com.java.TestType] [ 6026] - Exception in click:: No alert is active (WARNING: The server did not provide any stacktrace information)
Command duration or timeout: 100 milliseconds
Build info: version: '2.48.2', revision: '41bccdd', time: '2015-10-09 19:59:12'
System info: host: 'FVTIII438F1D', ip: '172.17.68.34', os.name: 'Windows 7', os.arch: 'x86', os.version: '6.1', java.version: '1.7.0_55'
Session ID: ae64cb33-4c6f-4f84-bcbf-6907ecbc343a
Driver info: org.openqa.selenium.ie.InternetExplorerDriver
Capabilities [{platform=WINDOWS, javascriptEnabled=true, elementScrollBehavior=0, ignoreZoomSetting=false, enablePersistentHover=true, ie.ensureCleanSession=false, browserName=internet explorer, enableElementCacheCleanup=true, unexpectedAlertBehaviour=dismiss, version=10, ie.usePerProcessProxy=false, ignoreProtectedModeSettings=true, cssSelectorsEnabled=true, requireWindowFocus=false, initialBrowserUrl=http://localhost:11173/, handlesAlerts=true, ie.forceCreateProcessApi=false, nativeEvents=true, browserAttachTimeout=0, ie.browserCommandLineSwitches=, takesScreenshot=true}]
[INFO ][2015-12-07 18:48:01,189][com.java.TestType] [ 6030] - Element :::: not found
[DEBUG][2015-12-07 18:48:02,869][com.java.SeleniumDriver] [  426] - Hub ip address is-------172.17.68.34
[INFO ][2015-12-07 18:48:02,869][com.java.SeleniumDriver] [  452] - Grid URL:http://172.17.68.34:4444/wd/hub
[INFO ][2015-12-07 18:48:02,869][com.java.SeleniumDriver] [  453] - Capability:Capabilities [{platform=ANY, ensureCleanSession=true, ignoreProtectedModeSettings=true, acceptSslCerts=true, ignoreZoomSetting=true, browserName=internet explorer, browserstack.ie.noFlash=true, version=null}]
[ERROR][2015-12-07 18:48:03,870][com.java.SeleniumDriver] [  497] - Unable invoke browser in grid:Could not start a new session. Possible causes are invalid address of the remote server or browser start-up failure.
Build info: version: '2.48.2', revision: '41bccdd', time: '2015-10-09 19:59:12'
System info: host: 'FVTIII438F1D', ip: '172.17.68.34', os.name: 'Windows 7', os.arch: 'x86', os.version: '6.1', java.version: '1.7.0_55'
Driver info: driver.version: SeleniumDriver
[INFO ][2015-12-07 18:48:03,870][com.java.SeleniumDriver] [  499] - Executing on local machine
[INFO ][2015-12-07 18:48:13,455][com.java.SeleniumDriver] [  893] -  RESULT true
[INFO ][2015-12-07 18:48:13,455][com.java.SeleniumDriver] [ 1099] - ?   P A S S   ?
[INFO ][2015-12-07 18:48:13,455][com.java.SeleniumDriver] [  820] - ------------------------------------------
[INFO ][2015-12-07 18:48:13,455][com.java.SeleniumDriver] [  821] - Test case being Executed: 6
[INFO ][2015-12-07 18:48:13,455][com.java.SeleniumDriver] [  832] - Test step:45
[INFO ][2015-12-07 18:48:13,455][com.java.SeleniumDriver] [  844] - Datavalue is----------Logout
[INFO ][2015-12-07 18:48:13,455][com.java.SeleniumDriver] [  868] - DataField : BTN
[INFO ][2015-12-07 18:48:13,455][com.java.SeleniumDriver] [  870] - DataValue : Logout
[INFO ][2015-12-07 18:48:13,455][com.java.SeleniumDriver] [  876] - <In Set values of the page>
[INFO ][2015-12-07 18:48:13,455][com.java.SeleniumDriver] [  879] - {Data Fields & Data Values Exist}
[INFO ][2015-12-07 18:48:13,455][com.java.SeleniumDriver] [  881] - --------------------------setting values-----------------------------
[INFO ][2015-12-07 18:48:13,455][com.java.SeleniumDriver] [  884] - Action Type : Verify
[INFO ][2015-12-07 18:48:13,455][com.java.TestType] [ 6636] - field= BTN value= Logout
[INFO ][2015-12-07 18:48:13,455][com.java.TestType] [ 5430] - value = Logout
[DEBUG][2015-12-07 18:48:49,642][com.java.TestType] [ 6346] - Logout   :: Element not Found
[ERROR][2015-12-07 18:49:06,738][com.java.TestType] [ 7347] - Assertion Error: 
[INFO ][2015-12-07 18:49:06,738][com.java.SeleniumDriver] [  893] -  RESULT false
[INFO ][2015-12-07 18:49:06,738][com.java.SeleniumDriver] [  940] - ?   F A I L   ?
[INFO ][2015-12-07 18:49:06,738][com.java.SeleniumDriver] [  948] - Browser Type : IE10
[INFO ][2015-12-07 18:49:06,738][com.java.SeleniumDriver] [  949] - Adding Failed case6
[DEBUG][2015-12-07 18:49:07,379][com.java.SeleniumDriver] [ 1017] -  tdd.getCondition() IF:49:Next
[INFO ][2015-12-07 18:49:07,379][com.java.SeleniumDriver] [ 1021] - Continue next step...
[INFO ][2015-12-07 18:49:07,379][com.java.SeleniumDriver] [  820] - ------------------------------------------
[INFO ][2015-12-07 18:49:07,379][com.java.SeleniumDriver] [  821] - Test case being Executed: 6
[INFO ][2015-12-07 18:49:07,379][com.java.SeleniumDriver] [  832] - Test step:46
[INFO ][2015-12-07 18:49:07,379][com.java.SeleniumDriver] [  844] - Datavalue is----------Concept#1:1-14
[INFO ][2015-12-07 18:49:07,379][com.java.SeleniumDriver] [  868] - DataField : test
[INFO ][2015-12-07 18:49:07,379][com.java.SeleniumDriver] [  870] - DataValue : Concept#1:1-14
[INFO ][2015-12-07 18:49:07,379][com.java.SeleniumDriver] [  876] - <In Set values of the page>
[INFO ][2015-12-07 18:49:07,379][com.java.SeleniumDriver] [  879] - {Data Fields & Data Values Exist}
[INFO ][2015-12-07 18:49:07,379][com.java.SeleniumDriver] [  881] - --------------------------setting values-----------------------------
[INFO ][2015-12-07 18:49:07,379][com.java.SeleniumDriver] [  884] - Action Type : ExecuteTestCase
[INFO ][2015-12-07 18:49:07,379][com.java.TestType] [  436] - The Concept sheet name is ---------- Concept
[INFO ][2015-12-07 18:49:07,379][com.java.TestType] [  439] - The Concept ID  is ---------- 1
[DEBUG][2015-12-07 18:49:07,379][com.java.TestType] [  443] - Steps being executted in the Concept are: 1:14
[INFO ][2015-12-07 18:49:07,379][com.java.TestType] [  450] - Test data details path ---------- D:\BankersDashboard\TestInputs\TestData.xls
[INFO ][2015-12-07 18:49:07,889][com.java.TestType] [  481] -  str(1) = 1
[INFO ][2015-12-07 18:49:07,889][com.java.TestType] [  484] - Test case Id is---1
[INFO ][2015-12-07 18:49:07,889][com.java.TestType] [  486] - 1
[INFO ][2015-12-07 18:49:07,889][com.java.TestType] [  481] -  str(2) = 1
[INFO ][2015-12-07 18:49:07,889][com.java.TestType] [  533] - row values are--------{1=com.java.Objects.TestDataDetails@18e490f}
[INFO ][2015-12-07 18:49:07,889][com.java.TestType] [  481] -  str(1) = 1
[INFO ][2015-12-07 18:49:07,889][com.java.TestType] [  484] - Test case Id is---1
[INFO ][2015-12-07 18:49:07,889][com.java.TestType] [  486] - 1
[INFO ][2015-12-07 18:49:07,889][com.java.TestType] [  481] -  str(2) = 2
[INFO ][2015-12-07 18:49:07,889][com.java.TestType] [  533] - row values are--------{1=com.java.Objects.TestDataDetails@18e490f, 2=com.java.Objects.TestDataDetails@116331d}
[INFO ][2015-12-07 18:49:07,889][com.java.TestType] [  481] -  str(1) = 1
[INFO ][2015-12-07 18:49:07,889][com.java.TestType] [  484] - Test case Id is---1
[INFO ][2015-12-07 18:49:07,889][com.java.TestType] [  486] - 1
[INFO ][2015-12-07 18:49:07,889][com.java.TestType] [  481] -  str(2) = 3
[INFO ][2015-12-07 18:49:07,889][com.java.TestType] [  533] - row values are--------{1=com.java.Objects.TestDataDetails@18e490f, 2=com.java.Objects.TestDataDetails@116331d, 3=com.java.Objects.TestDataDetails@14dd379}
[INFO ][2015-12-07 18:49:07,889][com.java.TestType] [  481] -  str(1) = 1
[INFO ][2015-12-07 18:49:07,889][com.java.TestType] [  484] - Test case Id is---1
[INFO ][2015-12-07 18:49:07,889][com.java.TestType] [  486] - 1
[INFO ][2015-12-07 18:49:07,889][com.java.TestType] [  481] -  str(2) = 4
[INFO ][2015-12-07 18:49:07,889][com.java.TestType] [  533] - row values are--------{1=com.java.Objects.TestDataDetails@18e490f, 2=com.java.Objects.TestDataDetails@116331d, 3=com.java.Objects.TestDataDetails@14dd379, 4=com.java.Objects.TestDataDetails@a65611}
[INFO ][2015-12-07 18:49:07,889][com.java.TestType] [  481] -  str(1) = 1
[INFO ][2015-12-07 18:49:07,889][com.java.TestType] [  484] - Test case Id is---1
[INFO ][2015-12-07 18:49:07,889][com.java.TestType] [  486] - 1
[INFO ][2015-12-07 18:49:07,889][com.java.TestType] [  481] -  str(2) = 5
[INFO ][2015-12-07 18:49:07,889][com.java.TestType] [  533] - row values are--------{1=com.java.Objects.TestDataDetails@18e490f, 2=com.java.Objects.TestDataDetails@116331d, 3=com.java.Objects.TestDataDetails@14dd379, 4=com.java.Objects.TestDataDetails@a65611, 5=com.java.Objects.TestDataDetails@15b74fd}
[INFO ][2015-12-07 18:49:07,889][com.java.TestType] [  481] -  str(1) = 1
[INFO ][2015-12-07 18:49:07,889][com.java.TestType] [  484] - Test case Id is---1
[INFO ][2015-12-07 18:49:07,889][com.java.TestType] [  486] - 1
[INFO ][2015-12-07 18:49:07,889][com.java.TestType] [  481] -  str(2) = 6
[INFO ][2015-12-07 18:49:07,889][com.java.TestType] [  533] - row values are--------{1=com.java.Objects.TestDataDetails@18e490f, 2=com.java.Objects.TestDataDetails@116331d, 3=com.java.Objects.TestDataDetails@14dd379, 4=com.java.Objects.TestDataDetails@a65611, 5=com.java.Objects.TestDataDetails@15b74fd, 6=com.java.Objects.TestDataDetails@2d22b0}
[INFO ][2015-12-07 18:49:07,889][com.java.TestType] [  481] -  str(1) = 1
[INFO ][2015-12-07 18:49:07,889][com.java.TestType] [  484] - Test case Id is---1
[INFO ][2015-12-07 18:49:07,889][com.java.TestType] [  486] - 1
[INFO ][2015-12-07 18:49:07,889][com.java.TestType] [  481] -  str(2) = 7
[INFO ][2015-12-07 18:49:07,899][com.java.TestType] [  533] - row values are--------{1=com.java.Objects.TestDataDetails@18e490f, 2=com.java.Objects.TestDataDetails@116331d, 3=com.java.Objects.TestDataDetails@14dd379, 4=com.java.Objects.TestDataDetails@a65611, 5=com.java.Objects.TestDataDetails@15b74fd, 6=com.java.Objects.TestDataDetails@2d22b0, 7=com.java.Objects.TestDataDetails@1d7f73}
[INFO ][2015-12-07 18:49:07,899][com.java.TestType] [  481] -  str(1) = 1
[INFO ][2015-12-07 18:49:07,899][com.java.TestType] [  484] - Test case Id is---1
[INFO ][2015-12-07 18:49:07,899][com.java.TestType] [  486] - 1
[INFO ][2015-12-07 18:49:07,899][com.java.TestType] [  481] -  str(2) = 8
[INFO ][2015-12-07 18:49:07,899][com.java.TestType] [  533] - row values are--------{1=com.java.Objects.TestDataDetails@18e490f, 2=com.java.Objects.TestDataDetails@116331d, 3=com.java.Objects.TestDataDetails@14dd379, 4=com.java.Objects.TestDataDetails@a65611, 5=com.java.Objects.TestDataDetails@15b74fd, 6=com.java.Objects.TestDataDetails@2d22b0, 7=com.java.Objects.TestDataDetails@1d7f73, 8=com.java.Objects.TestDataDetails@dd9094}
[INFO ][2015-12-07 18:49:07,899][com.java.TestType] [  481] -  str(1) = 1
[INFO ][2015-12-07 18:49:07,899][com.java.TestType] [  484] - Test case Id is---1
[INFO ][2015-12-07 18:49:07,899][com.java.TestType] [  486] - 1
[INFO ][2015-12-07 18:49:07,899][com.java.TestType] [  481] -  str(2) = 9
[INFO ][2015-12-07 18:49:07,899][com.java.TestType] [  533] - row values are--------{1=com.java.Objects.TestDataDetails@18e490f, 2=com.java.Objects.TestDataDetails@116331d, 3=com.java.Objects.TestDataDetails@14dd379, 4=com.java.Objects.TestDataDetails@a65611, 5=com.java.Objects.TestDataDetails@15b74fd, 6=com.java.Objects.TestDataDetails@2d22b0, 7=com.java.Objects.TestDataDetails@1d7f73, 8=com.java.Objects.TestDataDetails@dd9094, 9=com.java.Objects.TestDataDetails@102b5ab}
[INFO ][2015-12-07 18:49:07,899][com.java.TestType] [  481] -  str(1) = 1
[INFO ][2015-12-07 18:49:07,899][com.java.TestType] [  484] - Test case Id is---1
[INFO ][2015-12-07 18:49:07,899][com.java.TestType] [  486] - 1
[INFO ][2015-12-07 18:49:07,899][com.java.TestType] [  481] -  str(2) = 10
[INFO ][2015-12-07 18:49:07,899][com.java.TestType] [  533] - row values are--------{1=com.java.Objects.TestDataDetails@18e490f, 2=com.java.Objects.TestDataDetails@116331d, 3=com.java.Objects.TestDataDetails@14dd379, 4=com.java.Objects.TestDataDetails@a65611, 5=com.java.Objects.TestDataDetails@15b74fd, 6=com.java.Objects.TestDataDetails@2d22b0, 7=com.java.Objects.TestDataDetails@1d7f73, 8=com.java.Objects.TestDataDetails@dd9094, 9=com.java.Objects.TestDataDetails@102b5ab, 10=com.java.Objects.TestDataDetails@c10304}
[INFO ][2015-12-07 18:49:07,899][com.java.TestType] [  481] -  str(1) = 1
[INFO ][2015-12-07 18:49:07,899][com.java.TestType] [  484] - Test case Id is---1
[INFO ][2015-12-07 18:49:07,899][com.java.TestType] [  486] - 1
[INFO ][2015-12-07 18:49:07,899][com.java.TestType] [  481] -  str(2) = 11
[INFO ][2015-12-07 18:49:07,899][com.java.TestType] [  533] - row values are--------{1=com.java.Objects.TestDataDetails@18e490f, 2=com.java.Objects.TestDataDetails@116331d, 3=com.java.Objects.TestDataDetails@14dd379, 4=com.java.Objects.TestDataDetails@a65611, 5=com.java.Objects.TestDataDetails@15b74fd, 6=com.java.Objects.TestDataDetails@2d22b0, 7=com.java.Objects.TestDataDetails@1d7f73, 8=com.java.Objects.TestDataDetails@dd9094, 9=com.java.Objects.TestDataDetails@102b5ab, 10=com.java.Objects.TestDataDetails@c10304, 11=com.java.Objects.TestDataDetails@9420f9}
[INFO ][2015-12-07 18:49:07,899][com.java.TestType] [  481] -  str(1) = 1
[INFO ][2015-12-07 18:49:07,899][com.java.TestType] [  484] - Test case Id is---1
[INFO ][2015-12-07 18:49:07,899][com.java.TestType] [  486] - 1
[INFO ][2015-12-07 18:49:07,899][com.java.TestType] [  481] -  str(2) = 12
[INFO ][2015-12-07 18:49:07,899][com.java.TestType] [  533] - row values are--------{1=com.java.Objects.TestDataDetails@18e490f, 2=com.java.Objects.TestDataDetails@116331d, 3=com.java.Objects.TestDataDetails@14dd379, 4=com.java.Objects.TestDataDetails@a65611, 5=com.java.Objects.TestDataDetails@15b74fd, 6=com.java.Objects.TestDataDetails@2d22b0, 7=com.java.Objects.TestDataDetails@1d7f73, 8=com.java.Objects.TestDataDetails@dd9094, 9=com.java.Objects.TestDataDetails@102b5ab, 10=com.java.Objects.TestDataDetails@c10304, 11=com.java.Objects.TestDataDetails@9420f9, 12=com.java.Objects.TestDataDetails@193358c}
[INFO ][2015-12-07 18:49:07,899][com.java.TestType] [  481] -  str(1) = 1
[INFO ][2015-12-07 18:49:07,899][com.java.TestType] [  484] - Test case Id is---1
[INFO ][2015-12-07 18:49:07,899][com.java.TestType] [  486] - 1
[INFO ][2015-12-07 18:49:07,899][com.java.TestType] [  481] -  str(2) = 13
[INFO ][2015-12-07 18:49:07,899][com.java.TestType] [  533] - row values are--------{1=com.java.Objects.TestDataDetails@18e490f, 2=com.java.Objects.TestDataDetails@116331d, 3=com.java.Objects.TestDataDetails@14dd379, 4=com.java.Objects.TestDataDetails@a65611, 5=com.java.Objects.TestDataDetails@15b74fd, 6=com.java.Objects.TestDataDetails@2d22b0, 7=com.java.Objects.TestDataDetails@1d7f73, 8=com.java.Objects.TestDataDetails@dd9094, 9=com.java.Objects.TestDataDetails@102b5ab, 10=com.java.Objects.TestDataDetails@c10304, 11=com.java.Objects.TestDataDetails@9420f9, 12=com.java.Objects.TestDataDetails@193358c, 13=com.java.Objects.TestDataDetails@1317188}
[INFO ][2015-12-07 18:49:07,899][com.java.TestType] [  481] -  str(1) = 1
[INFO ][2015-12-07 18:49:07,899][com.java.TestType] [  484] - Test case Id is---1
[INFO ][2015-12-07 18:49:07,899][com.java.TestType] [  486] - 1
[INFO ][2015-12-07 18:49:07,899][com.java.TestType] [  481] -  str(2) = 14
[INFO ][2015-12-07 18:49:07,899][com.java.TestType] [  533] - row values are--------{1=com.java.Objects.TestDataDetails@18e490f, 2=com.java.Objects.TestDataDetails@116331d, 3=com.java.Objects.TestDataDetails@14dd379, 4=com.java.Objects.TestDataDetails@a65611, 5=com.java.Objects.TestDataDetails@15b74fd, 6=com.java.Objects.TestDataDetails@2d22b0, 7=com.java.Objects.TestDataDetails@1d7f73, 8=com.java.Objects.TestDataDetails@dd9094, 9=com.java.Objects.TestDataDetails@102b5ab, 10=com.java.Objects.TestDataDetails@c10304, 11=com.java.Objects.TestDataDetails@9420f9, 12=com.java.Objects.TestDataDetails@193358c, 13=com.java.Objects.TestDataDetails@1317188, 14=com.java.Objects.TestDataDetails@45ac2e}
[INFO ][2015-12-07 18:49:07,899][com.java.TestType] [  481] -  str(1) = 1
[INFO ][2015-12-07 18:49:07,899][com.java.TestType] [  484] - Test case Id is---1
[INFO ][2015-12-07 18:49:07,899][com.java.TestType] [  486] - 1
[INFO ][2015-12-07 18:49:07,899][com.java.TestType] [  481] -  str(2) = 15
[INFO ][2015-12-07 18:49:07,899][com.java.TestType] [  533] - row values are--------{1=com.java.Objects.TestDataDetails@18e490f, 2=com.java.Objects.TestDataDetails@116331d, 3=com.java.Objects.TestDataDetails@14dd379, 4=com.java.Objects.TestDataDetails@a65611, 5=com.java.Objects.TestDataDetails@15b74fd, 6=com.java.Objects.TestDataDetails@2d22b0, 7=com.java.Objects.TestDataDetails@1d7f73, 8=com.java.Objects.TestDataDetails@dd9094, 9=com.java.Objects.TestDataDetails@102b5ab, 10=com.java.Objects.TestDataDetails@c10304, 11=com.java.Objects.TestDataDetails@9420f9, 12=com.java.Objects.TestDataDetails@193358c, 13=com.java.Objects.TestDataDetails@1317188, 14=com.java.Objects.TestDataDetails@45ac2e, 15=com.java.Objects.TestDataDetails@12dedd}
[INFO ][2015-12-07 18:49:07,899][com.java.TestType] [  481] -  str(1) = 1
[INFO ][2015-12-07 18:49:07,899][com.java.TestType] [  484] - Test case Id is---1
[INFO ][2015-12-07 18:49:07,899][com.java.TestType] [  486] - 1
[INFO ][2015-12-07 18:49:07,899][com.java.TestType] [  481] -  str(2) = 16
[INFO ][2015-12-07 18:49:07,899][com.java.TestType] [  533] - row values are--------{1=com.java.Objects.TestDataDetails@18e490f, 2=com.java.Objects.TestDataDetails@116331d, 3=com.java.Objects.TestDataDetails@14dd379, 4=com.java.Objects.TestDataDetails@a65611, 5=com.java.Objects.TestDataDetails@15b74fd, 6=com.java.Objects.TestDataDetails@2d22b0, 7=com.java.Objects.TestDataDetails@1d7f73, 8=com.java.Objects.TestDataDetails@dd9094, 9=com.java.Objects.TestDataDetails@102b5ab, 10=com.java.Objects.TestDataDetails@c10304, 11=com.java.Objects.TestDataDetails@9420f9, 12=com.java.Objects.TestDataDetails@193358c, 13=com.java.Objects.TestDataDetails@1317188, 14=com.java.Objects.TestDataDetails@45ac2e, 15=com.java.Objects.TestDataDetails@12dedd, 16=com.java.Objects.TestDataDetails@9c14a5}
[INFO ][2015-12-07 18:49:07,899][com.java.TestType] [ 9944] - Looping 1TCID = 1
[DEBUG][2015-12-07 18:49:07,899][com.java.TestType] [ 9985] - Concept ID:1 :: Step being Executed: 1::1
[INFO ][2015-12-07 18:49:07,899][com.java.TestType] [10023] - dataFields : TXTusername
[DEBUG][2015-12-07 18:49:07,899][com.java.TestType] [10029] - <In Set values of the page>
[DEBUG][2015-12-07 18:49:07,899][com.java.TestType] [10034] - {Data Fields & Data Values Exist}
[INFO ][2015-12-07 18:49:07,899][com.java.TestType] [10040] - --------------------------setting values-----------------------------
[INFO ][2015-12-07 18:49:07,899][com.java.TestType] [10043] - Action Type : CLEARANDENTER
[INFO ][2015-12-07 18:49:07,899][com.java.TestType] [ 5430] - value = naresh.nayini.00000
[INFO ][2015-12-07 18:49:13,185][com.java.TestType] [10062] -  RESULT true
[INFO ][2015-12-07 18:49:13,185][com.java.TestType] [10179] - ?   P A S S   ?
[DEBUG][2015-12-07 18:49:13,185][com.java.TestType] [ 9985] - Concept ID:1 :: Step being Executed: 1::2
[INFO ][2015-12-07 18:49:13,185][com.java.TestType] [10023] - dataFields : TXTpassword
[DEBUG][2015-12-07 18:49:13,185][com.java.TestType] [10029] - <In Set values of the page>
[DEBUG][2015-12-07 18:49:13,185][com.java.TestType] [10034] - {Data Fields & Data Values Exist}
[INFO ][2015-12-07 18:49:13,185][com.java.TestType] [10040] - --------------------------setting values-----------------------------
[INFO ][2015-12-07 18:49:13,185][com.java.TestType] [10043] - Action Type : CLEARANDENTER
[INFO ][2015-12-07 18:49:13,185][com.java.TestType] [ 5430] - value = Password1*
[INFO ][2015-12-07 18:49:18,162][com.java.TestType] [10062] -  RESULT true
[INFO ][2015-12-07 18:49:18,162][com.java.TestType] [10179] - ?   P A S S   ?
[DEBUG][2015-12-07 18:49:18,162][com.java.TestType] [ 9985] - Concept ID:1 :: Step being Executed: 1::3
[ERROR][2015-12-07 18:49:18,162][com.java.TestType] [10018] - Exception: null
[INFO ][2015-12-07 18:49:18,162][com.java.TestType] [10023] - dataFields : XPH//button[@type='submit']
[DEBUG][2015-12-07 18:49:18,162][com.java.TestType] [10029] - <In Set values of the page>
[DEBUG][2015-12-07 18:49:18,162][com.java.TestType] [10034] - {Data Fields & Data Values Exist}
[INFO ][2015-12-07 18:49:18,162][com.java.TestType] [10040] - --------------------------setting values-----------------------------
[INFO ][2015-12-07 18:49:18,162][com.java.TestType] [10043] - Action Type : Click
[INFO ][2015-12-07 18:49:18,162][com.java.TestType] [ 5758] - Field ::XPH//button[@type='submit']
[INFO ][2015-12-07 18:49:19,162][com.java.TestType] [ 5852] - BEFORE CLICK
[INFO ][2015-12-07 18:49:19,982][com.java.TestType] [ 5860] - Unable to click the object Login
[INFO ][2015-12-07 18:49:19,982][com.java.TestType] [10062] -  RESULT true
[INFO ][2015-12-07 18:49:19,982][com.java.TestType] [10179] - ?   P A S S   ?
[DEBUG][2015-12-07 18:49:19,982][com.java.TestType] [ 9985] - Concept ID:1 :: Step being Executed: 1::4
[INFO ][2015-12-07 18:49:19,982][com.java.TestType] [10023] - dataFields : LNKLogout
[DEBUG][2015-12-07 18:49:19,982][com.java.TestType] [10029] - <In Set values of the page>
[DEBUG][2015-12-07 18:49:19,982][com.java.TestType] [10034] - {Data Fields & Data Values Exist}
[INFO ][2015-12-07 18:49:19,982][com.java.TestType] [10040] - --------------------------setting values-----------------------------
[INFO ][2015-12-07 18:49:19,982][com.java.TestType] [10043] - Action Type : WaitForElement
[INFO ][2015-12-07 18:49:27,545][com.java.TestType] [10062] -  RESULT true
[INFO ][2015-12-07 18:49:27,545][com.java.TestType] [10179] - ?   P A S S   ?
[INFO ][2015-12-07 18:49:27,545][com.java.TestType] [10250] - Looping End......
[INFO ][2015-12-07 18:49:27,545][com.java.SeleniumDriver] [  893] -  RESULT true
[INFO ][2015-12-07 18:49:27,545][com.java.SeleniumDriver] [ 1099] - ?   P A S S   ?
[INFO ][2015-12-07 18:49:27,545][com.java.SeleniumDriver] [  820] - ------------------------------------------
[INFO ][2015-12-07 18:49:27,545][com.java.SeleniumDriver] [  821] - Test case being Executed: 6
[INFO ][2015-12-07 18:49:27,545][com.java.SeleniumDriver] [  832] - Test step:47
[INFO ][2015-12-07 18:49:27,545][com.java.SeleniumDriver] [  844] - Datavalue is----------Concept#2:1-2
[INFO ][2015-12-07 18:49:27,545][com.java.SeleniumDriver] [  868] - DataField : test
[INFO ][2015-12-07 18:49:27,545][com.java.SeleniumDriver] [  870] - DataValue : Concept#2:1-2
[INFO ][2015-12-07 18:49:27,545][com.java.SeleniumDriver] [  876] - <In Set values of the page>
[INFO ][2015-12-07 18:49:27,545][com.java.SeleniumDriver] [  879] - {Data Fields & Data Values Exist}
[INFO ][2015-12-07 18:49:27,545][com.java.SeleniumDriver] [  881] - --------------------------setting values-----------------------------
[INFO ][2015-12-07 18:49:27,545][com.java.SeleniumDriver] [  884] - Action Type : ExecuteTestCase
[INFO ][2015-12-07 18:49:27,545][com.java.TestType] [  436] - The Concept sheet name is ---------- Concept
[INFO ][2015-12-07 18:49:27,545][com.java.TestType] [  439] - The Concept ID  is ---------- 2
[DEBUG][2015-12-07 18:49:27,545][com.java.TestType] [  443] - Steps being executted in the Concept are: 1:2
[INFO ][2015-12-07 18:49:27,545][com.java.TestType] [  450] - Test data details path ---------- D:\BankersDashboard\TestInputs\TestData.xls
[INFO ][2015-12-07 18:49:28,036][com.java.TestType] [  481] -  str(1) = 2
[INFO ][2015-12-07 18:49:28,036][com.java.TestType] [  484] - Test case Id is---2
[INFO ][2015-12-07 18:49:28,036][com.java.TestType] [  486] - 2
[INFO ][2015-12-07 18:49:28,036][com.java.TestType] [  481] -  str(2) = 1
[INFO ][2015-12-07 18:49:28,036][com.java.TestType] [  533] - row values are--------{1=com.java.Objects.TestDataDetails@1ecbee0}
[INFO ][2015-12-07 18:49:28,036][com.java.TestType] [  481] -  str(1) = 2
[INFO ][2015-12-07 18:49:28,036][com.java.TestType] [  484] - Test case Id is---2
[INFO ][2015-12-07 18:49:28,036][com.java.TestType] [  486] - 2
[INFO ][2015-12-07 18:49:28,036][com.java.TestType] [  481] -  str(2) = 2
[INFO ][2015-12-07 18:49:28,036][com.java.TestType] [  533] - row values are--------{1=com.java.Objects.TestDataDetails@1ecbee0, 2=com.java.Objects.TestDataDetails@c28281}
[INFO ][2015-12-07 18:49:28,036][com.java.TestType] [  481] -  str(1) = 2
[INFO ][2015-12-07 18:49:28,036][com.java.TestType] [  484] - Test case Id is---2
[INFO ][2015-12-07 18:49:28,046][com.java.TestType] [  486] - 2
[INFO ][2015-12-07 18:49:28,046][com.java.TestType] [  481] -  str(2) = 3
[INFO ][2015-12-07 18:49:28,046][com.java.TestType] [  533] - row values are--------{1=com.java.Objects.TestDataDetails@1ecbee0, 2=com.java.Objects.TestDataDetails@c28281, 3=com.java.Objects.TestDataDetails@91351e}
[INFO ][2015-12-07 18:49:28,046][com.java.TestType] [ 9944] - Looping 1TCID = 2
[DEBUG][2015-12-07 18:49:28,046][com.java.TestType] [ 9985] - Concept ID:2 :: Step being Executed: 2::1
[INFO ][2015-12-07 18:49:28,046][com.java.TestType] [10023] - dataFields : BNK//select[@id='bank']
[DEBUG][2015-12-07 18:49:28,046][com.java.TestType] [10029] - <In Set values of the page>
[DEBUG][2015-12-07 18:49:28,046][com.java.TestType] [10034] - {Data Fields & Data Values Exist}
[INFO ][2015-12-07 18:49:28,046][com.java.TestType] [10040] - --------------------------setting values-----------------------------
[INFO ][2015-12-07 18:49:28,046][com.java.TestType] [10043] - Action Type : Select
[INFO ][2015-12-07 18:49:28,046][com.java.TestType] [ 5430] - value = PFC
[INFO ][2015-12-07 18:49:28,366][com.java.TestType] [10062] -  RESULT true
[INFO ][2015-12-07 18:49:28,366][com.java.TestType] [10179] - ?   P A S S   ?
[DEBUG][2015-12-07 18:49:28,366][com.java.TestType] [ 9985] - Concept ID:2 :: Step being Executed: 2::2
[INFO ][2015-12-07 18:49:28,366][com.java.TestType] [10023] - dataFields : LNKLogout
[DEBUG][2015-12-07 18:49:28,366][com.java.TestType] [10029] - <In Set values of the page>
[DEBUG][2015-12-07 18:49:28,366][com.java.TestType] [10034] - {Data Fields & Data Values Exist}
[INFO ][2015-12-07 18:49:28,366][com.java.TestType] [10040] - --------------------------setting values-----------------------------
[INFO ][2015-12-07 18:49:28,366][com.java.TestType] [10043] - Action Type : WaitTime
[DEBUG][2015-12-07 18:49:28,366][com.java.TestType] [ 5250] - sleepTime: 5000
[INFO ][2015-12-07 18:49:33,367][com.java.TestType] [10062] -  RESULT true
[INFO ][2015-12-07 18:49:33,367][com.java.TestType] [10179] - ?   P A S S   ?
[INFO ][2015-12-07 18:49:33,367][com.java.TestType] [10250] - Looping End......
[INFO ][2015-12-07 18:49:33,367][com.java.SeleniumDriver] [  893] -  RESULT true
[INFO ][2015-12-07 18:49:33,367][com.java.SeleniumDriver] [ 1099] - ?   P A S S   ?
[INFO ][2015-12-07 18:49:33,367][com.java.SeleniumDriver] [  820] - ------------------------------------------
[INFO ][2015-12-07 18:49:33,367][com.java.SeleniumDriver] [  821] - Test case being Executed: 6
[INFO ][2015-12-07 18:49:33,367][com.java.SeleniumDriver] [  832] - Test step:48
[INFO ][2015-12-07 18:49:33,367][com.java.SeleniumDriver] [  844] - Datavalue is----------null
[DEBUG][2015-12-07 18:49:33,367][com.java.SeleniumDriver] [  862] - Exception: null
[INFO ][2015-12-07 18:49:33,367][com.java.SeleniumDriver] [  868] - DataField : //span[@class='icon-stats']&&//a[@data-id="Forecasting"]
[INFO ][2015-12-07 18:49:33,367][com.java.SeleniumDriver] [  870] - DataValue : 
[INFO ][2015-12-07 18:49:33,367][com.java.SeleniumDriver] [  876] - <In Set values of the page>
[INFO ][2015-12-07 18:49:33,367][com.java.SeleniumDriver] [  879] - {Data Fields & Data Values Exist}
[INFO ][2015-12-07 18:49:33,367][com.java.SeleniumDriver] [  881] - --------------------------setting values-----------------------------
[INFO ][2015-12-07 18:49:33,367][com.java.SeleniumDriver] [  884] - Action Type : MOUSEOVER
[INFO ][2015-12-07 18:49:56,801][com.java.SeleniumDriver] [  893] -  RESULT true
[INFO ][2015-12-07 18:49:56,801][com.java.SeleniumDriver] [ 1099] - ?   P A S S   ?
[INFO ][2015-12-07 18:49:56,801][com.java.SeleniumDriver] [  820] - ------------------------------------------
[INFO ][2015-12-07 18:49:56,801][com.java.SeleniumDriver] [  821] - Test case being Executed: 6
[INFO ][2015-12-07 18:49:56,801][com.java.SeleniumDriver] [  832] - Test step:49
[INFO ][2015-12-07 18:49:56,801][com.java.SeleniumDriver] [  844] - Datavalue is----------5
[INFO ][2015-12-07 18:49:56,801][com.java.SeleniumDriver] [  868] - DataField : null
[INFO ][2015-12-07 18:49:56,801][com.java.SeleniumDriver] [  870] - DataValue : 5
[INFO ][2015-12-07 18:49:56,801][com.java.SeleniumDriver] [  876] - <In Set values of the page>
[INFO ][2015-12-07 18:49:56,801][com.java.SeleniumDriver] [  879] - {Data Fields & Data Values Exist}
[INFO ][2015-12-07 18:49:56,801][com.java.SeleniumDriver] [  881] - --------------------------setting values-----------------------------
[INFO ][2015-12-07 18:49:56,801][com.java.SeleniumDriver] [  884] - Action Type : WAITTIME
[DEBUG][2015-12-07 18:49:56,801][com.java.TestType] [ 5250] - sleepTime: 5000
[INFO ][2015-12-07 18:50:01,802][com.java.SeleniumDriver] [  893] -  RESULT true
[INFO ][2015-12-07 18:50:01,802][com.java.SeleniumDriver] [ 1099] - ?   P A S S   ?
[INFO ][2015-12-07 18:50:01,802][com.java.SeleniumDriver] [  820] - ------------------------------------------
[INFO ][2015-12-07 18:50:01,802][com.java.SeleniumDriver] [  821] - Test case being Executed: 6
[INFO ][2015-12-07 18:50:01,802][com.java.SeleniumDriver] [  832] - Test step:50
[INFO ][2015-12-07 18:50:01,802][com.java.SeleniumDriver] [  844] - Datavalue is----------Forecasting 
[INFO ][2015-12-07 18:50:01,802][com.java.SeleniumDriver] [  868] - DataField : TTL
[INFO ][2015-12-07 18:50:01,802][com.java.SeleniumDriver] [  870] - DataValue : Forecasting 
[INFO ][2015-12-07 18:50:01,802][com.java.SeleniumDriver] [  876] - <In Set values of the page>
[INFO ][2015-12-07 18:50:01,802][com.java.SeleniumDriver] [  879] - {Data Fields & Data Values Exist}
[INFO ][2015-12-07 18:50:01,802][com.java.SeleniumDriver] [  881] - --------------------------setting values-----------------------------
[INFO ][2015-12-07 18:50:01,802][com.java.SeleniumDriver] [  884] - Action Type : SELECTWINDOW
[INFO ][2015-12-07 18:50:14,379][com.java.SeleniumDriver] [  893] -  RESULT true
[INFO ][2015-12-07 18:50:14,379][com.java.SeleniumDriver] [ 1099] - ?   P A S S   ?
[INFO ][2015-12-07 18:50:14,379][com.java.SeleniumDriver] [  820] - ------------------------------------------
[INFO ][2015-12-07 18:50:14,379][com.java.SeleniumDriver] [  821] - Test case being Executed: 6
[INFO ][2015-12-07 18:50:14,379][com.java.SeleniumDriver] [  832] - Test step:51
[INFO ][2015-12-07 18:50:14,379][com.java.SeleniumDriver] [  844] - Datavalue is----------10
[INFO ][2015-12-07 18:50:14,379][com.java.SeleniumDriver] [  868] - DataField : DSP//span[contains(text(),'Forecasting')]
[INFO ][2015-12-07 18:50:14,379][com.java.SeleniumDriver] [  870] - DataValue : 10
[INFO ][2015-12-07 18:50:14,379][com.java.SeleniumDriver] [  876] - <In Set values of the page>
[INFO ][2015-12-07 18:50:14,379][com.java.SeleniumDriver] [  879] - {Data Fields & Data Values Exist}
[INFO ][2015-12-07 18:50:14,379][com.java.SeleniumDriver] [  881] - --------------------------setting values-----------------------------
[INFO ][2015-12-07 18:50:14,379][com.java.SeleniumDriver] [  884] - Action Type : WAITFORELEMENT
[INFO ][2015-12-07 18:50:14,509][com.java.SeleniumDriver] [  893] -  RESULT true
[INFO ][2015-12-07 18:50:14,509][com.java.SeleniumDriver] [ 1099] - ?   P A S S   ?
[INFO ][2015-12-07 18:50:14,509][com.java.SeleniumDriver] [  820] - ------------------------------------------
[INFO ][2015-12-07 18:50:14,509][com.java.SeleniumDriver] [  821] - Test case being Executed: 6
[INFO ][2015-12-07 18:50:14,509][com.java.SeleniumDriver] [  832] - Test step:52
[INFO ][2015-12-07 18:50:14,509][com.java.SeleniumDriver] [  844] - Datavalue is----------null
[DEBUG][2015-12-07 18:50:14,509][com.java.SeleniumDriver] [  862] - Exception: null
[INFO ][2015-12-07 18:50:14,509][com.java.SeleniumDriver] [  868] - DataField : BTNframeDialogContent
[INFO ][2015-12-07 18:50:14,509][com.java.SeleniumDriver] [  870] - DataValue : 
[INFO ][2015-12-07 18:50:14,509][com.java.SeleniumDriver] [  876] - <In Set values of the page>
[INFO ][2015-12-07 18:50:14,509][com.java.SeleniumDriver] [  879] - {Data Fields & Data Values Exist}
[INFO ][2015-12-07 18:50:14,509][com.java.SeleniumDriver] [  881] - --------------------------setting values-----------------------------
[INFO ][2015-12-07 18:50:14,509][com.java.SeleniumDriver] [  884] - Action Type : SELECTFRAME
[INFO ][2015-12-07 18:50:15,630][com.java.SeleniumDriver] [  893] -  RESULT true
[INFO ][2015-12-07 18:50:15,630][com.java.SeleniumDriver] [ 1099] - ?   P A S S   ?
[INFO ][2015-12-07 18:50:15,630][com.java.SeleniumDriver] [  820] - ------------------------------------------
[INFO ][2015-12-07 18:50:15,630][com.java.SeleniumDriver] [  821] - Test case being Executed: 6
[INFO ][2015-12-07 18:50:15,630][com.java.SeleniumDriver] [  832] - Test step:53
[INFO ][2015-12-07 18:50:15,630][com.java.SeleniumDriver] [  844] - Datavalue is----------10
[INFO ][2015-12-07 18:50:15,630][com.java.SeleniumDriver] [  868] - DataField : DSPddlProjects
[INFO ][2015-12-07 18:50:15,630][com.java.SeleniumDriver] [  870] - DataValue : 10
[INFO ][2015-12-07 18:50:15,630][com.java.SeleniumDriver] [  876] - <In Set values of the page>
[INFO ][2015-12-07 18:50:15,630][com.java.SeleniumDriver] [  879] - {Data Fields & Data Values Exist}
[INFO ][2015-12-07 18:50:15,630][com.java.SeleniumDriver] [  881] - --------------------------setting values-----------------------------
[INFO ][2015-12-07 18:50:15,630][com.java.SeleniumDriver] [  884] - Action Type : WAITFORELEMENT
[INFO ][2015-12-07 18:50:16,881][com.java.SeleniumDriver] [  893] -  RESULT true
[INFO ][2015-12-07 18:50:16,881][com.java.SeleniumDriver] [ 1099] - ?   P A S S   ?
[INFO ][2015-12-07 18:50:16,881][com.java.SeleniumDriver] [  820] - ------------------------------------------
[INFO ][2015-12-07 18:50:16,881][com.java.SeleniumDriver] [  821] - Test case being Executed: 6
[INFO ][2015-12-07 18:50:16,881][com.java.SeleniumDriver] [  832] - Test step:54
[INFO ][2015-12-07 18:50:16,881][com.java.SeleniumDriver] [  844] - Datavalue is----------HMVCurrentProject
[INFO ][2015-12-07 18:50:16,881][com.java.SeleniumDriver] [  868] - DataField : COBddlProjects
[INFO ][2015-12-07 18:50:16,881][com.java.SeleniumDriver] [  870] - DataValue : HMVCurrentProject
[INFO ][2015-12-07 18:50:16,881][com.java.SeleniumDriver] [  876] - <In Set values of the page>
[INFO ][2015-12-07 18:50:16,881][com.java.SeleniumDriver] [  879] - {Data Fields & Data Values Exist}
[INFO ][2015-12-07 18:50:16,881][com.java.SeleniumDriver] [  881] - --------------------------setting values-----------------------------
[INFO ][2015-12-07 18:50:16,881][com.java.SeleniumDriver] [  884] - Action Type : SELECT
[INFO ][2015-12-07 18:50:16,881][com.java.TestType] [ 5430] - value = Dallas User Group
[INFO ][2015-12-07 18:50:17,962][com.java.TestType] [ 5548] -  In COB ddlProjects : Dallas User Group
[DEBUG][2015-12-07 18:50:19,033][com.java.TestType] [ 5573] - Java Script : javascript:var s = document.getElementById('ddlProjects');for (i = 0; i< s.options.length; i++){   if (s.options[i].text.trim().toUpperCase() == 'DALLAS USER GROUP'){      s.options[i].selected = true;      s.click();      break;   }}
[INFO ][2015-12-07 18:50:21,043][com.java.SeleniumDriver] [  893] -  RESULT true
[INFO ][2015-12-07 18:50:21,043][com.java.SeleniumDriver] [ 1099] - ?   P A S S   ?
[INFO ][2015-12-07 18:50:21,043][com.java.SeleniumDriver] [  820] - ------------------------------------------
[INFO ][2015-12-07 18:50:21,043][com.java.SeleniumDriver] [  821] - Test case being Executed: 6
[INFO ][2015-12-07 18:50:21,043][com.java.SeleniumDriver] [  832] - Test step:55
[INFO ][2015-12-07 18:50:21,043][com.java.SeleniumDriver] [  844] - Datavalue is----------null
[DEBUG][2015-12-07 18:50:21,043][com.java.SeleniumDriver] [  862] - Exception: null
[INFO ][2015-12-07 18:50:21,043][com.java.SeleniumDriver] [  868] - DataField : HDNbtnOpenProject
[INFO ][2015-12-07 18:50:21,043][com.java.SeleniumDriver] [  870] - DataValue : 
[INFO ][2015-12-07 18:50:21,043][com.java.SeleniumDriver] [  876] - <In Set values of the page>
[INFO ][2015-12-07 18:50:21,043][com.java.SeleniumDriver] [  879] - {Data Fields & Data Values Exist}
[INFO ][2015-12-07 18:50:21,043][com.java.SeleniumDriver] [  881] - --------------------------setting values-----------------------------
[INFO ][2015-12-07 18:50:21,043][com.java.SeleniumDriver] [  884] - Action Type : CLICK
[INFO ][2015-12-07 18:50:21,043][com.java.TestType] [ 5758] - Field ::HDNbtnOpenProject
[INFO ][2015-12-07 18:50:23,715][com.java.SeleniumDriver] [  893] -  RESULT true
[INFO ][2015-12-07 18:50:23,715][com.java.SeleniumDriver] [ 1099] - ?   P A S S   ?
[INFO ][2015-12-07 18:50:23,715][com.java.SeleniumDriver] [  820] - ------------------------------------------
[INFO ][2015-12-07 18:50:23,715][com.java.SeleniumDriver] [  821] - Test case being Executed: 6
[INFO ][2015-12-07 18:50:23,715][com.java.SeleniumDriver] [  832] - Test step:56
[INFO ][2015-12-07 18:50:23,715][com.java.SeleniumDriver] [  844] - Datavalue is----------2
[INFO ][2015-12-07 18:50:23,715][com.java.SeleniumDriver] [  868] - DataField : null
[INFO ][2015-12-07 18:50:23,715][com.java.SeleniumDriver] [  870] - DataValue : 2
[INFO ][2015-12-07 18:50:23,715][com.java.SeleniumDriver] [  876] - <In Set values of the page>
[INFO ][2015-12-07 18:50:23,715][com.java.SeleniumDriver] [  879] - {Data Fields & Data Values Exist}
[INFO ][2015-12-07 18:50:23,715][com.java.SeleniumDriver] [  881] - --------------------------setting values-----------------------------
[INFO ][2015-12-07 18:50:23,715][com.java.SeleniumDriver] [  884] - Action Type : WAITTIME
[DEBUG][2015-12-07 18:50:23,715][com.java.TestType] [ 5250] - sleepTime: 2000
[INFO ][2015-12-07 18:50:25,715][com.java.SeleniumDriver] [  893] -  RESULT true
[INFO ][2015-12-07 18:50:25,715][com.java.SeleniumDriver] [ 1099] - ?   P A S S   ?
[INFO ][2015-12-07 18:50:25,715][com.java.SeleniumDriver] [  820] - ------------------------------------------
[INFO ][2015-12-07 18:50:25,715][com.java.SeleniumDriver] [  821] - Test case being Executed: 6
[INFO ][2015-12-07 18:50:25,715][com.java.SeleniumDriver] [  832] - Test step:57
[INFO ][2015-12-07 18:50:25,715][com.java.SeleniumDriver] [  844] - Datavalue is----------null
[DEBUG][2015-12-07 18:50:25,715][com.java.SeleniumDriver] [  862] - Exception: null
[INFO ][2015-12-07 18:50:25,715][com.java.SeleniumDriver] [  868] - DataField : BTNParent
[INFO ][2015-12-07 18:50:25,715][com.java.SeleniumDriver] [  870] - DataValue : 
[INFO ][2015-12-07 18:50:25,715][com.java.SeleniumDriver] [  876] - <In Set values of the page>
[INFO ][2015-12-07 18:50:25,715][com.java.SeleniumDriver] [  879] - {Data Fields & Data Values Exist}
[INFO ][2015-12-07 18:50:25,715][com.java.SeleniumDriver] [  881] - --------------------------setting values-----------------------------
[INFO ][2015-12-07 18:50:25,715][com.java.SeleniumDriver] [  884] - Action Type : SELECTFRAME
[INFO ][2015-12-07 18:50:25,716][com.java.SeleniumDriver] [  893] -  RESULT true
[INFO ][2015-12-07 18:50:25,716][com.java.SeleniumDriver] [ 1099] - ?   P A S S   ?
[INFO ][2015-12-07 18:50:25,716][com.java.SeleniumDriver] [  820] - ------------------------------------------
[INFO ][2015-12-07 18:50:25,716][com.java.SeleniumDriver] [  821] - Test case being Executed: 6
[INFO ][2015-12-07 18:50:25,716][com.java.SeleniumDriver] [  832] - Test step:58
[INFO ][2015-12-07 18:50:25,716][com.java.SeleniumDriver] [  844] - Datavalue is----------null
[DEBUG][2015-12-07 18:50:25,716][com.java.SeleniumDriver] [  862] - Exception: null
[INFO ][2015-12-07 18:50:25,716][com.java.SeleniumDriver] [  868] - DataField : HDNmenuTools
[INFO ][2015-12-07 18:50:25,716][com.java.SeleniumDriver] [  870] - DataValue : 
[INFO ][2015-12-07 18:50:25,716][com.java.SeleniumDriver] [  876] - <In Set values of the page>
[INFO ][2015-12-07 18:50:25,716][com.java.SeleniumDriver] [  879] - {Data Fields & Data Values Exist}
[INFO ][2015-12-07 18:50:25,716][com.java.SeleniumDriver] [  881] - --------------------------setting values-----------------------------
[INFO ][2015-12-07 18:50:25,716][com.java.SeleniumDriver] [  884] - Action Type : CLICK
[INFO ][2015-12-07 18:50:25,716][com.java.TestType] [ 5758] - Field ::HDNmenuTools
[INFO ][2015-12-07 18:50:27,890][com.java.SeleniumDriver] [  893] -  RESULT true
[INFO ][2015-12-07 18:50:27,890][com.java.SeleniumDriver] [ 1099] - ?   P A S S   ?
[INFO ][2015-12-07 18:50:27,890][com.java.SeleniumDriver] [  820] - ------------------------------------------
[INFO ][2015-12-07 18:50:27,890][com.java.SeleniumDriver] [  821] - Test case being Executed: 6
[INFO ][2015-12-07 18:50:27,890][com.java.SeleniumDriver] [  832] - Test step:59
[INFO ][2015-12-07 18:50:27,890][com.java.SeleniumDriver] [  844] - Datavalue is----------2
[INFO ][2015-12-07 18:50:27,890][com.java.SeleniumDriver] [  868] - DataField : DSPmenuProjectOptions
[INFO ][2015-12-07 18:50:27,890][com.java.SeleniumDriver] [  870] - DataValue : 2
[INFO ][2015-12-07 18:50:27,890][com.java.SeleniumDriver] [  876] - <In Set values of the page>
[INFO ][2015-12-07 18:50:27,890][com.java.SeleniumDriver] [  879] - {Data Fields & Data Values Exist}
[INFO ][2015-12-07 18:50:27,890][com.java.SeleniumDriver] [  881] - --------------------------setting values-----------------------------
[INFO ][2015-12-07 18:50:27,890][com.java.SeleniumDriver] [  884] - Action Type : WAITFORELEMENT
[INFO ][2015-12-07 18:50:29,093][com.java.SeleniumDriver] [  893] -  RESULT true
[INFO ][2015-12-07 18:50:29,093][com.java.SeleniumDriver] [ 1099] - ?   P A S S   ?
[INFO ][2015-12-07 18:50:29,093][com.java.SeleniumDriver] [  820] - ------------------------------------------
[INFO ][2015-12-07 18:50:29,093][com.java.SeleniumDriver] [  821] - Test case being Executed: 6
[INFO ][2015-12-07 18:50:29,093][com.java.SeleniumDriver] [  832] - Test step:60
[INFO ][2015-12-07 18:50:29,093][com.java.SeleniumDriver] [  844] - Datavalue is----------null
[DEBUG][2015-12-07 18:50:29,093][com.java.SeleniumDriver] [  862] - Exception: null
[INFO ][2015-12-07 18:50:29,093][com.java.SeleniumDriver] [  868] - DataField : BTNmenuProjectOptions
[INFO ][2015-12-07 18:50:29,093][com.java.SeleniumDriver] [  870] - DataValue : 
[INFO ][2015-12-07 18:50:29,093][com.java.SeleniumDriver] [  876] - <In Set values of the page>
[INFO ][2015-12-07 18:50:29,093][com.java.SeleniumDriver] [  879] - {Data Fields & Data Values Exist}
[INFO ][2015-12-07 18:50:29,093][com.java.SeleniumDriver] [  881] - --------------------------setting values-----------------------------
[INFO ][2015-12-07 18:50:29,093][com.java.SeleniumDriver] [  884] - Action Type : CLICK
[INFO ][2015-12-07 18:50:29,093][com.java.TestType] [ 5758] - Field ::BTNmenuProjectOptions
[INFO ][2015-12-07 18:50:30,102][com.java.TestType] [ 5831] - BEFORE CLICK
[INFO ][2015-12-07 18:50:32,651][com.java.TestType] [ 5838] - Unable to click the object ProjectOptions
[INFO ][2015-12-07 18:50:32,651][com.java.SeleniumDriver] [  893] -  RESULT true
[INFO ][2015-12-07 18:50:32,651][com.java.SeleniumDriver] [ 1099] - ?   P A S S   ?
[INFO ][2015-12-07 18:50:32,651][com.java.SeleniumDriver] [  820] - ------------------------------------------
[INFO ][2015-12-07 18:50:32,651][com.java.SeleniumDriver] [  821] - Test case being Executed: 6
[INFO ][2015-12-07 18:50:32,651][com.java.SeleniumDriver] [  832] - Test step:61
[INFO ][2015-12-07 18:50:32,651][com.java.SeleniumDriver] [  844] - Datavalue is----------null
[DEBUG][2015-12-07 18:50:32,651][com.java.SeleniumDriver] [  862] - Exception: null
[INFO ][2015-12-07 18:50:32,651][com.java.SeleniumDriver] [  868] - DataField : BTNframeDialogContent
[INFO ][2015-12-07 18:50:32,651][com.java.SeleniumDriver] [  870] - DataValue : 
[INFO ][2015-12-07 18:50:32,651][com.java.SeleniumDriver] [  876] - <In Set values of the page>
[INFO ][2015-12-07 18:50:32,651][com.java.SeleniumDriver] [  879] - {Data Fields & Data Values Exist}
[INFO ][2015-12-07 18:50:32,651][com.java.SeleniumDriver] [  881] - --------------------------setting values-----------------------------
[INFO ][2015-12-07 18:50:32,651][com.java.SeleniumDriver] [  884] - Action Type : SELECTFRAME
[INFO ][2015-12-07 18:50:33,803][com.java.SeleniumDriver] [  893] -  RESULT true
[INFO ][2015-12-07 18:50:33,803][com.java.SeleniumDriver] [ 1099] - ?   P A S S   ?
[INFO ][2015-12-07 18:50:33,803][com.java.SeleniumDriver] [  820] - ------------------------------------------
[INFO ][2015-12-07 18:50:33,803][com.java.SeleniumDriver] [  821] - Test case being Executed: 6
[INFO ][2015-12-07 18:50:33,803][com.java.SeleniumDriver] [  832] - Test step:62
[INFO ][2015-12-07 18:50:33,803][com.java.SeleniumDriver] [  844] - Datavalue is----------2
[INFO ][2015-12-07 18:50:33,803][com.java.SeleniumDriver] [  868] - DataField : DSP//li[text()='Project History']
[INFO ][2015-12-07 18:50:33,803][com.java.SeleniumDriver] [  870] - DataValue : 2
[INFO ][2015-12-07 18:50:33,803][com.java.SeleniumDriver] [  876] - <In Set values of the page>
[INFO ][2015-12-07 18:50:33,803][com.java.SeleniumDriver] [  879] - {Data Fields & Data Values Exist}
[INFO ][2015-12-07 18:50:33,803][com.java.SeleniumDriver] [  881] - --------------------------setting values-----------------------------
[INFO ][2015-12-07 18:50:33,803][com.java.SeleniumDriver] [  884] - Action Type : WAITFORELEMENT
[INFO ][2015-12-07 18:50:33,883][com.java.SeleniumDriver] [  893] -  RESULT true
[INFO ][2015-12-07 18:50:33,883][com.java.SeleniumDriver] [ 1099] - ?   P A S S   ?
[INFO ][2015-12-07 18:50:33,883][com.java.SeleniumDriver] [  820] - ------------------------------------------
[INFO ][2015-12-07 18:50:33,883][com.java.SeleniumDriver] [  821] - Test case being Executed: 6
[INFO ][2015-12-07 18:50:33,883][com.java.SeleniumDriver] [  832] - Test step:63
[INFO ][2015-12-07 18:50:33,883][com.java.SeleniumDriver] [  844] - Datavalue is----------null
[DEBUG][2015-12-07 18:50:33,883][com.java.SeleniumDriver] [  862] - Exception: null
[INFO ][2015-12-07 18:50:33,883][com.java.SeleniumDriver] [  868] - DataField : XPH//li[text()='Project History']
[INFO ][2015-12-07 18:50:33,883][com.java.SeleniumDriver] [  870] - DataValue : 
[INFO ][2015-12-07 18:50:33,883][com.java.SeleniumDriver] [  876] - <In Set values of the page>
[INFO ][2015-12-07 18:50:33,883][com.java.SeleniumDriver] [  879] - {Data Fields & Data Values Exist}
[INFO ][2015-12-07 18:50:33,883][com.java.SeleniumDriver] [  881] - --------------------------setting values-----------------------------
[INFO ][2015-12-07 18:50:33,883][com.java.SeleniumDriver] [  884] - Action Type : CLICK
[INFO ][2015-12-07 18:50:33,883][com.java.TestType] [ 5758] - Field ::XPH//li[text()='Project History']
[INFO ][2015-12-07 18:50:34,883][com.java.TestType] [ 5852] - BEFORE CLICK
[INFO ][2015-12-07 18:50:35,593][com.java.TestType] [ 5860] - Unable to click the object ProjectHistory
[INFO ][2015-12-07 18:50:35,593][com.java.SeleniumDriver] [  893] -  RESULT true
[INFO ][2015-12-07 18:50:35,593][com.java.SeleniumDriver] [ 1099] - ?   P A S S   ?
[INFO ][2015-12-07 18:50:35,593][com.java.SeleniumDriver] [  820] - ------------------------------------------
[INFO ][2015-12-07 18:50:35,593][com.java.SeleniumDriver] [  821] - Test case being Executed: 6
[INFO ][2015-12-07 18:50:35,593][com.java.SeleniumDriver] [  832] - Test step:64
[INFO ][2015-12-07 18:50:35,593][com.java.SeleniumDriver] [  844] - Datavalue is----------null
[DEBUG][2015-12-07 18:50:35,593][com.java.SeleniumDriver] [  862] - Exception: null
[INFO ][2015-12-07 18:50:35,593][com.java.SeleniumDriver] [  868] - DataField : //table[@id='tblProjectHistorySync']/tbody/tr[1]/td[2]
[INFO ][2015-12-07 18:50:35,593][com.java.SeleniumDriver] [  870] - DataValue : 
[INFO ][2015-12-07 18:50:35,593][com.java.SeleniumDriver] [  876] - <In Set values of the page>
[INFO ][2015-12-07 18:50:35,593][com.java.SeleniumDriver] [  879] - {Data Fields & Data Values Exist}
[INFO ][2015-12-07 18:50:35,593][com.java.SeleniumDriver] [  881] - --------------------------setting values-----------------------------
[INFO ][2015-12-07 18:50:35,593][com.java.SeleniumDriver] [  884] - Action Type : GETTABLESIZEAFTER
[INFO ][2015-12-07 18:50:35,654][com.java.SeleniumDriver] [  893] -  RESULT true
[INFO ][2015-12-07 18:50:35,654][com.java.SeleniumDriver] [ 1099] - ?   P A S S   ?
[INFO ][2015-12-07 18:50:35,654][com.java.SeleniumDriver] [  820] - ------------------------------------------
[INFO ][2015-12-07 18:50:35,654][com.java.SeleniumDriver] [  821] - Test case being Executed: 6
[INFO ][2015-12-07 18:50:35,654][com.java.SeleniumDriver] [  832] - Test step:65
[INFO ][2015-12-07 18:50:35,654][com.java.SeleniumDriver] [  844] - Datavalue is----------null
[DEBUG][2015-12-07 18:50:35,654][com.java.SeleniumDriver] [  862] - Exception: null
[INFO ][2015-12-07 18:50:35,654][com.java.SeleniumDriver] [  868] - DataField : BTNParent
[INFO ][2015-12-07 18:50:35,654][com.java.SeleniumDriver] [  870] - DataValue : 
[INFO ][2015-12-07 18:50:35,654][com.java.SeleniumDriver] [  876] - <In Set values of the page>
[INFO ][2015-12-07 18:50:35,654][com.java.SeleniumDriver] [  879] - {Data Fields & Data Values Exist}
[INFO ][2015-12-07 18:50:35,654][com.java.SeleniumDriver] [  881] - --------------------------setting values-----------------------------
[INFO ][2015-12-07 18:50:35,654][com.java.SeleniumDriver] [  884] - Action Type : SELECTFRAME
[INFO ][2015-12-07 18:50:35,664][com.java.SeleniumDriver] [  893] -  RESULT true
[INFO ][2015-12-07 18:50:35,664][com.java.SeleniumDriver] [ 1099] - ?   P A S S   ?
[INFO ][2015-12-07 18:50:35,664][com.java.SeleniumDriver] [  820] - ------------------------------------------
[INFO ][2015-12-07 18:50:35,664][com.java.SeleniumDriver] [  821] - Test case being Executed: 6
[INFO ][2015-12-07 18:50:35,664][com.java.SeleniumDriver] [  832] - Test step:66
[INFO ][2015-12-07 18:50:35,664][com.java.SeleniumDriver] [  844] - Datavalue is----------Forecasting 
[INFO ][2015-12-07 18:50:35,664][com.java.SeleniumDriver] [  868] - DataField : TTL
[INFO ][2015-12-07 18:50:35,664][com.java.SeleniumDriver] [  870] - DataValue : Forecasting 
[INFO ][2015-12-07 18:50:35,664][com.java.SeleniumDriver] [  876] - <In Set values of the page>
[INFO ][2015-12-07 18:50:35,664][com.java.SeleniumDriver] [  879] - {Data Fields & Data Values Exist}
[INFO ][2015-12-07 18:50:35,664][com.java.SeleniumDriver] [  881] - --------------------------setting values-----------------------------
[INFO ][2015-12-07 18:50:35,664][com.java.SeleniumDriver] [  884] - Action Type : CLOSEWINDOW
[INFO ][2015-12-07 18:50:35,954][com.java.SeleniumDriver] [  893] -  RESULT true
[INFO ][2015-12-07 18:50:35,954][com.java.SeleniumDriver] [ 1099] - ?   P A S S   ?
[INFO ][2015-12-07 18:50:35,954][com.java.SeleniumDriver] [  820] - ------------------------------------------
[INFO ][2015-12-07 18:50:35,954][com.java.SeleniumDriver] [  821] - Test case being Executed: 6
[INFO ][2015-12-07 18:50:35,954][com.java.SeleniumDriver] [  832] - Test step:67
[INFO ][2015-12-07 18:50:35,954][com.java.SeleniumDriver] [  844] - Datavalue is----------Banker'sDashboard
[INFO ][2015-12-07 18:50:35,954][com.java.SeleniumDriver] [  868] - DataField : TTL
[INFO ][2015-12-07 18:50:35,954][com.java.SeleniumDriver] [  870] - DataValue : Banker'sDashboard
[INFO ][2015-12-07 18:50:35,954][com.java.SeleniumDriver] [  876] - <In Set values of the page>
[INFO ][2015-12-07 18:50:35,954][com.java.SeleniumDriver] [  879] - {Data Fields & Data Values Exist}
[INFO ][2015-12-07 18:50:35,954][com.java.SeleniumDriver] [  881] - --------------------------setting values-----------------------------
[INFO ][2015-12-07 18:50:35,954][com.java.SeleniumDriver] [  884] - Action Type : SelectWindow
[INFO ][2015-12-07 18:50:48,383][com.java.SeleniumDriver] [  893] -  RESULT true
[INFO ][2015-12-07 18:50:48,383][com.java.SeleniumDriver] [ 1099] - ?   P A S S   ?
[INFO ][2015-12-07 18:50:48,383][com.java.SeleniumDriver] [  820] - ------------------------------------------
[INFO ][2015-12-07 18:50:48,383][com.java.SeleniumDriver] [  821] - Test case being Executed: 6
[INFO ][2015-12-07 18:50:48,383][com.java.SeleniumDriver] [  832] - Test step:68
[INFO ][2015-12-07 18:50:48,383][com.java.SeleniumDriver] [  844] - Datavalue is----------1
[INFO ][2015-12-07 18:50:48,383][com.java.SeleniumDriver] [  868] - DataField : null
[INFO ][2015-12-07 18:50:48,383][com.java.SeleniumDriver] [  870] - DataValue : 1
[INFO ][2015-12-07 18:50:48,383][com.java.SeleniumDriver] [  876] - <In Set values of the page>
[INFO ][2015-12-07 18:50:48,383][com.java.SeleniumDriver] [  879] - {Data Fields & Data Values Exist}
[INFO ][2015-12-07 18:50:48,383][com.java.SeleniumDriver] [  881] - --------------------------setting values-----------------------------
[INFO ][2015-12-07 18:50:48,383][com.java.SeleniumDriver] [  884] - Action Type : WAITTIME
[DEBUG][2015-12-07 18:50:48,383][com.java.TestType] [ 5250] - sleepTime: 1000
[INFO ][2015-12-07 18:50:49,383][com.java.SeleniumDriver] [  893] -  RESULT true
[INFO ][2015-12-07 18:50:49,383][com.java.SeleniumDriver] [ 1099] - ?   P A S S   ?
[DEBUG][2015-12-07 18:50:49,383][com.java.SeleniumDriver] [ 1211] - Case found
[DEBUG][2015-12-07 18:50:49,383][com.java.SeleniumDriver] [ 1216] - Incrementing ReportCounters[0]:2
[INFO ][2015-12-07 18:50:49,383][com.java.SeleniumDriver] [ 1235] - The results are-------------------[6, 1, Synchronize Historical, Pass, , Mon Dec 07 18:45:05 IST 2015, 6, 3, Synchronize Historical, Pass, , Mon Dec 07 18:45:10 IST 2015, 6, 4, Synchronize Historical, Pass, , Mon Dec 07 18:45:33 IST 2015, 6, 5, Synchronize Historical, Pass, , Mon Dec 07 18:45:38 IST 2015, 6, 6, Synchronize Historical, Pass, , Mon Dec 07 18:45:51 IST 2015, 6, 7, Synchronize Historical, Pass, , Mon Dec 07 18:45:52 IST 2015, 6, 8, Synchronize Historical, Pass, , Mon Dec 07 18:45:53 IST 2015, 6, 9, Synchronize Historical, Pass, , Mon Dec 07 18:45:55 IST 2015, 6, 10, Synchronize Historical, Pass, , Mon Dec 07 18:45:56 IST 2015, 6, 11, Synchronize Historical, Pass, , Mon Dec 07 18:45:58 IST 2015, 6, 12, Synchronize Historical, Pass, , Mon Dec 07 18:46:00 IST 2015, 6, 13, Synchronize Historical, Pass, , Mon Dec 07 18:46:00 IST 2015, 6, 14, Synchronize Historical, Pass, , Mon Dec 07 18:46:01 IST 2015, 6, 15, Synchronize Historical, Pass, , Mon Dec 07 18:46:11 IST 2015, 6, 16, Synchronize Historical, Pass, , Mon Dec 07 18:46:11 IST 2015, 6, 17, Synchronize Historical, Pass, , Mon Dec 07 18:46:13 IST 2015, 6, 18, Synchronize Historical, Pass, , Mon Dec 07 18:46:14 IST 2015, 6, 19, Synchronize Historical, Pass, , Mon Dec 07 18:46:16 IST 2015, 6, 20, Synchronize Historical, Pass, , Mon Dec 07 18:46:18 IST 2015, 6, 21, Synchronize Historical, Pass, , Mon Dec 07 18:46:18 IST 2015, 6, 22, Synchronize Historical, Pass, , Mon Dec 07 18:46:19 IST 2015, 6, 23, Synchronize Historical, Pass, , Mon Dec 07 18:46:21 IST 2015, 6, 24, Synchronize Historical, Pass, , Mon Dec 07 18:46:23 IST 2015, 6, 25, Synchronize Historical, Pass, , Mon Dec 07 18:46:25 IST 2015, 6, 26, Synchronize Historical, Pass, , Mon Dec 07 18:46:35 IST 2015, 6, 27, Synchronize Historical, Pass, , Mon Dec 07 18:46:35 IST 2015, 6, 28, Synchronize Historical, Pass, , Mon Dec 07 18:46:35 IST 2015, 6, 29, Synchronize Historical, Pass, , Mon Dec 07 18:46:36 IST 2015, 6, 30, Synchronize Historical, Pass, , Mon Dec 07 18:46:36 IST 2015, 6, 31, Synchronize Historical, Pass, , Mon Dec 07 18:46:38 IST 2015, 6, 32, Synchronize Historical, Pass, , Mon Dec 07 18:46:51 IST 2015, 6, 33, Synchronize Historical, Pass, , Mon Dec 07 18:46:56 IST 2015, 6, 34, Synchronize Historical, Pass, , Mon Dec 07 18:47:19 IST 2015, 6, 35, Synchronize Historical, Pass, , Mon Dec 07 18:47:24 IST 2015, 6, 36, Synchronize Historical, Pass, , Mon Dec 07 18:47:36 IST 2015, 6, 37, Synchronize Historical, Pass, , Mon Dec 07 18:47:37 IST 2015, 6, 38, Synchronize Historical, Pass, , Mon Dec 07 18:47:38 IST 2015, 6, 39, Synchronize Historical, Pass, , Mon Dec 07 18:47:40 IST 2015, 6, 40, Synchronize Historical, Pass, , Mon Dec 07 18:47:40 IST 2015, 6, 41, Synchronize Historical, Pass, , Mon Dec 07 18:47:40 IST 2015, 6, 42, Synchronize Historical, Pass, , Mon Dec 07 18:47:45 IST 2015, 6, 43, Synchronize Historical, Pass, , Mon Dec 07 18:47:57 IST 2015, 6, 44, Synchronize Historical, Pass, , Mon Dec 07 18:48:13 IST 2015, 6, 45, Synchronize Historical, Pass, , Mon Dec 07 18:49:07 IST 2015, 6, 46, Synchronize Historical, Pass, , Mon Dec 07 18:49:27 IST 2015, 6, 47, Synchronize Historical, Pass, , Mon Dec 07 18:49:33 IST 2015, 6, 48, Synchronize Historical, Pass, , Mon Dec 07 18:49:56 IST 2015, 6, 49, Synchronize Historical, Pass, , Mon Dec 07 18:50:01 IST 2015, 6, 50, Synchronize Historical, Pass, , Mon Dec 07 18:50:14 IST 2015, 6, 51, Synchronize Historical, Pass, , Mon Dec 07 18:50:14 IST 2015, 6, 52, Synchronize Historical, Pass, , Mon Dec 07 18:50:15 IST 2015, 6, 53, Synchronize Historical, Pass, , Mon Dec 07 18:50:16 IST 2015, 6, 54, Synchronize Historical, Pass, , Mon Dec 07 18:50:21 IST 2015, 6, 55, Synchronize Historical, Pass, , Mon Dec 07 18:50:23 IST 2015, 6, 56, Synchronize Historical, Pass, , Mon Dec 07 18:50:25 IST 2015, 6, 57, Synchronize Historical, Pass, , Mon Dec 07 18:50:25 IST 2015, 6, 58, Synchronize Historical, Pass, , Mon Dec 07 18:50:27 IST 2015, 6, 59, Synchronize Historical, Pass, , Mon Dec 07 18:50:29 IST 2015, 6, 60, Synchronize Historical, Pass, , Mon Dec 07 18:50:32 IST 2015, 6, 61, Synchronize Historical, Pass, , Mon Dec 07 18:50:33 IST 2015, 6, 62, Synchronize Historical, Pass, , Mon Dec 07 18:50:33 IST 2015, 6, 63, Synchronize Historical, Pass, , Mon Dec 07 18:50:35 IST 2015, 6, 64, Synchronize Historical, Pass, , Mon Dec 07 18:50:35 IST 2015, 6, 65, Synchronize Historical, Pass, , Mon Dec 07 18:50:35 IST 2015, 6, 66, Synchronize Historical, Pass, , Mon Dec 07 18:50:35 IST 2015, 6, 67, Synchronize Historical, Pass, , Mon Dec 07 18:50:48 IST 2015, 6, 68, Synchronize Historical, Pass, , Mon Dec 07 18:50:49 IST 2015]
[INFO ][2015-12-07 18:50:49,383][com.java.SeleniumDriver] [ 1239] - End time is-------6 min 33 sec
[INFO ][2015-12-07 18:50:49,383][com.java.SeleniumDriver] [ 1240] - The results are-------------------[6, 1, Synchronize Historical, Pass, , Mon Dec 07 18:45:05 IST 2015, 6, 3, Synchronize Historical, Pass, , Mon Dec 07 18:45:10 IST 2015, 6, 4, Synchronize Historical, Pass, , Mon Dec 07 18:45:33 IST 2015, 6, 5, Synchronize Historical, Pass, , Mon Dec 07 18:45:38 IST 2015, 6, 6, Synchronize Historical, Pass, , Mon Dec 07 18:45:51 IST 2015, 6, 7, Synchronize Historical, Pass, , Mon Dec 07 18:45:52 IST 2015, 6, 8, Synchronize Historical, Pass, , Mon Dec 07 18:45:53 IST 2015, 6, 9, Synchronize Historical, Pass, , Mon Dec 07 18:45:55 IST 2015, 6, 10, Synchronize Historical, Pass, , Mon Dec 07 18:45:56 IST 2015, 6, 11, Synchronize Historical, Pass, , Mon Dec 07 18:45:58 IST 2015, 6, 12, Synchronize Historical, Pass, , Mon Dec 07 18:46:00 IST 2015, 6, 13, Synchronize Historical, Pass, , Mon Dec 07 18:46:00 IST 2015, 6, 14, Synchronize Historical, Pass, , Mon Dec 07 18:46:01 IST 2015, 6, 15, Synchronize Historical, Pass, , Mon Dec 07 18:46:11 IST 2015, 6, 16, Synchronize Historical, Pass, , Mon Dec 07 18:46:11 IST 2015, 6, 17, Synchronize Historical, Pass, , Mon Dec 07 18:46:13 IST 2015, 6, 18, Synchronize Historical, Pass, , Mon Dec 07 18:46:14 IST 2015, 6, 19, Synchronize Historical, Pass, , Mon Dec 07 18:46:16 IST 2015, 6, 20, Synchronize Historical, Pass, , Mon Dec 07 18:46:18 IST 2015, 6, 21, Synchronize Historical, Pass, , Mon Dec 07 18:46:18 IST 2015, 6, 22, Synchronize Historical, Pass, , Mon Dec 07 18:46:19 IST 2015, 6, 23, Synchronize Historical, Pass, , Mon Dec 07 18:46:21 IST 2015, 6, 24, Synchronize Historical, Pass, , Mon Dec 07 18:46:23 IST 2015, 6, 25, Synchronize Historical, Pass, , Mon Dec 07 18:46:25 IST 2015, 6, 26, Synchronize Historical, Pass, , Mon Dec 07 18:46:35 IST 2015, 6, 27, Synchronize Historical, Pass, , Mon Dec 07 18:46:35 IST 2015, 6, 28, Synchronize Historical, Pass, , Mon Dec 07 18:46:35 IST 2015, 6, 29, Synchronize Historical, Pass, , Mon Dec 07 18:46:36 IST 2015, 6, 30, Synchronize Historical, Pass, , Mon Dec 07 18:46:36 IST 2015, 6, 31, Synchronize Historical, Pass, , Mon Dec 07 18:46:38 IST 2015, 6, 32, Synchronize Historical, Pass, , Mon Dec 07 18:46:51 IST 2015, 6, 33, Synchronize Historical, Pass, , Mon Dec 07 18:46:56 IST 2015, 6, 34, Synchronize Historical, Pass, , Mon Dec 07 18:47:19 IST 2015, 6, 35, Synchronize Historical, Pass, , Mon Dec 07 18:47:24 IST 2015, 6, 36, Synchronize Historical, Pass, , Mon Dec 07 18:47:36 IST 2015, 6, 37, Synchronize Historical, Pass, , Mon Dec 07 18:47:37 IST 2015, 6, 38, Synchronize Historical, Pass, , Mon Dec 07 18:47:38 IST 2015, 6, 39, Synchronize Historical, Pass, , Mon Dec 07 18:47:40 IST 2015, 6, 40, Synchronize Historical, Pass, , Mon Dec 07 18:47:40 IST 2015, 6, 41, Synchronize Historical, Pass, , Mon Dec 07 18:47:40 IST 2015, 6, 42, Synchronize Historical, Pass, , Mon Dec 07 18:47:45 IST 2015, 6, 43, Synchronize Historical, Pass, , Mon Dec 07 18:47:57 IST 2015, 6, 44, Synchronize Historical, Pass, , Mon Dec 07 18:48:13 IST 2015, 6, 45, Synchronize Historical, Pass, , Mon Dec 07 18:49:07 IST 2015, 6, 46, Synchronize Historical, Pass, , Mon Dec 07 18:49:27 IST 2015, 6, 47, Synchronize Historical, Pass, , Mon Dec 07 18:49:33 IST 2015, 6, 48, Synchronize Historical, Pass, , Mon Dec 07 18:49:56 IST 2015, 6, 49, Synchronize Historical, Pass, , Mon Dec 07 18:50:01 IST 2015, 6, 50, Synchronize Historical, Pass, , Mon Dec 07 18:50:14 IST 2015, 6, 51, Synchronize Historical, Pass, , Mon Dec 07 18:50:14 IST 2015, 6, 52, Synchronize Historical, Pass, , Mon Dec 07 18:50:15 IST 2015, 6, 53, Synchronize Historical, Pass, , Mon Dec 07 18:50:16 IST 2015, 6, 54, Synchronize Historical, Pass, , Mon Dec 07 18:50:21 IST 2015, 6, 55, Synchronize Historical, Pass, , Mon Dec 07 18:50:23 IST 2015, 6, 56, Synchronize Historical, Pass, , Mon Dec 07 18:50:25 IST 2015, 6, 57, Synchronize Historical, Pass, , Mon Dec 07 18:50:25 IST 2015, 6, 58, Synchronize Historical, Pass, , Mon Dec 07 18:50:27 IST 2015, 6, 59, Synchronize Historical, Pass, , Mon Dec 07 18:50:29 IST 2015, 6, 60, Synchronize Historical, Pass, , Mon Dec 07 18:50:32 IST 2015, 6, 61, Synchronize Historical, Pass, , Mon Dec 07 18:50:33 IST 2015, 6, 62, Synchronize Historical, Pass, , Mon Dec 07 18:50:33 IST 2015, 6, 63, Synchronize Historical, Pass, , Mon Dec 07 18:50:35 IST 2015, 6, 64, Synchronize Historical, Pass, , Mon Dec 07 18:50:35 IST 2015, 6, 65, Synchronize Historical, Pass, , Mon Dec 07 18:50:35 IST 2015, 6, 66, Synchronize Historical, Pass, , Mon Dec 07 18:50:35 IST 2015, 6, 67, Synchronize Historical, Pass, , Mon Dec 07 18:50:48 IST 2015, 6, 68, Synchronize Historical, Pass, , Mon Dec 07 18:50:49 IST 2015]
[DEBUG][2015-12-07 18:50:49,383][com.java.ImportnExport.ExportTestResultsExcel] [  222] - testResultPath = D:\BankersDashboard/TestReports/Test Results_BankersDashBoard_120715_184418_IE10_Any Bank USA.xls
[DEBUG][2015-12-07 18:50:49,383][com.java.ImportnExport.ExportTestResultsExcel] [  223] - browser is------------IE10
[DEBUG][2015-12-07 18:50:49,383][com.java.ImportnExport.ExportTestResultsExcel] [  270] - result.size() = 402
[DEBUG][2015-12-07 18:50:49,383][com.java.ImportnExport.ExportTestResultsExcel] [  274] - No of rows in sheet=2
[DEBUG][2015-12-07 18:50:49,383][com.java.ImportnExport.ExportTestResultsExcel] [  301] - ..in export..6
[DEBUG][2015-12-07 18:50:49,383][com.java.ImportnExport.ExportTestResultsExcel] [  301] - ..in export..Synchronize Historical
[DEBUG][2015-12-07 18:50:49,383][com.java.ImportnExport.ExportTestResultsExcel] [  301] - ..in export..Pass
[DEBUG][2015-12-07 18:50:49,383][com.java.ImportnExport.ExportTestResultsExcel] [  301] - ..in export..
[DEBUG][2015-12-07 18:50:49,383][com.java.ImportnExport.ExportTestResultsExcel] [  301] - ..in export..Mon Dec 07 18:45:05 IST 2015
[INFO ][2015-12-07 18:50:49,383][com.java.SeleniumDriver] [ 1298] - out loop:1 size:2 TestCases:[1, 6] testcases:[1, 6]
[INFO ][2015-12-07 18:50:51,389][com.java.SeleniumDriver] [ 1341] - Total Number of Cases:2
[INFO ][2015-12-07 18:50:51,389][com.java.TemplateGenerator] [  302] - Executed:2
[INFO ][2015-12-07 18:50:51,389][com.java.TemplateGenerator] [  303] - Passed:2
[INFO ][2015-12-07 18:50:51,389][com.java.TemplateGenerator] [  304] - Failed:0
[INFO ][2015-12-07 18:50:51,389][com.java.TemplateGenerator] [  305] - Skipeed:0
[INFO ][2015-12-07 18:50:51,389][com.java.TemplateGenerator] [  306] - Application URL:https://clients-xuat.bankersdashboard.com
[INFO ][2015-12-07 18:50:51,389][com.java.TemplateGenerator] [  307] - Start Time:120715_184418
[INFO ][2015-12-07 18:50:51,389][com.java.TemplateGenerator] [  308] -  Creating HTML Report 
[ERROR][2015-12-07 18:50:51,389][com.java.TemplateGenerator] [  409] - Unparseable date: "Mon Dec 07 06:44:18 IST 2015"
[INFO ][2015-12-07 18:50:51,389][com.java.TemplateGenerator] [  654] -  Exporting case :: 1
[INFO ][2015-12-07 18:50:51,389][com.java.TemplateGenerator] [  654] -  Exporting case :: 6
[INFO ][2015-12-07 18:50:51,411][com.java.SeleniumDriver] [ 1390] - End Time:120715_185051
[INFO ][2015-12-07 18:50:51,411][com.java.SeleniumDriver] [ 1393] - Data in Test Execution Details:{1=PASS, 6=PASS}
[INFO ][2015-12-07 18:50:51,411][com.java.SeleniumDriver] [ 1394] - Data in Failed Execution Deatils:{}
[INFO ][2015-12-07 18:50:51,411][com.java.SeleniumDriver] [ 1396] - ReportCounter:Total:2 :: PASS: 2 ::FAIL: 0
[INFO ][2015-12-07 18:50:51,411][com.java.SeleniumDriver] [ 1397] - FailedReportCounter:Total:0 :: PASS: 0 ::FAIL: 0
[INFO ][2015-12-07 18:50:51,421][com.java.EmailTestReport] [   63] - Sending report mail details:
[INFO ][2015-12-07 18:50:51,421][com.java.EmailTestReport] [   80] - Excel Report Path:D:\BankersDashboard/TestReports/Test Results_BankersDashBoard_120715_184418_IE10_Any Bank USA.xls
[INFO ][2015-12-07 18:50:51,421][com.java.EmailTestReport] [   81] - HTML Report Path:D:\BankersDashboard//TestReports//Test Results_BankersDashBoard_120715_184418_IE10_Any Bank USA.html
[INFO ][2015-12-07 18:50:51,421][com.java.EmailTestReport] [   82] - smtpHostName:mail01.valuelabs.com
[INFO ][2015-12-07 18:50:51,421][com.java.EmailTestReport] [   83] - Recipient:venkateswararao.gubbala@valuelabs.com;
[INFO ][2015-12-07 18:50:51,421][com.java.EmailTestReport] [   84] - From:venkateswararao.gubbala@valuelabs.com;
[INFO ][2015-12-07 18:50:51,421][com.java.EmailTestReport] [   85] - Subject:Deluxe Corp Bankers Dashboard Automation Test Report - Any Bank USA - IE10
[INFO ][2015-12-07 18:50:51,431][com.java.EmailTestReport] [  143] -  Added venkateswararao.gubbala@valuelabs.com
[INFO ][2015-12-07 18:50:54,564][com.java.SeleniumDriver] [  720] - quitting the browser 
[INFO ][2015-12-07 18:50:55,694][com.java.SeleniumDriver] [  264] - Execution Completed Stopping the thread
