[INFO ][2016-01-14 12:13:25,101][com.java.SeleniumDriver] [  213] - Execute Failed Casesfalse
[INFO ][2016-01-14 12:13:25,101][com.java.SeleniumDriver] [  214] - Browser: IE10
[INFO ][2016-01-14 12:13:25,101][com.java.SeleniumDriver] [  215] - [1, 12]
[INFO ][2016-01-14 12:13:25,101][com.java.SeleniumDriver] [  216] - Total TestCases:2
[INFO ][2016-01-14 12:13:25,101][com.java.SeleniumDriver] [  217] -  Reading Properties from Property File 
[DEBUG][2016-01-14 12:13:25,102][com.java.SeleniumDriver] [  238] - url : https://clients-xuat.bankersdashboard.com
[INFO ][2016-01-14 12:13:25,103][com.java.ImportnExport.ExportTestResultsExcel] [  116] - Time Stamp Thu Jan 14 12:13:25 IST 2016
[INFO ][2016-01-14 12:13:25,103][com.java.ImportnExport.ExportTestResultsExcel] [  175] - OUT FILE : D:\BankersDashboard/TestReports/Test Results_BankersDashBoard_011416_121325_IE10_Any Bank USA.xls
[INFO ][2016-01-14 12:13:25,132][com.java.ImportnExport.ExportTestResultsExcel] [  180] - Test Result file is created
[DEBUG][2016-01-14 12:13:25,249][com.java.SeleniumDriver] [  426] - Hub ip address is-------172.17.68.34
[INFO ][2016-01-14 12:13:25,249][com.java.SeleniumDriver] [  452] - Grid URL:http://172.17.68.34:4444/wd/hub
[INFO ][2016-01-14 12:13:25,250][com.java.SeleniumDriver] [  453] - Capability:Capabilities [{platform=ANY, ensureCleanSession=true, ignoreProtectedModeSettings=true, acceptSslCerts=true, ignoreZoomSetting=true, browserName=internet explorer, browserstack.ie.noFlash=true, version=null}]
[ERROR][2016-01-14 12:13:26,583][com.java.SeleniumDriver] [  498] - Unable invoke browser in grid:Could not start a new session. Possible causes are invalid address of the remote server or browser start-up failure.
Build info: version: '2.48.2', revision: '41bccdd', time: '2015-10-09 19:59:12'
System info: host: 'FVTIII438F1D', ip: '172.17.68.34', os.name: 'Windows 7', os.arch: 'x86', os.version: '6.1', java.version: '1.7.0_55'
Driver info: driver.version: SeleniumDriver
[INFO ][2016-01-14 12:13:26,583][com.java.SeleniumDriver] [  500] - Executing on local machine
[INFO ][2016-01-14 12:13:36,882][com.java.SeleniumDriver] [  248] - IE10is opened
[INFO ][2016-01-14 12:13:37,542][com.java.SeleniumDriver] [  756] - Test cases to be executed are: [1, 12]
[INFO ][2016-01-14 12:13:37,565][com.java.ImportnExport.ImportTestDataDetailsExcel] [   49] - test data details path===== D:\BankersDashboard\TestInputs\TestData.xls
[INFO ][2016-01-14 12:13:37,669][com.java.SeleniumDriver] [  856] - ------------------------------------------
[INFO ][2016-01-14 12:13:37,669][com.java.SeleniumDriver] [  857] - Test case being Executed: 1
[INFO ][2016-01-14 12:13:37,669][com.java.SeleniumDriver] [  869] - Test step:1
[INFO ][2016-01-14 12:13:37,669][com.java.SeleniumDriver] [  881] - Datavalue is----------Concept#1:1-16
[INFO ][2016-01-14 12:13:37,670][com.java.SeleniumDriver] [  905] - DataField : test
[INFO ][2016-01-14 12:13:37,670][com.java.SeleniumDriver] [  907] - DataValue : Concept#1:1-16
[INFO ][2016-01-14 12:13:37,670][com.java.SeleniumDriver] [  913] - <In Set values of the page>
[INFO ][2016-01-14 12:13:37,670][com.java.SeleniumDriver] [  916] - {Data Fields & Data Values Exist}
[INFO ][2016-01-14 12:13:37,670][com.java.SeleniumDriver] [  918] - --------------------------setting values-----------------------------
[INFO ][2016-01-14 12:13:37,670][com.java.SeleniumDriver] [  921] - Action Type : ExecuteTestCase
[INFO ][2016-01-14 12:13:37,691][com.java.TestType] [  437] - The Concept sheet name is ---------- Concept
[INFO ][2016-01-14 12:13:37,691][com.java.TestType] [  440] - The Concept ID  is ---------- 1
[DEBUG][2016-01-14 12:13:37,691][com.java.TestType] [  444] - Steps being executted in the Concept are: 1:16
[INFO ][2016-01-14 12:13:37,691][com.java.TestType] [  451] - Test data details path ---------- D:\BankersDashboard\TestInputs\TestData.xls
[INFO ][2016-01-14 12:13:37,729][com.java.TestType] [  482] -  str(1) = 1
[INFO ][2016-01-14 12:13:37,729][com.java.TestType] [  485] - Test case Id is---1
[INFO ][2016-01-14 12:13:37,729][com.java.TestType] [  487] - 1
[INFO ][2016-01-14 12:13:37,729][com.java.TestType] [  482] -  str(2) = 1
[INFO ][2016-01-14 12:13:37,732][com.java.TestType] [  482] -  str(1) = 1
[INFO ][2016-01-14 12:13:37,732][com.java.TestType] [  485] - Test case Id is---1
[INFO ][2016-01-14 12:13:37,732][com.java.TestType] [  487] - 1
[INFO ][2016-01-14 12:13:37,732][com.java.TestType] [  482] -  str(2) = 2
[INFO ][2016-01-14 12:13:37,733][com.java.TestType] [  482] -  str(1) = 1
[INFO ][2016-01-14 12:13:37,733][com.java.TestType] [  485] - Test case Id is---1
[INFO ][2016-01-14 12:13:37,733][com.java.TestType] [  487] - 1
[INFO ][2016-01-14 12:13:37,733][com.java.TestType] [  482] -  str(2) = 3
[INFO ][2016-01-14 12:13:37,735][com.java.TestType] [  482] -  str(1) = 1
[INFO ][2016-01-14 12:13:37,735][com.java.TestType] [  485] - Test case Id is---1
[INFO ][2016-01-14 12:13:37,735][com.java.TestType] [  487] - 1
[INFO ][2016-01-14 12:13:37,735][com.java.TestType] [  482] -  str(2) = 4
[INFO ][2016-01-14 12:13:37,738][com.java.TestType] [  482] -  str(1) = 1
[INFO ][2016-01-14 12:13:37,738][com.java.TestType] [  485] - Test case Id is---1
[INFO ][2016-01-14 12:13:37,738][com.java.TestType] [  487] - 1
[INFO ][2016-01-14 12:13:37,738][com.java.TestType] [  482] -  str(2) = 5
[INFO ][2016-01-14 12:13:37,739][com.java.TestType] [  482] -  str(1) = 1
[INFO ][2016-01-14 12:13:37,739][com.java.TestType] [  485] - Test case Id is---1
[INFO ][2016-01-14 12:13:37,739][com.java.TestType] [  487] - 1
[INFO ][2016-01-14 12:13:37,740][com.java.TestType] [  482] -  str(2) = 6
[INFO ][2016-01-14 12:13:37,741][com.java.TestType] [  482] -  str(1) = 1
[INFO ][2016-01-14 12:13:37,741][com.java.TestType] [  485] - Test case Id is---1
[INFO ][2016-01-14 12:13:37,741][com.java.TestType] [  487] - 1
[INFO ][2016-01-14 12:13:37,741][com.java.TestType] [  482] -  str(2) = 7
[INFO ][2016-01-14 12:13:37,742][com.java.TestType] [  482] -  str(1) = 1
[INFO ][2016-01-14 12:13:37,742][com.java.TestType] [  485] - Test case Id is---1
[INFO ][2016-01-14 12:13:37,742][com.java.TestType] [  487] - 1
[INFO ][2016-01-14 12:13:37,742][com.java.TestType] [  482] -  str(2) = 8
[INFO ][2016-01-14 12:13:37,743][com.java.TestType] [  482] -  str(1) = 1
[INFO ][2016-01-14 12:13:37,743][com.java.TestType] [  485] - Test case Id is---1
[INFO ][2016-01-14 12:13:37,743][com.java.TestType] [  487] - 1
[INFO ][2016-01-14 12:13:37,744][com.java.TestType] [  482] -  str(2) = 9
[INFO ][2016-01-14 12:13:37,744][com.java.TestType] [  482] -  str(1) = 1
[INFO ][2016-01-14 12:13:37,744][com.java.TestType] [  485] - Test case Id is---1
[INFO ][2016-01-14 12:13:37,744][com.java.TestType] [  487] - 1
[INFO ][2016-01-14 12:13:37,745][com.java.TestType] [  482] -  str(2) = 10
[INFO ][2016-01-14 12:13:37,745][com.java.TestType] [  482] -  str(1) = 1
[INFO ][2016-01-14 12:13:37,745][com.java.TestType] [  485] - Test case Id is---1
[INFO ][2016-01-14 12:13:37,745][com.java.TestType] [  487] - 1
[INFO ][2016-01-14 12:13:37,746][com.java.TestType] [  482] -  str(2) = 11
[INFO ][2016-01-14 12:13:37,748][com.java.TestType] [  482] -  str(1) = 1
[INFO ][2016-01-14 12:13:37,748][com.java.TestType] [  485] - Test case Id is---1
[INFO ][2016-01-14 12:13:37,748][com.java.TestType] [  487] - 1
[INFO ][2016-01-14 12:13:37,748][com.java.TestType] [  482] -  str(2) = 12
[INFO ][2016-01-14 12:13:37,749][com.java.TestType] [  482] -  str(1) = 1
[INFO ][2016-01-14 12:13:37,749][com.java.TestType] [  485] - Test case Id is---1
[INFO ][2016-01-14 12:13:37,749][com.java.TestType] [  487] - 1
[INFO ][2016-01-14 12:13:37,749][com.java.TestType] [  482] -  str(2) = 13
[INFO ][2016-01-14 12:13:37,750][com.java.TestType] [  482] -  str(1) = 1
[INFO ][2016-01-14 12:13:37,750][com.java.TestType] [  485] - Test case Id is---1
[INFO ][2016-01-14 12:13:37,750][com.java.TestType] [  487] - 1
[INFO ][2016-01-14 12:13:37,750][com.java.TestType] [  482] -  str(2) = 14
[INFO ][2016-01-14 12:13:37,751][com.java.TestType] [  482] -  str(1) = 1
[INFO ][2016-01-14 12:13:37,751][com.java.TestType] [  485] - Test case Id is---1
[INFO ][2016-01-14 12:13:37,751][com.java.TestType] [  487] - 1
[INFO ][2016-01-14 12:13:37,751][com.java.TestType] [  482] -  str(2) = 15
[INFO ][2016-01-14 12:13:37,752][com.java.TestType] [  482] -  str(1) = 1
[INFO ][2016-01-14 12:13:37,752][com.java.TestType] [  485] - Test case Id is---1
[INFO ][2016-01-14 12:13:37,752][com.java.TestType] [  487] - 1
[INFO ][2016-01-14 12:13:37,752][com.java.TestType] [  482] -  str(2) = 16
[INFO ][2016-01-14 12:13:37,753][com.java.TestType] [11304] - Looping 1TCID = 1
[DEBUG][2016-01-14 12:13:37,753][com.java.TestType] [11345] - Concept ID:1 :: Step being Executed: 1::1
[INFO ][2016-01-14 12:13:37,753][com.java.TestType] [11383] - dataFields : TXTusername
[DEBUG][2016-01-14 12:13:37,753][com.java.TestType] [11389] - <In Set values of the page>
[DEBUG][2016-01-14 12:13:37,754][com.java.TestType] [11394] - {Data Fields & Data Values Exist}
[INFO ][2016-01-14 12:13:37,754][com.java.TestType] [11400] - --------------------------setting values-----------------------------
[INFO ][2016-01-14 12:13:37,754][com.java.TestType] [11403] - Action Type : CLEARANDENTER
[INFO ][2016-01-14 12:13:40,070][com.java.TestType] [ 6136] - value = naresh.nayini.00000
[INFO ][2016-01-14 12:13:42,486][com.java.TestType] [11422] -  RESULT true
[INFO ][2016-01-14 12:13:42,486][com.java.TestType] [11539] - ?   P A S S   ?
[DEBUG][2016-01-14 12:13:42,486][com.java.TestType] [11345] - Concept ID:1 :: Step being Executed: 1::2
[INFO ][2016-01-14 12:13:42,487][com.java.TestType] [11383] - dataFields : TXTpassword
[DEBUG][2016-01-14 12:13:42,487][com.java.TestType] [11389] - <In Set values of the page>
[DEBUG][2016-01-14 12:13:42,487][com.java.TestType] [11394] - {Data Fields & Data Values Exist}
[INFO ][2016-01-14 12:13:42,487][com.java.TestType] [11400] - --------------------------setting values-----------------------------
[INFO ][2016-01-14 12:13:42,487][com.java.TestType] [11403] - Action Type : CLEARANDENTER
[INFO ][2016-01-14 12:13:44,751][com.java.TestType] [ 6136] - value = Password1*
[INFO ][2016-01-14 12:13:47,297][com.java.TestType] [11422] -  RESULT true
[INFO ][2016-01-14 12:13:47,297][com.java.TestType] [11539] - ?   P A S S   ?
[DEBUG][2016-01-14 12:13:47,297][com.java.TestType] [11345] - Concept ID:1 :: Step being Executed: 1::3
[ERROR][2016-01-14 12:13:47,297][com.java.TestType] [11378] - Exception: null
[INFO ][2016-01-14 12:13:47,298][com.java.TestType] [11383] - dataFields : XPH//button[@type='submit']
[DEBUG][2016-01-14 12:13:47,298][com.java.TestType] [11389] - <In Set values of the page>
[DEBUG][2016-01-14 12:13:47,298][com.java.TestType] [11394] - {Data Fields & Data Values Exist}
[INFO ][2016-01-14 12:13:47,298][com.java.TestType] [11400] - --------------------------setting values-----------------------------
[INFO ][2016-01-14 12:13:47,298][com.java.TestType] [11403] - Action Type : Click
[INFO ][2016-01-14 12:13:47,298][com.java.TestType] [ 6515] - Field ::XPH//button[@type='submit']
[INFO ][2016-01-14 12:13:47,298][com.java.TestType] [ 6136] - value = 
[INFO ][2016-01-14 12:13:48,300][com.java.TestType] [ 6652] - BEFORE CLICK
[INFO ][2016-01-14 12:13:49,152][com.java.TestType] [ 6660] - Unable to click the object Login
[INFO ][2016-01-14 12:13:49,152][com.java.TestType] [11422] -  RESULT true
[INFO ][2016-01-14 12:13:49,152][com.java.TestType] [11539] - ?   P A S S   ?
[DEBUG][2016-01-14 12:13:49,152][com.java.TestType] [11345] - Concept ID:1 :: Step being Executed: 1::4
[INFO ][2016-01-14 12:13:49,152][com.java.TestType] [11383] - dataFields : LNKLogout
[DEBUG][2016-01-14 12:13:49,152][com.java.TestType] [11389] - <In Set values of the page>
[DEBUG][2016-01-14 12:13:49,152][com.java.TestType] [11394] - {Data Fields & Data Values Exist}
[INFO ][2016-01-14 12:13:49,152][com.java.TestType] [11400] - --------------------------setting values-----------------------------
[INFO ][2016-01-14 12:13:49,152][com.java.TestType] [11403] - Action Type : WaitForElement
[INFO ][2016-01-14 12:13:52,641][com.java.TestType] [11422] -  RESULT true
[INFO ][2016-01-14 12:13:52,641][com.java.TestType] [11539] - ?   P A S S   ?
[DEBUG][2016-01-14 12:13:52,641][com.java.TestType] [11345] - Concept ID:1 :: Step being Executed: 1::15
[INFO ][2016-01-14 12:13:52,641][com.java.TestType] [11383] - dataFields : LNK
[DEBUG][2016-01-14 12:13:52,641][com.java.TestType] [11389] - <In Set values of the page>
[DEBUG][2016-01-14 12:13:52,641][com.java.TestType] [11394] - {Data Fields & Data Values Exist}
[INFO ][2016-01-14 12:13:52,642][com.java.TestType] [11400] - --------------------------setting values-----------------------------
[INFO ][2016-01-14 12:13:52,642][com.java.TestType] [11403] - Action Type : Verify
[INFO ][2016-01-14 12:13:52,642][com.java.TestType] [ 7637] - field= LNK value= Logout
[INFO ][2016-01-14 12:13:52,644][com.java.TestType] [ 6136] - value = Logout
[INFO ][2016-01-14 12:13:52,681][com.java.TestType] [11422] -  RESULT true
[INFO ][2016-01-14 12:13:52,681][com.java.TestType] [11539] - ?   P A S S   ?
[DEBUG][2016-01-14 12:13:52,682][com.java.TestType] [11345] - Concept ID:1 :: Step being Executed: 1::16
[INFO ][2016-01-14 12:13:52,682][com.java.TestType] [11383] - dataFields : BTN
[DEBUG][2016-01-14 12:13:52,682][com.java.TestType] [11389] - <In Set values of the page>
[DEBUG][2016-01-14 12:13:52,682][com.java.TestType] [11394] - {Data Fields & Data Values Exist}
[INFO ][2016-01-14 12:13:52,682][com.java.TestType] [11400] - --------------------------setting values-----------------------------
[INFO ][2016-01-14 12:13:52,682][com.java.TestType] [11403] - Action Type : Verify
[INFO ][2016-01-14 12:13:52,682][com.java.TestType] [ 7637] - field= BTN value= //img[contains(@src,'bdlogo.jpg')]
[INFO ][2016-01-14 12:13:52,682][com.java.TestType] [ 6136] - value = //img[contains(@src,'bdlogo.jpg')]
[INFO ][2016-01-14 12:13:52,753][com.java.TestType] [11422] -  RESULT true
[INFO ][2016-01-14 12:13:52,753][com.java.TestType] [11539] - ?   P A S S   ?
[INFO ][2016-01-14 12:13:52,753][com.java.TestType] [11610] - Looping End......
[INFO ][2016-01-14 12:13:52,757][com.java.SeleniumDriver] [  930] -  RESULT true
[INFO ][2016-01-14 12:13:52,757][com.java.SeleniumDriver] [ 1136] - ?   P A S S   ?
[INFO ][2016-01-14 12:13:52,758][com.java.SeleniumDriver] [  856] - ------------------------------------------
[INFO ][2016-01-14 12:13:52,758][com.java.SeleniumDriver] [  857] - Test case being Executed: 1
[INFO ][2016-01-14 12:13:52,758][com.java.SeleniumDriver] [  869] - Test step:2
[INFO ][2016-01-14 12:13:52,758][com.java.SeleniumDriver] [  881] - Datavalue is----------Concept#2:1-2
[INFO ][2016-01-14 12:13:52,758][com.java.SeleniumDriver] [  905] - DataField : test
[INFO ][2016-01-14 12:13:52,758][com.java.SeleniumDriver] [  907] - DataValue : Concept#2:1-2
[INFO ][2016-01-14 12:13:52,758][com.java.SeleniumDriver] [  913] - <In Set values of the page>
[INFO ][2016-01-14 12:13:52,758][com.java.SeleniumDriver] [  916] - {Data Fields & Data Values Exist}
[INFO ][2016-01-14 12:13:52,758][com.java.SeleniumDriver] [  918] - --------------------------setting values-----------------------------
[INFO ][2016-01-14 12:13:52,758][com.java.SeleniumDriver] [  921] - Action Type : ExecuteTestCase
[INFO ][2016-01-14 12:13:52,759][com.java.TestType] [  437] - The Concept sheet name is ---------- Concept
[INFO ][2016-01-14 12:13:52,759][com.java.TestType] [  440] - The Concept ID  is ---------- 2
[DEBUG][2016-01-14 12:13:52,759][com.java.TestType] [  444] - Steps being executted in the Concept are: 1:2
[INFO ][2016-01-14 12:13:52,759][com.java.TestType] [  451] - Test data details path ---------- D:\BankersDashboard\TestInputs\TestData.xls
[INFO ][2016-01-14 12:13:52,794][com.java.TestType] [  482] -  str(1) = 2
[INFO ][2016-01-14 12:13:52,794][com.java.TestType] [  485] - Test case Id is---2
[INFO ][2016-01-14 12:13:52,794][com.java.TestType] [  487] - 2
[INFO ][2016-01-14 12:13:52,794][com.java.TestType] [  482] -  str(2) = 1
[INFO ][2016-01-14 12:13:52,796][com.java.TestType] [  482] -  str(1) = 2
[INFO ][2016-01-14 12:13:52,796][com.java.TestType] [  485] - Test case Id is---2
[INFO ][2016-01-14 12:13:52,796][com.java.TestType] [  487] - 2
[INFO ][2016-01-14 12:13:52,796][com.java.TestType] [  482] -  str(2) = 2
[INFO ][2016-01-14 12:13:52,797][com.java.TestType] [  482] -  str(1) = 2
[INFO ][2016-01-14 12:13:52,797][com.java.TestType] [  485] - Test case Id is---2
[INFO ][2016-01-14 12:13:52,797][com.java.TestType] [  487] - 2
[INFO ][2016-01-14 12:13:52,797][com.java.TestType] [  482] -  str(2) = 3
[INFO ][2016-01-14 12:13:52,798][com.java.TestType] [11304] - Looping 1TCID = 2
[DEBUG][2016-01-14 12:13:52,798][com.java.TestType] [11345] - Concept ID:2 :: Step being Executed: 2::1
[INFO ][2016-01-14 12:13:52,798][com.java.TestType] [11383] - dataFields : BNK//select[@id='bank']
[DEBUG][2016-01-14 12:13:52,798][com.java.TestType] [11389] - <In Set values of the page>
[DEBUG][2016-01-14 12:13:52,798][com.java.TestType] [11394] - {Data Fields & Data Values Exist}
[INFO ][2016-01-14 12:13:52,798][com.java.TestType] [11400] - --------------------------setting values-----------------------------
[INFO ][2016-01-14 12:13:52,798][com.java.TestType] [11403] - Action Type : Select
[INFO ][2016-01-14 12:13:52,798][com.java.TestType] [ 6136] - value = PFC
[INFO ][2016-01-14 12:13:53,239][com.java.TestType] [11422] -  RESULT true
[INFO ][2016-01-14 12:13:53,239][com.java.TestType] [11539] - ?   P A S S   ?
[DEBUG][2016-01-14 12:13:53,239][com.java.TestType] [11345] - Concept ID:2 :: Step being Executed: 2::2
[INFO ][2016-01-14 12:13:53,239][com.java.TestType] [11383] - dataFields : LNKLogout
[DEBUG][2016-01-14 12:13:53,239][com.java.TestType] [11389] - <In Set values of the page>
[DEBUG][2016-01-14 12:13:53,239][com.java.TestType] [11394] - {Data Fields & Data Values Exist}
[INFO ][2016-01-14 12:13:53,239][com.java.TestType] [11400] - --------------------------setting values-----------------------------
[INFO ][2016-01-14 12:13:53,240][com.java.TestType] [11403] - Action Type : WaitTime
[DEBUG][2016-01-14 12:13:53,240][com.java.TestType] [ 5950] - sleepTime: 5000
[INFO ][2016-01-14 12:13:58,240][com.java.TestType] [11422] -  RESULT true
[INFO ][2016-01-14 12:13:58,240][com.java.TestType] [11539] - ?   P A S S   ?
[INFO ][2016-01-14 12:13:58,240][com.java.TestType] [11610] - Looping End......
[INFO ][2016-01-14 12:13:58,244][com.java.SeleniumDriver] [  930] -  RESULT true
[INFO ][2016-01-14 12:13:58,244][com.java.SeleniumDriver] [ 1136] - ?   P A S S   ?
[INFO ][2016-01-14 12:13:58,244][com.java.SeleniumDriver] [  856] - ------------------------------------------
[INFO ][2016-01-14 12:13:58,245][com.java.SeleniumDriver] [  857] - Test case being Executed: 1
[INFO ][2016-01-14 12:13:58,245][com.java.SeleniumDriver] [  869] - Test step:3
[INFO ][2016-01-14 12:13:58,245][com.java.SeleniumDriver] [  881] - Datavalue is----------2
[INFO ][2016-01-14 12:13:58,245][com.java.SeleniumDriver] [  905] - DataField : XPH//button[contains(text(),'Add Content')]
[INFO ][2016-01-14 12:13:58,245][com.java.SeleniumDriver] [  907] - DataValue : 2
[INFO ][2016-01-14 12:13:58,245][com.java.SeleniumDriver] [  913] - <In Set values of the page>
[INFO ][2016-01-14 12:13:58,245][com.java.SeleniumDriver] [  916] - {Data Fields & Data Values Exist}
[INFO ][2016-01-14 12:13:58,245][com.java.SeleniumDriver] [  918] - --------------------------setting values-----------------------------
[INFO ][2016-01-14 12:13:58,245][com.java.SeleniumDriver] [  921] - Action Type : WAITFORELEMENT
[INFO ][2016-01-14 12:13:58,282][com.java.SeleniumDriver] [  930] -  RESULT true
[INFO ][2016-01-14 12:13:58,282][com.java.SeleniumDriver] [ 1136] - ?   P A S S   ?
[DEBUG][2016-01-14 12:13:58,282][com.java.SeleniumDriver] [ 1248] - Case found
[DEBUG][2016-01-14 12:13:58,283][com.java.SeleniumDriver] [ 1253] - Incrementing ReportCounters[0]:1
[INFO ][2016-01-14 12:13:58,283][com.java.SeleniumDriver] [ 1272] - The results are-------------------[1, 1, Valid Login, Pass, , Thu Jan 14 12:13:52 IST 2016, 1, 2, Valid Login, Pass, , Thu Jan 14 12:13:58 IST 2016, 1, 3, Valid Login, Pass, , Thu Jan 14 12:13:58 IST 2016]
[INFO ][2016-01-14 12:13:58,283][com.java.SeleniumDriver] [ 1276] - End time is-------35 sec
[INFO ][2016-01-14 12:13:58,283][com.java.SeleniumDriver] [ 1277] - The results are-------------------[1, 1, Valid Login, Pass, , Thu Jan 14 12:13:52 IST 2016, 1, 2, Valid Login, Pass, , Thu Jan 14 12:13:58 IST 2016, 1, 3, Valid Login, Pass, , Thu Jan 14 12:13:58 IST 2016]
[DEBUG][2016-01-14 12:13:58,283][com.java.ImportnExport.ExportTestResultsExcel] [  222] - testResultPath = D:\BankersDashboard/TestReports/Test Results_BankersDashBoard_011416_121325_IE10_Any Bank USA.xls
[DEBUG][2016-01-14 12:13:58,283][com.java.ImportnExport.ExportTestResultsExcel] [  223] - browser is------------IE10
[DEBUG][2016-01-14 12:13:58,328][com.java.ImportnExport.ExportTestResultsExcel] [  270] - result.size() = 18
[DEBUG][2016-01-14 12:13:58,328][com.java.ImportnExport.ExportTestResultsExcel] [  274] - No of rows in sheet=1
[DEBUG][2016-01-14 12:13:58,328][com.java.ImportnExport.ExportTestResultsExcel] [  301] - ..in export..1
[DEBUG][2016-01-14 12:13:58,328][com.java.ImportnExport.ExportTestResultsExcel] [  301] - ..in export..Valid Login
[DEBUG][2016-01-14 12:13:58,328][com.java.ImportnExport.ExportTestResultsExcel] [  301] - ..in export..Pass
[DEBUG][2016-01-14 12:13:58,328][com.java.ImportnExport.ExportTestResultsExcel] [  301] - ..in export..
[DEBUG][2016-01-14 12:13:58,328][com.java.ImportnExport.ExportTestResultsExcel] [  301] - ..in export..Thu Jan 14 12:13:52 IST 2016
[INFO ][2016-01-14 12:13:58,330][com.java.SeleniumDriver] [ 1337] - out loop:0 size:2 TestCases:[1, 12] testcases:[1, 12]
[INFO ][2016-01-14 12:13:58,330][com.java.ImportnExport.ImportTestDataDetailsExcel] [   49] - test data details path===== D:\BankersDashboard\TestInputs\TestData.xls
[INFO ][2016-01-14 12:14:13,657][com.java.SeleniumDriver] [  856] - ------------------------------------------
[INFO ][2016-01-14 12:14:13,657][com.java.SeleniumDriver] [  857] - Test case being Executed: 12
[INFO ][2016-01-14 12:14:13,657][com.java.SeleniumDriver] [  869] - Test step:1
[INFO ][2016-01-14 12:14:13,657][com.java.SeleniumDriver] [  881] - Datavalue is----------Logout
[INFO ][2016-01-14 12:14:13,657][com.java.SeleniumDriver] [  905] - DataField : BTN
[INFO ][2016-01-14 12:14:13,657][com.java.SeleniumDriver] [  907] - DataValue : Logout
[INFO ][2016-01-14 12:14:13,659][com.java.SeleniumDriver] [  913] - <In Set values of the page>
[INFO ][2016-01-14 12:14:13,659][com.java.SeleniumDriver] [  916] - {Data Fields & Data Values Exist}
[INFO ][2016-01-14 12:14:13,659][com.java.SeleniumDriver] [  918] - --------------------------setting values-----------------------------
[INFO ][2016-01-14 12:14:13,659][com.java.SeleniumDriver] [  921] - Action Type : VERIFY
[INFO ][2016-01-14 12:14:13,659][com.java.TestType] [ 7637] - field= BTN value= Logout
[INFO ][2016-01-14 12:14:13,659][com.java.TestType] [ 6136] - value = Logout
[INFO ][2016-01-14 12:14:13,741][com.java.SeleniumDriver] [  930] -  RESULT true
[INFO ][2016-01-14 12:14:13,741][com.java.SeleniumDriver] [ 1136] - ?   P A S S   ?
[INFO ][2016-01-14 12:14:13,741][com.java.SeleniumDriver] [ 1178] - step change to 3
[INFO ][2016-01-14 12:14:13,741][com.java.SeleniumDriver] [  856] - ------------------------------------------
[INFO ][2016-01-14 12:14:13,742][com.java.SeleniumDriver] [  857] - Test case being Executed: 12
[INFO ][2016-01-14 12:14:13,742][com.java.SeleniumDriver] [  869] - Test step:3
[INFO ][2016-01-14 12:14:13,742][com.java.SeleniumDriver] [  881] - Datavalue is----------Concept#2:1-2
[INFO ][2016-01-14 12:14:13,742][com.java.SeleniumDriver] [  905] - DataField : test
[INFO ][2016-01-14 12:14:13,742][com.java.SeleniumDriver] [  907] - DataValue : Concept#2:1-2
[INFO ][2016-01-14 12:14:13,742][com.java.SeleniumDriver] [  913] - <In Set values of the page>
[INFO ][2016-01-14 12:14:13,742][com.java.SeleniumDriver] [  916] - {Data Fields & Data Values Exist}
[INFO ][2016-01-14 12:14:13,742][com.java.SeleniumDriver] [  918] - --------------------------setting values-----------------------------
[INFO ][2016-01-14 12:14:13,742][com.java.SeleniumDriver] [  921] - Action Type : ExecuteTestCase
[INFO ][2016-01-14 12:14:13,742][com.java.TestType] [  437] - The Concept sheet name is ---------- Concept
[INFO ][2016-01-14 12:14:13,742][com.java.TestType] [  440] - The Concept ID  is ---------- 2
[DEBUG][2016-01-14 12:14:13,742][com.java.TestType] [  444] - Steps being executted in the Concept are: 1:2
[INFO ][2016-01-14 12:14:13,742][com.java.TestType] [  451] - Test data details path ---------- D:\BankersDashboard\TestInputs\TestData.xls
[INFO ][2016-01-14 12:14:13,776][com.java.TestType] [  482] -  str(1) = 2
[INFO ][2016-01-14 12:14:13,776][com.java.TestType] [  485] - Test case Id is---2
[INFO ][2016-01-14 12:14:13,776][com.java.TestType] [  487] - 2
[INFO ][2016-01-14 12:14:13,776][com.java.TestType] [  482] -  str(2) = 1
[INFO ][2016-01-14 12:14:13,778][com.java.TestType] [  482] -  str(1) = 2
[INFO ][2016-01-14 12:14:13,778][com.java.TestType] [  485] - Test case Id is---2
[INFO ][2016-01-14 12:14:13,778][com.java.TestType] [  487] - 2
[INFO ][2016-01-14 12:14:13,778][com.java.TestType] [  482] -  str(2) = 2
[INFO ][2016-01-14 12:14:13,779][com.java.TestType] [  482] -  str(1) = 2
[INFO ][2016-01-14 12:14:13,779][com.java.TestType] [  485] - Test case Id is---2
[INFO ][2016-01-14 12:14:13,779][com.java.TestType] [  487] - 2
[INFO ][2016-01-14 12:14:13,779][com.java.TestType] [  482] -  str(2) = 3
[INFO ][2016-01-14 12:14:13,779][com.java.TestType] [11304] - Looping 1TCID = 2
[DEBUG][2016-01-14 12:14:13,779][com.java.TestType] [11345] - Concept ID:2 :: Step being Executed: 2::1
[INFO ][2016-01-14 12:14:13,780][com.java.TestType] [11383] - dataFields : BNK//select[@id='bank']
[DEBUG][2016-01-14 12:14:13,780][com.java.TestType] [11389] - <In Set values of the page>
[DEBUG][2016-01-14 12:14:13,780][com.java.TestType] [11394] - {Data Fields & Data Values Exist}
[INFO ][2016-01-14 12:14:13,780][com.java.TestType] [11400] - --------------------------setting values-----------------------------
[INFO ][2016-01-14 12:14:13,780][com.java.TestType] [11403] - Action Type : Select
[INFO ][2016-01-14 12:14:13,780][com.java.TestType] [ 6136] - value = PFC
[INFO ][2016-01-14 12:14:13,992][com.java.TestType] [11422] -  RESULT true
[INFO ][2016-01-14 12:14:13,992][com.java.TestType] [11539] - ?   P A S S   ?
[DEBUG][2016-01-14 12:14:13,992][com.java.TestType] [11345] - Concept ID:2 :: Step being Executed: 2::2
[INFO ][2016-01-14 12:14:13,992][com.java.TestType] [11383] - dataFields : LNKLogout
[DEBUG][2016-01-14 12:14:13,992][com.java.TestType] [11389] - <In Set values of the page>
[DEBUG][2016-01-14 12:14:13,992][com.java.TestType] [11394] - {Data Fields & Data Values Exist}
[INFO ][2016-01-14 12:14:13,992][com.java.TestType] [11400] - --------------------------setting values-----------------------------
[INFO ][2016-01-14 12:14:13,994][com.java.TestType] [11403] - Action Type : WaitTime
[DEBUG][2016-01-14 12:14:13,994][com.java.TestType] [ 5950] - sleepTime: 5000
[INFO ][2016-01-14 12:14:18,994][com.java.TestType] [11422] -  RESULT true
[INFO ][2016-01-14 12:14:18,994][com.java.TestType] [11539] - ?   P A S S   ?
[INFO ][2016-01-14 12:14:18,994][com.java.TestType] [11610] - Looping End......
[INFO ][2016-01-14 12:14:18,998][com.java.SeleniumDriver] [  930] -  RESULT true
[INFO ][2016-01-14 12:14:19,000][com.java.SeleniumDriver] [ 1136] - ?   P A S S   ?
[INFO ][2016-01-14 12:14:19,000][com.java.SeleniumDriver] [  856] - ------------------------------------------
[INFO ][2016-01-14 12:14:19,000][com.java.SeleniumDriver] [  857] - Test case being Executed: 12
[INFO ][2016-01-14 12:14:19,000][com.java.SeleniumDriver] [  869] - Test step:4
[INFO ][2016-01-14 12:14:19,000][com.java.SeleniumDriver] [  881] - Datavalue is----------null
[DEBUG][2016-01-14 12:14:19,001][com.java.SeleniumDriver] [  899] - Exception: null
[INFO ][2016-01-14 12:14:19,001][com.java.SeleniumDriver] [  905] - DataField : //span[@class='icon-user4']&&//a[text()='Company Settings']&&//a[@data-id="RatedLoans"]
[INFO ][2016-01-14 12:14:19,001][com.java.SeleniumDriver] [  907] - DataValue : 
[INFO ][2016-01-14 12:14:19,001][com.java.SeleniumDriver] [  913] - <In Set values of the page>
[INFO ][2016-01-14 12:14:19,001][com.java.SeleniumDriver] [  916] - {Data Fields & Data Values Exist}
[INFO ][2016-01-14 12:14:19,001][com.java.SeleniumDriver] [  918] - --------------------------setting values-----------------------------
[INFO ][2016-01-14 12:14:19,001][com.java.SeleniumDriver] [  921] - Action Type : MOUSEOVER
[INFO ][2016-01-14 12:14:45,860][com.java.SeleniumDriver] [  930] -  RESULT true
[INFO ][2016-01-14 12:14:45,860][com.java.SeleniumDriver] [ 1136] - ?   P A S S   ?
[INFO ][2016-01-14 12:14:45,860][com.java.SeleniumDriver] [  856] - ------------------------------------------
[INFO ][2016-01-14 12:14:45,860][com.java.SeleniumDriver] [  857] - Test case being Executed: 12
[INFO ][2016-01-14 12:14:45,860][com.java.SeleniumDriver] [  869] - Test step:5
[INFO ][2016-01-14 12:14:45,860][com.java.SeleniumDriver] [  881] - Datavalue is----------Rated Loan Categories
[INFO ][2016-01-14 12:14:45,860][com.java.SeleniumDriver] [  905] - DataField : XPH//span[contains(text(), 'Rated Loan Categories')]
[INFO ][2016-01-14 12:14:45,860][com.java.SeleniumDriver] [  907] - DataValue : Rated Loan Categories
[INFO ][2016-01-14 12:14:45,860][com.java.SeleniumDriver] [  913] - <In Set values of the page>
[INFO ][2016-01-14 12:14:45,860][com.java.SeleniumDriver] [  916] - {Data Fields & Data Values Exist}
[INFO ][2016-01-14 12:14:45,860][com.java.SeleniumDriver] [  918] - --------------------------setting values-----------------------------
[INFO ][2016-01-14 12:14:45,860][com.java.SeleniumDriver] [  921] - Action Type : VERIFY
[INFO ][2016-01-14 12:14:45,861][com.java.TestType] [ 7637] - field= XPH//span[contains(text(), 'Rated Loan Categories')] value= Rated Loan Categories
[INFO ][2016-01-14 12:14:45,861][com.java.TestType] [ 6136] - value = Rated Loan Categories
[INFO ][2016-01-14 12:14:45,979][com.java.SeleniumDriver] [  930] -  RESULT true
[INFO ][2016-01-14 12:14:45,979][com.java.SeleniumDriver] [ 1136] - ?   P A S S   ?
[INFO ][2016-01-14 12:14:45,979][com.java.SeleniumDriver] [  856] - ------------------------------------------
[INFO ][2016-01-14 12:14:45,979][com.java.SeleniumDriver] [  857] - Test case being Executed: 12
[INFO ][2016-01-14 12:14:45,979][com.java.SeleniumDriver] [  869] - Test step:6
[INFO ][2016-01-14 12:14:45,979][com.java.SeleniumDriver] [  881] - Datavalue is----------null
[DEBUG][2016-01-14 12:14:45,979][com.java.SeleniumDriver] [  899] - Exception: null
[INFO ][2016-01-14 12:14:45,979][com.java.SeleniumDriver] [  905] - DataField : BTNframeDialogContent
[INFO ][2016-01-14 12:14:45,980][com.java.SeleniumDriver] [  907] - DataValue : 
[INFO ][2016-01-14 12:14:45,980][com.java.SeleniumDriver] [  913] - <In Set values of the page>
[INFO ][2016-01-14 12:14:45,980][com.java.SeleniumDriver] [  916] - {Data Fields & Data Values Exist}
[INFO ][2016-01-14 12:14:45,980][com.java.SeleniumDriver] [  918] - --------------------------setting values-----------------------------
[INFO ][2016-01-14 12:14:45,980][com.java.SeleniumDriver] [  921] - Action Type : SELECTFRAME
[INFO ][2016-01-14 12:14:47,245][com.java.SeleniumDriver] [  930] -  RESULT true
[INFO ][2016-01-14 12:14:47,245][com.java.SeleniumDriver] [ 1136] - ?   P A S S   ?
[INFO ][2016-01-14 12:14:47,245][com.java.SeleniumDriver] [  856] - ------------------------------------------
[INFO ][2016-01-14 12:14:47,245][com.java.SeleniumDriver] [  857] - Test case being Executed: 12
[INFO ][2016-01-14 12:14:47,245][com.java.SeleniumDriver] [  869] - Test step:7
[INFO ][2016-01-14 12:14:47,245][com.java.SeleniumDriver] [  881] - Datavalue is----------null
[DEBUG][2016-01-14 12:14:47,245][com.java.SeleniumDriver] [  899] - Exception: null
[INFO ][2016-01-14 12:14:47,245][com.java.SeleniumDriver] [  905] - DataField : BTNbtnAddNew
[INFO ][2016-01-14 12:14:47,246][com.java.SeleniumDriver] [  907] - DataValue : 
[INFO ][2016-01-14 12:14:47,246][com.java.SeleniumDriver] [  913] - <In Set values of the page>
[INFO ][2016-01-14 12:14:47,246][com.java.SeleniumDriver] [  916] - {Data Fields & Data Values Exist}
[INFO ][2016-01-14 12:14:47,246][com.java.SeleniumDriver] [  918] - --------------------------setting values-----------------------------
[INFO ][2016-01-14 12:14:47,246][com.java.SeleniumDriver] [  921] - Action Type : CLICK
[INFO ][2016-01-14 12:14:47,246][com.java.TestType] [ 6515] - Field ::BTNbtnAddNew
[INFO ][2016-01-14 12:14:47,246][com.java.TestType] [ 6136] - value = 
[INFO ][2016-01-14 12:14:48,246][com.java.TestType] [ 6631] - BEFORE CLICK
[INFO ][2016-01-14 12:14:49,443][com.java.TestType] [ 6638] - Unable to click the object Add New Category button
[INFO ][2016-01-14 12:14:49,443][com.java.SeleniumDriver] [  930] -  RESULT true
[INFO ][2016-01-14 12:14:49,443][com.java.SeleniumDriver] [ 1136] - ?   P A S S   ?
[INFO ][2016-01-14 12:14:49,443][com.java.SeleniumDriver] [  856] - ------------------------------------------
[INFO ][2016-01-14 12:14:49,443][com.java.SeleniumDriver] [  857] - Test case being Executed: 12
[INFO ][2016-01-14 12:14:49,443][com.java.SeleniumDriver] [  869] - Test step:8
[INFO ][2016-01-14 12:14:49,443][com.java.SeleniumDriver] [  881] - Datavalue is----------5
[INFO ][2016-01-14 12:14:49,443][com.java.SeleniumDriver] [  905] - DataField : XPH//td[contains(text(),'Description')]
[INFO ][2016-01-14 12:14:49,444][com.java.SeleniumDriver] [  907] - DataValue : 5
[INFO ][2016-01-14 12:14:49,444][com.java.SeleniumDriver] [  913] - <In Set values of the page>
[INFO ][2016-01-14 12:14:49,444][com.java.SeleniumDriver] [  916] - {Data Fields & Data Values Exist}
[INFO ][2016-01-14 12:14:49,444][com.java.SeleniumDriver] [  918] - --------------------------setting values-----------------------------
[INFO ][2016-01-14 12:14:49,444][com.java.SeleniumDriver] [  921] - Action Type : WAITFORELEMENT
[INFO ][2016-01-14 12:14:49,469][com.java.SeleniumDriver] [  930] -  RESULT true
[INFO ][2016-01-14 12:14:49,469][com.java.SeleniumDriver] [ 1136] - ?   P A S S   ?
[INFO ][2016-01-14 12:14:49,469][com.java.SeleniumDriver] [  856] - ------------------------------------------
[INFO ][2016-01-14 12:14:49,469][com.java.SeleniumDriver] [  857] - Test case being Executed: 12
[INFO ][2016-01-14 12:14:49,469][com.java.SeleniumDriver] [  869] - Test step:9
[INFO ][2016-01-14 12:14:49,469][com.java.SeleniumDriver] [  881] - Datavalue is----------//td[contains(text(),'Description')]
[INFO ][2016-01-14 12:14:49,470][com.java.SeleniumDriver] [  905] - DataField : BTN
[INFO ][2016-01-14 12:14:49,470][com.java.SeleniumDriver] [  907] - DataValue : //td[contains(text(),'Description')]
[INFO ][2016-01-14 12:14:49,470][com.java.SeleniumDriver] [  913] - <In Set values of the page>
[INFO ][2016-01-14 12:14:49,470][com.java.SeleniumDriver] [  916] - {Data Fields & Data Values Exist}
[INFO ][2016-01-14 12:14:49,470][com.java.SeleniumDriver] [  918] - --------------------------setting values-----------------------------
[INFO ][2016-01-14 12:14:49,470][com.java.SeleniumDriver] [  921] - Action Type : VERIFY
[INFO ][2016-01-14 12:14:49,470][com.java.TestType] [ 7637] - field= BTN value= //td[contains(text(),'Description')]
[INFO ][2016-01-14 12:14:49,470][com.java.TestType] [ 6136] - value = //td[contains(text(),'Description')]
[INFO ][2016-01-14 12:14:49,520][com.java.SeleniumDriver] [  930] -  RESULT true
[INFO ][2016-01-14 12:14:49,520][com.java.SeleniumDriver] [ 1136] - ?   P A S S   ?
[INFO ][2016-01-14 12:14:49,520][com.java.SeleniumDriver] [  856] - ------------------------------------------
[INFO ][2016-01-14 12:14:49,520][com.java.SeleniumDriver] [  857] - Test case being Executed: 12
[INFO ][2016-01-14 12:14:49,520][com.java.SeleniumDriver] [  869] - Test step:10
[INFO ][2016-01-14 12:14:49,520][com.java.SeleniumDriver] [  881] - Datavalue is----------//td[contains(text(),'Rated Loan*')]
[INFO ][2016-01-14 12:14:49,521][com.java.SeleniumDriver] [  905] - DataField : BTN
[INFO ][2016-01-14 12:14:49,521][com.java.SeleniumDriver] [  907] - DataValue : //td[contains(text(),'Rated Loan*')]
[INFO ][2016-01-14 12:14:49,521][com.java.SeleniumDriver] [  913] - <In Set values of the page>
[INFO ][2016-01-14 12:14:49,521][com.java.SeleniumDriver] [  916] - {Data Fields & Data Values Exist}
[INFO ][2016-01-14 12:14:49,521][com.java.SeleniumDriver] [  918] - --------------------------setting values-----------------------------
[INFO ][2016-01-14 12:14:49,521][com.java.SeleniumDriver] [  921] - Action Type : VERIFY
[INFO ][2016-01-14 12:14:49,521][com.java.TestType] [ 7637] - field= BTN value= //td[contains(text(),'Rated Loan*')]
[INFO ][2016-01-14 12:14:49,521][com.java.TestType] [ 6136] - value = //td[contains(text(),'Rated Loan*')]
[INFO ][2016-01-14 12:14:49,561][com.java.SeleniumDriver] [  930] -  RESULT true
[INFO ][2016-01-14 12:14:49,562][com.java.SeleniumDriver] [ 1136] - ?   P A S S   ?
[INFO ][2016-01-14 12:14:49,562][com.java.SeleniumDriver] [  856] - ------------------------------------------
[INFO ][2016-01-14 12:14:49,562][com.java.SeleniumDriver] [  857] - Test case being Executed: 12
[INFO ][2016-01-14 12:14:49,562][com.java.SeleniumDriver] [  869] - Test step:11
[INFO ][2016-01-14 12:14:49,562][com.java.SeleniumDriver] [  881] - Datavalue is----------RNDVLTest
[INFO ][2016-01-14 12:14:49,562][com.java.SeleniumDriver] [  905] - DataField : TXTtxtDescription
[INFO ][2016-01-14 12:14:49,562][com.java.SeleniumDriver] [  907] - DataValue : RNDVLTest
[INFO ][2016-01-14 12:14:49,562][com.java.SeleniumDriver] [  913] - <In Set values of the page>
[INFO ][2016-01-14 12:14:49,562][com.java.SeleniumDriver] [  916] - {Data Fields & Data Values Exist}
[INFO ][2016-01-14 12:14:49,562][com.java.SeleniumDriver] [  918] - --------------------------setting values-----------------------------
[INFO ][2016-01-14 12:14:49,562][com.java.SeleniumDriver] [  921] - Action Type : CLEARANDENTER
[INFO ][2016-01-14 12:14:50,689][com.java.TestType] [ 6136] - value = VLTest105855
[INFO ][2016-01-14 12:14:52,186][com.java.SeleniumDriver] [  930] -  RESULT true
[INFO ][2016-01-14 12:14:52,186][com.java.SeleniumDriver] [ 1136] - ?   P A S S   ?
[INFO ][2016-01-14 12:14:52,186][com.java.SeleniumDriver] [  856] - ------------------------------------------
[INFO ][2016-01-14 12:14:52,186][com.java.SeleniumDriver] [  857] - Test case being Executed: 12
[INFO ][2016-01-14 12:14:52,186][com.java.SeleniumDriver] [  869] - Test step:12
[INFO ][2016-01-14 12:14:52,186][com.java.SeleniumDriver] [  881] - Datavalue is----------2
[INFO ][2016-01-14 12:14:52,186][com.java.SeleniumDriver] [  905] - DataField : test
[INFO ][2016-01-14 12:14:52,186][com.java.SeleniumDriver] [  907] - DataValue : 2
[INFO ][2016-01-14 12:14:52,186][com.java.SeleniumDriver] [  913] - <In Set values of the page>
[INFO ][2016-01-14 12:14:52,186][com.java.SeleniumDriver] [  916] - {Data Fields & Data Values Exist}
[INFO ][2016-01-14 12:14:52,186][com.java.SeleniumDriver] [  918] - --------------------------setting values-----------------------------
[INFO ][2016-01-14 12:14:52,187][com.java.SeleniumDriver] [  921] - Action Type : WAITTIME
[DEBUG][2016-01-14 12:14:52,187][com.java.TestType] [ 5950] - sleepTime: 2000
[INFO ][2016-01-14 12:14:54,187][com.java.SeleniumDriver] [  930] -  RESULT true
[INFO ][2016-01-14 12:14:54,187][com.java.SeleniumDriver] [ 1136] - ?   P A S S   ?
[INFO ][2016-01-14 12:14:54,187][com.java.SeleniumDriver] [  856] - ------------------------------------------
[INFO ][2016-01-14 12:14:54,187][com.java.SeleniumDriver] [  857] - Test case being Executed: 12
[INFO ][2016-01-14 12:14:54,187][com.java.SeleniumDriver] [  869] - Test step:13
[INFO ][2016-01-14 12:14:54,187][com.java.SeleniumDriver] [  881] - Datavalue is----------Test
[INFO ][2016-01-14 12:14:54,187][com.java.SeleniumDriver] [  905] - DataField : TXTtxtDescription
[INFO ][2016-01-14 12:14:54,187][com.java.SeleniumDriver] [  907] - DataValue : Test
[INFO ][2016-01-14 12:14:54,187][com.java.SeleniumDriver] [  913] - <In Set values of the page>
[INFO ][2016-01-14 12:14:54,187][com.java.SeleniumDriver] [  916] - {Data Fields & Data Values Exist}
[INFO ][2016-01-14 12:14:54,187][com.java.SeleniumDriver] [  918] - --------------------------setting values-----------------------------
[INFO ][2016-01-14 12:14:54,187][com.java.SeleniumDriver] [  921] - Action Type : STOREVALUE
[INFO ][2016-01-14 12:14:54,188][com.java.TestType] [ 9064] - field= TXTtxtDescription
[DEBUG][2016-01-14 12:14:55,285][com.java.TestType] [ 9078] - Key:: Test  Value:: VLTest105855
[INFO ][2016-01-14 12:14:55,285][com.java.SeleniumDriver] [  930] -  RESULT true
[INFO ][2016-01-14 12:14:55,285][com.java.SeleniumDriver] [ 1136] - ?   P A S S   ?
[INFO ][2016-01-14 12:14:55,285][com.java.SeleniumDriver] [  856] - ------------------------------------------
[INFO ][2016-01-14 12:14:55,285][com.java.SeleniumDriver] [  857] - Test case being Executed: 12
[INFO ][2016-01-14 12:14:55,285][com.java.SeleniumDriver] [  869] - Test step:14
[INFO ][2016-01-14 12:14:55,285][com.java.SeleniumDriver] [  881] - Datavalue is----------3
[INFO ][2016-01-14 12:14:55,285][com.java.SeleniumDriver] [  905] - DataField : test
[INFO ][2016-01-14 12:14:55,286][com.java.SeleniumDriver] [  907] - DataValue : 3
[INFO ][2016-01-14 12:14:55,286][com.java.SeleniumDriver] [  913] - <In Set values of the page>
[INFO ][2016-01-14 12:14:55,286][com.java.SeleniumDriver] [  916] - {Data Fields & Data Values Exist}
[INFO ][2016-01-14 12:14:55,286][com.java.SeleniumDriver] [  918] - --------------------------setting values-----------------------------
[INFO ][2016-01-14 12:14:55,286][com.java.SeleniumDriver] [  921] - Action Type : WAITTIME
[DEBUG][2016-01-14 12:14:55,286][com.java.TestType] [ 5950] - sleepTime: 3000
[INFO ][2016-01-14 12:14:58,286][com.java.SeleniumDriver] [  930] -  RESULT true
[INFO ][2016-01-14 12:14:58,286][com.java.SeleniumDriver] [ 1136] - ?   P A S S   ?
[INFO ][2016-01-14 12:14:58,286][com.java.SeleniumDriver] [  856] - ------------------------------------------
[INFO ][2016-01-14 12:14:58,286][com.java.SeleniumDriver] [  857] - Test case being Executed: 12
[INFO ][2016-01-14 12:14:58,286][com.java.SeleniumDriver] [  869] - Test step:15
[INFO ][2016-01-14 12:14:58,287][com.java.SeleniumDriver] [  881] - Datavalue is----------1.00
[INFO ][2016-01-14 12:14:58,287][com.java.SeleniumDriver] [  905] - DataField : TXTtxtWeight
[INFO ][2016-01-14 12:14:58,287][com.java.SeleniumDriver] [  907] - DataValue : 1.00
[INFO ][2016-01-14 12:14:58,287][com.java.SeleniumDriver] [  913] - <In Set values of the page>
[INFO ][2016-01-14 12:14:58,287][com.java.SeleniumDriver] [  916] - {Data Fields & Data Values Exist}
[INFO ][2016-01-14 12:14:58,287][com.java.SeleniumDriver] [  918] - --------------------------setting values-----------------------------
[INFO ][2016-01-14 12:14:58,287][com.java.SeleniumDriver] [  921] - Action Type : CLEARANDENTER
[INFO ][2016-01-14 12:14:59,427][com.java.TestType] [ 6136] - value = 1.00
[INFO ][2016-01-14 12:15:00,581][com.java.SeleniumDriver] [  930] -  RESULT true
[INFO ][2016-01-14 12:15:00,581][com.java.SeleniumDriver] [ 1136] - ?   P A S S   ?
[INFO ][2016-01-14 12:15:00,582][com.java.SeleniumDriver] [  856] - ------------------------------------------
[INFO ][2016-01-14 12:15:00,582][com.java.SeleniumDriver] [  857] - Test case being Executed: 12
[INFO ][2016-01-14 12:15:00,582][com.java.SeleniumDriver] [  869] - Test step:16
[INFO ][2016-01-14 12:15:00,582][com.java.SeleniumDriver] [  881] - Datavalue is----------Historical
[INFO ][2016-01-14 12:15:00,582][com.java.SeleniumDriver] [  905] - DataField : TXTtxtWeight
[INFO ][2016-01-14 12:15:00,582][com.java.SeleniumDriver] [  907] - DataValue : Historical
[INFO ][2016-01-14 12:15:00,582][com.java.SeleniumDriver] [  913] - <In Set values of the page>
[INFO ][2016-01-14 12:15:00,582][com.java.SeleniumDriver] [  916] - {Data Fields & Data Values Exist}
[INFO ][2016-01-14 12:15:00,582][com.java.SeleniumDriver] [  918] - --------------------------setting values-----------------------------
[INFO ][2016-01-14 12:15:00,582][com.java.SeleniumDriver] [  921] - Action Type : STOREVALUE
[INFO ][2016-01-14 12:15:00,582][com.java.TestType] [ 9064] - field= TXTtxtWeight
[DEBUG][2016-01-14 12:15:01,667][com.java.TestType] [ 9078] - Key:: Historical  Value:: 1.00
[INFO ][2016-01-14 12:15:01,667][com.java.SeleniumDriver] [  930] -  RESULT true
[INFO ][2016-01-14 12:15:01,667][com.java.SeleniumDriver] [ 1136] - ?   P A S S   ?
[INFO ][2016-01-14 12:15:01,667][com.java.SeleniumDriver] [  856] - ------------------------------------------
[INFO ][2016-01-14 12:15:01,667][com.java.SeleniumDriver] [  857] - Test case being Executed: 12
[INFO ][2016-01-14 12:15:01,667][com.java.SeleniumDriver] [  869] - Test step:17
[INFO ][2016-01-14 12:15:01,668][com.java.SeleniumDriver] [  881] - Datavalue is----------3
[INFO ][2016-01-14 12:15:01,668][com.java.SeleniumDriver] [  905] - DataField : test
[INFO ][2016-01-14 12:15:01,668][com.java.SeleniumDriver] [  907] - DataValue : 3
[INFO ][2016-01-14 12:15:01,668][com.java.SeleniumDriver] [  913] - <In Set values of the page>
[INFO ][2016-01-14 12:15:01,668][com.java.SeleniumDriver] [  916] - {Data Fields & Data Values Exist}
[INFO ][2016-01-14 12:15:01,668][com.java.SeleniumDriver] [  918] - --------------------------setting values-----------------------------
[INFO ][2016-01-14 12:15:01,668][com.java.SeleniumDriver] [  921] - Action Type : WAITTIME
[DEBUG][2016-01-14 12:15:01,668][com.java.TestType] [ 5950] - sleepTime: 3000
[INFO ][2016-01-14 12:15:04,669][com.java.SeleniumDriver] [  930] -  RESULT true
[INFO ][2016-01-14 12:15:04,669][com.java.SeleniumDriver] [ 1136] - ?   P A S S   ?
[INFO ][2016-01-14 12:15:04,669][com.java.SeleniumDriver] [  856] - ------------------------------------------
[INFO ][2016-01-14 12:15:04,669][com.java.SeleniumDriver] [  857] - Test case being Executed: 12
[INFO ][2016-01-14 12:15:04,669][com.java.SeleniumDriver] [  869] - Test step:18
[INFO ][2016-01-14 12:15:04,669][com.java.SeleniumDriver] [  881] - Datavalue is----------1.20
[INFO ][2016-01-14 12:15:04,669][com.java.SeleniumDriver] [  905] - DataField : TXTtxtWeight1
[INFO ][2016-01-14 12:15:04,669][com.java.SeleniumDriver] [  907] - DataValue : 1.20
[INFO ][2016-01-14 12:15:04,669][com.java.SeleniumDriver] [  913] - <In Set values of the page>
[INFO ][2016-01-14 12:15:04,669][com.java.SeleniumDriver] [  916] - {Data Fields & Data Values Exist}
[INFO ][2016-01-14 12:15:04,669][com.java.SeleniumDriver] [  918] - --------------------------setting values-----------------------------
[INFO ][2016-01-14 12:15:04,669][com.java.SeleniumDriver] [  921] - Action Type : CLEARANDENTER
[INFO ][2016-01-14 12:15:05,819][com.java.TestType] [ 6136] - value = 1.20
[INFO ][2016-01-14 12:15:06,968][com.java.SeleniumDriver] [  930] -  RESULT true
[INFO ][2016-01-14 12:15:06,968][com.java.SeleniumDriver] [ 1136] - ?   P A S S   ?
[INFO ][2016-01-14 12:15:06,968][com.java.SeleniumDriver] [  856] - ------------------------------------------
[INFO ][2016-01-14 12:15:06,968][com.java.SeleniumDriver] [  857] - Test case being Executed: 12
[INFO ][2016-01-14 12:15:06,968][com.java.SeleniumDriver] [  869] - Test step:19
[INFO ][2016-01-14 12:15:06,968][com.java.SeleniumDriver] [  881] - Datavalue is----------Economic
[INFO ][2016-01-14 12:15:06,968][com.java.SeleniumDriver] [  905] - DataField : TXTtxtWeight1
[INFO ][2016-01-14 12:15:06,969][com.java.SeleniumDriver] [  907] - DataValue : Economic
[INFO ][2016-01-14 12:15:06,969][com.java.SeleniumDriver] [  913] - <In Set values of the page>
[INFO ][2016-01-14 12:15:06,969][com.java.SeleniumDriver] [  916] - {Data Fields & Data Values Exist}
[INFO ][2016-01-14 12:15:06,969][com.java.SeleniumDriver] [  918] - --------------------------setting values-----------------------------
[INFO ][2016-01-14 12:15:06,969][com.java.SeleniumDriver] [  921] - Action Type : STOREVALUE
[INFO ][2016-01-14 12:15:06,969][com.java.TestType] [ 9064] - field= TXTtxtWeight1
[DEBUG][2016-01-14 12:15:08,056][com.java.TestType] [ 9078] - Key:: Economic  Value:: 1.20
[INFO ][2016-01-14 12:15:08,056][com.java.SeleniumDriver] [  930] -  RESULT true
[INFO ][2016-01-14 12:15:08,056][com.java.SeleniumDriver] [ 1136] - ?   P A S S   ?
[INFO ][2016-01-14 12:15:08,056][com.java.SeleniumDriver] [  856] - ------------------------------------------
[INFO ][2016-01-14 12:15:08,056][com.java.SeleniumDriver] [  857] - Test case being Executed: 12
[INFO ][2016-01-14 12:15:08,056][com.java.SeleniumDriver] [  869] - Test step:20
[INFO ][2016-01-14 12:15:08,056][com.java.SeleniumDriver] [  881] - Datavalue is----------3
[INFO ][2016-01-14 12:15:08,057][com.java.SeleniumDriver] [  905] - DataField : test
[INFO ][2016-01-14 12:15:08,057][com.java.SeleniumDriver] [  907] - DataValue : 3
[INFO ][2016-01-14 12:15:08,057][com.java.SeleniumDriver] [  913] - <In Set values of the page>
[INFO ][2016-01-14 12:15:08,057][com.java.SeleniumDriver] [  916] - {Data Fields & Data Values Exist}
[INFO ][2016-01-14 12:15:08,057][com.java.SeleniumDriver] [  918] - --------------------------setting values-----------------------------
[INFO ][2016-01-14 12:15:08,057][com.java.SeleniumDriver] [  921] - Action Type : WAITTIME
[DEBUG][2016-01-14 12:15:08,057][com.java.TestType] [ 5950] - sleepTime: 3000
[INFO ][2016-01-14 12:15:11,057][com.java.SeleniumDriver] [  930] -  RESULT true
[INFO ][2016-01-14 12:15:11,057][com.java.SeleniumDriver] [ 1136] - ?   P A S S   ?
[INFO ][2016-01-14 12:15:11,057][com.java.SeleniumDriver] [  856] - ------------------------------------------
[INFO ][2016-01-14 12:15:11,057][com.java.SeleniumDriver] [  857] - Test case being Executed: 12
[INFO ][2016-01-14 12:15:11,057][com.java.SeleniumDriver] [  869] - Test step:21
[INFO ][2016-01-14 12:15:11,057][com.java.SeleniumDriver] [  881] - Datavalue is----------0.50
[INFO ][2016-01-14 12:15:11,057][com.java.SeleniumDriver] [  905] - DataField : TXTtxtWeight2
[INFO ][2016-01-14 12:15:11,057][com.java.SeleniumDriver] [  907] - DataValue : 0.50
[INFO ][2016-01-14 12:15:11,057][com.java.SeleniumDriver] [  913] - <In Set values of the page>
[INFO ][2016-01-14 12:15:11,057][com.java.SeleniumDriver] [  916] - {Data Fields & Data Values Exist}
[INFO ][2016-01-14 12:15:11,057][com.java.SeleniumDriver] [  918] - --------------------------setting values-----------------------------
[INFO ][2016-01-14 12:15:11,057][com.java.SeleniumDriver] [  921] - Action Type : CLEARANDENTER
[INFO ][2016-01-14 12:15:12,206][com.java.TestType] [ 6136] - value = 0.50
[INFO ][2016-01-14 12:15:13,362][com.java.SeleniumDriver] [  930] -  RESULT true
[INFO ][2016-01-14 12:15:13,362][com.java.SeleniumDriver] [ 1136] - ?   P A S S   ?
[INFO ][2016-01-14 12:15:13,362][com.java.SeleniumDriver] [  856] - ------------------------------------------
[INFO ][2016-01-14 12:15:13,362][com.java.SeleniumDriver] [  857] - Test case being Executed: 12
[INFO ][2016-01-14 12:15:13,362][com.java.SeleniumDriver] [  869] - Test step:22
[INFO ][2016-01-14 12:15:13,362][com.java.SeleniumDriver] [  881] - Datavalue is----------Other
[INFO ][2016-01-14 12:15:13,362][com.java.SeleniumDriver] [  905] - DataField : TXTtxtWeight2
[INFO ][2016-01-14 12:15:13,362][com.java.SeleniumDriver] [  907] - DataValue : Other
[INFO ][2016-01-14 12:15:13,363][com.java.SeleniumDriver] [  913] - <In Set values of the page>
[INFO ][2016-01-14 12:15:13,363][com.java.SeleniumDriver] [  916] - {Data Fields & Data Values Exist}
[INFO ][2016-01-14 12:15:13,363][com.java.SeleniumDriver] [  918] - --------------------------setting values-----------------------------
[INFO ][2016-01-14 12:15:13,363][com.java.SeleniumDriver] [  921] - Action Type : STOREVALUE
[INFO ][2016-01-14 12:15:13,363][com.java.TestType] [ 9064] - field= TXTtxtWeight2
[DEBUG][2016-01-14 12:15:14,448][com.java.TestType] [ 9078] - Key:: Other  Value:: 0.50
[INFO ][2016-01-14 12:15:14,448][com.java.SeleniumDriver] [  930] -  RESULT true
[INFO ][2016-01-14 12:15:14,448][com.java.SeleniumDriver] [ 1136] - ?   P A S S   ?
[INFO ][2016-01-14 12:15:14,448][com.java.SeleniumDriver] [  856] - ------------------------------------------
[INFO ][2016-01-14 12:15:14,448][com.java.SeleniumDriver] [  857] - Test case being Executed: 12
[INFO ][2016-01-14 12:15:14,448][com.java.SeleniumDriver] [  869] - Test step:23
[INFO ][2016-01-14 12:15:14,449][com.java.SeleniumDriver] [  881] - Datavalue is----------3
[INFO ][2016-01-14 12:15:14,449][com.java.SeleniumDriver] [  905] - DataField : test
[INFO ][2016-01-14 12:15:14,449][com.java.SeleniumDriver] [  907] - DataValue : 3
[INFO ][2016-01-14 12:15:14,449][com.java.SeleniumDriver] [  913] - <In Set values of the page>
[INFO ][2016-01-14 12:15:14,449][com.java.SeleniumDriver] [  916] - {Data Fields & Data Values Exist}
[INFO ][2016-01-14 12:15:14,449][com.java.SeleniumDriver] [  918] - --------------------------setting values-----------------------------
[INFO ][2016-01-14 12:15:14,449][com.java.SeleniumDriver] [  921] - Action Type : WAITTIME
[DEBUG][2016-01-14 12:15:14,449][com.java.TestType] [ 5950] - sleepTime: 3000
[INFO ][2016-01-14 12:15:17,449][com.java.SeleniumDriver] [  930] -  RESULT true
[INFO ][2016-01-14 12:15:17,449][com.java.SeleniumDriver] [ 1136] - ?   P A S S   ?
[INFO ][2016-01-14 12:15:17,449][com.java.SeleniumDriver] [  856] - ------------------------------------------
[INFO ][2016-01-14 12:15:17,449][com.java.SeleniumDriver] [  857] - Test case being Executed: 12
[INFO ][2016-01-14 12:15:17,449][com.java.SeleniumDriver] [  869] - Test step:24
[INFO ][2016-01-14 12:15:17,449][com.java.SeleniumDriver] [  881] - Datavalue is----------null
[DEBUG][2016-01-14 12:15:17,449][com.java.SeleniumDriver] [  899] - Exception: null
[INFO ][2016-01-14 12:15:17,449][com.java.SeleniumDriver] [  905] - DataField : BTNchkRated
[INFO ][2016-01-14 12:15:17,449][com.java.SeleniumDriver] [  907] - DataValue : 
[INFO ][2016-01-14 12:15:17,449][com.java.SeleniumDriver] [  913] - <In Set values of the page>
[INFO ][2016-01-14 12:15:17,449][com.java.SeleniumDriver] [  916] - {Data Fields & Data Values Exist}
[INFO ][2016-01-14 12:15:17,450][com.java.SeleniumDriver] [  918] - --------------------------setting values-----------------------------
[INFO ][2016-01-14 12:15:17,450][com.java.SeleniumDriver] [  921] - Action Type : CLICK
[INFO ][2016-01-14 12:15:17,450][com.java.TestType] [ 6515] - Field ::BTNchkRated
[INFO ][2016-01-14 12:15:17,450][com.java.TestType] [ 6136] - value = 
[INFO ][2016-01-14 12:15:18,450][com.java.TestType] [ 6631] - BEFORE CLICK
[INFO ][2016-01-14 12:15:19,645][com.java.TestType] [ 6638] - Unable to click the object RatedLoan checkbox
[INFO ][2016-01-14 12:15:19,645][com.java.SeleniumDriver] [  930] -  RESULT true
[INFO ][2016-01-14 12:15:19,645][com.java.SeleniumDriver] [ 1136] - ?   P A S S   ?
[INFO ][2016-01-14 12:15:19,645][com.java.SeleniumDriver] [  856] - ------------------------------------------
[INFO ][2016-01-14 12:15:19,645][com.java.SeleniumDriver] [  857] - Test case being Executed: 12
[INFO ][2016-01-14 12:15:19,645][com.java.SeleniumDriver] [  869] - Test step:25
[INFO ][2016-01-14 12:15:19,646][com.java.SeleniumDriver] [  881] - Datavalue is----------null
[DEBUG][2016-01-14 12:15:19,646][com.java.SeleniumDriver] [  899] - Exception: null
[INFO ][2016-01-14 12:15:19,646][com.java.SeleniumDriver] [  905] - DataField : BTNparent
[INFO ][2016-01-14 12:15:19,646][com.java.SeleniumDriver] [  907] - DataValue : 
[INFO ][2016-01-14 12:15:19,646][com.java.SeleniumDriver] [  913] - <In Set values of the page>
[INFO ][2016-01-14 12:15:19,646][com.java.SeleniumDriver] [  916] - {Data Fields & Data Values Exist}
[INFO ][2016-01-14 12:15:19,646][com.java.SeleniumDriver] [  918] - --------------------------setting values-----------------------------
[INFO ][2016-01-14 12:15:19,646][com.java.SeleniumDriver] [  921] - Action Type : SELECTFRAME
[INFO ][2016-01-14 12:15:19,662][com.java.SeleniumDriver] [  930] -  RESULT true
[INFO ][2016-01-14 12:15:19,662][com.java.SeleniumDriver] [ 1136] - ?   P A S S   ?
[INFO ][2016-01-14 12:15:19,662][com.java.SeleniumDriver] [  856] - ------------------------------------------
[INFO ][2016-01-14 12:15:19,662][com.java.SeleniumDriver] [  857] - Test case being Executed: 12
[INFO ][2016-01-14 12:15:19,662][com.java.SeleniumDriver] [  869] - Test step:26
[INFO ][2016-01-14 12:15:19,662][com.java.SeleniumDriver] [  881] - Datavalue is----------5
[INFO ][2016-01-14 12:15:19,663][com.java.SeleniumDriver] [  905] - DataField : XPH//span[contains(text(), 'Update')]
[INFO ][2016-01-14 12:15:19,663][com.java.SeleniumDriver] [  907] - DataValue : 5
[INFO ][2016-01-14 12:15:19,663][com.java.SeleniumDriver] [  913] - <In Set values of the page>
[INFO ][2016-01-14 12:15:19,663][com.java.SeleniumDriver] [  916] - {Data Fields & Data Values Exist}
[INFO ][2016-01-14 12:15:19,663][com.java.SeleniumDriver] [  918] - --------------------------setting values-----------------------------
[INFO ][2016-01-14 12:15:19,663][com.java.SeleniumDriver] [  921] - Action Type : WAITFORELEMENT
[INFO ][2016-01-14 12:15:19,698][com.java.SeleniumDriver] [  930] -  RESULT true
[INFO ][2016-01-14 12:15:19,698][com.java.SeleniumDriver] [ 1136] - ?   P A S S   ?
[INFO ][2016-01-14 12:15:19,698][com.java.SeleniumDriver] [  856] - ------------------------------------------
[INFO ][2016-01-14 12:15:19,699][com.java.SeleniumDriver] [  857] - Test case being Executed: 12
[INFO ][2016-01-14 12:15:19,699][com.java.SeleniumDriver] [  869] - Test step:27
[INFO ][2016-01-14 12:15:19,699][com.java.SeleniumDriver] [  881] - Datavalue is----------null
[DEBUG][2016-01-14 12:15:19,699][com.java.SeleniumDriver] [  899] - Exception: null
[INFO ][2016-01-14 12:15:19,699][com.java.SeleniumDriver] [  905] - DataField : XPH//span[contains(text(), 'Update')]
[INFO ][2016-01-14 12:15:19,699][com.java.SeleniumDriver] [  907] - DataValue : 
[INFO ][2016-01-14 12:15:19,699][com.java.SeleniumDriver] [  913] - <In Set values of the page>
[INFO ][2016-01-14 12:15:19,699][com.java.SeleniumDriver] [  916] - {Data Fields & Data Values Exist}
[INFO ][2016-01-14 12:15:19,699][com.java.SeleniumDriver] [  918] - --------------------------setting values-----------------------------
[INFO ][2016-01-14 12:15:19,699][com.java.SeleniumDriver] [  921] - Action Type : CLICK
[INFO ][2016-01-14 12:15:19,699][com.java.TestType] [ 6515] - Field ::XPH//span[contains(text(), 'Update')]
[INFO ][2016-01-14 12:15:19,699][com.java.TestType] [ 6136] - value = 
[INFO ][2016-01-14 12:15:20,699][com.java.TestType] [ 6652] - BEFORE CLICK
[INFO ][2016-01-14 12:15:21,602][com.java.TestType] [ 6660] - Unable to click the object Update button
[INFO ][2016-01-14 12:15:21,602][com.java.SeleniumDriver] [  930] -  RESULT true
[INFO ][2016-01-14 12:15:21,602][com.java.SeleniumDriver] [ 1136] - ?   P A S S   ?
[INFO ][2016-01-14 12:15:21,602][com.java.SeleniumDriver] [  856] - ------------------------------------------
[INFO ][2016-01-14 12:15:21,602][com.java.SeleniumDriver] [  857] - Test case being Executed: 12
[INFO ][2016-01-14 12:15:21,602][com.java.SeleniumDriver] [  869] - Test step:28
[INFO ][2016-01-14 12:15:21,602][com.java.SeleniumDriver] [  881] - Datavalue is----------5
[INFO ][2016-01-14 12:15:21,602][com.java.SeleniumDriver] [  905] - DataField : XPH//span[contains(text(), 'Rated Loan Categories')]
[INFO ][2016-01-14 12:15:21,602][com.java.SeleniumDriver] [  907] - DataValue : 5
[INFO ][2016-01-14 12:15:21,602][com.java.SeleniumDriver] [  913] - <In Set values of the page>
[INFO ][2016-01-14 12:15:21,602][com.java.SeleniumDriver] [  916] - {Data Fields & Data Values Exist}
[INFO ][2016-01-14 12:15:21,602][com.java.SeleniumDriver] [  918] - --------------------------setting values-----------------------------
[INFO ][2016-01-14 12:15:21,603][com.java.SeleniumDriver] [  921] - Action Type : WAITFORELEMENT
[INFO ][2016-01-14 12:15:22,069][com.java.SeleniumDriver] [  930] -  RESULT true
[INFO ][2016-01-14 12:15:22,069][com.java.SeleniumDriver] [ 1136] - ?   P A S S   ?
[INFO ][2016-01-14 12:15:22,069][com.java.SeleniumDriver] [  856] - ------------------------------------------
[INFO ][2016-01-14 12:15:22,069][com.java.SeleniumDriver] [  857] - Test case being Executed: 12
[INFO ][2016-01-14 12:15:22,070][com.java.SeleniumDriver] [  869] - Test step:29
[INFO ][2016-01-14 12:15:22,070][com.java.SeleniumDriver] [  881] - Datavalue is----------null
[DEBUG][2016-01-14 12:15:22,071][com.java.SeleniumDriver] [  899] - Exception: null
[INFO ][2016-01-14 12:15:22,071][com.java.SeleniumDriver] [  905] - DataField : BTNframeDialogContent
[INFO ][2016-01-14 12:15:22,071][com.java.SeleniumDriver] [  907] - DataValue : 
[INFO ][2016-01-14 12:15:22,071][com.java.SeleniumDriver] [  913] - <In Set values of the page>
[INFO ][2016-01-14 12:15:22,071][com.java.SeleniumDriver] [  916] - {Data Fields & Data Values Exist}
[INFO ][2016-01-14 12:15:22,072][com.java.SeleniumDriver] [  918] - --------------------------setting values-----------------------------
[INFO ][2016-01-14 12:15:22,072][com.java.SeleniumDriver] [  921] - Action Type : SELECTFRAME
[INFO ][2016-01-14 12:15:23,339][com.java.SeleniumDriver] [  930] -  RESULT true
[INFO ][2016-01-14 12:15:23,339][com.java.SeleniumDriver] [ 1136] - ?   P A S S   ?
[INFO ][2016-01-14 12:15:23,339][com.java.SeleniumDriver] [  856] - ------------------------------------------
[INFO ][2016-01-14 12:15:23,339][com.java.SeleniumDriver] [  857] - Test case being Executed: 12
[INFO ][2016-01-14 12:15:23,339][com.java.SeleniumDriver] [  869] - Test step:30
[INFO ][2016-01-14 12:15:23,339][com.java.SeleniumDriver] [  881] - Datavalue is----------HMVTest
[INFO ][2016-01-14 12:15:23,340][com.java.SeleniumDriver] [  905] - DataField : MSG
[INFO ][2016-01-14 12:15:23,340][com.java.SeleniumDriver] [  907] - DataValue : HMVTest
[INFO ][2016-01-14 12:15:23,340][com.java.SeleniumDriver] [  913] - <In Set values of the page>
[INFO ][2016-01-14 12:15:23,340][com.java.SeleniumDriver] [  916] - {Data Fields & Data Values Exist}
[INFO ][2016-01-14 12:15:23,340][com.java.SeleniumDriver] [  918] - --------------------------setting values-----------------------------
[INFO ][2016-01-14 12:15:23,340][com.java.SeleniumDriver] [  921] - Action Type : VERIFY
[INFO ][2016-01-14 12:15:23,340][com.java.TestType] [ 7637] - field= MSG value= HMVTest
[INFO ][2016-01-14 12:15:23,340][com.java.TestType] [ 6136] - value = VLTest105855
[DEBUG][2016-01-14 12:15:23,340][com.java.TestType] [ 8467] - value :: VLTest105855
[INFO ][2016-01-14 12:15:23,357][com.java.SeleniumDriver] [  930] -  RESULT true
[INFO ][2016-01-14 12:15:23,357][com.java.SeleniumDriver] [ 1136] - ?   P A S S   ?
[INFO ][2016-01-14 12:15:23,357][com.java.SeleniumDriver] [  856] - ------------------------------------------
[INFO ][2016-01-14 12:15:23,357][com.java.SeleniumDriver] [  857] - Test case being Executed: 12
[INFO ][2016-01-14 12:15:23,357][com.java.SeleniumDriver] [  869] - Test step:31
[INFO ][2016-01-14 12:15:23,357][com.java.SeleniumDriver] [  881] - Datavalue is----------null
[DEBUG][2016-01-14 12:15:23,357][com.java.SeleniumDriver] [  899] - Exception: null
[INFO ][2016-01-14 12:15:23,357][com.java.SeleniumDriver] [  905] - DataField : BTNparent
[INFO ][2016-01-14 12:15:23,358][com.java.SeleniumDriver] [  907] - DataValue : 
[INFO ][2016-01-14 12:15:23,358][com.java.SeleniumDriver] [  913] - <In Set values of the page>
[INFO ][2016-01-14 12:15:23,358][com.java.SeleniumDriver] [  916] - {Data Fields & Data Values Exist}
[INFO ][2016-01-14 12:15:23,358][com.java.SeleniumDriver] [  918] - --------------------------setting values-----------------------------
[INFO ][2016-01-14 12:15:23,358][com.java.SeleniumDriver] [  921] - Action Type : SELECTFRAME
[INFO ][2016-01-14 12:15:23,373][com.java.SeleniumDriver] [  930] -  RESULT true
[INFO ][2016-01-14 12:15:23,373][com.java.SeleniumDriver] [ 1136] - ?   P A S S   ?
[INFO ][2016-01-14 12:15:23,373][com.java.SeleniumDriver] [  856] - ------------------------------------------
[INFO ][2016-01-14 12:15:23,373][com.java.SeleniumDriver] [  857] - Test case being Executed: 12
[INFO ][2016-01-14 12:15:23,373][com.java.SeleniumDriver] [  869] - Test step:32
[INFO ][2016-01-14 12:15:23,373][com.java.SeleniumDriver] [  881] - Datavalue is----------null
[DEBUG][2016-01-14 12:15:23,373][com.java.SeleniumDriver] [  899] - Exception: null
[INFO ][2016-01-14 12:15:23,374][com.java.SeleniumDriver] [  905] - DataField : XPH//span[contains(text(), 'Update')]
[INFO ][2016-01-14 12:15:23,374][com.java.SeleniumDriver] [  907] - DataValue : 
[INFO ][2016-01-14 12:15:23,374][com.java.SeleniumDriver] [  913] - <In Set values of the page>
[INFO ][2016-01-14 12:15:23,374][com.java.SeleniumDriver] [  916] - {Data Fields & Data Values Exist}
[INFO ][2016-01-14 12:15:23,374][com.java.SeleniumDriver] [  918] - --------------------------setting values-----------------------------
[INFO ][2016-01-14 12:15:23,374][com.java.SeleniumDriver] [  921] - Action Type : CLICK
[INFO ][2016-01-14 12:15:23,374][com.java.TestType] [ 6515] - Field ::XPH//span[contains(text(), 'Update')]
[INFO ][2016-01-14 12:15:23,374][com.java.TestType] [ 6136] - value = 
[INFO ][2016-01-14 12:15:24,374][com.java.TestType] [ 6652] - BEFORE CLICK
[INFO ][2016-01-14 12:15:25,607][com.java.TestType] [ 6660] - Unable to click the object Update button
[INFO ][2016-01-14 12:15:25,607][com.java.SeleniumDriver] [  930] -  RESULT true
[INFO ][2016-01-14 12:15:25,607][com.java.SeleniumDriver] [ 1136] - ?   P A S S   ?
[INFO ][2016-01-14 12:15:25,607][com.java.SeleniumDriver] [  856] - ------------------------------------------
[INFO ][2016-01-14 12:15:25,607][com.java.SeleniumDriver] [  857] - Test case being Executed: 12
[INFO ][2016-01-14 12:15:25,607][com.java.SeleniumDriver] [  869] - Test step:33
[INFO ][2016-01-14 12:15:25,607][com.java.SeleniumDriver] [  881] - Datavalue is----------3
[INFO ][2016-01-14 12:15:25,607][com.java.SeleniumDriver] [  905] - DataField : XPH//div[contains(text(), 'My Dashboard')]
[INFO ][2016-01-14 12:15:25,607][com.java.SeleniumDriver] [  907] - DataValue : 3
[INFO ][2016-01-14 12:15:25,607][com.java.SeleniumDriver] [  913] - <In Set values of the page>
[INFO ][2016-01-14 12:15:25,607][com.java.SeleniumDriver] [  916] - {Data Fields & Data Values Exist}
[INFO ][2016-01-14 12:15:25,607][com.java.SeleniumDriver] [  918] - --------------------------setting values-----------------------------
[INFO ][2016-01-14 12:15:25,607][com.java.SeleniumDriver] [  921] - Action Type : WAITFORELEMENT
[INFO ][2016-01-14 12:15:25,644][com.java.SeleniumDriver] [  930] -  RESULT true
[INFO ][2016-01-14 12:15:25,644][com.java.SeleniumDriver] [ 1136] - ?   P A S S   ?
[INFO ][2016-01-14 12:15:25,644][com.java.SeleniumDriver] [  856] - ------------------------------------------
[INFO ][2016-01-14 12:15:25,644][com.java.SeleniumDriver] [  857] - Test case being Executed: 12
[INFO ][2016-01-14 12:15:25,645][com.java.SeleniumDriver] [  869] - Test step:34
[INFO ][2016-01-14 12:15:25,645][com.java.SeleniumDriver] [  881] - Datavalue is----------My Dashboard
[INFO ][2016-01-14 12:15:25,645][com.java.SeleniumDriver] [  905] - DataField : XPH//div[contains(text(), 'My Dashboard')]
[INFO ][2016-01-14 12:15:25,645][com.java.SeleniumDriver] [  907] - DataValue : My Dashboard
[INFO ][2016-01-14 12:15:25,645][com.java.SeleniumDriver] [  913] - <In Set values of the page>
[INFO ][2016-01-14 12:15:25,645][com.java.SeleniumDriver] [  916] - {Data Fields & Data Values Exist}
[INFO ][2016-01-14 12:15:25,645][com.java.SeleniumDriver] [  918] - --------------------------setting values-----------------------------
[INFO ][2016-01-14 12:15:25,645][com.java.SeleniumDriver] [  921] - Action Type : VERIFY
[INFO ][2016-01-14 12:15:25,645][com.java.TestType] [ 7637] - field= XPH//div[contains(text(), 'My Dashboard')] value= My Dashboard
[INFO ][2016-01-14 12:15:25,645][com.java.TestType] [ 6136] - value = My Dashboard
[INFO ][2016-01-14 12:15:25,761][com.java.SeleniumDriver] [  930] -  RESULT true
[INFO ][2016-01-14 12:15:25,761][com.java.SeleniumDriver] [ 1136] - ?   P A S S   ?
[INFO ][2016-01-14 12:15:25,761][com.java.SeleniumDriver] [  856] - ------------------------------------------
[INFO ][2016-01-14 12:15:25,761][com.java.SeleniumDriver] [  857] - Test case being Executed: 12
[INFO ][2016-01-14 12:15:25,761][com.java.SeleniumDriver] [  869] - Test step:35
[INFO ][2016-01-14 12:15:25,761][com.java.SeleniumDriver] [  881] - Datavalue is----------null
[DEBUG][2016-01-14 12:15:25,762][com.java.SeleniumDriver] [  899] - Exception: null
[INFO ][2016-01-14 12:15:25,762][com.java.SeleniumDriver] [  905] - DataField : //span[@class='icon-user4']&&//a[text()='Company Settings']&&//a[@data-id="RatedLoans"]
[INFO ][2016-01-14 12:15:25,762][com.java.SeleniumDriver] [  907] - DataValue : 
[INFO ][2016-01-14 12:15:25,762][com.java.SeleniumDriver] [  913] - <In Set values of the page>
[INFO ][2016-01-14 12:15:25,762][com.java.SeleniumDriver] [  916] - {Data Fields & Data Values Exist}
[INFO ][2016-01-14 12:15:25,762][com.java.SeleniumDriver] [  918] - --------------------------setting values-----------------------------
[INFO ][2016-01-14 12:15:25,762][com.java.SeleniumDriver] [  921] - Action Type : MOUSEOVER
[INFO ][2016-01-14 12:15:52,526][com.java.SeleniumDriver] [  930] -  RESULT true
[INFO ][2016-01-14 12:15:52,526][com.java.SeleniumDriver] [ 1136] - ?   P A S S   ?
[INFO ][2016-01-14 12:15:52,526][com.java.SeleniumDriver] [  856] - ------------------------------------------
[INFO ][2016-01-14 12:15:52,526][com.java.SeleniumDriver] [  857] - Test case being Executed: 12
[INFO ][2016-01-14 12:15:52,526][com.java.SeleniumDriver] [  869] - Test step:36
[INFO ][2016-01-14 12:15:52,526][com.java.SeleniumDriver] [  881] - Datavalue is----------Rated Loan Categories
[INFO ][2016-01-14 12:15:52,526][com.java.SeleniumDriver] [  905] - DataField : XPH//span[contains(text(), 'Rated Loan Categories')]
[INFO ][2016-01-14 12:15:52,526][com.java.SeleniumDriver] [  907] - DataValue : Rated Loan Categories
[INFO ][2016-01-14 12:15:52,526][com.java.SeleniumDriver] [  913] - <In Set values of the page>
[INFO ][2016-01-14 12:15:52,526][com.java.SeleniumDriver] [  916] - {Data Fields & Data Values Exist}
[INFO ][2016-01-14 12:15:52,526][com.java.SeleniumDriver] [  918] - --------------------------setting values-----------------------------
[INFO ][2016-01-14 12:15:52,527][com.java.SeleniumDriver] [  921] - Action Type : VERIFY
[INFO ][2016-01-14 12:15:52,527][com.java.TestType] [ 7637] - field= XPH//span[contains(text(), 'Rated Loan Categories')] value= Rated Loan Categories
[INFO ][2016-01-14 12:15:52,527][com.java.TestType] [ 6136] - value = Rated Loan Categories
[INFO ][2016-01-14 12:15:52,645][com.java.SeleniumDriver] [  930] -  RESULT true
[INFO ][2016-01-14 12:15:52,645][com.java.SeleniumDriver] [ 1136] - ?   P A S S   ?
[INFO ][2016-01-14 12:15:52,645][com.java.SeleniumDriver] [  856] - ------------------------------------------
[INFO ][2016-01-14 12:15:52,645][com.java.SeleniumDriver] [  857] - Test case being Executed: 12
[INFO ][2016-01-14 12:15:52,645][com.java.SeleniumDriver] [  869] - Test step:37
[INFO ][2016-01-14 12:15:52,645][com.java.SeleniumDriver] [  881] - Datavalue is----------null
[DEBUG][2016-01-14 12:15:52,645][com.java.SeleniumDriver] [  899] - Exception: null
[INFO ][2016-01-14 12:15:52,646][com.java.SeleniumDriver] [  905] - DataField : BTNframeDialogContent
[INFO ][2016-01-14 12:15:52,646][com.java.SeleniumDriver] [  907] - DataValue : 
[INFO ][2016-01-14 12:15:52,646][com.java.SeleniumDriver] [  913] - <In Set values of the page>
[INFO ][2016-01-14 12:15:52,646][com.java.SeleniumDriver] [  916] - {Data Fields & Data Values Exist}
[INFO ][2016-01-14 12:15:52,646][com.java.SeleniumDriver] [  918] - --------------------------setting values-----------------------------
[INFO ][2016-01-14 12:15:52,646][com.java.SeleniumDriver] [  921] - Action Type : SELECTFRAME
[INFO ][2016-01-14 12:15:53,907][com.java.SeleniumDriver] [  930] -  RESULT true
[INFO ][2016-01-14 12:15:53,907][com.java.SeleniumDriver] [ 1136] - ?   P A S S   ?
[INFO ][2016-01-14 12:15:53,907][com.java.SeleniumDriver] [  856] - ------------------------------------------
[INFO ][2016-01-14 12:15:53,907][com.java.SeleniumDriver] [  857] - Test case being Executed: 12
[INFO ][2016-01-14 12:15:53,907][com.java.SeleniumDriver] [  869] - Test step:38
[INFO ][2016-01-14 12:15:53,907][com.java.SeleniumDriver] [  881] - Datavalue is----------Test
[INFO ][2016-01-14 12:15:53,907][com.java.SeleniumDriver] [  905] - DataField : MNC//table[@id="tblRatedLoans"]//input[@value='mytext']
[INFO ][2016-01-14 12:15:53,907][com.java.SeleniumDriver] [  907] - DataValue : Test
[INFO ][2016-01-14 12:15:53,907][com.java.SeleniumDriver] [  913] - <In Set values of the page>
[INFO ][2016-01-14 12:15:53,907][com.java.SeleniumDriver] [  916] - {Data Fields & Data Values Exist}
[INFO ][2016-01-14 12:15:53,907][com.java.SeleniumDriver] [  918] - --------------------------setting values-----------------------------
[INFO ][2016-01-14 12:15:53,908][com.java.SeleniumDriver] [  921] - Action Type : CLICK
[INFO ][2016-01-14 12:15:53,908][com.java.TestType] [ 6515] - Field ::MNC//table[@id="tblRatedLoans"]//input[@value='mytext']
[INFO ][2016-01-14 12:15:53,908][com.java.TestType] [ 6136] - value = Test
[INFO ][2016-01-14 12:15:55,050][com.java.SeleniumDriver] [  930] -  RESULT true
[INFO ][2016-01-14 12:15:55,050][com.java.SeleniumDriver] [ 1136] - ?   P A S S   ?
[INFO ][2016-01-14 12:15:55,050][com.java.SeleniumDriver] [  856] - ------------------------------------------
[INFO ][2016-01-14 12:15:55,050][com.java.SeleniumDriver] [  857] - Test case being Executed: 12
[INFO ][2016-01-14 12:15:55,050][com.java.SeleniumDriver] [  869] - Test step:39
[INFO ][2016-01-14 12:15:55,050][com.java.SeleniumDriver] [  881] - Datavalue is----------Test::Test1$%^2*
[INFO ][2016-01-14 12:15:55,050][com.java.SeleniumDriver] [  905] - DataField : PVP//table[@id="tblRatedLoans"]//input[@value='mytext']
[INFO ][2016-01-14 12:15:55,050][com.java.SeleniumDriver] [  907] - DataValue : Test::Test1$%^2*
[INFO ][2016-01-14 12:15:55,050][com.java.SeleniumDriver] [  913] - <In Set values of the page>
[INFO ][2016-01-14 12:15:55,050][com.java.SeleniumDriver] [  916] - {Data Fields & Data Values Exist}
[INFO ][2016-01-14 12:15:55,050][com.java.SeleniumDriver] [  918] - --------------------------setting values-----------------------------
[INFO ][2016-01-14 12:15:55,050][com.java.SeleniumDriver] [  921] - Action Type : CLEARANDENTER
[INFO ][2016-01-14 12:15:55,835][com.java.SeleniumDriver] [  930] -  RESULT true
[INFO ][2016-01-14 12:15:55,835][com.java.SeleniumDriver] [ 1136] - ?   P A S S   ?
[INFO ][2016-01-14 12:15:55,835][com.java.SeleniumDriver] [  856] - ------------------------------------------
[INFO ][2016-01-14 12:15:55,835][com.java.SeleniumDriver] [  857] - Test case being Executed: 12
[INFO ][2016-01-14 12:15:55,835][com.java.SeleniumDriver] [  869] - Test step:40
[INFO ][2016-01-14 12:15:55,835][com.java.SeleniumDriver] [  881] - Datavalue is----------Test::Description
[INFO ][2016-01-14 12:15:55,836][com.java.SeleniumDriver] [  905] - DataField : PVP//table[@id="tblRatedLoans"]//input[@value='mytext']
[INFO ][2016-01-14 12:15:55,836][com.java.SeleniumDriver] [  907] - DataValue : Test::Description
[INFO ][2016-01-14 12:15:55,836][com.java.SeleniumDriver] [  913] - <In Set values of the page>
[INFO ][2016-01-14 12:15:55,836][com.java.SeleniumDriver] [  916] - {Data Fields & Data Values Exist}
[INFO ][2016-01-14 12:15:55,836][com.java.SeleniumDriver] [  918] - --------------------------setting values-----------------------------
[INFO ][2016-01-14 12:15:55,836][com.java.SeleniumDriver] [  921] - Action Type : STOREVALUE
[INFO ][2016-01-14 12:15:55,836][com.java.TestType] [ 9064] - field= PVP//table[@id="tblRatedLoans"]//input[@value='mytext']
[DEBUG][2016-01-14 12:15:55,962][com.java.TestType] [ 9358] - Key:: Test::Description  Value:: Test1$%^2*
[INFO ][2016-01-14 12:15:55,962][com.java.SeleniumDriver] [  930] -  RESULT true
[INFO ][2016-01-14 12:15:55,962][com.java.SeleniumDriver] [ 1136] - ?   P A S S   ?
[INFO ][2016-01-14 12:15:55,962][com.java.SeleniumDriver] [  856] - ------------------------------------------
[INFO ][2016-01-14 12:15:55,962][com.java.SeleniumDriver] [  857] - Test case being Executed: 12
[INFO ][2016-01-14 12:15:55,962][com.java.SeleniumDriver] [  869] - Test step:41
[INFO ][2016-01-14 12:15:55,962][com.java.SeleniumDriver] [  881] - Datavalue is----------Test
[INFO ][2016-01-14 12:15:55,962][com.java.SeleniumDriver] [  905] - DataField : MNC//table[@id="tblRatedLoans"]//input[@value='mytext']/parent::td/following-sibling::td[1]
[INFO ][2016-01-14 12:15:55,962][com.java.SeleniumDriver] [  907] - DataValue : Test
[INFO ][2016-01-14 12:15:55,962][com.java.SeleniumDriver] [  913] - <In Set values of the page>
[INFO ][2016-01-14 12:15:55,963][com.java.SeleniumDriver] [  916] - {Data Fields & Data Values Exist}
[INFO ][2016-01-14 12:15:55,963][com.java.SeleniumDriver] [  918] - --------------------------setting values-----------------------------
[INFO ][2016-01-14 12:15:55,963][com.java.SeleniumDriver] [  921] - Action Type : CLICK
[INFO ][2016-01-14 12:15:55,963][com.java.TestType] [ 6515] - Field ::MNC//table[@id="tblRatedLoans"]//input[@value='mytext']/parent::td/following-sibling::td[1]
[INFO ][2016-01-14 12:15:55,963][com.java.TestType] [ 6136] - value = Test
[INFO ][2016-01-14 12:15:57,110][com.java.SeleniumDriver] [  930] -  RESULT true
[INFO ][2016-01-14 12:15:57,110][com.java.SeleniumDriver] [ 1136] - ?   P A S S   ?
[INFO ][2016-01-14 12:15:57,110][com.java.SeleniumDriver] [  856] - ------------------------------------------
[INFO ][2016-01-14 12:15:57,110][com.java.SeleniumDriver] [  857] - Test case being Executed: 12
[INFO ][2016-01-14 12:15:57,110][com.java.SeleniumDriver] [  869] - Test step:42
[INFO ][2016-01-14 12:15:57,110][com.java.SeleniumDriver] [  881] - Datavalue is----------Test::1.01
[INFO ][2016-01-14 12:15:57,110][com.java.SeleniumDriver] [  905] - DataField : PVP//table[@id="tblRatedLoans"]//input[@value='mytext']/parent::td/following-sibling::td[1]
[INFO ][2016-01-14 12:15:57,110][com.java.SeleniumDriver] [  907] - DataValue : Test::1.01
[INFO ][2016-01-14 12:15:57,110][com.java.SeleniumDriver] [  913] - <In Set values of the page>
[INFO ][2016-01-14 12:15:57,111][com.java.SeleniumDriver] [  916] - {Data Fields & Data Values Exist}
[INFO ][2016-01-14 12:15:57,111][com.java.SeleniumDriver] [  918] - --------------------------setting values-----------------------------
[INFO ][2016-01-14 12:15:57,111][com.java.SeleniumDriver] [  921] - Action Type : CLEARANDENTER
[ERROR][2016-01-14 12:15:57,192][com.java.TestType] [ 7230] - Exception in clearAndEnter: Element must not be hidden, disabled or read-only (WARNING: The server did not provide any stacktrace information)
Command duration or timeout: 24 milliseconds
Build info: version: '2.48.2', revision: '41bccdd', time: '2015-10-09 19:59:12'
System info: host: 'FVTIII438F1D', ip: '172.17.68.34', os.name: 'Windows 7', os.arch: 'x86', os.version: '6.1', java.version: '1.7.0_55'
Session ID: 02b649c3-c497-464c-b4f3-1114c1830154
Driver info: org.openqa.selenium.ie.InternetExplorerDriver
Capabilities [{platform=WINDOWS, javascriptEnabled=true, elementScrollBehavior=0, ignoreZoomSetting=false, enablePersistentHover=true, ie.ensureCleanSession=false, browserName=internet explorer, enableElementCacheCleanup=true, unexpectedAlertBehaviour=dismiss, version=10, ie.usePerProcessProxy=false, ignoreProtectedModeSettings=true, cssSelectorsEnabled=true, requireWindowFocus=false, initialBrowserUrl=http://localhost:20641/, handlesAlerts=true, ie.forceCreateProcessApi=false, nativeEvents=true, browserAttachTimeout=0, ie.browserCommandLineSwitches=, takesScreenshot=true}]
[DEBUG][2016-01-14 12:15:57,193][com.java.TestType] [ 7234] - For ENTER action type the data field should be TXT
[INFO ][2016-01-14 12:15:57,193][com.java.SeleniumDriver] [  930] -  RESULT false
[INFO ][2016-01-14 12:15:57,193][com.java.SeleniumDriver] [  977] - ?   F A I L   ?
[INFO ][2016-01-14 12:15:57,193][com.java.SeleniumDriver] [  985] - Browser Type : IE10
[INFO ][2016-01-14 12:15:57,193][com.java.SeleniumDriver] [  986] - Adding Failed case12
[INFO ][2016-01-14 12:15:57,433][com.java.SeleniumDriver] [ 1100] - failedCases = 12
[ERROR][2016-01-14 12:15:57,434][com.java.SeleniumDriver] [ 1599] - Platform Errors : Our apologies...::We have encountered an issue with your request.::Our apologies?:We encountered an issue with your request.
[INFO ][2016-01-14 12:15:57,434][com.java.SeleniumDriver] [ 1603] - Length =3
[ERROR][2016-01-14 12:15:57,434][com.java.SeleniumDriver] [ 1606] - Error 0 = Our apologies...
[ERROR][2016-01-14 12:15:57,521][com.java.SeleniumDriver] [ 1606] - Error 1 = We have encountered an issue with your request.
[ERROR][2016-01-14 12:15:57,537][com.java.SeleniumDriver] [ 1606] - Error 2 = Our apologies?:We encountered an issue with your request.
[INFO ][2016-01-14 12:15:57,553][com.java.SeleniumDriver] [ 1617] - strError:
[DEBUG][2016-01-14 12:15:57,570][com.java.SeleniumDriver] [ 1248] - Case found
[DEBUG][2016-01-14 12:15:57,570][com.java.SeleniumDriver] [ 1253] - Incrementing ReportCounters[0]:2
[INFO ][2016-01-14 12:15:57,570][com.java.SeleniumDriver] [ 1272] - The results are-------------------[12, 42, Admin: Company Settings: Rated Loan Categories: Modify Existing Category, Fail, 
Test case failed at Step No. :: 42   Error Message ::  For ENTER action type the data field should be TXT. Screen Shot : D:\BankersDashboard\TestReports\011416\12_011416_121557_IE10.png, Thu Jan 14 12:15:57 IST 2016]
[INFO ][2016-01-14 12:15:57,570][com.java.SeleniumDriver] [ 1276] - End time is-------2 min 34 sec
[INFO ][2016-01-14 12:15:57,570][com.java.SeleniumDriver] [ 1277] - The results are-------------------[12, 42, Admin: Company Settings: Rated Loan Categories: Modify Existing Category, Fail, 
Test case failed at Step No. :: 42   Error Message ::  For ENTER action type the data field should be TXT. Screen Shot : D:\BankersDashboard\TestReports\011416\12_011416_121557_IE10.png, Thu Jan 14 12:15:57 IST 2016]
[DEBUG][2016-01-14 12:15:57,570][com.java.ImportnExport.ExportTestResultsExcel] [  222] - testResultPath = D:\BankersDashboard/TestReports/Test Results_BankersDashBoard_011416_121325_IE10_Any Bank USA.xls
[DEBUG][2016-01-14 12:15:57,570][com.java.ImportnExport.ExportTestResultsExcel] [  223] - browser is------------IE10
[DEBUG][2016-01-14 12:15:57,573][com.java.ImportnExport.ExportTestResultsExcel] [  270] - result.size() = 6
[DEBUG][2016-01-14 12:15:57,573][com.java.ImportnExport.ExportTestResultsExcel] [  274] - No of rows in sheet=2
[DEBUG][2016-01-14 12:15:57,573][com.java.ImportnExport.ExportTestResultsExcel] [  301] - ..in export..12
[DEBUG][2016-01-14 12:15:57,573][com.java.ImportnExport.ExportTestResultsExcel] [  301] - ..in export..Admin: Company Settings: Rated Loan Categories: Modify Existing Category
[DEBUG][2016-01-14 12:15:57,573][com.java.ImportnExport.ExportTestResultsExcel] [  301] - ..in export..Fail
[DEBUG][2016-01-14 12:15:57,573][com.java.ImportnExport.ExportTestResultsExcel] [  301] - ..in export..
Test case failed at Step No. :: 42   Error Message ::  For ENTER action type the data field should be TXT. Screen Shot : D:\BankersDashboard\TestReports\011416\12_011416_121557_IE10.png
[DEBUG][2016-01-14 12:15:57,573][com.java.ImportnExport.ExportTestResultsExcel] [  301] - ..in export..Thu Jan 14 12:15:57 IST 2016
[INFO ][2016-01-14 12:15:57,574][com.java.SeleniumDriver] [ 1337] - out loop:1 size:2 TestCases:[1, 12] testcases:[1, 12]
[INFO ][2016-01-14 12:15:59,575][com.java.SeleniumDriver] [ 1380] - Total Number of Cases:2
[INFO ][2016-01-14 12:15:59,575][com.java.TemplateGenerator] [  302] - Executed:2
[INFO ][2016-01-14 12:15:59,575][com.java.TemplateGenerator] [  303] - Passed:1
[INFO ][2016-01-14 12:15:59,575][com.java.TemplateGenerator] [  304] - Failed:1
[INFO ][2016-01-14 12:15:59,575][com.java.TemplateGenerator] [  305] - Skipeed:0
[INFO ][2016-01-14 12:15:59,575][com.java.TemplateGenerator] [  306] - Application URL:https://clients-xuat.bankersdashboard.com
[INFO ][2016-01-14 12:15:59,575][com.java.TemplateGenerator] [  307] - Start Time:011416_121325
[INFO ][2016-01-14 12:15:59,575][com.java.TemplateGenerator] [  308] -  Creating HTML Report 
[ERROR][2016-01-14 12:15:59,576][com.java.TemplateGenerator] [  409] - Unparseable date: "Thu Jan 14 12:13:25 IST 2016"
[INFO ][2016-01-14 12:15:59,576][com.java.TemplateGenerator] [  654] -  Exporting case :: 1
[INFO ][2016-01-14 12:15:59,576][com.java.TemplateGenerator] [  654] -  Exporting case :: 12
[INFO ][2016-01-14 12:15:59,583][com.java.SeleniumDriver] [ 1429] - End Time:011416_121559
[INFO ][2016-01-14 12:15:59,583][com.java.SeleniumDriver] [ 1432] - Data in Test Execution Details:{1=PASS, 12=FAILTest case failed at Step No. :: 42   Error Message ::  For ENTER action type the data field should be TXT}
[INFO ][2016-01-14 12:15:59,583][com.java.SeleniumDriver] [ 1433] - Data in Failed Execution Deatils:{}
[INFO ][2016-01-14 12:15:59,583][com.java.SeleniumDriver] [ 1435] - ReportCounter:Total:2 :: PASS: 1 ::FAIL: 1
[INFO ][2016-01-14 12:15:59,583][com.java.SeleniumDriver] [ 1436] - FailedReportCounter:Total:0 :: PASS: 0 ::FAIL: 0
[INFO ][2016-01-14 12:15:59,589][com.java.EmailTestReport] [   63] - Sending report mail details:
[INFO ][2016-01-14 12:15:59,589][com.java.EmailTestReport] [   80] - Excel Report Path:D:\BankersDashboard/TestReports/Test Results_BankersDashBoard_011416_121325_IE10_Any Bank USA.xls
[INFO ][2016-01-14 12:15:59,589][com.java.EmailTestReport] [   81] - HTML Report Path:D:\BankersDashboard//TestReports//Test Results_BankersDashBoard_011416_121325_IE10_Any Bank USA.html
[INFO ][2016-01-14 12:15:59,589][com.java.EmailTestReport] [   82] - smtpHostName:mail01.valuelabs.com
[INFO ][2016-01-14 12:15:59,589][com.java.EmailTestReport] [   83] - Recipient:venkateswararao.gubbala@valuelabs.com;
[INFO ][2016-01-14 12:15:59,589][com.java.EmailTestReport] [   84] - From:venkateswararao.gubbala@valuelabs.com;
[INFO ][2016-01-14 12:15:59,589][com.java.EmailTestReport] [   85] - Subject:Deluxe Corp Bankers Dashboard Automation Test Report - Any Bank USA - IE10
[INFO ][2016-01-14 12:15:59,607][com.java.EmailTestReport] [  143] -  Added venkateswararao.gubbala@valuelabs.com
[INFO ][2016-01-14 12:16:02,720][com.java.SeleniumDriver] [  722] - quitting the browser 
[INFO ][2016-01-14 12:16:04,431][com.java.SeleniumDriver] [  264] - Execution Completed Stopping the thread
