[INFO ][2015-12-08 15:22:52,282][com.java.SeleniumDriver] [  213] - Execute Failed Casesfalse
[INFO ][2015-12-08 15:22:52,282][com.java.SeleniumDriver] [  214] - Browser: IE10
[INFO ][2015-12-08 15:22:52,282][com.java.SeleniumDriver] [  215] - [1, 6]
[INFO ][2015-12-08 15:22:52,282][com.java.SeleniumDriver] [  216] - Total TestCases:2
[INFO ][2015-12-08 15:22:52,282][com.java.SeleniumDriver] [  217] -  Reading Properties from Property File 
[DEBUG][2015-12-08 15:22:52,282][com.java.SeleniumDriver] [  238] - url : https://clients-xuat.bankersdashboard.com
[INFO ][2015-12-08 15:22:52,282][com.java.ImportnExport.ExportTestResultsExcel] [  116] - Time Stamp Tue Dec 08 03:22:52 IST 2015
[INFO ][2015-12-08 15:22:52,282][com.java.ImportnExport.ExportTestResultsExcel] [  175] - OUT FILE : D:\BankersDashboard/TestReports/Test Results_BankersDashBoard_120815_152252_IE10_CB&S Bank.xls
[INFO ][2015-12-08 15:22:52,313][com.java.ImportnExport.ExportTestResultsExcel] [  180] - Test Result file is created
[DEBUG][2015-12-08 15:22:52,413][com.java.SeleniumDriver] [  426] - Hub ip address is-------172.17.68.34
[INFO ][2015-12-08 15:22:52,413][com.java.SeleniumDriver] [  452] - Grid URL:http://172.17.68.34:4444/wd/hub
[INFO ][2015-12-08 15:22:52,423][com.java.SeleniumDriver] [  453] - Capability:Capabilities [{platform=ANY, ensureCleanSession=true, ignoreProtectedModeSettings=true, acceptSslCerts=true, ignoreZoomSetting=true, browserName=internet explorer, browserstack.ie.noFlash=true, version=null}]
[INFO ][2015-12-08 15:23:03,666][com.java.SeleniumDriver] [  469] - Executing on  GRID
[INFO ][2015-12-08 15:23:03,666][com.java.SeleniumDriver] [  471] - Executing in Grid
[INFO ][2015-12-08 15:23:03,666][com.java.SeleniumDriver] [  472] - The node to be executed is------null
[INFO ][2015-12-08 15:23:03,666][com.java.SeleniumDriver] [  477] - Hub IPAddress is---------172.17.68.34
[INFO ][2015-12-08 15:23:03,666][com.java.SeleniumDriver] [  479] - PortNumber is---------172.17.68.34
[INFO ][2015-12-08 15:23:03,666][com.java.SeleniumDriver] [  481] - HOST---------http://172.17.68.34:4444
[INFO ][2015-12-08 15:23:03,667][com.java.SeleniumDriver] [  485] - The session url is---------http://172.17.68.34:4444/grid/api/testsession?session=89ba2566-f8fb-43b6-92f0-98c57587c76d
[INFO ][2015-12-08 15:23:03,717][com.java.SeleniumDriver] [  493] - Node ip address172.17.68.34
[INFO ][2015-12-08 15:23:03,717][com.java.SeleniumDriver] [  248] - IE10is opened
[INFO ][2015-12-08 15:23:04,610][com.java.SeleniumDriver] [  754] - Test cases to be executed are: [1, 6]
[INFO ][2015-12-08 15:23:04,640][com.java.ImportnExport.ImportTestDataDetailsExcel] [   49] - test data details path===== D:\BankersDashboard\TestInputs\TestData.xls
[INFO ][2015-12-08 15:23:04,750][com.java.SeleniumDriver] [  821] - ------------------------------------------
[INFO ][2015-12-08 15:23:04,750][com.java.SeleniumDriver] [  822] - Test case being Executed: 1
[INFO ][2015-12-08 15:23:04,750][com.java.SeleniumDriver] [  833] - Test step:1
[INFO ][2015-12-08 15:23:04,750][com.java.SeleniumDriver] [  845] - Datavalue is----------Concept#1:1-16
[INFO ][2015-12-08 15:23:04,750][com.java.SeleniumDriver] [  869] - DataField : test
[INFO ][2015-12-08 15:23:04,750][com.java.SeleniumDriver] [  871] - DataValue : Concept#1:1-16
[INFO ][2015-12-08 15:23:04,750][com.java.SeleniumDriver] [  877] - <In Set values of the page>
[INFO ][2015-12-08 15:23:04,750][com.java.SeleniumDriver] [  880] - {Data Fields & Data Values Exist}
[INFO ][2015-12-08 15:23:04,750][com.java.SeleniumDriver] [  882] - --------------------------setting values-----------------------------
[INFO ][2015-12-08 15:23:04,750][com.java.SeleniumDriver] [  885] - Action Type : ExecuteTestCase
[INFO ][2015-12-08 15:23:04,761][com.java.TestType] [  436] - The Concept sheet name is ---------- Concept
[INFO ][2015-12-08 15:23:04,761][com.java.TestType] [  439] - The Concept ID  is ---------- 1
[DEBUG][2015-12-08 15:23:04,761][com.java.TestType] [  443] - Steps being executted in the Concept are: 1:16
[INFO ][2015-12-08 15:23:04,761][com.java.TestType] [  450] - Test data details path ---------- D:\BankersDashboard\TestInputs\TestData.xls
[INFO ][2015-12-08 15:23:04,801][com.java.TestType] [  481] -  str(1) = 1
[INFO ][2015-12-08 15:23:04,801][com.java.TestType] [  484] - Test case Id is---1
[INFO ][2015-12-08 15:23:04,801][com.java.TestType] [  486] - 1
[INFO ][2015-12-08 15:23:04,801][com.java.TestType] [  481] -  str(2) = 1
[INFO ][2015-12-08 15:23:04,801][com.java.TestType] [  533] - row values are--------{1=com.java.Objects.TestDataDetails@53f8eb}
[INFO ][2015-12-08 15:23:04,801][com.java.TestType] [  481] -  str(1) = 1
[INFO ][2015-12-08 15:23:04,801][com.java.TestType] [  484] - Test case Id is---1
[INFO ][2015-12-08 15:23:04,801][com.java.TestType] [  486] - 1
[INFO ][2015-12-08 15:23:04,801][com.java.TestType] [  481] -  str(2) = 2
[INFO ][2015-12-08 15:23:04,801][com.java.TestType] [  533] - row values are--------{1=com.java.Objects.TestDataDetails@53f8eb, 2=com.java.Objects.TestDataDetails@7ab830}
[INFO ][2015-12-08 15:23:04,801][com.java.TestType] [  481] -  str(1) = 1
[INFO ][2015-12-08 15:23:04,801][com.java.TestType] [  484] - Test case Id is---1
[INFO ][2015-12-08 15:23:04,801][com.java.TestType] [  486] - 1
[INFO ][2015-12-08 15:23:04,801][com.java.TestType] [  481] -  str(2) = 3
[INFO ][2015-12-08 15:23:04,801][com.java.TestType] [  533] - row values are--------{1=com.java.Objects.TestDataDetails@53f8eb, 2=com.java.Objects.TestDataDetails@7ab830, 3=com.java.Objects.TestDataDetails@9448df}
[INFO ][2015-12-08 15:23:04,801][com.java.TestType] [  481] -  str(1) = 1
[INFO ][2015-12-08 15:23:04,801][com.java.TestType] [  484] - Test case Id is---1
[INFO ][2015-12-08 15:23:04,801][com.java.TestType] [  486] - 1
[INFO ][2015-12-08 15:23:04,801][com.java.TestType] [  481] -  str(2) = 4
[INFO ][2015-12-08 15:23:04,801][com.java.TestType] [  533] - row values are--------{1=com.java.Objects.TestDataDetails@53f8eb, 2=com.java.Objects.TestDataDetails@7ab830, 3=com.java.Objects.TestDataDetails@9448df, 4=com.java.Objects.TestDataDetails@1a5cbad}
[INFO ][2015-12-08 15:23:04,801][com.java.TestType] [  481] -  str(1) = 1
[INFO ][2015-12-08 15:23:04,801][com.java.TestType] [  484] - Test case Id is---1
[INFO ][2015-12-08 15:23:04,801][com.java.TestType] [  486] - 1
[INFO ][2015-12-08 15:23:04,801][com.java.TestType] [  481] -  str(2) = 5
[INFO ][2015-12-08 15:23:04,811][com.java.TestType] [  533] - row values are--------{1=com.java.Objects.TestDataDetails@53f8eb, 2=com.java.Objects.TestDataDetails@7ab830, 3=com.java.Objects.TestDataDetails@9448df, 4=com.java.Objects.TestDataDetails@1a5cbad, 5=com.java.Objects.TestDataDetails@430322}
[INFO ][2015-12-08 15:23:04,811][com.java.TestType] [  481] -  str(1) = 1
[INFO ][2015-12-08 15:23:04,811][com.java.TestType] [  484] - Test case Id is---1
[INFO ][2015-12-08 15:23:04,811][com.java.TestType] [  486] - 1
[INFO ][2015-12-08 15:23:04,811][com.java.TestType] [  481] -  str(2) = 6
[INFO ][2015-12-08 15:23:04,811][com.java.TestType] [  533] - row values are--------{1=com.java.Objects.TestDataDetails@53f8eb, 2=com.java.Objects.TestDataDetails@7ab830, 3=com.java.Objects.TestDataDetails@9448df, 4=com.java.Objects.TestDataDetails@1a5cbad, 5=com.java.Objects.TestDataDetails@430322, 6=com.java.Objects.TestDataDetails@8424bd}
[INFO ][2015-12-08 15:23:04,811][com.java.TestType] [  481] -  str(1) = 1
[INFO ][2015-12-08 15:23:04,811][com.java.TestType] [  484] - Test case Id is---1
[INFO ][2015-12-08 15:23:04,811][com.java.TestType] [  486] - 1
[INFO ][2015-12-08 15:23:04,811][com.java.TestType] [  481] -  str(2) = 7
[INFO ][2015-12-08 15:23:04,811][com.java.TestType] [  533] - row values are--------{1=com.java.Objects.TestDataDetails@53f8eb, 2=com.java.Objects.TestDataDetails@7ab830, 3=com.java.Objects.TestDataDetails@9448df, 4=com.java.Objects.TestDataDetails@1a5cbad, 5=com.java.Objects.TestDataDetails@430322, 6=com.java.Objects.TestDataDetails@8424bd, 7=com.java.Objects.TestDataDetails@11094c4}
[INFO ][2015-12-08 15:23:04,811][com.java.TestType] [  481] -  str(1) = 1
[INFO ][2015-12-08 15:23:04,811][com.java.TestType] [  484] - Test case Id is---1
[INFO ][2015-12-08 15:23:04,811][com.java.TestType] [  486] - 1
[INFO ][2015-12-08 15:23:04,811][com.java.TestType] [  481] -  str(2) = 8
[INFO ][2015-12-08 15:23:04,811][com.java.TestType] [  533] - row values are--------{1=com.java.Objects.TestDataDetails@53f8eb, 2=com.java.Objects.TestDataDetails@7ab830, 3=com.java.Objects.TestDataDetails@9448df, 4=com.java.Objects.TestDataDetails@1a5cbad, 5=com.java.Objects.TestDataDetails@430322, 6=com.java.Objects.TestDataDetails@8424bd, 7=com.java.Objects.TestDataDetails@11094c4, 8=com.java.Objects.TestDataDetails@4d21f4}
[INFO ][2015-12-08 15:23:04,811][com.java.TestType] [  481] -  str(1) = 1
[INFO ][2015-12-08 15:23:04,811][com.java.TestType] [  484] - Test case Id is---1
[INFO ][2015-12-08 15:23:04,811][com.java.TestType] [  486] - 1
[INFO ][2015-12-08 15:23:04,811][com.java.TestType] [  481] -  str(2) = 9
[INFO ][2015-12-08 15:23:04,811][com.java.TestType] [  533] - row values are--------{1=com.java.Objects.TestDataDetails@53f8eb, 2=com.java.Objects.TestDataDetails@7ab830, 3=com.java.Objects.TestDataDetails@9448df, 4=com.java.Objects.TestDataDetails@1a5cbad, 5=com.java.Objects.TestDataDetails@430322, 6=com.java.Objects.TestDataDetails@8424bd, 7=com.java.Objects.TestDataDetails@11094c4, 8=com.java.Objects.TestDataDetails@4d21f4, 9=com.java.Objects.TestDataDetails@2771f8}
[INFO ][2015-12-08 15:23:04,811][com.java.TestType] [  481] -  str(1) = 1
[INFO ][2015-12-08 15:23:04,811][com.java.TestType] [  484] - Test case Id is---1
[INFO ][2015-12-08 15:23:04,811][com.java.TestType] [  486] - 1
[INFO ][2015-12-08 15:23:04,811][com.java.TestType] [  481] -  str(2) = 10
[INFO ][2015-12-08 15:23:04,811][com.java.TestType] [  533] - row values are--------{1=com.java.Objects.TestDataDetails@53f8eb, 2=com.java.Objects.TestDataDetails@7ab830, 3=com.java.Objects.TestDataDetails@9448df, 4=com.java.Objects.TestDataDetails@1a5cbad, 5=com.java.Objects.TestDataDetails@430322, 6=com.java.Objects.TestDataDetails@8424bd, 7=com.java.Objects.TestDataDetails@11094c4, 8=com.java.Objects.TestDataDetails@4d21f4, 9=com.java.Objects.TestDataDetails@2771f8, 10=com.java.Objects.TestDataDetails@1ba4a2f}
[INFO ][2015-12-08 15:23:04,811][com.java.TestType] [  481] -  str(1) = 1
[INFO ][2015-12-08 15:23:04,811][com.java.TestType] [  484] - Test case Id is---1
[INFO ][2015-12-08 15:23:04,811][com.java.TestType] [  486] - 1
[INFO ][2015-12-08 15:23:04,811][com.java.TestType] [  481] -  str(2) = 11
[INFO ][2015-12-08 15:23:04,811][com.java.TestType] [  533] - row values are--------{1=com.java.Objects.TestDataDetails@53f8eb, 2=com.java.Objects.TestDataDetails@7ab830, 3=com.java.Objects.TestDataDetails@9448df, 4=com.java.Objects.TestDataDetails@1a5cbad, 5=com.java.Objects.TestDataDetails@430322, 6=com.java.Objects.TestDataDetails@8424bd, 7=com.java.Objects.TestDataDetails@11094c4, 8=com.java.Objects.TestDataDetails@4d21f4, 9=com.java.Objects.TestDataDetails@2771f8, 10=com.java.Objects.TestDataDetails@1ba4a2f, 11=com.java.Objects.TestDataDetails@141928f}
[INFO ][2015-12-08 15:23:04,811][com.java.TestType] [  481] -  str(1) = 1
[INFO ][2015-12-08 15:23:04,811][com.java.TestType] [  484] - Test case Id is---1
[INFO ][2015-12-08 15:23:04,811][com.java.TestType] [  486] - 1
[INFO ][2015-12-08 15:23:04,811][com.java.TestType] [  481] -  str(2) = 12
[INFO ][2015-12-08 15:23:04,811][com.java.TestType] [  533] - row values are--------{1=com.java.Objects.TestDataDetails@53f8eb, 2=com.java.Objects.TestDataDetails@7ab830, 3=com.java.Objects.TestDataDetails@9448df, 4=com.java.Objects.TestDataDetails@1a5cbad, 5=com.java.Objects.TestDataDetails@430322, 6=com.java.Objects.TestDataDetails@8424bd, 7=com.java.Objects.TestDataDetails@11094c4, 8=com.java.Objects.TestDataDetails@4d21f4, 9=com.java.Objects.TestDataDetails@2771f8, 10=com.java.Objects.TestDataDetails@1ba4a2f, 11=com.java.Objects.TestDataDetails@141928f, 12=com.java.Objects.TestDataDetails@12cf7bc}
[INFO ][2015-12-08 15:23:04,811][com.java.TestType] [  481] -  str(1) = 1
[INFO ][2015-12-08 15:23:04,811][com.java.TestType] [  484] - Test case Id is---1
[INFO ][2015-12-08 15:23:04,811][com.java.TestType] [  486] - 1
[INFO ][2015-12-08 15:23:04,811][com.java.TestType] [  481] -  str(2) = 13
[INFO ][2015-12-08 15:23:04,811][com.java.TestType] [  533] - row values are--------{1=com.java.Objects.TestDataDetails@53f8eb, 2=com.java.Objects.TestDataDetails@7ab830, 3=com.java.Objects.TestDataDetails@9448df, 4=com.java.Objects.TestDataDetails@1a5cbad, 5=com.java.Objects.TestDataDetails@430322, 6=com.java.Objects.TestDataDetails@8424bd, 7=com.java.Objects.TestDataDetails@11094c4, 8=com.java.Objects.TestDataDetails@4d21f4, 9=com.java.Objects.TestDataDetails@2771f8, 10=com.java.Objects.TestDataDetails@1ba4a2f, 11=com.java.Objects.TestDataDetails@141928f, 12=com.java.Objects.TestDataDetails@12cf7bc, 13=com.java.Objects.TestDataDetails@97dadf}
[INFO ][2015-12-08 15:23:04,811][com.java.TestType] [  481] -  str(1) = 1
[INFO ][2015-12-08 15:23:04,811][com.java.TestType] [  484] - Test case Id is---1
[INFO ][2015-12-08 15:23:04,811][com.java.TestType] [  486] - 1
[INFO ][2015-12-08 15:23:04,811][com.java.TestType] [  481] -  str(2) = 14
[INFO ][2015-12-08 15:23:04,811][com.java.TestType] [  533] - row values are--------{1=com.java.Objects.TestDataDetails@53f8eb, 2=com.java.Objects.TestDataDetails@7ab830, 3=com.java.Objects.TestDataDetails@9448df, 4=com.java.Objects.TestDataDetails@1a5cbad, 5=com.java.Objects.TestDataDetails@430322, 6=com.java.Objects.TestDataDetails@8424bd, 7=com.java.Objects.TestDataDetails@11094c4, 8=com.java.Objects.TestDataDetails@4d21f4, 9=com.java.Objects.TestDataDetails@2771f8, 10=com.java.Objects.TestDataDetails@1ba4a2f, 11=com.java.Objects.TestDataDetails@141928f, 12=com.java.Objects.TestDataDetails@12cf7bc, 13=com.java.Objects.TestDataDetails@97dadf, 14=com.java.Objects.TestDataDetails@f52ce5}
[INFO ][2015-12-08 15:23:04,811][com.java.TestType] [  481] -  str(1) = 1
[INFO ][2015-12-08 15:23:04,821][com.java.TestType] [  484] - Test case Id is---1
[INFO ][2015-12-08 15:23:04,821][com.java.TestType] [  486] - 1
[INFO ][2015-12-08 15:23:04,821][com.java.TestType] [  481] -  str(2) = 15
[INFO ][2015-12-08 15:23:04,821][com.java.TestType] [  533] - row values are--------{1=com.java.Objects.TestDataDetails@53f8eb, 2=com.java.Objects.TestDataDetails@7ab830, 3=com.java.Objects.TestDataDetails@9448df, 4=com.java.Objects.TestDataDetails@1a5cbad, 5=com.java.Objects.TestDataDetails@430322, 6=com.java.Objects.TestDataDetails@8424bd, 7=com.java.Objects.TestDataDetails@11094c4, 8=com.java.Objects.TestDataDetails@4d21f4, 9=com.java.Objects.TestDataDetails@2771f8, 10=com.java.Objects.TestDataDetails@1ba4a2f, 11=com.java.Objects.TestDataDetails@141928f, 12=com.java.Objects.TestDataDetails@12cf7bc, 13=com.java.Objects.TestDataDetails@97dadf, 14=com.java.Objects.TestDataDetails@f52ce5, 15=com.java.Objects.TestDataDetails@de0c98}
[INFO ][2015-12-08 15:23:04,821][com.java.TestType] [  481] -  str(1) = 1
[INFO ][2015-12-08 15:23:04,821][com.java.TestType] [  484] - Test case Id is---1
[INFO ][2015-12-08 15:23:04,821][com.java.TestType] [  486] - 1
[INFO ][2015-12-08 15:23:04,821][com.java.TestType] [  481] -  str(2) = 16
[INFO ][2015-12-08 15:23:04,821][com.java.TestType] [  533] - row values are--------{1=com.java.Objects.TestDataDetails@53f8eb, 2=com.java.Objects.TestDataDetails@7ab830, 3=com.java.Objects.TestDataDetails@9448df, 4=com.java.Objects.TestDataDetails@1a5cbad, 5=com.java.Objects.TestDataDetails@430322, 6=com.java.Objects.TestDataDetails@8424bd, 7=com.java.Objects.TestDataDetails@11094c4, 8=com.java.Objects.TestDataDetails@4d21f4, 9=com.java.Objects.TestDataDetails@2771f8, 10=com.java.Objects.TestDataDetails@1ba4a2f, 11=com.java.Objects.TestDataDetails@141928f, 12=com.java.Objects.TestDataDetails@12cf7bc, 13=com.java.Objects.TestDataDetails@97dadf, 14=com.java.Objects.TestDataDetails@f52ce5, 15=com.java.Objects.TestDataDetails@de0c98, 16=com.java.Objects.TestDataDetails@1430892}
[INFO ][2015-12-08 15:23:04,821][com.java.TestType] [ 9982] - Looping 1TCID = 1
[DEBUG][2015-12-08 15:23:04,821][com.java.TestType] [10023] - Concept ID:1 :: Step being Executed: 1::1
[INFO ][2015-12-08 15:23:04,821][com.java.TestType] [10061] - dataFields : TXTusername
[DEBUG][2015-12-08 15:23:04,821][com.java.TestType] [10067] - <In Set values of the page>
[DEBUG][2015-12-08 15:23:04,821][com.java.TestType] [10072] - {Data Fields & Data Values Exist}
[INFO ][2015-12-08 15:23:04,821][com.java.TestType] [10078] - --------------------------setting values-----------------------------
[INFO ][2015-12-08 15:23:04,821][com.java.TestType] [10081] - Action Type : CLEARANDENTER
[INFO ][2015-12-08 15:23:04,821][com.java.TestType] [ 5446] - value = valuelabs.ie10.15310
[INFO ][2015-12-08 15:23:12,301][com.java.TestType] [10100] -  RESULT true
[INFO ][2015-12-08 15:23:12,301][com.java.TestType] [10217] - ?   P A S S   ?
[DEBUG][2015-12-08 15:23:12,301][com.java.TestType] [10023] - Concept ID:1 :: Step being Executed: 1::2
[INFO ][2015-12-08 15:23:12,301][com.java.TestType] [10061] - dataFields : TXTpassword
[DEBUG][2015-12-08 15:23:12,301][com.java.TestType] [10067] - <In Set values of the page>
[DEBUG][2015-12-08 15:23:12,301][com.java.TestType] [10072] - {Data Fields & Data Values Exist}
[INFO ][2015-12-08 15:23:12,301][com.java.TestType] [10078] - --------------------------setting values-----------------------------
[INFO ][2015-12-08 15:23:12,301][com.java.TestType] [10081] - Action Type : CLEARANDENTER
[INFO ][2015-12-08 15:23:12,301][com.java.TestType] [ 5446] - value = Password1*
[INFO ][2015-12-08 15:23:19,500][com.java.TestType] [10100] -  RESULT true
[INFO ][2015-12-08 15:23:19,500][com.java.TestType] [10217] - ?   P A S S   ?
[DEBUG][2015-12-08 15:23:19,500][com.java.TestType] [10023] - Concept ID:1 :: Step being Executed: 1::3
[ERROR][2015-12-08 15:23:19,500][com.java.TestType] [10056] - Exception: null
[INFO ][2015-12-08 15:23:19,500][com.java.TestType] [10061] - dataFields : XPH//button[@type='submit']
[DEBUG][2015-12-08 15:23:19,500][com.java.TestType] [10067] - <In Set values of the page>
[DEBUG][2015-12-08 15:23:19,500][com.java.TestType] [10072] - {Data Fields & Data Values Exist}
[INFO ][2015-12-08 15:23:19,500][com.java.TestType] [10078] - --------------------------setting values-----------------------------
[INFO ][2015-12-08 15:23:19,500][com.java.TestType] [10081] - Action Type : Click
[INFO ][2015-12-08 15:23:19,500][com.java.TestType] [ 5774] - Field ::XPH//button[@type='submit']
[INFO ][2015-12-08 15:23:20,500][com.java.TestType] [ 5868] - BEFORE CLICK
[INFO ][2015-12-08 15:23:21,484][com.java.TestType] [ 5876] - Unable to click the object Login
[INFO ][2015-12-08 15:23:21,484][com.java.TestType] [10100] -  RESULT true
[INFO ][2015-12-08 15:23:21,484][com.java.TestType] [10217] - ?   P A S S   ?
[DEBUG][2015-12-08 15:23:21,484][com.java.TestType] [10023] - Concept ID:1 :: Step being Executed: 1::4
[INFO ][2015-12-08 15:23:21,484][com.java.TestType] [10061] - dataFields : LNKLogout
[DEBUG][2015-12-08 15:23:21,484][com.java.TestType] [10067] - <In Set values of the page>
[DEBUG][2015-12-08 15:23:21,484][com.java.TestType] [10072] - {Data Fields & Data Values Exist}
[INFO ][2015-12-08 15:23:21,484][com.java.TestType] [10078] - --------------------------setting values-----------------------------
[INFO ][2015-12-08 15:23:21,484][com.java.TestType] [10081] - Action Type : WaitForElement
[INFO ][2015-12-08 15:23:26,450][com.java.TestType] [10100] -  RESULT true
[INFO ][2015-12-08 15:23:26,450][com.java.TestType] [10217] - ?   P A S S   ?
[DEBUG][2015-12-08 15:23:26,452][com.java.TestType] [10023] - Concept ID:1 :: Step being Executed: 1::15
[INFO ][2015-12-08 15:23:26,452][com.java.TestType] [10061] - dataFields : LNK
[DEBUG][2015-12-08 15:23:26,452][com.java.TestType] [10067] - <In Set values of the page>
[DEBUG][2015-12-08 15:23:26,452][com.java.TestType] [10072] - {Data Fields & Data Values Exist}
[INFO ][2015-12-08 15:23:26,452][com.java.TestType] [10078] - --------------------------setting values-----------------------------
[INFO ][2015-12-08 15:23:26,452][com.java.TestType] [10081] - Action Type : Verify
[INFO ][2015-12-08 15:23:26,452][com.java.TestType] [ 6674] - field= LNK value= Logout
[INFO ][2015-12-08 15:23:26,453][com.java.TestType] [ 5446] - value = Logout
[INFO ][2015-12-08 15:23:26,493][com.java.TestType] [10100] -  RESULT true
[INFO ][2015-12-08 15:23:26,496][com.java.TestType] [10217] - ?   P A S S   ?
[DEBUG][2015-12-08 15:23:26,496][com.java.TestType] [10023] - Concept ID:1 :: Step being Executed: 1::16
[INFO ][2015-12-08 15:23:26,496][com.java.TestType] [10061] - dataFields : BTN
[DEBUG][2015-12-08 15:23:26,496][com.java.TestType] [10067] - <In Set values of the page>
[DEBUG][2015-12-08 15:23:26,496][com.java.TestType] [10072] - {Data Fields & Data Values Exist}
[INFO ][2015-12-08 15:23:26,496][com.java.TestType] [10078] - --------------------------setting values-----------------------------
[INFO ][2015-12-08 15:23:26,496][com.java.TestType] [10081] - Action Type : Verify
[INFO ][2015-12-08 15:23:26,496][com.java.TestType] [ 6674] - field= BTN value= //img[contains(@src,'bdlogo.jpg')]
[INFO ][2015-12-08 15:23:26,496][com.java.TestType] [ 5446] - value = //img[contains(@src,'bdlogo.jpg')]
[INFO ][2015-12-08 15:23:26,581][com.java.TestType] [10100] -  RESULT true
[INFO ][2015-12-08 15:23:26,581][com.java.TestType] [10217] - ?   P A S S   ?
[INFO ][2015-12-08 15:23:26,581][com.java.TestType] [10288] - Looping End......
[INFO ][2015-12-08 15:23:26,581][com.java.SeleniumDriver] [  894] -  RESULT true
[INFO ][2015-12-08 15:23:26,581][com.java.SeleniumDriver] [ 1100] - ?   P A S S   ?
[INFO ][2015-12-08 15:23:26,581][com.java.SeleniumDriver] [  821] - ------------------------------------------
[INFO ][2015-12-08 15:23:26,581][com.java.SeleniumDriver] [  822] - Test case being Executed: 1
[INFO ][2015-12-08 15:23:26,581][com.java.SeleniumDriver] [  833] - Test step:2
[INFO ][2015-12-08 15:23:26,581][com.java.SeleniumDriver] [  845] - Datavalue is----------Concept#2:1-2
[INFO ][2015-12-08 15:23:26,581][com.java.SeleniumDriver] [  869] - DataField : test
[INFO ][2015-12-08 15:23:26,581][com.java.SeleniumDriver] [  871] - DataValue : Concept#2:1-2
[INFO ][2015-12-08 15:23:26,581][com.java.SeleniumDriver] [  877] - <In Set values of the page>
[INFO ][2015-12-08 15:23:26,581][com.java.SeleniumDriver] [  880] - {Data Fields & Data Values Exist}
[INFO ][2015-12-08 15:23:26,581][com.java.SeleniumDriver] [  882] - --------------------------setting values-----------------------------
[INFO ][2015-12-08 15:23:26,581][com.java.SeleniumDriver] [  885] - Action Type : ExecuteTestCase
[INFO ][2015-12-08 15:23:26,581][com.java.TestType] [  436] - The Concept sheet name is ---------- Concept
[INFO ][2015-12-08 15:23:26,581][com.java.TestType] [  439] - The Concept ID  is ---------- 2
[DEBUG][2015-12-08 15:23:26,581][com.java.TestType] [  443] - Steps being executted in the Concept are: 1:2
[INFO ][2015-12-08 15:23:26,581][com.java.TestType] [  450] - Test data details path ---------- D:\BankersDashboard\TestInputs\TestData.xls
[INFO ][2015-12-08 15:23:26,591][com.java.TestType] [  481] -  str(1) = 2
[INFO ][2015-12-08 15:23:26,591][com.java.TestType] [  484] - Test case Id is---2
[INFO ][2015-12-08 15:23:26,591][com.java.TestType] [  486] - 2
[INFO ][2015-12-08 15:23:26,591][com.java.TestType] [  481] -  str(2) = 1
[INFO ][2015-12-08 15:23:26,593][com.java.TestType] [  533] - row values are--------{1=com.java.Objects.TestDataDetails@bd2c1e}
[INFO ][2015-12-08 15:23:26,593][com.java.TestType] [  481] -  str(1) = 2
[INFO ][2015-12-08 15:23:26,593][com.java.TestType] [  484] - Test case Id is---2
[INFO ][2015-12-08 15:23:26,593][com.java.TestType] [  486] - 2
[INFO ][2015-12-08 15:23:26,593][com.java.TestType] [  481] -  str(2) = 2
[INFO ][2015-12-08 15:23:26,593][com.java.TestType] [  533] - row values are--------{1=com.java.Objects.TestDataDetails@bd2c1e, 2=com.java.Objects.TestDataDetails@16baf01}
[INFO ][2015-12-08 15:23:26,596][com.java.TestType] [  481] -  str(1) = 2
[INFO ][2015-12-08 15:23:26,596][com.java.TestType] [  484] - Test case Id is---2
[INFO ][2015-12-08 15:23:26,596][com.java.TestType] [  486] - 2
[INFO ][2015-12-08 15:23:26,596][com.java.TestType] [  481] -  str(2) = 3
[INFO ][2015-12-08 15:23:26,596][com.java.TestType] [  533] - row values are--------{1=com.java.Objects.TestDataDetails@bd2c1e, 2=com.java.Objects.TestDataDetails@16baf01, 3=com.java.Objects.TestDataDetails@1e1b41d}
[INFO ][2015-12-08 15:23:26,596][com.java.TestType] [ 9982] - Looping 1TCID = 2
[DEBUG][2015-12-08 15:23:26,596][com.java.TestType] [10023] - Concept ID:2 :: Step being Executed: 2::1
[INFO ][2015-12-08 15:23:26,596][com.java.TestType] [10061] - dataFields : BNK//select[@id='bank']
[DEBUG][2015-12-08 15:23:26,596][com.java.TestType] [10067] - <In Set values of the page>
[DEBUG][2015-12-08 15:23:26,596][com.java.TestType] [10072] - {Data Fields & Data Values Exist}
[INFO ][2015-12-08 15:23:26,596][com.java.TestType] [10078] - --------------------------setting values-----------------------------
[INFO ][2015-12-08 15:23:26,596][com.java.TestType] [10081] - Action Type : Select
[INFO ][2015-12-08 15:23:26,596][com.java.TestType] [ 5446] - value = PFC
[INFO ][2015-12-08 15:23:26,878][com.java.TestType] [10100] -  RESULT true
[INFO ][2015-12-08 15:23:26,878][com.java.TestType] [10217] - ?   P A S S   ?
[DEBUG][2015-12-08 15:23:26,878][com.java.TestType] [10023] - Concept ID:2 :: Step being Executed: 2::2
[INFO ][2015-12-08 15:23:26,878][com.java.TestType] [10061] - dataFields : LNKLogout
[DEBUG][2015-12-08 15:23:26,878][com.java.TestType] [10067] - <In Set values of the page>
[DEBUG][2015-12-08 15:23:26,878][com.java.TestType] [10072] - {Data Fields & Data Values Exist}
[INFO ][2015-12-08 15:23:26,878][com.java.TestType] [10078] - --------------------------setting values-----------------------------
[INFO ][2015-12-08 15:23:26,878][com.java.TestType] [10081] - Action Type : WaitTime
[DEBUG][2015-12-08 15:23:26,878][com.java.TestType] [ 5266] - sleepTime: 5000
[INFO ][2015-12-08 15:23:31,879][com.java.TestType] [10100] -  RESULT true
[INFO ][2015-12-08 15:23:31,879][com.java.TestType] [10217] - ?   P A S S   ?
[INFO ][2015-12-08 15:23:31,879][com.java.TestType] [10288] - Looping End......
[INFO ][2015-12-08 15:23:31,879][com.java.SeleniumDriver] [  894] -  RESULT true
[INFO ][2015-12-08 15:23:31,879][com.java.SeleniumDriver] [ 1100] - ?   P A S S   ?
[INFO ][2015-12-08 15:23:31,879][com.java.SeleniumDriver] [  821] - ------------------------------------------
[INFO ][2015-12-08 15:23:31,879][com.java.SeleniumDriver] [  822] - Test case being Executed: 1
[INFO ][2015-12-08 15:23:31,879][com.java.SeleniumDriver] [  833] - Test step:3
[INFO ][2015-12-08 15:23:31,879][com.java.SeleniumDriver] [  845] - Datavalue is----------2
[INFO ][2015-12-08 15:23:31,879][com.java.SeleniumDriver] [  869] - DataField : XPH//button[contains(text(),'Add Content')]
[INFO ][2015-12-08 15:23:31,879][com.java.SeleniumDriver] [  871] - DataValue : 2
[INFO ][2015-12-08 15:23:31,879][com.java.SeleniumDriver] [  877] - <In Set values of the page>
[INFO ][2015-12-08 15:23:31,879][com.java.SeleniumDriver] [  880] - {Data Fields & Data Values Exist}
[INFO ][2015-12-08 15:23:31,879][com.java.SeleniumDriver] [  882] - --------------------------setting values-----------------------------
[INFO ][2015-12-08 15:23:31,879][com.java.SeleniumDriver] [  885] - Action Type : WAITFORELEMENT
[INFO ][2015-12-08 15:23:31,930][com.java.SeleniumDriver] [  894] -  RESULT true
[INFO ][2015-12-08 15:23:31,930][com.java.SeleniumDriver] [ 1100] - ?   P A S S   ?
[DEBUG][2015-12-08 15:23:31,930][com.java.SeleniumDriver] [ 1212] - Case found
[DEBUG][2015-12-08 15:23:31,930][com.java.SeleniumDriver] [ 1217] - Incrementing ReportCounters[0]:1
[INFO ][2015-12-08 15:23:31,930][com.java.SeleniumDriver] [ 1236] - The results are-------------------[1, 1, Valid Login, Pass, , Tue Dec 08 15:23:26 IST 2015, 1, 2, Valid Login, Pass, , Tue Dec 08 15:23:31 IST 2015, 1, 3, Valid Login, Pass, , Tue Dec 08 15:23:31 IST 2015]
[INFO ][2015-12-08 15:23:31,930][com.java.SeleniumDriver] [ 1240] - End time is-------41 sec
[INFO ][2015-12-08 15:23:31,930][com.java.SeleniumDriver] [ 1241] - The results are-------------------[1, 1, Valid Login, Pass, , Tue Dec 08 15:23:26 IST 2015, 1, 2, Valid Login, Pass, , Tue Dec 08 15:23:31 IST 2015, 1, 3, Valid Login, Pass, , Tue Dec 08 15:23:31 IST 2015]
[DEBUG][2015-12-08 15:23:31,930][com.java.ImportnExport.ExportTestResultsExcel] [  222] - testResultPath = D:\BankersDashboard/TestReports/Test Results_BankersDashBoard_120815_152252_IE10_CB&S Bank.xls
[DEBUG][2015-12-08 15:23:31,930][com.java.ImportnExport.ExportTestResultsExcel] [  223] - browser is------------IE10
[DEBUG][2015-12-08 15:23:31,970][com.java.ImportnExport.ExportTestResultsExcel] [  270] - result.size() = 18
[DEBUG][2015-12-08 15:23:31,970][com.java.ImportnExport.ExportTestResultsExcel] [  274] - No of rows in sheet=1
[DEBUG][2015-12-08 15:23:31,970][com.java.ImportnExport.ExportTestResultsExcel] [  301] - ..in export..1
[DEBUG][2015-12-08 15:23:31,970][com.java.ImportnExport.ExportTestResultsExcel] [  301] - ..in export..Valid Login
[DEBUG][2015-12-08 15:23:31,970][com.java.ImportnExport.ExportTestResultsExcel] [  301] - ..in export..Pass
[DEBUG][2015-12-08 15:23:31,970][com.java.ImportnExport.ExportTestResultsExcel] [  301] - ..in export..
[DEBUG][2015-12-08 15:23:31,970][com.java.ImportnExport.ExportTestResultsExcel] [  301] - ..in export..Tue Dec 08 15:23:26 IST 2015
[INFO ][2015-12-08 15:23:31,980][com.java.SeleniumDriver] [ 1299] - out loop:0 size:2 TestCases:[1, 6] testcases:[1, 6]
[INFO ][2015-12-08 15:23:31,980][com.java.ImportnExport.ImportTestDataDetailsExcel] [   49] - test data details path===== D:\BankersDashboard\TestInputs\TestData.xls
[INFO ][2015-12-08 15:23:54,005][com.java.SeleniumDriver] [  821] - ------------------------------------------
[INFO ][2015-12-08 15:23:54,005][com.java.SeleniumDriver] [  822] - Test case being Executed: 6
[INFO ][2015-12-08 15:23:54,005][com.java.SeleniumDriver] [  833] - Test step:1
[INFO ][2015-12-08 15:23:54,005][com.java.SeleniumDriver] [  845] - Datavalue is----------Logout
[INFO ][2015-12-08 15:23:54,005][com.java.SeleniumDriver] [  869] - DataField : BTN
[INFO ][2015-12-08 15:23:54,005][com.java.SeleniumDriver] [  871] - DataValue : Logout
[INFO ][2015-12-08 15:23:54,005][com.java.SeleniumDriver] [  877] - <In Set values of the page>
[INFO ][2015-12-08 15:23:54,005][com.java.SeleniumDriver] [  880] - {Data Fields & Data Values Exist}
[INFO ][2015-12-08 15:23:54,005][com.java.SeleniumDriver] [  882] - --------------------------setting values-----------------------------
[INFO ][2015-12-08 15:23:54,005][com.java.SeleniumDriver] [  885] - Action Type : Verify
[INFO ][2015-12-08 15:23:54,005][com.java.TestType] [ 6674] - field= BTN value= Logout
[INFO ][2015-12-08 15:23:54,005][com.java.TestType] [ 5446] - value = Logout
[INFO ][2015-12-08 15:23:54,116][com.java.SeleniumDriver] [  894] -  RESULT true
[INFO ][2015-12-08 15:23:54,116][com.java.SeleniumDriver] [ 1100] - ?   P A S S   ?
[INFO ][2015-12-08 15:23:54,116][com.java.SeleniumDriver] [ 1142] - step change to 3
[INFO ][2015-12-08 15:23:54,116][com.java.SeleniumDriver] [  821] - ------------------------------------------
[INFO ][2015-12-08 15:23:54,116][com.java.SeleniumDriver] [  822] - Test case being Executed: 6
[INFO ][2015-12-08 15:23:54,116][com.java.SeleniumDriver] [  833] - Test step:3
[INFO ][2015-12-08 15:23:54,116][com.java.SeleniumDriver] [  845] - Datavalue is----------Concept#2:1-2
[INFO ][2015-12-08 15:23:54,116][com.java.SeleniumDriver] [  869] - DataField : test
[INFO ][2015-12-08 15:23:54,116][com.java.SeleniumDriver] [  871] - DataValue : Concept#2:1-2
[INFO ][2015-12-08 15:23:54,116][com.java.SeleniumDriver] [  877] - <In Set values of the page>
[INFO ][2015-12-08 15:23:54,116][com.java.SeleniumDriver] [  880] - {Data Fields & Data Values Exist}
[INFO ][2015-12-08 15:23:54,116][com.java.SeleniumDriver] [  882] - --------------------------setting values-----------------------------
[INFO ][2015-12-08 15:23:54,116][com.java.SeleniumDriver] [  885] - Action Type : ExecuteTestCase
[INFO ][2015-12-08 15:23:54,116][com.java.TestType] [  436] - The Concept sheet name is ---------- Concept
[INFO ][2015-12-08 15:23:54,116][com.java.TestType] [  439] - The Concept ID  is ---------- 2
[DEBUG][2015-12-08 15:23:54,116][com.java.TestType] [  443] - Steps being executted in the Concept are: 1:2
[INFO ][2015-12-08 15:23:54,116][com.java.TestType] [  450] - Test data details path ---------- D:\BankersDashboard\TestInputs\TestData.xls
[INFO ][2015-12-08 15:23:54,126][com.java.TestType] [  481] -  str(1) = 2
[INFO ][2015-12-08 15:23:54,126][com.java.TestType] [  484] - Test case Id is---2
[INFO ][2015-12-08 15:23:54,126][com.java.TestType] [  486] - 2
[INFO ][2015-12-08 15:23:54,126][com.java.TestType] [  481] -  str(2) = 1
[INFO ][2015-12-08 15:23:54,126][com.java.TestType] [  533] - row values are--------{1=com.java.Objects.TestDataDetails@92c746}
[INFO ][2015-12-08 15:23:54,126][com.java.TestType] [  481] -  str(1) = 2
[INFO ][2015-12-08 15:23:54,126][com.java.TestType] [  484] - Test case Id is---2
[INFO ][2015-12-08 15:23:54,126][com.java.TestType] [  486] - 2
[INFO ][2015-12-08 15:23:54,126][com.java.TestType] [  481] -  str(2) = 2
[INFO ][2015-12-08 15:23:54,126][com.java.TestType] [  533] - row values are--------{1=com.java.Objects.TestDataDetails@92c746, 2=com.java.Objects.TestDataDetails@1e1dbd0}
[INFO ][2015-12-08 15:23:54,126][com.java.TestType] [  481] -  str(1) = 2
[INFO ][2015-12-08 15:23:54,126][com.java.TestType] [  484] - Test case Id is---2
[INFO ][2015-12-08 15:23:54,126][com.java.TestType] [  486] - 2
[INFO ][2015-12-08 15:23:54,126][com.java.TestType] [  481] -  str(2) = 3
[INFO ][2015-12-08 15:23:54,126][com.java.TestType] [  533] - row values are--------{1=com.java.Objects.TestDataDetails@92c746, 2=com.java.Objects.TestDataDetails@1e1dbd0, 3=com.java.Objects.TestDataDetails@1cc9339}
[INFO ][2015-12-08 15:23:54,126][com.java.TestType] [ 9982] - Looping 1TCID = 2
[DEBUG][2015-12-08 15:23:54,126][com.java.TestType] [10023] - Concept ID:2 :: Step being Executed: 2::1
[INFO ][2015-12-08 15:23:54,126][com.java.TestType] [10061] - dataFields : BNK//select[@id='bank']
[DEBUG][2015-12-08 15:23:54,126][com.java.TestType] [10067] - <In Set values of the page>
[DEBUG][2015-12-08 15:23:54,126][com.java.TestType] [10072] - {Data Fields & Data Values Exist}
[INFO ][2015-12-08 15:23:54,126][com.java.TestType] [10078] - --------------------------setting values-----------------------------
[INFO ][2015-12-08 15:23:54,126][com.java.TestType] [10081] - Action Type : Select
[INFO ][2015-12-08 15:23:54,126][com.java.TestType] [ 5446] - value = PFC
[INFO ][2015-12-08 15:23:54,446][com.java.TestType] [10100] -  RESULT true
[INFO ][2015-12-08 15:23:54,446][com.java.TestType] [10217] - ?   P A S S   ?
[DEBUG][2015-12-08 15:23:54,446][com.java.TestType] [10023] - Concept ID:2 :: Step being Executed: 2::2
[INFO ][2015-12-08 15:23:54,446][com.java.TestType] [10061] - dataFields : LNKLogout
[DEBUG][2015-12-08 15:23:54,446][com.java.TestType] [10067] - <In Set values of the page>
[DEBUG][2015-12-08 15:23:54,446][com.java.TestType] [10072] - {Data Fields & Data Values Exist}
[INFO ][2015-12-08 15:23:54,446][com.java.TestType] [10078] - --------------------------setting values-----------------------------
[INFO ][2015-12-08 15:23:54,446][com.java.TestType] [10081] - Action Type : WaitTime
[DEBUG][2015-12-08 15:23:54,446][com.java.TestType] [ 5266] - sleepTime: 5000
[INFO ][2015-12-08 15:23:59,456][com.java.TestType] [10100] -  RESULT true
[INFO ][2015-12-08 15:23:59,456][com.java.TestType] [10217] - ?   P A S S   ?
[INFO ][2015-12-08 15:23:59,456][com.java.TestType] [10288] - Looping End......
[INFO ][2015-12-08 15:23:59,456][com.java.SeleniumDriver] [  894] -  RESULT true
[INFO ][2015-12-08 15:23:59,456][com.java.SeleniumDriver] [ 1100] - ?   P A S S   ?
[INFO ][2015-12-08 15:23:59,456][com.java.SeleniumDriver] [  821] - ------------------------------------------
[INFO ][2015-12-08 15:23:59,456][com.java.SeleniumDriver] [  822] - Test case being Executed: 6
[INFO ][2015-12-08 15:23:59,456][com.java.SeleniumDriver] [  833] - Test step:4
[INFO ][2015-12-08 15:23:59,456][com.java.SeleniumDriver] [  845] - Datavalue is----------null
[DEBUG][2015-12-08 15:23:59,456][com.java.SeleniumDriver] [  863] - Exception: null
[INFO ][2015-12-08 15:23:59,456][com.java.SeleniumDriver] [  869] - DataField : //span[@class='icon-stats']&&//a[@data-id="Forecasting"]
[INFO ][2015-12-08 15:23:59,456][com.java.SeleniumDriver] [  871] - DataValue : 
[INFO ][2015-12-08 15:23:59,456][com.java.SeleniumDriver] [  877] - <In Set values of the page>
[INFO ][2015-12-08 15:23:59,456][com.java.SeleniumDriver] [  880] - {Data Fields & Data Values Exist}
[INFO ][2015-12-08 15:23:59,456][com.java.SeleniumDriver] [  882] - --------------------------setting values-----------------------------
[INFO ][2015-12-08 15:23:59,456][com.java.SeleniumDriver] [  885] - Action Type : MOUSEOVER
[INFO ][2015-12-08 15:24:19,602][com.java.SeleniumDriver] [  894] -  RESULT true
[INFO ][2015-12-08 15:24:19,602][com.java.SeleniumDriver] [ 1100] - ?   P A S S   ?
[INFO ][2015-12-08 15:24:19,602][com.java.SeleniumDriver] [  821] - ------------------------------------------
[INFO ][2015-12-08 15:24:19,602][com.java.SeleniumDriver] [  822] - Test case being Executed: 6
[INFO ][2015-12-08 15:24:19,602][com.java.SeleniumDriver] [  833] - Test step:5
[INFO ][2015-12-08 15:24:19,602][com.java.SeleniumDriver] [  845] - Datavalue is----------5
[INFO ][2015-12-08 15:24:19,602][com.java.SeleniumDriver] [  869] - DataField : null
[INFO ][2015-12-08 15:24:19,602][com.java.SeleniumDriver] [  871] - DataValue : 5
[INFO ][2015-12-08 15:24:19,602][com.java.SeleniumDriver] [  877] - <In Set values of the page>
[INFO ][2015-12-08 15:24:19,602][com.java.SeleniumDriver] [  880] - {Data Fields & Data Values Exist}
[INFO ][2015-12-08 15:24:19,602][com.java.SeleniumDriver] [  882] - --------------------------setting values-----------------------------
[INFO ][2015-12-08 15:24:19,602][com.java.SeleniumDriver] [  885] - Action Type : WAITTIME
[DEBUG][2015-12-08 15:24:19,602][com.java.TestType] [ 5266] - sleepTime: 5000
[INFO ][2015-12-08 15:24:24,609][com.java.SeleniumDriver] [  894] -  RESULT true
[INFO ][2015-12-08 15:24:24,609][com.java.SeleniumDriver] [ 1100] - ?   P A S S   ?
[INFO ][2015-12-08 15:24:24,609][com.java.SeleniumDriver] [  821] - ------------------------------------------
[INFO ][2015-12-08 15:24:24,609][com.java.SeleniumDriver] [  822] - Test case being Executed: 6
[INFO ][2015-12-08 15:24:24,609][com.java.SeleniumDriver] [  833] - Test step:6
[INFO ][2015-12-08 15:24:24,609][com.java.SeleniumDriver] [  845] - Datavalue is----------Forecasting 
[INFO ][2015-12-08 15:24:24,609][com.java.SeleniumDriver] [  869] - DataField : TTL
[INFO ][2015-12-08 15:24:24,609][com.java.SeleniumDriver] [  871] - DataValue : Forecasting 
[INFO ][2015-12-08 15:24:24,609][com.java.SeleniumDriver] [  877] - <In Set values of the page>
[INFO ][2015-12-08 15:24:24,609][com.java.SeleniumDriver] [  880] - {Data Fields & Data Values Exist}
[INFO ][2015-12-08 15:24:24,609][com.java.SeleniumDriver] [  882] - --------------------------setting values-----------------------------
[INFO ][2015-12-08 15:24:24,609][com.java.SeleniumDriver] [  885] - Action Type : SELECTWINDOW
[INFO ][2015-12-08 15:24:37,321][com.java.SeleniumDriver] [  894] -  RESULT true
[INFO ][2015-12-08 15:24:37,321][com.java.SeleniumDriver] [ 1100] - ?   P A S S   ?
[INFO ][2015-12-08 15:24:37,321][com.java.SeleniumDriver] [  821] - ------------------------------------------
[INFO ][2015-12-08 15:24:37,321][com.java.SeleniumDriver] [  822] - Test case being Executed: 6
[INFO ][2015-12-08 15:24:37,321][com.java.SeleniumDriver] [  833] - Test step:7
[INFO ][2015-12-08 15:24:37,321][com.java.SeleniumDriver] [  845] - Datavalue is----------null
[DEBUG][2015-12-08 15:24:37,321][com.java.SeleniumDriver] [  863] - Exception: null
[INFO ][2015-12-08 15:24:37,321][com.java.SeleniumDriver] [  869] - DataField : BTNframeDialogContent
[INFO ][2015-12-08 15:24:37,321][com.java.SeleniumDriver] [  871] - DataValue : 
[INFO ][2015-12-08 15:24:37,321][com.java.SeleniumDriver] [  877] - <In Set values of the page>
[INFO ][2015-12-08 15:24:37,321][com.java.SeleniumDriver] [  880] - {Data Fields & Data Values Exist}
[INFO ][2015-12-08 15:24:37,321][com.java.SeleniumDriver] [  882] - --------------------------setting values-----------------------------
[INFO ][2015-12-08 15:24:37,321][com.java.SeleniumDriver] [  885] - Action Type : SELECTFRAME
[INFO ][2015-12-08 15:24:39,102][com.java.SeleniumDriver] [  894] -  RESULT true
[INFO ][2015-12-08 15:24:39,102][com.java.SeleniumDriver] [ 1100] - ?   P A S S   ?
[INFO ][2015-12-08 15:24:39,102][com.java.SeleniumDriver] [  821] - ------------------------------------------
[INFO ][2015-12-08 15:24:39,102][com.java.SeleniumDriver] [  822] - Test case being Executed: 6
[INFO ][2015-12-08 15:24:39,102][com.java.SeleniumDriver] [  833] - Test step:8
[INFO ][2015-12-08 15:24:39,102][com.java.SeleniumDriver] [  845] - Datavalue is----------10
[INFO ][2015-12-08 15:24:39,102][com.java.SeleniumDriver] [  869] - DataField : DSPddlProjects
[INFO ][2015-12-08 15:24:39,102][com.java.SeleniumDriver] [  871] - DataValue : 10
[INFO ][2015-12-08 15:24:39,102][com.java.SeleniumDriver] [  877] - <In Set values of the page>
[INFO ][2015-12-08 15:24:39,102][com.java.SeleniumDriver] [  880] - {Data Fields & Data Values Exist}
[INFO ][2015-12-08 15:24:39,102][com.java.SeleniumDriver] [  882] - --------------------------setting values-----------------------------
[INFO ][2015-12-08 15:24:39,102][com.java.SeleniumDriver] [  885] - Action Type : WAITFORELEMENT
[INFO ][2015-12-08 15:24:40,803][com.java.SeleniumDriver] [  894] -  RESULT true
[INFO ][2015-12-08 15:24:40,803][com.java.SeleniumDriver] [ 1100] - ?   P A S S   ?
[INFO ][2015-12-08 15:24:40,803][com.java.SeleniumDriver] [  821] - ------------------------------------------
[INFO ][2015-12-08 15:24:40,803][com.java.SeleniumDriver] [  822] - Test case being Executed: 6
[INFO ][2015-12-08 15:24:40,803][com.java.SeleniumDriver] [  833] - Test step:9
[INFO ][2015-12-08 15:24:40,803][com.java.SeleniumDriver] [  845] - Datavalue is----------index:1
[INFO ][2015-12-08 15:24:40,803][com.java.SeleniumDriver] [  869] - DataField : COBddlProjects
[INFO ][2015-12-08 15:24:40,803][com.java.SeleniumDriver] [  871] - DataValue : index:1
[INFO ][2015-12-08 15:24:40,803][com.java.SeleniumDriver] [  877] - <In Set values of the page>
[INFO ][2015-12-08 15:24:40,803][com.java.SeleniumDriver] [  880] - {Data Fields & Data Values Exist}
[INFO ][2015-12-08 15:24:40,803][com.java.SeleniumDriver] [  882] - --------------------------setting values-----------------------------
[INFO ][2015-12-08 15:24:40,803][com.java.SeleniumDriver] [  885] - Action Type : SELECT
[INFO ][2015-12-08 15:24:40,803][com.java.TestType] [ 5446] - value = 1
[INFO ][2015-12-08 15:24:42,474][com.java.TestType] [ 5564] -  In COB ddlProjects : 1
[INFO ][2015-12-08 15:24:42,735][com.java.SeleniumDriver] [  894] -  RESULT true
[INFO ][2015-12-08 15:24:42,735][com.java.SeleniumDriver] [ 1100] - ?   P A S S   ?
[INFO ][2015-12-08 15:24:42,735][com.java.SeleniumDriver] [ 1137] - Continue next step...
[INFO ][2015-12-08 15:24:42,735][com.java.SeleniumDriver] [  821] - ------------------------------------------
[INFO ][2015-12-08 15:24:42,735][com.java.SeleniumDriver] [  822] - Test case being Executed: 6
[INFO ][2015-12-08 15:24:42,735][com.java.SeleniumDriver] [  833] - Test step:10
[INFO ][2015-12-08 15:24:42,735][com.java.SeleniumDriver] [  845] - Datavalue is----------CurrentProject
[INFO ][2015-12-08 15:24:42,735][com.java.SeleniumDriver] [  869] - DataField : SLBddlProjects
[INFO ][2015-12-08 15:24:42,735][com.java.SeleniumDriver] [  871] - DataValue : CurrentProject
[INFO ][2015-12-08 15:24:42,735][com.java.SeleniumDriver] [  877] - <In Set values of the page>
[INFO ][2015-12-08 15:24:42,735][com.java.SeleniumDriver] [  880] - {Data Fields & Data Values Exist}
[INFO ][2015-12-08 15:24:42,735][com.java.SeleniumDriver] [  882] - --------------------------setting values-----------------------------
[INFO ][2015-12-08 15:24:42,735][com.java.SeleniumDriver] [  885] - Action Type : storevalue
[INFO ][2015-12-08 15:24:42,735][com.java.TestType] [ 7852] - field= SLBddlProjects
[INFO ][2015-12-08 15:24:44,634][com.java.SeleniumDriver] [  894] -  RESULT true
[INFO ][2015-12-08 15:24:44,634][com.java.SeleniumDriver] [ 1100] - ?   P A S S   ?
[INFO ][2015-12-08 15:24:44,634][com.java.SeleniumDriver] [  821] - ------------------------------------------
[INFO ][2015-12-08 15:24:44,634][com.java.SeleniumDriver] [  822] - Test case being Executed: 6
[INFO ][2015-12-08 15:24:44,634][com.java.SeleniumDriver] [  833] - Test step:11
[INFO ][2015-12-08 15:24:44,634][com.java.SeleniumDriver] [  845] - Datavalue is----------null
[DEBUG][2015-12-08 15:24:44,634][com.java.SeleniumDriver] [  863] - Exception: null
[INFO ][2015-12-08 15:24:44,634][com.java.SeleniumDriver] [  869] - DataField : HDNbtnOpenProject
[INFO ][2015-12-08 15:24:44,634][com.java.SeleniumDriver] [  871] - DataValue : 
[INFO ][2015-12-08 15:24:44,634][com.java.SeleniumDriver] [  877] - <In Set values of the page>
[INFO ][2015-12-08 15:24:44,634][com.java.SeleniumDriver] [  880] - {Data Fields & Data Values Exist}
[INFO ][2015-12-08 15:24:44,634][com.java.SeleniumDriver] [  882] - --------------------------setting values-----------------------------
[INFO ][2015-12-08 15:24:44,634][com.java.SeleniumDriver] [  885] - Action Type : CLICKWITHALERT
[INFO ][2015-12-08 15:24:44,634][com.java.TestType] [ 5774] - Field ::HDNbtnOpenProject
[INFO ][2015-12-08 15:24:48,728][com.java.SeleniumDriver] [  894] -  RESULT true
[INFO ][2015-12-08 15:24:48,728][com.java.SeleniumDriver] [ 1100] - ?   P A S S   ?
[INFO ][2015-12-08 15:24:48,728][com.java.SeleniumDriver] [  821] - ------------------------------------------
[INFO ][2015-12-08 15:24:48,728][com.java.SeleniumDriver] [  822] - Test case being Executed: 6
[INFO ][2015-12-08 15:24:48,728][com.java.SeleniumDriver] [  833] - Test step:12
[INFO ][2015-12-08 15:24:48,728][com.java.SeleniumDriver] [  845] - Datavalue is----------5
[INFO ][2015-12-08 15:24:48,728][com.java.SeleniumDriver] [  869] - DataField : null
[INFO ][2015-12-08 15:24:48,728][com.java.SeleniumDriver] [  871] - DataValue : 5
[INFO ][2015-12-08 15:24:48,728][com.java.SeleniumDriver] [  877] - <In Set values of the page>
[INFO ][2015-12-08 15:24:48,728][com.java.SeleniumDriver] [  880] - {Data Fields & Data Values Exist}
[INFO ][2015-12-08 15:24:48,728][com.java.SeleniumDriver] [  882] - --------------------------setting values-----------------------------
[INFO ][2015-12-08 15:24:48,728][com.java.SeleniumDriver] [  885] - Action Type : WAITTIME
[DEBUG][2015-12-08 15:24:48,728][com.java.TestType] [ 5266] - sleepTime: 5000
[INFO ][2015-12-08 15:24:53,733][com.java.SeleniumDriver] [  894] -  RESULT true
[INFO ][2015-12-08 15:24:53,733][com.java.SeleniumDriver] [ 1100] - ?   P A S S   ?
[INFO ][2015-12-08 15:24:53,733][com.java.SeleniumDriver] [  821] - ------------------------------------------
[INFO ][2015-12-08 15:24:53,733][com.java.SeleniumDriver] [  822] - Test case being Executed: 6
[INFO ][2015-12-08 15:24:53,733][com.java.SeleniumDriver] [  833] - Test step:13
[INFO ][2015-12-08 15:24:53,733][com.java.SeleniumDriver] [  845] - Datavalue is----------null
[DEBUG][2015-12-08 15:24:53,733][com.java.SeleniumDriver] [  863] - Exception: null
[INFO ][2015-12-08 15:24:53,733][com.java.SeleniumDriver] [  869] - DataField : BTNParent
[INFO ][2015-12-08 15:24:53,733][com.java.SeleniumDriver] [  871] - DataValue : 
[INFO ][2015-12-08 15:24:53,733][com.java.SeleniumDriver] [  877] - <In Set values of the page>
[INFO ][2015-12-08 15:24:53,733][com.java.SeleniumDriver] [  880] - {Data Fields & Data Values Exist}
[INFO ][2015-12-08 15:24:53,733][com.java.SeleniumDriver] [  882] - --------------------------setting values-----------------------------
[INFO ][2015-12-08 15:24:53,733][com.java.SeleniumDriver] [  885] - Action Type : SELECTFRAME
[INFO ][2015-12-08 15:24:53,764][com.java.SeleniumDriver] [  894] -  RESULT true
[INFO ][2015-12-08 15:24:53,764][com.java.SeleniumDriver] [ 1100] - ?   P A S S   ?
[INFO ][2015-12-08 15:24:53,764][com.java.SeleniumDriver] [  821] - ------------------------------------------
[INFO ][2015-12-08 15:24:53,764][com.java.SeleniumDriver] [  822] - Test case being Executed: 6
[INFO ][2015-12-08 15:24:53,764][com.java.SeleniumDriver] [  833] - Test step:14
[INFO ][2015-12-08 15:24:53,764][com.java.SeleniumDriver] [  845] - Datavalue is----------5
[INFO ][2015-12-08 15:24:53,764][com.java.SeleniumDriver] [  869] - DataField : DSP//span[@id='lblProject']
[INFO ][2015-12-08 15:24:53,764][com.java.SeleniumDriver] [  871] - DataValue : 5
[INFO ][2015-12-08 15:24:53,764][com.java.SeleniumDriver] [  877] - <In Set values of the page>
[INFO ][2015-12-08 15:24:53,764][com.java.SeleniumDriver] [  880] - {Data Fields & Data Values Exist}
[INFO ][2015-12-08 15:24:53,764][com.java.SeleniumDriver] [  882] - --------------------------setting values-----------------------------
[INFO ][2015-12-08 15:24:53,764][com.java.SeleniumDriver] [  885] - Action Type : WAITFORELEMENT
[INFO ][2015-12-08 15:24:53,994][com.java.SeleniumDriver] [  894] -  RESULT true
[INFO ][2015-12-08 15:24:53,994][com.java.SeleniumDriver] [ 1100] - ?   P A S S   ?
[INFO ][2015-12-08 15:24:53,994][com.java.SeleniumDriver] [  821] - ------------------------------------------
[INFO ][2015-12-08 15:24:53,994][com.java.SeleniumDriver] [  822] - Test case being Executed: 6
[INFO ][2015-12-08 15:24:53,994][com.java.SeleniumDriver] [  833] - Test step:15
[INFO ][2015-12-08 15:24:53,994][com.java.SeleniumDriver] [  845] - Datavalue is----------10
[INFO ][2015-12-08 15:24:53,994][com.java.SeleniumDriver] [  869] - DataField : null
[INFO ][2015-12-08 15:24:53,994][com.java.SeleniumDriver] [  871] - DataValue : 10
[INFO ][2015-12-08 15:24:53,994][com.java.SeleniumDriver] [  877] - <In Set values of the page>
[INFO ][2015-12-08 15:24:53,994][com.java.SeleniumDriver] [  880] - {Data Fields & Data Values Exist}
[INFO ][2015-12-08 15:24:53,994][com.java.SeleniumDriver] [  882] - --------------------------setting values-----------------------------
[INFO ][2015-12-08 15:24:53,994][com.java.SeleniumDriver] [  885] - Action Type : WAITTIME
[DEBUG][2015-12-08 15:24:53,994][com.java.TestType] [ 5266] - sleepTime: 10000
[INFO ][2015-12-08 15:25:04,000][com.java.SeleniumDriver] [  894] -  RESULT true
[INFO ][2015-12-08 15:25:04,000][com.java.SeleniumDriver] [ 1100] - ?   P A S S   ?
[INFO ][2015-12-08 15:25:04,000][com.java.SeleniumDriver] [  821] - ------------------------------------------
[INFO ][2015-12-08 15:25:04,000][com.java.SeleniumDriver] [  822] - Test case being Executed: 6
[INFO ][2015-12-08 15:25:04,000][com.java.SeleniumDriver] [  833] - Test step:16
[INFO ][2015-12-08 15:25:04,000][com.java.SeleniumDriver] [  845] - Datavalue is----------HMVCurrentProject
[INFO ][2015-12-08 15:25:04,000][com.java.SeleniumDriver] [  869] - DataField : XPH//span[@id='lblProject']
[INFO ][2015-12-08 15:25:04,000][com.java.SeleniumDriver] [  871] - DataValue : HMVCurrentProject
[INFO ][2015-12-08 15:25:04,000][com.java.SeleniumDriver] [  877] - <In Set values of the page>
[INFO ][2015-12-08 15:25:04,000][com.java.SeleniumDriver] [  880] - {Data Fields & Data Values Exist}
[INFO ][2015-12-08 15:25:04,000][com.java.SeleniumDriver] [  882] - --------------------------setting values-----------------------------
[INFO ][2015-12-08 15:25:04,000][com.java.SeleniumDriver] [  885] - Action Type : VERIFY
[INFO ][2015-12-08 15:25:04,000][com.java.TestType] [ 6674] - field= XPH//span[@id='lblProject'] value= HMVCurrentProject
[INFO ][2015-12-08 15:25:04,000][com.java.TestType] [ 5446] - value = Budget 2014 1-21-2014
[INFO ][2015-12-08 15:25:04,241][com.java.SeleniumDriver] [  894] -  RESULT true
[INFO ][2015-12-08 15:25:04,241][com.java.SeleniumDriver] [ 1100] - ?   P A S S   ?
[INFO ][2015-12-08 15:25:04,241][com.java.SeleniumDriver] [  821] - ------------------------------------------
[INFO ][2015-12-08 15:25:04,241][com.java.SeleniumDriver] [  822] - Test case being Executed: 6
[INFO ][2015-12-08 15:25:04,241][com.java.SeleniumDriver] [  833] - Test step:17
[INFO ][2015-12-08 15:25:04,241][com.java.SeleniumDriver] [  845] - Datavalue is----------null
[DEBUG][2015-12-08 15:25:04,241][com.java.SeleniumDriver] [  863] - Exception: null
[INFO ][2015-12-08 15:25:04,241][com.java.SeleniumDriver] [  869] - DataField : HDNmenuTools
[INFO ][2015-12-08 15:25:04,241][com.java.SeleniumDriver] [  871] - DataValue : 
[INFO ][2015-12-08 15:25:04,241][com.java.SeleniumDriver] [  877] - <In Set values of the page>
[INFO ][2015-12-08 15:25:04,241][com.java.SeleniumDriver] [  880] - {Data Fields & Data Values Exist}
[INFO ][2015-12-08 15:25:04,241][com.java.SeleniumDriver] [  882] - --------------------------setting values-----------------------------
[INFO ][2015-12-08 15:25:04,241][com.java.SeleniumDriver] [  885] - Action Type : CLICK
[INFO ][2015-12-08 15:25:04,241][com.java.TestType] [ 5774] - Field ::HDNmenuTools
[INFO ][2015-12-08 15:25:06,942][com.java.SeleniumDriver] [  894] -  RESULT true
[INFO ][2015-12-08 15:25:06,942][com.java.SeleniumDriver] [ 1100] - ?   P A S S   ?
[INFO ][2015-12-08 15:25:06,942][com.java.SeleniumDriver] [  821] - ------------------------------------------
[INFO ][2015-12-08 15:25:06,942][com.java.SeleniumDriver] [  822] - Test case being Executed: 6
[INFO ][2015-12-08 15:25:06,942][com.java.SeleniumDriver] [  833] - Test step:18
[INFO ][2015-12-08 15:25:06,942][com.java.SeleniumDriver] [  845] - Datavalue is----------10
[INFO ][2015-12-08 15:25:06,942][com.java.SeleniumDriver] [  869] - DataField : DSPmenuSyncProject
[INFO ][2015-12-08 15:25:06,942][com.java.SeleniumDriver] [  871] - DataValue : 10
[INFO ][2015-12-08 15:25:06,942][com.java.SeleniumDriver] [  877] - <In Set values of the page>
[INFO ][2015-12-08 15:25:06,942][com.java.SeleniumDriver] [  880] - {Data Fields & Data Values Exist}
[INFO ][2015-12-08 15:25:06,942][com.java.SeleniumDriver] [  882] - --------------------------setting values-----------------------------
[INFO ][2015-12-08 15:25:06,942][com.java.SeleniumDriver] [  885] - Action Type : WAITFORELEMENT
[INFO ][2015-12-08 15:25:08,746][com.java.SeleniumDriver] [  894] -  RESULT true
[INFO ][2015-12-08 15:25:08,746][com.java.SeleniumDriver] [ 1100] - ?   P A S S   ?
[INFO ][2015-12-08 15:25:08,746][com.java.SeleniumDriver] [  821] - ------------------------------------------
[INFO ][2015-12-08 15:25:08,746][com.java.SeleniumDriver] [  822] - Test case being Executed: 6
[INFO ][2015-12-08 15:25:08,746][com.java.SeleniumDriver] [  833] - Test step:19
[INFO ][2015-12-08 15:25:08,746][com.java.SeleniumDriver] [  845] - Datavalue is----------null
[DEBUG][2015-12-08 15:25:08,746][com.java.SeleniumDriver] [  863] - Exception: null
[INFO ][2015-12-08 15:25:08,746][com.java.SeleniumDriver] [  869] - DataField : HDNmenuSyncProject
[INFO ][2015-12-08 15:25:08,746][com.java.SeleniumDriver] [  871] - DataValue : 
[INFO ][2015-12-08 15:25:08,746][com.java.SeleniumDriver] [  877] - <In Set values of the page>
[INFO ][2015-12-08 15:25:08,746][com.java.SeleniumDriver] [  880] - {Data Fields & Data Values Exist}
[INFO ][2015-12-08 15:25:08,746][com.java.SeleniumDriver] [  882] - --------------------------setting values-----------------------------
[INFO ][2015-12-08 15:25:08,746][com.java.SeleniumDriver] [  885] - Action Type : CLICK
[INFO ][2015-12-08 15:25:08,746][com.java.TestType] [ 5774] - Field ::HDNmenuSyncProject
[INFO ][2015-12-08 15:25:11,257][com.java.SeleniumDriver] [  894] -  RESULT true
[INFO ][2015-12-08 15:25:11,257][com.java.SeleniumDriver] [ 1100] - ?   P A S S   ?
[INFO ][2015-12-08 15:25:11,257][com.java.SeleniumDriver] [  821] - ------------------------------------------
[INFO ][2015-12-08 15:25:11,257][com.java.SeleniumDriver] [  822] - Test case being Executed: 6
[INFO ][2015-12-08 15:25:11,257][com.java.SeleniumDriver] [  833] - Test step:20
[INFO ][2015-12-08 15:25:11,257][com.java.SeleniumDriver] [  845] - Datavalue is----------2
[INFO ][2015-12-08 15:25:11,257][com.java.SeleniumDriver] [  869] - DataField : null
[INFO ][2015-12-08 15:25:11,257][com.java.SeleniumDriver] [  871] - DataValue : 2
[INFO ][2015-12-08 15:25:11,257][com.java.SeleniumDriver] [  877] - <In Set values of the page>
[INFO ][2015-12-08 15:25:11,257][com.java.SeleniumDriver] [  880] - {Data Fields & Data Values Exist}
[INFO ][2015-12-08 15:25:11,257][com.java.SeleniumDriver] [  882] - --------------------------setting values-----------------------------
[INFO ][2015-12-08 15:25:11,257][com.java.SeleniumDriver] [  885] - Action Type : WAITTIME
[DEBUG][2015-12-08 15:25:11,257][com.java.TestType] [ 5266] - sleepTime: 2000
[INFO ][2015-12-08 15:25:13,257][com.java.SeleniumDriver] [  894] -  RESULT true
[INFO ][2015-12-08 15:25:13,257][com.java.SeleniumDriver] [ 1100] - ?   P A S S   ?
[INFO ][2015-12-08 15:25:13,257][com.java.SeleniumDriver] [  821] - ------------------------------------------
[INFO ][2015-12-08 15:25:13,257][com.java.SeleniumDriver] [  822] - Test case being Executed: 6
[INFO ][2015-12-08 15:25:13,257][com.java.SeleniumDriver] [  833] - Test step:21
[INFO ][2015-12-08 15:25:13,257][com.java.SeleniumDriver] [  845] - Datavalue is----------Synchronize Historical
[INFO ][2015-12-08 15:25:13,257][com.java.SeleniumDriver] [  869] - DataField : XPH//span[@id='ui-dialog-title-mdDialog']
[INFO ][2015-12-08 15:25:13,257][com.java.SeleniumDriver] [  871] - DataValue : Synchronize Historical
[INFO ][2015-12-08 15:25:13,257][com.java.SeleniumDriver] [  877] - <In Set values of the page>
[INFO ][2015-12-08 15:25:13,257][com.java.SeleniumDriver] [  880] - {Data Fields & Data Values Exist}
[INFO ][2015-12-08 15:25:13,257][com.java.SeleniumDriver] [  882] - --------------------------setting values-----------------------------
[INFO ][2015-12-08 15:25:13,257][com.java.SeleniumDriver] [  885] - Action Type : VERIFY
[INFO ][2015-12-08 15:25:13,257][com.java.TestType] [ 6674] - field= XPH//span[@id='ui-dialog-title-mdDialog'] value= Synchronize Historical
[INFO ][2015-12-08 15:25:13,257][com.java.TestType] [ 5446] - value = Synchronize Historical
[INFO ][2015-12-08 15:25:13,473][com.java.SeleniumDriver] [  894] -  RESULT true
[INFO ][2015-12-08 15:25:13,473][com.java.SeleniumDriver] [ 1100] - ?   P A S S   ?
[INFO ][2015-12-08 15:25:13,473][com.java.SeleniumDriver] [  821] - ------------------------------------------
[INFO ][2015-12-08 15:25:13,473][com.java.SeleniumDriver] [  822] - Test case being Executed: 6
[INFO ][2015-12-08 15:25:13,473][com.java.SeleniumDriver] [  833] - Test step:22
[INFO ][2015-12-08 15:25:13,473][com.java.SeleniumDriver] [  845] - Datavalue is----------null
[DEBUG][2015-12-08 15:25:13,473][com.java.SeleniumDriver] [  863] - Exception: null
[INFO ][2015-12-08 15:25:13,473][com.java.SeleniumDriver] [  869] - DataField : BTNframeDialogContent
[INFO ][2015-12-08 15:25:13,473][com.java.SeleniumDriver] [  871] - DataValue : 
[INFO ][2015-12-08 15:25:13,473][com.java.SeleniumDriver] [  877] - <In Set values of the page>
[INFO ][2015-12-08 15:25:13,473][com.java.SeleniumDriver] [  880] - {Data Fields & Data Values Exist}
[INFO ][2015-12-08 15:25:13,473][com.java.SeleniumDriver] [  882] - --------------------------setting values-----------------------------
[INFO ][2015-12-08 15:25:13,473][com.java.SeleniumDriver] [  885] - Action Type : SELECTFRAME
[INFO ][2015-12-08 15:25:14,974][com.java.SeleniumDriver] [  894] -  RESULT true
[INFO ][2015-12-08 15:25:14,974][com.java.SeleniumDriver] [ 1100] - ?   P A S S   ?
[INFO ][2015-12-08 15:25:14,974][com.java.SeleniumDriver] [  821] - ------------------------------------------
[INFO ][2015-12-08 15:25:14,974][com.java.SeleniumDriver] [  822] - Test case being Executed: 6
[INFO ][2015-12-08 15:25:14,974][com.java.SeleniumDriver] [  833] - Test step:23
[INFO ][2015-12-08 15:25:14,974][com.java.SeleniumDriver] [  845] - Datavalue is----------index:1
[INFO ][2015-12-08 15:25:14,974][com.java.SeleniumDriver] [  869] - DataField : COBddlSyncThruDate
[INFO ][2015-12-08 15:25:14,974][com.java.SeleniumDriver] [  871] - DataValue : index:1
[INFO ][2015-12-08 15:25:14,974][com.java.SeleniumDriver] [  877] - <In Set values of the page>
[INFO ][2015-12-08 15:25:14,974][com.java.SeleniumDriver] [  880] - {Data Fields & Data Values Exist}
[INFO ][2015-12-08 15:25:14,974][com.java.SeleniumDriver] [  882] - --------------------------setting values-----------------------------
[INFO ][2015-12-08 15:25:14,974][com.java.SeleniumDriver] [  885] - Action Type : SELECT
[INFO ][2015-12-08 15:25:14,974][com.java.TestType] [ 5446] - value = 1
[INFO ][2015-12-08 15:25:16,487][com.java.TestType] [ 5564] -  In COB ddlSyncThruDate : 1
[INFO ][2015-12-08 15:25:16,777][com.java.SeleniumDriver] [  894] -  RESULT true
[INFO ][2015-12-08 15:25:16,777][com.java.SeleniumDriver] [ 1100] - ?   P A S S   ?
[INFO ][2015-12-08 15:25:16,777][com.java.SeleniumDriver] [  821] - ------------------------------------------
[INFO ][2015-12-08 15:25:16,777][com.java.SeleniumDriver] [  822] - Test case being Executed: 6
[INFO ][2015-12-08 15:25:16,777][com.java.SeleniumDriver] [  833] - Test step:24
[INFO ][2015-12-08 15:25:16,777][com.java.SeleniumDriver] [  845] - Datavalue is----------null
[DEBUG][2015-12-08 15:25:16,777][com.java.SeleniumDriver] [  863] - Exception: null
[INFO ][2015-12-08 15:25:16,777][com.java.SeleniumDriver] [  869] - DataField : HDNrdoLLABS
[INFO ][2015-12-08 15:25:16,777][com.java.SeleniumDriver] [  871] - DataValue : 
[INFO ][2015-12-08 15:25:16,777][com.java.SeleniumDriver] [  877] - <In Set values of the page>
[INFO ][2015-12-08 15:25:16,777][com.java.SeleniumDriver] [  880] - {Data Fields & Data Values Exist}
[INFO ][2015-12-08 15:25:16,777][com.java.SeleniumDriver] [  882] - --------------------------setting values-----------------------------
[INFO ][2015-12-08 15:25:16,777][com.java.SeleniumDriver] [  885] - Action Type : CLICK
[INFO ][2015-12-08 15:25:16,777][com.java.TestType] [ 5774] - Field ::HDNrdoLLABS
[INFO ][2015-12-08 15:25:19,256][com.java.SeleniumDriver] [  894] -  RESULT true
[INFO ][2015-12-08 15:25:19,256][com.java.SeleniumDriver] [ 1100] - ?   P A S S   ?
[INFO ][2015-12-08 15:25:19,256][com.java.SeleniumDriver] [  821] - ------------------------------------------
[INFO ][2015-12-08 15:25:19,256][com.java.SeleniumDriver] [  822] - Test case being Executed: 6
[INFO ][2015-12-08 15:25:19,256][com.java.SeleniumDriver] [  833] - Test step:25
[INFO ][2015-12-08 15:25:19,256][com.java.SeleniumDriver] [  845] - Datavalue is----------null
[DEBUG][2015-12-08 15:25:19,256][com.java.SeleniumDriver] [  863] - Exception: null
[INFO ][2015-12-08 15:25:19,256][com.java.SeleniumDriver] [  869] - DataField : HDNbtnSynchronize
[INFO ][2015-12-08 15:25:19,256][com.java.SeleniumDriver] [  871] - DataValue : 
[INFO ][2015-12-08 15:25:19,256][com.java.SeleniumDriver] [  877] - <In Set values of the page>
[INFO ][2015-12-08 15:25:19,256][com.java.SeleniumDriver] [  880] - {Data Fields & Data Values Exist}
[INFO ][2015-12-08 15:25:19,256][com.java.SeleniumDriver] [  882] - --------------------------setting values-----------------------------
[INFO ][2015-12-08 15:25:19,256][com.java.SeleniumDriver] [  885] - Action Type : CLICK
[INFO ][2015-12-08 15:25:19,256][com.java.TestType] [ 5774] - Field ::HDNbtnSynchronize
[INFO ][2015-12-08 15:25:22,039][com.java.SeleniumDriver] [  894] -  RESULT true
[INFO ][2015-12-08 15:25:22,039][com.java.SeleniumDriver] [ 1100] - ?   P A S S   ?
[INFO ][2015-12-08 15:25:22,039][com.java.SeleniumDriver] [  821] - ------------------------------------------
[INFO ][2015-12-08 15:25:22,039][com.java.SeleniumDriver] [  822] - Test case being Executed: 6
[INFO ][2015-12-08 15:25:22,039][com.java.SeleniumDriver] [  833] - Test step:26
[INFO ][2015-12-08 15:25:22,039][com.java.SeleniumDriver] [  845] - Datavalue is----------OK
[INFO ][2015-12-08 15:25:22,039][com.java.SeleniumDriver] [  869] - DataField : CNF
[INFO ][2015-12-08 15:25:22,039][com.java.SeleniumDriver] [  871] - DataValue : OK
[INFO ][2015-12-08 15:25:22,039][com.java.SeleniumDriver] [  877] - <In Set values of the page>
[INFO ][2015-12-08 15:25:22,039][com.java.SeleniumDriver] [  880] - {Data Fields & Data Values Exist}
[INFO ][2015-12-08 15:25:22,039][com.java.SeleniumDriver] [  882] - --------------------------setting values-----------------------------
[INFO ][2015-12-08 15:25:22,039][com.java.SeleniumDriver] [  885] - Action Type : Click
[INFO ][2015-12-08 15:25:22,039][com.java.TestType] [ 5774] - Field ::CNF
[ERROR][2015-12-08 15:25:23,172][com.java.TestType] [ 6042] - Exception in click:: No alert is active (WARNING: The server did not provide any stacktrace information)
Command duration or timeout: 100 milliseconds
Build info: version: '2.48.2', revision: '41bccdd', time: '2015-10-09 19:59:12'
System info: host: 'FVTIII438F1D', ip: '172.17.68.34', os.name: 'Windows 7', os.arch: 'amd64', os.version: '6.1', java.version: '1.8.0'
Driver info: org.openqa.selenium.ie.InternetExplorerDriver
Capabilities [{browserAttachTimeout=0, enablePersistentHover=true, ie.forceCreateProcessApi=false, ie.usePerProcessProxy=false, ignoreZoomSetting=true, handlesAlerts=true, version=10, platform=WINDOWS, nativeEvents=true, ie.ensureCleanSession=false, elementScrollBehavior=0, ie.browserCommandLineSwitches=, requireWindowFocus=false, browserName=internet explorer, initialBrowserUrl=http://localhost:11660/, takesScreenshot=true, javascriptEnabled=true, ignoreProtectedModeSettings=true, enableElementCacheCleanup=true, cssSelectorsEnabled=true, unexpectedAlertBehaviour=dismiss}]
Session ID: 13aeeb0a-cd83-4ebc-9990-68b2f9cf1ec9
Command duration or timeout: 110 milliseconds
Build info: version: '2.48.2', revision: '41bccdd', time: '2015-10-09 19:59:12'
System info: host: 'FVTIII438F1D', ip: '172.17.68.34', os.name: 'Windows 7', os.arch: 'x86', os.version: '6.1', java.version: '1.7.0_55'
Session ID: 89ba2566-f8fb-43b6-92f0-98c57587c76d
Driver info: org.openqa.selenium.remote.RemoteWebDriver
Capabilities [{platform=WINDOWS, javascriptEnabled=true, elementScrollBehavior=0, enablePersistentHover=true, ignoreZoomSetting=true, ie.ensureCleanSession=false, enableElementCacheCleanup=true, browserName=internet explorer, unexpectedAlertBehaviour=dismiss, webdriver.remote.sessionid=89ba2566-f8fb-43b6-92f0-98c57587c76d, version=10, ie.usePerProcessProxy=false, cssSelectorsEnabled=true, ignoreProtectedModeSettings=true, requireWindowFocus=false, initialBrowserUrl=http://localhost:11660/, handlesAlerts=true, ie.forceCreateProcessApi=false, nativeEvents=true, browserAttachTimeout=0, ie.browserCommandLineSwitches=, takesScreenshot=true}]
[INFO ][2015-12-08 15:25:23,172][com.java.TestType] [ 6046] - Element :::: not found
[INFO ][2015-12-08 15:25:23,172][com.java.SeleniumDriver] [  894] -  RESULT false
[INFO ][2015-12-08 15:25:23,172][com.java.SeleniumDriver] [  941] - ?   F A I L   ?
[INFO ][2015-12-08 15:25:23,172][com.java.SeleniumDriver] [  949] - Browser Type : IE10
[INFO ][2015-12-08 15:25:23,172][com.java.SeleniumDriver] [  950] - Adding Failed case6
[DEBUG][2015-12-08 15:25:31,337][com.java.SeleniumDriver] [ 1018] -  tdd.getCondition() IF:71:Next
[INFO ][2015-12-08 15:25:31,337][com.java.SeleniumDriver] [ 1022] - Continue next step...
[INFO ][2015-12-08 15:25:31,337][com.java.SeleniumDriver] [  821] - ------------------------------------------
[INFO ][2015-12-08 15:25:31,337][com.java.SeleniumDriver] [  822] - Test case being Executed: 6
[INFO ][2015-12-08 15:25:31,337][com.java.SeleniumDriver] [  833] - Test step:27
[INFO ][2015-12-08 15:25:31,337][com.java.SeleniumDriver] [  845] - Datavalue is----------null
[DEBUG][2015-12-08 15:25:31,337][com.java.SeleniumDriver] [  863] - Exception: null
[INFO ][2015-12-08 15:25:31,337][com.java.SeleniumDriver] [  869] - DataField : BTNParent
[INFO ][2015-12-08 15:25:31,337][com.java.SeleniumDriver] [  871] - DataValue : 
[INFO ][2015-12-08 15:25:31,337][com.java.SeleniumDriver] [  877] - <In Set values of the page>
[INFO ][2015-12-08 15:25:31,337][com.java.SeleniumDriver] [  880] - {Data Fields & Data Values Exist}
[INFO ][2015-12-08 15:25:31,337][com.java.SeleniumDriver] [  882] - --------------------------setting values-----------------------------
[INFO ][2015-12-08 15:25:31,337][com.java.SeleniumDriver] [  885] - Action Type : SELECTFRAME
[INFO ][2015-12-08 15:25:31,368][com.java.SeleniumDriver] [  894] -  RESULT true
[INFO ][2015-12-08 15:25:31,368][com.java.SeleniumDriver] [ 1100] - ?   P A S S   ?
[INFO ][2015-12-08 15:25:31,368][com.java.SeleniumDriver] [  821] - ------------------------------------------
[INFO ][2015-12-08 15:25:31,368][com.java.SeleniumDriver] [  822] - Test case being Executed: 6
[INFO ][2015-12-08 15:25:31,368][com.java.SeleniumDriver] [  833] - Test step:28
[INFO ][2015-12-08 15:25:31,368][com.java.SeleniumDriver] [  845] - Datavalue is----------Synchronize in Progress
[INFO ][2015-12-08 15:25:31,368][com.java.SeleniumDriver] [  869] - DataField : XPH//span[@id='ui-dialog-title-mdDialog']
[INFO ][2015-12-08 15:25:31,368][com.java.SeleniumDriver] [  871] - DataValue : Synchronize in Progress
[INFO ][2015-12-08 15:25:31,368][com.java.SeleniumDriver] [  877] - <In Set values of the page>
[INFO ][2015-12-08 15:25:31,368][com.java.SeleniumDriver] [  880] - {Data Fields & Data Values Exist}
[INFO ][2015-12-08 15:25:31,368][com.java.SeleniumDriver] [  882] - --------------------------setting values-----------------------------
[INFO ][2015-12-08 15:25:31,368][com.java.SeleniumDriver] [  885] - Action Type : VERIFY
[INFO ][2015-12-08 15:25:31,368][com.java.TestType] [ 6674] - field= XPH//span[@id='ui-dialog-title-mdDialog'] value= Synchronize in Progress
[INFO ][2015-12-08 15:25:31,368][com.java.TestType] [ 5446] - value = Synchronize in Progress
[INFO ][2015-12-08 15:25:31,618][com.java.SeleniumDriver] [  894] -  RESULT true
[INFO ][2015-12-08 15:25:31,618][com.java.SeleniumDriver] [ 1100] - ?   P A S S   ?
[INFO ][2015-12-08 15:25:31,618][com.java.SeleniumDriver] [  821] - ------------------------------------------
[INFO ][2015-12-08 15:25:31,618][com.java.SeleniumDriver] [  822] - Test case being Executed: 6
[INFO ][2015-12-08 15:25:31,618][com.java.SeleniumDriver] [  833] - Test step:29
[INFO ][2015-12-08 15:25:31,618][com.java.SeleniumDriver] [  845] - Datavalue is----------null
[DEBUG][2015-12-08 15:25:31,618][com.java.SeleniumDriver] [  863] - Exception: null
[INFO ][2015-12-08 15:25:31,618][com.java.SeleniumDriver] [  869] - DataField : BTNframeDialogContent
[INFO ][2015-12-08 15:25:31,618][com.java.SeleniumDriver] [  871] - DataValue : 
[INFO ][2015-12-08 15:25:31,618][com.java.SeleniumDriver] [  877] - <In Set values of the page>
[INFO ][2015-12-08 15:25:31,618][com.java.SeleniumDriver] [  880] - {Data Fields & Data Values Exist}
[INFO ][2015-12-08 15:25:31,618][com.java.SeleniumDriver] [  882] - --------------------------setting values-----------------------------
[INFO ][2015-12-08 15:25:31,618][com.java.SeleniumDriver] [  885] - Action Type : SELECTFRAME
[INFO ][2015-12-08 15:25:33,179][com.java.SeleniumDriver] [  894] -  RESULT true
[INFO ][2015-12-08 15:25:33,179][com.java.SeleniumDriver] [ 1100] - ?   P A S S   ?
[INFO ][2015-12-08 15:25:33,179][com.java.SeleniumDriver] [  821] - ------------------------------------------
[INFO ][2015-12-08 15:25:33,179][com.java.SeleniumDriver] [  822] - Test case being Executed: 6
[INFO ][2015-12-08 15:25:33,179][com.java.SeleniumDriver] [  833] - Test step:30
[INFO ][2015-12-08 15:25:33,179][com.java.SeleniumDriver] [  845] - Datavalue is----------Your project is now being resynchronized.
[INFO ][2015-12-08 15:25:33,179][com.java.SeleniumDriver] [  869] - DataField : XPH//td[@id='lblEmail']
[INFO ][2015-12-08 15:25:33,179][com.java.SeleniumDriver] [  871] - DataValue : Your project is now being resynchronized.
[INFO ][2015-12-08 15:25:33,179][com.java.SeleniumDriver] [  877] - <In Set values of the page>
[INFO ][2015-12-08 15:25:33,179][com.java.SeleniumDriver] [  880] - {Data Fields & Data Values Exist}
[INFO ][2015-12-08 15:25:33,179][com.java.SeleniumDriver] [  882] - --------------------------setting values-----------------------------
[INFO ][2015-12-08 15:25:33,179][com.java.SeleniumDriver] [  885] - Action Type : VERIFY
[INFO ][2015-12-08 15:25:33,179][com.java.TestType] [ 6674] - field= XPH//td[@id='lblEmail'] value= Your project is now being resynchronized.
[INFO ][2015-12-08 15:25:33,179][com.java.TestType] [ 5446] - value = Your project is now being resynchronized.
[INFO ][2015-12-08 15:25:33,389][com.java.SeleniumDriver] [  894] -  RESULT true
[INFO ][2015-12-08 15:25:33,389][com.java.SeleniumDriver] [ 1100] - ?   P A S S   ?
[INFO ][2015-12-08 15:25:33,389][com.java.SeleniumDriver] [  821] - ------------------------------------------
[INFO ][2015-12-08 15:25:33,389][com.java.SeleniumDriver] [  822] - Test case being Executed: 6
[INFO ][2015-12-08 15:25:33,389][com.java.SeleniumDriver] [  833] - Test step:31
[INFO ][2015-12-08 15:25:33,389][com.java.SeleniumDriver] [  845] - Datavalue is----------null
[DEBUG][2015-12-08 15:25:33,389][com.java.SeleniumDriver] [  863] - Exception: null
[INFO ][2015-12-08 15:25:33,389][com.java.SeleniumDriver] [  869] - DataField : HDNbtnClose
[INFO ][2015-12-08 15:25:33,389][com.java.SeleniumDriver] [  871] - DataValue : 
[INFO ][2015-12-08 15:25:33,389][com.java.SeleniumDriver] [  877] - <In Set values of the page>
[INFO ][2015-12-08 15:25:33,389][com.java.SeleniumDriver] [  880] - {Data Fields & Data Values Exist}
[INFO ][2015-12-08 15:25:33,389][com.java.SeleniumDriver] [  882] - --------------------------setting values-----------------------------
[INFO ][2015-12-08 15:25:33,389][com.java.SeleniumDriver] [  885] - Action Type : CLICK
[INFO ][2015-12-08 15:25:33,389][com.java.TestType] [ 5774] - Field ::HDNbtnClose
[INFO ][2015-12-08 15:25:36,124][com.java.SeleniumDriver] [  894] -  RESULT true
[INFO ][2015-12-08 15:25:36,124][com.java.SeleniumDriver] [ 1100] - ?   P A S S   ?
[INFO ][2015-12-08 15:25:36,124][com.java.SeleniumDriver] [  821] - ------------------------------------------
[INFO ][2015-12-08 15:25:36,124][com.java.SeleniumDriver] [  822] - Test case being Executed: 6
[INFO ][2015-12-08 15:25:36,124][com.java.SeleniumDriver] [  833] - Test step:32
[INFO ][2015-12-08 15:25:36,124][com.java.SeleniumDriver] [  845] - Datavalue is----------Banker'sDashboard
[INFO ][2015-12-08 15:25:36,124][com.java.SeleniumDriver] [  869] - DataField : TTL
[INFO ][2015-12-08 15:25:36,124][com.java.SeleniumDriver] [  871] - DataValue : Banker'sDashboard
[INFO ][2015-12-08 15:25:36,124][com.java.SeleniumDriver] [  877] - <In Set values of the page>
[INFO ][2015-12-08 15:25:36,124][com.java.SeleniumDriver] [  880] - {Data Fields & Data Values Exist}
[INFO ][2015-12-08 15:25:36,124][com.java.SeleniumDriver] [  882] - --------------------------setting values-----------------------------
[INFO ][2015-12-08 15:25:36,124][com.java.SeleniumDriver] [  885] - Action Type : SelectWindow
[INFO ][2015-12-08 15:25:48,378][com.java.SeleniumDriver] [  894] -  RESULT true
[INFO ][2015-12-08 15:25:48,378][com.java.SeleniumDriver] [ 1100] - ?   P A S S   ?
[INFO ][2015-12-08 15:25:48,378][com.java.SeleniumDriver] [  821] - ------------------------------------------
[INFO ][2015-12-08 15:25:48,378][com.java.SeleniumDriver] [  822] - Test case being Executed: 6
[INFO ][2015-12-08 15:25:48,378][com.java.SeleniumDriver] [  833] - Test step:33
[INFO ][2015-12-08 15:25:48,378][com.java.SeleniumDriver] [  845] - Datavalue is----------5
[INFO ][2015-12-08 15:25:48,378][com.java.SeleniumDriver] [  869] - DataField : null
[INFO ][2015-12-08 15:25:48,378][com.java.SeleniumDriver] [  871] - DataValue : 5
[INFO ][2015-12-08 15:25:48,378][com.java.SeleniumDriver] [  877] - <In Set values of the page>
[INFO ][2015-12-08 15:25:48,378][com.java.SeleniumDriver] [  880] - {Data Fields & Data Values Exist}
[INFO ][2015-12-08 15:25:48,378][com.java.SeleniumDriver] [  882] - --------------------------setting values-----------------------------
[INFO ][2015-12-08 15:25:48,378][com.java.SeleniumDriver] [  885] - Action Type : WAITTIME
[DEBUG][2015-12-08 15:25:48,378][com.java.TestType] [ 5266] - sleepTime: 5000
[INFO ][2015-12-08 15:25:53,383][com.java.SeleniumDriver] [  894] -  RESULT true
[INFO ][2015-12-08 15:25:53,383][com.java.SeleniumDriver] [ 1100] - ?   P A S S   ?
[INFO ][2015-12-08 15:25:53,383][com.java.SeleniumDriver] [  821] - ------------------------------------------
[INFO ][2015-12-08 15:25:53,383][com.java.SeleniumDriver] [  822] - Test case being Executed: 6
[INFO ][2015-12-08 15:25:53,383][com.java.SeleniumDriver] [  833] - Test step:34
[INFO ][2015-12-08 15:25:53,383][com.java.SeleniumDriver] [  845] - Datavalue is----------null
[DEBUG][2015-12-08 15:25:53,383][com.java.SeleniumDriver] [  863] - Exception: null
[INFO ][2015-12-08 15:25:53,383][com.java.SeleniumDriver] [  869] - DataField : //span[@class='icon-stats']&&//a[@data-id="Forecasting"]
[INFO ][2015-12-08 15:25:53,383][com.java.SeleniumDriver] [  871] - DataValue : 
[INFO ][2015-12-08 15:25:53,383][com.java.SeleniumDriver] [  877] - <In Set values of the page>
[INFO ][2015-12-08 15:25:53,383][com.java.SeleniumDriver] [  880] - {Data Fields & Data Values Exist}
[INFO ][2015-12-08 15:25:53,383][com.java.SeleniumDriver] [  882] - --------------------------setting values-----------------------------
[INFO ][2015-12-08 15:25:53,383][com.java.SeleniumDriver] [  885] - Action Type : MOUSEOVER
[INFO ][2015-12-08 15:26:13,472][com.java.SeleniumDriver] [  894] -  RESULT true
[INFO ][2015-12-08 15:26:13,472][com.java.SeleniumDriver] [ 1100] - ?   P A S S   ?
[INFO ][2015-12-08 15:26:13,472][com.java.SeleniumDriver] [  821] - ------------------------------------------
[INFO ][2015-12-08 15:26:13,472][com.java.SeleniumDriver] [  822] - Test case being Executed: 6
[INFO ][2015-12-08 15:26:13,472][com.java.SeleniumDriver] [  833] - Test step:35
[INFO ][2015-12-08 15:26:13,472][com.java.SeleniumDriver] [  845] - Datavalue is----------5
[INFO ][2015-12-08 15:26:13,472][com.java.SeleniumDriver] [  869] - DataField : null
[INFO ][2015-12-08 15:26:13,472][com.java.SeleniumDriver] [  871] - DataValue : 5
[INFO ][2015-12-08 15:26:13,472][com.java.SeleniumDriver] [  877] - <In Set values of the page>
[INFO ][2015-12-08 15:26:13,472][com.java.SeleniumDriver] [  880] - {Data Fields & Data Values Exist}
[INFO ][2015-12-08 15:26:13,472][com.java.SeleniumDriver] [  882] - --------------------------setting values-----------------------------
[INFO ][2015-12-08 15:26:13,472][com.java.SeleniumDriver] [  885] - Action Type : WAITTIME
[DEBUG][2015-12-08 15:26:13,472][com.java.TestType] [ 5266] - sleepTime: 5000
[INFO ][2015-12-08 15:26:18,464][com.java.SeleniumDriver] [  894] -  RESULT true
[INFO ][2015-12-08 15:26:18,464][com.java.SeleniumDriver] [ 1100] - ?   P A S S   ?
[INFO ][2015-12-08 15:26:18,464][com.java.SeleniumDriver] [  821] - ------------------------------------------
[INFO ][2015-12-08 15:26:18,464][com.java.SeleniumDriver] [  822] - Test case being Executed: 6
[INFO ][2015-12-08 15:26:18,464][com.java.SeleniumDriver] [  833] - Test step:36
[INFO ][2015-12-08 15:26:18,464][com.java.SeleniumDriver] [  845] - Datavalue is----------Forecasting 
[INFO ][2015-12-08 15:26:18,464][com.java.SeleniumDriver] [  869] - DataField : TTL
[INFO ][2015-12-08 15:26:18,464][com.java.SeleniumDriver] [  871] - DataValue : Forecasting 
[INFO ][2015-12-08 15:26:18,464][com.java.SeleniumDriver] [  877] - <In Set values of the page>
[INFO ][2015-12-08 15:26:18,464][com.java.SeleniumDriver] [  880] - {Data Fields & Data Values Exist}
[INFO ][2015-12-08 15:26:18,464][com.java.SeleniumDriver] [  882] - --------------------------setting values-----------------------------
[INFO ][2015-12-08 15:26:18,464][com.java.SeleniumDriver] [  885] - Action Type : SELECTWINDOW
[INFO ][2015-12-08 15:26:31,209][com.java.SeleniumDriver] [  894] -  RESULT true
[INFO ][2015-12-08 15:26:31,209][com.java.SeleniumDriver] [ 1100] - ?   P A S S   ?
[INFO ][2015-12-08 15:26:31,209][com.java.SeleniumDriver] [  821] - ------------------------------------------
[INFO ][2015-12-08 15:26:31,209][com.java.SeleniumDriver] [  822] - Test case being Executed: 6
[INFO ][2015-12-08 15:26:31,209][com.java.SeleniumDriver] [  833] - Test step:37
[INFO ][2015-12-08 15:26:31,209][com.java.SeleniumDriver] [  845] - Datavalue is----------null
[DEBUG][2015-12-08 15:26:31,209][com.java.SeleniumDriver] [  863] - Exception: null
[INFO ][2015-12-08 15:26:31,209][com.java.SeleniumDriver] [  869] - DataField : BTNframeDialogContent
[INFO ][2015-12-08 15:26:31,209][com.java.SeleniumDriver] [  871] - DataValue : 
[INFO ][2015-12-08 15:26:31,209][com.java.SeleniumDriver] [  877] - <In Set values of the page>
[INFO ][2015-12-08 15:26:31,209][com.java.SeleniumDriver] [  880] - {Data Fields & Data Values Exist}
[INFO ][2015-12-08 15:26:31,209][com.java.SeleniumDriver] [  882] - --------------------------setting values-----------------------------
[INFO ][2015-12-08 15:26:31,209][com.java.SeleniumDriver] [  885] - Action Type : SELECTFRAME
[INFO ][2015-12-08 15:26:32,591][com.java.SeleniumDriver] [  894] -  RESULT true
[INFO ][2015-12-08 15:26:32,591][com.java.SeleniumDriver] [ 1100] - ?   P A S S   ?
[INFO ][2015-12-08 15:26:32,591][com.java.SeleniumDriver] [  821] - ------------------------------------------
[INFO ][2015-12-08 15:26:32,591][com.java.SeleniumDriver] [  822] - Test case being Executed: 6
[INFO ][2015-12-08 15:26:32,591][com.java.SeleniumDriver] [  833] - Test step:38
[INFO ][2015-12-08 15:26:32,591][com.java.SeleniumDriver] [  845] - Datavalue is----------10
[INFO ][2015-12-08 15:26:32,591][com.java.SeleniumDriver] [  869] - DataField : DSPddlProjects
[INFO ][2015-12-08 15:26:32,591][com.java.SeleniumDriver] [  871] - DataValue : 10
[INFO ][2015-12-08 15:26:32,591][com.java.SeleniumDriver] [  877] - <In Set values of the page>
[INFO ][2015-12-08 15:26:32,591][com.java.SeleniumDriver] [  880] - {Data Fields & Data Values Exist}
[INFO ][2015-12-08 15:26:32,591][com.java.SeleniumDriver] [  882] - --------------------------setting values-----------------------------
[INFO ][2015-12-08 15:26:32,591][com.java.SeleniumDriver] [  885] - Action Type : WAITFORELEMENT
[INFO ][2015-12-08 15:26:33,972][com.java.SeleniumDriver] [  894] -  RESULT true
[INFO ][2015-12-08 15:26:33,972][com.java.SeleniumDriver] [ 1100] - ?   P A S S   ?
[INFO ][2015-12-08 15:26:33,972][com.java.SeleniumDriver] [  821] - ------------------------------------------
[INFO ][2015-12-08 15:26:33,972][com.java.SeleniumDriver] [  822] - Test case being Executed: 6
[INFO ][2015-12-08 15:26:33,972][com.java.SeleniumDriver] [  833] - Test step:39
[INFO ][2015-12-08 15:26:33,972][com.java.SeleniumDriver] [  845] - Datavalue is----------HMVCurrentProject
[INFO ][2015-12-08 15:26:33,972][com.java.SeleniumDriver] [  869] - DataField : XPHddlProjects
[INFO ][2015-12-08 15:26:33,972][com.java.SeleniumDriver] [  871] - DataValue : HMVCurrentProject
[INFO ][2015-12-08 15:26:33,972][com.java.SeleniumDriver] [  877] - <In Set values of the page>
[INFO ][2015-12-08 15:26:33,972][com.java.SeleniumDriver] [  880] - {Data Fields & Data Values Exist}
[INFO ][2015-12-08 15:26:33,972][com.java.SeleniumDriver] [  882] - --------------------------setting values-----------------------------
[INFO ][2015-12-08 15:26:33,972][com.java.SeleniumDriver] [  885] - Action Type : VERIFYNOTPRESENT
[INFO ][2015-12-08 15:26:33,972][com.java.TestType] [ 8128] - field= XPHddlProjects value= HMVCurrentProject
[INFO ][2015-12-08 15:26:35,393][com.java.SeleniumDriver] [  894] -  RESULT true
[INFO ][2015-12-08 15:26:35,393][com.java.SeleniumDriver] [ 1100] - ?   P A S S   ?
[INFO ][2015-12-08 15:26:35,393][com.java.SeleniumDriver] [ 1137] - Continue next step...
[INFO ][2015-12-08 15:26:35,393][com.java.SeleniumDriver] [  821] - ------------------------------------------
[INFO ][2015-12-08 15:26:35,393][com.java.SeleniumDriver] [  822] - Test case being Executed: 6
[INFO ][2015-12-08 15:26:35,393][com.java.SeleniumDriver] [  833] - Test step:40
[INFO ][2015-12-08 15:26:35,393][com.java.SeleniumDriver] [  845] - Datavalue is----------null
[DEBUG][2015-12-08 15:26:35,393][com.java.SeleniumDriver] [  863] - Exception: null
[INFO ][2015-12-08 15:26:35,393][com.java.SeleniumDriver] [  869] - DataField : BTNParent
[INFO ][2015-12-08 15:26:35,393][com.java.SeleniumDriver] [  871] - DataValue : 
[INFO ][2015-12-08 15:26:35,393][com.java.SeleniumDriver] [  877] - <In Set values of the page>
[INFO ][2015-12-08 15:26:35,393][com.java.SeleniumDriver] [  880] - {Data Fields & Data Values Exist}
[INFO ][2015-12-08 15:26:35,393][com.java.SeleniumDriver] [  882] - --------------------------setting values-----------------------------
[INFO ][2015-12-08 15:26:35,393][com.java.SeleniumDriver] [  885] - Action Type : SELECTFRAME
[INFO ][2015-12-08 15:26:35,423][com.java.SeleniumDriver] [  894] -  RESULT true
[INFO ][2015-12-08 15:26:35,423][com.java.SeleniumDriver] [ 1100] - ?   P A S S   ?
[INFO ][2015-12-08 15:26:35,423][com.java.SeleniumDriver] [  821] - ------------------------------------------
[INFO ][2015-12-08 15:26:35,423][com.java.SeleniumDriver] [  822] - Test case being Executed: 6
[INFO ][2015-12-08 15:26:35,423][com.java.SeleniumDriver] [  833] - Test step:41
[INFO ][2015-12-08 15:26:35,423][com.java.SeleniumDriver] [  845] - Datavalue is----------Forecasting 
[INFO ][2015-12-08 15:26:35,423][com.java.SeleniumDriver] [  869] - DataField : TTL
[INFO ][2015-12-08 15:26:35,423][com.java.SeleniumDriver] [  871] - DataValue : Forecasting 
[INFO ][2015-12-08 15:26:35,423][com.java.SeleniumDriver] [  877] - <In Set values of the page>
[INFO ][2015-12-08 15:26:35,423][com.java.SeleniumDriver] [  880] - {Data Fields & Data Values Exist}
[INFO ][2015-12-08 15:26:35,423][com.java.SeleniumDriver] [  882] - --------------------------setting values-----------------------------
[INFO ][2015-12-08 15:26:35,423][com.java.SeleniumDriver] [  885] - Action Type : CLOSEWINDOW
[INFO ][2015-12-08 15:26:35,873][com.java.SeleniumDriver] [  894] -  RESULT true
[INFO ][2015-12-08 15:26:35,873][com.java.SeleniumDriver] [ 1100] - ?   P A S S   ?
[INFO ][2015-12-08 15:26:35,873][com.java.SeleniumDriver] [  821] - ------------------------------------------
[INFO ][2015-12-08 15:26:35,873][com.java.SeleniumDriver] [  822] - Test case being Executed: 6
[INFO ][2015-12-08 15:26:35,873][com.java.SeleniumDriver] [  833] - Test step:42
[INFO ][2015-12-08 15:26:35,873][com.java.SeleniumDriver] [  845] - Datavalue is----------5
[INFO ][2015-12-08 15:26:35,873][com.java.SeleniumDriver] [  869] - DataField : null
[INFO ][2015-12-08 15:26:35,873][com.java.SeleniumDriver] [  871] - DataValue : 5
[INFO ][2015-12-08 15:26:35,873][com.java.SeleniumDriver] [  877] - <In Set values of the page>
[INFO ][2015-12-08 15:26:35,873][com.java.SeleniumDriver] [  880] - {Data Fields & Data Values Exist}
[INFO ][2015-12-08 15:26:35,873][com.java.SeleniumDriver] [  882] - --------------------------setting values-----------------------------
[INFO ][2015-12-08 15:26:35,873][com.java.SeleniumDriver] [  885] - Action Type : WAITTIME
[DEBUG][2015-12-08 15:26:35,873][com.java.TestType] [ 5266] - sleepTime: 5000
[INFO ][2015-12-08 15:26:40,882][com.java.SeleniumDriver] [  894] -  RESULT true
[INFO ][2015-12-08 15:26:40,882][com.java.SeleniumDriver] [ 1100] - ?   P A S S   ?
[INFO ][2015-12-08 15:26:40,882][com.java.SeleniumDriver] [  821] - ------------------------------------------
[INFO ][2015-12-08 15:26:40,882][com.java.SeleniumDriver] [  822] - Test case being Executed: 6
[INFO ][2015-12-08 15:26:40,882][com.java.SeleniumDriver] [  833] - Test step:43
[INFO ][2015-12-08 15:26:40,882][com.java.SeleniumDriver] [  845] - Datavalue is----------Banker'sDashboard
[INFO ][2015-12-08 15:26:40,882][com.java.SeleniumDriver] [  869] - DataField : TTL
[INFO ][2015-12-08 15:26:40,882][com.java.SeleniumDriver] [  871] - DataValue : Banker'sDashboard
[INFO ][2015-12-08 15:26:40,882][com.java.SeleniumDriver] [  877] - <In Set values of the page>
[INFO ][2015-12-08 15:26:40,882][com.java.SeleniumDriver] [  880] - {Data Fields & Data Values Exist}
[INFO ][2015-12-08 15:26:40,882][com.java.SeleniumDriver] [  882] - --------------------------setting values-----------------------------
[INFO ][2015-12-08 15:26:40,882][com.java.SeleniumDriver] [  885] - Action Type : SelectWindow
[INFO ][2015-12-08 15:26:53,147][com.java.SeleniumDriver] [  894] -  RESULT true
[INFO ][2015-12-08 15:26:53,147][com.java.SeleniumDriver] [ 1100] - ?   P A S S   ?
[INFO ][2015-12-08 15:26:53,147][com.java.SeleniumDriver] [  821] - ------------------------------------------
[INFO ][2015-12-08 15:26:53,147][com.java.SeleniumDriver] [  822] - Test case being Executed: 6
[INFO ][2015-12-08 15:26:53,147][com.java.SeleniumDriver] [  833] - Test step:44
[INFO ][2015-12-08 15:26:53,147][com.java.SeleniumDriver] [  845] - Datavalue is----------Logout
[INFO ][2015-12-08 15:26:53,147][com.java.SeleniumDriver] [  869] - DataField : test
[INFO ][2015-12-08 15:26:53,147][com.java.SeleniumDriver] [  871] - DataValue : Logout
[INFO ][2015-12-08 15:26:53,147][com.java.SeleniumDriver] [  877] - <In Set values of the page>
[INFO ][2015-12-08 15:26:53,147][com.java.SeleniumDriver] [  880] - {Data Fields & Data Values Exist}
[INFO ][2015-12-08 15:26:53,147][com.java.SeleniumDriver] [  882] - --------------------------setting values-----------------------------
[INFO ][2015-12-08 15:26:53,147][com.java.SeleniumDriver] [  885] - Action Type : Logout
[INFO ][2015-12-08 15:26:55,416][com.java.TestType] [ 5774] - Field ::CNF
[ERROR][2015-12-08 15:26:56,526][com.java.TestType] [ 6042] - Exception in click:: No alert is active (WARNING: The server did not provide any stacktrace information)
Command duration or timeout: 100 milliseconds
Build info: version: '2.48.2', revision: '41bccdd', time: '2015-10-09 19:59:12'
System info: host: 'FVTIII438F1D', ip: '172.17.68.34', os.name: 'Windows 7', os.arch: 'amd64', os.version: '6.1', java.version: '1.8.0'
Driver info: org.openqa.selenium.ie.InternetExplorerDriver
Capabilities [{browserAttachTimeout=0, enablePersistentHover=true, ie.forceCreateProcessApi=false, ie.usePerProcessProxy=false, ignoreZoomSetting=true, handlesAlerts=true, version=10, platform=WINDOWS, nativeEvents=true, ie.ensureCleanSession=false, elementScrollBehavior=0, ie.browserCommandLineSwitches=, requireWindowFocus=false, browserName=internet explorer, initialBrowserUrl=http://localhost:11660/, takesScreenshot=true, javascriptEnabled=true, ignoreProtectedModeSettings=true, enableElementCacheCleanup=true, cssSelectorsEnabled=true, unexpectedAlertBehaviour=dismiss}]
Session ID: 13aeeb0a-cd83-4ebc-9990-68b2f9cf1ec9
Command duration or timeout: 110 milliseconds
Build info: version: '2.48.2', revision: '41bccdd', time: '2015-10-09 19:59:12'
System info: host: 'FVTIII438F1D', ip: '172.17.68.34', os.name: 'Windows 7', os.arch: 'x86', os.version: '6.1', java.version: '1.7.0_55'
Session ID: 89ba2566-f8fb-43b6-92f0-98c57587c76d
Driver info: org.openqa.selenium.remote.RemoteWebDriver
Capabilities [{platform=WINDOWS, javascriptEnabled=true, elementScrollBehavior=0, enablePersistentHover=true, ignoreZoomSetting=true, ie.ensureCleanSession=false, enableElementCacheCleanup=true, browserName=internet explorer, unexpectedAlertBehaviour=dismiss, webdriver.remote.sessionid=89ba2566-f8fb-43b6-92f0-98c57587c76d, version=10, ie.usePerProcessProxy=false, cssSelectorsEnabled=true, ignoreProtectedModeSettings=true, requireWindowFocus=false, initialBrowserUrl=http://localhost:11660/, handlesAlerts=true, ie.forceCreateProcessApi=false, nativeEvents=true, browserAttachTimeout=0, ie.browserCommandLineSwitches=, takesScreenshot=true}]
[INFO ][2015-12-08 15:26:56,526][com.java.TestType] [ 6046] - Element :::: not found
[DEBUG][2015-12-08 15:26:58,161][com.java.SeleniumDriver] [  426] - Hub ip address is-------172.17.68.34
[INFO ][2015-12-08 15:26:58,161][com.java.SeleniumDriver] [  452] - Grid URL:http://172.17.68.34:4444/wd/hub
[INFO ][2015-12-08 15:26:58,161][com.java.SeleniumDriver] [  453] - Capability:Capabilities [{platform=ANY, ensureCleanSession=true, ignoreProtectedModeSettings=true, acceptSslCerts=true, ignoreZoomSetting=true, browserName=internet explorer, browserstack.ie.noFlash=true, version=null}]
[INFO ][2015-12-08 15:27:09,221][com.java.SeleniumDriver] [  469] - Executing on  GRID
[INFO ][2015-12-08 15:27:09,221][com.java.SeleniumDriver] [  471] - Executing in Grid
[INFO ][2015-12-08 15:27:09,221][com.java.SeleniumDriver] [  472] - The node to be executed is------null
[INFO ][2015-12-08 15:27:09,221][com.java.SeleniumDriver] [  477] - Hub IPAddress is---------172.17.68.34
[INFO ][2015-12-08 15:27:09,221][com.java.SeleniumDriver] [  479] - PortNumber is---------172.17.68.34
[INFO ][2015-12-08 15:27:09,221][com.java.SeleniumDriver] [  481] - HOST---------http://172.17.68.34:4444
[INFO ][2015-12-08 15:27:09,221][com.java.SeleniumDriver] [  485] - The session url is---------http://172.17.68.34:4444/grid/api/testsession?session=7fcf55c1-fe92-4aed-a961-227f26e76993
[INFO ][2015-12-08 15:27:09,221][com.java.SeleniumDriver] [  493] - Node ip address172.17.68.34
[INFO ][2015-12-08 15:27:09,221][com.java.SeleniumDriver] [  894] -  RESULT true
[INFO ][2015-12-08 15:27:09,221][com.java.SeleniumDriver] [ 1100] - ?   P A S S   ?
[INFO ][2015-12-08 15:27:09,222][com.java.SeleniumDriver] [  821] - ------------------------------------------
[INFO ][2015-12-08 15:27:09,222][com.java.SeleniumDriver] [  822] - Test case being Executed: 6
[INFO ][2015-12-08 15:27:09,222][com.java.SeleniumDriver] [  833] - Test step:45
[INFO ][2015-12-08 15:27:09,222][com.java.SeleniumDriver] [  845] - Datavalue is----------Logout
[INFO ][2015-12-08 15:27:09,222][com.java.SeleniumDriver] [  869] - DataField : BTN
[INFO ][2015-12-08 15:27:09,222][com.java.SeleniumDriver] [  871] - DataValue : Logout
[INFO ][2015-12-08 15:27:09,222][com.java.SeleniumDriver] [  877] - <In Set values of the page>
[INFO ][2015-12-08 15:27:09,222][com.java.SeleniumDriver] [  880] - {Data Fields & Data Values Exist}
[INFO ][2015-12-08 15:27:09,222][com.java.SeleniumDriver] [  882] - --------------------------setting values-----------------------------
[INFO ][2015-12-08 15:27:09,222][com.java.SeleniumDriver] [  885] - Action Type : Verify
[INFO ][2015-12-08 15:27:09,222][com.java.TestType] [ 6674] - field= BTN value= Logout
[INFO ][2015-12-08 15:27:09,222][com.java.TestType] [ 5446] - value = Logout
[DEBUG][2015-12-08 15:28:00,426][com.java.TestType] [ 6362] - Logout   :: Element not Found
[ERROR][2015-12-08 15:28:25,295][com.java.TestType] [ 7385] - Assertion Error: 
[INFO ][2015-12-08 15:28:25,295][com.java.SeleniumDriver] [  894] -  RESULT false
[INFO ][2015-12-08 15:28:25,295][com.java.SeleniumDriver] [  941] - ?   F A I L   ?
[INFO ][2015-12-08 15:28:25,295][com.java.SeleniumDriver] [  949] - Browser Type : IE10
[INFO ][2015-12-08 15:28:25,295][com.java.SeleniumDriver] [  950] - Adding Failed case6
[DEBUG][2015-12-08 15:28:25,926][com.java.SeleniumDriver] [ 1018] -  tdd.getCondition() IF:49:Next
[INFO ][2015-12-08 15:28:25,926][com.java.SeleniumDriver] [ 1022] - Continue next step...
[INFO ][2015-12-08 15:28:25,926][com.java.SeleniumDriver] [  821] - ------------------------------------------
[INFO ][2015-12-08 15:28:25,926][com.java.SeleniumDriver] [  822] - Test case being Executed: 6
[INFO ][2015-12-08 15:28:25,926][com.java.SeleniumDriver] [  833] - Test step:46
[INFO ][2015-12-08 15:28:25,926][com.java.SeleniumDriver] [  845] - Datavalue is----------Concept#1:1-14
[INFO ][2015-12-08 15:28:25,926][com.java.SeleniumDriver] [  869] - DataField : test
[INFO ][2015-12-08 15:28:25,926][com.java.SeleniumDriver] [  871] - DataValue : Concept#1:1-14
[INFO ][2015-12-08 15:28:25,926][com.java.SeleniumDriver] [  877] - <In Set values of the page>
[INFO ][2015-12-08 15:28:25,926][com.java.SeleniumDriver] [  880] - {Data Fields & Data Values Exist}
[INFO ][2015-12-08 15:28:25,926][com.java.SeleniumDriver] [  882] - --------------------------setting values-----------------------------
[INFO ][2015-12-08 15:28:25,926][com.java.SeleniumDriver] [  885] - Action Type : ExecuteTestCase
[INFO ][2015-12-08 15:28:25,926][com.java.TestType] [  436] - The Concept sheet name is ---------- Concept
[INFO ][2015-12-08 15:28:25,926][com.java.TestType] [  439] - The Concept ID  is ---------- 1
[DEBUG][2015-12-08 15:28:25,926][com.java.TestType] [  443] - Steps being executted in the Concept are: 1:14
[INFO ][2015-12-08 15:28:25,926][com.java.TestType] [  450] - Test data details path ---------- D:\BankersDashboard\TestInputs\TestData.xls
[INFO ][2015-12-08 15:28:25,956][com.java.TestType] [  481] -  str(1) = 1
[INFO ][2015-12-08 15:28:25,956][com.java.TestType] [  484] - Test case Id is---1
[INFO ][2015-12-08 15:28:25,956][com.java.TestType] [  486] - 1
[INFO ][2015-12-08 15:28:25,956][com.java.TestType] [  481] -  str(2) = 1
[INFO ][2015-12-08 15:28:25,956][com.java.TestType] [  533] - row values are--------{1=com.java.Objects.TestDataDetails@cf439b}
[INFO ][2015-12-08 15:28:25,956][com.java.TestType] [  481] -  str(1) = 1
[INFO ][2015-12-08 15:28:25,956][com.java.TestType] [  484] - Test case Id is---1
[INFO ][2015-12-08 15:28:25,956][com.java.TestType] [  486] - 1
[INFO ][2015-12-08 15:28:25,966][com.java.TestType] [  481] -  str(2) = 2
[INFO ][2015-12-08 15:28:25,966][com.java.TestType] [  533] - row values are--------{1=com.java.Objects.TestDataDetails@cf439b, 2=com.java.Objects.TestDataDetails@13e32c7}
[INFO ][2015-12-08 15:28:25,966][com.java.TestType] [  481] -  str(1) = 1
[INFO ][2015-12-08 15:28:25,966][com.java.TestType] [  484] - Test case Id is---1
[INFO ][2015-12-08 15:28:25,966][com.java.TestType] [  486] - 1
[INFO ][2015-12-08 15:28:25,966][com.java.TestType] [  481] -  str(2) = 3
[INFO ][2015-12-08 15:28:25,966][com.java.TestType] [  533] - row values are--------{1=com.java.Objects.TestDataDetails@cf439b, 2=com.java.Objects.TestDataDetails@13e32c7, 3=com.java.Objects.TestDataDetails@d7443d}
[INFO ][2015-12-08 15:28:25,966][com.java.TestType] [  481] -  str(1) = 1
[INFO ][2015-12-08 15:28:25,966][com.java.TestType] [  484] - Test case Id is---1
[INFO ][2015-12-08 15:28:25,966][com.java.TestType] [  486] - 1
[INFO ][2015-12-08 15:28:25,966][com.java.TestType] [  481] -  str(2) = 4
[INFO ][2015-12-08 15:28:25,966][com.java.TestType] [  533] - row values are--------{1=com.java.Objects.TestDataDetails@cf439b, 2=com.java.Objects.TestDataDetails@13e32c7, 3=com.java.Objects.TestDataDetails@d7443d, 4=com.java.Objects.TestDataDetails@7b6cc7}
[INFO ][2015-12-08 15:28:25,966][com.java.TestType] [  481] -  str(1) = 1
[INFO ][2015-12-08 15:28:25,966][com.java.TestType] [  484] - Test case Id is---1
[INFO ][2015-12-08 15:28:25,966][com.java.TestType] [  486] - 1
[INFO ][2015-12-08 15:28:25,966][com.java.TestType] [  481] -  str(2) = 5
[INFO ][2015-12-08 15:28:25,966][com.java.TestType] [  533] - row values are--------{1=com.java.Objects.TestDataDetails@cf439b, 2=com.java.Objects.TestDataDetails@13e32c7, 3=com.java.Objects.TestDataDetails@d7443d, 4=com.java.Objects.TestDataDetails@7b6cc7, 5=com.java.Objects.TestDataDetails@4700ae}
[INFO ][2015-12-08 15:28:25,966][com.java.TestType] [  481] -  str(1) = 1
[INFO ][2015-12-08 15:28:25,966][com.java.TestType] [  484] - Test case Id is---1
[INFO ][2015-12-08 15:28:25,966][com.java.TestType] [  486] - 1
[INFO ][2015-12-08 15:28:25,966][com.java.TestType] [  481] -  str(2) = 6
[INFO ][2015-12-08 15:28:25,966][com.java.TestType] [  533] - row values are--------{1=com.java.Objects.TestDataDetails@cf439b, 2=com.java.Objects.TestDataDetails@13e32c7, 3=com.java.Objects.TestDataDetails@d7443d, 4=com.java.Objects.TestDataDetails@7b6cc7, 5=com.java.Objects.TestDataDetails@4700ae, 6=com.java.Objects.TestDataDetails@165ed11}
[INFO ][2015-12-08 15:28:25,966][com.java.TestType] [  481] -  str(1) = 1
[INFO ][2015-12-08 15:28:25,966][com.java.TestType] [  484] - Test case Id is---1
[INFO ][2015-12-08 15:28:25,966][com.java.TestType] [  486] - 1
[INFO ][2015-12-08 15:28:25,966][com.java.TestType] [  481] -  str(2) = 7
[INFO ][2015-12-08 15:28:25,966][com.java.TestType] [  533] - row values are--------{1=com.java.Objects.TestDataDetails@cf439b, 2=com.java.Objects.TestDataDetails@13e32c7, 3=com.java.Objects.TestDataDetails@d7443d, 4=com.java.Objects.TestDataDetails@7b6cc7, 5=com.java.Objects.TestDataDetails@4700ae, 6=com.java.Objects.TestDataDetails@165ed11, 7=com.java.Objects.TestDataDetails@137c500}
[INFO ][2015-12-08 15:28:25,966][com.java.TestType] [  481] -  str(1) = 1
[INFO ][2015-12-08 15:28:25,966][com.java.TestType] [  484] - Test case Id is---1
[INFO ][2015-12-08 15:28:25,966][com.java.TestType] [  486] - 1
[INFO ][2015-12-08 15:28:25,966][com.java.TestType] [  481] -  str(2) = 8
[INFO ][2015-12-08 15:28:25,966][com.java.TestType] [  533] - row values are--------{1=com.java.Objects.TestDataDetails@cf439b, 2=com.java.Objects.TestDataDetails@13e32c7, 3=com.java.Objects.TestDataDetails@d7443d, 4=com.java.Objects.TestDataDetails@7b6cc7, 5=com.java.Objects.TestDataDetails@4700ae, 6=com.java.Objects.TestDataDetails@165ed11, 7=com.java.Objects.TestDataDetails@137c500, 8=com.java.Objects.TestDataDetails@1fcab5d}
[INFO ][2015-12-08 15:28:25,966][com.java.TestType] [  481] -  str(1) = 1
[INFO ][2015-12-08 15:28:25,966][com.java.TestType] [  484] - Test case Id is---1
[INFO ][2015-12-08 15:28:25,966][com.java.TestType] [  486] - 1
[INFO ][2015-12-08 15:28:25,966][com.java.TestType] [  481] -  str(2) = 9
[INFO ][2015-12-08 15:28:25,966][com.java.TestType] [  533] - row values are--------{1=com.java.Objects.TestDataDetails@cf439b, 2=com.java.Objects.TestDataDetails@13e32c7, 3=com.java.Objects.TestDataDetails@d7443d, 4=com.java.Objects.TestDataDetails@7b6cc7, 5=com.java.Objects.TestDataDetails@4700ae, 6=com.java.Objects.TestDataDetails@165ed11, 7=com.java.Objects.TestDataDetails@137c500, 8=com.java.Objects.TestDataDetails@1fcab5d, 9=com.java.Objects.TestDataDetails@1f3e0c5}
[INFO ][2015-12-08 15:28:25,966][com.java.TestType] [  481] -  str(1) = 1
[INFO ][2015-12-08 15:28:25,966][com.java.TestType] [  484] - Test case Id is---1
[INFO ][2015-12-08 15:28:25,966][com.java.TestType] [  486] - 1
[INFO ][2015-12-08 15:28:25,966][com.java.TestType] [  481] -  str(2) = 10
[INFO ][2015-12-08 15:28:25,966][com.java.TestType] [  533] - row values are--------{1=com.java.Objects.TestDataDetails@cf439b, 2=com.java.Objects.TestDataDetails@13e32c7, 3=com.java.Objects.TestDataDetails@d7443d, 4=com.java.Objects.TestDataDetails@7b6cc7, 5=com.java.Objects.TestDataDetails@4700ae, 6=com.java.Objects.TestDataDetails@165ed11, 7=com.java.Objects.TestDataDetails@137c500, 8=com.java.Objects.TestDataDetails@1fcab5d, 9=com.java.Objects.TestDataDetails@1f3e0c5, 10=com.java.Objects.TestDataDetails@61061d}
[INFO ][2015-12-08 15:28:25,966][com.java.TestType] [  481] -  str(1) = 1
[INFO ][2015-12-08 15:28:25,966][com.java.TestType] [  484] - Test case Id is---1
[INFO ][2015-12-08 15:28:25,966][com.java.TestType] [  486] - 1
[INFO ][2015-12-08 15:28:25,966][com.java.TestType] [  481] -  str(2) = 11
[INFO ][2015-12-08 15:28:25,966][com.java.TestType] [  533] - row values are--------{1=com.java.Objects.TestDataDetails@cf439b, 2=com.java.Objects.TestDataDetails@13e32c7, 3=com.java.Objects.TestDataDetails@d7443d, 4=com.java.Objects.TestDataDetails@7b6cc7, 5=com.java.Objects.TestDataDetails@4700ae, 6=com.java.Objects.TestDataDetails@165ed11, 7=com.java.Objects.TestDataDetails@137c500, 8=com.java.Objects.TestDataDetails@1fcab5d, 9=com.java.Objects.TestDataDetails@1f3e0c5, 10=com.java.Objects.TestDataDetails@61061d, 11=com.java.Objects.TestDataDetails@1580929}
[INFO ][2015-12-08 15:28:25,966][com.java.TestType] [  481] -  str(1) = 1
[INFO ][2015-12-08 15:28:25,966][com.java.TestType] [  484] - Test case Id is---1
[INFO ][2015-12-08 15:28:25,966][com.java.TestType] [  486] - 1
[INFO ][2015-12-08 15:28:25,966][com.java.TestType] [  481] -  str(2) = 12
[INFO ][2015-12-08 15:28:25,966][com.java.TestType] [  533] - row values are--------{1=com.java.Objects.TestDataDetails@cf439b, 2=com.java.Objects.TestDataDetails@13e32c7, 3=com.java.Objects.TestDataDetails@d7443d, 4=com.java.Objects.TestDataDetails@7b6cc7, 5=com.java.Objects.TestDataDetails@4700ae, 6=com.java.Objects.TestDataDetails@165ed11, 7=com.java.Objects.TestDataDetails@137c500, 8=com.java.Objects.TestDataDetails@1fcab5d, 9=com.java.Objects.TestDataDetails@1f3e0c5, 10=com.java.Objects.TestDataDetails@61061d, 11=com.java.Objects.TestDataDetails@1580929, 12=com.java.Objects.TestDataDetails@18662d}
[INFO ][2015-12-08 15:28:25,966][com.java.TestType] [  481] -  str(1) = 1
[INFO ][2015-12-08 15:28:25,966][com.java.TestType] [  484] - Test case Id is---1
[INFO ][2015-12-08 15:28:25,966][com.java.TestType] [  486] - 1
[INFO ][2015-12-08 15:28:25,966][com.java.TestType] [  481] -  str(2) = 13
[INFO ][2015-12-08 15:28:25,976][com.java.TestType] [  533] - row values are--------{1=com.java.Objects.TestDataDetails@cf439b, 2=com.java.Objects.TestDataDetails@13e32c7, 3=com.java.Objects.TestDataDetails@d7443d, 4=com.java.Objects.TestDataDetails@7b6cc7, 5=com.java.Objects.TestDataDetails@4700ae, 6=com.java.Objects.TestDataDetails@165ed11, 7=com.java.Objects.TestDataDetails@137c500, 8=com.java.Objects.TestDataDetails@1fcab5d, 9=com.java.Objects.TestDataDetails@1f3e0c5, 10=com.java.Objects.TestDataDetails@61061d, 11=com.java.Objects.TestDataDetails@1580929, 12=com.java.Objects.TestDataDetails@18662d, 13=com.java.Objects.TestDataDetails@557e48}
[INFO ][2015-12-08 15:28:25,976][com.java.TestType] [  481] -  str(1) = 1
[INFO ][2015-12-08 15:28:25,976][com.java.TestType] [  484] - Test case Id is---1
[INFO ][2015-12-08 15:28:25,976][com.java.TestType] [  486] - 1
[INFO ][2015-12-08 15:28:25,976][com.java.TestType] [  481] -  str(2) = 14
[INFO ][2015-12-08 15:28:25,976][com.java.TestType] [  533] - row values are--------{1=com.java.Objects.TestDataDetails@cf439b, 2=com.java.Objects.TestDataDetails@13e32c7, 3=com.java.Objects.TestDataDetails@d7443d, 4=com.java.Objects.TestDataDetails@7b6cc7, 5=com.java.Objects.TestDataDetails@4700ae, 6=com.java.Objects.TestDataDetails@165ed11, 7=com.java.Objects.TestDataDetails@137c500, 8=com.java.Objects.TestDataDetails@1fcab5d, 9=com.java.Objects.TestDataDetails@1f3e0c5, 10=com.java.Objects.TestDataDetails@61061d, 11=com.java.Objects.TestDataDetails@1580929, 12=com.java.Objects.TestDataDetails@18662d, 13=com.java.Objects.TestDataDetails@557e48, 14=com.java.Objects.TestDataDetails@47398b}
[INFO ][2015-12-08 15:28:25,976][com.java.TestType] [  481] -  str(1) = 1
[INFO ][2015-12-08 15:28:25,976][com.java.TestType] [  484] - Test case Id is---1
[INFO ][2015-12-08 15:28:25,976][com.java.TestType] [  486] - 1
[INFO ][2015-12-08 15:28:25,976][com.java.TestType] [  481] -  str(2) = 15
[INFO ][2015-12-08 15:28:25,976][com.java.TestType] [  533] - row values are--------{1=com.java.Objects.TestDataDetails@cf439b, 2=com.java.Objects.TestDataDetails@13e32c7, 3=com.java.Objects.TestDataDetails@d7443d, 4=com.java.Objects.TestDataDetails@7b6cc7, 5=com.java.Objects.TestDataDetails@4700ae, 6=com.java.Objects.TestDataDetails@165ed11, 7=com.java.Objects.TestDataDetails@137c500, 8=com.java.Objects.TestDataDetails@1fcab5d, 9=com.java.Objects.TestDataDetails@1f3e0c5, 10=com.java.Objects.TestDataDetails@61061d, 11=com.java.Objects.TestDataDetails@1580929, 12=com.java.Objects.TestDataDetails@18662d, 13=com.java.Objects.TestDataDetails@557e48, 14=com.java.Objects.TestDataDetails@47398b, 15=com.java.Objects.TestDataDetails@39eab6}
[INFO ][2015-12-08 15:28:25,976][com.java.TestType] [  481] -  str(1) = 1
[INFO ][2015-12-08 15:28:25,976][com.java.TestType] [  484] - Test case Id is---1
[INFO ][2015-12-08 15:28:25,976][com.java.TestType] [  486] - 1
[INFO ][2015-12-08 15:28:25,976][com.java.TestType] [  481] -  str(2) = 16
[INFO ][2015-12-08 15:28:25,976][com.java.TestType] [  533] - row values are--------{1=com.java.Objects.TestDataDetails@cf439b, 2=com.java.Objects.TestDataDetails@13e32c7, 3=com.java.Objects.TestDataDetails@d7443d, 4=com.java.Objects.TestDataDetails@7b6cc7, 5=com.java.Objects.TestDataDetails@4700ae, 6=com.java.Objects.TestDataDetails@165ed11, 7=com.java.Objects.TestDataDetails@137c500, 8=com.java.Objects.TestDataDetails@1fcab5d, 9=com.java.Objects.TestDataDetails@1f3e0c5, 10=com.java.Objects.TestDataDetails@61061d, 11=com.java.Objects.TestDataDetails@1580929, 12=com.java.Objects.TestDataDetails@18662d, 13=com.java.Objects.TestDataDetails@557e48, 14=com.java.Objects.TestDataDetails@47398b, 15=com.java.Objects.TestDataDetails@39eab6, 16=com.java.Objects.TestDataDetails@1b20859}
[INFO ][2015-12-08 15:28:25,976][com.java.TestType] [ 9982] - Looping 1TCID = 1
[DEBUG][2015-12-08 15:28:25,976][com.java.TestType] [10023] - Concept ID:1 :: Step being Executed: 1::1
[INFO ][2015-12-08 15:28:25,976][com.java.TestType] [10061] - dataFields : TXTusername
[DEBUG][2015-12-08 15:28:25,976][com.java.TestType] [10067] - <In Set values of the page>
[DEBUG][2015-12-08 15:28:25,976][com.java.TestType] [10072] - {Data Fields & Data Values Exist}
[INFO ][2015-12-08 15:28:25,976][com.java.TestType] [10078] - --------------------------setting values-----------------------------
[INFO ][2015-12-08 15:28:25,976][com.java.TestType] [10081] - Action Type : CLEARANDENTER
[INFO ][2015-12-08 15:28:25,976][com.java.TestType] [ 5446] - value = valuelabs.ie10.15310
[INFO ][2015-12-08 15:28:32,791][com.java.TestType] [10100] -  RESULT true
[INFO ][2015-12-08 15:28:32,791][com.java.TestType] [10217] - ?   P A S S   ?
[DEBUG][2015-12-08 15:28:32,791][com.java.TestType] [10023] - Concept ID:1 :: Step being Executed: 1::2
[INFO ][2015-12-08 15:28:32,791][com.java.TestType] [10061] - dataFields : TXTpassword
[DEBUG][2015-12-08 15:28:32,791][com.java.TestType] [10067] - <In Set values of the page>
[DEBUG][2015-12-08 15:28:32,791][com.java.TestType] [10072] - {Data Fields & Data Values Exist}
[INFO ][2015-12-08 15:28:32,791][com.java.TestType] [10078] - --------------------------setting values-----------------------------
[INFO ][2015-12-08 15:28:32,791][com.java.TestType] [10081] - Action Type : CLEARANDENTER
[INFO ][2015-12-08 15:28:32,791][com.java.TestType] [ 5446] - value = Password1*
[INFO ][2015-12-08 15:28:39,765][com.java.TestType] [10100] -  RESULT true
[INFO ][2015-12-08 15:28:39,765][com.java.TestType] [10217] - ?   P A S S   ?
[DEBUG][2015-12-08 15:28:39,765][com.java.TestType] [10023] - Concept ID:1 :: Step being Executed: 1::3
[ERROR][2015-12-08 15:28:39,765][com.java.TestType] [10056] - Exception: null
[INFO ][2015-12-08 15:28:39,765][com.java.TestType] [10061] - dataFields : XPH//button[@type='submit']
[DEBUG][2015-12-08 15:28:39,765][com.java.TestType] [10067] - <In Set values of the page>
[DEBUG][2015-12-08 15:28:39,765][com.java.TestType] [10072] - {Data Fields & Data Values Exist}
[INFO ][2015-12-08 15:28:39,765][com.java.TestType] [10078] - --------------------------setting values-----------------------------
[INFO ][2015-12-08 15:28:39,765][com.java.TestType] [10081] - Action Type : Click
[INFO ][2015-12-08 15:28:39,765][com.java.TestType] [ 5774] - Field ::XPH//button[@type='submit']
[INFO ][2015-12-08 15:28:40,765][com.java.TestType] [ 5868] - BEFORE CLICK
[INFO ][2015-12-08 15:28:41,675][com.java.TestType] [ 5876] - Unable to click the object Login
[INFO ][2015-12-08 15:28:41,675][com.java.TestType] [10100] -  RESULT true
[INFO ][2015-12-08 15:28:41,675][com.java.TestType] [10217] - ?   P A S S   ?
[DEBUG][2015-12-08 15:28:41,675][com.java.TestType] [10023] - Concept ID:1 :: Step being Executed: 1::4
[INFO ][2015-12-08 15:28:41,675][com.java.TestType] [10061] - dataFields : LNKLogout
[DEBUG][2015-12-08 15:28:41,675][com.java.TestType] [10067] - <In Set values of the page>
[DEBUG][2015-12-08 15:28:41,675][com.java.TestType] [10072] - {Data Fields & Data Values Exist}
[INFO ][2015-12-08 15:28:41,675][com.java.TestType] [10078] - --------------------------setting values-----------------------------
[INFO ][2015-12-08 15:28:41,675][com.java.TestType] [10081] - Action Type : WaitForElement
[INFO ][2015-12-08 15:28:49,114][com.java.TestType] [10100] -  RESULT true
[INFO ][2015-12-08 15:28:49,114][com.java.TestType] [10217] - ?   P A S S   ?
[INFO ][2015-12-08 15:28:49,114][com.java.TestType] [10288] - Looping End......
[INFO ][2015-12-08 15:28:49,114][com.java.SeleniumDriver] [  894] -  RESULT true
[INFO ][2015-12-08 15:28:49,114][com.java.SeleniumDriver] [ 1100] - ?   P A S S   ?
[INFO ][2015-12-08 15:28:49,114][com.java.SeleniumDriver] [  821] - ------------------------------------------
[INFO ][2015-12-08 15:28:49,114][com.java.SeleniumDriver] [  822] - Test case being Executed: 6
[INFO ][2015-12-08 15:28:49,114][com.java.SeleniumDriver] [  833] - Test step:47
[INFO ][2015-12-08 15:28:49,114][com.java.SeleniumDriver] [  845] - Datavalue is----------Concept#2:1-2
[INFO ][2015-12-08 15:28:49,114][com.java.SeleniumDriver] [  869] - DataField : test
[INFO ][2015-12-08 15:28:49,114][com.java.SeleniumDriver] [  871] - DataValue : Concept#2:1-2
[INFO ][2015-12-08 15:28:49,114][com.java.SeleniumDriver] [  877] - <In Set values of the page>
[INFO ][2015-12-08 15:28:49,114][com.java.SeleniumDriver] [  880] - {Data Fields & Data Values Exist}
[INFO ][2015-12-08 15:28:49,114][com.java.SeleniumDriver] [  882] - --------------------------setting values-----------------------------
[INFO ][2015-12-08 15:28:49,114][com.java.SeleniumDriver] [  885] - Action Type : ExecuteTestCase
[INFO ][2015-12-08 15:28:49,114][com.java.TestType] [  436] - The Concept sheet name is ---------- Concept
[INFO ][2015-12-08 15:28:49,114][com.java.TestType] [  439] - The Concept ID  is ---------- 2
[DEBUG][2015-12-08 15:28:49,114][com.java.TestType] [  443] - Steps being executted in the Concept are: 1:2
[INFO ][2015-12-08 15:28:49,114][com.java.TestType] [  450] - Test data details path ---------- D:\BankersDashboard\TestInputs\TestData.xls
[INFO ][2015-12-08 15:28:49,145][com.java.TestType] [  481] -  str(1) = 2
[INFO ][2015-12-08 15:28:49,145][com.java.TestType] [  484] - Test case Id is---2
[INFO ][2015-12-08 15:28:49,155][com.java.TestType] [  486] - 2
[INFO ][2015-12-08 15:28:49,155][com.java.TestType] [  481] -  str(2) = 1
[INFO ][2015-12-08 15:28:49,155][com.java.TestType] [  533] - row values are--------{1=com.java.Objects.TestDataDetails@110d0f2}
[INFO ][2015-12-08 15:28:49,155][com.java.TestType] [  481] -  str(1) = 2
[INFO ][2015-12-08 15:28:49,155][com.java.TestType] [  484] - Test case Id is---2
[INFO ][2015-12-08 15:28:49,155][com.java.TestType] [  486] - 2
[INFO ][2015-12-08 15:28:49,155][com.java.TestType] [  481] -  str(2) = 2
[INFO ][2015-12-08 15:28:49,155][com.java.TestType] [  533] - row values are--------{1=com.java.Objects.TestDataDetails@110d0f2, 2=com.java.Objects.TestDataDetails@12d03dc}
[INFO ][2015-12-08 15:28:49,155][com.java.TestType] [  481] -  str(1) = 2
[INFO ][2015-12-08 15:28:49,155][com.java.TestType] [  484] - Test case Id is---2
[INFO ][2015-12-08 15:28:49,155][com.java.TestType] [  486] - 2
[INFO ][2015-12-08 15:28:49,155][com.java.TestType] [  481] -  str(2) = 3
[INFO ][2015-12-08 15:28:49,155][com.java.TestType] [  533] - row values are--------{1=com.java.Objects.TestDataDetails@110d0f2, 2=com.java.Objects.TestDataDetails@12d03dc, 3=com.java.Objects.TestDataDetails@1c39fc3}
[INFO ][2015-12-08 15:28:49,155][com.java.TestType] [ 9982] - Looping 1TCID = 2
[DEBUG][2015-12-08 15:28:49,155][com.java.TestType] [10023] - Concept ID:2 :: Step being Executed: 2::1
[INFO ][2015-12-08 15:28:49,155][com.java.TestType] [10061] - dataFields : BNK//select[@id='bank']
[DEBUG][2015-12-08 15:28:49,155][com.java.TestType] [10067] - <In Set values of the page>
[DEBUG][2015-12-08 15:28:49,155][com.java.TestType] [10072] - {Data Fields & Data Values Exist}
[INFO ][2015-12-08 15:28:49,155][com.java.TestType] [10078] - --------------------------setting values-----------------------------
[INFO ][2015-12-08 15:28:49,155][com.java.TestType] [10081] - Action Type : Select
[INFO ][2015-12-08 15:28:49,155][com.java.TestType] [ 5446] - value = PFC
[INFO ][2015-12-08 15:28:49,437][com.java.TestType] [10100] -  RESULT true
[INFO ][2015-12-08 15:28:49,437][com.java.TestType] [10217] - ?   P A S S   ?
[DEBUG][2015-12-08 15:28:49,437][com.java.TestType] [10023] - Concept ID:2 :: Step being Executed: 2::2
[INFO ][2015-12-08 15:28:49,437][com.java.TestType] [10061] - dataFields : LNKLogout
[DEBUG][2015-12-08 15:28:49,437][com.java.TestType] [10067] - <In Set values of the page>
[DEBUG][2015-12-08 15:28:49,437][com.java.TestType] [10072] - {Data Fields & Data Values Exist}
[INFO ][2015-12-08 15:28:49,437][com.java.TestType] [10078] - --------------------------setting values-----------------------------
[INFO ][2015-12-08 15:28:49,437][com.java.TestType] [10081] - Action Type : WaitTime
[DEBUG][2015-12-08 15:28:49,437][com.java.TestType] [ 5266] - sleepTime: 5000
[INFO ][2015-12-08 15:28:54,439][com.java.TestType] [10100] -  RESULT true
[INFO ][2015-12-08 15:28:54,439][com.java.TestType] [10217] - ?   P A S S   ?
[INFO ][2015-12-08 15:28:54,439][com.java.TestType] [10288] - Looping End......
[INFO ][2015-12-08 15:28:54,439][com.java.SeleniumDriver] [  894] -  RESULT true
[INFO ][2015-12-08 15:28:54,439][com.java.SeleniumDriver] [ 1100] - ?   P A S S   ?
[INFO ][2015-12-08 15:28:54,439][com.java.SeleniumDriver] [  821] - ------------------------------------------
[INFO ][2015-12-08 15:28:54,439][com.java.SeleniumDriver] [  822] - Test case being Executed: 6
[INFO ][2015-12-08 15:28:54,439][com.java.SeleniumDriver] [  833] - Test step:48
[INFO ][2015-12-08 15:28:54,439][com.java.SeleniumDriver] [  845] - Datavalue is----------null
[DEBUG][2015-12-08 15:28:54,439][com.java.SeleniumDriver] [  863] - Exception: null
[INFO ][2015-12-08 15:28:54,439][com.java.SeleniumDriver] [  869] - DataField : //span[@class='icon-stats']&&//a[@data-id="Forecasting"]
[INFO ][2015-12-08 15:28:54,439][com.java.SeleniumDriver] [  871] - DataValue : 
[INFO ][2015-12-08 15:28:54,439][com.java.SeleniumDriver] [  877] - <In Set values of the page>
[INFO ][2015-12-08 15:28:54,439][com.java.SeleniumDriver] [  880] - {Data Fields & Data Values Exist}
[INFO ][2015-12-08 15:28:54,439][com.java.SeleniumDriver] [  882] - --------------------------setting values-----------------------------
[INFO ][2015-12-08 15:28:54,439][com.java.SeleniumDriver] [  885] - Action Type : MOUSEOVER
[INFO ][2015-12-08 15:29:14,859][com.java.SeleniumDriver] [  894] -  RESULT true
[INFO ][2015-12-08 15:29:14,859][com.java.SeleniumDriver] [ 1100] - ?   P A S S   ?
[INFO ][2015-12-08 15:29:14,859][com.java.SeleniumDriver] [  821] - ------------------------------------------
[INFO ][2015-12-08 15:29:14,859][com.java.SeleniumDriver] [  822] - Test case being Executed: 6
[INFO ][2015-12-08 15:29:14,859][com.java.SeleniumDriver] [  833] - Test step:49
[INFO ][2015-12-08 15:29:14,859][com.java.SeleniumDriver] [  845] - Datavalue is----------5
[INFO ][2015-12-08 15:29:14,859][com.java.SeleniumDriver] [  869] - DataField : null
[INFO ][2015-12-08 15:29:14,859][com.java.SeleniumDriver] [  871] - DataValue : 5
[INFO ][2015-12-08 15:29:14,859][com.java.SeleniumDriver] [  877] - <In Set values of the page>
[INFO ][2015-12-08 15:29:14,859][com.java.SeleniumDriver] [  880] - {Data Fields & Data Values Exist}
[INFO ][2015-12-08 15:29:14,859][com.java.SeleniumDriver] [  882] - --------------------------setting values-----------------------------
[INFO ][2015-12-08 15:29:14,859][com.java.SeleniumDriver] [  885] - Action Type : WAITTIME
[DEBUG][2015-12-08 15:29:14,859][com.java.TestType] [ 5266] - sleepTime: 5000
[INFO ][2015-12-08 15:29:19,882][com.java.SeleniumDriver] [  894] -  RESULT true
[INFO ][2015-12-08 15:29:19,882][com.java.SeleniumDriver] [ 1100] - ?   P A S S   ?
[INFO ][2015-12-08 15:29:19,882][com.java.SeleniumDriver] [  821] - ------------------------------------------
[INFO ][2015-12-08 15:29:19,882][com.java.SeleniumDriver] [  822] - Test case being Executed: 6
[INFO ][2015-12-08 15:29:19,882][com.java.SeleniumDriver] [  833] - Test step:50
[INFO ][2015-12-08 15:29:19,882][com.java.SeleniumDriver] [  845] - Datavalue is----------OK
[INFO ][2015-12-08 15:29:19,882][com.java.SeleniumDriver] [  869] - DataField : CNF
[INFO ][2015-12-08 15:29:19,882][com.java.SeleniumDriver] [  871] - DataValue : OK
[INFO ][2015-12-08 15:29:19,882][com.java.SeleniumDriver] [  877] - <In Set values of the page>
[INFO ][2015-12-08 15:29:19,882][com.java.SeleniumDriver] [  880] - {Data Fields & Data Values Exist}
[INFO ][2015-12-08 15:29:19,882][com.java.SeleniumDriver] [  882] - --------------------------setting values-----------------------------
[INFO ][2015-12-08 15:29:19,882][com.java.SeleniumDriver] [  885] - Action Type : Click
[INFO ][2015-12-08 15:29:19,882][com.java.TestType] [ 5774] - Field ::CNF
[ERROR][2015-12-08 15:29:20,998][com.java.TestType] [ 6042] - Exception in click:: No alert is active (WARNING: The server did not provide any stacktrace information)
Command duration or timeout: 100 milliseconds
Build info: version: '2.48.2', revision: '41bccdd', time: '2015-10-09 19:59:12'
System info: host: 'FVTIII438F1D', ip: '172.17.68.34', os.name: 'Windows 7', os.arch: 'amd64', os.version: '6.1', java.version: '1.8.0'
Driver info: org.openqa.selenium.ie.InternetExplorerDriver
Capabilities [{browserAttachTimeout=0, enablePersistentHover=true, ie.forceCreateProcessApi=false, ie.usePerProcessProxy=false, ignoreZoomSetting=true, handlesAlerts=true, version=10, platform=WINDOWS, nativeEvents=true, ie.ensureCleanSession=false, elementScrollBehavior=0, ie.browserCommandLineSwitches=, requireWindowFocus=false, browserName=internet explorer, initialBrowserUrl=http://localhost:7893/, takesScreenshot=true, javascriptEnabled=true, ignoreProtectedModeSettings=true, enableElementCacheCleanup=true, cssSelectorsEnabled=true, unexpectedAlertBehaviour=dismiss}]
Session ID: 97c5dd9e-4225-4acb-998f-2b362090fc2a
Command duration or timeout: 110 milliseconds
Build info: version: '2.48.2', revision: '41bccdd', time: '2015-10-09 19:59:12'
System info: host: 'FVTIII438F1D', ip: '172.17.68.34', os.name: 'Windows 7', os.arch: 'x86', os.version: '6.1', java.version: '1.7.0_55'
Session ID: 7fcf55c1-fe92-4aed-a961-227f26e76993
Driver info: org.openqa.selenium.remote.RemoteWebDriver
Capabilities [{platform=WINDOWS, javascriptEnabled=true, elementScrollBehavior=0, enablePersistentHover=true, ignoreZoomSetting=true, ie.ensureCleanSession=false, enableElementCacheCleanup=true, browserName=internet explorer, unexpectedAlertBehaviour=dismiss, webdriver.remote.sessionid=7fcf55c1-fe92-4aed-a961-227f26e76993, version=10, ie.usePerProcessProxy=false, cssSelectorsEnabled=true, ignoreProtectedModeSettings=true, requireWindowFocus=false, initialBrowserUrl=http://localhost:7893/, handlesAlerts=true, ie.forceCreateProcessApi=false, nativeEvents=true, browserAttachTimeout=0, ie.browserCommandLineSwitches=, takesScreenshot=true}]
[INFO ][2015-12-08 15:29:20,998][com.java.TestType] [ 6046] - Element :::: not found
[INFO ][2015-12-08 15:29:20,998][com.java.SeleniumDriver] [  894] -  RESULT false
[INFO ][2015-12-08 15:29:20,998][com.java.SeleniumDriver] [  941] - ?   F A I L   ?
[INFO ][2015-12-08 15:29:20,998][com.java.SeleniumDriver] [  949] - Browser Type : IE10
[INFO ][2015-12-08 15:29:20,998][com.java.SeleniumDriver] [  950] - Adding Failed case6
[DEBUG][2015-12-08 15:29:21,735][com.java.SeleniumDriver] [ 1018] -  tdd.getCondition() IF:71:Next
[INFO ][2015-12-08 15:29:21,735][com.java.SeleniumDriver] [ 1022] - Continue next step...
[INFO ][2015-12-08 15:29:21,735][com.java.SeleniumDriver] [  821] - ------------------------------------------
[INFO ][2015-12-08 15:29:21,735][com.java.SeleniumDriver] [  822] - Test case being Executed: 6
[INFO ][2015-12-08 15:29:21,735][com.java.SeleniumDriver] [  833] - Test step:51
[INFO ][2015-12-08 15:29:21,735][com.java.SeleniumDriver] [  845] - Datavalue is----------Forecasting 
[INFO ][2015-12-08 15:29:21,736][com.java.SeleniumDriver] [  869] - DataField : TTL
[INFO ][2015-12-08 15:29:21,736][com.java.SeleniumDriver] [  871] - DataValue : Forecasting 
[INFO ][2015-12-08 15:29:21,736][com.java.SeleniumDriver] [  877] - <In Set values of the page>
[INFO ][2015-12-08 15:29:21,736][com.java.SeleniumDriver] [  880] - {Data Fields & Data Values Exist}
[INFO ][2015-12-08 15:29:21,736][com.java.SeleniumDriver] [  882] - --------------------------setting values-----------------------------
[INFO ][2015-12-08 15:29:21,736][com.java.SeleniumDriver] [  885] - Action Type : SELECTWINDOW
[INFO ][2015-12-08 15:29:34,507][com.java.SeleniumDriver] [  894] -  RESULT true
[INFO ][2015-12-08 15:29:34,507][com.java.SeleniumDriver] [ 1100] - ?   P A S S   ?
[INFO ][2015-12-08 15:29:34,507][com.java.SeleniumDriver] [  821] - ------------------------------------------
[INFO ][2015-12-08 15:29:34,507][com.java.SeleniumDriver] [  822] - Test case being Executed: 6
[INFO ][2015-12-08 15:29:34,507][com.java.SeleniumDriver] [  833] - Test step:52
[INFO ][2015-12-08 15:29:34,507][com.java.SeleniumDriver] [  845] - Datavalue is----------10
[INFO ][2015-12-08 15:29:34,507][com.java.SeleniumDriver] [  869] - DataField : DSP//span[contains(text(),'Forecasting')]
[INFO ][2015-12-08 15:29:34,507][com.java.SeleniumDriver] [  871] - DataValue : 10
[INFO ][2015-12-08 15:29:34,507][com.java.SeleniumDriver] [  877] - <In Set values of the page>
[INFO ][2015-12-08 15:29:34,507][com.java.SeleniumDriver] [  880] - {Data Fields & Data Values Exist}
[INFO ][2015-12-08 15:29:34,507][com.java.SeleniumDriver] [  882] - --------------------------setting values-----------------------------
[INFO ][2015-12-08 15:29:34,507][com.java.SeleniumDriver] [  885] - Action Type : WAITFORELEMENT
[INFO ][2015-12-08 15:29:37,532][com.java.SeleniumDriver] [  894] -  RESULT true
[INFO ][2015-12-08 15:29:37,532][com.java.SeleniumDriver] [ 1100] - ?   P A S S   ?
[INFO ][2015-12-08 15:29:37,532][com.java.SeleniumDriver] [  821] - ------------------------------------------
[INFO ][2015-12-08 15:29:37,532][com.java.SeleniumDriver] [  822] - Test case being Executed: 6
[INFO ][2015-12-08 15:29:37,532][com.java.SeleniumDriver] [  833] - Test step:53
[INFO ][2015-12-08 15:29:37,532][com.java.SeleniumDriver] [  845] - Datavalue is----------null
[DEBUG][2015-12-08 15:29:37,532][com.java.SeleniumDriver] [  863] - Exception: null
[INFO ][2015-12-08 15:29:37,532][com.java.SeleniumDriver] [  869] - DataField : BTNframeDialogContent
[INFO ][2015-12-08 15:29:37,532][com.java.SeleniumDriver] [  871] - DataValue : 
[INFO ][2015-12-08 15:29:37,532][com.java.SeleniumDriver] [  877] - <In Set values of the page>
[INFO ][2015-12-08 15:29:37,532][com.java.SeleniumDriver] [  880] - {Data Fields & Data Values Exist}
[INFO ][2015-12-08 15:29:37,532][com.java.SeleniumDriver] [  882] - --------------------------setting values-----------------------------
[INFO ][2015-12-08 15:29:37,532][com.java.SeleniumDriver] [  885] - Action Type : SELECTFRAME
[INFO ][2015-12-08 15:29:39,283][com.java.SeleniumDriver] [  894] -  RESULT true
[INFO ][2015-12-08 15:29:39,283][com.java.SeleniumDriver] [ 1100] - ?   P A S S   ?
[INFO ][2015-12-08 15:29:39,283][com.java.SeleniumDriver] [  821] - ------------------------------------------
[INFO ][2015-12-08 15:29:39,283][com.java.SeleniumDriver] [  822] - Test case being Executed: 6
[INFO ][2015-12-08 15:29:39,283][com.java.SeleniumDriver] [  833] - Test step:54
[INFO ][2015-12-08 15:29:39,283][com.java.SeleniumDriver] [  845] - Datavalue is----------10
[INFO ][2015-12-08 15:29:39,283][com.java.SeleniumDriver] [  869] - DataField : DSPddlProjects
[INFO ][2015-12-08 15:29:39,283][com.java.SeleniumDriver] [  871] - DataValue : 10
[INFO ][2015-12-08 15:29:39,283][com.java.SeleniumDriver] [  877] - <In Set values of the page>
[INFO ][2015-12-08 15:29:39,283][com.java.SeleniumDriver] [  880] - {Data Fields & Data Values Exist}
[INFO ][2015-12-08 15:29:39,283][com.java.SeleniumDriver] [  882] - --------------------------setting values-----------------------------
[INFO ][2015-12-08 15:29:39,283][com.java.SeleniumDriver] [  885] - Action Type : WAITFORELEMENT
[INFO ][2015-12-08 15:29:40,834][com.java.SeleniumDriver] [  894] -  RESULT true
[INFO ][2015-12-08 15:29:40,834][com.java.SeleniumDriver] [ 1100] - ?   P A S S   ?
[INFO ][2015-12-08 15:29:40,834][com.java.SeleniumDriver] [  821] - ------------------------------------------
[INFO ][2015-12-08 15:29:40,834][com.java.SeleniumDriver] [  822] - Test case being Executed: 6
[INFO ][2015-12-08 15:29:40,834][com.java.SeleniumDriver] [  833] - Test step:55
[INFO ][2015-12-08 15:29:40,834][com.java.SeleniumDriver] [  845] - Datavalue is----------HMVCurrentProject
[INFO ][2015-12-08 15:29:40,834][com.java.SeleniumDriver] [  869] - DataField : COBddlProjects
[INFO ][2015-12-08 15:29:40,834][com.java.SeleniumDriver] [  871] - DataValue : HMVCurrentProject
[INFO ][2015-12-08 15:29:40,834][com.java.SeleniumDriver] [  877] - <In Set values of the page>
[INFO ][2015-12-08 15:29:40,834][com.java.SeleniumDriver] [  880] - {Data Fields & Data Values Exist}
[INFO ][2015-12-08 15:29:40,834][com.java.SeleniumDriver] [  882] - --------------------------setting values-----------------------------
[INFO ][2015-12-08 15:29:40,834][com.java.SeleniumDriver] [  885] - Action Type : SELECT
[INFO ][2015-12-08 15:29:40,834][com.java.TestType] [ 5446] - value = Budget 2014 1-21-2014
[INFO ][2015-12-08 15:29:42,375][com.java.TestType] [ 5564] -  In COB ddlProjects : Budget 2014 1-21-2014
[DEBUG][2015-12-08 15:29:43,796][com.java.TestType] [ 5589] - Java Script : javascript:var s = document.getElementById('ddlProjects');for (i = 0; i< s.options.length; i++){   if (s.options[i].text.trim().toUpperCase() == 'BUDGET 2014 1-21-2014'){      s.options[i].selected = true;      s.click();      break;   }}
[INFO ][2015-12-08 15:29:45,826][com.java.SeleniumDriver] [  894] -  RESULT true
[INFO ][2015-12-08 15:29:45,826][com.java.SeleniumDriver] [ 1100] - ?   P A S S   ?
[INFO ][2015-12-08 15:29:45,826][com.java.SeleniumDriver] [ 1137] - Continue next step...
[INFO ][2015-12-08 15:29:45,826][com.java.SeleniumDriver] [  821] - ------------------------------------------
[INFO ][2015-12-08 15:29:45,826][com.java.SeleniumDriver] [  822] - Test case being Executed: 6
[INFO ][2015-12-08 15:29:45,826][com.java.SeleniumDriver] [  833] - Test step:56
[INFO ][2015-12-08 15:29:45,826][com.java.SeleniumDriver] [  845] - Datavalue is----------null
[DEBUG][2015-12-08 15:29:45,826][com.java.SeleniumDriver] [  863] - Exception: null
[INFO ][2015-12-08 15:29:45,826][com.java.SeleniumDriver] [  869] - DataField : HDNbtnOpenProject
[INFO ][2015-12-08 15:29:45,826][com.java.SeleniumDriver] [  871] - DataValue : 
[INFO ][2015-12-08 15:29:45,826][com.java.SeleniumDriver] [  877] - <In Set values of the page>
[INFO ][2015-12-08 15:29:45,826][com.java.SeleniumDriver] [  880] - {Data Fields & Data Values Exist}
[INFO ][2015-12-08 15:29:45,826][com.java.SeleniumDriver] [  882] - --------------------------setting values-----------------------------
[INFO ][2015-12-08 15:29:45,826][com.java.SeleniumDriver] [  885] - Action Type : CLICKWITHALERT
[INFO ][2015-12-08 15:29:45,826][com.java.TestType] [ 5774] - Field ::HDNbtnOpenProject
[INFO ][2015-12-08 15:29:49,221][com.java.SeleniumDriver] [  894] -  RESULT true
[INFO ][2015-12-08 15:29:49,221][com.java.SeleniumDriver] [ 1100] - ?   P A S S   ?
[INFO ][2015-12-08 15:29:49,221][com.java.SeleniumDriver] [  821] - ------------------------------------------
[INFO ][2015-12-08 15:29:49,221][com.java.SeleniumDriver] [  822] - Test case being Executed: 6
[INFO ][2015-12-08 15:29:49,221][com.java.SeleniumDriver] [  833] - Test step:57
[INFO ][2015-12-08 15:29:49,221][com.java.SeleniumDriver] [  845] - Datavalue is----------1
[INFO ][2015-12-08 15:29:49,221][com.java.SeleniumDriver] [  869] - DataField : null
[INFO ][2015-12-08 15:29:49,221][com.java.SeleniumDriver] [  871] - DataValue : 1
[INFO ][2015-12-08 15:29:49,221][com.java.SeleniumDriver] [  877] - <In Set values of the page>
[INFO ][2015-12-08 15:29:49,221][com.java.SeleniumDriver] [  880] - {Data Fields & Data Values Exist}
[INFO ][2015-12-08 15:29:49,221][com.java.SeleniumDriver] [  882] - --------------------------setting values-----------------------------
[INFO ][2015-12-08 15:29:49,221][com.java.SeleniumDriver] [  885] - Action Type : WAITTIME
[DEBUG][2015-12-08 15:29:49,221][com.java.TestType] [ 5266] - sleepTime: 1000
[INFO ][2015-12-08 15:29:50,222][com.java.SeleniumDriver] [  894] -  RESULT true
[INFO ][2015-12-08 15:29:50,222][com.java.SeleniumDriver] [ 1100] - ?   P A S S   ?
[INFO ][2015-12-08 15:29:50,222][com.java.SeleniumDriver] [  821] - ------------------------------------------
[INFO ][2015-12-08 15:29:50,222][com.java.SeleniumDriver] [  822] - Test case being Executed: 6
[INFO ][2015-12-08 15:29:50,222][com.java.SeleniumDriver] [  833] - Test step:58
[INFO ][2015-12-08 15:29:50,222][com.java.SeleniumDriver] [  845] - Datavalue is----------null
[DEBUG][2015-12-08 15:29:50,222][com.java.SeleniumDriver] [  863] - Exception: null
[INFO ][2015-12-08 15:29:50,222][com.java.SeleniumDriver] [  869] - DataField : BTNParent
[INFO ][2015-12-08 15:29:50,222][com.java.SeleniumDriver] [  871] - DataValue : 
[INFO ][2015-12-08 15:29:50,222][com.java.SeleniumDriver] [  877] - <In Set values of the page>
[INFO ][2015-12-08 15:29:50,222][com.java.SeleniumDriver] [  880] - {Data Fields & Data Values Exist}
[INFO ][2015-12-08 15:29:50,222][com.java.SeleniumDriver] [  882] - --------------------------setting values-----------------------------
[INFO ][2015-12-08 15:29:50,222][com.java.SeleniumDriver] [  885] - Action Type : SELECTFRAME
[INFO ][2015-12-08 15:29:50,243][com.java.SeleniumDriver] [  894] -  RESULT true
[INFO ][2015-12-08 15:29:50,243][com.java.SeleniumDriver] [ 1100] - ?   P A S S   ?
[INFO ][2015-12-08 15:29:50,243][com.java.SeleniumDriver] [  821] - ------------------------------------------
[INFO ][2015-12-08 15:29:50,243][com.java.SeleniumDriver] [  822] - Test case being Executed: 6
[INFO ][2015-12-08 15:29:50,243][com.java.SeleniumDriver] [  833] - Test step:59
[INFO ][2015-12-08 15:29:50,243][com.java.SeleniumDriver] [  845] - Datavalue is----------5
[INFO ][2015-12-08 15:29:50,243][com.java.SeleniumDriver] [  869] - DataField : null
[INFO ][2015-12-08 15:29:50,243][com.java.SeleniumDriver] [  871] - DataValue : 5
[INFO ][2015-12-08 15:29:50,243][com.java.SeleniumDriver] [  877] - <In Set values of the page>
[INFO ][2015-12-08 15:29:50,243][com.java.SeleniumDriver] [  880] - {Data Fields & Data Values Exist}
[INFO ][2015-12-08 15:29:50,243][com.java.SeleniumDriver] [  882] - --------------------------setting values-----------------------------
[INFO ][2015-12-08 15:29:50,243][com.java.SeleniumDriver] [  885] - Action Type : Waittime
[DEBUG][2015-12-08 15:29:50,243][com.java.TestType] [ 5266] - sleepTime: 5000
[INFO ][2015-12-08 15:29:55,246][com.java.SeleniumDriver] [  894] -  RESULT true
[INFO ][2015-12-08 15:29:55,246][com.java.SeleniumDriver] [ 1100] - ?   P A S S   ?
[INFO ][2015-12-08 15:29:55,246][com.java.SeleniumDriver] [  821] - ------------------------------------------
[INFO ][2015-12-08 15:29:55,246][com.java.SeleniumDriver] [  822] - Test case being Executed: 6
[INFO ][2015-12-08 15:29:55,246][com.java.SeleniumDriver] [  833] - Test step:60
[INFO ][2015-12-08 15:29:55,246][com.java.SeleniumDriver] [  845] - Datavalue is----------10
[INFO ][2015-12-08 15:29:55,246][com.java.SeleniumDriver] [  869] - DataField : DSPFile
[INFO ][2015-12-08 15:29:55,246][com.java.SeleniumDriver] [  871] - DataValue : 10
[INFO ][2015-12-08 15:29:55,246][com.java.SeleniumDriver] [  877] - <In Set values of the page>
[INFO ][2015-12-08 15:29:55,246][com.java.SeleniumDriver] [  880] - {Data Fields & Data Values Exist}
[INFO ][2015-12-08 15:29:55,246][com.java.SeleniumDriver] [  882] - --------------------------setting values-----------------------------
[INFO ][2015-12-08 15:29:55,246][com.java.SeleniumDriver] [  885] - Action Type : WAITFORELEMENT
[INFO ][2015-12-08 15:29:55,467][com.java.SeleniumDriver] [  894] -  RESULT true
[INFO ][2015-12-08 15:29:55,467][com.java.SeleniumDriver] [ 1100] - ?   P A S S   ?
[INFO ][2015-12-08 15:29:55,467][com.java.SeleniumDriver] [  821] - ------------------------------------------
[INFO ][2015-12-08 15:29:55,467][com.java.SeleniumDriver] [  822] - Test case being Executed: 6
[INFO ][2015-12-08 15:29:55,467][com.java.SeleniumDriver] [  833] - Test step:61
[INFO ][2015-12-08 15:29:55,467][com.java.SeleniumDriver] [  845] - Datavalue is----------null
[DEBUG][2015-12-08 15:29:55,467][com.java.SeleniumDriver] [  863] - Exception: null
[INFO ][2015-12-08 15:29:55,467][com.java.SeleniumDriver] [  869] - DataField : HDNmenuTools
[INFO ][2015-12-08 15:29:55,467][com.java.SeleniumDriver] [  871] - DataValue : 
[INFO ][2015-12-08 15:29:55,467][com.java.SeleniumDriver] [  877] - <In Set values of the page>
[INFO ][2015-12-08 15:29:55,467][com.java.SeleniumDriver] [  880] - {Data Fields & Data Values Exist}
[INFO ][2015-12-08 15:29:55,467][com.java.SeleniumDriver] [  882] - --------------------------setting values-----------------------------
[INFO ][2015-12-08 15:29:55,467][com.java.SeleniumDriver] [  885] - Action Type : CLICK
[INFO ][2015-12-08 15:29:55,467][com.java.TestType] [ 5774] - Field ::HDNmenuTools
[INFO ][2015-12-08 15:29:58,078][com.java.SeleniumDriver] [  894] -  RESULT true
[INFO ][2015-12-08 15:29:58,078][com.java.SeleniumDriver] [ 1100] - ?   P A S S   ?
[INFO ][2015-12-08 15:29:58,078][com.java.SeleniumDriver] [  821] - ------------------------------------------
[INFO ][2015-12-08 15:29:58,078][com.java.SeleniumDriver] [  822] - Test case being Executed: 6
[INFO ][2015-12-08 15:29:58,078][com.java.SeleniumDriver] [  833] - Test step:62
[INFO ][2015-12-08 15:29:58,078][com.java.SeleniumDriver] [  845] - Datavalue is----------2
[INFO ][2015-12-08 15:29:58,078][com.java.SeleniumDriver] [  869] - DataField : DSPmenuProjectOptions
[INFO ][2015-12-08 15:29:58,078][com.java.SeleniumDriver] [  871] - DataValue : 2
[INFO ][2015-12-08 15:29:58,078][com.java.SeleniumDriver] [  877] - <In Set values of the page>
[INFO ][2015-12-08 15:29:58,078][com.java.SeleniumDriver] [  880] - {Data Fields & Data Values Exist}
[INFO ][2015-12-08 15:29:58,078][com.java.SeleniumDriver] [  882] - --------------------------setting values-----------------------------
[INFO ][2015-12-08 15:29:58,078][com.java.SeleniumDriver] [  885] - Action Type : WAITFORELEMENT
[INFO ][2015-12-08 15:29:59,736][com.java.SeleniumDriver] [  894] -  RESULT true
[INFO ][2015-12-08 15:29:59,736][com.java.SeleniumDriver] [ 1100] - ?   P A S S   ?
[INFO ][2015-12-08 15:29:59,736][com.java.SeleniumDriver] [  821] - ------------------------------------------
[INFO ][2015-12-08 15:29:59,736][com.java.SeleniumDriver] [  822] - Test case being Executed: 6
[INFO ][2015-12-08 15:29:59,736][com.java.SeleniumDriver] [  833] - Test step:63
[INFO ][2015-12-08 15:29:59,736][com.java.SeleniumDriver] [  845] - Datavalue is----------null
[DEBUG][2015-12-08 15:29:59,736][com.java.SeleniumDriver] [  863] - Exception: null
[INFO ][2015-12-08 15:29:59,736][com.java.SeleniumDriver] [  869] - DataField : BTNmenuProjectOptions
[INFO ][2015-12-08 15:29:59,736][com.java.SeleniumDriver] [  871] - DataValue : 
[INFO ][2015-12-08 15:29:59,736][com.java.SeleniumDriver] [  877] - <In Set values of the page>
[INFO ][2015-12-08 15:29:59,736][com.java.SeleniumDriver] [  880] - {Data Fields & Data Values Exist}
[INFO ][2015-12-08 15:29:59,736][com.java.SeleniumDriver] [  882] - --------------------------setting values-----------------------------
[INFO ][2015-12-08 15:29:59,736][com.java.SeleniumDriver] [  885] - Action Type : CLICK
[INFO ][2015-12-08 15:29:59,736][com.java.TestType] [ 5774] - Field ::BTNmenuProjectOptions
[INFO ][2015-12-08 15:30:00,736][com.java.TestType] [ 5847] - BEFORE CLICK
[INFO ][2015-12-08 15:30:03,942][com.java.TestType] [ 5854] - Unable to click the object ProjectOptions
[INFO ][2015-12-08 15:30:03,942][com.java.SeleniumDriver] [  894] -  RESULT true
[INFO ][2015-12-08 15:30:03,942][com.java.SeleniumDriver] [ 1100] - ?   P A S S   ?
[INFO ][2015-12-08 15:30:03,942][com.java.SeleniumDriver] [  821] - ------------------------------------------
[INFO ][2015-12-08 15:30:03,942][com.java.SeleniumDriver] [  822] - Test case being Executed: 6
[INFO ][2015-12-08 15:30:03,942][com.java.SeleniumDriver] [  833] - Test step:64
[INFO ][2015-12-08 15:30:03,942][com.java.SeleniumDriver] [  845] - Datavalue is----------null
[DEBUG][2015-12-08 15:30:03,942][com.java.SeleniumDriver] [  863] - Exception: null
[INFO ][2015-12-08 15:30:03,942][com.java.SeleniumDriver] [  869] - DataField : BTNframeDialogContent
[INFO ][2015-12-08 15:30:03,942][com.java.SeleniumDriver] [  871] - DataValue : 
[INFO ][2015-12-08 15:30:03,942][com.java.SeleniumDriver] [  877] - <In Set values of the page>
[INFO ][2015-12-08 15:30:03,942][com.java.SeleniumDriver] [  880] - {Data Fields & Data Values Exist}
[INFO ][2015-12-08 15:30:03,942][com.java.SeleniumDriver] [  882] - --------------------------setting values-----------------------------
[INFO ][2015-12-08 15:30:03,942][com.java.SeleniumDriver] [  885] - Action Type : SELECTFRAME
[INFO ][2015-12-08 15:30:05,544][com.java.SeleniumDriver] [  894] -  RESULT true
[INFO ][2015-12-08 15:30:05,544][com.java.SeleniumDriver] [ 1100] - ?   P A S S   ?
[INFO ][2015-12-08 15:30:05,544][com.java.SeleniumDriver] [  821] - ------------------------------------------
[INFO ][2015-12-08 15:30:05,544][com.java.SeleniumDriver] [  822] - Test case being Executed: 6
[INFO ][2015-12-08 15:30:05,544][com.java.SeleniumDriver] [  833] - Test step:65
[INFO ][2015-12-08 15:30:05,544][com.java.SeleniumDriver] [  845] - Datavalue is----------2
[INFO ][2015-12-08 15:30:05,544][com.java.SeleniumDriver] [  869] - DataField : DSP//li[text()='Project History']
[INFO ][2015-12-08 15:30:05,544][com.java.SeleniumDriver] [  871] - DataValue : 2
[INFO ][2015-12-08 15:30:05,544][com.java.SeleniumDriver] [  877] - <In Set values of the page>
[INFO ][2015-12-08 15:30:05,544][com.java.SeleniumDriver] [  880] - {Data Fields & Data Values Exist}
[INFO ][2015-12-08 15:30:05,544][com.java.SeleniumDriver] [  882] - --------------------------setting values-----------------------------
[INFO ][2015-12-08 15:30:05,544][com.java.SeleniumDriver] [  885] - Action Type : WAITFORELEMENT
[INFO ][2015-12-08 15:30:05,724][com.java.SeleniumDriver] [  894] -  RESULT true
[INFO ][2015-12-08 15:30:05,724][com.java.SeleniumDriver] [ 1100] - ?   P A S S   ?
[INFO ][2015-12-08 15:30:05,724][com.java.SeleniumDriver] [  821] - ------------------------------------------
[INFO ][2015-12-08 15:30:05,724][com.java.SeleniumDriver] [  822] - Test case being Executed: 6
[INFO ][2015-12-08 15:30:05,724][com.java.SeleniumDriver] [  833] - Test step:66
[INFO ][2015-12-08 15:30:05,724][com.java.SeleniumDriver] [  845] - Datavalue is----------null
[DEBUG][2015-12-08 15:30:05,724][com.java.SeleniumDriver] [  863] - Exception: null
[INFO ][2015-12-08 15:30:05,724][com.java.SeleniumDriver] [  869] - DataField : XPH//li[text()='Project History']
[INFO ][2015-12-08 15:30:05,724][com.java.SeleniumDriver] [  871] - DataValue : 
[INFO ][2015-12-08 15:30:05,724][com.java.SeleniumDriver] [  877] - <In Set values of the page>
[INFO ][2015-12-08 15:30:05,724][com.java.SeleniumDriver] [  880] - {Data Fields & Data Values Exist}
[INFO ][2015-12-08 15:30:05,724][com.java.SeleniumDriver] [  882] - --------------------------setting values-----------------------------
[INFO ][2015-12-08 15:30:05,724][com.java.SeleniumDriver] [  885] - Action Type : CLICK
[INFO ][2015-12-08 15:30:05,724][com.java.TestType] [ 5774] - Field ::XPH//li[text()='Project History']
[INFO ][2015-12-08 15:30:06,724][com.java.TestType] [ 5868] - BEFORE CLICK
[INFO ][2015-12-08 15:30:07,544][com.java.TestType] [ 5876] - Unable to click the object ProjectHistory
[INFO ][2015-12-08 15:30:07,544][com.java.SeleniumDriver] [  894] -  RESULT true
[INFO ][2015-12-08 15:30:07,544][com.java.SeleniumDriver] [ 1100] - ?   P A S S   ?
[INFO ][2015-12-08 15:30:07,544][com.java.SeleniumDriver] [  821] - ------------------------------------------
[INFO ][2015-12-08 15:30:07,544][com.java.SeleniumDriver] [  822] - Test case being Executed: 6
[INFO ][2015-12-08 15:30:07,544][com.java.SeleniumDriver] [  833] - Test step:67
[INFO ][2015-12-08 15:30:07,544][com.java.SeleniumDriver] [  845] - Datavalue is----------null
[DEBUG][2015-12-08 15:30:07,544][com.java.SeleniumDriver] [  863] - Exception: null
[INFO ][2015-12-08 15:30:07,544][com.java.SeleniumDriver] [  869] - DataField : //table[@id='tblProjectHistorySync']/tbody/tr[1]/td[2]
[INFO ][2015-12-08 15:30:07,544][com.java.SeleniumDriver] [  871] - DataValue : 
[INFO ][2015-12-08 15:30:07,544][com.java.SeleniumDriver] [  877] - <In Set values of the page>
[INFO ][2015-12-08 15:30:07,544][com.java.SeleniumDriver] [  880] - {Data Fields & Data Values Exist}
[INFO ][2015-12-08 15:30:07,544][com.java.SeleniumDriver] [  882] - --------------------------setting values-----------------------------
[INFO ][2015-12-08 15:30:07,544][com.java.SeleniumDriver] [  885] - Action Type : GETTABLESIZEAFTER
[INFO ][2015-12-08 15:30:07,665][com.java.SeleniumDriver] [  894] -  RESULT true
[INFO ][2015-12-08 15:30:07,665][com.java.SeleniumDriver] [ 1100] - ?   P A S S   ?
[INFO ][2015-12-08 15:30:07,665][com.java.SeleniumDriver] [  821] - ------------------------------------------
[INFO ][2015-12-08 15:30:07,665][com.java.SeleniumDriver] [  822] - Test case being Executed: 6
[INFO ][2015-12-08 15:30:07,665][com.java.SeleniumDriver] [  833] - Test step:68
[INFO ][2015-12-08 15:30:07,665][com.java.SeleniumDriver] [  845] - Datavalue is----------null
[DEBUG][2015-12-08 15:30:07,665][com.java.SeleniumDriver] [  863] - Exception: null
[INFO ][2015-12-08 15:30:07,665][com.java.SeleniumDriver] [  869] - DataField : BTNParent
[INFO ][2015-12-08 15:30:07,665][com.java.SeleniumDriver] [  871] - DataValue : 
[INFO ][2015-12-08 15:30:07,665][com.java.SeleniumDriver] [  877] - <In Set values of the page>
[INFO ][2015-12-08 15:30:07,665][com.java.SeleniumDriver] [  880] - {Data Fields & Data Values Exist}
[INFO ][2015-12-08 15:30:07,665][com.java.SeleniumDriver] [  882] - --------------------------setting values-----------------------------
[INFO ][2015-12-08 15:30:07,665][com.java.SeleniumDriver] [  885] - Action Type : SELECTFRAME
[INFO ][2015-12-08 15:30:07,695][com.java.SeleniumDriver] [  894] -  RESULT true
[INFO ][2015-12-08 15:30:07,695][com.java.SeleniumDriver] [ 1100] - ?   P A S S   ?
[INFO ][2015-12-08 15:30:07,695][com.java.SeleniumDriver] [  821] - ------------------------------------------
[INFO ][2015-12-08 15:30:07,695][com.java.SeleniumDriver] [  822] - Test case being Executed: 6
[INFO ][2015-12-08 15:30:07,695][com.java.SeleniumDriver] [  833] - Test step:69
[INFO ][2015-12-08 15:30:07,695][com.java.SeleniumDriver] [  845] - Datavalue is----------Forecasting 
[INFO ][2015-12-08 15:30:07,695][com.java.SeleniumDriver] [  869] - DataField : TTL
[INFO ][2015-12-08 15:30:07,695][com.java.SeleniumDriver] [  871] - DataValue : Forecasting 
[INFO ][2015-12-08 15:30:07,695][com.java.SeleniumDriver] [  877] - <In Set values of the page>
[INFO ][2015-12-08 15:30:07,695][com.java.SeleniumDriver] [  880] - {Data Fields & Data Values Exist}
[INFO ][2015-12-08 15:30:07,695][com.java.SeleniumDriver] [  882] - --------------------------setting values-----------------------------
[INFO ][2015-12-08 15:30:07,695][com.java.SeleniumDriver] [  885] - Action Type : CLOSEWINDOW
[INFO ][2015-12-08 15:30:08,164][com.java.SeleniumDriver] [  894] -  RESULT true
[INFO ][2015-12-08 15:30:08,164][com.java.SeleniumDriver] [ 1100] - ?   P A S S   ?
[INFO ][2015-12-08 15:30:08,164][com.java.SeleniumDriver] [  821] - ------------------------------------------
[INFO ][2015-12-08 15:30:08,164][com.java.SeleniumDriver] [  822] - Test case being Executed: 6
[INFO ][2015-12-08 15:30:08,164][com.java.SeleniumDriver] [  833] - Test step:70
[INFO ][2015-12-08 15:30:08,164][com.java.SeleniumDriver] [  845] - Datavalue is----------Banker'sDashboard
[INFO ][2015-12-08 15:30:08,164][com.java.SeleniumDriver] [  869] - DataField : TTL
[INFO ][2015-12-08 15:30:08,164][com.java.SeleniumDriver] [  871] - DataValue : Banker'sDashboard
[INFO ][2015-12-08 15:30:08,164][com.java.SeleniumDriver] [  877] - <In Set values of the page>
[INFO ][2015-12-08 15:30:08,164][com.java.SeleniumDriver] [  880] - {Data Fields & Data Values Exist}
[INFO ][2015-12-08 15:30:08,164][com.java.SeleniumDriver] [  882] - --------------------------setting values-----------------------------
[INFO ][2015-12-08 15:30:08,164][com.java.SeleniumDriver] [  885] - Action Type : SelectWindow
[INFO ][2015-12-08 15:30:20,420][com.java.SeleniumDriver] [  894] -  RESULT true
[INFO ][2015-12-08 15:30:20,420][com.java.SeleniumDriver] [ 1100] - ?   P A S S   ?
[INFO ][2015-12-08 15:30:20,420][com.java.SeleniumDriver] [  821] - ------------------------------------------
[INFO ][2015-12-08 15:30:20,420][com.java.SeleniumDriver] [  822] - Test case being Executed: 6
[INFO ][2015-12-08 15:30:20,420][com.java.SeleniumDriver] [  833] - Test step:71
[INFO ][2015-12-08 15:30:20,420][com.java.SeleniumDriver] [  845] - Datavalue is----------1
[INFO ][2015-12-08 15:30:20,420][com.java.SeleniumDriver] [  869] - DataField : null
[INFO ][2015-12-08 15:30:20,420][com.java.SeleniumDriver] [  871] - DataValue : 1
[INFO ][2015-12-08 15:30:20,420][com.java.SeleniumDriver] [  877] - <In Set values of the page>
[INFO ][2015-12-08 15:30:20,420][com.java.SeleniumDriver] [  880] - {Data Fields & Data Values Exist}
[INFO ][2015-12-08 15:30:20,420][com.java.SeleniumDriver] [  882] - --------------------------setting values-----------------------------
[INFO ][2015-12-08 15:30:20,420][com.java.SeleniumDriver] [  885] - Action Type : WAITTIME
[DEBUG][2015-12-08 15:30:20,420][com.java.TestType] [ 5266] - sleepTime: 1000
[INFO ][2015-12-08 15:30:21,420][com.java.SeleniumDriver] [  894] -  RESULT true
[INFO ][2015-12-08 15:30:21,420][com.java.SeleniumDriver] [ 1100] - ?   P A S S   ?
[DEBUG][2015-12-08 15:30:21,420][com.java.SeleniumDriver] [ 1212] - Case found
[DEBUG][2015-12-08 15:30:21,420][com.java.SeleniumDriver] [ 1217] - Incrementing ReportCounters[0]:2
[INFO ][2015-12-08 15:30:21,420][com.java.SeleniumDriver] [ 1236] - The results are-------------------[6, 1, Synchronize Historical, Pass, , Tue Dec 08 15:23:54 IST 2015, 6, 3, Synchronize Historical, Pass, , Tue Dec 08 15:23:59 IST 2015, 6, 4, Synchronize Historical, Pass, , Tue Dec 08 15:24:19 IST 2015, 6, 5, Synchronize Historical, Pass, , Tue Dec 08 15:24:24 IST 2015, 6, 6, Synchronize Historical, Pass, , Tue Dec 08 15:24:37 IST 2015, 6, 7, Synchronize Historical, Pass, , Tue Dec 08 15:24:39 IST 2015, 6, 8, Synchronize Historical, Pass, , Tue Dec 08 15:24:40 IST 2015, 6, 9, Synchronize Historical, Pass, , Tue Dec 08 15:24:42 IST 2015, 6, 10, Synchronize Historical, Pass, , Tue Dec 08 15:24:44 IST 2015, 6, 11, Synchronize Historical, Pass, , Tue Dec 08 15:24:48 IST 2015, 6, 12, Synchronize Historical, Pass, , Tue Dec 08 15:24:53 IST 2015, 6, 13, Synchronize Historical, Pass, , Tue Dec 08 15:24:53 IST 2015, 6, 14, Synchronize Historical, Pass, , Tue Dec 08 15:24:53 IST 2015, 6, 15, Synchronize Historical, Pass, , Tue Dec 08 15:25:04 IST 2015, 6, 16, Synchronize Historical, Pass, , Tue Dec 08 15:25:04 IST 2015, 6, 17, Synchronize Historical, Pass, , Tue Dec 08 15:25:06 IST 2015, 6, 18, Synchronize Historical, Pass, , Tue Dec 08 15:25:08 IST 2015, 6, 19, Synchronize Historical, Pass, , Tue Dec 08 15:25:11 IST 2015, 6, 20, Synchronize Historical, Pass, , Tue Dec 08 15:25:13 IST 2015, 6, 21, Synchronize Historical, Pass, , Tue Dec 08 15:25:13 IST 2015, 6, 22, Synchronize Historical, Pass, , Tue Dec 08 15:25:14 IST 2015, 6, 23, Synchronize Historical, Pass, , Tue Dec 08 15:25:16 IST 2015, 6, 24, Synchronize Historical, Pass, , Tue Dec 08 15:25:19 IST 2015, 6, 25, Synchronize Historical, Pass, , Tue Dec 08 15:25:22 IST 2015, 6, 26, Synchronize Historical, Pass, , Tue Dec 08 15:25:31 IST 2015, 6, 27, Synchronize Historical, Pass, , Tue Dec 08 15:25:31 IST 2015, 6, 28, Synchronize Historical, Pass, , Tue Dec 08 15:25:31 IST 2015, 6, 29, Synchronize Historical, Pass, , Tue Dec 08 15:25:33 IST 2015, 6, 30, Synchronize Historical, Pass, , Tue Dec 08 15:25:33 IST 2015, 6, 31, Synchronize Historical, Pass, , Tue Dec 08 15:25:36 IST 2015, 6, 32, Synchronize Historical, Pass, , Tue Dec 08 15:25:48 IST 2015, 6, 33, Synchronize Historical, Pass, , Tue Dec 08 15:25:53 IST 2015, 6, 34, Synchronize Historical, Pass, , Tue Dec 08 15:26:13 IST 2015, 6, 35, Synchronize Historical, Pass, , Tue Dec 08 15:26:18 IST 2015, 6, 36, Synchronize Historical, Pass, , Tue Dec 08 15:26:31 IST 2015, 6, 37, Synchronize Historical, Pass, , Tue Dec 08 15:26:32 IST 2015, 6, 38, Synchronize Historical, Pass, , Tue Dec 08 15:26:33 IST 2015, 6, 39, Synchronize Historical, Pass, , Tue Dec 08 15:26:35 IST 2015, 6, 40, Synchronize Historical, Pass, , Tue Dec 08 15:26:35 IST 2015, 6, 41, Synchronize Historical, Pass, , Tue Dec 08 15:26:35 IST 2015, 6, 42, Synchronize Historical, Pass, , Tue Dec 08 15:26:40 IST 2015, 6, 43, Synchronize Historical, Pass, , Tue Dec 08 15:26:53 IST 2015, 6, 44, Synchronize Historical, Pass, , Tue Dec 08 15:27:09 IST 2015, 6, 45, Synchronize Historical, Pass, , Tue Dec 08 15:28:25 IST 2015, 6, 46, Synchronize Historical, Pass, , Tue Dec 08 15:28:49 IST 2015, 6, 47, Synchronize Historical, Pass, , Tue Dec 08 15:28:54 IST 2015, 6, 48, Synchronize Historical, Pass, , Tue Dec 08 15:29:14 IST 2015, 6, 49, Synchronize Historical, Pass, , Tue Dec 08 15:29:19 IST 2015, 6, 50, Synchronize Historical, Pass, , Tue Dec 08 15:29:21 IST 2015, 6, 51, Synchronize Historical, Pass, , Tue Dec 08 15:29:34 IST 2015, 6, 52, Synchronize Historical, Pass, , Tue Dec 08 15:29:37 IST 2015, 6, 53, Synchronize Historical, Pass, , Tue Dec 08 15:29:39 IST 2015, 6, 54, Synchronize Historical, Pass, , Tue Dec 08 15:29:40 IST 2015, 6, 55, Synchronize Historical, Pass, , Tue Dec 08 15:29:45 IST 2015, 6, 56, Synchronize Historical, Pass, , Tue Dec 08 15:29:49 IST 2015, 6, 57, Synchronize Historical, Pass, , Tue Dec 08 15:29:50 IST 2015, 6, 58, Synchronize Historical, Pass, , Tue Dec 08 15:29:50 IST 2015, 6, 59, Synchronize Historical, Pass, , Tue Dec 08 15:29:55 IST 2015, 6, 60, Synchronize Historical, Pass, , Tue Dec 08 15:29:55 IST 2015, 6, 61, Synchronize Historical, Pass, , Tue Dec 08 15:29:58 IST 2015, 6, 62, Synchronize Historical, Pass, , Tue Dec 08 15:29:59 IST 2015, 6, 63, Synchronize Historical, Pass, , Tue Dec 08 15:30:03 IST 2015, 6, 64, Synchronize Historical, Pass, , Tue Dec 08 15:30:05 IST 2015, 6, 65, Synchronize Historical, Pass, , Tue Dec 08 15:30:05 IST 2015, 6, 66, Synchronize Historical, Pass, , Tue Dec 08 15:30:07 IST 2015, 6, 67, Synchronize Historical, Pass, , Tue Dec 08 15:30:07 IST 2015, 6, 68, Synchronize Historical, Pass, , Tue Dec 08 15:30:07 IST 2015, 6, 69, Synchronize Historical, Pass, , Tue Dec 08 15:30:08 IST 2015, 6, 70, Synchronize Historical, Pass, , Tue Dec 08 15:30:20 IST 2015, 6, 71, Synchronize Historical, Pass, , Tue Dec 08 15:30:21 IST 2015]
[INFO ][2015-12-08 15:30:21,420][com.java.SeleniumDriver] [ 1240] - End time is-------7 min 31 sec
[INFO ][2015-12-08 15:30:21,420][com.java.SeleniumDriver] [ 1241] - The results are-------------------[6, 1, Synchronize Historical, Pass, , Tue Dec 08 15:23:54 IST 2015, 6, 3, Synchronize Historical, Pass, , Tue Dec 08 15:23:59 IST 2015, 6, 4, Synchronize Historical, Pass, , Tue Dec 08 15:24:19 IST 2015, 6, 5, Synchronize Historical, Pass, , Tue Dec 08 15:24:24 IST 2015, 6, 6, Synchronize Historical, Pass, , Tue Dec 08 15:24:37 IST 2015, 6, 7, Synchronize Historical, Pass, , Tue Dec 08 15:24:39 IST 2015, 6, 8, Synchronize Historical, Pass, , Tue Dec 08 15:24:40 IST 2015, 6, 9, Synchronize Historical, Pass, , Tue Dec 08 15:24:42 IST 2015, 6, 10, Synchronize Historical, Pass, , Tue Dec 08 15:24:44 IST 2015, 6, 11, Synchronize Historical, Pass, , Tue Dec 08 15:24:48 IST 2015, 6, 12, Synchronize Historical, Pass, , Tue Dec 08 15:24:53 IST 2015, 6, 13, Synchronize Historical, Pass, , Tue Dec 08 15:24:53 IST 2015, 6, 14, Synchronize Historical, Pass, , Tue Dec 08 15:24:53 IST 2015, 6, 15, Synchronize Historical, Pass, , Tue Dec 08 15:25:04 IST 2015, 6, 16, Synchronize Historical, Pass, , Tue Dec 08 15:25:04 IST 2015, 6, 17, Synchronize Historical, Pass, , Tue Dec 08 15:25:06 IST 2015, 6, 18, Synchronize Historical, Pass, , Tue Dec 08 15:25:08 IST 2015, 6, 19, Synchronize Historical, Pass, , Tue Dec 08 15:25:11 IST 2015, 6, 20, Synchronize Historical, Pass, , Tue Dec 08 15:25:13 IST 2015, 6, 21, Synchronize Historical, Pass, , Tue Dec 08 15:25:13 IST 2015, 6, 22, Synchronize Historical, Pass, , Tue Dec 08 15:25:14 IST 2015, 6, 23, Synchronize Historical, Pass, , Tue Dec 08 15:25:16 IST 2015, 6, 24, Synchronize Historical, Pass, , Tue Dec 08 15:25:19 IST 2015, 6, 25, Synchronize Historical, Pass, , Tue Dec 08 15:25:22 IST 2015, 6, 26, Synchronize Historical, Pass, , Tue Dec 08 15:25:31 IST 2015, 6, 27, Synchronize Historical, Pass, , Tue Dec 08 15:25:31 IST 2015, 6, 28, Synchronize Historical, Pass, , Tue Dec 08 15:25:31 IST 2015, 6, 29, Synchronize Historical, Pass, , Tue Dec 08 15:25:33 IST 2015, 6, 30, Synchronize Historical, Pass, , Tue Dec 08 15:25:33 IST 2015, 6, 31, Synchronize Historical, Pass, , Tue Dec 08 15:25:36 IST 2015, 6, 32, Synchronize Historical, Pass, , Tue Dec 08 15:25:48 IST 2015, 6, 33, Synchronize Historical, Pass, , Tue Dec 08 15:25:53 IST 2015, 6, 34, Synchronize Historical, Pass, , Tue Dec 08 15:26:13 IST 2015, 6, 35, Synchronize Historical, Pass, , Tue Dec 08 15:26:18 IST 2015, 6, 36, Synchronize Historical, Pass, , Tue Dec 08 15:26:31 IST 2015, 6, 37, Synchronize Historical, Pass, , Tue Dec 08 15:26:32 IST 2015, 6, 38, Synchronize Historical, Pass, , Tue Dec 08 15:26:33 IST 2015, 6, 39, Synchronize Historical, Pass, , Tue Dec 08 15:26:35 IST 2015, 6, 40, Synchronize Historical, Pass, , Tue Dec 08 15:26:35 IST 2015, 6, 41, Synchronize Historical, Pass, , Tue Dec 08 15:26:35 IST 2015, 6, 42, Synchronize Historical, Pass, , Tue Dec 08 15:26:40 IST 2015, 6, 43, Synchronize Historical, Pass, , Tue Dec 08 15:26:53 IST 2015, 6, 44, Synchronize Historical, Pass, , Tue Dec 08 15:27:09 IST 2015, 6, 45, Synchronize Historical, Pass, , Tue Dec 08 15:28:25 IST 2015, 6, 46, Synchronize Historical, Pass, , Tue Dec 08 15:28:49 IST 2015, 6, 47, Synchronize Historical, Pass, , Tue Dec 08 15:28:54 IST 2015, 6, 48, Synchronize Historical, Pass, , Tue Dec 08 15:29:14 IST 2015, 6, 49, Synchronize Historical, Pass, , Tue Dec 08 15:29:19 IST 2015, 6, 50, Synchronize Historical, Pass, , Tue Dec 08 15:29:21 IST 2015, 6, 51, Synchronize Historical, Pass, , Tue Dec 08 15:29:34 IST 2015, 6, 52, Synchronize Historical, Pass, , Tue Dec 08 15:29:37 IST 2015, 6, 53, Synchronize Historical, Pass, , Tue Dec 08 15:29:39 IST 2015, 6, 54, Synchronize Historical, Pass, , Tue Dec 08 15:29:40 IST 2015, 6, 55, Synchronize Historical, Pass, , Tue Dec 08 15:29:45 IST 2015, 6, 56, Synchronize Historical, Pass, , Tue Dec 08 15:29:49 IST 2015, 6, 57, Synchronize Historical, Pass, , Tue Dec 08 15:29:50 IST 2015, 6, 58, Synchronize Historical, Pass, , Tue Dec 08 15:29:50 IST 2015, 6, 59, Synchronize Historical, Pass, , Tue Dec 08 15:29:55 IST 2015, 6, 60, Synchronize Historical, Pass, , Tue Dec 08 15:29:55 IST 2015, 6, 61, Synchronize Historical, Pass, , Tue Dec 08 15:29:58 IST 2015, 6, 62, Synchronize Historical, Pass, , Tue Dec 08 15:29:59 IST 2015, 6, 63, Synchronize Historical, Pass, , Tue Dec 08 15:30:03 IST 2015, 6, 64, Synchronize Historical, Pass, , Tue Dec 08 15:30:05 IST 2015, 6, 65, Synchronize Historical, Pass, , Tue Dec 08 15:30:05 IST 2015, 6, 66, Synchronize Historical, Pass, , Tue Dec 08 15:30:07 IST 2015, 6, 67, Synchronize Historical, Pass, , Tue Dec 08 15:30:07 IST 2015, 6, 68, Synchronize Historical, Pass, , Tue Dec 08 15:30:07 IST 2015, 6, 69, Synchronize Historical, Pass, , Tue Dec 08 15:30:08 IST 2015, 6, 70, Synchronize Historical, Pass, , Tue Dec 08 15:30:20 IST 2015, 6, 71, Synchronize Historical, Pass, , Tue Dec 08 15:30:21 IST 2015]
[DEBUG][2015-12-08 15:30:21,420][com.java.ImportnExport.ExportTestResultsExcel] [  222] - testResultPath = D:\BankersDashboard/TestReports/Test Results_BankersDashBoard_120815_152252_IE10_CB&S Bank.xls
[DEBUG][2015-12-08 15:30:21,420][com.java.ImportnExport.ExportTestResultsExcel] [  223] - browser is------------IE10
[DEBUG][2015-12-08 15:30:21,420][com.java.ImportnExport.ExportTestResultsExcel] [  270] - result.size() = 420
[DEBUG][2015-12-08 15:30:21,420][com.java.ImportnExport.ExportTestResultsExcel] [  274] - No of rows in sheet=2
[DEBUG][2015-12-08 15:30:21,420][com.java.ImportnExport.ExportTestResultsExcel] [  301] - ..in export..6
[DEBUG][2015-12-08 15:30:21,420][com.java.ImportnExport.ExportTestResultsExcel] [  301] - ..in export..Synchronize Historical
[DEBUG][2015-12-08 15:30:21,420][com.java.ImportnExport.ExportTestResultsExcel] [  301] - ..in export..Pass
[DEBUG][2015-12-08 15:30:21,420][com.java.ImportnExport.ExportTestResultsExcel] [  301] - ..in export..
[DEBUG][2015-12-08 15:30:21,420][com.java.ImportnExport.ExportTestResultsExcel] [  301] - ..in export..Tue Dec 08 15:23:54 IST 2015
[INFO ][2015-12-08 15:30:21,420][com.java.SeleniumDriver] [ 1299] - out loop:1 size:2 TestCases:[1, 6] testcases:[1, 6]
[INFO ][2015-12-08 15:30:23,424][com.java.SeleniumDriver] [ 1342] - Total Number of Cases:2
[INFO ][2015-12-08 15:30:23,424][com.java.TemplateGenerator] [  302] - Executed:2
[INFO ][2015-12-08 15:30:23,424][com.java.TemplateGenerator] [  303] - Passed:2
[INFO ][2015-12-08 15:30:23,424][com.java.TemplateGenerator] [  304] - Failed:0
[INFO ][2015-12-08 15:30:23,424][com.java.TemplateGenerator] [  305] - Skipeed:0
[INFO ][2015-12-08 15:30:23,424][com.java.TemplateGenerator] [  306] - Application URL:https://clients-xuat.bankersdashboard.com
[INFO ][2015-12-08 15:30:23,424][com.java.TemplateGenerator] [  307] - Start Time:120815_152252
[INFO ][2015-12-08 15:30:23,424][com.java.TemplateGenerator] [  308] -  Creating HTML Report 
[ERROR][2015-12-08 15:30:23,424][com.java.TemplateGenerator] [  409] - Unparseable date: "Tue Dec 08 03:22:52 IST 2015"
[INFO ][2015-12-08 15:30:23,424][com.java.TemplateGenerator] [  654] -  Exporting case :: 1
[INFO ][2015-12-08 15:30:23,424][com.java.TemplateGenerator] [  654] -  Exporting case :: 6
[INFO ][2015-12-08 15:30:23,424][com.java.SeleniumDriver] [ 1391] - End Time:120815_153023
[INFO ][2015-12-08 15:30:23,424][com.java.SeleniumDriver] [ 1394] - Data in Test Execution Details:{1=PASS, 6=PASS}
[INFO ][2015-12-08 15:30:23,424][com.java.SeleniumDriver] [ 1395] - Data in Failed Execution Deatils:{}
[INFO ][2015-12-08 15:30:23,424][com.java.SeleniumDriver] [ 1397] - ReportCounter:Total:2 :: PASS: 2 ::FAIL: 0
[INFO ][2015-12-08 15:30:23,424][com.java.SeleniumDriver] [ 1398] - FailedReportCounter:Total:0 :: PASS: 0 ::FAIL: 0
[INFO ][2015-12-08 15:30:23,425][com.java.EmailTestReport] [   63] - Sending report mail details:
[INFO ][2015-12-08 15:30:23,425][com.java.EmailTestReport] [   80] - Excel Report Path:D:\BankersDashboard/TestReports/Test Results_BankersDashBoard_120815_152252_IE10_CB&S Bank.xls
[INFO ][2015-12-08 15:30:23,425][com.java.EmailTestReport] [   81] - HTML Report Path:D:\BankersDashboard//TestReports//Test Results_BankersDashBoard_120815_152252_IE10_CB&S Bank.html
[INFO ][2015-12-08 15:30:23,425][com.java.EmailTestReport] [   82] - smtpHostName:mail01.valuelabs.com
[INFO ][2015-12-08 15:30:23,425][com.java.EmailTestReport] [   83] - Recipient:venkateswararao.gubbala@valuelabs.com;
[INFO ][2015-12-08 15:30:23,425][com.java.EmailTestReport] [   84] - From:venkateswararao.gubbala@valuelabs.com;
[INFO ][2015-12-08 15:30:23,425][com.java.EmailTestReport] [   85] - Subject:Deluxe Corp Bankers Dashboard Automation Test Report - CB&S Bank - IE10
[INFO ][2015-12-08 15:30:23,445][com.java.EmailTestReport] [  143] -  Added venkateswararao.gubbala@valuelabs.com
[INFO ][2015-12-08 15:30:26,845][com.java.SeleniumDriver] [  720] - quitting the browser 
