[INFO ][2015-11-28 09:27:51,248][com.java.SeleniumDriver] [  213] - Execute Failed Casestrue
[INFO ][2015-11-28 09:27:51,248][com.java.SeleniumDriver] [  214] - Browser: IE9
[INFO ][2015-11-28 09:27:51,248][com.java.SeleniumDriver] [  215] - [1, 2, 3, 4, 5, 6, 7, 8, 9, 10, 11, 12]
[INFO ][2015-11-28 09:27:51,248][com.java.SeleniumDriver] [  216] - Total TestCases:12
[INFO ][2015-11-28 09:27:51,248][com.java.SeleniumDriver] [  217] -  Reading Properties from Property File 
[DEBUG][2015-11-28 09:27:51,248][com.java.SeleniumDriver] [  238] - url : https://clients-xuat.bankersdashboard.com
[INFO ][2015-11-28 09:27:51,248][com.java.ImportnExport.ExportTestResultsExcel] [  116] - Time Stamp Sat Nov 28 09:27:51 IST 2015
[INFO ][2015-11-28 09:27:51,248][com.java.ImportnExport.ExportTestResultsExcel] [  175] - OUT FILE : D:\BankersDashboard/TestReports/Test Results_BankersDashBoard_112815_092751_IE9_Mechanics & Farmers Bank.xls
[INFO ][2015-11-28 09:27:51,248][com.java.ImportnExport.ExportTestResultsExcel] [  180] - Test Result file is created
[DEBUG][2015-11-28 09:27:51,248][com.java.SeleniumDriver] [  425] - Hub ip address is-------172.17.68.34
[INFO ][2015-11-28 09:27:51,248][com.java.SeleniumDriver] [  451] - Grid URL:http://172.17.68.34:4444/wd/hub
[INFO ][2015-11-28 09:27:51,248][com.java.SeleniumDriver] [  452] - Capability:Capabilities [{platform=ANY, ensureCleanSession=true, ignoreProtectedModeSettings=true, acceptSslCerts=true, ignoreZoomSetting=true, browserName=internet explorer, browserstack.ie.noFlash=true, version=null}]
[ERROR][2015-11-28 12:27:51,199][com.java.SeleniumDriver] [  496] - Unable invoke browser in grid:Could not start a new session. Possible causes are invalid address of the remote server or browser start-up failure.
Build info: version: '2.48.2', revision: '41bccdd', time: '2015-10-09 19:59:12'
System info: host: 'FVTIII438F1D', ip: '172.17.68.34', os.name: 'Windows 7', os.arch: 'x86', os.version: '6.1', java.version: '1.7.0_55'
Driver info: driver.version: SeleniumDriver
[INFO ][2015-11-28 12:27:51,199][com.java.SeleniumDriver] [  498] - Executing on local machine
[INFO ][2015-11-28 12:28:00,513][com.java.SeleniumDriver] [  248] - IE9is opened
[INFO ][2015-11-28 12:28:01,336][com.java.SeleniumDriver] [  753] - Test cases to be executed are: [1, 2, 3, 4, 5, 6, 7, 8, 9, 10, 11, 12]
[INFO ][2015-11-28 12:28:01,336][com.java.ImportnExport.ImportTestDataDetailsExcel] [   49] - test data details path===== D:\BankersDashboard\TestInputs\TestData.xls
[INFO ][2015-11-28 12:28:01,357][com.java.SeleniumDriver] [  796] - ------------------------------------------
[INFO ][2015-11-28 12:28:01,357][com.java.SeleniumDriver] [  797] - Test case being Executed: 1
[INFO ][2015-11-28 12:28:01,357][com.java.SeleniumDriver] [  808] - Test step:1
[INFO ][2015-11-28 12:28:01,357][com.java.SeleniumDriver] [  820] - Datavalue is----------Concept#1:1-14
[INFO ][2015-11-28 12:28:01,357][com.java.SeleniumDriver] [  844] - DataField : test
[INFO ][2015-11-28 12:28:01,357][com.java.SeleniumDriver] [  846] - DataValue : Concept#1:1-14
[INFO ][2015-11-28 12:28:01,357][com.java.SeleniumDriver] [  852] - <In Set values of the page>
[INFO ][2015-11-28 12:28:01,357][com.java.SeleniumDriver] [  855] - {Data Fields & Data Values Exist}
[INFO ][2015-11-28 12:28:01,357][com.java.SeleniumDriver] [  857] - --------------------------setting values-----------------------------
[INFO ][2015-11-28 12:28:01,357][com.java.SeleniumDriver] [  860] - Action Type : ExecuteTestCase
[INFO ][2015-11-28 12:28:01,357][com.java.TestType] [  432] - The Concept sheet name is ---------- Concept
[INFO ][2015-11-28 12:28:01,357][com.java.TestType] [  435] - The Concept ID  is ---------- 1
[DEBUG][2015-11-28 12:28:01,357][com.java.TestType] [  439] - Steps being executted in the Concept are: 1:14
[INFO ][2015-11-28 12:28:01,357][com.java.TestType] [  446] - Test data details path ---------- D:\BankersDashboard\TestInputs\TestData.xls
[INFO ][2015-11-28 12:28:01,367][com.java.TestType] [  477] -  str(1) = 1
[INFO ][2015-11-28 12:28:01,367][com.java.TestType] [  480] - Test case Id is---1
[INFO ][2015-11-28 12:28:01,367][com.java.TestType] [  482] - 1
[INFO ][2015-11-28 12:28:01,377][com.java.TestType] [  477] -  str(2) = 1
[INFO ][2015-11-28 12:28:01,377][com.java.TestType] [  529] - row values are--------{1=com.java.Objects.TestDataDetails@aa3f5f}
[INFO ][2015-11-28 12:28:01,377][com.java.TestType] [  477] -  str(1) = 1
[INFO ][2015-11-28 12:28:01,377][com.java.TestType] [  480] - Test case Id is---1
[INFO ][2015-11-28 12:28:01,377][com.java.TestType] [  482] - 1
[INFO ][2015-11-28 12:28:01,377][com.java.TestType] [  477] -  str(2) = 2
[INFO ][2015-11-28 12:28:01,377][com.java.TestType] [  529] - row values are--------{1=com.java.Objects.TestDataDetails@aa3f5f, 2=com.java.Objects.TestDataDetails@148a5f6}
[INFO ][2015-11-28 12:28:01,377][com.java.TestType] [  477] -  str(1) = 1
[INFO ][2015-11-28 12:28:01,377][com.java.TestType] [  480] - Test case Id is---1
[INFO ][2015-11-28 12:28:01,377][com.java.TestType] [  482] - 1
[INFO ][2015-11-28 12:28:01,377][com.java.TestType] [  477] -  str(2) = 3
[INFO ][2015-11-28 12:28:01,377][com.java.TestType] [  529] - row values are--------{1=com.java.Objects.TestDataDetails@aa3f5f, 2=com.java.Objects.TestDataDetails@148a5f6, 3=com.java.Objects.TestDataDetails@11734f1}
[INFO ][2015-11-28 12:28:01,377][com.java.TestType] [  477] -  str(1) = 1
[INFO ][2015-11-28 12:28:01,377][com.java.TestType] [  480] - Test case Id is---1
[INFO ][2015-11-28 12:28:01,377][com.java.TestType] [  482] - 1
[INFO ][2015-11-28 12:28:01,377][com.java.TestType] [  477] -  str(2) = 4
[INFO ][2015-11-28 12:28:01,377][com.java.TestType] [  529] - row values are--------{1=com.java.Objects.TestDataDetails@aa3f5f, 2=com.java.Objects.TestDataDetails@148a5f6, 3=com.java.Objects.TestDataDetails@11734f1, 4=com.java.Objects.TestDataDetails@10e1cf8}
[INFO ][2015-11-28 12:28:01,377][com.java.TestType] [  477] -  str(1) = 1
[INFO ][2015-11-28 12:28:01,377][com.java.TestType] [  480] - Test case Id is---1
[INFO ][2015-11-28 12:28:01,377][com.java.TestType] [  482] - 1
[INFO ][2015-11-28 12:28:01,377][com.java.TestType] [  477] -  str(2) = 5
[INFO ][2015-11-28 12:28:01,377][com.java.TestType] [  529] - row values are--------{1=com.java.Objects.TestDataDetails@aa3f5f, 2=com.java.Objects.TestDataDetails@148a5f6, 3=com.java.Objects.TestDataDetails@11734f1, 4=com.java.Objects.TestDataDetails@10e1cf8, 5=com.java.Objects.TestDataDetails@101acf6}
[INFO ][2015-11-28 12:28:01,377][com.java.TestType] [  477] -  str(1) = 1
[INFO ][2015-11-28 12:28:01,377][com.java.TestType] [  480] - Test case Id is---1
[INFO ][2015-11-28 12:28:01,377][com.java.TestType] [  482] - 1
[INFO ][2015-11-28 12:28:01,377][com.java.TestType] [  477] -  str(2) = 6
[INFO ][2015-11-28 12:28:01,377][com.java.TestType] [  529] - row values are--------{1=com.java.Objects.TestDataDetails@aa3f5f, 2=com.java.Objects.TestDataDetails@148a5f6, 3=com.java.Objects.TestDataDetails@11734f1, 4=com.java.Objects.TestDataDetails@10e1cf8, 5=com.java.Objects.TestDataDetails@101acf6, 6=com.java.Objects.TestDataDetails@db74ee}
[INFO ][2015-11-28 12:28:01,377][com.java.TestType] [  477] -  str(1) = 1
[INFO ][2015-11-28 12:28:01,377][com.java.TestType] [  480] - Test case Id is---1
[INFO ][2015-11-28 12:28:01,377][com.java.TestType] [  482] - 1
[INFO ][2015-11-28 12:28:01,377][com.java.TestType] [  477] -  str(2) = 7
[INFO ][2015-11-28 12:28:01,377][com.java.TestType] [  529] - row values are--------{1=com.java.Objects.TestDataDetails@aa3f5f, 2=com.java.Objects.TestDataDetails@148a5f6, 3=com.java.Objects.TestDataDetails@11734f1, 4=com.java.Objects.TestDataDetails@10e1cf8, 5=com.java.Objects.TestDataDetails@101acf6, 6=com.java.Objects.TestDataDetails@db74ee, 7=com.java.Objects.TestDataDetails@1a6586}
[INFO ][2015-11-28 12:28:01,377][com.java.TestType] [  477] -  str(1) = 1
[INFO ][2015-11-28 12:28:01,377][com.java.TestType] [  480] - Test case Id is---1
[INFO ][2015-11-28 12:28:01,377][com.java.TestType] [  482] - 1
[INFO ][2015-11-28 12:28:01,377][com.java.TestType] [  477] -  str(2) = 8
[INFO ][2015-11-28 12:28:01,377][com.java.TestType] [  529] - row values are--------{1=com.java.Objects.TestDataDetails@aa3f5f, 2=com.java.Objects.TestDataDetails@148a5f6, 3=com.java.Objects.TestDataDetails@11734f1, 4=com.java.Objects.TestDataDetails@10e1cf8, 5=com.java.Objects.TestDataDetails@101acf6, 6=com.java.Objects.TestDataDetails@db74ee, 7=com.java.Objects.TestDataDetails@1a6586, 8=com.java.Objects.TestDataDetails@11d6b25}
[INFO ][2015-11-28 12:28:01,377][com.java.TestType] [  477] -  str(1) = 1
[INFO ][2015-11-28 12:28:01,377][com.java.TestType] [  480] - Test case Id is---1
[INFO ][2015-11-28 12:28:01,377][com.java.TestType] [  482] - 1
[INFO ][2015-11-28 12:28:01,377][com.java.TestType] [  477] -  str(2) = 9
[INFO ][2015-11-28 12:28:01,377][com.java.TestType] [  529] - row values are--------{1=com.java.Objects.TestDataDetails@aa3f5f, 2=com.java.Objects.TestDataDetails@148a5f6, 3=com.java.Objects.TestDataDetails@11734f1, 4=com.java.Objects.TestDataDetails@10e1cf8, 5=com.java.Objects.TestDataDetails@101acf6, 6=com.java.Objects.TestDataDetails@db74ee, 7=com.java.Objects.TestDataDetails@1a6586, 8=com.java.Objects.TestDataDetails@11d6b25, 9=com.java.Objects.TestDataDetails@198b558}
[INFO ][2015-11-28 12:28:01,377][com.java.TestType] [  477] -  str(1) = 1
[INFO ][2015-11-28 12:28:01,377][com.java.TestType] [  480] - Test case Id is---1
[INFO ][2015-11-28 12:28:01,377][com.java.TestType] [  482] - 1
[INFO ][2015-11-28 12:28:01,377][com.java.TestType] [  477] -  str(2) = 10
[INFO ][2015-11-28 12:28:01,377][com.java.TestType] [  529] - row values are--------{1=com.java.Objects.TestDataDetails@aa3f5f, 2=com.java.Objects.TestDataDetails@148a5f6, 3=com.java.Objects.TestDataDetails@11734f1, 4=com.java.Objects.TestDataDetails@10e1cf8, 5=com.java.Objects.TestDataDetails@101acf6, 6=com.java.Objects.TestDataDetails@db74ee, 7=com.java.Objects.TestDataDetails@1a6586, 8=com.java.Objects.TestDataDetails@11d6b25, 9=com.java.Objects.TestDataDetails@198b558, 10=com.java.Objects.TestDataDetails@177d9f3}
[INFO ][2015-11-28 12:28:01,377][com.java.TestType] [  477] -  str(1) = 1
[INFO ][2015-11-28 12:28:01,377][com.java.TestType] [  480] - Test case Id is---1
[INFO ][2015-11-28 12:28:01,377][com.java.TestType] [  482] - 1
[INFO ][2015-11-28 12:28:01,377][com.java.TestType] [  477] -  str(2) = 11
[INFO ][2015-11-28 12:28:01,377][com.java.TestType] [  529] - row values are--------{1=com.java.Objects.TestDataDetails@aa3f5f, 2=com.java.Objects.TestDataDetails@148a5f6, 3=com.java.Objects.TestDataDetails@11734f1, 4=com.java.Objects.TestDataDetails@10e1cf8, 5=com.java.Objects.TestDataDetails@101acf6, 6=com.java.Objects.TestDataDetails@db74ee, 7=com.java.Objects.TestDataDetails@1a6586, 8=com.java.Objects.TestDataDetails@11d6b25, 9=com.java.Objects.TestDataDetails@198b558, 10=com.java.Objects.TestDataDetails@177d9f3, 11=com.java.Objects.TestDataDetails@51168}
[INFO ][2015-11-28 12:28:01,377][com.java.TestType] [  477] -  str(1) = 1
[INFO ][2015-11-28 12:28:01,377][com.java.TestType] [  480] - Test case Id is---1
[INFO ][2015-11-28 12:28:01,377][com.java.TestType] [  482] - 1
[INFO ][2015-11-28 12:28:01,387][com.java.TestType] [  477] -  str(2) = 12
[INFO ][2015-11-28 12:28:01,387][com.java.TestType] [  529] - row values are--------{1=com.java.Objects.TestDataDetails@aa3f5f, 2=com.java.Objects.TestDataDetails@148a5f6, 3=com.java.Objects.TestDataDetails@11734f1, 4=com.java.Objects.TestDataDetails@10e1cf8, 5=com.java.Objects.TestDataDetails@101acf6, 6=com.java.Objects.TestDataDetails@db74ee, 7=com.java.Objects.TestDataDetails@1a6586, 8=com.java.Objects.TestDataDetails@11d6b25, 9=com.java.Objects.TestDataDetails@198b558, 10=com.java.Objects.TestDataDetails@177d9f3, 11=com.java.Objects.TestDataDetails@51168, 12=com.java.Objects.TestDataDetails@1c937be}
[INFO ][2015-11-28 12:28:01,387][com.java.TestType] [  477] -  str(1) = 1
[INFO ][2015-11-28 12:28:01,387][com.java.TestType] [  480] - Test case Id is---1
[INFO ][2015-11-28 12:28:01,387][com.java.TestType] [  482] - 1
[INFO ][2015-11-28 12:28:01,387][com.java.TestType] [  477] -  str(2) = 13
[INFO ][2015-11-28 12:28:01,387][com.java.TestType] [  529] - row values are--------{1=com.java.Objects.TestDataDetails@aa3f5f, 2=com.java.Objects.TestDataDetails@148a5f6, 3=com.java.Objects.TestDataDetails@11734f1, 4=com.java.Objects.TestDataDetails@10e1cf8, 5=com.java.Objects.TestDataDetails@101acf6, 6=com.java.Objects.TestDataDetails@db74ee, 7=com.java.Objects.TestDataDetails@1a6586, 8=com.java.Objects.TestDataDetails@11d6b25, 9=com.java.Objects.TestDataDetails@198b558, 10=com.java.Objects.TestDataDetails@177d9f3, 11=com.java.Objects.TestDataDetails@51168, 12=com.java.Objects.TestDataDetails@1c937be, 13=com.java.Objects.TestDataDetails@a6abab}
[INFO ][2015-11-28 12:28:01,387][com.java.TestType] [  477] -  str(1) = 1
[INFO ][2015-11-28 12:28:01,387][com.java.TestType] [  480] - Test case Id is---1
[INFO ][2015-11-28 12:28:01,387][com.java.TestType] [  482] - 1
[INFO ][2015-11-28 12:28:01,387][com.java.TestType] [  477] -  str(2) = 14
[INFO ][2015-11-28 12:28:01,387][com.java.TestType] [  529] - row values are--------{1=com.java.Objects.TestDataDetails@aa3f5f, 2=com.java.Objects.TestDataDetails@148a5f6, 3=com.java.Objects.TestDataDetails@11734f1, 4=com.java.Objects.TestDataDetails@10e1cf8, 5=com.java.Objects.TestDataDetails@101acf6, 6=com.java.Objects.TestDataDetails@db74ee, 7=com.java.Objects.TestDataDetails@1a6586, 8=com.java.Objects.TestDataDetails@11d6b25, 9=com.java.Objects.TestDataDetails@198b558, 10=com.java.Objects.TestDataDetails@177d9f3, 11=com.java.Objects.TestDataDetails@51168, 12=com.java.Objects.TestDataDetails@1c937be, 13=com.java.Objects.TestDataDetails@a6abab, 14=com.java.Objects.TestDataDetails@ffc2e1}
[INFO ][2015-11-28 12:28:01,387][com.java.TestType] [ 9266] - Looping 1TCID = 1
[DEBUG][2015-11-28 12:28:01,387][com.java.TestType] [ 9307] - Concept ID:1 :: Step being Executed: 1::1
[INFO ][2015-11-28 12:28:01,387][com.java.TestType] [ 9345] - dataFields : TXTusername
[DEBUG][2015-11-28 12:28:01,387][com.java.TestType] [ 9351] - <In Set values of the page>
[DEBUG][2015-11-28 12:28:01,387][com.java.TestType] [ 9356] - {Data Fields & Data Values Exist}
[INFO ][2015-11-28 12:28:01,387][com.java.TestType] [ 9362] - --------------------------setting values-----------------------------
[INFO ][2015-11-28 12:28:01,387][com.java.TestType] [ 9365] - Action Type : CLEARANDENTER
[INFO ][2015-11-28 12:28:01,387][com.java.TestType] [ 4791] - value = valuelabs.ie9.30118
[INFO ][2015-11-28 12:28:06,136][com.java.TestType] [ 9384] -  RESULT true
[INFO ][2015-11-28 12:28:06,136][com.java.TestType] [ 9501] - ?   P A S S   ?
[DEBUG][2015-11-28 12:28:06,136][com.java.TestType] [ 9307] - Concept ID:1 :: Step being Executed: 1::2
[INFO ][2015-11-28 12:28:06,136][com.java.TestType] [ 9345] - dataFields : TXTpassword
[DEBUG][2015-11-28 12:28:06,136][com.java.TestType] [ 9351] - <In Set values of the page>
[DEBUG][2015-11-28 12:28:06,136][com.java.TestType] [ 9356] - {Data Fields & Data Values Exist}
[INFO ][2015-11-28 12:28:06,136][com.java.TestType] [ 9362] - --------------------------setting values-----------------------------
[INFO ][2015-11-28 12:28:06,136][com.java.TestType] [ 9365] - Action Type : CLEARANDENTER
[INFO ][2015-11-28 12:28:06,136][com.java.TestType] [ 4791] - value = Password1*
[INFO ][2015-11-28 12:28:11,028][com.java.TestType] [ 9384] -  RESULT true
[INFO ][2015-11-28 12:28:11,028][com.java.TestType] [ 9501] - ?   P A S S   ?
[DEBUG][2015-11-28 12:28:11,028][com.java.TestType] [ 9307] - Concept ID:1 :: Step being Executed: 1::3
[ERROR][2015-11-28 12:28:11,028][com.java.TestType] [ 9340] - Exception: null
[INFO ][2015-11-28 12:28:11,028][com.java.TestType] [ 9345] - dataFields : XPH//button[@type='submit']
[DEBUG][2015-11-28 12:28:11,028][com.java.TestType] [ 9351] - <In Set values of the page>
[DEBUG][2015-11-28 12:28:11,028][com.java.TestType] [ 9356] - {Data Fields & Data Values Exist}
[INFO ][2015-11-28 12:28:11,028][com.java.TestType] [ 9362] - --------------------------setting values-----------------------------
[INFO ][2015-11-28 12:28:11,028][com.java.TestType] [ 9365] - Action Type : Click
[INFO ][2015-11-28 12:28:11,028][com.java.TestType] [ 5119] - Field ::XPH//button[@type='submit']
[INFO ][2015-11-28 12:28:12,028][com.java.TestType] [ 5206] - BEFORE CLICK
[INFO ][2015-11-28 12:28:12,823][com.java.TestType] [ 5214] - Unable to click the object Login
[INFO ][2015-11-28 12:28:12,823][com.java.TestType] [ 9384] -  RESULT true
[INFO ][2015-11-28 12:28:12,823][com.java.TestType] [ 9501] - ?   P A S S   ?
[DEBUG][2015-11-28 12:28:12,823][com.java.TestType] [ 9307] - Concept ID:1 :: Step being Executed: 1::4
[INFO ][2015-11-28 12:28:12,823][com.java.TestType] [ 9345] - dataFields : LNKLogout
[DEBUG][2015-11-28 12:28:12,823][com.java.TestType] [ 9351] - <In Set values of the page>
[DEBUG][2015-11-28 12:28:12,823][com.java.TestType] [ 9356] - {Data Fields & Data Values Exist}
[INFO ][2015-11-28 12:28:12,823][com.java.TestType] [ 9362] - --------------------------setting values-----------------------------
[INFO ][2015-11-28 12:28:12,823][com.java.TestType] [ 9365] - Action Type : WaitForElement
[DEBUG][2015-11-28 15:28:13,885][com.java.TestType] [ 5724] - link=Logout   :: Link not Found
[INFO ][2015-11-28 15:28:13,885][com.java.TestType] [ 9384] -  RESULT false
[INFO ][2015-11-28 15:28:13,885][com.java.TestType] [ 9422] - ?   F A I L   ?
[DEBUG][2015-11-28 15:28:13,885][com.java.TestType] [ 9425] - Browser Type : IE9
[DEBUG][2015-11-28 15:28:13,885][com.java.TestType] [ 9307] - Concept ID:1 :: Step being Executed: 1::5
[INFO ][2015-11-28 15:28:13,885][com.java.TestType] [ 9345] - dataFields : TTL
[DEBUG][2015-11-28 15:28:13,885][com.java.TestType] [ 9351] - <In Set values of the page>
[DEBUG][2015-11-28 15:28:13,885][com.java.TestType] [ 9356] - {Data Fields & Data Values Exist}
[INFO ][2015-11-28 15:28:13,885][com.java.TestType] [ 9362] - --------------------------setting values-----------------------------
[INFO ][2015-11-28 15:28:13,885][com.java.TestType] [ 9365] - Action Type : SelectWindow
[ERROR][2015-11-28 18:28:26,156][com.java.TestType] [ 5862] - Exception: Error communicating with the remote browser. It may have died.
Build info: version: '2.48.2', revision: '41bccdd', time: '2015-10-09 19:59:12'
System info: host: 'FVTIII438F1D', ip: '172.17.68.34', os.name: 'Windows 7', os.arch: 'x86', os.version: '6.1', java.version: '1.7.0_55'
Driver info: driver.version: SeleniumDriver
[DEBUG][2015-11-28 18:28:26,156][com.java.TestType] [ 5863] - Banker's Dashboard   ::Title not found
[DEBUG][2015-11-28 18:28:26,156][com.java.TestType] [ 5867] - Window with title   ::+Banker's Dashboard::not Found
[INFO ][2015-11-28 18:28:26,158][com.java.TestType] [ 9384] -  RESULT false
[INFO ][2015-11-28 18:28:26,158][com.java.TestType] [ 9422] - ?   F A I L   ?
[DEBUG][2015-11-28 18:28:26,158][com.java.TestType] [ 9425] - Browser Type : IE9
[INFO ][2015-11-28 18:28:26,158][com.java.SeleniumDriver] [  869] -  RESULT false
[INFO ][2015-11-28 18:28:26,158][com.java.SeleniumDriver] [  916] - ?   F A I L   ?
[INFO ][2015-11-28 18:28:26,158][com.java.SeleniumDriver] [  924] - Browser Type : IE9
[INFO ][2015-11-28 18:28:26,158][com.java.SeleniumDriver] [  925] - Adding Failed case1
[WARN ][2015-11-28 21:28:26,010][com.java.SeleniumDriver] [  985] - Source 'D:\BankersDashboard\TestReports\112815' exists but is a directory
[INFO ][2015-11-28 21:28:26,010][com.java.SeleniumDriver] [ 1039] - failedCases = 1
[ERROR][2015-11-28 21:28:26,010][com.java.SeleniumDriver] [ 1536] - Platform Errors : Our apologies...::We have encountered an issue with your request.::Our apologies?:We encountered an issue with your request.
[INFO ][2015-11-28 21:28:26,010][com.java.SeleniumDriver] [ 1540] - Length =3
[ERROR][2015-11-28 21:28:26,010][com.java.SeleniumDriver] [ 1543] - Error 0 = Our apologies...
[ERROR][2015-11-29 00:28:25,698][com.java.SeleniumDriver] [ 1557] - Error communicating with the remote browser. It may have died.
Build info: version: '2.48.2', revision: '41bccdd', time: '2015-10-09 19:59:12'
System info: host: 'FVTIII438F1D', ip: '172.17.68.34', os.name: 'Windows 7', os.arch: 'x86', os.version: '6.1', java.version: '1.7.0_55'
Driver info: driver.version: SeleniumDriver
[INFO ][2015-11-29 00:28:25,701][com.java.SeleniumDriver] [ 1559] - FindPlatformErrors exception: Error communicating with the remote browser. It may have died.
Build info: version: '2.48.2', revision: '41bccdd', time: '2015-10-09 19:59:12'
System info: host: 'FVTIII438F1D', ip: '172.17.68.34', os.name: 'Windows 7', os.arch: 'x86', os.version: '6.1', java.version: '1.7.0_55'
Driver info: driver.version: SeleniumDriver
[DEBUG][2015-11-29 00:28:25,701][com.java.SeleniumDriver] [ 1561] - Unable to get the Platform Error list from Hash Map.
[ERROR][2015-11-29 00:28:25,701][com.java.SeleniumDriver] [ 1157] - 
[INFO ][2015-11-29 00:28:25,701][com.java.SeleniumDriver] [  796] - ------------------------------------------
[INFO ][2015-11-29 00:28:25,701][com.java.SeleniumDriver] [  797] - Test case being Executed: 1
[INFO ][2015-11-29 00:28:25,701][com.java.SeleniumDriver] [  808] - Test step:2
[INFO ][2015-11-29 00:28:25,701][com.java.SeleniumDriver] [  820] - Datavalue is----------Concept#2:1-2
[INFO ][2015-11-29 00:28:25,701][com.java.SeleniumDriver] [  844] - DataField : test
[INFO ][2015-11-29 00:28:25,701][com.java.SeleniumDriver] [  846] - DataValue : Concept#2:1-2
[INFO ][2015-11-29 00:28:25,701][com.java.SeleniumDriver] [  852] - <In Set values of the page>
[INFO ][2015-11-29 00:28:25,701][com.java.SeleniumDriver] [  855] - {Data Fields & Data Values Exist}
[INFO ][2015-11-29 00:28:25,701][com.java.SeleniumDriver] [  857] - --------------------------setting values-----------------------------
[INFO ][2015-11-29 00:28:25,701][com.java.SeleniumDriver] [  860] - Action Type : ExecuteTestCase
[INFO ][2015-11-29 00:28:25,701][com.java.TestType] [  432] - The Concept sheet name is ---------- Concept
[INFO ][2015-11-29 00:28:25,701][com.java.TestType] [  435] - The Concept ID  is ---------- 2
[DEBUG][2015-11-29 00:28:25,701][com.java.TestType] [  439] - Steps being executted in the Concept are: 1:2
[INFO ][2015-11-29 00:28:25,701][com.java.TestType] [  446] - Test data details path ---------- D:\BankersDashboard\TestInputs\TestData.xls
[INFO ][2015-11-29 00:28:25,718][com.java.TestType] [  477] -  str(1) = 2
[INFO ][2015-11-29 00:28:25,718][com.java.TestType] [  480] - Test case Id is---2
[INFO ][2015-11-29 00:28:25,718][com.java.TestType] [  482] - 2
[INFO ][2015-11-29 00:28:25,718][com.java.TestType] [  477] -  str(2) = 1
[INFO ][2015-11-29 00:28:25,721][com.java.TestType] [  529] - row values are--------{1=com.java.Objects.TestDataDetails@14a3d47}
[INFO ][2015-11-29 00:28:25,721][com.java.TestType] [  477] -  str(1) = 2
[INFO ][2015-11-29 00:28:25,721][com.java.TestType] [  480] - Test case Id is---2
[INFO ][2015-11-29 00:28:25,721][com.java.TestType] [  482] - 2
[INFO ][2015-11-29 00:28:25,721][com.java.TestType] [  477] -  str(2) = 2
[INFO ][2015-11-29 00:28:25,721][com.java.TestType] [  529] - row values are--------{1=com.java.Objects.TestDataDetails@14a3d47, 2=com.java.Objects.TestDataDetails@549b0a}
[INFO ][2015-11-29 00:28:25,721][com.java.TestType] [  477] -  str(1) = 2
[INFO ][2015-11-29 00:28:25,721][com.java.TestType] [  480] - Test case Id is---2
[INFO ][2015-11-29 00:28:25,721][com.java.TestType] [  482] - 2
[INFO ][2015-11-29 00:28:25,721][com.java.TestType] [  477] -  str(2) = 3
[INFO ][2015-11-29 00:28:25,721][com.java.TestType] [  529] - row values are--------{1=com.java.Objects.TestDataDetails@14a3d47, 2=com.java.Objects.TestDataDetails@549b0a, 3=com.java.Objects.TestDataDetails@1825794}
[INFO ][2015-11-29 00:28:25,721][com.java.TestType] [ 9266] - Looping 1TCID = 2
[DEBUG][2015-11-29 00:28:25,721][com.java.TestType] [ 9307] - Concept ID:2 :: Step being Executed: 2::1
[INFO ][2015-11-29 00:28:25,721][com.java.TestType] [ 9345] - dataFields : BNK//select[@id='bank']
[DEBUG][2015-11-29 00:28:25,721][com.java.TestType] [ 9351] - <In Set values of the page>
[DEBUG][2015-11-29 00:28:25,721][com.java.TestType] [ 9356] - {Data Fields & Data Values Exist}
[INFO ][2015-11-29 00:28:25,721][com.java.TestType] [ 9362] - --------------------------setting values-----------------------------
[INFO ][2015-11-29 00:28:25,721][com.java.TestType] [ 9365] - Action Type : Select
[INFO ][2015-11-29 00:28:25,721][com.java.TestType] [ 4791] - value = PFC
[ERROR][2015-11-29 03:28:25,563][com.java.TestType] [ 5005] - Unable to perform Action Select null
[INFO ][2015-11-29 03:28:25,563][com.java.TestType] [ 9384] -  RESULT false
[INFO ][2015-11-29 03:28:25,563][com.java.TestType] [ 9422] - ?   F A I L   ?
[DEBUG][2015-11-29 03:28:25,563][com.java.TestType] [ 9425] - Browser Type : IE9
[INFO ][2015-11-29 03:28:25,563][com.java.SeleniumDriver] [  869] -  RESULT false
[INFO ][2015-11-29 03:28:25,563][com.java.SeleniumDriver] [  916] - ?   F A I L   ?
[INFO ][2015-11-29 03:28:25,563][com.java.SeleniumDriver] [  924] - Browser Type : IE9
[INFO ][2015-11-29 03:28:25,563][com.java.SeleniumDriver] [  925] - Adding Failed case1
[INFO ][2015-11-29 03:28:25,563][com.java.SeleniumDriver] [  944] - Directory Created
[WARN ][2015-11-29 06:28:25,608][com.java.SeleniumDriver] [  985] - Source 'D:\BankersDashboard\TestReports\112915' exists but is a directory
[INFO ][2015-11-29 06:28:25,608][com.java.SeleniumDriver] [ 1039] - failedCases = 1,1
[ERROR][2015-11-29 06:28:25,608][com.java.SeleniumDriver] [ 1536] - Platform Errors : Our apologies...::We have encountered an issue with your request.::Our apologies?:We encountered an issue with your request.
[INFO ][2015-11-29 06:28:25,608][com.java.SeleniumDriver] [ 1540] - Length =3
[ERROR][2015-11-29 06:28:25,608][com.java.SeleniumDriver] [ 1543] - Error 0 = Our apologies...
[ERROR][2015-11-29 09:28:25,649][com.java.SeleniumDriver] [ 1557] - Error communicating with the remote browser. It may have died.
Build info: version: '2.48.2', revision: '41bccdd', time: '2015-10-09 19:59:12'
System info: host: 'FVTIII438F1D', ip: '172.17.68.34', os.name: 'Windows 7', os.arch: 'x86', os.version: '6.1', java.version: '1.7.0_55'
Driver info: driver.version: SeleniumDriver
[INFO ][2015-11-29 09:28:25,652][com.java.SeleniumDriver] [ 1559] - FindPlatformErrors exception: Error communicating with the remote browser. It may have died.
Build info: version: '2.48.2', revision: '41bccdd', time: '2015-10-09 19:59:12'
System info: host: 'FVTIII438F1D', ip: '172.17.68.34', os.name: 'Windows 7', os.arch: 'x86', os.version: '6.1', java.version: '1.7.0_55'
Driver info: driver.version: SeleniumDriver
[DEBUG][2015-11-29 09:28:25,652][com.java.SeleniumDriver] [ 1561] - Unable to get the Platform Error list from Hash Map.
[ERROR][2015-11-29 09:28:25,652][com.java.SeleniumDriver] [ 1157] - 
[INFO ][2015-11-29 09:28:25,652][com.java.SeleniumDriver] [  796] - ------------------------------------------
[INFO ][2015-11-29 09:28:25,652][com.java.SeleniumDriver] [  797] - Test case being Executed: 1
[INFO ][2015-11-29 09:28:25,652][com.java.SeleniumDriver] [  808] - Test step:3
[INFO ][2015-11-29 09:28:25,652][com.java.SeleniumDriver] [  820] - Datavalue is----------2
[INFO ][2015-11-29 09:28:25,652][com.java.SeleniumDriver] [  844] - DataField : XPH//button[contains(text(),'Add Content')]
[INFO ][2015-11-29 09:28:25,652][com.java.SeleniumDriver] [  846] - DataValue : 2
[INFO ][2015-11-29 09:28:25,652][com.java.SeleniumDriver] [  852] - <In Set values of the page>
[INFO ][2015-11-29 09:28:25,652][com.java.SeleniumDriver] [  855] - {Data Fields & Data Values Exist}
[INFO ][2015-11-29 09:28:25,652][com.java.SeleniumDriver] [  857] - --------------------------setting values-----------------------------
[INFO ][2015-11-29 09:28:25,652][com.java.SeleniumDriver] [  860] - Action Type : WAITFORELEMENT
[DEBUG][2015-11-29 15:28:27,587][com.java.TestType] [ 5700] - //button[contains(text(),'Add Content')]   :: Element not Found
[INFO ][2015-11-29 15:28:27,587][com.java.SeleniumDriver] [  869] -  RESULT false
[INFO ][2015-11-29 15:28:27,587][com.java.SeleniumDriver] [  916] - ?   F A I L   ?
[INFO ][2015-11-29 15:28:27,587][com.java.SeleniumDriver] [  924] - Browser Type : IE9
[INFO ][2015-11-29 15:28:27,587][com.java.SeleniumDriver] [  925] - Adding Failed case1
[WARN ][2015-11-29 18:28:27,617][com.java.SeleniumDriver] [  985] - Source 'D:\BankersDashboard\TestReports\112915' exists but is a directory
[INFO ][2015-11-29 18:28:27,617][com.java.SeleniumDriver] [ 1039] - failedCases = 1,1,1
[ERROR][2015-11-29 18:28:27,617][com.java.SeleniumDriver] [ 1536] - Platform Errors : Our apologies...::We have encountered an issue with your request.::Our apologies?:We encountered an issue with your request.
[INFO ][2015-11-29 18:28:27,617][com.java.SeleniumDriver] [ 1540] - Length =3
[ERROR][2015-11-29 18:28:27,617][com.java.SeleniumDriver] [ 1543] - Error 0 = Our apologies...
[ERROR][2015-11-29 21:28:27,458][com.java.SeleniumDriver] [ 1557] - Error communicating with the remote browser. It may have died.
Build info: version: '2.48.2', revision: '41bccdd', time: '2015-10-09 19:59:12'
System info: host: 'FVTIII438F1D', ip: '172.17.68.34', os.name: 'Windows 7', os.arch: 'x86', os.version: '6.1', java.version: '1.7.0_55'
Driver info: driver.version: SeleniumDriver
[INFO ][2015-11-29 21:28:27,458][com.java.SeleniumDriver] [ 1559] - FindPlatformErrors exception: Error communicating with the remote browser. It may have died.
Build info: version: '2.48.2', revision: '41bccdd', time: '2015-10-09 19:59:12'
System info: host: 'FVTIII438F1D', ip: '172.17.68.34', os.name: 'Windows 7', os.arch: 'x86', os.version: '6.1', java.version: '1.7.0_55'
Driver info: driver.version: SeleniumDriver
[DEBUG][2015-11-29 21:28:27,458][com.java.SeleniumDriver] [ 1561] - Unable to get the Platform Error list from Hash Map.
[ERROR][2015-11-29 21:28:27,458][com.java.SeleniumDriver] [ 1157] - 
[DEBUG][2015-11-29 21:28:27,458][com.java.SeleniumDriver] [ 1187] - Case found
[DEBUG][2015-11-29 21:28:27,458][com.java.SeleniumDriver] [ 1192] - Incrementing ReportCounters[0]:1
[INFO ][2015-11-29 21:28:27,458][com.java.SeleniumDriver] [ 1211] - The results are-------------------[1, 1, Valid Login, Fail, 
Test case failed at Step No. :: 1   Error Message ::  In CONCEPT: Test case failed at Step No. :: 5   Error Message ::  Window with title   ::+Banker's Dashboard::not FoundException. Screen Shot : D:\BankersDashboard\TestReports\112815\1_112815_182826_IE9.png, Sun Nov 29 00:28:25 IST 2015]
[INFO ][2015-11-29 21:28:27,458][com.java.SeleniumDriver] [ 1215] - End time is-------2 day 1 hour 7 min 42 sec
[INFO ][2015-11-29 21:28:27,458][com.java.SeleniumDriver] [ 1216] - The results are-------------------[1, 1, Valid Login, Fail, 
Test case failed at Step No. :: 1   Error Message ::  In CONCEPT: Test case failed at Step No. :: 5   Error Message ::  Window with title   ::+Banker's Dashboard::not FoundException. Screen Shot : D:\BankersDashboard\TestReports\112815\1_112815_182826_IE9.png, Sun Nov 29 00:28:25 IST 2015]
[DEBUG][2015-11-29 21:28:27,458][com.java.ImportnExport.ExportTestResultsExcel] [  222] - testResultPath = D:\BankersDashboard/TestReports/Test Results_BankersDashBoard_112815_092751_IE9_Mechanics & Farmers Bank.xls
[DEBUG][2015-11-29 21:28:27,458][com.java.ImportnExport.ExportTestResultsExcel] [  223] - browser is------------IE9
[DEBUG][2015-11-29 21:28:27,477][com.java.ImportnExport.ExportTestResultsExcel] [  270] - result.size() = 6
[DEBUG][2015-11-29 21:28:27,477][com.java.ImportnExport.ExportTestResultsExcel] [  274] - No of rows in sheet=1
[DEBUG][2015-11-29 21:28:27,479][com.java.ImportnExport.ExportTestResultsExcel] [  301] - ..in export..1
[DEBUG][2015-11-29 21:28:27,479][com.java.ImportnExport.ExportTestResultsExcel] [  301] - ..in export..Valid Login
[DEBUG][2015-11-29 21:28:27,479][com.java.ImportnExport.ExportTestResultsExcel] [  301] - ..in export..Fail
[DEBUG][2015-11-29 21:28:27,479][com.java.ImportnExport.ExportTestResultsExcel] [  301] - ..in export..
Test case failed at Step No. :: 1   Error Message ::  In CONCEPT: Test case failed at Step No. :: 5   Error Message ::  Window with title   ::+Banker's Dashboard::not FoundException. Screen Shot : D:\BankersDashboard\TestReports\112815\1_112815_182826_IE9.png
[DEBUG][2015-11-29 21:28:27,479][com.java.ImportnExport.ExportTestResultsExcel] [  301] - ..in export..Sun Nov 29 00:28:25 IST 2015
[INFO ][2015-11-29 21:28:27,479][com.java.SeleniumDriver] [ 1274] - out loop:0 size:12 TestCases:[1, 2, 3, 4, 5, 6, 7, 8, 9, 10, 11, 12] testcases:[1, 2, 3, 4, 5, 6, 7, 8, 9, 10, 11, 12]
[INFO ][2015-11-29 21:28:27,479][com.java.ImportnExport.ImportTestDataDetailsExcel] [   49] - test data details path===== D:\BankersDashboard\TestInputs\TestData.xls
[INFO ][2015-11-30 00:28:27,375][com.java.SeleniumDriver] [  796] - ------------------------------------------
[INFO ][2015-11-30 00:28:27,375][com.java.SeleniumDriver] [  797] - Test case being Executed: 2
[INFO ][2015-11-30 00:28:27,375][com.java.SeleniumDriver] [  808] - Test step:1
[INFO ][2015-11-30 00:28:27,375][com.java.SeleniumDriver] [  820] - Datavalue is----------dt:Logout
[INFO ][2015-11-30 00:28:27,375][com.java.SeleniumDriver] [  844] - DataField : BTN
[INFO ][2015-11-30 00:28:27,375][com.java.SeleniumDriver] [  846] - DataValue : dt:Logout
[INFO ][2015-11-30 00:28:27,375][com.java.SeleniumDriver] [  852] - <In Set values of the page>
[INFO ][2015-11-30 00:28:27,375][com.java.SeleniumDriver] [  855] - {Data Fields & Data Values Exist}
[INFO ][2015-11-30 00:28:27,375][com.java.SeleniumDriver] [  857] - --------------------------setting values-----------------------------
[INFO ][2015-11-30 00:28:27,375][com.java.SeleniumDriver] [  860] - Action Type : Verify
[INFO ][2015-11-30 00:28:27,375][com.java.TestType] [ 5976] - field= BTN value= dt:Logout
[INFO ][2015-11-30 00:28:27,375][com.java.TestType] [ 4791] - value = btnLogout
[DEBUG][2015-11-30 06:28:29,483][com.java.TestType] [ 5700] - btnLogout   :: Element not Found
[ERROR][2015-11-30 09:28:29,324][com.java.TestType] [ 6686] - Assertion Error: 
[INFO ][2015-11-30 09:28:29,324][com.java.SeleniumDriver] [  869] -  RESULT false
[INFO ][2015-11-30 09:28:29,324][com.java.SeleniumDriver] [  916] - ?   F A I L   ?
[INFO ][2015-11-30 09:28:29,324][com.java.SeleniumDriver] [  924] - Browser Type : IE9
[INFO ][2015-11-30 09:28:29,324][com.java.SeleniumDriver] [  925] - Adding Failed case2
[INFO ][2015-11-30 09:28:29,324][com.java.SeleniumDriver] [  944] - Directory Created
[WARN ][2015-11-30 11:09:01,681][com.java.SeleniumDriver] [  985] - Source 'D:\BankersDashboard\TestReports\113015' exists but is a directory
[DEBUG][2015-11-30 11:09:01,681][com.java.SeleniumDriver] [  993] -  tdd.getCondition() IF:3:Next
[INFO ][2015-11-30 11:09:01,681][com.java.SeleniumDriver] [  997] - Continue next step...
[INFO ][2015-11-30 11:09:01,681][com.java.SeleniumDriver] [  796] - ------------------------------------------
[INFO ][2015-11-30 11:09:01,681][com.java.SeleniumDriver] [  797] - Test case being Executed: 2
[INFO ][2015-11-30 11:09:01,682][com.java.SeleniumDriver] [  808] - Test step:2
[INFO ][2015-11-30 11:09:01,682][com.java.SeleniumDriver] [  820] - Datavalue is----------Concept#1:1-14
[INFO ][2015-11-30 11:09:01,682][com.java.SeleniumDriver] [  844] - DataField : test
[INFO ][2015-11-30 11:09:01,682][com.java.SeleniumDriver] [  846] - DataValue : Concept#1:1-14
[INFO ][2015-11-30 11:09:01,682][com.java.SeleniumDriver] [  852] - <In Set values of the page>
[INFO ][2015-11-30 11:09:01,682][com.java.SeleniumDriver] [  855] - {Data Fields & Data Values Exist}
[INFO ][2015-11-30 11:09:01,682][com.java.SeleniumDriver] [  857] - --------------------------setting values-----------------------------
[INFO ][2015-11-30 11:09:01,682][com.java.SeleniumDriver] [  860] - Action Type : ExecuteTestCase
[INFO ][2015-11-30 11:09:01,682][com.java.TestType] [  432] - The Concept sheet name is ---------- Concept
[INFO ][2015-11-30 11:09:01,682][com.java.TestType] [  435] - The Concept ID  is ---------- 1
[DEBUG][2015-11-30 11:09:01,682][com.java.TestType] [  439] - Steps being executted in the Concept are: 1:14
[INFO ][2015-11-30 11:09:01,682][com.java.TestType] [  446] - Test data details path ---------- D:\BankersDashboard\TestInputs\TestData.xls
[INFO ][2015-11-30 11:09:01,700][com.java.TestType] [  477] -  str(1) = 1
[INFO ][2015-11-30 11:09:01,700][com.java.TestType] [  480] - Test case Id is---1
[INFO ][2015-11-30 11:09:01,700][com.java.TestType] [  482] - 1
[INFO ][2015-11-30 11:09:01,700][com.java.TestType] [  477] -  str(2) = 1
[INFO ][2015-11-30 11:09:01,702][com.java.TestType] [  529] - row values are--------{1=com.java.Objects.TestDataDetails@8310ba}
[INFO ][2015-11-30 11:09:01,702][com.java.TestType] [  477] -  str(1) = 1
[INFO ][2015-11-30 11:09:01,702][com.java.TestType] [  480] - Test case Id is---1
[INFO ][2015-11-30 11:09:01,702][com.java.TestType] [  482] - 1
[INFO ][2015-11-30 11:09:01,702][com.java.TestType] [  477] -  str(2) = 2
[INFO ][2015-11-30 11:09:01,703][com.java.TestType] [  529] - row values are--------{1=com.java.Objects.TestDataDetails@8310ba, 2=com.java.Objects.TestDataDetails@f279ae}
[INFO ][2015-11-30 11:09:01,703][com.java.TestType] [  477] -  str(1) = 1
[INFO ][2015-11-30 11:09:01,703][com.java.TestType] [  480] - Test case Id is---1
[INFO ][2015-11-30 11:09:01,703][com.java.TestType] [  482] - 1
[INFO ][2015-11-30 11:09:01,703][com.java.TestType] [  477] -  str(2) = 3
[INFO ][2015-11-30 11:09:01,703][com.java.TestType] [  529] - row values are--------{1=com.java.Objects.TestDataDetails@8310ba, 2=com.java.Objects.TestDataDetails@f279ae, 3=com.java.Objects.TestDataDetails@116c136}
[INFO ][2015-11-30 11:09:01,703][com.java.TestType] [  477] -  str(1) = 1
[INFO ][2015-11-30 11:09:01,703][com.java.TestType] [  480] - Test case Id is---1
[INFO ][2015-11-30 11:09:01,703][com.java.TestType] [  482] - 1
[INFO ][2015-11-30 11:09:01,704][com.java.TestType] [  477] -  str(2) = 4
[INFO ][2015-11-30 11:09:01,704][com.java.TestType] [  529] - row values are--------{1=com.java.Objects.TestDataDetails@8310ba, 2=com.java.Objects.TestDataDetails@f279ae, 3=com.java.Objects.TestDataDetails@116c136, 4=com.java.Objects.TestDataDetails@1f4e4a1}
[INFO ][2015-11-30 11:09:01,704][com.java.TestType] [  477] -  str(1) = 1
[INFO ][2015-11-30 11:09:01,704][com.java.TestType] [  480] - Test case Id is---1
[INFO ][2015-11-30 11:09:01,704][com.java.TestType] [  482] - 1
[INFO ][2015-11-30 11:09:01,705][com.java.TestType] [  477] -  str(2) = 5
[INFO ][2015-11-30 11:09:01,706][com.java.TestType] [  529] - row values are--------{1=com.java.Objects.TestDataDetails@8310ba, 2=com.java.Objects.TestDataDetails@f279ae, 3=com.java.Objects.TestDataDetails@116c136, 4=com.java.Objects.TestDataDetails@1f4e4a1, 5=com.java.Objects.TestDataDetails@1fffd8e}
[INFO ][2015-11-30 11:09:01,706][com.java.TestType] [  477] -  str(1) = 1
[INFO ][2015-11-30 11:09:01,706][com.java.TestType] [  480] - Test case Id is---1
[INFO ][2015-11-30 11:09:01,706][com.java.TestType] [  482] - 1
[INFO ][2015-11-30 11:09:01,706][com.java.TestType] [  477] -  str(2) = 6
[INFO ][2015-11-30 11:09:01,706][com.java.TestType] [  529] - row values are--------{1=com.java.Objects.TestDataDetails@8310ba, 2=com.java.Objects.TestDataDetails@f279ae, 3=com.java.Objects.TestDataDetails@116c136, 4=com.java.Objects.TestDataDetails@1f4e4a1, 5=com.java.Objects.TestDataDetails@1fffd8e, 6=com.java.Objects.TestDataDetails@161efa6}
[INFO ][2015-11-30 11:09:01,707][com.java.TestType] [  477] -  str(1) = 1
[INFO ][2015-11-30 11:09:01,707][com.java.TestType] [  480] - Test case Id is---1
[INFO ][2015-11-30 11:09:01,707][com.java.TestType] [  482] - 1
[INFO ][2015-11-30 11:09:01,707][com.java.TestType] [  477] -  str(2) = 7
[INFO ][2015-11-30 11:09:01,707][com.java.TestType] [  529] - row values are--------{1=com.java.Objects.TestDataDetails@8310ba, 2=com.java.Objects.TestDataDetails@f279ae, 3=com.java.Objects.TestDataDetails@116c136, 4=com.java.Objects.TestDataDetails@1f4e4a1, 5=com.java.Objects.TestDataDetails@1fffd8e, 6=com.java.Objects.TestDataDetails@161efa6, 7=com.java.Objects.TestDataDetails@1fdc23e}
[INFO ][2015-11-30 11:09:01,707][com.java.TestType] [  477] -  str(1) = 1
[INFO ][2015-11-30 11:09:01,707][com.java.TestType] [  480] - Test case Id is---1
[INFO ][2015-11-30 11:09:01,707][com.java.TestType] [  482] - 1
[INFO ][2015-11-30 11:09:01,708][com.java.TestType] [  477] -  str(2) = 8
[INFO ][2015-11-30 11:09:01,708][com.java.TestType] [  529] - row values are--------{1=com.java.Objects.TestDataDetails@8310ba, 2=com.java.Objects.TestDataDetails@f279ae, 3=com.java.Objects.TestDataDetails@116c136, 4=com.java.Objects.TestDataDetails@1f4e4a1, 5=com.java.Objects.TestDataDetails@1fffd8e, 6=com.java.Objects.TestDataDetails@161efa6, 7=com.java.Objects.TestDataDetails@1fdc23e, 8=com.java.Objects.TestDataDetails@1de332d}
[INFO ][2015-11-30 11:09:01,708][com.java.TestType] [  477] -  str(1) = 1
[INFO ][2015-11-30 11:09:01,708][com.java.TestType] [  480] - Test case Id is---1
[INFO ][2015-11-30 11:09:01,708][com.java.TestType] [  482] - 1
[INFO ][2015-11-30 11:09:01,708][com.java.TestType] [  477] -  str(2) = 9
[INFO ][2015-11-30 11:09:01,709][com.java.TestType] [  529] - row values are--------{1=com.java.Objects.TestDataDetails@8310ba, 2=com.java.Objects.TestDataDetails@f279ae, 3=com.java.Objects.TestDataDetails@116c136, 4=com.java.Objects.TestDataDetails@1f4e4a1, 5=com.java.Objects.TestDataDetails@1fffd8e, 6=com.java.Objects.TestDataDetails@161efa6, 7=com.java.Objects.TestDataDetails@1fdc23e, 8=com.java.Objects.TestDataDetails@1de332d, 9=com.java.Objects.TestDataDetails@195af6b}
[INFO ][2015-11-30 11:09:01,709][com.java.TestType] [  477] -  str(1) = 1
[INFO ][2015-11-30 11:09:01,709][com.java.TestType] [  480] - Test case Id is---1
[INFO ][2015-11-30 11:09:01,709][com.java.TestType] [  482] - 1
[INFO ][2015-11-30 11:09:01,709][com.java.TestType] [  477] -  str(2) = 10
[INFO ][2015-11-30 11:09:01,710][com.java.TestType] [  529] - row values are--------{1=com.java.Objects.TestDataDetails@8310ba, 2=com.java.Objects.TestDataDetails@f279ae, 3=com.java.Objects.TestDataDetails@116c136, 4=com.java.Objects.TestDataDetails@1f4e4a1, 5=com.java.Objects.TestDataDetails@1fffd8e, 6=com.java.Objects.TestDataDetails@161efa6, 7=com.java.Objects.TestDataDetails@1fdc23e, 8=com.java.Objects.TestDataDetails@1de332d, 9=com.java.Objects.TestDataDetails@195af6b, 10=com.java.Objects.TestDataDetails@1827408}
[INFO ][2015-11-30 11:09:01,710][com.java.TestType] [  477] -  str(1) = 1
[INFO ][2015-11-30 11:09:01,710][com.java.TestType] [  480] - Test case Id is---1
[INFO ][2015-11-30 11:09:01,710][com.java.TestType] [  482] - 1
[INFO ][2015-11-30 11:09:01,710][com.java.TestType] [  477] -  str(2) = 11
[INFO ][2015-11-30 11:09:01,711][com.java.TestType] [  529] - row values are--------{1=com.java.Objects.TestDataDetails@8310ba, 2=com.java.Objects.TestDataDetails@f279ae, 3=com.java.Objects.TestDataDetails@116c136, 4=com.java.Objects.TestDataDetails@1f4e4a1, 5=com.java.Objects.TestDataDetails@1fffd8e, 6=com.java.Objects.TestDataDetails@161efa6, 7=com.java.Objects.TestDataDetails@1fdc23e, 8=com.java.Objects.TestDataDetails@1de332d, 9=com.java.Objects.TestDataDetails@195af6b, 10=com.java.Objects.TestDataDetails@1827408, 11=com.java.Objects.TestDataDetails@1720acf}
[INFO ][2015-11-30 11:09:01,711][com.java.TestType] [  477] -  str(1) = 1
[INFO ][2015-11-30 11:09:01,711][com.java.TestType] [  480] - Test case Id is---1
[INFO ][2015-11-30 11:09:01,711][com.java.TestType] [  482] - 1
[INFO ][2015-11-30 11:09:01,711][com.java.TestType] [  477] -  str(2) = 12
[INFO ][2015-11-30 11:09:01,711][com.java.TestType] [  529] - row values are--------{1=com.java.Objects.TestDataDetails@8310ba, 2=com.java.Objects.TestDataDetails@f279ae, 3=com.java.Objects.TestDataDetails@116c136, 4=com.java.Objects.TestDataDetails@1f4e4a1, 5=com.java.Objects.TestDataDetails@1fffd8e, 6=com.java.Objects.TestDataDetails@161efa6, 7=com.java.Objects.TestDataDetails@1fdc23e, 8=com.java.Objects.TestDataDetails@1de332d, 9=com.java.Objects.TestDataDetails@195af6b, 10=com.java.Objects.TestDataDetails@1827408, 11=com.java.Objects.TestDataDetails@1720acf, 12=com.java.Objects.TestDataDetails@9af474}
[INFO ][2015-11-30 11:09:01,711][com.java.TestType] [  477] -  str(1) = 1
[INFO ][2015-11-30 11:09:01,712][com.java.TestType] [  480] - Test case Id is---1
[INFO ][2015-11-30 11:09:01,712][com.java.TestType] [  482] - 1
[INFO ][2015-11-30 11:09:01,712][com.java.TestType] [  477] -  str(2) = 13
[INFO ][2015-11-30 11:09:01,712][com.java.TestType] [  529] - row values are--------{1=com.java.Objects.TestDataDetails@8310ba, 2=com.java.Objects.TestDataDetails@f279ae, 3=com.java.Objects.TestDataDetails@116c136, 4=com.java.Objects.TestDataDetails@1f4e4a1, 5=com.java.Objects.TestDataDetails@1fffd8e, 6=com.java.Objects.TestDataDetails@161efa6, 7=com.java.Objects.TestDataDetails@1fdc23e, 8=com.java.Objects.TestDataDetails@1de332d, 9=com.java.Objects.TestDataDetails@195af6b, 10=com.java.Objects.TestDataDetails@1827408, 11=com.java.Objects.TestDataDetails@1720acf, 12=com.java.Objects.TestDataDetails@9af474, 13=com.java.Objects.TestDataDetails@1948bbe}
[INFO ][2015-11-30 11:09:01,712][com.java.TestType] [  477] -  str(1) = 1
[INFO ][2015-11-30 11:09:01,712][com.java.TestType] [  480] - Test case Id is---1
[INFO ][2015-11-30 11:09:01,712][com.java.TestType] [  482] - 1
[INFO ][2015-11-30 11:09:01,712][com.java.TestType] [  477] -  str(2) = 14
[INFO ][2015-11-30 11:09:01,713][com.java.TestType] [  529] - row values are--------{1=com.java.Objects.TestDataDetails@8310ba, 2=com.java.Objects.TestDataDetails@f279ae, 3=com.java.Objects.TestDataDetails@116c136, 4=com.java.Objects.TestDataDetails@1f4e4a1, 5=com.java.Objects.TestDataDetails@1fffd8e, 6=com.java.Objects.TestDataDetails@161efa6, 7=com.java.Objects.TestDataDetails@1fdc23e, 8=com.java.Objects.TestDataDetails@1de332d, 9=com.java.Objects.TestDataDetails@195af6b, 10=com.java.Objects.TestDataDetails@1827408, 11=com.java.Objects.TestDataDetails@1720acf, 12=com.java.Objects.TestDataDetails@9af474, 13=com.java.Objects.TestDataDetails@1948bbe, 14=com.java.Objects.TestDataDetails@18e5e80}
[INFO ][2015-11-30 11:09:01,713][com.java.TestType] [ 9266] - Looping 1TCID = 1
[DEBUG][2015-11-30 11:09:01,713][com.java.TestType] [ 9307] - Concept ID:1 :: Step being Executed: 1::1
[INFO ][2015-11-30 11:09:01,713][com.java.TestType] [ 9345] - dataFields : TXTusername
[DEBUG][2015-11-30 11:09:01,713][com.java.TestType] [ 9351] - <In Set values of the page>
[DEBUG][2015-11-30 11:09:01,713][com.java.TestType] [ 9356] - {Data Fields & Data Values Exist}
[INFO ][2015-11-30 11:09:01,714][com.java.TestType] [ 9362] - --------------------------setting values-----------------------------
[INFO ][2015-11-30 11:09:01,714][com.java.TestType] [ 9365] - Action Type : CLEARANDENTER
[INFO ][2015-11-30 11:09:01,714][com.java.TestType] [ 4791] - value = valuelabs.ie9.30118
[ERROR][2015-11-30 11:09:03,732][com.java.TestType] [ 5644] - Exception in clearAndEnter: null
[DEBUG][2015-11-30 11:09:03,732][com.java.TestType] [ 5648] - For ENTER action type the data field should be TXT
[INFO ][2015-11-30 11:09:03,732][com.java.TestType] [ 9384] -  RESULT false
[INFO ][2015-11-30 11:09:03,732][com.java.TestType] [ 9422] - ?   F A I L   ?
[DEBUG][2015-11-30 11:09:03,732][com.java.TestType] [ 9425] - Browser Type : IE9
[INFO ][2015-11-30 11:09:03,733][com.java.SeleniumDriver] [  869] -  RESULT false
[INFO ][2015-11-30 11:09:03,733][com.java.SeleniumDriver] [  916] - ?   F A I L   ?
[INFO ][2015-11-30 11:09:03,733][com.java.SeleniumDriver] [  924] - Browser Type : IE9
[INFO ][2015-11-30 11:09:03,733][com.java.SeleniumDriver] [  925] - Adding Failed case2
[WARN ][2015-11-30 11:09:05,736][com.java.SeleniumDriver] [  985] - Source 'D:\BankersDashboard\TestReports\113015' exists but is a directory
[INFO ][2015-11-30 11:09:05,736][com.java.SeleniumDriver] [ 1039] - failedCases = 1,1,1-2
[ERROR][2015-11-30 11:09:05,736][com.java.SeleniumDriver] [ 1536] - Platform Errors : Our apologies...::We have encountered an issue with your request.::Our apologies?:We encountered an issue with your request.
[INFO ][2015-11-30 11:09:05,736][com.java.SeleniumDriver] [ 1540] - Length =3
[ERROR][2015-11-30 11:09:05,736][com.java.SeleniumDriver] [ 1543] - Error 0 = Our apologies...
[ERROR][2015-11-30 11:09:07,746][com.java.SeleniumDriver] [ 1557] - Error communicating with the remote browser. It may have died.
Build info: version: '2.48.2', revision: '41bccdd', time: '2015-10-09 19:59:12'
System info: host: 'FVTIII438F1D', ip: '172.17.68.34', os.name: 'Windows 7', os.arch: 'x86', os.version: '6.1', java.version: '1.7.0_55'
Driver info: driver.version: SeleniumDriver
[INFO ][2015-11-30 11:09:07,747][com.java.SeleniumDriver] [ 1559] - FindPlatformErrors exception: Error communicating with the remote browser. It may have died.
Build info: version: '2.48.2', revision: '41bccdd', time: '2015-10-09 19:59:12'
System info: host: 'FVTIII438F1D', ip: '172.17.68.34', os.name: 'Windows 7', os.arch: 'x86', os.version: '6.1', java.version: '1.7.0_55'
Driver info: driver.version: SeleniumDriver
[DEBUG][2015-11-30 11:09:07,747][com.java.SeleniumDriver] [ 1561] - Unable to get the Platform Error list from Hash Map.
[ERROR][2015-11-30 11:09:07,747][com.java.SeleniumDriver] [ 1157] - 
[INFO ][2015-11-30 11:09:07,747][com.java.SeleniumDriver] [  796] - ------------------------------------------
[INFO ][2015-11-30 11:09:07,748][com.java.SeleniumDriver] [  797] - Test case being Executed: 2
[INFO ][2015-11-30 11:09:07,748][com.java.SeleniumDriver] [  808] - Test step:3
[INFO ][2015-11-30 11:09:07,748][com.java.SeleniumDriver] [  820] - Datavalue is----------Concept#2:1-2
[INFO ][2015-11-30 11:09:07,748][com.java.SeleniumDriver] [  844] - DataField : test
[INFO ][2015-11-30 11:09:07,748][com.java.SeleniumDriver] [  846] - DataValue : Concept#2:1-2
[INFO ][2015-11-30 11:09:07,748][com.java.SeleniumDriver] [  852] - <In Set values of the page>
[INFO ][2015-11-30 11:09:07,748][com.java.SeleniumDriver] [  855] - {Data Fields & Data Values Exist}
[INFO ][2015-11-30 11:09:07,748][com.java.SeleniumDriver] [  857] - --------------------------setting values-----------------------------
[INFO ][2015-11-30 11:09:07,748][com.java.SeleniumDriver] [  860] - Action Type : ExecuteTestCase
[INFO ][2015-11-30 11:09:07,748][com.java.TestType] [  432] - The Concept sheet name is ---------- Concept
[INFO ][2015-11-30 11:09:07,748][com.java.TestType] [  435] - The Concept ID  is ---------- 2
[DEBUG][2015-11-30 11:09:07,748][com.java.TestType] [  439] - Steps being executted in the Concept are: 1:2
[INFO ][2015-11-30 11:09:07,748][com.java.TestType] [  446] - Test data details path ---------- D:\BankersDashboard\TestInputs\TestData.xls
[INFO ][2015-11-30 11:09:07,765][com.java.TestType] [  477] -  str(1) = 2
[INFO ][2015-11-30 11:09:07,765][com.java.TestType] [  480] - Test case Id is---2
[INFO ][2015-11-30 11:09:07,766][com.java.TestType] [  482] - 2
[INFO ][2015-11-30 11:09:07,766][com.java.TestType] [  477] -  str(2) = 1
[INFO ][2015-11-30 11:09:07,767][com.java.TestType] [  529] - row values are--------{1=com.java.Objects.TestDataDetails@1e8af23}
[INFO ][2015-11-30 11:09:07,767][com.java.TestType] [  477] -  str(1) = 2
[INFO ][2015-11-30 11:09:07,767][com.java.TestType] [  480] - Test case Id is---2
[INFO ][2015-11-30 11:09:07,767][com.java.TestType] [  482] - 2
[INFO ][2015-11-30 11:09:07,767][com.java.TestType] [  477] -  str(2) = 2
[INFO ][2015-11-30 11:09:07,768][com.java.TestType] [  529] - row values are--------{1=com.java.Objects.TestDataDetails@1e8af23, 2=com.java.Objects.TestDataDetails@facf6d}
[INFO ][2015-11-30 11:09:07,768][com.java.TestType] [  477] -  str(1) = 2
[INFO ][2015-11-30 11:09:07,768][com.java.TestType] [  480] - Test case Id is---2
[INFO ][2015-11-30 11:09:07,768][com.java.TestType] [  482] - 2
[INFO ][2015-11-30 11:09:07,768][com.java.TestType] [  477] -  str(2) = 3
[INFO ][2015-11-30 11:09:07,769][com.java.TestType] [  529] - row values are--------{1=com.java.Objects.TestDataDetails@1e8af23, 2=com.java.Objects.TestDataDetails@facf6d, 3=com.java.Objects.TestDataDetails@ad899b}
[INFO ][2015-11-30 11:09:07,769][com.java.TestType] [ 9266] - Looping 1TCID = 2
[DEBUG][2015-11-30 11:09:07,769][com.java.TestType] [ 9307] - Concept ID:2 :: Step being Executed: 2::1
[INFO ][2015-11-30 11:09:07,769][com.java.TestType] [ 9345] - dataFields : BNK//select[@id='bank']
[DEBUG][2015-11-30 11:09:07,769][com.java.TestType] [ 9351] - <In Set values of the page>
[DEBUG][2015-11-30 11:09:07,769][com.java.TestType] [ 9356] - {Data Fields & Data Values Exist}
[INFO ][2015-11-30 11:09:07,769][com.java.TestType] [ 9362] - --------------------------setting values-----------------------------
[INFO ][2015-11-30 11:09:07,769][com.java.TestType] [ 9365] - Action Type : Select
[INFO ][2015-11-30 11:09:07,770][com.java.TestType] [ 4791] - value = PFC
[ERROR][2015-11-30 11:09:09,780][com.java.TestType] [ 5005] - Unable to perform Action Select null
[INFO ][2015-11-30 11:09:09,780][com.java.TestType] [ 9384] -  RESULT false
[INFO ][2015-11-30 11:09:09,780][com.java.TestType] [ 9422] - ?   F A I L   ?
[DEBUG][2015-11-30 11:09:09,780][com.java.TestType] [ 9425] - Browser Type : IE9
[INFO ][2015-11-30 11:09:09,781][com.java.SeleniumDriver] [  869] -  RESULT false
[INFO ][2015-11-30 11:09:09,781][com.java.SeleniumDriver] [  916] - ?   F A I L   ?
[INFO ][2015-11-30 11:09:09,781][com.java.SeleniumDriver] [  924] - Browser Type : IE9
[INFO ][2015-11-30 11:09:09,781][com.java.SeleniumDriver] [  925] - Adding Failed case2
[WARN ][2015-11-30 11:09:11,781][com.java.SeleniumDriver] [  985] - Source 'D:\BankersDashboard\TestReports\113015' exists but is a directory
[INFO ][2015-11-30 11:09:11,781][com.java.SeleniumDriver] [ 1039] - failedCases = 1,1,1-2,2
[ERROR][2015-11-30 11:09:11,781][com.java.SeleniumDriver] [ 1536] - Platform Errors : Our apologies...::We have encountered an issue with your request.::Our apologies?:We encountered an issue with your request.
[INFO ][2015-11-30 11:09:11,781][com.java.SeleniumDriver] [ 1540] - Length =3
[ERROR][2015-11-30 11:09:11,781][com.java.SeleniumDriver] [ 1543] - Error 0 = Our apologies...
