[INFO ][2016-01-18 12:01:41,130][com.java.SeleniumDriver] [  213] - Execute Failed Casesfalse
[INFO ][2016-01-18 12:01:41,130][com.java.SeleniumDriver] [  214] - Browser: IE10
[INFO ][2016-01-18 12:01:41,130][com.java.SeleniumDriver] [  215] - [1, 16]
[INFO ][2016-01-18 12:01:41,130][com.java.SeleniumDriver] [  216] - Total TestCases:2
[INFO ][2016-01-18 12:01:41,130][com.java.SeleniumDriver] [  217] -  Reading Properties from Property File 
[DEBUG][2016-01-18 12:01:41,130][com.java.SeleniumDriver] [  238] - url : https://clients-xuat.bankersdashboard.com
[INFO ][2016-01-18 12:01:41,130][com.java.ImportnExport.ExportTestResultsExcel] [  116] - Time Stamp Mon Jan 18 12:01:41 IST 2016
[INFO ][2016-01-18 12:01:41,130][com.java.ImportnExport.ExportTestResultsExcel] [  175] - OUT FILE : D:\BankersDashboard/TestReports/Test Results_BankersDashBoard_011816_120141_IE10_Any Bank USA.xls
[INFO ][2016-01-18 12:01:41,162][com.java.ImportnExport.ExportTestResultsExcel] [  180] - Test Result file is created
[DEBUG][2016-01-18 12:01:41,271][com.java.SeleniumDriver] [  426] - Hub ip address is-------172.17.68.34
[INFO ][2016-01-18 12:01:41,287][com.java.SeleniumDriver] [  452] - Grid URL:http://172.17.68.34:4444/wd/hub
[INFO ][2016-01-18 12:01:41,287][com.java.SeleniumDriver] [  453] - Capability:Capabilities [{platform=ANY, ensureCleanSession=true, ignoreProtectedModeSettings=true, acceptSslCerts=true, ignoreZoomSetting=true, browserName=internet explorer, browserstack.ie.noFlash=true, version=null}]
[ERROR][2016-01-18 12:01:42,597][com.java.SeleniumDriver] [  498] - Unable invoke browser in grid:Could not start a new session. Possible causes are invalid address of the remote server or browser start-up failure.
Build info: version: '2.48.2', revision: '41bccdd', time: '2015-10-09 19:59:12'
System info: host: 'FVTIII438F1D', ip: '172.17.68.34', os.name: 'Windows 7', os.arch: 'x86', os.version: '6.1', java.version: '1.7.0_55'
Driver info: driver.version: SeleniumDriver
[INFO ][2016-01-18 12:01:42,597][com.java.SeleniumDriver] [  500] - Executing on local machine
[INFO ][2016-01-18 12:01:55,688][com.java.SeleniumDriver] [  248] - IE10is opened
[INFO ][2016-01-18 12:01:56,556][com.java.SeleniumDriver] [  756] - Test cases to be executed are: [1, 16]
[INFO ][2016-01-18 12:01:56,557][com.java.ImportnExport.ImportTestDataDetailsExcel] [   49] - test data details path===== D:\BankersDashboard\TestInputs\TestData.xls
[INFO ][2016-01-18 12:01:56,666][com.java.SeleniumDriver] [  856] - ------------------------------------------
[INFO ][2016-01-18 12:01:56,666][com.java.SeleniumDriver] [  857] - Test case being Executed: 1
[INFO ][2016-01-18 12:01:56,666][com.java.SeleniumDriver] [  869] - Test step:1
[INFO ][2016-01-18 12:01:56,666][com.java.SeleniumDriver] [  881] - Datavalue is----------Concept#1:1-16
[INFO ][2016-01-18 12:01:56,666][com.java.SeleniumDriver] [  905] - DataField : test
[INFO ][2016-01-18 12:01:56,666][com.java.SeleniumDriver] [  907] - DataValue : Concept#1:1-16
[INFO ][2016-01-18 12:01:56,666][com.java.SeleniumDriver] [  913] - <In Set values of the page>
[INFO ][2016-01-18 12:01:56,666][com.java.SeleniumDriver] [  916] - {Data Fields & Data Values Exist}
[INFO ][2016-01-18 12:01:56,666][com.java.SeleniumDriver] [  918] - --------------------------setting values-----------------------------
[INFO ][2016-01-18 12:01:56,666][com.java.SeleniumDriver] [  921] - Action Type : ExecuteTestCase
[INFO ][2016-01-18 12:01:56,682][com.java.TestType] [  437] - The Concept sheet name is ---------- Concept
[INFO ][2016-01-18 12:01:56,682][com.java.TestType] [  440] - The Concept ID  is ---------- 1
[DEBUG][2016-01-18 12:01:56,682][com.java.TestType] [  444] - Steps being executted in the Concept are: 1:16
[INFO ][2016-01-18 12:01:56,682][com.java.TestType] [  451] - Test data details path ---------- D:\BankersDashboard\TestInputs\TestData.xls
[INFO ][2016-01-18 12:01:56,713][com.java.TestType] [  482] -  str(1) = 1
[INFO ][2016-01-18 12:01:56,713][com.java.TestType] [  485] - Test case Id is---1
[INFO ][2016-01-18 12:01:56,713][com.java.TestType] [  487] - 1
[INFO ][2016-01-18 12:01:56,713][com.java.TestType] [  482] -  str(2) = 1
[INFO ][2016-01-18 12:01:56,713][com.java.TestType] [  482] -  str(1) = 1
[INFO ][2016-01-18 12:01:56,713][com.java.TestType] [  485] - Test case Id is---1
[INFO ][2016-01-18 12:01:56,713][com.java.TestType] [  487] - 1
[INFO ][2016-01-18 12:01:56,713][com.java.TestType] [  482] -  str(2) = 2
[INFO ][2016-01-18 12:01:56,713][com.java.TestType] [  482] -  str(1) = 1
[INFO ][2016-01-18 12:01:56,713][com.java.TestType] [  485] - Test case Id is---1
[INFO ][2016-01-18 12:01:56,713][com.java.TestType] [  487] - 1
[INFO ][2016-01-18 12:01:56,728][com.java.TestType] [  482] -  str(2) = 3
[INFO ][2016-01-18 12:01:56,728][com.java.TestType] [  482] -  str(1) = 1
[INFO ][2016-01-18 12:01:56,728][com.java.TestType] [  485] - Test case Id is---1
[INFO ][2016-01-18 12:01:56,728][com.java.TestType] [  487] - 1
[INFO ][2016-01-18 12:01:56,728][com.java.TestType] [  482] -  str(2) = 4
[INFO ][2016-01-18 12:01:56,728][com.java.TestType] [  482] -  str(1) = 1
[INFO ][2016-01-18 12:01:56,728][com.java.TestType] [  485] - Test case Id is---1
[INFO ][2016-01-18 12:01:56,728][com.java.TestType] [  487] - 1
[INFO ][2016-01-18 12:01:56,728][com.java.TestType] [  482] -  str(2) = 5
[INFO ][2016-01-18 12:01:56,728][com.java.TestType] [  482] -  str(1) = 1
[INFO ][2016-01-18 12:01:56,728][com.java.TestType] [  485] - Test case Id is---1
[INFO ][2016-01-18 12:01:56,728][com.java.TestType] [  487] - 1
[INFO ][2016-01-18 12:01:56,728][com.java.TestType] [  482] -  str(2) = 6
[INFO ][2016-01-18 12:01:56,728][com.java.TestType] [  482] -  str(1) = 1
[INFO ][2016-01-18 12:01:56,728][com.java.TestType] [  485] - Test case Id is---1
[INFO ][2016-01-18 12:01:56,728][com.java.TestType] [  487] - 1
[INFO ][2016-01-18 12:01:56,728][com.java.TestType] [  482] -  str(2) = 7
[INFO ][2016-01-18 12:01:56,728][com.java.TestType] [  482] -  str(1) = 1
[INFO ][2016-01-18 12:01:56,728][com.java.TestType] [  485] - Test case Id is---1
[INFO ][2016-01-18 12:01:56,728][com.java.TestType] [  487] - 1
[INFO ][2016-01-18 12:01:56,728][com.java.TestType] [  482] -  str(2) = 8
[INFO ][2016-01-18 12:01:56,728][com.java.TestType] [  482] -  str(1) = 1
[INFO ][2016-01-18 12:01:56,728][com.java.TestType] [  485] - Test case Id is---1
[INFO ][2016-01-18 12:01:56,728][com.java.TestType] [  487] - 1
[INFO ][2016-01-18 12:01:56,728][com.java.TestType] [  482] -  str(2) = 9
[INFO ][2016-01-18 12:01:56,728][com.java.TestType] [  482] -  str(1) = 1
[INFO ][2016-01-18 12:01:56,728][com.java.TestType] [  485] - Test case Id is---1
[INFO ][2016-01-18 12:01:56,728][com.java.TestType] [  487] - 1
[INFO ][2016-01-18 12:01:56,728][com.java.TestType] [  482] -  str(2) = 10
[INFO ][2016-01-18 12:01:56,728][com.java.TestType] [  482] -  str(1) = 1
[INFO ][2016-01-18 12:01:56,728][com.java.TestType] [  485] - Test case Id is---1
[INFO ][2016-01-18 12:01:56,728][com.java.TestType] [  487] - 1
[INFO ][2016-01-18 12:01:56,728][com.java.TestType] [  482] -  str(2) = 11
[INFO ][2016-01-18 12:01:56,728][com.java.TestType] [  482] -  str(1) = 1
[INFO ][2016-01-18 12:01:56,728][com.java.TestType] [  485] - Test case Id is---1
[INFO ][2016-01-18 12:01:56,728][com.java.TestType] [  487] - 1
[INFO ][2016-01-18 12:01:56,728][com.java.TestType] [  482] -  str(2) = 12
[INFO ][2016-01-18 12:01:56,744][com.java.TestType] [  482] -  str(1) = 1
[INFO ][2016-01-18 12:01:56,744][com.java.TestType] [  485] - Test case Id is---1
[INFO ][2016-01-18 12:01:56,744][com.java.TestType] [  487] - 1
[INFO ][2016-01-18 12:01:56,744][com.java.TestType] [  482] -  str(2) = 13
[INFO ][2016-01-18 12:01:56,744][com.java.TestType] [  482] -  str(1) = 1
[INFO ][2016-01-18 12:01:56,744][com.java.TestType] [  485] - Test case Id is---1
[INFO ][2016-01-18 12:01:56,744][com.java.TestType] [  487] - 1
[INFO ][2016-01-18 12:01:56,744][com.java.TestType] [  482] -  str(2) = 14
[INFO ][2016-01-18 12:01:56,744][com.java.TestType] [  482] -  str(1) = 1
[INFO ][2016-01-18 12:01:56,744][com.java.TestType] [  485] - Test case Id is---1
[INFO ][2016-01-18 12:01:56,744][com.java.TestType] [  487] - 1
[INFO ][2016-01-18 12:01:56,744][com.java.TestType] [  482] -  str(2) = 15
[INFO ][2016-01-18 12:01:56,744][com.java.TestType] [  482] -  str(1) = 1
[INFO ][2016-01-18 12:01:56,744][com.java.TestType] [  485] - Test case Id is---1
[INFO ][2016-01-18 12:01:56,744][com.java.TestType] [  487] - 1
[INFO ][2016-01-18 12:01:56,744][com.java.TestType] [  482] -  str(2) = 16
[INFO ][2016-01-18 12:01:56,744][com.java.TestType] [11314] - Looping 1TCID = 1
[DEBUG][2016-01-18 12:01:56,744][com.java.TestType] [11355] - Concept ID:1 :: Step being Executed: 1::1
[INFO ][2016-01-18 12:01:56,744][com.java.TestType] [11393] - dataFields : TXTusername
[DEBUG][2016-01-18 12:01:56,744][com.java.TestType] [11399] - <In Set values of the page>
[DEBUG][2016-01-18 12:01:56,744][com.java.TestType] [11404] - {Data Fields & Data Values Exist}
[INFO ][2016-01-18 12:01:56,744][com.java.TestType] [11410] - --------------------------setting values-----------------------------
[INFO ][2016-01-18 12:01:56,744][com.java.TestType] [11413] - Action Type : CLEARANDENTER
[INFO ][2016-01-18 12:01:59,100][com.java.TestType] [ 6140] - value = naresh.nayini.00000
[INFO ][2016-01-18 12:02:01,667][com.java.TestType] [11432] -  RESULT true
[INFO ][2016-01-18 12:02:01,667][com.java.TestType] [11549] - ?   P A S S   ?
[DEBUG][2016-01-18 12:02:01,667][com.java.TestType] [11355] - Concept ID:1 :: Step being Executed: 1::2
[INFO ][2016-01-18 12:02:01,667][com.java.TestType] [11393] - dataFields : TXTpassword
[DEBUG][2016-01-18 12:02:01,667][com.java.TestType] [11399] - <In Set values of the page>
[DEBUG][2016-01-18 12:02:01,667][com.java.TestType] [11404] - {Data Fields & Data Values Exist}
[INFO ][2016-01-18 12:02:01,667][com.java.TestType] [11410] - --------------------------setting values-----------------------------
[INFO ][2016-01-18 12:02:01,667][com.java.TestType] [11413] - Action Type : CLEARANDENTER
[INFO ][2016-01-18 12:02:04,007][com.java.TestType] [ 6140] - value = Password1*
[INFO ][2016-01-18 12:02:06,700][com.java.TestType] [11432] -  RESULT true
[INFO ][2016-01-18 12:02:06,700][com.java.TestType] [11549] - ?   P A S S   ?
[DEBUG][2016-01-18 12:02:06,700][com.java.TestType] [11355] - Concept ID:1 :: Step being Executed: 1::3
[ERROR][2016-01-18 12:02:06,700][com.java.TestType] [11388] - Exception: null
[INFO ][2016-01-18 12:02:06,700][com.java.TestType] [11393] - dataFields : XPH//button[@type='submit']
[DEBUG][2016-01-18 12:02:06,700][com.java.TestType] [11399] - <In Set values of the page>
[DEBUG][2016-01-18 12:02:06,700][com.java.TestType] [11404] - {Data Fields & Data Values Exist}
[INFO ][2016-01-18 12:02:06,700][com.java.TestType] [11410] - --------------------------setting values-----------------------------
[INFO ][2016-01-18 12:02:06,700][com.java.TestType] [11413] - Action Type : Click
[INFO ][2016-01-18 12:02:06,700][com.java.TestType] [ 6519] - Field ::XPH//button[@type='submit']
[INFO ][2016-01-18 12:02:06,700][com.java.TestType] [ 6140] - value = 
[INFO ][2016-01-18 12:02:07,713][com.java.TestType] [ 6656] - BEFORE CLICK
[INFO ][2016-01-18 12:02:10,884][com.java.TestType] [ 6664] - Unable to click the object Login
[INFO ][2016-01-18 12:02:10,884][com.java.TestType] [11432] -  RESULT true
[INFO ][2016-01-18 12:02:10,884][com.java.TestType] [11549] - ?   P A S S   ?
[DEBUG][2016-01-18 12:02:10,884][com.java.TestType] [11355] - Concept ID:1 :: Step being Executed: 1::4
[INFO ][2016-01-18 12:02:10,884][com.java.TestType] [11393] - dataFields : LNKLogout
[DEBUG][2016-01-18 12:02:10,884][com.java.TestType] [11399] - <In Set values of the page>
[DEBUG][2016-01-18 12:02:10,884][com.java.TestType] [11404] - {Data Fields & Data Values Exist}
[INFO ][2016-01-18 12:02:10,884][com.java.TestType] [11410] - --------------------------setting values-----------------------------
[INFO ][2016-01-18 12:02:10,884][com.java.TestType] [11413] - Action Type : WaitForElement
[INFO ][2016-01-18 12:02:10,967][com.java.TestType] [11432] -  RESULT true
[INFO ][2016-01-18 12:02:10,967][com.java.TestType] [11549] - ?   P A S S   ?
[DEBUG][2016-01-18 12:02:10,967][com.java.TestType] [11355] - Concept ID:1 :: Step being Executed: 1::15
[INFO ][2016-01-18 12:02:10,967][com.java.TestType] [11393] - dataFields : LNK
[DEBUG][2016-01-18 12:02:10,967][com.java.TestType] [11399] - <In Set values of the page>
[DEBUG][2016-01-18 12:02:10,967][com.java.TestType] [11404] - {Data Fields & Data Values Exist}
[INFO ][2016-01-18 12:02:10,967][com.java.TestType] [11410] - --------------------------setting values-----------------------------
[INFO ][2016-01-18 12:02:10,967][com.java.TestType] [11413] - Action Type : Verify
[INFO ][2016-01-18 12:02:10,967][com.java.TestType] [ 7647] - field= LNK value= Logout
[INFO ][2016-01-18 12:02:10,967][com.java.TestType] [ 6140] - value = Logout
[INFO ][2016-01-18 12:02:10,999][com.java.TestType] [11432] -  RESULT true
[INFO ][2016-01-18 12:02:10,999][com.java.TestType] [11549] - ?   P A S S   ?
[DEBUG][2016-01-18 12:02:10,999][com.java.TestType] [11355] - Concept ID:1 :: Step being Executed: 1::16
[INFO ][2016-01-18 12:02:10,999][com.java.TestType] [11393] - dataFields : BTN
[DEBUG][2016-01-18 12:02:10,999][com.java.TestType] [11399] - <In Set values of the page>
[DEBUG][2016-01-18 12:02:10,999][com.java.TestType] [11404] - {Data Fields & Data Values Exist}
[INFO ][2016-01-18 12:02:10,999][com.java.TestType] [11410] - --------------------------setting values-----------------------------
[INFO ][2016-01-18 12:02:10,999][com.java.TestType] [11413] - Action Type : Verify
[INFO ][2016-01-18 12:02:10,999][com.java.TestType] [ 7647] - field= BTN value= //img[contains(@src,'bdlogo.jpg')]
[INFO ][2016-01-18 12:02:10,999][com.java.TestType] [ 6140] - value = //img[contains(@src,'bdlogo.jpg')]
[INFO ][2016-01-18 12:02:11,061][com.java.TestType] [11432] -  RESULT true
[INFO ][2016-01-18 12:02:11,061][com.java.TestType] [11549] - ?   P A S S   ?
[INFO ][2016-01-18 12:02:11,061][com.java.TestType] [11620] - Looping End......
[INFO ][2016-01-18 12:02:11,061][com.java.SeleniumDriver] [  930] -  RESULT true
[INFO ][2016-01-18 12:02:11,061][com.java.SeleniumDriver] [ 1136] - ?   P A S S   ?
[INFO ][2016-01-18 12:02:11,061][com.java.SeleniumDriver] [  856] - ------------------------------------------
[INFO ][2016-01-18 12:02:11,061][com.java.SeleniumDriver] [  857] - Test case being Executed: 1
[INFO ][2016-01-18 12:02:11,061][com.java.SeleniumDriver] [  869] - Test step:2
[INFO ][2016-01-18 12:02:11,061][com.java.SeleniumDriver] [  881] - Datavalue is----------Concept#2:1-2
[INFO ][2016-01-18 12:02:11,061][com.java.SeleniumDriver] [  905] - DataField : test
[INFO ][2016-01-18 12:02:11,061][com.java.SeleniumDriver] [  907] - DataValue : Concept#2:1-2
[INFO ][2016-01-18 12:02:11,061][com.java.SeleniumDriver] [  913] - <In Set values of the page>
[INFO ][2016-01-18 12:02:11,061][com.java.SeleniumDriver] [  916] - {Data Fields & Data Values Exist}
[INFO ][2016-01-18 12:02:11,061][com.java.SeleniumDriver] [  918] - --------------------------setting values-----------------------------
[INFO ][2016-01-18 12:02:11,061][com.java.SeleniumDriver] [  921] - Action Type : ExecuteTestCase
[INFO ][2016-01-18 12:02:11,061][com.java.TestType] [  437] - The Concept sheet name is ---------- Concept
[INFO ][2016-01-18 12:02:11,061][com.java.TestType] [  440] - The Concept ID  is ---------- 2
[DEBUG][2016-01-18 12:02:11,061][com.java.TestType] [  444] - Steps being executted in the Concept are: 1:2
[INFO ][2016-01-18 12:02:11,061][com.java.TestType] [  451] - Test data details path ---------- D:\BankersDashboard\TestInputs\TestData.xls
[INFO ][2016-01-18 12:02:11,092][com.java.TestType] [  482] -  str(1) = 2
[INFO ][2016-01-18 12:02:11,092][com.java.TestType] [  485] - Test case Id is---2
[INFO ][2016-01-18 12:02:11,092][com.java.TestType] [  487] - 2
[INFO ][2016-01-18 12:02:11,092][com.java.TestType] [  482] -  str(2) = 1
[INFO ][2016-01-18 12:02:11,092][com.java.TestType] [  482] -  str(1) = 2
[INFO ][2016-01-18 12:02:11,092][com.java.TestType] [  485] - Test case Id is---2
[INFO ][2016-01-18 12:02:11,092][com.java.TestType] [  487] - 2
[INFO ][2016-01-18 12:02:11,092][com.java.TestType] [  482] -  str(2) = 2
[INFO ][2016-01-18 12:02:11,092][com.java.TestType] [  482] -  str(1) = 2
[INFO ][2016-01-18 12:02:11,092][com.java.TestType] [  485] - Test case Id is---2
[INFO ][2016-01-18 12:02:11,092][com.java.TestType] [  487] - 2
[INFO ][2016-01-18 12:02:11,092][com.java.TestType] [  482] -  str(2) = 3
[INFO ][2016-01-18 12:02:11,092][com.java.TestType] [11314] - Looping 1TCID = 2
[DEBUG][2016-01-18 12:02:11,092][com.java.TestType] [11355] - Concept ID:2 :: Step being Executed: 2::1
[INFO ][2016-01-18 12:02:11,092][com.java.TestType] [11393] - dataFields : BNK//select[@id='bank']
[DEBUG][2016-01-18 12:02:11,092][com.java.TestType] [11399] - <In Set values of the page>
[DEBUG][2016-01-18 12:02:11,092][com.java.TestType] [11404] - {Data Fields & Data Values Exist}
[INFO ][2016-01-18 12:02:11,092][com.java.TestType] [11410] - --------------------------setting values-----------------------------
[INFO ][2016-01-18 12:02:11,092][com.java.TestType] [11413] - Action Type : Select
[INFO ][2016-01-18 12:02:11,092][com.java.TestType] [ 6140] - value = PFC
[INFO ][2016-01-18 12:02:11,944][com.java.TestType] [11432] -  RESULT true
[INFO ][2016-01-18 12:02:11,944][com.java.TestType] [11549] - ?   P A S S   ?
[DEBUG][2016-01-18 12:02:11,944][com.java.TestType] [11355] - Concept ID:2 :: Step being Executed: 2::2
[INFO ][2016-01-18 12:02:11,944][com.java.TestType] [11393] - dataFields : LNKLogout
[DEBUG][2016-01-18 12:02:11,944][com.java.TestType] [11399] - <In Set values of the page>
[DEBUG][2016-01-18 12:02:11,944][com.java.TestType] [11404] - {Data Fields & Data Values Exist}
[INFO ][2016-01-18 12:02:11,944][com.java.TestType] [11410] - --------------------------setting values-----------------------------
[INFO ][2016-01-18 12:02:11,944][com.java.TestType] [11413] - Action Type : WaitTime
[DEBUG][2016-01-18 12:02:11,944][com.java.TestType] [ 5954] - sleepTime: 5000
[INFO ][2016-01-18 12:02:16,972][com.java.TestType] [11432] -  RESULT true
[INFO ][2016-01-18 12:02:16,972][com.java.TestType] [11549] - ?   P A S S   ?
[INFO ][2016-01-18 12:02:16,972][com.java.TestType] [11620] - Looping End......
[INFO ][2016-01-18 12:02:16,972][com.java.SeleniumDriver] [  930] -  RESULT true
[INFO ][2016-01-18 12:02:16,972][com.java.SeleniumDriver] [ 1136] - ?   P A S S   ?
[INFO ][2016-01-18 12:02:16,972][com.java.SeleniumDriver] [  856] - ------------------------------------------
[INFO ][2016-01-18 12:02:16,972][com.java.SeleniumDriver] [  857] - Test case being Executed: 1
[INFO ][2016-01-18 12:02:16,972][com.java.SeleniumDriver] [  869] - Test step:3
[INFO ][2016-01-18 12:02:16,972][com.java.SeleniumDriver] [  881] - Datavalue is----------2
[INFO ][2016-01-18 12:02:16,972][com.java.SeleniumDriver] [  905] - DataField : XPH//button[contains(text(),'Add Content')]
[INFO ][2016-01-18 12:02:16,972][com.java.SeleniumDriver] [  907] - DataValue : 2
[INFO ][2016-01-18 12:02:16,972][com.java.SeleniumDriver] [  913] - <In Set values of the page>
[INFO ][2016-01-18 12:02:16,972][com.java.SeleniumDriver] [  916] - {Data Fields & Data Values Exist}
[INFO ][2016-01-18 12:02:16,972][com.java.SeleniumDriver] [  918] - --------------------------setting values-----------------------------
[INFO ][2016-01-18 12:02:16,972][com.java.SeleniumDriver] [  921] - Action Type : WAITFORELEMENT
[INFO ][2016-01-18 12:02:17,019][com.java.SeleniumDriver] [  930] -  RESULT true
[INFO ][2016-01-18 12:02:17,019][com.java.SeleniumDriver] [ 1136] - ?   P A S S   ?
[DEBUG][2016-01-18 12:02:17,019][com.java.SeleniumDriver] [ 1248] - Case found
[DEBUG][2016-01-18 12:02:17,019][com.java.SeleniumDriver] [ 1253] - Incrementing ReportCounters[0]:1
[INFO ][2016-01-18 12:02:17,019][com.java.SeleniumDriver] [ 1272] - The results are-------------------[1, 1, Valid Login, Pass, , Mon Jan 18 12:02:11 IST 2016, 1, 2, Valid Login, Pass, , Mon Jan 18 12:02:16 IST 2016, 1, 3, Valid Login, Pass, , Mon Jan 18 12:02:17 IST 2016]
[INFO ][2016-01-18 12:02:17,019][com.java.SeleniumDriver] [ 1276] - End time is-------38 sec
[INFO ][2016-01-18 12:02:17,019][com.java.SeleniumDriver] [ 1277] - The results are-------------------[1, 1, Valid Login, Pass, , Mon Jan 18 12:02:11 IST 2016, 1, 2, Valid Login, Pass, , Mon Jan 18 12:02:16 IST 2016, 1, 3, Valid Login, Pass, , Mon Jan 18 12:02:17 IST 2016]
[DEBUG][2016-01-18 12:02:17,019][com.java.ImportnExport.ExportTestResultsExcel] [  222] - testResultPath = D:\BankersDashboard/TestReports/Test Results_BankersDashBoard_011816_120141_IE10_Any Bank USA.xls
[DEBUG][2016-01-18 12:02:17,019][com.java.ImportnExport.ExportTestResultsExcel] [  223] - browser is------------IE10
[DEBUG][2016-01-18 12:02:17,082][com.java.ImportnExport.ExportTestResultsExcel] [  270] - result.size() = 18
[DEBUG][2016-01-18 12:02:17,082][com.java.ImportnExport.ExportTestResultsExcel] [  274] - No of rows in sheet=1
[DEBUG][2016-01-18 12:02:17,082][com.java.ImportnExport.ExportTestResultsExcel] [  301] - ..in export..1
[DEBUG][2016-01-18 12:02:17,082][com.java.ImportnExport.ExportTestResultsExcel] [  301] - ..in export..Valid Login
[DEBUG][2016-01-18 12:02:17,082][com.java.ImportnExport.ExportTestResultsExcel] [  301] - ..in export..Pass
[DEBUG][2016-01-18 12:02:17,082][com.java.ImportnExport.ExportTestResultsExcel] [  301] - ..in export..
[DEBUG][2016-01-18 12:02:17,082][com.java.ImportnExport.ExportTestResultsExcel] [  301] - ..in export..Mon Jan 18 12:02:11 IST 2016
[INFO ][2016-01-18 12:02:17,082][com.java.SeleniumDriver] [ 1337] - out loop:0 size:2 TestCases:[1, 16] testcases:[1, 16]
[INFO ][2016-01-18 12:02:17,082][com.java.ImportnExport.ImportTestDataDetailsExcel] [   49] - test data details path===== D:\BankersDashboard\TestInputs\TestData.xls
[INFO ][2016-01-18 12:02:33,021][com.java.SeleniumDriver] [  856] - ------------------------------------------
[INFO ][2016-01-18 12:02:33,021][com.java.SeleniumDriver] [  857] - Test case being Executed: 16
[INFO ][2016-01-18 12:02:33,021][com.java.SeleniumDriver] [  869] - Test step:1
[INFO ][2016-01-18 12:02:33,021][com.java.SeleniumDriver] [  881] - Datavalue is----------Logout
[INFO ][2016-01-18 12:02:33,021][com.java.SeleniumDriver] [  905] - DataField : BTN
[INFO ][2016-01-18 12:02:33,021][com.java.SeleniumDriver] [  907] - DataValue : Logout
[INFO ][2016-01-18 12:02:33,021][com.java.SeleniumDriver] [  913] - <In Set values of the page>
[INFO ][2016-01-18 12:02:33,021][com.java.SeleniumDriver] [  916] - {Data Fields & Data Values Exist}
[INFO ][2016-01-18 12:02:33,021][com.java.SeleniumDriver] [  918] - --------------------------setting values-----------------------------
[INFO ][2016-01-18 12:02:33,021][com.java.SeleniumDriver] [  921] - Action Type : Verify
[INFO ][2016-01-18 12:02:33,021][com.java.TestType] [ 7647] - field= BTN value= Logout
[INFO ][2016-01-18 12:02:33,021][com.java.TestType] [ 6140] - value = Logout
[INFO ][2016-01-18 12:02:33,084][com.java.SeleniumDriver] [  930] -  RESULT true
[INFO ][2016-01-18 12:02:33,084][com.java.SeleniumDriver] [ 1136] - ?   P A S S   ?
[INFO ][2016-01-18 12:02:33,084][com.java.SeleniumDriver] [ 1178] - step change to 3
[INFO ][2016-01-18 12:02:33,084][com.java.SeleniumDriver] [  856] - ------------------------------------------
[INFO ][2016-01-18 12:02:33,084][com.java.SeleniumDriver] [  857] - Test case being Executed: 16
[INFO ][2016-01-18 12:02:33,084][com.java.SeleniumDriver] [  869] - Test step:3
[INFO ][2016-01-18 12:02:33,084][com.java.SeleniumDriver] [  881] - Datavalue is----------Concept#2:1-2
[INFO ][2016-01-18 12:02:33,084][com.java.SeleniumDriver] [  905] - DataField : test
[INFO ][2016-01-18 12:02:33,084][com.java.SeleniumDriver] [  907] - DataValue : Concept#2:1-2
[INFO ][2016-01-18 12:02:33,084][com.java.SeleniumDriver] [  913] - <In Set values of the page>
[INFO ][2016-01-18 12:02:33,084][com.java.SeleniumDriver] [  916] - {Data Fields & Data Values Exist}
[INFO ][2016-01-18 12:02:33,084][com.java.SeleniumDriver] [  918] - --------------------------setting values-----------------------------
[INFO ][2016-01-18 12:02:33,084][com.java.SeleniumDriver] [  921] - Action Type : ExecuteTestCase
[INFO ][2016-01-18 12:02:33,084][com.java.TestType] [  437] - The Concept sheet name is ---------- Concept
[INFO ][2016-01-18 12:02:33,084][com.java.TestType] [  440] - The Concept ID  is ---------- 2
[DEBUG][2016-01-18 12:02:33,084][com.java.TestType] [  444] - Steps being executted in the Concept are: 1:2
[INFO ][2016-01-18 12:02:33,084][com.java.TestType] [  451] - Test data details path ---------- D:\BankersDashboard\TestInputs\TestData.xls
[INFO ][2016-01-18 12:02:33,115][com.java.TestType] [  482] -  str(1) = 2
[INFO ][2016-01-18 12:02:33,115][com.java.TestType] [  485] - Test case Id is---2
[INFO ][2016-01-18 12:02:33,115][com.java.TestType] [  487] - 2
[INFO ][2016-01-18 12:02:33,115][com.java.TestType] [  482] -  str(2) = 1
[INFO ][2016-01-18 12:02:33,115][com.java.TestType] [  482] -  str(1) = 2
[INFO ][2016-01-18 12:02:33,115][com.java.TestType] [  485] - Test case Id is---2
[INFO ][2016-01-18 12:02:33,115][com.java.TestType] [  487] - 2
[INFO ][2016-01-18 12:02:33,115][com.java.TestType] [  482] -  str(2) = 2
[INFO ][2016-01-18 12:02:33,115][com.java.TestType] [  482] -  str(1) = 2
[INFO ][2016-01-18 12:02:33,115][com.java.TestType] [  485] - Test case Id is---2
[INFO ][2016-01-18 12:02:33,115][com.java.TestType] [  487] - 2
[INFO ][2016-01-18 12:02:33,115][com.java.TestType] [  482] -  str(2) = 3
[INFO ][2016-01-18 12:02:33,115][com.java.TestType] [11314] - Looping 1TCID = 2
[DEBUG][2016-01-18 12:02:33,115][com.java.TestType] [11355] - Concept ID:2 :: Step being Executed: 2::1
[INFO ][2016-01-18 12:02:33,115][com.java.TestType] [11393] - dataFields : BNK//select[@id='bank']
[DEBUG][2016-01-18 12:02:33,115][com.java.TestType] [11399] - <In Set values of the page>
[DEBUG][2016-01-18 12:02:33,115][com.java.TestType] [11404] - {Data Fields & Data Values Exist}
[INFO ][2016-01-18 12:02:33,115][com.java.TestType] [11410] - --------------------------setting values-----------------------------
[INFO ][2016-01-18 12:02:33,115][com.java.TestType] [11413] - Action Type : Select
[INFO ][2016-01-18 12:02:33,115][com.java.TestType] [ 6140] - value = PFC
[INFO ][2016-01-18 12:02:33,318][com.java.TestType] [11432] -  RESULT true
[INFO ][2016-01-18 12:02:33,318][com.java.TestType] [11549] - ?   P A S S   ?
[DEBUG][2016-01-18 12:02:33,318][com.java.TestType] [11355] - Concept ID:2 :: Step being Executed: 2::2
[INFO ][2016-01-18 12:02:33,318][com.java.TestType] [11393] - dataFields : LNKLogout
[DEBUG][2016-01-18 12:02:33,318][com.java.TestType] [11399] - <In Set values of the page>
[DEBUG][2016-01-18 12:02:33,318][com.java.TestType] [11404] - {Data Fields & Data Values Exist}
[INFO ][2016-01-18 12:02:33,318][com.java.TestType] [11410] - --------------------------setting values-----------------------------
[INFO ][2016-01-18 12:02:33,318][com.java.TestType] [11413] - Action Type : WaitTime
[DEBUG][2016-01-18 12:02:33,318][com.java.TestType] [ 5954] - sleepTime: 5000
[INFO ][2016-01-18 12:02:38,325][com.java.TestType] [11432] -  RESULT true
[INFO ][2016-01-18 12:02:38,325][com.java.TestType] [11549] - ?   P A S S   ?
[INFO ][2016-01-18 12:02:38,325][com.java.TestType] [11620] - Looping End......
[INFO ][2016-01-18 12:02:38,325][com.java.SeleniumDriver] [  930] -  RESULT true
[INFO ][2016-01-18 12:02:38,325][com.java.SeleniumDriver] [ 1136] - ?   P A S S   ?
[INFO ][2016-01-18 12:02:38,325][com.java.SeleniumDriver] [  856] - ------------------------------------------
[INFO ][2016-01-18 12:02:38,325][com.java.SeleniumDriver] [  857] - Test case being Executed: 16
[INFO ][2016-01-18 12:02:38,325][com.java.SeleniumDriver] [  869] - Test step:4
[INFO ][2016-01-18 12:02:38,325][com.java.SeleniumDriver] [  881] - Datavalue is----------null
[DEBUG][2016-01-18 12:02:38,325][com.java.SeleniumDriver] [  899] - Exception: null
[INFO ][2016-01-18 12:02:38,325][com.java.SeleniumDriver] [  905] - DataField : //span[@class='icon-cog2']&&//a[@data-id="UserSettings"]
[INFO ][2016-01-18 12:02:38,325][com.java.SeleniumDriver] [  907] - DataValue : 
[INFO ][2016-01-18 12:02:38,325][com.java.SeleniumDriver] [  913] - <In Set values of the page>
[INFO ][2016-01-18 12:02:38,325][com.java.SeleniumDriver] [  916] - {Data Fields & Data Values Exist}
[INFO ][2016-01-18 12:02:38,325][com.java.SeleniumDriver] [  918] - --------------------------setting values-----------------------------
[INFO ][2016-01-18 12:02:38,325][com.java.SeleniumDriver] [  921] - Action Type : MOUSEOVER
[INFO ][2016-01-18 12:03:01,425][com.java.SeleniumDriver] [  930] -  RESULT true
[INFO ][2016-01-18 12:03:01,425][com.java.SeleniumDriver] [ 1136] - ?   P A S S   ?
[INFO ][2016-01-18 12:03:01,425][com.java.SeleniumDriver] [  856] - ------------------------------------------
[INFO ][2016-01-18 12:03:01,425][com.java.SeleniumDriver] [  857] - Test case being Executed: 16
[INFO ][2016-01-18 12:03:01,425][com.java.SeleniumDriver] [  869] - Test step:5
[INFO ][2016-01-18 12:03:01,425][com.java.SeleniumDriver] [  881] - Datavalue is----------1
[INFO ][2016-01-18 12:03:01,425][com.java.SeleniumDriver] [  905] - DataField : BTNframeDialogContent
[INFO ][2016-01-18 12:03:01,425][com.java.SeleniumDriver] [  907] - DataValue : 1
[INFO ][2016-01-18 12:03:01,425][com.java.SeleniumDriver] [  913] - <In Set values of the page>
[INFO ][2016-01-18 12:03:01,425][com.java.SeleniumDriver] [  916] - {Data Fields & Data Values Exist}
[INFO ][2016-01-18 12:03:01,425][com.java.SeleniumDriver] [  918] - --------------------------setting values-----------------------------
[INFO ][2016-01-18 12:03:01,425][com.java.SeleniumDriver] [  921] - Action Type : WaitForElement
[INFO ][2016-01-18 12:03:02,643][com.java.SeleniumDriver] [  930] -  RESULT true
[INFO ][2016-01-18 12:03:02,643][com.java.SeleniumDriver] [ 1136] - ?   P A S S   ?
[INFO ][2016-01-18 12:03:02,643][com.java.SeleniumDriver] [  856] - ------------------------------------------
[INFO ][2016-01-18 12:03:02,643][com.java.SeleniumDriver] [  857] - Test case being Executed: 16
[INFO ][2016-01-18 12:03:02,643][com.java.SeleniumDriver] [  869] - Test step:6
[INFO ][2016-01-18 12:03:02,643][com.java.SeleniumDriver] [  881] - Datavalue is----------null
[DEBUG][2016-01-18 12:03:02,643][com.java.SeleniumDriver] [  899] - Exception: null
[INFO ][2016-01-18 12:03:02,643][com.java.SeleniumDriver] [  905] - DataField : BTNframeDialogContent
[INFO ][2016-01-18 12:03:02,643][com.java.SeleniumDriver] [  907] - DataValue : 
[INFO ][2016-01-18 12:03:02,643][com.java.SeleniumDriver] [  913] - <In Set values of the page>
[INFO ][2016-01-18 12:03:02,643][com.java.SeleniumDriver] [  916] - {Data Fields & Data Values Exist}
[INFO ][2016-01-18 12:03:02,643][com.java.SeleniumDriver] [  918] - --------------------------setting values-----------------------------
[INFO ][2016-01-18 12:03:02,643][com.java.SeleniumDriver] [  921] - Action Type : SELECTFRAME
[INFO ][2016-01-18 12:03:03,908][com.java.SeleniumDriver] [  930] -  RESULT true
[INFO ][2016-01-18 12:03:03,908][com.java.SeleniumDriver] [ 1136] - ?   P A S S   ?
[INFO ][2016-01-18 12:03:03,908][com.java.SeleniumDriver] [  856] - ------------------------------------------
[INFO ][2016-01-18 12:03:03,908][com.java.SeleniumDriver] [  857] - Test case being Executed: 16
[INFO ][2016-01-18 12:03:03,908][com.java.SeleniumDriver] [  869] - Test step:7
[INFO ][2016-01-18 12:03:03,908][com.java.SeleniumDriver] [  881] - Datavalue is----------Yes
[INFO ][2016-01-18 12:03:03,908][com.java.SeleniumDriver] [  905] - DataField : SLBddlOpenBDInNewWindow
[INFO ][2016-01-18 12:03:03,908][com.java.SeleniumDriver] [  907] - DataValue : Yes
[INFO ][2016-01-18 12:03:03,908][com.java.SeleniumDriver] [  913] - <In Set values of the page>
[INFO ][2016-01-18 12:03:03,908][com.java.SeleniumDriver] [  916] - {Data Fields & Data Values Exist}
[INFO ][2016-01-18 12:03:03,908][com.java.SeleniumDriver] [  918] - --------------------------setting values-----------------------------
[INFO ][2016-01-18 12:03:03,908][com.java.SeleniumDriver] [  921] - Action Type : SELECT
[INFO ][2016-01-18 12:03:03,908][com.java.TestType] [ 6140] - value = Yes
[INFO ][2016-01-18 12:03:06,265][com.java.SeleniumDriver] [  930] -  RESULT true
[INFO ][2016-01-18 12:03:06,265][com.java.SeleniumDriver] [ 1136] - ?   P A S S   ?
[INFO ][2016-01-18 12:03:06,265][com.java.SeleniumDriver] [  856] - ------------------------------------------
[INFO ][2016-01-18 12:03:06,265][com.java.SeleniumDriver] [  857] - Test case being Executed: 16
[INFO ][2016-01-18 12:03:06,265][com.java.SeleniumDriver] [  869] - Test step:8
[INFO ][2016-01-18 12:03:06,265][com.java.SeleniumDriver] [  881] - Datavalue is----------null
[DEBUG][2016-01-18 12:03:06,265][com.java.SeleniumDriver] [  899] - Exception: null
[INFO ][2016-01-18 12:03:06,265][com.java.SeleniumDriver] [  905] - DataField : BTNparent
[INFO ][2016-01-18 12:03:06,265][com.java.SeleniumDriver] [  907] - DataValue : 
[INFO ][2016-01-18 12:03:06,265][com.java.SeleniumDriver] [  913] - <In Set values of the page>
[INFO ][2016-01-18 12:03:06,265][com.java.SeleniumDriver] [  916] - {Data Fields & Data Values Exist}
[INFO ][2016-01-18 12:03:06,265][com.java.SeleniumDriver] [  918] - --------------------------setting values-----------------------------
[INFO ][2016-01-18 12:03:06,265][com.java.SeleniumDriver] [  921] - Action Type : SELECTFRAME
[INFO ][2016-01-18 12:03:06,281][com.java.SeleniumDriver] [  930] -  RESULT true
[INFO ][2016-01-18 12:03:06,281][com.java.SeleniumDriver] [ 1136] - ?   P A S S   ?
[INFO ][2016-01-18 12:03:06,281][com.java.SeleniumDriver] [  856] - ------------------------------------------
[INFO ][2016-01-18 12:03:06,281][com.java.SeleniumDriver] [  857] - Test case being Executed: 16
[INFO ][2016-01-18 12:03:06,281][com.java.SeleniumDriver] [  869] - Test step:9
[INFO ][2016-01-18 12:03:06,281][com.java.SeleniumDriver] [  881] - Datavalue is----------null
[DEBUG][2016-01-18 12:03:06,281][com.java.SeleniumDriver] [  899] - Exception: null
[INFO ][2016-01-18 12:03:06,281][com.java.SeleniumDriver] [  905] - DataField : BTN//span[text()='Finished']
[INFO ][2016-01-18 12:03:06,281][com.java.SeleniumDriver] [  907] - DataValue : 
[INFO ][2016-01-18 12:03:06,281][com.java.SeleniumDriver] [  913] - <In Set values of the page>
[INFO ][2016-01-18 12:03:06,281][com.java.SeleniumDriver] [  916] - {Data Fields & Data Values Exist}
[INFO ][2016-01-18 12:03:06,281][com.java.SeleniumDriver] [  918] - --------------------------setting values-----------------------------
[INFO ][2016-01-18 12:03:06,281][com.java.SeleniumDriver] [  921] - Action Type : Click
[INFO ][2016-01-18 12:03:06,281][com.java.TestType] [ 6519] - Field ::BTN//span[text()='Finished']
[INFO ][2016-01-18 12:03:06,281][com.java.TestType] [ 6140] - value = 
[INFO ][2016-01-18 12:03:07,294][com.java.TestType] [ 6635] - BEFORE CLICK
[INFO ][2016-01-18 12:03:07,623][com.java.TestType] [ 6642] - Unable to click the object Finished button
[INFO ][2016-01-18 12:03:07,623][com.java.SeleniumDriver] [  930] -  RESULT true
[INFO ][2016-01-18 12:03:07,623][com.java.SeleniumDriver] [ 1136] - ?   P A S S   ?
[INFO ][2016-01-18 12:03:07,623][com.java.SeleniumDriver] [  856] - ------------------------------------------
[INFO ][2016-01-18 12:03:07,623][com.java.SeleniumDriver] [  857] - Test case being Executed: 16
[INFO ][2016-01-18 12:03:07,623][com.java.SeleniumDriver] [  869] - Test step:10
[INFO ][2016-01-18 12:03:07,623][com.java.SeleniumDriver] [  881] - Datavalue is----------10
[INFO ][2016-01-18 12:03:07,623][com.java.SeleniumDriver] [  905] - DataField : XPH//div[contains(text(), 'My Dashboard')]
[INFO ][2016-01-18 12:03:07,623][com.java.SeleniumDriver] [  907] - DataValue : 10
[INFO ][2016-01-18 12:03:07,623][com.java.SeleniumDriver] [  913] - <In Set values of the page>
[INFO ][2016-01-18 12:03:07,623][com.java.SeleniumDriver] [  916] - {Data Fields & Data Values Exist}
[INFO ][2016-01-18 12:03:07,623][com.java.SeleniumDriver] [  918] - --------------------------setting values-----------------------------
[INFO ][2016-01-18 12:03:07,623][com.java.SeleniumDriver] [  921] - Action Type : WAITFORELEMENT
[INFO ][2016-01-18 12:03:07,685][com.java.SeleniumDriver] [  930] -  RESULT true
[INFO ][2016-01-18 12:03:07,685][com.java.SeleniumDriver] [ 1136] - ?   P A S S   ?
[INFO ][2016-01-18 12:03:07,685][com.java.SeleniumDriver] [  856] - ------------------------------------------
[INFO ][2016-01-18 12:03:07,685][com.java.SeleniumDriver] [  857] - Test case being Executed: 16
[INFO ][2016-01-18 12:03:07,685][com.java.SeleniumDriver] [  869] - Test step:11
[INFO ][2016-01-18 12:03:07,685][com.java.SeleniumDriver] [  881] - Datavalue is----------My Dashboard
[INFO ][2016-01-18 12:03:07,685][com.java.SeleniumDriver] [  905] - DataField : XPH//div[contains(text(), 'My Dashboard')]
[INFO ][2016-01-18 12:03:07,685][com.java.SeleniumDriver] [  907] - DataValue : My Dashboard
[INFO ][2016-01-18 12:03:07,685][com.java.SeleniumDriver] [  913] - <In Set values of the page>
[INFO ][2016-01-18 12:03:07,685][com.java.SeleniumDriver] [  916] - {Data Fields & Data Values Exist}
[INFO ][2016-01-18 12:03:07,685][com.java.SeleniumDriver] [  918] - --------------------------setting values-----------------------------
[INFO ][2016-01-18 12:03:07,685][com.java.SeleniumDriver] [  921] - Action Type : VERIFY
[INFO ][2016-01-18 12:03:07,685][com.java.TestType] [ 7647] - field= XPH//div[contains(text(), 'My Dashboard')] value= My Dashboard
[INFO ][2016-01-18 12:03:07,685][com.java.TestType] [ 6140] - value = My Dashboard
[INFO ][2016-01-18 12:03:07,795][com.java.SeleniumDriver] [  930] -  RESULT true
[INFO ][2016-01-18 12:03:07,795][com.java.SeleniumDriver] [ 1136] - ?   P A S S   ?
[INFO ][2016-01-18 12:03:07,795][com.java.SeleniumDriver] [  856] - ------------------------------------------
[INFO ][2016-01-18 12:03:07,795][com.java.SeleniumDriver] [  857] - Test case being Executed: 16
[INFO ][2016-01-18 12:03:07,795][com.java.SeleniumDriver] [  869] - Test step:12
[INFO ][2016-01-18 12:03:07,795][com.java.SeleniumDriver] [  881] - Datavalue is----------Concept#3:1-2
[INFO ][2016-01-18 12:03:07,795][com.java.SeleniumDriver] [  905] - DataField : test
[INFO ][2016-01-18 12:03:07,795][com.java.SeleniumDriver] [  907] - DataValue : Concept#3:1-2
[INFO ][2016-01-18 12:03:07,795][com.java.SeleniumDriver] [  913] - <In Set values of the page>
[INFO ][2016-01-18 12:03:07,795][com.java.SeleniumDriver] [  916] - {Data Fields & Data Values Exist}
[INFO ][2016-01-18 12:03:07,795][com.java.SeleniumDriver] [  918] - --------------------------setting values-----------------------------
[INFO ][2016-01-18 12:03:07,795][com.java.SeleniumDriver] [  921] - Action Type : ExecuteTestCase
[INFO ][2016-01-18 12:03:07,795][com.java.TestType] [  437] - The Concept sheet name is ---------- Concept
[INFO ][2016-01-18 12:03:07,795][com.java.TestType] [  440] - The Concept ID  is ---------- 3
[DEBUG][2016-01-18 12:03:07,795][com.java.TestType] [  444] - Steps being executted in the Concept are: 1:2
[INFO ][2016-01-18 12:03:07,795][com.java.TestType] [  451] - Test data details path ---------- D:\BankersDashboard\TestInputs\TestData.xls
[INFO ][2016-01-18 12:03:07,826][com.java.TestType] [  482] -  str(1) = 3
[INFO ][2016-01-18 12:03:07,826][com.java.TestType] [  485] - Test case Id is---3
[INFO ][2016-01-18 12:03:07,826][com.java.TestType] [  487] - 3
[INFO ][2016-01-18 12:03:07,826][com.java.TestType] [  482] -  str(2) = 1
[INFO ][2016-01-18 12:03:07,826][com.java.TestType] [  482] -  str(1) = 3
[INFO ][2016-01-18 12:03:07,826][com.java.TestType] [  485] - Test case Id is---3
[INFO ][2016-01-18 12:03:07,826][com.java.TestType] [  487] - 3
[INFO ][2016-01-18 12:03:07,826][com.java.TestType] [  482] -  str(2) = 2
[INFO ][2016-01-18 12:03:07,826][com.java.TestType] [11314] - Looping 1TCID = 3
[DEBUG][2016-01-18 12:03:07,826][com.java.TestType] [11355] - Concept ID:3 :: Step being Executed: 3::1
[INFO ][2016-01-18 12:03:07,826][com.java.TestType] [11393] - dataFields : test
[DEBUG][2016-01-18 12:03:07,826][com.java.TestType] [11399] - <In Set values of the page>
[DEBUG][2016-01-18 12:03:07,826][com.java.TestType] [11404] - {Data Fields & Data Values Exist}
[INFO ][2016-01-18 12:03:07,826][com.java.TestType] [11410] - --------------------------setting values-----------------------------
[INFO ][2016-01-18 12:03:07,826][com.java.TestType] [11413] - Action Type : Logout
[INFO ][2016-01-18 12:03:11,015][com.java.TestType] [ 6519] - Field ::CNF
[INFO ][2016-01-18 12:03:11,015][com.java.TestType] [ 6140] - value = OK
[ERROR][2016-01-18 12:03:12,139][com.java.TestType] [ 6951] - Exception in click:: No alert is active (WARNING: The server did not provide any stacktrace information)
Command duration or timeout: 109 milliseconds
Build info: version: '2.48.2', revision: '41bccdd', time: '2015-10-09 19:59:12'
System info: host: 'FVTIII438F1D', ip: '172.17.68.34', os.name: 'Windows 7', os.arch: 'x86', os.version: '6.1', java.version: '1.7.0_55'
Session ID: e98a8a7d-22b1-4325-899a-30739cd25107
Driver info: org.openqa.selenium.ie.InternetExplorerDriver
Capabilities [{platform=WINDOWS, javascriptEnabled=true, elementScrollBehavior=0, ignoreZoomSetting=false, enablePersistentHover=true, ie.ensureCleanSession=false, browserName=internet explorer, enableElementCacheCleanup=true, unexpectedAlertBehaviour=dismiss, version=10, ie.usePerProcessProxy=false, ignoreProtectedModeSettings=true, cssSelectorsEnabled=true, requireWindowFocus=false, initialBrowserUrl=http://localhost:14671/, handlesAlerts=true, ie.forceCreateProcessApi=false, nativeEvents=true, browserAttachTimeout=0, ie.browserCommandLineSwitches=, takesScreenshot=true}]
[INFO ][2016-01-18 12:03:12,139][com.java.TestType] [ 6955] - Element :::: not found
[DEBUG][2016-01-18 12:03:13,893][com.java.SeleniumDriver] [  426] - Hub ip address is-------172.17.68.34
[INFO ][2016-01-18 12:03:13,893][com.java.SeleniumDriver] [  452] - Grid URL:http://172.17.68.34:4444/wd/hub
[INFO ][2016-01-18 12:03:13,893][com.java.SeleniumDriver] [  453] - Capability:Capabilities [{platform=ANY, ensureCleanSession=true, ignoreProtectedModeSettings=true, acceptSslCerts=true, ignoreZoomSetting=true, browserName=internet explorer, browserstack.ie.noFlash=true, version=null}]
[ERROR][2016-01-18 12:03:14,924][com.java.SeleniumDriver] [  498] - Unable invoke browser in grid:Could not start a new session. Possible causes are invalid address of the remote server or browser start-up failure.
Build info: version: '2.48.2', revision: '41bccdd', time: '2015-10-09 19:59:12'
System info: host: 'FVTIII438F1D', ip: '172.17.68.34', os.name: 'Windows 7', os.arch: 'x86', os.version: '6.1', java.version: '1.7.0_55'
Driver info: driver.version: SeleniumDriver
[INFO ][2016-01-18 12:03:14,924][com.java.SeleniumDriver] [  500] - Executing on local machine
[INFO ][2016-01-18 12:03:27,515][com.java.TestType] [11432] -  RESULT true
[INFO ][2016-01-18 12:03:27,515][com.java.TestType] [11549] - ?   P A S S   ?
[DEBUG][2016-01-18 12:03:27,515][com.java.TestType] [11355] - Concept ID:3 :: Step being Executed: 3::2
[INFO ][2016-01-18 12:03:27,515][com.java.TestType] [11393] - dataFields : test
[DEBUG][2016-01-18 12:03:27,515][com.java.TestType] [11399] - <In Set values of the page>
[DEBUG][2016-01-18 12:03:27,515][com.java.TestType] [11404] - {Data Fields & Data Values Exist}
[INFO ][2016-01-18 12:03:27,515][com.java.TestType] [11410] - --------------------------setting values-----------------------------
[INFO ][2016-01-18 12:03:27,515][com.java.TestType] [11413] - Action Type : WaitTime
[DEBUG][2016-01-18 12:03:27,515][com.java.TestType] [ 5954] - sleepTime: 2000
[INFO ][2016-01-18 12:03:29,528][com.java.TestType] [11432] -  RESULT true
[INFO ][2016-01-18 12:03:29,528][com.java.TestType] [11549] - ?   P A S S   ?
[INFO ][2016-01-18 12:03:29,528][com.java.TestType] [11620] - Looping End......
[INFO ][2016-01-18 12:03:29,528][com.java.SeleniumDriver] [  930] -  RESULT true
[INFO ][2016-01-18 12:03:29,528][com.java.SeleniumDriver] [ 1136] - ?   P A S S   ?
[INFO ][2016-01-18 12:03:29,528][com.java.SeleniumDriver] [  856] - ------------------------------------------
[INFO ][2016-01-18 12:03:29,528][com.java.SeleniumDriver] [  857] - Test case being Executed: 16
[INFO ][2016-01-18 12:03:29,528][com.java.SeleniumDriver] [  869] - Test step:13
[INFO ][2016-01-18 12:03:29,528][com.java.SeleniumDriver] [  881] - Datavalue is----------dt:HTTPSURL
[INFO ][2016-01-18 12:03:29,528][com.java.SeleniumDriver] [  905] - DataField : test
[INFO ][2016-01-18 12:03:29,528][com.java.SeleniumDriver] [  907] - DataValue : dt:HTTPSURL
[INFO ][2016-01-18 12:03:29,528][com.java.SeleniumDriver] [  913] - <In Set values of the page>
[INFO ][2016-01-18 12:03:29,528][com.java.SeleniumDriver] [  916] - {Data Fields & Data Values Exist}
[INFO ][2016-01-18 12:03:29,528][com.java.SeleniumDriver] [  918] - --------------------------setting values-----------------------------
[INFO ][2016-01-18 12:03:29,528][com.java.SeleniumDriver] [  921] - Action Type : OpenURL
[INFO ][2016-01-18 12:03:29,528][com.java.TestType] [ 6140] - value = https://clients-xuat.bankersdashboard.com
[INFO ][2016-01-18 12:03:29,528][com.java.TestType] [  353] - Open URL : https://clients-xuat.bankersdashboard.com
[INFO ][2016-01-18 12:03:30,392][com.java.SeleniumDriver] [  930] -  RESULT true
[INFO ][2016-01-18 12:03:30,392][com.java.SeleniumDriver] [ 1136] - ?   P A S S   ?
[INFO ][2016-01-18 12:03:30,392][com.java.SeleniumDriver] [  856] - ------------------------------------------
[INFO ][2016-01-18 12:03:30,392][com.java.SeleniumDriver] [  857] - Test case being Executed: 16
[INFO ][2016-01-18 12:03:30,392][com.java.SeleniumDriver] [  869] - Test step:14
[INFO ][2016-01-18 12:03:30,392][com.java.SeleniumDriver] [  881] - Datavalue is----------clientuser
[INFO ][2016-01-18 12:03:30,392][com.java.SeleniumDriver] [  905] - DataField : TXTusername
[INFO ][2016-01-18 12:03:30,392][com.java.SeleniumDriver] [  907] - DataValue : naresh.nayini.00000
[INFO ][2016-01-18 12:03:30,392][com.java.SeleniumDriver] [  913] - <In Set values of the page>
[INFO ][2016-01-18 12:03:30,392][com.java.SeleniumDriver] [  916] - {Data Fields & Data Values Exist}
[INFO ][2016-01-18 12:03:30,392][com.java.SeleniumDriver] [  918] - --------------------------setting values-----------------------------
[INFO ][2016-01-18 12:03:30,392][com.java.SeleniumDriver] [  921] - Action Type : CLEARANDENTER
[INFO ][2016-01-18 12:03:32,732][com.java.TestType] [ 6140] - value = naresh.nayini.00000
[INFO ][2016-01-18 12:03:35,275][com.java.SeleniumDriver] [  930] -  RESULT true
[INFO ][2016-01-18 12:03:35,275][com.java.SeleniumDriver] [ 1136] - ?   P A S S   ?
[INFO ][2016-01-18 12:03:35,275][com.java.SeleniumDriver] [  856] - ------------------------------------------
[INFO ][2016-01-18 12:03:35,275][com.java.SeleniumDriver] [  857] - Test case being Executed: 16
[INFO ][2016-01-18 12:03:35,275][com.java.SeleniumDriver] [  869] - Test step:15
[INFO ][2016-01-18 12:03:35,275][com.java.SeleniumDriver] [  881] - Datavalue is----------clientpwd
[INFO ][2016-01-18 12:03:35,275][com.java.SeleniumDriver] [  905] - DataField : TXTpassword
[INFO ][2016-01-18 12:03:35,275][com.java.SeleniumDriver] [  907] - DataValue : Password1*
[INFO ][2016-01-18 12:03:35,275][com.java.SeleniumDriver] [  913] - <In Set values of the page>
[INFO ][2016-01-18 12:03:35,275][com.java.SeleniumDriver] [  916] - {Data Fields & Data Values Exist}
[INFO ][2016-01-18 12:03:35,275][com.java.SeleniumDriver] [  918] - --------------------------setting values-----------------------------
[INFO ][2016-01-18 12:03:35,275][com.java.SeleniumDriver] [  921] - Action Type : CLEARANDENTER
[INFO ][2016-01-18 12:03:37,600][com.java.TestType] [ 6140] - value = Password1*
[INFO ][2016-01-18 12:03:40,303][com.java.SeleniumDriver] [  930] -  RESULT true
[INFO ][2016-01-18 12:03:40,303][com.java.SeleniumDriver] [ 1136] - ?   P A S S   ?
[INFO ][2016-01-18 12:03:40,303][com.java.SeleniumDriver] [  856] - ------------------------------------------
[INFO ][2016-01-18 12:03:40,303][com.java.SeleniumDriver] [  857] - Test case being Executed: 16
[INFO ][2016-01-18 12:03:40,303][com.java.SeleniumDriver] [  869] - Test step:16
[INFO ][2016-01-18 12:03:40,303][com.java.SeleniumDriver] [  881] - Datavalue is----------null
[DEBUG][2016-01-18 12:03:40,303][com.java.SeleniumDriver] [  899] - Exception: null
[INFO ][2016-01-18 12:03:40,303][com.java.SeleniumDriver] [  905] - DataField : XPH//button[@type='submit']
[INFO ][2016-01-18 12:03:40,303][com.java.SeleniumDriver] [  907] - DataValue : 
[INFO ][2016-01-18 12:03:40,303][com.java.SeleniumDriver] [  913] - <In Set values of the page>
[INFO ][2016-01-18 12:03:40,303][com.java.SeleniumDriver] [  916] - {Data Fields & Data Values Exist}
[INFO ][2016-01-18 12:03:40,303][com.java.SeleniumDriver] [  918] - --------------------------setting values-----------------------------
[INFO ][2016-01-18 12:03:40,303][com.java.SeleniumDriver] [  921] - Action Type : Click
[INFO ][2016-01-18 12:03:40,303][com.java.TestType] [ 6519] - Field ::XPH//button[@type='submit']
[INFO ][2016-01-18 12:03:40,303][com.java.TestType] [ 6140] - value = 
[INFO ][2016-01-18 12:03:41,317][com.java.TestType] [ 6656] - BEFORE CLICK
[INFO ][2016-01-18 12:03:42,301][com.java.TestType] [ 6664] - Unable to click the object Login
[INFO ][2016-01-18 12:03:42,301][com.java.SeleniumDriver] [  930] -  RESULT true
[INFO ][2016-01-18 12:03:42,301][com.java.SeleniumDriver] [ 1136] - ?   P A S S   ?
[INFO ][2016-01-18 12:03:42,301][com.java.SeleniumDriver] [  856] - ------------------------------------------
[INFO ][2016-01-18 12:03:42,301][com.java.SeleniumDriver] [  857] - Test case being Executed: 16
[INFO ][2016-01-18 12:03:42,301][com.java.SeleniumDriver] [  869] - Test step:17
[INFO ][2016-01-18 12:03:42,301][com.java.SeleniumDriver] [  881] - Datavalue is----------20
[INFO ][2016-01-18 12:03:42,301][com.java.SeleniumDriver] [  905] - DataField : test
[INFO ][2016-01-18 12:03:42,301][com.java.SeleniumDriver] [  907] - DataValue : 20
[INFO ][2016-01-18 12:03:42,301][com.java.SeleniumDriver] [  913] - <In Set values of the page>
[INFO ][2016-01-18 12:03:42,301][com.java.SeleniumDriver] [  916] - {Data Fields & Data Values Exist}
[INFO ][2016-01-18 12:03:42,301][com.java.SeleniumDriver] [  918] - --------------------------setting values-----------------------------
[INFO ][2016-01-18 12:03:42,301][com.java.SeleniumDriver] [  921] - Action Type : WaitTime
[DEBUG][2016-01-18 12:03:42,301][com.java.TestType] [ 5954] - sleepTime: 20000
[INFO ][2016-01-18 12:04:02,308][com.java.SeleniumDriver] [  930] -  RESULT true
[INFO ][2016-01-18 12:04:02,308][com.java.SeleniumDriver] [ 1136] - ?   P A S S   ?
[INFO ][2016-01-18 12:04:02,308][com.java.SeleniumDriver] [  856] - ------------------------------------------
[INFO ][2016-01-18 12:04:02,308][com.java.SeleniumDriver] [  857] - Test case being Executed: 16
[INFO ][2016-01-18 12:04:02,308][com.java.SeleniumDriver] [  869] - Test step:18
[INFO ][2016-01-18 12:04:02,308][com.java.SeleniumDriver] [  881] - Datavalue is----------Banker'sDashboard
[INFO ][2016-01-18 12:04:02,308][com.java.SeleniumDriver] [  905] - DataField : TTL
[INFO ][2016-01-18 12:04:02,308][com.java.SeleniumDriver] [  907] - DataValue : Banker'sDashboard
[INFO ][2016-01-18 12:04:02,308][com.java.SeleniumDriver] [  913] - <In Set values of the page>
[INFO ][2016-01-18 12:04:02,308][com.java.SeleniumDriver] [  916] - {Data Fields & Data Values Exist}
[INFO ][2016-01-18 12:04:02,308][com.java.SeleniumDriver] [  918] - --------------------------setting values-----------------------------
[INFO ][2016-01-18 12:04:02,308][com.java.SeleniumDriver] [  921] - Action Type : SelectWindow
[INFO ][2016-01-18 12:07:02,415][com.java.SeleniumDriver] [  930] -  RESULT true
[INFO ][2016-01-18 12:07:02,415][com.java.SeleniumDriver] [ 1136] - ?   P A S S   ?
[INFO ][2016-01-18 12:07:02,415][com.java.SeleniumDriver] [  856] - ------------------------------------------
[INFO ][2016-01-18 12:07:02,415][com.java.SeleniumDriver] [  857] - Test case being Executed: 16
[INFO ][2016-01-18 12:07:02,415][com.java.SeleniumDriver] [  869] - Test step:19
[INFO ][2016-01-18 12:07:02,415][com.java.SeleniumDriver] [  881] - Datavalue is----------10
[INFO ][2016-01-18 12:07:02,415][com.java.SeleniumDriver] [  905] - DataField : XPH//div[contains(text(), 'My Dashboard')]
[INFO ][2016-01-18 12:07:02,415][com.java.SeleniumDriver] [  907] - DataValue : 10
[INFO ][2016-01-18 12:07:02,415][com.java.SeleniumDriver] [  913] - <In Set values of the page>
[INFO ][2016-01-18 12:07:02,415][com.java.SeleniumDriver] [  916] - {Data Fields & Data Values Exist}
[INFO ][2016-01-18 12:07:02,415][com.java.SeleniumDriver] [  918] - --------------------------setting values-----------------------------
[INFO ][2016-01-18 12:07:02,415][com.java.SeleniumDriver] [  921] - Action Type : WAITFORELEMENT
[INFO ][2016-01-18 12:07:02,524][com.java.SeleniumDriver] [  930] -  RESULT true
[INFO ][2016-01-18 12:07:02,524][com.java.SeleniumDriver] [ 1136] - ?   P A S S   ?
[INFO ][2016-01-18 12:07:02,524][com.java.SeleniumDriver] [  856] - ------------------------------------------
[INFO ][2016-01-18 12:07:02,524][com.java.SeleniumDriver] [  857] - Test case being Executed: 16
[INFO ][2016-01-18 12:07:02,524][com.java.SeleniumDriver] [  869] - Test step:20
[INFO ][2016-01-18 12:07:02,524][com.java.SeleniumDriver] [  881] - Datavalue is----------//div[contains(text(), 'My Dashboard')]
[INFO ][2016-01-18 12:07:02,524][com.java.SeleniumDriver] [  905] - DataField : BTN
[INFO ][2016-01-18 12:07:02,524][com.java.SeleniumDriver] [  907] - DataValue : //div[contains(text(), 'My Dashboard')]
[INFO ][2016-01-18 12:07:02,524][com.java.SeleniumDriver] [  913] - <In Set values of the page>
[INFO ][2016-01-18 12:07:02,524][com.java.SeleniumDriver] [  916] - {Data Fields & Data Values Exist}
[INFO ][2016-01-18 12:07:02,524][com.java.SeleniumDriver] [  918] - --------------------------setting values-----------------------------
[INFO ][2016-01-18 12:07:02,524][com.java.SeleniumDriver] [  921] - Action Type : VERIFY
[INFO ][2016-01-18 12:07:02,524][com.java.TestType] [ 7647] - field= BTN value= //div[contains(text(), 'My Dashboard')]
[INFO ][2016-01-18 12:07:02,524][com.java.TestType] [ 6140] - value = //div[contains(text(), 'My Dashboard')]
[INFO ][2016-01-18 12:07:02,586][com.java.SeleniumDriver] [  930] -  RESULT true
[INFO ][2016-01-18 12:07:02,586][com.java.SeleniumDriver] [ 1136] - ?   P A S S   ?
[INFO ][2016-01-18 12:07:02,586][com.java.SeleniumDriver] [  856] - ------------------------------------------
[INFO ][2016-01-18 12:07:02,586][com.java.SeleniumDriver] [  857] - Test case being Executed: 16
[INFO ][2016-01-18 12:07:02,586][com.java.SeleniumDriver] [  869] - Test step:21
[INFO ][2016-01-18 12:07:02,586][com.java.SeleniumDriver] [  881] - Datavalue is----------Concept#8:1-12
[INFO ][2016-01-18 12:07:02,586][com.java.SeleniumDriver] [  905] - DataField : test
[INFO ][2016-01-18 12:07:02,586][com.java.SeleniumDriver] [  907] - DataValue : Concept#8:1-12
[INFO ][2016-01-18 12:07:02,586][com.java.SeleniumDriver] [  913] - <In Set values of the page>
[INFO ][2016-01-18 12:07:02,586][com.java.SeleniumDriver] [  916] - {Data Fields & Data Values Exist}
[INFO ][2016-01-18 12:07:02,586][com.java.SeleniumDriver] [  918] - --------------------------setting values-----------------------------
[INFO ][2016-01-18 12:07:02,586][com.java.SeleniumDriver] [  921] - Action Type : ExecuteTestCase
[INFO ][2016-01-18 12:07:02,586][com.java.TestType] [  437] - The Concept sheet name is ---------- Concept
[INFO ][2016-01-18 12:07:02,586][com.java.TestType] [  440] - The Concept ID  is ---------- 8
[DEBUG][2016-01-18 12:07:02,586][com.java.TestType] [  444] - Steps being executted in the Concept are: 1:12
[INFO ][2016-01-18 12:07:02,586][com.java.TestType] [  451] - Test data details path ---------- D:\BankersDashboard\TestInputs\TestData.xls
[INFO ][2016-01-18 12:07:02,617][com.java.TestType] [  482] -  str(1) = 8
[INFO ][2016-01-18 12:07:02,617][com.java.TestType] [  485] - Test case Id is---8
[INFO ][2016-01-18 12:07:02,617][com.java.TestType] [  487] - 8
[INFO ][2016-01-18 12:07:02,617][com.java.TestType] [  482] -  str(2) = 1
[INFO ][2016-01-18 12:07:02,617][com.java.TestType] [  482] -  str(1) = 8
[INFO ][2016-01-18 12:07:02,617][com.java.TestType] [  485] - Test case Id is---8
[INFO ][2016-01-18 12:07:02,617][com.java.TestType] [  487] - 8
[INFO ][2016-01-18 12:07:02,617][com.java.TestType] [  482] -  str(2) = 2
[INFO ][2016-01-18 12:07:02,617][com.java.TestType] [  482] -  str(1) = 8
[INFO ][2016-01-18 12:07:02,617][com.java.TestType] [  485] - Test case Id is---8
[INFO ][2016-01-18 12:07:02,617][com.java.TestType] [  487] - 8
[INFO ][2016-01-18 12:07:02,617][com.java.TestType] [  482] -  str(2) = 3
[INFO ][2016-01-18 12:07:02,617][com.java.TestType] [  482] -  str(1) = 8
[INFO ][2016-01-18 12:07:02,617][com.java.TestType] [  485] - Test case Id is---8
[INFO ][2016-01-18 12:07:02,617][com.java.TestType] [  487] - 8
[INFO ][2016-01-18 12:07:02,617][com.java.TestType] [  482] -  str(2) = 4
[INFO ][2016-01-18 12:07:02,617][com.java.TestType] [  482] -  str(1) = 8
[INFO ][2016-01-18 12:07:02,617][com.java.TestType] [  485] - Test case Id is---8
[INFO ][2016-01-18 12:07:02,617][com.java.TestType] [  487] - 8
[INFO ][2016-01-18 12:07:02,617][com.java.TestType] [  482] -  str(2) = 5
[INFO ][2016-01-18 12:07:02,617][com.java.TestType] [  482] -  str(1) = 8
[INFO ][2016-01-18 12:07:02,617][com.java.TestType] [  485] - Test case Id is---8
[INFO ][2016-01-18 12:07:02,617][com.java.TestType] [  487] - 8
[INFO ][2016-01-18 12:07:02,617][com.java.TestType] [  482] -  str(2) = 6
[INFO ][2016-01-18 12:07:02,617][com.java.TestType] [  482] -  str(1) = 8
[INFO ][2016-01-18 12:07:02,617][com.java.TestType] [  485] - Test case Id is---8
[INFO ][2016-01-18 12:07:02,617][com.java.TestType] [  487] - 8
[INFO ][2016-01-18 12:07:02,617][com.java.TestType] [  482] -  str(2) = 7
[INFO ][2016-01-18 12:07:02,617][com.java.TestType] [  482] -  str(1) = 8
[INFO ][2016-01-18 12:07:02,617][com.java.TestType] [  485] - Test case Id is---8
[INFO ][2016-01-18 12:07:02,617][com.java.TestType] [  487] - 8
[INFO ][2016-01-18 12:07:02,617][com.java.TestType] [  482] -  str(2) = 8
[INFO ][2016-01-18 12:07:02,617][com.java.TestType] [  482] -  str(1) = 8
[INFO ][2016-01-18 12:07:02,617][com.java.TestType] [  485] - Test case Id is---8
[INFO ][2016-01-18 12:07:02,617][com.java.TestType] [  487] - 8
[INFO ][2016-01-18 12:07:02,617][com.java.TestType] [  482] -  str(2) = 9
[INFO ][2016-01-18 12:07:02,617][com.java.TestType] [  482] -  str(1) = 8
[INFO ][2016-01-18 12:07:02,617][com.java.TestType] [  485] - Test case Id is---8
[INFO ][2016-01-18 12:07:02,617][com.java.TestType] [  487] - 8
[INFO ][2016-01-18 12:07:02,617][com.java.TestType] [  482] -  str(2) = 10
[INFO ][2016-01-18 12:07:02,617][com.java.TestType] [  482] -  str(1) = 8
[INFO ][2016-01-18 12:07:02,617][com.java.TestType] [  485] - Test case Id is---8
[INFO ][2016-01-18 12:07:02,617][com.java.TestType] [  487] - 8
[INFO ][2016-01-18 12:07:02,617][com.java.TestType] [  482] -  str(2) = 11
[INFO ][2016-01-18 12:07:02,617][com.java.TestType] [  482] -  str(1) = 8
[INFO ][2016-01-18 12:07:02,617][com.java.TestType] [  485] - Test case Id is---8
[INFO ][2016-01-18 12:07:02,617][com.java.TestType] [  487] - 8
[INFO ][2016-01-18 12:07:02,617][com.java.TestType] [  482] -  str(2) = 12
[INFO ][2016-01-18 12:07:02,617][com.java.TestType] [11314] - Looping 1TCID = 8
[DEBUG][2016-01-18 12:07:02,617][com.java.TestType] [11355] - Concept ID:8 :: Step being Executed: 8::1
[ERROR][2016-01-18 12:07:02,617][com.java.TestType] [11388] - Exception: null
[INFO ][2016-01-18 12:07:02,617][com.java.TestType] [11393] - dataFields : BTNparent
[DEBUG][2016-01-18 12:07:02,617][com.java.TestType] [11399] - <In Set values of the page>
[DEBUG][2016-01-18 12:07:02,633][com.java.TestType] [11404] - {Data Fields & Data Values Exist}
[INFO ][2016-01-18 12:07:02,633][com.java.TestType] [11410] - --------------------------setting values-----------------------------
[INFO ][2016-01-18 12:07:02,633][com.java.TestType] [11413] - Action Type : SELECTFRAME
[INFO ][2016-01-18 12:07:02,649][com.java.TestType] [11432] -  RESULT true
[INFO ][2016-01-18 12:07:02,649][com.java.TestType] [11549] - ?   P A S S   ?
[DEBUG][2016-01-18 12:07:02,649][com.java.TestType] [11355] - Concept ID:8 :: Step being Executed: 8::2
[INFO ][2016-01-18 12:07:02,649][com.java.TestType] [11393] - dataFields : test
[DEBUG][2016-01-18 12:07:02,649][com.java.TestType] [11399] - <In Set values of the page>
[DEBUG][2016-01-18 12:07:02,649][com.java.TestType] [11404] - {Data Fields & Data Values Exist}
[INFO ][2016-01-18 12:07:02,649][com.java.TestType] [11410] - --------------------------setting values-----------------------------
[INFO ][2016-01-18 12:07:02,649][com.java.TestType] [11413] - Action Type : OPENURL
[INFO ][2016-01-18 12:07:02,649][com.java.TestType] [ 6140] - value = https://clients-xuat.bankersdashboard.com
[INFO ][2016-01-18 12:07:02,649][com.java.TestType] [  353] - Open URL : https://clients-xuat.bankersdashboard.com
[INFO ][2016-01-18 12:07:12,198][com.java.TestType] [11432] -  RESULT true
[INFO ][2016-01-18 12:07:12,198][com.java.TestType] [11549] - ?   P A S S   ?
[DEBUG][2016-01-18 12:07:12,198][com.java.TestType] [11355] - Concept ID:8 :: Step being Executed: 8::3
[ERROR][2016-01-18 12:07:12,198][com.java.TestType] [11388] - Exception: null
[INFO ][2016-01-18 12:07:12,198][com.java.TestType] [11393] - dataFields : //span[@class='icon-cog2']&&//ul[@id='Settings']/li/a&&//ul[@id='Customize']/li/a
[DEBUG][2016-01-18 12:07:12,198][com.java.TestType] [11399] - <In Set values of the page>
[DEBUG][2016-01-18 12:07:12,198][com.java.TestType] [11404] - {Data Fields & Data Values Exist}
[INFO ][2016-01-18 12:07:12,198][com.java.TestType] [11410] - --------------------------setting values-----------------------------
[INFO ][2016-01-18 12:07:12,198][com.java.TestType] [11413] - Action Type : MOUSEOVER
[INFO ][2016-01-18 12:07:38,983][com.java.TestType] [11432] -  RESULT true
[INFO ][2016-01-18 12:07:38,983][com.java.TestType] [11549] - ?   P A S S   ?
[DEBUG][2016-01-18 12:07:38,983][com.java.TestType] [11355] - Concept ID:8 :: Step being Executed: 8::4
[INFO ][2016-01-18 12:07:38,983][com.java.TestType] [11393] - dataFields : XPH//span[@class='ui-dialog-title']
[DEBUG][2016-01-18 12:07:38,983][com.java.TestType] [11399] - <In Set values of the page>
[DEBUG][2016-01-18 12:07:38,983][com.java.TestType] [11404] - {Data Fields & Data Values Exist}
[INFO ][2016-01-18 12:07:38,983][com.java.TestType] [11410] - --------------------------setting values-----------------------------
[INFO ][2016-01-18 12:07:38,983][com.java.TestType] [11413] - Action Type : Verify
[INFO ][2016-01-18 12:07:38,983][com.java.TestType] [ 7647] - field= XPH//span[@class='ui-dialog-title'] value= My Dashboard Indicators
[INFO ][2016-01-18 12:07:38,983][com.java.TestType] [ 6140] - value = My Dashboard Indicators
[INFO ][2016-01-18 12:07:39,094][com.java.TestType] [11432] -  RESULT true
[INFO ][2016-01-18 12:07:39,094][com.java.TestType] [11549] - ?   P A S S   ?
[DEBUG][2016-01-18 12:07:39,094][com.java.TestType] [11355] - Concept ID:8 :: Step being Executed: 8::5
[ERROR][2016-01-18 12:07:39,094][com.java.TestType] [11388] - Exception: null
[INFO ][2016-01-18 12:07:39,094][com.java.TestType] [11393] - dataFields : BTNframeDialogContent
[DEBUG][2016-01-18 12:07:39,094][com.java.TestType] [11399] - <In Set values of the page>
[DEBUG][2016-01-18 12:07:39,094][com.java.TestType] [11404] - {Data Fields & Data Values Exist}
[INFO ][2016-01-18 12:07:39,094][com.java.TestType] [11410] - --------------------------setting values-----------------------------
[INFO ][2016-01-18 12:07:39,094][com.java.TestType] [11413] - Action Type : selectframe
[INFO ][2016-01-18 12:07:40,374][com.java.TestType] [11432] -  RESULT true
[INFO ][2016-01-18 12:07:40,374][com.java.TestType] [11549] - ?   P A S S   ?
[DEBUG][2016-01-18 12:07:40,374][com.java.TestType] [11355] - Concept ID:8 :: Step being Executed: 8::6
[INFO ][2016-01-18 12:07:40,374][com.java.TestType] [11393] - dataFields : MNC//td[contains(text(),'mytext')]/following-sibling::td[7]//span[@class="glyphicon glyphicon-remove"]
[DEBUG][2016-01-18 12:07:40,374][com.java.TestType] [11399] - <In Set values of the page>
[DEBUG][2016-01-18 12:07:40,374][com.java.TestType] [11404] - {Data Fields & Data Values Exist}
[INFO ][2016-01-18 12:07:40,374][com.java.TestType] [11410] - --------------------------setting values-----------------------------
[INFO ][2016-01-18 12:07:40,374][com.java.TestType] [11413] - Action Type : CLICKWITHALERT
[INFO ][2016-01-18 12:07:40,374][com.java.TestType] [ 6519] - Field ::MNC//td[contains(text(),'mytext')]/following-sibling::td[7]//span[@class="glyphicon glyphicon-remove"]
[INFO ][2016-01-18 12:07:40,374][com.java.TestType] [ 6140] - value = #_keys
[ERROR][2016-01-18 12:07:41,388][com.java.TestType] [ 6835] - Exception in MNC click: null
[INFO ][2016-01-18 12:07:43,509][com.java.TestType] [11432] -  RESULT true
[INFO ][2016-01-18 12:07:43,509][com.java.TestType] [11549] - ?   P A S S   ?
[DEBUG][2016-01-18 12:07:43,509][com.java.TestType] [11355] - Concept ID:8 :: Step being Executed: 8::8
[INFO ][2016-01-18 12:07:43,509][com.java.TestType] [11393] - dataFields : null
[DEBUG][2016-01-18 12:07:43,509][com.java.TestType] [11399] - <In Set values of the page>
[INFO ][2016-01-18 12:07:43,509][com.java.TestType] [11549] - ?   P A S S   ?
[DEBUG][2016-01-18 12:07:43,509][com.java.TestType] [11355] - Concept ID:8 :: Step being Executed: 8::9
[ERROR][2016-01-18 12:07:43,509][com.java.TestType] [11388] - Exception: null
[INFO ][2016-01-18 12:07:43,509][com.java.TestType] [11393] - dataFields : BTNparent
[DEBUG][2016-01-18 12:07:43,509][com.java.TestType] [11399] - <In Set values of the page>
[DEBUG][2016-01-18 12:07:43,509][com.java.TestType] [11404] - {Data Fields & Data Values Exist}
[INFO ][2016-01-18 12:07:43,509][com.java.TestType] [11410] - --------------------------setting values-----------------------------
[INFO ][2016-01-18 12:07:43,509][com.java.TestType] [11413] - Action Type : SELECTFRAME
[INFO ][2016-01-18 12:07:43,510][com.java.TestType] [11432] -  RESULT true
[INFO ][2016-01-18 12:07:43,510][com.java.TestType] [11549] - ?   P A S S   ?
[DEBUG][2016-01-18 12:07:43,510][com.java.TestType] [11355] - Concept ID:8 :: Step being Executed: 8::10
[ERROR][2016-01-18 12:07:43,510][com.java.TestType] [11388] - Exception: null
[INFO ][2016-01-18 12:07:43,510][com.java.TestType] [11393] - dataFields : HDN//span[contains(text(),'Finished')]
[DEBUG][2016-01-18 12:07:43,510][com.java.TestType] [11399] - <In Set values of the page>
[DEBUG][2016-01-18 12:07:43,510][com.java.TestType] [11404] - {Data Fields & Data Values Exist}
[INFO ][2016-01-18 12:07:43,510][com.java.TestType] [11410] - --------------------------setting values-----------------------------
[INFO ][2016-01-18 12:07:43,510][com.java.TestType] [11413] - Action Type : click
[INFO ][2016-01-18 12:07:43,510][com.java.TestType] [ 6519] - Field ::HDN//span[contains(text(),'Finished')]
[INFO ][2016-01-18 12:07:43,510][com.java.TestType] [ 6140] - value = 
[INFO ][2016-01-18 12:07:44,697][com.java.TestType] [11432] -  RESULT true
[INFO ][2016-01-18 12:07:44,697][com.java.TestType] [11549] - ?   P A S S   ?
[DEBUG][2016-01-18 12:07:44,697][com.java.TestType] [11355] - Concept ID:8 :: Step being Executed: 8::11
[INFO ][2016-01-18 12:07:44,697][com.java.TestType] [11393] - dataFields : XPH//div[contains(text(), 'My Dashboard')]
[DEBUG][2016-01-18 12:07:44,697][com.java.TestType] [11399] - <In Set values of the page>
[DEBUG][2016-01-18 12:07:44,697][com.java.TestType] [11404] - {Data Fields & Data Values Exist}
[INFO ][2016-01-18 12:07:44,697][com.java.TestType] [11410] - --------------------------setting values-----------------------------
[INFO ][2016-01-18 12:07:44,697][com.java.TestType] [11413] - Action Type : WAITFORELEMENT
[INFO ][2016-01-18 12:07:44,728][com.java.TestType] [11432] -  RESULT true
[INFO ][2016-01-18 12:07:44,728][com.java.TestType] [11549] - ?   P A S S   ?
[DEBUG][2016-01-18 12:07:44,728][com.java.TestType] [11355] - Concept ID:8 :: Step being Executed: 8::12
[INFO ][2016-01-18 12:07:44,728][com.java.TestType] [11393] - dataFields : BTN
[DEBUG][2016-01-18 12:07:44,728][com.java.TestType] [11399] - <In Set values of the page>
[DEBUG][2016-01-18 12:07:44,728][com.java.TestType] [11404] - {Data Fields & Data Values Exist}
[INFO ][2016-01-18 12:07:44,728][com.java.TestType] [11410] - --------------------------setting values-----------------------------
[INFO ][2016-01-18 12:07:44,728][com.java.TestType] [11413] - Action Type : Verify
[INFO ][2016-01-18 12:07:44,728][com.java.TestType] [ 7647] - field= BTN value= //div[contains(text(), 'My Dashboard')]
[INFO ][2016-01-18 12:07:44,728][com.java.TestType] [ 6140] - value = //div[contains(text(), 'My Dashboard')]
[INFO ][2016-01-18 12:07:44,806][com.java.TestType] [11432] -  RESULT true
[INFO ][2016-01-18 12:07:44,806][com.java.TestType] [11549] - ?   P A S S   ?
[INFO ][2016-01-18 12:07:44,806][com.java.TestType] [11620] - Looping End......
[INFO ][2016-01-18 12:07:44,806][com.java.SeleniumDriver] [  930] -  RESULT true
[INFO ][2016-01-18 12:07:44,806][com.java.SeleniumDriver] [ 1136] - ?   P A S S   ?
[INFO ][2016-01-18 12:07:44,806][com.java.SeleniumDriver] [  856] - ------------------------------------------
[INFO ][2016-01-18 12:07:44,806][com.java.SeleniumDriver] [  857] - Test case being Executed: 16
[INFO ][2016-01-18 12:07:44,806][com.java.SeleniumDriver] [  869] - Test step:22
[INFO ][2016-01-18 12:07:44,806][com.java.SeleniumDriver] [  881] - Datavalue is----------Concept#9:1-16
[INFO ][2016-01-18 12:07:44,806][com.java.SeleniumDriver] [  905] - DataField : test
[INFO ][2016-01-18 12:07:44,806][com.java.SeleniumDriver] [  907] - DataValue : Concept#9:1-16
[INFO ][2016-01-18 12:07:44,806][com.java.SeleniumDriver] [  913] - <In Set values of the page>
[INFO ][2016-01-18 12:07:44,806][com.java.SeleniumDriver] [  916] - {Data Fields & Data Values Exist}
[INFO ][2016-01-18 12:07:44,806][com.java.SeleniumDriver] [  918] - --------------------------setting values-----------------------------
[INFO ][2016-01-18 12:07:44,806][com.java.SeleniumDriver] [  921] - Action Type : ExecuteTestCase
[INFO ][2016-01-18 12:07:44,806][com.java.TestType] [  437] - The Concept sheet name is ---------- Concept
[INFO ][2016-01-18 12:07:44,806][com.java.TestType] [  440] - The Concept ID  is ---------- 9
[DEBUG][2016-01-18 12:07:44,806][com.java.TestType] [  444] - Steps being executted in the Concept are: 1:16
[INFO ][2016-01-18 12:07:44,806][com.java.TestType] [  451] - Test data details path ---------- D:\BankersDashboard\TestInputs\TestData.xls
[INFO ][2016-01-18 12:07:44,837][com.java.TestType] [  482] -  str(1) = 9
[INFO ][2016-01-18 12:07:44,837][com.java.TestType] [  485] - Test case Id is---9
[INFO ][2016-01-18 12:07:44,837][com.java.TestType] [  487] - 9
[INFO ][2016-01-18 12:07:44,837][com.java.TestType] [  482] -  str(2) = 1
[INFO ][2016-01-18 12:07:44,837][com.java.TestType] [  482] -  str(1) = 9
[INFO ][2016-01-18 12:07:44,837][com.java.TestType] [  485] - Test case Id is---9
[INFO ][2016-01-18 12:07:44,837][com.java.TestType] [  487] - 9
[INFO ][2016-01-18 12:07:44,837][com.java.TestType] [  482] -  str(2) = 2
[INFO ][2016-01-18 12:07:44,837][com.java.TestType] [  482] -  str(1) = 9
[INFO ][2016-01-18 12:07:44,837][com.java.TestType] [  485] - Test case Id is---9
[INFO ][2016-01-18 12:07:44,837][com.java.TestType] [  487] - 9
[INFO ][2016-01-18 12:07:44,837][com.java.TestType] [  482] -  str(2) = 3
[INFO ][2016-01-18 12:07:44,837][com.java.TestType] [  482] -  str(1) = 9
[INFO ][2016-01-18 12:07:44,837][com.java.TestType] [  485] - Test case Id is---9
[INFO ][2016-01-18 12:07:44,837][com.java.TestType] [  487] - 9
[INFO ][2016-01-18 12:07:44,837][com.java.TestType] [  482] -  str(2) = 4
[INFO ][2016-01-18 12:07:44,837][com.java.TestType] [  482] -  str(1) = 9
[INFO ][2016-01-18 12:07:44,837][com.java.TestType] [  485] - Test case Id is---9
[INFO ][2016-01-18 12:07:44,837][com.java.TestType] [  487] - 9
[INFO ][2016-01-18 12:07:44,837][com.java.TestType] [  482] -  str(2) = 5
[INFO ][2016-01-18 12:07:44,853][com.java.TestType] [  482] -  str(1) = 9
[INFO ][2016-01-18 12:07:44,853][com.java.TestType] [  485] - Test case Id is---9
[INFO ][2016-01-18 12:07:44,853][com.java.TestType] [  487] - 9
[INFO ][2016-01-18 12:07:44,853][com.java.TestType] [  482] -  str(2) = 6
[INFO ][2016-01-18 12:07:44,853][com.java.TestType] [  482] -  str(1) = 9
[INFO ][2016-01-18 12:07:44,853][com.java.TestType] [  485] - Test case Id is---9
[INFO ][2016-01-18 12:07:44,853][com.java.TestType] [  487] - 9
[INFO ][2016-01-18 12:07:44,853][com.java.TestType] [  482] -  str(2) = 7
[INFO ][2016-01-18 12:07:44,853][com.java.TestType] [  482] -  str(1) = 9
[INFO ][2016-01-18 12:07:44,853][com.java.TestType] [  485] - Test case Id is---9
[INFO ][2016-01-18 12:07:44,853][com.java.TestType] [  487] - 9
[INFO ][2016-01-18 12:07:44,853][com.java.TestType] [  482] -  str(2) = 8
[INFO ][2016-01-18 12:07:44,853][com.java.TestType] [  482] -  str(1) = 9
[INFO ][2016-01-18 12:07:44,853][com.java.TestType] [  485] - Test case Id is---9
[INFO ][2016-01-18 12:07:44,853][com.java.TestType] [  487] - 9
[INFO ][2016-01-18 12:07:44,853][com.java.TestType] [  482] -  str(2) = 9
[INFO ][2016-01-18 12:07:44,853][com.java.TestType] [  482] -  str(1) = 9
[INFO ][2016-01-18 12:07:44,853][com.java.TestType] [  485] - Test case Id is---9
[INFO ][2016-01-18 12:07:44,853][com.java.TestType] [  487] - 9
[INFO ][2016-01-18 12:07:44,853][com.java.TestType] [  482] -  str(2) = 10
[INFO ][2016-01-18 12:07:44,853][com.java.TestType] [  482] -  str(1) = 9
[INFO ][2016-01-18 12:07:44,853][com.java.TestType] [  485] - Test case Id is---9
[INFO ][2016-01-18 12:07:44,853][com.java.TestType] [  487] - 9
[INFO ][2016-01-18 12:07:44,853][com.java.TestType] [  482] -  str(2) = 11
[INFO ][2016-01-18 12:07:44,853][com.java.TestType] [  482] -  str(1) = 9
[INFO ][2016-01-18 12:07:44,853][com.java.TestType] [  485] - Test case Id is---9
[INFO ][2016-01-18 12:07:44,853][com.java.TestType] [  487] - 9
[INFO ][2016-01-18 12:07:44,853][com.java.TestType] [  482] -  str(2) = 12
[INFO ][2016-01-18 12:07:44,853][com.java.TestType] [  482] -  str(1) = 9
[INFO ][2016-01-18 12:07:44,853][com.java.TestType] [  485] - Test case Id is---9
[INFO ][2016-01-18 12:07:44,853][com.java.TestType] [  487] - 9
[INFO ][2016-01-18 12:07:44,853][com.java.TestType] [  482] -  str(2) = 13
[INFO ][2016-01-18 12:07:44,853][com.java.TestType] [  482] -  str(1) = 9
[INFO ][2016-01-18 12:07:44,853][com.java.TestType] [  485] - Test case Id is---9
[INFO ][2016-01-18 12:07:44,853][com.java.TestType] [  487] - 9
[INFO ][2016-01-18 12:07:44,853][com.java.TestType] [  482] -  str(2) = 14
[INFO ][2016-01-18 12:07:44,853][com.java.TestType] [  482] -  str(1) = 9
[INFO ][2016-01-18 12:07:44,853][com.java.TestType] [  485] - Test case Id is---9
[INFO ][2016-01-18 12:07:44,853][com.java.TestType] [  487] - 9
[INFO ][2016-01-18 12:07:44,853][com.java.TestType] [  482] -  str(2) = 15
[INFO ][2016-01-18 12:07:44,853][com.java.TestType] [  482] -  str(1) = 9
[INFO ][2016-01-18 12:07:44,853][com.java.TestType] [  485] - Test case Id is---9
[INFO ][2016-01-18 12:07:44,853][com.java.TestType] [  487] - 9
[INFO ][2016-01-18 12:07:44,853][com.java.TestType] [  482] -  str(2) = 16
[INFO ][2016-01-18 12:07:44,853][com.java.TestType] [11314] - Looping 1TCID = 9
[DEBUG][2016-01-18 12:07:44,853][com.java.TestType] [11355] - Concept ID:9 :: Step being Executed: 9::1
[ERROR][2016-01-18 12:07:44,853][com.java.TestType] [11388] - Exception: null
[INFO ][2016-01-18 12:07:44,853][com.java.TestType] [11393] - dataFields : BTNparent
[DEBUG][2016-01-18 12:07:44,853][com.java.TestType] [11399] - <In Set values of the page>
[DEBUG][2016-01-18 12:07:44,853][com.java.TestType] [11404] - {Data Fields & Data Values Exist}
[INFO ][2016-01-18 12:07:44,853][com.java.TestType] [11410] - --------------------------setting values-----------------------------
[INFO ][2016-01-18 12:07:44,853][com.java.TestType] [11413] - Action Type : SELECTFRAME
[INFO ][2016-01-18 12:07:44,868][com.java.TestType] [11432] -  RESULT true
[INFO ][2016-01-18 12:07:44,868][com.java.TestType] [11549] - ?   P A S S   ?
[DEBUG][2016-01-18 12:07:44,868][com.java.TestType] [11355] - Concept ID:9 :: Step being Executed: 9::2
[INFO ][2016-01-18 12:07:44,868][com.java.TestType] [11393] - dataFields : test
[DEBUG][2016-01-18 12:07:44,868][com.java.TestType] [11399] - <In Set values of the page>
[DEBUG][2016-01-18 12:07:44,868][com.java.TestType] [11404] - {Data Fields & Data Values Exist}
[INFO ][2016-01-18 12:07:44,868][com.java.TestType] [11410] - --------------------------setting values-----------------------------
[INFO ][2016-01-18 12:07:44,868][com.java.TestType] [11413] - Action Type : OPENURL
[INFO ][2016-01-18 12:07:44,868][com.java.TestType] [ 6140] - value = https://clients-xuat.bankersdashboard.com
[INFO ][2016-01-18 12:07:44,868][com.java.TestType] [  353] - Open URL : https://clients-xuat.bankersdashboard.com
[INFO ][2016-01-18 12:07:47,257][com.java.TestType] [11432] -  RESULT true
[INFO ][2016-01-18 12:07:47,257][com.java.TestType] [11549] - ?   P A S S   ?
[DEBUG][2016-01-18 12:07:47,257][com.java.TestType] [11355] - Concept ID:9 :: Step being Executed: 9::3
[ERROR][2016-01-18 12:07:47,257][com.java.TestType] [11388] - Exception: null
[INFO ][2016-01-18 12:07:47,257][com.java.TestType] [11393] - dataFields : //span[@class='icon-hammer']&&//a[text()='Custom Calculations']
[DEBUG][2016-01-18 12:07:47,257][com.java.TestType] [11399] - <In Set values of the page>
[DEBUG][2016-01-18 12:07:47,257][com.java.TestType] [11404] - {Data Fields & Data Values Exist}
[INFO ][2016-01-18 12:07:47,257][com.java.TestType] [11410] - --------------------------setting values-----------------------------
[INFO ][2016-01-18 12:07:47,257][com.java.TestType] [11413] - Action Type : MOUSEOVER
[INFO ][2016-01-18 12:08:10,637][com.java.TestType] [11432] -  RESULT true
[INFO ][2016-01-18 12:08:10,637][com.java.TestType] [11549] - ?   P A S S   ?
[DEBUG][2016-01-18 12:08:10,637][com.java.TestType] [11355] - Concept ID:9 :: Step being Executed: 9::4
[INFO ][2016-01-18 12:08:10,637][com.java.TestType] [11393] - dataFields : BTN//iframe[@class='frameTabContent']
[DEBUG][2016-01-18 12:08:10,637][com.java.TestType] [11399] - <In Set values of the page>
[DEBUG][2016-01-18 12:08:10,637][com.java.TestType] [11404] - {Data Fields & Data Values Exist}
[INFO ][2016-01-18 12:08:10,637][com.java.TestType] [11410] - --------------------------setting values-----------------------------
[INFO ][2016-01-18 12:08:10,637][com.java.TestType] [11413] - Action Type : waitforelement
[INFO ][2016-01-18 12:08:10,685][com.java.TestType] [11432] -  RESULT true
[INFO ][2016-01-18 12:08:10,685][com.java.TestType] [11549] - ?   P A S S   ?
[DEBUG][2016-01-18 12:08:10,685][com.java.TestType] [11355] - Concept ID:9 :: Step being Executed: 9::5
[INFO ][2016-01-18 12:08:10,685][com.java.TestType] [11393] - dataFields : XPH//li[@class="inactiveTab"]//a[@title="Custom Calcs"]
[DEBUG][2016-01-18 12:08:10,685][com.java.TestType] [11399] - <In Set values of the page>
[DEBUG][2016-01-18 12:08:10,685][com.java.TestType] [11404] - {Data Fields & Data Values Exist}
[INFO ][2016-01-18 12:08:10,685][com.java.TestType] [11410] - --------------------------setting values-----------------------------
[INFO ][2016-01-18 12:08:10,685][com.java.TestType] [11413] - Action Type : waitforelement
[INFO ][2016-01-18 12:08:10,716][com.java.TestType] [11432] -  RESULT true
[INFO ][2016-01-18 12:08:10,716][com.java.TestType] [11549] - ?   P A S S   ?
[DEBUG][2016-01-18 12:08:10,716][com.java.TestType] [11355] - Concept ID:9 :: Step being Executed: 9::6
[ERROR][2016-01-18 12:08:10,716][com.java.TestType] [11388] - Exception: null
[INFO ][2016-01-18 12:08:10,716][com.java.TestType] [11393] - dataFields : XPH//li[@class="inactiveTab"]//a[@title="Custom Calcs"]
[DEBUG][2016-01-18 12:08:10,716][com.java.TestType] [11399] - <In Set values of the page>
[DEBUG][2016-01-18 12:08:10,716][com.java.TestType] [11404] - {Data Fields & Data Values Exist}
[INFO ][2016-01-18 12:08:10,716][com.java.TestType] [11410] - --------------------------setting values-----------------------------
[INFO ][2016-01-18 12:08:10,716][com.java.TestType] [11413] - Action Type : click
[INFO ][2016-01-18 12:08:10,716][com.java.TestType] [ 6519] - Field ::XPH//li[@class="inactiveTab"]//a[@title="Custom Calcs"]
[INFO ][2016-01-18 12:08:10,716][com.java.TestType] [ 6140] - value = 
[INFO ][2016-01-18 12:08:11,730][com.java.TestType] [ 6656] - BEFORE CLICK
[INFO ][2016-01-18 12:08:12,746][com.java.TestType] [ 6664] - Unable to click the object click on add button
[INFO ][2016-01-18 12:08:12,746][com.java.TestType] [11432] -  RESULT true
[INFO ][2016-01-18 12:08:12,746][com.java.TestType] [11549] - ?   P A S S   ?
[DEBUG][2016-01-18 12:08:12,746][com.java.TestType] [11355] - Concept ID:9 :: Step being Executed: 9::7
[INFO ][2016-01-18 12:08:12,746][com.java.TestType] [11393] - dataFields : test
[DEBUG][2016-01-18 12:08:12,746][com.java.TestType] [11399] - <In Set values of the page>
[DEBUG][2016-01-18 12:08:12,746][com.java.TestType] [11404] - {Data Fields & Data Values Exist}
[INFO ][2016-01-18 12:08:12,746][com.java.TestType] [11410] - --------------------------setting values-----------------------------
[INFO ][2016-01-18 12:08:12,746][com.java.TestType] [11413] - Action Type : WaitTime
[DEBUG][2016-01-18 12:08:12,746][com.java.TestType] [ 5954] - sleepTime: 5000
[INFO ][2016-01-18 12:08:17,755][com.java.TestType] [11432] -  RESULT true
[INFO ][2016-01-18 12:08:17,755][com.java.TestType] [11549] - ?   P A S S   ?
[DEBUG][2016-01-18 12:08:17,755][com.java.TestType] [11355] - Concept ID:9 :: Step being Executed: 9::8
[ERROR][2016-01-18 12:08:17,755][com.java.TestType] [11388] - Exception: null
[INFO ][2016-01-18 12:08:17,755][com.java.TestType] [11393] - dataFields : XPH//li[@class="inactiveTab"]//a[@title="Custom Calcs"]//span[@class="closeimg icon-close icon-xs"]
[DEBUG][2016-01-18 12:08:17,755][com.java.TestType] [11399] - <In Set values of the page>
[DEBUG][2016-01-18 12:08:17,755][com.java.TestType] [11404] - {Data Fields & Data Values Exist}
[INFO ][2016-01-18 12:08:17,755][com.java.TestType] [11410] - --------------------------setting values-----------------------------
[INFO ][2016-01-18 12:08:17,755][com.java.TestType] [11413] - Action Type : click
[INFO ][2016-01-18 12:08:17,755][com.java.TestType] [ 6519] - Field ::XPH//li[@class="inactiveTab"]//a[@title="Custom Calcs"]//span[@class="closeimg icon-close icon-xs"]
[INFO ][2016-01-18 12:08:17,755][com.java.TestType] [ 6140] - value = 
[INFO ][2016-01-18 12:08:18,770][com.java.TestType] [ 6656] - BEFORE CLICK
[INFO ][2016-01-18 12:08:19,721][com.java.TestType] [ 6664] - Unable to click the object click on add button
[INFO ][2016-01-18 12:08:19,721][com.java.TestType] [11432] -  RESULT true
[INFO ][2016-01-18 12:08:19,721][com.java.TestType] [11549] - ?   P A S S   ?
[DEBUG][2016-01-18 12:08:19,721][com.java.TestType] [11355] - Concept ID:9 :: Step being Executed: 9::9
[INFO ][2016-01-18 12:08:19,721][com.java.TestType] [11393] - dataFields : BTN//iframe[@class='frameTabContent']
[DEBUG][2016-01-18 12:08:19,721][com.java.TestType] [11399] - <In Set values of the page>
[DEBUG][2016-01-18 12:08:19,721][com.java.TestType] [11404] - {Data Fields & Data Values Exist}
[INFO ][2016-01-18 12:08:19,721][com.java.TestType] [11410] - --------------------------setting values-----------------------------
[INFO ][2016-01-18 12:08:19,721][com.java.TestType] [11413] - Action Type : waitforelement
[INFO ][2016-01-18 12:08:19,753][com.java.TestType] [11432] -  RESULT true
[INFO ][2016-01-18 12:08:19,753][com.java.TestType] [11549] - ?   P A S S   ?
[DEBUG][2016-01-18 12:08:19,753][com.java.TestType] [11355] - Concept ID:9 :: Step being Executed: 9::10
[ERROR][2016-01-18 12:08:19,753][com.java.TestType] [11388] - Exception: null
[INFO ][2016-01-18 12:08:19,753][com.java.TestType] [11393] - dataFields : BTN//iframe[@class='frameTabContent']
[DEBUG][2016-01-18 12:08:19,753][com.java.TestType] [11399] - <In Set values of the page>
[DEBUG][2016-01-18 12:08:19,753][com.java.TestType] [11404] - {Data Fields & Data Values Exist}
[INFO ][2016-01-18 12:08:19,753][com.java.TestType] [11410] - --------------------------setting values-----------------------------
[INFO ][2016-01-18 12:08:19,753][com.java.TestType] [11413] - Action Type : SELECTFRAME
[INFO ][2016-01-18 12:08:19,847][com.java.TestType] [11432] -  RESULT true
[INFO ][2016-01-18 12:08:19,847][com.java.TestType] [11549] - ?   P A S S   ?
[DEBUG][2016-01-18 12:08:19,847][com.java.TestType] [11355] - Concept ID:9 :: Step being Executed: 9::11
[INFO ][2016-01-18 12:08:19,847][com.java.TestType] [11393] - dataFields : MNC//td[contains(text(),'mytext')]/following-sibling::td[2]//span[@class="glyphicon glyphicon-remove"]
[DEBUG][2016-01-18 12:08:19,847][com.java.TestType] [11399] - <In Set values of the page>
[DEBUG][2016-01-18 12:08:19,847][com.java.TestType] [11404] - {Data Fields & Data Values Exist}
[INFO ][2016-01-18 12:08:19,847][com.java.TestType] [11410] - --------------------------setting values-----------------------------
[INFO ][2016-01-18 12:08:19,847][com.java.TestType] [11413] - Action Type : CLICKWITHALERT
[INFO ][2016-01-18 12:08:19,847][com.java.TestType] [ 6519] - Field ::MNC//td[contains(text(),'mytext')]/following-sibling::td[2]//span[@class="glyphicon glyphicon-remove"]
[INFO ][2016-01-18 12:08:19,847][com.java.TestType] [ 6140] - value = #_keys
[ERROR][2016-01-18 12:08:20,861][com.java.TestType] [ 6835] - Exception in MNC click: null
[INFO ][2016-01-18 12:08:22,982][com.java.TestType] [11432] -  RESULT true
[INFO ][2016-01-18 12:08:22,982][com.java.TestType] [11549] - ?   P A S S   ?
[DEBUG][2016-01-18 12:08:22,982][com.java.TestType] [11355] - Concept ID:9 :: Step being Executed: 9::13
[INFO ][2016-01-18 12:08:22,982][com.java.TestType] [11393] - dataFields : null
[DEBUG][2016-01-18 12:08:22,982][com.java.TestType] [11399] - <In Set values of the page>
[INFO ][2016-01-18 12:08:22,982][com.java.TestType] [11549] - ?   P A S S   ?
[DEBUG][2016-01-18 12:08:22,982][com.java.TestType] [11355] - Concept ID:9 :: Step being Executed: 9::14
[ERROR][2016-01-18 12:08:22,982][com.java.TestType] [11388] - Exception: null
[INFO ][2016-01-18 12:08:22,982][com.java.TestType] [11393] - dataFields : BTNparent
[DEBUG][2016-01-18 12:08:22,982][com.java.TestType] [11399] - <In Set values of the page>
[DEBUG][2016-01-18 12:08:22,982][com.java.TestType] [11404] - {Data Fields & Data Values Exist}
[INFO ][2016-01-18 12:08:22,982][com.java.TestType] [11410] - --------------------------setting values-----------------------------
[INFO ][2016-01-18 12:08:22,982][com.java.TestType] [11413] - Action Type : SELECTFRAME
[INFO ][2016-01-18 12:08:22,983][com.java.TestType] [11432] -  RESULT true
[INFO ][2016-01-18 12:08:22,983][com.java.TestType] [11549] - ?   P A S S   ?
[DEBUG][2016-01-18 12:08:22,983][com.java.TestType] [11355] - Concept ID:9 :: Step being Executed: 9::15
[INFO ][2016-01-18 12:08:22,983][com.java.TestType] [11393] - dataFields : XPH//div[contains(text(), 'My Dashboard')]
[DEBUG][2016-01-18 12:08:22,983][com.java.TestType] [11399] - <In Set values of the page>
[DEBUG][2016-01-18 12:08:22,983][com.java.TestType] [11404] - {Data Fields & Data Values Exist}
[INFO ][2016-01-18 12:08:22,983][com.java.TestType] [11410] - --------------------------setting values-----------------------------
[INFO ][2016-01-18 12:08:22,983][com.java.TestType] [11413] - Action Type : WAITFORELEMENT
[INFO ][2016-01-18 12:08:23,030][com.java.TestType] [11432] -  RESULT true
[INFO ][2016-01-18 12:08:23,030][com.java.TestType] [11549] - ?   P A S S   ?
[DEBUG][2016-01-18 12:08:23,030][com.java.TestType] [11355] - Concept ID:9 :: Step being Executed: 9::16
[INFO ][2016-01-18 12:08:23,030][com.java.TestType] [11393] - dataFields : BTN
[DEBUG][2016-01-18 12:08:23,030][com.java.TestType] [11399] - <In Set values of the page>
[DEBUG][2016-01-18 12:08:23,030][com.java.TestType] [11404] - {Data Fields & Data Values Exist}
[INFO ][2016-01-18 12:08:23,030][com.java.TestType] [11410] - --------------------------setting values-----------------------------
[INFO ][2016-01-18 12:08:23,030][com.java.TestType] [11413] - Action Type : Verify
[INFO ][2016-01-18 12:08:23,030][com.java.TestType] [ 7647] - field= BTN value= //div[contains(text(), 'My Dashboard')]
[INFO ][2016-01-18 12:08:23,030][com.java.TestType] [ 6140] - value = //div[contains(text(), 'My Dashboard')]
[INFO ][2016-01-18 12:08:23,093][com.java.TestType] [11432] -  RESULT true
[INFO ][2016-01-18 12:08:23,093][com.java.TestType] [11549] - ?   P A S S   ?
[INFO ][2016-01-18 12:08:23,093][com.java.TestType] [11620] - Looping End......
[INFO ][2016-01-18 12:08:23,093][com.java.SeleniumDriver] [  930] -  RESULT true
[INFO ][2016-01-18 12:08:23,093][com.java.SeleniumDriver] [ 1136] - ?   P A S S   ?
[DEBUG][2016-01-18 12:08:23,093][com.java.SeleniumDriver] [ 1248] - Case found
[DEBUG][2016-01-18 12:08:23,093][com.java.SeleniumDriver] [ 1253] - Incrementing ReportCounters[0]:2
[INFO ][2016-01-18 12:08:23,093][com.java.SeleniumDriver] [ 1272] - The results are-------------------[16, 1, Settings : User Settings : Open Dashboard in New Window, Pass, , Mon Jan 18 12:02:33 IST 2016, 16, 3, Settings : User Settings : Open Dashboard in New Window, Pass, , Mon Jan 18 12:02:38 IST 2016, 16, 4, Settings : User Settings : Open Dashboard in New Window, Pass, , Mon Jan 18 12:03:01 IST 2016, 16, 5, Settings : User Settings : Open Dashboard in New Window, Pass, , Mon Jan 18 12:03:02 IST 2016, 16, 6, Settings : User Settings : Open Dashboard in New Window, Pass, , Mon Jan 18 12:03:03 IST 2016, 16, 7, Settings : User Settings : Open Dashboard in New Window, Pass, , Mon Jan 18 12:03:06 IST 2016, 16, 8, Settings : User Settings : Open Dashboard in New Window, Pass, , Mon Jan 18 12:03:06 IST 2016, 16, 9, Settings : User Settings : Open Dashboard in New Window, Pass, , Mon Jan 18 12:03:07 IST 2016, 16, 10, Settings : User Settings : Open Dashboard in New Window, Pass, , Mon Jan 18 12:03:07 IST 2016, 16, 11, Settings : User Settings : Open Dashboard in New Window, Pass, , Mon Jan 18 12:03:07 IST 2016, 16, 12, Settings : User Settings : Open Dashboard in New Window, Pass, , Mon Jan 18 12:03:29 IST 2016, 16, 13, Settings : User Settings : Open Dashboard in New Window, Pass, , Mon Jan 18 12:03:30 IST 2016, 16, 14, Settings : User Settings : Open Dashboard in New Window, Pass, , Mon Jan 18 12:03:35 IST 2016, 16, 15, Settings : User Settings : Open Dashboard in New Window, Pass, , Mon Jan 18 12:03:40 IST 2016, 16, 16, Settings : User Settings : Open Dashboard in New Window, Pass, , Mon Jan 18 12:03:42 IST 2016, 16, 17, Settings : User Settings : Open Dashboard in New Window, Pass, , Mon Jan 18 12:04:02 IST 2016, 16, 18, Settings : User Settings : Open Dashboard in New Window, Pass, , Mon Jan 18 12:07:02 IST 2016, 16, 19, Settings : User Settings : Open Dashboard in New Window, Pass, , Mon Jan 18 12:07:02 IST 2016, 16, 20, Settings : User Settings : Open Dashboard in New Window, Pass, , Mon Jan 18 12:07:02 IST 2016, 16, 21, Settings : User Settings : Open Dashboard in New Window, Pass, , Mon Jan 18 12:07:44 IST 2016, 16, 22, Settings : User Settings : Open Dashboard in New Window, Pass, , Mon Jan 18 12:08:23 IST 2016]
[INFO ][2016-01-18 12:08:23,093][com.java.SeleniumDriver] [ 1276] - End time is-------6 min 44 sec
[INFO ][2016-01-18 12:08:23,093][com.java.SeleniumDriver] [ 1277] - The results are-------------------[16, 1, Settings : User Settings : Open Dashboard in New Window, Pass, , Mon Jan 18 12:02:33 IST 2016, 16, 3, Settings : User Settings : Open Dashboard in New Window, Pass, , Mon Jan 18 12:02:38 IST 2016, 16, 4, Settings : User Settings : Open Dashboard in New Window, Pass, , Mon Jan 18 12:03:01 IST 2016, 16, 5, Settings : User Settings : Open Dashboard in New Window, Pass, , Mon Jan 18 12:03:02 IST 2016, 16, 6, Settings : User Settings : Open Dashboard in New Window, Pass, , Mon Jan 18 12:03:03 IST 2016, 16, 7, Settings : User Settings : Open Dashboard in New Window, Pass, , Mon Jan 18 12:03:06 IST 2016, 16, 8, Settings : User Settings : Open Dashboard in New Window, Pass, , Mon Jan 18 12:03:06 IST 2016, 16, 9, Settings : User Settings : Open Dashboard in New Window, Pass, , Mon Jan 18 12:03:07 IST 2016, 16, 10, Settings : User Settings : Open Dashboard in New Window, Pass, , Mon Jan 18 12:03:07 IST 2016, 16, 11, Settings : User Settings : Open Dashboard in New Window, Pass, , Mon Jan 18 12:03:07 IST 2016, 16, 12, Settings : User Settings : Open Dashboard in New Window, Pass, , Mon Jan 18 12:03:29 IST 2016, 16, 13, Settings : User Settings : Open Dashboard in New Window, Pass, , Mon Jan 18 12:03:30 IST 2016, 16, 14, Settings : User Settings : Open Dashboard in New Window, Pass, , Mon Jan 18 12:03:35 IST 2016, 16, 15, Settings : User Settings : Open Dashboard in New Window, Pass, , Mon Jan 18 12:03:40 IST 2016, 16, 16, Settings : User Settings : Open Dashboard in New Window, Pass, , Mon Jan 18 12:03:42 IST 2016, 16, 17, Settings : User Settings : Open Dashboard in New Window, Pass, , Mon Jan 18 12:04:02 IST 2016, 16, 18, Settings : User Settings : Open Dashboard in New Window, Pass, , Mon Jan 18 12:07:02 IST 2016, 16, 19, Settings : User Settings : Open Dashboard in New Window, Pass, , Mon Jan 18 12:07:02 IST 2016, 16, 20, Settings : User Settings : Open Dashboard in New Window, Pass, , Mon Jan 18 12:07:02 IST 2016, 16, 21, Settings : User Settings : Open Dashboard in New Window, Pass, , Mon Jan 18 12:07:44 IST 2016, 16, 22, Settings : User Settings : Open Dashboard in New Window, Pass, , Mon Jan 18 12:08:23 IST 2016]
[DEBUG][2016-01-18 12:08:23,093][com.java.ImportnExport.ExportTestResultsExcel] [  222] - testResultPath = D:\BankersDashboard/TestReports/Test Results_BankersDashBoard_011816_120141_IE10_Any Bank USA.xls
[DEBUG][2016-01-18 12:08:23,093][com.java.ImportnExport.ExportTestResultsExcel] [  223] - browser is------------IE10
[DEBUG][2016-01-18 12:08:23,093][com.java.ImportnExport.ExportTestResultsExcel] [  270] - result.size() = 126
[DEBUG][2016-01-18 12:08:23,093][com.java.ImportnExport.ExportTestResultsExcel] [  274] - No of rows in sheet=2
[DEBUG][2016-01-18 12:08:23,093][com.java.ImportnExport.ExportTestResultsExcel] [  301] - ..in export..16
[DEBUG][2016-01-18 12:08:23,093][com.java.ImportnExport.ExportTestResultsExcel] [  301] - ..in export..Settings : User Settings : Open Dashboard in New Window
[DEBUG][2016-01-18 12:08:23,093][com.java.ImportnExport.ExportTestResultsExcel] [  301] - ..in export..Pass
[DEBUG][2016-01-18 12:08:23,093][com.java.ImportnExport.ExportTestResultsExcel] [  301] - ..in export..
[DEBUG][2016-01-18 12:08:23,093][com.java.ImportnExport.ExportTestResultsExcel] [  301] - ..in export..Mon Jan 18 12:02:33 IST 2016
[INFO ][2016-01-18 12:08:23,093][com.java.SeleniumDriver] [ 1337] - out loop:1 size:2 TestCases:[1, 16] testcases:[1, 16]
[INFO ][2016-01-18 12:08:25,105][com.java.SeleniumDriver] [ 1380] - Total Number of Cases:2
[INFO ][2016-01-18 12:08:25,105][com.java.TemplateGenerator] [  302] - Executed:2
[INFO ][2016-01-18 12:08:25,105][com.java.TemplateGenerator] [  303] - Passed:2
[INFO ][2016-01-18 12:08:25,105][com.java.TemplateGenerator] [  304] - Failed:0
[INFO ][2016-01-18 12:08:25,105][com.java.TemplateGenerator] [  305] - Skipeed:0
[INFO ][2016-01-18 12:08:25,105][com.java.TemplateGenerator] [  306] - Application URL:https://clients-xuat.bankersdashboard.com
[INFO ][2016-01-18 12:08:25,105][com.java.TemplateGenerator] [  307] - Start Time:011816_120141
[INFO ][2016-01-18 12:08:25,105][com.java.TemplateGenerator] [  308] -  Creating HTML Report 
[ERROR][2016-01-18 12:08:25,105][com.java.TemplateGenerator] [  409] - Unparseable date: "Mon Jan 18 12:01:41 IST 2016"
[INFO ][2016-01-18 12:08:25,105][com.java.TemplateGenerator] [  654] -  Exporting case :: 1
[INFO ][2016-01-18 12:08:25,105][com.java.TemplateGenerator] [  654] -  Exporting case :: 16
[INFO ][2016-01-18 12:08:25,105][com.java.SeleniumDriver] [ 1429] - End Time:011816_120825
[INFO ][2016-01-18 12:08:25,105][com.java.SeleniumDriver] [ 1432] - Data in Test Execution Details:{16=PASS, 1=PASS}
[INFO ][2016-01-18 12:08:25,105][com.java.SeleniumDriver] [ 1433] - Data in Failed Execution Deatils:{}
[INFO ][2016-01-18 12:08:25,105][com.java.SeleniumDriver] [ 1435] - ReportCounter:Total:2 :: PASS: 2 ::FAIL: 0
[INFO ][2016-01-18 12:08:25,105][com.java.SeleniumDriver] [ 1436] - FailedReportCounter:Total:0 :: PASS: 0 ::FAIL: 0
[INFO ][2016-01-18 12:08:25,106][com.java.EmailTestReport] [   63] - Sending report mail details:
[INFO ][2016-01-18 12:08:25,106][com.java.EmailTestReport] [   80] - Excel Report Path:D:\BankersDashboard/TestReports/Test Results_BankersDashBoard_011816_120141_IE10_Any Bank USA.xls
[INFO ][2016-01-18 12:08:25,106][com.java.EmailTestReport] [   81] - HTML Report Path:D:\BankersDashboard//TestReports//Test Results_BankersDashBoard_011816_120141_IE10_Any Bank USA.html
[INFO ][2016-01-18 12:08:25,106][com.java.EmailTestReport] [   82] - smtpHostName:mail01.valuelabs.com
[INFO ][2016-01-18 12:08:25,106][com.java.EmailTestReport] [   83] - Recipient:venkateswararao.gubbala@valuelabs.com;
[INFO ][2016-01-18 12:08:25,106][com.java.EmailTestReport] [   84] - From:venkateswararao.gubbala@valuelabs.com;
[INFO ][2016-01-18 12:08:25,106][com.java.EmailTestReport] [   85] - Subject:Deluxe Corp Bankers Dashboard Automation Test Report - Any Bank USA - IE10
[INFO ][2016-01-18 12:08:25,121][com.java.EmailTestReport] [  143] -  Added venkateswararao.gubbala@valuelabs.com
[INFO ][2016-01-18 12:08:28,251][com.java.SeleniumDriver] [  722] - quitting the browser 
[INFO ][2016-01-18 12:08:30,045][com.java.SeleniumDriver] [  264] - Execution Completed Stopping the thread
