[INFO ][2016-02-04 20:07:21,674][com.java.SeleniumDriver] [  213] - Execute Failed Casesfalse
[INFO ][2016-02-04 20:07:21,674][com.java.SeleniumDriver] [  214] - Browser: IE10
[INFO ][2016-02-04 20:07:21,679][com.java.SeleniumDriver] [  215] - [1, 7, 9]
[INFO ][2016-02-04 20:07:21,679][com.java.SeleniumDriver] [  216] - Total TestCases:3
[INFO ][2016-02-04 20:07:21,679][com.java.SeleniumDriver] [  217] -  Reading Properties from Property File 
[DEBUG][2016-02-04 20:07:21,680][com.java.SeleniumDriver] [  238] - url : https://clients-xuat.bankersdashboard.com
[INFO ][2016-02-04 20:07:21,681][com.java.ImportnExport.ExportTestResultsExcel] [  116] - Time Stamp Thu Feb 04 08:07:21 IST 2016
[INFO ][2016-02-04 20:07:21,681][com.java.ImportnExport.ExportTestResultsExcel] [  175] - OUT FILE : D:\BankersDashboard/TestReports/Test Results_BankersDashBoard_020416_200721_IE10_Bank of North Carolina.xls
[INFO ][2016-02-04 20:07:21,716][com.java.ImportnExport.ExportTestResultsExcel] [  180] - Test Result file is created
[DEBUG][2016-02-04 20:07:21,803][com.java.SeleniumDriver] [  426] - Hub ip address is-------172.17.68.34
[INFO ][2016-02-04 20:07:21,804][com.java.SeleniumDriver] [  452] - Grid URL:http://172.17.68.34:4444/wd/hub
[INFO ][2016-02-04 20:07:21,804][com.java.SeleniumDriver] [  453] - Capability:Capabilities [{platform=ANY, ensureCleanSession=true, ignoreProtectedModeSettings=true, acceptSslCerts=true, ignoreZoomSetting=true, browserName=internet explorer, browserstack.ie.noFlash=true, version=null}]
[ERROR][2016-02-04 20:07:23,137][com.java.SeleniumDriver] [  498] - Unable invoke browser in grid:Could not start a new session. Possible causes are invalid address of the remote server or browser start-up failure.
Build info: version: '2.48.2', revision: '41bccdd', time: '2015-10-09 19:59:12'
System info: host: 'FVTIII438F1D', ip: '172.17.68.34', os.name: 'Windows 7', os.arch: 'x86', os.version: '6.1', java.version: '1.7.0_55'
Driver info: driver.version: SeleniumDriver
[INFO ][2016-02-04 20:07:23,137][com.java.SeleniumDriver] [  500] - Executing on local machine
[INFO ][2016-02-04 20:07:32,924][com.java.SeleniumDriver] [  248] - IE10is opened
[INFO ][2016-02-04 20:07:33,756][com.java.SeleniumDriver] [  756] - Test cases to be executed are: [1, 7, 9]
[INFO ][2016-02-04 20:07:33,780][com.java.ImportnExport.ImportTestDataDetailsExcel] [   49] - test data details path===== D:\BankersDashboard\TestInputs\TestData.xls
[INFO ][2016-02-04 20:07:33,856][com.java.SeleniumDriver] [  856] - ------------------------------------------
[INFO ][2016-02-04 20:07:33,856][com.java.SeleniumDriver] [  857] - Test case being Executed: 1
[INFO ][2016-02-04 20:07:33,856][com.java.SeleniumDriver] [  869] - Test step:1
[INFO ][2016-02-04 20:07:33,856][com.java.SeleniumDriver] [  881] - Datavalue is----------Concept#1:1-16
[INFO ][2016-02-04 20:07:33,857][com.java.SeleniumDriver] [  905] - DataField : test
[INFO ][2016-02-04 20:07:33,857][com.java.SeleniumDriver] [  907] - DataValue : Concept#1:1-16
[INFO ][2016-02-04 20:07:33,857][com.java.SeleniumDriver] [  913] - <In Set values of the page>
[INFO ][2016-02-04 20:07:33,857][com.java.SeleniumDriver] [  916] - {Data Fields & Data Values Exist}
[INFO ][2016-02-04 20:07:33,857][com.java.SeleniumDriver] [  918] - --------------------------setting values-----------------------------
[INFO ][2016-02-04 20:07:33,857][com.java.SeleniumDriver] [  921] - Action Type : ExecuteTestCase
[INFO ][2016-02-04 20:07:33,876][com.java.TestType] [  448] - The Concept sheet name is ---------- Concept
[INFO ][2016-02-04 20:07:33,876][com.java.TestType] [  451] - The Concept ID  is ---------- 1
[DEBUG][2016-02-04 20:07:33,876][com.java.TestType] [  455] - Steps being executted in the Concept are: 1:16
[INFO ][2016-02-04 20:07:33,876][com.java.TestType] [  462] - Test data details path ---------- D:\BankersDashboard\TestInputs\TestData.xls
[INFO ][2016-02-04 20:07:33,897][com.java.TestType] [  493] -  str(1) = 1
[INFO ][2016-02-04 20:07:33,897][com.java.TestType] [  496] - Test case Id is---1
[INFO ][2016-02-04 20:07:33,897][com.java.TestType] [  498] - 1
[INFO ][2016-02-04 20:07:33,898][com.java.TestType] [  493] -  str(2) = 1
[INFO ][2016-02-04 20:07:33,900][com.java.TestType] [  493] -  str(1) = 1
[INFO ][2016-02-04 20:07:33,900][com.java.TestType] [  496] - Test case Id is---1
[INFO ][2016-02-04 20:07:33,900][com.java.TestType] [  498] - 1
[INFO ][2016-02-04 20:07:33,900][com.java.TestType] [  493] -  str(2) = 2
[INFO ][2016-02-04 20:07:33,902][com.java.TestType] [  493] -  str(1) = 1
[INFO ][2016-02-04 20:07:33,902][com.java.TestType] [  496] - Test case Id is---1
[INFO ][2016-02-04 20:07:33,902][com.java.TestType] [  498] - 1
[INFO ][2016-02-04 20:07:33,902][com.java.TestType] [  493] -  str(2) = 3
[INFO ][2016-02-04 20:07:33,903][com.java.TestType] [  493] -  str(1) = 1
[INFO ][2016-02-04 20:07:33,903][com.java.TestType] [  496] - Test case Id is---1
[INFO ][2016-02-04 20:07:33,903][com.java.TestType] [  498] - 1
[INFO ][2016-02-04 20:07:33,904][com.java.TestType] [  493] -  str(2) = 4
[INFO ][2016-02-04 20:07:33,905][com.java.TestType] [  493] -  str(1) = 1
[INFO ][2016-02-04 20:07:33,905][com.java.TestType] [  496] - Test case Id is---1
[INFO ][2016-02-04 20:07:33,905][com.java.TestType] [  498] - 1
[INFO ][2016-02-04 20:07:33,905][com.java.TestType] [  493] -  str(2) = 5
[INFO ][2016-02-04 20:07:33,906][com.java.TestType] [  493] -  str(1) = 1
[INFO ][2016-02-04 20:07:33,906][com.java.TestType] [  496] - Test case Id is---1
[INFO ][2016-02-04 20:07:33,908][com.java.TestType] [  498] - 1
[INFO ][2016-02-04 20:07:33,908][com.java.TestType] [  493] -  str(2) = 6
[INFO ][2016-02-04 20:07:33,910][com.java.TestType] [  493] -  str(1) = 1
[INFO ][2016-02-04 20:07:33,910][com.java.TestType] [  496] - Test case Id is---1
[INFO ][2016-02-04 20:07:33,910][com.java.TestType] [  498] - 1
[INFO ][2016-02-04 20:07:33,910][com.java.TestType] [  493] -  str(2) = 7
[INFO ][2016-02-04 20:07:33,911][com.java.TestType] [  493] -  str(1) = 1
[INFO ][2016-02-04 20:07:33,911][com.java.TestType] [  496] - Test case Id is---1
[INFO ][2016-02-04 20:07:33,911][com.java.TestType] [  498] - 1
[INFO ][2016-02-04 20:07:33,912][com.java.TestType] [  493] -  str(2) = 8
[INFO ][2016-02-04 20:07:33,912][com.java.TestType] [  493] -  str(1) = 1
[INFO ][2016-02-04 20:07:33,912][com.java.TestType] [  496] - Test case Id is---1
[INFO ][2016-02-04 20:07:33,913][com.java.TestType] [  498] - 1
[INFO ][2016-02-04 20:07:33,913][com.java.TestType] [  493] -  str(2) = 9
[INFO ][2016-02-04 20:07:33,913][com.java.TestType] [  493] -  str(1) = 1
[INFO ][2016-02-04 20:07:33,914][com.java.TestType] [  496] - Test case Id is---1
[INFO ][2016-02-04 20:07:33,914][com.java.TestType] [  498] - 1
[INFO ][2016-02-04 20:07:33,914][com.java.TestType] [  493] -  str(2) = 10
[INFO ][2016-02-04 20:07:33,915][com.java.TestType] [  493] -  str(1) = 1
[INFO ][2016-02-04 20:07:33,915][com.java.TestType] [  496] - Test case Id is---1
[INFO ][2016-02-04 20:07:33,915][com.java.TestType] [  498] - 1
[INFO ][2016-02-04 20:07:33,915][com.java.TestType] [  493] -  str(2) = 11
[INFO ][2016-02-04 20:07:33,916][com.java.TestType] [  493] -  str(1) = 1
[INFO ][2016-02-04 20:07:33,916][com.java.TestType] [  496] - Test case Id is---1
[INFO ][2016-02-04 20:07:33,916][com.java.TestType] [  498] - 1
[INFO ][2016-02-04 20:07:33,916][com.java.TestType] [  493] -  str(2) = 12
[INFO ][2016-02-04 20:07:33,917][com.java.TestType] [  493] -  str(1) = 1
[INFO ][2016-02-04 20:07:33,917][com.java.TestType] [  496] - Test case Id is---1
[INFO ][2016-02-04 20:07:33,917][com.java.TestType] [  498] - 1
[INFO ][2016-02-04 20:07:33,917][com.java.TestType] [  493] -  str(2) = 13
[INFO ][2016-02-04 20:07:33,919][com.java.TestType] [  493] -  str(1) = 1
[INFO ][2016-02-04 20:07:33,920][com.java.TestType] [  496] - Test case Id is---1
[INFO ][2016-02-04 20:07:33,920][com.java.TestType] [  498] - 1
[INFO ][2016-02-04 20:07:33,920][com.java.TestType] [  493] -  str(2) = 14
[INFO ][2016-02-04 20:07:33,921][com.java.TestType] [  493] -  str(1) = 1
[INFO ][2016-02-04 20:07:33,921][com.java.TestType] [  496] - Test case Id is---1
[INFO ][2016-02-04 20:07:33,921][com.java.TestType] [  498] - 1
[INFO ][2016-02-04 20:07:33,921][com.java.TestType] [  493] -  str(2) = 15
[INFO ][2016-02-04 20:07:33,922][com.java.TestType] [  493] -  str(1) = 1
[INFO ][2016-02-04 20:07:33,922][com.java.TestType] [  496] - Test case Id is---1
[INFO ][2016-02-04 20:07:33,922][com.java.TestType] [  498] - 1
[INFO ][2016-02-04 20:07:33,922][com.java.TestType] [  493] -  str(2) = 16
[INFO ][2016-02-04 20:07:33,923][com.java.TestType] [12069] - Looping 1TCID = 1
[DEBUG][2016-02-04 20:07:33,923][com.java.TestType] [12110] - Concept ID:1 :: Step being Executed: 1::1
[INFO ][2016-02-04 20:07:33,923][com.java.TestType] [12148] - dataFields : TXTusername
[DEBUG][2016-02-04 20:07:33,923][com.java.TestType] [12154] - <In Set values of the page>
[DEBUG][2016-02-04 20:07:33,923][com.java.TestType] [12159] - {Data Fields & Data Values Exist}
[INFO ][2016-02-04 20:07:33,923][com.java.TestType] [12165] - --------------------------setting values-----------------------------
[INFO ][2016-02-04 20:07:33,923][com.java.TestType] [12168] - Action Type : CLEARANDENTER
[INFO ][2016-02-04 20:07:36,232][com.java.TestType] [ 6727] - value = valuelabs.ie10.33527
[INFO ][2016-02-04 20:07:38,628][com.java.TestType] [12187] -  RESULT true
[INFO ][2016-02-04 20:07:38,628][com.java.TestType] [12304] - ?   P A S S   ?
[DEBUG][2016-02-04 20:07:38,628][com.java.TestType] [12110] - Concept ID:1 :: Step being Executed: 1::2
[INFO ][2016-02-04 20:07:38,628][com.java.TestType] [12148] - dataFields : TXTpassword
[DEBUG][2016-02-04 20:07:38,628][com.java.TestType] [12154] - <In Set values of the page>
[DEBUG][2016-02-04 20:07:38,629][com.java.TestType] [12159] - {Data Fields & Data Values Exist}
[INFO ][2016-02-04 20:07:38,630][com.java.TestType] [12165] - --------------------------setting values-----------------------------
[INFO ][2016-02-04 20:07:38,630][com.java.TestType] [12168] - Action Type : CLEARANDENTER
[INFO ][2016-02-04 20:07:42,978][com.java.TestType] [ 6727] - value = Password1*
[INFO ][2016-02-04 20:07:45,502][com.java.TestType] [12187] -  RESULT true
[INFO ][2016-02-04 20:07:45,502][com.java.TestType] [12304] - ?   P A S S   ?
[DEBUG][2016-02-04 20:07:45,502][com.java.TestType] [12110] - Concept ID:1 :: Step being Executed: 1::3
[ERROR][2016-02-04 20:07:45,503][com.java.TestType] [12143] - Exception: null
[INFO ][2016-02-04 20:07:45,503][com.java.TestType] [12148] - dataFields : XPH//button[@type='submit']
[DEBUG][2016-02-04 20:07:45,503][com.java.TestType] [12154] - <In Set values of the page>
[DEBUG][2016-02-04 20:07:45,503][com.java.TestType] [12159] - {Data Fields & Data Values Exist}
[INFO ][2016-02-04 20:07:45,503][com.java.TestType] [12165] - --------------------------setting values-----------------------------
[INFO ][2016-02-04 20:07:45,503][com.java.TestType] [12168] - Action Type : Click
[INFO ][2016-02-04 20:07:45,503][com.java.TestType] [ 7106] - Field ::XPH//button[@type='submit']
[INFO ][2016-02-04 20:07:45,503][com.java.TestType] [ 6727] - value = 
[INFO ][2016-02-04 20:07:46,503][com.java.TestType] [ 7279] - BEFORE CLICK
[INFO ][2016-02-04 20:07:50,071][com.java.TestType] [ 7287] - Unable to click the object Login
[INFO ][2016-02-04 20:07:50,071][com.java.TestType] [12187] -  RESULT true
[INFO ][2016-02-04 20:07:50,071][com.java.TestType] [12304] - ?   P A S S   ?
[DEBUG][2016-02-04 20:07:50,071][com.java.TestType] [12110] - Concept ID:1 :: Step being Executed: 1::4
[INFO ][2016-02-04 20:07:50,071][com.java.TestType] [12148] - dataFields : LNKLogout
[DEBUG][2016-02-04 20:07:50,071][com.java.TestType] [12154] - <In Set values of the page>
[DEBUG][2016-02-04 20:07:50,071][com.java.TestType] [12159] - {Data Fields & Data Values Exist}
[INFO ][2016-02-04 20:07:50,071][com.java.TestType] [12165] - --------------------------setting values-----------------------------
[INFO ][2016-02-04 20:07:50,071][com.java.TestType] [12168] - Action Type : WaitForElement
[INFO ][2016-02-04 20:07:50,109][com.java.TestType] [12187] -  RESULT true
[INFO ][2016-02-04 20:07:50,109][com.java.TestType] [12304] - ?   P A S S   ?
[DEBUG][2016-02-04 20:07:50,109][com.java.TestType] [12110] - Concept ID:1 :: Step being Executed: 1::15
[INFO ][2016-02-04 20:07:50,109][com.java.TestType] [12148] - dataFields : LNK
[DEBUG][2016-02-04 20:07:50,109][com.java.TestType] [12154] - <In Set values of the page>
[DEBUG][2016-02-04 20:07:50,110][com.java.TestType] [12159] - {Data Fields & Data Values Exist}
[INFO ][2016-02-04 20:07:50,110][com.java.TestType] [12165] - --------------------------setting values-----------------------------
[INFO ][2016-02-04 20:07:50,110][com.java.TestType] [12168] - Action Type : Verify
[INFO ][2016-02-04 20:07:50,110][com.java.TestType] [ 8335] - field= LNK value= Logout
[INFO ][2016-02-04 20:07:50,111][com.java.TestType] [ 6727] - value = Logout
[INFO ][2016-02-04 20:07:50,148][com.java.TestType] [12187] -  RESULT true
[INFO ][2016-02-04 20:07:50,148][com.java.TestType] [12304] - ?   P A S S   ?
[DEBUG][2016-02-04 20:07:50,148][com.java.TestType] [12110] - Concept ID:1 :: Step being Executed: 1::16
[INFO ][2016-02-04 20:07:50,149][com.java.TestType] [12148] - dataFields : BTN
[DEBUG][2016-02-04 20:07:50,149][com.java.TestType] [12154] - <In Set values of the page>
[DEBUG][2016-02-04 20:07:50,149][com.java.TestType] [12159] - {Data Fields & Data Values Exist}
[INFO ][2016-02-04 20:07:50,149][com.java.TestType] [12165] - --------------------------setting values-----------------------------
[INFO ][2016-02-04 20:07:50,149][com.java.TestType] [12168] - Action Type : Verify
[INFO ][2016-02-04 20:07:50,149][com.java.TestType] [ 8335] - field= BTN value= //img[contains(@src,'bdlogo.jpg')]
[INFO ][2016-02-04 20:07:50,149][com.java.TestType] [ 6727] - value = //img[contains(@src,'bdlogo.jpg')]
[INFO ][2016-02-04 20:07:50,321][com.java.TestType] [12187] -  RESULT true
[INFO ][2016-02-04 20:07:50,321][com.java.TestType] [12304] - ?   P A S S   ?
[INFO ][2016-02-04 20:07:50,322][com.java.TestType] [12375] - Looping End......
[INFO ][2016-02-04 20:07:50,323][com.java.SeleniumDriver] [  930] -  RESULT true
[INFO ][2016-02-04 20:07:50,324][com.java.SeleniumDriver] [ 1136] - ?   P A S S   ?
[INFO ][2016-02-04 20:07:50,324][com.java.SeleniumDriver] [  856] - ------------------------------------------
[INFO ][2016-02-04 20:07:50,324][com.java.SeleniumDriver] [  857] - Test case being Executed: 1
[INFO ][2016-02-04 20:07:50,324][com.java.SeleniumDriver] [  869] - Test step:2
[INFO ][2016-02-04 20:07:50,324][com.java.SeleniumDriver] [  881] - Datavalue is----------Concept#2:1-2
[INFO ][2016-02-04 20:07:50,324][com.java.SeleniumDriver] [  905] - DataField : test
[INFO ][2016-02-04 20:07:50,324][com.java.SeleniumDriver] [  907] - DataValue : Concept#2:1-2
[INFO ][2016-02-04 20:07:50,324][com.java.SeleniumDriver] [  913] - <In Set values of the page>
[INFO ][2016-02-04 20:07:50,324][com.java.SeleniumDriver] [  916] - {Data Fields & Data Values Exist}
[INFO ][2016-02-04 20:07:50,324][com.java.SeleniumDriver] [  918] - --------------------------setting values-----------------------------
[INFO ][2016-02-04 20:07:50,324][com.java.SeleniumDriver] [  921] - Action Type : ExecuteTestCase
[INFO ][2016-02-04 20:07:50,325][com.java.TestType] [  448] - The Concept sheet name is ---------- Concept
[INFO ][2016-02-04 20:07:50,325][com.java.TestType] [  451] - The Concept ID  is ---------- 2
[DEBUG][2016-02-04 20:07:50,325][com.java.TestType] [  455] - Steps being executted in the Concept are: 1:2
[INFO ][2016-02-04 20:07:50,325][com.java.TestType] [  462] - Test data details path ---------- D:\BankersDashboard\TestInputs\TestData.xls
[INFO ][2016-02-04 20:07:50,342][com.java.TestType] [  493] -  str(1) = 2
[INFO ][2016-02-04 20:07:50,342][com.java.TestType] [  496] - Test case Id is---2
[INFO ][2016-02-04 20:07:50,342][com.java.TestType] [  498] - 2
[INFO ][2016-02-04 20:07:50,342][com.java.TestType] [  493] -  str(2) = 1
[INFO ][2016-02-04 20:07:50,344][com.java.TestType] [  493] -  str(1) = 2
[INFO ][2016-02-04 20:07:50,344][com.java.TestType] [  496] - Test case Id is---2
[INFO ][2016-02-04 20:07:50,344][com.java.TestType] [  498] - 2
[INFO ][2016-02-04 20:07:50,344][com.java.TestType] [  493] -  str(2) = 2
[INFO ][2016-02-04 20:07:50,345][com.java.TestType] [  493] -  str(1) = 2
[INFO ][2016-02-04 20:07:50,345][com.java.TestType] [  496] - Test case Id is---2
[INFO ][2016-02-04 20:07:50,345][com.java.TestType] [  498] - 2
[INFO ][2016-02-04 20:07:50,345][com.java.TestType] [  493] -  str(2) = 3
[INFO ][2016-02-04 20:07:50,346][com.java.TestType] [12069] - Looping 1TCID = 2
[DEBUG][2016-02-04 20:07:50,346][com.java.TestType] [12110] - Concept ID:2 :: Step being Executed: 2::1
[INFO ][2016-02-04 20:07:50,346][com.java.TestType] [12148] - dataFields : BNK//select[@id='bank']
[DEBUG][2016-02-04 20:07:50,346][com.java.TestType] [12154] - <In Set values of the page>
[DEBUG][2016-02-04 20:07:50,346][com.java.TestType] [12159] - {Data Fields & Data Values Exist}
[INFO ][2016-02-04 20:07:50,346][com.java.TestType] [12165] - --------------------------setting values-----------------------------
[INFO ][2016-02-04 20:07:50,346][com.java.TestType] [12168] - Action Type : Select
[INFO ][2016-02-04 20:07:50,347][com.java.TestType] [ 6727] - value = PFC
[INFO ][2016-02-04 20:07:50,563][com.java.TestType] [12187] -  RESULT true
[INFO ][2016-02-04 20:07:50,563][com.java.TestType] [12304] - ?   P A S S   ?
[DEBUG][2016-02-04 20:07:50,563][com.java.TestType] [12110] - Concept ID:2 :: Step being Executed: 2::2
[INFO ][2016-02-04 20:07:50,563][com.java.TestType] [12148] - dataFields : LNKLogout
[DEBUG][2016-02-04 20:07:50,563][com.java.TestType] [12154] - <In Set values of the page>
[DEBUG][2016-02-04 20:07:50,563][com.java.TestType] [12159] - {Data Fields & Data Values Exist}
[INFO ][2016-02-04 20:07:50,564][com.java.TestType] [12165] - --------------------------setting values-----------------------------
[INFO ][2016-02-04 20:07:50,564][com.java.TestType] [12168] - Action Type : WaitTime
[DEBUG][2016-02-04 20:07:50,564][com.java.TestType] [ 6541] - sleepTime: 5000
[INFO ][2016-02-04 20:07:55,565][com.java.TestType] [12187] -  RESULT true
[INFO ][2016-02-04 20:07:55,565][com.java.TestType] [12304] - ?   P A S S   ?
[INFO ][2016-02-04 20:07:55,565][com.java.TestType] [12375] - Looping End......
[INFO ][2016-02-04 20:07:55,566][com.java.SeleniumDriver] [  930] -  RESULT true
[INFO ][2016-02-04 20:07:55,566][com.java.SeleniumDriver] [ 1136] - ?   P A S S   ?
[INFO ][2016-02-04 20:07:55,567][com.java.SeleniumDriver] [  856] - ------------------------------------------
[INFO ][2016-02-04 20:07:55,567][com.java.SeleniumDriver] [  857] - Test case being Executed: 1
[INFO ][2016-02-04 20:07:55,567][com.java.SeleniumDriver] [  869] - Test step:3
[INFO ][2016-02-04 20:07:55,567][com.java.SeleniumDriver] [  881] - Datavalue is----------2
[INFO ][2016-02-04 20:07:55,567][com.java.SeleniumDriver] [  905] - DataField : XPH//button[contains(text(),'Add Content')]
[INFO ][2016-02-04 20:07:55,567][com.java.SeleniumDriver] [  907] - DataValue : 2
[INFO ][2016-02-04 20:07:55,567][com.java.SeleniumDriver] [  913] - <In Set values of the page>
[INFO ][2016-02-04 20:07:55,567][com.java.SeleniumDriver] [  916] - {Data Fields & Data Values Exist}
[INFO ][2016-02-04 20:07:55,567][com.java.SeleniumDriver] [  918] - --------------------------setting values-----------------------------
[INFO ][2016-02-04 20:07:55,567][com.java.SeleniumDriver] [  921] - Action Type : WAITFORELEMENT
[INFO ][2016-02-04 20:07:55,643][com.java.SeleniumDriver] [  930] -  RESULT true
[INFO ][2016-02-04 20:07:55,643][com.java.SeleniumDriver] [ 1136] - ?   P A S S   ?
[DEBUG][2016-02-04 20:07:55,643][com.java.SeleniumDriver] [ 1248] - Case found
[DEBUG][2016-02-04 20:07:55,643][com.java.SeleniumDriver] [ 1253] - Incrementing ReportCounters[0]:1
[INFO ][2016-02-04 20:07:55,643][com.java.SeleniumDriver] [ 1272] - The results are-------------------[1, 1, Valid Login, Pass, , Thu Feb 04 20:07:50 IST 2016, 1, 2, Valid Login, Pass, , Thu Feb 04 20:07:55 IST 2016, 1, 3, Valid Login, Pass, , Thu Feb 04 20:07:55 IST 2016]
[INFO ][2016-02-04 20:07:55,645][com.java.SeleniumDriver] [ 1276] - End time is-------36 sec
[INFO ][2016-02-04 20:07:55,645][com.java.SeleniumDriver] [ 1277] - The results are-------------------[1, 1, Valid Login, Pass, , Thu Feb 04 20:07:50 IST 2016, 1, 2, Valid Login, Pass, , Thu Feb 04 20:07:55 IST 2016, 1, 3, Valid Login, Pass, , Thu Feb 04 20:07:55 IST 2016]
[DEBUG][2016-02-04 20:07:55,645][com.java.ImportnExport.ExportTestResultsExcel] [  222] - testResultPath = D:\BankersDashboard/TestReports/Test Results_BankersDashBoard_020416_200721_IE10_Bank of North Carolina.xls
[DEBUG][2016-02-04 20:07:55,645][com.java.ImportnExport.ExportTestResultsExcel] [  223] - browser is------------IE10
[DEBUG][2016-02-04 20:07:55,691][com.java.ImportnExport.ExportTestResultsExcel] [  270] - result.size() = 18
[DEBUG][2016-02-04 20:07:55,691][com.java.ImportnExport.ExportTestResultsExcel] [  274] - No of rows in sheet=1
[DEBUG][2016-02-04 20:07:55,691][com.java.ImportnExport.ExportTestResultsExcel] [  301] - ..in export..1
[DEBUG][2016-02-04 20:07:55,691][com.java.ImportnExport.ExportTestResultsExcel] [  301] - ..in export..Valid Login
[DEBUG][2016-02-04 20:07:55,691][com.java.ImportnExport.ExportTestResultsExcel] [  301] - ..in export..Pass
[DEBUG][2016-02-04 20:07:55,691][com.java.ImportnExport.ExportTestResultsExcel] [  301] - ..in export..
[DEBUG][2016-02-04 20:07:55,691][com.java.ImportnExport.ExportTestResultsExcel] [  301] - ..in export..Thu Feb 04 20:07:50 IST 2016
[INFO ][2016-02-04 20:07:55,693][com.java.SeleniumDriver] [ 1337] - out loop:0 size:3 TestCases:[1, 7, 9] testcases:[1, 7, 9]
[INFO ][2016-02-04 20:07:55,693][com.java.ImportnExport.ImportTestDataDetailsExcel] [   49] - test data details path===== D:\BankersDashboard\TestInputs\TestData.xls
[INFO ][2016-02-04 20:08:14,192][com.java.SeleniumDriver] [  856] - ------------------------------------------
[INFO ][2016-02-04 20:08:14,192][com.java.SeleniumDriver] [  857] - Test case being Executed: 7
[INFO ][2016-02-04 20:08:14,192][com.java.SeleniumDriver] [  869] - Test step:1
[INFO ][2016-02-04 20:08:14,192][com.java.SeleniumDriver] [  881] - Datavalue is----------Logout
[INFO ][2016-02-04 20:08:14,192][com.java.SeleniumDriver] [  905] - DataField : BTN
[INFO ][2016-02-04 20:08:14,192][com.java.SeleniumDriver] [  907] - DataValue : Logout
[INFO ][2016-02-04 20:08:14,192][com.java.SeleniumDriver] [  913] - <In Set values of the page>
[INFO ][2016-02-04 20:08:14,192][com.java.SeleniumDriver] [  916] - {Data Fields & Data Values Exist}
[INFO ][2016-02-04 20:08:14,192][com.java.SeleniumDriver] [  918] - --------------------------setting values-----------------------------
[INFO ][2016-02-04 20:08:14,192][com.java.SeleniumDriver] [  921] - Action Type : Verify
[INFO ][2016-02-04 20:08:14,192][com.java.TestType] [ 8335] - field= BTN value= Logout
[INFO ][2016-02-04 20:08:14,192][com.java.TestType] [ 6727] - value = Logout
[INFO ][2016-02-04 20:08:14,273][com.java.SeleniumDriver] [  930] -  RESULT true
[INFO ][2016-02-04 20:08:14,273][com.java.SeleniumDriver] [ 1136] - ?   P A S S   ?
[INFO ][2016-02-04 20:08:14,273][com.java.SeleniumDriver] [ 1178] - step change to 3
[INFO ][2016-02-04 20:08:14,273][com.java.SeleniumDriver] [  856] - ------------------------------------------
[INFO ][2016-02-04 20:08:14,274][com.java.SeleniumDriver] [  857] - Test case being Executed: 7
[INFO ][2016-02-04 20:08:14,274][com.java.SeleniumDriver] [  869] - Test step:3
[INFO ][2016-02-04 20:08:14,274][com.java.SeleniumDriver] [  881] - Datavalue is----------Concept#2:1-2
[INFO ][2016-02-04 20:08:14,274][com.java.SeleniumDriver] [  905] - DataField : test
[INFO ][2016-02-04 20:08:14,274][com.java.SeleniumDriver] [  907] - DataValue : Concept#2:1-2
[INFO ][2016-02-04 20:08:14,274][com.java.SeleniumDriver] [  913] - <In Set values of the page>
[INFO ][2016-02-04 20:08:14,276][com.java.SeleniumDriver] [  916] - {Data Fields & Data Values Exist}
[INFO ][2016-02-04 20:08:14,276][com.java.SeleniumDriver] [  918] - --------------------------setting values-----------------------------
[INFO ][2016-02-04 20:08:14,276][com.java.SeleniumDriver] [  921] - Action Type : ExecuteTestCase
[INFO ][2016-02-04 20:08:14,276][com.java.TestType] [  448] - The Concept sheet name is ---------- Concept
[INFO ][2016-02-04 20:08:14,276][com.java.TestType] [  451] - The Concept ID  is ---------- 2
[DEBUG][2016-02-04 20:08:14,276][com.java.TestType] [  455] - Steps being executted in the Concept are: 1:2
[INFO ][2016-02-04 20:08:14,276][com.java.TestType] [  462] - Test data details path ---------- D:\BankersDashboard\TestInputs\TestData.xls
[INFO ][2016-02-04 20:08:14,293][com.java.TestType] [  493] -  str(1) = 2
[INFO ][2016-02-04 20:08:14,293][com.java.TestType] [  496] - Test case Id is---2
[INFO ][2016-02-04 20:08:14,293][com.java.TestType] [  498] - 2
[INFO ][2016-02-04 20:08:14,293][com.java.TestType] [  493] -  str(2) = 1
[INFO ][2016-02-04 20:08:14,295][com.java.TestType] [  493] -  str(1) = 2
[INFO ][2016-02-04 20:08:14,295][com.java.TestType] [  496] - Test case Id is---2
[INFO ][2016-02-04 20:08:14,295][com.java.TestType] [  498] - 2
[INFO ][2016-02-04 20:08:14,295][com.java.TestType] [  493] -  str(2) = 2
[INFO ][2016-02-04 20:08:14,295][com.java.TestType] [  493] -  str(1) = 2
[INFO ][2016-02-04 20:08:14,295][com.java.TestType] [  496] - Test case Id is---2
[INFO ][2016-02-04 20:08:14,296][com.java.TestType] [  498] - 2
[INFO ][2016-02-04 20:08:14,296][com.java.TestType] [  493] -  str(2) = 3
[INFO ][2016-02-04 20:08:14,296][com.java.TestType] [12069] - Looping 1TCID = 2
[DEBUG][2016-02-04 20:08:14,296][com.java.TestType] [12110] - Concept ID:2 :: Step being Executed: 2::1
[INFO ][2016-02-04 20:08:14,296][com.java.TestType] [12148] - dataFields : BNK//select[@id='bank']
[DEBUG][2016-02-04 20:08:14,297][com.java.TestType] [12154] - <In Set values of the page>
[DEBUG][2016-02-04 20:08:14,297][com.java.TestType] [12159] - {Data Fields & Data Values Exist}
[INFO ][2016-02-04 20:08:14,297][com.java.TestType] [12165] - --------------------------setting values-----------------------------
[INFO ][2016-02-04 20:08:14,297][com.java.TestType] [12168] - Action Type : Select
[INFO ][2016-02-04 20:08:14,297][com.java.TestType] [ 6727] - value = PFC
[INFO ][2016-02-04 20:08:14,528][com.java.TestType] [12187] -  RESULT true
[INFO ][2016-02-04 20:08:14,528][com.java.TestType] [12304] - ?   P A S S   ?
[DEBUG][2016-02-04 20:08:14,528][com.java.TestType] [12110] - Concept ID:2 :: Step being Executed: 2::2
[INFO ][2016-02-04 20:08:14,528][com.java.TestType] [12148] - dataFields : LNKLogout
[DEBUG][2016-02-04 20:08:14,529][com.java.TestType] [12154] - <In Set values of the page>
[DEBUG][2016-02-04 20:08:14,529][com.java.TestType] [12159] - {Data Fields & Data Values Exist}
[INFO ][2016-02-04 20:08:14,529][com.java.TestType] [12165] - --------------------------setting values-----------------------------
[INFO ][2016-02-04 20:08:14,529][com.java.TestType] [12168] - Action Type : WaitTime
[DEBUG][2016-02-04 20:08:14,529][com.java.TestType] [ 6541] - sleepTime: 5000
[INFO ][2016-02-04 20:08:19,529][com.java.TestType] [12187] -  RESULT true
[INFO ][2016-02-04 20:08:19,529][com.java.TestType] [12304] - ?   P A S S   ?
[INFO ][2016-02-04 20:08:19,529][com.java.TestType] [12375] - Looping End......
[INFO ][2016-02-04 20:08:19,530][com.java.SeleniumDriver] [  930] -  RESULT true
[INFO ][2016-02-04 20:08:19,530][com.java.SeleniumDriver] [ 1136] - ?   P A S S   ?
[INFO ][2016-02-04 20:08:19,531][com.java.SeleniumDriver] [  856] - ------------------------------------------
[INFO ][2016-02-04 20:08:19,531][com.java.SeleniumDriver] [  857] - Test case being Executed: 7
[INFO ][2016-02-04 20:08:19,531][com.java.SeleniumDriver] [  869] - Test step:4
[INFO ][2016-02-04 20:08:19,531][com.java.SeleniumDriver] [  881] - Datavalue is----------2
[INFO ][2016-02-04 20:08:19,531][com.java.SeleniumDriver] [  905] - DataField : XPH//span[@class='icon-compass']
[INFO ][2016-02-04 20:08:19,531][com.java.SeleniumDriver] [  907] - DataValue : 2
[INFO ][2016-02-04 20:08:19,531][com.java.SeleniumDriver] [  913] - <In Set values of the page>
[INFO ][2016-02-04 20:08:19,531][com.java.SeleniumDriver] [  916] - {Data Fields & Data Values Exist}
[INFO ][2016-02-04 20:08:19,531][com.java.SeleniumDriver] [  918] - --------------------------setting values-----------------------------
[INFO ][2016-02-04 20:08:19,531][com.java.SeleniumDriver] [  921] - Action Type : WaitForElement
[INFO ][2016-02-04 20:08:19,567][com.java.SeleniumDriver] [  930] -  RESULT true
[INFO ][2016-02-04 20:08:19,567][com.java.SeleniumDriver] [ 1136] - ?   P A S S   ?
[INFO ][2016-02-04 20:08:19,567][com.java.SeleniumDriver] [  856] - ------------------------------------------
[INFO ][2016-02-04 20:08:19,567][com.java.SeleniumDriver] [  857] - Test case being Executed: 7
[INFO ][2016-02-04 20:08:19,567][com.java.SeleniumDriver] [  869] - Test step:5
[INFO ][2016-02-04 20:08:19,567][com.java.SeleniumDriver] [  881] - Datavalue is----------2
[INFO ][2016-02-04 20:08:19,568][com.java.SeleniumDriver] [  905] - DataField : XPH//button[contains(@class,'menu-item handle')]
[INFO ][2016-02-04 20:08:19,568][com.java.SeleniumDriver] [  907] - DataValue : 2
[INFO ][2016-02-04 20:08:19,568][com.java.SeleniumDriver] [  913] - <In Set values of the page>
[INFO ][2016-02-04 20:08:19,568][com.java.SeleniumDriver] [  916] - {Data Fields & Data Values Exist}
[INFO ][2016-02-04 20:08:19,568][com.java.SeleniumDriver] [  918] - --------------------------setting values-----------------------------
[INFO ][2016-02-04 20:08:19,568][com.java.SeleniumDriver] [  921] - Action Type : WaitForElement
[INFO ][2016-02-04 20:08:19,604][com.java.SeleniumDriver] [  930] -  RESULT true
[INFO ][2016-02-04 20:08:19,604][com.java.SeleniumDriver] [ 1136] - ?   P A S S   ?
[INFO ][2016-02-04 20:08:19,604][com.java.SeleniumDriver] [  856] - ------------------------------------------
[INFO ][2016-02-04 20:08:19,604][com.java.SeleniumDriver] [  857] - Test case being Executed: 7
[INFO ][2016-02-04 20:08:19,604][com.java.SeleniumDriver] [  869] - Test step:6
[INFO ][2016-02-04 20:08:19,604][com.java.SeleniumDriver] [  881] - Datavalue is----------null
[DEBUG][2016-02-04 20:08:19,604][com.java.SeleniumDriver] [  899] - Exception: null
[INFO ][2016-02-04 20:08:19,605][com.java.SeleniumDriver] [  905] - DataField : XPH//button[contains(@class,'menu-item handle')]
[INFO ][2016-02-04 20:08:19,605][com.java.SeleniumDriver] [  907] - DataValue : 
[INFO ][2016-02-04 20:08:19,605][com.java.SeleniumDriver] [  913] - <In Set values of the page>
[INFO ][2016-02-04 20:08:19,605][com.java.SeleniumDriver] [  916] - {Data Fields & Data Values Exist}
[INFO ][2016-02-04 20:08:19,605][com.java.SeleniumDriver] [  918] - --------------------------setting values-----------------------------
[INFO ][2016-02-04 20:08:19,605][com.java.SeleniumDriver] [  921] - Action Type : Click
[INFO ][2016-02-04 20:08:19,605][com.java.TestType] [ 7106] - Field ::XPH//button[contains(@class,'menu-item handle')]
[INFO ][2016-02-04 20:08:19,605][com.java.TestType] [ 6727] - value = 
[INFO ][2016-02-04 20:08:20,605][com.java.TestType] [ 7279] - BEFORE CLICK
[INFO ][2016-02-04 20:08:21,835][com.java.TestType] [ 7287] - Unable to click the object Collapse Menu
[INFO ][2016-02-04 20:08:21,835][com.java.SeleniumDriver] [  930] -  RESULT true
[INFO ][2016-02-04 20:08:21,835][com.java.SeleniumDriver] [ 1136] - ?   P A S S   ?
[INFO ][2016-02-04 20:08:21,835][com.java.SeleniumDriver] [  856] - ------------------------------------------
[INFO ][2016-02-04 20:08:21,835][com.java.SeleniumDriver] [  857] - Test case being Executed: 7
[INFO ][2016-02-04 20:08:21,835][com.java.SeleniumDriver] [  869] - Test step:7
[INFO ][2016-02-04 20:08:21,835][com.java.SeleniumDriver] [  881] - Datavalue is----------null
[DEBUG][2016-02-04 20:08:21,835][com.java.SeleniumDriver] [  899] - Exception: null
[INFO ][2016-02-04 20:08:21,835][com.java.SeleniumDriver] [  905] - DataField : XPH//button[@id='menu-toggle']
[INFO ][2016-02-04 20:08:21,835][com.java.SeleniumDriver] [  907] - DataValue : 
[INFO ][2016-02-04 20:08:21,835][com.java.SeleniumDriver] [  913] - <In Set values of the page>
[INFO ][2016-02-04 20:08:21,836][com.java.SeleniumDriver] [  916] - {Data Fields & Data Values Exist}
[INFO ][2016-02-04 20:08:21,836][com.java.SeleniumDriver] [  918] - --------------------------setting values-----------------------------
[INFO ][2016-02-04 20:08:21,836][com.java.SeleniumDriver] [  921] - Action Type : Click
[INFO ][2016-02-04 20:08:21,836][com.java.TestType] [ 7106] - Field ::XPH//button[@id='menu-toggle']
[INFO ][2016-02-04 20:08:21,836][com.java.TestType] [ 6727] - value = 
[INFO ][2016-02-04 20:08:22,836][com.java.TestType] [ 7279] - BEFORE CLICK
[INFO ][2016-02-04 20:08:24,433][com.java.TestType] [ 7287] - Unable to click the object Hide left menu 
[INFO ][2016-02-04 20:08:24,433][com.java.SeleniumDriver] [  930] -  RESULT true
[INFO ][2016-02-04 20:08:24,433][com.java.SeleniumDriver] [ 1136] - ?   P A S S   ?
[INFO ][2016-02-04 20:08:24,433][com.java.SeleniumDriver] [  856] - ------------------------------------------
[INFO ][2016-02-04 20:08:24,433][com.java.SeleniumDriver] [  857] - Test case being Executed: 7
[INFO ][2016-02-04 20:08:24,433][com.java.SeleniumDriver] [  869] - Test step:8
[INFO ][2016-02-04 20:08:24,433][com.java.SeleniumDriver] [  881] - Datavalue is----------null
[DEBUG][2016-02-04 20:08:24,433][com.java.SeleniumDriver] [  899] - Exception: null
[INFO ][2016-02-04 20:08:24,433][com.java.SeleniumDriver] [  905] - DataField : XPH//button[@id='menu-toggle']
[INFO ][2016-02-04 20:08:24,433][com.java.SeleniumDriver] [  907] - DataValue : 
[INFO ][2016-02-04 20:08:24,433][com.java.SeleniumDriver] [  913] - <In Set values of the page>
[INFO ][2016-02-04 20:08:24,434][com.java.SeleniumDriver] [  916] - {Data Fields & Data Values Exist}
[INFO ][2016-02-04 20:08:24,434][com.java.SeleniumDriver] [  918] - --------------------------setting values-----------------------------
[INFO ][2016-02-04 20:08:24,434][com.java.SeleniumDriver] [  921] - Action Type : Click
[INFO ][2016-02-04 20:08:24,434][com.java.TestType] [ 7106] - Field ::XPH//button[@id='menu-toggle']
[INFO ][2016-02-04 20:08:24,434][com.java.TestType] [ 6727] - value = 
[INFO ][2016-02-04 20:08:25,435][com.java.TestType] [ 7279] - BEFORE CLICK
[INFO ][2016-02-04 20:08:26,846][com.java.TestType] [ 7287] - Unable to click the object Hide left menu 
[INFO ][2016-02-04 20:08:26,846][com.java.SeleniumDriver] [  930] -  RESULT true
[INFO ][2016-02-04 20:08:26,846][com.java.SeleniumDriver] [ 1136] - ?   P A S S   ?
[INFO ][2016-02-04 20:08:26,846][com.java.SeleniumDriver] [  856] - ------------------------------------------
[INFO ][2016-02-04 20:08:26,846][com.java.SeleniumDriver] [  857] - Test case being Executed: 7
[INFO ][2016-02-04 20:08:26,846][com.java.SeleniumDriver] [  869] - Test step:9
[INFO ][2016-02-04 20:08:26,846][com.java.SeleniumDriver] [  881] - Datavalue is----------null
[DEBUG][2016-02-04 20:08:26,846][com.java.SeleniumDriver] [  899] - Exception: null
[INFO ][2016-02-04 20:08:26,846][com.java.SeleniumDriver] [  905] - DataField : XPH//button[@class='menu-item handle']
[INFO ][2016-02-04 20:08:26,846][com.java.SeleniumDriver] [  907] - DataValue : 
[INFO ][2016-02-04 20:08:26,846][com.java.SeleniumDriver] [  913] - <In Set values of the page>
[INFO ][2016-02-04 20:08:26,846][com.java.SeleniumDriver] [  916] - {Data Fields & Data Values Exist}
[INFO ][2016-02-04 20:08:26,847][com.java.SeleniumDriver] [  918] - --------------------------setting values-----------------------------
[INFO ][2016-02-04 20:08:26,847][com.java.SeleniumDriver] [  921] - Action Type : Click
[INFO ][2016-02-04 20:08:26,847][com.java.TestType] [ 7106] - Field ::XPH//button[@class='menu-item handle']
[INFO ][2016-02-04 20:08:26,847][com.java.TestType] [ 6727] - value = 
[INFO ][2016-02-04 20:08:27,847][com.java.TestType] [ 7279] - BEFORE CLICK
[INFO ][2016-02-04 20:08:28,945][com.java.TestType] [ 7287] - Unable to click the object Expand menu
[INFO ][2016-02-04 20:08:28,945][com.java.SeleniumDriver] [  930] -  RESULT true
[INFO ][2016-02-04 20:08:28,945][com.java.SeleniumDriver] [ 1136] - ?   P A S S   ?
[INFO ][2016-02-04 20:08:28,945][com.java.SeleniumDriver] [  856] - ------------------------------------------
[INFO ][2016-02-04 20:08:28,945][com.java.SeleniumDriver] [  857] - Test case being Executed: 7
[INFO ][2016-02-04 20:08:28,945][com.java.SeleniumDriver] [  869] - Test step:10
[INFO ][2016-02-04 20:08:28,945][com.java.SeleniumDriver] [  881] - Datavalue is----------2
[INFO ][2016-02-04 20:08:28,945][com.java.SeleniumDriver] [  905] - DataField : XPH//span[contains(@class,'glyphicon glyphicon-bell')]
[INFO ][2016-02-04 20:08:28,945][com.java.SeleniumDriver] [  907] - DataValue : 2
[INFO ][2016-02-04 20:08:28,945][com.java.SeleniumDriver] [  913] - <In Set values of the page>
[INFO ][2016-02-04 20:08:28,945][com.java.SeleniumDriver] [  916] - {Data Fields & Data Values Exist}
[INFO ][2016-02-04 20:08:28,945][com.java.SeleniumDriver] [  918] - --------------------------setting values-----------------------------
[INFO ][2016-02-04 20:08:28,945][com.java.SeleniumDriver] [  921] - Action Type : WaitForElement
[INFO ][2016-02-04 20:08:29,021][com.java.SeleniumDriver] [  930] -  RESULT true
[INFO ][2016-02-04 20:08:29,021][com.java.SeleniumDriver] [ 1136] - ?   P A S S   ?
[INFO ][2016-02-04 20:08:29,021][com.java.SeleniumDriver] [  856] - ------------------------------------------
[INFO ][2016-02-04 20:08:29,021][com.java.SeleniumDriver] [  857] - Test case being Executed: 7
[INFO ][2016-02-04 20:08:29,022][com.java.SeleniumDriver] [  869] - Test step:11
[INFO ][2016-02-04 20:08:29,022][com.java.SeleniumDriver] [  881] - Datavalue is----------null
[DEBUG][2016-02-04 20:08:29,022][com.java.SeleniumDriver] [  899] - Exception: null
[INFO ][2016-02-04 20:08:29,022][com.java.SeleniumDriver] [  905] - DataField : XPH//span[contains(@class,'glyphicon glyphicon-bell')]
[INFO ][2016-02-04 20:08:29,022][com.java.SeleniumDriver] [  907] - DataValue : 
[INFO ][2016-02-04 20:08:29,022][com.java.SeleniumDriver] [  913] - <In Set values of the page>
[INFO ][2016-02-04 20:08:29,022][com.java.SeleniumDriver] [  916] - {Data Fields & Data Values Exist}
[INFO ][2016-02-04 20:08:29,022][com.java.SeleniumDriver] [  918] - --------------------------setting values-----------------------------
[INFO ][2016-02-04 20:08:29,022][com.java.SeleniumDriver] [  921] - Action Type : Click
[INFO ][2016-02-04 20:08:29,022][com.java.TestType] [ 7106] - Field ::XPH//span[contains(@class,'glyphicon glyphicon-bell')]
[INFO ][2016-02-04 20:08:29,024][com.java.TestType] [ 6727] - value = 
[INFO ][2016-02-04 20:08:30,024][com.java.TestType] [ 7279] - BEFORE CLICK
[INFO ][2016-02-04 20:08:31,238][com.java.TestType] [ 7287] - Unable to click the object Bell Icon
[INFO ][2016-02-04 20:08:31,238][com.java.SeleniumDriver] [  930] -  RESULT true
[INFO ][2016-02-04 20:08:31,238][com.java.SeleniumDriver] [ 1136] - ?   P A S S   ?
[INFO ][2016-02-04 20:08:31,238][com.java.SeleniumDriver] [  856] - ------------------------------------------
[INFO ][2016-02-04 20:08:31,238][com.java.SeleniumDriver] [  857] - Test case being Executed: 7
[WARN ][2016-02-04 20:08:31,238][com.java.SeleniumDriver] [  861] - -----------------------Step Skipped:: 	TestCaseNo:  7	 StepNo: 12  	::	Action Type:  Click 	::		ClientName In TestData:  "SKIP" 	::	ClientName in config:  "Bank of North Carolina"-----------------------------
[INFO ][2016-02-04 20:08:31,238][com.java.SeleniumDriver] [  856] - ------------------------------------------
[INFO ][2016-02-04 20:08:31,238][com.java.SeleniumDriver] [  857] - Test case being Executed: 7
[INFO ][2016-02-04 20:08:31,238][com.java.SeleniumDriver] [  869] - Test step:13
[INFO ][2016-02-04 20:08:31,238][com.java.SeleniumDriver] [  881] - Datavalue is----------null
[DEBUG][2016-02-04 20:08:31,238][com.java.SeleniumDriver] [  899] - Exception: null
[INFO ][2016-02-04 20:08:31,239][com.java.SeleniumDriver] [  905] - DataField : XPH//div[@class='panel panel-default ng-scope'][2]//span[@class='glyphicon glyphicon-play']
[INFO ][2016-02-04 20:08:31,239][com.java.SeleniumDriver] [  907] - DataValue : 
[INFO ][2016-02-04 20:08:31,239][com.java.SeleniumDriver] [  913] - <In Set values of the page>
[INFO ][2016-02-04 20:08:31,239][com.java.SeleniumDriver] [  916] - {Data Fields & Data Values Exist}
[INFO ][2016-02-04 20:08:31,239][com.java.SeleniumDriver] [  918] - --------------------------setting values-----------------------------
[INFO ][2016-02-04 20:08:31,239][com.java.SeleniumDriver] [  921] - Action Type : Click
[INFO ][2016-02-04 20:08:31,239][com.java.TestType] [ 7106] - Field ::XPH//div[@class='panel panel-default ng-scope'][2]//span[@class='glyphicon glyphicon-play']
[INFO ][2016-02-04 20:08:31,239][com.java.TestType] [ 6727] - value = 
[INFO ][2016-02-04 20:08:32,240][com.java.TestType] [ 7279] - BEFORE CLICK
[INFO ][2016-02-04 20:08:33,223][com.java.TestType] [ 7287] - Unable to click the object Click BS triangle
[INFO ][2016-02-04 20:08:33,223][com.java.SeleniumDriver] [  930] -  RESULT true
[INFO ][2016-02-04 20:08:33,223][com.java.SeleniumDriver] [ 1136] - ?   P A S S   ?
[INFO ][2016-02-04 20:08:33,223][com.java.SeleniumDriver] [  856] - ------------------------------------------
[INFO ][2016-02-04 20:08:33,223][com.java.SeleniumDriver] [  857] - Test case being Executed: 7
[INFO ][2016-02-04 20:08:33,223][com.java.SeleniumDriver] [  869] - Test step:14
[INFO ][2016-02-04 20:08:33,223][com.java.SeleniumDriver] [  881] - Datavalue is----------null
[DEBUG][2016-02-04 20:08:33,223][com.java.SeleniumDriver] [  899] - Exception: null
[INFO ][2016-02-04 20:08:33,223][com.java.SeleniumDriver] [  905] - DataField : XPH//div[@class='panel panel-default ng-scope'][2]//span[@class='glyphicon glyphicon-play down']
[INFO ][2016-02-04 20:08:33,223][com.java.SeleniumDriver] [  907] - DataValue : 
[INFO ][2016-02-04 20:08:33,224][com.java.SeleniumDriver] [  913] - <In Set values of the page>
[INFO ][2016-02-04 20:08:33,224][com.java.SeleniumDriver] [  916] - {Data Fields & Data Values Exist}
[INFO ][2016-02-04 20:08:33,224][com.java.SeleniumDriver] [  918] - --------------------------setting values-----------------------------
[INFO ][2016-02-04 20:08:33,224][com.java.SeleniumDriver] [  921] - Action Type : Click
[INFO ][2016-02-04 20:08:33,224][com.java.TestType] [ 7106] - Field ::XPH//div[@class='panel panel-default ng-scope'][2]//span[@class='glyphicon glyphicon-play down']
[INFO ][2016-02-04 20:08:33,225][com.java.TestType] [ 6727] - value = 
[INFO ][2016-02-04 20:08:34,225][com.java.TestType] [ 7279] - BEFORE CLICK
[INFO ][2016-02-04 20:08:35,224][com.java.TestType] [ 7287] - Unable to click the object Click BS triangle
[INFO ][2016-02-04 20:08:35,224][com.java.SeleniumDriver] [  930] -  RESULT true
[INFO ][2016-02-04 20:08:35,224][com.java.SeleniumDriver] [ 1136] - ?   P A S S   ?
[INFO ][2016-02-04 20:08:35,224][com.java.SeleniumDriver] [  856] - ------------------------------------------
[INFO ][2016-02-04 20:08:35,224][com.java.SeleniumDriver] [  857] - Test case being Executed: 7
[INFO ][2016-02-04 20:08:35,224][com.java.SeleniumDriver] [  869] - Test step:15
[INFO ][2016-02-04 20:08:35,224][com.java.SeleniumDriver] [  881] - Datavalue is----------//div[@id='isAlertsHeading']//span[@title='Show Report']
[INFO ][2016-02-04 20:08:35,224][com.java.SeleniumDriver] [  905] - DataField : BTN
[INFO ][2016-02-04 20:08:35,224][com.java.SeleniumDriver] [  907] - DataValue : //div[@id='isAlertsHeading']//span[@title='Show Report']
[INFO ][2016-02-04 20:08:35,224][com.java.SeleniumDriver] [  913] - <In Set values of the page>
[INFO ][2016-02-04 20:08:35,224][com.java.SeleniumDriver] [  916] - {Data Fields & Data Values Exist}
[INFO ][2016-02-04 20:08:35,224][com.java.SeleniumDriver] [  918] - --------------------------setting values-----------------------------
[INFO ][2016-02-04 20:08:35,224][com.java.SeleniumDriver] [  921] - Action Type : VERIFY
[INFO ][2016-02-04 20:08:35,225][com.java.TestType] [ 8335] - field= BTN value= //div[@id='isAlertsHeading']//span[@title='Show Report']
[INFO ][2016-02-04 20:08:35,225][com.java.TestType] [ 6727] - value = //div[@id='isAlertsHeading']//span[@title='Show Report']
[INFO ][2016-02-04 20:08:35,316][com.java.SeleniumDriver] [  930] -  RESULT true
[INFO ][2016-02-04 20:08:35,316][com.java.SeleniumDriver] [ 1136] - ?   P A S S   ?
[INFO ][2016-02-04 20:08:35,316][com.java.SeleniumDriver] [ 1173] - Continue next step...
[INFO ][2016-02-04 20:08:35,316][com.java.SeleniumDriver] [  856] - ------------------------------------------
[INFO ][2016-02-04 20:08:35,316][com.java.SeleniumDriver] [  857] - Test case being Executed: 7
[INFO ][2016-02-04 20:08:35,316][com.java.SeleniumDriver] [  869] - Test step:16
[INFO ][2016-02-04 20:08:35,317][com.java.SeleniumDriver] [  881] - Datavalue is----------numberofupdatesbeforerefreshing
[INFO ][2016-02-04 20:08:35,317][com.java.SeleniumDriver] [  905] - DataField : XPH//span[@class='badge ng-binding ng-scope']
[INFO ][2016-02-04 20:08:35,317][com.java.SeleniumDriver] [  907] - DataValue : numberofupdatesbeforerefreshing
[INFO ][2016-02-04 20:08:35,317][com.java.SeleniumDriver] [  913] - <In Set values of the page>
[INFO ][2016-02-04 20:08:35,317][com.java.SeleniumDriver] [  916] - {Data Fields & Data Values Exist}
[INFO ][2016-02-04 20:08:35,317][com.java.SeleniumDriver] [  918] - --------------------------setting values-----------------------------
[INFO ][2016-02-04 20:08:35,317][com.java.SeleniumDriver] [  921] - Action Type : storevalue
[INFO ][2016-02-04 20:08:35,317][com.java.TestType] [ 9834] - field= XPH//span[@class='badge ng-binding ng-scope']
[DEBUG][2016-02-04 20:08:35,434][com.java.TestType] [ 9889] - Key:: numberofupdatesbeforerefreshing   Value:: 402
[INFO ][2016-02-04 20:08:35,434][com.java.SeleniumDriver] [  930] -  RESULT true
[INFO ][2016-02-04 20:08:35,435][com.java.SeleniumDriver] [ 1136] - ?   P A S S   ?
[INFO ][2016-02-04 20:08:35,435][com.java.SeleniumDriver] [  856] - ------------------------------------------
[INFO ][2016-02-04 20:08:35,435][com.java.SeleniumDriver] [  857] - Test case being Executed: 7
[INFO ][2016-02-04 20:08:35,435][com.java.SeleniumDriver] [  869] - Test step:17
[INFO ][2016-02-04 20:08:35,435][com.java.SeleniumDriver] [  881] - Datavalue is----------2
[INFO ][2016-02-04 20:08:35,435][com.java.SeleniumDriver] [  905] - DataField : XPH//span[contains(text(), "Today's Alerts")]
[INFO ][2016-02-04 20:08:35,435][com.java.SeleniumDriver] [  907] - DataValue : 2
[INFO ][2016-02-04 20:08:35,435][com.java.SeleniumDriver] [  913] - <In Set values of the page>
[INFO ][2016-02-04 20:08:35,435][com.java.SeleniumDriver] [  916] - {Data Fields & Data Values Exist}
[INFO ][2016-02-04 20:08:35,435][com.java.SeleniumDriver] [  918] - --------------------------setting values-----------------------------
[INFO ][2016-02-04 20:08:35,435][com.java.SeleniumDriver] [  921] - Action Type : WaitForElement
[INFO ][2016-02-04 20:08:35,482][com.java.SeleniumDriver] [  930] -  RESULT true
[INFO ][2016-02-04 20:08:35,482][com.java.SeleniumDriver] [ 1136] - ?   P A S S   ?
[INFO ][2016-02-04 20:08:35,482][com.java.SeleniumDriver] [  856] - ------------------------------------------
[INFO ][2016-02-04 20:08:35,482][com.java.SeleniumDriver] [  857] - Test case being Executed: 7
[INFO ][2016-02-04 20:08:35,482][com.java.SeleniumDriver] [  869] - Test step:18
[INFO ][2016-02-04 20:08:35,482][com.java.SeleniumDriver] [  881] - Datavalue is----------Today's Alerts
[INFO ][2016-02-04 20:08:35,482][com.java.SeleniumDriver] [  905] - DataField : XPH//span[contains(text(), "Today's Alerts")]
[INFO ][2016-02-04 20:08:35,483][com.java.SeleniumDriver] [  907] - DataValue : Today's Alerts
[INFO ][2016-02-04 20:08:35,483][com.java.SeleniumDriver] [  913] - <In Set values of the page>
[INFO ][2016-02-04 20:08:35,483][com.java.SeleniumDriver] [  916] - {Data Fields & Data Values Exist}
[INFO ][2016-02-04 20:08:35,483][com.java.SeleniumDriver] [  918] - --------------------------setting values-----------------------------
[INFO ][2016-02-04 20:08:35,483][com.java.SeleniumDriver] [  921] - Action Type : Verify
[INFO ][2016-02-04 20:08:35,483][com.java.TestType] [ 8335] - field= XPH//span[contains(text(), "Today's Alerts")] value= Today's Alerts
[INFO ][2016-02-04 20:08:35,483][com.java.TestType] [ 6727] - value = Today's Alerts
[INFO ][2016-02-04 20:08:35,651][com.java.SeleniumDriver] [  930] -  RESULT true
[INFO ][2016-02-04 20:08:35,651][com.java.SeleniumDriver] [ 1136] - ?   P A S S   ?
[INFO ][2016-02-04 20:08:35,651][com.java.SeleniumDriver] [  856] - ------------------------------------------
[INFO ][2016-02-04 20:08:35,651][com.java.SeleniumDriver] [  857] - Test case being Executed: 7
[INFO ][2016-02-04 20:08:35,651][com.java.SeleniumDriver] [  869] - Test step:19
[INFO ][2016-02-04 20:08:35,651][com.java.SeleniumDriver] [  881] - Datavalue is----------null
[DEBUG][2016-02-04 20:08:35,651][com.java.SeleniumDriver] [  899] - Exception: null
[INFO ][2016-02-04 20:08:35,651][com.java.SeleniumDriver] [  905] - DataField : //span[@class='icon-cog2']&&//ul[@id='Settings']/li/a&&//ul[@id='Customize']/li[3]/a
[INFO ][2016-02-04 20:08:35,651][com.java.SeleniumDriver] [  907] - DataValue : 
[INFO ][2016-02-04 20:08:35,651][com.java.SeleniumDriver] [  913] - <In Set values of the page>
[INFO ][2016-02-04 20:08:35,652][com.java.SeleniumDriver] [  916] - {Data Fields & Data Values Exist}
[INFO ][2016-02-04 20:08:35,652][com.java.SeleniumDriver] [  918] - --------------------------setting values-----------------------------
[INFO ][2016-02-04 20:08:35,652][com.java.SeleniumDriver] [  921] - Action Type : mouseover
[INFO ][2016-02-04 20:09:20,984][com.java.SeleniumDriver] [  930] -  RESULT true
[INFO ][2016-02-04 20:09:20,985][com.java.SeleniumDriver] [ 1136] - ?   P A S S   ?
[INFO ][2016-02-04 20:09:20,985][com.java.SeleniumDriver] [  856] - ------------------------------------------
[INFO ][2016-02-04 20:09:20,985][com.java.SeleniumDriver] [  857] - Test case being Executed: 7
[INFO ][2016-02-04 20:09:20,985][com.java.SeleniumDriver] [  869] - Test step:20
[INFO ][2016-02-04 20:09:20,985][com.java.SeleniumDriver] [  881] - Datavalue is----------10
[INFO ][2016-02-04 20:09:20,985][com.java.SeleniumDriver] [  905] - DataField : XPH//span[@class='ui-dialog-title']
[INFO ][2016-02-04 20:09:20,985][com.java.SeleniumDriver] [  907] - DataValue : 10
[INFO ][2016-02-04 20:09:20,985][com.java.SeleniumDriver] [  913] - <In Set values of the page>
[INFO ][2016-02-04 20:09:20,985][com.java.SeleniumDriver] [  916] - {Data Fields & Data Values Exist}
[INFO ][2016-02-04 20:09:20,985][com.java.SeleniumDriver] [  918] - --------------------------setting values-----------------------------
[INFO ][2016-02-04 20:09:20,985][com.java.SeleniumDriver] [  921] - Action Type : waitforelement
[INFO ][2016-02-04 20:09:21,081][com.java.SeleniumDriver] [  930] -  RESULT true
[INFO ][2016-02-04 20:09:21,081][com.java.SeleniumDriver] [ 1136] - ?   P A S S   ?
[INFO ][2016-02-04 20:09:21,081][com.java.SeleniumDriver] [  856] - ------------------------------------------
[INFO ][2016-02-04 20:09:21,081][com.java.SeleniumDriver] [  857] - Test case being Executed: 7
[INFO ][2016-02-04 20:09:21,082][com.java.SeleniumDriver] [  869] - Test step:21
[INFO ][2016-02-04 20:09:21,082][com.java.SeleniumDriver] [  881] - Datavalue is----------My Alerts
[INFO ][2016-02-04 20:09:21,082][com.java.SeleniumDriver] [  905] - DataField : XPH//span[@class='ui-dialog-title']
[INFO ][2016-02-04 20:09:21,082][com.java.SeleniumDriver] [  907] - DataValue : My Alerts
[INFO ][2016-02-04 20:09:21,082][com.java.SeleniumDriver] [  913] - <In Set values of the page>
[INFO ][2016-02-04 20:09:21,082][com.java.SeleniumDriver] [  916] - {Data Fields & Data Values Exist}
[INFO ][2016-02-04 20:09:21,082][com.java.SeleniumDriver] [  918] - --------------------------setting values-----------------------------
[INFO ][2016-02-04 20:09:21,082][com.java.SeleniumDriver] [  921] - Action Type : verify
[INFO ][2016-02-04 20:09:21,082][com.java.TestType] [ 8335] - field= XPH//span[@class='ui-dialog-title'] value= My Alerts
[INFO ][2016-02-04 20:09:21,082][com.java.TestType] [ 6727] - value = My Alerts
[INFO ][2016-02-04 20:09:21,209][com.java.SeleniumDriver] [  930] -  RESULT true
[INFO ][2016-02-04 20:09:21,209][com.java.SeleniumDriver] [ 1136] - ?   P A S S   ?
[INFO ][2016-02-04 20:09:21,209][com.java.SeleniumDriver] [  856] - ------------------------------------------
[INFO ][2016-02-04 20:09:21,209][com.java.SeleniumDriver] [  857] - Test case being Executed: 7
[INFO ][2016-02-04 20:09:21,209][com.java.SeleniumDriver] [  869] - Test step:22
[INFO ][2016-02-04 20:09:21,209][com.java.SeleniumDriver] [  881] - Datavalue is----------null
[DEBUG][2016-02-04 20:09:21,210][com.java.SeleniumDriver] [  899] - Exception: null
[INFO ][2016-02-04 20:09:21,210][com.java.SeleniumDriver] [  905] - DataField : BTNframeDialogContent
[INFO ][2016-02-04 20:09:21,210][com.java.SeleniumDriver] [  907] - DataValue : 
[INFO ][2016-02-04 20:09:21,210][com.java.SeleniumDriver] [  913] - <In Set values of the page>
[INFO ][2016-02-04 20:09:21,210][com.java.SeleniumDriver] [  916] - {Data Fields & Data Values Exist}
[INFO ][2016-02-04 20:09:21,210][com.java.SeleniumDriver] [  918] - --------------------------setting values-----------------------------
[INFO ][2016-02-04 20:09:21,210][com.java.SeleniumDriver] [  921] - Action Type : selectframe
[INFO ][2016-02-04 20:09:22,567][com.java.SeleniumDriver] [  930] -  RESULT true
[INFO ][2016-02-04 20:09:22,567][com.java.SeleniumDriver] [ 1136] - ?   P A S S   ?
[INFO ][2016-02-04 20:09:22,569][com.java.SeleniumDriver] [  856] - ------------------------------------------
[INFO ][2016-02-04 20:09:22,569][com.java.SeleniumDriver] [  857] - Test case being Executed: 7
[INFO ][2016-02-04 20:09:22,569][com.java.SeleniumDriver] [  869] - Test step:23
[INFO ][2016-02-04 20:09:22,569][com.java.SeleniumDriver] [  881] - Datavalue is----------null
[DEBUG][2016-02-04 20:09:22,569][com.java.SeleniumDriver] [  899] - Exception: null
[INFO ][2016-02-04 20:09:22,569][com.java.SeleniumDriver] [  905] - DataField : HDN//div[@id='BalSheet']/preceding::span[2]
[INFO ][2016-02-04 20:09:22,569][com.java.SeleniumDriver] [  907] - DataValue : 
[INFO ][2016-02-04 20:09:22,569][com.java.SeleniumDriver] [  913] - <In Set values of the page>
[INFO ][2016-02-04 20:09:22,569][com.java.SeleniumDriver] [  916] - {Data Fields & Data Values Exist}
[INFO ][2016-02-04 20:09:22,569][com.java.SeleniumDriver] [  918] - --------------------------setting values-----------------------------
[INFO ][2016-02-04 20:09:22,569][com.java.SeleniumDriver] [  921] - Action Type : click
[INFO ][2016-02-04 20:09:22,569][com.java.TestType] [ 7106] - Field ::HDN//div[@id='BalSheet']/preceding::span[2]
[INFO ][2016-02-04 20:09:22,569][com.java.TestType] [ 6727] - value = 
[INFO ][2016-02-04 20:09:23,645][com.java.SeleniumDriver] [  930] -  RESULT true
[INFO ][2016-02-04 20:09:23,645][com.java.SeleniumDriver] [ 1136] - ?   P A S S   ?
[INFO ][2016-02-04 20:09:23,645][com.java.SeleniumDriver] [  856] - ------------------------------------------
[INFO ][2016-02-04 20:09:23,645][com.java.SeleniumDriver] [  857] - Test case being Executed: 7
[INFO ][2016-02-04 20:09:23,645][com.java.SeleniumDriver] [  869] - Test step:24
[INFO ][2016-02-04 20:09:23,645][com.java.SeleniumDriver] [  881] - Datavalue is----------Alerts
[INFO ][2016-02-04 20:09:23,645][com.java.SeleniumDriver] [  905] - DataField : MSG
[INFO ][2016-02-04 20:09:23,645][com.java.SeleniumDriver] [  907] - DataValue : Alerts
[INFO ][2016-02-04 20:09:23,645][com.java.SeleniumDriver] [  913] - <In Set values of the page>
[INFO ][2016-02-04 20:09:23,645][com.java.SeleniumDriver] [  916] - {Data Fields & Data Values Exist}
[INFO ][2016-02-04 20:09:23,646][com.java.SeleniumDriver] [  918] - --------------------------setting values-----------------------------
[INFO ][2016-02-04 20:09:23,646][com.java.SeleniumDriver] [  921] - Action Type : verify
[INFO ][2016-02-04 20:09:23,646][com.java.TestType] [ 8335] - field= MSG value= Alerts
[INFO ][2016-02-04 20:09:23,646][com.java.TestType] [ 6727] - value = Alerts
[DEBUG][2016-02-04 20:09:23,646][com.java.TestType] [ 9198] - value :: Alerts
[INFO ][2016-02-04 20:09:23,718][com.java.SeleniumDriver] [  930] -  RESULT true
[INFO ][2016-02-04 20:09:23,718][com.java.SeleniumDriver] [ 1136] - ?   P A S S   ?
[INFO ][2016-02-04 20:09:23,718][com.java.SeleniumDriver] [  856] - ------------------------------------------
[INFO ][2016-02-04 20:09:23,718][com.java.SeleniumDriver] [  857] - Test case being Executed: 7
[INFO ][2016-02-04 20:09:23,719][com.java.SeleniumDriver] [  869] - Test step:25
[INFO ][2016-02-04 20:09:23,719][com.java.SeleniumDriver] [  881] - Datavalue is----------Description
[INFO ][2016-02-04 20:09:23,719][com.java.SeleniumDriver] [  905] - DataField : MSG
[INFO ][2016-02-04 20:09:23,719][com.java.SeleniumDriver] [  907] - DataValue : Description
[INFO ][2016-02-04 20:09:23,719][com.java.SeleniumDriver] [  913] - <In Set values of the page>
[INFO ][2016-02-04 20:09:23,719][com.java.SeleniumDriver] [  916] - {Data Fields & Data Values Exist}
[INFO ][2016-02-04 20:09:23,719][com.java.SeleniumDriver] [  918] - --------------------------setting values-----------------------------
[INFO ][2016-02-04 20:09:23,719][com.java.SeleniumDriver] [  921] - Action Type : verify
[INFO ][2016-02-04 20:09:23,719][com.java.TestType] [ 8335] - field= MSG value= Description
[INFO ][2016-02-04 20:09:23,719][com.java.TestType] [ 6727] - value = Description
[DEBUG][2016-02-04 20:09:23,719][com.java.TestType] [ 9198] - value :: Description
[INFO ][2016-02-04 20:09:23,739][com.java.SeleniumDriver] [  930] -  RESULT true
[INFO ][2016-02-04 20:09:23,739][com.java.SeleniumDriver] [ 1136] - ?   P A S S   ?
[INFO ][2016-02-04 20:09:23,739][com.java.SeleniumDriver] [  856] - ------------------------------------------
[INFO ][2016-02-04 20:09:23,741][com.java.SeleniumDriver] [  857] - Test case being Executed: 7
[INFO ][2016-02-04 20:09:23,741][com.java.SeleniumDriver] [  869] - Test step:26
[INFO ][2016-02-04 20:09:23,741][com.java.SeleniumDriver] [  881] - Datavalue is----------Alert %
[INFO ][2016-02-04 20:09:23,741][com.java.SeleniumDriver] [  905] - DataField : MSG
[INFO ][2016-02-04 20:09:23,741][com.java.SeleniumDriver] [  907] - DataValue : Alert %
[INFO ][2016-02-04 20:09:23,741][com.java.SeleniumDriver] [  913] - <In Set values of the page>
[INFO ][2016-02-04 20:09:23,741][com.java.SeleniumDriver] [  916] - {Data Fields & Data Values Exist}
[INFO ][2016-02-04 20:09:23,741][com.java.SeleniumDriver] [  918] - --------------------------setting values-----------------------------
[INFO ][2016-02-04 20:09:23,741][com.java.SeleniumDriver] [  921] - Action Type : verify
[INFO ][2016-02-04 20:09:23,741][com.java.TestType] [ 8335] - field= MSG value= Alert %
[INFO ][2016-02-04 20:09:23,741][com.java.TestType] [ 6727] - value = Alert %
[DEBUG][2016-02-04 20:09:23,741][com.java.TestType] [ 9198] - value :: Alert %
[INFO ][2016-02-04 20:09:23,762][com.java.SeleniumDriver] [  930] -  RESULT true
[INFO ][2016-02-04 20:09:23,762][com.java.SeleniumDriver] [ 1136] - ?   P A S S   ?
[INFO ][2016-02-04 20:09:23,763][com.java.SeleniumDriver] [  856] - ------------------------------------------
[INFO ][2016-02-04 20:09:23,763][com.java.SeleniumDriver] [  857] - Test case being Executed: 7
[INFO ][2016-02-04 20:09:23,763][com.java.SeleniumDriver] [  869] - Test step:27
[INFO ][2016-02-04 20:09:23,763][com.java.SeleniumDriver] [  881] - Datavalue is----------Alert $
[INFO ][2016-02-04 20:09:23,763][com.java.SeleniumDriver] [  905] - DataField : MSG
[INFO ][2016-02-04 20:09:23,763][com.java.SeleniumDriver] [  907] - DataValue : Alert $
[INFO ][2016-02-04 20:09:23,763][com.java.SeleniumDriver] [  913] - <In Set values of the page>
[INFO ][2016-02-04 20:09:23,763][com.java.SeleniumDriver] [  916] - {Data Fields & Data Values Exist}
[INFO ][2016-02-04 20:09:23,763][com.java.SeleniumDriver] [  918] - --------------------------setting values-----------------------------
[INFO ][2016-02-04 20:09:23,763][com.java.SeleniumDriver] [  921] - Action Type : verify
[INFO ][2016-02-04 20:09:23,763][com.java.TestType] [ 8335] - field= MSG value= Alert $
[INFO ][2016-02-04 20:09:23,763][com.java.TestType] [ 6727] - value = Alert $
[DEBUG][2016-02-04 20:09:23,763][com.java.TestType] [ 9198] - value :: Alert $
[INFO ][2016-02-04 20:09:23,783][com.java.SeleniumDriver] [  930] -  RESULT true
[INFO ][2016-02-04 20:09:23,783][com.java.SeleniumDriver] [ 1136] - ?   P A S S   ?
[INFO ][2016-02-04 20:09:23,784][com.java.SeleniumDriver] [  856] - ------------------------------------------
[INFO ][2016-02-04 20:09:23,784][com.java.SeleniumDriver] [  857] - Test case being Executed: 7
[INFO ][2016-02-04 20:09:23,784][com.java.SeleniumDriver] [  869] - Test step:28
[INFO ][2016-02-04 20:09:23,784][com.java.SeleniumDriver] [  881] - Datavalue is----------40.00
[INFO ][2016-02-04 20:09:23,784][com.java.SeleniumDriver] [  905] - DataField : TXT//table[@id='IncomeTbl']/tbody/tr[1]/td[4]/input
[INFO ][2016-02-04 20:09:23,784][com.java.SeleniumDriver] [  907] - DataValue : 40.00
[INFO ][2016-02-04 20:09:23,784][com.java.SeleniumDriver] [  913] - <In Set values of the page>
[INFO ][2016-02-04 20:09:23,784][com.java.SeleniumDriver] [  916] - {Data Fields & Data Values Exist}
[INFO ][2016-02-04 20:09:23,784][com.java.SeleniumDriver] [  918] - --------------------------setting values-----------------------------
[INFO ][2016-02-04 20:09:23,784][com.java.SeleniumDriver] [  921] - Action Type : clearandenter
[INFO ][2016-02-04 20:09:23,973][com.java.TestType] [ 6727] - value = 40.00
[INFO ][2016-02-04 20:09:24,108][com.java.SeleniumDriver] [  930] -  RESULT true
[INFO ][2016-02-04 20:09:24,108][com.java.SeleniumDriver] [ 1136] - ?   P A S S   ?
[INFO ][2016-02-04 20:09:24,108][com.java.SeleniumDriver] [  856] - ------------------------------------------
[INFO ][2016-02-04 20:09:24,108][com.java.SeleniumDriver] [  857] - Test case being Executed: 7
[INFO ][2016-02-04 20:09:24,108][com.java.SeleniumDriver] [  869] - Test step:29
[INFO ][2016-02-04 20:09:24,108][com.java.SeleniumDriver] [  881] - Datavalue is----------10
[INFO ][2016-02-04 20:09:24,108][com.java.SeleniumDriver] [  905] - DataField : TXT//table[@id='IncomeTbl']/tbody/tr[1]/td[4]/input
[INFO ][2016-02-04 20:09:24,108][com.java.SeleniumDriver] [  907] - DataValue : 10
[INFO ][2016-02-04 20:09:24,108][com.java.SeleniumDriver] [  913] - <In Set values of the page>
[INFO ][2016-02-04 20:09:24,109][com.java.SeleniumDriver] [  916] - {Data Fields & Data Values Exist}
[INFO ][2016-02-04 20:09:24,110][com.java.SeleniumDriver] [  918] - --------------------------setting values-----------------------------
[INFO ][2016-02-04 20:09:24,110][com.java.SeleniumDriver] [  921] - Action Type : waitforelement
[INFO ][2016-02-04 20:09:24,135][com.java.SeleniumDriver] [  930] -  RESULT true
[INFO ][2016-02-04 20:09:24,135][com.java.SeleniumDriver] [ 1136] - ?   P A S S   ?
[INFO ][2016-02-04 20:09:24,135][com.java.SeleniumDriver] [  856] - ------------------------------------------
[INFO ][2016-02-04 20:09:24,135][com.java.SeleniumDriver] [  857] - Test case being Executed: 7
[INFO ][2016-02-04 20:09:24,135][com.java.SeleniumDriver] [  869] - Test step:30
[INFO ][2016-02-04 20:09:24,136][com.java.SeleniumDriver] [  881] - Datavalue is----------changedalertpercentage4
[INFO ][2016-02-04 20:09:24,136][com.java.SeleniumDriver] [  905] - DataField : TXT//table[@id='IncomeTbl']/tbody/tr[1]/td[4]/input
[INFO ][2016-02-04 20:09:24,136][com.java.SeleniumDriver] [  907] - DataValue : changedalertpercentage4
[INFO ][2016-02-04 20:09:24,136][com.java.SeleniumDriver] [  913] - <In Set values of the page>
[INFO ][2016-02-04 20:09:24,136][com.java.SeleniumDriver] [  916] - {Data Fields & Data Values Exist}
[INFO ][2016-02-04 20:09:24,136][com.java.SeleniumDriver] [  918] - --------------------------setting values-----------------------------
[INFO ][2016-02-04 20:09:24,136][com.java.SeleniumDriver] [  921] - Action Type : storevalue
[INFO ][2016-02-04 20:09:24,136][com.java.TestType] [ 9834] - field= TXT//table[@id='IncomeTbl']/tbody/tr[1]/td[4]/input
[DEBUG][2016-02-04 20:09:24,280][com.java.TestType] [ 9848] - Key:: changedalertpercentage4  Value:: 40.00
[INFO ][2016-02-04 20:09:24,280][com.java.SeleniumDriver] [  930] -  RESULT true
[INFO ][2016-02-04 20:09:24,280][com.java.SeleniumDriver] [ 1136] - ?   P A S S   ?
[INFO ][2016-02-04 20:09:24,280][com.java.SeleniumDriver] [  856] - ------------------------------------------
[INFO ][2016-02-04 20:09:24,280][com.java.SeleniumDriver] [  857] - Test case being Executed: 7
[INFO ][2016-02-04 20:09:24,280][com.java.SeleniumDriver] [  869] - Test step:31
[INFO ][2016-02-04 20:09:24,280][com.java.SeleniumDriver] [  881] - Datavalue is----------81.00
[INFO ][2016-02-04 20:09:24,280][com.java.SeleniumDriver] [  905] - DataField : TXT//table[@id='IncomeTbl']/tbody/tr[5]/td[4]/input
[INFO ][2016-02-04 20:09:24,281][com.java.SeleniumDriver] [  907] - DataValue : 81.00
[INFO ][2016-02-04 20:09:24,281][com.java.SeleniumDriver] [  913] - <In Set values of the page>
[INFO ][2016-02-04 20:09:24,281][com.java.SeleniumDriver] [  916] - {Data Fields & Data Values Exist}
[INFO ][2016-02-04 20:09:24,281][com.java.SeleniumDriver] [  918] - --------------------------setting values-----------------------------
[INFO ][2016-02-04 20:09:24,281][com.java.SeleniumDriver] [  921] - Action Type : clearandenter
[INFO ][2016-02-04 20:09:24,388][com.java.TestType] [ 6727] - value = 81.00
[INFO ][2016-02-04 20:09:24,595][com.java.SeleniumDriver] [  930] -  RESULT true
[INFO ][2016-02-04 20:09:24,595][com.java.SeleniumDriver] [ 1136] - ?   P A S S   ?
[INFO ][2016-02-04 20:09:24,596][com.java.SeleniumDriver] [  856] - ------------------------------------------
[INFO ][2016-02-04 20:09:24,596][com.java.SeleniumDriver] [  857] - Test case being Executed: 7
[INFO ][2016-02-04 20:09:24,596][com.java.SeleniumDriver] [  869] - Test step:32
[INFO ][2016-02-04 20:09:24,596][com.java.SeleniumDriver] [  881] - Datavalue is----------10
[INFO ][2016-02-04 20:09:24,596][com.java.SeleniumDriver] [  905] - DataField : TXT//table[@id='IncomeTbl']/tbody/tr[5]/td[4]/input
[INFO ][2016-02-04 20:09:24,596][com.java.SeleniumDriver] [  907] - DataValue : 10
[INFO ][2016-02-04 20:09:24,596][com.java.SeleniumDriver] [  913] - <In Set values of the page>
[INFO ][2016-02-04 20:09:24,596][com.java.SeleniumDriver] [  916] - {Data Fields & Data Values Exist}
[INFO ][2016-02-04 20:09:24,596][com.java.SeleniumDriver] [  918] - --------------------------setting values-----------------------------
[INFO ][2016-02-04 20:09:24,596][com.java.SeleniumDriver] [  921] - Action Type : waitforelement
[INFO ][2016-02-04 20:09:24,622][com.java.SeleniumDriver] [  930] -  RESULT true
[INFO ][2016-02-04 20:09:24,622][com.java.SeleniumDriver] [ 1136] - ?   P A S S   ?
[INFO ][2016-02-04 20:09:24,622][com.java.SeleniumDriver] [  856] - ------------------------------------------
[INFO ][2016-02-04 20:09:24,622][com.java.SeleniumDriver] [  857] - Test case being Executed: 7
[INFO ][2016-02-04 20:09:24,622][com.java.SeleniumDriver] [  869] - Test step:33
[INFO ][2016-02-04 20:09:24,622][com.java.SeleniumDriver] [  881] - Datavalue is----------changedalertpercentage5
[INFO ][2016-02-04 20:09:24,622][com.java.SeleniumDriver] [  905] - DataField : TXT//table[@id='IncomeTbl']/tbody/tr[5]/td[4]/input
[INFO ][2016-02-04 20:09:24,622][com.java.SeleniumDriver] [  907] - DataValue : changedalertpercentage5
[INFO ][2016-02-04 20:09:24,622][com.java.SeleniumDriver] [  913] - <In Set values of the page>
[INFO ][2016-02-04 20:09:24,622][com.java.SeleniumDriver] [  916] - {Data Fields & Data Values Exist}
[INFO ][2016-02-04 20:09:24,623][com.java.SeleniumDriver] [  918] - --------------------------setting values-----------------------------
[INFO ][2016-02-04 20:09:24,623][com.java.SeleniumDriver] [  921] - Action Type : storevalue
[INFO ][2016-02-04 20:09:24,623][com.java.TestType] [ 9834] - field= TXT//table[@id='IncomeTbl']/tbody/tr[5]/td[4]/input
[DEBUG][2016-02-04 20:09:24,667][com.java.TestType] [ 9848] - Key:: changedalertpercentage5  Value:: 81.00
[INFO ][2016-02-04 20:09:24,667][com.java.SeleniumDriver] [  930] -  RESULT true
[INFO ][2016-02-04 20:09:24,667][com.java.SeleniumDriver] [ 1136] - ?   P A S S   ?
[INFO ][2016-02-04 20:09:24,667][com.java.SeleniumDriver] [  856] - ------------------------------------------
[INFO ][2016-02-04 20:09:24,667][com.java.SeleniumDriver] [  857] - Test case being Executed: 7
[INFO ][2016-02-04 20:09:24,667][com.java.SeleniumDriver] [  869] - Test step:34
[INFO ][2016-02-04 20:09:24,667][com.java.SeleniumDriver] [  881] - Datavalue is----------51.00
[INFO ][2016-02-04 20:09:24,667][com.java.SeleniumDriver] [  905] - DataField : TXT//table[@id='IncomeTbl']/tbody/tr[7]/td[4]/input
[INFO ][2016-02-04 20:09:24,668][com.java.SeleniumDriver] [  907] - DataValue : 51.00
[INFO ][2016-02-04 20:09:24,668][com.java.SeleniumDriver] [  913] - <In Set values of the page>
[INFO ][2016-02-04 20:09:24,668][com.java.SeleniumDriver] [  916] - {Data Fields & Data Values Exist}
[INFO ][2016-02-04 20:09:24,668][com.java.SeleniumDriver] [  918] - --------------------------setting values-----------------------------
[INFO ][2016-02-04 20:09:24,668][com.java.SeleniumDriver] [  921] - Action Type : clearandenter
[INFO ][2016-02-04 20:09:24,766][com.java.TestType] [ 6727] - value = 51.00
[INFO ][2016-02-04 20:09:25,001][com.java.SeleniumDriver] [  930] -  RESULT true
[INFO ][2016-02-04 20:09:25,001][com.java.SeleniumDriver] [ 1136] - ?   P A S S   ?
[INFO ][2016-02-04 20:09:25,001][com.java.SeleniumDriver] [  856] - ------------------------------------------
[INFO ][2016-02-04 20:09:25,001][com.java.SeleniumDriver] [  857] - Test case being Executed: 7
[INFO ][2016-02-04 20:09:25,001][com.java.SeleniumDriver] [  869] - Test step:35
[INFO ][2016-02-04 20:09:25,001][com.java.SeleniumDriver] [  881] - Datavalue is----------10
[INFO ][2016-02-04 20:09:25,001][com.java.SeleniumDriver] [  905] - DataField : TXT//table[@id='IncomeTbl']/tbody/tr[7]/td[4]/input
[INFO ][2016-02-04 20:09:25,001][com.java.SeleniumDriver] [  907] - DataValue : 10
[INFO ][2016-02-04 20:09:25,002][com.java.SeleniumDriver] [  913] - <In Set values of the page>
[INFO ][2016-02-04 20:09:25,002][com.java.SeleniumDriver] [  916] - {Data Fields & Data Values Exist}
[INFO ][2016-02-04 20:09:25,002][com.java.SeleniumDriver] [  918] - --------------------------setting values-----------------------------
[INFO ][2016-02-04 20:09:25,002][com.java.SeleniumDriver] [  921] - Action Type : waitforelement
[INFO ][2016-02-04 20:09:25,017][com.java.SeleniumDriver] [  930] -  RESULT true
[INFO ][2016-02-04 20:09:25,017][com.java.SeleniumDriver] [ 1136] - ?   P A S S   ?
[INFO ][2016-02-04 20:09:25,017][com.java.SeleniumDriver] [  856] - ------------------------------------------
[INFO ][2016-02-04 20:09:25,017][com.java.SeleniumDriver] [  857] - Test case being Executed: 7
[INFO ][2016-02-04 20:09:25,017][com.java.SeleniumDriver] [  869] - Test step:36
[INFO ][2016-02-04 20:09:25,017][com.java.SeleniumDriver] [  881] - Datavalue is----------changedalertpercentage6
[INFO ][2016-02-04 20:09:25,017][com.java.SeleniumDriver] [  905] - DataField : TXT//table[@id='IncomeTbl']/tbody/tr[7]/td[4]/input
[INFO ][2016-02-04 20:09:25,017][com.java.SeleniumDriver] [  907] - DataValue : changedalertpercentage6
[INFO ][2016-02-04 20:09:25,018][com.java.SeleniumDriver] [  913] - <In Set values of the page>
[INFO ][2016-02-04 20:09:25,018][com.java.SeleniumDriver] [  916] - {Data Fields & Data Values Exist}
[INFO ][2016-02-04 20:09:25,018][com.java.SeleniumDriver] [  918] - --------------------------setting values-----------------------------
[INFO ][2016-02-04 20:09:25,018][com.java.SeleniumDriver] [  921] - Action Type : storevalue
[INFO ][2016-02-04 20:09:25,018][com.java.TestType] [ 9834] - field= TXT//table[@id='IncomeTbl']/tbody/tr[7]/td[4]/input
[DEBUG][2016-02-04 20:09:25,062][com.java.TestType] [ 9848] - Key:: changedalertpercentage6  Value:: 51.00
[INFO ][2016-02-04 20:09:25,062][com.java.SeleniumDriver] [  930] -  RESULT true
[INFO ][2016-02-04 20:09:25,062][com.java.SeleniumDriver] [ 1136] - ?   P A S S   ?
[INFO ][2016-02-04 20:09:25,062][com.java.SeleniumDriver] [  856] - ------------------------------------------
[INFO ][2016-02-04 20:09:25,062][com.java.SeleniumDriver] [  857] - Test case being Executed: 7
[INFO ][2016-02-04 20:09:25,062][com.java.SeleniumDriver] [  869] - Test step:37
[INFO ][2016-02-04 20:09:25,062][com.java.SeleniumDriver] [  881] - Datavalue is----------null
[DEBUG][2016-02-04 20:09:25,062][com.java.SeleniumDriver] [  899] - Exception: null
[INFO ][2016-02-04 20:09:25,062][com.java.SeleniumDriver] [  905] - DataField : HDN//div[@id='BalSheet']/preceding::span[2]
[INFO ][2016-02-04 20:09:25,062][com.java.SeleniumDriver] [  907] - DataValue : 
[INFO ][2016-02-04 20:09:25,062][com.java.SeleniumDriver] [  913] - <In Set values of the page>
[INFO ][2016-02-04 20:09:25,063][com.java.SeleniumDriver] [  916] - {Data Fields & Data Values Exist}
[INFO ][2016-02-04 20:09:25,063][com.java.SeleniumDriver] [  918] - --------------------------setting values-----------------------------
[INFO ][2016-02-04 20:09:25,063][com.java.SeleniumDriver] [  921] - Action Type : click
[INFO ][2016-02-04 20:09:25,063][com.java.TestType] [ 7106] - Field ::HDN//div[@id='BalSheet']/preceding::span[2]
[INFO ][2016-02-04 20:09:25,063][com.java.TestType] [ 6727] - value = 
[INFO ][2016-02-04 20:09:26,109][com.java.SeleniumDriver] [  930] -  RESULT true
[INFO ][2016-02-04 20:09:26,109][com.java.SeleniumDriver] [ 1136] - ?   P A S S   ?
[INFO ][2016-02-04 20:09:26,109][com.java.SeleniumDriver] [  856] - ------------------------------------------
[INFO ][2016-02-04 20:09:26,109][com.java.SeleniumDriver] [  857] - Test case being Executed: 7
[INFO ][2016-02-04 20:09:26,109][com.java.SeleniumDriver] [  869] - Test step:38
[INFO ][2016-02-04 20:09:26,109][com.java.SeleniumDriver] [  881] - Datavalue is----------null
[DEBUG][2016-02-04 20:09:26,109][com.java.SeleniumDriver] [  899] - Exception: null
[INFO ][2016-02-04 20:09:26,109][com.java.SeleniumDriver] [  905] - DataField : HDN//div[@id='BalSheet']/preceding::span[3]
[INFO ][2016-02-04 20:09:26,110][com.java.SeleniumDriver] [  907] - DataValue : 
[INFO ][2016-02-04 20:09:26,110][com.java.SeleniumDriver] [  913] - <In Set values of the page>
[INFO ][2016-02-04 20:09:26,110][com.java.SeleniumDriver] [  916] - {Data Fields & Data Values Exist}
[INFO ][2016-02-04 20:09:26,110][com.java.SeleniumDriver] [  918] - --------------------------setting values-----------------------------
[INFO ][2016-02-04 20:09:26,110][com.java.SeleniumDriver] [  921] - Action Type : click
[INFO ][2016-02-04 20:09:26,110][com.java.TestType] [ 7106] - Field ::HDN//div[@id='BalSheet']/preceding::span[3]
[INFO ][2016-02-04 20:09:26,110][com.java.TestType] [ 6727] - value = 
[INFO ][2016-02-04 20:09:27,246][com.java.SeleniumDriver] [  930] -  RESULT true
[INFO ][2016-02-04 20:09:27,246][com.java.SeleniumDriver] [ 1136] - ?   P A S S   ?
[INFO ][2016-02-04 20:09:27,246][com.java.SeleniumDriver] [  856] - ------------------------------------------
[INFO ][2016-02-04 20:09:27,246][com.java.SeleniumDriver] [  857] - Test case being Executed: 7
[INFO ][2016-02-04 20:09:27,246][com.java.SeleniumDriver] [  869] - Test step:39
[INFO ][2016-02-04 20:09:27,246][com.java.SeleniumDriver] [  881] - Datavalue is----------10
[INFO ][2016-02-04 20:09:27,246][com.java.SeleniumDriver] [  905] - DataField : TXT//table[@id='BalSheetTbl']/tbody/tr[1]/td[4]/input
[INFO ][2016-02-04 20:09:27,246][com.java.SeleniumDriver] [  907] - DataValue : 10
[INFO ][2016-02-04 20:09:27,246][com.java.SeleniumDriver] [  913] - <In Set values of the page>
[INFO ][2016-02-04 20:09:27,247][com.java.SeleniumDriver] [  916] - {Data Fields & Data Values Exist}
[INFO ][2016-02-04 20:09:27,247][com.java.SeleniumDriver] [  918] - --------------------------setting values-----------------------------
[INFO ][2016-02-04 20:09:27,247][com.java.SeleniumDriver] [  921] - Action Type : waitforelement
[INFO ][2016-02-04 20:09:27,352][com.java.SeleniumDriver] [  930] -  RESULT true
[INFO ][2016-02-04 20:09:27,352][com.java.SeleniumDriver] [ 1136] - ?   P A S S   ?
[INFO ][2016-02-04 20:09:27,352][com.java.SeleniumDriver] [  856] - ------------------------------------------
[INFO ][2016-02-04 20:09:27,352][com.java.SeleniumDriver] [  857] - Test case being Executed: 7
[WARN ][2016-02-04 20:09:27,352][com.java.SeleniumDriver] [  861] - -----------------------Step Skipped:: 	TestCaseNo:  7	 StepNo: 40  	::	Action Type:  verify 	::		ClientName In TestData:  "SKIP" 	::	ClientName in config:  "Bank of North Carolina"-----------------------------
[INFO ][2016-02-04 20:09:27,353][com.java.SeleniumDriver] [  856] - ------------------------------------------
[INFO ][2016-02-04 20:09:27,353][com.java.SeleniumDriver] [  857] - Test case being Executed: 7
[WARN ][2016-02-04 20:09:27,353][com.java.SeleniumDriver] [  861] - -----------------------Step Skipped:: 	TestCaseNo:  7	 StepNo: 41  	::	Action Type:  verify 	::		ClientName In TestData:  "SKIP" 	::	ClientName in config:  "Bank of North Carolina"-----------------------------
[INFO ][2016-02-04 20:09:27,353][com.java.SeleniumDriver] [  856] - ------------------------------------------
[INFO ][2016-02-04 20:09:27,353][com.java.SeleniumDriver] [  857] - Test case being Executed: 7
[WARN ][2016-02-04 20:09:27,353][com.java.SeleniumDriver] [  861] - -----------------------Step Skipped:: 	TestCaseNo:  7	 StepNo: 42  	::	Action Type:  verify 	::		ClientName In TestData:  "SKIP" 	::	ClientName in config:  "Bank of North Carolina"-----------------------------
[INFO ][2016-02-04 20:09:27,353][com.java.SeleniumDriver] [  856] - ------------------------------------------
[INFO ][2016-02-04 20:09:27,353][com.java.SeleniumDriver] [  857] - Test case being Executed: 7
[INFO ][2016-02-04 20:09:27,353][com.java.SeleniumDriver] [  869] - Test step:43
[INFO ][2016-02-04 20:09:27,353][com.java.SeleniumDriver] [  881] - Datavalue is----------null
[DEBUG][2016-02-04 20:09:27,353][com.java.SeleniumDriver] [  899] - Exception: null
[INFO ][2016-02-04 20:09:27,353][com.java.SeleniumDriver] [  905] - DataField : BTNparent
[INFO ][2016-02-04 20:09:27,353][com.java.SeleniumDriver] [  907] - DataValue : 
[INFO ][2016-02-04 20:09:27,354][com.java.SeleniumDriver] [  913] - <In Set values of the page>
[INFO ][2016-02-04 20:09:27,354][com.java.SeleniumDriver] [  916] - {Data Fields & Data Values Exist}
[INFO ][2016-02-04 20:09:27,354][com.java.SeleniumDriver] [  918] - --------------------------setting values-----------------------------
[INFO ][2016-02-04 20:09:27,354][com.java.SeleniumDriver] [  921] - Action Type : selectframe
[INFO ][2016-02-04 20:09:27,371][com.java.SeleniumDriver] [  930] -  RESULT true
[INFO ][2016-02-04 20:09:27,371][com.java.SeleniumDriver] [ 1136] - ?   P A S S   ?
[INFO ][2016-02-04 20:09:27,371][com.java.SeleniumDriver] [  856] - ------------------------------------------
[INFO ][2016-02-04 20:09:27,371][com.java.SeleniumDriver] [  857] - Test case being Executed: 7
[INFO ][2016-02-04 20:09:27,371][com.java.SeleniumDriver] [  869] - Test step:44
[INFO ][2016-02-04 20:09:27,371][com.java.SeleniumDriver] [  881] - Datavalue is----------null
[DEBUG][2016-02-04 20:09:27,371][com.java.SeleniumDriver] [  899] - Exception: null
[INFO ][2016-02-04 20:09:27,371][com.java.SeleniumDriver] [  905] - DataField : XPH//span[contains(text(),'Save')]
[INFO ][2016-02-04 20:09:27,371][com.java.SeleniumDriver] [  907] - DataValue : 
[INFO ][2016-02-04 20:09:27,371][com.java.SeleniumDriver] [  913] - <In Set values of the page>
[INFO ][2016-02-04 20:09:27,371][com.java.SeleniumDriver] [  916] - {Data Fields & Data Values Exist}
[INFO ][2016-02-04 20:09:27,372][com.java.SeleniumDriver] [  918] - --------------------------setting values-----------------------------
[INFO ][2016-02-04 20:09:27,372][com.java.SeleniumDriver] [  921] - Action Type : waitforelement
[INFO ][2016-02-04 20:09:27,417][com.java.SeleniumDriver] [  930] -  RESULT true
[INFO ][2016-02-04 20:09:27,417][com.java.SeleniumDriver] [ 1136] - ?   P A S S   ?
[INFO ][2016-02-04 20:09:27,417][com.java.SeleniumDriver] [  856] - ------------------------------------------
[INFO ][2016-02-04 20:09:27,417][com.java.SeleniumDriver] [  857] - Test case being Executed: 7
[INFO ][2016-02-04 20:09:27,418][com.java.SeleniumDriver] [  869] - Test step:45
[INFO ][2016-02-04 20:09:27,418][com.java.SeleniumDriver] [  881] - Datavalue is----------null
[DEBUG][2016-02-04 20:09:27,418][com.java.SeleniumDriver] [  899] - Exception: null
[INFO ][2016-02-04 20:09:27,418][com.java.SeleniumDriver] [  905] - DataField : HDN//span[contains(text(),'Save')]
[INFO ][2016-02-04 20:09:27,418][com.java.SeleniumDriver] [  907] - DataValue : 
[INFO ][2016-02-04 20:09:27,418][com.java.SeleniumDriver] [  913] - <In Set values of the page>
[INFO ][2016-02-04 20:09:27,418][com.java.SeleniumDriver] [  916] - {Data Fields & Data Values Exist}
[INFO ][2016-02-04 20:09:27,418][com.java.SeleniumDriver] [  918] - --------------------------setting values-----------------------------
[INFO ][2016-02-04 20:09:27,418][com.java.SeleniumDriver] [  921] - Action Type : click
[INFO ][2016-02-04 20:09:27,418][com.java.TestType] [ 7106] - Field ::HDN//span[contains(text(),'Save')]
[INFO ][2016-02-04 20:09:27,418][com.java.TestType] [ 6727] - value = 
[INFO ][2016-02-04 20:09:28,744][com.java.SeleniumDriver] [  930] -  RESULT true
[INFO ][2016-02-04 20:09:28,744][com.java.SeleniumDriver] [ 1136] - ?   P A S S   ?
[INFO ][2016-02-04 20:09:28,745][com.java.SeleniumDriver] [  856] - ------------------------------------------
[INFO ][2016-02-04 20:09:28,745][com.java.SeleniumDriver] [  857] - Test case being Executed: 7
[INFO ][2016-02-04 20:09:28,745][com.java.SeleniumDriver] [  869] - Test step:46
[INFO ][2016-02-04 20:09:28,745][com.java.SeleniumDriver] [  881] - Datavalue is----------//span[@class='ui-dialog-title']
[INFO ][2016-02-04 20:09:28,745][com.java.SeleniumDriver] [  905] - DataField : BTN
[INFO ][2016-02-04 20:09:28,745][com.java.SeleniumDriver] [  907] - DataValue : //span[@class='ui-dialog-title']
[INFO ][2016-02-04 20:09:28,745][com.java.SeleniumDriver] [  913] - <In Set values of the page>
[INFO ][2016-02-04 20:09:28,745][com.java.SeleniumDriver] [  916] - {Data Fields & Data Values Exist}
[INFO ][2016-02-04 20:09:28,745][com.java.SeleniumDriver] [  918] - --------------------------setting values-----------------------------
[INFO ][2016-02-04 20:09:28,745][com.java.SeleniumDriver] [  921] - Action Type : verifynotpresent
[INFO ][2016-02-04 20:09:28,745][com.java.TestType] [10153] - field= BTN value= //span[@class='ui-dialog-title']
[INFO ][2016-02-04 20:09:49,579][com.java.SeleniumDriver] [  930] -  RESULT true
[INFO ][2016-02-04 20:09:49,579][com.java.SeleniumDriver] [ 1136] - ?   P A S S   ?
[INFO ][2016-02-04 20:09:49,580][com.java.SeleniumDriver] [  856] - ------------------------------------------
[INFO ][2016-02-04 20:09:49,580][com.java.SeleniumDriver] [  857] - Test case being Executed: 7
[INFO ][2016-02-04 20:09:49,580][com.java.SeleniumDriver] [  869] - Test step:47
[INFO ][2016-02-04 20:09:49,580][com.java.SeleniumDriver] [  881] - Datavalue is----------null
[DEBUG][2016-02-04 20:09:49,580][com.java.SeleniumDriver] [  899] - Exception: null
[INFO ][2016-02-04 20:09:49,580][com.java.SeleniumDriver] [  905] - DataField : HDN//span[@class='glyphicon glyphicon-bell']
[INFO ][2016-02-04 20:09:49,580][com.java.SeleniumDriver] [  907] - DataValue : 
[INFO ][2016-02-04 20:09:49,580][com.java.SeleniumDriver] [  913] - <In Set values of the page>
[INFO ][2016-02-04 20:09:49,580][com.java.SeleniumDriver] [  916] - {Data Fields & Data Values Exist}
[INFO ][2016-02-04 20:09:49,580][com.java.SeleniumDriver] [  918] - --------------------------setting values-----------------------------
[INFO ][2016-02-04 20:09:49,580][com.java.SeleniumDriver] [  921] - Action Type : click
[INFO ][2016-02-04 20:09:49,580][com.java.TestType] [ 7106] - Field ::HDN//span[@class='glyphicon glyphicon-bell']
[INFO ][2016-02-04 20:09:49,580][com.java.TestType] [ 6727] - value = 
[INFO ][2016-02-04 20:09:50,815][com.java.SeleniumDriver] [  930] -  RESULT true
[INFO ][2016-02-04 20:09:50,815][com.java.SeleniumDriver] [ 1136] - ?   P A S S   ?
[INFO ][2016-02-04 20:09:50,815][com.java.SeleniumDriver] [  856] - ------------------------------------------
[INFO ][2016-02-04 20:09:50,815][com.java.SeleniumDriver] [  857] - Test case being Executed: 7
[INFO ][2016-02-04 20:09:50,815][com.java.SeleniumDriver] [  869] - Test step:48
[INFO ][2016-02-04 20:09:50,815][com.java.SeleniumDriver] [  881] - Datavalue is----------numberofupdatesbeforerefreshing
[INFO ][2016-02-04 20:09:50,815][com.java.SeleniumDriver] [  905] - DataField : XPH//span[@class='badge ng-binding ng-scope']
[INFO ][2016-02-04 20:09:50,815][com.java.SeleniumDriver] [  907] - DataValue : numberofupdatesbeforerefreshing
[INFO ][2016-02-04 20:09:50,816][com.java.SeleniumDriver] [  913] - <In Set values of the page>
[INFO ][2016-02-04 20:09:50,816][com.java.SeleniumDriver] [  916] - {Data Fields & Data Values Exist}
[INFO ][2016-02-04 20:09:50,816][com.java.SeleniumDriver] [  918] - --------------------------setting values-----------------------------
[INFO ][2016-02-04 20:09:50,816][com.java.SeleniumDriver] [  921] - Action Type : storevalue
[INFO ][2016-02-04 20:09:50,816][com.java.TestType] [ 9834] - field= XPH//span[@class='badge ng-binding ng-scope']
[DEBUG][2016-02-04 20:09:50,962][com.java.TestType] [ 9889] - Key:: numberofupdatesbeforerefreshing   Value:: 402
[INFO ][2016-02-04 20:09:50,962][com.java.SeleniumDriver] [  930] -  RESULT true
[INFO ][2016-02-04 20:09:50,962][com.java.SeleniumDriver] [ 1136] - ?   P A S S   ?
[INFO ][2016-02-04 20:09:50,962][com.java.SeleniumDriver] [  856] - ------------------------------------------
[INFO ][2016-02-04 20:09:50,962][com.java.SeleniumDriver] [  857] - Test case being Executed: 7
[INFO ][2016-02-04 20:09:50,962][com.java.SeleniumDriver] [  869] - Test step:49
[INFO ][2016-02-04 20:09:50,962][com.java.SeleniumDriver] [  881] - Datavalue is----------null
[DEBUG][2016-02-04 20:09:50,962][com.java.SeleniumDriver] [  899] - Exception: null
[INFO ][2016-02-04 20:09:50,962][com.java.SeleniumDriver] [  905] - DataField : HDN//span[@class='glyphicon glyphicon-bell']
[INFO ][2016-02-04 20:09:50,963][com.java.SeleniumDriver] [  907] - DataValue : 
[INFO ][2016-02-04 20:09:50,963][com.java.SeleniumDriver] [  913] - <In Set values of the page>
[INFO ][2016-02-04 20:09:50,963][com.java.SeleniumDriver] [  916] - {Data Fields & Data Values Exist}
[INFO ][2016-02-04 20:09:50,963][com.java.SeleniumDriver] [  918] - --------------------------setting values-----------------------------
[INFO ][2016-02-04 20:09:50,963][com.java.SeleniumDriver] [  921] - Action Type : click
[INFO ][2016-02-04 20:09:50,963][com.java.TestType] [ 7106] - Field ::HDN//span[@class='glyphicon glyphicon-bell']
[INFO ][2016-02-04 20:09:50,963][com.java.TestType] [ 6727] - value = 
[INFO ][2016-02-04 20:09:52,400][com.java.SeleniumDriver] [  930] -  RESULT true
[INFO ][2016-02-04 20:09:52,400][com.java.SeleniumDriver] [ 1136] - ?   P A S S   ?
[INFO ][2016-02-04 20:09:52,400][com.java.SeleniumDriver] [  856] - ------------------------------------------
[INFO ][2016-02-04 20:09:52,400][com.java.SeleniumDriver] [  857] - Test case being Executed: 7
[INFO ][2016-02-04 20:09:52,400][com.java.SeleniumDriver] [  869] - Test step:50
[INFO ][2016-02-04 20:09:52,400][com.java.SeleniumDriver] [  881] - Datavalue is----------null
[DEBUG][2016-02-04 20:09:52,400][com.java.SeleniumDriver] [  899] - Exception: null
[INFO ][2016-02-04 20:09:52,400][com.java.SeleniumDriver] [  905] - DataField : HDN//span[@class='glyphicon glyphicon-refresh ng-scope']
[INFO ][2016-02-04 20:09:52,401][com.java.SeleniumDriver] [  907] - DataValue : 
[INFO ][2016-02-04 20:09:52,401][com.java.SeleniumDriver] [  913] - <In Set values of the page>
[INFO ][2016-02-04 20:09:52,401][com.java.SeleniumDriver] [  916] - {Data Fields & Data Values Exist}
[INFO ][2016-02-04 20:09:52,401][com.java.SeleniumDriver] [  918] - --------------------------setting values-----------------------------
[INFO ][2016-02-04 20:09:52,401][com.java.SeleniumDriver] [  921] - Action Type : click
[INFO ][2016-02-04 20:09:52,401][com.java.TestType] [ 7106] - Field ::HDN//span[@class='glyphicon glyphicon-refresh ng-scope']
[INFO ][2016-02-04 20:09:52,401][com.java.TestType] [ 6727] - value = 
[INFO ][2016-02-04 20:09:53,547][com.java.SeleniumDriver] [  930] -  RESULT true
[INFO ][2016-02-04 20:09:53,547][com.java.SeleniumDriver] [ 1136] - ?   P A S S   ?
[INFO ][2016-02-04 20:09:53,547][com.java.SeleniumDriver] [  856] - ------------------------------------------
[INFO ][2016-02-04 20:09:53,547][com.java.SeleniumDriver] [  857] - Test case being Executed: 7
[INFO ][2016-02-04 20:09:53,547][com.java.SeleniumDriver] [  869] - Test step:51
[INFO ][2016-02-04 20:09:53,547][com.java.SeleniumDriver] [  881] - Datavalue is----------5
[INFO ][2016-02-04 20:09:53,547][com.java.SeleniumDriver] [  905] - DataField : null
[INFO ][2016-02-04 20:09:53,547][com.java.SeleniumDriver] [  907] - DataValue : 5
[INFO ][2016-02-04 20:09:53,548][com.java.SeleniumDriver] [  913] - <In Set values of the page>
[INFO ][2016-02-04 20:09:53,548][com.java.SeleniumDriver] [  916] - {Data Fields & Data Values Exist}
[INFO ][2016-02-04 20:09:53,548][com.java.SeleniumDriver] [  918] - --------------------------setting values-----------------------------
[INFO ][2016-02-04 20:09:53,548][com.java.SeleniumDriver] [  921] - Action Type : waittime
[DEBUG][2016-02-04 20:09:53,548][com.java.TestType] [ 6541] - sleepTime: 5000
[INFO ][2016-02-04 20:09:58,549][com.java.SeleniumDriver] [  930] -  RESULT true
[INFO ][2016-02-04 20:09:58,549][com.java.SeleniumDriver] [ 1136] - ?   P A S S   ?
[INFO ][2016-02-04 20:09:58,549][com.java.SeleniumDriver] [  856] - ------------------------------------------
[INFO ][2016-02-04 20:09:58,549][com.java.SeleniumDriver] [  857] - Test case being Executed: 7
[INFO ][2016-02-04 20:09:58,550][com.java.SeleniumDriver] [  869] - Test step:52
[INFO ][2016-02-04 20:09:58,550][com.java.SeleniumDriver] [  881] - Datavalue is----------appurl
[INFO ][2016-02-04 20:09:58,550][com.java.SeleniumDriver] [  905] - DataField : test
[INFO ][2016-02-04 20:09:58,550][com.java.SeleniumDriver] [  907] - DataValue : https://clients-xuat.bankersdashboard.com
[INFO ][2016-02-04 20:09:58,550][com.java.SeleniumDriver] [  913] - <In Set values of the page>
[INFO ][2016-02-04 20:09:58,550][com.java.SeleniumDriver] [  916] - {Data Fields & Data Values Exist}
[INFO ][2016-02-04 20:09:58,550][com.java.SeleniumDriver] [  918] - --------------------------setting values-----------------------------
[INFO ][2016-02-04 20:09:58,550][com.java.SeleniumDriver] [  921] - Action Type : OPENURL
[INFO ][2016-02-04 20:09:58,550][com.java.TestType] [ 6727] - value = https://clients-xuat.bankersdashboard.com
[INFO ][2016-02-04 20:09:58,550][com.java.TestType] [  364] - Open URL : https://clients-xuat.bankersdashboard.com
[INFO ][2016-02-04 20:10:01,750][com.java.SeleniumDriver] [  930] -  RESULT true
[INFO ][2016-02-04 20:10:01,750][com.java.SeleniumDriver] [ 1136] - ?   P A S S   ?
[INFO ][2016-02-04 20:10:01,750][com.java.SeleniumDriver] [  856] - ------------------------------------------
[INFO ][2016-02-04 20:10:01,750][com.java.SeleniumDriver] [  857] - Test case being Executed: 7
[INFO ][2016-02-04 20:10:01,750][com.java.SeleniumDriver] [  869] - Test step:53
[INFO ][2016-02-04 20:10:01,750][com.java.SeleniumDriver] [  881] - Datavalue is----------5
[INFO ][2016-02-04 20:10:01,750][com.java.SeleniumDriver] [  905] - DataField : DSP//div[@id='WidgetBodyPanel.0']//table//tr/td[@style='color: white; font-weight: bold;']
[INFO ][2016-02-04 20:10:01,750][com.java.SeleniumDriver] [  907] - DataValue : 5
[INFO ][2016-02-04 20:10:01,750][com.java.SeleniumDriver] [  913] - <In Set values of the page>
[INFO ][2016-02-04 20:10:01,750][com.java.SeleniumDriver] [  916] - {Data Fields & Data Values Exist}
[INFO ][2016-02-04 20:10:01,750][com.java.SeleniumDriver] [  918] - --------------------------setting values-----------------------------
[INFO ][2016-02-04 20:10:01,750][com.java.SeleniumDriver] [  921] - Action Type : waitforelement
[INFO ][2016-02-04 20:10:11,687][com.java.SeleniumDriver] [  930] -  RESULT true
[INFO ][2016-02-04 20:10:11,687][com.java.SeleniumDriver] [ 1136] - ?   P A S S   ?
[INFO ][2016-02-04 20:10:11,687][com.java.SeleniumDriver] [  856] - ------------------------------------------
[INFO ][2016-02-04 20:10:11,687][com.java.SeleniumDriver] [  857] - Test case being Executed: 7
[INFO ][2016-02-04 20:10:11,687][com.java.SeleniumDriver] [  869] - Test step:54
[INFO ][2016-02-04 20:10:11,687][com.java.SeleniumDriver] [  881] - Datavalue is----------5
[INFO ][2016-02-04 20:10:11,687][com.java.SeleniumDriver] [  905] - DataField : DSP//span[@class='badge ng-binding ng-scope']
[INFO ][2016-02-04 20:10:11,689][com.java.SeleniumDriver] [  907] - DataValue : 5
[INFO ][2016-02-04 20:10:11,689][com.java.SeleniumDriver] [  913] - <In Set values of the page>
[INFO ][2016-02-04 20:10:11,689][com.java.SeleniumDriver] [  916] - {Data Fields & Data Values Exist}
[INFO ][2016-02-04 20:10:11,689][com.java.SeleniumDriver] [  918] - --------------------------setting values-----------------------------
[INFO ][2016-02-04 20:10:11,689][com.java.SeleniumDriver] [  921] - Action Type : waitforelement
[INFO ][2016-02-04 20:10:11,840][com.java.SeleniumDriver] [  930] -  RESULT true
[INFO ][2016-02-04 20:10:11,840][com.java.SeleniumDriver] [ 1136] - ?   P A S S   ?
[INFO ][2016-02-04 20:10:11,840][com.java.SeleniumDriver] [  856] - ------------------------------------------
[INFO ][2016-02-04 20:10:11,840][com.java.SeleniumDriver] [  857] - Test case being Executed: 7
[INFO ][2016-02-04 20:10:11,840][com.java.SeleniumDriver] [  869] - Test step:55
[INFO ][2016-02-04 20:10:11,840][com.java.SeleniumDriver] [  881] - Datavalue is----------HMVnumberofupdatesbeforerefreshing
[INFO ][2016-02-04 20:10:11,840][com.java.SeleniumDriver] [  905] - DataField : XPH//span[@class='badge ng-binding ng-scope']
[INFO ][2016-02-04 20:10:11,840][com.java.SeleniumDriver] [  907] - DataValue : HMVnumberofupdatesbeforerefreshing
[INFO ][2016-02-04 20:10:11,840][com.java.SeleniumDriver] [  913] - <In Set values of the page>
[INFO ][2016-02-04 20:10:11,840][com.java.SeleniumDriver] [  916] - {Data Fields & Data Values Exist}
[INFO ][2016-02-04 20:10:11,840][com.java.SeleniumDriver] [  918] - --------------------------setting values-----------------------------
[INFO ][2016-02-04 20:10:11,840][com.java.SeleniumDriver] [  921] - Action Type : verifynotpresent
[INFO ][2016-02-04 20:10:11,841][com.java.TestType] [10153] - field= XPH//span[@class='badge ng-binding ng-scope'] value= HMVnumberofupdatesbeforerefreshing
[DEBUG][2016-02-04 20:10:11,954][com.java.TestType] [  924] - Unable to perform actionXPH//span[@class='badge ng-binding ng-scope']
[ERROR][2016-02-04 20:10:11,955][com.java.TestType] [  925] - Exception: Element should have been "select" but was "span"
Build info: version: '2.48.2', revision: '41bccdd', time: '2015-10-09 19:59:12'
System info: host: 'FVTIII438F1D', ip: '172.17.68.34', os.name: 'Windows 7', os.arch: 'x86', os.version: '6.1', java.version: '1.7.0_55'
Driver info: driver.version: SeleniumDriver
[INFO ][2016-02-04 20:10:11,956][com.java.SeleniumDriver] [  930] -  RESULT false
[INFO ][2016-02-04 20:10:11,956][com.java.SeleniumDriver] [  977] - ?   F A I L   ?
[INFO ][2016-02-04 20:10:11,956][com.java.SeleniumDriver] [  985] - Browser Type : IE10
[INFO ][2016-02-04 20:10:11,956][com.java.SeleniumDriver] [  986] - Adding Failed case7
[INFO ][2016-02-04 20:10:12,212][com.java.SeleniumDriver] [ 1100] - failedCases = 7
[ERROR][2016-02-04 20:10:12,212][com.java.SeleniumDriver] [ 1599] - Platform Errors : Our apologies...::We have encountered an issue with your request.::Our apologies?:We encountered an issue with your request.
[INFO ][2016-02-04 20:10:12,212][com.java.SeleniumDriver] [ 1603] - Length =3
[ERROR][2016-02-04 20:10:12,212][com.java.SeleniumDriver] [ 1606] - Error 0 = Our apologies...
[ERROR][2016-02-04 20:10:12,285][com.java.SeleniumDriver] [ 1606] - Error 1 = We have encountered an issue with your request.
[ERROR][2016-02-04 20:10:12,338][com.java.SeleniumDriver] [ 1606] - Error 2 = Our apologies?:We encountered an issue with your request.
[INFO ][2016-02-04 20:10:12,412][com.java.SeleniumDriver] [ 1617] - strError:
[DEBUG][2016-02-04 20:10:12,428][com.java.SeleniumDriver] [ 1248] - Case found
[DEBUG][2016-02-04 20:10:12,428][com.java.SeleniumDriver] [ 1253] - Incrementing ReportCounters[0]:2
[INFO ][2016-02-04 20:10:12,428][com.java.SeleniumDriver] [ 1272] - The results are-------------------[7, 55, BD Right Hand Menu Bar: IS Alerts - Refresh icon, Fail, 
Test case failed at Step No. :: 55   Error Message ::  Element should have been "select" but was "span"
Build info: version: '2.48.2', revision: '41bccdd', time: '2015-10-09 19:59:12'
System info: host: 'FVTIII438F1D', ip: '172.17.68.34', os.name: 'Windows 7', os.arch: 'x86', os.version: '6.1', java.version: '1.7.0_55'
Driver info: driver.version: SeleniumDriver. Screen Shot : D:\BankersDashboard\TestReports\020416\7_020416_201011_IE10.png, Thu Feb 04 20:10:12 IST 2016]
[INFO ][2016-02-04 20:10:12,428][com.java.SeleniumDriver] [ 1276] - End time is-------2 min 52 sec
[INFO ][2016-02-04 20:10:12,428][com.java.SeleniumDriver] [ 1277] - The results are-------------------[7, 55, BD Right Hand Menu Bar: IS Alerts - Refresh icon, Fail, 
Test case failed at Step No. :: 55   Error Message ::  Element should have been "select" but was "span"
Build info: version: '2.48.2', revision: '41bccdd', time: '2015-10-09 19:59:12'
System info: host: 'FVTIII438F1D', ip: '172.17.68.34', os.name: 'Windows 7', os.arch: 'x86', os.version: '6.1', java.version: '1.7.0_55'
Driver info: driver.version: SeleniumDriver. Screen Shot : D:\BankersDashboard\TestReports\020416\7_020416_201011_IE10.png, Thu Feb 04 20:10:12 IST 2016]
[DEBUG][2016-02-04 20:10:12,428][com.java.ImportnExport.ExportTestResultsExcel] [  222] - testResultPath = D:\BankersDashboard/TestReports/Test Results_BankersDashBoard_020416_200721_IE10_Bank of North Carolina.xls
[DEBUG][2016-02-04 20:10:12,428][com.java.ImportnExport.ExportTestResultsExcel] [  223] - browser is------------IE10
[DEBUG][2016-02-04 20:10:12,431][com.java.ImportnExport.ExportTestResultsExcel] [  270] - result.size() = 6
[DEBUG][2016-02-04 20:10:12,431][com.java.ImportnExport.ExportTestResultsExcel] [  274] - No of rows in sheet=2
[DEBUG][2016-02-04 20:10:12,431][com.java.ImportnExport.ExportTestResultsExcel] [  301] - ..in export..7
[DEBUG][2016-02-04 20:10:12,431][com.java.ImportnExport.ExportTestResultsExcel] [  301] - ..in export..BD Right Hand Menu Bar: IS Alerts - Refresh icon
[DEBUG][2016-02-04 20:10:12,431][com.java.ImportnExport.ExportTestResultsExcel] [  301] - ..in export..Fail
[DEBUG][2016-02-04 20:10:12,431][com.java.ImportnExport.ExportTestResultsExcel] [  301] - ..in export..
Test case failed at Step No. :: 55   Error Message ::  Element should have been "select" but was "span"
Build info: version: '2.48.2', revision: '41bccdd', time: '2015-10-09 19:59:12'
System info: host: 'FVTIII438F1D', ip: '172.17.68.34', os.name: 'Windows 7', os.arch: 'x86', os.version: '6.1', java.version: '1.7.0_55'
Driver info: driver.version: SeleniumDriver. Screen Shot : D:\BankersDashboard\TestReports\020416\7_020416_201011_IE10.png
[DEBUG][2016-02-04 20:10:12,431][com.java.ImportnExport.ExportTestResultsExcel] [  301] - ..in export..Thu Feb 04 20:10:12 IST 2016
[INFO ][2016-02-04 20:10:12,432][com.java.SeleniumDriver] [ 1337] - out loop:1 size:3 TestCases:[1, 7, 9] testcases:[1, 7, 9]
[INFO ][2016-02-04 20:10:12,433][com.java.ImportnExport.ImportTestDataDetailsExcel] [   49] - test data details path===== D:\BankersDashboard\TestInputs\TestData.xls
[INFO ][2016-02-04 20:10:31,183][com.java.SeleniumDriver] [  856] - ------------------------------------------
[INFO ][2016-02-04 20:10:31,183][com.java.SeleniumDriver] [  857] - Test case being Executed: 9
[INFO ][2016-02-04 20:10:31,183][com.java.SeleniumDriver] [  869] - Test step:1
[INFO ][2016-02-04 20:10:31,183][com.java.SeleniumDriver] [  881] - Datavalue is----------Logout
[INFO ][2016-02-04 20:10:31,183][com.java.SeleniumDriver] [  905] - DataField : BTN
[INFO ][2016-02-04 20:10:31,183][com.java.SeleniumDriver] [  907] - DataValue : Logout
[INFO ][2016-02-04 20:10:31,183][com.java.SeleniumDriver] [  913] - <In Set values of the page>
[INFO ][2016-02-04 20:10:31,183][com.java.SeleniumDriver] [  916] - {Data Fields & Data Values Exist}
[INFO ][2016-02-04 20:10:31,183][com.java.SeleniumDriver] [  918] - --------------------------setting values-----------------------------
[INFO ][2016-02-04 20:10:31,183][com.java.SeleniumDriver] [  921] - Action Type : Verify
[INFO ][2016-02-04 20:10:31,183][com.java.TestType] [ 8335] - field= BTN value= Logout
[INFO ][2016-02-04 20:10:31,183][com.java.TestType] [ 6727] - value = Logout
[INFO ][2016-02-04 20:10:31,286][com.java.SeleniumDriver] [  930] -  RESULT true
[INFO ][2016-02-04 20:10:31,286][com.java.SeleniumDriver] [ 1136] - ?   P A S S   ?
[INFO ][2016-02-04 20:10:31,286][com.java.SeleniumDriver] [ 1178] - step change to 3
[INFO ][2016-02-04 20:10:31,286][com.java.SeleniumDriver] [  856] - ------------------------------------------
[INFO ][2016-02-04 20:10:31,286][com.java.SeleniumDriver] [  857] - Test case being Executed: 9
[INFO ][2016-02-04 20:10:31,286][com.java.SeleniumDriver] [  869] - Test step:3
[INFO ][2016-02-04 20:10:31,287][com.java.SeleniumDriver] [  881] - Datavalue is----------Concept#2:1-2
[INFO ][2016-02-04 20:10:31,287][com.java.SeleniumDriver] [  905] - DataField : test
[INFO ][2016-02-04 20:10:31,287][com.java.SeleniumDriver] [  907] - DataValue : Concept#2:1-2
[INFO ][2016-02-04 20:10:31,287][com.java.SeleniumDriver] [  913] - <In Set values of the page>
[INFO ][2016-02-04 20:10:31,287][com.java.SeleniumDriver] [  916] - {Data Fields & Data Values Exist}
[INFO ][2016-02-04 20:10:31,287][com.java.SeleniumDriver] [  918] - --------------------------setting values-----------------------------
[INFO ][2016-02-04 20:10:31,287][com.java.SeleniumDriver] [  921] - Action Type : ExecuteTestCase
[INFO ][2016-02-04 20:10:31,287][com.java.TestType] [  448] - The Concept sheet name is ---------- Concept
[INFO ][2016-02-04 20:10:31,287][com.java.TestType] [  451] - The Concept ID  is ---------- 2
[DEBUG][2016-02-04 20:10:31,287][com.java.TestType] [  455] - Steps being executted in the Concept are: 1:2
[INFO ][2016-02-04 20:10:31,287][com.java.TestType] [  462] - Test data details path ---------- D:\BankersDashboard\TestInputs\TestData.xls
[INFO ][2016-02-04 20:10:31,304][com.java.TestType] [  493] -  str(1) = 2
[INFO ][2016-02-04 20:10:31,304][com.java.TestType] [  496] - Test case Id is---2
[INFO ][2016-02-04 20:10:31,304][com.java.TestType] [  498] - 2
[INFO ][2016-02-04 20:10:31,304][com.java.TestType] [  493] -  str(2) = 1
[INFO ][2016-02-04 20:10:31,306][com.java.TestType] [  493] -  str(1) = 2
[INFO ][2016-02-04 20:10:31,306][com.java.TestType] [  496] - Test case Id is---2
[INFO ][2016-02-04 20:10:31,306][com.java.TestType] [  498] - 2
[INFO ][2016-02-04 20:10:31,306][com.java.TestType] [  493] -  str(2) = 2
[INFO ][2016-02-04 20:10:31,307][com.java.TestType] [  493] -  str(1) = 2
[INFO ][2016-02-04 20:10:31,307][com.java.TestType] [  496] - Test case Id is---2
[INFO ][2016-02-04 20:10:31,307][com.java.TestType] [  498] - 2
[INFO ][2016-02-04 20:10:31,307][com.java.TestType] [  493] -  str(2) = 3
[INFO ][2016-02-04 20:10:31,307][com.java.TestType] [12069] - Looping 1TCID = 2
[DEBUG][2016-02-04 20:10:31,307][com.java.TestType] [12110] - Concept ID:2 :: Step being Executed: 2::1
[INFO ][2016-02-04 20:10:31,308][com.java.TestType] [12148] - dataFields : BNK//select[@id='bank']
[DEBUG][2016-02-04 20:10:31,308][com.java.TestType] [12154] - <In Set values of the page>
[DEBUG][2016-02-04 20:10:31,308][com.java.TestType] [12159] - {Data Fields & Data Values Exist}
[INFO ][2016-02-04 20:10:31,309][com.java.TestType] [12165] - --------------------------setting values-----------------------------
[INFO ][2016-02-04 20:10:31,309][com.java.TestType] [12168] - Action Type : Select
[INFO ][2016-02-04 20:10:31,309][com.java.TestType] [ 6727] - value = PFC
[INFO ][2016-02-04 20:10:31,550][com.java.TestType] [12187] -  RESULT true
[INFO ][2016-02-04 20:10:31,550][com.java.TestType] [12304] - ?   P A S S   ?
[DEBUG][2016-02-04 20:10:31,550][com.java.TestType] [12110] - Concept ID:2 :: Step being Executed: 2::2
[INFO ][2016-02-04 20:10:31,550][com.java.TestType] [12148] - dataFields : LNKLogout
[DEBUG][2016-02-04 20:10:31,550][com.java.TestType] [12154] - <In Set values of the page>
[DEBUG][2016-02-04 20:10:31,550][com.java.TestType] [12159] - {Data Fields & Data Values Exist}
[INFO ][2016-02-04 20:10:31,550][com.java.TestType] [12165] - --------------------------setting values-----------------------------
[INFO ][2016-02-04 20:10:31,550][com.java.TestType] [12168] - Action Type : WaitTime
[DEBUG][2016-02-04 20:10:31,550][com.java.TestType] [ 6541] - sleepTime: 5000
[INFO ][2016-02-04 20:10:36,550][com.java.TestType] [12187] -  RESULT true
[INFO ][2016-02-04 20:10:36,550][com.java.TestType] [12304] - ?   P A S S   ?
[INFO ][2016-02-04 20:10:36,550][com.java.TestType] [12375] - Looping End......
[INFO ][2016-02-04 20:10:36,551][com.java.SeleniumDriver] [  930] -  RESULT true
[INFO ][2016-02-04 20:10:36,551][com.java.SeleniumDriver] [ 1136] - ?   P A S S   ?
[INFO ][2016-02-04 20:10:36,551][com.java.SeleniumDriver] [  856] - ------------------------------------------
[INFO ][2016-02-04 20:10:36,551][com.java.SeleniumDriver] [  857] - Test case being Executed: 9
[INFO ][2016-02-04 20:10:36,552][com.java.SeleniumDriver] [  869] - Test step:4
[INFO ][2016-02-04 20:10:36,552][com.java.SeleniumDriver] [  881] - Datavalue is----------2
[INFO ][2016-02-04 20:10:36,552][com.java.SeleniumDriver] [  905] - DataField : XPH//span[@class='icon-compass']
[INFO ][2016-02-04 20:10:36,552][com.java.SeleniumDriver] [  907] - DataValue : 2
[INFO ][2016-02-04 20:10:36,552][com.java.SeleniumDriver] [  913] - <In Set values of the page>
[INFO ][2016-02-04 20:10:36,552][com.java.SeleniumDriver] [  916] - {Data Fields & Data Values Exist}
[INFO ][2016-02-04 20:10:36,552][com.java.SeleniumDriver] [  918] - --------------------------setting values-----------------------------
[INFO ][2016-02-04 20:10:36,552][com.java.SeleniumDriver] [  921] - Action Type : WaitForElement
[INFO ][2016-02-04 20:10:36,587][com.java.SeleniumDriver] [  930] -  RESULT true
[INFO ][2016-02-04 20:10:36,587][com.java.SeleniumDriver] [ 1136] - ?   P A S S   ?
[INFO ][2016-02-04 20:10:36,587][com.java.SeleniumDriver] [  856] - ------------------------------------------
[INFO ][2016-02-04 20:10:36,587][com.java.SeleniumDriver] [  857] - Test case being Executed: 9
[INFO ][2016-02-04 20:10:36,587][com.java.SeleniumDriver] [  869] - Test step:5
[INFO ][2016-02-04 20:10:36,587][com.java.SeleniumDriver] [  881] - Datavalue is----------2
[INFO ][2016-02-04 20:10:36,588][com.java.SeleniumDriver] [  905] - DataField : XPH//button[contains(@class,'menu-item handle')]
[INFO ][2016-02-04 20:10:36,588][com.java.SeleniumDriver] [  907] - DataValue : 2
[INFO ][2016-02-04 20:10:36,588][com.java.SeleniumDriver] [  913] - <In Set values of the page>
[INFO ][2016-02-04 20:10:36,588][com.java.SeleniumDriver] [  916] - {Data Fields & Data Values Exist}
[INFO ][2016-02-04 20:10:36,588][com.java.SeleniumDriver] [  918] - --------------------------setting values-----------------------------
[INFO ][2016-02-04 20:10:36,588][com.java.SeleniumDriver] [  921] - Action Type : WaitForElement
[INFO ][2016-02-04 20:10:36,623][com.java.SeleniumDriver] [  930] -  RESULT true
[INFO ][2016-02-04 20:10:36,623][com.java.SeleniumDriver] [ 1136] - ?   P A S S   ?
[INFO ][2016-02-04 20:10:36,623][com.java.SeleniumDriver] [  856] - ------------------------------------------
[INFO ][2016-02-04 20:10:36,623][com.java.SeleniumDriver] [  857] - Test case being Executed: 9
[INFO ][2016-02-04 20:10:36,623][com.java.SeleniumDriver] [  869] - Test step:6
[INFO ][2016-02-04 20:10:36,623][com.java.SeleniumDriver] [  881] - Datavalue is----------null
[DEBUG][2016-02-04 20:10:36,623][com.java.SeleniumDriver] [  899] - Exception: null
[INFO ][2016-02-04 20:10:36,624][com.java.SeleniumDriver] [  905] - DataField : XPH//button[contains(@class,'menu-item handle')]
[INFO ][2016-02-04 20:10:36,624][com.java.SeleniumDriver] [  907] - DataValue : 
[INFO ][2016-02-04 20:10:36,624][com.java.SeleniumDriver] [  913] - <In Set values of the page>
[INFO ][2016-02-04 20:10:36,624][com.java.SeleniumDriver] [  916] - {Data Fields & Data Values Exist}
[INFO ][2016-02-04 20:10:36,624][com.java.SeleniumDriver] [  918] - --------------------------setting values-----------------------------
[INFO ][2016-02-04 20:10:36,624][com.java.SeleniumDriver] [  921] - Action Type : Click
[INFO ][2016-02-04 20:10:36,624][com.java.TestType] [ 7106] - Field ::XPH//button[contains(@class,'menu-item handle')]
[INFO ][2016-02-04 20:10:36,624][com.java.TestType] [ 6727] - value = 
[INFO ][2016-02-04 20:10:37,624][com.java.TestType] [ 7279] - BEFORE CLICK
[INFO ][2016-02-04 20:10:38,797][com.java.TestType] [ 7287] - Unable to click the object Collapse Menu
[INFO ][2016-02-04 20:10:38,797][com.java.SeleniumDriver] [  930] -  RESULT true
[INFO ][2016-02-04 20:10:38,797][com.java.SeleniumDriver] [ 1136] - ?   P A S S   ?
[INFO ][2016-02-04 20:10:38,797][com.java.SeleniumDriver] [  856] - ------------------------------------------
[INFO ][2016-02-04 20:10:38,797][com.java.SeleniumDriver] [  857] - Test case being Executed: 9
[INFO ][2016-02-04 20:10:38,797][com.java.SeleniumDriver] [  869] - Test step:7
[INFO ][2016-02-04 20:10:38,797][com.java.SeleniumDriver] [  881] - Datavalue is----------null
[DEBUG][2016-02-04 20:10:38,797][com.java.SeleniumDriver] [  899] - Exception: null
[INFO ][2016-02-04 20:10:38,797][com.java.SeleniumDriver] [  905] - DataField : XPH//button[@id='menu-toggle']
[INFO ][2016-02-04 20:10:38,797][com.java.SeleniumDriver] [  907] - DataValue : 
[INFO ][2016-02-04 20:10:38,797][com.java.SeleniumDriver] [  913] - <In Set values of the page>
[INFO ][2016-02-04 20:10:38,797][com.java.SeleniumDriver] [  916] - {Data Fields & Data Values Exist}
[INFO ][2016-02-04 20:10:38,798][com.java.SeleniumDriver] [  918] - --------------------------setting values-----------------------------
[INFO ][2016-02-04 20:10:38,798][com.java.SeleniumDriver] [  921] - Action Type : Click
[INFO ][2016-02-04 20:10:38,798][com.java.TestType] [ 7106] - Field ::XPH//button[@id='menu-toggle']
[INFO ][2016-02-04 20:10:38,798][com.java.TestType] [ 6727] - value = 
[INFO ][2016-02-04 20:10:39,799][com.java.TestType] [ 7279] - BEFORE CLICK
[INFO ][2016-02-04 20:10:41,324][com.java.TestType] [ 7287] - Unable to click the object Hide left menu 
[INFO ][2016-02-04 20:10:41,324][com.java.SeleniumDriver] [  930] -  RESULT true
[INFO ][2016-02-04 20:10:41,324][com.java.SeleniumDriver] [ 1136] - ?   P A S S   ?
[INFO ][2016-02-04 20:10:41,324][com.java.SeleniumDriver] [  856] - ------------------------------------------
[INFO ][2016-02-04 20:10:41,324][com.java.SeleniumDriver] [  857] - Test case being Executed: 9
[INFO ][2016-02-04 20:10:41,324][com.java.SeleniumDriver] [  869] - Test step:8
[INFO ][2016-02-04 20:10:41,324][com.java.SeleniumDriver] [  881] - Datavalue is----------null
[DEBUG][2016-02-04 20:10:41,324][com.java.SeleniumDriver] [  899] - Exception: null
[INFO ][2016-02-04 20:10:41,324][com.java.SeleniumDriver] [  905] - DataField : XPH//button[@id='menu-toggle']
[INFO ][2016-02-04 20:10:41,324][com.java.SeleniumDriver] [  907] - DataValue : 
[INFO ][2016-02-04 20:10:41,324][com.java.SeleniumDriver] [  913] - <In Set values of the page>
[INFO ][2016-02-04 20:10:41,324][com.java.SeleniumDriver] [  916] - {Data Fields & Data Values Exist}
[INFO ][2016-02-04 20:10:41,325][com.java.SeleniumDriver] [  918] - --------------------------setting values-----------------------------
[INFO ][2016-02-04 20:10:41,325][com.java.SeleniumDriver] [  921] - Action Type : Click
[INFO ][2016-02-04 20:10:41,325][com.java.TestType] [ 7106] - Field ::XPH//button[@id='menu-toggle']
[INFO ][2016-02-04 20:10:41,325][com.java.TestType] [ 6727] - value = 
[INFO ][2016-02-04 20:10:42,326][com.java.TestType] [ 7279] - BEFORE CLICK
[INFO ][2016-02-04 20:10:43,431][com.java.TestType] [ 7287] - Unable to click the object Hide left menu 
[INFO ][2016-02-04 20:10:43,431][com.java.SeleniumDriver] [  930] -  RESULT true
[INFO ][2016-02-04 20:10:43,431][com.java.SeleniumDriver] [ 1136] - ?   P A S S   ?
[INFO ][2016-02-04 20:10:43,431][com.java.SeleniumDriver] [  856] - ------------------------------------------
[INFO ][2016-02-04 20:10:43,431][com.java.SeleniumDriver] [  857] - Test case being Executed: 9
[INFO ][2016-02-04 20:10:43,431][com.java.SeleniumDriver] [  869] - Test step:9
[INFO ][2016-02-04 20:10:43,431][com.java.SeleniumDriver] [  881] - Datavalue is----------null
[DEBUG][2016-02-04 20:10:43,431][com.java.SeleniumDriver] [  899] - Exception: null
[INFO ][2016-02-04 20:10:43,431][com.java.SeleniumDriver] [  905] - DataField : XPH//button[@class='menu-item handle']
[INFO ][2016-02-04 20:10:43,431][com.java.SeleniumDriver] [  907] - DataValue : 
[INFO ][2016-02-04 20:10:43,431][com.java.SeleniumDriver] [  913] - <In Set values of the page>
[INFO ][2016-02-04 20:10:43,431][com.java.SeleniumDriver] [  916] - {Data Fields & Data Values Exist}
[INFO ][2016-02-04 20:10:43,431][com.java.SeleniumDriver] [  918] - --------------------------setting values-----------------------------
[INFO ][2016-02-04 20:10:43,432][com.java.SeleniumDriver] [  921] - Action Type : Click
[INFO ][2016-02-04 20:10:43,432][com.java.TestType] [ 7106] - Field ::XPH//button[@class='menu-item handle']
[INFO ][2016-02-04 20:10:43,432][com.java.TestType] [ 6727] - value = 
[INFO ][2016-02-04 20:10:44,432][com.java.TestType] [ 7279] - BEFORE CLICK
[INFO ][2016-02-04 20:10:45,543][com.java.TestType] [ 7287] - Unable to click the object Expand menu
[INFO ][2016-02-04 20:10:45,543][com.java.SeleniumDriver] [  930] -  RESULT true
[INFO ][2016-02-04 20:10:45,543][com.java.SeleniumDriver] [ 1136] - ?   P A S S   ?
[INFO ][2016-02-04 20:10:45,543][com.java.SeleniumDriver] [  856] - ------------------------------------------
[INFO ][2016-02-04 20:10:45,543][com.java.SeleniumDriver] [  857] - Test case being Executed: 9
[INFO ][2016-02-04 20:10:45,543][com.java.SeleniumDriver] [  869] - Test step:10
[INFO ][2016-02-04 20:10:45,543][com.java.SeleniumDriver] [  881] - Datavalue is----------2
[INFO ][2016-02-04 20:10:45,543][com.java.SeleniumDriver] [  905] - DataField : XPH//span[contains(@class,'glyphicon glyphicon-bell')]
[INFO ][2016-02-04 20:10:45,543][com.java.SeleniumDriver] [  907] - DataValue : 2
[INFO ][2016-02-04 20:10:45,543][com.java.SeleniumDriver] [  913] - <In Set values of the page>
[INFO ][2016-02-04 20:10:45,543][com.java.SeleniumDriver] [  916] - {Data Fields & Data Values Exist}
[INFO ][2016-02-04 20:10:45,543][com.java.SeleniumDriver] [  918] - --------------------------setting values-----------------------------
[INFO ][2016-02-04 20:10:45,543][com.java.SeleniumDriver] [  921] - Action Type : WaitForElement
[INFO ][2016-02-04 20:10:45,621][com.java.SeleniumDriver] [  930] -  RESULT true
[INFO ][2016-02-04 20:10:45,621][com.java.SeleniumDriver] [ 1136] - ?   P A S S   ?
[INFO ][2016-02-04 20:10:45,621][com.java.SeleniumDriver] [  856] - ------------------------------------------
[INFO ][2016-02-04 20:10:45,621][com.java.SeleniumDriver] [  857] - Test case being Executed: 9
[INFO ][2016-02-04 20:10:45,622][com.java.SeleniumDriver] [  869] - Test step:11
[INFO ][2016-02-04 20:10:45,622][com.java.SeleniumDriver] [  881] - Datavalue is----------null
[DEBUG][2016-02-04 20:10:45,622][com.java.SeleniumDriver] [  899] - Exception: null
[INFO ][2016-02-04 20:10:45,622][com.java.SeleniumDriver] [  905] - DataField : XPH//span[contains(@class,'glyphicon glyphicon-bell')]
[INFO ][2016-02-04 20:10:45,622][com.java.SeleniumDriver] [  907] - DataValue : 
[INFO ][2016-02-04 20:10:45,622][com.java.SeleniumDriver] [  913] - <In Set values of the page>
[INFO ][2016-02-04 20:10:45,622][com.java.SeleniumDriver] [  916] - {Data Fields & Data Values Exist}
[INFO ][2016-02-04 20:10:45,622][com.java.SeleniumDriver] [  918] - --------------------------setting values-----------------------------
[INFO ][2016-02-04 20:10:45,622][com.java.SeleniumDriver] [  921] - Action Type : Click
[INFO ][2016-02-04 20:10:45,622][com.java.TestType] [ 7106] - Field ::XPH//span[contains(@class,'glyphicon glyphicon-bell')]
[INFO ][2016-02-04 20:10:45,622][com.java.TestType] [ 6727] - value = 
[INFO ][2016-02-04 20:10:46,622][com.java.TestType] [ 7279] - BEFORE CLICK
[INFO ][2016-02-04 20:10:47,861][com.java.TestType] [ 7287] - Unable to click the object Bell Icon
[INFO ][2016-02-04 20:10:47,861][com.java.SeleniumDriver] [  930] -  RESULT true
[INFO ][2016-02-04 20:10:47,861][com.java.SeleniumDriver] [ 1136] - ?   P A S S   ?
[INFO ][2016-02-04 20:10:47,861][com.java.SeleniumDriver] [  856] - ------------------------------------------
[INFO ][2016-02-04 20:10:47,861][com.java.SeleniumDriver] [  857] - Test case being Executed: 9
[WARN ][2016-02-04 20:10:47,861][com.java.SeleniumDriver] [  861] - -----------------------Step Skipped:: 	TestCaseNo:  9	 StepNo: 12  	::	Action Type:  Click 	::		ClientName In TestData:  "SKIP" 	::	ClientName in config:  "Bank of North Carolina"-----------------------------
[INFO ][2016-02-04 20:10:47,861][com.java.SeleniumDriver] [  856] - ------------------------------------------
[INFO ][2016-02-04 20:10:47,861][com.java.SeleniumDriver] [  857] - Test case being Executed: 9
[WARN ][2016-02-04 20:10:47,861][com.java.SeleniumDriver] [  861] - -----------------------Step Skipped:: 	TestCaseNo:  9	 StepNo: 13  	::	Action Type:  WaitForElement 	::		ClientName In TestData:  "SKIP" 	::	ClientName in config:  "Bank of North Carolina"-----------------------------
[INFO ][2016-02-04 20:10:47,861][com.java.SeleniumDriver] [  856] - ------------------------------------------
[INFO ][2016-02-04 20:10:47,861][com.java.SeleniumDriver] [  857] - Test case being Executed: 9
[INFO ][2016-02-04 20:10:47,861][com.java.SeleniumDriver] [  869] - Test step:14
[INFO ][2016-02-04 20:10:47,862][com.java.SeleniumDriver] [  881] - Datavalue is----------null
[DEBUG][2016-02-04 20:10:47,862][com.java.SeleniumDriver] [  899] - Exception: null
[INFO ][2016-02-04 20:10:47,862][com.java.SeleniumDriver] [  905] - DataField : XPH//div[@class='panel panel-default ng-scope'][2]//span[@class='glyphicon glyphicon-play']
[INFO ][2016-02-04 20:10:47,862][com.java.SeleniumDriver] [  907] - DataValue : 
[INFO ][2016-02-04 20:10:47,862][com.java.SeleniumDriver] [  913] - <In Set values of the page>
[INFO ][2016-02-04 20:10:47,862][com.java.SeleniumDriver] [  916] - {Data Fields & Data Values Exist}
[INFO ][2016-02-04 20:10:47,862][com.java.SeleniumDriver] [  918] - --------------------------setting values-----------------------------
[INFO ][2016-02-04 20:10:47,862][com.java.SeleniumDriver] [  921] - Action Type : Click
[INFO ][2016-02-04 20:10:47,862][com.java.TestType] [ 7106] - Field ::XPH//div[@class='panel panel-default ng-scope'][2]//span[@class='glyphicon glyphicon-play']
[INFO ][2016-02-04 20:10:47,862][com.java.TestType] [ 6727] - value = 
[INFO ][2016-02-04 20:10:48,862][com.java.TestType] [ 7279] - BEFORE CLICK
[INFO ][2016-02-04 20:10:49,855][com.java.TestType] [ 7287] - Unable to click the object Click BS triangle
[INFO ][2016-02-04 20:10:49,855][com.java.SeleniumDriver] [  930] -  RESULT true
[INFO ][2016-02-04 20:10:49,855][com.java.SeleniumDriver] [ 1136] - ?   P A S S   ?
[INFO ][2016-02-04 20:10:49,855][com.java.SeleniumDriver] [  856] - ------------------------------------------
[INFO ][2016-02-04 20:10:49,855][com.java.SeleniumDriver] [  857] - Test case being Executed: 9
[INFO ][2016-02-04 20:10:49,855][com.java.SeleniumDriver] [  869] - Test step:15
[INFO ][2016-02-04 20:10:49,855][com.java.SeleniumDriver] [  881] - Datavalue is----------null
[DEBUG][2016-02-04 20:10:49,855][com.java.SeleniumDriver] [  899] - Exception: null
[INFO ][2016-02-04 20:10:49,856][com.java.SeleniumDriver] [  905] - DataField : XPH//div[@class='panel panel-default ng-scope'][2]//span[@class='glyphicon glyphicon-play down']
[INFO ][2016-02-04 20:10:49,856][com.java.SeleniumDriver] [  907] - DataValue : 
[INFO ][2016-02-04 20:10:49,856][com.java.SeleniumDriver] [  913] - <In Set values of the page>
[INFO ][2016-02-04 20:10:49,856][com.java.SeleniumDriver] [  916] - {Data Fields & Data Values Exist}
[INFO ][2016-02-04 20:10:49,856][com.java.SeleniumDriver] [  918] - --------------------------setting values-----------------------------
[INFO ][2016-02-04 20:10:49,856][com.java.SeleniumDriver] [  921] - Action Type : Click
[INFO ][2016-02-04 20:10:49,856][com.java.TestType] [ 7106] - Field ::XPH//div[@class='panel panel-default ng-scope'][2]//span[@class='glyphicon glyphicon-play down']
[INFO ][2016-02-04 20:10:49,856][com.java.TestType] [ 6727] - value = 
[INFO ][2016-02-04 20:10:50,856][com.java.TestType] [ 7279] - BEFORE CLICK
[INFO ][2016-02-04 20:10:51,789][com.java.TestType] [ 7287] - Unable to click the object Click BS triangle
[INFO ][2016-02-04 20:10:51,789][com.java.SeleniumDriver] [  930] -  RESULT true
[INFO ][2016-02-04 20:10:51,789][com.java.SeleniumDriver] [ 1136] - ?   P A S S   ?
[INFO ][2016-02-04 20:10:51,789][com.java.SeleniumDriver] [  856] - ------------------------------------------
[INFO ][2016-02-04 20:10:51,789][com.java.SeleniumDriver] [  857] - Test case being Executed: 9
[INFO ][2016-02-04 20:10:51,789][com.java.SeleniumDriver] [  869] - Test step:16
[INFO ][2016-02-04 20:10:51,789][com.java.SeleniumDriver] [  881] - Datavalue is----------//div[@id='isAlertsHeading']//span[@title='Show Report']
[INFO ][2016-02-04 20:10:51,789][com.java.SeleniumDriver] [  905] - DataField : BTN
[INFO ][2016-02-04 20:10:51,789][com.java.SeleniumDriver] [  907] - DataValue : //div[@id='isAlertsHeading']//span[@title='Show Report']
[INFO ][2016-02-04 20:10:51,789][com.java.SeleniumDriver] [  913] - <In Set values of the page>
[INFO ][2016-02-04 20:10:51,789][com.java.SeleniumDriver] [  916] - {Data Fields & Data Values Exist}
[INFO ][2016-02-04 20:10:51,789][com.java.SeleniumDriver] [  918] - --------------------------setting values-----------------------------
[INFO ][2016-02-04 20:10:51,789][com.java.SeleniumDriver] [  921] - Action Type : VERIFY
[INFO ][2016-02-04 20:10:51,790][com.java.TestType] [ 8335] - field= BTN value= //div[@id='isAlertsHeading']//span[@title='Show Report']
[INFO ][2016-02-04 20:10:51,790][com.java.TestType] [ 6727] - value = //div[@id='isAlertsHeading']//span[@title='Show Report']
[INFO ][2016-02-04 20:10:51,914][com.java.SeleniumDriver] [  930] -  RESULT true
[INFO ][2016-02-04 20:10:51,914][com.java.SeleniumDriver] [ 1136] - ?   P A S S   ?
[INFO ][2016-02-04 20:10:51,914][com.java.SeleniumDriver] [ 1173] - Continue next step...
[INFO ][2016-02-04 20:10:51,914][com.java.SeleniumDriver] [  856] - ------------------------------------------
[INFO ][2016-02-04 20:10:51,914][com.java.SeleniumDriver] [  857] - Test case being Executed: 9
[INFO ][2016-02-04 20:10:51,914][com.java.SeleniumDriver] [  869] - Test step:17
[INFO ][2016-02-04 20:10:51,914][com.java.SeleniumDriver] [  881] - Datavalue is----------numberofupdatesbeforerefreshing
[INFO ][2016-02-04 20:10:51,914][com.java.SeleniumDriver] [  905] - DataField : XPH//span[@class='badge ng-binding ng-scope']
[INFO ][2016-02-04 20:10:51,914][com.java.SeleniumDriver] [  907] - DataValue : numberofupdatesbeforerefreshing
[INFO ][2016-02-04 20:10:51,915][com.java.SeleniumDriver] [  913] - <In Set values of the page>
[INFO ][2016-02-04 20:10:51,915][com.java.SeleniumDriver] [  916] - {Data Fields & Data Values Exist}
[INFO ][2016-02-04 20:10:51,915][com.java.SeleniumDriver] [  918] - --------------------------setting values-----------------------------
[INFO ][2016-02-04 20:10:51,915][com.java.SeleniumDriver] [  921] - Action Type : storevalue
[INFO ][2016-02-04 20:10:51,915][com.java.TestType] [ 9834] - field= XPH//span[@class='badge ng-binding ng-scope']
[DEBUG][2016-02-04 20:10:52,029][com.java.TestType] [ 9889] - Key:: numberofupdatesbeforerefreshing   Value:: 402
[INFO ][2016-02-04 20:10:52,029][com.java.SeleniumDriver] [  930] -  RESULT true
[INFO ][2016-02-04 20:10:52,029][com.java.SeleniumDriver] [ 1136] - ?   P A S S   ?
[INFO ][2016-02-04 20:10:52,029][com.java.SeleniumDriver] [  856] - ------------------------------------------
[INFO ][2016-02-04 20:10:52,029][com.java.SeleniumDriver] [  857] - Test case being Executed: 9
[INFO ][2016-02-04 20:10:52,029][com.java.SeleniumDriver] [  869] - Test step:18
[INFO ][2016-02-04 20:10:52,029][com.java.SeleniumDriver] [  881] - Datavalue is----------2
[INFO ][2016-02-04 20:10:52,029][com.java.SeleniumDriver] [  905] - DataField : XPH//span[contains(text(), "Today's Alerts")]
[INFO ][2016-02-04 20:10:52,030][com.java.SeleniumDriver] [  907] - DataValue : 2
[INFO ][2016-02-04 20:10:52,030][com.java.SeleniumDriver] [  913] - <In Set values of the page>
[INFO ][2016-02-04 20:10:52,030][com.java.SeleniumDriver] [  916] - {Data Fields & Data Values Exist}
[INFO ][2016-02-04 20:10:52,030][com.java.SeleniumDriver] [  918] - --------------------------setting values-----------------------------
[INFO ][2016-02-04 20:10:52,030][com.java.SeleniumDriver] [  921] - Action Type : WaitForElement
[INFO ][2016-02-04 20:10:52,075][com.java.SeleniumDriver] [  930] -  RESULT true
[INFO ][2016-02-04 20:10:52,075][com.java.SeleniumDriver] [ 1136] - ?   P A S S   ?
[INFO ][2016-02-04 20:10:52,075][com.java.SeleniumDriver] [  856] - ------------------------------------------
[INFO ][2016-02-04 20:10:52,075][com.java.SeleniumDriver] [  857] - Test case being Executed: 9
[INFO ][2016-02-04 20:10:52,075][com.java.SeleniumDriver] [  869] - Test step:19
[INFO ][2016-02-04 20:10:52,075][com.java.SeleniumDriver] [  881] - Datavalue is----------Today's Alerts
[INFO ][2016-02-04 20:10:52,075][com.java.SeleniumDriver] [  905] - DataField : XPH//span[contains(text(), "Today's Alerts")]
[INFO ][2016-02-04 20:10:52,075][com.java.SeleniumDriver] [  907] - DataValue : Today's Alerts
[INFO ][2016-02-04 20:10:52,076][com.java.SeleniumDriver] [  913] - <In Set values of the page>
[INFO ][2016-02-04 20:10:52,076][com.java.SeleniumDriver] [  916] - {Data Fields & Data Values Exist}
[INFO ][2016-02-04 20:10:52,076][com.java.SeleniumDriver] [  918] - --------------------------setting values-----------------------------
[INFO ][2016-02-04 20:10:52,076][com.java.SeleniumDriver] [  921] - Action Type : VERIFY
[INFO ][2016-02-04 20:10:52,076][com.java.TestType] [ 8335] - field= XPH//span[contains(text(), "Today's Alerts")] value= Today's Alerts
[INFO ][2016-02-04 20:10:52,076][com.java.TestType] [ 6727] - value = Today's Alerts
[INFO ][2016-02-04 20:10:52,242][com.java.SeleniumDriver] [  930] -  RESULT true
[INFO ][2016-02-04 20:10:52,242][com.java.SeleniumDriver] [ 1136] - ?   P A S S   ?
[INFO ][2016-02-04 20:10:52,242][com.java.SeleniumDriver] [  856] - ------------------------------------------
[INFO ][2016-02-04 20:10:52,242][com.java.SeleniumDriver] [  857] - Test case being Executed: 9
[WARN ][2016-02-04 20:10:52,242][com.java.SeleniumDriver] [  861] - -----------------------Step Skipped:: 	TestCaseNo:  9	 StepNo: 20  	::	Action Type:  verifypresent 	::		ClientName In TestData:  "SKIP" 	::	ClientName in config:  "Bank of North Carolina"-----------------------------
[INFO ][2016-02-04 20:10:52,242][com.java.SeleniumDriver] [  856] - ------------------------------------------
[INFO ][2016-02-04 20:10:52,242][com.java.SeleniumDriver] [  857] - Test case being Executed: 9
[INFO ][2016-02-04 20:10:52,242][com.java.SeleniumDriver] [  869] - Test step:21
[INFO ][2016-02-04 20:10:52,242][com.java.SeleniumDriver] [  881] - Datavalue is----------null
[DEBUG][2016-02-04 20:10:52,242][com.java.SeleniumDriver] [  899] - Exception: null
[INFO ][2016-02-04 20:10:52,243][com.java.SeleniumDriver] [  905] - DataField : XPH//div[@id='isAlertsHeading']//span[@title='Show Report']
[INFO ][2016-02-04 20:10:52,243][com.java.SeleniumDriver] [  907] - DataValue : 
[INFO ][2016-02-04 20:10:52,243][com.java.SeleniumDriver] [  913] - <In Set values of the page>
[INFO ][2016-02-04 20:10:52,243][com.java.SeleniumDriver] [  916] - {Data Fields & Data Values Exist}
[INFO ][2016-02-04 20:10:52,243][com.java.SeleniumDriver] [  918] - --------------------------setting values-----------------------------
[INFO ][2016-02-04 20:10:52,243][com.java.SeleniumDriver] [  921] - Action Type : Click
[INFO ][2016-02-04 20:10:52,243][com.java.TestType] [ 7106] - Field ::XPH//div[@id='isAlertsHeading']//span[@title='Show Report']
[INFO ][2016-02-04 20:10:52,243][com.java.TestType] [ 6727] - value = 
[INFO ][2016-02-04 20:10:53,243][com.java.TestType] [ 7279] - BEFORE CLICK
[INFO ][2016-02-04 20:10:54,685][com.java.TestType] [ 7287] - Unable to click the object Show Report Icon
[INFO ][2016-02-04 20:10:54,685][com.java.SeleniumDriver] [  930] -  RESULT true
[INFO ][2016-02-04 20:10:54,685][com.java.SeleniumDriver] [ 1136] - ?   P A S S   ?
[INFO ][2016-02-04 20:10:54,685][com.java.SeleniumDriver] [  856] - ------------------------------------------
[INFO ][2016-02-04 20:10:54,685][com.java.SeleniumDriver] [  857] - Test case being Executed: 9
[INFO ][2016-02-04 20:10:54,685][com.java.SeleniumDriver] [  869] - Test step:22
[INFO ][2016-02-04 20:10:54,685][com.java.SeleniumDriver] [  881] - Datavalue is----------null
[DEBUG][2016-02-04 20:10:54,685][com.java.SeleniumDriver] [  899] - Exception: null
[INFO ][2016-02-04 20:10:54,685][com.java.SeleniumDriver] [  905] - DataField : XPH//a[@id='aTab2']
[INFO ][2016-02-04 20:10:54,685][com.java.SeleniumDriver] [  907] - DataValue : 
[INFO ][2016-02-04 20:10:54,685][com.java.SeleniumDriver] [  913] - <In Set values of the page>
[INFO ][2016-02-04 20:10:54,685][com.java.SeleniumDriver] [  916] - {Data Fields & Data Values Exist}
[INFO ][2016-02-04 20:10:54,685][com.java.SeleniumDriver] [  918] - --------------------------setting values-----------------------------
[INFO ][2016-02-04 20:10:54,686][com.java.SeleniumDriver] [  921] - Action Type : Click
[INFO ][2016-02-04 20:10:54,686][com.java.TestType] [ 7106] - Field ::XPH//a[@id='aTab2']
[INFO ][2016-02-04 20:10:54,686][com.java.TestType] [ 6727] - value = 
[INFO ][2016-02-04 20:10:55,686][com.java.TestType] [ 7279] - BEFORE CLICK
[INFO ][2016-02-04 20:10:57,013][com.java.TestType] [ 7287] - Unable to click the object Balance Sheet Compare report on second tab
[INFO ][2016-02-04 20:10:57,013][com.java.SeleniumDriver] [  930] -  RESULT true
[INFO ][2016-02-04 20:10:57,013][com.java.SeleniumDriver] [ 1136] - ?   P A S S   ?
[INFO ][2016-02-04 20:10:57,013][com.java.SeleniumDriver] [  856] - ------------------------------------------
[INFO ][2016-02-04 20:10:57,013][com.java.SeleniumDriver] [  857] - Test case being Executed: 9
[INFO ][2016-02-04 20:10:57,013][com.java.SeleniumDriver] [  869] - Test step:23
[INFO ][2016-02-04 20:10:57,013][com.java.SeleniumDriver] [  881] - Datavalue is----------2
[INFO ][2016-02-04 20:10:57,013][com.java.SeleniumDriver] [  905] - DataField : XPH//td[contains(text(),'Income Statement Compare')]
[INFO ][2016-02-04 20:10:57,013][com.java.SeleniumDriver] [  907] - DataValue : 2
[INFO ][2016-02-04 20:10:57,013][com.java.SeleniumDriver] [  913] - <In Set values of the page>
[INFO ][2016-02-04 20:10:57,013][com.java.SeleniumDriver] [  916] - {Data Fields & Data Values Exist}
[INFO ][2016-02-04 20:10:57,013][com.java.SeleniumDriver] [  918] - --------------------------setting values-----------------------------
[INFO ][2016-02-04 20:10:57,013][com.java.SeleniumDriver] [  921] - Action Type : WaitForElement
[INFO ][2016-02-04 20:10:57,079][com.java.SeleniumDriver] [  930] -  RESULT true
[INFO ][2016-02-04 20:10:57,079][com.java.SeleniumDriver] [ 1136] - ?   P A S S   ?
[INFO ][2016-02-04 20:10:57,079][com.java.SeleniumDriver] [  856] - ------------------------------------------
[INFO ][2016-02-04 20:10:57,079][com.java.SeleniumDriver] [  857] - Test case being Executed: 9
[INFO ][2016-02-04 20:10:57,079][com.java.SeleniumDriver] [  869] - Test step:24
[INFO ][2016-02-04 20:10:57,079][com.java.SeleniumDriver] [  881] - Datavalue is----------//td[contains(text(),'Income Statement Compare')]
[INFO ][2016-02-04 20:10:57,079][com.java.SeleniumDriver] [  905] - DataField : BTN
[INFO ][2016-02-04 20:10:57,079][com.java.SeleniumDriver] [  907] - DataValue : //td[contains(text(),'Income Statement Compare')]
[INFO ][2016-02-04 20:10:57,079][com.java.SeleniumDriver] [  913] - <In Set values of the page>
[INFO ][2016-02-04 20:10:57,080][com.java.SeleniumDriver] [  916] - {Data Fields & Data Values Exist}
[INFO ][2016-02-04 20:10:57,080][com.java.SeleniumDriver] [  918] - --------------------------setting values-----------------------------
[INFO ][2016-02-04 20:10:57,080][com.java.SeleniumDriver] [  921] - Action Type : VERIFY
[INFO ][2016-02-04 20:10:57,080][com.java.TestType] [ 8335] - field= BTN value= //td[contains(text(),'Income Statement Compare')]
[INFO ][2016-02-04 20:10:57,080][com.java.TestType] [ 6727] - value = //td[contains(text(),'Income Statement Compare')]
[INFO ][2016-02-04 20:10:57,152][com.java.SeleniumDriver] [  930] -  RESULT true
[INFO ][2016-02-04 20:10:57,152][com.java.SeleniumDriver] [ 1136] - ?   P A S S   ?
[INFO ][2016-02-04 20:10:57,152][com.java.SeleniumDriver] [  856] - ------------------------------------------
[INFO ][2016-02-04 20:10:57,152][com.java.SeleniumDriver] [  857] - Test case being Executed: 9
[INFO ][2016-02-04 20:10:57,152][com.java.SeleniumDriver] [  869] - Test step:25
[INFO ][2016-02-04 20:10:57,152][com.java.SeleniumDriver] [  881] - Datavalue is----------null
[DEBUG][2016-02-04 20:10:57,152][com.java.SeleniumDriver] [  899] - Exception: null
[INFO ][2016-02-04 20:10:57,152][com.java.SeleniumDriver] [  905] - DataField : BTNparent
[INFO ][2016-02-04 20:10:57,153][com.java.SeleniumDriver] [  907] - DataValue : 
[INFO ][2016-02-04 20:10:57,153][com.java.SeleniumDriver] [  913] - <In Set values of the page>
[INFO ][2016-02-04 20:10:57,153][com.java.SeleniumDriver] [  916] - {Data Fields & Data Values Exist}
[INFO ][2016-02-04 20:10:57,153][com.java.SeleniumDriver] [  918] - --------------------------setting values-----------------------------
[INFO ][2016-02-04 20:10:57,153][com.java.SeleniumDriver] [  921] - Action Type : SELECTFRAME
[INFO ][2016-02-04 20:10:57,168][com.java.SeleniumDriver] [  930] -  RESULT true
[INFO ][2016-02-04 20:10:57,168][com.java.SeleniumDriver] [ 1136] - ?   P A S S   ?
[INFO ][2016-02-04 20:10:57,168][com.java.SeleniumDriver] [  856] - ------------------------------------------
[INFO ][2016-02-04 20:10:57,168][com.java.SeleniumDriver] [  857] - Test case being Executed: 9
[INFO ][2016-02-04 20:10:57,168][com.java.SeleniumDriver] [  869] - Test step:26
[INFO ][2016-02-04 20:10:57,168][com.java.SeleniumDriver] [  881] - Datavalue is----------null
[DEBUG][2016-02-04 20:10:57,170][com.java.SeleniumDriver] [  899] - Exception: null
[INFO ][2016-02-04 20:10:57,170][com.java.SeleniumDriver] [  905] - DataField : XPH//a[@id='newTab']
[INFO ][2016-02-04 20:10:57,170][com.java.SeleniumDriver] [  907] - DataValue : 
[INFO ][2016-02-04 20:10:57,170][com.java.SeleniumDriver] [  913] - <In Set values of the page>
[INFO ][2016-02-04 20:10:57,170][com.java.SeleniumDriver] [  916] - {Data Fields & Data Values Exist}
[INFO ][2016-02-04 20:10:57,170][com.java.SeleniumDriver] [  918] - --------------------------setting values-----------------------------
[INFO ][2016-02-04 20:10:57,170][com.java.SeleniumDriver] [  921] - Action Type : Click
[INFO ][2016-02-04 20:10:57,170][com.java.TestType] [ 7106] - Field ::XPH//a[@id='newTab']
[INFO ][2016-02-04 20:10:57,170][com.java.TestType] [ 6727] - value = 
[INFO ][2016-02-04 20:10:58,170][com.java.TestType] [ 7279] - BEFORE CLICK
[INFO ][2016-02-04 20:10:59,346][com.java.TestType] [ 7287] - Unable to click the object New Tab
[INFO ][2016-02-04 20:10:59,346][com.java.SeleniumDriver] [  930] -  RESULT true
[INFO ][2016-02-04 20:10:59,346][com.java.SeleniumDriver] [ 1136] - ?   P A S S   ?
[INFO ][2016-02-04 20:10:59,346][com.java.SeleniumDriver] [  856] - ------------------------------------------
[INFO ][2016-02-04 20:10:59,346][com.java.SeleniumDriver] [  857] - Test case being Executed: 9
[INFO ][2016-02-04 20:10:59,346][com.java.SeleniumDriver] [  869] - Test step:27
[INFO ][2016-02-04 20:10:59,346][com.java.SeleniumDriver] [  881] - Datavalue is----------null
[DEBUG][2016-02-04 20:10:59,346][com.java.SeleniumDriver] [  899] - Exception: null
[INFO ][2016-02-04 20:10:59,346][com.java.SeleniumDriver] [  905] - DataField : //span[@class="icon-coin"]&&//a[text()='Income Statement']&&//a[@data-id="ISCompare"]
[INFO ][2016-02-04 20:10:59,346][com.java.SeleniumDriver] [  907] - DataValue : 
[INFO ][2016-02-04 20:10:59,346][com.java.SeleniumDriver] [  913] - <In Set values of the page>
[INFO ][2016-02-04 20:10:59,346][com.java.SeleniumDriver] [  916] - {Data Fields & Data Values Exist}
[INFO ][2016-02-04 20:10:59,347][com.java.SeleniumDriver] [  918] - --------------------------setting values-----------------------------
[INFO ][2016-02-04 20:10:59,347][com.java.SeleniumDriver] [  921] - Action Type : MOUSEOVER
[INFO ][2016-02-04 20:11:23,996][com.java.SeleniumDriver] [  930] -  RESULT true
[INFO ][2016-02-04 20:11:23,996][com.java.SeleniumDriver] [ 1136] - ?   P A S S   ?
[INFO ][2016-02-04 20:11:23,996][com.java.SeleniumDriver] [  856] - ------------------------------------------
[INFO ][2016-02-04 20:11:23,996][com.java.SeleniumDriver] [  857] - Test case being Executed: 9
[INFO ][2016-02-04 20:11:23,996][com.java.SeleniumDriver] [  869] - Test step:28
[INFO ][2016-02-04 20:11:23,996][com.java.SeleniumDriver] [  881] - Datavalue is----------4
[INFO ][2016-02-04 20:11:23,996][com.java.SeleniumDriver] [  905] - DataField : XPH//span[contains(text(),'Show Report')]
[INFO ][2016-02-04 20:11:23,996][com.java.SeleniumDriver] [  907] - DataValue : 4
[INFO ][2016-02-04 20:11:23,996][com.java.SeleniumDriver] [  913] - <In Set values of the page>
[INFO ][2016-02-04 20:11:23,996][com.java.SeleniumDriver] [  916] - {Data Fields & Data Values Exist}
[INFO ][2016-02-04 20:11:23,997][com.java.SeleniumDriver] [  918] - --------------------------setting values-----------------------------
[INFO ][2016-02-04 20:11:23,997][com.java.SeleniumDriver] [  921] - Action Type : WAITFORELEMENT
[INFO ][2016-02-04 20:11:24,042][com.java.SeleniumDriver] [  930] -  RESULT true
[INFO ][2016-02-04 20:11:24,042][com.java.SeleniumDriver] [ 1136] - ?   P A S S   ?
[INFO ][2016-02-04 20:11:24,042][com.java.SeleniumDriver] [  856] - ------------------------------------------
[INFO ][2016-02-04 20:11:24,042][com.java.SeleniumDriver] [  857] - Test case being Executed: 9
[INFO ][2016-02-04 20:11:24,042][com.java.SeleniumDriver] [  869] - Test step:29
[INFO ][2016-02-04 20:11:24,042][com.java.SeleniumDriver] [  881] - Datavalue is----------2
[INFO ][2016-02-04 20:11:24,043][com.java.SeleniumDriver] [  905] - DataField : BTNframeDialogContent
[INFO ][2016-02-04 20:11:24,043][com.java.SeleniumDriver] [  907] - DataValue : 2
[INFO ][2016-02-04 20:11:24,043][com.java.SeleniumDriver] [  913] - <In Set values of the page>
[INFO ][2016-02-04 20:11:24,043][com.java.SeleniumDriver] [  916] - {Data Fields & Data Values Exist}
[INFO ][2016-02-04 20:11:24,043][com.java.SeleniumDriver] [  918] - --------------------------setting values-----------------------------
[INFO ][2016-02-04 20:11:24,043][com.java.SeleniumDriver] [  921] - Action Type : WAITFORELEMENT
[INFO ][2016-02-04 20:11:25,316][com.java.SeleniumDriver] [  930] -  RESULT true
[INFO ][2016-02-04 20:11:25,316][com.java.SeleniumDriver] [ 1136] - ?   P A S S   ?
[INFO ][2016-02-04 20:11:25,316][com.java.SeleniumDriver] [  856] - ------------------------------------------
[INFO ][2016-02-04 20:11:25,316][com.java.SeleniumDriver] [  857] - Test case being Executed: 9
[INFO ][2016-02-04 20:11:25,316][com.java.SeleniumDriver] [  869] - Test step:30
[INFO ][2016-02-04 20:11:25,316][com.java.SeleniumDriver] [  881] - Datavalue is----------null
[DEBUG][2016-02-04 20:11:25,317][com.java.SeleniumDriver] [  899] - Exception: null
[INFO ][2016-02-04 20:11:25,317][com.java.SeleniumDriver] [  905] - DataField : BTNframeDialogContent
[INFO ][2016-02-04 20:11:25,317][com.java.SeleniumDriver] [  907] - DataValue : 
[INFO ][2016-02-04 20:11:25,317][com.java.SeleniumDriver] [  913] - <In Set values of the page>
[INFO ][2016-02-04 20:11:25,317][com.java.SeleniumDriver] [  916] - {Data Fields & Data Values Exist}
[INFO ][2016-02-04 20:11:25,317][com.java.SeleniumDriver] [  918] - --------------------------setting values-----------------------------
[INFO ][2016-02-04 20:11:25,317][com.java.SeleniumDriver] [  921] - Action Type : SELECTFRAME
[INFO ][2016-02-04 20:11:26,619][com.java.SeleniumDriver] [  930] -  RESULT true
[INFO ][2016-02-04 20:11:26,619][com.java.SeleniumDriver] [ 1136] - ?   P A S S   ?
[INFO ][2016-02-04 20:11:26,619][com.java.SeleniumDriver] [  856] - ------------------------------------------
[INFO ][2016-02-04 20:11:26,619][com.java.SeleniumDriver] [  857] - Test case being Executed: 9
[INFO ][2016-02-04 20:11:26,619][com.java.SeleniumDriver] [  869] - Test step:31
[INFO ][2016-02-04 20:11:26,619][com.java.SeleniumDriver] [  881] - Datavalue is----------IncomeStatementCompare
[INFO ][2016-02-04 20:11:26,619][com.java.SeleniumDriver] [  905] - DataField : XPH//span[contains(text(),'Income Statement Compare')]
[INFO ][2016-02-04 20:11:26,619][com.java.SeleniumDriver] [  907] - DataValue : IncomeStatementCompare
[INFO ][2016-02-04 20:11:26,620][com.java.SeleniumDriver] [  913] - <In Set values of the page>
[INFO ][2016-02-04 20:11:26,620][com.java.SeleniumDriver] [  916] - {Data Fields & Data Values Exist}
[INFO ][2016-02-04 20:11:26,620][com.java.SeleniumDriver] [  918] - --------------------------setting values-----------------------------
[INFO ][2016-02-04 20:11:26,621][com.java.SeleniumDriver] [  921] - Action Type : VERIFY
[INFO ][2016-02-04 20:11:26,621][com.java.TestType] [ 8335] - field= XPH//span[contains(text(),'Income Statement Compare')] value= IncomeStatementCompare
[INFO ][2016-02-04 20:11:26,621][com.java.TestType] [ 6727] - value = IncomeStatementCompare
[ERROR][2016-02-04 20:11:47,126][com.java.TestType] [ 8850] - Element  not found ://span[contains(text(),'Income Statement Compare')]
[INFO ][2016-02-04 20:11:47,127][com.java.SeleniumDriver] [  930] -  RESULT false
[INFO ][2016-02-04 20:11:47,127][com.java.SeleniumDriver] [  977] - ?   F A I L   ?
[INFO ][2016-02-04 20:11:47,127][com.java.SeleniumDriver] [  985] - Browser Type : IE10
[INFO ][2016-02-04 20:11:47,127][com.java.SeleniumDriver] [  986] - Adding Failed case9
[INFO ][2016-02-04 20:11:47,330][com.java.SeleniumDriver] [ 1100] - failedCases = 7,9
[ERROR][2016-02-04 20:11:47,330][com.java.SeleniumDriver] [ 1599] - Platform Errors : Our apologies...::We have encountered an issue with your request.::Our apologies?:We encountered an issue with your request.
[INFO ][2016-02-04 20:11:47,330][com.java.SeleniumDriver] [ 1603] - Length =3
[ERROR][2016-02-04 20:11:47,330][com.java.SeleniumDriver] [ 1606] - Error 0 = Our apologies...
[ERROR][2016-02-04 20:11:47,423][com.java.SeleniumDriver] [ 1606] - Error 1 = We have encountered an issue with your request.
[ERROR][2016-02-04 20:11:47,459][com.java.SeleniumDriver] [ 1606] - Error 2 = Our apologies?:We encountered an issue with your request.
[INFO ][2016-02-04 20:11:47,523][com.java.SeleniumDriver] [ 1617] - strError:
[DEBUG][2016-02-04 20:11:47,538][com.java.SeleniumDriver] [ 1248] - Case found
[DEBUG][2016-02-04 20:11:47,538][com.java.SeleniumDriver] [ 1253] - Incrementing ReportCounters[0]:3
[INFO ][2016-02-04 20:11:47,538][com.java.SeleniumDriver] [ 1272] - The results are-------------------[9, 31, BD Right Hand Menu Bar: IS Alerts -IS alerts exists, Fail, 
Test case failed at Step No. :: 31   Error Message ::  Element not found://span[contains(text(),'Income Statement Compare')]. Screen Shot : D:\BankersDashboard\TestReports\020416\9_020416_201147_IE10.png, Thu Feb 04 20:11:47 IST 2016]
[INFO ][2016-02-04 20:11:47,538][com.java.SeleniumDriver] [ 1276] - End time is-------4 min 28 sec
[INFO ][2016-02-04 20:11:47,538][com.java.SeleniumDriver] [ 1277] - The results are-------------------[9, 31, BD Right Hand Menu Bar: IS Alerts -IS alerts exists, Fail, 
Test case failed at Step No. :: 31   Error Message ::  Element not found://span[contains(text(),'Income Statement Compare')]. Screen Shot : D:\BankersDashboard\TestReports\020416\9_020416_201147_IE10.png, Thu Feb 04 20:11:47 IST 2016]
[DEBUG][2016-02-04 20:11:47,538][com.java.ImportnExport.ExportTestResultsExcel] [  222] - testResultPath = D:\BankersDashboard/TestReports/Test Results_BankersDashBoard_020416_200721_IE10_Bank of North Carolina.xls
[DEBUG][2016-02-04 20:11:47,538][com.java.ImportnExport.ExportTestResultsExcel] [  223] - browser is------------IE10
[DEBUG][2016-02-04 20:11:47,541][com.java.ImportnExport.ExportTestResultsExcel] [  270] - result.size() = 6
[DEBUG][2016-02-04 20:11:47,541][com.java.ImportnExport.ExportTestResultsExcel] [  274] - No of rows in sheet=3
[DEBUG][2016-02-04 20:11:47,541][com.java.ImportnExport.ExportTestResultsExcel] [  301] - ..in export..9
[DEBUG][2016-02-04 20:11:47,541][com.java.ImportnExport.ExportTestResultsExcel] [  301] - ..in export..BD Right Hand Menu Bar: IS Alerts -IS alerts exists
[DEBUG][2016-02-04 20:11:47,541][com.java.ImportnExport.ExportTestResultsExcel] [  301] - ..in export..Fail
[DEBUG][2016-02-04 20:11:47,542][com.java.ImportnExport.ExportTestResultsExcel] [  301] - ..in export..
Test case failed at Step No. :: 31   Error Message ::  Element not found://span[contains(text(),'Income Statement Compare')]. Screen Shot : D:\BankersDashboard\TestReports\020416\9_020416_201147_IE10.png
[DEBUG][2016-02-04 20:11:47,542][com.java.ImportnExport.ExportTestResultsExcel] [  301] - ..in export..Thu Feb 04 20:11:47 IST 2016
[INFO ][2016-02-04 20:11:47,544][com.java.SeleniumDriver] [ 1337] - out loop:2 size:3 TestCases:[1, 7, 9] testcases:[1, 7, 9]
[INFO ][2016-02-04 20:11:49,544][com.java.SeleniumDriver] [ 1380] - Total Number of Cases:3
[INFO ][2016-02-04 20:11:49,544][com.java.TemplateGenerator] [  302] - Executed:3
[INFO ][2016-02-04 20:11:49,544][com.java.TemplateGenerator] [  303] - Passed:1
[INFO ][2016-02-04 20:11:49,544][com.java.TemplateGenerator] [  304] - Failed:2
[INFO ][2016-02-04 20:11:49,544][com.java.TemplateGenerator] [  305] - Skipeed:0
[INFO ][2016-02-04 20:11:49,544][com.java.TemplateGenerator] [  306] - Application URL:https://clients-xuat.bankersdashboard.com
[INFO ][2016-02-04 20:11:49,544][com.java.TemplateGenerator] [  307] - Start Time:020416_200721
[INFO ][2016-02-04 20:11:49,544][com.java.TemplateGenerator] [  308] -  Creating HTML Report 
[ERROR][2016-02-04 20:11:49,545][com.java.TemplateGenerator] [  409] - Unparseable date: "Thu Feb 04 08:07:21 IST 2016"
[INFO ][2016-02-04 20:11:49,547][com.java.TemplateGenerator] [  654] -  Exporting case :: 1
[INFO ][2016-02-04 20:11:49,547][com.java.TemplateGenerator] [  654] -  Exporting case :: 7
[INFO ][2016-02-04 20:11:49,547][com.java.TemplateGenerator] [  654] -  Exporting case :: 9
[INFO ][2016-02-04 20:11:49,553][com.java.SeleniumDriver] [ 1429] - End Time:020416_201149
[INFO ][2016-02-04 20:11:49,553][com.java.SeleniumDriver] [ 1432] - Data in Test Execution Details:{1=PASS, 7=FAILTest case failed at Step No. :: 55   Error Message ::  Element should have been "select" but was "span"
Build info: version: '2.48.2', revision: '41bccdd', time: '2015-10-09 19:59:12'
System info: host: 'FVTIII438F1D', ip: '172.17.68.34', os.name: 'Windows 7', os.arch: 'x86', os.version: '6.1', java.version: '1.7.0_55'
Driver info: driver.version: SeleniumDriver, 9=FAILTest case failed at Step No. :: 31   Error Message ::  Element not found://span[contains(text(),'Income Statement Compare')]}
[INFO ][2016-02-04 20:11:49,553][com.java.SeleniumDriver] [ 1433] - Data in Failed Execution Deatils:{}
[INFO ][2016-02-04 20:11:49,553][com.java.SeleniumDriver] [ 1435] - ReportCounter:Total:3 :: PASS: 1 ::FAIL: 2
[INFO ][2016-02-04 20:11:49,554][com.java.SeleniumDriver] [ 1436] - FailedReportCounter:Total:0 :: PASS: 0 ::FAIL: 0
[INFO ][2016-02-04 20:11:49,561][com.java.EmailTestReport] [   63] - Sending report mail details:
[INFO ][2016-02-04 20:11:49,561][com.java.EmailTestReport] [   80] - Excel Report Path:D:\BankersDashboard/TestReports/Test Results_BankersDashBoard_020416_200721_IE10_Bank of North Carolina.xls
[INFO ][2016-02-04 20:11:49,561][com.java.EmailTestReport] [   81] - HTML Report Path:D:\BankersDashboard//TestReports//Test Results_BankersDashBoard_020416_200721_IE10_Bank of North Carolina.html
[INFO ][2016-02-04 20:11:49,561][com.java.EmailTestReport] [   82] - smtpHostName:mail01.valuelabs.com
[INFO ][2016-02-04 20:11:49,562][com.java.EmailTestReport] [   83] - Recipient:venkateswararao.gubbala@valuelabs.com;
[INFO ][2016-02-04 20:11:49,562][com.java.EmailTestReport] [   84] - From:venkateswararao.gubbala@valuelabs.com;
[INFO ][2016-02-04 20:11:49,562][com.java.EmailTestReport] [   85] - Subject:Deluxe Corp Bankers Dashboard Automation Test Report - Bank of North Carolina - IE10
[INFO ][2016-02-04 20:11:49,578][com.java.EmailTestReport] [  143] -  Added venkateswararao.gubbala@valuelabs.com
[INFO ][2016-02-04 20:11:52,696][com.java.SeleniumDriver] [  722] - quitting the browser 
[INFO ][2016-02-04 20:11:54,416][com.java.SeleniumDriver] [  264] - Execution Completed Stopping the thread
