[INFO ][2015-12-04 17:41:14,437][com.java.SeleniumDriver] [  213] - Execute Failed Casesfalse
[INFO ][2015-12-04 17:41:14,438][com.java.SeleniumDriver] [  214] - Browser: IE10
[INFO ][2015-12-04 17:41:14,438][com.java.SeleniumDriver] [  215] - [1, 7]
[INFO ][2015-12-04 17:41:14,438][com.java.SeleniumDriver] [  216] - Total TestCases:2
[INFO ][2015-12-04 17:41:14,438][com.java.SeleniumDriver] [  217] -  Reading Properties from Property File 
[DEBUG][2015-12-04 17:41:14,438][com.java.SeleniumDriver] [  238] - url : https://clients-xuat.bankersdashboard.com
[INFO ][2015-12-04 17:41:14,439][com.java.ImportnExport.ExportTestResultsExcel] [  116] - Time Stamp Fri Dec 04 05:41:14 IST 2015
[INFO ][2015-12-04 17:41:14,440][com.java.ImportnExport.ExportTestResultsExcel] [  175] - OUT FILE : D:\BankersDashboard/TestReports/Test Results_BankersDashBoard_120415_174114_IE10_Any Bank USA.xls
[INFO ][2015-12-04 17:41:14,468][com.java.ImportnExport.ExportTestResultsExcel] [  180] - Test Result file is created
[DEBUG][2015-12-04 17:41:14,556][com.java.SeleniumDriver] [  426] - Hub ip address is-------172.17.68.34
[INFO ][2015-12-04 17:41:14,556][com.java.SeleniumDriver] [  452] - Grid URL:http://172.17.68.34:4444/wd/hub
[INFO ][2015-12-04 17:41:14,557][com.java.SeleniumDriver] [  453] - Capability:Capabilities [{platform=ANY, ensureCleanSession=true, ignoreProtectedModeSettings=true, acceptSslCerts=true, ignoreZoomSetting=true, browserName=internet explorer, browserstack.ie.noFlash=true, version=null}]
[ERROR][2015-12-04 17:41:15,873][com.java.SeleniumDriver] [  497] - Unable invoke browser in grid:Could not start a new session. Possible causes are invalid address of the remote server or browser start-up failure.
Build info: version: '2.48.2', revision: '41bccdd', time: '2015-10-09 19:59:12'
System info: host: 'FVTIII438F1D', ip: '172.17.68.34', os.name: 'Windows 7', os.arch: 'x86', os.version: '6.1', java.version: '1.7.0_55'
Driver info: driver.version: SeleniumDriver
[INFO ][2015-12-04 17:41:15,874][com.java.SeleniumDriver] [  499] - Executing on local machine
[INFO ][2015-12-04 17:41:25,106][com.java.SeleniumDriver] [  248] - IE10is opened
[INFO ][2015-12-04 17:41:25,746][com.java.SeleniumDriver] [  754] - Test cases to be executed are: [1, 7]
[INFO ][2015-12-04 17:41:25,764][com.java.ImportnExport.ImportTestDataDetailsExcel] [   49] - test data details path===== D:\BankersDashboard\TestInputs\TestData.xls
[INFO ][2015-12-04 17:41:25,808][com.java.SeleniumDriver] [  804] - ------------------------------------------
[INFO ][2015-12-04 17:41:25,808][com.java.SeleniumDriver] [  805] - Test case being Executed: 1
[INFO ][2015-12-04 17:41:25,808][com.java.SeleniumDriver] [  816] - Test step:1
[INFO ][2015-12-04 17:41:25,808][com.java.SeleniumDriver] [  828] - Datavalue is----------Concept#1:1-14
[INFO ][2015-12-04 17:41:25,808][com.java.SeleniumDriver] [  852] - DataField : test
[INFO ][2015-12-04 17:41:25,808][com.java.SeleniumDriver] [  854] - DataValue : Concept#1:1-14
[INFO ][2015-12-04 17:41:25,808][com.java.SeleniumDriver] [  860] - <In Set values of the page>
[INFO ][2015-12-04 17:41:25,809][com.java.SeleniumDriver] [  863] - {Data Fields & Data Values Exist}
[INFO ][2015-12-04 17:41:25,809][com.java.SeleniumDriver] [  865] - --------------------------setting values-----------------------------
[INFO ][2015-12-04 17:41:25,809][com.java.SeleniumDriver] [  868] - Action Type : ExecuteTestCase
[INFO ][2015-12-04 17:41:25,826][com.java.TestType] [  436] - The Concept sheet name is ---------- Concept
[INFO ][2015-12-04 17:41:25,826][com.java.TestType] [  439] - The Concept ID  is ---------- 1
[DEBUG][2015-12-04 17:41:25,826][com.java.TestType] [  443] - Steps being executted in the Concept are: 1:14
[INFO ][2015-12-04 17:41:25,827][com.java.TestType] [  450] - Test data details path ---------- D:\BankersDashboard\TestInputs\TestData.xls
[INFO ][2015-12-04 17:41:25,848][com.java.TestType] [  481] -  str(1) = 1
[INFO ][2015-12-04 17:41:25,848][com.java.TestType] [  484] - Test case Id is---1
[INFO ][2015-12-04 17:41:25,848][com.java.TestType] [  486] - 1
[INFO ][2015-12-04 17:41:25,849][com.java.TestType] [  481] -  str(2) = 1
[INFO ][2015-12-04 17:41:25,851][com.java.TestType] [  533] - row values are--------{1=com.java.Objects.TestDataDetails@b4e3a1}
[INFO ][2015-12-04 17:41:25,851][com.java.TestType] [  481] -  str(1) = 1
[INFO ][2015-12-04 17:41:25,851][com.java.TestType] [  484] - Test case Id is---1
[INFO ][2015-12-04 17:41:25,851][com.java.TestType] [  486] - 1
[INFO ][2015-12-04 17:41:25,851][com.java.TestType] [  481] -  str(2) = 2
[INFO ][2015-12-04 17:41:25,852][com.java.TestType] [  533] - row values are--------{1=com.java.Objects.TestDataDetails@b4e3a1, 2=com.java.Objects.TestDataDetails@1168b43}
[INFO ][2015-12-04 17:41:25,853][com.java.TestType] [  481] -  str(1) = 1
[INFO ][2015-12-04 17:41:25,853][com.java.TestType] [  484] - Test case Id is---1
[INFO ][2015-12-04 17:41:25,853][com.java.TestType] [  486] - 1
[INFO ][2015-12-04 17:41:25,853][com.java.TestType] [  481] -  str(2) = 3
[INFO ][2015-12-04 17:41:25,854][com.java.TestType] [  533] - row values are--------{1=com.java.Objects.TestDataDetails@b4e3a1, 2=com.java.Objects.TestDataDetails@1168b43, 3=com.java.Objects.TestDataDetails@1c34565}
[INFO ][2015-12-04 17:41:25,854][com.java.TestType] [  481] -  str(1) = 1
[INFO ][2015-12-04 17:41:25,854][com.java.TestType] [  484] - Test case Id is---1
[INFO ][2015-12-04 17:41:25,854][com.java.TestType] [  486] - 1
[INFO ][2015-12-04 17:41:25,854][com.java.TestType] [  481] -  str(2) = 4
[INFO ][2015-12-04 17:41:25,856][com.java.TestType] [  533] - row values are--------{1=com.java.Objects.TestDataDetails@b4e3a1, 2=com.java.Objects.TestDataDetails@1168b43, 3=com.java.Objects.TestDataDetails@1c34565, 4=com.java.Objects.TestDataDetails@4c632d}
[INFO ][2015-12-04 17:41:25,856][com.java.TestType] [  481] -  str(1) = 1
[INFO ][2015-12-04 17:41:25,856][com.java.TestType] [  484] - Test case Id is---1
[INFO ][2015-12-04 17:41:25,856][com.java.TestType] [  486] - 1
[INFO ][2015-12-04 17:41:25,856][com.java.TestType] [  481] -  str(2) = 5
[INFO ][2015-12-04 17:41:25,859][com.java.TestType] [  533] - row values are--------{1=com.java.Objects.TestDataDetails@b4e3a1, 2=com.java.Objects.TestDataDetails@1168b43, 3=com.java.Objects.TestDataDetails@1c34565, 4=com.java.Objects.TestDataDetails@4c632d, 5=com.java.Objects.TestDataDetails@e14fe7}
[INFO ][2015-12-04 17:41:25,859][com.java.TestType] [  481] -  str(1) = 1
[INFO ][2015-12-04 17:41:25,859][com.java.TestType] [  484] - Test case Id is---1
[INFO ][2015-12-04 17:41:25,859][com.java.TestType] [  486] - 1
[INFO ][2015-12-04 17:41:25,859][com.java.TestType] [  481] -  str(2) = 6
[INFO ][2015-12-04 17:41:25,860][com.java.TestType] [  533] - row values are--------{1=com.java.Objects.TestDataDetails@b4e3a1, 2=com.java.Objects.TestDataDetails@1168b43, 3=com.java.Objects.TestDataDetails@1c34565, 4=com.java.Objects.TestDataDetails@4c632d, 5=com.java.Objects.TestDataDetails@e14fe7, 6=com.java.Objects.TestDataDetails@1afe567}
[INFO ][2015-12-04 17:41:25,860][com.java.TestType] [  481] -  str(1) = 1
[INFO ][2015-12-04 17:41:25,860][com.java.TestType] [  484] - Test case Id is---1
[INFO ][2015-12-04 17:41:25,860][com.java.TestType] [  486] - 1
[INFO ][2015-12-04 17:41:25,860][com.java.TestType] [  481] -  str(2) = 7
[INFO ][2015-12-04 17:41:25,861][com.java.TestType] [  533] - row values are--------{1=com.java.Objects.TestDataDetails@b4e3a1, 2=com.java.Objects.TestDataDetails@1168b43, 3=com.java.Objects.TestDataDetails@1c34565, 4=com.java.Objects.TestDataDetails@4c632d, 5=com.java.Objects.TestDataDetails@e14fe7, 6=com.java.Objects.TestDataDetails@1afe567, 7=com.java.Objects.TestDataDetails@120d1c0}
[INFO ][2015-12-04 17:41:25,861][com.java.TestType] [  481] -  str(1) = 1
[INFO ][2015-12-04 17:41:25,861][com.java.TestType] [  484] - Test case Id is---1
[INFO ][2015-12-04 17:41:25,862][com.java.TestType] [  486] - 1
[INFO ][2015-12-04 17:41:25,862][com.java.TestType] [  481] -  str(2) = 8
[INFO ][2015-12-04 17:41:25,862][com.java.TestType] [  533] - row values are--------{1=com.java.Objects.TestDataDetails@b4e3a1, 2=com.java.Objects.TestDataDetails@1168b43, 3=com.java.Objects.TestDataDetails@1c34565, 4=com.java.Objects.TestDataDetails@4c632d, 5=com.java.Objects.TestDataDetails@e14fe7, 6=com.java.Objects.TestDataDetails@1afe567, 7=com.java.Objects.TestDataDetails@120d1c0, 8=com.java.Objects.TestDataDetails@23d1e7}
[INFO ][2015-12-04 17:41:25,862][com.java.TestType] [  481] -  str(1) = 1
[INFO ][2015-12-04 17:41:25,863][com.java.TestType] [  484] - Test case Id is---1
[INFO ][2015-12-04 17:41:25,863][com.java.TestType] [  486] - 1
[INFO ][2015-12-04 17:41:25,863][com.java.TestType] [  481] -  str(2) = 9
[INFO ][2015-12-04 17:41:25,863][com.java.TestType] [  533] - row values are--------{1=com.java.Objects.TestDataDetails@b4e3a1, 2=com.java.Objects.TestDataDetails@1168b43, 3=com.java.Objects.TestDataDetails@1c34565, 4=com.java.Objects.TestDataDetails@4c632d, 5=com.java.Objects.TestDataDetails@e14fe7, 6=com.java.Objects.TestDataDetails@1afe567, 7=com.java.Objects.TestDataDetails@120d1c0, 8=com.java.Objects.TestDataDetails@23d1e7, 9=com.java.Objects.TestDataDetails@1cee582}
[INFO ][2015-12-04 17:41:25,864][com.java.TestType] [  481] -  str(1) = 1
[INFO ][2015-12-04 17:41:25,864][com.java.TestType] [  484] - Test case Id is---1
[INFO ][2015-12-04 17:41:25,864][com.java.TestType] [  486] - 1
[INFO ][2015-12-04 17:41:25,864][com.java.TestType] [  481] -  str(2) = 10
[INFO ][2015-12-04 17:41:25,865][com.java.TestType] [  533] - row values are--------{1=com.java.Objects.TestDataDetails@b4e3a1, 2=com.java.Objects.TestDataDetails@1168b43, 3=com.java.Objects.TestDataDetails@1c34565, 4=com.java.Objects.TestDataDetails@4c632d, 5=com.java.Objects.TestDataDetails@e14fe7, 6=com.java.Objects.TestDataDetails@1afe567, 7=com.java.Objects.TestDataDetails@120d1c0, 8=com.java.Objects.TestDataDetails@23d1e7, 9=com.java.Objects.TestDataDetails@1cee582, 10=com.java.Objects.TestDataDetails@1e8256f}
[INFO ][2015-12-04 17:41:25,865][com.java.TestType] [  481] -  str(1) = 1
[INFO ][2015-12-04 17:41:25,865][com.java.TestType] [  484] - Test case Id is---1
[INFO ][2015-12-04 17:41:25,865][com.java.TestType] [  486] - 1
[INFO ][2015-12-04 17:41:25,865][com.java.TestType] [  481] -  str(2) = 11
[INFO ][2015-12-04 17:41:25,866][com.java.TestType] [  533] - row values are--------{1=com.java.Objects.TestDataDetails@b4e3a1, 2=com.java.Objects.TestDataDetails@1168b43, 3=com.java.Objects.TestDataDetails@1c34565, 4=com.java.Objects.TestDataDetails@4c632d, 5=com.java.Objects.TestDataDetails@e14fe7, 6=com.java.Objects.TestDataDetails@1afe567, 7=com.java.Objects.TestDataDetails@120d1c0, 8=com.java.Objects.TestDataDetails@23d1e7, 9=com.java.Objects.TestDataDetails@1cee582, 10=com.java.Objects.TestDataDetails@1e8256f, 11=com.java.Objects.TestDataDetails@67944c}
[INFO ][2015-12-04 17:41:25,866][com.java.TestType] [  481] -  str(1) = 1
[INFO ][2015-12-04 17:41:25,867][com.java.TestType] [  484] - Test case Id is---1
[INFO ][2015-12-04 17:41:25,867][com.java.TestType] [  486] - 1
[INFO ][2015-12-04 17:41:25,867][com.java.TestType] [  481] -  str(2) = 12
[INFO ][2015-12-04 17:41:25,868][com.java.TestType] [  533] - row values are--------{1=com.java.Objects.TestDataDetails@b4e3a1, 2=com.java.Objects.TestDataDetails@1168b43, 3=com.java.Objects.TestDataDetails@1c34565, 4=com.java.Objects.TestDataDetails@4c632d, 5=com.java.Objects.TestDataDetails@e14fe7, 6=com.java.Objects.TestDataDetails@1afe567, 7=com.java.Objects.TestDataDetails@120d1c0, 8=com.java.Objects.TestDataDetails@23d1e7, 9=com.java.Objects.TestDataDetails@1cee582, 10=com.java.Objects.TestDataDetails@1e8256f, 11=com.java.Objects.TestDataDetails@67944c, 12=com.java.Objects.TestDataDetails@f1cdfb}
[INFO ][2015-12-04 17:41:25,868][com.java.TestType] [  481] -  str(1) = 1
[INFO ][2015-12-04 17:41:25,869][com.java.TestType] [  484] - Test case Id is---1
[INFO ][2015-12-04 17:41:25,869][com.java.TestType] [  486] - 1
[INFO ][2015-12-04 17:41:25,869][com.java.TestType] [  481] -  str(2) = 13
[INFO ][2015-12-04 17:41:25,869][com.java.TestType] [  533] - row values are--------{1=com.java.Objects.TestDataDetails@b4e3a1, 2=com.java.Objects.TestDataDetails@1168b43, 3=com.java.Objects.TestDataDetails@1c34565, 4=com.java.Objects.TestDataDetails@4c632d, 5=com.java.Objects.TestDataDetails@e14fe7, 6=com.java.Objects.TestDataDetails@1afe567, 7=com.java.Objects.TestDataDetails@120d1c0, 8=com.java.Objects.TestDataDetails@23d1e7, 9=com.java.Objects.TestDataDetails@1cee582, 10=com.java.Objects.TestDataDetails@1e8256f, 11=com.java.Objects.TestDataDetails@67944c, 12=com.java.Objects.TestDataDetails@f1cdfb, 13=com.java.Objects.TestDataDetails@982531}
[INFO ][2015-12-04 17:41:25,869][com.java.TestType] [  481] -  str(1) = 1
[INFO ][2015-12-04 17:41:25,870][com.java.TestType] [  484] - Test case Id is---1
[INFO ][2015-12-04 17:41:25,870][com.java.TestType] [  486] - 1
[INFO ][2015-12-04 17:41:25,870][com.java.TestType] [  481] -  str(2) = 14
[INFO ][2015-12-04 17:41:25,870][com.java.TestType] [  533] - row values are--------{1=com.java.Objects.TestDataDetails@b4e3a1, 2=com.java.Objects.TestDataDetails@1168b43, 3=com.java.Objects.TestDataDetails@1c34565, 4=com.java.Objects.TestDataDetails@4c632d, 5=com.java.Objects.TestDataDetails@e14fe7, 6=com.java.Objects.TestDataDetails@1afe567, 7=com.java.Objects.TestDataDetails@120d1c0, 8=com.java.Objects.TestDataDetails@23d1e7, 9=com.java.Objects.TestDataDetails@1cee582, 10=com.java.Objects.TestDataDetails@1e8256f, 11=com.java.Objects.TestDataDetails@67944c, 12=com.java.Objects.TestDataDetails@f1cdfb, 13=com.java.Objects.TestDataDetails@982531, 14=com.java.Objects.TestDataDetails@1d385f4}
[INFO ][2015-12-04 17:41:25,870][com.java.TestType] [ 9928] - Looping 1TCID = 1
[DEBUG][2015-12-04 17:41:25,871][com.java.TestType] [ 9969] - Concept ID:1 :: Step being Executed: 1::1
[INFO ][2015-12-04 17:41:25,871][com.java.TestType] [10007] - dataFields : TXTusername
[DEBUG][2015-12-04 17:41:25,871][com.java.TestType] [10013] - <In Set values of the page>
[DEBUG][2015-12-04 17:41:25,871][com.java.TestType] [10018] - {Data Fields & Data Values Exist}
[INFO ][2015-12-04 17:41:25,871][com.java.TestType] [10024] - --------------------------setting values-----------------------------
[INFO ][2015-12-04 17:41:25,871][com.java.TestType] [10027] - Action Type : CLEARANDENTER
[INFO ][2015-12-04 17:41:25,871][com.java.TestType] [ 5429] - value = naresh.nayini.00000
[INFO ][2015-12-04 17:41:30,663][com.java.TestType] [10046] -  RESULT true
[INFO ][2015-12-04 17:41:30,663][com.java.TestType] [10163] - ?   P A S S   ?
[DEBUG][2015-12-04 17:41:30,663][com.java.TestType] [ 9969] - Concept ID:1 :: Step being Executed: 1::2
[INFO ][2015-12-04 17:41:30,663][com.java.TestType] [10007] - dataFields : TXTpassword
[DEBUG][2015-12-04 17:41:30,663][com.java.TestType] [10013] - <In Set values of the page>
[DEBUG][2015-12-04 17:41:30,663][com.java.TestType] [10018] - {Data Fields & Data Values Exist}
[INFO ][2015-12-04 17:41:30,664][com.java.TestType] [10024] - --------------------------setting values-----------------------------
[INFO ][2015-12-04 17:41:30,664][com.java.TestType] [10027] - Action Type : CLEARANDENTER
[INFO ][2015-12-04 17:41:30,664][com.java.TestType] [ 5429] - value = Password1*
[INFO ][2015-12-04 17:41:35,561][com.java.TestType] [10046] -  RESULT true
[INFO ][2015-12-04 17:41:35,561][com.java.TestType] [10163] - ?   P A S S   ?
[DEBUG][2015-12-04 17:41:35,561][com.java.TestType] [ 9969] - Concept ID:1 :: Step being Executed: 1::3
[ERROR][2015-12-04 17:41:35,561][com.java.TestType] [10002] - Exception: null
[INFO ][2015-12-04 17:41:35,561][com.java.TestType] [10007] - dataFields : XPH//button[@type='submit']
[DEBUG][2015-12-04 17:41:35,561][com.java.TestType] [10013] - <In Set values of the page>
[DEBUG][2015-12-04 17:41:35,562][com.java.TestType] [10018] - {Data Fields & Data Values Exist}
[INFO ][2015-12-04 17:41:35,562][com.java.TestType] [10024] - --------------------------setting values-----------------------------
[INFO ][2015-12-04 17:41:35,562][com.java.TestType] [10027] - Action Type : Click
[INFO ][2015-12-04 17:41:35,562][com.java.TestType] [ 5757] - Field ::XPH//button[@type='submit']
[INFO ][2015-12-04 17:41:36,562][com.java.TestType] [ 5844] - BEFORE CLICK
[INFO ][2015-12-04 17:41:37,422][com.java.TestType] [ 5852] - Unable to click the object Login
[INFO ][2015-12-04 17:41:37,422][com.java.TestType] [10046] -  RESULT true
[INFO ][2015-12-04 17:41:37,422][com.java.TestType] [10163] - ?   P A S S   ?
[DEBUG][2015-12-04 17:41:37,422][com.java.TestType] [ 9969] - Concept ID:1 :: Step being Executed: 1::4
[INFO ][2015-12-04 17:41:37,422][com.java.TestType] [10007] - dataFields : LNKLogout
[DEBUG][2015-12-04 17:41:37,422][com.java.TestType] [10013] - <In Set values of the page>
[DEBUG][2015-12-04 17:41:37,422][com.java.TestType] [10018] - {Data Fields & Data Values Exist}
[INFO ][2015-12-04 17:41:37,422][com.java.TestType] [10024] - --------------------------setting values-----------------------------
[INFO ][2015-12-04 17:41:37,422][com.java.TestType] [10027] - Action Type : WaitForElement
[INFO ][2015-12-04 17:41:41,026][com.java.TestType] [10046] -  RESULT true
[INFO ][2015-12-04 17:41:41,026][com.java.TestType] [10163] - ?   P A S S   ?
[DEBUG][2015-12-04 17:41:41,026][com.java.TestType] [ 9969] - Concept ID:1 :: Step being Executed: 1::13
[INFO ][2015-12-04 17:41:41,026][com.java.TestType] [10007] - dataFields : LNK
[DEBUG][2015-12-04 17:41:41,026][com.java.TestType] [10013] - <In Set values of the page>
[DEBUG][2015-12-04 17:41:41,026][com.java.TestType] [10018] - {Data Fields & Data Values Exist}
[INFO ][2015-12-04 17:41:41,026][com.java.TestType] [10024] - --------------------------setting values-----------------------------
[INFO ][2015-12-04 17:41:41,027][com.java.TestType] [10027] - Action Type : Verify
[INFO ][2015-12-04 17:41:41,027][com.java.TestType] [ 6620] - field= LNK value= Logout
[INFO ][2015-12-04 17:41:41,027][com.java.TestType] [ 5429] - value = Logout
[INFO ][2015-12-04 17:41:41,061][com.java.TestType] [10046] -  RESULT true
[INFO ][2015-12-04 17:41:41,061][com.java.TestType] [10163] - ?   P A S S   ?
[DEBUG][2015-12-04 17:41:41,061][com.java.TestType] [ 9969] - Concept ID:1 :: Step being Executed: 1::14
[INFO ][2015-12-04 17:41:41,062][com.java.TestType] [10007] - dataFields : BTN
[DEBUG][2015-12-04 17:41:41,063][com.java.TestType] [10013] - <In Set values of the page>
[DEBUG][2015-12-04 17:41:41,063][com.java.TestType] [10018] - {Data Fields & Data Values Exist}
[INFO ][2015-12-04 17:41:41,063][com.java.TestType] [10024] - --------------------------setting values-----------------------------
[INFO ][2015-12-04 17:41:41,063][com.java.TestType] [10027] - Action Type : Verify
[INFO ][2015-12-04 17:41:41,063][com.java.TestType] [ 6620] - field= BTN value= //img[contains(@src,'bdlogo.jpg')]
[INFO ][2015-12-04 17:41:41,063][com.java.TestType] [ 5429] - value = //img[contains(@src,'bdlogo.jpg')]
[INFO ][2015-12-04 17:41:41,138][com.java.TestType] [10046] -  RESULT true
[INFO ][2015-12-04 17:41:41,138][com.java.TestType] [10163] - ?   P A S S   ?
[INFO ][2015-12-04 17:41:41,138][com.java.TestType] [10234] - Looping End......
[INFO ][2015-12-04 17:41:41,139][com.java.SeleniumDriver] [  877] -  RESULT true
[INFO ][2015-12-04 17:41:41,141][com.java.SeleniumDriver] [ 1083] - ?   P A S S   ?
[INFO ][2015-12-04 17:41:41,141][com.java.SeleniumDriver] [  804] - ------------------------------------------
[INFO ][2015-12-04 17:41:41,141][com.java.SeleniumDriver] [  805] - Test case being Executed: 1
[INFO ][2015-12-04 17:41:41,141][com.java.SeleniumDriver] [  816] - Test step:2
[INFO ][2015-12-04 17:41:41,141][com.java.SeleniumDriver] [  828] - Datavalue is----------Concept#2:1-2
[INFO ][2015-12-04 17:41:41,142][com.java.SeleniumDriver] [  852] - DataField : test
[INFO ][2015-12-04 17:41:41,142][com.java.SeleniumDriver] [  854] - DataValue : Concept#2:1-2
[INFO ][2015-12-04 17:41:41,142][com.java.SeleniumDriver] [  860] - <In Set values of the page>
[INFO ][2015-12-04 17:41:41,142][com.java.SeleniumDriver] [  863] - {Data Fields & Data Values Exist}
[INFO ][2015-12-04 17:41:41,142][com.java.SeleniumDriver] [  865] - --------------------------setting values-----------------------------
[INFO ][2015-12-04 17:41:41,142][com.java.SeleniumDriver] [  868] - Action Type : ExecuteTestCase
[INFO ][2015-12-04 17:41:41,142][com.java.TestType] [  436] - The Concept sheet name is ---------- Concept
[INFO ][2015-12-04 17:41:41,142][com.java.TestType] [  439] - The Concept ID  is ---------- 2
[DEBUG][2015-12-04 17:41:41,142][com.java.TestType] [  443] - Steps being executted in the Concept are: 1:2
[INFO ][2015-12-04 17:41:41,143][com.java.TestType] [  450] - Test data details path ---------- D:\BankersDashboard\TestInputs\TestData.xls
[INFO ][2015-12-04 17:41:41,160][com.java.TestType] [  481] -  str(1) = 2
[INFO ][2015-12-04 17:41:41,160][com.java.TestType] [  484] - Test case Id is---2
[INFO ][2015-12-04 17:41:41,160][com.java.TestType] [  486] - 2
[INFO ][2015-12-04 17:41:41,160][com.java.TestType] [  481] -  str(2) = 1
[INFO ][2015-12-04 17:41:41,162][com.java.TestType] [  533] - row values are--------{1=com.java.Objects.TestDataDetails@f8989d}
[INFO ][2015-12-04 17:41:41,162][com.java.TestType] [  481] -  str(1) = 2
[INFO ][2015-12-04 17:41:41,162][com.java.TestType] [  484] - Test case Id is---2
[INFO ][2015-12-04 17:41:41,162][com.java.TestType] [  486] - 2
[INFO ][2015-12-04 17:41:41,162][com.java.TestType] [  481] -  str(2) = 2
[INFO ][2015-12-04 17:41:41,163][com.java.TestType] [  533] - row values are--------{1=com.java.Objects.TestDataDetails@f8989d, 2=com.java.Objects.TestDataDetails@1d5366b}
[INFO ][2015-12-04 17:41:41,163][com.java.TestType] [  481] -  str(1) = 2
[INFO ][2015-12-04 17:41:41,163][com.java.TestType] [  484] - Test case Id is---2
[INFO ][2015-12-04 17:41:41,163][com.java.TestType] [  486] - 2
[INFO ][2015-12-04 17:41:41,164][com.java.TestType] [  481] -  str(2) = 3
[INFO ][2015-12-04 17:41:41,165][com.java.TestType] [  533] - row values are--------{1=com.java.Objects.TestDataDetails@f8989d, 2=com.java.Objects.TestDataDetails@1d5366b, 3=com.java.Objects.TestDataDetails@5a6d70}
[INFO ][2015-12-04 17:41:41,165][com.java.TestType] [ 9928] - Looping 1TCID = 2
[DEBUG][2015-12-04 17:41:41,165][com.java.TestType] [ 9969] - Concept ID:2 :: Step being Executed: 2::1
[INFO ][2015-12-04 17:41:41,165][com.java.TestType] [10007] - dataFields : BNK//select[@id='bank']
[DEBUG][2015-12-04 17:41:41,165][com.java.TestType] [10013] - <In Set values of the page>
[DEBUG][2015-12-04 17:41:41,165][com.java.TestType] [10018] - {Data Fields & Data Values Exist}
[INFO ][2015-12-04 17:41:41,165][com.java.TestType] [10024] - --------------------------setting values-----------------------------
[INFO ][2015-12-04 17:41:41,166][com.java.TestType] [10027] - Action Type : Select
[INFO ][2015-12-04 17:41:41,166][com.java.TestType] [ 5429] - value = PFC
[INFO ][2015-12-04 17:41:41,335][com.java.TestType] [10046] -  RESULT true
[INFO ][2015-12-04 17:41:41,335][com.java.TestType] [10163] - ?   P A S S   ?
[DEBUG][2015-12-04 17:41:41,335][com.java.TestType] [ 9969] - Concept ID:2 :: Step being Executed: 2::2
[INFO ][2015-12-04 17:41:41,335][com.java.TestType] [10007] - dataFields : LNKLogout
[DEBUG][2015-12-04 17:41:41,335][com.java.TestType] [10013] - <In Set values of the page>
[DEBUG][2015-12-04 17:41:41,335][com.java.TestType] [10018] - {Data Fields & Data Values Exist}
[INFO ][2015-12-04 17:41:41,335][com.java.TestType] [10024] - --------------------------setting values-----------------------------
[INFO ][2015-12-04 17:41:41,336][com.java.TestType] [10027] - Action Type : WaitTime
[DEBUG][2015-12-04 17:41:41,336][com.java.TestType] [ 5249] - sleepTime: 5000
[INFO ][2015-12-04 17:41:46,336][com.java.TestType] [10046] -  RESULT true
[INFO ][2015-12-04 17:41:46,336][com.java.TestType] [10163] - ?   P A S S   ?
[INFO ][2015-12-04 17:41:46,336][com.java.TestType] [10234] - Looping End......
[INFO ][2015-12-04 17:41:46,337][com.java.SeleniumDriver] [  877] -  RESULT true
[INFO ][2015-12-04 17:41:46,337][com.java.SeleniumDriver] [ 1083] - ?   P A S S   ?
[INFO ][2015-12-04 17:41:46,338][com.java.SeleniumDriver] [  804] - ------------------------------------------
[INFO ][2015-12-04 17:41:46,338][com.java.SeleniumDriver] [  805] - Test case being Executed: 1
[INFO ][2015-12-04 17:41:46,338][com.java.SeleniumDriver] [  816] - Test step:3
[INFO ][2015-12-04 17:41:46,338][com.java.SeleniumDriver] [  828] - Datavalue is----------2
[INFO ][2015-12-04 17:41:46,338][com.java.SeleniumDriver] [  852] - DataField : XPH//button[contains(text(),'Add Content')]
[INFO ][2015-12-04 17:41:46,338][com.java.SeleniumDriver] [  854] - DataValue : 2
[INFO ][2015-12-04 17:41:46,338][com.java.SeleniumDriver] [  860] - <In Set values of the page>
[INFO ][2015-12-04 17:41:46,338][com.java.SeleniumDriver] [  863] - {Data Fields & Data Values Exist}
[INFO ][2015-12-04 17:41:46,338][com.java.SeleniumDriver] [  865] - --------------------------setting values-----------------------------
[INFO ][2015-12-04 17:41:46,338][com.java.SeleniumDriver] [  868] - Action Type : WAITFORELEMENT
[INFO ][2015-12-04 17:41:46,372][com.java.SeleniumDriver] [  877] -  RESULT true
[INFO ][2015-12-04 17:41:46,372][com.java.SeleniumDriver] [ 1083] - ?   P A S S   ?
[DEBUG][2015-12-04 17:41:46,372][com.java.SeleniumDriver] [ 1195] - Case found
[DEBUG][2015-12-04 17:41:46,372][com.java.SeleniumDriver] [ 1200] - Incrementing ReportCounters[0]:1
[INFO ][2015-12-04 17:41:46,372][com.java.SeleniumDriver] [ 1219] - The results are-------------------[1, 1, Valid Login, Pass, , Fri Dec 04 17:41:41 IST 2015, 1, 2, Valid Login, Pass, , Fri Dec 04 17:41:46 IST 2015, 1, 3, Valid Login, Pass, , Fri Dec 04 17:41:46 IST 2015]
[INFO ][2015-12-04 17:41:46,373][com.java.SeleniumDriver] [ 1223] - End time is-------34 sec
[INFO ][2015-12-04 17:41:46,373][com.java.SeleniumDriver] [ 1224] - The results are-------------------[1, 1, Valid Login, Pass, , Fri Dec 04 17:41:41 IST 2015, 1, 2, Valid Login, Pass, , Fri Dec 04 17:41:46 IST 2015, 1, 3, Valid Login, Pass, , Fri Dec 04 17:41:46 IST 2015]
[DEBUG][2015-12-04 17:41:46,373][com.java.ImportnExport.ExportTestResultsExcel] [  222] - testResultPath = D:\BankersDashboard/TestReports/Test Results_BankersDashBoard_120415_174114_IE10_Any Bank USA.xls
[DEBUG][2015-12-04 17:41:46,373][com.java.ImportnExport.ExportTestResultsExcel] [  223] - browser is------------IE10
[DEBUG][2015-12-04 17:41:46,416][com.java.ImportnExport.ExportTestResultsExcel] [  270] - result.size() = 18
[DEBUG][2015-12-04 17:41:46,416][com.java.ImportnExport.ExportTestResultsExcel] [  274] - No of rows in sheet=1
[DEBUG][2015-12-04 17:41:46,416][com.java.ImportnExport.ExportTestResultsExcel] [  301] - ..in export..1
[DEBUG][2015-12-04 17:41:46,417][com.java.ImportnExport.ExportTestResultsExcel] [  301] - ..in export..Valid Login
[DEBUG][2015-12-04 17:41:46,417][com.java.ImportnExport.ExportTestResultsExcel] [  301] - ..in export..Pass
[DEBUG][2015-12-04 17:41:46,417][com.java.ImportnExport.ExportTestResultsExcel] [  301] - ..in export..
[DEBUG][2015-12-04 17:41:46,417][com.java.ImportnExport.ExportTestResultsExcel] [  301] - ..in export..Fri Dec 04 17:41:41 IST 2015
[INFO ][2015-12-04 17:41:46,419][com.java.SeleniumDriver] [ 1282] - out loop:0 size:2 TestCases:[1, 7] testcases:[1, 7]
[INFO ][2015-12-04 17:41:46,419][com.java.ImportnExport.ImportTestDataDetailsExcel] [   49] - test data details path===== D:\BankersDashboard\TestInputs\TestData.xls
[INFO ][2015-12-04 17:42:02,153][com.java.SeleniumDriver] [  804] - ------------------------------------------
[INFO ][2015-12-04 17:42:02,153][com.java.SeleniumDriver] [  805] - Test case being Executed: 7
[INFO ][2015-12-04 17:42:02,153][com.java.SeleniumDriver] [  816] - Test step:1
[INFO ][2015-12-04 17:42:02,153][com.java.SeleniumDriver] [  828] - Datavalue is----------test
[INFO ][2015-12-04 17:42:02,153][com.java.SeleniumDriver] [  852] - DataField : test
[INFO ][2015-12-04 17:42:02,153][com.java.SeleniumDriver] [  854] - DataValue : test
[INFO ][2015-12-04 17:42:02,153][com.java.SeleniumDriver] [  860] - <In Set values of the page>
[INFO ][2015-12-04 17:42:02,153][com.java.SeleniumDriver] [  863] - {Data Fields & Data Values Exist}
[INFO ][2015-12-04 17:42:02,153][com.java.SeleniumDriver] [  865] - --------------------------setting values-----------------------------
[INFO ][2015-12-04 17:42:02,153][com.java.SeleniumDriver] [  868] - Action Type : SELECTMAINWINDOWANDCLOSEOTHER
[INFO ][2015-12-04 17:42:12,299][com.java.SeleniumDriver] [  877] -  RESULT true
[INFO ][2015-12-04 17:42:12,299][com.java.SeleniumDriver] [ 1083] - ?   P A S S   ?
[INFO ][2015-12-04 17:42:12,299][com.java.SeleniumDriver] [  804] - ------------------------------------------
[INFO ][2015-12-04 17:42:12,299][com.java.SeleniumDriver] [  805] - Test case being Executed: 7
[INFO ][2015-12-04 17:42:12,299][com.java.SeleniumDriver] [  816] - Test step:2
[INFO ][2015-12-04 17:42:12,299][com.java.SeleniumDriver] [  828] - Datavalue is----------Logout
[INFO ][2015-12-04 17:42:12,299][com.java.SeleniumDriver] [  852] - DataField : BTN
[INFO ][2015-12-04 17:42:12,299][com.java.SeleniumDriver] [  854] - DataValue : Logout
[INFO ][2015-12-04 17:42:12,299][com.java.SeleniumDriver] [  860] - <In Set values of the page>
[INFO ][2015-12-04 17:42:12,299][com.java.SeleniumDriver] [  863] - {Data Fields & Data Values Exist}
[INFO ][2015-12-04 17:42:12,299][com.java.SeleniumDriver] [  865] - --------------------------setting values-----------------------------
[INFO ][2015-12-04 17:42:12,300][com.java.SeleniumDriver] [  868] - Action Type : Verify
[INFO ][2015-12-04 17:42:12,300][com.java.TestType] [ 6620] - field= BTN value= Logout
[INFO ][2015-12-04 17:42:12,300][com.java.TestType] [ 5429] - value = Logout
[INFO ][2015-12-04 17:42:12,365][com.java.SeleniumDriver] [  877] -  RESULT true
[INFO ][2015-12-04 17:42:12,365][com.java.SeleniumDriver] [ 1083] - ?   P A S S   ?
[INFO ][2015-12-04 17:42:12,365][com.java.SeleniumDriver] [ 1125] - step change to 4
[INFO ][2015-12-04 17:42:12,365][com.java.SeleniumDriver] [  804] - ------------------------------------------
[INFO ][2015-12-04 17:42:12,365][com.java.SeleniumDriver] [  805] - Test case being Executed: 7
[INFO ][2015-12-04 17:42:12,365][com.java.SeleniumDriver] [  816] - Test step:4
[INFO ][2015-12-04 17:42:12,365][com.java.SeleniumDriver] [  828] - Datavalue is----------Concept#2:1-2
[INFO ][2015-12-04 17:42:12,365][com.java.SeleniumDriver] [  852] - DataField : test
[INFO ][2015-12-04 17:42:12,365][com.java.SeleniumDriver] [  854] - DataValue : Concept#2:1-2
[INFO ][2015-12-04 17:42:12,365][com.java.SeleniumDriver] [  860] - <In Set values of the page>
[INFO ][2015-12-04 17:42:12,366][com.java.SeleniumDriver] [  863] - {Data Fields & Data Values Exist}
[INFO ][2015-12-04 17:42:12,366][com.java.SeleniumDriver] [  865] - --------------------------setting values-----------------------------
[INFO ][2015-12-04 17:42:12,366][com.java.SeleniumDriver] [  868] - Action Type : ExecuteTestCase
[INFO ][2015-12-04 17:42:12,366][com.java.TestType] [  436] - The Concept sheet name is ---------- Concept
[INFO ][2015-12-04 17:42:12,366][com.java.TestType] [  439] - The Concept ID  is ---------- 2
[DEBUG][2015-12-04 17:42:12,366][com.java.TestType] [  443] - Steps being executted in the Concept are: 1:2
[INFO ][2015-12-04 17:42:12,366][com.java.TestType] [  450] - Test data details path ---------- D:\BankersDashboard\TestInputs\TestData.xls
[INFO ][2015-12-04 17:42:12,383][com.java.TestType] [  481] -  str(1) = 2
[INFO ][2015-12-04 17:42:12,384][com.java.TestType] [  484] - Test case Id is---2
[INFO ][2015-12-04 17:42:12,384][com.java.TestType] [  486] - 2
[INFO ][2015-12-04 17:42:12,384][com.java.TestType] [  481] -  str(2) = 1
[INFO ][2015-12-04 17:42:12,385][com.java.TestType] [  533] - row values are--------{1=com.java.Objects.TestDataDetails@aa0758}
[INFO ][2015-12-04 17:42:12,385][com.java.TestType] [  481] -  str(1) = 2
[INFO ][2015-12-04 17:42:12,385][com.java.TestType] [  484] - Test case Id is---2
[INFO ][2015-12-04 17:42:12,385][com.java.TestType] [  486] - 2
[INFO ][2015-12-04 17:42:12,385][com.java.TestType] [  481] -  str(2) = 2
[INFO ][2015-12-04 17:42:12,386][com.java.TestType] [  533] - row values are--------{1=com.java.Objects.TestDataDetails@aa0758, 2=com.java.Objects.TestDataDetails@1d1e6e5}
[INFO ][2015-12-04 17:42:12,386][com.java.TestType] [  481] -  str(1) = 2
[INFO ][2015-12-04 17:42:12,386][com.java.TestType] [  484] - Test case Id is---2
[INFO ][2015-12-04 17:42:12,386][com.java.TestType] [  486] - 2
[INFO ][2015-12-04 17:42:12,386][com.java.TestType] [  481] -  str(2) = 3
[INFO ][2015-12-04 17:42:12,387][com.java.TestType] [  533] - row values are--------{1=com.java.Objects.TestDataDetails@aa0758, 2=com.java.Objects.TestDataDetails@1d1e6e5, 3=com.java.Objects.TestDataDetails@15215d3}
[INFO ][2015-12-04 17:42:12,387][com.java.TestType] [ 9928] - Looping 1TCID = 2
[DEBUG][2015-12-04 17:42:12,387][com.java.TestType] [ 9969] - Concept ID:2 :: Step being Executed: 2::1
[INFO ][2015-12-04 17:42:12,387][com.java.TestType] [10007] - dataFields : BNK//select[@id='bank']
[DEBUG][2015-12-04 17:42:12,387][com.java.TestType] [10013] - <In Set values of the page>
[DEBUG][2015-12-04 17:42:12,387][com.java.TestType] [10018] - {Data Fields & Data Values Exist}
[INFO ][2015-12-04 17:42:12,387][com.java.TestType] [10024] - --------------------------setting values-----------------------------
[INFO ][2015-12-04 17:42:12,388][com.java.TestType] [10027] - Action Type : Select
[INFO ][2015-12-04 17:42:12,388][com.java.TestType] [ 5429] - value = PFC
[INFO ][2015-12-04 17:42:12,574][com.java.TestType] [10046] -  RESULT true
[INFO ][2015-12-04 17:42:12,574][com.java.TestType] [10163] - ?   P A S S   ?
[DEBUG][2015-12-04 17:42:12,574][com.java.TestType] [ 9969] - Concept ID:2 :: Step being Executed: 2::2
[INFO ][2015-12-04 17:42:12,574][com.java.TestType] [10007] - dataFields : LNKLogout
[DEBUG][2015-12-04 17:42:12,574][com.java.TestType] [10013] - <In Set values of the page>
[DEBUG][2015-12-04 17:42:12,574][com.java.TestType] [10018] - {Data Fields & Data Values Exist}
[INFO ][2015-12-04 17:42:12,574][com.java.TestType] [10024] - --------------------------setting values-----------------------------
[INFO ][2015-12-04 17:42:12,574][com.java.TestType] [10027] - Action Type : WaitTime
[DEBUG][2015-12-04 17:42:12,574][com.java.TestType] [ 5249] - sleepTime: 5000
[INFO ][2015-12-04 17:42:17,575][com.java.TestType] [10046] -  RESULT true
[INFO ][2015-12-04 17:42:17,576][com.java.TestType] [10163] - ?   P A S S   ?
[INFO ][2015-12-04 17:42:17,576][com.java.TestType] [10234] - Looping End......
[INFO ][2015-12-04 17:42:17,577][com.java.SeleniumDriver] [  877] -  RESULT true
[INFO ][2015-12-04 17:42:17,577][com.java.SeleniumDriver] [ 1083] - ?   P A S S   ?
[INFO ][2015-12-04 17:42:17,577][com.java.SeleniumDriver] [  804] - ------------------------------------------
[INFO ][2015-12-04 17:42:17,577][com.java.SeleniumDriver] [  805] - Test case being Executed: 7
[INFO ][2015-12-04 17:42:17,577][com.java.SeleniumDriver] [  816] - Test step:5
[INFO ][2015-12-04 17:42:17,577][com.java.SeleniumDriver] [  828] - Datavalue is----------null
[DEBUG][2015-12-04 17:42:17,578][com.java.SeleniumDriver] [  846] - Exception: null
[INFO ][2015-12-04 17:42:17,578][com.java.SeleniumDriver] [  852] - DataField : //span[@class='icon-stats']&&//a[@data-id="Forecasting"]
[INFO ][2015-12-04 17:42:17,578][com.java.SeleniumDriver] [  854] - DataValue : 
[INFO ][2015-12-04 17:42:17,578][com.java.SeleniumDriver] [  860] - <In Set values of the page>
[INFO ][2015-12-04 17:42:17,578][com.java.SeleniumDriver] [  863] - {Data Fields & Data Values Exist}
[INFO ][2015-12-04 17:42:17,578][com.java.SeleniumDriver] [  865] - --------------------------setting values-----------------------------
[INFO ][2015-12-04 17:42:17,578][com.java.SeleniumDriver] [  868] - Action Type : MOUSEOVER
[INFO ][2015-12-04 17:42:40,591][com.java.SeleniumDriver] [  877] -  RESULT true
[INFO ][2015-12-04 17:42:40,591][com.java.SeleniumDriver] [ 1083] - ?   P A S S   ?
[INFO ][2015-12-04 17:42:40,591][com.java.SeleniumDriver] [  804] - ------------------------------------------
[INFO ][2015-12-04 17:42:40,591][com.java.SeleniumDriver] [  805] - Test case being Executed: 7
[INFO ][2015-12-04 17:42:40,591][com.java.SeleniumDriver] [  816] - Test step:6
[INFO ][2015-12-04 17:42:40,592][com.java.SeleniumDriver] [  828] - Datavalue is----------5
[INFO ][2015-12-04 17:42:40,593][com.java.SeleniumDriver] [  852] - DataField : null
[INFO ][2015-12-04 17:42:40,593][com.java.SeleniumDriver] [  854] - DataValue : 5
[INFO ][2015-12-04 17:42:40,593][com.java.SeleniumDriver] [  860] - <In Set values of the page>
[INFO ][2015-12-04 17:42:40,593][com.java.SeleniumDriver] [  863] - {Data Fields & Data Values Exist}
[INFO ][2015-12-04 17:42:40,593][com.java.SeleniumDriver] [  865] - --------------------------setting values-----------------------------
[INFO ][2015-12-04 17:42:40,593][com.java.SeleniumDriver] [  868] - Action Type : WAITTIME
[DEBUG][2015-12-04 17:42:40,593][com.java.TestType] [ 5249] - sleepTime: 5000
[INFO ][2015-12-04 17:42:45,593][com.java.SeleniumDriver] [  877] -  RESULT true
[INFO ][2015-12-04 17:42:45,593][com.java.SeleniumDriver] [ 1083] - ?   P A S S   ?
[INFO ][2015-12-04 17:42:45,593][com.java.SeleniumDriver] [  804] - ------------------------------------------
[INFO ][2015-12-04 17:42:45,593][com.java.SeleniumDriver] [  805] - Test case being Executed: 7
[INFO ][2015-12-04 17:42:45,593][com.java.SeleniumDriver] [  816] - Test step:7
[INFO ][2015-12-04 17:42:45,593][com.java.SeleniumDriver] [  828] - Datavalue is----------Forecasting 
[INFO ][2015-12-04 17:42:45,593][com.java.SeleniumDriver] [  852] - DataField : TTL
[INFO ][2015-12-04 17:42:45,593][com.java.SeleniumDriver] [  854] - DataValue : Forecasting 
[INFO ][2015-12-04 17:42:45,593][com.java.SeleniumDriver] [  860] - <In Set values of the page>
[INFO ][2015-12-04 17:42:45,593][com.java.SeleniumDriver] [  863] - {Data Fields & Data Values Exist}
[INFO ][2015-12-04 17:42:45,593][com.java.SeleniumDriver] [  865] - --------------------------setting values-----------------------------
[INFO ][2015-12-04 17:42:45,593][com.java.SeleniumDriver] [  868] - Action Type : SELECTWINDOW
[INFO ][2015-12-04 17:42:58,145][com.java.SeleniumDriver] [  877] -  RESULT true
[INFO ][2015-12-04 17:42:58,145][com.java.SeleniumDriver] [ 1083] - ?   P A S S   ?
[INFO ][2015-12-04 17:42:58,146][com.java.SeleniumDriver] [  804] - ------------------------------------------
[INFO ][2015-12-04 17:42:58,146][com.java.SeleniumDriver] [  805] - Test case being Executed: 7
[INFO ][2015-12-04 17:42:58,146][com.java.SeleniumDriver] [  816] - Test step:8
[INFO ][2015-12-04 17:42:58,146][com.java.SeleniumDriver] [  828] - Datavalue is----------null
[DEBUG][2015-12-04 17:42:58,146][com.java.SeleniumDriver] [  846] - Exception: null
[INFO ][2015-12-04 17:42:58,146][com.java.SeleniumDriver] [  852] - DataField : BTNframeDialogContent
[INFO ][2015-12-04 17:42:58,146][com.java.SeleniumDriver] [  854] - DataValue : 
[INFO ][2015-12-04 17:42:58,146][com.java.SeleniumDriver] [  860] - <In Set values of the page>
[INFO ][2015-12-04 17:42:58,146][com.java.SeleniumDriver] [  863] - {Data Fields & Data Values Exist}
[INFO ][2015-12-04 17:42:58,146][com.java.SeleniumDriver] [  865] - --------------------------setting values-----------------------------
[INFO ][2015-12-04 17:42:58,146][com.java.SeleniumDriver] [  868] - Action Type : SELECTFRAME
[INFO ][2015-12-04 17:42:59,287][com.java.SeleniumDriver] [  877] -  RESULT true
[INFO ][2015-12-04 17:42:59,287][com.java.SeleniumDriver] [ 1083] - ?   P A S S   ?
[INFO ][2015-12-04 17:42:59,287][com.java.SeleniumDriver] [  804] - ------------------------------------------
[INFO ][2015-12-04 17:42:59,287][com.java.SeleniumDriver] [  805] - Test case being Executed: 7
[INFO ][2015-12-04 17:42:59,287][com.java.SeleniumDriver] [  816] - Test step:9
[INFO ][2015-12-04 17:42:59,287][com.java.SeleniumDriver] [  828] - Datavalue is----------2
[INFO ][2015-12-04 17:42:59,287][com.java.SeleniumDriver] [  852] - DataField : DSPddlProjects
[INFO ][2015-12-04 17:42:59,287][com.java.SeleniumDriver] [  854] - DataValue : 2
[INFO ][2015-12-04 17:42:59,287][com.java.SeleniumDriver] [  860] - <In Set values of the page>
[INFO ][2015-12-04 17:42:59,287][com.java.SeleniumDriver] [  863] - {Data Fields & Data Values Exist}
[INFO ][2015-12-04 17:42:59,288][com.java.SeleniumDriver] [  865] - --------------------------setting values-----------------------------
[INFO ][2015-12-04 17:42:59,288][com.java.SeleniumDriver] [  868] - Action Type : WAITFORELEMENT
[INFO ][2015-12-04 17:43:00,369][com.java.SeleniumDriver] [  877] -  RESULT true
[INFO ][2015-12-04 17:43:00,369][com.java.SeleniumDriver] [ 1083] - ?   P A S S   ?
[INFO ][2015-12-04 17:43:00,369][com.java.SeleniumDriver] [  804] - ------------------------------------------
[INFO ][2015-12-04 17:43:00,369][com.java.SeleniumDriver] [  805] - Test case being Executed: 7
[INFO ][2015-12-04 17:43:00,369][com.java.SeleniumDriver] [  816] - Test step:10
[INFO ][2015-12-04 17:43:00,369][com.java.SeleniumDriver] [  828] - Datavalue is----------index:1
[INFO ][2015-12-04 17:43:00,369][com.java.SeleniumDriver] [  852] - DataField : COBddlProjects
[INFO ][2015-12-04 17:43:00,369][com.java.SeleniumDriver] [  854] - DataValue : index:1
[INFO ][2015-12-04 17:43:00,369][com.java.SeleniumDriver] [  860] - <In Set values of the page>
[INFO ][2015-12-04 17:43:00,369][com.java.SeleniumDriver] [  863] - {Data Fields & Data Values Exist}
[INFO ][2015-12-04 17:43:00,369][com.java.SeleniumDriver] [  865] - --------------------------setting values-----------------------------
[INFO ][2015-12-04 17:43:00,369][com.java.SeleniumDriver] [  868] - Action Type : SELECT
[INFO ][2015-12-04 17:43:00,370][com.java.TestType] [ 5429] - value = 1
[INFO ][2015-12-04 17:43:01,440][com.java.TestType] [ 5547] -  In COB ddlProjects : 1
[INFO ][2015-12-04 17:43:01,571][com.java.SeleniumDriver] [  877] -  RESULT true
[INFO ][2015-12-04 17:43:01,571][com.java.SeleniumDriver] [ 1083] - ?   P A S S   ?
[INFO ][2015-12-04 17:43:01,571][com.java.SeleniumDriver] [  804] - ------------------------------------------
[INFO ][2015-12-04 17:43:01,571][com.java.SeleniumDriver] [  805] - Test case being Executed: 7
[INFO ][2015-12-04 17:43:01,571][com.java.SeleniumDriver] [  816] - Test step:11
[INFO ][2015-12-04 17:43:01,571][com.java.SeleniumDriver] [  828] - Datavalue is----------CurrentProject
[INFO ][2015-12-04 17:43:01,571][com.java.SeleniumDriver] [  852] - DataField : SLBddlProjects
[INFO ][2015-12-04 17:43:01,571][com.java.SeleniumDriver] [  854] - DataValue : CurrentProject
[INFO ][2015-12-04 17:43:01,571][com.java.SeleniumDriver] [  860] - <In Set values of the page>
[INFO ][2015-12-04 17:43:01,571][com.java.SeleniumDriver] [  863] - {Data Fields & Data Values Exist}
[INFO ][2015-12-04 17:43:01,571][com.java.SeleniumDriver] [  865] - --------------------------setting values-----------------------------
[INFO ][2015-12-04 17:43:01,571][com.java.SeleniumDriver] [  868] - Action Type : storevalue
[INFO ][2015-12-04 17:43:01,572][com.java.TestType] [ 7798] - field= SLBddlProjects
[INFO ][2015-12-04 17:43:02,727][com.java.SeleniumDriver] [  877] -  RESULT true
[INFO ][2015-12-04 17:43:02,727][com.java.SeleniumDriver] [ 1083] - ?   P A S S   ?
[INFO ][2015-12-04 17:43:02,727][com.java.SeleniumDriver] [  804] - ------------------------------------------
[INFO ][2015-12-04 17:43:02,727][com.java.SeleniumDriver] [  805] - Test case being Executed: 7
[INFO ][2015-12-04 17:43:02,727][com.java.SeleniumDriver] [  816] - Test step:12
[INFO ][2015-12-04 17:43:02,727][com.java.SeleniumDriver] [  828] - Datavalue is----------null
[DEBUG][2015-12-04 17:43:02,727][com.java.SeleniumDriver] [  846] - Exception: null
[INFO ][2015-12-04 17:43:02,727][com.java.SeleniumDriver] [  852] - DataField : HDNbtnOpenProject
[INFO ][2015-12-04 17:43:02,727][com.java.SeleniumDriver] [  854] - DataValue : 
[INFO ][2015-12-04 17:43:02,728][com.java.SeleniumDriver] [  860] - <In Set values of the page>
[INFO ][2015-12-04 17:43:02,728][com.java.SeleniumDriver] [  863] - {Data Fields & Data Values Exist}
[INFO ][2015-12-04 17:43:02,728][com.java.SeleniumDriver] [  865] - --------------------------setting values-----------------------------
[INFO ][2015-12-04 17:43:02,728][com.java.SeleniumDriver] [  868] - Action Type : CLICK
[INFO ][2015-12-04 17:43:02,728][com.java.TestType] [ 5757] - Field ::HDNbtnOpenProject
[INFO ][2015-12-04 17:43:05,587][com.java.SeleniumDriver] [  877] -  RESULT true
[INFO ][2015-12-04 17:43:05,587][com.java.SeleniumDriver] [ 1083] - ?   P A S S   ?
[INFO ][2015-12-04 17:43:05,587][com.java.SeleniumDriver] [  804] - ------------------------------------------
[INFO ][2015-12-04 17:43:05,587][com.java.SeleniumDriver] [  805] - Test case being Executed: 7
[INFO ][2015-12-04 17:43:05,587][com.java.SeleniumDriver] [  816] - Test step:13
[INFO ][2015-12-04 17:43:05,587][com.java.SeleniumDriver] [  828] - Datavalue is----------2
[INFO ][2015-12-04 17:43:05,588][com.java.SeleniumDriver] [  852] - DataField : null
[INFO ][2015-12-04 17:43:05,588][com.java.SeleniumDriver] [  854] - DataValue : 2
[INFO ][2015-12-04 17:43:05,588][com.java.SeleniumDriver] [  860] - <In Set values of the page>
[INFO ][2015-12-04 17:43:05,588][com.java.SeleniumDriver] [  863] - {Data Fields & Data Values Exist}
[INFO ][2015-12-04 17:43:05,589][com.java.SeleniumDriver] [  865] - --------------------------setting values-----------------------------
[INFO ][2015-12-04 17:43:05,589][com.java.SeleniumDriver] [  868] - Action Type : WAITTIME
[DEBUG][2015-12-04 17:43:05,589][com.java.TestType] [ 5249] - sleepTime: 2000
[INFO ][2015-12-04 17:43:07,589][com.java.SeleniumDriver] [  877] -  RESULT true
[INFO ][2015-12-04 17:43:07,589][com.java.SeleniumDriver] [ 1083] - ?   P A S S   ?
[INFO ][2015-12-04 17:43:07,589][com.java.SeleniumDriver] [  804] - ------------------------------------------
[INFO ][2015-12-04 17:43:07,589][com.java.SeleniumDriver] [  805] - Test case being Executed: 7
[INFO ][2015-12-04 17:43:07,589][com.java.SeleniumDriver] [  816] - Test step:14
[INFO ][2015-12-04 17:43:07,589][com.java.SeleniumDriver] [  828] - Datavalue is----------null
[DEBUG][2015-12-04 17:43:07,589][com.java.SeleniumDriver] [  846] - Exception: null
[INFO ][2015-12-04 17:43:07,589][com.java.SeleniumDriver] [  852] - DataField : BTNParent
[INFO ][2015-12-04 17:43:07,589][com.java.SeleniumDriver] [  854] - DataValue : 
[INFO ][2015-12-04 17:43:07,589][com.java.SeleniumDriver] [  860] - <In Set values of the page>
[INFO ][2015-12-04 17:43:07,589][com.java.SeleniumDriver] [  863] - {Data Fields & Data Values Exist}
[INFO ][2015-12-04 17:43:07,589][com.java.SeleniumDriver] [  865] - --------------------------setting values-----------------------------
[INFO ][2015-12-04 17:43:07,590][com.java.SeleniumDriver] [  868] - Action Type : SELECTFRAME
[INFO ][2015-12-04 17:43:07,603][com.java.SeleniumDriver] [  877] -  RESULT true
[INFO ][2015-12-04 17:43:07,603][com.java.SeleniumDriver] [ 1083] - ?   P A S S   ?
[INFO ][2015-12-04 17:43:07,604][com.java.SeleniumDriver] [  804] - ------------------------------------------
[INFO ][2015-12-04 17:43:07,604][com.java.SeleniumDriver] [  805] - Test case being Executed: 7
[INFO ][2015-12-04 17:43:07,604][com.java.SeleniumDriver] [  816] - Test step:15
[INFO ][2015-12-04 17:43:07,604][com.java.SeleniumDriver] [  828] - Datavalue is----------2
[INFO ][2015-12-04 17:43:07,604][com.java.SeleniumDriver] [  852] - DataField : DSPFile
[INFO ][2015-12-04 17:43:07,604][com.java.SeleniumDriver] [  854] - DataValue : 2
[INFO ][2015-12-04 17:43:07,604][com.java.SeleniumDriver] [  860] - <In Set values of the page>
[INFO ][2015-12-04 17:43:07,604][com.java.SeleniumDriver] [  863] - {Data Fields & Data Values Exist}
[INFO ][2015-12-04 17:43:07,604][com.java.SeleniumDriver] [  865] - --------------------------setting values-----------------------------
[INFO ][2015-12-04 17:43:07,604][com.java.SeleniumDriver] [  868] - Action Type : WAITFORELEMENT
[INFO ][2015-12-04 17:43:07,726][com.java.SeleniumDriver] [  877] -  RESULT true
[INFO ][2015-12-04 17:43:07,726][com.java.SeleniumDriver] [ 1083] - ?   P A S S   ?
[INFO ][2015-12-04 17:43:07,726][com.java.SeleniumDriver] [  804] - ------------------------------------------
[INFO ][2015-12-04 17:43:07,726][com.java.SeleniumDriver] [  805] - Test case being Executed: 7
[INFO ][2015-12-04 17:43:07,726][com.java.SeleniumDriver] [  816] - Test step:16
[INFO ][2015-12-04 17:43:07,726][com.java.SeleniumDriver] [  828] - Datavalue is----------10
[INFO ][2015-12-04 17:43:07,726][com.java.SeleniumDriver] [  852] - DataField : null
[INFO ][2015-12-04 17:43:07,726][com.java.SeleniumDriver] [  854] - DataValue : 10
[INFO ][2015-12-04 17:43:07,726][com.java.SeleniumDriver] [  860] - <In Set values of the page>
[INFO ][2015-12-04 17:43:07,726][com.java.SeleniumDriver] [  863] - {Data Fields & Data Values Exist}
[INFO ][2015-12-04 17:43:07,726][com.java.SeleniumDriver] [  865] - --------------------------setting values-----------------------------
[INFO ][2015-12-04 17:43:07,727][com.java.SeleniumDriver] [  868] - Action Type : WAITTIME
[DEBUG][2015-12-04 17:43:07,727][com.java.TestType] [ 5249] - sleepTime: 10000
[INFO ][2015-12-04 17:43:17,728][com.java.SeleniumDriver] [  877] -  RESULT true
[INFO ][2015-12-04 17:43:17,728][com.java.SeleniumDriver] [ 1083] - ?   P A S S   ?
[INFO ][2015-12-04 17:43:17,728][com.java.SeleniumDriver] [  804] - ------------------------------------------
[INFO ][2015-12-04 17:43:17,728][com.java.SeleniumDriver] [  805] - Test case being Executed: 7
[INFO ][2015-12-04 17:43:17,728][com.java.SeleniumDriver] [  816] - Test step:17
[INFO ][2015-12-04 17:43:17,728][com.java.SeleniumDriver] [  828] - Datavalue is----------HMVCurrentProject
[INFO ][2015-12-04 17:43:17,728][com.java.SeleniumDriver] [  852] - DataField : XPH//span[@id='lblProject']
[INFO ][2015-12-04 17:43:17,728][com.java.SeleniumDriver] [  854] - DataValue : HMVCurrentProject
[INFO ][2015-12-04 17:43:17,728][com.java.SeleniumDriver] [  860] - <In Set values of the page>
[INFO ][2015-12-04 17:43:17,728][com.java.SeleniumDriver] [  863] - {Data Fields & Data Values Exist}
[INFO ][2015-12-04 17:43:17,728][com.java.SeleniumDriver] [  865] - --------------------------setting values-----------------------------
[INFO ][2015-12-04 17:43:17,728][com.java.SeleniumDriver] [  868] - Action Type : VERIFY
[INFO ][2015-12-04 17:43:17,728][com.java.TestType] [ 6620] - field= XPH//span[@id='lblProject'] value= HMVCurrentProject
[INFO ][2015-12-04 17:43:17,729][com.java.TestType] [ 5429] - value = Dallas User Group
[INFO ][2015-12-04 17:43:17,862][com.java.SeleniumDriver] [  877] -  RESULT true
[INFO ][2015-12-04 17:43:17,862][com.java.SeleniumDriver] [ 1083] - ?   P A S S   ?
[INFO ][2015-12-04 17:43:17,862][com.java.SeleniumDriver] [  804] - ------------------------------------------
[INFO ][2015-12-04 17:43:17,862][com.java.SeleniumDriver] [  805] - Test case being Executed: 7
[INFO ][2015-12-04 17:43:17,862][com.java.SeleniumDriver] [  816] - Test step:18
[INFO ][2015-12-04 17:43:17,862][com.java.SeleniumDriver] [  828] - Datavalue is----------null
[DEBUG][2015-12-04 17:43:17,862][com.java.SeleniumDriver] [  846] - Exception: null
[INFO ][2015-12-04 17:43:17,862][com.java.SeleniumDriver] [  852] - DataField : HDNmenuTools
[INFO ][2015-12-04 17:43:17,862][com.java.SeleniumDriver] [  854] - DataValue : 
[INFO ][2015-12-04 17:43:17,862][com.java.SeleniumDriver] [  860] - <In Set values of the page>
[INFO ][2015-12-04 17:43:17,862][com.java.SeleniumDriver] [  863] - {Data Fields & Data Values Exist}
[INFO ][2015-12-04 17:43:17,862][com.java.SeleniumDriver] [  865] - --------------------------setting values-----------------------------
[INFO ][2015-12-04 17:43:17,862][com.java.SeleniumDriver] [  868] - Action Type : CLICK
[INFO ][2015-12-04 17:43:17,863][com.java.TestType] [ 5757] - Field ::HDNmenuTools
[INFO ][2015-12-04 17:43:20,006][com.java.SeleniumDriver] [  877] -  RESULT true
[INFO ][2015-12-04 17:43:20,006][com.java.SeleniumDriver] [ 1083] - ?   P A S S   ?
[INFO ][2015-12-04 17:43:20,007][com.java.SeleniumDriver] [  804] - ------------------------------------------
[INFO ][2015-12-04 17:43:20,007][com.java.SeleniumDriver] [  805] - Test case being Executed: 7
[INFO ][2015-12-04 17:43:20,007][com.java.SeleniumDriver] [  816] - Test step:19
[INFO ][2015-12-04 17:43:20,007][com.java.SeleniumDriver] [  828] - Datavalue is----------3
[INFO ][2015-12-04 17:43:20,007][com.java.SeleniumDriver] [  852] - DataField : DSPmenuBalance
[INFO ][2015-12-04 17:43:20,007][com.java.SeleniumDriver] [  854] - DataValue : 3
[INFO ][2015-12-04 17:43:20,007][com.java.SeleniumDriver] [  860] - <In Set values of the page>
[INFO ][2015-12-04 17:43:20,007][com.java.SeleniumDriver] [  863] - {Data Fields & Data Values Exist}
[INFO ][2015-12-04 17:43:20,007][com.java.SeleniumDriver] [  865] - --------------------------setting values-----------------------------
[INFO ][2015-12-04 17:43:20,007][com.java.SeleniumDriver] [  868] - Action Type : WAITFORELEMENT
[INFO ][2015-12-04 17:43:21,216][com.java.SeleniumDriver] [  877] -  RESULT true
[INFO ][2015-12-04 17:43:21,216][com.java.SeleniumDriver] [ 1083] - ?   P A S S   ?
[INFO ][2015-12-04 17:43:21,216][com.java.SeleniumDriver] [  804] - ------------------------------------------
[INFO ][2015-12-04 17:43:21,216][com.java.SeleniumDriver] [  805] - Test case being Executed: 7
[INFO ][2015-12-04 17:43:21,216][com.java.SeleniumDriver] [  816] - Test step:20
[INFO ][2015-12-04 17:43:21,216][com.java.SeleniumDriver] [  828] - Datavalue is----------null
[DEBUG][2015-12-04 17:43:21,216][com.java.SeleniumDriver] [  846] - Exception: null
[INFO ][2015-12-04 17:43:21,216][com.java.SeleniumDriver] [  852] - DataField : HDNmenuBalance
[INFO ][2015-12-04 17:43:21,216][com.java.SeleniumDriver] [  854] - DataValue : 
[INFO ][2015-12-04 17:43:21,216][com.java.SeleniumDriver] [  860] - <In Set values of the page>
[INFO ][2015-12-04 17:43:21,216][com.java.SeleniumDriver] [  863] - {Data Fields & Data Values Exist}
[INFO ][2015-12-04 17:43:21,216][com.java.SeleniumDriver] [  865] - --------------------------setting values-----------------------------
[INFO ][2015-12-04 17:43:21,216][com.java.SeleniumDriver] [  868] - Action Type : CLICK
[INFO ][2015-12-04 17:43:21,217][com.java.TestType] [ 5757] - Field ::HDNmenuBalance
[INFO ][2015-12-04 17:43:23,381][com.java.SeleniumDriver] [  877] -  RESULT true
[INFO ][2015-12-04 17:43:23,381][com.java.SeleniumDriver] [ 1083] - ?   P A S S   ?
[INFO ][2015-12-04 17:43:23,381][com.java.SeleniumDriver] [  804] - ------------------------------------------
[INFO ][2015-12-04 17:43:23,381][com.java.SeleniumDriver] [  805] - Test case being Executed: 7
[INFO ][2015-12-04 17:43:23,381][com.java.SeleniumDriver] [  816] - Test step:21
[INFO ][2015-12-04 17:43:23,382][com.java.SeleniumDriver] [  828] - Datavalue is----------6
[INFO ][2015-12-04 17:43:23,382][com.java.SeleniumDriver] [  852] - DataField : null
[INFO ][2015-12-04 17:43:23,382][com.java.SeleniumDriver] [  854] - DataValue : 6
[INFO ][2015-12-04 17:43:23,382][com.java.SeleniumDriver] [  860] - <In Set values of the page>
[INFO ][2015-12-04 17:43:23,382][com.java.SeleniumDriver] [  863] - {Data Fields & Data Values Exist}
[INFO ][2015-12-04 17:43:23,382][com.java.SeleniumDriver] [  865] - --------------------------setting values-----------------------------
[INFO ][2015-12-04 17:43:23,382][com.java.SeleniumDriver] [  868] - Action Type : WAITTIME
[DEBUG][2015-12-04 17:43:23,382][com.java.TestType] [ 5249] - sleepTime: 6000
[INFO ][2015-12-04 17:43:29,382][com.java.SeleniumDriver] [  877] -  RESULT true
[INFO ][2015-12-04 17:43:29,382][com.java.SeleniumDriver] [ 1083] - ?   P A S S   ?
[INFO ][2015-12-04 17:43:29,382][com.java.SeleniumDriver] [  804] - ------------------------------------------
[INFO ][2015-12-04 17:43:29,382][com.java.SeleniumDriver] [  805] - Test case being Executed: 7
[INFO ][2015-12-04 17:43:29,382][com.java.SeleniumDriver] [  816] - Test step:22
[INFO ][2015-12-04 17:43:29,382][com.java.SeleniumDriver] [  828] - Datavalue is---------- Forecasting 
[INFO ][2015-12-04 17:43:29,382][com.java.SeleniumDriver] [  852] - DataField : TTL
[INFO ][2015-12-04 17:43:29,382][com.java.SeleniumDriver] [  854] - DataValue :  Forecasting 
[INFO ][2015-12-04 17:43:29,382][com.java.SeleniumDriver] [  860] - <In Set values of the page>
[INFO ][2015-12-04 17:43:29,382][com.java.SeleniumDriver] [  863] - {Data Fields & Data Values Exist}
[INFO ][2015-12-04 17:43:29,382][com.java.SeleniumDriver] [  865] - --------------------------setting values-----------------------------
[INFO ][2015-12-04 17:43:29,382][com.java.SeleniumDriver] [  868] - Action Type : CLOSEWINDOW
[INFO ][2015-12-04 17:43:29,672][com.java.SeleniumDriver] [  877] -  RESULT true
[INFO ][2015-12-04 17:43:29,672][com.java.SeleniumDriver] [ 1083] - ?   P A S S   ?
[INFO ][2015-12-04 17:43:29,672][com.java.SeleniumDriver] [  804] - ------------------------------------------
[INFO ][2015-12-04 17:43:29,672][com.java.SeleniumDriver] [  805] - Test case being Executed: 7
[INFO ][2015-12-04 17:43:29,672][com.java.SeleniumDriver] [  816] - Test step:23
[INFO ][2015-12-04 17:43:29,672][com.java.SeleniumDriver] [  828] - Datavalue is----------Banker'sDashboard
[INFO ][2015-12-04 17:43:29,672][com.java.SeleniumDriver] [  852] - DataField : TTL
[INFO ][2015-12-04 17:43:29,672][com.java.SeleniumDriver] [  854] - DataValue : Banker'sDashboard
[INFO ][2015-12-04 17:43:29,672][com.java.SeleniumDriver] [  860] - <In Set values of the page>
[INFO ][2015-12-04 17:43:29,672][com.java.SeleniumDriver] [  863] - {Data Fields & Data Values Exist}
[INFO ][2015-12-04 17:43:29,673][com.java.SeleniumDriver] [  865] - --------------------------setting values-----------------------------
[INFO ][2015-12-04 17:43:29,673][com.java.SeleniumDriver] [  868] - Action Type : SelectWindow
[INFO ][2015-12-04 17:43:41,830][com.java.SeleniumDriver] [  877] -  RESULT true
[INFO ][2015-12-04 17:43:41,830][com.java.SeleniumDriver] [ 1083] - ?   P A S S   ?
[INFO ][2015-12-04 17:43:41,830][com.java.SeleniumDriver] [  804] - ------------------------------------------
[INFO ][2015-12-04 17:43:41,830][com.java.SeleniumDriver] [  805] - Test case being Executed: 7
[INFO ][2015-12-04 17:43:41,830][com.java.SeleniumDriver] [  816] - Test step:24
[INFO ][2015-12-04 17:43:41,830][com.java.SeleniumDriver] [  828] - Datavalue is----------5
[INFO ][2015-12-04 17:43:41,830][com.java.SeleniumDriver] [  852] - DataField : null
[INFO ][2015-12-04 17:43:41,831][com.java.SeleniumDriver] [  854] - DataValue : 5
[INFO ][2015-12-04 17:43:41,832][com.java.SeleniumDriver] [  860] - <In Set values of the page>
[INFO ][2015-12-04 17:43:41,832][com.java.SeleniumDriver] [  863] - {Data Fields & Data Values Exist}
[INFO ][2015-12-04 17:43:41,832][com.java.SeleniumDriver] [  865] - --------------------------setting values-----------------------------
[INFO ][2015-12-04 17:43:41,832][com.java.SeleniumDriver] [  868] - Action Type : WAITTIME
[DEBUG][2015-12-04 17:43:41,832][com.java.TestType] [ 5249] - sleepTime: 5000
[INFO ][2015-12-04 17:43:46,832][com.java.SeleniumDriver] [  877] -  RESULT true
[INFO ][2015-12-04 17:43:46,832][com.java.SeleniumDriver] [ 1083] - ?   P A S S   ?
[INFO ][2015-12-04 17:43:46,832][com.java.SeleniumDriver] [  804] - ------------------------------------------
[INFO ][2015-12-04 17:43:46,832][com.java.SeleniumDriver] [  805] - Test case being Executed: 7
[INFO ][2015-12-04 17:43:46,832][com.java.SeleniumDriver] [  816] - Test step:25
[INFO ][2015-12-04 17:43:46,832][com.java.SeleniumDriver] [  828] - Datavalue is----------null
[DEBUG][2015-12-04 17:43:46,832][com.java.SeleniumDriver] [  846] - Exception: null
[INFO ][2015-12-04 17:43:46,832][com.java.SeleniumDriver] [  852] - DataField : //span[@class='icon-stats']&&//a[@data-id="Forecasting"]
[INFO ][2015-12-04 17:43:46,832][com.java.SeleniumDriver] [  854] - DataValue : 
[INFO ][2015-12-04 17:43:46,832][com.java.SeleniumDriver] [  860] - <In Set values of the page>
[INFO ][2015-12-04 17:43:46,832][com.java.SeleniumDriver] [  863] - {Data Fields & Data Values Exist}
[INFO ][2015-12-04 17:43:46,832][com.java.SeleniumDriver] [  865] - --------------------------setting values-----------------------------
[INFO ][2015-12-04 17:43:46,833][com.java.SeleniumDriver] [  868] - Action Type : MOUSEOVER
[INFO ][2015-12-04 17:44:09,739][com.java.SeleniumDriver] [  877] -  RESULT true
[INFO ][2015-12-04 17:44:09,739][com.java.SeleniumDriver] [ 1083] - ?   P A S S   ?
[INFO ][2015-12-04 17:44:09,739][com.java.SeleniumDriver] [  804] - ------------------------------------------
[INFO ][2015-12-04 17:44:09,739][com.java.SeleniumDriver] [  805] - Test case being Executed: 7
[INFO ][2015-12-04 17:44:09,739][com.java.SeleniumDriver] [  816] - Test step:26
[INFO ][2015-12-04 17:44:09,739][com.java.SeleniumDriver] [  828] - Datavalue is----------5
[INFO ][2015-12-04 17:44:09,739][com.java.SeleniumDriver] [  852] - DataField : null
[INFO ][2015-12-04 17:44:09,739][com.java.SeleniumDriver] [  854] - DataValue : 5
[INFO ][2015-12-04 17:44:09,739][com.java.SeleniumDriver] [  860] - <In Set values of the page>
[INFO ][2015-12-04 17:44:09,739][com.java.SeleniumDriver] [  863] - {Data Fields & Data Values Exist}
[INFO ][2015-12-04 17:44:09,739][com.java.SeleniumDriver] [  865] - --------------------------setting values-----------------------------
[INFO ][2015-12-04 17:44:09,739][com.java.SeleniumDriver] [  868] - Action Type : WAITTIME
[DEBUG][2015-12-04 17:44:09,740][com.java.TestType] [ 5249] - sleepTime: 5000
[INFO ][2015-12-04 17:44:14,740][com.java.SeleniumDriver] [  877] -  RESULT true
[INFO ][2015-12-04 17:44:14,740][com.java.SeleniumDriver] [ 1083] - ?   P A S S   ?
[INFO ][2015-12-04 17:44:14,740][com.java.SeleniumDriver] [  804] - ------------------------------------------
[INFO ][2015-12-04 17:44:14,740][com.java.SeleniumDriver] [  805] - Test case being Executed: 7
[INFO ][2015-12-04 17:44:14,740][com.java.SeleniumDriver] [  816] - Test step:27
[INFO ][2015-12-04 17:44:14,741][com.java.SeleniumDriver] [  828] - Datavalue is----------Forecasting 
[INFO ][2015-12-04 17:44:14,741][com.java.SeleniumDriver] [  852] - DataField : TTL
[INFO ][2015-12-04 17:44:14,741][com.java.SeleniumDriver] [  854] - DataValue : Forecasting 
[INFO ][2015-12-04 17:44:14,741][com.java.SeleniumDriver] [  860] - <In Set values of the page>
[INFO ][2015-12-04 17:44:14,741][com.java.SeleniumDriver] [  863] - {Data Fields & Data Values Exist}
[INFO ][2015-12-04 17:44:14,741][com.java.SeleniumDriver] [  865] - --------------------------setting values-----------------------------
[INFO ][2015-12-04 17:44:14,741][com.java.SeleniumDriver] [  868] - Action Type : SELECTWINDOW
[INFO ][2015-12-04 17:44:27,298][com.java.SeleniumDriver] [  877] -  RESULT true
[INFO ][2015-12-04 17:44:27,298][com.java.SeleniumDriver] [ 1083] - ?   P A S S   ?
[INFO ][2015-12-04 17:44:27,298][com.java.SeleniumDriver] [  804] - ------------------------------------------
[INFO ][2015-12-04 17:44:27,298][com.java.SeleniumDriver] [  805] - Test case being Executed: 7
[INFO ][2015-12-04 17:44:27,298][com.java.SeleniumDriver] [  816] - Test step:28
[INFO ][2015-12-04 17:44:27,298][com.java.SeleniumDriver] [  828] - Datavalue is----------2
[INFO ][2015-12-04 17:44:27,298][com.java.SeleniumDriver] [  852] - DataField : DSP//span[@id='ui-dialog-title-mdDialog']
[INFO ][2015-12-04 17:44:27,298][com.java.SeleniumDriver] [  854] - DataValue : 2
[INFO ][2015-12-04 17:44:27,298][com.java.SeleniumDriver] [  860] - <In Set values of the page>
[INFO ][2015-12-04 17:44:27,298][com.java.SeleniumDriver] [  863] - {Data Fields & Data Values Exist}
[INFO ][2015-12-04 17:44:27,298][com.java.SeleniumDriver] [  865] - --------------------------setting values-----------------------------
[INFO ][2015-12-04 17:44:27,298][com.java.SeleniumDriver] [  868] - Action Type : WAITFORELEMENT
[INFO ][2015-12-04 17:44:27,409][com.java.SeleniumDriver] [  877] -  RESULT true
[INFO ][2015-12-04 17:44:27,409][com.java.SeleniumDriver] [ 1083] - ?   P A S S   ?
[INFO ][2015-12-04 17:44:27,409][com.java.SeleniumDriver] [  804] - ------------------------------------------
[INFO ][2015-12-04 17:44:27,409][com.java.SeleniumDriver] [  805] - Test case being Executed: 7
[INFO ][2015-12-04 17:44:27,409][com.java.SeleniumDriver] [  816] - Test step:29
[INFO ][2015-12-04 17:44:27,409][com.java.SeleniumDriver] [  828] - Datavalue is----------Forecasting 
[INFO ][2015-12-04 17:44:27,409][com.java.SeleniumDriver] [  852] - DataField : XPH//span[@id='ui-dialog-title-mdDialog']
[INFO ][2015-12-04 17:44:27,409][com.java.SeleniumDriver] [  854] - DataValue : Forecasting 
[INFO ][2015-12-04 17:44:27,409][com.java.SeleniumDriver] [  860] - <In Set values of the page>
[INFO ][2015-12-04 17:44:27,409][com.java.SeleniumDriver] [  863] - {Data Fields & Data Values Exist}
[INFO ][2015-12-04 17:44:27,409][com.java.SeleniumDriver] [  865] - --------------------------setting values-----------------------------
[INFO ][2015-12-04 17:44:27,409][com.java.SeleniumDriver] [  868] - Action Type : VERIFY
[INFO ][2015-12-04 17:44:27,410][com.java.TestType] [ 6620] - field= XPH//span[@id='ui-dialog-title-mdDialog'] value= Forecasting 
[INFO ][2015-12-04 17:44:27,410][com.java.TestType] [ 5429] - value = Forecasting 
[INFO ][2015-12-04 17:44:27,520][com.java.SeleniumDriver] [  877] -  RESULT true
[INFO ][2015-12-04 17:44:27,520][com.java.SeleniumDriver] [ 1083] - ?   P A S S   ?
[INFO ][2015-12-04 17:44:27,520][com.java.SeleniumDriver] [  804] - ------------------------------------------
[INFO ][2015-12-04 17:44:27,520][com.java.SeleniumDriver] [  805] - Test case being Executed: 7
[INFO ][2015-12-04 17:44:27,520][com.java.SeleniumDriver] [  816] - Test step:30
[INFO ][2015-12-04 17:44:27,520][com.java.SeleniumDriver] [  828] - Datavalue is----------5
[INFO ][2015-12-04 17:44:27,520][com.java.SeleniumDriver] [  852] - DataField : DSP//span[contains(text(),'Forecasting')]
[INFO ][2015-12-04 17:44:27,520][com.java.SeleniumDriver] [  854] - DataValue : 5
[INFO ][2015-12-04 17:44:27,520][com.java.SeleniumDriver] [  860] - <In Set values of the page>
[INFO ][2015-12-04 17:44:27,520][com.java.SeleniumDriver] [  863] - {Data Fields & Data Values Exist}
[INFO ][2015-12-04 17:44:27,520][com.java.SeleniumDriver] [  865] - --------------------------setting values-----------------------------
[INFO ][2015-12-04 17:44:27,520][com.java.SeleniumDriver] [  868] - Action Type : WAITFORELEMENT
[INFO ][2015-12-04 17:44:27,612][com.java.SeleniumDriver] [  877] -  RESULT true
[INFO ][2015-12-04 17:44:27,612][com.java.SeleniumDriver] [ 1083] - ?   P A S S   ?
[INFO ][2015-12-04 17:44:27,612][com.java.SeleniumDriver] [  804] - ------------------------------------------
[INFO ][2015-12-04 17:44:27,612][com.java.SeleniumDriver] [  805] - Test case being Executed: 7
[INFO ][2015-12-04 17:44:27,612][com.java.SeleniumDriver] [  816] - Test step:31
[INFO ][2015-12-04 17:44:27,612][com.java.SeleniumDriver] [  828] - Datavalue is----------null
[DEBUG][2015-12-04 17:44:27,612][com.java.SeleniumDriver] [  846] - Exception: null
[INFO ][2015-12-04 17:44:27,612][com.java.SeleniumDriver] [  852] - DataField : BTNframeDialogContent
[INFO ][2015-12-04 17:44:27,612][com.java.SeleniumDriver] [  854] - DataValue : 
[INFO ][2015-12-04 17:44:27,612][com.java.SeleniumDriver] [  860] - <In Set values of the page>
[INFO ][2015-12-04 17:44:27,613][com.java.SeleniumDriver] [  863] - {Data Fields & Data Values Exist}
[INFO ][2015-12-04 17:44:27,613][com.java.SeleniumDriver] [  865] - --------------------------setting values-----------------------------
[INFO ][2015-12-04 17:44:27,613][com.java.SeleniumDriver] [  868] - Action Type : SELECTFRAME
[INFO ][2015-12-04 17:44:28,741][com.java.SeleniumDriver] [  877] -  RESULT true
[INFO ][2015-12-04 17:44:28,741][com.java.SeleniumDriver] [ 1083] - ?   P A S S   ?
[INFO ][2015-12-04 17:44:28,741][com.java.SeleniumDriver] [  804] - ------------------------------------------
[INFO ][2015-12-04 17:44:28,741][com.java.SeleniumDriver] [  805] - Test case being Executed: 7
[INFO ][2015-12-04 17:44:28,741][com.java.SeleniumDriver] [  816] - Test step:32
[INFO ][2015-12-04 17:44:28,741][com.java.SeleniumDriver] [  828] - Datavalue is----------2
[INFO ][2015-12-04 17:44:28,741][com.java.SeleniumDriver] [  852] - DataField : DSPddlProjects
[INFO ][2015-12-04 17:44:28,741][com.java.SeleniumDriver] [  854] - DataValue : 2
[INFO ][2015-12-04 17:44:28,741][com.java.SeleniumDriver] [  860] - <In Set values of the page>
[INFO ][2015-12-04 17:44:28,741][com.java.SeleniumDriver] [  863] - {Data Fields & Data Values Exist}
[INFO ][2015-12-04 17:44:28,742][com.java.SeleniumDriver] [  865] - --------------------------setting values-----------------------------
[INFO ][2015-12-04 17:44:28,742][com.java.SeleniumDriver] [  868] - Action Type : WAITFORELEMENT
[INFO ][2015-12-04 17:44:29,822][com.java.SeleniumDriver] [  877] -  RESULT true
[INFO ][2015-12-04 17:44:29,822][com.java.SeleniumDriver] [ 1083] - ?   P A S S   ?
[INFO ][2015-12-04 17:44:29,822][com.java.SeleniumDriver] [  804] - ------------------------------------------
[INFO ][2015-12-04 17:44:29,822][com.java.SeleniumDriver] [  805] - Test case being Executed: 7
[INFO ][2015-12-04 17:44:29,822][com.java.SeleniumDriver] [  816] - Test step:33
[INFO ][2015-12-04 17:44:29,822][com.java.SeleniumDriver] [  828] - Datavalue is----------HMVCurrentProject
[INFO ][2015-12-04 17:44:29,822][com.java.SeleniumDriver] [  852] - DataField : COBddlProjects
[INFO ][2015-12-04 17:44:29,822][com.java.SeleniumDriver] [  854] - DataValue : HMVCurrentProject
[INFO ][2015-12-04 17:44:29,822][com.java.SeleniumDriver] [  860] - <In Set values of the page>
[INFO ][2015-12-04 17:44:29,822][com.java.SeleniumDriver] [  863] - {Data Fields & Data Values Exist}
[INFO ][2015-12-04 17:44:29,822][com.java.SeleniumDriver] [  865] - --------------------------setting values-----------------------------
[INFO ][2015-12-04 17:44:29,822][com.java.SeleniumDriver] [  868] - Action Type : SELECT
[INFO ][2015-12-04 17:44:29,823][com.java.TestType] [ 5429] - value = Dallas User Group
[INFO ][2015-12-04 17:44:30,904][com.java.TestType] [ 5547] -  In COB ddlProjects : Dallas User Group
[DEBUG][2015-12-04 17:44:31,982][com.java.TestType] [ 5572] - Java Script : javascript:var s = document.getElementById('ddlProjects');for (i = 0; i< s.options.length; i++){   if (s.options[i].text.trim().toUpperCase() == 'DALLAS USER GROUP'){      s.options[i].selected = true;      s.click();      break;   }}
[INFO ][2015-12-04 17:44:33,995][com.java.SeleniumDriver] [  877] -  RESULT true
[INFO ][2015-12-04 17:44:33,995][com.java.SeleniumDriver] [ 1083] - ?   P A S S   ?
[INFO ][2015-12-04 17:44:33,995][com.java.SeleniumDriver] [  804] - ------------------------------------------
[INFO ][2015-12-04 17:44:33,995][com.java.SeleniumDriver] [  805] - Test case being Executed: 7
[INFO ][2015-12-04 17:44:33,995][com.java.SeleniumDriver] [  816] - Test step:34
[INFO ][2015-12-04 17:44:33,995][com.java.SeleniumDriver] [  828] - Datavalue is----------null
[DEBUG][2015-12-04 17:44:33,995][com.java.SeleniumDriver] [  846] - Exception: null
[INFO ][2015-12-04 17:44:33,995][com.java.SeleniumDriver] [  852] - DataField : HDNbtnOpenProject
[INFO ][2015-12-04 17:44:33,995][com.java.SeleniumDriver] [  854] - DataValue : 
[INFO ][2015-12-04 17:44:33,995][com.java.SeleniumDriver] [  860] - <In Set values of the page>
[INFO ][2015-12-04 17:44:33,995][com.java.SeleniumDriver] [  863] - {Data Fields & Data Values Exist}
[INFO ][2015-12-04 17:44:33,995][com.java.SeleniumDriver] [  865] - --------------------------setting values-----------------------------
[INFO ][2015-12-04 17:44:33,995][com.java.SeleniumDriver] [  868] - Action Type : CLICK
[INFO ][2015-12-04 17:44:33,996][com.java.TestType] [ 5757] - Field ::HDNbtnOpenProject
[INFO ][2015-12-04 17:44:36,855][com.java.SeleniumDriver] [  877] -  RESULT true
[INFO ][2015-12-04 17:44:36,855][com.java.SeleniumDriver] [ 1083] - ?   P A S S   ?
[INFO ][2015-12-04 17:44:36,855][com.java.SeleniumDriver] [  804] - ------------------------------------------
[INFO ][2015-12-04 17:44:36,855][com.java.SeleniumDriver] [  805] - Test case being Executed: 7
[INFO ][2015-12-04 17:44:36,855][com.java.SeleniumDriver] [  816] - Test step:35
[INFO ][2015-12-04 17:44:36,855][com.java.SeleniumDriver] [  828] - Datavalue is----------2
[INFO ][2015-12-04 17:44:36,855][com.java.SeleniumDriver] [  852] - DataField : null
[INFO ][2015-12-04 17:44:36,855][com.java.SeleniumDriver] [  854] - DataValue : 2
[INFO ][2015-12-04 17:44:36,855][com.java.SeleniumDriver] [  860] - <In Set values of the page>
[INFO ][2015-12-04 17:44:36,855][com.java.SeleniumDriver] [  863] - {Data Fields & Data Values Exist}
[INFO ][2015-12-04 17:44:36,855][com.java.SeleniumDriver] [  865] - --------------------------setting values-----------------------------
[INFO ][2015-12-04 17:44:36,855][com.java.SeleniumDriver] [  868] - Action Type : WAITTIME
[DEBUG][2015-12-04 17:44:36,856][com.java.TestType] [ 5249] - sleepTime: 2000
[INFO ][2015-12-04 17:44:38,856][com.java.SeleniumDriver] [  877] -  RESULT true
[INFO ][2015-12-04 17:44:38,856][com.java.SeleniumDriver] [ 1083] - ?   P A S S   ?
[INFO ][2015-12-04 17:44:38,856][com.java.SeleniumDriver] [  804] - ------------------------------------------
[INFO ][2015-12-04 17:44:38,856][com.java.SeleniumDriver] [  805] - Test case being Executed: 7
[INFO ][2015-12-04 17:44:38,856][com.java.SeleniumDriver] [  816] - Test step:36
[INFO ][2015-12-04 17:44:38,856][com.java.SeleniumDriver] [  828] - Datavalue is----------null
[DEBUG][2015-12-04 17:44:38,856][com.java.SeleniumDriver] [  846] - Exception: null
[INFO ][2015-12-04 17:44:38,856][com.java.SeleniumDriver] [  852] - DataField : BTNParent
[INFO ][2015-12-04 17:44:38,856][com.java.SeleniumDriver] [  854] - DataValue : 
[INFO ][2015-12-04 17:44:38,856][com.java.SeleniumDriver] [  860] - <In Set values of the page>
[INFO ][2015-12-04 17:44:38,856][com.java.SeleniumDriver] [  863] - {Data Fields & Data Values Exist}
[INFO ][2015-12-04 17:44:38,856][com.java.SeleniumDriver] [  865] - --------------------------setting values-----------------------------
[INFO ][2015-12-04 17:44:38,857][com.java.SeleniumDriver] [  868] - Action Type : SELECTFRAME
[INFO ][2015-12-04 17:44:38,870][com.java.SeleniumDriver] [  877] -  RESULT true
[INFO ][2015-12-04 17:44:38,870][com.java.SeleniumDriver] [ 1083] - ?   P A S S   ?
[INFO ][2015-12-04 17:44:38,870][com.java.SeleniumDriver] [  804] - ------------------------------------------
[INFO ][2015-12-04 17:44:38,870][com.java.SeleniumDriver] [  805] - Test case being Executed: 7
[INFO ][2015-12-04 17:44:38,870][com.java.SeleniumDriver] [  816] - Test step:37
[INFO ][2015-12-04 17:44:38,870][com.java.SeleniumDriver] [  828] - Datavalue is----------null
[DEBUG][2015-12-04 17:44:38,871][com.java.SeleniumDriver] [  846] - Exception: null
[INFO ][2015-12-04 17:44:38,871][com.java.SeleniumDriver] [  852] - DataField : HDNmenuTools
[INFO ][2015-12-04 17:44:38,871][com.java.SeleniumDriver] [  854] - DataValue : 
[INFO ][2015-12-04 17:44:38,871][com.java.SeleniumDriver] [  860] - <In Set values of the page>
[INFO ][2015-12-04 17:44:38,871][com.java.SeleniumDriver] [  863] - {Data Fields & Data Values Exist}
[INFO ][2015-12-04 17:44:38,871][com.java.SeleniumDriver] [  865] - --------------------------setting values-----------------------------
[INFO ][2015-12-04 17:44:38,871][com.java.SeleniumDriver] [  868] - Action Type : CLICK
[INFO ][2015-12-04 17:44:38,871][com.java.TestType] [ 5757] - Field ::HDNmenuTools
[INFO ][2015-12-04 17:44:41,062][com.java.SeleniumDriver] [  877] -  RESULT true
[INFO ][2015-12-04 17:44:41,062][com.java.SeleniumDriver] [ 1083] - ?   P A S S   ?
[INFO ][2015-12-04 17:44:41,062][com.java.SeleniumDriver] [  804] - ------------------------------------------
[INFO ][2015-12-04 17:44:41,062][com.java.SeleniumDriver] [  805] - Test case being Executed: 7
[INFO ][2015-12-04 17:44:41,062][com.java.SeleniumDriver] [  816] - Test step:38
[INFO ][2015-12-04 17:44:41,062][com.java.SeleniumDriver] [  828] - Datavalue is----------2
[INFO ][2015-12-04 17:44:41,062][com.java.SeleniumDriver] [  852] - DataField : DSPmenuProjectOptions
[INFO ][2015-12-04 17:44:41,062][com.java.SeleniumDriver] [  854] - DataValue : 2
[INFO ][2015-12-04 17:44:41,062][com.java.SeleniumDriver] [  860] - <In Set values of the page>
[INFO ][2015-12-04 17:44:41,062][com.java.SeleniumDriver] [  863] - {Data Fields & Data Values Exist}
[INFO ][2015-12-04 17:44:41,063][com.java.SeleniumDriver] [  865] - --------------------------setting values-----------------------------
[INFO ][2015-12-04 17:44:41,063][com.java.SeleniumDriver] [  868] - Action Type : WAITFORELEMENT
[INFO ][2015-12-04 17:44:42,255][com.java.SeleniumDriver] [  877] -  RESULT true
[INFO ][2015-12-04 17:44:42,255][com.java.SeleniumDriver] [ 1083] - ?   P A S S   ?
[INFO ][2015-12-04 17:44:42,255][com.java.SeleniumDriver] [  804] - ------------------------------------------
[INFO ][2015-12-04 17:44:42,255][com.java.SeleniumDriver] [  805] - Test case being Executed: 7
[INFO ][2015-12-04 17:44:42,255][com.java.SeleniumDriver] [  816] - Test step:39
[INFO ][2015-12-04 17:44:42,255][com.java.SeleniumDriver] [  828] - Datavalue is----------null
[DEBUG][2015-12-04 17:44:42,255][com.java.SeleniumDriver] [  846] - Exception: null
[INFO ][2015-12-04 17:44:42,255][com.java.SeleniumDriver] [  852] - DataField : HDNmenuProjectOptions
[INFO ][2015-12-04 17:44:42,257][com.java.SeleniumDriver] [  854] - DataValue : 
[INFO ][2015-12-04 17:44:42,257][com.java.SeleniumDriver] [  860] - <In Set values of the page>
[INFO ][2015-12-04 17:44:42,257][com.java.SeleniumDriver] [  863] - {Data Fields & Data Values Exist}
[INFO ][2015-12-04 17:44:42,257][com.java.SeleniumDriver] [  865] - --------------------------setting values-----------------------------
[INFO ][2015-12-04 17:44:42,257][com.java.SeleniumDriver] [  868] - Action Type : CLICK
[INFO ][2015-12-04 17:44:42,257][com.java.TestType] [ 5757] - Field ::HDNmenuProjectOptions
[INFO ][2015-12-04 17:44:44,423][com.java.SeleniumDriver] [  877] -  RESULT true
[INFO ][2015-12-04 17:44:44,423][com.java.SeleniumDriver] [ 1083] - ?   P A S S   ?
[INFO ][2015-12-04 17:44:44,423][com.java.SeleniumDriver] [  804] - ------------------------------------------
[INFO ][2015-12-04 17:44:44,423][com.java.SeleniumDriver] [  805] - Test case being Executed: 7
[INFO ][2015-12-04 17:44:44,423][com.java.SeleniumDriver] [  816] - Test step:40
[INFO ][2015-12-04 17:44:44,423][com.java.SeleniumDriver] [  828] - Datavalue is----------null
[DEBUG][2015-12-04 17:44:44,423][com.java.SeleniumDriver] [  846] - Exception: null
[INFO ][2015-12-04 17:44:44,423][com.java.SeleniumDriver] [  852] - DataField : BTNframeDialogContent
[INFO ][2015-12-04 17:44:44,423][com.java.SeleniumDriver] [  854] - DataValue : 
[INFO ][2015-12-04 17:44:44,423][com.java.SeleniumDriver] [  860] - <In Set values of the page>
[INFO ][2015-12-04 17:44:44,423][com.java.SeleniumDriver] [  863] - {Data Fields & Data Values Exist}
[INFO ][2015-12-04 17:44:44,423][com.java.SeleniumDriver] [  865] - --------------------------setting values-----------------------------
[INFO ][2015-12-04 17:44:44,423][com.java.SeleniumDriver] [  868] - Action Type : SELECTFRAME
[INFO ][2015-12-04 17:44:46,210][com.java.SeleniumDriver] [  877] -  RESULT true
[INFO ][2015-12-04 17:44:46,210][com.java.SeleniumDriver] [ 1083] - ?   P A S S   ?
[INFO ][2015-12-04 17:44:46,210][com.java.SeleniumDriver] [  804] - ------------------------------------------
[INFO ][2015-12-04 17:44:46,210][com.java.SeleniumDriver] [  805] - Test case being Executed: 7
[INFO ][2015-12-04 17:44:46,210][com.java.SeleniumDriver] [  816] - Test step:41
[INFO ][2015-12-04 17:44:46,210][com.java.SeleniumDriver] [  828] - Datavalue is----------2
[INFO ][2015-12-04 17:44:46,210][com.java.SeleniumDriver] [  852] - DataField : DSP//li[text()='Project History']
[INFO ][2015-12-04 17:44:46,210][com.java.SeleniumDriver] [  854] - DataValue : 2
[INFO ][2015-12-04 17:44:46,210][com.java.SeleniumDriver] [  860] - <In Set values of the page>
[INFO ][2015-12-04 17:44:46,210][com.java.SeleniumDriver] [  863] - {Data Fields & Data Values Exist}
[INFO ][2015-12-04 17:44:46,210][com.java.SeleniumDriver] [  865] - --------------------------setting values-----------------------------
[INFO ][2015-12-04 17:44:46,210][com.java.SeleniumDriver] [  868] - Action Type : WAITFORELEMENT
[INFO ][2015-12-04 17:44:46,280][com.java.SeleniumDriver] [  877] -  RESULT true
[INFO ][2015-12-04 17:44:46,280][com.java.SeleniumDriver] [ 1083] - ?   P A S S   ?
[INFO ][2015-12-04 17:44:46,280][com.java.SeleniumDriver] [  804] - ------------------------------------------
[INFO ][2015-12-04 17:44:46,280][com.java.SeleniumDriver] [  805] - Test case being Executed: 7
[INFO ][2015-12-04 17:44:46,280][com.java.SeleniumDriver] [  816] - Test step:42
[INFO ][2015-12-04 17:44:46,280][com.java.SeleniumDriver] [  828] - Datavalue is----------null
[DEBUG][2015-12-04 17:44:46,280][com.java.SeleniumDriver] [  846] - Exception: null
[INFO ][2015-12-04 17:44:46,280][com.java.SeleniumDriver] [  852] - DataField : XPH//li[text()='Project History']
[INFO ][2015-12-04 17:44:46,280][com.java.SeleniumDriver] [  854] - DataValue : 
[INFO ][2015-12-04 17:44:46,280][com.java.SeleniumDriver] [  860] - <In Set values of the page>
[INFO ][2015-12-04 17:44:46,280][com.java.SeleniumDriver] [  863] - {Data Fields & Data Values Exist}
[INFO ][2015-12-04 17:44:46,280][com.java.SeleniumDriver] [  865] - --------------------------setting values-----------------------------
[INFO ][2015-12-04 17:44:46,280][com.java.SeleniumDriver] [  868] - Action Type : CLICK
[INFO ][2015-12-04 17:44:46,281][com.java.TestType] [ 5757] - Field ::XPH//li[text()='Project History']
[INFO ][2015-12-04 17:44:47,281][com.java.TestType] [ 5844] - BEFORE CLICK
[INFO ][2015-12-04 17:44:48,007][com.java.TestType] [ 5852] - Unable to click the object ProjectHistory
[INFO ][2015-12-04 17:44:48,007][com.java.SeleniumDriver] [  877] -  RESULT true
[INFO ][2015-12-04 17:44:48,007][com.java.SeleniumDriver] [ 1083] - ?   P A S S   ?
[INFO ][2015-12-04 17:44:48,007][com.java.SeleniumDriver] [  804] - ------------------------------------------
[INFO ][2015-12-04 17:44:48,007][com.java.SeleniumDriver] [  805] - Test case being Executed: 7
[INFO ][2015-12-04 17:44:48,007][com.java.SeleniumDriver] [  816] - Test step:43
[INFO ][2015-12-04 17:44:48,007][com.java.SeleniumDriver] [  828] - Datavalue is----------null
[DEBUG][2015-12-04 17:44:48,007][com.java.SeleniumDriver] [  846] - Exception: null
[INFO ][2015-12-04 17:44:48,007][com.java.SeleniumDriver] [  852] - DataField : //table[@id='tblProjectHistoryRec']/tbody/tr[1]/td[2]
[INFO ][2015-12-04 17:44:48,007][com.java.SeleniumDriver] [  854] - DataValue : 
[INFO ][2015-12-04 17:44:48,007][com.java.SeleniumDriver] [  860] - <In Set values of the page>
[INFO ][2015-12-04 17:44:48,007][com.java.SeleniumDriver] [  863] - {Data Fields & Data Values Exist}
[INFO ][2015-12-04 17:44:48,008][com.java.SeleniumDriver] [  865] - --------------------------setting values-----------------------------
[INFO ][2015-12-04 17:44:48,008][com.java.SeleniumDriver] [  868] - Action Type : GETTABLESIZEAFTER
[DEBUG][2015-12-04 17:44:48,052][com.java.TestType] [  973] - Text :: +   :: found which is NOT expected.
[INFO ][2015-12-04 17:44:48,052][com.java.SeleniumDriver] [  877] -  RESULT false
[INFO ][2015-12-04 17:44:48,052][com.java.SeleniumDriver] [  924] - ?   F A I L   ?
[INFO ][2015-12-04 17:44:48,052][com.java.SeleniumDriver] [  932] - Browser Type : IE10
[INFO ][2015-12-04 17:44:48,052][com.java.SeleniumDriver] [  933] - Adding Failed case7
[INFO ][2015-12-04 17:44:48,658][com.java.SeleniumDriver] [ 1047] - failedCases = 7
[ERROR][2015-12-04 17:44:48,658][com.java.SeleniumDriver] [ 1544] - Platform Errors : Our apologies...::We have encountered an issue with your request.::Our apologies?:We encountered an issue with your request.
[INFO ][2015-12-04 17:44:48,659][com.java.SeleniumDriver] [ 1548] - Length =3
[ERROR][2015-12-04 17:44:48,659][com.java.SeleniumDriver] [ 1551] - Error 0 = Our apologies...
[ERROR][2015-12-04 17:44:48,673][com.java.SeleniumDriver] [ 1551] - Error 1 = We have encountered an issue with your request.
[ERROR][2015-12-04 17:44:48,687][com.java.SeleniumDriver] [ 1551] - Error 2 = Our apologies?:We encountered an issue with your request.
[INFO ][2015-12-04 17:44:48,701][com.java.SeleniumDriver] [ 1562] - strError:
[DEBUG][2015-12-04 17:44:48,713][com.java.SeleniumDriver] [ 1195] - Case found
[DEBUG][2015-12-04 17:44:48,714][com.java.SeleniumDriver] [ 1200] - Incrementing ReportCounters[0]:2
[INFO ][2015-12-04 17:44:48,714][com.java.SeleniumDriver] [ 1219] - The results are-------------------[7, 43, Reconcile option, Fail, 
Test case failed at Step No. :: 43   Error Message ::  Text :: +   :: found which is NOT expected.. Screen Shot : D:\BankersDashboard\TestReports\120415\7_120415_174448_IE10.png, Fri Dec 04 17:44:48 IST 2015]
[INFO ][2015-12-04 17:44:48,714][com.java.SeleniumDriver] [ 1223] - End time is-------3 min 36 sec
[INFO ][2015-12-04 17:44:48,714][com.java.SeleniumDriver] [ 1224] - The results are-------------------[7, 43, Reconcile option, Fail, 
Test case failed at Step No. :: 43   Error Message ::  Text :: +   :: found which is NOT expected.. Screen Shot : D:\BankersDashboard\TestReports\120415\7_120415_174448_IE10.png, Fri Dec 04 17:44:48 IST 2015]
[DEBUG][2015-12-04 17:44:48,714][com.java.ImportnExport.ExportTestResultsExcel] [  222] - testResultPath = D:\BankersDashboard/TestReports/Test Results_BankersDashBoard_120415_174114_IE10_Any Bank USA.xls
[DEBUG][2015-12-04 17:44:48,714][com.java.ImportnExport.ExportTestResultsExcel] [  223] - browser is------------IE10
[DEBUG][2015-12-04 17:44:48,716][com.java.ImportnExport.ExportTestResultsExcel] [  270] - result.size() = 6
[DEBUG][2015-12-04 17:44:48,716][com.java.ImportnExport.ExportTestResultsExcel] [  274] - No of rows in sheet=2
[DEBUG][2015-12-04 17:44:48,716][com.java.ImportnExport.ExportTestResultsExcel] [  301] - ..in export..7
[DEBUG][2015-12-04 17:44:48,716][com.java.ImportnExport.ExportTestResultsExcel] [  301] - ..in export..Reconcile option
[DEBUG][2015-12-04 17:44:48,716][com.java.ImportnExport.ExportTestResultsExcel] [  301] - ..in export..Fail
[DEBUG][2015-12-04 17:44:48,717][com.java.ImportnExport.ExportTestResultsExcel] [  301] - ..in export..
Test case failed at Step No. :: 43   Error Message ::  Text :: +   :: found which is NOT expected.. Screen Shot : D:\BankersDashboard\TestReports\120415\7_120415_174448_IE10.png
[DEBUG][2015-12-04 17:44:48,717][com.java.ImportnExport.ExportTestResultsExcel] [  301] - ..in export..Fri Dec 04 17:44:48 IST 2015
[INFO ][2015-12-04 17:44:48,718][com.java.SeleniumDriver] [ 1282] - out loop:1 size:2 TestCases:[1, 7] testcases:[1, 7]
[INFO ][2015-12-04 17:44:50,719][com.java.SeleniumDriver] [ 1325] - Total Number of Cases:2
[INFO ][2015-12-04 17:44:50,719][com.java.TemplateGenerator] [  302] - Executed:2
[INFO ][2015-12-04 17:44:50,719][com.java.TemplateGenerator] [  303] - Passed:1
[INFO ][2015-12-04 17:44:50,719][com.java.TemplateGenerator] [  304] - Failed:1
[INFO ][2015-12-04 17:44:50,719][com.java.TemplateGenerator] [  305] - Skipeed:0
[INFO ][2015-12-04 17:44:50,719][com.java.TemplateGenerator] [  306] - Application URL:https://clients-xuat.bankersdashboard.com
[INFO ][2015-12-04 17:44:50,719][com.java.TemplateGenerator] [  307] - Start Time:120415_174114
[INFO ][2015-12-04 17:44:50,719][com.java.TemplateGenerator] [  308] -  Creating HTML Report 
[ERROR][2015-12-04 17:44:50,720][com.java.TemplateGenerator] [  409] - Unparseable date: "Fri Dec 04 05:41:14 IST 2015"
[INFO ][2015-12-04 17:44:50,720][com.java.TemplateGenerator] [  654] -  Exporting case :: 1
[INFO ][2015-12-04 17:44:50,720][com.java.TemplateGenerator] [  654] -  Exporting case :: 7
[INFO ][2015-12-04 17:44:50,727][com.java.SeleniumDriver] [ 1374] - End Time:120415_174450
[INFO ][2015-12-04 17:44:50,727][com.java.SeleniumDriver] [ 1377] - Data in Test Execution Details:{1=PASS, 7=FAILTest case failed at Step No. :: 43   Error Message ::  Text :: +   :: found which is NOT expected.}
[INFO ][2015-12-04 17:44:50,727][com.java.SeleniumDriver] [ 1378] - Data in Failed Execution Deatils:{}
[INFO ][2015-12-04 17:44:50,727][com.java.SeleniumDriver] [ 1380] - ReportCounter:Total:2 :: PASS: 1 ::FAIL: 1
[INFO ][2015-12-04 17:44:50,727][com.java.SeleniumDriver] [ 1381] - FailedReportCounter:Total:0 :: PASS: 0 ::FAIL: 0
[INFO ][2015-12-04 17:44:50,732][com.java.EmailTestReport] [   63] - Sending report mail details:
[INFO ][2015-12-04 17:44:50,732][com.java.EmailTestReport] [   80] - Excel Report Path:D:\BankersDashboard/TestReports/Test Results_BankersDashBoard_120415_174114_IE10_Any Bank USA.xls
[INFO ][2015-12-04 17:44:50,732][com.java.EmailTestReport] [   81] - HTML Report Path:D:\BankersDashboard//TestReports//Test Results_BankersDashBoard_120415_174114_IE10_Any Bank USA.html
[INFO ][2015-12-04 17:44:50,733][com.java.EmailTestReport] [   82] - smtpHostName:mail01.valuelabs.com
[INFO ][2015-12-04 17:44:50,733][com.java.EmailTestReport] [   83] - Recipient:venkateswararao.gubbala@valuelabs.com;
[INFO ][2015-12-04 17:44:50,733][com.java.EmailTestReport] [   84] - From:venkateswararao.gubbala@valuelabs.com;
[INFO ][2015-12-04 17:44:50,733][com.java.EmailTestReport] [   85] - Subject:Deluxe Corp Bankers Dashboard Automation Test Report - Any Bank USA - IE10
[INFO ][2015-12-04 17:44:50,748][com.java.EmailTestReport] [  143] -  Added venkateswararao.gubbala@valuelabs.com
[INFO ][2015-12-04 17:44:53,858][com.java.SeleniumDriver] [  720] - quitting the browser 
[INFO ][2015-12-04 17:44:55,659][com.java.SeleniumDriver] [  264] - Execution Completed Stopping the thread
