[INFO ][2016-01-13 15:54:08,851][com.java.SeleniumDriver] [  213] - Execute Failed Casesfalse
[INFO ][2016-01-13 15:54:08,851][com.java.SeleniumDriver] [  214] - Browser: IE10
[INFO ][2016-01-13 15:54:08,851][com.java.SeleniumDriver] [  215] - [1, 12]
[INFO ][2016-01-13 15:54:08,851][com.java.SeleniumDriver] [  216] - Total TestCases:2
[INFO ][2016-01-13 15:54:08,851][com.java.SeleniumDriver] [  217] -  Reading Properties from Property File 
[DEBUG][2016-01-13 15:54:08,851][com.java.SeleniumDriver] [  238] - url : https://clients-xuat.bankersdashboard.com
[INFO ][2016-01-13 15:54:08,861][com.java.ImportnExport.ExportTestResultsExcel] [  116] - Time Stamp Wed Jan 13 03:54:08 IST 2016
[INFO ][2016-01-13 15:54:08,861][com.java.ImportnExport.ExportTestResultsExcel] [  175] - OUT FILE : D:\BankersDashboard/TestReports/Test Results_BankersDashBoard_011316_155408_IE10_Any Bank USA.xls
[INFO ][2016-01-13 15:54:08,882][com.java.ImportnExport.ExportTestResultsExcel] [  180] - Test Result file is created
[DEBUG][2016-01-13 15:54:08,992][com.java.SeleniumDriver] [  426] - Hub ip address is-------172.17.68.34
[INFO ][2016-01-13 15:54:08,992][com.java.SeleniumDriver] [  452] - Grid URL:http://172.17.68.34:4444/wd/hub
[INFO ][2016-01-13 15:54:08,992][com.java.SeleniumDriver] [  453] - Capability:Capabilities [{platform=ANY, ensureCleanSession=true, ignoreProtectedModeSettings=true, acceptSslCerts=true, ignoreZoomSetting=true, browserName=internet explorer, browserstack.ie.noFlash=true, version=null}]
[ERROR][2016-01-13 15:54:10,332][com.java.SeleniumDriver] [  498] - Unable invoke browser in grid:Could not start a new session. Possible causes are invalid address of the remote server or browser start-up failure.
Build info: version: '2.48.2', revision: '41bccdd', time: '2015-10-09 19:59:12'
System info: host: 'FVTIII438F1D', ip: '172.17.68.34', os.name: 'Windows 7', os.arch: 'x86', os.version: '6.1', java.version: '1.7.0_55'
Driver info: driver.version: SeleniumDriver
[INFO ][2016-01-13 15:54:10,332][com.java.SeleniumDriver] [  500] - Executing on local machine
[INFO ][2016-01-13 15:54:21,002][com.java.SeleniumDriver] [  248] - IE10is opened
[INFO ][2016-01-13 15:54:21,848][com.java.SeleniumDriver] [  756] - Test cases to be executed are: [1, 12]
[INFO ][2016-01-13 15:54:21,909][com.java.ImportnExport.ImportTestDataDetailsExcel] [   49] - test data details path===== D:\BankersDashboard\TestInputs\TestData.xls
[INFO ][2016-01-13 15:54:22,019][com.java.SeleniumDriver] [  856] - ------------------------------------------
[INFO ][2016-01-13 15:54:22,019][com.java.SeleniumDriver] [  857] - Test case being Executed: 1
[INFO ][2016-01-13 15:54:22,019][com.java.SeleniumDriver] [  869] - Test step:1
[INFO ][2016-01-13 15:54:22,019][com.java.SeleniumDriver] [  881] - Datavalue is----------Concept#1:1-16
[INFO ][2016-01-13 15:54:22,019][com.java.SeleniumDriver] [  905] - DataField : test
[INFO ][2016-01-13 15:54:22,019][com.java.SeleniumDriver] [  907] - DataValue : Concept#1:1-16
[INFO ][2016-01-13 15:54:22,019][com.java.SeleniumDriver] [  913] - <In Set values of the page>
[INFO ][2016-01-13 15:54:22,019][com.java.SeleniumDriver] [  916] - {Data Fields & Data Values Exist}
[INFO ][2016-01-13 15:54:22,019][com.java.SeleniumDriver] [  918] - --------------------------setting values-----------------------------
[INFO ][2016-01-13 15:54:22,019][com.java.SeleniumDriver] [  921] - Action Type : ExecuteTestCase
[INFO ][2016-01-13 15:54:22,049][com.java.TestType] [  437] - The Concept sheet name is ---------- Concept
[INFO ][2016-01-13 15:54:22,049][com.java.TestType] [  440] - The Concept ID  is ---------- 1
[DEBUG][2016-01-13 15:54:22,049][com.java.TestType] [  444] - Steps being executted in the Concept are: 1:16
[INFO ][2016-01-13 15:54:22,049][com.java.TestType] [  451] - Test data details path ---------- D:\BankersDashboard\TestInputs\TestData.xls
[INFO ][2016-01-13 15:54:22,089][com.java.TestType] [  482] -  str(1) = 1
[INFO ][2016-01-13 15:54:22,089][com.java.TestType] [  485] - Test case Id is---1
[INFO ][2016-01-13 15:54:22,089][com.java.TestType] [  487] - 1
[INFO ][2016-01-13 15:54:22,089][com.java.TestType] [  482] -  str(2) = 1
[INFO ][2016-01-13 15:54:22,089][com.java.TestType] [  482] -  str(1) = 1
[INFO ][2016-01-13 15:54:22,089][com.java.TestType] [  485] - Test case Id is---1
[INFO ][2016-01-13 15:54:22,089][com.java.TestType] [  487] - 1
[INFO ][2016-01-13 15:54:22,089][com.java.TestType] [  482] -  str(2) = 2
[INFO ][2016-01-13 15:54:22,099][com.java.TestType] [  482] -  str(1) = 1
[INFO ][2016-01-13 15:54:22,099][com.java.TestType] [  485] - Test case Id is---1
[INFO ][2016-01-13 15:54:22,099][com.java.TestType] [  487] - 1
[INFO ][2016-01-13 15:54:22,099][com.java.TestType] [  482] -  str(2) = 3
[INFO ][2016-01-13 15:54:22,099][com.java.TestType] [  482] -  str(1) = 1
[INFO ][2016-01-13 15:54:22,099][com.java.TestType] [  485] - Test case Id is---1
[INFO ][2016-01-13 15:54:22,099][com.java.TestType] [  487] - 1
[INFO ][2016-01-13 15:54:22,099][com.java.TestType] [  482] -  str(2) = 4
[INFO ][2016-01-13 15:54:22,099][com.java.TestType] [  482] -  str(1) = 1
[INFO ][2016-01-13 15:54:22,099][com.java.TestType] [  485] - Test case Id is---1
[INFO ][2016-01-13 15:54:22,099][com.java.TestType] [  487] - 1
[INFO ][2016-01-13 15:54:22,099][com.java.TestType] [  482] -  str(2) = 5
[INFO ][2016-01-13 15:54:22,099][com.java.TestType] [  482] -  str(1) = 1
[INFO ][2016-01-13 15:54:22,099][com.java.TestType] [  485] - Test case Id is---1
[INFO ][2016-01-13 15:54:22,099][com.java.TestType] [  487] - 1
[INFO ][2016-01-13 15:54:22,109][com.java.TestType] [  482] -  str(2) = 6
[INFO ][2016-01-13 15:54:22,109][com.java.TestType] [  482] -  str(1) = 1
[INFO ][2016-01-13 15:54:22,109][com.java.TestType] [  485] - Test case Id is---1
[INFO ][2016-01-13 15:54:22,109][com.java.TestType] [  487] - 1
[INFO ][2016-01-13 15:54:22,109][com.java.TestType] [  482] -  str(2) = 7
[INFO ][2016-01-13 15:54:22,109][com.java.TestType] [  482] -  str(1) = 1
[INFO ][2016-01-13 15:54:22,109][com.java.TestType] [  485] - Test case Id is---1
[INFO ][2016-01-13 15:54:22,109][com.java.TestType] [  487] - 1
[INFO ][2016-01-13 15:54:22,109][com.java.TestType] [  482] -  str(2) = 8
[INFO ][2016-01-13 15:54:22,109][com.java.TestType] [  482] -  str(1) = 1
[INFO ][2016-01-13 15:54:22,109][com.java.TestType] [  485] - Test case Id is---1
[INFO ][2016-01-13 15:54:22,109][com.java.TestType] [  487] - 1
[INFO ][2016-01-13 15:54:22,109][com.java.TestType] [  482] -  str(2) = 9
[INFO ][2016-01-13 15:54:22,109][com.java.TestType] [  482] -  str(1) = 1
[INFO ][2016-01-13 15:54:22,109][com.java.TestType] [  485] - Test case Id is---1
[INFO ][2016-01-13 15:54:22,109][com.java.TestType] [  487] - 1
[INFO ][2016-01-13 15:54:22,109][com.java.TestType] [  482] -  str(2) = 10
[INFO ][2016-01-13 15:54:22,109][com.java.TestType] [  482] -  str(1) = 1
[INFO ][2016-01-13 15:54:22,109][com.java.TestType] [  485] - Test case Id is---1
[INFO ][2016-01-13 15:54:22,109][com.java.TestType] [  487] - 1
[INFO ][2016-01-13 15:54:22,109][com.java.TestType] [  482] -  str(2) = 11
[INFO ][2016-01-13 15:54:22,109][com.java.TestType] [  482] -  str(1) = 1
[INFO ][2016-01-13 15:54:22,109][com.java.TestType] [  485] - Test case Id is---1
[INFO ][2016-01-13 15:54:22,109][com.java.TestType] [  487] - 1
[INFO ][2016-01-13 15:54:22,109][com.java.TestType] [  482] -  str(2) = 12
[INFO ][2016-01-13 15:54:22,109][com.java.TestType] [  482] -  str(1) = 1
[INFO ][2016-01-13 15:54:22,109][com.java.TestType] [  485] - Test case Id is---1
[INFO ][2016-01-13 15:54:22,109][com.java.TestType] [  487] - 1
[INFO ][2016-01-13 15:54:22,109][com.java.TestType] [  482] -  str(2) = 13
[INFO ][2016-01-13 15:54:22,109][com.java.TestType] [  482] -  str(1) = 1
[INFO ][2016-01-13 15:54:22,109][com.java.TestType] [  485] - Test case Id is---1
[INFO ][2016-01-13 15:54:22,109][com.java.TestType] [  487] - 1
[INFO ][2016-01-13 15:54:22,109][com.java.TestType] [  482] -  str(2) = 14
[INFO ][2016-01-13 15:54:22,119][com.java.TestType] [  482] -  str(1) = 1
[INFO ][2016-01-13 15:54:22,119][com.java.TestType] [  485] - Test case Id is---1
[INFO ][2016-01-13 15:54:22,119][com.java.TestType] [  487] - 1
[INFO ][2016-01-13 15:54:22,119][com.java.TestType] [  482] -  str(2) = 15
[INFO ][2016-01-13 15:54:22,119][com.java.TestType] [  482] -  str(1) = 1
[INFO ][2016-01-13 15:54:22,119][com.java.TestType] [  485] - Test case Id is---1
[INFO ][2016-01-13 15:54:22,119][com.java.TestType] [  487] - 1
[INFO ][2016-01-13 15:54:22,119][com.java.TestType] [  482] -  str(2) = 16
[INFO ][2016-01-13 15:54:22,119][com.java.TestType] [11301] - Looping 1TCID = 1
[DEBUG][2016-01-13 15:54:22,119][com.java.TestType] [11342] - Concept ID:1 :: Step being Executed: 1::1
[INFO ][2016-01-13 15:54:22,119][com.java.TestType] [11380] - dataFields : TXTusername
[DEBUG][2016-01-13 15:54:22,119][com.java.TestType] [11386] - <In Set values of the page>
[DEBUG][2016-01-13 15:54:22,119][com.java.TestType] [11391] - {Data Fields & Data Values Exist}
[INFO ][2016-01-13 15:54:22,119][com.java.TestType] [11397] - --------------------------setting values-----------------------------
[INFO ][2016-01-13 15:54:22,119][com.java.TestType] [11400] - Action Type : CLEARANDENTER
[INFO ][2016-01-13 15:54:27,402][com.java.TestType] [ 6136] - value = naresh.nayini.00000
[INFO ][2016-01-13 15:54:30,121][com.java.TestType] [11419] -  RESULT true
[INFO ][2016-01-13 15:54:30,121][com.java.TestType] [11536] - ?   P A S S   ?
[DEBUG][2016-01-13 15:54:30,121][com.java.TestType] [11342] - Concept ID:1 :: Step being Executed: 1::2
[INFO ][2016-01-13 15:54:30,121][com.java.TestType] [11380] - dataFields : TXTpassword
[DEBUG][2016-01-13 15:54:30,121][com.java.TestType] [11386] - <In Set values of the page>
[DEBUG][2016-01-13 15:54:30,121][com.java.TestType] [11391] - {Data Fields & Data Values Exist}
[INFO ][2016-01-13 15:54:30,121][com.java.TestType] [11397] - --------------------------setting values-----------------------------
[INFO ][2016-01-13 15:54:30,121][com.java.TestType] [11400] - Action Type : CLEARANDENTER
[INFO ][2016-01-13 15:54:33,983][com.java.TestType] [ 6136] - value = Password1*
[INFO ][2016-01-13 15:54:36,539][com.java.TestType] [11419] -  RESULT true
[INFO ][2016-01-13 15:54:36,539][com.java.TestType] [11536] - ?   P A S S   ?
[DEBUG][2016-01-13 15:54:36,539][com.java.TestType] [11342] - Concept ID:1 :: Step being Executed: 1::3
[ERROR][2016-01-13 15:54:36,539][com.java.TestType] [11375] - Exception: null
[INFO ][2016-01-13 15:54:36,539][com.java.TestType] [11380] - dataFields : XPH//button[@type='submit']
[DEBUG][2016-01-13 15:54:36,539][com.java.TestType] [11386] - <In Set values of the page>
[DEBUG][2016-01-13 15:54:36,539][com.java.TestType] [11391] - {Data Fields & Data Values Exist}
[INFO ][2016-01-13 15:54:36,539][com.java.TestType] [11397] - --------------------------setting values-----------------------------
[INFO ][2016-01-13 15:54:36,539][com.java.TestType] [11400] - Action Type : Click
[INFO ][2016-01-13 15:54:36,539][com.java.TestType] [ 6515] - Field ::XPH//button[@type='submit']
[INFO ][2016-01-13 15:54:36,539][com.java.TestType] [ 6136] - value = 
[INFO ][2016-01-13 15:54:37,539][com.java.TestType] [ 6652] - BEFORE CLICK
[INFO ][2016-01-13 15:54:38,381][com.java.TestType] [ 6660] - Unable to click the object Login
[INFO ][2016-01-13 15:54:38,381][com.java.TestType] [11419] -  RESULT true
[INFO ][2016-01-13 15:54:38,381][com.java.TestType] [11536] - ?   P A S S   ?
[DEBUG][2016-01-13 15:54:38,381][com.java.TestType] [11342] - Concept ID:1 :: Step being Executed: 1::4
[INFO ][2016-01-13 15:54:38,381][com.java.TestType] [11380] - dataFields : LNKLogout
[DEBUG][2016-01-13 15:54:38,381][com.java.TestType] [11386] - <In Set values of the page>
[DEBUG][2016-01-13 15:54:38,381][com.java.TestType] [11391] - {Data Fields & Data Values Exist}
[INFO ][2016-01-13 15:54:38,381][com.java.TestType] [11397] - --------------------------setting values-----------------------------
[INFO ][2016-01-13 15:54:38,381][com.java.TestType] [11400] - Action Type : WaitForElement
[INFO ][2016-01-13 15:54:41,875][com.java.TestType] [11419] -  RESULT true
[INFO ][2016-01-13 15:54:41,875][com.java.TestType] [11536] - ?   P A S S   ?
[DEBUG][2016-01-13 15:54:41,875][com.java.TestType] [11342] - Concept ID:1 :: Step being Executed: 1::15
[INFO ][2016-01-13 15:54:41,875][com.java.TestType] [11380] - dataFields : LNK
[DEBUG][2016-01-13 15:54:41,875][com.java.TestType] [11386] - <In Set values of the page>
[DEBUG][2016-01-13 15:54:41,875][com.java.TestType] [11391] - {Data Fields & Data Values Exist}
[INFO ][2016-01-13 15:54:41,875][com.java.TestType] [11397] - --------------------------setting values-----------------------------
[INFO ][2016-01-13 15:54:41,875][com.java.TestType] [11400] - Action Type : Verify
[INFO ][2016-01-13 15:54:41,875][com.java.TestType] [ 7634] - field= LNK value= Logout
[INFO ][2016-01-13 15:54:41,875][com.java.TestType] [ 6136] - value = Logout
[INFO ][2016-01-13 15:54:41,906][com.java.TestType] [11419] -  RESULT true
[INFO ][2016-01-13 15:54:41,906][com.java.TestType] [11536] - ?   P A S S   ?
[DEBUG][2016-01-13 15:54:41,906][com.java.TestType] [11342] - Concept ID:1 :: Step being Executed: 1::16
[INFO ][2016-01-13 15:54:41,906][com.java.TestType] [11380] - dataFields : BTN
[DEBUG][2016-01-13 15:54:41,906][com.java.TestType] [11386] - <In Set values of the page>
[DEBUG][2016-01-13 15:54:41,906][com.java.TestType] [11391] - {Data Fields & Data Values Exist}
[INFO ][2016-01-13 15:54:41,906][com.java.TestType] [11397] - --------------------------setting values-----------------------------
[INFO ][2016-01-13 15:54:41,906][com.java.TestType] [11400] - Action Type : Verify
[INFO ][2016-01-13 15:54:41,906][com.java.TestType] [ 7634] - field= BTN value= //img[contains(@src,'bdlogo.jpg')]
[INFO ][2016-01-13 15:54:41,906][com.java.TestType] [ 6136] - value = //img[contains(@src,'bdlogo.jpg')]
[INFO ][2016-01-13 15:54:41,976][com.java.TestType] [11419] -  RESULT true
[INFO ][2016-01-13 15:54:41,976][com.java.TestType] [11536] - ?   P A S S   ?
[INFO ][2016-01-13 15:54:41,976][com.java.TestType] [11607] - Looping End......
[INFO ][2016-01-13 15:54:41,976][com.java.SeleniumDriver] [  930] -  RESULT true
[INFO ][2016-01-13 15:54:41,976][com.java.SeleniumDriver] [ 1136] - ?   P A S S   ?
[INFO ][2016-01-13 15:54:41,976][com.java.SeleniumDriver] [  856] - ------------------------------------------
[INFO ][2016-01-13 15:54:41,976][com.java.SeleniumDriver] [  857] - Test case being Executed: 1
[INFO ][2016-01-13 15:54:41,976][com.java.SeleniumDriver] [  869] - Test step:2
[INFO ][2016-01-13 15:54:41,976][com.java.SeleniumDriver] [  881] - Datavalue is----------Concept#2:1-2
[INFO ][2016-01-13 15:54:41,976][com.java.SeleniumDriver] [  905] - DataField : test
[INFO ][2016-01-13 15:54:41,976][com.java.SeleniumDriver] [  907] - DataValue : Concept#2:1-2
[INFO ][2016-01-13 15:54:41,976][com.java.SeleniumDriver] [  913] - <In Set values of the page>
[INFO ][2016-01-13 15:54:41,976][com.java.SeleniumDriver] [  916] - {Data Fields & Data Values Exist}
[INFO ][2016-01-13 15:54:41,976][com.java.SeleniumDriver] [  918] - --------------------------setting values-----------------------------
[INFO ][2016-01-13 15:54:41,976][com.java.SeleniumDriver] [  921] - Action Type : ExecuteTestCase
[INFO ][2016-01-13 15:54:41,976][com.java.TestType] [  437] - The Concept sheet name is ---------- Concept
[INFO ][2016-01-13 15:54:41,976][com.java.TestType] [  440] - The Concept ID  is ---------- 2
[DEBUG][2016-01-13 15:54:41,976][com.java.TestType] [  444] - Steps being executted in the Concept are: 1:2
[INFO ][2016-01-13 15:54:41,976][com.java.TestType] [  451] - Test data details path ---------- D:\BankersDashboard\TestInputs\TestData.xls
[INFO ][2016-01-13 15:54:42,016][com.java.TestType] [  482] -  str(1) = 2
[INFO ][2016-01-13 15:54:42,016][com.java.TestType] [  485] - Test case Id is---2
[INFO ][2016-01-13 15:54:42,016][com.java.TestType] [  487] - 2
[INFO ][2016-01-13 15:54:42,016][com.java.TestType] [  482] -  str(2) = 1
[INFO ][2016-01-13 15:54:42,016][com.java.TestType] [  482] -  str(1) = 2
[INFO ][2016-01-13 15:54:42,016][com.java.TestType] [  485] - Test case Id is---2
[INFO ][2016-01-13 15:54:42,016][com.java.TestType] [  487] - 2
[INFO ][2016-01-13 15:54:42,016][com.java.TestType] [  482] -  str(2) = 2
[INFO ][2016-01-13 15:54:42,016][com.java.TestType] [  482] -  str(1) = 2
[INFO ][2016-01-13 15:54:42,016][com.java.TestType] [  485] - Test case Id is---2
[INFO ][2016-01-13 15:54:42,016][com.java.TestType] [  487] - 2
[INFO ][2016-01-13 15:54:42,016][com.java.TestType] [  482] -  str(2) = 3
[INFO ][2016-01-13 15:54:42,016][com.java.TestType] [11301] - Looping 1TCID = 2
[DEBUG][2016-01-13 15:54:42,016][com.java.TestType] [11342] - Concept ID:2 :: Step being Executed: 2::1
[INFO ][2016-01-13 15:54:42,016][com.java.TestType] [11380] - dataFields : BNK//select[@id='bank']
[DEBUG][2016-01-13 15:54:42,016][com.java.TestType] [11386] - <In Set values of the page>
[DEBUG][2016-01-13 15:54:42,016][com.java.TestType] [11391] - {Data Fields & Data Values Exist}
[INFO ][2016-01-13 15:54:42,016][com.java.TestType] [11397] - --------------------------setting values-----------------------------
[INFO ][2016-01-13 15:54:42,016][com.java.TestType] [11400] - Action Type : Select
[INFO ][2016-01-13 15:54:42,016][com.java.TestType] [ 6136] - value = PFC
[INFO ][2016-01-13 15:54:42,446][com.java.TestType] [11419] -  RESULT true
[INFO ][2016-01-13 15:54:42,446][com.java.TestType] [11536] - ?   P A S S   ?
[DEBUG][2016-01-13 15:54:42,446][com.java.TestType] [11342] - Concept ID:2 :: Step being Executed: 2::2
[INFO ][2016-01-13 15:54:42,446][com.java.TestType] [11380] - dataFields : LNKLogout
[DEBUG][2016-01-13 15:54:42,446][com.java.TestType] [11386] - <In Set values of the page>
[DEBUG][2016-01-13 15:54:42,446][com.java.TestType] [11391] - {Data Fields & Data Values Exist}
[INFO ][2016-01-13 15:54:42,446][com.java.TestType] [11397] - --------------------------setting values-----------------------------
[INFO ][2016-01-13 15:54:42,446][com.java.TestType] [11400] - Action Type : WaitTime
[DEBUG][2016-01-13 15:54:42,446][com.java.TestType] [ 5950] - sleepTime: 5000
[INFO ][2016-01-13 15:54:47,447][com.java.TestType] [11419] -  RESULT true
[INFO ][2016-01-13 15:54:47,447][com.java.TestType] [11536] - ?   P A S S   ?
[INFO ][2016-01-13 15:54:47,447][com.java.TestType] [11607] - Looping End......
[INFO ][2016-01-13 15:54:47,447][com.java.SeleniumDriver] [  930] -  RESULT true
[INFO ][2016-01-13 15:54:47,447][com.java.SeleniumDriver] [ 1136] - ?   P A S S   ?
[INFO ][2016-01-13 15:54:47,447][com.java.SeleniumDriver] [  856] - ------------------------------------------
[INFO ][2016-01-13 15:54:47,447][com.java.SeleniumDriver] [  857] - Test case being Executed: 1
[INFO ][2016-01-13 15:54:47,447][com.java.SeleniumDriver] [  869] - Test step:3
[INFO ][2016-01-13 15:54:47,447][com.java.SeleniumDriver] [  881] - Datavalue is----------2
[INFO ][2016-01-13 15:54:47,447][com.java.SeleniumDriver] [  905] - DataField : XPH//button[contains(text(),'Add Content')]
[INFO ][2016-01-13 15:54:47,447][com.java.SeleniumDriver] [  907] - DataValue : 2
[INFO ][2016-01-13 15:54:47,447][com.java.SeleniumDriver] [  913] - <In Set values of the page>
[INFO ][2016-01-13 15:54:47,447][com.java.SeleniumDriver] [  916] - {Data Fields & Data Values Exist}
[INFO ][2016-01-13 15:54:47,447][com.java.SeleniumDriver] [  918] - --------------------------setting values-----------------------------
[INFO ][2016-01-13 15:54:47,447][com.java.SeleniumDriver] [  921] - Action Type : WAITFORELEMENT
[INFO ][2016-01-13 15:54:47,488][com.java.SeleniumDriver] [  930] -  RESULT true
[INFO ][2016-01-13 15:54:47,488][com.java.SeleniumDriver] [ 1136] - ?   P A S S   ?
[DEBUG][2016-01-13 15:54:47,488][com.java.SeleniumDriver] [ 1248] - Case found
[DEBUG][2016-01-13 15:54:47,488][com.java.SeleniumDriver] [ 1253] - Incrementing ReportCounters[0]:1
[INFO ][2016-01-13 15:54:47,488][com.java.SeleniumDriver] [ 1272] - The results are-------------------[1, 1, Valid Login, Pass, , Wed Jan 13 15:54:41 IST 2016, 1, 2, Valid Login, Pass, , Wed Jan 13 15:54:47 IST 2016, 1, 3, Valid Login, Pass, , Wed Jan 13 15:54:47 IST 2016]
[INFO ][2016-01-13 15:54:47,488][com.java.SeleniumDriver] [ 1276] - End time is-------40 sec
[INFO ][2016-01-13 15:54:47,488][com.java.SeleniumDriver] [ 1277] - The results are-------------------[1, 1, Valid Login, Pass, , Wed Jan 13 15:54:41 IST 2016, 1, 2, Valid Login, Pass, , Wed Jan 13 15:54:47 IST 2016, 1, 3, Valid Login, Pass, , Wed Jan 13 15:54:47 IST 2016]
[DEBUG][2016-01-13 15:54:47,488][com.java.ImportnExport.ExportTestResultsExcel] [  222] - testResultPath = D:\BankersDashboard/TestReports/Test Results_BankersDashBoard_011316_155408_IE10_Any Bank USA.xls
[DEBUG][2016-01-13 15:54:47,488][com.java.ImportnExport.ExportTestResultsExcel] [  223] - browser is------------IE10
[DEBUG][2016-01-13 15:54:47,538][com.java.ImportnExport.ExportTestResultsExcel] [  270] - result.size() = 18
[DEBUG][2016-01-13 15:54:47,538][com.java.ImportnExport.ExportTestResultsExcel] [  274] - No of rows in sheet=1
[DEBUG][2016-01-13 15:54:47,538][com.java.ImportnExport.ExportTestResultsExcel] [  301] - ..in export..1
[DEBUG][2016-01-13 15:54:47,538][com.java.ImportnExport.ExportTestResultsExcel] [  301] - ..in export..Valid Login
[DEBUG][2016-01-13 15:54:47,538][com.java.ImportnExport.ExportTestResultsExcel] [  301] - ..in export..Pass
[DEBUG][2016-01-13 15:54:47,538][com.java.ImportnExport.ExportTestResultsExcel] [  301] - ..in export..
[DEBUG][2016-01-13 15:54:47,538][com.java.ImportnExport.ExportTestResultsExcel] [  301] - ..in export..Wed Jan 13 15:54:41 IST 2016
[INFO ][2016-01-13 15:54:47,538][com.java.SeleniumDriver] [ 1337] - out loop:0 size:2 TestCases:[1, 12] testcases:[1, 12]
[INFO ][2016-01-13 15:54:47,538][com.java.ImportnExport.ImportTestDataDetailsExcel] [   49] - test data details path===== D:\BankersDashboard\TestInputs\TestData.xls
[INFO ][2016-01-13 15:55:04,181][com.java.SeleniumDriver] [  856] - ------------------------------------------
[INFO ][2016-01-13 15:55:04,181][com.java.SeleniumDriver] [  857] - Test case being Executed: 12
[INFO ][2016-01-13 15:55:04,181][com.java.SeleniumDriver] [  869] - Test step:1
[INFO ][2016-01-13 15:55:04,181][com.java.SeleniumDriver] [  881] - Datavalue is----------Logout
[INFO ][2016-01-13 15:55:04,181][com.java.SeleniumDriver] [  905] - DataField : BTN
[INFO ][2016-01-13 15:55:04,181][com.java.SeleniumDriver] [  907] - DataValue : Logout
[INFO ][2016-01-13 15:55:04,181][com.java.SeleniumDriver] [  913] - <In Set values of the page>
[INFO ][2016-01-13 15:55:04,181][com.java.SeleniumDriver] [  916] - {Data Fields & Data Values Exist}
[INFO ][2016-01-13 15:55:04,181][com.java.SeleniumDriver] [  918] - --------------------------setting values-----------------------------
[INFO ][2016-01-13 15:55:04,181][com.java.SeleniumDriver] [  921] - Action Type : VERIFY
[INFO ][2016-01-13 15:55:04,181][com.java.TestType] [ 7634] - field= BTN value= Logout
[INFO ][2016-01-13 15:55:04,181][com.java.TestType] [ 6136] - value = Logout
[INFO ][2016-01-13 15:55:04,252][com.java.SeleniumDriver] [  930] -  RESULT true
[INFO ][2016-01-13 15:55:04,252][com.java.SeleniumDriver] [ 1136] - ?   P A S S   ?
[INFO ][2016-01-13 15:55:04,252][com.java.SeleniumDriver] [ 1178] - step change to 3
[INFO ][2016-01-13 15:55:04,252][com.java.SeleniumDriver] [  856] - ------------------------------------------
[INFO ][2016-01-13 15:55:04,252][com.java.SeleniumDriver] [  857] - Test case being Executed: 12
[INFO ][2016-01-13 15:55:04,252][com.java.SeleniumDriver] [  869] - Test step:3
[INFO ][2016-01-13 15:55:04,252][com.java.SeleniumDriver] [  881] - Datavalue is----------Concept#2:1-2
[INFO ][2016-01-13 15:55:04,252][com.java.SeleniumDriver] [  905] - DataField : test
[INFO ][2016-01-13 15:55:04,252][com.java.SeleniumDriver] [  907] - DataValue : Concept#2:1-2
[INFO ][2016-01-13 15:55:04,252][com.java.SeleniumDriver] [  913] - <In Set values of the page>
[INFO ][2016-01-13 15:55:04,252][com.java.SeleniumDriver] [  916] - {Data Fields & Data Values Exist}
[INFO ][2016-01-13 15:55:04,252][com.java.SeleniumDriver] [  918] - --------------------------setting values-----------------------------
[INFO ][2016-01-13 15:55:04,252][com.java.SeleniumDriver] [  921] - Action Type : ExecuteTestCase
[INFO ][2016-01-13 15:55:04,252][com.java.TestType] [  437] - The Concept sheet name is ---------- Concept
[INFO ][2016-01-13 15:55:04,252][com.java.TestType] [  440] - The Concept ID  is ---------- 2
[DEBUG][2016-01-13 15:55:04,252][com.java.TestType] [  444] - Steps being executted in the Concept are: 1:2
[INFO ][2016-01-13 15:55:04,252][com.java.TestType] [  451] - Test data details path ---------- D:\BankersDashboard\TestInputs\TestData.xls
[INFO ][2016-01-13 15:55:04,282][com.java.TestType] [  482] -  str(1) = 2
[INFO ][2016-01-13 15:55:04,282][com.java.TestType] [  485] - Test case Id is---2
[INFO ][2016-01-13 15:55:04,282][com.java.TestType] [  487] - 2
[INFO ][2016-01-13 15:55:04,282][com.java.TestType] [  482] -  str(2) = 1
[INFO ][2016-01-13 15:55:04,282][com.java.TestType] [  482] -  str(1) = 2
[INFO ][2016-01-13 15:55:04,282][com.java.TestType] [  485] - Test case Id is---2
[INFO ][2016-01-13 15:55:04,282][com.java.TestType] [  487] - 2
[INFO ][2016-01-13 15:55:04,282][com.java.TestType] [  482] -  str(2) = 2
[INFO ][2016-01-13 15:55:04,292][com.java.TestType] [  482] -  str(1) = 2
[INFO ][2016-01-13 15:55:04,292][com.java.TestType] [  485] - Test case Id is---2
[INFO ][2016-01-13 15:55:04,292][com.java.TestType] [  487] - 2
[INFO ][2016-01-13 15:55:04,292][com.java.TestType] [  482] -  str(2) = 3
[INFO ][2016-01-13 15:55:04,292][com.java.TestType] [11301] - Looping 1TCID = 2
[DEBUG][2016-01-13 15:55:04,292][com.java.TestType] [11342] - Concept ID:2 :: Step being Executed: 2::1
[INFO ][2016-01-13 15:55:04,292][com.java.TestType] [11380] - dataFields : BNK//select[@id='bank']
[DEBUG][2016-01-13 15:55:04,292][com.java.TestType] [11386] - <In Set values of the page>
[DEBUG][2016-01-13 15:55:04,292][com.java.TestType] [11391] - {Data Fields & Data Values Exist}
[INFO ][2016-01-13 15:55:04,292][com.java.TestType] [11397] - --------------------------setting values-----------------------------
[INFO ][2016-01-13 15:55:04,292][com.java.TestType] [11400] - Action Type : Select
[INFO ][2016-01-13 15:55:04,292][com.java.TestType] [ 6136] - value = PFC
[INFO ][2016-01-13 15:55:04,472][com.java.TestType] [11419] -  RESULT true
[INFO ][2016-01-13 15:55:04,472][com.java.TestType] [11536] - ?   P A S S   ?
[DEBUG][2016-01-13 15:55:04,472][com.java.TestType] [11342] - Concept ID:2 :: Step being Executed: 2::2
[INFO ][2016-01-13 15:55:04,472][com.java.TestType] [11380] - dataFields : LNKLogout
[DEBUG][2016-01-13 15:55:04,472][com.java.TestType] [11386] - <In Set values of the page>
[DEBUG][2016-01-13 15:55:04,472][com.java.TestType] [11391] - {Data Fields & Data Values Exist}
[INFO ][2016-01-13 15:55:04,472][com.java.TestType] [11397] - --------------------------setting values-----------------------------
[INFO ][2016-01-13 15:55:04,472][com.java.TestType] [11400] - Action Type : WaitTime
[DEBUG][2016-01-13 15:55:04,472][com.java.TestType] [ 5950] - sleepTime: 5000
[INFO ][2016-01-13 15:55:09,472][com.java.TestType] [11419] -  RESULT true
[INFO ][2016-01-13 15:55:09,472][com.java.TestType] [11536] - ?   P A S S   ?
[INFO ][2016-01-13 15:55:09,472][com.java.TestType] [11607] - Looping End......
[INFO ][2016-01-13 15:55:09,472][com.java.SeleniumDriver] [  930] -  RESULT true
[INFO ][2016-01-13 15:55:09,472][com.java.SeleniumDriver] [ 1136] - ?   P A S S   ?
[INFO ][2016-01-13 15:55:09,472][com.java.SeleniumDriver] [  856] - ------------------------------------------
[INFO ][2016-01-13 15:55:09,472][com.java.SeleniumDriver] [  857] - Test case being Executed: 12
[INFO ][2016-01-13 15:55:09,472][com.java.SeleniumDriver] [  869] - Test step:4
[INFO ][2016-01-13 15:55:09,472][com.java.SeleniumDriver] [  881] - Datavalue is----------null
[DEBUG][2016-01-13 15:55:09,472][com.java.SeleniumDriver] [  899] - Exception: null
[INFO ][2016-01-13 15:55:09,472][com.java.SeleniumDriver] [  905] - DataField : //span[@class='icon-user4']&&//a[text()='Company Settings']&&//a[@data-id="RatedLoans"]
[INFO ][2016-01-13 15:55:09,472][com.java.SeleniumDriver] [  907] - DataValue : 
[INFO ][2016-01-13 15:55:09,472][com.java.SeleniumDriver] [  913] - <In Set values of the page>
[INFO ][2016-01-13 15:55:09,472][com.java.SeleniumDriver] [  916] - {Data Fields & Data Values Exist}
[INFO ][2016-01-13 15:55:09,472][com.java.SeleniumDriver] [  918] - --------------------------setting values-----------------------------
[INFO ][2016-01-13 15:55:09,472][com.java.SeleniumDriver] [  921] - Action Type : MOUSEOVER
[INFO ][2016-01-13 15:55:36,220][com.java.SeleniumDriver] [  930] -  RESULT true
[INFO ][2016-01-13 15:55:36,220][com.java.SeleniumDriver] [ 1136] - ?   P A S S   ?
[INFO ][2016-01-13 15:55:36,220][com.java.SeleniumDriver] [  856] - ------------------------------------------
[INFO ][2016-01-13 15:55:36,220][com.java.SeleniumDriver] [  857] - Test case being Executed: 12
[INFO ][2016-01-13 15:55:36,220][com.java.SeleniumDriver] [  869] - Test step:5
[INFO ][2016-01-13 15:55:36,220][com.java.SeleniumDriver] [  881] - Datavalue is----------Rated Loan Categories
[INFO ][2016-01-13 15:55:36,220][com.java.SeleniumDriver] [  905] - DataField : XPH//span[contains(text(), 'Rated Loan Categories')]
[INFO ][2016-01-13 15:55:36,220][com.java.SeleniumDriver] [  907] - DataValue : Rated Loan Categories
[INFO ][2016-01-13 15:55:36,220][com.java.SeleniumDriver] [  913] - <In Set values of the page>
[INFO ][2016-01-13 15:55:36,220][com.java.SeleniumDriver] [  916] - {Data Fields & Data Values Exist}
[INFO ][2016-01-13 15:55:36,220][com.java.SeleniumDriver] [  918] - --------------------------setting values-----------------------------
[INFO ][2016-01-13 15:55:36,220][com.java.SeleniumDriver] [  921] - Action Type : VERIFY
[INFO ][2016-01-13 15:55:36,220][com.java.TestType] [ 7634] - field= XPH//span[contains(text(), 'Rated Loan Categories')] value= Rated Loan Categories
[INFO ][2016-01-13 15:55:36,220][com.java.TestType] [ 6136] - value = Rated Loan Categories
[INFO ][2016-01-13 15:55:36,321][com.java.SeleniumDriver] [  930] -  RESULT true
[INFO ][2016-01-13 15:55:36,321][com.java.SeleniumDriver] [ 1136] - ?   P A S S   ?
[INFO ][2016-01-13 15:55:36,321][com.java.SeleniumDriver] [  856] - ------------------------------------------
[INFO ][2016-01-13 15:55:36,321][com.java.SeleniumDriver] [  857] - Test case being Executed: 12
[INFO ][2016-01-13 15:55:36,321][com.java.SeleniumDriver] [  869] - Test step:6
[INFO ][2016-01-13 15:55:36,321][com.java.SeleniumDriver] [  881] - Datavalue is----------null
[DEBUG][2016-01-13 15:55:36,321][com.java.SeleniumDriver] [  899] - Exception: null
[INFO ][2016-01-13 15:55:36,321][com.java.SeleniumDriver] [  905] - DataField : BTNframeDialogContent
[INFO ][2016-01-13 15:55:36,321][com.java.SeleniumDriver] [  907] - DataValue : 
[INFO ][2016-01-13 15:55:36,321][com.java.SeleniumDriver] [  913] - <In Set values of the page>
[INFO ][2016-01-13 15:55:36,321][com.java.SeleniumDriver] [  916] - {Data Fields & Data Values Exist}
[INFO ][2016-01-13 15:55:36,321][com.java.SeleniumDriver] [  918] - --------------------------setting values-----------------------------
[INFO ][2016-01-13 15:55:36,321][com.java.SeleniumDriver] [  921] - Action Type : SELECTFRAME
[INFO ][2016-01-13 15:55:37,542][com.java.SeleniumDriver] [  930] -  RESULT true
[INFO ][2016-01-13 15:55:37,542][com.java.SeleniumDriver] [ 1136] - ?   P A S S   ?
[INFO ][2016-01-13 15:55:37,542][com.java.SeleniumDriver] [  856] - ------------------------------------------
[INFO ][2016-01-13 15:55:37,542][com.java.SeleniumDriver] [  857] - Test case being Executed: 12
[INFO ][2016-01-13 15:55:37,542][com.java.SeleniumDriver] [  869] - Test step:7
[INFO ][2016-01-13 15:55:37,542][com.java.SeleniumDriver] [  881] - Datavalue is----------null
[DEBUG][2016-01-13 15:55:37,542][com.java.SeleniumDriver] [  899] - Exception: null
[INFO ][2016-01-13 15:55:37,542][com.java.SeleniumDriver] [  905] - DataField : BTNbtnAddNew
[INFO ][2016-01-13 15:55:37,542][com.java.SeleniumDriver] [  907] - DataValue : 
[INFO ][2016-01-13 15:55:37,542][com.java.SeleniumDriver] [  913] - <In Set values of the page>
[INFO ][2016-01-13 15:55:37,542][com.java.SeleniumDriver] [  916] - {Data Fields & Data Values Exist}
[INFO ][2016-01-13 15:55:37,542][com.java.SeleniumDriver] [  918] - --------------------------setting values-----------------------------
[INFO ][2016-01-13 15:55:37,542][com.java.SeleniumDriver] [  921] - Action Type : CLICK
[INFO ][2016-01-13 15:55:37,542][com.java.TestType] [ 6515] - Field ::BTNbtnAddNew
[INFO ][2016-01-13 15:55:37,542][com.java.TestType] [ 6136] - value = 
[INFO ][2016-01-13 15:55:38,542][com.java.TestType] [ 6631] - BEFORE CLICK
[INFO ][2016-01-13 15:55:39,713][com.java.TestType] [ 6638] - Unable to click the object Add New Category button
[INFO ][2016-01-13 15:55:39,713][com.java.SeleniumDriver] [  930] -  RESULT true
[INFO ][2016-01-13 15:55:39,713][com.java.SeleniumDriver] [ 1136] - ?   P A S S   ?
[INFO ][2016-01-13 15:55:39,713][com.java.SeleniumDriver] [  856] - ------------------------------------------
[INFO ][2016-01-13 15:55:39,713][com.java.SeleniumDriver] [  857] - Test case being Executed: 12
[INFO ][2016-01-13 15:55:39,713][com.java.SeleniumDriver] [  869] - Test step:8
[INFO ][2016-01-13 15:55:39,713][com.java.SeleniumDriver] [  881] - Datavalue is----------5
[INFO ][2016-01-13 15:55:39,713][com.java.SeleniumDriver] [  905] - DataField : XPH//td[contains(text(),'Description')]
[INFO ][2016-01-13 15:55:39,713][com.java.SeleniumDriver] [  907] - DataValue : 5
[INFO ][2016-01-13 15:55:39,713][com.java.SeleniumDriver] [  913] - <In Set values of the page>
[INFO ][2016-01-13 15:55:39,713][com.java.SeleniumDriver] [  916] - {Data Fields & Data Values Exist}
[INFO ][2016-01-13 15:55:39,713][com.java.SeleniumDriver] [  918] - --------------------------setting values-----------------------------
[INFO ][2016-01-13 15:55:39,713][com.java.SeleniumDriver] [  921] - Action Type : WAITFORELEMENT
[INFO ][2016-01-13 15:55:39,743][com.java.SeleniumDriver] [  930] -  RESULT true
[INFO ][2016-01-13 15:55:39,743][com.java.SeleniumDriver] [ 1136] - ?   P A S S   ?
[INFO ][2016-01-13 15:55:39,743][com.java.SeleniumDriver] [  856] - ------------------------------------------
[INFO ][2016-01-13 15:55:39,743][com.java.SeleniumDriver] [  857] - Test case being Executed: 12
[INFO ][2016-01-13 15:55:39,743][com.java.SeleniumDriver] [  869] - Test step:9
[INFO ][2016-01-13 15:55:39,743][com.java.SeleniumDriver] [  881] - Datavalue is----------//td[contains(text(),'Description')]
[INFO ][2016-01-13 15:55:39,743][com.java.SeleniumDriver] [  905] - DataField : BTN
[INFO ][2016-01-13 15:55:39,743][com.java.SeleniumDriver] [  907] - DataValue : //td[contains(text(),'Description')]
[INFO ][2016-01-13 15:55:39,743][com.java.SeleniumDriver] [  913] - <In Set values of the page>
[INFO ][2016-01-13 15:55:39,743][com.java.SeleniumDriver] [  916] - {Data Fields & Data Values Exist}
[INFO ][2016-01-13 15:55:39,743][com.java.SeleniumDriver] [  918] - --------------------------setting values-----------------------------
[INFO ][2016-01-13 15:55:39,743][com.java.SeleniumDriver] [  921] - Action Type : VERIFY
[INFO ][2016-01-13 15:55:39,743][com.java.TestType] [ 7634] - field= BTN value= //td[contains(text(),'Description')]
[INFO ][2016-01-13 15:55:39,743][com.java.TestType] [ 6136] - value = //td[contains(text(),'Description')]
[INFO ][2016-01-13 15:55:39,783][com.java.SeleniumDriver] [  930] -  RESULT true
[INFO ][2016-01-13 15:55:39,783][com.java.SeleniumDriver] [ 1136] - ?   P A S S   ?
[INFO ][2016-01-13 15:55:39,783][com.java.SeleniumDriver] [  856] - ------------------------------------------
[INFO ][2016-01-13 15:55:39,783][com.java.SeleniumDriver] [  857] - Test case being Executed: 12
[INFO ][2016-01-13 15:55:39,783][com.java.SeleniumDriver] [  869] - Test step:10
[INFO ][2016-01-13 15:55:39,783][com.java.SeleniumDriver] [  881] - Datavalue is----------//td[contains(text(),'Rated Loan*')]
[INFO ][2016-01-13 15:55:39,783][com.java.SeleniumDriver] [  905] - DataField : BTN
[INFO ][2016-01-13 15:55:39,783][com.java.SeleniumDriver] [  907] - DataValue : //td[contains(text(),'Rated Loan*')]
[INFO ][2016-01-13 15:55:39,783][com.java.SeleniumDriver] [  913] - <In Set values of the page>
[INFO ][2016-01-13 15:55:39,783][com.java.SeleniumDriver] [  916] - {Data Fields & Data Values Exist}
[INFO ][2016-01-13 15:55:39,783][com.java.SeleniumDriver] [  918] - --------------------------setting values-----------------------------
[INFO ][2016-01-13 15:55:39,783][com.java.SeleniumDriver] [  921] - Action Type : VERIFY
[INFO ][2016-01-13 15:55:39,783][com.java.TestType] [ 7634] - field= BTN value= //td[contains(text(),'Rated Loan*')]
[INFO ][2016-01-13 15:55:39,783][com.java.TestType] [ 6136] - value = //td[contains(text(),'Rated Loan*')]
[INFO ][2016-01-13 15:55:39,833][com.java.SeleniumDriver] [  930] -  RESULT true
[INFO ][2016-01-13 15:55:39,833][com.java.SeleniumDriver] [ 1136] - ?   P A S S   ?
[INFO ][2016-01-13 15:55:39,833][com.java.SeleniumDriver] [  856] - ------------------------------------------
[INFO ][2016-01-13 15:55:39,833][com.java.SeleniumDriver] [  857] - Test case being Executed: 12
[INFO ][2016-01-13 15:55:39,833][com.java.SeleniumDriver] [  869] - Test step:11
[INFO ][2016-01-13 15:55:39,833][com.java.SeleniumDriver] [  881] - Datavalue is----------RNDTesting
[INFO ][2016-01-13 15:55:39,833][com.java.SeleniumDriver] [  905] - DataField : TXTtxtDescription
[INFO ][2016-01-13 15:55:39,833][com.java.SeleniumDriver] [  907] - DataValue : RNDTesting
[INFO ][2016-01-13 15:55:39,833][com.java.SeleniumDriver] [  913] - <In Set values of the page>
[INFO ][2016-01-13 15:55:39,833][com.java.SeleniumDriver] [  916] - {Data Fields & Data Values Exist}
[INFO ][2016-01-13 15:55:39,833][com.java.SeleniumDriver] [  918] - --------------------------setting values-----------------------------
[INFO ][2016-01-13 15:55:39,833][com.java.SeleniumDriver] [  921] - Action Type : CLEARANDENTER
[INFO ][2016-01-13 15:55:43,695][com.java.TestType] [ 6136] - value = Testing100715
[INFO ][2016-01-13 15:55:45,056][com.java.SeleniumDriver] [  930] -  RESULT true
[INFO ][2016-01-13 15:55:45,056][com.java.SeleniumDriver] [ 1136] - ?   P A S S   ?
[INFO ][2016-01-13 15:55:45,056][com.java.SeleniumDriver] [  856] - ------------------------------------------
[INFO ][2016-01-13 15:55:45,056][com.java.SeleniumDriver] [  857] - Test case being Executed: 12
[INFO ][2016-01-13 15:55:45,056][com.java.SeleniumDriver] [  869] - Test step:12
[INFO ][2016-01-13 15:55:45,056][com.java.SeleniumDriver] [  881] - Datavalue is----------2
[INFO ][2016-01-13 15:55:45,056][com.java.SeleniumDriver] [  905] - DataField : test
[INFO ][2016-01-13 15:55:45,056][com.java.SeleniumDriver] [  907] - DataValue : 2
[INFO ][2016-01-13 15:55:45,056][com.java.SeleniumDriver] [  913] - <In Set values of the page>
[INFO ][2016-01-13 15:55:45,056][com.java.SeleniumDriver] [  916] - {Data Fields & Data Values Exist}
[INFO ][2016-01-13 15:55:45,056][com.java.SeleniumDriver] [  918] - --------------------------setting values-----------------------------
[INFO ][2016-01-13 15:55:45,056][com.java.SeleniumDriver] [  921] - Action Type : WAITTIME
[DEBUG][2016-01-13 15:55:45,056][com.java.TestType] [ 5950] - sleepTime: 2000
[INFO ][2016-01-13 15:55:47,056][com.java.SeleniumDriver] [  930] -  RESULT true
[INFO ][2016-01-13 15:55:47,056][com.java.SeleniumDriver] [ 1136] - ?   P A S S   ?
[INFO ][2016-01-13 15:55:47,056][com.java.SeleniumDriver] [  856] - ------------------------------------------
[INFO ][2016-01-13 15:55:47,056][com.java.SeleniumDriver] [  857] - Test case being Executed: 12
[INFO ][2016-01-13 15:55:47,056][com.java.SeleniumDriver] [  869] - Test step:13
[INFO ][2016-01-13 15:55:47,056][com.java.SeleniumDriver] [  881] - Datavalue is----------Test
[INFO ][2016-01-13 15:55:47,056][com.java.SeleniumDriver] [  905] - DataField : TXTtxtDescription
[INFO ][2016-01-13 15:55:47,056][com.java.SeleniumDriver] [  907] - DataValue : Test
[INFO ][2016-01-13 15:55:47,056][com.java.SeleniumDriver] [  913] - <In Set values of the page>
[INFO ][2016-01-13 15:55:47,056][com.java.SeleniumDriver] [  916] - {Data Fields & Data Values Exist}
[INFO ][2016-01-13 15:55:47,056][com.java.SeleniumDriver] [  918] - --------------------------setting values-----------------------------
[INFO ][2016-01-13 15:55:47,056][com.java.SeleniumDriver] [  921] - Action Type : STOREVALUE
[INFO ][2016-01-13 15:55:47,056][com.java.TestType] [ 9061] - field= TXTtxtDescription
[DEBUG][2016-01-13 15:55:48,150][com.java.TestType] [ 9075] - Key:: Test  Value:: Testing100715
[INFO ][2016-01-13 15:55:48,150][com.java.SeleniumDriver] [  930] -  RESULT true
[INFO ][2016-01-13 15:55:48,150][com.java.SeleniumDriver] [ 1136] - ?   P A S S   ?
[INFO ][2016-01-13 15:55:48,150][com.java.SeleniumDriver] [  856] - ------------------------------------------
[INFO ][2016-01-13 15:55:48,150][com.java.SeleniumDriver] [  857] - Test case being Executed: 12
[INFO ][2016-01-13 15:55:48,150][com.java.SeleniumDriver] [  869] - Test step:14
[INFO ][2016-01-13 15:55:48,150][com.java.SeleniumDriver] [  881] - Datavalue is----------3
[INFO ][2016-01-13 15:55:48,150][com.java.SeleniumDriver] [  905] - DataField : test
[INFO ][2016-01-13 15:55:48,150][com.java.SeleniumDriver] [  907] - DataValue : 3
[INFO ][2016-01-13 15:55:48,150][com.java.SeleniumDriver] [  913] - <In Set values of the page>
[INFO ][2016-01-13 15:55:48,150][com.java.SeleniumDriver] [  916] - {Data Fields & Data Values Exist}
[INFO ][2016-01-13 15:55:48,150][com.java.SeleniumDriver] [  918] - --------------------------setting values-----------------------------
[INFO ][2016-01-13 15:55:48,150][com.java.SeleniumDriver] [  921] - Action Type : WAITTIME
[DEBUG][2016-01-13 15:55:48,150][com.java.TestType] [ 5950] - sleepTime: 3000
[INFO ][2016-01-13 15:55:51,152][com.java.SeleniumDriver] [  930] -  RESULT true
[INFO ][2016-01-13 15:55:51,152][com.java.SeleniumDriver] [ 1136] - ?   P A S S   ?
[INFO ][2016-01-13 15:55:51,152][com.java.SeleniumDriver] [  856] - ------------------------------------------
[INFO ][2016-01-13 15:55:51,152][com.java.SeleniumDriver] [  857] - Test case being Executed: 12
[INFO ][2016-01-13 15:55:51,152][com.java.SeleniumDriver] [  869] - Test step:15
[INFO ][2016-01-13 15:55:51,152][com.java.SeleniumDriver] [  881] - Datavalue is----------1.00
[INFO ][2016-01-13 15:55:51,152][com.java.SeleniumDriver] [  905] - DataField : TXTtxtWeight
[INFO ][2016-01-13 15:55:51,152][com.java.SeleniumDriver] [  907] - DataValue : 1.00
[INFO ][2016-01-13 15:55:51,152][com.java.SeleniumDriver] [  913] - <In Set values of the page>
[INFO ][2016-01-13 15:55:51,152][com.java.SeleniumDriver] [  916] - {Data Fields & Data Values Exist}
[INFO ][2016-01-13 15:55:51,152][com.java.SeleniumDriver] [  918] - --------------------------setting values-----------------------------
[INFO ][2016-01-13 15:55:51,152][com.java.SeleniumDriver] [  921] - Action Type : CLEARANDENTER
[INFO ][2016-01-13 15:55:54,038][com.java.TestType] [ 6136] - value = 1.00
[INFO ][2016-01-13 15:55:55,210][com.java.SeleniumDriver] [  930] -  RESULT true
[INFO ][2016-01-13 15:55:55,210][com.java.SeleniumDriver] [ 1136] - ?   P A S S   ?
[INFO ][2016-01-13 15:55:55,210][com.java.SeleniumDriver] [  856] - ------------------------------------------
[INFO ][2016-01-13 15:55:55,210][com.java.SeleniumDriver] [  857] - Test case being Executed: 12
[INFO ][2016-01-13 15:55:55,210][com.java.SeleniumDriver] [  869] - Test step:16
[INFO ][2016-01-13 15:55:55,210][com.java.SeleniumDriver] [  881] - Datavalue is----------Historical
[INFO ][2016-01-13 15:55:55,210][com.java.SeleniumDriver] [  905] - DataField : TXTtxtWeight
[INFO ][2016-01-13 15:55:55,210][com.java.SeleniumDriver] [  907] - DataValue : Historical
[INFO ][2016-01-13 15:55:55,210][com.java.SeleniumDriver] [  913] - <In Set values of the page>
[INFO ][2016-01-13 15:55:55,210][com.java.SeleniumDriver] [  916] - {Data Fields & Data Values Exist}
[INFO ][2016-01-13 15:55:55,210][com.java.SeleniumDriver] [  918] - --------------------------setting values-----------------------------
[INFO ][2016-01-13 15:55:55,210][com.java.SeleniumDriver] [  921] - Action Type : STOREVALUE
[INFO ][2016-01-13 15:55:55,210][com.java.TestType] [ 9061] - field= TXTtxtWeight
[DEBUG][2016-01-13 15:55:56,301][com.java.TestType] [ 9075] - Key:: Historical  Value:: 1.00
[INFO ][2016-01-13 15:55:56,301][com.java.SeleniumDriver] [  930] -  RESULT true
[INFO ][2016-01-13 15:55:56,301][com.java.SeleniumDriver] [ 1136] - ?   P A S S   ?
[INFO ][2016-01-13 15:55:56,301][com.java.SeleniumDriver] [  856] - ------------------------------------------
[INFO ][2016-01-13 15:55:56,301][com.java.SeleniumDriver] [  857] - Test case being Executed: 12
[INFO ][2016-01-13 15:55:56,301][com.java.SeleniumDriver] [  869] - Test step:17
[INFO ][2016-01-13 15:55:56,301][com.java.SeleniumDriver] [  881] - Datavalue is----------3
[INFO ][2016-01-13 15:55:56,301][com.java.SeleniumDriver] [  905] - DataField : test
[INFO ][2016-01-13 15:55:56,301][com.java.SeleniumDriver] [  907] - DataValue : 3
[INFO ][2016-01-13 15:55:56,301][com.java.SeleniumDriver] [  913] - <In Set values of the page>
[INFO ][2016-01-13 15:55:56,301][com.java.SeleniumDriver] [  916] - {Data Fields & Data Values Exist}
[INFO ][2016-01-13 15:55:56,301][com.java.SeleniumDriver] [  918] - --------------------------setting values-----------------------------
[INFO ][2016-01-13 15:55:56,301][com.java.SeleniumDriver] [  921] - Action Type : WAITTIME
[DEBUG][2016-01-13 15:55:56,301][com.java.TestType] [ 5950] - sleepTime: 3000
[INFO ][2016-01-13 15:55:59,309][com.java.SeleniumDriver] [  930] -  RESULT true
[INFO ][2016-01-13 15:55:59,309][com.java.SeleniumDriver] [ 1136] - ?   P A S S   ?
[INFO ][2016-01-13 15:55:59,309][com.java.SeleniumDriver] [  856] - ------------------------------------------
[INFO ][2016-01-13 15:55:59,309][com.java.SeleniumDriver] [  857] - Test case being Executed: 12
[INFO ][2016-01-13 15:55:59,309][com.java.SeleniumDriver] [  869] - Test step:18
[INFO ][2016-01-13 15:55:59,309][com.java.SeleniumDriver] [  881] - Datavalue is----------1.20
[INFO ][2016-01-13 15:55:59,309][com.java.SeleniumDriver] [  905] - DataField : TXTtxtWeight1
[INFO ][2016-01-13 15:55:59,309][com.java.SeleniumDriver] [  907] - DataValue : 1.20
[INFO ][2016-01-13 15:55:59,309][com.java.SeleniumDriver] [  913] - <In Set values of the page>
[INFO ][2016-01-13 15:55:59,309][com.java.SeleniumDriver] [  916] - {Data Fields & Data Values Exist}
[INFO ][2016-01-13 15:55:59,309][com.java.SeleniumDriver] [  918] - --------------------------setting values-----------------------------
[INFO ][2016-01-13 15:55:59,309][com.java.SeleniumDriver] [  921] - Action Type : CLEARANDENTER
[INFO ][2016-01-13 15:56:01,800][com.java.TestType] [ 6136] - value = 1.20
[INFO ][2016-01-13 15:56:02,962][com.java.SeleniumDriver] [  930] -  RESULT true
[INFO ][2016-01-13 15:56:02,962][com.java.SeleniumDriver] [ 1136] - ?   P A S S   ?
[INFO ][2016-01-13 15:56:02,962][com.java.SeleniumDriver] [  856] - ------------------------------------------
[INFO ][2016-01-13 15:56:02,962][com.java.SeleniumDriver] [  857] - Test case being Executed: 12
[INFO ][2016-01-13 15:56:02,962][com.java.SeleniumDriver] [  869] - Test step:19
[INFO ][2016-01-13 15:56:02,962][com.java.SeleniumDriver] [  881] - Datavalue is----------Economic
[INFO ][2016-01-13 15:56:02,962][com.java.SeleniumDriver] [  905] - DataField : TXTtxtWeight1
[INFO ][2016-01-13 15:56:02,962][com.java.SeleniumDriver] [  907] - DataValue : Economic
[INFO ][2016-01-13 15:56:02,962][com.java.SeleniumDriver] [  913] - <In Set values of the page>
[INFO ][2016-01-13 15:56:02,962][com.java.SeleniumDriver] [  916] - {Data Fields & Data Values Exist}
[INFO ][2016-01-13 15:56:02,962][com.java.SeleniumDriver] [  918] - --------------------------setting values-----------------------------
[INFO ][2016-01-13 15:56:02,962][com.java.SeleniumDriver] [  921] - Action Type : STOREVALUE
[INFO ][2016-01-13 15:56:02,962][com.java.TestType] [ 9061] - field= TXTtxtWeight1
[DEBUG][2016-01-13 15:56:04,043][com.java.TestType] [ 9075] - Key:: Economic  Value:: 1.20
[INFO ][2016-01-13 15:56:04,043][com.java.SeleniumDriver] [  930] -  RESULT true
[INFO ][2016-01-13 15:56:04,043][com.java.SeleniumDriver] [ 1136] - ?   P A S S   ?
[INFO ][2016-01-13 15:56:04,043][com.java.SeleniumDriver] [  856] - ------------------------------------------
[INFO ][2016-01-13 15:56:04,043][com.java.SeleniumDriver] [  857] - Test case being Executed: 12
[INFO ][2016-01-13 15:56:04,043][com.java.SeleniumDriver] [  869] - Test step:20
[INFO ][2016-01-13 15:56:04,043][com.java.SeleniumDriver] [  881] - Datavalue is----------3
[INFO ][2016-01-13 15:56:04,043][com.java.SeleniumDriver] [  905] - DataField : test
[INFO ][2016-01-13 15:56:04,043][com.java.SeleniumDriver] [  907] - DataValue : 3
[INFO ][2016-01-13 15:56:04,043][com.java.SeleniumDriver] [  913] - <In Set values of the page>
[INFO ][2016-01-13 15:56:04,043][com.java.SeleniumDriver] [  916] - {Data Fields & Data Values Exist}
[INFO ][2016-01-13 15:56:04,043][com.java.SeleniumDriver] [  918] - --------------------------setting values-----------------------------
[INFO ][2016-01-13 15:56:04,043][com.java.SeleniumDriver] [  921] - Action Type : WAITTIME
[DEBUG][2016-01-13 15:56:04,043][com.java.TestType] [ 5950] - sleepTime: 3000
[INFO ][2016-01-13 15:56:07,043][com.java.SeleniumDriver] [  930] -  RESULT true
[INFO ][2016-01-13 15:56:07,043][com.java.SeleniumDriver] [ 1136] - ?   P A S S   ?
[INFO ][2016-01-13 15:56:07,043][com.java.SeleniumDriver] [  856] - ------------------------------------------
[INFO ][2016-01-13 15:56:07,043][com.java.SeleniumDriver] [  857] - Test case being Executed: 12
[INFO ][2016-01-13 15:56:07,043][com.java.SeleniumDriver] [  869] - Test step:21
[INFO ][2016-01-13 15:56:07,043][com.java.SeleniumDriver] [  881] - Datavalue is----------0.50
[INFO ][2016-01-13 15:56:07,043][com.java.SeleniumDriver] [  905] - DataField : TXTtxtWeight2
[INFO ][2016-01-13 15:56:07,043][com.java.SeleniumDriver] [  907] - DataValue : 0.50
[INFO ][2016-01-13 15:56:07,043][com.java.SeleniumDriver] [  913] - <In Set values of the page>
[INFO ][2016-01-13 15:56:07,043][com.java.SeleniumDriver] [  916] - {Data Fields & Data Values Exist}
[INFO ][2016-01-13 15:56:07,043][com.java.SeleniumDriver] [  918] - --------------------------setting values-----------------------------
[INFO ][2016-01-13 15:56:07,043][com.java.SeleniumDriver] [  921] - Action Type : CLEARANDENTER
[INFO ][2016-01-13 15:56:11,005][com.java.TestType] [ 6136] - value = 0.50
[INFO ][2016-01-13 15:56:12,166][com.java.SeleniumDriver] [  930] -  RESULT true
[INFO ][2016-01-13 15:56:12,166][com.java.SeleniumDriver] [ 1136] - ?   P A S S   ?
[INFO ][2016-01-13 15:56:12,166][com.java.SeleniumDriver] [  856] - ------------------------------------------
[INFO ][2016-01-13 15:56:12,166][com.java.SeleniumDriver] [  857] - Test case being Executed: 12
[INFO ][2016-01-13 15:56:12,166][com.java.SeleniumDriver] [  869] - Test step:22
[INFO ][2016-01-13 15:56:12,166][com.java.SeleniumDriver] [  881] - Datavalue is----------Other
[INFO ][2016-01-13 15:56:12,166][com.java.SeleniumDriver] [  905] - DataField : TXTtxtWeight2
[INFO ][2016-01-13 15:56:12,166][com.java.SeleniumDriver] [  907] - DataValue : Other
[INFO ][2016-01-13 15:56:12,166][com.java.SeleniumDriver] [  913] - <In Set values of the page>
[INFO ][2016-01-13 15:56:12,166][com.java.SeleniumDriver] [  916] - {Data Fields & Data Values Exist}
[INFO ][2016-01-13 15:56:12,166][com.java.SeleniumDriver] [  918] - --------------------------setting values-----------------------------
[INFO ][2016-01-13 15:56:12,166][com.java.SeleniumDriver] [  921] - Action Type : STOREVALUE
[INFO ][2016-01-13 15:56:12,166][com.java.TestType] [ 9061] - field= TXTtxtWeight2
[DEBUG][2016-01-13 15:56:13,247][com.java.TestType] [ 9075] - Key:: Other  Value:: 0.50
[INFO ][2016-01-13 15:56:13,247][com.java.SeleniumDriver] [  930] -  RESULT true
[INFO ][2016-01-13 15:56:13,247][com.java.SeleniumDriver] [ 1136] - ?   P A S S   ?
[INFO ][2016-01-13 15:56:13,247][com.java.SeleniumDriver] [  856] - ------------------------------------------
[INFO ][2016-01-13 15:56:13,247][com.java.SeleniumDriver] [  857] - Test case being Executed: 12
[INFO ][2016-01-13 15:56:13,247][com.java.SeleniumDriver] [  869] - Test step:23
[INFO ][2016-01-13 15:56:13,247][com.java.SeleniumDriver] [  881] - Datavalue is----------3
[INFO ][2016-01-13 15:56:13,247][com.java.SeleniumDriver] [  905] - DataField : test
[INFO ][2016-01-13 15:56:13,247][com.java.SeleniumDriver] [  907] - DataValue : 3
[INFO ][2016-01-13 15:56:13,247][com.java.SeleniumDriver] [  913] - <In Set values of the page>
[INFO ][2016-01-13 15:56:13,247][com.java.SeleniumDriver] [  916] - {Data Fields & Data Values Exist}
[INFO ][2016-01-13 15:56:13,247][com.java.SeleniumDriver] [  918] - --------------------------setting values-----------------------------
[INFO ][2016-01-13 15:56:13,247][com.java.SeleniumDriver] [  921] - Action Type : WAITTIME
[DEBUG][2016-01-13 15:56:13,247][com.java.TestType] [ 5950] - sleepTime: 3000
[INFO ][2016-01-13 15:56:16,247][com.java.SeleniumDriver] [  930] -  RESULT true
[INFO ][2016-01-13 15:56:16,247][com.java.SeleniumDriver] [ 1136] - ?   P A S S   ?
[INFO ][2016-01-13 15:56:16,247][com.java.SeleniumDriver] [  856] - ------------------------------------------
[INFO ][2016-01-13 15:56:16,247][com.java.SeleniumDriver] [  857] - Test case being Executed: 12
[INFO ][2016-01-13 15:56:16,247][com.java.SeleniumDriver] [  869] - Test step:24
[INFO ][2016-01-13 15:56:16,247][com.java.SeleniumDriver] [  881] - Datavalue is----------null
[DEBUG][2016-01-13 15:56:16,247][com.java.SeleniumDriver] [  899] - Exception: null
[INFO ][2016-01-13 15:56:16,247][com.java.SeleniumDriver] [  905] - DataField : BTNchkRated
[INFO ][2016-01-13 15:56:16,247][com.java.SeleniumDriver] [  907] - DataValue : 
[INFO ][2016-01-13 15:56:16,247][com.java.SeleniumDriver] [  913] - <In Set values of the page>
[INFO ][2016-01-13 15:56:16,247][com.java.SeleniumDriver] [  916] - {Data Fields & Data Values Exist}
[INFO ][2016-01-13 15:56:16,247][com.java.SeleniumDriver] [  918] - --------------------------setting values-----------------------------
[INFO ][2016-01-13 15:56:16,247][com.java.SeleniumDriver] [  921] - Action Type : CLICK
[INFO ][2016-01-13 15:56:16,247][com.java.TestType] [ 6515] - Field ::BTNchkRated
[INFO ][2016-01-13 15:56:16,247][com.java.TestType] [ 6136] - value = 
[INFO ][2016-01-13 15:56:17,250][com.java.TestType] [ 6631] - BEFORE CLICK
[INFO ][2016-01-13 15:56:18,401][com.java.TestType] [ 6638] - Unable to click the object RatedLoan checkbox
[INFO ][2016-01-13 15:56:18,401][com.java.SeleniumDriver] [  930] -  RESULT true
[INFO ][2016-01-13 15:56:18,401][com.java.SeleniumDriver] [ 1136] - ?   P A S S   ?
[INFO ][2016-01-13 15:56:18,401][com.java.SeleniumDriver] [  856] - ------------------------------------------
[INFO ][2016-01-13 15:56:18,401][com.java.SeleniumDriver] [  857] - Test case being Executed: 12
[INFO ][2016-01-13 15:56:18,401][com.java.SeleniumDriver] [  869] - Test step:25
[INFO ][2016-01-13 15:56:18,401][com.java.SeleniumDriver] [  881] - Datavalue is----------null
[DEBUG][2016-01-13 15:56:18,401][com.java.SeleniumDriver] [  899] - Exception: null
[INFO ][2016-01-13 15:56:18,401][com.java.SeleniumDriver] [  905] - DataField : BTNparent
[INFO ][2016-01-13 15:56:18,401][com.java.SeleniumDriver] [  907] - DataValue : 
[INFO ][2016-01-13 15:56:18,401][com.java.SeleniumDriver] [  913] - <In Set values of the page>
[INFO ][2016-01-13 15:56:18,401][com.java.SeleniumDriver] [  916] - {Data Fields & Data Values Exist}
[INFO ][2016-01-13 15:56:18,401][com.java.SeleniumDriver] [  918] - --------------------------setting values-----------------------------
[INFO ][2016-01-13 15:56:18,401][com.java.SeleniumDriver] [  921] - Action Type : SELECTFRAME
[INFO ][2016-01-13 15:56:18,411][com.java.SeleniumDriver] [  930] -  RESULT true
[INFO ][2016-01-13 15:56:18,411][com.java.SeleniumDriver] [ 1136] - ?   P A S S   ?
[INFO ][2016-01-13 15:56:18,411][com.java.SeleniumDriver] [  856] - ------------------------------------------
[INFO ][2016-01-13 15:56:18,411][com.java.SeleniumDriver] [  857] - Test case being Executed: 12
[INFO ][2016-01-13 15:56:18,411][com.java.SeleniumDriver] [  869] - Test step:26
[INFO ][2016-01-13 15:56:18,411][com.java.SeleniumDriver] [  881] - Datavalue is----------5
[INFO ][2016-01-13 15:56:18,411][com.java.SeleniumDriver] [  905] - DataField : XPH//span[contains(text(), 'Update')]
[INFO ][2016-01-13 15:56:18,411][com.java.SeleniumDriver] [  907] - DataValue : 5
[INFO ][2016-01-13 15:56:18,411][com.java.SeleniumDriver] [  913] - <In Set values of the page>
[INFO ][2016-01-13 15:56:18,411][com.java.SeleniumDriver] [  916] - {Data Fields & Data Values Exist}
[INFO ][2016-01-13 15:56:18,411][com.java.SeleniumDriver] [  918] - --------------------------setting values-----------------------------
[INFO ][2016-01-13 15:56:18,411][com.java.SeleniumDriver] [  921] - Action Type : WAITFORELEMENT
[INFO ][2016-01-13 15:56:18,441][com.java.SeleniumDriver] [  930] -  RESULT true
[INFO ][2016-01-13 15:56:18,441][com.java.SeleniumDriver] [ 1136] - ?   P A S S   ?
[INFO ][2016-01-13 15:56:18,441][com.java.SeleniumDriver] [  856] - ------------------------------------------
[INFO ][2016-01-13 15:56:18,441][com.java.SeleniumDriver] [  857] - Test case being Executed: 12
[INFO ][2016-01-13 15:56:18,441][com.java.SeleniumDriver] [  869] - Test step:27
[INFO ][2016-01-13 15:56:18,441][com.java.SeleniumDriver] [  881] - Datavalue is----------null
[DEBUG][2016-01-13 15:56:18,441][com.java.SeleniumDriver] [  899] - Exception: null
[INFO ][2016-01-13 15:56:18,441][com.java.SeleniumDriver] [  905] - DataField : XPH//span[contains(text(), 'Update')]
[INFO ][2016-01-13 15:56:18,441][com.java.SeleniumDriver] [  907] - DataValue : 
[INFO ][2016-01-13 15:56:18,441][com.java.SeleniumDriver] [  913] - <In Set values of the page>
[INFO ][2016-01-13 15:56:18,441][com.java.SeleniumDriver] [  916] - {Data Fields & Data Values Exist}
[INFO ][2016-01-13 15:56:18,441][com.java.SeleniumDriver] [  918] - --------------------------setting values-----------------------------
[INFO ][2016-01-13 15:56:18,441][com.java.SeleniumDriver] [  921] - Action Type : CLICK
[INFO ][2016-01-13 15:56:18,441][com.java.TestType] [ 6515] - Field ::XPH//span[contains(text(), 'Update')]
[INFO ][2016-01-13 15:56:18,441][com.java.TestType] [ 6136] - value = 
[INFO ][2016-01-13 15:56:19,441][com.java.TestType] [ 6652] - BEFORE CLICK
[INFO ][2016-01-13 15:56:20,313][com.java.TestType] [ 6660] - Unable to click the object Update button
[INFO ][2016-01-13 15:56:20,313][com.java.SeleniumDriver] [  930] -  RESULT true
[INFO ][2016-01-13 15:56:20,313][com.java.SeleniumDriver] [ 1136] - ?   P A S S   ?
[INFO ][2016-01-13 15:56:20,313][com.java.SeleniumDriver] [  856] - ------------------------------------------
[INFO ][2016-01-13 15:56:20,313][com.java.SeleniumDriver] [  857] - Test case being Executed: 12
[INFO ][2016-01-13 15:56:20,313][com.java.SeleniumDriver] [  869] - Test step:28
[INFO ][2016-01-13 15:56:20,313][com.java.SeleniumDriver] [  881] - Datavalue is----------5
[INFO ][2016-01-13 15:56:20,313][com.java.SeleniumDriver] [  905] - DataField : XPH//span[contains(text(), 'Rated Loan Categories')]
[INFO ][2016-01-13 15:56:20,313][com.java.SeleniumDriver] [  907] - DataValue : 5
[INFO ][2016-01-13 15:56:20,313][com.java.SeleniumDriver] [  913] - <In Set values of the page>
[INFO ][2016-01-13 15:56:20,313][com.java.SeleniumDriver] [  916] - {Data Fields & Data Values Exist}
[INFO ][2016-01-13 15:56:20,313][com.java.SeleniumDriver] [  918] - --------------------------setting values-----------------------------
[INFO ][2016-01-13 15:56:20,313][com.java.SeleniumDriver] [  921] - Action Type : WAITFORELEMENT
[INFO ][2016-01-13 15:56:20,854][com.java.SeleniumDriver] [  930] -  RESULT true
[INFO ][2016-01-13 15:56:20,854][com.java.SeleniumDriver] [ 1136] - ?   P A S S   ?
[INFO ][2016-01-13 15:56:20,854][com.java.SeleniumDriver] [  856] - ------------------------------------------
[INFO ][2016-01-13 15:56:20,854][com.java.SeleniumDriver] [  857] - Test case being Executed: 12
[INFO ][2016-01-13 15:56:20,854][com.java.SeleniumDriver] [  869] - Test step:29
[INFO ][2016-01-13 15:56:20,854][com.java.SeleniumDriver] [  881] - Datavalue is----------null
[DEBUG][2016-01-13 15:56:20,854][com.java.SeleniumDriver] [  899] - Exception: null
[INFO ][2016-01-13 15:56:20,854][com.java.SeleniumDriver] [  905] - DataField : BTNframeDialogContent
[INFO ][2016-01-13 15:56:20,854][com.java.SeleniumDriver] [  907] - DataValue : 
[INFO ][2016-01-13 15:56:20,854][com.java.SeleniumDriver] [  913] - <In Set values of the page>
[INFO ][2016-01-13 15:56:20,854][com.java.SeleniumDriver] [  916] - {Data Fields & Data Values Exist}
[INFO ][2016-01-13 15:56:20,854][com.java.SeleniumDriver] [  918] - --------------------------setting values-----------------------------
[INFO ][2016-01-13 15:56:20,854][com.java.SeleniumDriver] [  921] - Action Type : SELECTFRAME
[INFO ][2016-01-13 15:56:22,095][com.java.SeleniumDriver] [  930] -  RESULT true
[INFO ][2016-01-13 15:56:22,095][com.java.SeleniumDriver] [ 1136] - ?   P A S S   ?
[INFO ][2016-01-13 15:56:22,095][com.java.SeleniumDriver] [  856] - ------------------------------------------
[INFO ][2016-01-13 15:56:22,095][com.java.SeleniumDriver] [  857] - Test case being Executed: 12
[INFO ][2016-01-13 15:56:22,095][com.java.SeleniumDriver] [  869] - Test step:30
[INFO ][2016-01-13 15:56:22,095][com.java.SeleniumDriver] [  881] - Datavalue is----------HMVTest
[INFO ][2016-01-13 15:56:22,095][com.java.SeleniumDriver] [  905] - DataField : MSG
[INFO ][2016-01-13 15:56:22,095][com.java.SeleniumDriver] [  907] - DataValue : HMVTest
[INFO ][2016-01-13 15:56:22,095][com.java.SeleniumDriver] [  913] - <In Set values of the page>
[INFO ][2016-01-13 15:56:22,095][com.java.SeleniumDriver] [  916] - {Data Fields & Data Values Exist}
[INFO ][2016-01-13 15:56:22,095][com.java.SeleniumDriver] [  918] - --------------------------setting values-----------------------------
[INFO ][2016-01-13 15:56:22,095][com.java.SeleniumDriver] [  921] - Action Type : VERIFY
[INFO ][2016-01-13 15:56:22,095][com.java.TestType] [ 7634] - field= MSG value= HMVTest
[INFO ][2016-01-13 15:56:22,095][com.java.TestType] [ 6136] - value = Testing100715
[DEBUG][2016-01-13 15:56:22,095][com.java.TestType] [ 8464] - value :: Testing100715
[INFO ][2016-01-13 15:56:22,115][com.java.SeleniumDriver] [  930] -  RESULT true
[INFO ][2016-01-13 15:56:22,115][com.java.SeleniumDriver] [ 1136] - ?   P A S S   ?
[INFO ][2016-01-13 15:56:22,115][com.java.SeleniumDriver] [  856] - ------------------------------------------
[INFO ][2016-01-13 15:56:22,115][com.java.SeleniumDriver] [  857] - Test case being Executed: 12
[INFO ][2016-01-13 15:56:22,115][com.java.SeleniumDriver] [  869] - Test step:31
[INFO ][2016-01-13 15:56:22,115][com.java.SeleniumDriver] [  881] - Datavalue is----------null
[DEBUG][2016-01-13 15:56:22,115][com.java.SeleniumDriver] [  899] - Exception: null
[INFO ][2016-01-13 15:56:22,115][com.java.SeleniumDriver] [  905] - DataField : BTNparent
[INFO ][2016-01-13 15:56:22,115][com.java.SeleniumDriver] [  907] - DataValue : 
[INFO ][2016-01-13 15:56:22,115][com.java.SeleniumDriver] [  913] - <In Set values of the page>
[INFO ][2016-01-13 15:56:22,115][com.java.SeleniumDriver] [  916] - {Data Fields & Data Values Exist}
[INFO ][2016-01-13 15:56:22,115][com.java.SeleniumDriver] [  918] - --------------------------setting values-----------------------------
[INFO ][2016-01-13 15:56:22,115][com.java.SeleniumDriver] [  921] - Action Type : SELECTFRAME
[INFO ][2016-01-13 15:56:22,135][com.java.SeleniumDriver] [  930] -  RESULT true
[INFO ][2016-01-13 15:56:22,135][com.java.SeleniumDriver] [ 1136] - ?   P A S S   ?
[INFO ][2016-01-13 15:56:22,135][com.java.SeleniumDriver] [  856] - ------------------------------------------
[INFO ][2016-01-13 15:56:22,135][com.java.SeleniumDriver] [  857] - Test case being Executed: 12
[INFO ][2016-01-13 15:56:22,135][com.java.SeleniumDriver] [  869] - Test step:32
[INFO ][2016-01-13 15:56:22,135][com.java.SeleniumDriver] [  881] - Datavalue is----------null
[DEBUG][2016-01-13 15:56:22,135][com.java.SeleniumDriver] [  899] - Exception: null
[INFO ][2016-01-13 15:56:22,135][com.java.SeleniumDriver] [  905] - DataField : XPH//span[contains(text(), 'Update')]
[INFO ][2016-01-13 15:56:22,135][com.java.SeleniumDriver] [  907] - DataValue : 
[INFO ][2016-01-13 15:56:22,135][com.java.SeleniumDriver] [  913] - <In Set values of the page>
[INFO ][2016-01-13 15:56:22,135][com.java.SeleniumDriver] [  916] - {Data Fields & Data Values Exist}
[INFO ][2016-01-13 15:56:22,135][com.java.SeleniumDriver] [  918] - --------------------------setting values-----------------------------
[INFO ][2016-01-13 15:56:22,135][com.java.SeleniumDriver] [  921] - Action Type : CLICK
[INFO ][2016-01-13 15:56:22,135][com.java.TestType] [ 6515] - Field ::XPH//span[contains(text(), 'Update')]
[INFO ][2016-01-13 15:56:22,135][com.java.TestType] [ 6136] - value = 
[INFO ][2016-01-13 15:56:23,135][com.java.TestType] [ 6652] - BEFORE CLICK
[INFO ][2016-01-13 15:56:24,445][com.java.TestType] [ 6660] - Unable to click the object Update button
[INFO ][2016-01-13 15:56:24,445][com.java.SeleniumDriver] [  930] -  RESULT true
[INFO ][2016-01-13 15:56:24,445][com.java.SeleniumDriver] [ 1136] - ?   P A S S   ?
[INFO ][2016-01-13 15:56:24,445][com.java.SeleniumDriver] [  856] - ------------------------------------------
[INFO ][2016-01-13 15:56:24,445][com.java.SeleniumDriver] [  857] - Test case being Executed: 12
[INFO ][2016-01-13 15:56:24,445][com.java.SeleniumDriver] [  869] - Test step:33
[INFO ][2016-01-13 15:56:24,445][com.java.SeleniumDriver] [  881] - Datavalue is----------3
[INFO ][2016-01-13 15:56:24,445][com.java.SeleniumDriver] [  905] - DataField : XPH//div[contains(text(), 'My Dashboard')]
[INFO ][2016-01-13 15:56:24,445][com.java.SeleniumDriver] [  907] - DataValue : 3
[INFO ][2016-01-13 15:56:24,445][com.java.SeleniumDriver] [  913] - <In Set values of the page>
[INFO ][2016-01-13 15:56:24,445][com.java.SeleniumDriver] [  916] - {Data Fields & Data Values Exist}
[INFO ][2016-01-13 15:56:24,445][com.java.SeleniumDriver] [  918] - --------------------------setting values-----------------------------
[INFO ][2016-01-13 15:56:24,445][com.java.SeleniumDriver] [  921] - Action Type : WAITFORELEMENT
[INFO ][2016-01-13 15:56:24,486][com.java.SeleniumDriver] [  930] -  RESULT true
[INFO ][2016-01-13 15:56:24,486][com.java.SeleniumDriver] [ 1136] - ?   P A S S   ?
[INFO ][2016-01-13 15:56:24,486][com.java.SeleniumDriver] [  856] - ------------------------------------------
[INFO ][2016-01-13 15:56:24,486][com.java.SeleniumDriver] [  857] - Test case being Executed: 12
[INFO ][2016-01-13 15:56:24,486][com.java.SeleniumDriver] [  869] - Test step:34
[INFO ][2016-01-13 15:56:24,486][com.java.SeleniumDriver] [  881] - Datavalue is----------My Dashboard
[INFO ][2016-01-13 15:56:24,486][com.java.SeleniumDriver] [  905] - DataField : XPH//div[contains(text(), 'My Dashboard')]
[INFO ][2016-01-13 15:56:24,486][com.java.SeleniumDriver] [  907] - DataValue : My Dashboard
[INFO ][2016-01-13 15:56:24,486][com.java.SeleniumDriver] [  913] - <In Set values of the page>
[INFO ][2016-01-13 15:56:24,486][com.java.SeleniumDriver] [  916] - {Data Fields & Data Values Exist}
[INFO ][2016-01-13 15:56:24,486][com.java.SeleniumDriver] [  918] - --------------------------setting values-----------------------------
[INFO ][2016-01-13 15:56:24,486][com.java.SeleniumDriver] [  921] - Action Type : VERIFY
[INFO ][2016-01-13 15:56:24,486][com.java.TestType] [ 7634] - field= XPH//div[contains(text(), 'My Dashboard')] value= My Dashboard
[INFO ][2016-01-13 15:56:24,486][com.java.TestType] [ 6136] - value = My Dashboard
[INFO ][2016-01-13 15:56:24,636][com.java.SeleniumDriver] [  930] -  RESULT true
[INFO ][2016-01-13 15:56:24,636][com.java.SeleniumDriver] [ 1136] - ?   P A S S   ?
[INFO ][2016-01-13 15:56:24,636][com.java.SeleniumDriver] [  856] - ------------------------------------------
[INFO ][2016-01-13 15:56:24,636][com.java.SeleniumDriver] [  857] - Test case being Executed: 12
[INFO ][2016-01-13 15:56:24,636][com.java.SeleniumDriver] [  869] - Test step:35
[INFO ][2016-01-13 15:56:24,636][com.java.SeleniumDriver] [  881] - Datavalue is----------null
[DEBUG][2016-01-13 15:56:24,636][com.java.SeleniumDriver] [  899] - Exception: null
[INFO ][2016-01-13 15:56:24,636][com.java.SeleniumDriver] [  905] - DataField : //span[@class='icon-user4']&&//a[text()='Company Settings']&&//a[@data-id="RatedLoans"]
[INFO ][2016-01-13 15:56:24,636][com.java.SeleniumDriver] [  907] - DataValue : 
[INFO ][2016-01-13 15:56:24,636][com.java.SeleniumDriver] [  913] - <In Set values of the page>
[INFO ][2016-01-13 15:56:24,636][com.java.SeleniumDriver] [  916] - {Data Fields & Data Values Exist}
[INFO ][2016-01-13 15:56:24,636][com.java.SeleniumDriver] [  918] - --------------------------setting values-----------------------------
[INFO ][2016-01-13 15:56:24,636][com.java.SeleniumDriver] [  921] - Action Type : MOUSEOVER
[INFO ][2016-01-13 15:56:51,351][com.java.SeleniumDriver] [  930] -  RESULT true
[INFO ][2016-01-13 15:56:51,351][com.java.SeleniumDriver] [ 1136] - ?   P A S S   ?
[INFO ][2016-01-13 15:56:51,351][com.java.SeleniumDriver] [  856] - ------------------------------------------
[INFO ][2016-01-13 15:56:51,351][com.java.SeleniumDriver] [  857] - Test case being Executed: 12
[INFO ][2016-01-13 15:56:51,351][com.java.SeleniumDriver] [  869] - Test step:36
[INFO ][2016-01-13 15:56:51,351][com.java.SeleniumDriver] [  881] - Datavalue is----------Rated Loan Categories
[INFO ][2016-01-13 15:56:51,351][com.java.SeleniumDriver] [  905] - DataField : XPH//span[contains(text(), 'Rated Loan Categories')]
[INFO ][2016-01-13 15:56:51,351][com.java.SeleniumDriver] [  907] - DataValue : Rated Loan Categories
[INFO ][2016-01-13 15:56:51,351][com.java.SeleniumDriver] [  913] - <In Set values of the page>
[INFO ][2016-01-13 15:56:51,351][com.java.SeleniumDriver] [  916] - {Data Fields & Data Values Exist}
[INFO ][2016-01-13 15:56:51,351][com.java.SeleniumDriver] [  918] - --------------------------setting values-----------------------------
[INFO ][2016-01-13 15:56:51,351][com.java.SeleniumDriver] [  921] - Action Type : VERIFY
[INFO ][2016-01-13 15:56:51,351][com.java.TestType] [ 7634] - field= XPH//span[contains(text(), 'Rated Loan Categories')] value= Rated Loan Categories
[INFO ][2016-01-13 15:56:51,351][com.java.TestType] [ 6136] - value = Rated Loan Categories
[INFO ][2016-01-13 15:56:51,452][com.java.SeleniumDriver] [  930] -  RESULT true
[INFO ][2016-01-13 15:56:51,452][com.java.SeleniumDriver] [ 1136] - ?   P A S S   ?
[INFO ][2016-01-13 15:56:51,452][com.java.SeleniumDriver] [  856] - ------------------------------------------
[INFO ][2016-01-13 15:56:51,452][com.java.SeleniumDriver] [  857] - Test case being Executed: 12
[INFO ][2016-01-13 15:56:51,452][com.java.SeleniumDriver] [  869] - Test step:37
[INFO ][2016-01-13 15:56:51,452][com.java.SeleniumDriver] [  881] - Datavalue is----------null
[DEBUG][2016-01-13 15:56:51,452][com.java.SeleniumDriver] [  899] - Exception: null
[INFO ][2016-01-13 15:56:51,452][com.java.SeleniumDriver] [  905] - DataField : BTNframeDialogContent
[INFO ][2016-01-13 15:56:51,452][com.java.SeleniumDriver] [  907] - DataValue : 
[INFO ][2016-01-13 15:56:51,452][com.java.SeleniumDriver] [  913] - <In Set values of the page>
[INFO ][2016-01-13 15:56:51,452][com.java.SeleniumDriver] [  916] - {Data Fields & Data Values Exist}
[INFO ][2016-01-13 15:56:51,452][com.java.SeleniumDriver] [  918] - --------------------------setting values-----------------------------
[INFO ][2016-01-13 15:56:51,452][com.java.SeleniumDriver] [  921] - Action Type : SELECTFRAME
[INFO ][2016-01-13 15:56:52,683][com.java.SeleniumDriver] [  930] -  RESULT true
[INFO ][2016-01-13 15:56:52,683][com.java.SeleniumDriver] [ 1136] - ?   P A S S   ?
[INFO ][2016-01-13 15:56:52,683][com.java.SeleniumDriver] [  856] - ------------------------------------------
[INFO ][2016-01-13 15:56:52,683][com.java.SeleniumDriver] [  857] - Test case being Executed: 12
[INFO ][2016-01-13 15:56:52,683][com.java.SeleniumDriver] [  869] - Test step:38
[INFO ][2016-01-13 15:56:52,683][com.java.SeleniumDriver] [  881] - Datavalue is----------Test
[INFO ][2016-01-13 15:56:52,683][com.java.SeleniumDriver] [  905] - DataField : MNC//table[@id="tblRatedLoans"]//input[@value='mytext']
[INFO ][2016-01-13 15:56:52,683][com.java.SeleniumDriver] [  907] - DataValue : Test
[INFO ][2016-01-13 15:56:52,683][com.java.SeleniumDriver] [  913] - <In Set values of the page>
[INFO ][2016-01-13 15:56:52,683][com.java.SeleniumDriver] [  916] - {Data Fields & Data Values Exist}
[INFO ][2016-01-13 15:56:52,683][com.java.SeleniumDriver] [  918] - --------------------------setting values-----------------------------
[INFO ][2016-01-13 15:56:52,683][com.java.SeleniumDriver] [  921] - Action Type : CLICK
[INFO ][2016-01-13 15:56:52,683][com.java.TestType] [ 6515] - Field ::MNC//table[@id="tblRatedLoans"]//input[@value='mytext']
[INFO ][2016-01-13 15:56:52,683][com.java.TestType] [ 6136] - value = Test
[INFO ][2016-01-13 15:56:53,824][com.java.SeleniumDriver] [  930] -  RESULT true
[INFO ][2016-01-13 15:56:53,824][com.java.SeleniumDriver] [ 1136] - ?   P A S S   ?
[INFO ][2016-01-13 15:56:53,824][com.java.SeleniumDriver] [  856] - ------------------------------------------
[INFO ][2016-01-13 15:56:53,824][com.java.SeleniumDriver] [  857] - Test case being Executed: 12
[INFO ][2016-01-13 15:56:53,824][com.java.SeleniumDriver] [  869] - Test step:39
[INFO ][2016-01-13 15:56:53,824][com.java.SeleniumDriver] [  881] - Datavalue is----------Test::Test1$%^2*
[INFO ][2016-01-13 15:56:53,824][com.java.SeleniumDriver] [  905] - DataField : CAR//table[@id="tblRatedLoans"]//input[@value='mytext']
[INFO ][2016-01-13 15:56:53,824][com.java.SeleniumDriver] [  907] - DataValue : Test::Test1$%^2*
[INFO ][2016-01-13 15:56:53,824][com.java.SeleniumDriver] [  913] - <In Set values of the page>
[INFO ][2016-01-13 15:56:53,824][com.java.SeleniumDriver] [  916] - {Data Fields & Data Values Exist}
[INFO ][2016-01-13 15:56:53,824][com.java.SeleniumDriver] [  918] - --------------------------setting values-----------------------------
[INFO ][2016-01-13 15:56:53,824][com.java.SeleniumDriver] [  921] - Action Type : CLEARANDENTER
