[INFO ][2016-02-09 22:49:47,378][com.java.SeleniumDriver] [  213] - Execute Failed Casesfalse
[INFO ][2016-02-09 22:49:47,378][com.java.SeleniumDriver] [  214] - Browser: IE10
[INFO ][2016-02-09 22:49:47,378][com.java.SeleniumDriver] [  215] - [1, 8, 9]
[INFO ][2016-02-09 22:49:47,378][com.java.SeleniumDriver] [  216] - Total TestCases:3
[INFO ][2016-02-09 22:49:47,378][com.java.SeleniumDriver] [  217] -  Reading Properties from Property File 
[DEBUG][2016-02-09 22:49:47,379][com.java.SeleniumDriver] [  238] - url : https://clients-xuat.bankersdashboard.com
[INFO ][2016-02-09 22:49:47,380][com.java.ImportnExport.ExportTestResultsExcel] [  116] - Time Stamp Tue Feb 09 10:49:47 IST 2016
[INFO ][2016-02-09 22:49:47,380][com.java.ImportnExport.ExportTestResultsExcel] [  175] - OUT FILE : D:\BankersDashboard/TestReports/Test Results_BankersDashBoard_020916_224947_IE10_Any Bank USA.xls
[INFO ][2016-02-09 22:49:47,419][com.java.ImportnExport.ExportTestResultsExcel] [  180] - Test Result file is created
[DEBUG][2016-02-09 22:49:47,507][com.java.SeleniumDriver] [  426] - Hub ip address is-------172.17.68.34
[INFO ][2016-02-09 22:49:47,508][com.java.SeleniumDriver] [  452] - Grid URL:http://172.17.68.34:4444/wd/hub
[INFO ][2016-02-09 22:49:47,508][com.java.SeleniumDriver] [  453] - Capability:Capabilities [{platform=ANY, ensureCleanSession=true, ignoreProtectedModeSettings=true, acceptSslCerts=true, ignoreZoomSetting=true, browserName=internet explorer, browserstack.ie.noFlash=true, version=null}]
[ERROR][2016-02-09 22:49:48,849][com.java.SeleniumDriver] [  498] - Unable invoke browser in grid:Could not start a new session. Possible causes are invalid address of the remote server or browser start-up failure.
Build info: version: '2.48.2', revision: '41bccdd', time: '2015-10-09 19:59:12'
System info: host: 'FVTIII438F1D', ip: '172.17.68.34', os.name: 'Windows 7', os.arch: 'x86', os.version: '6.1', java.version: '1.7.0_55'
Driver info: driver.version: SeleniumDriver
[INFO ][2016-02-09 22:49:48,850][com.java.SeleniumDriver] [  500] - Executing on local machine
[INFO ][2016-02-09 22:49:59,341][com.java.SeleniumDriver] [  248] - IE10is opened
[INFO ][2016-02-09 22:50:00,193][com.java.SeleniumDriver] [  756] - Test cases to be executed are: [1, 8, 9]
[INFO ][2016-02-09 22:50:00,222][com.java.ImportnExport.ImportTestDataDetailsExcel] [   49] - test data details path===== D:\BankersDashboard\TestInputs\TestData.xls
[INFO ][2016-02-09 22:50:00,300][com.java.SeleniumDriver] [  856] - ------------------------------------------
[INFO ][2016-02-09 22:50:00,300][com.java.SeleniumDriver] [  857] - Test case being Executed: 1
[INFO ][2016-02-09 22:50:00,300][com.java.SeleniumDriver] [  869] - Test step:1
[INFO ][2016-02-09 22:50:00,300][com.java.SeleniumDriver] [  881] - Datavalue is----------Concept#1:1-16
[INFO ][2016-02-09 22:50:00,301][com.java.SeleniumDriver] [  905] - DataField : test
[INFO ][2016-02-09 22:50:00,301][com.java.SeleniumDriver] [  907] - DataValue : Concept#1:1-16
[INFO ][2016-02-09 22:50:00,301][com.java.SeleniumDriver] [  913] - <In Set values of the page>
[INFO ][2016-02-09 22:50:00,301][com.java.SeleniumDriver] [  916] - {Data Fields & Data Values Exist}
[INFO ][2016-02-09 22:50:00,301][com.java.SeleniumDriver] [  918] - --------------------------setting values-----------------------------
[INFO ][2016-02-09 22:50:00,301][com.java.SeleniumDriver] [  921] - Action Type : ExecuteTestCase
[INFO ][2016-02-09 22:50:00,322][com.java.TestType] [  448] - The Concept sheet name is ---------- Concept
[INFO ][2016-02-09 22:50:00,322][com.java.TestType] [  451] - The Concept ID  is ---------- 1
[DEBUG][2016-02-09 22:50:00,322][com.java.TestType] [  455] - Steps being executted in the Concept are: 1:16
[INFO ][2016-02-09 22:50:00,322][com.java.TestType] [  462] - Test data details path ---------- D:\BankersDashboard\TestInputs\TestData.xls
[INFO ][2016-02-09 22:50:00,346][com.java.TestType] [  493] -  str(1) = 1
[INFO ][2016-02-09 22:50:00,346][com.java.TestType] [  496] - Test case Id is---1
[INFO ][2016-02-09 22:50:00,346][com.java.TestType] [  498] - 1
[INFO ][2016-02-09 22:50:00,346][com.java.TestType] [  493] -  str(2) = 1
[INFO ][2016-02-09 22:50:00,348][com.java.TestType] [  493] -  str(1) = 1
[INFO ][2016-02-09 22:50:00,349][com.java.TestType] [  496] - Test case Id is---1
[INFO ][2016-02-09 22:50:00,349][com.java.TestType] [  498] - 1
[INFO ][2016-02-09 22:50:00,349][com.java.TestType] [  493] -  str(2) = 2
[INFO ][2016-02-09 22:50:00,350][com.java.TestType] [  493] -  str(1) = 1
[INFO ][2016-02-09 22:50:00,350][com.java.TestType] [  496] - Test case Id is---1
[INFO ][2016-02-09 22:50:00,350][com.java.TestType] [  498] - 1
[INFO ][2016-02-09 22:50:00,350][com.java.TestType] [  493] -  str(2) = 3
[INFO ][2016-02-09 22:50:00,352][com.java.TestType] [  493] -  str(1) = 1
[INFO ][2016-02-09 22:50:00,352][com.java.TestType] [  496] - Test case Id is---1
[INFO ][2016-02-09 22:50:00,352][com.java.TestType] [  498] - 1
[INFO ][2016-02-09 22:50:00,352][com.java.TestType] [  493] -  str(2) = 4
[INFO ][2016-02-09 22:50:00,354][com.java.TestType] [  493] -  str(1) = 1
[INFO ][2016-02-09 22:50:00,354][com.java.TestType] [  496] - Test case Id is---1
[INFO ][2016-02-09 22:50:00,354][com.java.TestType] [  498] - 1
[INFO ][2016-02-09 22:50:00,354][com.java.TestType] [  493] -  str(2) = 5
[INFO ][2016-02-09 22:50:00,357][com.java.TestType] [  493] -  str(1) = 1
[INFO ][2016-02-09 22:50:00,357][com.java.TestType] [  496] - Test case Id is---1
[INFO ][2016-02-09 22:50:00,357][com.java.TestType] [  498] - 1
[INFO ][2016-02-09 22:50:00,357][com.java.TestType] [  493] -  str(2) = 6
[INFO ][2016-02-09 22:50:00,359][com.java.TestType] [  493] -  str(1) = 1
[INFO ][2016-02-09 22:50:00,359][com.java.TestType] [  496] - Test case Id is---1
[INFO ][2016-02-09 22:50:00,359][com.java.TestType] [  498] - 1
[INFO ][2016-02-09 22:50:00,360][com.java.TestType] [  493] -  str(2) = 7
[INFO ][2016-02-09 22:50:00,360][com.java.TestType] [  493] -  str(1) = 1
[INFO ][2016-02-09 22:50:00,360][com.java.TestType] [  496] - Test case Id is---1
[INFO ][2016-02-09 22:50:00,361][com.java.TestType] [  498] - 1
[INFO ][2016-02-09 22:50:00,361][com.java.TestType] [  493] -  str(2) = 8
[INFO ][2016-02-09 22:50:00,361][com.java.TestType] [  493] -  str(1) = 1
[INFO ][2016-02-09 22:50:00,362][com.java.TestType] [  496] - Test case Id is---1
[INFO ][2016-02-09 22:50:00,362][com.java.TestType] [  498] - 1
[INFO ][2016-02-09 22:50:00,362][com.java.TestType] [  493] -  str(2) = 9
[INFO ][2016-02-09 22:50:00,363][com.java.TestType] [  493] -  str(1) = 1
[INFO ][2016-02-09 22:50:00,363][com.java.TestType] [  496] - Test case Id is---1
[INFO ][2016-02-09 22:50:00,363][com.java.TestType] [  498] - 1
[INFO ][2016-02-09 22:50:00,363][com.java.TestType] [  493] -  str(2) = 10
[INFO ][2016-02-09 22:50:00,364][com.java.TestType] [  493] -  str(1) = 1
[INFO ][2016-02-09 22:50:00,364][com.java.TestType] [  496] - Test case Id is---1
[INFO ][2016-02-09 22:50:00,364][com.java.TestType] [  498] - 1
[INFO ][2016-02-09 22:50:00,364][com.java.TestType] [  493] -  str(2) = 11
[INFO ][2016-02-09 22:50:00,365][com.java.TestType] [  493] -  str(1) = 1
[INFO ][2016-02-09 22:50:00,365][com.java.TestType] [  496] - Test case Id is---1
[INFO ][2016-02-09 22:50:00,365][com.java.TestType] [  498] - 1
[INFO ][2016-02-09 22:50:00,365][com.java.TestType] [  493] -  str(2) = 12
[INFO ][2016-02-09 22:50:00,367][com.java.TestType] [  493] -  str(1) = 1
[INFO ][2016-02-09 22:50:00,367][com.java.TestType] [  496] - Test case Id is---1
[INFO ][2016-02-09 22:50:00,367][com.java.TestType] [  498] - 1
[INFO ][2016-02-09 22:50:00,367][com.java.TestType] [  493] -  str(2) = 13
[INFO ][2016-02-09 22:50:00,368][com.java.TestType] [  493] -  str(1) = 1
[INFO ][2016-02-09 22:50:00,368][com.java.TestType] [  496] - Test case Id is---1
[INFO ][2016-02-09 22:50:00,368][com.java.TestType] [  498] - 1
[INFO ][2016-02-09 22:50:00,368][com.java.TestType] [  493] -  str(2) = 14
[INFO ][2016-02-09 22:50:00,369][com.java.TestType] [  493] -  str(1) = 1
[INFO ][2016-02-09 22:50:00,369][com.java.TestType] [  496] - Test case Id is---1
[INFO ][2016-02-09 22:50:00,369][com.java.TestType] [  498] - 1
[INFO ][2016-02-09 22:50:00,369][com.java.TestType] [  493] -  str(2) = 15
[INFO ][2016-02-09 22:50:00,370][com.java.TestType] [  493] -  str(1) = 1
[INFO ][2016-02-09 22:50:00,370][com.java.TestType] [  496] - Test case Id is---1
[INFO ][2016-02-09 22:50:00,370][com.java.TestType] [  498] - 1
[INFO ][2016-02-09 22:50:00,370][com.java.TestType] [  493] -  str(2) = 16
[INFO ][2016-02-09 22:50:00,371][com.java.TestType] [12143] - Looping 1TCID = 1
[DEBUG][2016-02-09 22:50:00,371][com.java.TestType] [12184] - Concept ID:1 :: Step being Executed: 1::1
[INFO ][2016-02-09 22:50:00,371][com.java.TestType] [12222] - dataFields : TXTusername
[DEBUG][2016-02-09 22:50:00,371][com.java.TestType] [12228] - <In Set values of the page>
[DEBUG][2016-02-09 22:50:00,371][com.java.TestType] [12233] - {Data Fields & Data Values Exist}
[INFO ][2016-02-09 22:50:00,371][com.java.TestType] [12239] - --------------------------setting values-----------------------------
[INFO ][2016-02-09 22:50:00,372][com.java.TestType] [12242] - Action Type : CLEARANDENTER
[INFO ][2016-02-09 22:50:02,725][com.java.TestType] [ 6752] - value = naresh.nayini1.00000
[INFO ][2016-02-09 22:50:05,128][com.java.TestType] [12261] -  RESULT true
[INFO ][2016-02-09 22:50:05,128][com.java.TestType] [12378] - ?   P A S S   ?
[DEBUG][2016-02-09 22:50:05,129][com.java.TestType] [12184] - Concept ID:1 :: Step being Executed: 1::2
[INFO ][2016-02-09 22:50:05,129][com.java.TestType] [12222] - dataFields : TXTpassword
[DEBUG][2016-02-09 22:50:05,129][com.java.TestType] [12228] - <In Set values of the page>
[DEBUG][2016-02-09 22:50:05,129][com.java.TestType] [12233] - {Data Fields & Data Values Exist}
[INFO ][2016-02-09 22:50:05,129][com.java.TestType] [12239] - --------------------------setting values-----------------------------
[INFO ][2016-02-09 22:50:05,129][com.java.TestType] [12242] - Action Type : CLEARANDENTER
[INFO ][2016-02-09 22:50:07,390][com.java.TestType] [ 6752] - value = Password1*
[INFO ][2016-02-09 22:50:09,909][com.java.TestType] [12261] -  RESULT true
[INFO ][2016-02-09 22:50:09,909][com.java.TestType] [12378] - ?   P A S S   ?
[DEBUG][2016-02-09 22:50:09,909][com.java.TestType] [12184] - Concept ID:1 :: Step being Executed: 1::3
[ERROR][2016-02-09 22:50:09,909][com.java.TestType] [12217] - Exception: null
[INFO ][2016-02-09 22:50:09,910][com.java.TestType] [12222] - dataFields : XPH//button[@type='submit']
[DEBUG][2016-02-09 22:50:09,910][com.java.TestType] [12228] - <In Set values of the page>
[DEBUG][2016-02-09 22:50:09,910][com.java.TestType] [12233] - {Data Fields & Data Values Exist}
[INFO ][2016-02-09 22:50:09,910][com.java.TestType] [12239] - --------------------------setting values-----------------------------
[INFO ][2016-02-09 22:50:09,910][com.java.TestType] [12242] - Action Type : Click
[INFO ][2016-02-09 22:50:09,910][com.java.TestType] [ 7153] - Field ::XPH//button[@type='submit']
[INFO ][2016-02-09 22:50:09,910][com.java.TestType] [ 6752] - value = 
[INFO ][2016-02-09 22:50:10,910][com.java.TestType] [ 7330] - BEFORE CLICK
[INFO ][2016-02-09 22:50:11,750][com.java.TestType] [ 7338] - Unable to click the object Login
[INFO ][2016-02-09 22:50:11,750][com.java.TestType] [12261] -  RESULT true
[INFO ][2016-02-09 22:50:11,750][com.java.TestType] [12378] - ?   P A S S   ?
[DEBUG][2016-02-09 22:50:11,750][com.java.TestType] [12184] - Concept ID:1 :: Step being Executed: 1::4
[INFO ][2016-02-09 22:50:11,751][com.java.TestType] [12222] - dataFields : LNKLogout
[DEBUG][2016-02-09 22:50:11,751][com.java.TestType] [12228] - <In Set values of the page>
[DEBUG][2016-02-09 22:50:11,751][com.java.TestType] [12233] - {Data Fields & Data Values Exist}
[INFO ][2016-02-09 22:50:11,751][com.java.TestType] [12239] - --------------------------setting values-----------------------------
[INFO ][2016-02-09 22:50:11,751][com.java.TestType] [12242] - Action Type : WaitForElement
[INFO ][2016-02-09 22:50:15,309][com.java.TestType] [12261] -  RESULT true
[INFO ][2016-02-09 22:50:15,309][com.java.TestType] [12378] - ?   P A S S   ?
[DEBUG][2016-02-09 22:50:15,309][com.java.TestType] [12184] - Concept ID:1 :: Step being Executed: 1::15
[INFO ][2016-02-09 22:50:15,310][com.java.TestType] [12222] - dataFields : LNK
[DEBUG][2016-02-09 22:50:15,310][com.java.TestType] [12228] - <In Set values of the page>
[DEBUG][2016-02-09 22:50:15,310][com.java.TestType] [12233] - {Data Fields & Data Values Exist}
[INFO ][2016-02-09 22:50:15,310][com.java.TestType] [12239] - --------------------------setting values-----------------------------
[INFO ][2016-02-09 22:50:15,310][com.java.TestType] [12242] - Action Type : Verify
[INFO ][2016-02-09 22:50:15,310][com.java.TestType] [ 8386] - field= LNK value= Logout
[INFO ][2016-02-09 22:50:15,314][com.java.TestType] [ 6752] - value = Logout
[INFO ][2016-02-09 22:50:15,351][com.java.TestType] [12261] -  RESULT true
[INFO ][2016-02-09 22:50:15,352][com.java.TestType] [12378] - ?   P A S S   ?
[DEBUG][2016-02-09 22:50:15,352][com.java.TestType] [12184] - Concept ID:1 :: Step being Executed: 1::16
[INFO ][2016-02-09 22:50:15,352][com.java.TestType] [12222] - dataFields : BTN
[DEBUG][2016-02-09 22:50:15,352][com.java.TestType] [12228] - <In Set values of the page>
[DEBUG][2016-02-09 22:50:15,352][com.java.TestType] [12233] - {Data Fields & Data Values Exist}
[INFO ][2016-02-09 22:50:15,352][com.java.TestType] [12239] - --------------------------setting values-----------------------------
[INFO ][2016-02-09 22:50:15,353][com.java.TestType] [12242] - Action Type : Verify
[INFO ][2016-02-09 22:50:15,353][com.java.TestType] [ 8386] - field= BTN value= //img[contains(@src,'bdlogo.jpg')]
[INFO ][2016-02-09 22:50:15,353][com.java.TestType] [ 6752] - value = //img[contains(@src,'bdlogo.jpg')]
[INFO ][2016-02-09 22:50:15,424][com.java.TestType] [12261] -  RESULT true
[INFO ][2016-02-09 22:50:15,424][com.java.TestType] [12378] - ?   P A S S   ?
[INFO ][2016-02-09 22:50:15,424][com.java.TestType] [12449] - Looping End......
[INFO ][2016-02-09 22:50:15,426][com.java.SeleniumDriver] [  930] -  RESULT true
[INFO ][2016-02-09 22:50:15,426][com.java.SeleniumDriver] [ 1136] - ?   P A S S   ?
[INFO ][2016-02-09 22:50:15,426][com.java.SeleniumDriver] [  856] - ------------------------------------------
[INFO ][2016-02-09 22:50:15,426][com.java.SeleniumDriver] [  857] - Test case being Executed: 1
[INFO ][2016-02-09 22:50:15,426][com.java.SeleniumDriver] [  869] - Test step:2
[INFO ][2016-02-09 22:50:15,426][com.java.SeleniumDriver] [  881] - Datavalue is----------Concept#2:1-2
[INFO ][2016-02-09 22:50:15,426][com.java.SeleniumDriver] [  905] - DataField : test
[INFO ][2016-02-09 22:50:15,426][com.java.SeleniumDriver] [  907] - DataValue : Concept#2:1-2
[INFO ][2016-02-09 22:50:15,426][com.java.SeleniumDriver] [  913] - <In Set values of the page>
[INFO ][2016-02-09 22:50:15,426][com.java.SeleniumDriver] [  916] - {Data Fields & Data Values Exist}
[INFO ][2016-02-09 22:50:15,426][com.java.SeleniumDriver] [  918] - --------------------------setting values-----------------------------
[INFO ][2016-02-09 22:50:15,426][com.java.SeleniumDriver] [  921] - Action Type : ExecuteTestCase
[INFO ][2016-02-09 22:50:15,427][com.java.TestType] [  448] - The Concept sheet name is ---------- Concept
[INFO ][2016-02-09 22:50:15,427][com.java.TestType] [  451] - The Concept ID  is ---------- 2
[DEBUG][2016-02-09 22:50:15,427][com.java.TestType] [  455] - Steps being executted in the Concept are: 1:2
[INFO ][2016-02-09 22:50:15,427][com.java.TestType] [  462] - Test data details path ---------- D:\BankersDashboard\TestInputs\TestData.xls
[INFO ][2016-02-09 22:50:15,445][com.java.TestType] [  493] -  str(1) = 2
[INFO ][2016-02-09 22:50:15,445][com.java.TestType] [  496] - Test case Id is---2
[INFO ][2016-02-09 22:50:15,445][com.java.TestType] [  498] - 2
[INFO ][2016-02-09 22:50:15,446][com.java.TestType] [  493] -  str(2) = 1
[INFO ][2016-02-09 22:50:15,447][com.java.TestType] [  493] -  str(1) = 2
[INFO ][2016-02-09 22:50:15,447][com.java.TestType] [  496] - Test case Id is---2
[INFO ][2016-02-09 22:50:15,447][com.java.TestType] [  498] - 2
[INFO ][2016-02-09 22:50:15,448][com.java.TestType] [  493] -  str(2) = 2
[INFO ][2016-02-09 22:50:15,448][com.java.TestType] [  493] -  str(1) = 2
[INFO ][2016-02-09 22:50:15,448][com.java.TestType] [  496] - Test case Id is---2
[INFO ][2016-02-09 22:50:15,448][com.java.TestType] [  498] - 2
[INFO ][2016-02-09 22:50:15,448][com.java.TestType] [  493] -  str(2) = 3
[INFO ][2016-02-09 22:50:15,449][com.java.TestType] [12143] - Looping 1TCID = 2
[DEBUG][2016-02-09 22:50:15,449][com.java.TestType] [12184] - Concept ID:2 :: Step being Executed: 2::1
[INFO ][2016-02-09 22:50:15,449][com.java.TestType] [12222] - dataFields : BNK//select[@id='bank']
[DEBUG][2016-02-09 22:50:15,449][com.java.TestType] [12228] - <In Set values of the page>
[DEBUG][2016-02-09 22:50:15,449][com.java.TestType] [12233] - {Data Fields & Data Values Exist}
[INFO ][2016-02-09 22:50:15,449][com.java.TestType] [12239] - --------------------------setting values-----------------------------
[INFO ][2016-02-09 22:50:15,450][com.java.TestType] [12242] - Action Type : Select
[INFO ][2016-02-09 22:50:15,450][com.java.TestType] [ 6752] - value = PFC
[INFO ][2016-02-09 22:50:15,982][com.java.TestType] [12261] -  RESULT true
[INFO ][2016-02-09 22:50:15,982][com.java.TestType] [12378] - ?   P A S S   ?
[DEBUG][2016-02-09 22:50:15,982][com.java.TestType] [12184] - Concept ID:2 :: Step being Executed: 2::2
[INFO ][2016-02-09 22:50:15,982][com.java.TestType] [12222] - dataFields : LNKLogout
[DEBUG][2016-02-09 22:50:15,982][com.java.TestType] [12228] - <In Set values of the page>
[DEBUG][2016-02-09 22:50:15,982][com.java.TestType] [12233] - {Data Fields & Data Values Exist}
[INFO ][2016-02-09 22:50:15,982][com.java.TestType] [12239] - --------------------------setting values-----------------------------
[INFO ][2016-02-09 22:50:15,982][com.java.TestType] [12242] - Action Type : WaitTime
[DEBUG][2016-02-09 22:50:15,983][com.java.TestType] [ 6561] - sleepTime: 5000
[INFO ][2016-02-09 22:50:20,983][com.java.TestType] [12261] -  RESULT true
[INFO ][2016-02-09 22:50:20,983][com.java.TestType] [12378] - ?   P A S S   ?
[INFO ][2016-02-09 22:50:20,983][com.java.TestType] [12449] - Looping End......
[INFO ][2016-02-09 22:50:20,984][com.java.SeleniumDriver] [  930] -  RESULT true
[INFO ][2016-02-09 22:50:20,984][com.java.SeleniumDriver] [ 1136] - ?   P A S S   ?
[INFO ][2016-02-09 22:50:20,985][com.java.SeleniumDriver] [  856] - ------------------------------------------
[INFO ][2016-02-09 22:50:20,985][com.java.SeleniumDriver] [  857] - Test case being Executed: 1
[INFO ][2016-02-09 22:50:20,985][com.java.SeleniumDriver] [  869] - Test step:3
[INFO ][2016-02-09 22:50:20,985][com.java.SeleniumDriver] [  881] - Datavalue is----------2
[INFO ][2016-02-09 22:50:20,985][com.java.SeleniumDriver] [  905] - DataField : XPH//button[contains(text(),'Add Content')]
[INFO ][2016-02-09 22:50:20,985][com.java.SeleniumDriver] [  907] - DataValue : 2
[INFO ][2016-02-09 22:50:20,985][com.java.SeleniumDriver] [  913] - <In Set values of the page>
[INFO ][2016-02-09 22:50:20,985][com.java.SeleniumDriver] [  916] - {Data Fields & Data Values Exist}
[INFO ][2016-02-09 22:50:20,985][com.java.SeleniumDriver] [  918] - --------------------------setting values-----------------------------
[INFO ][2016-02-09 22:50:20,985][com.java.SeleniumDriver] [  921] - Action Type : WAITFORELEMENT
[INFO ][2016-02-09 22:50:21,332][com.java.SeleniumDriver] [  930] -  RESULT true
[INFO ][2016-02-09 22:50:21,332][com.java.SeleniumDriver] [ 1136] - ?   P A S S   ?
[DEBUG][2016-02-09 22:50:21,332][com.java.SeleniumDriver] [ 1248] - Case found
[DEBUG][2016-02-09 22:50:21,332][com.java.SeleniumDriver] [ 1253] - Incrementing ReportCounters[0]:1
[INFO ][2016-02-09 22:50:21,332][com.java.SeleniumDriver] [ 1272] - The results are-------------------[1, 1, Valid Login, Pass, , Tue Feb 09 22:50:15 IST 2016, 1, 2, Valid Login, Pass, , Tue Feb 09 22:50:20 IST 2016, 1, 3, Valid Login, Pass, , Tue Feb 09 22:50:21 IST 2016]
[INFO ][2016-02-09 22:50:21,333][com.java.SeleniumDriver] [ 1276] - End time is-------36 sec
[INFO ][2016-02-09 22:50:21,333][com.java.SeleniumDriver] [ 1277] - The results are-------------------[1, 1, Valid Login, Pass, , Tue Feb 09 22:50:15 IST 2016, 1, 2, Valid Login, Pass, , Tue Feb 09 22:50:20 IST 2016, 1, 3, Valid Login, Pass, , Tue Feb 09 22:50:21 IST 2016]
[DEBUG][2016-02-09 22:50:21,333][com.java.ImportnExport.ExportTestResultsExcel] [  222] - testResultPath = D:\BankersDashboard/TestReports/Test Results_BankersDashBoard_020916_224947_IE10_Any Bank USA.xls
[DEBUG][2016-02-09 22:50:21,333][com.java.ImportnExport.ExportTestResultsExcel] [  223] - browser is------------IE10
[DEBUG][2016-02-09 22:50:21,377][com.java.ImportnExport.ExportTestResultsExcel] [  270] - result.size() = 18
[DEBUG][2016-02-09 22:50:21,377][com.java.ImportnExport.ExportTestResultsExcel] [  274] - No of rows in sheet=1
[DEBUG][2016-02-09 22:50:21,378][com.java.ImportnExport.ExportTestResultsExcel] [  301] - ..in export..1
[DEBUG][2016-02-09 22:50:21,378][com.java.ImportnExport.ExportTestResultsExcel] [  301] - ..in export..Valid Login
[DEBUG][2016-02-09 22:50:21,378][com.java.ImportnExport.ExportTestResultsExcel] [  301] - ..in export..Pass
[DEBUG][2016-02-09 22:50:21,378][com.java.ImportnExport.ExportTestResultsExcel] [  301] - ..in export..
[DEBUG][2016-02-09 22:50:21,378][com.java.ImportnExport.ExportTestResultsExcel] [  301] - ..in export..Tue Feb 09 22:50:15 IST 2016
[INFO ][2016-02-09 22:50:21,380][com.java.SeleniumDriver] [ 1337] - out loop:0 size:3 TestCases:[1, 8, 9] testcases:[1, 8, 9]
[INFO ][2016-02-09 22:50:21,380][com.java.ImportnExport.ImportTestDataDetailsExcel] [   49] - test data details path===== D:\BankersDashboard\TestInputs\TestData.xls
[INFO ][2016-02-09 22:50:38,034][com.java.SeleniumDriver] [  856] - ------------------------------------------
[INFO ][2016-02-09 22:50:38,034][com.java.SeleniumDriver] [  857] - Test case being Executed: 8
[INFO ][2016-02-09 22:50:38,034][com.java.SeleniumDriver] [  869] - Test step:1
[INFO ][2016-02-09 22:50:38,034][com.java.SeleniumDriver] [  881] - Datavalue is----------Logout
[INFO ][2016-02-09 22:50:38,034][com.java.SeleniumDriver] [  905] - DataField : BTN
[INFO ][2016-02-09 22:50:38,034][com.java.SeleniumDriver] [  907] - DataValue : Logout
[INFO ][2016-02-09 22:50:38,034][com.java.SeleniumDriver] [  913] - <In Set values of the page>
[INFO ][2016-02-09 22:50:38,034][com.java.SeleniumDriver] [  916] - {Data Fields & Data Values Exist}
[INFO ][2016-02-09 22:50:38,034][com.java.SeleniumDriver] [  918] - --------------------------setting values-----------------------------
[INFO ][2016-02-09 22:50:38,034][com.java.SeleniumDriver] [  921] - Action Type : Verify
[INFO ][2016-02-09 22:50:38,034][com.java.TestType] [ 8386] - field= BTN value= Logout
[INFO ][2016-02-09 22:50:38,034][com.java.TestType] [ 6752] - value = Logout
[INFO ][2016-02-09 22:50:38,677][com.java.SeleniumDriver] [  930] -  RESULT true
[INFO ][2016-02-09 22:50:38,677][com.java.SeleniumDriver] [ 1136] - ?   P A S S   ?
[INFO ][2016-02-09 22:50:38,677][com.java.SeleniumDriver] [ 1178] - step change to 3
[INFO ][2016-02-09 22:50:38,677][com.java.SeleniumDriver] [  856] - ------------------------------------------
[INFO ][2016-02-09 22:50:38,677][com.java.SeleniumDriver] [  857] - Test case being Executed: 8
[INFO ][2016-02-09 22:50:38,677][com.java.SeleniumDriver] [  869] - Test step:3
[INFO ][2016-02-09 22:50:38,677][com.java.SeleniumDriver] [  881] - Datavalue is----------Concept#2:1-3
[INFO ][2016-02-09 22:50:38,677][com.java.SeleniumDriver] [  905] - DataField : test
[INFO ][2016-02-09 22:50:38,678][com.java.SeleniumDriver] [  907] - DataValue : Concept#2:1-3
[INFO ][2016-02-09 22:50:38,678][com.java.SeleniumDriver] [  913] - <In Set values of the page>
[INFO ][2016-02-09 22:50:38,678][com.java.SeleniumDriver] [  916] - {Data Fields & Data Values Exist}
[INFO ][2016-02-09 22:50:38,678][com.java.SeleniumDriver] [  918] - --------------------------setting values-----------------------------
[INFO ][2016-02-09 22:50:38,678][com.java.SeleniumDriver] [  921] - Action Type : ExecuteTestCase
[INFO ][2016-02-09 22:50:38,678][com.java.TestType] [  448] - The Concept sheet name is ---------- Concept
[INFO ][2016-02-09 22:50:38,678][com.java.TestType] [  451] - The Concept ID  is ---------- 2
[DEBUG][2016-02-09 22:50:38,678][com.java.TestType] [  455] - Steps being executted in the Concept are: 1:3
[INFO ][2016-02-09 22:50:38,678][com.java.TestType] [  462] - Test data details path ---------- D:\BankersDashboard\TestInputs\TestData.xls
[INFO ][2016-02-09 22:50:38,695][com.java.TestType] [  493] -  str(1) = 2
[INFO ][2016-02-09 22:50:38,695][com.java.TestType] [  496] - Test case Id is---2
[INFO ][2016-02-09 22:50:38,695][com.java.TestType] [  498] - 2
[INFO ][2016-02-09 22:50:38,695][com.java.TestType] [  493] -  str(2) = 1
[INFO ][2016-02-09 22:50:38,697][com.java.TestType] [  493] -  str(1) = 2
[INFO ][2016-02-09 22:50:38,697][com.java.TestType] [  496] - Test case Id is---2
[INFO ][2016-02-09 22:50:38,697][com.java.TestType] [  498] - 2
[INFO ][2016-02-09 22:50:38,697][com.java.TestType] [  493] -  str(2) = 2
[INFO ][2016-02-09 22:50:38,698][com.java.TestType] [  493] -  str(1) = 2
[INFO ][2016-02-09 22:50:38,698][com.java.TestType] [  496] - Test case Id is---2
[INFO ][2016-02-09 22:50:38,698][com.java.TestType] [  498] - 2
[INFO ][2016-02-09 22:50:38,698][com.java.TestType] [  493] -  str(2) = 3
[INFO ][2016-02-09 22:50:38,699][com.java.TestType] [12143] - Looping 1TCID = 2
[DEBUG][2016-02-09 22:50:38,699][com.java.TestType] [12184] - Concept ID:2 :: Step being Executed: 2::1
[INFO ][2016-02-09 22:50:38,699][com.java.TestType] [12222] - dataFields : BNK//select[@id='bank']
[DEBUG][2016-02-09 22:50:38,699][com.java.TestType] [12228] - <In Set values of the page>
[DEBUG][2016-02-09 22:50:38,699][com.java.TestType] [12233] - {Data Fields & Data Values Exist}
[INFO ][2016-02-09 22:50:38,700][com.java.TestType] [12239] - --------------------------setting values-----------------------------
[INFO ][2016-02-09 22:50:38,700][com.java.TestType] [12242] - Action Type : Select
[INFO ][2016-02-09 22:50:38,700][com.java.TestType] [ 6752] - value = PFC
[INFO ][2016-02-09 22:50:40,570][com.java.TestType] [12261] -  RESULT true
[INFO ][2016-02-09 22:50:40,570][com.java.TestType] [12378] - ?   P A S S   ?
[DEBUG][2016-02-09 22:50:40,570][com.java.TestType] [12184] - Concept ID:2 :: Step being Executed: 2::2
[INFO ][2016-02-09 22:50:40,570][com.java.TestType] [12222] - dataFields : LNKLogout
[DEBUG][2016-02-09 22:50:40,571][com.java.TestType] [12228] - <In Set values of the page>
[DEBUG][2016-02-09 22:50:40,571][com.java.TestType] [12233] - {Data Fields & Data Values Exist}
[INFO ][2016-02-09 22:50:40,571][com.java.TestType] [12239] - --------------------------setting values-----------------------------
[INFO ][2016-02-09 22:50:40,571][com.java.TestType] [12242] - Action Type : WaitTime
[DEBUG][2016-02-09 22:50:40,571][com.java.TestType] [ 6561] - sleepTime: 5000
[INFO ][2016-02-09 22:50:45,571][com.java.TestType] [12261] -  RESULT true
[INFO ][2016-02-09 22:50:45,571][com.java.TestType] [12378] - ?   P A S S   ?
[DEBUG][2016-02-09 22:50:45,571][com.java.TestType] [12184] - Concept ID:2 :: Step being Executed: 2::3
[INFO ][2016-02-09 22:50:45,571][com.java.TestType] [12222] - dataFields : LNKLogout
[DEBUG][2016-02-09 22:50:45,571][com.java.TestType] [12228] - <In Set values of the page>
[DEBUG][2016-02-09 22:50:45,571][com.java.TestType] [12233] - {Data Fields & Data Values Exist}
[INFO ][2016-02-09 22:50:45,571][com.java.TestType] [12239] - --------------------------setting values-----------------------------
[INFO ][2016-02-09 22:50:45,571][com.java.TestType] [12242] - Action Type : WaitForElement
[INFO ][2016-02-09 22:50:45,887][com.java.TestType] [12261] -  RESULT true
[INFO ][2016-02-09 22:50:45,887][com.java.TestType] [12378] - ?   P A S S   ?
[INFO ][2016-02-09 22:50:45,887][com.java.TestType] [12449] - Looping End......
[INFO ][2016-02-09 22:50:45,889][com.java.SeleniumDriver] [  930] -  RESULT true
[INFO ][2016-02-09 22:50:45,889][com.java.SeleniumDriver] [ 1136] - ?   P A S S   ?
[INFO ][2016-02-09 22:50:45,889][com.java.SeleniumDriver] [  856] - ------------------------------------------
[INFO ][2016-02-09 22:50:45,889][com.java.SeleniumDriver] [  857] - Test case being Executed: 8
[INFO ][2016-02-09 22:50:45,889][com.java.SeleniumDriver] [  869] - Test step:4
[INFO ][2016-02-09 22:50:45,889][com.java.SeleniumDriver] [  881] - Datavalue is----------Concept#12:1-11
[INFO ][2016-02-09 22:50:45,889][com.java.SeleniumDriver] [  905] - DataField : test
[INFO ][2016-02-09 22:50:45,889][com.java.SeleniumDriver] [  907] - DataValue : Concept#12:1-11
[INFO ][2016-02-09 22:50:45,889][com.java.SeleniumDriver] [  913] - <In Set values of the page>
[INFO ][2016-02-09 22:50:45,889][com.java.SeleniumDriver] [  916] - {Data Fields & Data Values Exist}
[INFO ][2016-02-09 22:50:45,889][com.java.SeleniumDriver] [  918] - --------------------------setting values-----------------------------
[INFO ][2016-02-09 22:50:45,889][com.java.SeleniumDriver] [  921] - Action Type : ExecuteTestCase
[INFO ][2016-02-09 22:50:45,890][com.java.TestType] [  448] - The Concept sheet name is ---------- Concept
[INFO ][2016-02-09 22:50:45,890][com.java.TestType] [  451] - The Concept ID  is ---------- 12
[DEBUG][2016-02-09 22:50:45,890][com.java.TestType] [  455] - Steps being executted in the Concept are: 1:11
[INFO ][2016-02-09 22:50:45,890][com.java.TestType] [  462] - Test data details path ---------- D:\BankersDashboard\TestInputs\TestData.xls
[INFO ][2016-02-09 22:50:45,910][com.java.TestType] [  493] -  str(1) = 12
[INFO ][2016-02-09 22:50:45,910][com.java.TestType] [  496] - Test case Id is---12
[INFO ][2016-02-09 22:50:45,910][com.java.TestType] [  498] - 12
[INFO ][2016-02-09 22:50:45,910][com.java.TestType] [  493] -  str(2) = 1
[INFO ][2016-02-09 22:50:45,911][com.java.TestType] [  493] -  str(1) = 12
[INFO ][2016-02-09 22:50:45,911][com.java.TestType] [  496] - Test case Id is---12
[INFO ][2016-02-09 22:50:45,911][com.java.TestType] [  498] - 12
[INFO ][2016-02-09 22:50:45,912][com.java.TestType] [  493] -  str(2) = 2
[INFO ][2016-02-09 22:50:45,913][com.java.TestType] [  493] -  str(1) = 12
[INFO ][2016-02-09 22:50:45,913][com.java.TestType] [  496] - Test case Id is---12
[INFO ][2016-02-09 22:50:45,913][com.java.TestType] [  498] - 12
[INFO ][2016-02-09 22:50:45,913][com.java.TestType] [  493] -  str(2) = 3
[INFO ][2016-02-09 22:50:45,913][com.java.TestType] [  493] -  str(1) = 12
[INFO ][2016-02-09 22:50:45,913][com.java.TestType] [  496] - Test case Id is---12
[INFO ][2016-02-09 22:50:45,913][com.java.TestType] [  498] - 12
[INFO ][2016-02-09 22:50:45,914][com.java.TestType] [  493] -  str(2) = 4
[INFO ][2016-02-09 22:50:45,914][com.java.TestType] [  493] -  str(1) = 12
[INFO ][2016-02-09 22:50:45,914][com.java.TestType] [  496] - Test case Id is---12
[INFO ][2016-02-09 22:50:45,914][com.java.TestType] [  498] - 12
[INFO ][2016-02-09 22:50:45,914][com.java.TestType] [  493] -  str(2) = 5
[INFO ][2016-02-09 22:50:45,915][com.java.TestType] [  493] -  str(1) = 12
[INFO ][2016-02-09 22:50:45,915][com.java.TestType] [  496] - Test case Id is---12
[INFO ][2016-02-09 22:50:45,915][com.java.TestType] [  498] - 12
[INFO ][2016-02-09 22:50:45,915][com.java.TestType] [  493] -  str(2) = 6
[INFO ][2016-02-09 22:50:45,916][com.java.TestType] [  493] -  str(1) = 12
[INFO ][2016-02-09 22:50:45,916][com.java.TestType] [  496] - Test case Id is---12
[INFO ][2016-02-09 22:50:45,916][com.java.TestType] [  498] - 12
[INFO ][2016-02-09 22:50:45,916][com.java.TestType] [  493] -  str(2) = 7
[INFO ][2016-02-09 22:50:45,917][com.java.TestType] [  493] -  str(1) = 12
[INFO ][2016-02-09 22:50:45,917][com.java.TestType] [  496] - Test case Id is---12
[INFO ][2016-02-09 22:50:45,917][com.java.TestType] [  498] - 12
[INFO ][2016-02-09 22:50:45,917][com.java.TestType] [  493] -  str(2) = 8
[INFO ][2016-02-09 22:50:45,917][com.java.TestType] [  493] -  str(1) = 12
[INFO ][2016-02-09 22:50:45,918][com.java.TestType] [  496] - Test case Id is---12
[INFO ][2016-02-09 22:50:45,918][com.java.TestType] [  498] - 12
[INFO ][2016-02-09 22:50:45,918][com.java.TestType] [  493] -  str(2) = 9
[INFO ][2016-02-09 22:50:45,918][com.java.TestType] [  493] -  str(1) = 12
[INFO ][2016-02-09 22:50:45,918][com.java.TestType] [  496] - Test case Id is---12
[INFO ][2016-02-09 22:50:45,918][com.java.TestType] [  498] - 12
[INFO ][2016-02-09 22:50:45,918][com.java.TestType] [  493] -  str(2) = 10
[INFO ][2016-02-09 22:50:45,919][com.java.TestType] [  493] -  str(1) = 12
[INFO ][2016-02-09 22:50:45,919][com.java.TestType] [  496] - Test case Id is---12
[INFO ][2016-02-09 22:50:45,919][com.java.TestType] [  498] - 12
[INFO ][2016-02-09 22:50:45,919][com.java.TestType] [  493] -  str(2) = 11
[INFO ][2016-02-09 22:50:45,921][com.java.TestType] [12143] - Looping 1TCID = 12
[DEBUG][2016-02-09 22:50:45,921][com.java.TestType] [12184] - Concept ID:12 :: Step being Executed: 12::1
[ERROR][2016-02-09 22:50:45,921][com.java.TestType] [12217] - Exception: null
[INFO ][2016-02-09 22:50:45,921][com.java.TestType] [12222] - dataFields : BTNparent
[DEBUG][2016-02-09 22:50:45,921][com.java.TestType] [12228] - <In Set values of the page>
[DEBUG][2016-02-09 22:50:45,921][com.java.TestType] [12233] - {Data Fields & Data Values Exist}
[INFO ][2016-02-09 22:50:45,921][com.java.TestType] [12239] - --------------------------setting values-----------------------------
[INFO ][2016-02-09 22:50:45,921][com.java.TestType] [12242] - Action Type : SELECTFRAME
[INFO ][2016-02-09 22:50:45,937][com.java.TestType] [12261] -  RESULT true
[INFO ][2016-02-09 22:50:45,937][com.java.TestType] [12378] - ?   P A S S   ?
[DEBUG][2016-02-09 22:50:45,937][com.java.TestType] [12184] - Concept ID:12 :: Step being Executed: 12::2
[INFO ][2016-02-09 22:50:45,937][com.java.TestType] [12222] - dataFields : test
[DEBUG][2016-02-09 22:50:45,937][com.java.TestType] [12228] - <In Set values of the page>
[DEBUG][2016-02-09 22:50:45,937][com.java.TestType] [12233] - {Data Fields & Data Values Exist}
[INFO ][2016-02-09 22:50:45,937][com.java.TestType] [12239] - --------------------------setting values-----------------------------
[INFO ][2016-02-09 22:50:45,938][com.java.TestType] [12242] - Action Type : OPENURL
[INFO ][2016-02-09 22:50:45,938][com.java.TestType] [ 6752] - value = https://clients-xuat.bankersdashboard.com
[INFO ][2016-02-09 22:50:45,938][com.java.TestType] [  364] - Open URL : https://clients-xuat.bankersdashboard.com
[INFO ][2016-02-09 22:50:48,466][com.java.TestType] [12261] -  RESULT true
[INFO ][2016-02-09 22:50:48,466][com.java.TestType] [12378] - ?   P A S S   ?
[DEBUG][2016-02-09 22:50:48,466][com.java.TestType] [12184] - Concept ID:12 :: Step being Executed: 12::3
[ERROR][2016-02-09 22:50:48,467][com.java.TestType] [12217] - Exception: null
[INFO ][2016-02-09 22:50:48,467][com.java.TestType] [12222] - dataFields : //span[@class='icon-cog2']&&//a[@data-id="UserSettings"]
[DEBUG][2016-02-09 22:50:48,467][com.java.TestType] [12228] - <In Set values of the page>
[DEBUG][2016-02-09 22:50:48,467][com.java.TestType] [12233] - {Data Fields & Data Values Exist}
[INFO ][2016-02-09 22:50:48,467][com.java.TestType] [12239] - --------------------------setting values-----------------------------
[INFO ][2016-02-09 22:50:48,467][com.java.TestType] [12242] - Action Type : MOUSEOVER
[INFO ][2016-02-09 22:51:32,169][com.java.TestType] [12261] -  RESULT true
[INFO ][2016-02-09 22:51:32,169][com.java.TestType] [12378] - ?   P A S S   ?
[DEBUG][2016-02-09 22:51:32,170][com.java.TestType] [12184] - Concept ID:12 :: Step being Executed: 12::4
[INFO ][2016-02-09 22:51:32,170][com.java.TestType] [12222] - dataFields : BTNframeDialogContent
[DEBUG][2016-02-09 22:51:32,170][com.java.TestType] [12228] - <In Set values of the page>
[DEBUG][2016-02-09 22:51:32,170][com.java.TestType] [12233] - {Data Fields & Data Values Exist}
[INFO ][2016-02-09 22:51:32,170][com.java.TestType] [12239] - --------------------------setting values-----------------------------
[INFO ][2016-02-09 22:51:32,170][com.java.TestType] [12242] - Action Type : WaitForElement
[INFO ][2016-02-09 22:51:33,386][com.java.TestType] [12261] -  RESULT true
[INFO ][2016-02-09 22:51:33,386][com.java.TestType] [12378] - ?   P A S S   ?
[DEBUG][2016-02-09 22:51:33,386][com.java.TestType] [12184] - Concept ID:12 :: Step being Executed: 12::5
[ERROR][2016-02-09 22:51:33,386][com.java.TestType] [12217] - Exception: null
[INFO ][2016-02-09 22:51:33,386][com.java.TestType] [12222] - dataFields : BTNframeDialogContent
[DEBUG][2016-02-09 22:51:33,386][com.java.TestType] [12228] - <In Set values of the page>
[DEBUG][2016-02-09 22:51:33,386][com.java.TestType] [12233] - {Data Fields & Data Values Exist}
[INFO ][2016-02-09 22:51:33,386][com.java.TestType] [12239] - --------------------------setting values-----------------------------
[INFO ][2016-02-09 22:51:33,386][com.java.TestType] [12242] - Action Type : SELECTFRAME
[INFO ][2016-02-09 22:51:34,634][com.java.TestType] [12261] -  RESULT true
[INFO ][2016-02-09 22:51:34,634][com.java.TestType] [12378] - ?   P A S S   ?
[DEBUG][2016-02-09 22:51:34,634][com.java.TestType] [12184] - Concept ID:12 :: Step being Executed: 12::6
[INFO ][2016-02-09 22:51:34,634][com.java.TestType] [12222] - dataFields : SLBddlRoundingValue
[DEBUG][2016-02-09 22:51:34,634][com.java.TestType] [12228] - <In Set values of the page>
[DEBUG][2016-02-09 22:51:34,634][com.java.TestType] [12233] - {Data Fields & Data Values Exist}
[INFO ][2016-02-09 22:51:34,634][com.java.TestType] [12239] - --------------------------setting values-----------------------------
[INFO ][2016-02-09 22:51:34,634][com.java.TestType] [12242] - Action Type : SELECT
[INFO ][2016-02-09 22:51:34,635][com.java.TestType] [ 6752] - value = 1
[INFO ][2016-02-09 22:51:36,908][com.java.TestType] [12261] -  RESULT true
[INFO ][2016-02-09 22:51:36,908][com.java.TestType] [12378] - ?   P A S S   ?
[DEBUG][2016-02-09 22:51:36,908][com.java.TestType] [12184] - Concept ID:12 :: Step being Executed: 12::7
[ERROR][2016-02-09 22:51:36,909][com.java.TestType] [12217] - Exception: null
[INFO ][2016-02-09 22:51:36,909][com.java.TestType] [12222] - dataFields : BTNparent
[DEBUG][2016-02-09 22:51:36,909][com.java.TestType] [12228] - <In Set values of the page>
[DEBUG][2016-02-09 22:51:36,909][com.java.TestType] [12233] - {Data Fields & Data Values Exist}
[INFO ][2016-02-09 22:51:36,909][com.java.TestType] [12239] - --------------------------setting values-----------------------------
[INFO ][2016-02-09 22:51:36,909][com.java.TestType] [12242] - Action Type : SELECTFRAME
[INFO ][2016-02-09 22:51:36,924][com.java.TestType] [12261] -  RESULT true
[INFO ][2016-02-09 22:51:36,924][com.java.TestType] [12378] - ?   P A S S   ?
[DEBUG][2016-02-09 22:51:36,924][com.java.TestType] [12184] - Concept ID:12 :: Step being Executed: 12::8
[ERROR][2016-02-09 22:51:36,924][com.java.TestType] [12217] - Exception: null
[INFO ][2016-02-09 22:51:36,924][com.java.TestType] [12222] - dataFields : BTN//span[text()='Finished']
[DEBUG][2016-02-09 22:51:36,924][com.java.TestType] [12228] - <In Set values of the page>
[DEBUG][2016-02-09 22:51:36,925][com.java.TestType] [12233] - {Data Fields & Data Values Exist}
[INFO ][2016-02-09 22:51:36,925][com.java.TestType] [12239] - --------------------------setting values-----------------------------
[INFO ][2016-02-09 22:51:36,925][com.java.TestType] [12242] - Action Type : Click
[INFO ][2016-02-09 22:51:36,925][com.java.TestType] [ 7153] - Field ::BTN//span[text()='Finished']
[INFO ][2016-02-09 22:51:36,926][com.java.TestType] [ 6752] - value = 
[INFO ][2016-02-09 22:51:37,926][com.java.TestType] [ 7309] - BEFORE CLICK
[INFO ][2016-02-09 22:51:38,305][com.java.TestType] [ 7316] - Unable to click the object Finished button
[INFO ][2016-02-09 22:51:38,305][com.java.TestType] [12261] -  RESULT true
[INFO ][2016-02-09 22:51:38,306][com.java.TestType] [12378] - ?   P A S S   ?
[DEBUG][2016-02-09 22:51:38,306][com.java.TestType] [12184] - Concept ID:12 :: Step being Executed: 12::9
[INFO ][2016-02-09 22:51:38,306][com.java.TestType] [12222] - dataFields : XPH//div[contains(text(), 'My Dashboard')]
[DEBUG][2016-02-09 22:51:38,306][com.java.TestType] [12228] - <In Set values of the page>
[DEBUG][2016-02-09 22:51:38,307][com.java.TestType] [12233] - {Data Fields & Data Values Exist}
[INFO ][2016-02-09 22:51:38,307][com.java.TestType] [12239] - --------------------------setting values-----------------------------
[INFO ][2016-02-09 22:51:38,307][com.java.TestType] [12242] - Action Type : WAITFORELEMENT
[INFO ][2016-02-09 22:51:38,483][com.java.TestType] [12261] -  RESULT true
[INFO ][2016-02-09 22:51:38,483][com.java.TestType] [12378] - ?   P A S S   ?
[DEBUG][2016-02-09 22:51:38,483][com.java.TestType] [12184] - Concept ID:12 :: Step being Executed: 12::10
[INFO ][2016-02-09 22:51:38,483][com.java.TestType] [12222] - dataFields : null
[DEBUG][2016-02-09 22:51:38,484][com.java.TestType] [12228] - <In Set values of the page>
[INFO ][2016-02-09 22:51:38,484][com.java.TestType] [12378] - ?   P A S S   ?
[DEBUG][2016-02-09 22:51:38,484][com.java.TestType] [12184] - Concept ID:12 :: Step being Executed: 12::11
[ERROR][2016-02-09 22:51:38,484][com.java.TestType] [12217] - Exception: null
[INFO ][2016-02-09 22:51:38,484][com.java.TestType] [12222] - dataFields : BTNcloseAllTabs
[DEBUG][2016-02-09 22:51:38,484][com.java.TestType] [12228] - <In Set values of the page>
[DEBUG][2016-02-09 22:51:38,484][com.java.TestType] [12233] - {Data Fields & Data Values Exist}
[INFO ][2016-02-09 22:51:38,484][com.java.TestType] [12239] - --------------------------setting values-----------------------------
[INFO ][2016-02-09 22:51:38,484][com.java.TestType] [12242] - Action Type : CLICK
[INFO ][2016-02-09 22:51:38,484][com.java.TestType] [ 7153] - Field ::BTNcloseAllTabs
[INFO ][2016-02-09 22:51:38,484][com.java.TestType] [ 6752] - value = 
[INFO ][2016-02-09 22:51:39,484][com.java.TestType] [ 7309] - BEFORE CLICK
[INFO ][2016-02-09 22:51:41,271][com.java.TestType] [ 7316] - Unable to click the object Close all tabs button
[INFO ][2016-02-09 22:51:41,271][com.java.TestType] [12261] -  RESULT true
[INFO ][2016-02-09 22:51:41,271][com.java.TestType] [12378] - ?   P A S S   ?
[INFO ][2016-02-09 22:51:41,271][com.java.TestType] [12449] - Looping End......
[INFO ][2016-02-09 22:51:41,273][com.java.SeleniumDriver] [  930] -  RESULT true
[INFO ][2016-02-09 22:51:41,273][com.java.SeleniumDriver] [ 1136] - ?   P A S S   ?
[INFO ][2016-02-09 22:51:41,273][com.java.SeleniumDriver] [  856] - ------------------------------------------
[INFO ][2016-02-09 22:51:41,273][com.java.SeleniumDriver] [  857] - Test case being Executed: 8
[INFO ][2016-02-09 22:51:41,273][com.java.SeleniumDriver] [  869] - Test step:5
[INFO ][2016-02-09 22:51:41,273][com.java.SeleniumDriver] [  881] - Datavalue is----------null
[DEBUG][2016-02-09 22:51:41,273][com.java.SeleniumDriver] [  899] - Exception: null
[INFO ][2016-02-09 22:51:41,273][com.java.SeleniumDriver] [  905] - DataField : //span[@class="icon-cog2"]&&//a[text()='Customize']&&//a[@data-id="TabletAlerts"]
[INFO ][2016-02-09 22:51:41,273][com.java.SeleniumDriver] [  907] - DataValue : 
[INFO ][2016-02-09 22:51:41,273][com.java.SeleniumDriver] [  913] - <In Set values of the page>
[INFO ][2016-02-09 22:51:41,274][com.java.SeleniumDriver] [  916] - {Data Fields & Data Values Exist}
[INFO ][2016-02-09 22:51:41,274][com.java.SeleniumDriver] [  918] - --------------------------setting values-----------------------------
[INFO ][2016-02-09 22:51:41,274][com.java.SeleniumDriver] [  921] - Action Type : MOUSEOVER
[INFO ][2016-02-09 22:52:29,359][com.java.SeleniumDriver] [  930] -  RESULT true
[INFO ][2016-02-09 22:52:29,360][com.java.SeleniumDriver] [ 1136] - ?   P A S S   ?
[INFO ][2016-02-09 22:52:29,360][com.java.SeleniumDriver] [  856] - ------------------------------------------
[INFO ][2016-02-09 22:52:29,360][com.java.SeleniumDriver] [  857] - Test case being Executed: 8
[INFO ][2016-02-09 22:52:29,360][com.java.SeleniumDriver] [  869] - Test step:6
[INFO ][2016-02-09 22:52:29,360][com.java.SeleniumDriver] [  881] - Datavalue is----------My Alerts
[INFO ][2016-02-09 22:52:29,360][com.java.SeleniumDriver] [  905] - DataField : XPH//span[@class='ui-dialog-title']
[INFO ][2016-02-09 22:52:29,360][com.java.SeleniumDriver] [  907] - DataValue : My Alerts
[INFO ][2016-02-09 22:52:29,360][com.java.SeleniumDriver] [  913] - <In Set values of the page>
[INFO ][2016-02-09 22:52:29,360][com.java.SeleniumDriver] [  916] - {Data Fields & Data Values Exist}
[INFO ][2016-02-09 22:52:29,360][com.java.SeleniumDriver] [  918] - --------------------------setting values-----------------------------
[INFO ][2016-02-09 22:52:29,360][com.java.SeleniumDriver] [  921] - Action Type : verify
[INFO ][2016-02-09 22:52:29,360][com.java.TestType] [ 8386] - field= XPH//span[@class='ui-dialog-title'] value= My Alerts
[INFO ][2016-02-09 22:52:29,360][com.java.TestType] [ 6752] - value = My Alerts
[INFO ][2016-02-09 22:52:29,486][com.java.SeleniumDriver] [  930] -  RESULT true
[INFO ][2016-02-09 22:52:29,486][com.java.SeleniumDriver] [ 1136] - ?   P A S S   ?
[INFO ][2016-02-09 22:52:29,486][com.java.SeleniumDriver] [  856] - ------------------------------------------
[INFO ][2016-02-09 22:52:29,486][com.java.SeleniumDriver] [  857] - Test case being Executed: 8
[INFO ][2016-02-09 22:52:29,486][com.java.SeleniumDriver] [  869] - Test step:7
[INFO ][2016-02-09 22:52:29,486][com.java.SeleniumDriver] [  881] - Datavalue is----------null
[DEBUG][2016-02-09 22:52:29,486][com.java.SeleniumDriver] [  899] - Exception: null
[INFO ][2016-02-09 22:52:29,487][com.java.SeleniumDriver] [  905] - DataField : BTNframeDialogContent
[INFO ][2016-02-09 22:52:29,487][com.java.SeleniumDriver] [  907] - DataValue : 
[INFO ][2016-02-09 22:52:29,487][com.java.SeleniumDriver] [  913] - <In Set values of the page>
[INFO ][2016-02-09 22:52:29,487][com.java.SeleniumDriver] [  916] - {Data Fields & Data Values Exist}
[INFO ][2016-02-09 22:52:29,487][com.java.SeleniumDriver] [  918] - --------------------------setting values-----------------------------
[INFO ][2016-02-09 22:52:29,487][com.java.SeleniumDriver] [  921] - Action Type : SELECTFRAME
[INFO ][2016-02-09 22:52:30,747][com.java.SeleniumDriver] [  930] -  RESULT true
[INFO ][2016-02-09 22:52:30,748][com.java.SeleniumDriver] [ 1136] - ?   P A S S   ?
[INFO ][2016-02-09 22:52:30,748][com.java.SeleniumDriver] [  856] - ------------------------------------------
[INFO ][2016-02-09 22:52:30,748][com.java.SeleniumDriver] [  857] - Test case being Executed: 8
[INFO ][2016-02-09 22:52:30,748][com.java.SeleniumDriver] [  869] - Test step:8
[INFO ][2016-02-09 22:52:30,748][com.java.SeleniumDriver] [  881] - Datavalue is----------null
[DEBUG][2016-02-09 22:52:30,748][com.java.SeleniumDriver] [  899] - Exception: null
[INFO ][2016-02-09 22:52:30,748][com.java.SeleniumDriver] [  905] - DataField : XPH//span[contains(text(),'Balance Sheet')]
[INFO ][2016-02-09 22:52:30,748][com.java.SeleniumDriver] [  907] - DataValue : 
[INFO ][2016-02-09 22:52:30,748][com.java.SeleniumDriver] [  913] - <In Set values of the page>
[INFO ][2016-02-09 22:52:30,748][com.java.SeleniumDriver] [  916] - {Data Fields & Data Values Exist}
[INFO ][2016-02-09 22:52:30,748][com.java.SeleniumDriver] [  918] - --------------------------setting values-----------------------------
[INFO ][2016-02-09 22:52:30,748][com.java.SeleniumDriver] [  921] - Action Type : CLICK
[INFO ][2016-02-09 22:52:30,748][com.java.TestType] [ 7153] - Field ::XPH//span[contains(text(),'Balance Sheet')]
[INFO ][2016-02-09 22:52:30,749][com.java.TestType] [ 6752] - value = 
[INFO ][2016-02-09 22:52:31,750][com.java.TestType] [ 7330] - BEFORE CLICK
[INFO ][2016-02-09 22:52:33,344][com.java.TestType] [ 7338] - Unable to click the object Balance Sheet
[INFO ][2016-02-09 22:52:33,344][com.java.SeleniumDriver] [  930] -  RESULT true
[INFO ][2016-02-09 22:52:33,344][com.java.SeleniumDriver] [ 1136] - ?   P A S S   ?
[INFO ][2016-02-09 22:52:33,344][com.java.SeleniumDriver] [  856] - ------------------------------------------
[INFO ][2016-02-09 22:52:33,344][com.java.SeleniumDriver] [  857] - Test case being Executed: 8
[INFO ][2016-02-09 22:52:33,344][com.java.SeleniumDriver] [  869] - Test step:9
[INFO ][2016-02-09 22:52:33,344][com.java.SeleniumDriver] [  881] - Datavalue is----------5
[INFO ][2016-02-09 22:52:33,344][com.java.SeleniumDriver] [  905] - DataField : test
[INFO ][2016-02-09 22:52:33,344][com.java.SeleniumDriver] [  907] - DataValue : 5
[INFO ][2016-02-09 22:52:33,344][com.java.SeleniumDriver] [  913] - <In Set values of the page>
[INFO ][2016-02-09 22:52:33,344][com.java.SeleniumDriver] [  916] - {Data Fields & Data Values Exist}
[INFO ][2016-02-09 22:52:33,344][com.java.SeleniumDriver] [  918] - --------------------------setting values-----------------------------
[INFO ][2016-02-09 22:52:33,344][com.java.SeleniumDriver] [  921] - Action Type : WAITTIME
[DEBUG][2016-02-09 22:52:33,345][com.java.TestType] [ 6561] - sleepTime: 5000
[INFO ][2016-02-09 22:52:38,345][com.java.SeleniumDriver] [  930] -  RESULT true
[INFO ][2016-02-09 22:52:38,345][com.java.SeleniumDriver] [ 1136] - ?   P A S S   ?
[INFO ][2016-02-09 22:52:38,345][com.java.SeleniumDriver] [  856] - ------------------------------------------
[INFO ][2016-02-09 22:52:38,345][com.java.SeleniumDriver] [  857] - Test case being Executed: 8
[INFO ][2016-02-09 22:52:38,345][com.java.SeleniumDriver] [  869] - Test step:10
[INFO ][2016-02-09 22:52:38,345][com.java.SeleniumDriver] [  881] - Datavalue is----------RMD0
[INFO ][2016-02-09 22:52:38,345][com.java.SeleniumDriver] [  905] - DataField : TXT//table[@id="BalSheetTbl"]/tbody//td[4]/input[@class="perVal"]
[INFO ][2016-02-09 22:52:38,345][com.java.SeleniumDriver] [  907] - DataValue : RMD0
[INFO ][2016-02-09 22:52:38,345][com.java.SeleniumDriver] [  913] - <In Set values of the page>
[INFO ][2016-02-09 22:52:38,345][com.java.SeleniumDriver] [  916] - {Data Fields & Data Values Exist}
[INFO ][2016-02-09 22:52:38,345][com.java.SeleniumDriver] [  918] - --------------------------setting values-----------------------------
[INFO ][2016-02-09 22:52:38,345][com.java.SeleniumDriver] [  921] - Action Type : CLEARANDENTER
[INFO ][2016-02-09 22:52:39,387][com.java.TestType] [ 6752] - value = 06
[INFO ][2016-02-09 22:52:43,854][com.java.SeleniumDriver] [  930] -  RESULT true
[INFO ][2016-02-09 22:52:43,854][com.java.SeleniumDriver] [ 1136] - ?   P A S S   ?
[INFO ][2016-02-09 22:52:43,854][com.java.SeleniumDriver] [  856] - ------------------------------------------
[INFO ][2016-02-09 22:52:43,854][com.java.SeleniumDriver] [  857] - Test case being Executed: 8
[INFO ][2016-02-09 22:52:43,854][com.java.SeleniumDriver] [  869] - Test step:11
[INFO ][2016-02-09 22:52:43,854][com.java.SeleniumDriver] [  881] - Datavalue is----------null
[DEBUG][2016-02-09 22:52:43,854][com.java.SeleniumDriver] [  899] - Exception: null
[INFO ][2016-02-09 22:52:43,854][com.java.SeleniumDriver] [  905] - DataField : BTNparent
[INFO ][2016-02-09 22:52:43,854][com.java.SeleniumDriver] [  907] - DataValue : 
[INFO ][2016-02-09 22:52:43,855][com.java.SeleniumDriver] [  913] - <In Set values of the page>
[INFO ][2016-02-09 22:52:43,855][com.java.SeleniumDriver] [  916] - {Data Fields & Data Values Exist}
[INFO ][2016-02-09 22:52:43,855][com.java.SeleniumDriver] [  918] - --------------------------setting values-----------------------------
[INFO ][2016-02-09 22:52:43,855][com.java.SeleniumDriver] [  921] - Action Type : SELECTFRAME
[INFO ][2016-02-09 22:52:43,919][com.java.SeleniumDriver] [  930] -  RESULT true
[INFO ][2016-02-09 22:52:43,919][com.java.SeleniumDriver] [ 1136] - ?   P A S S   ?
[INFO ][2016-02-09 22:52:43,919][com.java.SeleniumDriver] [  856] - ------------------------------------------
[INFO ][2016-02-09 22:52:43,919][com.java.SeleniumDriver] [  857] - Test case being Executed: 8
[INFO ][2016-02-09 22:52:43,919][com.java.SeleniumDriver] [  869] - Test step:12
[INFO ][2016-02-09 22:52:43,919][com.java.SeleniumDriver] [  881] - Datavalue is----------null
[DEBUG][2016-02-09 22:52:43,919][com.java.SeleniumDriver] [  899] - Exception: null
[INFO ][2016-02-09 22:52:43,919][com.java.SeleniumDriver] [  905] - DataField : HDN//span[contains(text(),'Save')]
[INFO ][2016-02-09 22:52:43,919][com.java.SeleniumDriver] [  907] - DataValue : 
[INFO ][2016-02-09 22:52:43,919][com.java.SeleniumDriver] [  913] - <In Set values of the page>
[INFO ][2016-02-09 22:52:43,920][com.java.SeleniumDriver] [  916] - {Data Fields & Data Values Exist}
[INFO ][2016-02-09 22:52:43,920][com.java.SeleniumDriver] [  918] - --------------------------setting values-----------------------------
[INFO ][2016-02-09 22:52:43,920][com.java.SeleniumDriver] [  921] - Action Type : CLICK
[INFO ][2016-02-09 22:52:43,920][com.java.TestType] [ 7153] - Field ::HDN//span[contains(text(),'Save')]
[INFO ][2016-02-09 22:52:43,920][com.java.TestType] [ 6752] - value = 
[INFO ][2016-02-09 22:52:47,604][com.java.SeleniumDriver] [  930] -  RESULT true
[INFO ][2016-02-09 22:52:47,604][com.java.SeleniumDriver] [ 1136] - ?   P A S S   ?
[INFO ][2016-02-09 22:52:47,604][com.java.SeleniumDriver] [  856] - ------------------------------------------
[INFO ][2016-02-09 22:52:47,604][com.java.SeleniumDriver] [  857] - Test case being Executed: 8
[INFO ][2016-02-09 22:52:47,604][com.java.SeleniumDriver] [  869] - Test step:13
[INFO ][2016-02-09 22:52:47,604][com.java.SeleniumDriver] [  881] - Datavalue is----------null
[DEBUG][2016-02-09 22:52:47,604][com.java.SeleniumDriver] [  899] - Exception: null
[INFO ][2016-02-09 22:52:47,604][com.java.SeleniumDriver] [  905] - DataField : XPH//div[@class="menu"]//span[@class='glyphicon glyphicon-bell']
[INFO ][2016-02-09 22:52:47,604][com.java.SeleniumDriver] [  907] - DataValue : 
[INFO ][2016-02-09 22:52:47,605][com.java.SeleniumDriver] [  913] - <In Set values of the page>
[INFO ][2016-02-09 22:52:47,605][com.java.SeleniumDriver] [  916] - {Data Fields & Data Values Exist}
[INFO ][2016-02-09 22:52:47,605][com.java.SeleniumDriver] [  918] - --------------------------setting values-----------------------------
[INFO ][2016-02-09 22:52:47,605][com.java.SeleniumDriver] [  921] - Action Type : CLICK
[INFO ][2016-02-09 22:52:47,605][com.java.TestType] [ 7153] - Field ::XPH//div[@class="menu"]//span[@class='glyphicon glyphicon-bell']
[INFO ][2016-02-09 22:52:47,605][com.java.TestType] [ 6752] - value = 
[INFO ][2016-02-09 22:52:48,605][com.java.TestType] [ 7330] - BEFORE CLICK
[INFO ][2016-02-09 22:52:51,877][com.java.TestType] [ 7338] - Unable to click the object Click on  bell symbol
[INFO ][2016-02-09 22:52:51,877][com.java.SeleniumDriver] [  930] -  RESULT true
[INFO ][2016-02-09 22:52:51,877][com.java.SeleniumDriver] [ 1136] - ?   P A S S   ?
[INFO ][2016-02-09 22:52:51,877][com.java.SeleniumDriver] [  856] - ------------------------------------------
[INFO ][2016-02-09 22:52:51,877][com.java.SeleniumDriver] [  857] - Test case being Executed: 8
[INFO ][2016-02-09 22:52:51,877][com.java.SeleniumDriver] [  869] - Test step:14
[INFO ][2016-02-09 22:52:51,877][com.java.SeleniumDriver] [  881] - Datavalue is----------null
[DEBUG][2016-02-09 22:52:51,877][com.java.SeleniumDriver] [  899] - Exception: null
[INFO ][2016-02-09 22:52:51,877][com.java.SeleniumDriver] [  905] - DataField : XPH//div[contains(@class,'rightMenuContainer')]//div[@class="menu-drawer"]
[INFO ][2016-02-09 22:52:51,877][com.java.SeleniumDriver] [  907] - DataValue : 
[INFO ][2016-02-09 22:52:51,877][com.java.SeleniumDriver] [  913] - <In Set values of the page>
[INFO ][2016-02-09 22:52:51,878][com.java.SeleniumDriver] [  916] - {Data Fields & Data Values Exist}
[INFO ][2016-02-09 22:52:51,878][com.java.SeleniumDriver] [  918] - --------------------------setting values-----------------------------
[INFO ][2016-02-09 22:52:51,878][com.java.SeleniumDriver] [  921] - Action Type : CLICK
[INFO ][2016-02-09 22:52:51,878][com.java.TestType] [ 7153] - Field ::XPH//div[contains(@class,'rightMenuContainer')]//div[@class="menu-drawer"]
[INFO ][2016-02-09 22:52:51,878][com.java.TestType] [ 6752] - value = 
[INFO ][2016-02-09 22:52:52,878][com.java.TestType] [ 7330] - BEFORE CLICK
[INFO ][2016-02-09 22:52:55,471][com.java.TestType] [ 7338] - Unable to click the object Click on the Today's Alert Page
[INFO ][2016-02-09 22:52:55,471][com.java.SeleniumDriver] [  930] -  RESULT true
[INFO ][2016-02-09 22:52:55,471][com.java.SeleniumDriver] [ 1136] - ?   P A S S   ?
[INFO ][2016-02-09 22:52:55,471][com.java.SeleniumDriver] [  856] - ------------------------------------------
[INFO ][2016-02-09 22:52:55,471][com.java.SeleniumDriver] [  857] - Test case being Executed: 8
[INFO ][2016-02-09 22:52:55,471][com.java.SeleniumDriver] [  869] - Test step:15
[INFO ][2016-02-09 22:52:55,471][com.java.SeleniumDriver] [  881] - Datavalue is----------//div[@class="menu-drawer"]//span
[INFO ][2016-02-09 22:52:55,473][com.java.SeleniumDriver] [  905] - DataField : BTN
[INFO ][2016-02-09 22:52:55,473][com.java.SeleniumDriver] [  907] - DataValue : //div[@class="menu-drawer"]//span
[INFO ][2016-02-09 22:52:55,473][com.java.SeleniumDriver] [  913] - <In Set values of the page>
[INFO ][2016-02-09 22:52:55,473][com.java.SeleniumDriver] [  916] - {Data Fields & Data Values Exist}
[INFO ][2016-02-09 22:52:55,473][com.java.SeleniumDriver] [  918] - --------------------------setting values-----------------------------
[INFO ][2016-02-09 22:52:55,473][com.java.SeleniumDriver] [  921] - Action Type : VERIFY
[INFO ][2016-02-09 22:52:55,473][com.java.TestType] [ 8386] - field= BTN value= //div[@class="menu-drawer"]//span
[INFO ][2016-02-09 22:52:55,473][com.java.TestType] [ 6752] - value = //div[@class="menu-drawer"]//span
[INFO ][2016-02-09 22:52:55,916][com.java.SeleniumDriver] [  930] -  RESULT true
[INFO ][2016-02-09 22:52:55,916][com.java.SeleniumDriver] [ 1136] - ?   P A S S   ?
[INFO ][2016-02-09 22:52:55,916][com.java.SeleniumDriver] [  856] - ------------------------------------------
[INFO ][2016-02-09 22:52:55,916][com.java.SeleniumDriver] [  857] - Test case being Executed: 8
[INFO ][2016-02-09 22:52:55,916][com.java.SeleniumDriver] [  869] - Test step:16
[INFO ][2016-02-09 22:52:55,916][com.java.SeleniumDriver] [  881] - Datavalue is----------//div[@id='isAlertsHeading']/h4
[INFO ][2016-02-09 22:52:55,916][com.java.SeleniumDriver] [  905] - DataField : BTN
[INFO ][2016-02-09 22:52:55,917][com.java.SeleniumDriver] [  907] - DataValue : //div[@id='isAlertsHeading']/h4
[INFO ][2016-02-09 22:52:55,917][com.java.SeleniumDriver] [  913] - <In Set values of the page>
[INFO ][2016-02-09 22:52:55,917][com.java.SeleniumDriver] [  916] - {Data Fields & Data Values Exist}
[INFO ][2016-02-09 22:52:55,917][com.java.SeleniumDriver] [  918] - --------------------------setting values-----------------------------
[INFO ][2016-02-09 22:52:55,917][com.java.SeleniumDriver] [  921] - Action Type : VERIFY
[INFO ][2016-02-09 22:52:55,917][com.java.TestType] [ 8386] - field= BTN value= //div[@id='isAlertsHeading']/h4
[INFO ][2016-02-09 22:52:55,917][com.java.TestType] [ 6752] - value = //div[@id='isAlertsHeading']/h4
[INFO ][2016-02-09 22:52:56,447][com.java.SeleniumDriver] [  930] -  RESULT true
[INFO ][2016-02-09 22:52:56,447][com.java.SeleniumDriver] [ 1136] - ?   P A S S   ?
[INFO ][2016-02-09 22:52:56,447][com.java.SeleniumDriver] [  856] - ------------------------------------------
[INFO ][2016-02-09 22:52:56,447][com.java.SeleniumDriver] [  857] - Test case being Executed: 8
[INFO ][2016-02-09 22:52:56,447][com.java.SeleniumDriver] [  869] - Test step:17
[INFO ][2016-02-09 22:52:56,447][com.java.SeleniumDriver] [  881] - Datavalue is----------null
[DEBUG][2016-02-09 22:52:56,448][com.java.SeleniumDriver] [  899] - Exception: null
[INFO ][2016-02-09 22:52:56,448][com.java.SeleniumDriver] [  905] - DataField : XPH//div[@class="panel panel-default ng-scope"]/div[@id='bsAlertsHeading']/h4
[INFO ][2016-02-09 22:52:56,448][com.java.SeleniumDriver] [  907] - DataValue : 
[INFO ][2016-02-09 22:52:56,448][com.java.SeleniumDriver] [  913] - <In Set values of the page>
[INFO ][2016-02-09 22:52:56,448][com.java.SeleniumDriver] [  916] - {Data Fields & Data Values Exist}
[INFO ][2016-02-09 22:52:56,448][com.java.SeleniumDriver] [  918] - --------------------------setting values-----------------------------
[INFO ][2016-02-09 22:52:56,448][com.java.SeleniumDriver] [  921] - Action Type : CLICK
[INFO ][2016-02-09 22:52:56,448][com.java.TestType] [ 7153] - Field ::XPH//div[@class="panel panel-default ng-scope"]/div[@id='bsAlertsHeading']/h4
[INFO ][2016-02-09 22:52:56,448][com.java.TestType] [ 6752] - value = 
[INFO ][2016-02-09 22:52:57,448][com.java.TestType] [ 7330] - BEFORE CLICK
[INFO ][2016-02-09 22:52:59,909][com.java.TestType] [ 7338] - Unable to click the object Click on Income Statement tab
[INFO ][2016-02-09 22:52:59,909][com.java.SeleniumDriver] [  930] -  RESULT true
[INFO ][2016-02-09 22:52:59,909][com.java.SeleniumDriver] [ 1136] - ?   P A S S   ?
[INFO ][2016-02-09 22:52:59,909][com.java.SeleniumDriver] [  856] - ------------------------------------------
[INFO ][2016-02-09 22:52:59,909][com.java.SeleniumDriver] [  857] - Test case being Executed: 8
[INFO ][2016-02-09 22:52:59,909][com.java.SeleniumDriver] [  869] - Test step:18
[INFO ][2016-02-09 22:52:59,909][com.java.SeleniumDriver] [  881] - Datavalue is----------5
[INFO ][2016-02-09 22:52:59,910][com.java.SeleniumDriver] [  905] - DataField : null
[INFO ][2016-02-09 22:52:59,910][com.java.SeleniumDriver] [  907] - DataValue : 5
[INFO ][2016-02-09 22:52:59,910][com.java.SeleniumDriver] [  913] - <In Set values of the page>
[INFO ][2016-02-09 22:52:59,910][com.java.SeleniumDriver] [  916] - {Data Fields & Data Values Exist}
[INFO ][2016-02-09 22:52:59,910][com.java.SeleniumDriver] [  918] - --------------------------setting values-----------------------------
[INFO ][2016-02-09 22:52:59,910][com.java.SeleniumDriver] [  921] - Action Type : WAITTIME
[DEBUG][2016-02-09 22:52:59,910][com.java.TestType] [ 6561] - sleepTime: 5000
[INFO ][2016-02-09 22:53:04,910][com.java.SeleniumDriver] [  930] -  RESULT true
[INFO ][2016-02-09 22:53:04,910][com.java.SeleniumDriver] [ 1136] - ?   P A S S   ?
[INFO ][2016-02-09 22:53:04,910][com.java.SeleniumDriver] [  856] - ------------------------------------------
[INFO ][2016-02-09 22:53:04,910][com.java.SeleniumDriver] [  857] - Test case being Executed: 8
[INFO ][2016-02-09 22:53:04,910][com.java.SeleniumDriver] [  869] - Test step:19
[INFO ][2016-02-09 22:53:04,910][com.java.SeleniumDriver] [  881] - Datavalue is----------//div[@id='bsAlertsContent']//div[@class="ng-binding"]
[INFO ][2016-02-09 22:53:04,910][com.java.SeleniumDriver] [  905] - DataField : BTN
[INFO ][2016-02-09 22:53:04,910][com.java.SeleniumDriver] [  907] - DataValue : //div[@id='bsAlertsContent']//div[@class="ng-binding"]
[INFO ][2016-02-09 22:53:04,910][com.java.SeleniumDriver] [  913] - <In Set values of the page>
[INFO ][2016-02-09 22:53:04,910][com.java.SeleniumDriver] [  916] - {Data Fields & Data Values Exist}
[INFO ][2016-02-09 22:53:04,910][com.java.SeleniumDriver] [  918] - --------------------------setting values-----------------------------
[INFO ][2016-02-09 22:53:04,910][com.java.SeleniumDriver] [  921] - Action Type : VERIFY
[INFO ][2016-02-09 22:53:04,911][com.java.TestType] [ 8386] - field= BTN value= //div[@id='bsAlertsContent']//div[@class="ng-binding"]
[INFO ][2016-02-09 22:53:04,911][com.java.TestType] [ 6752] - value = //div[@id='bsAlertsContent']//div[@class="ng-binding"]
[INFO ][2016-02-09 22:53:05,391][com.java.SeleniumDriver] [  930] -  RESULT true
[INFO ][2016-02-09 22:53:05,391][com.java.SeleniumDriver] [ 1136] - ?   P A S S   ?
[INFO ][2016-02-09 22:53:05,391][com.java.SeleniumDriver] [  856] - ------------------------------------------
[INFO ][2016-02-09 22:53:05,391][com.java.SeleniumDriver] [  857] - Test case being Executed: 8
[INFO ][2016-02-09 22:53:05,391][com.java.SeleniumDriver] [  869] - Test step:20
[INFO ][2016-02-09 22:53:05,391][com.java.SeleniumDriver] [  881] - Datavalue is----------null
[DEBUG][2016-02-09 22:53:05,392][com.java.SeleniumDriver] [  899] - Exception: null
[INFO ][2016-02-09 22:53:05,392][com.java.SeleniumDriver] [  905] - DataField : XPH//div[@class="panel panel-default ng-scope"]/div[@id='bsAlertsHeading']/h4
[INFO ][2016-02-09 22:53:05,392][com.java.SeleniumDriver] [  907] - DataValue : 
[INFO ][2016-02-09 22:53:05,392][com.java.SeleniumDriver] [  913] - <In Set values of the page>
[INFO ][2016-02-09 22:53:05,392][com.java.SeleniumDriver] [  916] - {Data Fields & Data Values Exist}
[INFO ][2016-02-09 22:53:05,392][com.java.SeleniumDriver] [  918] - --------------------------setting values-----------------------------
[INFO ][2016-02-09 22:53:05,392][com.java.SeleniumDriver] [  921] - Action Type : CLICK
[INFO ][2016-02-09 22:53:05,392][com.java.TestType] [ 7153] - Field ::XPH//div[@class="panel panel-default ng-scope"]/div[@id='bsAlertsHeading']/h4
[INFO ][2016-02-09 22:53:05,392][com.java.TestType] [ 6752] - value = 
[INFO ][2016-02-09 22:53:06,392][com.java.TestType] [ 7330] - BEFORE CLICK
[INFO ][2016-02-09 22:53:08,963][com.java.TestType] [ 7338] - Unable to click the object Click on Income Statement tab
[INFO ][2016-02-09 22:53:08,963][com.java.SeleniumDriver] [  930] -  RESULT true
[INFO ][2016-02-09 22:53:08,963][com.java.SeleniumDriver] [ 1136] - ?   P A S S   ?
[INFO ][2016-02-09 22:53:08,963][com.java.SeleniumDriver] [  856] - ------------------------------------------
[INFO ][2016-02-09 22:53:08,963][com.java.SeleniumDriver] [  857] - Test case being Executed: 8
[INFO ][2016-02-09 22:53:08,963][com.java.SeleniumDriver] [  869] - Test step:21
[INFO ][2016-02-09 22:53:08,963][com.java.SeleniumDriver] [  881] - Datavalue is----------//*[@id='bsAlertsContent']/div/div[1]/div[1]
[INFO ][2016-02-09 22:53:08,963][com.java.SeleniumDriver] [  905] - DataField : MSG
[INFO ][2016-02-09 22:53:08,963][com.java.SeleniumDriver] [  907] - DataValue : //*[@id='bsAlertsContent']/div/div[1]/div[1]
[INFO ][2016-02-09 22:53:08,963][com.java.SeleniumDriver] [  913] - <In Set values of the page>
[INFO ][2016-02-09 22:53:08,963][com.java.SeleniumDriver] [  916] - {Data Fields & Data Values Exist}
[INFO ][2016-02-09 22:53:08,963][com.java.SeleniumDriver] [  918] - --------------------------setting values-----------------------------
[INFO ][2016-02-09 22:53:08,963][com.java.SeleniumDriver] [  921] - Action Type : VERIFYNOTPRESENT
[INFO ][2016-02-09 22:53:08,964][com.java.TestType] [10227] - field= MSG value= //*[@id='bsAlertsContent']/div/div[1]/div[1]
[INFO ][2016-02-09 22:53:09,142][com.java.SeleniumDriver] [  930] -  RESULT true
[INFO ][2016-02-09 22:53:09,142][com.java.SeleniumDriver] [ 1136] - ?   P A S S   ?
[INFO ][2016-02-09 22:53:09,142][com.java.SeleniumDriver] [  856] - ------------------------------------------
[INFO ][2016-02-09 22:53:09,142][com.java.SeleniumDriver] [  857] - Test case being Executed: 8
[INFO ][2016-02-09 22:53:09,142][com.java.SeleniumDriver] [  869] - Test step:22
[INFO ][2016-02-09 22:53:09,142][com.java.SeleniumDriver] [  881] - Datavalue is----------5
[INFO ][2016-02-09 22:53:09,142][com.java.SeleniumDriver] [  905] - DataField : null
[INFO ][2016-02-09 22:53:09,142][com.java.SeleniumDriver] [  907] - DataValue : 5
[INFO ][2016-02-09 22:53:09,142][com.java.SeleniumDriver] [  913] - <In Set values of the page>
[INFO ][2016-02-09 22:53:09,142][com.java.SeleniumDriver] [  916] - {Data Fields & Data Values Exist}
[INFO ][2016-02-09 22:53:09,143][com.java.SeleniumDriver] [  918] - --------------------------setting values-----------------------------
[INFO ][2016-02-09 22:53:09,143][com.java.SeleniumDriver] [  921] - Action Type : WAITTIME
[DEBUG][2016-02-09 22:53:09,143][com.java.TestType] [ 6561] - sleepTime: 5000
[INFO ][2016-02-09 22:53:14,143][com.java.SeleniumDriver] [  930] -  RESULT true
[INFO ][2016-02-09 22:53:14,143][com.java.SeleniumDriver] [ 1136] - ?   P A S S   ?
[INFO ][2016-02-09 22:53:14,143][com.java.SeleniumDriver] [  856] - ------------------------------------------
[INFO ][2016-02-09 22:53:14,143][com.java.SeleniumDriver] [  857] - Test case being Executed: 8
[INFO ][2016-02-09 22:53:14,143][com.java.SeleniumDriver] [  869] - Test step:23
[INFO ][2016-02-09 22:53:14,143][com.java.SeleniumDriver] [  881] - Datavalue is----------null
[DEBUG][2016-02-09 22:53:14,143][com.java.SeleniumDriver] [  899] - Exception: null
[INFO ][2016-02-09 22:53:14,143][com.java.SeleniumDriver] [  905] - DataField : HDN//span[@class='glyphicon glyphicon-refresh ng-scope']
[INFO ][2016-02-09 22:53:14,143][com.java.SeleniumDriver] [  907] - DataValue : 
[INFO ][2016-02-09 22:53:14,143][com.java.SeleniumDriver] [  913] - <In Set values of the page>
[INFO ][2016-02-09 22:53:14,143][com.java.SeleniumDriver] [  916] - {Data Fields & Data Values Exist}
[INFO ][2016-02-09 22:53:14,143][com.java.SeleniumDriver] [  918] - --------------------------setting values-----------------------------
[INFO ][2016-02-09 22:53:14,144][com.java.SeleniumDriver] [  921] - Action Type : CLICK
[INFO ][2016-02-09 22:53:14,144][com.java.TestType] [ 7153] - Field ::HDN//span[@class='glyphicon glyphicon-refresh ng-scope']
[INFO ][2016-02-09 22:53:14,144][com.java.TestType] [ 6752] - value = 
[INFO ][2016-02-09 22:53:15,922][com.java.SeleniumDriver] [  930] -  RESULT true
[INFO ][2016-02-09 22:53:15,922][com.java.SeleniumDriver] [ 1136] - ?   P A S S   ?
[INFO ][2016-02-09 22:53:15,922][com.java.SeleniumDriver] [  856] - ------------------------------------------
[INFO ][2016-02-09 22:53:15,922][com.java.SeleniumDriver] [  857] - Test case being Executed: 8
[INFO ][2016-02-09 22:53:15,922][com.java.SeleniumDriver] [  869] - Test step:24
[INFO ][2016-02-09 22:53:15,922][com.java.SeleniumDriver] [  881] - Datavalue is----------15
[INFO ][2016-02-09 22:53:15,922][com.java.SeleniumDriver] [  905] - DataField : null
[INFO ][2016-02-09 22:53:15,922][com.java.SeleniumDriver] [  907] - DataValue : 15
[INFO ][2016-02-09 22:53:15,922][com.java.SeleniumDriver] [  913] - <In Set values of the page>
[INFO ][2016-02-09 22:53:15,922][com.java.SeleniumDriver] [  916] - {Data Fields & Data Values Exist}
[INFO ][2016-02-09 22:53:15,923][com.java.SeleniumDriver] [  918] - --------------------------setting values-----------------------------
[INFO ][2016-02-09 22:53:15,923][com.java.SeleniumDriver] [  921] - Action Type : WAITTIME
[DEBUG][2016-02-09 22:53:15,923][com.java.TestType] [ 6561] - sleepTime: 15000
[INFO ][2016-02-09 22:53:30,923][com.java.SeleniumDriver] [  930] -  RESULT true
[INFO ][2016-02-09 22:53:30,923][com.java.SeleniumDriver] [ 1136] - ?   P A S S   ?
[INFO ][2016-02-09 22:53:30,923][com.java.SeleniumDriver] [  856] - ------------------------------------------
[INFO ][2016-02-09 22:53:30,923][com.java.SeleniumDriver] [  857] - Test case being Executed: 8
[INFO ][2016-02-09 22:53:30,923][com.java.SeleniumDriver] [  869] - Test step:25
[INFO ][2016-02-09 22:53:30,923][com.java.SeleniumDriver] [  881] - Datavalue is----------::glyphicon-play down
[INFO ][2016-02-09 22:53:30,923][com.java.SeleniumDriver] [  905] - DataField : CCM//div[@class="panel panel-default ng-scope"]/div[@id='bsAlertsHeading']/h4/span
[INFO ][2016-02-09 22:53:30,923][com.java.SeleniumDriver] [  907] - DataValue : ::glyphicon-play down
[INFO ][2016-02-09 22:53:30,923][com.java.SeleniumDriver] [  913] - <In Set values of the page>
[INFO ][2016-02-09 22:53:30,923][com.java.SeleniumDriver] [  916] - {Data Fields & Data Values Exist}
[INFO ][2016-02-09 22:53:30,923][com.java.SeleniumDriver] [  918] - --------------------------setting values-----------------------------
[INFO ][2016-02-09 22:53:30,923][com.java.SeleniumDriver] [  921] - Action Type : VERIFY
[INFO ][2016-02-09 22:53:30,923][com.java.TestType] [ 8386] - field= CCM//div[@class="panel panel-default ng-scope"]/div[@id='bsAlertsHeading']/h4/span value= ::glyphicon-play down
[INFO ][2016-02-09 22:53:30,924][com.java.TestType] [ 6752] - value = ::glyphicon-play down
[INFO ][2016-02-09 22:53:31,985][com.java.SeleniumDriver] [  930] -  RESULT true
[INFO ][2016-02-09 22:53:31,985][com.java.SeleniumDriver] [ 1136] - ?   P A S S   ?
[INFO ][2016-02-09 22:53:31,985][com.java.SeleniumDriver] [ 1178] - step change to 28
[INFO ][2016-02-09 22:53:31,985][com.java.SeleniumDriver] [  856] - ------------------------------------------
[INFO ][2016-02-09 22:53:31,985][com.java.SeleniumDriver] [  857] - Test case being Executed: 8
[INFO ][2016-02-09 22:53:31,985][com.java.SeleniumDriver] [  869] - Test step:28
[INFO ][2016-02-09 22:53:31,985][com.java.SeleniumDriver] [  881] - Datavalue is----------3
[INFO ][2016-02-09 22:53:31,986][com.java.SeleniumDriver] [  905] - DataField : null
[INFO ][2016-02-09 22:53:31,986][com.java.SeleniumDriver] [  907] - DataValue : 3
[INFO ][2016-02-09 22:53:31,986][com.java.SeleniumDriver] [  913] - <In Set values of the page>
[INFO ][2016-02-09 22:53:31,986][com.java.SeleniumDriver] [  916] - {Data Fields & Data Values Exist}
[INFO ][2016-02-09 22:53:31,986][com.java.SeleniumDriver] [  918] - --------------------------setting values-----------------------------
[INFO ][2016-02-09 22:53:31,986][com.java.SeleniumDriver] [  921] - Action Type : WAITTIME
[DEBUG][2016-02-09 22:53:31,986][com.java.TestType] [ 6561] - sleepTime: 3000
[INFO ][2016-02-09 22:53:34,986][com.java.SeleniumDriver] [  930] -  RESULT true
[INFO ][2016-02-09 22:53:34,986][com.java.SeleniumDriver] [ 1136] - ?   P A S S   ?
[INFO ][2016-02-09 22:53:34,986][com.java.SeleniumDriver] [  856] - ------------------------------------------
[INFO ][2016-02-09 22:53:34,986][com.java.SeleniumDriver] [  857] - Test case being Executed: 8
[INFO ][2016-02-09 22:53:34,986][com.java.SeleniumDriver] [  869] - Test step:29
[INFO ][2016-02-09 22:53:34,986][com.java.SeleniumDriver] [  881] - Datavalue is----------numberofupdatesbeforerefreshing
[INFO ][2016-02-09 22:53:34,986][com.java.SeleniumDriver] [  905] - DataField : XPH//div[@id="bsAlertsHeading"]//span[@class="badge pull-right ng-binding"]
[INFO ][2016-02-09 22:53:34,986][com.java.SeleniumDriver] [  907] - DataValue : numberofupdatesbeforerefreshing
[INFO ][2016-02-09 22:53:34,986][com.java.SeleniumDriver] [  913] - <In Set values of the page>
[INFO ][2016-02-09 22:53:34,986][com.java.SeleniumDriver] [  916] - {Data Fields & Data Values Exist}
[INFO ][2016-02-09 22:53:34,986][com.java.SeleniumDriver] [  918] - --------------------------setting values-----------------------------
[INFO ][2016-02-09 22:53:34,986][com.java.SeleniumDriver] [  921] - Action Type : STOREVALUE
[INFO ][2016-02-09 22:53:34,987][com.java.TestType] [ 9908] - field= XPH//div[@id="bsAlertsHeading"]//span[@class="badge pull-right ng-binding"]
[DEBUG][2016-02-09 22:53:35,745][com.java.TestType] [ 9963] - Key:: numberofupdatesbeforerefreshing   Value:: 1
[INFO ][2016-02-09 22:53:35,745][com.java.SeleniumDriver] [  930] -  RESULT true
[INFO ][2016-02-09 22:53:35,745][com.java.SeleniumDriver] [ 1136] - ?   P A S S   ?
[INFO ][2016-02-09 22:53:35,745][com.java.SeleniumDriver] [  856] - ------------------------------------------
[INFO ][2016-02-09 22:53:35,745][com.java.SeleniumDriver] [  857] - Test case being Executed: 8
[INFO ][2016-02-09 22:53:35,745][com.java.SeleniumDriver] [  869] - Test step:30
[INFO ][2016-02-09 22:53:35,745][com.java.SeleniumDriver] [  881] - Datavalue is----------HMVnumberofupdatesbeforerefreshing
[INFO ][2016-02-09 22:53:35,745][com.java.SeleniumDriver] [  905] - DataField : TAL//div[@id="bsAlertsContent"]//div[@class="bd-alert ng-scope"]
[INFO ][2016-02-09 22:53:35,746][com.java.SeleniumDriver] [  907] - DataValue : HMVnumberofupdatesbeforerefreshing
[INFO ][2016-02-09 22:53:35,746][com.java.SeleniumDriver] [  913] - <In Set values of the page>
[INFO ][2016-02-09 22:53:35,746][com.java.SeleniumDriver] [  916] - {Data Fields & Data Values Exist}
[INFO ][2016-02-09 22:53:35,746][com.java.SeleniumDriver] [  918] - --------------------------setting values-----------------------------
[INFO ][2016-02-09 22:53:35,746][com.java.SeleniumDriver] [  921] - Action Type : VERIFY
[INFO ][2016-02-09 22:53:35,746][com.java.TestType] [ 8386] - field= TAL//div[@id="bsAlertsContent"]//div[@class="bd-alert ng-scope"] value= HMVnumberofupdatesbeforerefreshing
[INFO ][2016-02-09 22:53:35,746][com.java.TestType] [ 6752] - value = 1
[INFO ][2016-02-09 22:53:36,041][com.java.SeleniumDriver] [  930] -  RESULT true
[INFO ][2016-02-09 22:53:36,041][com.java.SeleniumDriver] [ 1136] - ?   P A S S   ?
[INFO ][2016-02-09 22:53:36,041][com.java.SeleniumDriver] [  856] - ------------------------------------------
[INFO ][2016-02-09 22:53:36,041][com.java.SeleniumDriver] [  857] - Test case being Executed: 8
[INFO ][2016-02-09 22:53:36,041][com.java.SeleniumDriver] [  869] - Test step:31
[INFO ][2016-02-09 22:53:36,041][com.java.SeleniumDriver] [  881] - Datavalue is----------BalanceSheet
[INFO ][2016-02-09 22:53:36,042][com.java.SeleniumDriver] [  905] - DataField : XPH//div[@id="bsAlertsContent"]//div[@class="bd-alert ng-scope"][1]/div[@class="ng-binding"]
[INFO ][2016-02-09 22:53:36,042][com.java.SeleniumDriver] [  907] - DataValue : BalanceSheet
[INFO ][2016-02-09 22:53:36,042][com.java.SeleniumDriver] [  913] - <In Set values of the page>
[INFO ][2016-02-09 22:53:36,042][com.java.SeleniumDriver] [  916] - {Data Fields & Data Values Exist}
[INFO ][2016-02-09 22:53:36,042][com.java.SeleniumDriver] [  918] - --------------------------setting values-----------------------------
[INFO ][2016-02-09 22:53:36,042][com.java.SeleniumDriver] [  921] - Action Type : STOREVALUE
[INFO ][2016-02-09 22:53:36,042][com.java.TestType] [ 9908] - field= XPH//div[@id="bsAlertsContent"]//div[@class="bd-alert ng-scope"][1]/div[@class="ng-binding"]
[DEBUG][2016-02-09 22:53:36,977][com.java.TestType] [ 9963] - Key:: BalanceSheet   Value:: Cash and due from banks
[INFO ][2016-02-09 22:53:36,977][com.java.SeleniumDriver] [  930] -  RESULT true
[INFO ][2016-02-09 22:53:36,977][com.java.SeleniumDriver] [ 1136] - ?   P A S S   ?
[INFO ][2016-02-09 22:53:36,977][com.java.SeleniumDriver] [  856] - ------------------------------------------
[INFO ][2016-02-09 22:53:36,977][com.java.SeleniumDriver] [  857] - Test case being Executed: 8
[INFO ][2016-02-09 22:53:36,977][com.java.SeleniumDriver] [  869] - Test step:32
[INFO ][2016-02-09 22:53:36,977][com.java.SeleniumDriver] [  881] - Datavalue is----------Change
[INFO ][2016-02-09 22:53:36,977][com.java.SeleniumDriver] [  905] - DataField : XPH//div[@id="bsAlertsContent"]//div[@class="bd-alert ng-scope"][1]//span[@ class="ng-binding"]
[INFO ][2016-02-09 22:53:36,977][com.java.SeleniumDriver] [  907] - DataValue : Change
[INFO ][2016-02-09 22:53:36,978][com.java.SeleniumDriver] [  913] - <In Set values of the page>
[INFO ][2016-02-09 22:53:36,978][com.java.SeleniumDriver] [  916] - {Data Fields & Data Values Exist}
[INFO ][2016-02-09 22:53:36,978][com.java.SeleniumDriver] [  918] - --------------------------setting values-----------------------------
[INFO ][2016-02-09 22:53:36,978][com.java.SeleniumDriver] [  921] - Action Type : STOREVALUE
[INFO ][2016-02-09 22:53:36,978][com.java.TestType] [ 9908] - field= XPH//div[@id="bsAlertsContent"]//div[@class="bd-alert ng-scope"][1]//span[@ class="ng-binding"]
[DEBUG][2016-02-09 22:53:37,846][com.java.TestType] [ 9963] - Key:: Change   Value:: ($1,501,959)
[INFO ][2016-02-09 22:53:37,846][com.java.SeleniumDriver] [  930] -  RESULT true
[INFO ][2016-02-09 22:53:37,846][com.java.SeleniumDriver] [ 1136] - ?   P A S S   ?
[INFO ][2016-02-09 22:53:37,846][com.java.SeleniumDriver] [  856] - ------------------------------------------
[INFO ][2016-02-09 22:53:37,846][com.java.SeleniumDriver] [  857] - Test case being Executed: 8
[INFO ][2016-02-09 22:53:37,847][com.java.SeleniumDriver] [  869] - Test step:33
[INFO ][2016-02-09 22:53:37,848][com.java.SeleniumDriver] [  881] - Datavalue is----------Percentage
[INFO ][2016-02-09 22:53:37,848][com.java.SeleniumDriver] [  905] - DataField : XPH//div[@id="bsAlertsContent"]//div[@class="bd-alert ng-scope"][1]//span[@class="pull-right ng-binding"]
[INFO ][2016-02-09 22:53:37,848][com.java.SeleniumDriver] [  907] - DataValue : Percentage
[INFO ][2016-02-09 22:53:37,848][com.java.SeleniumDriver] [  913] - <In Set values of the page>
[INFO ][2016-02-09 22:53:37,848][com.java.SeleniumDriver] [  916] - {Data Fields & Data Values Exist}
[INFO ][2016-02-09 22:53:37,848][com.java.SeleniumDriver] [  918] - --------------------------setting values-----------------------------
[INFO ][2016-02-09 22:53:37,848][com.java.SeleniumDriver] [  921] - Action Type : STOREVALUE
[INFO ][2016-02-09 22:53:37,849][com.java.TestType] [ 9908] - field= XPH//div[@id="bsAlertsContent"]//div[@class="bd-alert ng-scope"][1]//span[@class="pull-right ng-binding"]
[DEBUG][2016-02-09 22:53:38,783][com.java.TestType] [ 9963] - Key:: Percentage   Value:: (29.51)%
[INFO ][2016-02-09 22:53:38,783][com.java.SeleniumDriver] [  930] -  RESULT true
[INFO ][2016-02-09 22:53:38,783][com.java.SeleniumDriver] [ 1136] - ?   P A S S   ?
[INFO ][2016-02-09 22:53:38,783][com.java.SeleniumDriver] [  856] - ------------------------------------------
[INFO ][2016-02-09 22:53:38,783][com.java.SeleniumDriver] [  857] - Test case being Executed: 8
[INFO ][2016-02-09 22:53:38,783][com.java.SeleniumDriver] [  869] - Test step:34
[INFO ][2016-02-09 22:53:38,783][com.java.SeleniumDriver] [  881] - Datavalue is----------null
[DEBUG][2016-02-09 22:53:38,783][com.java.SeleniumDriver] [  899] - Exception: null
[INFO ][2016-02-09 22:53:38,784][com.java.SeleniumDriver] [  905] - DataField : XPH//span[@class="glyphicon glyphicon-list-alt"]
[INFO ][2016-02-09 22:53:38,784][com.java.SeleniumDriver] [  907] - DataValue : 
[INFO ][2016-02-09 22:53:38,784][com.java.SeleniumDriver] [  913] - <In Set values of the page>
[INFO ][2016-02-09 22:53:38,784][com.java.SeleniumDriver] [  916] - {Data Fields & Data Values Exist}
[INFO ][2016-02-09 22:53:38,784][com.java.SeleniumDriver] [  918] - --------------------------setting values-----------------------------
[INFO ][2016-02-09 22:53:38,784][com.java.SeleniumDriver] [  921] - Action Type : CLICK
[INFO ][2016-02-09 22:53:38,784][com.java.TestType] [ 7153] - Field ::XPH//span[@class="glyphicon glyphicon-list-alt"]
[INFO ][2016-02-09 22:53:38,784][com.java.TestType] [ 6752] - value = 
[INFO ][2016-02-09 22:53:39,784][com.java.TestType] [ 7330] - BEFORE CLICK
[INFO ][2016-02-09 22:53:42,077][com.java.TestType] [ 7338] - Unable to click the object Click on the report button
[INFO ][2016-02-09 22:53:42,077][com.java.SeleniumDriver] [  930] -  RESULT true
[INFO ][2016-02-09 22:53:42,077][com.java.SeleniumDriver] [ 1136] - ?   P A S S   ?
[INFO ][2016-02-09 22:53:42,077][com.java.SeleniumDriver] [  856] - ------------------------------------------
[INFO ][2016-02-09 22:53:42,077][com.java.SeleniumDriver] [  857] - Test case being Executed: 8
[INFO ][2016-02-09 22:53:42,077][com.java.SeleniumDriver] [  869] - Test step:35
[INFO ][2016-02-09 22:53:42,077][com.java.SeleniumDriver] [  881] - Datavalue is----------10
[INFO ][2016-02-09 22:53:42,077][com.java.SeleniumDriver] [  905] - DataField : XPH//img[@id='loading']
[INFO ][2016-02-09 22:53:42,077][com.java.SeleniumDriver] [  907] - DataValue : 10
[INFO ][2016-02-09 22:53:42,077][com.java.SeleniumDriver] [  913] - <In Set values of the page>
[INFO ][2016-02-09 22:53:42,077][com.java.SeleniumDriver] [  916] - {Data Fields & Data Values Exist}
[INFO ][2016-02-09 22:53:42,077][com.java.SeleniumDriver] [  918] - --------------------------setting values-----------------------------
[INFO ][2016-02-09 22:53:42,079][com.java.SeleniumDriver] [  921] - Action Type : WaitForElement
[INFO ][2016-02-09 22:53:42,114][com.java.SeleniumDriver] [  930] -  RESULT true
[INFO ][2016-02-09 22:53:42,114][com.java.SeleniumDriver] [ 1136] - ?   P A S S   ?
[INFO ][2016-02-09 22:53:42,114][com.java.SeleniumDriver] [  856] - ------------------------------------------
[INFO ][2016-02-09 22:53:42,114][com.java.SeleniumDriver] [  857] - Test case being Executed: 8
[INFO ][2016-02-09 22:53:42,114][com.java.SeleniumDriver] [  869] - Test step:36
[INFO ][2016-02-09 22:53:42,114][com.java.SeleniumDriver] [  881] - Datavalue is----------90
[INFO ][2016-02-09 22:53:42,115][com.java.SeleniumDriver] [  905] - DataField : XPH//img[@id='loading']
[INFO ][2016-02-09 22:53:42,115][com.java.SeleniumDriver] [  907] - DataValue : 90
[INFO ][2016-02-09 22:53:42,115][com.java.SeleniumDriver] [  913] - <In Set values of the page>
[INFO ][2016-02-09 22:53:42,115][com.java.SeleniumDriver] [  916] - {Data Fields & Data Values Exist}
[INFO ][2016-02-09 22:53:42,115][com.java.SeleniumDriver] [  918] - --------------------------setting values-----------------------------
[INFO ][2016-02-09 22:53:42,115][com.java.SeleniumDriver] [  921] - Action Type : waitForElementNotPresent
[INFO ][2016-02-09 22:53:43,288][com.java.SeleniumDriver] [  930] -  RESULT true
[INFO ][2016-02-09 22:53:43,288][com.java.SeleniumDriver] [ 1136] - ?   P A S S   ?
[INFO ][2016-02-09 22:53:43,288][com.java.SeleniumDriver] [  856] - ------------------------------------------
[INFO ][2016-02-09 22:53:43,288][com.java.SeleniumDriver] [  857] - Test case being Executed: 8
[INFO ][2016-02-09 22:53:43,288][com.java.SeleniumDriver] [  869] - Test step:37
[INFO ][2016-02-09 22:53:43,288][com.java.SeleniumDriver] [  881] - Datavalue is----------15
[INFO ][2016-02-09 22:53:43,288][com.java.SeleniumDriver] [  905] - DataField : null
[INFO ][2016-02-09 22:53:43,288][com.java.SeleniumDriver] [  907] - DataValue : 15
[INFO ][2016-02-09 22:53:43,288][com.java.SeleniumDriver] [  913] - <In Set values of the page>
[INFO ][2016-02-09 22:53:43,289][com.java.SeleniumDriver] [  916] - {Data Fields & Data Values Exist}
[INFO ][2016-02-09 22:53:43,289][com.java.SeleniumDriver] [  918] - --------------------------setting values-----------------------------
[INFO ][2016-02-09 22:53:43,289][com.java.SeleniumDriver] [  921] - Action Type : WAITTIME
[DEBUG][2016-02-09 22:53:43,289][com.java.TestType] [ 6561] - sleepTime: 15000
[INFO ][2016-02-09 22:53:58,289][com.java.SeleniumDriver] [  930] -  RESULT true
[INFO ][2016-02-09 22:53:58,289][com.java.SeleniumDriver] [ 1136] - ?   P A S S   ?
[INFO ][2016-02-09 22:53:58,289][com.java.SeleniumDriver] [  856] - ------------------------------------------
[INFO ][2016-02-09 22:53:58,289][com.java.SeleniumDriver] [  857] - Test case being Executed: 8
[INFO ][2016-02-09 22:53:58,289][com.java.SeleniumDriver] [  869] - Test step:38
[INFO ][2016-02-09 22:53:58,289][com.java.SeleniumDriver] [  881] - Datavalue is----------BalanceSheet::Change
[INFO ][2016-02-09 22:53:58,289][com.java.SeleniumDriver] [  905] - DataField : PVP//div[contains(text(),'mytext')]/following::td[3]/div
[INFO ][2016-02-09 22:53:58,289][com.java.SeleniumDriver] [  907] - DataValue : BalanceSheet::Change
[INFO ][2016-02-09 22:53:58,289][com.java.SeleniumDriver] [  913] - <In Set values of the page>
[INFO ][2016-02-09 22:53:58,289][com.java.SeleniumDriver] [  916] - {Data Fields & Data Values Exist}
[INFO ][2016-02-09 22:53:58,289][com.java.SeleniumDriver] [  918] - --------------------------setting values-----------------------------
[INFO ][2016-02-09 22:53:58,289][com.java.SeleniumDriver] [  921] - Action Type : VERIFY
[INFO ][2016-02-09 22:53:58,290][com.java.TestType] [ 8386] - field= PVP//div[contains(text(),'mytext')]/following::td[3]/div value= BalanceSheet::Change
[INFO ][2016-02-09 22:53:58,290][com.java.TestType] [ 6752] - value = BalanceSheet::Change
[INFO ][2016-02-09 22:53:58,551][com.java.SeleniumDriver] [  930] -  RESULT true
[INFO ][2016-02-09 22:53:58,551][com.java.SeleniumDriver] [ 1136] - ?   P A S S   ?
[INFO ][2016-02-09 22:53:58,551][com.java.SeleniumDriver] [  856] - ------------------------------------------
[INFO ][2016-02-09 22:53:58,551][com.java.SeleniumDriver] [  857] - Test case being Executed: 8
[INFO ][2016-02-09 22:53:58,551][com.java.SeleniumDriver] [  869] - Test step:39
[INFO ][2016-02-09 22:53:58,551][com.java.SeleniumDriver] [  881] - Datavalue is----------BalanceSheet::Percentage
[INFO ][2016-02-09 22:53:58,551][com.java.SeleniumDriver] [  905] - DataField : PVP//div[contains(text(),'mytext')]/following::td[4]/div
[INFO ][2016-02-09 22:53:58,551][com.java.SeleniumDriver] [  907] - DataValue : BalanceSheet::Percentage
[INFO ][2016-02-09 22:53:58,552][com.java.SeleniumDriver] [  913] - <In Set values of the page>
[INFO ][2016-02-09 22:53:58,552][com.java.SeleniumDriver] [  916] - {Data Fields & Data Values Exist}
[INFO ][2016-02-09 22:53:58,552][com.java.SeleniumDriver] [  918] - --------------------------setting values-----------------------------
[INFO ][2016-02-09 22:53:58,552][com.java.SeleniumDriver] [  921] - Action Type : VERIFY
[INFO ][2016-02-09 22:53:58,552][com.java.TestType] [ 8386] - field= PVP//div[contains(text(),'mytext')]/following::td[4]/div value= BalanceSheet::Percentage
[INFO ][2016-02-09 22:53:58,552][com.java.TestType] [ 6752] - value = BalanceSheet::Percentage
[INFO ][2016-02-09 22:53:58,782][com.java.SeleniumDriver] [  930] -  RESULT true
[INFO ][2016-02-09 22:53:58,782][com.java.SeleniumDriver] [ 1136] - ?   P A S S   ?
[INFO ][2016-02-09 22:53:58,782][com.java.SeleniumDriver] [  856] - ------------------------------------------
[INFO ][2016-02-09 22:53:58,782][com.java.SeleniumDriver] [  857] - Test case being Executed: 8
[INFO ][2016-02-09 22:53:58,782][com.java.SeleniumDriver] [  869] - Test step:40
[INFO ][2016-02-09 22:53:58,782][com.java.SeleniumDriver] [  881] - Datavalue is----------null
[DEBUG][2016-02-09 22:53:58,782][com.java.SeleniumDriver] [  899] - Exception: null
[INFO ][2016-02-09 22:53:58,782][com.java.SeleniumDriver] [  905] - DataField : BTNparent
[INFO ][2016-02-09 22:53:58,782][com.java.SeleniumDriver] [  907] - DataValue : 
[INFO ][2016-02-09 22:53:58,783][com.java.SeleniumDriver] [  913] - <In Set values of the page>
[INFO ][2016-02-09 22:53:58,783][com.java.SeleniumDriver] [  916] - {Data Fields & Data Values Exist}
[INFO ][2016-02-09 22:53:58,783][com.java.SeleniumDriver] [  918] - --------------------------setting values-----------------------------
[INFO ][2016-02-09 22:53:58,783][com.java.SeleniumDriver] [  921] - Action Type : selectframe
[INFO ][2016-02-09 22:53:58,798][com.java.SeleniumDriver] [  930] -  RESULT true
[INFO ][2016-02-09 22:53:58,799][com.java.SeleniumDriver] [ 1136] - ?   P A S S   ?
[INFO ][2016-02-09 22:53:58,799][com.java.SeleniumDriver] [  856] - ------------------------------------------
[INFO ][2016-02-09 22:53:58,799][com.java.SeleniumDriver] [  857] - Test case being Executed: 8
[INFO ][2016-02-09 22:53:58,799][com.java.SeleniumDriver] [  869] - Test step:41
[INFO ][2016-02-09 22:53:58,799][com.java.SeleniumDriver] [  881] - Datavalue is----------null
[DEBUG][2016-02-09 22:53:58,799][com.java.SeleniumDriver] [  899] - Exception: null
[INFO ][2016-02-09 22:53:58,799][com.java.SeleniumDriver] [  905] - DataField : BTNcloseAllTabs
[INFO ][2016-02-09 22:53:58,799][com.java.SeleniumDriver] [  907] - DataValue : 
[INFO ][2016-02-09 22:53:58,799][com.java.SeleniumDriver] [  913] - <In Set values of the page>
[INFO ][2016-02-09 22:53:58,799][com.java.SeleniumDriver] [  916] - {Data Fields & Data Values Exist}
[INFO ][2016-02-09 22:53:58,799][com.java.SeleniumDriver] [  918] - --------------------------setting values-----------------------------
[INFO ][2016-02-09 22:53:58,799][com.java.SeleniumDriver] [  921] - Action Type : CLICK
[INFO ][2016-02-09 22:53:58,799][com.java.TestType] [ 7153] - Field ::BTNcloseAllTabs
[INFO ][2016-02-09 22:53:58,799][com.java.TestType] [ 6752] - value = 
[INFO ][2016-02-09 22:53:59,800][com.java.TestType] [ 7309] - BEFORE CLICK
[INFO ][2016-02-09 22:54:01,650][com.java.TestType] [ 7316] - Unable to click the object Close all tabs button
[INFO ][2016-02-09 22:54:01,650][com.java.SeleniumDriver] [  930] -  RESULT true
[INFO ][2016-02-09 22:54:01,650][com.java.SeleniumDriver] [ 1136] - ?   P A S S   ?
[INFO ][2016-02-09 22:54:01,651][com.java.SeleniumDriver] [  856] - ------------------------------------------
[INFO ][2016-02-09 22:54:01,651][com.java.SeleniumDriver] [  857] - Test case being Executed: 8
[INFO ][2016-02-09 22:54:01,651][com.java.SeleniumDriver] [  869] - Test step:42
[INFO ][2016-02-09 22:54:01,651][com.java.SeleniumDriver] [  881] - Datavalue is----------10
[INFO ][2016-02-09 22:54:01,651][com.java.SeleniumDriver] [  905] - DataField : XPH//div[contains(text(), 'My Dashboard')]
[INFO ][2016-02-09 22:54:01,651][com.java.SeleniumDriver] [  907] - DataValue : 10
[INFO ][2016-02-09 22:54:01,651][com.java.SeleniumDriver] [  913] - <In Set values of the page>
[INFO ][2016-02-09 22:54:01,651][com.java.SeleniumDriver] [  916] - {Data Fields & Data Values Exist}
[INFO ][2016-02-09 22:54:01,651][com.java.SeleniumDriver] [  918] - --------------------------setting values-----------------------------
[INFO ][2016-02-09 22:54:01,651][com.java.SeleniumDriver] [  921] - Action Type : WAITFORELEMENT
[INFO ][2016-02-09 22:54:02,106][com.java.SeleniumDriver] [  930] -  RESULT true
[INFO ][2016-02-09 22:54:02,106][com.java.SeleniumDriver] [ 1136] - ?   P A S S   ?
[INFO ][2016-02-09 22:54:02,106][com.java.SeleniumDriver] [  856] - ------------------------------------------
[INFO ][2016-02-09 22:54:02,106][com.java.SeleniumDriver] [  857] - Test case being Executed: 8
[INFO ][2016-02-09 22:54:02,106][com.java.SeleniumDriver] [  869] - Test step:43
[INFO ][2016-02-09 22:54:02,107][com.java.SeleniumDriver] [  881] - Datavalue is----------//div[contains(text(), 'My Dashboard')]
[INFO ][2016-02-09 22:54:02,107][com.java.SeleniumDriver] [  905] - DataField : BTN
[INFO ][2016-02-09 22:54:02,107][com.java.SeleniumDriver] [  907] - DataValue : //div[contains(text(), 'My Dashboard')]
[INFO ][2016-02-09 22:54:02,107][com.java.SeleniumDriver] [  913] - <In Set values of the page>
[INFO ][2016-02-09 22:54:02,107][com.java.SeleniumDriver] [  916] - {Data Fields & Data Values Exist}
[INFO ][2016-02-09 22:54:02,107][com.java.SeleniumDriver] [  918] - --------------------------setting values-----------------------------
[INFO ][2016-02-09 22:54:02,107][com.java.SeleniumDriver] [  921] - Action Type : VERIFY
[INFO ][2016-02-09 22:54:02,107][com.java.TestType] [ 8386] - field= BTN value= //div[contains(text(), 'My Dashboard')]
[INFO ][2016-02-09 22:54:02,107][com.java.TestType] [ 6752] - value = //div[contains(text(), 'My Dashboard')]
[INFO ][2016-02-09 22:54:02,627][com.java.SeleniumDriver] [  930] -  RESULT true
[INFO ][2016-02-09 22:54:02,627][com.java.SeleniumDriver] [ 1136] - ?   P A S S   ?
[DEBUG][2016-02-09 22:54:02,627][com.java.SeleniumDriver] [ 1248] - Case found
[DEBUG][2016-02-09 22:54:02,627][com.java.SeleniumDriver] [ 1253] - Incrementing ReportCounters[0]:2
[INFO ][2016-02-09 22:54:02,627][com.java.SeleniumDriver] [ 1272] - The results are-------------------[8, 1, Right Hand Menu: BS Alerts-BS Alerts data correctness, Pass, , Tue Feb 09 22:50:38 IST 2016, 8, 3, Right Hand Menu: BS Alerts-BS Alerts data correctness, Pass, , Tue Feb 09 22:50:45 IST 2016, 8, 4, Right Hand Menu: BS Alerts-BS Alerts data correctness, Pass, , Tue Feb 09 22:51:41 IST 2016, 8, 5, Right Hand Menu: BS Alerts-BS Alerts data correctness, Pass, , Tue Feb 09 22:52:29 IST 2016, 8, 6, Right Hand Menu: BS Alerts-BS Alerts data correctness, Pass, , Tue Feb 09 22:52:29 IST 2016, 8, 7, Right Hand Menu: BS Alerts-BS Alerts data correctness, Pass, , Tue Feb 09 22:52:30 IST 2016, 8, 8, Right Hand Menu: BS Alerts-BS Alerts data correctness, Pass, , Tue Feb 09 22:52:33 IST 2016, 8, 9, Right Hand Menu: BS Alerts-BS Alerts data correctness, Pass, , Tue Feb 09 22:52:38 IST 2016, 8, 10, Right Hand Menu: BS Alerts-BS Alerts data correctness, Pass, , Tue Feb 09 22:52:43 IST 2016, 8, 11, Right Hand Menu: BS Alerts-BS Alerts data correctness, Pass, , Tue Feb 09 22:52:43 IST 2016, 8, 12, Right Hand Menu: BS Alerts-BS Alerts data correctness, Pass, , Tue Feb 09 22:52:47 IST 2016, 8, 13, Right Hand Menu: BS Alerts-BS Alerts data correctness, Pass, , Tue Feb 09 22:52:51 IST 2016, 8, 14, Right Hand Menu: BS Alerts-BS Alerts data correctness, Pass, , Tue Feb 09 22:52:55 IST 2016, 8, 15, Right Hand Menu: BS Alerts-BS Alerts data correctness, Pass, , Tue Feb 09 22:52:55 IST 2016, 8, 16, Right Hand Menu: BS Alerts-BS Alerts data correctness, Pass, , Tue Feb 09 22:52:56 IST 2016, 8, 17, Right Hand Menu: BS Alerts-BS Alerts data correctness, Pass, , Tue Feb 09 22:52:59 IST 2016, 8, 18, Right Hand Menu: BS Alerts-BS Alerts data correctness, Pass, , Tue Feb 09 22:53:04 IST 2016, 8, 19, Right Hand Menu: BS Alerts-BS Alerts data correctness, Pass, , Tue Feb 09 22:53:05 IST 2016, 8, 20, Right Hand Menu: BS Alerts-BS Alerts data correctness, Pass, , Tue Feb 09 22:53:08 IST 2016, 8, 21, Right Hand Menu: BS Alerts-BS Alerts data correctness, Pass, , Tue Feb 09 22:53:09 IST 2016, 8, 22, Right Hand Menu: BS Alerts-BS Alerts data correctness, Pass, , Tue Feb 09 22:53:14 IST 2016, 8, 23, Right Hand Menu: BS Alerts-BS Alerts data correctness, Pass, , Tue Feb 09 22:53:15 IST 2016, 8, 24, Right Hand Menu: BS Alerts-BS Alerts data correctness, Pass, , Tue Feb 09 22:53:30 IST 2016, 8, 25, Right Hand Menu: BS Alerts-BS Alerts data correctness, Pass, , Tue Feb 09 22:53:31 IST 2016, 8, 28, Right Hand Menu: BS Alerts-BS Alerts data correctness, Pass, , Tue Feb 09 22:53:34 IST 2016, 8, 29, Right Hand Menu: BS Alerts-BS Alerts data correctness, Pass, , Tue Feb 09 22:53:35 IST 2016, 8, 30, Right Hand Menu: BS Alerts-BS Alerts data correctness, Pass, , Tue Feb 09 22:53:36 IST 2016, 8, 31, Right Hand Menu: BS Alerts-BS Alerts data correctness, Pass, , Tue Feb 09 22:53:36 IST 2016, 8, 32, Right Hand Menu: BS Alerts-BS Alerts data correctness, Pass, , Tue Feb 09 22:53:37 IST 2016, 8, 33, Right Hand Menu: BS Alerts-BS Alerts data correctness, Pass, , Tue Feb 09 22:53:38 IST 2016, 8, 34, Right Hand Menu: BS Alerts-BS Alerts data correctness, Pass, , Tue Feb 09 22:53:42 IST 2016, 8, 35, Right Hand Menu: BS Alerts-BS Alerts data correctness, Pass, , Tue Feb 09 22:53:42 IST 2016, 8, 36, Right Hand Menu: BS Alerts-BS Alerts data correctness, Pass, , Tue Feb 09 22:53:43 IST 2016, 8, 37, Right Hand Menu: BS Alerts-BS Alerts data correctness, Pass, , Tue Feb 09 22:53:58 IST 2016, 8, 38, Right Hand Menu: BS Alerts-BS Alerts data correctness, Pass, , Tue Feb 09 22:53:58 IST 2016, 8, 39, Right Hand Menu: BS Alerts-BS Alerts data correctness, Pass, , Tue Feb 09 22:53:58 IST 2016, 8, 40, Right Hand Menu: BS Alerts-BS Alerts data correctness, Pass, , Tue Feb 09 22:53:58 IST 2016, 8, 41, Right Hand Menu: BS Alerts-BS Alerts data correctness, Pass, , Tue Feb 09 22:54:01 IST 2016, 8, 42, Right Hand Menu: BS Alerts-BS Alerts data correctness, Pass, , Tue Feb 09 22:54:02 IST 2016, 8, 43, Right Hand Menu: BS Alerts-BS Alerts data correctness, Pass, , Tue Feb 09 22:54:02 IST 2016]
[INFO ][2016-02-09 22:54:02,627][com.java.SeleniumDriver] [ 1276] - End time is-------4 min 17 sec
[INFO ][2016-02-09 22:54:02,628][com.java.SeleniumDriver] [ 1277] - The results are-------------------[8, 1, Right Hand Menu: BS Alerts-BS Alerts data correctness, Pass, , Tue Feb 09 22:50:38 IST 2016, 8, 3, Right Hand Menu: BS Alerts-BS Alerts data correctness, Pass, , Tue Feb 09 22:50:45 IST 2016, 8, 4, Right Hand Menu: BS Alerts-BS Alerts data correctness, Pass, , Tue Feb 09 22:51:41 IST 2016, 8, 5, Right Hand Menu: BS Alerts-BS Alerts data correctness, Pass, , Tue Feb 09 22:52:29 IST 2016, 8, 6, Right Hand Menu: BS Alerts-BS Alerts data correctness, Pass, , Tue Feb 09 22:52:29 IST 2016, 8, 7, Right Hand Menu: BS Alerts-BS Alerts data correctness, Pass, , Tue Feb 09 22:52:30 IST 2016, 8, 8, Right Hand Menu: BS Alerts-BS Alerts data correctness, Pass, , Tue Feb 09 22:52:33 IST 2016, 8, 9, Right Hand Menu: BS Alerts-BS Alerts data correctness, Pass, , Tue Feb 09 22:52:38 IST 2016, 8, 10, Right Hand Menu: BS Alerts-BS Alerts data correctness, Pass, , Tue Feb 09 22:52:43 IST 2016, 8, 11, Right Hand Menu: BS Alerts-BS Alerts data correctness, Pass, , Tue Feb 09 22:52:43 IST 2016, 8, 12, Right Hand Menu: BS Alerts-BS Alerts data correctness, Pass, , Tue Feb 09 22:52:47 IST 2016, 8, 13, Right Hand Menu: BS Alerts-BS Alerts data correctness, Pass, , Tue Feb 09 22:52:51 IST 2016, 8, 14, Right Hand Menu: BS Alerts-BS Alerts data correctness, Pass, , Tue Feb 09 22:52:55 IST 2016, 8, 15, Right Hand Menu: BS Alerts-BS Alerts data correctness, Pass, , Tue Feb 09 22:52:55 IST 2016, 8, 16, Right Hand Menu: BS Alerts-BS Alerts data correctness, Pass, , Tue Feb 09 22:52:56 IST 2016, 8, 17, Right Hand Menu: BS Alerts-BS Alerts data correctness, Pass, , Tue Feb 09 22:52:59 IST 2016, 8, 18, Right Hand Menu: BS Alerts-BS Alerts data correctness, Pass, , Tue Feb 09 22:53:04 IST 2016, 8, 19, Right Hand Menu: BS Alerts-BS Alerts data correctness, Pass, , Tue Feb 09 22:53:05 IST 2016, 8, 20, Right Hand Menu: BS Alerts-BS Alerts data correctness, Pass, , Tue Feb 09 22:53:08 IST 2016, 8, 21, Right Hand Menu: BS Alerts-BS Alerts data correctness, Pass, , Tue Feb 09 22:53:09 IST 2016, 8, 22, Right Hand Menu: BS Alerts-BS Alerts data correctness, Pass, , Tue Feb 09 22:53:14 IST 2016, 8, 23, Right Hand Menu: BS Alerts-BS Alerts data correctness, Pass, , Tue Feb 09 22:53:15 IST 2016, 8, 24, Right Hand Menu: BS Alerts-BS Alerts data correctness, Pass, , Tue Feb 09 22:53:30 IST 2016, 8, 25, Right Hand Menu: BS Alerts-BS Alerts data correctness, Pass, , Tue Feb 09 22:53:31 IST 2016, 8, 28, Right Hand Menu: BS Alerts-BS Alerts data correctness, Pass, , Tue Feb 09 22:53:34 IST 2016, 8, 29, Right Hand Menu: BS Alerts-BS Alerts data correctness, Pass, , Tue Feb 09 22:53:35 IST 2016, 8, 30, Right Hand Menu: BS Alerts-BS Alerts data correctness, Pass, , Tue Feb 09 22:53:36 IST 2016, 8, 31, Right Hand Menu: BS Alerts-BS Alerts data correctness, Pass, , Tue Feb 09 22:53:36 IST 2016, 8, 32, Right Hand Menu: BS Alerts-BS Alerts data correctness, Pass, , Tue Feb 09 22:53:37 IST 2016, 8, 33, Right Hand Menu: BS Alerts-BS Alerts data correctness, Pass, , Tue Feb 09 22:53:38 IST 2016, 8, 34, Right Hand Menu: BS Alerts-BS Alerts data correctness, Pass, , Tue Feb 09 22:53:42 IST 2016, 8, 35, Right Hand Menu: BS Alerts-BS Alerts data correctness, Pass, , Tue Feb 09 22:53:42 IST 2016, 8, 36, Right Hand Menu: BS Alerts-BS Alerts data correctness, Pass, , Tue Feb 09 22:53:43 IST 2016, 8, 37, Right Hand Menu: BS Alerts-BS Alerts data correctness, Pass, , Tue Feb 09 22:53:58 IST 2016, 8, 38, Right Hand Menu: BS Alerts-BS Alerts data correctness, Pass, , Tue Feb 09 22:53:58 IST 2016, 8, 39, Right Hand Menu: BS Alerts-BS Alerts data correctness, Pass, , Tue Feb 09 22:53:58 IST 2016, 8, 40, Right Hand Menu: BS Alerts-BS Alerts data correctness, Pass, , Tue Feb 09 22:53:58 IST 2016, 8, 41, Right Hand Menu: BS Alerts-BS Alerts data correctness, Pass, , Tue Feb 09 22:54:01 IST 2016, 8, 42, Right Hand Menu: BS Alerts-BS Alerts data correctness, Pass, , Tue Feb 09 22:54:02 IST 2016, 8, 43, Right Hand Menu: BS Alerts-BS Alerts data correctness, Pass, , Tue Feb 09 22:54:02 IST 2016]
[DEBUG][2016-02-09 22:54:02,628][com.java.ImportnExport.ExportTestResultsExcel] [  222] - testResultPath = D:\BankersDashboard/TestReports/Test Results_BankersDashBoard_020916_224947_IE10_Any Bank USA.xls
[DEBUG][2016-02-09 22:54:02,628][com.java.ImportnExport.ExportTestResultsExcel] [  223] - browser is------------IE10
[DEBUG][2016-02-09 22:54:02,630][com.java.ImportnExport.ExportTestResultsExcel] [  270] - result.size() = 240
[DEBUG][2016-02-09 22:54:02,630][com.java.ImportnExport.ExportTestResultsExcel] [  274] - No of rows in sheet=2
[DEBUG][2016-02-09 22:54:02,630][com.java.ImportnExport.ExportTestResultsExcel] [  301] - ..in export..8
[DEBUG][2016-02-09 22:54:02,630][com.java.ImportnExport.ExportTestResultsExcel] [  301] - ..in export..Right Hand Menu: BS Alerts-BS Alerts data correctness
[DEBUG][2016-02-09 22:54:02,630][com.java.ImportnExport.ExportTestResultsExcel] [  301] - ..in export..Pass
[DEBUG][2016-02-09 22:54:02,630][com.java.ImportnExport.ExportTestResultsExcel] [  301] - ..in export..
[DEBUG][2016-02-09 22:54:02,630][com.java.ImportnExport.ExportTestResultsExcel] [  301] - ..in export..Tue Feb 09 22:50:38 IST 2016
[INFO ][2016-02-09 22:54:02,632][com.java.SeleniumDriver] [ 1337] - out loop:1 size:3 TestCases:[1, 8, 9] testcases:[1, 8, 9]
[INFO ][2016-02-09 22:54:02,632][com.java.ImportnExport.ImportTestDataDetailsExcel] [   49] - test data details path===== D:\BankersDashboard\TestInputs\TestData.xls
[INFO ][2016-02-09 22:54:19,983][com.java.SeleniumDriver] [  856] - ------------------------------------------
[INFO ][2016-02-09 22:54:19,983][com.java.SeleniumDriver] [  857] - Test case being Executed: 9
[INFO ][2016-02-09 22:54:19,983][com.java.SeleniumDriver] [  869] - Test step:1
[INFO ][2016-02-09 22:54:19,983][com.java.SeleniumDriver] [  881] - Datavalue is----------Logout
[INFO ][2016-02-09 22:54:19,983][com.java.SeleniumDriver] [  905] - DataField : BTN
[INFO ][2016-02-09 22:54:19,984][com.java.SeleniumDriver] [  907] - DataValue : Logout
[INFO ][2016-02-09 22:54:19,984][com.java.SeleniumDriver] [  913] - <In Set values of the page>
[INFO ][2016-02-09 22:54:19,984][com.java.SeleniumDriver] [  916] - {Data Fields & Data Values Exist}
[INFO ][2016-02-09 22:54:19,984][com.java.SeleniumDriver] [  918] - --------------------------setting values-----------------------------
[INFO ][2016-02-09 22:54:19,984][com.java.SeleniumDriver] [  921] - Action Type : Verify
[INFO ][2016-02-09 22:54:19,984][com.java.TestType] [ 8386] - field= BTN value= Logout
[INFO ][2016-02-09 22:54:19,984][com.java.TestType] [ 6752] - value = Logout
[INFO ][2016-02-09 22:54:20,494][com.java.SeleniumDriver] [  930] -  RESULT true
[INFO ][2016-02-09 22:54:20,494][com.java.SeleniumDriver] [ 1136] - ?   P A S S   ?
[INFO ][2016-02-09 22:54:20,494][com.java.SeleniumDriver] [ 1178] - step change to 3
[INFO ][2016-02-09 22:54:20,494][com.java.SeleniumDriver] [  856] - ------------------------------------------
[INFO ][2016-02-09 22:54:20,494][com.java.SeleniumDriver] [  857] - Test case being Executed: 9
[INFO ][2016-02-09 22:54:20,494][com.java.SeleniumDriver] [  869] - Test step:3
[INFO ][2016-02-09 22:54:20,494][com.java.SeleniumDriver] [  881] - Datavalue is----------Concept#2:1-2
[INFO ][2016-02-09 22:54:20,495][com.java.SeleniumDriver] [  905] - DataField : test
[INFO ][2016-02-09 22:54:20,495][com.java.SeleniumDriver] [  907] - DataValue : Concept#2:1-2
[INFO ][2016-02-09 22:54:20,495][com.java.SeleniumDriver] [  913] - <In Set values of the page>
[INFO ][2016-02-09 22:54:20,495][com.java.SeleniumDriver] [  916] - {Data Fields & Data Values Exist}
[INFO ][2016-02-09 22:54:20,495][com.java.SeleniumDriver] [  918] - --------------------------setting values-----------------------------
[INFO ][2016-02-09 22:54:20,495][com.java.SeleniumDriver] [  921] - Action Type : ExecuteTestCase
[INFO ][2016-02-09 22:54:20,495][com.java.TestType] [  448] - The Concept sheet name is ---------- Concept
[INFO ][2016-02-09 22:54:20,495][com.java.TestType] [  451] - The Concept ID  is ---------- 2
[DEBUG][2016-02-09 22:54:20,495][com.java.TestType] [  455] - Steps being executted in the Concept are: 1:2
[INFO ][2016-02-09 22:54:20,495][com.java.TestType] [  462] - Test data details path ---------- D:\BankersDashboard\TestInputs\TestData.xls
[INFO ][2016-02-09 22:54:20,512][com.java.TestType] [  493] -  str(1) = 2
[INFO ][2016-02-09 22:54:20,512][com.java.TestType] [  496] - Test case Id is---2
[INFO ][2016-02-09 22:54:20,512][com.java.TestType] [  498] - 2
[INFO ][2016-02-09 22:54:20,513][com.java.TestType] [  493] -  str(2) = 1
[INFO ][2016-02-09 22:54:20,514][com.java.TestType] [  493] -  str(1) = 2
[INFO ][2016-02-09 22:54:20,514][com.java.TestType] [  496] - Test case Id is---2
[INFO ][2016-02-09 22:54:20,514][com.java.TestType] [  498] - 2
[INFO ][2016-02-09 22:54:20,514][com.java.TestType] [  493] -  str(2) = 2
[INFO ][2016-02-09 22:54:20,515][com.java.TestType] [  493] -  str(1) = 2
[INFO ][2016-02-09 22:54:20,515][com.java.TestType] [  496] - Test case Id is---2
[INFO ][2016-02-09 22:54:20,515][com.java.TestType] [  498] - 2
[INFO ][2016-02-09 22:54:20,515][com.java.TestType] [  493] -  str(2) = 3
[INFO ][2016-02-09 22:54:20,516][com.java.TestType] [12143] - Looping 1TCID = 2
[DEBUG][2016-02-09 22:54:20,516][com.java.TestType] [12184] - Concept ID:2 :: Step being Executed: 2::1
[INFO ][2016-02-09 22:54:20,516][com.java.TestType] [12222] - dataFields : BNK//select[@id='bank']
[DEBUG][2016-02-09 22:54:20,516][com.java.TestType] [12228] - <In Set values of the page>
[DEBUG][2016-02-09 22:54:20,516][com.java.TestType] [12233] - {Data Fields & Data Values Exist}
[INFO ][2016-02-09 22:54:20,516][com.java.TestType] [12239] - --------------------------setting values-----------------------------
[INFO ][2016-02-09 22:54:20,517][com.java.TestType] [12242] - Action Type : Select
[INFO ][2016-02-09 22:54:20,517][com.java.TestType] [ 6752] - value = PFC
[INFO ][2016-02-09 22:54:21,923][com.java.TestType] [12261] -  RESULT true
[INFO ][2016-02-09 22:54:21,923][com.java.TestType] [12378] - ?   P A S S   ?
[DEBUG][2016-02-09 22:54:21,923][com.java.TestType] [12184] - Concept ID:2 :: Step being Executed: 2::2
[INFO ][2016-02-09 22:54:21,923][com.java.TestType] [12222] - dataFields : LNKLogout
[DEBUG][2016-02-09 22:54:21,924][com.java.TestType] [12228] - <In Set values of the page>
[DEBUG][2016-02-09 22:54:21,924][com.java.TestType] [12233] - {Data Fields & Data Values Exist}
[INFO ][2016-02-09 22:54:21,924][com.java.TestType] [12239] - --------------------------setting values-----------------------------
[INFO ][2016-02-09 22:54:21,924][com.java.TestType] [12242] - Action Type : WaitTime
[DEBUG][2016-02-09 22:54:21,924][com.java.TestType] [ 6561] - sleepTime: 5000
[INFO ][2016-02-09 22:54:26,924][com.java.TestType] [12261] -  RESULT true
[INFO ][2016-02-09 22:54:26,924][com.java.TestType] [12378] - ?   P A S S   ?
[INFO ][2016-02-09 22:54:26,924][com.java.TestType] [12449] - Looping End......
[INFO ][2016-02-09 22:54:26,925][com.java.SeleniumDriver] [  930] -  RESULT true
[INFO ][2016-02-09 22:54:26,925][com.java.SeleniumDriver] [ 1136] - ?   P A S S   ?
[INFO ][2016-02-09 22:54:26,925][com.java.SeleniumDriver] [  856] - ------------------------------------------
[INFO ][2016-02-09 22:54:26,926][com.java.SeleniumDriver] [  857] - Test case being Executed: 9
[INFO ][2016-02-09 22:54:26,926][com.java.SeleniumDriver] [  869] - Test step:4
[INFO ][2016-02-09 22:54:26,926][com.java.SeleniumDriver] [  881] - Datavalue is----------2
[INFO ][2016-02-09 22:54:26,926][com.java.SeleniumDriver] [  905] - DataField : XPH//span[@class='icon-compass']
[INFO ][2016-02-09 22:54:26,926][com.java.SeleniumDriver] [  907] - DataValue : 2
[INFO ][2016-02-09 22:54:26,926][com.java.SeleniumDriver] [  913] - <In Set values of the page>
[INFO ][2016-02-09 22:54:26,926][com.java.SeleniumDriver] [  916] - {Data Fields & Data Values Exist}
[INFO ][2016-02-09 22:54:26,926][com.java.SeleniumDriver] [  918] - --------------------------setting values-----------------------------
[INFO ][2016-02-09 22:54:26,926][com.java.SeleniumDriver] [  921] - Action Type : WaitForElement
[INFO ][2016-02-09 22:54:27,191][com.java.SeleniumDriver] [  930] -  RESULT true
[INFO ][2016-02-09 22:54:27,191][com.java.SeleniumDriver] [ 1136] - ?   P A S S   ?
[INFO ][2016-02-09 22:54:27,191][com.java.SeleniumDriver] [  856] - ------------------------------------------
[INFO ][2016-02-09 22:54:27,192][com.java.SeleniumDriver] [  857] - Test case being Executed: 9
[INFO ][2016-02-09 22:54:27,192][com.java.SeleniumDriver] [  869] - Test step:5
[INFO ][2016-02-09 22:54:27,192][com.java.SeleniumDriver] [  881] - Datavalue is----------2
[INFO ][2016-02-09 22:54:27,192][com.java.SeleniumDriver] [  905] - DataField : XPH//button[contains(@class,'menu-item handle')]
[INFO ][2016-02-09 22:54:27,192][com.java.SeleniumDriver] [  907] - DataValue : 2
[INFO ][2016-02-09 22:54:27,192][com.java.SeleniumDriver] [  913] - <In Set values of the page>
[INFO ][2016-02-09 22:54:27,192][com.java.SeleniumDriver] [  916] - {Data Fields & Data Values Exist}
[INFO ][2016-02-09 22:54:27,192][com.java.SeleniumDriver] [  918] - --------------------------setting values-----------------------------
[INFO ][2016-02-09 22:54:27,192][com.java.SeleniumDriver] [  921] - Action Type : WaitForElement
[INFO ][2016-02-09 22:54:27,437][com.java.SeleniumDriver] [  930] -  RESULT true
[INFO ][2016-02-09 22:54:27,437][com.java.SeleniumDriver] [ 1136] - ?   P A S S   ?
[INFO ][2016-02-09 22:54:27,437][com.java.SeleniumDriver] [  856] - ------------------------------------------
[INFO ][2016-02-09 22:54:27,437][com.java.SeleniumDriver] [  857] - Test case being Executed: 9
[INFO ][2016-02-09 22:54:27,437][com.java.SeleniumDriver] [  869] - Test step:6
[INFO ][2016-02-09 22:54:27,437][com.java.SeleniumDriver] [  881] - Datavalue is----------null
[DEBUG][2016-02-09 22:54:27,437][com.java.SeleniumDriver] [  899] - Exception: null
[INFO ][2016-02-09 22:54:27,437][com.java.SeleniumDriver] [  905] - DataField : XPH//button[contains(@class,'menu-item handle')]
[INFO ][2016-02-09 22:54:27,438][com.java.SeleniumDriver] [  907] - DataValue : 
[INFO ][2016-02-09 22:54:27,438][com.java.SeleniumDriver] [  913] - <In Set values of the page>
[INFO ][2016-02-09 22:54:27,438][com.java.SeleniumDriver] [  916] - {Data Fields & Data Values Exist}
[INFO ][2016-02-09 22:54:27,438][com.java.SeleniumDriver] [  918] - --------------------------setting values-----------------------------
[INFO ][2016-02-09 22:54:27,438][com.java.SeleniumDriver] [  921] - Action Type : Click
[INFO ][2016-02-09 22:54:27,438][com.java.TestType] [ 7153] - Field ::XPH//button[contains(@class,'menu-item handle')]
[INFO ][2016-02-09 22:54:27,438][com.java.TestType] [ 6752] - value = 
[INFO ][2016-02-09 22:54:28,438][com.java.TestType] [ 7330] - BEFORE CLICK
[INFO ][2016-02-09 22:54:31,138][com.java.TestType] [ 7338] - Unable to click the object Collapse Menu
[INFO ][2016-02-09 22:54:31,138][com.java.SeleniumDriver] [  930] -  RESULT true
[INFO ][2016-02-09 22:54:31,138][com.java.SeleniumDriver] [ 1136] - ?   P A S S   ?
[INFO ][2016-02-09 22:54:31,138][com.java.SeleniumDriver] [  856] - ------------------------------------------
[INFO ][2016-02-09 22:54:31,138][com.java.SeleniumDriver] [  857] - Test case being Executed: 9
[INFO ][2016-02-09 22:54:31,138][com.java.SeleniumDriver] [  869] - Test step:7
[INFO ][2016-02-09 22:54:31,138][com.java.SeleniumDriver] [  881] - Datavalue is----------null
[DEBUG][2016-02-09 22:54:31,138][com.java.SeleniumDriver] [  899] - Exception: null
[INFO ][2016-02-09 22:54:31,138][com.java.SeleniumDriver] [  905] - DataField : XPH//button[@id='menu-toggle']
[INFO ][2016-02-09 22:54:31,138][com.java.SeleniumDriver] [  907] - DataValue : 
[INFO ][2016-02-09 22:54:31,138][com.java.SeleniumDriver] [  913] - <In Set values of the page>
[INFO ][2016-02-09 22:54:31,138][com.java.SeleniumDriver] [  916] - {Data Fields & Data Values Exist}
[INFO ][2016-02-09 22:54:31,138][com.java.SeleniumDriver] [  918] - --------------------------setting values-----------------------------
[INFO ][2016-02-09 22:54:31,139][com.java.SeleniumDriver] [  921] - Action Type : Click
[INFO ][2016-02-09 22:54:31,139][com.java.TestType] [ 7153] - Field ::XPH//button[@id='menu-toggle']
[INFO ][2016-02-09 22:54:31,139][com.java.TestType] [ 6752] - value = 
[INFO ][2016-02-09 22:54:32,139][com.java.TestType] [ 7330] - BEFORE CLICK
[INFO ][2016-02-09 22:54:35,109][com.java.TestType] [ 7338] - Unable to click the object Hide left menu 
[INFO ][2016-02-09 22:54:35,109][com.java.SeleniumDriver] [  930] -  RESULT true
[INFO ][2016-02-09 22:54:35,109][com.java.SeleniumDriver] [ 1136] - ?   P A S S   ?
[INFO ][2016-02-09 22:54:35,109][com.java.SeleniumDriver] [  856] - ------------------------------------------
[INFO ][2016-02-09 22:54:35,109][com.java.SeleniumDriver] [  857] - Test case being Executed: 9
[INFO ][2016-02-09 22:54:35,109][com.java.SeleniumDriver] [  869] - Test step:8
[INFO ][2016-02-09 22:54:35,109][com.java.SeleniumDriver] [  881] - Datavalue is----------null
[DEBUG][2016-02-09 22:54:35,109][com.java.SeleniumDriver] [  899] - Exception: null
[INFO ][2016-02-09 22:54:35,109][com.java.SeleniumDriver] [  905] - DataField : XPH//button[@id='menu-toggle']
[INFO ][2016-02-09 22:54:35,109][com.java.SeleniumDriver] [  907] - DataValue : 
[INFO ][2016-02-09 22:54:35,109][com.java.SeleniumDriver] [  913] - <In Set values of the page>
[INFO ][2016-02-09 22:54:35,109][com.java.SeleniumDriver] [  916] - {Data Fields & Data Values Exist}
[INFO ][2016-02-09 22:54:35,110][com.java.SeleniumDriver] [  918] - --------------------------setting values-----------------------------
[INFO ][2016-02-09 22:54:35,110][com.java.SeleniumDriver] [  921] - Action Type : Click
[INFO ][2016-02-09 22:54:35,110][com.java.TestType] [ 7153] - Field ::XPH//button[@id='menu-toggle']
[INFO ][2016-02-09 22:54:35,110][com.java.TestType] [ 6752] - value = 
[INFO ][2016-02-09 22:54:36,110][com.java.TestType] [ 7330] - BEFORE CLICK
[INFO ][2016-02-09 22:54:38,426][com.java.TestType] [ 7338] - Unable to click the object Hide left menu 
[INFO ][2016-02-09 22:54:38,426][com.java.SeleniumDriver] [  930] -  RESULT true
[INFO ][2016-02-09 22:54:38,426][com.java.SeleniumDriver] [ 1136] - ?   P A S S   ?
[INFO ][2016-02-09 22:54:38,426][com.java.SeleniumDriver] [  856] - ------------------------------------------
[INFO ][2016-02-09 22:54:38,426][com.java.SeleniumDriver] [  857] - Test case being Executed: 9
[INFO ][2016-02-09 22:54:38,426][com.java.SeleniumDriver] [  869] - Test step:9
[INFO ][2016-02-09 22:54:38,426][com.java.SeleniumDriver] [  881] - Datavalue is----------null
[DEBUG][2016-02-09 22:54:38,426][com.java.SeleniumDriver] [  899] - Exception: null
[INFO ][2016-02-09 22:54:38,426][com.java.SeleniumDriver] [  905] - DataField : XPH//button[@class='menu-item handle']
[INFO ][2016-02-09 22:54:38,426][com.java.SeleniumDriver] [  907] - DataValue : 
[INFO ][2016-02-09 22:54:38,426][com.java.SeleniumDriver] [  913] - <In Set values of the page>
[INFO ][2016-02-09 22:54:38,426][com.java.SeleniumDriver] [  916] - {Data Fields & Data Values Exist}
[INFO ][2016-02-09 22:54:38,426][com.java.SeleniumDriver] [  918] - --------------------------setting values-----------------------------
[INFO ][2016-02-09 22:54:38,427][com.java.SeleniumDriver] [  921] - Action Type : Click
[INFO ][2016-02-09 22:54:38,427][com.java.TestType] [ 7153] - Field ::XPH//button[@class='menu-item handle']
[INFO ][2016-02-09 22:54:38,427][com.java.TestType] [ 6752] - value = 
[INFO ][2016-02-09 22:54:39,427][com.java.TestType] [ 7330] - BEFORE CLICK
[INFO ][2016-02-09 22:54:41,686][com.java.TestType] [ 7338] - Unable to click the object Expand menu
[INFO ][2016-02-09 22:54:41,686][com.java.SeleniumDriver] [  930] -  RESULT true
[INFO ][2016-02-09 22:54:41,686][com.java.SeleniumDriver] [ 1136] - ?   P A S S   ?
[INFO ][2016-02-09 22:54:41,686][com.java.SeleniumDriver] [  856] - ------------------------------------------
[INFO ][2016-02-09 22:54:41,686][com.java.SeleniumDriver] [  857] - Test case being Executed: 9
[INFO ][2016-02-09 22:54:41,686][com.java.SeleniumDriver] [  869] - Test step:10
[INFO ][2016-02-09 22:54:41,686][com.java.SeleniumDriver] [  881] - Datavalue is----------2
[INFO ][2016-02-09 22:54:41,686][com.java.SeleniumDriver] [  905] - DataField : XPH//div[@class="menu"]//span[@class='glyphicon glyphicon-bell']
[INFO ][2016-02-09 22:54:41,686][com.java.SeleniumDriver] [  907] - DataValue : 2
[INFO ][2016-02-09 22:54:41,686][com.java.SeleniumDriver] [  913] - <In Set values of the page>
[INFO ][2016-02-09 22:54:41,686][com.java.SeleniumDriver] [  916] - {Data Fields & Data Values Exist}
[INFO ][2016-02-09 22:54:41,686][com.java.SeleniumDriver] [  918] - --------------------------setting values-----------------------------
[INFO ][2016-02-09 22:54:41,687][com.java.SeleniumDriver] [  921] - Action Type : WaitForElement
[INFO ][2016-02-09 22:54:41,883][com.java.SeleniumDriver] [  930] -  RESULT true
[INFO ][2016-02-09 22:54:41,883][com.java.SeleniumDriver] [ 1136] - ?   P A S S   ?
[INFO ][2016-02-09 22:54:41,883][com.java.SeleniumDriver] [  856] - ------------------------------------------
[INFO ][2016-02-09 22:54:41,883][com.java.SeleniumDriver] [  857] - Test case being Executed: 9
[INFO ][2016-02-09 22:54:41,883][com.java.SeleniumDriver] [  869] - Test step:11
[INFO ][2016-02-09 22:54:41,883][com.java.SeleniumDriver] [  881] - Datavalue is----------null
[DEBUG][2016-02-09 22:54:41,883][com.java.SeleniumDriver] [  899] - Exception: null
[INFO ][2016-02-09 22:54:41,883][com.java.SeleniumDriver] [  905] - DataField : XPH//div[@class="menu"]//span[@class='glyphicon glyphicon-bell']
[INFO ][2016-02-09 22:54:41,883][com.java.SeleniumDriver] [  907] - DataValue : 
[INFO ][2016-02-09 22:54:41,883][com.java.SeleniumDriver] [  913] - <In Set values of the page>
[INFO ][2016-02-09 22:54:41,883][com.java.SeleniumDriver] [  916] - {Data Fields & Data Values Exist}
[INFO ][2016-02-09 22:54:41,884][com.java.SeleniumDriver] [  918] - --------------------------setting values-----------------------------
[INFO ][2016-02-09 22:54:41,884][com.java.SeleniumDriver] [  921] - Action Type : Click
[INFO ][2016-02-09 22:54:41,884][com.java.TestType] [ 7153] - Field ::XPH//div[@class="menu"]//span[@class='glyphicon glyphicon-bell']
[INFO ][2016-02-09 22:54:41,884][com.java.TestType] [ 6752] - value = 
[INFO ][2016-02-09 22:54:42,884][com.java.TestType] [ 7330] - BEFORE CLICK
[INFO ][2016-02-09 22:54:45,214][com.java.TestType] [ 7338] - Unable to click the object Bell Icon
[INFO ][2016-02-09 22:54:45,214][com.java.SeleniumDriver] [  930] -  RESULT true
[INFO ][2016-02-09 22:54:45,214][com.java.SeleniumDriver] [ 1136] - ?   P A S S   ?
[INFO ][2016-02-09 22:54:45,214][com.java.SeleniumDriver] [  856] - ------------------------------------------
[INFO ][2016-02-09 22:54:45,214][com.java.SeleniumDriver] [  857] - Test case being Executed: 9
[INFO ][2016-02-09 22:54:45,214][com.java.SeleniumDriver] [  869] - Test step:12
[INFO ][2016-02-09 22:54:45,214][com.java.SeleniumDriver] [  881] - Datavalue is----------//div[@class="body"]//button[@data-original-title="Collapse Menu" ]
[INFO ][2016-02-09 22:54:45,214][com.java.SeleniumDriver] [  905] - DataField : BTN
[INFO ][2016-02-09 22:54:45,214][com.java.SeleniumDriver] [  907] - DataValue : //div[@class="body"]//button[@data-original-title="Collapse Menu" ]
[INFO ][2016-02-09 22:54:45,214][com.java.SeleniumDriver] [  913] - <In Set values of the page>
[INFO ][2016-02-09 22:54:45,214][com.java.SeleniumDriver] [  916] - {Data Fields & Data Values Exist}
[INFO ][2016-02-09 22:54:45,214][com.java.SeleniumDriver] [  918] - --------------------------setting values-----------------------------
[INFO ][2016-02-09 22:54:45,214][com.java.SeleniumDriver] [  921] - Action Type : VERIFY
[INFO ][2016-02-09 22:54:45,215][com.java.TestType] [ 8386] - field= BTN value= //div[@class="body"]//button[@data-original-title="Collapse Menu" ]
[INFO ][2016-02-09 22:54:45,215][com.java.TestType] [ 6752] - value = //div[@class="body"]//button[@data-original-title="Collapse Menu" ]
[INFO ][2016-02-09 22:54:45,744][com.java.SeleniumDriver] [  930] -  RESULT true
[INFO ][2016-02-09 22:54:45,744][com.java.SeleniumDriver] [ 1136] - ?   P A S S   ?
[INFO ][2016-02-09 22:54:45,744][com.java.SeleniumDriver] [ 1178] - step change to 15
[INFO ][2016-02-09 22:54:45,744][com.java.SeleniumDriver] [  856] - ------------------------------------------
[INFO ][2016-02-09 22:54:45,744][com.java.SeleniumDriver] [  857] - Test case being Executed: 9
[WARN ][2016-02-09 22:54:45,744][com.java.SeleniumDriver] [  861] - -----------------------Step Skipped:: 	TestCaseNo:  9	 StepNo: 15  	::	Action Type:  WaitForElement 	::		ClientName In TestData:  "SKIP" 	::	ClientName in config:  "Any Bank USA"-----------------------------
[INFO ][2016-02-09 22:54:45,745][com.java.SeleniumDriver] [  856] - ------------------------------------------
[INFO ][2016-02-09 22:54:45,745][com.java.SeleniumDriver] [  857] - Test case being Executed: 9
[INFO ][2016-02-09 22:54:45,745][com.java.SeleniumDriver] [  869] - Test step:16
[INFO ][2016-02-09 22:54:45,745][com.java.SeleniumDriver] [  881] - Datavalue is----------null
[DEBUG][2016-02-09 22:54:45,745][com.java.SeleniumDriver] [  899] - Exception: null
[INFO ][2016-02-09 22:54:45,745][com.java.SeleniumDriver] [  905] - DataField : XPH//div[@class='panel panel-default ng-scope'][2]//span[@class='glyphicon glyphicon-play']
[INFO ][2016-02-09 22:54:45,745][com.java.SeleniumDriver] [  907] - DataValue : 
[INFO ][2016-02-09 22:54:45,745][com.java.SeleniumDriver] [  913] - <In Set values of the page>
[INFO ][2016-02-09 22:54:45,745][com.java.SeleniumDriver] [  916] - {Data Fields & Data Values Exist}
[INFO ][2016-02-09 22:54:45,745][com.java.SeleniumDriver] [  918] - --------------------------setting values-----------------------------
[INFO ][2016-02-09 22:54:45,745][com.java.SeleniumDriver] [  921] - Action Type : Click
[INFO ][2016-02-09 22:54:45,745][com.java.TestType] [ 7153] - Field ::XPH//div[@class='panel panel-default ng-scope'][2]//span[@class='glyphicon glyphicon-play']
[INFO ][2016-02-09 22:54:45,745][com.java.TestType] [ 6752] - value = 
[INFO ][2016-02-09 22:54:46,745][com.java.TestType] [ 7330] - BEFORE CLICK
[INFO ][2016-02-09 22:54:49,467][com.java.TestType] [ 7338] - Unable to click the object Click BS triangle
[INFO ][2016-02-09 22:54:49,467][com.java.SeleniumDriver] [  930] -  RESULT true
[INFO ][2016-02-09 22:54:49,467][com.java.SeleniumDriver] [ 1136] - ?   P A S S   ?
[INFO ][2016-02-09 22:54:49,467][com.java.SeleniumDriver] [  856] - ------------------------------------------
[INFO ][2016-02-09 22:54:49,467][com.java.SeleniumDriver] [  857] - Test case being Executed: 9
[INFO ][2016-02-09 22:54:49,467][com.java.SeleniumDriver] [  869] - Test step:17
[INFO ][2016-02-09 22:54:49,467][com.java.SeleniumDriver] [  881] - Datavalue is----------null
[DEBUG][2016-02-09 22:54:49,467][com.java.SeleniumDriver] [  899] - Exception: null
[INFO ][2016-02-09 22:54:49,467][com.java.SeleniumDriver] [  905] - DataField : XPH//div[@class='panel panel-default ng-scope'][2]//span[@class='glyphicon glyphicon-play down']
[INFO ][2016-02-09 22:54:49,467][com.java.SeleniumDriver] [  907] - DataValue : 
[INFO ][2016-02-09 22:54:49,467][com.java.SeleniumDriver] [  913] - <In Set values of the page>
[INFO ][2016-02-09 22:54:49,467][com.java.SeleniumDriver] [  916] - {Data Fields & Data Values Exist}
[INFO ][2016-02-09 22:54:49,468][com.java.SeleniumDriver] [  918] - --------------------------setting values-----------------------------
[INFO ][2016-02-09 22:54:49,468][com.java.SeleniumDriver] [  921] - Action Type : Click
[INFO ][2016-02-09 22:54:49,468][com.java.TestType] [ 7153] - Field ::XPH//div[@class='panel panel-default ng-scope'][2]//span[@class='glyphicon glyphicon-play down']
[INFO ][2016-02-09 22:54:49,468][com.java.TestType] [ 6752] - value = 
[INFO ][2016-02-09 22:54:50,468][com.java.TestType] [ 7330] - BEFORE CLICK
[INFO ][2016-02-09 22:54:53,082][com.java.TestType] [ 7338] - Unable to click the object Click BS triangle
[INFO ][2016-02-09 22:54:53,082][com.java.SeleniumDriver] [  930] -  RESULT true
[INFO ][2016-02-09 22:54:53,082][com.java.SeleniumDriver] [ 1136] - ?   P A S S   ?
[INFO ][2016-02-09 22:54:53,082][com.java.SeleniumDriver] [  856] - ------------------------------------------
[INFO ][2016-02-09 22:54:53,082][com.java.SeleniumDriver] [  857] - Test case being Executed: 9
[INFO ][2016-02-09 22:54:53,082][com.java.SeleniumDriver] [  869] - Test step:18
[INFO ][2016-02-09 22:54:53,082][com.java.SeleniumDriver] [  881] - Datavalue is----------//div[@id='isAlertsHeading']//span[@title='Show Report']
[INFO ][2016-02-09 22:54:53,082][com.java.SeleniumDriver] [  905] - DataField : BTN
[INFO ][2016-02-09 22:54:53,082][com.java.SeleniumDriver] [  907] - DataValue : //div[@id='isAlertsHeading']//span[@title='Show Report']
[INFO ][2016-02-09 22:54:53,082][com.java.SeleniumDriver] [  913] - <In Set values of the page>
[INFO ][2016-02-09 22:54:53,082][com.java.SeleniumDriver] [  916] - {Data Fields & Data Values Exist}
[INFO ][2016-02-09 22:54:53,082][com.java.SeleniumDriver] [  918] - --------------------------setting values-----------------------------
[INFO ][2016-02-09 22:54:53,082][com.java.SeleniumDriver] [  921] - Action Type : VERIFY
[INFO ][2016-02-09 22:54:53,083][com.java.TestType] [ 8386] - field= BTN value= //div[@id='isAlertsHeading']//span[@title='Show Report']
[INFO ][2016-02-09 22:54:53,083][com.java.TestType] [ 6752] - value = //div[@id='isAlertsHeading']//span[@title='Show Report']
[INFO ][2016-02-09 22:54:53,523][com.java.SeleniumDriver] [  930] -  RESULT true
[INFO ][2016-02-09 22:54:53,523][com.java.SeleniumDriver] [ 1136] - ?   P A S S   ?
[INFO ][2016-02-09 22:54:53,523][com.java.SeleniumDriver] [ 1173] - Continue next step...
[INFO ][2016-02-09 22:54:53,523][com.java.SeleniumDriver] [  856] - ------------------------------------------
[INFO ][2016-02-09 22:54:53,523][com.java.SeleniumDriver] [  857] - Test case being Executed: 9
[INFO ][2016-02-09 22:54:53,523][com.java.SeleniumDriver] [  869] - Test step:19
[INFO ][2016-02-09 22:54:53,524][com.java.SeleniumDriver] [  881] - Datavalue is----------numberofupdatesbeforerefreshing
[INFO ][2016-02-09 22:54:53,524][com.java.SeleniumDriver] [  905] - DataField : XPH//span[@class='badge ng-binding ng-scope']
[INFO ][2016-02-09 22:54:53,524][com.java.SeleniumDriver] [  907] - DataValue : numberofupdatesbeforerefreshing
[INFO ][2016-02-09 22:54:53,524][com.java.SeleniumDriver] [  913] - <In Set values of the page>
[INFO ][2016-02-09 22:54:53,524][com.java.SeleniumDriver] [  916] - {Data Fields & Data Values Exist}
[INFO ][2016-02-09 22:54:53,524][com.java.SeleniumDriver] [  918] - --------------------------setting values-----------------------------
[INFO ][2016-02-09 22:54:53,524][com.java.SeleniumDriver] [  921] - Action Type : storevalue
[INFO ][2016-02-09 22:54:53,524][com.java.TestType] [ 9908] - field= XPH//span[@class='badge ng-binding ng-scope']
[DEBUG][2016-02-09 22:54:54,448][com.java.TestType] [ 9963] - Key:: numberofupdatesbeforerefreshing   Value:: 16
[INFO ][2016-02-09 22:54:54,448][com.java.SeleniumDriver] [  930] -  RESULT true
[INFO ][2016-02-09 22:54:54,448][com.java.SeleniumDriver] [ 1136] - ?   P A S S   ?
[INFO ][2016-02-09 22:54:54,448][com.java.SeleniumDriver] [  856] - ------------------------------------------
[INFO ][2016-02-09 22:54:54,448][com.java.SeleniumDriver] [  857] - Test case being Executed: 9
[INFO ][2016-02-09 22:54:54,448][com.java.SeleniumDriver] [  869] - Test step:20
[INFO ][2016-02-09 22:54:54,448][com.java.SeleniumDriver] [  881] - Datavalue is----------2
[INFO ][2016-02-09 22:54:54,448][com.java.SeleniumDriver] [  905] - DataField : XPH//span[contains(text(), "Today's Alerts")]
[INFO ][2016-02-09 22:54:54,448][com.java.SeleniumDriver] [  907] - DataValue : 2
[INFO ][2016-02-09 22:54:54,449][com.java.SeleniumDriver] [  913] - <In Set values of the page>
[INFO ][2016-02-09 22:54:54,449][com.java.SeleniumDriver] [  916] - {Data Fields & Data Values Exist}
[INFO ][2016-02-09 22:54:54,449][com.java.SeleniumDriver] [  918] - --------------------------setting values-----------------------------
[INFO ][2016-02-09 22:54:54,449][com.java.SeleniumDriver] [  921] - Action Type : WaitForElement
[INFO ][2016-02-09 22:54:54,715][com.java.SeleniumDriver] [  930] -  RESULT true
[INFO ][2016-02-09 22:54:54,715][com.java.SeleniumDriver] [ 1136] - ?   P A S S   ?
[INFO ][2016-02-09 22:54:54,715][com.java.SeleniumDriver] [  856] - ------------------------------------------
[INFO ][2016-02-09 22:54:54,715][com.java.SeleniumDriver] [  857] - Test case being Executed: 9
[INFO ][2016-02-09 22:54:54,715][com.java.SeleniumDriver] [  869] - Test step:21
[INFO ][2016-02-09 22:54:54,715][com.java.SeleniumDriver] [  881] - Datavalue is----------Today's Alerts
[INFO ][2016-02-09 22:54:54,715][com.java.SeleniumDriver] [  905] - DataField : XPH//span[contains(text(), "Today's Alerts")]
[INFO ][2016-02-09 22:54:54,715][com.java.SeleniumDriver] [  907] - DataValue : Today's Alerts
[INFO ][2016-02-09 22:54:54,715][com.java.SeleniumDriver] [  913] - <In Set values of the page>
[INFO ][2016-02-09 22:54:54,716][com.java.SeleniumDriver] [  916] - {Data Fields & Data Values Exist}
[INFO ][2016-02-09 22:54:54,716][com.java.SeleniumDriver] [  918] - --------------------------setting values-----------------------------
[INFO ][2016-02-09 22:54:54,716][com.java.SeleniumDriver] [  921] - Action Type : VERIFY
[INFO ][2016-02-09 22:54:54,716][com.java.TestType] [ 8386] - field= XPH//span[contains(text(), "Today's Alerts")] value= Today's Alerts
[INFO ][2016-02-09 22:54:54,716][com.java.TestType] [ 6752] - value = Today's Alerts
[INFO ][2016-02-09 22:54:55,600][com.java.SeleniumDriver] [  930] -  RESULT true
[INFO ][2016-02-09 22:54:55,600][com.java.SeleniumDriver] [ 1136] - ?   P A S S   ?
[INFO ][2016-02-09 22:54:55,600][com.java.SeleniumDriver] [  856] - ------------------------------------------
[INFO ][2016-02-09 22:54:55,600][com.java.SeleniumDriver] [  857] - Test case being Executed: 9
[WARN ][2016-02-09 22:54:55,600][com.java.SeleniumDriver] [  861] - -----------------------Step Skipped:: 	TestCaseNo:  9	 StepNo: 22  	::	Action Type:  verifypresent 	::		ClientName In TestData:  "SKIP" 	::	ClientName in config:  "Any Bank USA"-----------------------------
[INFO ][2016-02-09 22:54:55,600][com.java.SeleniumDriver] [  856] - ------------------------------------------
[INFO ][2016-02-09 22:54:55,600][com.java.SeleniumDriver] [  857] - Test case being Executed: 9
[INFO ][2016-02-09 22:54:55,600][com.java.SeleniumDriver] [  869] - Test step:23
[INFO ][2016-02-09 22:54:55,600][com.java.SeleniumDriver] [  881] - Datavalue is----------null
[DEBUG][2016-02-09 22:54:55,601][com.java.SeleniumDriver] [  899] - Exception: null
[INFO ][2016-02-09 22:54:55,601][com.java.SeleniumDriver] [  905] - DataField : XPH//div[@id='isAlertsHeading']//span[@title='Show Report']
[INFO ][2016-02-09 22:54:55,601][com.java.SeleniumDriver] [  907] - DataValue : 
[INFO ][2016-02-09 22:54:55,601][com.java.SeleniumDriver] [  913] - <In Set values of the page>
[INFO ][2016-02-09 22:54:55,601][com.java.SeleniumDriver] [  916] - {Data Fields & Data Values Exist}
[INFO ][2016-02-09 22:54:55,601][com.java.SeleniumDriver] [  918] - --------------------------setting values-----------------------------
[INFO ][2016-02-09 22:54:55,601][com.java.SeleniumDriver] [  921] - Action Type : Click
[INFO ][2016-02-09 22:54:55,601][com.java.TestType] [ 7153] - Field ::XPH//div[@id='isAlertsHeading']//span[@title='Show Report']
[INFO ][2016-02-09 22:54:55,601][com.java.TestType] [ 6752] - value = 
[INFO ][2016-02-09 22:54:56,601][com.java.TestType] [ 7330] - BEFORE CLICK
[INFO ][2016-02-09 22:54:59,129][com.java.TestType] [ 7338] - Unable to click the object Show Report Icon
[INFO ][2016-02-09 22:54:59,130][com.java.SeleniumDriver] [  930] -  RESULT true
[INFO ][2016-02-09 22:54:59,130][com.java.SeleniumDriver] [ 1136] - ?   P A S S   ?
[INFO ][2016-02-09 22:54:59,130][com.java.SeleniumDriver] [  856] - ------------------------------------------
[INFO ][2016-02-09 22:54:59,130][com.java.SeleniumDriver] [  857] - Test case being Executed: 9
[INFO ][2016-02-09 22:54:59,130][com.java.SeleniumDriver] [  869] - Test step:24
[INFO ][2016-02-09 22:54:59,130][com.java.SeleniumDriver] [  881] - Datavalue is----------null
[DEBUG][2016-02-09 22:54:59,131][com.java.SeleniumDriver] [  899] - Exception: null
[INFO ][2016-02-09 22:54:59,131][com.java.SeleniumDriver] [  905] - DataField : XPH//a[@id='aTab2']
[INFO ][2016-02-09 22:54:59,131][com.java.SeleniumDriver] [  907] - DataValue : 
[INFO ][2016-02-09 22:54:59,131][com.java.SeleniumDriver] [  913] - <In Set values of the page>
[INFO ][2016-02-09 22:54:59,131][com.java.SeleniumDriver] [  916] - {Data Fields & Data Values Exist}
[INFO ][2016-02-09 22:54:59,131][com.java.SeleniumDriver] [  918] - --------------------------setting values-----------------------------
[INFO ][2016-02-09 22:54:59,131][com.java.SeleniumDriver] [  921] - Action Type : Click
[INFO ][2016-02-09 22:54:59,131][com.java.TestType] [ 7153] - Field ::XPH//a[@id='aTab2']
[INFO ][2016-02-09 22:54:59,131][com.java.TestType] [ 6752] - value = 
[INFO ][2016-02-09 22:55:00,131][com.java.TestType] [ 7330] - BEFORE CLICK
[ERROR][2016-02-09 22:55:01,032][com.java.TestType] [ 7684] - Exception in click:: Element //a[@id='aTab2'] not found
[INFO ][2016-02-09 22:55:01,032][com.java.TestType] [ 7688] - Element :://a[@id='aTab2']:: not found
[INFO ][2016-02-09 22:55:01,032][com.java.SeleniumDriver] [  930] -  RESULT false
[INFO ][2016-02-09 22:55:01,032][com.java.SeleniumDriver] [  977] - ?   F A I L   ?
[INFO ][2016-02-09 22:55:01,033][com.java.SeleniumDriver] [  985] - Browser Type : IE10
[INFO ][2016-02-09 22:55:01,033][com.java.SeleniumDriver] [  986] - Adding Failed case9
[INFO ][2016-02-09 22:55:01,206][com.java.SeleniumDriver] [ 1100] - failedCases = 9
[ERROR][2016-02-09 22:55:01,207][com.java.SeleniumDriver] [ 1599] - Platform Errors : Our apologies...::We have encountered an issue with your request.::Our apologies?:We encountered an issue with your request.
[INFO ][2016-02-09 22:55:01,207][com.java.SeleniumDriver] [ 1603] - Length =3
[ERROR][2016-02-09 22:55:01,207][com.java.SeleniumDriver] [ 1606] - Error 0 = Our apologies...
[ERROR][2016-02-09 22:55:01,404][com.java.SeleniumDriver] [ 1606] - Error 1 = We have encountered an issue with your request.
[ERROR][2016-02-09 22:55:01,532][com.java.SeleniumDriver] [ 1606] - Error 2 = Our apologies?:We encountered an issue with your request.
[INFO ][2016-02-09 22:55:01,659][com.java.SeleniumDriver] [ 1617] - strError:
[DEBUG][2016-02-09 22:55:01,674][com.java.SeleniumDriver] [ 1248] - Case found
[DEBUG][2016-02-09 22:55:01,674][com.java.SeleniumDriver] [ 1253] - Incrementing ReportCounters[0]:3
[INFO ][2016-02-09 22:55:01,674][com.java.SeleniumDriver] [ 1272] - The results are-------------------[9, 24, BD Right Hand Menu Bar: IS Alerts -IS alerts exists, Fail, 
Test case failed at Step No. :: 24   Error Message ::  Element :://a[@id='aTab2']:: not found. Screen Shot : D:\BankersDashboard\TestReports\020916\9_020916_225501_IE10.png, Tue Feb 09 22:55:01 IST 2016]
[INFO ][2016-02-09 22:55:01,674][com.java.SeleniumDriver] [ 1276] - End time is-------5 min 16 sec
[INFO ][2016-02-09 22:55:01,674][com.java.SeleniumDriver] [ 1277] - The results are-------------------[9, 24, BD Right Hand Menu Bar: IS Alerts -IS alerts exists, Fail, 
Test case failed at Step No. :: 24   Error Message ::  Element :://a[@id='aTab2']:: not found. Screen Shot : D:\BankersDashboard\TestReports\020916\9_020916_225501_IE10.png, Tue Feb 09 22:55:01 IST 2016]
[DEBUG][2016-02-09 22:55:01,674][com.java.ImportnExport.ExportTestResultsExcel] [  222] - testResultPath = D:\BankersDashboard/TestReports/Test Results_BankersDashBoard_020916_224947_IE10_Any Bank USA.xls
[DEBUG][2016-02-09 22:55:01,674][com.java.ImportnExport.ExportTestResultsExcel] [  223] - browser is------------IE10
[DEBUG][2016-02-09 22:55:01,677][com.java.ImportnExport.ExportTestResultsExcel] [  270] - result.size() = 6
[DEBUG][2016-02-09 22:55:01,677][com.java.ImportnExport.ExportTestResultsExcel] [  274] - No of rows in sheet=3
[DEBUG][2016-02-09 22:55:01,677][com.java.ImportnExport.ExportTestResultsExcel] [  301] - ..in export..9
[DEBUG][2016-02-09 22:55:01,677][com.java.ImportnExport.ExportTestResultsExcel] [  301] - ..in export..BD Right Hand Menu Bar: IS Alerts -IS alerts exists
[DEBUG][2016-02-09 22:55:01,677][com.java.ImportnExport.ExportTestResultsExcel] [  301] - ..in export..Fail
[DEBUG][2016-02-09 22:55:01,677][com.java.ImportnExport.ExportTestResultsExcel] [  301] - ..in export..
Test case failed at Step No. :: 24   Error Message ::  Element :://a[@id='aTab2']:: not found. Screen Shot : D:\BankersDashboard\TestReports\020916\9_020916_225501_IE10.png
[DEBUG][2016-02-09 22:55:01,677][com.java.ImportnExport.ExportTestResultsExcel] [  301] - ..in export..Tue Feb 09 22:55:01 IST 2016
[INFO ][2016-02-09 22:55:01,678][com.java.SeleniumDriver] [ 1337] - out loop:2 size:3 TestCases:[1, 8, 9] testcases:[1, 8, 9]
[INFO ][2016-02-09 22:55:03,679][com.java.SeleniumDriver] [ 1380] - Total Number of Cases:3
[INFO ][2016-02-09 22:55:03,679][com.java.TemplateGenerator] [  302] - Executed:3
[INFO ][2016-02-09 22:55:03,679][com.java.TemplateGenerator] [  303] - Passed:2
[INFO ][2016-02-09 22:55:03,679][com.java.TemplateGenerator] [  304] - Failed:1
[INFO ][2016-02-09 22:55:03,679][com.java.TemplateGenerator] [  305] - Skipeed:0
[INFO ][2016-02-09 22:55:03,679][com.java.TemplateGenerator] [  306] - Application URL:https://clients-xuat.bankersdashboard.com
[INFO ][2016-02-09 22:55:03,679][com.java.TemplateGenerator] [  307] - Start Time:020916_224947
[INFO ][2016-02-09 22:55:03,679][com.java.TemplateGenerator] [  308] -  Creating HTML Report 
[ERROR][2016-02-09 22:55:03,680][com.java.TemplateGenerator] [  409] - Unparseable date: "Tue Feb 09 10:49:47 IST 2016"
[INFO ][2016-02-09 22:55:03,680][com.java.TemplateGenerator] [  654] -  Exporting case :: 1
[INFO ][2016-02-09 22:55:03,680][com.java.TemplateGenerator] [  654] -  Exporting case :: 8
[INFO ][2016-02-09 22:55:03,680][com.java.TemplateGenerator] [  654] -  Exporting case :: 9
[INFO ][2016-02-09 22:55:03,687][com.java.SeleniumDriver] [ 1429] - End Time:020916_225503
[INFO ][2016-02-09 22:55:03,687][com.java.SeleniumDriver] [ 1432] - Data in Test Execution Details:{1=PASS, 8=PASS, 9=FAILTest case failed at Step No. :: 24   Error Message ::  Element :://a[@id='aTab2']:: not found}
[INFO ][2016-02-09 22:55:03,688][com.java.SeleniumDriver] [ 1433] - Data in Failed Execution Deatils:{}
[INFO ][2016-02-09 22:55:03,688][com.java.SeleniumDriver] [ 1435] - ReportCounter:Total:3 :: PASS: 2 ::FAIL: 1
[INFO ][2016-02-09 22:55:03,689][com.java.SeleniumDriver] [ 1436] - FailedReportCounter:Total:0 :: PASS: 0 ::FAIL: 0
[INFO ][2016-02-09 22:55:03,694][com.java.EmailTestReport] [   63] - Sending report mail details:
[INFO ][2016-02-09 22:55:03,695][com.java.EmailTestReport] [   80] - Excel Report Path:D:\BankersDashboard/TestReports/Test Results_BankersDashBoard_020916_224947_IE10_Any Bank USA.xls
[INFO ][2016-02-09 22:55:03,695][com.java.EmailTestReport] [   81] - HTML Report Path:D:\BankersDashboard//TestReports//Test Results_BankersDashBoard_020916_224947_IE10_Any Bank USA.html
[INFO ][2016-02-09 22:55:03,695][com.java.EmailTestReport] [   82] - smtpHostName:mail01.valuelabs.com
[INFO ][2016-02-09 22:55:03,695][com.java.EmailTestReport] [   83] - Recipient:venkateswararao.gubbala@valuelabs.com;
[INFO ][2016-02-09 22:55:03,695][com.java.EmailTestReport] [   84] - From:venkateswararao.gubbala@valuelabs.com;
[INFO ][2016-02-09 22:55:03,695][com.java.EmailTestReport] [   85] - Subject:Deluxe Corp Bankers Dashboard Automation Test Report - Any Bank USA - IE10
[INFO ][2016-02-09 22:55:03,711][com.java.EmailTestReport] [  143] -  Added venkateswararao.gubbala@valuelabs.com
[INFO ][2016-02-09 22:55:07,646][com.java.SeleniumDriver] [  722] - quitting the browser 
[INFO ][2016-02-09 22:55:09,399][com.java.SeleniumDriver] [  264] - Execution Completed Stopping the thread
