[INFO ][2015-11-13 16:34:53,393][com.java.SeleniumDriver] [  213] - Execute Failed Casesfalse
[INFO ][2015-11-13 16:34:53,403][com.java.SeleniumDriver] [  214] - Browser: IE11
[INFO ][2015-11-13 16:34:53,403][com.java.SeleniumDriver] [  215] - [1, 2]
[INFO ][2015-11-13 16:34:53,403][com.java.SeleniumDriver] [  216] - Total TestCases:2
[INFO ][2015-11-13 16:34:53,403][com.java.SeleniumDriver] [  217] -  Reading Properties from Property File 
[DEBUG][2015-11-13 16:34:53,403][com.java.SeleniumDriver] [  238] - url : https://clients-xuat.bankersdashboard.com
[INFO ][2015-11-13 16:34:53,403][com.java.ImportnExport.ExportTestResultsExcel] [  116] - Time Stamp Fri Nov 13 04:34:53 IST 2015
[INFO ][2015-11-13 16:34:53,403][com.java.ImportnExport.ExportTestResultsExcel] [  175] - OUT FILE : D:\BankersDashboard/TestReports/Test Results_BankersDashBoard_111315_163453_IE11_Any Bank USA.xls
[INFO ][2015-11-13 16:34:53,434][com.java.ImportnExport.ExportTestResultsExcel] [  180] - Test Result file is created
[DEBUG][2015-11-13 16:34:53,554][com.java.SeleniumDriver] [  425] - Hub ip address is-------172.17.68.34
[INFO ][2015-11-13 16:34:53,554][com.java.SeleniumDriver] [  451] - Grid URL:http://172.17.68.34:4444/wd/hub
[INFO ][2015-11-13 16:34:53,554][com.java.SeleniumDriver] [  452] - Capability:Capabilities [{platform=ANY, ensureCleanSession=true, ignoreProtectedModeSettings=true, acceptSslCerts=true, ignoreZoomSetting=true, browserName=internet explorer, browserstack.ie.noFlash=true, version=Node1}]
[ERROR][2015-11-13 16:34:54,844][com.java.SeleniumDriver] [  496] - Unable invoke browser in grid:Could not start a new session. Possible causes are invalid address of the remote server or browser start-up failure.
Build info: version: '2.48.2', revision: '41bccdd', time: '2015-10-09 19:59:12'
System info: host: 'FVTIII438F1D', ip: '172.17.68.34', os.name: 'Windows 7', os.arch: 'x86', os.version: '6.1', java.version: '1.7.0_55'
Driver info: driver.version: SeleniumDriver
[INFO ][2015-11-13 16:34:54,844][com.java.SeleniumDriver] [  498] - Executing on local machine
[INFO ][2015-11-13 16:35:04,004][com.java.SeleniumDriver] [  248] - IE11is opened
[INFO ][2015-11-13 16:35:04,629][com.java.SeleniumDriver] [  753] - Test cases to be executed are: [1, 2]
[INFO ][2015-11-13 16:35:04,639][com.java.ImportnExport.ImportTestDataDetailsExcel] [   49] - test data details path===== D:\BankersDashboard\TestInputs\TestData.xls
[INFO ][2015-11-13 16:35:04,690][com.java.SeleniumDriver] [  796] - ------------------------------------------
[INFO ][2015-11-13 16:35:04,690][com.java.SeleniumDriver] [  797] - Test case being Executed: 1
[INFO ][2015-11-13 16:35:04,690][com.java.SeleniumDriver] [  808] - Test step:1
[INFO ][2015-11-13 16:35:04,690][com.java.SeleniumDriver] [  820] - Datavalue is----------Concept#1:1-14
[INFO ][2015-11-13 16:35:04,690][com.java.SeleniumDriver] [  844] - DataField : test
[INFO ][2015-11-13 16:35:04,690][com.java.SeleniumDriver] [  846] - DataValue : Concept#1:1-14
[INFO ][2015-11-13 16:35:04,690][com.java.SeleniumDriver] [  852] - <In Set values of the page>
[INFO ][2015-11-13 16:35:04,690][com.java.SeleniumDriver] [  855] - {Data Fields & Data Values Exist}
[INFO ][2015-11-13 16:35:04,690][com.java.SeleniumDriver] [  857] - --------------------------setting values-----------------------------
[INFO ][2015-11-13 16:35:04,690][com.java.SeleniumDriver] [  860] - Action Type : ExecuteTestCase
[INFO ][2015-11-13 16:35:04,710][com.java.TestType] [  423] - The Concept sheet name is ---------- Concept
[INFO ][2015-11-13 16:35:04,710][com.java.TestType] [  426] - The Concept ID  is ---------- 1
[DEBUG][2015-11-13 16:35:04,710][com.java.TestType] [  430] - Steps being executted in the Concept are: 1:14
[INFO ][2015-11-13 16:35:04,710][com.java.TestType] [  437] - Test data details path ---------- D:\BankersDashboard\TestInputs\TestData.xls
[INFO ][2015-11-13 16:35:04,740][com.java.TestType] [  468] -  str(1) = 1
[INFO ][2015-11-13 16:35:04,740][com.java.TestType] [  471] - Test case Id is---1
[INFO ][2015-11-13 16:35:04,740][com.java.TestType] [  473] - 1
[INFO ][2015-11-13 16:35:04,740][com.java.TestType] [  468] -  str(2) = 1
[INFO ][2015-11-13 16:35:04,740][com.java.TestType] [  520] - row values are--------{1=com.java.Objects.TestDataDetails@1dd681b}
[INFO ][2015-11-13 16:35:04,740][com.java.TestType] [  468] -  str(1) = 1
[INFO ][2015-11-13 16:35:04,740][com.java.TestType] [  471] - Test case Id is---1
[INFO ][2015-11-13 16:35:04,740][com.java.TestType] [  473] - 1
[INFO ][2015-11-13 16:35:04,750][com.java.TestType] [  468] -  str(2) = 2
[INFO ][2015-11-13 16:35:04,750][com.java.TestType] [  520] - row values are--------{1=com.java.Objects.TestDataDetails@1dd681b, 2=com.java.Objects.TestDataDetails@6eb67f}
[INFO ][2015-11-13 16:35:04,750][com.java.TestType] [  468] -  str(1) = 1
[INFO ][2015-11-13 16:35:04,750][com.java.TestType] [  471] - Test case Id is---1
[INFO ][2015-11-13 16:35:04,750][com.java.TestType] [  473] - 1
[INFO ][2015-11-13 16:35:04,750][com.java.TestType] [  468] -  str(2) = 3
[INFO ][2015-11-13 16:35:04,750][com.java.TestType] [  520] - row values are--------{1=com.java.Objects.TestDataDetails@1dd681b, 2=com.java.Objects.TestDataDetails@6eb67f, 3=com.java.Objects.TestDataDetails@5bbff2}
[INFO ][2015-11-13 16:35:04,750][com.java.TestType] [  468] -  str(1) = 1
[INFO ][2015-11-13 16:35:04,750][com.java.TestType] [  471] - Test case Id is---1
[INFO ][2015-11-13 16:35:04,750][com.java.TestType] [  473] - 1
[INFO ][2015-11-13 16:35:04,750][com.java.TestType] [  468] -  str(2) = 4
[INFO ][2015-11-13 16:35:04,750][com.java.TestType] [  520] - row values are--------{1=com.java.Objects.TestDataDetails@1dd681b, 2=com.java.Objects.TestDataDetails@6eb67f, 3=com.java.Objects.TestDataDetails@5bbff2, 4=com.java.Objects.TestDataDetails@48563c}
[INFO ][2015-11-13 16:35:04,750][com.java.TestType] [  468] -  str(1) = 1
[INFO ][2015-11-13 16:35:04,750][com.java.TestType] [  471] - Test case Id is---1
[INFO ][2015-11-13 16:35:04,750][com.java.TestType] [  473] - 1
[INFO ][2015-11-13 16:35:04,750][com.java.TestType] [  468] -  str(2) = 5
[INFO ][2015-11-13 16:35:04,750][com.java.TestType] [  520] - row values are--------{1=com.java.Objects.TestDataDetails@1dd681b, 2=com.java.Objects.TestDataDetails@6eb67f, 3=com.java.Objects.TestDataDetails@5bbff2, 4=com.java.Objects.TestDataDetails@48563c, 5=com.java.Objects.TestDataDetails@14692d2}
[INFO ][2015-11-13 16:35:04,750][com.java.TestType] [  468] -  str(1) = 1
[INFO ][2015-11-13 16:35:04,750][com.java.TestType] [  471] - Test case Id is---1
[INFO ][2015-11-13 16:35:04,750][com.java.TestType] [  473] - 1
[INFO ][2015-11-13 16:35:04,750][com.java.TestType] [  468] -  str(2) = 6
[INFO ][2015-11-13 16:35:04,750][com.java.TestType] [  520] - row values are--------{1=com.java.Objects.TestDataDetails@1dd681b, 2=com.java.Objects.TestDataDetails@6eb67f, 3=com.java.Objects.TestDataDetails@5bbff2, 4=com.java.Objects.TestDataDetails@48563c, 5=com.java.Objects.TestDataDetails@14692d2, 6=com.java.Objects.TestDataDetails@1da11d8}
[INFO ][2015-11-13 16:35:04,750][com.java.TestType] [  468] -  str(1) = 1
[INFO ][2015-11-13 16:35:04,750][com.java.TestType] [  471] - Test case Id is---1
[INFO ][2015-11-13 16:35:04,750][com.java.TestType] [  473] - 1
[INFO ][2015-11-13 16:35:04,750][com.java.TestType] [  468] -  str(2) = 7
[INFO ][2015-11-13 16:35:04,760][com.java.TestType] [  520] - row values are--------{1=com.java.Objects.TestDataDetails@1dd681b, 2=com.java.Objects.TestDataDetails@6eb67f, 3=com.java.Objects.TestDataDetails@5bbff2, 4=com.java.Objects.TestDataDetails@48563c, 5=com.java.Objects.TestDataDetails@14692d2, 6=com.java.Objects.TestDataDetails@1da11d8, 7=com.java.Objects.TestDataDetails@15d2461}
[INFO ][2015-11-13 16:35:04,760][com.java.TestType] [  468] -  str(1) = 1
[INFO ][2015-11-13 16:35:04,760][com.java.TestType] [  471] - Test case Id is---1
[INFO ][2015-11-13 16:35:04,760][com.java.TestType] [  473] - 1
[INFO ][2015-11-13 16:35:04,760][com.java.TestType] [  468] -  str(2) = 8
[INFO ][2015-11-13 16:35:04,760][com.java.TestType] [  520] - row values are--------{1=com.java.Objects.TestDataDetails@1dd681b, 2=com.java.Objects.TestDataDetails@6eb67f, 3=com.java.Objects.TestDataDetails@5bbff2, 4=com.java.Objects.TestDataDetails@48563c, 5=com.java.Objects.TestDataDetails@14692d2, 6=com.java.Objects.TestDataDetails@1da11d8, 7=com.java.Objects.TestDataDetails@15d2461, 8=com.java.Objects.TestDataDetails@27ca20}
[INFO ][2015-11-13 16:35:04,760][com.java.TestType] [  468] -  str(1) = 1
[INFO ][2015-11-13 16:35:04,760][com.java.TestType] [  471] - Test case Id is---1
[INFO ][2015-11-13 16:35:04,760][com.java.TestType] [  473] - 1
[INFO ][2015-11-13 16:35:04,760][com.java.TestType] [  468] -  str(2) = 9
[INFO ][2015-11-13 16:35:04,760][com.java.TestType] [  520] - row values are--------{1=com.java.Objects.TestDataDetails@1dd681b, 2=com.java.Objects.TestDataDetails@6eb67f, 3=com.java.Objects.TestDataDetails@5bbff2, 4=com.java.Objects.TestDataDetails@48563c, 5=com.java.Objects.TestDataDetails@14692d2, 6=com.java.Objects.TestDataDetails@1da11d8, 7=com.java.Objects.TestDataDetails@15d2461, 8=com.java.Objects.TestDataDetails@27ca20, 9=com.java.Objects.TestDataDetails@16fb175}
[INFO ][2015-11-13 16:35:04,760][com.java.TestType] [  468] -  str(1) = 1
[INFO ][2015-11-13 16:35:04,760][com.java.TestType] [  471] - Test case Id is---1
[INFO ][2015-11-13 16:35:04,760][com.java.TestType] [  473] - 1
[INFO ][2015-11-13 16:35:04,760][com.java.TestType] [  468] -  str(2) = 10
[INFO ][2015-11-13 16:35:04,760][com.java.TestType] [  520] - row values are--------{1=com.java.Objects.TestDataDetails@1dd681b, 2=com.java.Objects.TestDataDetails@6eb67f, 3=com.java.Objects.TestDataDetails@5bbff2, 4=com.java.Objects.TestDataDetails@48563c, 5=com.java.Objects.TestDataDetails@14692d2, 6=com.java.Objects.TestDataDetails@1da11d8, 7=com.java.Objects.TestDataDetails@15d2461, 8=com.java.Objects.TestDataDetails@27ca20, 9=com.java.Objects.TestDataDetails@16fb175, 10=com.java.Objects.TestDataDetails@1d3477d}
[INFO ][2015-11-13 16:35:04,760][com.java.TestType] [  468] -  str(1) = 1
[INFO ][2015-11-13 16:35:04,760][com.java.TestType] [  471] - Test case Id is---1
[INFO ][2015-11-13 16:35:04,760][com.java.TestType] [  473] - 1
[INFO ][2015-11-13 16:35:04,760][com.java.TestType] [  468] -  str(2) = 11
[INFO ][2015-11-13 16:35:04,760][com.java.TestType] [  520] - row values are--------{1=com.java.Objects.TestDataDetails@1dd681b, 2=com.java.Objects.TestDataDetails@6eb67f, 3=com.java.Objects.TestDataDetails@5bbff2, 4=com.java.Objects.TestDataDetails@48563c, 5=com.java.Objects.TestDataDetails@14692d2, 6=com.java.Objects.TestDataDetails@1da11d8, 7=com.java.Objects.TestDataDetails@15d2461, 8=com.java.Objects.TestDataDetails@27ca20, 9=com.java.Objects.TestDataDetails@16fb175, 10=com.java.Objects.TestDataDetails@1d3477d, 11=com.java.Objects.TestDataDetails@b9dbd2}
[INFO ][2015-11-13 16:35:04,760][com.java.TestType] [  468] -  str(1) = 1
[INFO ][2015-11-13 16:35:04,760][com.java.TestType] [  471] - Test case Id is---1
[INFO ][2015-11-13 16:35:04,760][com.java.TestType] [  473] - 1
[INFO ][2015-11-13 16:35:04,760][com.java.TestType] [  468] -  str(2) = 12
[INFO ][2015-11-13 16:35:04,760][com.java.TestType] [  520] - row values are--------{1=com.java.Objects.TestDataDetails@1dd681b, 2=com.java.Objects.TestDataDetails@6eb67f, 3=com.java.Objects.TestDataDetails@5bbff2, 4=com.java.Objects.TestDataDetails@48563c, 5=com.java.Objects.TestDataDetails@14692d2, 6=com.java.Objects.TestDataDetails@1da11d8, 7=com.java.Objects.TestDataDetails@15d2461, 8=com.java.Objects.TestDataDetails@27ca20, 9=com.java.Objects.TestDataDetails@16fb175, 10=com.java.Objects.TestDataDetails@1d3477d, 11=com.java.Objects.TestDataDetails@b9dbd2, 12=com.java.Objects.TestDataDetails@4ddd18}
[INFO ][2015-11-13 16:35:04,760][com.java.TestType] [  468] -  str(1) = 1
[INFO ][2015-11-13 16:35:04,760][com.java.TestType] [  471] - Test case Id is---1
[INFO ][2015-11-13 16:35:04,760][com.java.TestType] [  473] - 1
[INFO ][2015-11-13 16:35:04,760][com.java.TestType] [  468] -  str(2) = 13
[INFO ][2015-11-13 16:35:04,760][com.java.TestType] [  520] - row values are--------{1=com.java.Objects.TestDataDetails@1dd681b, 2=com.java.Objects.TestDataDetails@6eb67f, 3=com.java.Objects.TestDataDetails@5bbff2, 4=com.java.Objects.TestDataDetails@48563c, 5=com.java.Objects.TestDataDetails@14692d2, 6=com.java.Objects.TestDataDetails@1da11d8, 7=com.java.Objects.TestDataDetails@15d2461, 8=com.java.Objects.TestDataDetails@27ca20, 9=com.java.Objects.TestDataDetails@16fb175, 10=com.java.Objects.TestDataDetails@1d3477d, 11=com.java.Objects.TestDataDetails@b9dbd2, 12=com.java.Objects.TestDataDetails@4ddd18, 13=com.java.Objects.TestDataDetails@73f47d}
[INFO ][2015-11-13 16:35:04,760][com.java.TestType] [  468] -  str(1) = 1
[INFO ][2015-11-13 16:35:04,760][com.java.TestType] [  471] - Test case Id is---1
[INFO ][2015-11-13 16:35:04,760][com.java.TestType] [  473] - 1
[INFO ][2015-11-13 16:35:04,760][com.java.TestType] [  468] -  str(2) = 14
[INFO ][2015-11-13 16:35:04,760][com.java.TestType] [  520] - row values are--------{1=com.java.Objects.TestDataDetails@1dd681b, 2=com.java.Objects.TestDataDetails@6eb67f, 3=com.java.Objects.TestDataDetails@5bbff2, 4=com.java.Objects.TestDataDetails@48563c, 5=com.java.Objects.TestDataDetails@14692d2, 6=com.java.Objects.TestDataDetails@1da11d8, 7=com.java.Objects.TestDataDetails@15d2461, 8=com.java.Objects.TestDataDetails@27ca20, 9=com.java.Objects.TestDataDetails@16fb175, 10=com.java.Objects.TestDataDetails@1d3477d, 11=com.java.Objects.TestDataDetails@b9dbd2, 12=com.java.Objects.TestDataDetails@4ddd18, 13=com.java.Objects.TestDataDetails@73f47d, 14=com.java.Objects.TestDataDetails@a204f3}
[INFO ][2015-11-13 16:35:04,760][com.java.TestType] [ 8728] - Looping 1TCID = 1
[DEBUG][2015-11-13 16:35:04,760][com.java.TestType] [ 8769] - Concept ID:1 :: Step being Executed: 1::1
[INFO ][2015-11-13 16:35:04,760][com.java.TestType] [ 8807] - dataFields : TXTusername
[DEBUG][2015-11-13 16:35:04,770][com.java.TestType] [ 8813] - <In Set values of the page>
[DEBUG][2015-11-13 16:35:04,770][com.java.TestType] [ 8818] - {Data Fields & Data Values Exist}
[INFO ][2015-11-13 16:35:04,770][com.java.TestType] [ 8824] - --------------------------setting values-----------------------------
[INFO ][2015-11-13 16:35:04,770][com.java.TestType] [ 8827] - Action Type : CLEARANDENTER
[INFO ][2015-11-13 16:35:04,770][com.java.TestType] [ 4449] - value = naresh.nayini1.00000
[INFO ][2015-11-13 16:35:09,640][com.java.TestType] [ 8846] -  RESULT true
[INFO ][2015-11-13 16:35:09,640][com.java.TestType] [ 8963] - ?   P A S S   ?
[DEBUG][2015-11-13 16:35:09,640][com.java.TestType] [ 8769] - Concept ID:1 :: Step being Executed: 1::2
[INFO ][2015-11-13 16:35:09,640][com.java.TestType] [ 8807] - dataFields : TXTpassword
[DEBUG][2015-11-13 16:35:09,640][com.java.TestType] [ 8813] - <In Set values of the page>
[DEBUG][2015-11-13 16:35:09,640][com.java.TestType] [ 8818] - {Data Fields & Data Values Exist}
[INFO ][2015-11-13 16:35:09,640][com.java.TestType] [ 8824] - --------------------------setting values-----------------------------
[INFO ][2015-11-13 16:35:09,640][com.java.TestType] [ 8827] - Action Type : CLEARANDENTER
[INFO ][2015-11-13 16:35:09,650][com.java.TestType] [ 4449] - value = Password1*
[INFO ][2015-11-13 16:35:14,632][com.java.TestType] [ 8846] -  RESULT true
[INFO ][2015-11-13 16:35:14,632][com.java.TestType] [ 8963] - ?   P A S S   ?
[DEBUG][2015-11-13 16:35:14,632][com.java.TestType] [ 8769] - Concept ID:1 :: Step being Executed: 1::3
[ERROR][2015-11-13 16:35:14,632][com.java.TestType] [ 8802] - Exception: null
[INFO ][2015-11-13 16:35:14,632][com.java.TestType] [ 8807] - dataFields : XPH//button[@type='submit']
[DEBUG][2015-11-13 16:35:14,632][com.java.TestType] [ 8813] - <In Set values of the page>
[DEBUG][2015-11-13 16:35:14,632][com.java.TestType] [ 8818] - {Data Fields & Data Values Exist}
[INFO ][2015-11-13 16:35:14,632][com.java.TestType] [ 8824] - --------------------------setting values-----------------------------
[INFO ][2015-11-13 16:35:14,632][com.java.TestType] [ 8827] - Action Type : Click
[INFO ][2015-11-13 16:35:14,632][com.java.TestType] [ 4762] - Field ::XPH//button[@type='submit']
[INFO ][2015-11-13 16:35:15,632][com.java.TestType] [ 4821] - BEFORE CLICK
[INFO ][2015-11-13 16:35:16,479][com.java.TestType] [ 4829] - Unable to click the object Login
[INFO ][2015-11-13 16:35:16,479][com.java.TestType] [ 8846] -  RESULT true
[INFO ][2015-11-13 16:35:16,479][com.java.TestType] [ 8963] - ?   P A S S   ?
[DEBUG][2015-11-13 16:35:16,479][com.java.TestType] [ 8769] - Concept ID:1 :: Step being Executed: 1::4
[INFO ][2015-11-13 16:35:16,479][com.java.TestType] [ 8807] - dataFields : LNKLogout
[DEBUG][2015-11-13 16:35:16,479][com.java.TestType] [ 8813] - <In Set values of the page>
[DEBUG][2015-11-13 16:35:16,479][com.java.TestType] [ 8818] - {Data Fields & Data Values Exist}
[INFO ][2015-11-13 16:35:16,479][com.java.TestType] [ 8824] - --------------------------setting values-----------------------------
[INFO ][2015-11-13 16:35:16,479][com.java.TestType] [ 8827] - Action Type : WaitForElement
[DEBUG][2015-11-13 16:35:36,298][com.java.TestType] [ 5339] - link=Logout   :: Link not Found
[INFO ][2015-11-13 16:35:36,298][com.java.TestType] [ 8846] -  RESULT false
[INFO ][2015-11-13 16:35:36,298][com.java.TestType] [ 8884] - ?   F A I L   ?
[DEBUG][2015-11-13 16:35:36,298][com.java.TestType] [ 8887] - Browser Type : IE11
[DEBUG][2015-11-13 16:35:36,298][com.java.TestType] [ 8769] - Concept ID:1 :: Step being Executed: 1::5
[INFO ][2015-11-13 16:35:36,298][com.java.TestType] [ 8807] - dataFields : TTL
[DEBUG][2015-11-13 16:35:36,298][com.java.TestType] [ 8813] - <In Set values of the page>
[DEBUG][2015-11-13 16:35:36,298][com.java.TestType] [ 8818] - {Data Fields & Data Values Exist}
[INFO ][2015-11-13 16:35:36,298][com.java.TestType] [ 8824] - --------------------------setting values-----------------------------
[INFO ][2015-11-13 16:35:36,298][com.java.TestType] [ 8827] - Action Type : SelectWindow
[ERROR][2015-11-13 16:36:51,441][com.java.TestType] [ 5444] - Exception: Unable to get browser (WARNING: The server did not provide any stacktrace information)
Command duration or timeout: 10 milliseconds
Build info: version: '2.48.2', revision: '41bccdd', time: '2015-10-09 19:59:12'
System info: host: 'FVTIII438F1D', ip: '172.17.68.34', os.name: 'Windows 7', os.arch: 'x86', os.version: '6.1', java.version: '1.7.0_55'
Session ID: 6441b8d6-7d85-46d4-9f63-c3c9e31eff0e
Driver info: org.openqa.selenium.ie.InternetExplorerDriver
Capabilities [{platform=WINDOWS, javascriptEnabled=true, elementScrollBehavior=0, ignoreZoomSetting=false, enablePersistentHover=true, ie.ensureCleanSession=false, browserName=internet explorer, enableElementCacheCleanup=true, unexpectedAlertBehaviour=dismiss, version=11, ie.usePerProcessProxy=false, ignoreProtectedModeSettings=true, cssSelectorsEnabled=true, requireWindowFocus=false, initialBrowserUrl=http://localhost:29521/, handlesAlerts=true, ie.forceCreateProcessApi=false, nativeEvents=true, browserAttachTimeout=0, ie.browserCommandLineSwitches=, takesScreenshot=true}]
[DEBUG][2015-11-13 16:36:51,441][com.java.TestType] [ 5445] - Banker's Dashboard   ::Title not found
[DEBUG][2015-11-13 16:36:51,441][com.java.TestType] [ 5449] - Window with title   ::+Banker's Dashboard::not Found
[INFO ][2015-11-13 16:36:51,441][com.java.TestType] [ 8846] -  RESULT false
[INFO ][2015-11-13 16:36:51,441][com.java.TestType] [ 8884] - ?   F A I L   ?
[DEBUG][2015-11-13 16:36:51,441][com.java.TestType] [ 8887] - Browser Type : IE11
[INFO ][2015-11-13 16:36:51,442][com.java.SeleniumDriver] [  869] -  RESULT false
[INFO ][2015-11-13 16:36:51,442][com.java.SeleniumDriver] [  916] - ?   F A I L   ?
[INFO ][2015-11-13 16:36:51,442][com.java.SeleniumDriver] [  924] - Browser Type : IE11
[INFO ][2015-11-13 16:36:51,442][com.java.SeleniumDriver] [  925] - Adding Failed case1
[WARN ][2015-11-13 16:36:51,472][com.java.SeleniumDriver] [  984] - Source 'D:\BankersDashboard\TestReports\111315' exists but is a directory
[INFO ][2015-11-13 16:36:51,472][com.java.SeleniumDriver] [ 1038] - failedCases = 1
[ERROR][2015-11-13 16:36:51,472][com.java.SeleniumDriver] [ 1525] - Platform Errors : Our apologies...::We have encountered an issue with your request.::Our apologies?:We encountered an issue with your request.
[INFO ][2015-11-13 16:36:51,472][com.java.SeleniumDriver] [ 1529] - Length =3
[ERROR][2015-11-13 16:36:51,472][com.java.SeleniumDriver] [ 1532] - Error 0 = Our apologies...
[DEBUG][2015-11-13 16:36:51,482][com.java.SeleniumDriver] [ 1545] - Unable to get the Platform Error list from Hash Map.
[ERROR][2015-11-13 16:36:51,482][com.java.SeleniumDriver] [  270] - Browser crashed. Opening new browser with same capabilities
[ERROR][2015-11-13 16:36:51,482][com.java.SeleniumDriver] [  271] - Error:
java.lang.NullPointerException
	at com.java.SeleniumDriver.testInitiation(SeleniumDriver.java:1132)
	at com.java.SeleniumDriver.setup(SeleniumDriver.java:255)
	at com.java.ExecuteThread.run(CreateClient.java:688)
	at java.lang.Thread.run(Thread.java:745)
[DEBUG][2015-11-13 16:36:52,673][com.java.SeleniumDriver] [  425] - Hub ip address is-------172.17.68.34
[INFO ][2015-11-13 16:36:52,673][com.java.SeleniumDriver] [  451] - Grid URL:http://172.17.68.34:4444/wd/hub
[INFO ][2015-11-13 16:36:52,673][com.java.SeleniumDriver] [  452] - Capability:Capabilities [{platform=ANY, ensureCleanSession=true, ignoreProtectedModeSettings=true, acceptSslCerts=true, ignoreZoomSetting=true, browserName=internet explorer, browserstack.ie.noFlash=true, version=Node1}]
[ERROR][2015-11-13 16:36:53,695][com.java.SeleniumDriver] [  496] - Unable invoke browser in grid:Could not start a new session. Possible causes are invalid address of the remote server or browser start-up failure.
Build info: version: '2.48.2', revision: '41bccdd', time: '2015-10-09 19:59:12'
System info: host: 'FVTIII438F1D', ip: '172.17.68.34', os.name: 'Windows 7', os.arch: 'x86', os.version: '6.1', java.version: '1.7.0_55'
Driver info: driver.version: SeleniumDriver
[INFO ][2015-11-13 16:36:53,695][com.java.SeleniumDriver] [  498] - Executing on local machine
