[INFO ][2016-02-09 20:18:40,383][com.java.SeleniumDriver] [  213] - Execute Failed Casesfalse
[INFO ][2016-02-09 20:18:40,383][com.java.SeleniumDriver] [  214] - Browser: IE10
[INFO ][2016-02-09 20:18:40,383][com.java.SeleniumDriver] [  215] - [1, 4, 8]
[INFO ][2016-02-09 20:18:40,383][com.java.SeleniumDriver] [  216] - Total TestCases:3
[INFO ][2016-02-09 20:18:40,383][com.java.SeleniumDriver] [  217] -  Reading Properties from Property File 
[DEBUG][2016-02-09 20:18:40,384][com.java.SeleniumDriver] [  238] - url : https://clients-xuat.bankersdashboard.com
[INFO ][2016-02-09 20:18:40,385][com.java.ImportnExport.ExportTestResultsExcel] [  116] - Time Stamp Tue Feb 09 08:18:40 IST 2016
[INFO ][2016-02-09 20:18:40,385][com.java.ImportnExport.ExportTestResultsExcel] [  175] - OUT FILE : D:\BankersDashboard/TestReports/Test Results_BankersDashBoard_020916_201840_IE10_Any Bank USA.xls
[INFO ][2016-02-09 20:18:40,424][com.java.ImportnExport.ExportTestResultsExcel] [  180] - Test Result file is created
[DEBUG][2016-02-09 20:18:40,515][com.java.SeleniumDriver] [  426] - Hub ip address is-------172.17.68.34
[INFO ][2016-02-09 20:18:40,515][com.java.SeleniumDriver] [  452] - Grid URL:http://172.17.68.34:4444/wd/hub
[INFO ][2016-02-09 20:18:40,516][com.java.SeleniumDriver] [  453] - Capability:Capabilities [{platform=ANY, ensureCleanSession=true, ignoreProtectedModeSettings=true, acceptSslCerts=true, ignoreZoomSetting=true, browserName=internet explorer, browserstack.ie.noFlash=true, version=null}]
[ERROR][2016-02-09 20:18:41,855][com.java.SeleniumDriver] [  498] - Unable invoke browser in grid:Could not start a new session. Possible causes are invalid address of the remote server or browser start-up failure.
Build info: version: '2.48.2', revision: '41bccdd', time: '2015-10-09 19:59:12'
System info: host: 'FVTIII438F1D', ip: '172.17.68.34', os.name: 'Windows 7', os.arch: 'x86', os.version: '6.1', java.version: '1.7.0_55'
Driver info: driver.version: SeleniumDriver
[INFO ][2016-02-09 20:18:41,855][com.java.SeleniumDriver] [  500] - Executing on local machine
[INFO ][2016-02-09 20:18:52,447][com.java.SeleniumDriver] [  248] - IE10is opened
[INFO ][2016-02-09 20:18:53,312][com.java.SeleniumDriver] [  756] - Test cases to be executed are: [1, 4, 8]
[INFO ][2016-02-09 20:18:53,337][com.java.ImportnExport.ImportTestDataDetailsExcel] [   49] - test data details path===== D:\BankersDashboard\TestInputs\TestData.xls
[INFO ][2016-02-09 20:18:53,415][com.java.SeleniumDriver] [  856] - ------------------------------------------
[INFO ][2016-02-09 20:18:53,415][com.java.SeleniumDriver] [  857] - Test case being Executed: 1
[INFO ][2016-02-09 20:18:53,415][com.java.SeleniumDriver] [  869] - Test step:1
[INFO ][2016-02-09 20:18:53,417][com.java.SeleniumDriver] [  881] - Datavalue is----------Concept#1:1-16
[INFO ][2016-02-09 20:18:53,417][com.java.SeleniumDriver] [  905] - DataField : test
[INFO ][2016-02-09 20:18:53,418][com.java.SeleniumDriver] [  907] - DataValue : Concept#1:1-16
[INFO ][2016-02-09 20:18:53,418][com.java.SeleniumDriver] [  913] - <In Set values of the page>
[INFO ][2016-02-09 20:18:53,418][com.java.SeleniumDriver] [  916] - {Data Fields & Data Values Exist}
[INFO ][2016-02-09 20:18:53,418][com.java.SeleniumDriver] [  918] - --------------------------setting values-----------------------------
[INFO ][2016-02-09 20:18:53,418][com.java.SeleniumDriver] [  921] - Action Type : ExecuteTestCase
[INFO ][2016-02-09 20:18:53,438][com.java.TestType] [  448] - The Concept sheet name is ---------- Concept
[INFO ][2016-02-09 20:18:53,438][com.java.TestType] [  451] - The Concept ID  is ---------- 1
[DEBUG][2016-02-09 20:18:53,438][com.java.TestType] [  455] - Steps being executted in the Concept are: 1:16
[INFO ][2016-02-09 20:18:53,438][com.java.TestType] [  462] - Test data details path ---------- D:\BankersDashboard\TestInputs\TestData.xls
[INFO ][2016-02-09 20:18:53,460][com.java.TestType] [  493] -  str(1) = 1
[INFO ][2016-02-09 20:18:53,460][com.java.TestType] [  496] - Test case Id is---1
[INFO ][2016-02-09 20:18:53,460][com.java.TestType] [  498] - 1
[INFO ][2016-02-09 20:18:53,460][com.java.TestType] [  493] -  str(2) = 1
[INFO ][2016-02-09 20:18:53,463][com.java.TestType] [  493] -  str(1) = 1
[INFO ][2016-02-09 20:18:53,463][com.java.TestType] [  496] - Test case Id is---1
[INFO ][2016-02-09 20:18:53,463][com.java.TestType] [  498] - 1
[INFO ][2016-02-09 20:18:53,463][com.java.TestType] [  493] -  str(2) = 2
[INFO ][2016-02-09 20:18:53,464][com.java.TestType] [  493] -  str(1) = 1
[INFO ][2016-02-09 20:18:53,464][com.java.TestType] [  496] - Test case Id is---1
[INFO ][2016-02-09 20:18:53,464][com.java.TestType] [  498] - 1
[INFO ][2016-02-09 20:18:53,464][com.java.TestType] [  493] -  str(2) = 3
[INFO ][2016-02-09 20:18:53,466][com.java.TestType] [  493] -  str(1) = 1
[INFO ][2016-02-09 20:18:53,466][com.java.TestType] [  496] - Test case Id is---1
[INFO ][2016-02-09 20:18:53,466][com.java.TestType] [  498] - 1
[INFO ][2016-02-09 20:18:53,466][com.java.TestType] [  493] -  str(2) = 4
[INFO ][2016-02-09 20:18:53,467][com.java.TestType] [  493] -  str(1) = 1
[INFO ][2016-02-09 20:18:53,467][com.java.TestType] [  496] - Test case Id is---1
[INFO ][2016-02-09 20:18:53,468][com.java.TestType] [  498] - 1
[INFO ][2016-02-09 20:18:53,468][com.java.TestType] [  493] -  str(2) = 5
[INFO ][2016-02-09 20:18:53,470][com.java.TestType] [  493] -  str(1) = 1
[INFO ][2016-02-09 20:18:53,471][com.java.TestType] [  496] - Test case Id is---1
[INFO ][2016-02-09 20:18:53,471][com.java.TestType] [  498] - 1
[INFO ][2016-02-09 20:18:53,472][com.java.TestType] [  493] -  str(2) = 6
[INFO ][2016-02-09 20:18:53,473][com.java.TestType] [  493] -  str(1) = 1
[INFO ][2016-02-09 20:18:53,473][com.java.TestType] [  496] - Test case Id is---1
[INFO ][2016-02-09 20:18:53,473][com.java.TestType] [  498] - 1
[INFO ][2016-02-09 20:18:53,473][com.java.TestType] [  493] -  str(2) = 7
[INFO ][2016-02-09 20:18:53,474][com.java.TestType] [  493] -  str(1) = 1
[INFO ][2016-02-09 20:18:53,474][com.java.TestType] [  496] - Test case Id is---1
[INFO ][2016-02-09 20:18:53,474][com.java.TestType] [  498] - 1
[INFO ][2016-02-09 20:18:53,474][com.java.TestType] [  493] -  str(2) = 8
[INFO ][2016-02-09 20:18:53,475][com.java.TestType] [  493] -  str(1) = 1
[INFO ][2016-02-09 20:18:53,475][com.java.TestType] [  496] - Test case Id is---1
[INFO ][2016-02-09 20:18:53,475][com.java.TestType] [  498] - 1
[INFO ][2016-02-09 20:18:53,475][com.java.TestType] [  493] -  str(2) = 9
[INFO ][2016-02-09 20:18:53,476][com.java.TestType] [  493] -  str(1) = 1
[INFO ][2016-02-09 20:18:53,476][com.java.TestType] [  496] - Test case Id is---1
[INFO ][2016-02-09 20:18:53,476][com.java.TestType] [  498] - 1
[INFO ][2016-02-09 20:18:53,476][com.java.TestType] [  493] -  str(2) = 10
[INFO ][2016-02-09 20:18:53,477][com.java.TestType] [  493] -  str(1) = 1
[INFO ][2016-02-09 20:18:53,477][com.java.TestType] [  496] - Test case Id is---1
[INFO ][2016-02-09 20:18:53,477][com.java.TestType] [  498] - 1
[INFO ][2016-02-09 20:18:53,477][com.java.TestType] [  493] -  str(2) = 11
[INFO ][2016-02-09 20:18:53,478][com.java.TestType] [  493] -  str(1) = 1
[INFO ][2016-02-09 20:18:53,478][com.java.TestType] [  496] - Test case Id is---1
[INFO ][2016-02-09 20:18:53,478][com.java.TestType] [  498] - 1
[INFO ][2016-02-09 20:18:53,478][com.java.TestType] [  493] -  str(2) = 12
[INFO ][2016-02-09 20:18:53,479][com.java.TestType] [  493] -  str(1) = 1
[INFO ][2016-02-09 20:18:53,481][com.java.TestType] [  496] - Test case Id is---1
[INFO ][2016-02-09 20:18:53,481][com.java.TestType] [  498] - 1
[INFO ][2016-02-09 20:18:53,481][com.java.TestType] [  493] -  str(2) = 13
[INFO ][2016-02-09 20:18:53,482][com.java.TestType] [  493] -  str(1) = 1
[INFO ][2016-02-09 20:18:53,482][com.java.TestType] [  496] - Test case Id is---1
[INFO ][2016-02-09 20:18:53,482][com.java.TestType] [  498] - 1
[INFO ][2016-02-09 20:18:53,482][com.java.TestType] [  493] -  str(2) = 14
[INFO ][2016-02-09 20:18:53,483][com.java.TestType] [  493] -  str(1) = 1
[INFO ][2016-02-09 20:18:53,483][com.java.TestType] [  496] - Test case Id is---1
[INFO ][2016-02-09 20:18:53,483][com.java.TestType] [  498] - 1
[INFO ][2016-02-09 20:18:53,483][com.java.TestType] [  493] -  str(2) = 15
[INFO ][2016-02-09 20:18:53,484][com.java.TestType] [  493] -  str(1) = 1
[INFO ][2016-02-09 20:18:53,484][com.java.TestType] [  496] - Test case Id is---1
[INFO ][2016-02-09 20:18:53,484][com.java.TestType] [  498] - 1
[INFO ][2016-02-09 20:18:53,484][com.java.TestType] [  493] -  str(2) = 16
[INFO ][2016-02-09 20:18:53,484][com.java.TestType] [12118] - Looping 1TCID = 1
[DEBUG][2016-02-09 20:18:53,485][com.java.TestType] [12159] - Concept ID:1 :: Step being Executed: 1::1
[INFO ][2016-02-09 20:18:53,485][com.java.TestType] [12197] - dataFields : TXTusername
[DEBUG][2016-02-09 20:18:53,485][com.java.TestType] [12203] - <In Set values of the page>
[DEBUG][2016-02-09 20:18:53,485][com.java.TestType] [12208] - {Data Fields & Data Values Exist}
[INFO ][2016-02-09 20:18:53,485][com.java.TestType] [12214] - --------------------------setting values-----------------------------
[INFO ][2016-02-09 20:18:53,485][com.java.TestType] [12217] - Action Type : CLEARANDENTER
[INFO ][2016-02-09 20:18:55,821][com.java.TestType] [ 6747] - value = naresh.nayini1.00000
[INFO ][2016-02-09 20:18:58,282][com.java.TestType] [12236] -  RESULT true
[INFO ][2016-02-09 20:18:58,282][com.java.TestType] [12353] - ?   P A S S   ?
[DEBUG][2016-02-09 20:18:58,283][com.java.TestType] [12159] - Concept ID:1 :: Step being Executed: 1::2
[INFO ][2016-02-09 20:18:58,283][com.java.TestType] [12197] - dataFields : TXTpassword
[DEBUG][2016-02-09 20:18:58,283][com.java.TestType] [12203] - <In Set values of the page>
[DEBUG][2016-02-09 20:18:58,283][com.java.TestType] [12208] - {Data Fields & Data Values Exist}
[INFO ][2016-02-09 20:18:58,283][com.java.TestType] [12214] - --------------------------setting values-----------------------------
[INFO ][2016-02-09 20:18:58,283][com.java.TestType] [12217] - Action Type : CLEARANDENTER
[INFO ][2016-02-09 20:19:00,596][com.java.TestType] [ 6747] - value = Password1*
[INFO ][2016-02-09 20:19:03,179][com.java.TestType] [12236] -  RESULT true
[INFO ][2016-02-09 20:19:03,179][com.java.TestType] [12353] - ?   P A S S   ?
[DEBUG][2016-02-09 20:19:03,179][com.java.TestType] [12159] - Concept ID:1 :: Step being Executed: 1::3
[ERROR][2016-02-09 20:19:03,179][com.java.TestType] [12192] - Exception: null
[INFO ][2016-02-09 20:19:03,179][com.java.TestType] [12197] - dataFields : XPH//button[@type='submit']
[DEBUG][2016-02-09 20:19:03,180][com.java.TestType] [12203] - <In Set values of the page>
[DEBUG][2016-02-09 20:19:03,180][com.java.TestType] [12208] - {Data Fields & Data Values Exist}
[INFO ][2016-02-09 20:19:03,180][com.java.TestType] [12214] - --------------------------setting values-----------------------------
[INFO ][2016-02-09 20:19:03,180][com.java.TestType] [12217] - Action Type : Click
[INFO ][2016-02-09 20:19:03,180][com.java.TestType] [ 7148] - Field ::XPH//button[@type='submit']
[INFO ][2016-02-09 20:19:03,180][com.java.TestType] [ 6747] - value = 
[INFO ][2016-02-09 20:19:04,180][com.java.TestType] [ 7325] - BEFORE CLICK
[INFO ][2016-02-09 20:19:05,063][com.java.TestType] [ 7333] - Unable to click the object Login
[INFO ][2016-02-09 20:19:05,063][com.java.TestType] [12236] -  RESULT true
[INFO ][2016-02-09 20:19:05,063][com.java.TestType] [12353] - ?   P A S S   ?
[DEBUG][2016-02-09 20:19:05,063][com.java.TestType] [12159] - Concept ID:1 :: Step being Executed: 1::4
[INFO ][2016-02-09 20:19:05,063][com.java.TestType] [12197] - dataFields : LNKLogout
[DEBUG][2016-02-09 20:19:05,063][com.java.TestType] [12203] - <In Set values of the page>
[DEBUG][2016-02-09 20:19:05,063][com.java.TestType] [12208] - {Data Fields & Data Values Exist}
[INFO ][2016-02-09 20:19:05,063][com.java.TestType] [12214] - --------------------------setting values-----------------------------
[INFO ][2016-02-09 20:19:05,063][com.java.TestType] [12217] - Action Type : WaitForElement
[INFO ][2016-02-09 20:19:08,668][com.java.TestType] [12236] -  RESULT true
[INFO ][2016-02-09 20:19:08,668][com.java.TestType] [12353] - ?   P A S S   ?
[DEBUG][2016-02-09 20:19:08,669][com.java.TestType] [12159] - Concept ID:1 :: Step being Executed: 1::15
[INFO ][2016-02-09 20:19:08,669][com.java.TestType] [12197] - dataFields : LNK
[DEBUG][2016-02-09 20:19:08,669][com.java.TestType] [12203] - <In Set values of the page>
[DEBUG][2016-02-09 20:19:08,669][com.java.TestType] [12208] - {Data Fields & Data Values Exist}
[INFO ][2016-02-09 20:19:08,669][com.java.TestType] [12214] - --------------------------setting values-----------------------------
[INFO ][2016-02-09 20:19:08,669][com.java.TestType] [12217] - Action Type : Verify
[INFO ][2016-02-09 20:19:08,669][com.java.TestType] [ 8381] - field= LNK value= Logout
[INFO ][2016-02-09 20:19:08,670][com.java.TestType] [ 6747] - value = Logout
[INFO ][2016-02-09 20:19:08,710][com.java.TestType] [12236] -  RESULT true
[INFO ][2016-02-09 20:19:08,710][com.java.TestType] [12353] - ?   P A S S   ?
[DEBUG][2016-02-09 20:19:08,710][com.java.TestType] [12159] - Concept ID:1 :: Step being Executed: 1::16
[INFO ][2016-02-09 20:19:08,711][com.java.TestType] [12197] - dataFields : BTN
[DEBUG][2016-02-09 20:19:08,711][com.java.TestType] [12203] - <In Set values of the page>
[DEBUG][2016-02-09 20:19:08,711][com.java.TestType] [12208] - {Data Fields & Data Values Exist}
[INFO ][2016-02-09 20:19:08,711][com.java.TestType] [12214] - --------------------------setting values-----------------------------
[INFO ][2016-02-09 20:19:08,711][com.java.TestType] [12217] - Action Type : Verify
[INFO ][2016-02-09 20:19:08,711][com.java.TestType] [ 8381] - field= BTN value= //img[contains(@src,'bdlogo.jpg')]
[INFO ][2016-02-09 20:19:08,711][com.java.TestType] [ 6747] - value = //img[contains(@src,'bdlogo.jpg')]
[INFO ][2016-02-09 20:19:08,786][com.java.TestType] [12236] -  RESULT true
[INFO ][2016-02-09 20:19:08,786][com.java.TestType] [12353] - ?   P A S S   ?
[INFO ][2016-02-09 20:19:08,786][com.java.TestType] [12424] - Looping End......
[INFO ][2016-02-09 20:19:08,788][com.java.SeleniumDriver] [  930] -  RESULT true
[INFO ][2016-02-09 20:19:08,788][com.java.SeleniumDriver] [ 1136] - ?   P A S S   ?
[INFO ][2016-02-09 20:19:08,788][com.java.SeleniumDriver] [  856] - ------------------------------------------
[INFO ][2016-02-09 20:19:08,788][com.java.SeleniumDriver] [  857] - Test case being Executed: 1
[INFO ][2016-02-09 20:19:08,790][com.java.SeleniumDriver] [  869] - Test step:2
[INFO ][2016-02-09 20:19:08,790][com.java.SeleniumDriver] [  881] - Datavalue is----------Concept#2:1-2
[INFO ][2016-02-09 20:19:08,790][com.java.SeleniumDriver] [  905] - DataField : test
[INFO ][2016-02-09 20:19:08,790][com.java.SeleniumDriver] [  907] - DataValue : Concept#2:1-2
[INFO ][2016-02-09 20:19:08,790][com.java.SeleniumDriver] [  913] - <In Set values of the page>
[INFO ][2016-02-09 20:19:08,790][com.java.SeleniumDriver] [  916] - {Data Fields & Data Values Exist}
[INFO ][2016-02-09 20:19:08,790][com.java.SeleniumDriver] [  918] - --------------------------setting values-----------------------------
[INFO ][2016-02-09 20:19:08,790][com.java.SeleniumDriver] [  921] - Action Type : ExecuteTestCase
[INFO ][2016-02-09 20:19:08,791][com.java.TestType] [  448] - The Concept sheet name is ---------- Concept
[INFO ][2016-02-09 20:19:08,791][com.java.TestType] [  451] - The Concept ID  is ---------- 2
[DEBUG][2016-02-09 20:19:08,791][com.java.TestType] [  455] - Steps being executted in the Concept are: 1:2
[INFO ][2016-02-09 20:19:08,791][com.java.TestType] [  462] - Test data details path ---------- D:\BankersDashboard\TestInputs\TestData.xls
[INFO ][2016-02-09 20:19:08,808][com.java.TestType] [  493] -  str(1) = 2
[INFO ][2016-02-09 20:19:08,808][com.java.TestType] [  496] - Test case Id is---2
[INFO ][2016-02-09 20:19:08,809][com.java.TestType] [  498] - 2
[INFO ][2016-02-09 20:19:08,809][com.java.TestType] [  493] -  str(2) = 1
[INFO ][2016-02-09 20:19:08,810][com.java.TestType] [  493] -  str(1) = 2
[INFO ][2016-02-09 20:19:08,810][com.java.TestType] [  496] - Test case Id is---2
[INFO ][2016-02-09 20:19:08,810][com.java.TestType] [  498] - 2
[INFO ][2016-02-09 20:19:08,811][com.java.TestType] [  493] -  str(2) = 2
[INFO ][2016-02-09 20:19:08,811][com.java.TestType] [  493] -  str(1) = 2
[INFO ][2016-02-09 20:19:08,811][com.java.TestType] [  496] - Test case Id is---2
[INFO ][2016-02-09 20:19:08,811][com.java.TestType] [  498] - 2
[INFO ][2016-02-09 20:19:08,811][com.java.TestType] [  493] -  str(2) = 3
[INFO ][2016-02-09 20:19:08,812][com.java.TestType] [12118] - Looping 1TCID = 2
[DEBUG][2016-02-09 20:19:08,812][com.java.TestType] [12159] - Concept ID:2 :: Step being Executed: 2::1
[INFO ][2016-02-09 20:19:08,812][com.java.TestType] [12197] - dataFields : BNK//select[@id='bank']
[DEBUG][2016-02-09 20:19:08,812][com.java.TestType] [12203] - <In Set values of the page>
[DEBUG][2016-02-09 20:19:08,812][com.java.TestType] [12208] - {Data Fields & Data Values Exist}
[INFO ][2016-02-09 20:19:08,812][com.java.TestType] [12214] - --------------------------setting values-----------------------------
[INFO ][2016-02-09 20:19:08,814][com.java.TestType] [12217] - Action Type : Select
[INFO ][2016-02-09 20:19:08,814][com.java.TestType] [ 6747] - value = PFC
[INFO ][2016-02-09 20:19:09,392][com.java.TestType] [12236] -  RESULT true
[INFO ][2016-02-09 20:19:09,392][com.java.TestType] [12353] - ?   P A S S   ?
[DEBUG][2016-02-09 20:19:09,392][com.java.TestType] [12159] - Concept ID:2 :: Step being Executed: 2::2
[INFO ][2016-02-09 20:19:09,392][com.java.TestType] [12197] - dataFields : LNKLogout
[DEBUG][2016-02-09 20:19:09,392][com.java.TestType] [12203] - <In Set values of the page>
[DEBUG][2016-02-09 20:19:09,392][com.java.TestType] [12208] - {Data Fields & Data Values Exist}
[INFO ][2016-02-09 20:19:09,392][com.java.TestType] [12214] - --------------------------setting values-----------------------------
[INFO ][2016-02-09 20:19:09,392][com.java.TestType] [12217] - Action Type : WaitTime
[DEBUG][2016-02-09 20:19:09,393][com.java.TestType] [ 6561] - sleepTime: 5000
[INFO ][2016-02-09 20:19:14,393][com.java.TestType] [12236] -  RESULT true
[INFO ][2016-02-09 20:19:14,393][com.java.TestType] [12353] - ?   P A S S   ?
[INFO ][2016-02-09 20:19:14,393][com.java.TestType] [12424] - Looping End......
[INFO ][2016-02-09 20:19:14,395][com.java.SeleniumDriver] [  930] -  RESULT true
[INFO ][2016-02-09 20:19:14,395][com.java.SeleniumDriver] [ 1136] - ?   P A S S   ?
[INFO ][2016-02-09 20:19:14,395][com.java.SeleniumDriver] [  856] - ------------------------------------------
[INFO ][2016-02-09 20:19:14,395][com.java.SeleniumDriver] [  857] - Test case being Executed: 1
[INFO ][2016-02-09 20:19:14,395][com.java.SeleniumDriver] [  869] - Test step:3
[INFO ][2016-02-09 20:19:14,395][com.java.SeleniumDriver] [  881] - Datavalue is----------2
[INFO ][2016-02-09 20:19:14,395][com.java.SeleniumDriver] [  905] - DataField : XPH//button[contains(text(),'Add Content')]
[INFO ][2016-02-09 20:19:14,395][com.java.SeleniumDriver] [  907] - DataValue : 2
[INFO ][2016-02-09 20:19:14,395][com.java.SeleniumDriver] [  913] - <In Set values of the page>
[INFO ][2016-02-09 20:19:14,395][com.java.SeleniumDriver] [  916] - {Data Fields & Data Values Exist}
[INFO ][2016-02-09 20:19:14,396][com.java.SeleniumDriver] [  918] - --------------------------setting values-----------------------------
[INFO ][2016-02-09 20:19:14,396][com.java.SeleniumDriver] [  921] - Action Type : WAITFORELEMENT
[INFO ][2016-02-09 20:19:14,444][com.java.SeleniumDriver] [  930] -  RESULT true
[INFO ][2016-02-09 20:19:14,444][com.java.SeleniumDriver] [ 1136] - ?   P A S S   ?
[DEBUG][2016-02-09 20:19:14,446][com.java.SeleniumDriver] [ 1248] - Case found
[DEBUG][2016-02-09 20:19:14,446][com.java.SeleniumDriver] [ 1253] - Incrementing ReportCounters[0]:1
[INFO ][2016-02-09 20:19:14,446][com.java.SeleniumDriver] [ 1272] - The results are-------------------[1, 1, Valid Login, Pass, , Tue Feb 09 20:19:08 IST 2016, 1, 2, Valid Login, Pass, , Tue Feb 09 20:19:14 IST 2016, 1, 3, Valid Login, Pass, , Tue Feb 09 20:19:14 IST 2016]
[INFO ][2016-02-09 20:19:14,446][com.java.SeleniumDriver] [ 1276] - End time is-------36 sec
[INFO ][2016-02-09 20:19:14,446][com.java.SeleniumDriver] [ 1277] - The results are-------------------[1, 1, Valid Login, Pass, , Tue Feb 09 20:19:08 IST 2016, 1, 2, Valid Login, Pass, , Tue Feb 09 20:19:14 IST 2016, 1, 3, Valid Login, Pass, , Tue Feb 09 20:19:14 IST 2016]
[DEBUG][2016-02-09 20:19:14,447][com.java.ImportnExport.ExportTestResultsExcel] [  222] - testResultPath = D:\BankersDashboard/TestReports/Test Results_BankersDashBoard_020916_201840_IE10_Any Bank USA.xls
[DEBUG][2016-02-09 20:19:14,447][com.java.ImportnExport.ExportTestResultsExcel] [  223] - browser is------------IE10
[DEBUG][2016-02-09 20:19:14,496][com.java.ImportnExport.ExportTestResultsExcel] [  270] - result.size() = 18
[DEBUG][2016-02-09 20:19:14,497][com.java.ImportnExport.ExportTestResultsExcel] [  274] - No of rows in sheet=1
[DEBUG][2016-02-09 20:19:14,497][com.java.ImportnExport.ExportTestResultsExcel] [  301] - ..in export..1
[DEBUG][2016-02-09 20:19:14,497][com.java.ImportnExport.ExportTestResultsExcel] [  301] - ..in export..Valid Login
[DEBUG][2016-02-09 20:19:14,497][com.java.ImportnExport.ExportTestResultsExcel] [  301] - ..in export..Pass
[DEBUG][2016-02-09 20:19:14,497][com.java.ImportnExport.ExportTestResultsExcel] [  301] - ..in export..
[DEBUG][2016-02-09 20:19:14,497][com.java.ImportnExport.ExportTestResultsExcel] [  301] - ..in export..Tue Feb 09 20:19:08 IST 2016
[INFO ][2016-02-09 20:19:14,499][com.java.SeleniumDriver] [ 1337] - out loop:0 size:3 TestCases:[1, 4, 8] testcases:[1, 4, 8]
[INFO ][2016-02-09 20:19:14,499][com.java.ImportnExport.ImportTestDataDetailsExcel] [   49] - test data details path===== D:\BankersDashboard\TestInputs\TestData.xls
[INFO ][2016-02-09 20:19:29,669][com.java.SeleniumDriver] [  856] - ------------------------------------------
[INFO ][2016-02-09 20:19:29,669][com.java.SeleniumDriver] [  857] - Test case being Executed: 4
[INFO ][2016-02-09 20:19:29,669][com.java.SeleniumDriver] [  869] - Test step:1
[INFO ][2016-02-09 20:19:29,669][com.java.SeleniumDriver] [  881] - Datavalue is----------Logout
[INFO ][2016-02-09 20:19:29,669][com.java.SeleniumDriver] [  905] - DataField : BTN
[INFO ][2016-02-09 20:19:29,669][com.java.SeleniumDriver] [  907] - DataValue : Logout
[INFO ][2016-02-09 20:19:29,669][com.java.SeleniumDriver] [  913] - <In Set values of the page>
[INFO ][2016-02-09 20:19:29,669][com.java.SeleniumDriver] [  916] - {Data Fields & Data Values Exist}
[INFO ][2016-02-09 20:19:29,669][com.java.SeleniumDriver] [  918] - --------------------------setting values-----------------------------
[INFO ][2016-02-09 20:19:29,669][com.java.SeleniumDriver] [  921] - Action Type : Verify
[INFO ][2016-02-09 20:19:29,669][com.java.TestType] [ 8381] - field= BTN value= Logout
[INFO ][2016-02-09 20:19:29,669][com.java.TestType] [ 6747] - value = Logout
[INFO ][2016-02-09 20:19:29,762][com.java.SeleniumDriver] [  930] -  RESULT true
[INFO ][2016-02-09 20:19:29,762][com.java.SeleniumDriver] [ 1136] - ?   P A S S   ?
[INFO ][2016-02-09 20:19:29,762][com.java.SeleniumDriver] [ 1178] - step change to 3
[INFO ][2016-02-09 20:19:29,762][com.java.SeleniumDriver] [  856] - ------------------------------------------
[INFO ][2016-02-09 20:19:29,762][com.java.SeleniumDriver] [  857] - Test case being Executed: 4
[INFO ][2016-02-09 20:19:29,762][com.java.SeleniumDriver] [  869] - Test step:3
[INFO ][2016-02-09 20:19:29,762][com.java.SeleniumDriver] [  881] - Datavalue is----------Concept#2:1-3
[INFO ][2016-02-09 20:19:29,762][com.java.SeleniumDriver] [  905] - DataField : test
[INFO ][2016-02-09 20:19:29,762][com.java.SeleniumDriver] [  907] - DataValue : Concept#2:1-3
[INFO ][2016-02-09 20:19:29,763][com.java.SeleniumDriver] [  913] - <In Set values of the page>
[INFO ][2016-02-09 20:19:29,763][com.java.SeleniumDriver] [  916] - {Data Fields & Data Values Exist}
[INFO ][2016-02-09 20:19:29,763][com.java.SeleniumDriver] [  918] - --------------------------setting values-----------------------------
[INFO ][2016-02-09 20:19:29,763][com.java.SeleniumDriver] [  921] - Action Type : ExecuteTestCase
[INFO ][2016-02-09 20:19:29,763][com.java.TestType] [  448] - The Concept sheet name is ---------- Concept
[INFO ][2016-02-09 20:19:29,763][com.java.TestType] [  451] - The Concept ID  is ---------- 2
[DEBUG][2016-02-09 20:19:29,763][com.java.TestType] [  455] - Steps being executted in the Concept are: 1:3
[INFO ][2016-02-09 20:19:29,763][com.java.TestType] [  462] - Test data details path ---------- D:\BankersDashboard\TestInputs\TestData.xls
[INFO ][2016-02-09 20:19:29,780][com.java.TestType] [  493] -  str(1) = 2
[INFO ][2016-02-09 20:19:29,780][com.java.TestType] [  496] - Test case Id is---2
[INFO ][2016-02-09 20:19:29,780][com.java.TestType] [  498] - 2
[INFO ][2016-02-09 20:19:29,780][com.java.TestType] [  493] -  str(2) = 1
[INFO ][2016-02-09 20:19:29,782][com.java.TestType] [  493] -  str(1) = 2
[INFO ][2016-02-09 20:19:29,782][com.java.TestType] [  496] - Test case Id is---2
[INFO ][2016-02-09 20:19:29,782][com.java.TestType] [  498] - 2
[INFO ][2016-02-09 20:19:29,782][com.java.TestType] [  493] -  str(2) = 2
[INFO ][2016-02-09 20:19:29,783][com.java.TestType] [  493] -  str(1) = 2
[INFO ][2016-02-09 20:19:29,783][com.java.TestType] [  496] - Test case Id is---2
[INFO ][2016-02-09 20:19:29,783][com.java.TestType] [  498] - 2
[INFO ][2016-02-09 20:19:29,783][com.java.TestType] [  493] -  str(2) = 3
[INFO ][2016-02-09 20:19:29,783][com.java.TestType] [12118] - Looping 1TCID = 2
[DEBUG][2016-02-09 20:19:29,784][com.java.TestType] [12159] - Concept ID:2 :: Step being Executed: 2::1
[INFO ][2016-02-09 20:19:29,785][com.java.TestType] [12197] - dataFields : BNK//select[@id='bank']
[DEBUG][2016-02-09 20:19:29,785][com.java.TestType] [12203] - <In Set values of the page>
[DEBUG][2016-02-09 20:19:29,785][com.java.TestType] [12208] - {Data Fields & Data Values Exist}
[INFO ][2016-02-09 20:19:29,785][com.java.TestType] [12214] - --------------------------setting values-----------------------------
[INFO ][2016-02-09 20:19:29,785][com.java.TestType] [12217] - Action Type : Select
[INFO ][2016-02-09 20:19:29,785][com.java.TestType] [ 6747] - value = PFC
[INFO ][2016-02-09 20:19:30,091][com.java.TestType] [12236] -  RESULT true
[INFO ][2016-02-09 20:19:30,091][com.java.TestType] [12353] - ?   P A S S   ?
[DEBUG][2016-02-09 20:19:30,091][com.java.TestType] [12159] - Concept ID:2 :: Step being Executed: 2::2
[INFO ][2016-02-09 20:19:30,091][com.java.TestType] [12197] - dataFields : LNKLogout
[DEBUG][2016-02-09 20:19:30,091][com.java.TestType] [12203] - <In Set values of the page>
[DEBUG][2016-02-09 20:19:30,092][com.java.TestType] [12208] - {Data Fields & Data Values Exist}
[INFO ][2016-02-09 20:19:30,092][com.java.TestType] [12214] - --------------------------setting values-----------------------------
[INFO ][2016-02-09 20:19:30,092][com.java.TestType] [12217] - Action Type : WaitTime
[DEBUG][2016-02-09 20:19:30,093][com.java.TestType] [ 6561] - sleepTime: 5000
[INFO ][2016-02-09 20:19:35,093][com.java.TestType] [12236] -  RESULT true
[INFO ][2016-02-09 20:19:35,093][com.java.TestType] [12353] - ?   P A S S   ?
[DEBUG][2016-02-09 20:19:35,093][com.java.TestType] [12159] - Concept ID:2 :: Step being Executed: 2::3
[INFO ][2016-02-09 20:19:35,093][com.java.TestType] [12197] - dataFields : LNKLogout
[DEBUG][2016-02-09 20:19:35,093][com.java.TestType] [12203] - <In Set values of the page>
[DEBUG][2016-02-09 20:19:35,093][com.java.TestType] [12208] - {Data Fields & Data Values Exist}
[INFO ][2016-02-09 20:19:35,094][com.java.TestType] [12214] - --------------------------setting values-----------------------------
[INFO ][2016-02-09 20:19:35,094][com.java.TestType] [12217] - Action Type : WaitForElement
[INFO ][2016-02-09 20:19:35,141][com.java.TestType] [12236] -  RESULT true
[INFO ][2016-02-09 20:19:35,141][com.java.TestType] [12353] - ?   P A S S   ?
[INFO ][2016-02-09 20:19:35,141][com.java.TestType] [12424] - Looping End......
[INFO ][2016-02-09 20:19:35,143][com.java.SeleniumDriver] [  930] -  RESULT true
[INFO ][2016-02-09 20:19:35,143][com.java.SeleniumDriver] [ 1136] - ?   P A S S   ?
[INFO ][2016-02-09 20:19:35,143][com.java.SeleniumDriver] [  856] - ------------------------------------------
[INFO ][2016-02-09 20:19:35,143][com.java.SeleniumDriver] [  857] - Test case being Executed: 4
[INFO ][2016-02-09 20:19:35,143][com.java.SeleniumDriver] [  869] - Test step:4
[INFO ][2016-02-09 20:19:35,143][com.java.SeleniumDriver] [  881] - Datavalue is----------null
[DEBUG][2016-02-09 20:19:35,143][com.java.SeleniumDriver] [  899] - Exception: null
[INFO ][2016-02-09 20:19:35,143][com.java.SeleniumDriver] [  905] - DataField : //span[@class="icon-cog2"]&&//a[text()='Customize']&&//a[@data-id="TabletAlerts"]
[INFO ][2016-02-09 20:19:35,144][com.java.SeleniumDriver] [  907] - DataValue : 
[INFO ][2016-02-09 20:19:35,144][com.java.SeleniumDriver] [  913] - <In Set values of the page>
[INFO ][2016-02-09 20:19:35,144][com.java.SeleniumDriver] [  916] - {Data Fields & Data Values Exist}
[INFO ][2016-02-09 20:19:35,144][com.java.SeleniumDriver] [  918] - --------------------------setting values-----------------------------
[INFO ][2016-02-09 20:19:35,144][com.java.SeleniumDriver] [  921] - Action Type : MOUSEOVER
[INFO ][2016-02-09 20:20:19,465][com.java.SeleniumDriver] [  930] -  RESULT true
[INFO ][2016-02-09 20:20:19,466][com.java.SeleniumDriver] [ 1136] - ?   P A S S   ?
[INFO ][2016-02-09 20:20:19,466][com.java.SeleniumDriver] [  856] - ------------------------------------------
[INFO ][2016-02-09 20:20:19,466][com.java.SeleniumDriver] [  857] - Test case being Executed: 4
[INFO ][2016-02-09 20:20:19,466][com.java.SeleniumDriver] [  869] - Test step:5
[INFO ][2016-02-09 20:20:19,466][com.java.SeleniumDriver] [  881] - Datavalue is----------My Alerts
[INFO ][2016-02-09 20:20:19,466][com.java.SeleniumDriver] [  905] - DataField : XPH//span[@class='ui-dialog-title']
[INFO ][2016-02-09 20:20:19,466][com.java.SeleniumDriver] [  907] - DataValue : My Alerts
[INFO ][2016-02-09 20:20:19,466][com.java.SeleniumDriver] [  913] - <In Set values of the page>
[INFO ][2016-02-09 20:20:19,466][com.java.SeleniumDriver] [  916] - {Data Fields & Data Values Exist}
[INFO ][2016-02-09 20:20:19,466][com.java.SeleniumDriver] [  918] - --------------------------setting values-----------------------------
[INFO ][2016-02-09 20:20:19,466][com.java.SeleniumDriver] [  921] - Action Type : verify
[INFO ][2016-02-09 20:20:19,466][com.java.TestType] [ 8381] - field= XPH//span[@class='ui-dialog-title'] value= My Alerts
[INFO ][2016-02-09 20:20:19,466][com.java.TestType] [ 6747] - value = My Alerts
[INFO ][2016-02-09 20:20:20,622][com.java.SeleniumDriver] [  930] -  RESULT true
[INFO ][2016-02-09 20:20:20,622][com.java.SeleniumDriver] [ 1136] - ?   P A S S   ?
[INFO ][2016-02-09 20:20:20,622][com.java.SeleniumDriver] [  856] - ------------------------------------------
[INFO ][2016-02-09 20:20:20,622][com.java.SeleniumDriver] [  857] - Test case being Executed: 4
[INFO ][2016-02-09 20:20:20,622][com.java.SeleniumDriver] [  869] - Test step:6
[INFO ][2016-02-09 20:20:20,622][com.java.SeleniumDriver] [  881] - Datavalue is----------null
[DEBUG][2016-02-09 20:20:20,622][com.java.SeleniumDriver] [  899] - Exception: null
[INFO ][2016-02-09 20:20:20,622][com.java.SeleniumDriver] [  905] - DataField : BTNframeDialogContent
[INFO ][2016-02-09 20:20:20,623][com.java.SeleniumDriver] [  907] - DataValue : 
[INFO ][2016-02-09 20:20:20,623][com.java.SeleniumDriver] [  913] - <In Set values of the page>
[INFO ][2016-02-09 20:20:20,623][com.java.SeleniumDriver] [  916] - {Data Fields & Data Values Exist}
[INFO ][2016-02-09 20:20:20,623][com.java.SeleniumDriver] [  918] - --------------------------setting values-----------------------------
[INFO ][2016-02-09 20:20:20,623][com.java.SeleniumDriver] [  921] - Action Type : SELECTFRAME
[INFO ][2016-02-09 20:20:23,107][com.java.SeleniumDriver] [  930] -  RESULT true
[INFO ][2016-02-09 20:20:23,107][com.java.SeleniumDriver] [ 1136] - ?   P A S S   ?
[INFO ][2016-02-09 20:20:23,107][com.java.SeleniumDriver] [  856] - ------------------------------------------
[INFO ][2016-02-09 20:20:23,107][com.java.SeleniumDriver] [  857] - Test case being Executed: 4
[INFO ][2016-02-09 20:20:23,107][com.java.SeleniumDriver] [  869] - Test step:7
[INFO ][2016-02-09 20:20:23,107][com.java.SeleniumDriver] [  881] - Datavalue is----------Income Statement
[INFO ][2016-02-09 20:20:23,107][com.java.SeleniumDriver] [  905] - DataField : XPH//span[contains(text(),'Income Statement')]
[INFO ][2016-02-09 20:20:23,107][com.java.SeleniumDriver] [  907] - DataValue : Income Statement
[INFO ][2016-02-09 20:20:23,108][com.java.SeleniumDriver] [  913] - <In Set values of the page>
[INFO ][2016-02-09 20:20:23,108][com.java.SeleniumDriver] [  916] - {Data Fields & Data Values Exist}
[INFO ][2016-02-09 20:20:23,108][com.java.SeleniumDriver] [  918] - --------------------------setting values-----------------------------
[INFO ][2016-02-09 20:20:23,108][com.java.SeleniumDriver] [  921] - Action Type : VERIFY
[INFO ][2016-02-09 20:20:23,108][com.java.TestType] [ 8381] - field= XPH//span[contains(text(),'Income Statement')] value= Income Statement
[INFO ][2016-02-09 20:20:23,108][com.java.TestType] [ 6747] - value = Income Statement
[INFO ][2016-02-09 20:20:23,302][com.java.SeleniumDriver] [  930] -  RESULT true
[INFO ][2016-02-09 20:20:23,302][com.java.SeleniumDriver] [ 1136] - ?   P A S S   ?
[INFO ][2016-02-09 20:20:23,302][com.java.SeleniumDriver] [  856] - ------------------------------------------
[INFO ][2016-02-09 20:20:23,302][com.java.SeleniumDriver] [  857] - Test case being Executed: 4
[INFO ][2016-02-09 20:20:23,302][com.java.SeleniumDriver] [  869] - Test step:8
[INFO ][2016-02-09 20:20:23,302][com.java.SeleniumDriver] [  881] - Datavalue is----------null
[DEBUG][2016-02-09 20:20:23,303][com.java.SeleniumDriver] [  899] - Exception: null
[INFO ][2016-02-09 20:20:23,303][com.java.SeleniumDriver] [  905] - DataField : XPH//span[contains(text(),'Income Statement')]
[INFO ][2016-02-09 20:20:23,303][com.java.SeleniumDriver] [  907] - DataValue : 
[INFO ][2016-02-09 20:20:23,303][com.java.SeleniumDriver] [  913] - <In Set values of the page>
[INFO ][2016-02-09 20:20:23,303][com.java.SeleniumDriver] [  916] - {Data Fields & Data Values Exist}
[INFO ][2016-02-09 20:20:23,303][com.java.SeleniumDriver] [  918] - --------------------------setting values-----------------------------
[INFO ][2016-02-09 20:20:23,303][com.java.SeleniumDriver] [  921] - Action Type : CLICK
[INFO ][2016-02-09 20:20:23,303][com.java.TestType] [ 7148] - Field ::XPH//span[contains(text(),'Income Statement')]
[INFO ][2016-02-09 20:20:23,303][com.java.TestType] [ 6747] - value = 
[INFO ][2016-02-09 20:20:24,303][com.java.TestType] [ 7325] - BEFORE CLICK
[INFO ][2016-02-09 20:20:25,711][com.java.TestType] [ 7333] - Unable to click the object Income Statement
[INFO ][2016-02-09 20:20:25,711][com.java.SeleniumDriver] [  930] -  RESULT true
[INFO ][2016-02-09 20:20:25,711][com.java.SeleniumDriver] [ 1136] - ?   P A S S   ?
[INFO ][2016-02-09 20:20:25,711][com.java.SeleniumDriver] [  856] - ------------------------------------------
[INFO ][2016-02-09 20:20:25,711][com.java.SeleniumDriver] [  857] - Test case being Executed: 4
[INFO ][2016-02-09 20:20:25,711][com.java.SeleniumDriver] [  869] - Test step:9
[INFO ][2016-02-09 20:20:25,711][com.java.SeleniumDriver] [  881] - Datavalue is----------5
[INFO ][2016-02-09 20:20:25,711][com.java.SeleniumDriver] [  905] - DataField : test
[INFO ][2016-02-09 20:20:25,711][com.java.SeleniumDriver] [  907] - DataValue : 5
[INFO ][2016-02-09 20:20:25,711][com.java.SeleniumDriver] [  913] - <In Set values of the page>
[INFO ][2016-02-09 20:20:25,711][com.java.SeleniumDriver] [  916] - {Data Fields & Data Values Exist}
[INFO ][2016-02-09 20:20:25,712][com.java.SeleniumDriver] [  918] - --------------------------setting values-----------------------------
[INFO ][2016-02-09 20:20:25,712][com.java.SeleniumDriver] [  921] - Action Type : WAITTIME
[DEBUG][2016-02-09 20:20:25,712][com.java.TestType] [ 6561] - sleepTime: 5000
[INFO ][2016-02-09 20:20:30,713][com.java.SeleniumDriver] [  930] -  RESULT true
[INFO ][2016-02-09 20:20:30,713][com.java.SeleniumDriver] [ 1136] - ?   P A S S   ?
[INFO ][2016-02-09 20:20:30,713][com.java.SeleniumDriver] [  856] - ------------------------------------------
[INFO ][2016-02-09 20:20:30,713][com.java.SeleniumDriver] [  857] - Test case being Executed: 4
[INFO ][2016-02-09 20:20:30,713][com.java.SeleniumDriver] [  869] - Test step:10
[INFO ][2016-02-09 20:20:30,713][com.java.SeleniumDriver] [  881] - Datavalue is----------RTD0
[INFO ][2016-02-09 20:20:30,713][com.java.SeleniumDriver] [  905] - DataField : TXT//table[@id="IncomeTbl" ]/tbody//td[4]/input[@class="perVal"]
[INFO ][2016-02-09 20:20:30,713][com.java.SeleniumDriver] [  907] - DataValue : RTD0
[INFO ][2016-02-09 20:20:30,713][com.java.SeleniumDriver] [  913] - <In Set values of the page>
[INFO ][2016-02-09 20:20:30,713][com.java.SeleniumDriver] [  916] - {Data Fields & Data Values Exist}
[INFO ][2016-02-09 20:20:30,713][com.java.SeleniumDriver] [  918] - --------------------------setting values-----------------------------
[INFO ][2016-02-09 20:20:30,713][com.java.SeleniumDriver] [  921] - Action Type : CLEARANDENTER
[INFO ][2016-02-09 20:20:31,853][com.java.TestType] [ 6747] - value = 072
[INFO ][2016-02-09 20:20:37,361][com.java.SeleniumDriver] [  930] -  RESULT true
[INFO ][2016-02-09 20:20:37,361][com.java.SeleniumDriver] [ 1136] - ?   P A S S   ?
[INFO ][2016-02-09 20:20:37,361][com.java.SeleniumDriver] [  856] - ------------------------------------------
[INFO ][2016-02-09 20:20:37,362][com.java.SeleniumDriver] [  857] - Test case being Executed: 4
[INFO ][2016-02-09 20:20:37,362][com.java.SeleniumDriver] [  869] - Test step:11
[INFO ][2016-02-09 20:20:37,362][com.java.SeleniumDriver] [  881] - Datavalue is----------null
[DEBUG][2016-02-09 20:20:37,362][com.java.SeleniumDriver] [  899] - Exception: null
[INFO ][2016-02-09 20:20:37,362][com.java.SeleniumDriver] [  905] - DataField : BTNparent
[INFO ][2016-02-09 20:20:37,362][com.java.SeleniumDriver] [  907] - DataValue : 
[INFO ][2016-02-09 20:20:37,362][com.java.SeleniumDriver] [  913] - <In Set values of the page>
[INFO ][2016-02-09 20:20:37,362][com.java.SeleniumDriver] [  916] - {Data Fields & Data Values Exist}
[INFO ][2016-02-09 20:20:37,362][com.java.SeleniumDriver] [  918] - --------------------------setting values-----------------------------
[INFO ][2016-02-09 20:20:37,362][com.java.SeleniumDriver] [  921] - Action Type : SELECTFRAME
[INFO ][2016-02-09 20:20:37,447][com.java.SeleniumDriver] [  930] -  RESULT true
[INFO ][2016-02-09 20:20:37,447][com.java.SeleniumDriver] [ 1136] - ?   P A S S   ?
[INFO ][2016-02-09 20:20:37,447][com.java.SeleniumDriver] [  856] - ------------------------------------------
[INFO ][2016-02-09 20:20:37,447][com.java.SeleniumDriver] [  857] - Test case being Executed: 4
[INFO ][2016-02-09 20:20:37,447][com.java.SeleniumDriver] [  869] - Test step:12
[INFO ][2016-02-09 20:20:37,447][com.java.SeleniumDriver] [  881] - Datavalue is----------null
[DEBUG][2016-02-09 20:20:37,447][com.java.SeleniumDriver] [  899] - Exception: null
[INFO ][2016-02-09 20:20:37,447][com.java.SeleniumDriver] [  905] - DataField : HDN//span[contains(text(),'Save')]
[INFO ][2016-02-09 20:20:37,447][com.java.SeleniumDriver] [  907] - DataValue : 
[INFO ][2016-02-09 20:20:37,448][com.java.SeleniumDriver] [  913] - <In Set values of the page>
[INFO ][2016-02-09 20:20:37,448][com.java.SeleniumDriver] [  916] - {Data Fields & Data Values Exist}
[INFO ][2016-02-09 20:20:37,448][com.java.SeleniumDriver] [  918] - --------------------------setting values-----------------------------
[INFO ][2016-02-09 20:20:37,448][com.java.SeleniumDriver] [  921] - Action Type : CLICK
[INFO ][2016-02-09 20:20:37,448][com.java.TestType] [ 7148] - Field ::HDN//span[contains(text(),'Save')]
[INFO ][2016-02-09 20:20:37,448][com.java.TestType] [ 6747] - value = 
[INFO ][2016-02-09 20:20:41,498][com.java.SeleniumDriver] [  930] -  RESULT true
[INFO ][2016-02-09 20:20:41,498][com.java.SeleniumDriver] [ 1136] - ?   P A S S   ?
[INFO ][2016-02-09 20:20:41,498][com.java.SeleniumDriver] [  856] - ------------------------------------------
[INFO ][2016-02-09 20:20:41,498][com.java.SeleniumDriver] [  857] - Test case being Executed: 4
[INFO ][2016-02-09 20:20:41,498][com.java.SeleniumDriver] [  869] - Test step:13
[INFO ][2016-02-09 20:20:41,498][com.java.SeleniumDriver] [  881] - Datavalue is----------null
[DEBUG][2016-02-09 20:20:41,498][com.java.SeleniumDriver] [  899] - Exception: null
[INFO ][2016-02-09 20:20:41,498][com.java.SeleniumDriver] [  905] - DataField : XPH//div[@class="menu"]//span[@class='glyphicon glyphicon-bell']
[INFO ][2016-02-09 20:20:41,499][com.java.SeleniumDriver] [  907] - DataValue : 
[INFO ][2016-02-09 20:20:41,499][com.java.SeleniumDriver] [  913] - <In Set values of the page>
[INFO ][2016-02-09 20:20:41,499][com.java.SeleniumDriver] [  916] - {Data Fields & Data Values Exist}
[INFO ][2016-02-09 20:20:41,499][com.java.SeleniumDriver] [  918] - --------------------------setting values-----------------------------
[INFO ][2016-02-09 20:20:41,499][com.java.SeleniumDriver] [  921] - Action Type : CLICK
[INFO ][2016-02-09 20:20:41,499][com.java.TestType] [ 7148] - Field ::XPH//div[@class="menu"]//span[@class='glyphicon glyphicon-bell']
[INFO ][2016-02-09 20:20:41,499][com.java.TestType] [ 6747] - value = 
[INFO ][2016-02-09 20:20:42,499][com.java.TestType] [ 7325] - BEFORE CLICK
[INFO ][2016-02-09 20:20:44,522][com.java.TestType] [ 7333] - Unable to click the object Click on  bell symbol
[INFO ][2016-02-09 20:20:44,522][com.java.SeleniumDriver] [  930] -  RESULT true
[INFO ][2016-02-09 20:20:44,522][com.java.SeleniumDriver] [ 1136] - ?   P A S S   ?
[INFO ][2016-02-09 20:20:44,522][com.java.SeleniumDriver] [  856] - ------------------------------------------
[INFO ][2016-02-09 20:20:44,522][com.java.SeleniumDriver] [  857] - Test case being Executed: 4
[INFO ][2016-02-09 20:20:44,522][com.java.SeleniumDriver] [  869] - Test step:14
[INFO ][2016-02-09 20:20:44,522][com.java.SeleniumDriver] [  881] - Datavalue is----------null
[DEBUG][2016-02-09 20:20:44,522][com.java.SeleniumDriver] [  899] - Exception: null
[INFO ][2016-02-09 20:20:44,522][com.java.SeleniumDriver] [  905] - DataField : XPH//div[@class='body']/div[4]/div[2]
[INFO ][2016-02-09 20:20:44,522][com.java.SeleniumDriver] [  907] - DataValue : 
[INFO ][2016-02-09 20:20:44,522][com.java.SeleniumDriver] [  913] - <In Set values of the page>
[INFO ][2016-02-09 20:20:44,522][com.java.SeleniumDriver] [  916] - {Data Fields & Data Values Exist}
[INFO ][2016-02-09 20:20:44,523][com.java.SeleniumDriver] [  918] - --------------------------setting values-----------------------------
[INFO ][2016-02-09 20:20:44,523][com.java.SeleniumDriver] [  921] - Action Type : CLICK
[INFO ][2016-02-09 20:20:44,523][com.java.TestType] [ 7148] - Field ::XPH//div[@class='body']/div[4]/div[2]
[INFO ][2016-02-09 20:20:44,523][com.java.TestType] [ 6747] - value = 
[INFO ][2016-02-09 20:20:45,523][com.java.TestType] [ 7325] - BEFORE CLICK
[INFO ][2016-02-09 20:20:48,090][com.java.TestType] [ 7333] - Unable to click the object Click on the Today's Alert Page
[INFO ][2016-02-09 20:20:48,090][com.java.SeleniumDriver] [  930] -  RESULT true
[INFO ][2016-02-09 20:20:48,090][com.java.SeleniumDriver] [ 1136] - ?   P A S S   ?
[INFO ][2016-02-09 20:20:48,090][com.java.SeleniumDriver] [  856] - ------------------------------------------
[INFO ][2016-02-09 20:20:48,090][com.java.SeleniumDriver] [  857] - Test case being Executed: 4
[INFO ][2016-02-09 20:20:48,090][com.java.SeleniumDriver] [  869] - Test step:15
[INFO ][2016-02-09 20:20:48,090][com.java.SeleniumDriver] [  881] - Datavalue is----------//div[@class="menu-drawer"]//span
[INFO ][2016-02-09 20:20:48,090][com.java.SeleniumDriver] [  905] - DataField : BTN
[INFO ][2016-02-09 20:20:48,090][com.java.SeleniumDriver] [  907] - DataValue : //div[@class="menu-drawer"]//span
[INFO ][2016-02-09 20:20:48,090][com.java.SeleniumDriver] [  913] - <In Set values of the page>
[INFO ][2016-02-09 20:20:48,090][com.java.SeleniumDriver] [  916] - {Data Fields & Data Values Exist}
[INFO ][2016-02-09 20:20:48,090][com.java.SeleniumDriver] [  918] - --------------------------setting values-----------------------------
[INFO ][2016-02-09 20:20:48,090][com.java.SeleniumDriver] [  921] - Action Type : VERIFY
[INFO ][2016-02-09 20:20:48,091][com.java.TestType] [ 8381] - field= BTN value= //div[@class="menu-drawer"]//span
[INFO ][2016-02-09 20:20:48,091][com.java.TestType] [ 6747] - value = //div[@class="menu-drawer"]//span
[INFO ][2016-02-09 20:20:48,644][com.java.SeleniumDriver] [  930] -  RESULT true
[INFO ][2016-02-09 20:20:48,644][com.java.SeleniumDriver] [ 1136] - ?   P A S S   ?
[INFO ][2016-02-09 20:20:48,644][com.java.SeleniumDriver] [  856] - ------------------------------------------
[INFO ][2016-02-09 20:20:48,644][com.java.SeleniumDriver] [  857] - Test case being Executed: 4
[INFO ][2016-02-09 20:20:48,644][com.java.SeleniumDriver] [  869] - Test step:16
[INFO ][2016-02-09 20:20:48,644][com.java.SeleniumDriver] [  881] - Datavalue is----------//div[@id='isAlertsHeading']/h4
[INFO ][2016-02-09 20:20:48,644][com.java.SeleniumDriver] [  905] - DataField : BTN
[INFO ][2016-02-09 20:20:48,645][com.java.SeleniumDriver] [  907] - DataValue : //div[@id='isAlertsHeading']/h4
[INFO ][2016-02-09 20:20:48,645][com.java.SeleniumDriver] [  913] - <In Set values of the page>
[INFO ][2016-02-09 20:20:48,645][com.java.SeleniumDriver] [  916] - {Data Fields & Data Values Exist}
[INFO ][2016-02-09 20:20:48,645][com.java.SeleniumDriver] [  918] - --------------------------setting values-----------------------------
[INFO ][2016-02-09 20:20:48,645][com.java.SeleniumDriver] [  921] - Action Type : VERIFY
[INFO ][2016-02-09 20:20:48,645][com.java.TestType] [ 8381] - field= BTN value= //div[@id='isAlertsHeading']/h4
[INFO ][2016-02-09 20:20:48,645][com.java.TestType] [ 6747] - value = //div[@id='isAlertsHeading']/h4
[INFO ][2016-02-09 20:20:49,136][com.java.SeleniumDriver] [  930] -  RESULT true
[INFO ][2016-02-09 20:20:49,136][com.java.SeleniumDriver] [ 1136] - ?   P A S S   ?
[INFO ][2016-02-09 20:20:49,136][com.java.SeleniumDriver] [  856] - ------------------------------------------
[INFO ][2016-02-09 20:20:49,136][com.java.SeleniumDriver] [  857] - Test case being Executed: 4
[INFO ][2016-02-09 20:20:49,136][com.java.SeleniumDriver] [  869] - Test step:17
[INFO ][2016-02-09 20:20:49,137][com.java.SeleniumDriver] [  881] - Datavalue is----------null
[DEBUG][2016-02-09 20:20:49,137][com.java.SeleniumDriver] [  899] - Exception: null
[INFO ][2016-02-09 20:20:49,137][com.java.SeleniumDriver] [  905] - DataField : XPH//div[@class="panel panel-default ng-scope"]/div[@id='isAlertsHeading']/h4
[INFO ][2016-02-09 20:20:49,137][com.java.SeleniumDriver] [  907] - DataValue : 
[INFO ][2016-02-09 20:20:49,137][com.java.SeleniumDriver] [  913] - <In Set values of the page>
[INFO ][2016-02-09 20:20:49,137][com.java.SeleniumDriver] [  916] - {Data Fields & Data Values Exist}
[INFO ][2016-02-09 20:20:49,137][com.java.SeleniumDriver] [  918] - --------------------------setting values-----------------------------
[INFO ][2016-02-09 20:20:49,137][com.java.SeleniumDriver] [  921] - Action Type : CLICK
[INFO ][2016-02-09 20:20:49,137][com.java.TestType] [ 7148] - Field ::XPH//div[@class="panel panel-default ng-scope"]/div[@id='isAlertsHeading']/h4
[INFO ][2016-02-09 20:20:49,137][com.java.TestType] [ 6747] - value = 
[INFO ][2016-02-09 20:20:50,137][com.java.TestType] [ 7325] - BEFORE CLICK
[INFO ][2016-02-09 20:20:52,733][com.java.TestType] [ 7333] - Unable to click the object Click on Income Statement tab
[INFO ][2016-02-09 20:20:52,733][com.java.SeleniumDriver] [  930] -  RESULT true
[INFO ][2016-02-09 20:20:52,733][com.java.SeleniumDriver] [ 1136] - ?   P A S S   ?
[INFO ][2016-02-09 20:20:52,733][com.java.SeleniumDriver] [  856] - ------------------------------------------
[INFO ][2016-02-09 20:20:52,733][com.java.SeleniumDriver] [  857] - Test case being Executed: 4
[INFO ][2016-02-09 20:20:52,733][com.java.SeleniumDriver] [  869] - Test step:18
[INFO ][2016-02-09 20:20:52,733][com.java.SeleniumDriver] [  881] - Datavalue is----------3
[INFO ][2016-02-09 20:20:52,733][com.java.SeleniumDriver] [  905] - DataField : null
[INFO ][2016-02-09 20:20:52,733][com.java.SeleniumDriver] [  907] - DataValue : 3
[INFO ][2016-02-09 20:20:52,733][com.java.SeleniumDriver] [  913] - <In Set values of the page>
[INFO ][2016-02-09 20:20:52,733][com.java.SeleniumDriver] [  916] - {Data Fields & Data Values Exist}
[INFO ][2016-02-09 20:20:52,733][com.java.SeleniumDriver] [  918] - --------------------------setting values-----------------------------
[INFO ][2016-02-09 20:20:52,733][com.java.SeleniumDriver] [  921] - Action Type : WAITTIME
[DEBUG][2016-02-09 20:20:52,734][com.java.TestType] [ 6561] - sleepTime: 3000
[INFO ][2016-02-09 20:20:55,734][com.java.SeleniumDriver] [  930] -  RESULT true
[INFO ][2016-02-09 20:20:55,734][com.java.SeleniumDriver] [ 1136] - ?   P A S S   ?
[INFO ][2016-02-09 20:20:55,734][com.java.SeleniumDriver] [  856] - ------------------------------------------
[INFO ][2016-02-09 20:20:55,734][com.java.SeleniumDriver] [  857] - Test case being Executed: 4
[INFO ][2016-02-09 20:20:55,734][com.java.SeleniumDriver] [  869] - Test step:19
[INFO ][2016-02-09 20:20:55,734][com.java.SeleniumDriver] [  881] - Datavalue is----------glyphicon-play down
[INFO ][2016-02-09 20:20:55,734][com.java.SeleniumDriver] [  905] - DataField : CCM//div[@class="panel panel-default ng-scope"]/div[@id='isAlertsHeading']/h4/span
[INFO ][2016-02-09 20:20:55,734][com.java.SeleniumDriver] [  907] - DataValue : glyphicon-play down
[INFO ][2016-02-09 20:20:55,734][com.java.SeleniumDriver] [  913] - <In Set values of the page>
[INFO ][2016-02-09 20:20:55,734][com.java.SeleniumDriver] [  916] - {Data Fields & Data Values Exist}
[INFO ][2016-02-09 20:20:55,734][com.java.SeleniumDriver] [  918] - --------------------------setting values-----------------------------
[INFO ][2016-02-09 20:20:55,734][com.java.SeleniumDriver] [  921] - Action Type : VERIFY
[INFO ][2016-02-09 20:20:55,734][com.java.TestType] [ 8381] - field= CCM//div[@class="panel panel-default ng-scope"]/div[@id='isAlertsHeading']/h4/span value= glyphicon-play down
[INFO ][2016-02-09 20:20:55,735][com.java.TestType] [ 6747] - value = glyphicon-play down
[DEBUG][2016-02-09 20:20:55,735][com.java.TestType] [ 9722] - Exception: glyphicon-play down
[DEBUG][2016-02-09 20:20:55,735][com.java.TestType] [ 9725] - Element not replaced::glyphicon-play down
[INFO ][2016-02-09 20:20:55,735][com.java.SeleniumDriver] [  930] -  RESULT false
[INFO ][2016-02-09 20:20:55,735][com.java.SeleniumDriver] [  977] - ?   F A I L   ?
[INFO ][2016-02-09 20:20:55,735][com.java.SeleniumDriver] [  985] - Browser Type : IE10
[INFO ][2016-02-09 20:20:55,735][com.java.SeleniumDriver] [  986] - Adding Failed case4
[DEBUG][2016-02-09 20:20:56,110][com.java.SeleniumDriver] [ 1054] -  tdd.getCondition() IF:23:Next
[INFO ][2016-02-09 20:20:56,110][com.java.SeleniumDriver] [ 1058] - Continue next step...
[INFO ][2016-02-09 20:20:56,110][com.java.SeleniumDriver] [  856] - ------------------------------------------
[INFO ][2016-02-09 20:20:56,110][com.java.SeleniumDriver] [  857] - Test case being Executed: 4
[INFO ][2016-02-09 20:20:56,110][com.java.SeleniumDriver] [  869] - Test step:20
[INFO ][2016-02-09 20:20:56,110][com.java.SeleniumDriver] [  881] - Datavalue is----------2
[INFO ][2016-02-09 20:20:56,110][com.java.SeleniumDriver] [  905] - DataField : null
[INFO ][2016-02-09 20:20:56,110][com.java.SeleniumDriver] [  907] - DataValue : 2
[INFO ][2016-02-09 20:20:56,110][com.java.SeleniumDriver] [  913] - <In Set values of the page>
[INFO ][2016-02-09 20:20:56,111][com.java.SeleniumDriver] [  916] - {Data Fields & Data Values Exist}
[INFO ][2016-02-09 20:20:56,111][com.java.SeleniumDriver] [  918] - --------------------------setting values-----------------------------
[INFO ][2016-02-09 20:20:56,111][com.java.SeleniumDriver] [  921] - Action Type : WAITTIME
[DEBUG][2016-02-09 20:20:56,111][com.java.TestType] [ 6561] - sleepTime: 2000
[INFO ][2016-02-09 20:20:58,112][com.java.SeleniumDriver] [  930] -  RESULT true
[INFO ][2016-02-09 20:20:58,112][com.java.SeleniumDriver] [ 1136] - ?   P A S S   ?
[INFO ][2016-02-09 20:20:58,112][com.java.SeleniumDriver] [  856] - ------------------------------------------
[INFO ][2016-02-09 20:20:58,113][com.java.SeleniumDriver] [  857] - Test case being Executed: 4
[INFO ][2016-02-09 20:20:58,113][com.java.SeleniumDriver] [  869] - Test step:21
[INFO ][2016-02-09 20:20:58,114][com.java.SeleniumDriver] [  881] - Datavalue is----------null
[DEBUG][2016-02-09 20:20:58,114][com.java.SeleniumDriver] [  899] - Exception: null
[INFO ][2016-02-09 20:20:58,114][com.java.SeleniumDriver] [  905] - DataField : XPH//div[@class="panel panel-default ng-scope"]/div[@id='isAlertsHeading']/h4
[INFO ][2016-02-09 20:20:58,114][com.java.SeleniumDriver] [  907] - DataValue : 
[INFO ][2016-02-09 20:20:58,114][com.java.SeleniumDriver] [  913] - <In Set values of the page>
[INFO ][2016-02-09 20:20:58,114][com.java.SeleniumDriver] [  916] - {Data Fields & Data Values Exist}
[INFO ][2016-02-09 20:20:58,114][com.java.SeleniumDriver] [  918] - --------------------------setting values-----------------------------
[INFO ][2016-02-09 20:20:58,114][com.java.SeleniumDriver] [  921] - Action Type : CLICK
[INFO ][2016-02-09 20:20:58,114][com.java.TestType] [ 7148] - Field ::XPH//div[@class="panel panel-default ng-scope"]/div[@id='isAlertsHeading']/h4
[INFO ][2016-02-09 20:20:58,114][com.java.TestType] [ 6747] - value = 
[INFO ][2016-02-09 20:20:59,114][com.java.TestType] [ 7325] - BEFORE CLICK
[INFO ][2016-02-09 20:21:01,594][com.java.TestType] [ 7333] - Unable to click the object Click on Income Statement tab
[INFO ][2016-02-09 20:21:01,594][com.java.SeleniumDriver] [  930] -  RESULT true
[INFO ][2016-02-09 20:21:01,594][com.java.SeleniumDriver] [ 1136] - ?   P A S S   ?
[INFO ][2016-02-09 20:21:01,594][com.java.SeleniumDriver] [  856] - ------------------------------------------
[INFO ][2016-02-09 20:21:01,594][com.java.SeleniumDriver] [  857] - Test case being Executed: 4
[INFO ][2016-02-09 20:21:01,594][com.java.SeleniumDriver] [  869] - Test step:22
[INFO ][2016-02-09 20:21:01,594][com.java.SeleniumDriver] [  881] - Datavalue is----------2
[INFO ][2016-02-09 20:21:01,594][com.java.SeleniumDriver] [  905] - DataField : null
[INFO ][2016-02-09 20:21:01,594][com.java.SeleniumDriver] [  907] - DataValue : 2
[INFO ][2016-02-09 20:21:01,595][com.java.SeleniumDriver] [  913] - <In Set values of the page>
[INFO ][2016-02-09 20:21:01,595][com.java.SeleniumDriver] [  916] - {Data Fields & Data Values Exist}
[INFO ][2016-02-09 20:21:01,595][com.java.SeleniumDriver] [  918] - --------------------------setting values-----------------------------
[INFO ][2016-02-09 20:21:01,595][com.java.SeleniumDriver] [  921] - Action Type : WAITTIME
[DEBUG][2016-02-09 20:21:01,595][com.java.TestType] [ 6561] - sleepTime: 2000
[INFO ][2016-02-09 20:21:03,595][com.java.SeleniumDriver] [  930] -  RESULT true
[INFO ][2016-02-09 20:21:03,595][com.java.SeleniumDriver] [ 1136] - ?   P A S S   ?
[INFO ][2016-02-09 20:21:03,595][com.java.SeleniumDriver] [  856] - ------------------------------------------
[INFO ][2016-02-09 20:21:03,595][com.java.SeleniumDriver] [  857] - Test case being Executed: 4
[INFO ][2016-02-09 20:21:03,595][com.java.SeleniumDriver] [  869] - Test step:23
[INFO ][2016-02-09 20:21:03,595][com.java.SeleniumDriver] [  881] - Datavalue is----------null
[DEBUG][2016-02-09 20:21:03,595][com.java.SeleniumDriver] [  899] - Exception: null
[INFO ][2016-02-09 20:21:03,595][com.java.SeleniumDriver] [  905] - DataField : XPH//div[@class="panel panel-default ng-scope"]/div[@id='isAlertsHeading']/h4
[INFO ][2016-02-09 20:21:03,595][com.java.SeleniumDriver] [  907] - DataValue : 
[INFO ][2016-02-09 20:21:03,595][com.java.SeleniumDriver] [  913] - <In Set values of the page>
[INFO ][2016-02-09 20:21:03,595][com.java.SeleniumDriver] [  916] - {Data Fields & Data Values Exist}
[INFO ][2016-02-09 20:21:03,595][com.java.SeleniumDriver] [  918] - --------------------------setting values-----------------------------
[INFO ][2016-02-09 20:21:03,596][com.java.SeleniumDriver] [  921] - Action Type : CLICK
[INFO ][2016-02-09 20:21:03,596][com.java.TestType] [ 7148] - Field ::XPH//div[@class="panel panel-default ng-scope"]/div[@id='isAlertsHeading']/h4
[INFO ][2016-02-09 20:21:03,596][com.java.TestType] [ 6747] - value = 
[INFO ][2016-02-09 20:21:04,596][com.java.TestType] [ 7325] - BEFORE CLICK
[INFO ][2016-02-09 20:21:07,087][com.java.TestType] [ 7333] - Unable to click the object Click on Income Statement tab
[INFO ][2016-02-09 20:21:07,087][com.java.SeleniumDriver] [  930] -  RESULT true
[INFO ][2016-02-09 20:21:07,087][com.java.SeleniumDriver] [ 1136] - ?   P A S S   ?
[INFO ][2016-02-09 20:21:07,087][com.java.SeleniumDriver] [  856] - ------------------------------------------
[INFO ][2016-02-09 20:21:07,087][com.java.SeleniumDriver] [  857] - Test case being Executed: 4
[INFO ][2016-02-09 20:21:07,087][com.java.SeleniumDriver] [  869] - Test step:24
[INFO ][2016-02-09 20:21:07,087][com.java.SeleniumDriver] [  881] - Datavalue is----------//*[@id='isAlertsContent']/div/div[1]/div[1]
[INFO ][2016-02-09 20:21:07,087][com.java.SeleniumDriver] [  905] - DataField : MSG
[INFO ][2016-02-09 20:21:07,087][com.java.SeleniumDriver] [  907] - DataValue : //*[@id='isAlertsContent']/div/div[1]/div[1]
[INFO ][2016-02-09 20:21:07,087][com.java.SeleniumDriver] [  913] - <In Set values of the page>
[INFO ][2016-02-09 20:21:07,087][com.java.SeleniumDriver] [  916] - {Data Fields & Data Values Exist}
[INFO ][2016-02-09 20:21:07,089][com.java.SeleniumDriver] [  918] - --------------------------setting values-----------------------------
[INFO ][2016-02-09 20:21:07,089][com.java.SeleniumDriver] [  921] - Action Type : VERIFYNOTPRESENT
[INFO ][2016-02-09 20:21:07,089][com.java.TestType] [10202] - field= MSG value= //*[@id='isAlertsContent']/div/div[1]/div[1]
[INFO ][2016-02-09 20:21:07,308][com.java.SeleniumDriver] [  930] -  RESULT true
[INFO ][2016-02-09 20:21:07,309][com.java.SeleniumDriver] [ 1136] - ?   P A S S   ?
[INFO ][2016-02-09 20:21:07,309][com.java.SeleniumDriver] [  856] - ------------------------------------------
[INFO ][2016-02-09 20:21:07,309][com.java.SeleniumDriver] [  857] - Test case being Executed: 4
[INFO ][2016-02-09 20:21:07,309][com.java.SeleniumDriver] [  869] - Test step:25
[INFO ][2016-02-09 20:21:07,309][com.java.SeleniumDriver] [  881] - Datavalue is----------null
[DEBUG][2016-02-09 20:21:07,309][com.java.SeleniumDriver] [  899] - Exception: null
[INFO ][2016-02-09 20:21:07,309][com.java.SeleniumDriver] [  905] - DataField : HDN//span[@class='glyphicon glyphicon-refresh ng-scope']
[INFO ][2016-02-09 20:21:07,309][com.java.SeleniumDriver] [  907] - DataValue : 
[INFO ][2016-02-09 20:21:07,309][com.java.SeleniumDriver] [  913] - <In Set values of the page>
[INFO ][2016-02-09 20:21:07,309][com.java.SeleniumDriver] [  916] - {Data Fields & Data Values Exist}
[INFO ][2016-02-09 20:21:07,309][com.java.SeleniumDriver] [  918] - --------------------------setting values-----------------------------
[INFO ][2016-02-09 20:21:07,309][com.java.SeleniumDriver] [  921] - Action Type : CLICK
[INFO ][2016-02-09 20:21:07,309][com.java.TestType] [ 7148] - Field ::HDN//span[@class='glyphicon glyphicon-refresh ng-scope']
[INFO ][2016-02-09 20:21:07,310][com.java.TestType] [ 6747] - value = 
[INFO ][2016-02-09 20:21:09,283][com.java.SeleniumDriver] [  930] -  RESULT true
[INFO ][2016-02-09 20:21:09,284][com.java.SeleniumDriver] [ 1136] - ?   P A S S   ?
[INFO ][2016-02-09 20:21:09,284][com.java.SeleniumDriver] [  856] - ------------------------------------------
[INFO ][2016-02-09 20:21:09,284][com.java.SeleniumDriver] [  857] - Test case being Executed: 4
[INFO ][2016-02-09 20:21:09,284][com.java.SeleniumDriver] [  869] - Test step:26
[INFO ][2016-02-09 20:21:09,284][com.java.SeleniumDriver] [  881] - Datavalue is----------15
[INFO ][2016-02-09 20:21:09,284][com.java.SeleniumDriver] [  905] - DataField : null
[INFO ][2016-02-09 20:21:09,284][com.java.SeleniumDriver] [  907] - DataValue : 15
[INFO ][2016-02-09 20:21:09,284][com.java.SeleniumDriver] [  913] - <In Set values of the page>
[INFO ][2016-02-09 20:21:09,284][com.java.SeleniumDriver] [  916] - {Data Fields & Data Values Exist}
[INFO ][2016-02-09 20:21:09,284][com.java.SeleniumDriver] [  918] - --------------------------setting values-----------------------------
[INFO ][2016-02-09 20:21:09,284][com.java.SeleniumDriver] [  921] - Action Type : WAITTIME
[DEBUG][2016-02-09 20:21:09,284][com.java.TestType] [ 6561] - sleepTime: 15000
[INFO ][2016-02-09 20:21:24,285][com.java.SeleniumDriver] [  930] -  RESULT true
[INFO ][2016-02-09 20:21:24,285][com.java.SeleniumDriver] [ 1136] - ?   P A S S   ?
[INFO ][2016-02-09 20:21:24,285][com.java.SeleniumDriver] [  856] - ------------------------------------------
[INFO ][2016-02-09 20:21:24,285][com.java.SeleniumDriver] [  857] - Test case being Executed: 4
[INFO ][2016-02-09 20:21:24,285][com.java.SeleniumDriver] [  869] - Test step:27
[INFO ][2016-02-09 20:21:24,285][com.java.SeleniumDriver] [  881] - Datavalue is----------numberofupdatesbeforerefreshing
[INFO ][2016-02-09 20:21:24,285][com.java.SeleniumDriver] [  905] - DataField : XPH//div[@id="isAlertsHeading"]//span[@class="badge pull-right ng-binding"]
[INFO ][2016-02-09 20:21:24,285][com.java.SeleniumDriver] [  907] - DataValue : numberofupdatesbeforerefreshing
[INFO ][2016-02-09 20:21:24,285][com.java.SeleniumDriver] [  913] - <In Set values of the page>
[INFO ][2016-02-09 20:21:24,285][com.java.SeleniumDriver] [  916] - {Data Fields & Data Values Exist}
[INFO ][2016-02-09 20:21:24,285][com.java.SeleniumDriver] [  918] - --------------------------setting values-----------------------------
[INFO ][2016-02-09 20:21:24,285][com.java.SeleniumDriver] [  921] - Action Type : STOREVALUE
[INFO ][2016-02-09 20:21:24,286][com.java.TestType] [ 9883] - field= XPH//div[@id="isAlertsHeading"]//span[@class="badge pull-right ng-binding"]
[DEBUG][2016-02-09 20:21:25,213][com.java.TestType] [ 9938] - Key:: numberofupdatesbeforerefreshing   Value:: 1
[INFO ][2016-02-09 20:21:25,213][com.java.SeleniumDriver] [  930] -  RESULT true
[INFO ][2016-02-09 20:21:25,213][com.java.SeleniumDriver] [ 1136] - ?   P A S S   ?
[INFO ][2016-02-09 20:21:25,213][com.java.SeleniumDriver] [  856] - ------------------------------------------
[INFO ][2016-02-09 20:21:25,213][com.java.SeleniumDriver] [  857] - Test case being Executed: 4
[INFO ][2016-02-09 20:21:25,213][com.java.SeleniumDriver] [  869] - Test step:28
[INFO ][2016-02-09 20:21:25,213][com.java.SeleniumDriver] [  881] - Datavalue is----------HMVnumberofupdatesbeforerefreshing
[INFO ][2016-02-09 20:21:25,213][com.java.SeleniumDriver] [  905] - DataField : TAL//div[@id="isAlertsContent"]//div[@class="bd-alert ng-scope"]
[INFO ][2016-02-09 20:21:25,213][com.java.SeleniumDriver] [  907] - DataValue : HMVnumberofupdatesbeforerefreshing
[INFO ][2016-02-09 20:21:25,213][com.java.SeleniumDriver] [  913] - <In Set values of the page>
[INFO ][2016-02-09 20:21:25,213][com.java.SeleniumDriver] [  916] - {Data Fields & Data Values Exist}
[INFO ][2016-02-09 20:21:25,214][com.java.SeleniumDriver] [  918] - --------------------------setting values-----------------------------
[INFO ][2016-02-09 20:21:25,214][com.java.SeleniumDriver] [  921] - Action Type : VERIFY
[INFO ][2016-02-09 20:21:25,214][com.java.TestType] [ 8381] - field= TAL//div[@id="isAlertsContent"]//div[@class="bd-alert ng-scope"] value= HMVnumberofupdatesbeforerefreshing
[INFO ][2016-02-09 20:21:25,214][com.java.TestType] [ 6747] - value = 1
[INFO ][2016-02-09 20:21:25,490][com.java.SeleniumDriver] [  930] -  RESULT true
[INFO ][2016-02-09 20:21:25,490][com.java.SeleniumDriver] [ 1136] - ?   P A S S   ?
[INFO ][2016-02-09 20:21:25,490][com.java.SeleniumDriver] [  856] - ------------------------------------------
[INFO ][2016-02-09 20:21:25,490][com.java.SeleniumDriver] [  857] - Test case being Executed: 4
[INFO ][2016-02-09 20:21:25,490][com.java.SeleniumDriver] [  869] - Test step:29
[INFO ][2016-02-09 20:21:25,490][com.java.SeleniumDriver] [  881] - Datavalue is----------10
[INFO ][2016-02-09 20:21:25,490][com.java.SeleniumDriver] [  905] - DataField : null
[INFO ][2016-02-09 20:21:25,490][com.java.SeleniumDriver] [  907] - DataValue : 10
[INFO ][2016-02-09 20:21:25,490][com.java.SeleniumDriver] [  913] - <In Set values of the page>
[INFO ][2016-02-09 20:21:25,490][com.java.SeleniumDriver] [  916] - {Data Fields & Data Values Exist}
[INFO ][2016-02-09 20:21:25,490][com.java.SeleniumDriver] [  918] - --------------------------setting values-----------------------------
[INFO ][2016-02-09 20:21:25,490][com.java.SeleniumDriver] [  921] - Action Type : WAITTIME
[DEBUG][2016-02-09 20:21:25,491][com.java.TestType] [ 6561] - sleepTime: 10000
[INFO ][2016-02-09 20:21:35,492][com.java.SeleniumDriver] [  930] -  RESULT true
[INFO ][2016-02-09 20:21:35,492][com.java.SeleniumDriver] [ 1136] - ?   P A S S   ?
[INFO ][2016-02-09 20:21:35,492][com.java.SeleniumDriver] [  856] - ------------------------------------------
[INFO ][2016-02-09 20:21:35,492][com.java.SeleniumDriver] [  857] - Test case being Executed: 4
[INFO ][2016-02-09 20:21:35,492][com.java.SeleniumDriver] [  869] - Test step:30
[INFO ][2016-02-09 20:21:35,492][com.java.SeleniumDriver] [  881] - Datavalue is----------BalanceSheet
[INFO ][2016-02-09 20:21:35,492][com.java.SeleniumDriver] [  905] - DataField : XPH//div[@id="isAlertsContent"]//div[@class="bd-alert ng-scope"][1]/div[@class="ng-binding"]
[INFO ][2016-02-09 20:21:35,492][com.java.SeleniumDriver] [  907] - DataValue : BalanceSheet
[INFO ][2016-02-09 20:21:35,492][com.java.SeleniumDriver] [  913] - <In Set values of the page>
[INFO ][2016-02-09 20:21:35,492][com.java.SeleniumDriver] [  916] - {Data Fields & Data Values Exist}
[INFO ][2016-02-09 20:21:35,492][com.java.SeleniumDriver] [  918] - --------------------------setting values-----------------------------
[INFO ][2016-02-09 20:21:35,492][com.java.SeleniumDriver] [  921] - Action Type : STOREVALUE
[INFO ][2016-02-09 20:21:35,493][com.java.TestType] [ 9883] - field= XPH//div[@id="isAlertsContent"]//div[@class="bd-alert ng-scope"][1]/div[@class="ng-binding"]
[DEBUG][2016-02-09 20:21:36,501][com.java.TestType] [ 9938] - Key:: BalanceSheet   Value:: Service charges and fees
[INFO ][2016-02-09 20:21:36,501][com.java.SeleniumDriver] [  930] -  RESULT true
[INFO ][2016-02-09 20:21:36,501][com.java.SeleniumDriver] [ 1136] - ?   P A S S   ?
[INFO ][2016-02-09 20:21:36,501][com.java.SeleniumDriver] [  856] - ------------------------------------------
[INFO ][2016-02-09 20:21:36,501][com.java.SeleniumDriver] [  857] - Test case being Executed: 4
[INFO ][2016-02-09 20:21:36,501][com.java.SeleniumDriver] [  869] - Test step:31
[INFO ][2016-02-09 20:21:36,501][com.java.SeleniumDriver] [  881] - Datavalue is----------10
[INFO ][2016-02-09 20:21:36,501][com.java.SeleniumDriver] [  905] - DataField : null
[INFO ][2016-02-09 20:21:36,501][com.java.SeleniumDriver] [  907] - DataValue : 10
[INFO ][2016-02-09 20:21:36,501][com.java.SeleniumDriver] [  913] - <In Set values of the page>
[INFO ][2016-02-09 20:21:36,501][com.java.SeleniumDriver] [  916] - {Data Fields & Data Values Exist}
[INFO ][2016-02-09 20:21:36,501][com.java.SeleniumDriver] [  918] - --------------------------setting values-----------------------------
[INFO ][2016-02-09 20:21:36,501][com.java.SeleniumDriver] [  921] - Action Type : WAITTIME
[DEBUG][2016-02-09 20:21:36,502][com.java.TestType] [ 6561] - sleepTime: 10000
[INFO ][2016-02-09 20:21:46,503][com.java.SeleniumDriver] [  930] -  RESULT true
[INFO ][2016-02-09 20:21:46,503][com.java.SeleniumDriver] [ 1136] - ?   P A S S   ?
[INFO ][2016-02-09 20:21:46,503][com.java.SeleniumDriver] [  856] - ------------------------------------------
[INFO ][2016-02-09 20:21:46,503][com.java.SeleniumDriver] [  857] - Test case being Executed: 4
[INFO ][2016-02-09 20:21:46,503][com.java.SeleniumDriver] [  869] - Test step:32
[INFO ][2016-02-09 20:21:46,503][com.java.SeleniumDriver] [  881] - Datavalue is----------Change
[INFO ][2016-02-09 20:21:46,503][com.java.SeleniumDriver] [  905] - DataField : XPH//div[@id="isAlertsContent"]//div[@class="bd-alert ng-scope"][1]//span[@ class="ng-binding"]
[INFO ][2016-02-09 20:21:46,503][com.java.SeleniumDriver] [  907] - DataValue : Change
[INFO ][2016-02-09 20:21:46,503][com.java.SeleniumDriver] [  913] - <In Set values of the page>
[INFO ][2016-02-09 20:21:46,503][com.java.SeleniumDriver] [  916] - {Data Fields & Data Values Exist}
[INFO ][2016-02-09 20:21:46,503][com.java.SeleniumDriver] [  918] - --------------------------setting values-----------------------------
[INFO ][2016-02-09 20:21:46,503][com.java.SeleniumDriver] [  921] - Action Type : STOREVALUE
[INFO ][2016-02-09 20:21:46,503][com.java.TestType] [ 9883] - field= XPH//div[@id="isAlertsContent"]//div[@class="bd-alert ng-scope"][1]//span[@ class="ng-binding"]
[DEBUG][2016-02-09 20:21:47,533][com.java.TestType] [ 9938] - Key:: Change   Value:: $8,099
[INFO ][2016-02-09 20:21:47,533][com.java.SeleniumDriver] [  930] -  RESULT true
[INFO ][2016-02-09 20:21:47,535][com.java.SeleniumDriver] [ 1136] - ?   P A S S   ?
[INFO ][2016-02-09 20:21:47,535][com.java.SeleniumDriver] [  856] - ------------------------------------------
[INFO ][2016-02-09 20:21:47,535][com.java.SeleniumDriver] [  857] - Test case being Executed: 4
[INFO ][2016-02-09 20:21:47,535][com.java.SeleniumDriver] [  869] - Test step:33
[INFO ][2016-02-09 20:21:47,535][com.java.SeleniumDriver] [  881] - Datavalue is----------3
[INFO ][2016-02-09 20:21:47,535][com.java.SeleniumDriver] [  905] - DataField : null
[INFO ][2016-02-09 20:21:47,535][com.java.SeleniumDriver] [  907] - DataValue : 3
[INFO ][2016-02-09 20:21:47,535][com.java.SeleniumDriver] [  913] - <In Set values of the page>
[INFO ][2016-02-09 20:21:47,535][com.java.SeleniumDriver] [  916] - {Data Fields & Data Values Exist}
[INFO ][2016-02-09 20:21:47,535][com.java.SeleniumDriver] [  918] - --------------------------setting values-----------------------------
[INFO ][2016-02-09 20:21:47,535][com.java.SeleniumDriver] [  921] - Action Type : WAITTIME
[DEBUG][2016-02-09 20:21:47,535][com.java.TestType] [ 6561] - sleepTime: 3000
[INFO ][2016-02-09 20:21:50,536][com.java.SeleniumDriver] [  930] -  RESULT true
[INFO ][2016-02-09 20:21:50,536][com.java.SeleniumDriver] [ 1136] - ?   P A S S   ?
[INFO ][2016-02-09 20:21:50,536][com.java.SeleniumDriver] [  856] - ------------------------------------------
[INFO ][2016-02-09 20:21:50,536][com.java.SeleniumDriver] [  857] - Test case being Executed: 4
[INFO ][2016-02-09 20:21:50,536][com.java.SeleniumDriver] [  869] - Test step:34
[INFO ][2016-02-09 20:21:50,536][com.java.SeleniumDriver] [  881] - Datavalue is----------Percentage
[INFO ][2016-02-09 20:21:50,536][com.java.SeleniumDriver] [  905] - DataField : XPH//div[@id="isAlertsContent"]//div[@class="bd-alert ng-scope"][1]//span[@class="pull-right ng-binding"]
[INFO ][2016-02-09 20:21:50,536][com.java.SeleniumDriver] [  907] - DataValue : Percentage
[INFO ][2016-02-09 20:21:50,536][com.java.SeleniumDriver] [  913] - <In Set values of the page>
[INFO ][2016-02-09 20:21:50,536][com.java.SeleniumDriver] [  916] - {Data Fields & Data Values Exist}
[INFO ][2016-02-09 20:21:50,536][com.java.SeleniumDriver] [  918] - --------------------------setting values-----------------------------
[INFO ][2016-02-09 20:21:50,536][com.java.SeleniumDriver] [  921] - Action Type : STOREVALUE
[INFO ][2016-02-09 20:21:50,536][com.java.TestType] [ 9883] - field= XPH//div[@id="isAlertsContent"]//div[@class="bd-alert ng-scope"][1]//span[@class="pull-right ng-binding"]
[DEBUG][2016-02-09 20:21:51,503][com.java.TestType] [ 9938] - Key:: Percentage   Value:: 5.90%
[INFO ][2016-02-09 20:21:51,503][com.java.SeleniumDriver] [  930] -  RESULT true
[INFO ][2016-02-09 20:21:51,503][com.java.SeleniumDriver] [ 1136] - ?   P A S S   ?
[INFO ][2016-02-09 20:21:51,503][com.java.SeleniumDriver] [  856] - ------------------------------------------
[INFO ][2016-02-09 20:21:51,503][com.java.SeleniumDriver] [  857] - Test case being Executed: 4
[INFO ][2016-02-09 20:21:51,503][com.java.SeleniumDriver] [  869] - Test step:35
[INFO ][2016-02-09 20:21:51,503][com.java.SeleniumDriver] [  881] - Datavalue is----------null
[DEBUG][2016-02-09 20:21:51,503][com.java.SeleniumDriver] [  899] - Exception: null
[INFO ][2016-02-09 20:21:51,504][com.java.SeleniumDriver] [  905] - DataField : XPH//div[@id="isAlertsHeading"]//span[@class="glyphicon glyphicon-list-alt"]
[INFO ][2016-02-09 20:21:51,504][com.java.SeleniumDriver] [  907] - DataValue : 
[INFO ][2016-02-09 20:21:51,505][com.java.SeleniumDriver] [  913] - <In Set values of the page>
[INFO ][2016-02-09 20:21:51,505][com.java.SeleniumDriver] [  916] - {Data Fields & Data Values Exist}
[INFO ][2016-02-09 20:21:51,505][com.java.SeleniumDriver] [  918] - --------------------------setting values-----------------------------
[INFO ][2016-02-09 20:21:51,505][com.java.SeleniumDriver] [  921] - Action Type : CLICK
[INFO ][2016-02-09 20:21:51,505][com.java.TestType] [ 7148] - Field ::XPH//div[@id="isAlertsHeading"]//span[@class="glyphicon glyphicon-list-alt"]
[INFO ][2016-02-09 20:21:51,506][com.java.TestType] [ 6747] - value = 
[INFO ][2016-02-09 20:21:52,506][com.java.TestType] [ 7325] - BEFORE CLICK
[INFO ][2016-02-09 20:21:54,929][com.java.TestType] [ 7333] - Unable to click the object Click on the report button
[INFO ][2016-02-09 20:21:54,929][com.java.SeleniumDriver] [  930] -  RESULT true
[INFO ][2016-02-09 20:21:54,929][com.java.SeleniumDriver] [ 1136] - ?   P A S S   ?
[INFO ][2016-02-09 20:21:54,929][com.java.SeleniumDriver] [  856] - ------------------------------------------
[INFO ][2016-02-09 20:21:54,929][com.java.SeleniumDriver] [  857] - Test case being Executed: 4
[INFO ][2016-02-09 20:21:54,929][com.java.SeleniumDriver] [  869] - Test step:36
[INFO ][2016-02-09 20:21:54,929][com.java.SeleniumDriver] [  881] - Datavalue is----------10
[INFO ][2016-02-09 20:21:54,929][com.java.SeleniumDriver] [  905] - DataField : XPH//img[@id='loading']
[INFO ][2016-02-09 20:21:54,931][com.java.SeleniumDriver] [  907] - DataValue : 10
[INFO ][2016-02-09 20:21:54,931][com.java.SeleniumDriver] [  913] - <In Set values of the page>
[INFO ][2016-02-09 20:21:54,931][com.java.SeleniumDriver] [  916] - {Data Fields & Data Values Exist}
[INFO ][2016-02-09 20:21:54,931][com.java.SeleniumDriver] [  918] - --------------------------setting values-----------------------------
[INFO ][2016-02-09 20:21:54,931][com.java.SeleniumDriver] [  921] - Action Type : WaitForElement
[INFO ][2016-02-09 20:21:54,967][com.java.SeleniumDriver] [  930] -  RESULT true
[INFO ][2016-02-09 20:21:54,967][com.java.SeleniumDriver] [ 1136] - ?   P A S S   ?
[INFO ][2016-02-09 20:21:54,967][com.java.SeleniumDriver] [  856] - ------------------------------------------
[INFO ][2016-02-09 20:21:54,967][com.java.SeleniumDriver] [  857] - Test case being Executed: 4
[INFO ][2016-02-09 20:21:54,967][com.java.SeleniumDriver] [  869] - Test step:37
[INFO ][2016-02-09 20:21:54,968][com.java.SeleniumDriver] [  881] - Datavalue is----------90
[INFO ][2016-02-09 20:21:54,968][com.java.SeleniumDriver] [  905] - DataField : XPH//img[@id='loading']
[INFO ][2016-02-09 20:21:54,968][com.java.SeleniumDriver] [  907] - DataValue : 90
[INFO ][2016-02-09 20:21:54,968][com.java.SeleniumDriver] [  913] - <In Set values of the page>
[INFO ][2016-02-09 20:21:54,969][com.java.SeleniumDriver] [  916] - {Data Fields & Data Values Exist}
[INFO ][2016-02-09 20:21:54,969][com.java.SeleniumDriver] [  918] - --------------------------setting values-----------------------------
[INFO ][2016-02-09 20:21:54,969][com.java.SeleniumDriver] [  921] - Action Type : waitForElementNotPresent
[INFO ][2016-02-09 20:21:56,154][com.java.SeleniumDriver] [  930] -  RESULT true
[INFO ][2016-02-09 20:21:56,154][com.java.SeleniumDriver] [ 1136] - ?   P A S S   ?
[INFO ][2016-02-09 20:21:56,154][com.java.SeleniumDriver] [  856] - ------------------------------------------
[INFO ][2016-02-09 20:21:56,154][com.java.SeleniumDriver] [  857] - Test case being Executed: 4
[INFO ][2016-02-09 20:21:56,154][com.java.SeleniumDriver] [  869] - Test step:38
[INFO ][2016-02-09 20:21:56,155][com.java.SeleniumDriver] [  881] - Datavalue is----------BalanceSheet::Change
[INFO ][2016-02-09 20:21:56,155][com.java.SeleniumDriver] [  905] - DataField : PVP//div[contains(text(),'mytext')]/following::td[3]/div
[INFO ][2016-02-09 20:21:56,155][com.java.SeleniumDriver] [  907] - DataValue : BalanceSheet::Change
[INFO ][2016-02-09 20:21:56,155][com.java.SeleniumDriver] [  913] - <In Set values of the page>
[INFO ][2016-02-09 20:21:56,155][com.java.SeleniumDriver] [  916] - {Data Fields & Data Values Exist}
[INFO ][2016-02-09 20:21:56,155][com.java.SeleniumDriver] [  918] - --------------------------setting values-----------------------------
[INFO ][2016-02-09 20:21:56,155][com.java.SeleniumDriver] [  921] - Action Type : VERIFY
[INFO ][2016-02-09 20:21:56,155][com.java.TestType] [ 8381] - field= PVP//div[contains(text(),'mytext')]/following::td[3]/div value= BalanceSheet::Change
[INFO ][2016-02-09 20:21:56,155][com.java.TestType] [ 6747] - value = BalanceSheet::Change
[INFO ][2016-02-09 20:21:56,336][com.java.SeleniumDriver] [  930] -  RESULT true
[INFO ][2016-02-09 20:21:56,336][com.java.SeleniumDriver] [ 1136] - ?   P A S S   ?
[INFO ][2016-02-09 20:21:56,336][com.java.SeleniumDriver] [  856] - ------------------------------------------
[INFO ][2016-02-09 20:21:56,336][com.java.SeleniumDriver] [  857] - Test case being Executed: 4
[INFO ][2016-02-09 20:21:56,336][com.java.SeleniumDriver] [  869] - Test step:39
[INFO ][2016-02-09 20:21:56,336][com.java.SeleniumDriver] [  881] - Datavalue is----------BalanceSheet::Percentage
[INFO ][2016-02-09 20:21:56,336][com.java.SeleniumDriver] [  905] - DataField : PVP//div[contains(text(),'mytext')]/following::td[4]/div
[INFO ][2016-02-09 20:21:56,337][com.java.SeleniumDriver] [  907] - DataValue : BalanceSheet::Percentage
[INFO ][2016-02-09 20:21:56,337][com.java.SeleniumDriver] [  913] - <In Set values of the page>
[INFO ][2016-02-09 20:21:56,337][com.java.SeleniumDriver] [  916] - {Data Fields & Data Values Exist}
[INFO ][2016-02-09 20:21:56,337][com.java.SeleniumDriver] [  918] - --------------------------setting values-----------------------------
[INFO ][2016-02-09 20:21:56,337][com.java.SeleniumDriver] [  921] - Action Type : VERIFY
[INFO ][2016-02-09 20:21:56,337][com.java.TestType] [ 8381] - field= PVP//div[contains(text(),'mytext')]/following::td[4]/div value= BalanceSheet::Percentage
[INFO ][2016-02-09 20:21:56,337][com.java.TestType] [ 6747] - value = BalanceSheet::Percentage
[INFO ][2016-02-09 20:21:56,486][com.java.SeleniumDriver] [  930] -  RESULT true
[INFO ][2016-02-09 20:21:56,486][com.java.SeleniumDriver] [ 1136] - ?   P A S S   ?
[INFO ][2016-02-09 20:21:56,486][com.java.SeleniumDriver] [  856] - ------------------------------------------
[INFO ][2016-02-09 20:21:56,486][com.java.SeleniumDriver] [  857] - Test case being Executed: 4
[INFO ][2016-02-09 20:21:56,486][com.java.SeleniumDriver] [  869] - Test step:40
[INFO ][2016-02-09 20:21:56,486][com.java.SeleniumDriver] [  881] - Datavalue is----------null
[DEBUG][2016-02-09 20:21:56,486][com.java.SeleniumDriver] [  899] - Exception: null
[INFO ][2016-02-09 20:21:56,486][com.java.SeleniumDriver] [  905] - DataField : BTNparent
[INFO ][2016-02-09 20:21:56,487][com.java.SeleniumDriver] [  907] - DataValue : 
[INFO ][2016-02-09 20:21:56,487][com.java.SeleniumDriver] [  913] - <In Set values of the page>
[INFO ][2016-02-09 20:21:56,487][com.java.SeleniumDriver] [  916] - {Data Fields & Data Values Exist}
[INFO ][2016-02-09 20:21:56,487][com.java.SeleniumDriver] [  918] - --------------------------setting values-----------------------------
[INFO ][2016-02-09 20:21:56,487][com.java.SeleniumDriver] [  921] - Action Type : selectframe
[INFO ][2016-02-09 20:21:56,502][com.java.SeleniumDriver] [  930] -  RESULT true
[INFO ][2016-02-09 20:21:56,502][com.java.SeleniumDriver] [ 1136] - ?   P A S S   ?
[INFO ][2016-02-09 20:21:56,502][com.java.SeleniumDriver] [  856] - ------------------------------------------
[INFO ][2016-02-09 20:21:56,502][com.java.SeleniumDriver] [  857] - Test case being Executed: 4
[INFO ][2016-02-09 20:21:56,502][com.java.SeleniumDriver] [  869] - Test step:41
[INFO ][2016-02-09 20:21:56,502][com.java.SeleniumDriver] [  881] - Datavalue is----------null
[DEBUG][2016-02-09 20:21:56,502][com.java.SeleniumDriver] [  899] - Exception: null
[INFO ][2016-02-09 20:21:56,502][com.java.SeleniumDriver] [  905] - DataField : BTNcloseAllTabs
[INFO ][2016-02-09 20:21:56,503][com.java.SeleniumDriver] [  907] - DataValue : 
[INFO ][2016-02-09 20:21:56,503][com.java.SeleniumDriver] [  913] - <In Set values of the page>
[INFO ][2016-02-09 20:21:56,503][com.java.SeleniumDriver] [  916] - {Data Fields & Data Values Exist}
[INFO ][2016-02-09 20:21:56,503][com.java.SeleniumDriver] [  918] - --------------------------setting values-----------------------------
[INFO ][2016-02-09 20:21:56,503][com.java.SeleniumDriver] [  921] - Action Type : CLICK
[INFO ][2016-02-09 20:21:56,503][com.java.TestType] [ 7148] - Field ::BTNcloseAllTabs
[INFO ][2016-02-09 20:21:56,503][com.java.TestType] [ 6747] - value = 
[INFO ][2016-02-09 20:21:57,503][com.java.TestType] [ 7304] - BEFORE CLICK
[INFO ][2016-02-09 20:21:59,219][com.java.TestType] [ 7311] - Unable to click the object Close all tabs button
[INFO ][2016-02-09 20:21:59,219][com.java.SeleniumDriver] [  930] -  RESULT true
[INFO ][2016-02-09 20:21:59,219][com.java.SeleniumDriver] [ 1136] - ?   P A S S   ?
[INFO ][2016-02-09 20:21:59,219][com.java.SeleniumDriver] [  856] - ------------------------------------------
[INFO ][2016-02-09 20:21:59,219][com.java.SeleniumDriver] [  857] - Test case being Executed: 4
[INFO ][2016-02-09 20:21:59,219][com.java.SeleniumDriver] [  869] - Test step:42
[INFO ][2016-02-09 20:21:59,219][com.java.SeleniumDriver] [  881] - Datavalue is----------10
[INFO ][2016-02-09 20:21:59,219][com.java.SeleniumDriver] [  905] - DataField : XPH//div[contains(text(), 'My Dashboard')]
[INFO ][2016-02-09 20:21:59,219][com.java.SeleniumDriver] [  907] - DataValue : 10
[INFO ][2016-02-09 20:21:59,220][com.java.SeleniumDriver] [  913] - <In Set values of the page>
[INFO ][2016-02-09 20:21:59,220][com.java.SeleniumDriver] [  916] - {Data Fields & Data Values Exist}
[INFO ][2016-02-09 20:21:59,220][com.java.SeleniumDriver] [  918] - --------------------------setting values-----------------------------
[INFO ][2016-02-09 20:21:59,220][com.java.SeleniumDriver] [  921] - Action Type : WAITFORELEMENT
[INFO ][2016-02-09 20:21:59,664][com.java.SeleniumDriver] [  930] -  RESULT true
[INFO ][2016-02-09 20:21:59,664][com.java.SeleniumDriver] [ 1136] - ?   P A S S   ?
[INFO ][2016-02-09 20:21:59,664][com.java.SeleniumDriver] [  856] - ------------------------------------------
[INFO ][2016-02-09 20:21:59,664][com.java.SeleniumDriver] [  857] - Test case being Executed: 4
[INFO ][2016-02-09 20:21:59,664][com.java.SeleniumDriver] [  869] - Test step:43
[INFO ][2016-02-09 20:21:59,665][com.java.SeleniumDriver] [  881] - Datavalue is----------//div[contains(text(), 'My Dashboard')]
[INFO ][2016-02-09 20:21:59,665][com.java.SeleniumDriver] [  905] - DataField : BTN
[INFO ][2016-02-09 20:21:59,665][com.java.SeleniumDriver] [  907] - DataValue : //div[contains(text(), 'My Dashboard')]
[INFO ][2016-02-09 20:21:59,665][com.java.SeleniumDriver] [  913] - <In Set values of the page>
[INFO ][2016-02-09 20:21:59,665][com.java.SeleniumDriver] [  916] - {Data Fields & Data Values Exist}
[INFO ][2016-02-09 20:21:59,665][com.java.SeleniumDriver] [  918] - --------------------------setting values-----------------------------
[INFO ][2016-02-09 20:21:59,665][com.java.SeleniumDriver] [  921] - Action Type : VERIFY
[INFO ][2016-02-09 20:21:59,665][com.java.TestType] [ 8381] - field= BTN value= //div[contains(text(), 'My Dashboard')]
[INFO ][2016-02-09 20:21:59,665][com.java.TestType] [ 6747] - value = //div[contains(text(), 'My Dashboard')]
[INFO ][2016-02-09 20:22:00,265][com.java.SeleniumDriver] [  930] -  RESULT true
[INFO ][2016-02-09 20:22:00,265][com.java.SeleniumDriver] [ 1136] - ?   P A S S   ?
[DEBUG][2016-02-09 20:22:00,265][com.java.SeleniumDriver] [ 1248] - Case found
[DEBUG][2016-02-09 20:22:00,265][com.java.SeleniumDriver] [ 1253] - Incrementing ReportCounters[0]:2
[INFO ][2016-02-09 20:22:00,265][com.java.SeleniumDriver] [ 1272] - The results are-------------------[4, 1, Right Hand Menu: IS Alerts-IS Alerts are showing on hover menu., Pass, , Tue Feb 09 20:19:29 IST 2016, 4, 3, Right Hand Menu: IS Alerts-IS Alerts are showing on hover menu., Pass, , Tue Feb 09 20:19:35 IST 2016, 4, 4, Right Hand Menu: IS Alerts-IS Alerts are showing on hover menu., Pass, , Tue Feb 09 20:20:19 IST 2016, 4, 5, Right Hand Menu: IS Alerts-IS Alerts are showing on hover menu., Pass, , Tue Feb 09 20:20:20 IST 2016, 4, 6, Right Hand Menu: IS Alerts-IS Alerts are showing on hover menu., Pass, , Tue Feb 09 20:20:23 IST 2016, 4, 7, Right Hand Menu: IS Alerts-IS Alerts are showing on hover menu., Pass, , Tue Feb 09 20:20:23 IST 2016, 4, 8, Right Hand Menu: IS Alerts-IS Alerts are showing on hover menu., Pass, , Tue Feb 09 20:20:25 IST 2016, 4, 9, Right Hand Menu: IS Alerts-IS Alerts are showing on hover menu., Pass, , Tue Feb 09 20:20:30 IST 2016, 4, 10, Right Hand Menu: IS Alerts-IS Alerts are showing on hover menu., Pass, , Tue Feb 09 20:20:37 IST 2016, 4, 11, Right Hand Menu: IS Alerts-IS Alerts are showing on hover menu., Pass, , Tue Feb 09 20:20:37 IST 2016, 4, 12, Right Hand Menu: IS Alerts-IS Alerts are showing on hover menu., Pass, , Tue Feb 09 20:20:41 IST 2016, 4, 13, Right Hand Menu: IS Alerts-IS Alerts are showing on hover menu., Pass, , Tue Feb 09 20:20:44 IST 2016, 4, 14, Right Hand Menu: IS Alerts-IS Alerts are showing on hover menu., Pass, , Tue Feb 09 20:20:48 IST 2016, 4, 15, Right Hand Menu: IS Alerts-IS Alerts are showing on hover menu., Pass, , Tue Feb 09 20:20:48 IST 2016, 4, 16, Right Hand Menu: IS Alerts-IS Alerts are showing on hover menu., Pass, , Tue Feb 09 20:20:49 IST 2016, 4, 17, Right Hand Menu: IS Alerts-IS Alerts are showing on hover menu., Pass, , Tue Feb 09 20:20:52 IST 2016, 4, 18, Right Hand Menu: IS Alerts-IS Alerts are showing on hover menu., Pass, , Tue Feb 09 20:20:55 IST 2016, 4, 19, Right Hand Menu: IS Alerts-IS Alerts are showing on hover menu., Pass, , Tue Feb 09 20:20:56 IST 2016, 4, 20, Right Hand Menu: IS Alerts-IS Alerts are showing on hover menu., Pass, , Tue Feb 09 20:20:58 IST 2016, 4, 21, Right Hand Menu: IS Alerts-IS Alerts are showing on hover menu., Pass, , Tue Feb 09 20:21:01 IST 2016, 4, 22, Right Hand Menu: IS Alerts-IS Alerts are showing on hover menu., Pass, , Tue Feb 09 20:21:03 IST 2016, 4, 23, Right Hand Menu: IS Alerts-IS Alerts are showing on hover menu., Pass, , Tue Feb 09 20:21:07 IST 2016, 4, 24, Right Hand Menu: IS Alerts-IS Alerts are showing on hover menu., Pass, , Tue Feb 09 20:21:07 IST 2016, 4, 25, Right Hand Menu: IS Alerts-IS Alerts are showing on hover menu., Pass, , Tue Feb 09 20:21:09 IST 2016, 4, 26, Right Hand Menu: IS Alerts-IS Alerts are showing on hover menu., Pass, , Tue Feb 09 20:21:24 IST 2016, 4, 27, Right Hand Menu: IS Alerts-IS Alerts are showing on hover menu., Pass, , Tue Feb 09 20:21:25 IST 2016, 4, 28, Right Hand Menu: IS Alerts-IS Alerts are showing on hover menu., Pass, , Tue Feb 09 20:21:25 IST 2016, 4, 29, Right Hand Menu: IS Alerts-IS Alerts are showing on hover menu., Pass, , Tue Feb 09 20:21:35 IST 2016, 4, 30, Right Hand Menu: IS Alerts-IS Alerts are showing on hover menu., Pass, , Tue Feb 09 20:21:36 IST 2016, 4, 31, Right Hand Menu: IS Alerts-IS Alerts are showing on hover menu., Pass, , Tue Feb 09 20:21:46 IST 2016, 4, 32, Right Hand Menu: IS Alerts-IS Alerts are showing on hover menu., Pass, , Tue Feb 09 20:21:47 IST 2016, 4, 33, Right Hand Menu: IS Alerts-IS Alerts are showing on hover menu., Pass, , Tue Feb 09 20:21:50 IST 2016, 4, 34, Right Hand Menu: IS Alerts-IS Alerts are showing on hover menu., Pass, , Tue Feb 09 20:21:51 IST 2016, 4, 35, Right Hand Menu: IS Alerts-IS Alerts are showing on hover menu., Pass, , Tue Feb 09 20:21:54 IST 2016, 4, 36, Right Hand Menu: IS Alerts-IS Alerts are showing on hover menu., Pass, , Tue Feb 09 20:21:54 IST 2016, 4, 37, Right Hand Menu: IS Alerts-IS Alerts are showing on hover menu., Pass, , Tue Feb 09 20:21:56 IST 2016, 4, 38, Right Hand Menu: IS Alerts-IS Alerts are showing on hover menu., Pass, , Tue Feb 09 20:21:56 IST 2016, 4, 39, Right Hand Menu: IS Alerts-IS Alerts are showing on hover menu., Pass, , Tue Feb 09 20:21:56 IST 2016, 4, 40, Right Hand Menu: IS Alerts-IS Alerts are showing on hover menu., Pass, , Tue Feb 09 20:21:56 IST 2016, 4, 41, Right Hand Menu: IS Alerts-IS Alerts are showing on hover menu., Pass, , Tue Feb 09 20:21:59 IST 2016, 4, 42, Right Hand Menu: IS Alerts-IS Alerts are showing on hover menu., Pass, , Tue Feb 09 20:21:59 IST 2016, 4, 43, Right Hand Menu: IS Alerts-IS Alerts are showing on hover menu., Pass, , Tue Feb 09 20:22:00 IST 2016]
[INFO ][2016-02-09 20:22:00,265][com.java.SeleniumDriver] [ 1276] - End time is-------3 min 22 sec
[INFO ][2016-02-09 20:22:00,265][com.java.SeleniumDriver] [ 1277] - The results are-------------------[4, 1, Right Hand Menu: IS Alerts-IS Alerts are showing on hover menu., Pass, , Tue Feb 09 20:19:29 IST 2016, 4, 3, Right Hand Menu: IS Alerts-IS Alerts are showing on hover menu., Pass, , Tue Feb 09 20:19:35 IST 2016, 4, 4, Right Hand Menu: IS Alerts-IS Alerts are showing on hover menu., Pass, , Tue Feb 09 20:20:19 IST 2016, 4, 5, Right Hand Menu: IS Alerts-IS Alerts are showing on hover menu., Pass, , Tue Feb 09 20:20:20 IST 2016, 4, 6, Right Hand Menu: IS Alerts-IS Alerts are showing on hover menu., Pass, , Tue Feb 09 20:20:23 IST 2016, 4, 7, Right Hand Menu: IS Alerts-IS Alerts are showing on hover menu., Pass, , Tue Feb 09 20:20:23 IST 2016, 4, 8, Right Hand Menu: IS Alerts-IS Alerts are showing on hover menu., Pass, , Tue Feb 09 20:20:25 IST 2016, 4, 9, Right Hand Menu: IS Alerts-IS Alerts are showing on hover menu., Pass, , Tue Feb 09 20:20:30 IST 2016, 4, 10, Right Hand Menu: IS Alerts-IS Alerts are showing on hover menu., Pass, , Tue Feb 09 20:20:37 IST 2016, 4, 11, Right Hand Menu: IS Alerts-IS Alerts are showing on hover menu., Pass, , Tue Feb 09 20:20:37 IST 2016, 4, 12, Right Hand Menu: IS Alerts-IS Alerts are showing on hover menu., Pass, , Tue Feb 09 20:20:41 IST 2016, 4, 13, Right Hand Menu: IS Alerts-IS Alerts are showing on hover menu., Pass, , Tue Feb 09 20:20:44 IST 2016, 4, 14, Right Hand Menu: IS Alerts-IS Alerts are showing on hover menu., Pass, , Tue Feb 09 20:20:48 IST 2016, 4, 15, Right Hand Menu: IS Alerts-IS Alerts are showing on hover menu., Pass, , Tue Feb 09 20:20:48 IST 2016, 4, 16, Right Hand Menu: IS Alerts-IS Alerts are showing on hover menu., Pass, , Tue Feb 09 20:20:49 IST 2016, 4, 17, Right Hand Menu: IS Alerts-IS Alerts are showing on hover menu., Pass, , Tue Feb 09 20:20:52 IST 2016, 4, 18, Right Hand Menu: IS Alerts-IS Alerts are showing on hover menu., Pass, , Tue Feb 09 20:20:55 IST 2016, 4, 19, Right Hand Menu: IS Alerts-IS Alerts are showing on hover menu., Pass, , Tue Feb 09 20:20:56 IST 2016, 4, 20, Right Hand Menu: IS Alerts-IS Alerts are showing on hover menu., Pass, , Tue Feb 09 20:20:58 IST 2016, 4, 21, Right Hand Menu: IS Alerts-IS Alerts are showing on hover menu., Pass, , Tue Feb 09 20:21:01 IST 2016, 4, 22, Right Hand Menu: IS Alerts-IS Alerts are showing on hover menu., Pass, , Tue Feb 09 20:21:03 IST 2016, 4, 23, Right Hand Menu: IS Alerts-IS Alerts are showing on hover menu., Pass, , Tue Feb 09 20:21:07 IST 2016, 4, 24, Right Hand Menu: IS Alerts-IS Alerts are showing on hover menu., Pass, , Tue Feb 09 20:21:07 IST 2016, 4, 25, Right Hand Menu: IS Alerts-IS Alerts are showing on hover menu., Pass, , Tue Feb 09 20:21:09 IST 2016, 4, 26, Right Hand Menu: IS Alerts-IS Alerts are showing on hover menu., Pass, , Tue Feb 09 20:21:24 IST 2016, 4, 27, Right Hand Menu: IS Alerts-IS Alerts are showing on hover menu., Pass, , Tue Feb 09 20:21:25 IST 2016, 4, 28, Right Hand Menu: IS Alerts-IS Alerts are showing on hover menu., Pass, , Tue Feb 09 20:21:25 IST 2016, 4, 29, Right Hand Menu: IS Alerts-IS Alerts are showing on hover menu., Pass, , Tue Feb 09 20:21:35 IST 2016, 4, 30, Right Hand Menu: IS Alerts-IS Alerts are showing on hover menu., Pass, , Tue Feb 09 20:21:36 IST 2016, 4, 31, Right Hand Menu: IS Alerts-IS Alerts are showing on hover menu., Pass, , Tue Feb 09 20:21:46 IST 2016, 4, 32, Right Hand Menu: IS Alerts-IS Alerts are showing on hover menu., Pass, , Tue Feb 09 20:21:47 IST 2016, 4, 33, Right Hand Menu: IS Alerts-IS Alerts are showing on hover menu., Pass, , Tue Feb 09 20:21:50 IST 2016, 4, 34, Right Hand Menu: IS Alerts-IS Alerts are showing on hover menu., Pass, , Tue Feb 09 20:21:51 IST 2016, 4, 35, Right Hand Menu: IS Alerts-IS Alerts are showing on hover menu., Pass, , Tue Feb 09 20:21:54 IST 2016, 4, 36, Right Hand Menu: IS Alerts-IS Alerts are showing on hover menu., Pass, , Tue Feb 09 20:21:54 IST 2016, 4, 37, Right Hand Menu: IS Alerts-IS Alerts are showing on hover menu., Pass, , Tue Feb 09 20:21:56 IST 2016, 4, 38, Right Hand Menu: IS Alerts-IS Alerts are showing on hover menu., Pass, , Tue Feb 09 20:21:56 IST 2016, 4, 39, Right Hand Menu: IS Alerts-IS Alerts are showing on hover menu., Pass, , Tue Feb 09 20:21:56 IST 2016, 4, 40, Right Hand Menu: IS Alerts-IS Alerts are showing on hover menu., Pass, , Tue Feb 09 20:21:56 IST 2016, 4, 41, Right Hand Menu: IS Alerts-IS Alerts are showing on hover menu., Pass, , Tue Feb 09 20:21:59 IST 2016, 4, 42, Right Hand Menu: IS Alerts-IS Alerts are showing on hover menu., Pass, , Tue Feb 09 20:21:59 IST 2016, 4, 43, Right Hand Menu: IS Alerts-IS Alerts are showing on hover menu., Pass, , Tue Feb 09 20:22:00 IST 2016]
[DEBUG][2016-02-09 20:22:00,266][com.java.ImportnExport.ExportTestResultsExcel] [  222] - testResultPath = D:\BankersDashboard/TestReports/Test Results_BankersDashBoard_020916_201840_IE10_Any Bank USA.xls
[DEBUG][2016-02-09 20:22:00,266][com.java.ImportnExport.ExportTestResultsExcel] [  223] - browser is------------IE10
[DEBUG][2016-02-09 20:22:00,268][com.java.ImportnExport.ExportTestResultsExcel] [  270] - result.size() = 252
[DEBUG][2016-02-09 20:22:00,268][com.java.ImportnExport.ExportTestResultsExcel] [  274] - No of rows in sheet=2
[DEBUG][2016-02-09 20:22:00,268][com.java.ImportnExport.ExportTestResultsExcel] [  301] - ..in export..4
[DEBUG][2016-02-09 20:22:00,268][com.java.ImportnExport.ExportTestResultsExcel] [  301] - ..in export..Right Hand Menu: IS Alerts-IS Alerts are showing on hover menu.
[DEBUG][2016-02-09 20:22:00,268][com.java.ImportnExport.ExportTestResultsExcel] [  301] - ..in export..Pass
[DEBUG][2016-02-09 20:22:00,268][com.java.ImportnExport.ExportTestResultsExcel] [  301] - ..in export..
[DEBUG][2016-02-09 20:22:00,268][com.java.ImportnExport.ExportTestResultsExcel] [  301] - ..in export..Tue Feb 09 20:19:29 IST 2016
[INFO ][2016-02-09 20:22:00,271][com.java.SeleniumDriver] [ 1337] - out loop:1 size:3 TestCases:[1, 4, 8] testcases:[1, 4, 8]
[INFO ][2016-02-09 20:22:00,271][com.java.ImportnExport.ImportTestDataDetailsExcel] [   49] - test data details path===== D:\BankersDashboard\TestInputs\TestData.xls
[INFO ][2016-02-09 20:22:16,612][com.java.SeleniumDriver] [  856] - ------------------------------------------
[INFO ][2016-02-09 20:22:16,612][com.java.SeleniumDriver] [  857] - Test case being Executed: 8
[INFO ][2016-02-09 20:22:16,612][com.java.SeleniumDriver] [  869] - Test step:1
[INFO ][2016-02-09 20:22:16,612][com.java.SeleniumDriver] [  881] - Datavalue is----------Logout
[INFO ][2016-02-09 20:22:16,612][com.java.SeleniumDriver] [  905] - DataField : BTN
[INFO ][2016-02-09 20:22:16,612][com.java.SeleniumDriver] [  907] - DataValue : Logout
[INFO ][2016-02-09 20:22:16,612][com.java.SeleniumDriver] [  913] - <In Set values of the page>
[INFO ][2016-02-09 20:22:16,612][com.java.SeleniumDriver] [  916] - {Data Fields & Data Values Exist}
[INFO ][2016-02-09 20:22:16,612][com.java.SeleniumDriver] [  918] - --------------------------setting values-----------------------------
[INFO ][2016-02-09 20:22:16,612][com.java.SeleniumDriver] [  921] - Action Type : Verify
[INFO ][2016-02-09 20:22:16,612][com.java.TestType] [ 8381] - field= BTN value= Logout
[INFO ][2016-02-09 20:22:16,612][com.java.TestType] [ 6747] - value = Logout
[INFO ][2016-02-09 20:22:16,723][com.java.SeleniumDriver] [  930] -  RESULT true
[INFO ][2016-02-09 20:22:16,723][com.java.SeleniumDriver] [ 1136] - ?   P A S S   ?
[INFO ][2016-02-09 20:22:16,723][com.java.SeleniumDriver] [ 1178] - step change to 3
[INFO ][2016-02-09 20:22:16,723][com.java.SeleniumDriver] [  856] - ------------------------------------------
[INFO ][2016-02-09 20:22:16,723][com.java.SeleniumDriver] [  857] - Test case being Executed: 8
[INFO ][2016-02-09 20:22:16,723][com.java.SeleniumDriver] [  869] - Test step:3
[INFO ][2016-02-09 20:22:16,723][com.java.SeleniumDriver] [  881] - Datavalue is----------Concept#2:1-3
[INFO ][2016-02-09 20:22:16,723][com.java.SeleniumDriver] [  905] - DataField : test
[INFO ][2016-02-09 20:22:16,723][com.java.SeleniumDriver] [  907] - DataValue : Concept#2:1-3
[INFO ][2016-02-09 20:22:16,723][com.java.SeleniumDriver] [  913] - <In Set values of the page>
[INFO ][2016-02-09 20:22:16,723][com.java.SeleniumDriver] [  916] - {Data Fields & Data Values Exist}
[INFO ][2016-02-09 20:22:16,724][com.java.SeleniumDriver] [  918] - --------------------------setting values-----------------------------
[INFO ][2016-02-09 20:22:16,724][com.java.SeleniumDriver] [  921] - Action Type : ExecuteTestCase
[INFO ][2016-02-09 20:22:16,724][com.java.TestType] [  448] - The Concept sheet name is ---------- Concept
[INFO ][2016-02-09 20:22:16,724][com.java.TestType] [  451] - The Concept ID  is ---------- 2
[DEBUG][2016-02-09 20:22:16,724][com.java.TestType] [  455] - Steps being executted in the Concept are: 1:3
[INFO ][2016-02-09 20:22:16,724][com.java.TestType] [  462] - Test data details path ---------- D:\BankersDashboard\TestInputs\TestData.xls
[INFO ][2016-02-09 20:22:16,741][com.java.TestType] [  493] -  str(1) = 2
[INFO ][2016-02-09 20:22:16,741][com.java.TestType] [  496] - Test case Id is---2
[INFO ][2016-02-09 20:22:16,741][com.java.TestType] [  498] - 2
[INFO ][2016-02-09 20:22:16,741][com.java.TestType] [  493] -  str(2) = 1
[INFO ][2016-02-09 20:22:16,742][com.java.TestType] [  493] -  str(1) = 2
[INFO ][2016-02-09 20:22:16,742][com.java.TestType] [  496] - Test case Id is---2
[INFO ][2016-02-09 20:22:16,742][com.java.TestType] [  498] - 2
[INFO ][2016-02-09 20:22:16,742][com.java.TestType] [  493] -  str(2) = 2
[INFO ][2016-02-09 20:22:16,743][com.java.TestType] [  493] -  str(1) = 2
[INFO ][2016-02-09 20:22:16,743][com.java.TestType] [  496] - Test case Id is---2
[INFO ][2016-02-09 20:22:16,743][com.java.TestType] [  498] - 2
[INFO ][2016-02-09 20:22:16,743][com.java.TestType] [  493] -  str(2) = 3
[INFO ][2016-02-09 20:22:16,744][com.java.TestType] [12118] - Looping 1TCID = 2
[DEBUG][2016-02-09 20:22:16,744][com.java.TestType] [12159] - Concept ID:2 :: Step being Executed: 2::1
[INFO ][2016-02-09 20:22:16,744][com.java.TestType] [12197] - dataFields : BNK//select[@id='bank']
[DEBUG][2016-02-09 20:22:16,744][com.java.TestType] [12203] - <In Set values of the page>
[DEBUG][2016-02-09 20:22:16,745][com.java.TestType] [12208] - {Data Fields & Data Values Exist}
[INFO ][2016-02-09 20:22:16,745][com.java.TestType] [12214] - --------------------------setting values-----------------------------
[INFO ][2016-02-09 20:22:16,745][com.java.TestType] [12217] - Action Type : Select
[INFO ][2016-02-09 20:22:16,745][com.java.TestType] [ 6747] - value = PFC
[INFO ][2016-02-09 20:22:16,956][com.java.TestType] [12236] -  RESULT true
[INFO ][2016-02-09 20:22:16,956][com.java.TestType] [12353] - ?   P A S S   ?
[DEBUG][2016-02-09 20:22:16,956][com.java.TestType] [12159] - Concept ID:2 :: Step being Executed: 2::2
[INFO ][2016-02-09 20:22:16,956][com.java.TestType] [12197] - dataFields : LNKLogout
[DEBUG][2016-02-09 20:22:16,956][com.java.TestType] [12203] - <In Set values of the page>
[DEBUG][2016-02-09 20:22:16,956][com.java.TestType] [12208] - {Data Fields & Data Values Exist}
[INFO ][2016-02-09 20:22:16,957][com.java.TestType] [12214] - --------------------------setting values-----------------------------
[INFO ][2016-02-09 20:22:16,957][com.java.TestType] [12217] - Action Type : WaitTime
[DEBUG][2016-02-09 20:22:16,957][com.java.TestType] [ 6561] - sleepTime: 5000
[INFO ][2016-02-09 20:22:21,958][com.java.TestType] [12236] -  RESULT true
[INFO ][2016-02-09 20:22:21,958][com.java.TestType] [12353] - ?   P A S S   ?
[DEBUG][2016-02-09 20:22:21,958][com.java.TestType] [12159] - Concept ID:2 :: Step being Executed: 2::3
[INFO ][2016-02-09 20:22:21,958][com.java.TestType] [12197] - dataFields : LNKLogout
[DEBUG][2016-02-09 20:22:21,958][com.java.TestType] [12203] - <In Set values of the page>
[DEBUG][2016-02-09 20:22:21,958][com.java.TestType] [12208] - {Data Fields & Data Values Exist}
[INFO ][2016-02-09 20:22:21,958][com.java.TestType] [12214] - --------------------------setting values-----------------------------
[INFO ][2016-02-09 20:22:21,958][com.java.TestType] [12217] - Action Type : WaitForElement
[INFO ][2016-02-09 20:22:21,994][com.java.TestType] [12236] -  RESULT true
[INFO ][2016-02-09 20:22:21,994][com.java.TestType] [12353] - ?   P A S S   ?
[INFO ][2016-02-09 20:22:21,995][com.java.TestType] [12424] - Looping End......
[INFO ][2016-02-09 20:22:21,996][com.java.SeleniumDriver] [  930] -  RESULT true
[INFO ][2016-02-09 20:22:21,996][com.java.SeleniumDriver] [ 1136] - ?   P A S S   ?
[INFO ][2016-02-09 20:22:21,996][com.java.SeleniumDriver] [  856] - ------------------------------------------
[INFO ][2016-02-09 20:22:21,996][com.java.SeleniumDriver] [  857] - Test case being Executed: 8
[INFO ][2016-02-09 20:22:21,996][com.java.SeleniumDriver] [  869] - Test step:4
[INFO ][2016-02-09 20:22:21,996][com.java.SeleniumDriver] [  881] - Datavalue is----------null
[DEBUG][2016-02-09 20:22:21,996][com.java.SeleniumDriver] [  899] - Exception: null
[INFO ][2016-02-09 20:22:21,996][com.java.SeleniumDriver] [  905] - DataField : //span[@class="icon-cog2"]&&//a[text()='Customize']&&//a[@data-id="TabletAlerts"]
[INFO ][2016-02-09 20:22:21,997][com.java.SeleniumDriver] [  907] - DataValue : 
[INFO ][2016-02-09 20:22:21,997][com.java.SeleniumDriver] [  913] - <In Set values of the page>
[INFO ][2016-02-09 20:22:21,997][com.java.SeleniumDriver] [  916] - {Data Fields & Data Values Exist}
[INFO ][2016-02-09 20:22:21,997][com.java.SeleniumDriver] [  918] - --------------------------setting values-----------------------------
[INFO ][2016-02-09 20:22:21,997][com.java.SeleniumDriver] [  921] - Action Type : MOUSEOVER
[INFO ][2016-02-09 20:23:06,790][com.java.SeleniumDriver] [  930] -  RESULT true
[INFO ][2016-02-09 20:23:06,791][com.java.SeleniumDriver] [ 1136] - ?   P A S S   ?
[INFO ][2016-02-09 20:23:06,791][com.java.SeleniumDriver] [  856] - ------------------------------------------
[INFO ][2016-02-09 20:23:06,791][com.java.SeleniumDriver] [  857] - Test case being Executed: 8
[INFO ][2016-02-09 20:23:06,791][com.java.SeleniumDriver] [  869] - Test step:5
[INFO ][2016-02-09 20:23:06,791][com.java.SeleniumDriver] [  881] - Datavalue is----------My Alerts
[INFO ][2016-02-09 20:23:06,791][com.java.SeleniumDriver] [  905] - DataField : XPH//span[@class='ui-dialog-title']
[INFO ][2016-02-09 20:23:06,791][com.java.SeleniumDriver] [  907] - DataValue : My Alerts
[INFO ][2016-02-09 20:23:06,791][com.java.SeleniumDriver] [  913] - <In Set values of the page>
[INFO ][2016-02-09 20:23:06,791][com.java.SeleniumDriver] [  916] - {Data Fields & Data Values Exist}
[INFO ][2016-02-09 20:23:06,791][com.java.SeleniumDriver] [  918] - --------------------------setting values-----------------------------
[INFO ][2016-02-09 20:23:06,791][com.java.SeleniumDriver] [  921] - Action Type : verify
[INFO ][2016-02-09 20:23:06,791][com.java.TestType] [ 8381] - field= XPH//span[@class='ui-dialog-title'] value= My Alerts
[INFO ][2016-02-09 20:23:06,791][com.java.TestType] [ 6747] - value = My Alerts
[INFO ][2016-02-09 20:23:06,978][com.java.SeleniumDriver] [  930] -  RESULT true
[INFO ][2016-02-09 20:23:06,978][com.java.SeleniumDriver] [ 1136] - ?   P A S S   ?
[INFO ][2016-02-09 20:23:06,978][com.java.SeleniumDriver] [  856] - ------------------------------------------
[INFO ][2016-02-09 20:23:06,978][com.java.SeleniumDriver] [  857] - Test case being Executed: 8
[INFO ][2016-02-09 20:23:06,978][com.java.SeleniumDriver] [  869] - Test step:6
[INFO ][2016-02-09 20:23:06,978][com.java.SeleniumDriver] [  881] - Datavalue is----------null
[DEBUG][2016-02-09 20:23:06,980][com.java.SeleniumDriver] [  899] - Exception: null
[INFO ][2016-02-09 20:23:06,980][com.java.SeleniumDriver] [  905] - DataField : BTNframeDialogContent
[INFO ][2016-02-09 20:23:06,980][com.java.SeleniumDriver] [  907] - DataValue : 
[INFO ][2016-02-09 20:23:06,980][com.java.SeleniumDriver] [  913] - <In Set values of the page>
[INFO ][2016-02-09 20:23:06,980][com.java.SeleniumDriver] [  916] - {Data Fields & Data Values Exist}
[INFO ][2016-02-09 20:23:06,980][com.java.SeleniumDriver] [  918] - --------------------------setting values-----------------------------
[INFO ][2016-02-09 20:23:06,980][com.java.SeleniumDriver] [  921] - Action Type : SELECTFRAME
[INFO ][2016-02-09 20:23:08,357][com.java.SeleniumDriver] [  930] -  RESULT true
[INFO ][2016-02-09 20:23:08,357][com.java.SeleniumDriver] [ 1136] - ?   P A S S   ?
[INFO ][2016-02-09 20:23:08,357][com.java.SeleniumDriver] [  856] - ------------------------------------------
[INFO ][2016-02-09 20:23:08,357][com.java.SeleniumDriver] [  857] - Test case being Executed: 8
[INFO ][2016-02-09 20:23:08,357][com.java.SeleniumDriver] [  869] - Test step:7
[INFO ][2016-02-09 20:23:08,357][com.java.SeleniumDriver] [  881] - Datavalue is----------null
[DEBUG][2016-02-09 20:23:08,357][com.java.SeleniumDriver] [  899] - Exception: null
[INFO ][2016-02-09 20:23:08,357][com.java.SeleniumDriver] [  905] - DataField : XPH//span[contains(text(),'Balance Sheet')]
[INFO ][2016-02-09 20:23:08,358][com.java.SeleniumDriver] [  907] - DataValue : 
[INFO ][2016-02-09 20:23:08,358][com.java.SeleniumDriver] [  913] - <In Set values of the page>
[INFO ][2016-02-09 20:23:08,358][com.java.SeleniumDriver] [  916] - {Data Fields & Data Values Exist}
[INFO ][2016-02-09 20:23:08,358][com.java.SeleniumDriver] [  918] - --------------------------setting values-----------------------------
[INFO ][2016-02-09 20:23:08,358][com.java.SeleniumDriver] [  921] - Action Type : CLICK
[INFO ][2016-02-09 20:23:08,358][com.java.TestType] [ 7148] - Field ::XPH//span[contains(text(),'Balance Sheet')]
[INFO ][2016-02-09 20:23:08,358][com.java.TestType] [ 6747] - value = 
[INFO ][2016-02-09 20:23:09,359][com.java.TestType] [ 7325] - BEFORE CLICK
[INFO ][2016-02-09 20:23:10,151][com.java.TestType] [ 7333] - Unable to click the object BalanceSheet
[INFO ][2016-02-09 20:23:10,151][com.java.SeleniumDriver] [  930] -  RESULT true
[INFO ][2016-02-09 20:23:10,151][com.java.SeleniumDriver] [ 1136] - ?   P A S S   ?
[INFO ][2016-02-09 20:23:10,151][com.java.SeleniumDriver] [  856] - ------------------------------------------
[INFO ][2016-02-09 20:23:10,151][com.java.SeleniumDriver] [  857] - Test case being Executed: 8
[INFO ][2016-02-09 20:23:10,151][com.java.SeleniumDriver] [  869] - Test step:8
[INFO ][2016-02-09 20:23:10,151][com.java.SeleniumDriver] [  881] - Datavalue is----------5
[INFO ][2016-02-09 20:23:10,151][com.java.SeleniumDriver] [  905] - DataField : test
[INFO ][2016-02-09 20:23:10,151][com.java.SeleniumDriver] [  907] - DataValue : 5
[INFO ][2016-02-09 20:23:10,151][com.java.SeleniumDriver] [  913] - <In Set values of the page>
[INFO ][2016-02-09 20:23:10,151][com.java.SeleniumDriver] [  916] - {Data Fields & Data Values Exist}
[INFO ][2016-02-09 20:23:10,151][com.java.SeleniumDriver] [  918] - --------------------------setting values-----------------------------
[INFO ][2016-02-09 20:23:10,151][com.java.SeleniumDriver] [  921] - Action Type : WAITTIME
[DEBUG][2016-02-09 20:23:10,152][com.java.TestType] [ 6561] - sleepTime: 5000
[INFO ][2016-02-09 20:23:15,152][com.java.SeleniumDriver] [  930] -  RESULT true
[INFO ][2016-02-09 20:23:15,152][com.java.SeleniumDriver] [ 1136] - ?   P A S S   ?
[INFO ][2016-02-09 20:23:15,152][com.java.SeleniumDriver] [  856] - ------------------------------------------
[INFO ][2016-02-09 20:23:15,152][com.java.SeleniumDriver] [  857] - Test case being Executed: 8
[INFO ][2016-02-09 20:23:15,152][com.java.SeleniumDriver] [  869] - Test step:9
[INFO ][2016-02-09 20:23:15,152][com.java.SeleniumDriver] [  881] - Datavalue is----------RTD0
[INFO ][2016-02-09 20:23:15,152][com.java.SeleniumDriver] [  905] - DataField : TXT//table[@id="BalSheetTbl"]/tbody//td[4]/input[@class="perVal"]
[INFO ][2016-02-09 20:23:15,152][com.java.SeleniumDriver] [  907] - DataValue : RTD0
[INFO ][2016-02-09 20:23:15,152][com.java.SeleniumDriver] [  913] - <In Set values of the page>
[INFO ][2016-02-09 20:23:15,152][com.java.SeleniumDriver] [  916] - {Data Fields & Data Values Exist}
[INFO ][2016-02-09 20:23:15,152][com.java.SeleniumDriver] [  918] - --------------------------setting values-----------------------------
[INFO ][2016-02-09 20:23:15,152][com.java.SeleniumDriver] [  921] - Action Type : CLEARANDENTER
[INFO ][2016-02-09 20:23:15,277][com.java.TestType] [ 6747] - value = 055
[INFO ][2016-02-09 20:23:15,413][com.java.SeleniumDriver] [  930] -  RESULT true
[INFO ][2016-02-09 20:23:15,413][com.java.SeleniumDriver] [ 1136] - ?   P A S S   ?
[INFO ][2016-02-09 20:23:15,413][com.java.SeleniumDriver] [  856] - ------------------------------------------
[INFO ][2016-02-09 20:23:15,413][com.java.SeleniumDriver] [  857] - Test case being Executed: 8
[INFO ][2016-02-09 20:23:15,413][com.java.SeleniumDriver] [  869] - Test step:10
[INFO ][2016-02-09 20:23:15,413][com.java.SeleniumDriver] [  881] - Datavalue is----------null
[DEBUG][2016-02-09 20:23:15,413][com.java.SeleniumDriver] [  899] - Exception: null
[INFO ][2016-02-09 20:23:15,413][com.java.SeleniumDriver] [  905] - DataField : BTNparent
[INFO ][2016-02-09 20:23:15,414][com.java.SeleniumDriver] [  907] - DataValue : 
[INFO ][2016-02-09 20:23:15,414][com.java.SeleniumDriver] [  913] - <In Set values of the page>
[INFO ][2016-02-09 20:23:15,414][com.java.SeleniumDriver] [  916] - {Data Fields & Data Values Exist}
[INFO ][2016-02-09 20:23:15,414][com.java.SeleniumDriver] [  918] - --------------------------setting values-----------------------------
[INFO ][2016-02-09 20:23:15,414][com.java.SeleniumDriver] [  921] - Action Type : SELECTFRAME
[INFO ][2016-02-09 20:23:15,429][com.java.SeleniumDriver] [  930] -  RESULT true
[INFO ][2016-02-09 20:23:15,429][com.java.SeleniumDriver] [ 1136] - ?   P A S S   ?
[INFO ][2016-02-09 20:23:15,429][com.java.SeleniumDriver] [  856] - ------------------------------------------
[INFO ][2016-02-09 20:23:15,429][com.java.SeleniumDriver] [  857] - Test case being Executed: 8
[INFO ][2016-02-09 20:23:15,429][com.java.SeleniumDriver] [  869] - Test step:11
[INFO ][2016-02-09 20:23:15,429][com.java.SeleniumDriver] [  881] - Datavalue is----------null
[DEBUG][2016-02-09 20:23:15,429][com.java.SeleniumDriver] [  899] - Exception: null
[INFO ][2016-02-09 20:23:15,429][com.java.SeleniumDriver] [  905] - DataField : HDN//span[contains(text(),'Save')]
[INFO ][2016-02-09 20:23:15,429][com.java.SeleniumDriver] [  907] - DataValue : 
[INFO ][2016-02-09 20:23:15,430][com.java.SeleniumDriver] [  913] - <In Set values of the page>
[INFO ][2016-02-09 20:23:15,430][com.java.SeleniumDriver] [  916] - {Data Fields & Data Values Exist}
[INFO ][2016-02-09 20:23:15,430][com.java.SeleniumDriver] [  918] - --------------------------setting values-----------------------------
[INFO ][2016-02-09 20:23:15,430][com.java.SeleniumDriver] [  921] - Action Type : CLICK
[INFO ][2016-02-09 20:23:15,430][com.java.TestType] [ 7148] - Field ::HDN//span[contains(text(),'Save')]
[INFO ][2016-02-09 20:23:15,430][com.java.TestType] [ 6747] - value = 
[INFO ][2016-02-09 20:23:16,756][com.java.SeleniumDriver] [  930] -  RESULT true
[INFO ][2016-02-09 20:23:16,756][com.java.SeleniumDriver] [ 1136] - ?   P A S S   ?
[INFO ][2016-02-09 20:23:16,756][com.java.SeleniumDriver] [  856] - ------------------------------------------
[INFO ][2016-02-09 20:23:16,756][com.java.SeleniumDriver] [  857] - Test case being Executed: 8
[INFO ][2016-02-09 20:23:16,756][com.java.SeleniumDriver] [  869] - Test step:12
[INFO ][2016-02-09 20:23:16,756][com.java.SeleniumDriver] [  881] - Datavalue is----------null
[DEBUG][2016-02-09 20:23:16,756][com.java.SeleniumDriver] [  899] - Exception: null
[INFO ][2016-02-09 20:23:16,756][com.java.SeleniumDriver] [  905] - DataField : XPH//div[@class="menu"]//span[@class='glyphicon glyphicon-bell']
[INFO ][2016-02-09 20:23:16,756][com.java.SeleniumDriver] [  907] - DataValue : 
[INFO ][2016-02-09 20:23:16,757][com.java.SeleniumDriver] [  913] - <In Set values of the page>
[INFO ][2016-02-09 20:23:16,757][com.java.SeleniumDriver] [  916] - {Data Fields & Data Values Exist}
[INFO ][2016-02-09 20:23:16,757][com.java.SeleniumDriver] [  918] - --------------------------setting values-----------------------------
[INFO ][2016-02-09 20:23:16,757][com.java.SeleniumDriver] [  921] - Action Type : CLICK
[INFO ][2016-02-09 20:23:16,757][com.java.TestType] [ 7148] - Field ::XPH//div[@class="menu"]//span[@class='glyphicon glyphicon-bell']
[INFO ][2016-02-09 20:23:16,757][com.java.TestType] [ 6747] - value = 
[INFO ][2016-02-09 20:23:17,757][com.java.TestType] [ 7325] - BEFORE CLICK
[INFO ][2016-02-09 20:23:19,089][com.java.TestType] [ 7333] - Unable to click the object Click on  bell symbol
[INFO ][2016-02-09 20:23:19,089][com.java.SeleniumDriver] [  930] -  RESULT true
[INFO ][2016-02-09 20:23:19,089][com.java.SeleniumDriver] [ 1136] - ?   P A S S   ?
[INFO ][2016-02-09 20:23:19,089][com.java.SeleniumDriver] [  856] - ------------------------------------------
[INFO ][2016-02-09 20:23:19,089][com.java.SeleniumDriver] [  857] - Test case being Executed: 8
[INFO ][2016-02-09 20:23:19,089][com.java.SeleniumDriver] [  869] - Test step:13
[INFO ][2016-02-09 20:23:19,089][com.java.SeleniumDriver] [  881] - Datavalue is----------null
[DEBUG][2016-02-09 20:23:19,089][com.java.SeleniumDriver] [  899] - Exception: null
[INFO ][2016-02-09 20:23:19,089][com.java.SeleniumDriver] [  905] - DataField : XPH//div[contains(@class,'rightMenuContainer')]//div[@class="menu-drawer"]
[INFO ][2016-02-09 20:23:19,089][com.java.SeleniumDriver] [  907] - DataValue : 
[INFO ][2016-02-09 20:23:19,089][com.java.SeleniumDriver] [  913] - <In Set values of the page>
[INFO ][2016-02-09 20:23:19,089][com.java.SeleniumDriver] [  916] - {Data Fields & Data Values Exist}
[INFO ][2016-02-09 20:23:19,089][com.java.SeleniumDriver] [  918] - --------------------------setting values-----------------------------
[INFO ][2016-02-09 20:23:19,090][com.java.SeleniumDriver] [  921] - Action Type : CLICK
[INFO ][2016-02-09 20:23:19,090][com.java.TestType] [ 7148] - Field ::XPH//div[contains(@class,'rightMenuContainer')]//div[@class="menu-drawer"]
[INFO ][2016-02-09 20:23:19,090][com.java.TestType] [ 6747] - value = 
[INFO ][2016-02-09 20:23:20,090][com.java.TestType] [ 7325] - BEFORE CLICK
[INFO ][2016-02-09 20:23:21,014][com.java.TestType] [ 7333] - Unable to click the object Click on the Today's Alert Page
[INFO ][2016-02-09 20:23:21,014][com.java.SeleniumDriver] [  930] -  RESULT true
[INFO ][2016-02-09 20:23:21,014][com.java.SeleniumDriver] [ 1136] - ?   P A S S   ?
[INFO ][2016-02-09 20:23:21,014][com.java.SeleniumDriver] [  856] - ------------------------------------------
[INFO ][2016-02-09 20:23:21,014][com.java.SeleniumDriver] [  857] - Test case being Executed: 8
[INFO ][2016-02-09 20:23:21,014][com.java.SeleniumDriver] [  869] - Test step:14
[INFO ][2016-02-09 20:23:21,014][com.java.SeleniumDriver] [  881] - Datavalue is----------//div[@class="menu-drawer"]//span
[INFO ][2016-02-09 20:23:21,014][com.java.SeleniumDriver] [  905] - DataField : BTN
[INFO ][2016-02-09 20:23:21,015][com.java.SeleniumDriver] [  907] - DataValue : //div[@class="menu-drawer"]//span
[INFO ][2016-02-09 20:23:21,015][com.java.SeleniumDriver] [  913] - <In Set values of the page>
[INFO ][2016-02-09 20:23:21,015][com.java.SeleniumDriver] [  916] - {Data Fields & Data Values Exist}
[INFO ][2016-02-09 20:23:21,015][com.java.SeleniumDriver] [  918] - --------------------------setting values-----------------------------
[INFO ][2016-02-09 20:23:21,015][com.java.SeleniumDriver] [  921] - Action Type : VERIFY
[INFO ][2016-02-09 20:23:21,015][com.java.TestType] [ 8381] - field= BTN value= //div[@class="menu-drawer"]//span
[INFO ][2016-02-09 20:23:21,015][com.java.TestType] [ 6747] - value = //div[@class="menu-drawer"]//span
[INFO ][2016-02-09 20:23:21,114][com.java.SeleniumDriver] [  930] -  RESULT true
[INFO ][2016-02-09 20:23:21,114][com.java.SeleniumDriver] [ 1136] - ?   P A S S   ?
[INFO ][2016-02-09 20:23:21,114][com.java.SeleniumDriver] [  856] - ------------------------------------------
[INFO ][2016-02-09 20:23:21,114][com.java.SeleniumDriver] [  857] - Test case being Executed: 8
[INFO ][2016-02-09 20:23:21,114][com.java.SeleniumDriver] [  869] - Test step:15
[INFO ][2016-02-09 20:23:21,114][com.java.SeleniumDriver] [  881] - Datavalue is----------//div[@id='isAlertsHeading']/h4
[INFO ][2016-02-09 20:23:21,114][com.java.SeleniumDriver] [  905] - DataField : BTN
[INFO ][2016-02-09 20:23:21,114][com.java.SeleniumDriver] [  907] - DataValue : //div[@id='isAlertsHeading']/h4
[INFO ][2016-02-09 20:23:21,114][com.java.SeleniumDriver] [  913] - <In Set values of the page>
[INFO ][2016-02-09 20:23:21,114][com.java.SeleniumDriver] [  916] - {Data Fields & Data Values Exist}
[INFO ][2016-02-09 20:23:21,115][com.java.SeleniumDriver] [  918] - --------------------------setting values-----------------------------
[INFO ][2016-02-09 20:23:21,115][com.java.SeleniumDriver] [  921] - Action Type : VERIFY
[INFO ][2016-02-09 20:23:21,115][com.java.TestType] [ 8381] - field= BTN value= //div[@id='isAlertsHeading']/h4
[INFO ][2016-02-09 20:23:21,115][com.java.TestType] [ 6747] - value = //div[@id='isAlertsHeading']/h4
[INFO ][2016-02-09 20:23:21,187][com.java.SeleniumDriver] [  930] -  RESULT true
[INFO ][2016-02-09 20:23:21,187][com.java.SeleniumDriver] [ 1136] - ?   P A S S   ?
[INFO ][2016-02-09 20:23:21,187][com.java.SeleniumDriver] [  856] - ------------------------------------------
[INFO ][2016-02-09 20:23:21,187][com.java.SeleniumDriver] [  857] - Test case being Executed: 8
[INFO ][2016-02-09 20:23:21,187][com.java.SeleniumDriver] [  869] - Test step:16
[INFO ][2016-02-09 20:23:21,187][com.java.SeleniumDriver] [  881] - Datavalue is----------null
[DEBUG][2016-02-09 20:23:21,188][com.java.SeleniumDriver] [  899] - Exception: null
[INFO ][2016-02-09 20:23:21,188][com.java.SeleniumDriver] [  905] - DataField : XPH//div[@class="panel panel-default ng-scope"]/div[@id='bsAlertsHeading']/h4
[INFO ][2016-02-09 20:23:21,188][com.java.SeleniumDriver] [  907] - DataValue : 
[INFO ][2016-02-09 20:23:21,188][com.java.SeleniumDriver] [  913] - <In Set values of the page>
[INFO ][2016-02-09 20:23:21,188][com.java.SeleniumDriver] [  916] - {Data Fields & Data Values Exist}
[INFO ][2016-02-09 20:23:21,188][com.java.SeleniumDriver] [  918] - --------------------------setting values-----------------------------
[INFO ][2016-02-09 20:23:21,188][com.java.SeleniumDriver] [  921] - Action Type : CLICK
[INFO ][2016-02-09 20:23:21,188][com.java.TestType] [ 7148] - Field ::XPH//div[@class="panel panel-default ng-scope"]/div[@id='bsAlertsHeading']/h4
[INFO ][2016-02-09 20:23:21,188][com.java.TestType] [ 6747] - value = 
[INFO ][2016-02-09 20:23:22,190][com.java.TestType] [ 7325] - BEFORE CLICK
[INFO ][2016-02-09 20:23:23,116][com.java.TestType] [ 7333] - Unable to click the object Click on Income Statement tab
[INFO ][2016-02-09 20:23:23,116][com.java.SeleniumDriver] [  930] -  RESULT true
[INFO ][2016-02-09 20:23:23,116][com.java.SeleniumDriver] [ 1136] - ?   P A S S   ?
[INFO ][2016-02-09 20:23:23,116][com.java.SeleniumDriver] [  856] - ------------------------------------------
[INFO ][2016-02-09 20:23:23,116][com.java.SeleniumDriver] [  857] - Test case being Executed: 8
[INFO ][2016-02-09 20:23:23,116][com.java.SeleniumDriver] [  869] - Test step:17
[INFO ][2016-02-09 20:23:23,116][com.java.SeleniumDriver] [  881] - Datavalue is----------5
[INFO ][2016-02-09 20:23:23,116][com.java.SeleniumDriver] [  905] - DataField : null
[INFO ][2016-02-09 20:23:23,116][com.java.SeleniumDriver] [  907] - DataValue : 5
[INFO ][2016-02-09 20:23:23,116][com.java.SeleniumDriver] [  913] - <In Set values of the page>
[INFO ][2016-02-09 20:23:23,116][com.java.SeleniumDriver] [  916] - {Data Fields & Data Values Exist}
[INFO ][2016-02-09 20:23:23,116][com.java.SeleniumDriver] [  918] - --------------------------setting values-----------------------------
[INFO ][2016-02-09 20:23:23,116][com.java.SeleniumDriver] [  921] - Action Type : WAITTIME
[DEBUG][2016-02-09 20:23:23,117][com.java.TestType] [ 6561] - sleepTime: 5000
[INFO ][2016-02-09 20:23:28,118][com.java.SeleniumDriver] [  930] -  RESULT true
[INFO ][2016-02-09 20:23:28,118][com.java.SeleniumDriver] [ 1136] - ?   P A S S   ?
[INFO ][2016-02-09 20:23:28,118][com.java.SeleniumDriver] [  856] - ------------------------------------------
[INFO ][2016-02-09 20:23:28,118][com.java.SeleniumDriver] [  857] - Test case being Executed: 8
[INFO ][2016-02-09 20:23:28,118][com.java.SeleniumDriver] [  869] - Test step:18
[INFO ][2016-02-09 20:23:28,118][com.java.SeleniumDriver] [  881] - Datavalue is----------//div[@id='bsAlertsContent']//div[@class="ng-binding"]
[INFO ][2016-02-09 20:23:28,118][com.java.SeleniumDriver] [  905] - DataField : BTN
[INFO ][2016-02-09 20:23:28,118][com.java.SeleniumDriver] [  907] - DataValue : //div[@id='bsAlertsContent']//div[@class="ng-binding"]
[INFO ][2016-02-09 20:23:28,118][com.java.SeleniumDriver] [  913] - <In Set values of the page>
[INFO ][2016-02-09 20:23:28,118][com.java.SeleniumDriver] [  916] - {Data Fields & Data Values Exist}
[INFO ][2016-02-09 20:23:28,118][com.java.SeleniumDriver] [  918] - --------------------------setting values-----------------------------
[INFO ][2016-02-09 20:23:28,118][com.java.SeleniumDriver] [  921] - Action Type : VERIFY
[INFO ][2016-02-09 20:23:28,118][com.java.TestType] [ 8381] - field= BTN value= //div[@id='bsAlertsContent']//div[@class="ng-binding"]
[INFO ][2016-02-09 20:23:28,119][com.java.TestType] [ 6747] - value = //div[@id='bsAlertsContent']//div[@class="ng-binding"]
[INFO ][2016-02-09 20:23:28,192][com.java.SeleniumDriver] [  930] -  RESULT true
[INFO ][2016-02-09 20:23:28,192][com.java.SeleniumDriver] [ 1136] - ?   P A S S   ?
[INFO ][2016-02-09 20:23:28,192][com.java.SeleniumDriver] [  856] - ------------------------------------------
[INFO ][2016-02-09 20:23:28,192][com.java.SeleniumDriver] [  857] - Test case being Executed: 8
[INFO ][2016-02-09 20:23:28,192][com.java.SeleniumDriver] [  869] - Test step:19
[INFO ][2016-02-09 20:23:28,193][com.java.SeleniumDriver] [  881] - Datavalue is----------null
[DEBUG][2016-02-09 20:23:28,193][com.java.SeleniumDriver] [  899] - Exception: null
[INFO ][2016-02-09 20:23:28,193][com.java.SeleniumDriver] [  905] - DataField : XPH//div[@class="panel panel-default ng-scope"]/div[@id='bsAlertsHeading']/h4
[INFO ][2016-02-09 20:23:28,193][com.java.SeleniumDriver] [  907] - DataValue : 
[INFO ][2016-02-09 20:23:28,193][com.java.SeleniumDriver] [  913] - <In Set values of the page>
[INFO ][2016-02-09 20:23:28,193][com.java.SeleniumDriver] [  916] - {Data Fields & Data Values Exist}
[INFO ][2016-02-09 20:23:28,193][com.java.SeleniumDriver] [  918] - --------------------------setting values-----------------------------
[INFO ][2016-02-09 20:23:28,194][com.java.SeleniumDriver] [  921] - Action Type : CLICK
[INFO ][2016-02-09 20:23:28,194][com.java.TestType] [ 7148] - Field ::XPH//div[@class="panel panel-default ng-scope"]/div[@id='bsAlertsHeading']/h4
[INFO ][2016-02-09 20:23:28,194][com.java.TestType] [ 6747] - value = 
[INFO ][2016-02-09 20:23:29,194][com.java.TestType] [ 7325] - BEFORE CLICK
[INFO ][2016-02-09 20:23:30,120][com.java.TestType] [ 7333] - Unable to click the object Click on Income Statement tab
[INFO ][2016-02-09 20:23:30,120][com.java.SeleniumDriver] [  930] -  RESULT true
[INFO ][2016-02-09 20:23:30,120][com.java.SeleniumDriver] [ 1136] - ?   P A S S   ?
[INFO ][2016-02-09 20:23:30,120][com.java.SeleniumDriver] [  856] - ------------------------------------------
[INFO ][2016-02-09 20:23:30,120][com.java.SeleniumDriver] [  857] - Test case being Executed: 8
[INFO ][2016-02-09 20:23:30,120][com.java.SeleniumDriver] [  869] - Test step:20
[INFO ][2016-02-09 20:23:30,120][com.java.SeleniumDriver] [  881] - Datavalue is----------//*[@id='bsAlertsContent']/div/div[1]/div[1]
[INFO ][2016-02-09 20:23:30,121][com.java.SeleniumDriver] [  905] - DataField : MSG
[INFO ][2016-02-09 20:23:30,121][com.java.SeleniumDriver] [  907] - DataValue : //*[@id='bsAlertsContent']/div/div[1]/div[1]
[INFO ][2016-02-09 20:23:30,121][com.java.SeleniumDriver] [  913] - <In Set values of the page>
[INFO ][2016-02-09 20:23:30,121][com.java.SeleniumDriver] [  916] - {Data Fields & Data Values Exist}
[INFO ][2016-02-09 20:23:30,121][com.java.SeleniumDriver] [  918] - --------------------------setting values-----------------------------
[INFO ][2016-02-09 20:23:30,121][com.java.SeleniumDriver] [  921] - Action Type : VERIFYNOTPRESENT
[INFO ][2016-02-09 20:23:30,121][com.java.TestType] [10202] - field= MSG value= //*[@id='bsAlertsContent']/div/div[1]/div[1]
[INFO ][2016-02-09 20:23:30,220][com.java.SeleniumDriver] [  930] -  RESULT true
[INFO ][2016-02-09 20:23:30,221][com.java.SeleniumDriver] [ 1136] - ?   P A S S   ?
[INFO ][2016-02-09 20:23:30,221][com.java.SeleniumDriver] [  856] - ------------------------------------------
[INFO ][2016-02-09 20:23:30,221][com.java.SeleniumDriver] [  857] - Test case being Executed: 8
[INFO ][2016-02-09 20:23:30,221][com.java.SeleniumDriver] [  869] - Test step:21
[INFO ][2016-02-09 20:23:30,221][com.java.SeleniumDriver] [  881] - Datavalue is----------5
[INFO ][2016-02-09 20:23:30,221][com.java.SeleniumDriver] [  905] - DataField : null
[INFO ][2016-02-09 20:23:30,221][com.java.SeleniumDriver] [  907] - DataValue : 5
[INFO ][2016-02-09 20:23:30,221][com.java.SeleniumDriver] [  913] - <In Set values of the page>
[INFO ][2016-02-09 20:23:30,221][com.java.SeleniumDriver] [  916] - {Data Fields & Data Values Exist}
[INFO ][2016-02-09 20:23:30,221][com.java.SeleniumDriver] [  918] - --------------------------setting values-----------------------------
[INFO ][2016-02-09 20:23:30,221][com.java.SeleniumDriver] [  921] - Action Type : WAITTIME
[DEBUG][2016-02-09 20:23:30,221][com.java.TestType] [ 6561] - sleepTime: 5000
[INFO ][2016-02-09 20:23:35,221][com.java.SeleniumDriver] [  930] -  RESULT true
[INFO ][2016-02-09 20:23:35,221][com.java.SeleniumDriver] [ 1136] - ?   P A S S   ?
[INFO ][2016-02-09 20:23:35,221][com.java.SeleniumDriver] [  856] - ------------------------------------------
[INFO ][2016-02-09 20:23:35,221][com.java.SeleniumDriver] [  857] - Test case being Executed: 8
[INFO ][2016-02-09 20:23:35,221][com.java.SeleniumDriver] [  869] - Test step:22
[INFO ][2016-02-09 20:23:35,221][com.java.SeleniumDriver] [  881] - Datavalue is----------null
[DEBUG][2016-02-09 20:23:35,221][com.java.SeleniumDriver] [  899] - Exception: null
[INFO ][2016-02-09 20:23:35,221][com.java.SeleniumDriver] [  905] - DataField : HDN//span[@class='glyphicon glyphicon-refresh ng-scope']
[INFO ][2016-02-09 20:23:35,221][com.java.SeleniumDriver] [  907] - DataValue : 
[INFO ][2016-02-09 20:23:35,221][com.java.SeleniumDriver] [  913] - <In Set values of the page>
[INFO ][2016-02-09 20:23:35,221][com.java.SeleniumDriver] [  916] - {Data Fields & Data Values Exist}
[INFO ][2016-02-09 20:23:35,221][com.java.SeleniumDriver] [  918] - --------------------------setting values-----------------------------
[INFO ][2016-02-09 20:23:35,221][com.java.SeleniumDriver] [  921] - Action Type : CLICK
[INFO ][2016-02-09 20:23:35,222][com.java.TestType] [ 7148] - Field ::HDN//span[@class='glyphicon glyphicon-refresh ng-scope']
[INFO ][2016-02-09 20:23:35,222][com.java.TestType] [ 6747] - value = 
[INFO ][2016-02-09 20:23:36,397][com.java.SeleniumDriver] [  930] -  RESULT true
[INFO ][2016-02-09 20:23:36,398][com.java.SeleniumDriver] [ 1136] - ?   P A S S   ?
[INFO ][2016-02-09 20:23:36,398][com.java.SeleniumDriver] [  856] - ------------------------------------------
[INFO ][2016-02-09 20:23:36,398][com.java.SeleniumDriver] [  857] - Test case being Executed: 8
[INFO ][2016-02-09 20:23:36,398][com.java.SeleniumDriver] [  869] - Test step:23
[INFO ][2016-02-09 20:23:36,398][com.java.SeleniumDriver] [  881] - Datavalue is----------15
[INFO ][2016-02-09 20:23:36,398][com.java.SeleniumDriver] [  905] - DataField : null
[INFO ][2016-02-09 20:23:36,398][com.java.SeleniumDriver] [  907] - DataValue : 15
[INFO ][2016-02-09 20:23:36,398][com.java.SeleniumDriver] [  913] - <In Set values of the page>
[INFO ][2016-02-09 20:23:36,398][com.java.SeleniumDriver] [  916] - {Data Fields & Data Values Exist}
[INFO ][2016-02-09 20:23:36,398][com.java.SeleniumDriver] [  918] - --------------------------setting values-----------------------------
[INFO ][2016-02-09 20:23:36,398][com.java.SeleniumDriver] [  921] - Action Type : WAITTIME
[DEBUG][2016-02-09 20:23:36,398][com.java.TestType] [ 6561] - sleepTime: 15000
[INFO ][2016-02-09 20:23:51,400][com.java.SeleniumDriver] [  930] -  RESULT true
[INFO ][2016-02-09 20:23:51,400][com.java.SeleniumDriver] [ 1136] - ?   P A S S   ?
[INFO ][2016-02-09 20:23:51,400][com.java.SeleniumDriver] [  856] - ------------------------------------------
[INFO ][2016-02-09 20:23:51,400][com.java.SeleniumDriver] [  857] - Test case being Executed: 8
[INFO ][2016-02-09 20:23:51,400][com.java.SeleniumDriver] [  869] - Test step:24
[INFO ][2016-02-09 20:23:51,400][com.java.SeleniumDriver] [  881] - Datavalue is----------numberofupdatesbeforerefreshing
[INFO ][2016-02-09 20:23:51,400][com.java.SeleniumDriver] [  905] - DataField : XPH//div[@id="bsAlertsHeading"]//span[@class="badge pull-right ng-binding"]
[INFO ][2016-02-09 20:23:51,400][com.java.SeleniumDriver] [  907] - DataValue : numberofupdatesbeforerefreshing
[INFO ][2016-02-09 20:23:51,401][com.java.SeleniumDriver] [  913] - <In Set values of the page>
[INFO ][2016-02-09 20:23:51,401][com.java.SeleniumDriver] [  916] - {Data Fields & Data Values Exist}
[INFO ][2016-02-09 20:23:51,401][com.java.SeleniumDriver] [  918] - --------------------------setting values-----------------------------
[INFO ][2016-02-09 20:23:51,401][com.java.SeleniumDriver] [  921] - Action Type : STOREVALUE
[INFO ][2016-02-09 20:23:51,401][com.java.TestType] [ 9883] - field= XPH//div[@id="bsAlertsHeading"]//span[@class="badge pull-right ng-binding"]
[DEBUG][2016-02-09 20:24:12,237][com.java.TestType] [ 9946] - Error occured while storing the value for:: validate the updated number of alerts
[INFO ][2016-02-09 20:24:12,237][com.java.SeleniumDriver] [  930] -  RESULT false
[INFO ][2016-02-09 20:24:12,238][com.java.SeleniumDriver] [  977] - ?   F A I L   ?
[INFO ][2016-02-09 20:24:12,238][com.java.SeleniumDriver] [  985] - Browser Type : IE10
[INFO ][2016-02-09 20:24:12,238][com.java.SeleniumDriver] [  986] - Adding Failed case8
[INFO ][2016-02-09 20:24:12,358][com.java.SeleniumDriver] [ 1100] - failedCases = 8
[ERROR][2016-02-09 20:24:12,359][com.java.SeleniumDriver] [ 1599] - Platform Errors : Our apologies...::We have encountered an issue with your request.::Our apologies?:We encountered an issue with your request.
[INFO ][2016-02-09 20:24:12,359][com.java.SeleniumDriver] [ 1603] - Length =3
[ERROR][2016-02-09 20:24:12,359][com.java.SeleniumDriver] [ 1606] - Error 0 = Our apologies...
[ERROR][2016-02-09 20:24:12,426][com.java.SeleniumDriver] [ 1606] - Error 1 = We have encountered an issue with your request.
[ERROR][2016-02-09 20:24:12,483][com.java.SeleniumDriver] [ 1606] - Error 2 = Our apologies?:We encountered an issue with your request.
[INFO ][2016-02-09 20:24:12,560][com.java.SeleniumDriver] [ 1617] - strError:
[DEBUG][2016-02-09 20:24:12,605][com.java.SeleniumDriver] [ 1248] - Case found
[DEBUG][2016-02-09 20:24:12,605][com.java.SeleniumDriver] [ 1253] - Incrementing ReportCounters[0]:3
[INFO ][2016-02-09 20:24:12,605][com.java.SeleniumDriver] [ 1272] - The results are-------------------[8, 24, Right Hand Menu: BS Alerts-BS Alerts data correctness, Fail, 
Test case failed at Step No. :: 24   Error Message ::  Error occured while storing the value for:: validate the updated number of alerts. Screen Shot : D:\BankersDashboard\TestReports\020916\8_020916_202412_IE10.png, Tue Feb 09 20:24:12 IST 2016]
[INFO ][2016-02-09 20:24:12,605][com.java.SeleniumDriver] [ 1276] - End time is-------5 min 34 sec
[INFO ][2016-02-09 20:24:12,605][com.java.SeleniumDriver] [ 1277] - The results are-------------------[8, 24, Right Hand Menu: BS Alerts-BS Alerts data correctness, Fail, 
Test case failed at Step No. :: 24   Error Message ::  Error occured while storing the value for:: validate the updated number of alerts. Screen Shot : D:\BankersDashboard\TestReports\020916\8_020916_202412_IE10.png, Tue Feb 09 20:24:12 IST 2016]
[DEBUG][2016-02-09 20:24:12,605][com.java.ImportnExport.ExportTestResultsExcel] [  222] - testResultPath = D:\BankersDashboard/TestReports/Test Results_BankersDashBoard_020916_201840_IE10_Any Bank USA.xls
[DEBUG][2016-02-09 20:24:12,606][com.java.ImportnExport.ExportTestResultsExcel] [  223] - browser is------------IE10
[DEBUG][2016-02-09 20:24:12,609][com.java.ImportnExport.ExportTestResultsExcel] [  270] - result.size() = 6
[DEBUG][2016-02-09 20:24:12,609][com.java.ImportnExport.ExportTestResultsExcel] [  274] - No of rows in sheet=3
[DEBUG][2016-02-09 20:24:12,609][com.java.ImportnExport.ExportTestResultsExcel] [  301] - ..in export..8
[DEBUG][2016-02-09 20:24:12,609][com.java.ImportnExport.ExportTestResultsExcel] [  301] - ..in export..Right Hand Menu: BS Alerts-BS Alerts data correctness
[DEBUG][2016-02-09 20:24:12,609][com.java.ImportnExport.ExportTestResultsExcel] [  301] - ..in export..Fail
[DEBUG][2016-02-09 20:24:12,609][com.java.ImportnExport.ExportTestResultsExcel] [  301] - ..in export..
Test case failed at Step No. :: 24   Error Message ::  Error occured while storing the value for:: validate the updated number of alerts. Screen Shot : D:\BankersDashboard\TestReports\020916\8_020916_202412_IE10.png
[DEBUG][2016-02-09 20:24:12,609][com.java.ImportnExport.ExportTestResultsExcel] [  301] - ..in export..Tue Feb 09 20:24:12 IST 2016
[INFO ][2016-02-09 20:24:12,611][com.java.SeleniumDriver] [ 1337] - out loop:2 size:3 TestCases:[1, 4, 8] testcases:[1, 4, 8]
[INFO ][2016-02-09 20:24:14,611][com.java.SeleniumDriver] [ 1380] - Total Number of Cases:3
[INFO ][2016-02-09 20:24:14,611][com.java.TemplateGenerator] [  302] - Executed:3
[INFO ][2016-02-09 20:24:14,611][com.java.TemplateGenerator] [  303] - Passed:2
[INFO ][2016-02-09 20:24:14,611][com.java.TemplateGenerator] [  304] - Failed:1
[INFO ][2016-02-09 20:24:14,611][com.java.TemplateGenerator] [  305] - Skipeed:0
[INFO ][2016-02-09 20:24:14,611][com.java.TemplateGenerator] [  306] - Application URL:https://clients-xuat.bankersdashboard.com
[INFO ][2016-02-09 20:24:14,611][com.java.TemplateGenerator] [  307] - Start Time:020916_201840
[INFO ][2016-02-09 20:24:14,611][com.java.TemplateGenerator] [  308] -  Creating HTML Report 
[ERROR][2016-02-09 20:24:14,612][com.java.TemplateGenerator] [  409] - Unparseable date: "Tue Feb 09 08:18:40 IST 2016"
[INFO ][2016-02-09 20:24:14,612][com.java.TemplateGenerator] [  654] -  Exporting case :: 1
[INFO ][2016-02-09 20:24:14,612][com.java.TemplateGenerator] [  654] -  Exporting case :: 4
[INFO ][2016-02-09 20:24:14,612][com.java.TemplateGenerator] [  654] -  Exporting case :: 8
[INFO ][2016-02-09 20:24:14,619][com.java.SeleniumDriver] [ 1429] - End Time:020916_202414
[INFO ][2016-02-09 20:24:14,619][com.java.SeleniumDriver] [ 1432] - Data in Test Execution Details:{1=PASS, 4=PASS, 8=FAILTest case failed at Step No. :: 24   Error Message ::  Error occured while storing the value for:: validate the updated number of alerts}
[INFO ][2016-02-09 20:24:14,619][com.java.SeleniumDriver] [ 1433] - Data in Failed Execution Deatils:{}
[INFO ][2016-02-09 20:24:14,619][com.java.SeleniumDriver] [ 1435] - ReportCounter:Total:3 :: PASS: 2 ::FAIL: 1
[INFO ][2016-02-09 20:24:14,619][com.java.SeleniumDriver] [ 1436] - FailedReportCounter:Total:0 :: PASS: 0 ::FAIL: 0
[INFO ][2016-02-09 20:24:14,627][com.java.EmailTestReport] [   63] - Sending report mail details:
[INFO ][2016-02-09 20:24:14,627][com.java.EmailTestReport] [   80] - Excel Report Path:D:\BankersDashboard/TestReports/Test Results_BankersDashBoard_020916_201840_IE10_Any Bank USA.xls
[INFO ][2016-02-09 20:24:14,627][com.java.EmailTestReport] [   81] - HTML Report Path:D:\BankersDashboard//TestReports//Test Results_BankersDashBoard_020916_201840_IE10_Any Bank USA.html
[INFO ][2016-02-09 20:24:14,627][com.java.EmailTestReport] [   82] - smtpHostName:mail01.valuelabs.com
[INFO ][2016-02-09 20:24:14,627][com.java.EmailTestReport] [   83] - Recipient:venkateswararao.gubbala@valuelabs.com;
[INFO ][2016-02-09 20:24:14,627][com.java.EmailTestReport] [   84] - From:venkateswararao.gubbala@valuelabs.com;
[INFO ][2016-02-09 20:24:14,627][com.java.EmailTestReport] [   85] - Subject:Deluxe Corp Bankers Dashboard Automation Test Report - Any Bank USA - IE10
[INFO ][2016-02-09 20:24:14,643][com.java.EmailTestReport] [  143] -  Added venkateswararao.gubbala@valuelabs.com
[INFO ][2016-02-09 20:24:17,756][com.java.SeleniumDriver] [  722] - quitting the browser 
[INFO ][2016-02-09 20:24:19,510][com.java.SeleniumDriver] [  264] - Execution Completed Stopping the thread
