[INFO ][2015-11-04 15:08:54,529][com.java.SeleniumDriver] [  213] - Execute Failed Casesfalse
[INFO ][2015-11-04 15:08:54,534][com.java.SeleniumDriver] [  214] - Browser: IE11
[INFO ][2015-11-04 15:08:54,534][com.java.SeleniumDriver] [  215] - [1, 7]
[INFO ][2015-11-04 15:08:54,534][com.java.SeleniumDriver] [  216] - Total TestCases:2
[INFO ][2015-11-04 15:08:54,534][com.java.SeleniumDriver] [  217] -  Reading Properties from Property File 
[DEBUG][2015-11-04 15:08:54,534][com.java.SeleniumDriver] [  238] - url : https://clients-xuat.bankersdashboard.com
[INFO ][2015-11-04 15:08:54,535][com.java.ImportnExport.ExportTestResultsExcel] [  116] - Time Stamp Wed Nov 04 03:08:54 IST 2015
[INFO ][2015-11-04 15:08:54,536][com.java.ImportnExport.ExportTestResultsExcel] [  175] - OUT FILE : D:\BankersDashboard/TestReports/Test Results_BankersDashBoard_110415_150854_IE11_Simmons First National Bank.xls
[INFO ][2015-11-04 15:08:54,564][com.java.ImportnExport.ExportTestResultsExcel] [  180] - Test Result file is created
[DEBUG][2015-11-04 15:08:54,664][com.java.SeleniumDriver] [  425] - Hub ip address is-------172.17.68.34
[INFO ][2015-11-04 15:08:54,665][com.java.SeleniumDriver] [  451] - Grid URL:http://172.17.68.34:4444/wd/hub
[INFO ][2015-11-04 15:08:54,665][com.java.SeleniumDriver] [  452] - Capability:Capabilities [{platform=ANY, ensureCleanSession=true, ignoreProtectedModeSettings=true, acceptSslCerts=true, ignoreZoomSetting=true, browserName=internet explorer, browserstack.ie.noFlash=true, version=Node1}]
[ERROR][2015-11-04 15:08:55,962][com.java.SeleniumDriver] [  496] - Unable invoke browser in grid:Could not start a new session. Possible causes are invalid address of the remote server or browser start-up failure.
Build info: version: '2.48.2', revision: '41bccdd', time: '2015-10-09 19:59:12'
System info: host: 'FVTIII438F1D', ip: '172.17.68.34', os.name: 'Windows 7', os.arch: 'x86', os.version: '6.1', java.version: '1.7.0_55'
Driver info: driver.version: SeleniumDriver
[INFO ][2015-11-04 15:08:55,962][com.java.SeleniumDriver] [  498] - Executing on local machine
[INFO ][2015-11-04 15:09:05,615][com.java.SeleniumDriver] [  248] - IE11is opened
[INFO ][2015-11-04 15:09:06,291][com.java.SeleniumDriver] [  752] - Test cases to be executed are: [1, 7]
[INFO ][2015-11-04 15:09:06,291][com.java.ImportnExport.ImportTestDataDetailsExcel] [   49] - test data details path===== D:\BankersDashboard\TestInputs\TestData.xls
[INFO ][2015-11-04 15:09:17,319][com.java.SeleniumDriver] [  788] - ------------------------------------------
[INFO ][2015-11-04 15:09:17,319][com.java.SeleniumDriver] [  789] - Test case being Executed: 1
[INFO ][2015-11-04 15:09:17,334][com.java.SeleniumDriver] [  800] - Test step:1
[INFO ][2015-11-04 15:09:17,335][com.java.SeleniumDriver] [  812] - Datavalue is----------Concept#1:1-14
[INFO ][2015-11-04 15:09:17,335][com.java.SeleniumDriver] [  836] - DataField : test
[INFO ][2015-11-04 15:09:17,335][com.java.SeleniumDriver] [  838] - DataValue : Concept#1:1-14
[INFO ][2015-11-04 15:09:17,335][com.java.SeleniumDriver] [  844] - <In Set values of the page>
[INFO ][2015-11-04 15:09:17,335][com.java.SeleniumDriver] [  847] - {Data Fields & Data Values Exist}
[INFO ][2015-11-04 15:09:17,335][com.java.SeleniumDriver] [  849] - --------------------------setting values-----------------------------
[INFO ][2015-11-04 15:09:17,335][com.java.SeleniumDriver] [  852] - Action Type : ExecuteTestCase
[INFO ][2015-11-04 15:09:17,354][com.java.TestType] [  411] - The Concept sheet name is ---------- Concept
[INFO ][2015-11-04 15:09:17,354][com.java.TestType] [  414] - The Concept ID  is ---------- 1
[DEBUG][2015-11-04 15:09:17,354][com.java.TestType] [  418] - Steps being executted in the Concept are: 1:14
[INFO ][2015-11-04 15:09:17,354][com.java.TestType] [  425] - Test data details path ---------- D:\BankersDashboard\TestInputs\TestData.xls
[INFO ][2015-11-04 15:09:17,385][com.java.TestType] [  456] -  str(1) = 1
[INFO ][2015-11-04 15:09:17,386][com.java.TestType] [  459] - Test case Id is---1
[INFO ][2015-11-04 15:09:17,386][com.java.TestType] [  461] - 1
[INFO ][2015-11-04 15:09:17,386][com.java.TestType] [  456] -  str(2) = 1
[INFO ][2015-11-04 15:09:17,389][com.java.TestType] [  508] - row values are--------{1=com.java.Objects.TestDataDetails@113fbcd}
[INFO ][2015-11-04 15:09:17,389][com.java.TestType] [  456] -  str(1) = 1
[INFO ][2015-11-04 15:09:17,389][com.java.TestType] [  459] - Test case Id is---1
[INFO ][2015-11-04 15:09:17,389][com.java.TestType] [  461] - 1
[INFO ][2015-11-04 15:09:17,389][com.java.TestType] [  456] -  str(2) = 2
[INFO ][2015-11-04 15:09:17,390][com.java.TestType] [  508] - row values are--------{1=com.java.Objects.TestDataDetails@113fbcd, 2=com.java.Objects.TestDataDetails@36ee92}
[INFO ][2015-11-04 15:09:17,390][com.java.TestType] [  456] -  str(1) = 1
[INFO ][2015-11-04 15:09:17,391][com.java.TestType] [  459] - Test case Id is---1
[INFO ][2015-11-04 15:09:17,391][com.java.TestType] [  461] - 1
[INFO ][2015-11-04 15:09:17,391][com.java.TestType] [  456] -  str(2) = 3
[INFO ][2015-11-04 15:09:17,392][com.java.TestType] [  508] - row values are--------{1=com.java.Objects.TestDataDetails@113fbcd, 2=com.java.Objects.TestDataDetails@36ee92, 3=com.java.Objects.TestDataDetails@1ac3d0c}
[INFO ][2015-11-04 15:09:17,392][com.java.TestType] [  456] -  str(1) = 1
[INFO ][2015-11-04 15:09:17,392][com.java.TestType] [  459] - Test case Id is---1
[INFO ][2015-11-04 15:09:17,392][com.java.TestType] [  461] - 1
[INFO ][2015-11-04 15:09:17,394][com.java.TestType] [  456] -  str(2) = 4
[INFO ][2015-11-04 15:09:17,396][com.java.TestType] [  508] - row values are--------{1=com.java.Objects.TestDataDetails@113fbcd, 2=com.java.Objects.TestDataDetails@36ee92, 3=com.java.Objects.TestDataDetails@1ac3d0c, 4=com.java.Objects.TestDataDetails@14cbd69}
[INFO ][2015-11-04 15:09:17,396][com.java.TestType] [  456] -  str(1) = 1
[INFO ][2015-11-04 15:09:17,396][com.java.TestType] [  459] - Test case Id is---1
[INFO ][2015-11-04 15:09:17,396][com.java.TestType] [  461] - 1
[INFO ][2015-11-04 15:09:17,396][com.java.TestType] [  456] -  str(2) = 5
[INFO ][2015-11-04 15:09:17,397][com.java.TestType] [  508] - row values are--------{1=com.java.Objects.TestDataDetails@113fbcd, 2=com.java.Objects.TestDataDetails@36ee92, 3=com.java.Objects.TestDataDetails@1ac3d0c, 4=com.java.Objects.TestDataDetails@14cbd69, 5=com.java.Objects.TestDataDetails@ecb5eb}
[INFO ][2015-11-04 15:09:17,397][com.java.TestType] [  456] -  str(1) = 1
[INFO ][2015-11-04 15:09:17,397][com.java.TestType] [  459] - Test case Id is---1
[INFO ][2015-11-04 15:09:17,398][com.java.TestType] [  461] - 1
[INFO ][2015-11-04 15:09:17,398][com.java.TestType] [  456] -  str(2) = 6
[INFO ][2015-11-04 15:09:17,399][com.java.TestType] [  508] - row values are--------{1=com.java.Objects.TestDataDetails@113fbcd, 2=com.java.Objects.TestDataDetails@36ee92, 3=com.java.Objects.TestDataDetails@1ac3d0c, 4=com.java.Objects.TestDataDetails@14cbd69, 5=com.java.Objects.TestDataDetails@ecb5eb, 6=com.java.Objects.TestDataDetails@1827638}
[INFO ][2015-11-04 15:09:17,399][com.java.TestType] [  456] -  str(1) = 1
[INFO ][2015-11-04 15:09:17,399][com.java.TestType] [  459] - Test case Id is---1
[INFO ][2015-11-04 15:09:17,399][com.java.TestType] [  461] - 1
[INFO ][2015-11-04 15:09:17,399][com.java.TestType] [  456] -  str(2) = 7
[INFO ][2015-11-04 15:09:17,400][com.java.TestType] [  508] - row values are--------{1=com.java.Objects.TestDataDetails@113fbcd, 2=com.java.Objects.TestDataDetails@36ee92, 3=com.java.Objects.TestDataDetails@1ac3d0c, 4=com.java.Objects.TestDataDetails@14cbd69, 5=com.java.Objects.TestDataDetails@ecb5eb, 6=com.java.Objects.TestDataDetails@1827638, 7=com.java.Objects.TestDataDetails@22053a}
[INFO ][2015-11-04 15:09:17,400][com.java.TestType] [  456] -  str(1) = 1
[INFO ][2015-11-04 15:09:17,400][com.java.TestType] [  459] - Test case Id is---1
[INFO ][2015-11-04 15:09:17,400][com.java.TestType] [  461] - 1
[INFO ][2015-11-04 15:09:17,400][com.java.TestType] [  456] -  str(2) = 8
[INFO ][2015-11-04 15:09:17,401][com.java.TestType] [  508] - row values are--------{1=com.java.Objects.TestDataDetails@113fbcd, 2=com.java.Objects.TestDataDetails@36ee92, 3=com.java.Objects.TestDataDetails@1ac3d0c, 4=com.java.Objects.TestDataDetails@14cbd69, 5=com.java.Objects.TestDataDetails@ecb5eb, 6=com.java.Objects.TestDataDetails@1827638, 7=com.java.Objects.TestDataDetails@22053a, 8=com.java.Objects.TestDataDetails@1e02bc8}
[INFO ][2015-11-04 15:09:17,401][com.java.TestType] [  456] -  str(1) = 1
[INFO ][2015-11-04 15:09:17,401][com.java.TestType] [  459] - Test case Id is---1
[INFO ][2015-11-04 15:09:17,401][com.java.TestType] [  461] - 1
[INFO ][2015-11-04 15:09:17,402][com.java.TestType] [  456] -  str(2) = 9
[INFO ][2015-11-04 15:09:17,402][com.java.TestType] [  508] - row values are--------{1=com.java.Objects.TestDataDetails@113fbcd, 2=com.java.Objects.TestDataDetails@36ee92, 3=com.java.Objects.TestDataDetails@1ac3d0c, 4=com.java.Objects.TestDataDetails@14cbd69, 5=com.java.Objects.TestDataDetails@ecb5eb, 6=com.java.Objects.TestDataDetails@1827638, 7=com.java.Objects.TestDataDetails@22053a, 8=com.java.Objects.TestDataDetails@1e02bc8, 9=com.java.Objects.TestDataDetails@1961e2a}
[INFO ][2015-11-04 15:09:17,402][com.java.TestType] [  456] -  str(1) = 1
[INFO ][2015-11-04 15:09:17,403][com.java.TestType] [  459] - Test case Id is---1
[INFO ][2015-11-04 15:09:17,403][com.java.TestType] [  461] - 1
[INFO ][2015-11-04 15:09:17,403][com.java.TestType] [  456] -  str(2) = 10
[INFO ][2015-11-04 15:09:17,405][com.java.TestType] [  508] - row values are--------{1=com.java.Objects.TestDataDetails@113fbcd, 2=com.java.Objects.TestDataDetails@36ee92, 3=com.java.Objects.TestDataDetails@1ac3d0c, 4=com.java.Objects.TestDataDetails@14cbd69, 5=com.java.Objects.TestDataDetails@ecb5eb, 6=com.java.Objects.TestDataDetails@1827638, 7=com.java.Objects.TestDataDetails@22053a, 8=com.java.Objects.TestDataDetails@1e02bc8, 9=com.java.Objects.TestDataDetails@1961e2a, 10=com.java.Objects.TestDataDetails@11c7571}
[INFO ][2015-11-04 15:09:17,405][com.java.TestType] [  456] -  str(1) = 1
[INFO ][2015-11-04 15:09:17,405][com.java.TestType] [  459] - Test case Id is---1
[INFO ][2015-11-04 15:09:17,405][com.java.TestType] [  461] - 1
[INFO ][2015-11-04 15:09:17,406][com.java.TestType] [  456] -  str(2) = 11
[INFO ][2015-11-04 15:09:17,406][com.java.TestType] [  508] - row values are--------{1=com.java.Objects.TestDataDetails@113fbcd, 2=com.java.Objects.TestDataDetails@36ee92, 3=com.java.Objects.TestDataDetails@1ac3d0c, 4=com.java.Objects.TestDataDetails@14cbd69, 5=com.java.Objects.TestDataDetails@ecb5eb, 6=com.java.Objects.TestDataDetails@1827638, 7=com.java.Objects.TestDataDetails@22053a, 8=com.java.Objects.TestDataDetails@1e02bc8, 9=com.java.Objects.TestDataDetails@1961e2a, 10=com.java.Objects.TestDataDetails@11c7571, 11=com.java.Objects.TestDataDetails@a68bf1}
[INFO ][2015-11-04 15:09:17,406][com.java.TestType] [  456] -  str(1) = 1
[INFO ][2015-11-04 15:09:17,407][com.java.TestType] [  459] - Test case Id is---1
[INFO ][2015-11-04 15:09:17,407][com.java.TestType] [  461] - 1
[INFO ][2015-11-04 15:09:17,407][com.java.TestType] [  456] -  str(2) = 12
[INFO ][2015-11-04 15:09:17,407][com.java.TestType] [  508] - row values are--------{1=com.java.Objects.TestDataDetails@113fbcd, 2=com.java.Objects.TestDataDetails@36ee92, 3=com.java.Objects.TestDataDetails@1ac3d0c, 4=com.java.Objects.TestDataDetails@14cbd69, 5=com.java.Objects.TestDataDetails@ecb5eb, 6=com.java.Objects.TestDataDetails@1827638, 7=com.java.Objects.TestDataDetails@22053a, 8=com.java.Objects.TestDataDetails@1e02bc8, 9=com.java.Objects.TestDataDetails@1961e2a, 10=com.java.Objects.TestDataDetails@11c7571, 11=com.java.Objects.TestDataDetails@a68bf1, 12=com.java.Objects.TestDataDetails@d6e0e0}
[INFO ][2015-11-04 15:09:17,408][com.java.TestType] [  456] -  str(1) = 1
[INFO ][2015-11-04 15:09:17,408][com.java.TestType] [  459] - Test case Id is---1
[INFO ][2015-11-04 15:09:17,408][com.java.TestType] [  461] - 1
[INFO ][2015-11-04 15:09:17,408][com.java.TestType] [  456] -  str(2) = 13
[INFO ][2015-11-04 15:09:17,409][com.java.TestType] [  508] - row values are--------{1=com.java.Objects.TestDataDetails@113fbcd, 2=com.java.Objects.TestDataDetails@36ee92, 3=com.java.Objects.TestDataDetails@1ac3d0c, 4=com.java.Objects.TestDataDetails@14cbd69, 5=com.java.Objects.TestDataDetails@ecb5eb, 6=com.java.Objects.TestDataDetails@1827638, 7=com.java.Objects.TestDataDetails@22053a, 8=com.java.Objects.TestDataDetails@1e02bc8, 9=com.java.Objects.TestDataDetails@1961e2a, 10=com.java.Objects.TestDataDetails@11c7571, 11=com.java.Objects.TestDataDetails@a68bf1, 12=com.java.Objects.TestDataDetails@d6e0e0, 13=com.java.Objects.TestDataDetails@9156c3}
[INFO ][2015-11-04 15:09:17,409][com.java.TestType] [  456] -  str(1) = 1
[INFO ][2015-11-04 15:09:17,409][com.java.TestType] [  459] - Test case Id is---1
[INFO ][2015-11-04 15:09:17,409][com.java.TestType] [  461] - 1
[INFO ][2015-11-04 15:09:17,409][com.java.TestType] [  456] -  str(2) = 14
[INFO ][2015-11-04 15:09:17,410][com.java.TestType] [  508] - row values are--------{1=com.java.Objects.TestDataDetails@113fbcd, 2=com.java.Objects.TestDataDetails@36ee92, 3=com.java.Objects.TestDataDetails@1ac3d0c, 4=com.java.Objects.TestDataDetails@14cbd69, 5=com.java.Objects.TestDataDetails@ecb5eb, 6=com.java.Objects.TestDataDetails@1827638, 7=com.java.Objects.TestDataDetails@22053a, 8=com.java.Objects.TestDataDetails@1e02bc8, 9=com.java.Objects.TestDataDetails@1961e2a, 10=com.java.Objects.TestDataDetails@11c7571, 11=com.java.Objects.TestDataDetails@a68bf1, 12=com.java.Objects.TestDataDetails@d6e0e0, 13=com.java.Objects.TestDataDetails@9156c3, 14=com.java.Objects.TestDataDetails@62a8d2}
[INFO ][2015-11-04 15:09:17,410][com.java.TestType] [ 7899] - Looping 1TCID = 1
[DEBUG][2015-11-04 15:09:17,410][com.java.TestType] [ 7940] - Concept ID:1 :: Step being Executed: 1::1
[INFO ][2015-11-04 15:09:17,410][com.java.TestType] [ 7978] - dataFields : TXTusername
[DEBUG][2015-11-04 15:09:17,410][com.java.TestType] [ 7984] - <In Set values of the page>
[DEBUG][2015-11-04 15:09:17,410][com.java.TestType] [ 7989] - {Data Fields & Data Values Exist}
[INFO ][2015-11-04 15:09:17,410][com.java.TestType] [ 7995] - --------------------------setting values-----------------------------
[INFO ][2015-11-04 15:09:17,410][com.java.TestType] [ 7998] - Action Type : CLEARANDENTER
[INFO ][2015-11-04 15:09:17,410][com.java.TestType] [ 3750] - value = valuelabs.ie11.03890
[INFO ][2015-11-04 15:09:22,213][com.java.TestType] [ 8017] -  RESULT true
[INFO ][2015-11-04 15:09:22,214][com.java.TestType] [ 8134] - ?   P A S S   ?
[DEBUG][2015-11-04 15:09:22,214][com.java.TestType] [ 7940] - Concept ID:1 :: Step being Executed: 1::2
[INFO ][2015-11-04 15:09:22,214][com.java.TestType] [ 7978] - dataFields : TXTpassword
[DEBUG][2015-11-04 15:09:22,214][com.java.TestType] [ 7984] - <In Set values of the page>
[DEBUG][2015-11-04 15:09:22,214][com.java.TestType] [ 7989] - {Data Fields & Data Values Exist}
[INFO ][2015-11-04 15:09:22,214][com.java.TestType] [ 7995] - --------------------------setting values-----------------------------
[INFO ][2015-11-04 15:09:22,214][com.java.TestType] [ 7998] - Action Type : CLEARANDENTER
[INFO ][2015-11-04 15:09:22,215][com.java.TestType] [ 3750] - value = Password1*
[INFO ][2015-11-04 15:09:27,132][com.java.TestType] [ 8017] -  RESULT true
[INFO ][2015-11-04 15:09:27,132][com.java.TestType] [ 8134] - ?   P A S S   ?
[DEBUG][2015-11-04 15:09:27,132][com.java.TestType] [ 7940] - Concept ID:1 :: Step being Executed: 1::3
[ERROR][2015-11-04 15:09:27,132][com.java.TestType] [ 7973] - Exception: null
[INFO ][2015-11-04 15:09:27,132][com.java.TestType] [ 7978] - dataFields : XPH//button[@type='submit']
[DEBUG][2015-11-04 15:09:27,132][com.java.TestType] [ 7984] - <In Set values of the page>
[DEBUG][2015-11-04 15:09:27,132][com.java.TestType] [ 7989] - {Data Fields & Data Values Exist}
[INFO ][2015-11-04 15:09:27,132][com.java.TestType] [ 7995] - --------------------------setting values-----------------------------
[INFO ][2015-11-04 15:09:27,133][com.java.TestType] [ 7998] - Action Type : Click
[INFO ][2015-11-04 15:09:27,133][com.java.TestType] [ 4063] - Field ::XPH//button[@type='submit']
[INFO ][2015-11-04 15:09:28,133][com.java.TestType] [ 4122] - BEFORE CLICK
[INFO ][2015-11-04 15:09:40,507][com.java.TestType] [ 4130] - Unable to click the object Login
[INFO ][2015-11-04 15:09:40,507][com.java.TestType] [ 8017] -  RESULT true
[INFO ][2015-11-04 15:09:40,507][com.java.TestType] [ 8134] - ?   P A S S   ?
[DEBUG][2015-11-04 15:09:40,508][com.java.TestType] [ 7940] - Concept ID:1 :: Step being Executed: 1::4
[INFO ][2015-11-04 15:09:40,508][com.java.TestType] [ 7978] - dataFields : LNKLogout
[DEBUG][2015-11-04 15:09:40,508][com.java.TestType] [ 7984] - <In Set values of the page>
[DEBUG][2015-11-04 15:09:40,508][com.java.TestType] [ 7989] - {Data Fields & Data Values Exist}
[INFO ][2015-11-04 15:09:40,508][com.java.TestType] [ 7995] - --------------------------setting values-----------------------------
[INFO ][2015-11-04 15:09:40,508][com.java.TestType] [ 7998] - Action Type : WaitForElement
[INFO ][2015-11-04 15:09:40,543][com.java.TestType] [ 8017] -  RESULT true
[INFO ][2015-11-04 15:09:40,543][com.java.TestType] [ 8134] - ?   P A S S   ?
[DEBUG][2015-11-04 15:09:40,543][com.java.TestType] [ 7940] - Concept ID:1 :: Step being Executed: 1::13
[INFO ][2015-11-04 15:09:40,543][com.java.TestType] [ 7978] - dataFields : LNK
[DEBUG][2015-11-04 15:09:40,543][com.java.TestType] [ 7984] - <In Set values of the page>
[DEBUG][2015-11-04 15:09:40,544][com.java.TestType] [ 7989] - {Data Fields & Data Values Exist}
[INFO ][2015-11-04 15:09:40,544][com.java.TestType] [ 7995] - --------------------------setting values-----------------------------
[INFO ][2015-11-04 15:09:40,544][com.java.TestType] [ 7998] - Action Type : Verify
[INFO ][2015-11-04 15:09:40,544][com.java.TestType] [ 4876] - field= LNK value= Logout
[INFO ][2015-11-04 15:09:40,545][com.java.TestType] [ 3750] - value = Logout
[INFO ][2015-11-04 15:09:40,580][com.java.TestType] [ 8017] -  RESULT true
[INFO ][2015-11-04 15:09:40,580][com.java.TestType] [ 8134] - ?   P A S S   ?
[DEBUG][2015-11-04 15:09:40,580][com.java.TestType] [ 7940] - Concept ID:1 :: Step being Executed: 1::14
[INFO ][2015-11-04 15:09:40,580][com.java.TestType] [ 7978] - dataFields : BTN
[DEBUG][2015-11-04 15:09:40,580][com.java.TestType] [ 7984] - <In Set values of the page>
[DEBUG][2015-11-04 15:09:40,580][com.java.TestType] [ 7989] - {Data Fields & Data Values Exist}
[INFO ][2015-11-04 15:09:40,580][com.java.TestType] [ 7995] - --------------------------setting values-----------------------------
[INFO ][2015-11-04 15:09:40,580][com.java.TestType] [ 7998] - Action Type : Verify
[INFO ][2015-11-04 15:09:40,580][com.java.TestType] [ 4876] - field= BTN value= //img[contains(@src,'bdlogo.jpg')]
[INFO ][2015-11-04 15:09:40,581][com.java.TestType] [ 3750] - value = //img[contains(@src,'bdlogo.jpg')]
[INFO ][2015-11-04 15:09:40,613][com.java.TestType] [ 8017] -  RESULT true
[INFO ][2015-11-04 15:09:40,613][com.java.TestType] [ 8134] - ?   P A S S   ?
[INFO ][2015-11-04 15:09:40,613][com.java.TestType] [ 8205] - Looping End......
[INFO ][2015-11-04 15:09:40,617][com.java.SeleniumDriver] [  861] -  RESULT true
[INFO ][2015-11-04 15:09:40,617][com.java.SeleniumDriver] [ 1066] - ?   P A S S   ?
[INFO ][2015-11-04 15:09:40,617][com.java.SeleniumDriver] [  788] - ------------------------------------------
[INFO ][2015-11-04 15:09:40,617][com.java.SeleniumDriver] [  789] - Test case being Executed: 1
[INFO ][2015-11-04 15:09:40,619][com.java.SeleniumDriver] [  800] - Test step:2
[INFO ][2015-11-04 15:09:40,619][com.java.SeleniumDriver] [  812] - Datavalue is----------Concept#2:1-2
[INFO ][2015-11-04 15:09:40,619][com.java.SeleniumDriver] [  836] - DataField : test
[INFO ][2015-11-04 15:09:40,619][com.java.SeleniumDriver] [  838] - DataValue : Concept#2:1-2
[INFO ][2015-11-04 15:09:40,619][com.java.SeleniumDriver] [  844] - <In Set values of the page>
[INFO ][2015-11-04 15:09:40,619][com.java.SeleniumDriver] [  847] - {Data Fields & Data Values Exist}
[INFO ][2015-11-04 15:09:40,619][com.java.SeleniumDriver] [  849] - --------------------------setting values-----------------------------
[INFO ][2015-11-04 15:09:40,619][com.java.SeleniumDriver] [  852] - Action Type : ExecuteTestCase
[INFO ][2015-11-04 15:09:40,620][com.java.TestType] [  411] - The Concept sheet name is ---------- Concept
[INFO ][2015-11-04 15:09:40,620][com.java.TestType] [  414] - The Concept ID  is ---------- 2
[DEBUG][2015-11-04 15:09:40,620][com.java.TestType] [  418] - Steps being executted in the Concept are: 1:2
[INFO ][2015-11-04 15:09:40,620][com.java.TestType] [  425] - Test data details path ---------- D:\BankersDashboard\TestInputs\TestData.xls
[INFO ][2015-11-04 15:09:40,655][com.java.TestType] [  456] -  str(1) = 2
[INFO ][2015-11-04 15:09:40,656][com.java.TestType] [  459] - Test case Id is---2
[INFO ][2015-11-04 15:09:40,656][com.java.TestType] [  461] - 2
[INFO ][2015-11-04 15:09:40,656][com.java.TestType] [  456] -  str(2) = 1
[INFO ][2015-11-04 15:09:40,658][com.java.TestType] [  508] - row values are--------{1=com.java.Objects.TestDataDetails@138cf71}
[INFO ][2015-11-04 15:09:40,658][com.java.TestType] [  456] -  str(1) = 2
[INFO ][2015-11-04 15:09:40,658][com.java.TestType] [  459] - Test case Id is---2
[INFO ][2015-11-04 15:09:40,658][com.java.TestType] [  461] - 2
[INFO ][2015-11-04 15:09:40,659][com.java.TestType] [  456] -  str(2) = 2
[INFO ][2015-11-04 15:09:40,659][com.java.TestType] [  508] - row values are--------{1=com.java.Objects.TestDataDetails@138cf71, 2=com.java.Objects.TestDataDetails@155914a}
[INFO ][2015-11-04 15:09:40,659][com.java.TestType] [  456] -  str(1) = 2
[INFO ][2015-11-04 15:09:40,659][com.java.TestType] [  459] - Test case Id is---2
[INFO ][2015-11-04 15:09:40,659][com.java.TestType] [  461] - 2
[INFO ][2015-11-04 15:09:40,660][com.java.TestType] [  456] -  str(2) = 3
[INFO ][2015-11-04 15:09:40,661][com.java.TestType] [  508] - row values are--------{1=com.java.Objects.TestDataDetails@138cf71, 2=com.java.Objects.TestDataDetails@155914a, 3=com.java.Objects.TestDataDetails@dc4f9a}
[INFO ][2015-11-04 15:09:40,661][com.java.TestType] [ 7899] - Looping 1TCID = 2
[DEBUG][2015-11-04 15:09:40,661][com.java.TestType] [ 7940] - Concept ID:2 :: Step being Executed: 2::1
[INFO ][2015-11-04 15:09:40,661][com.java.TestType] [ 7978] - dataFields : BNK//select[@id='bank']
[DEBUG][2015-11-04 15:09:40,661][com.java.TestType] [ 7984] - <In Set values of the page>
[DEBUG][2015-11-04 15:09:40,661][com.java.TestType] [ 7989] - {Data Fields & Data Values Exist}
[INFO ][2015-11-04 15:09:40,661][com.java.TestType] [ 7995] - --------------------------setting values-----------------------------
[INFO ][2015-11-04 15:09:40,661][com.java.TestType] [ 7998] - Action Type : Select
[INFO ][2015-11-04 15:09:40,661][com.java.TestType] [ 3750] - value = PFC
[INFO ][2015-11-04 15:09:40,851][com.java.TestType] [ 8017] -  RESULT true
[INFO ][2015-11-04 15:09:40,851][com.java.TestType] [ 8134] - ?   P A S S   ?
[DEBUG][2015-11-04 15:09:40,851][com.java.TestType] [ 7940] - Concept ID:2 :: Step being Executed: 2::2
[INFO ][2015-11-04 15:09:40,851][com.java.TestType] [ 7978] - dataFields : LNKLogout
[DEBUG][2015-11-04 15:09:40,851][com.java.TestType] [ 7984] - <In Set values of the page>
[DEBUG][2015-11-04 15:09:40,851][com.java.TestType] [ 7989] - {Data Fields & Data Values Exist}
[INFO ][2015-11-04 15:09:40,851][com.java.TestType] [ 7995] - --------------------------setting values-----------------------------
[INFO ][2015-11-04 15:09:40,851][com.java.TestType] [ 7998] - Action Type : WaitTime
[DEBUG][2015-11-04 15:09:40,852][com.java.TestType] [ 3654] - sleepTime: 5000
[INFO ][2015-11-04 15:09:45,853][com.java.TestType] [ 8017] -  RESULT true
[INFO ][2015-11-04 15:09:45,853][com.java.TestType] [ 8134] - ?   P A S S   ?
[INFO ][2015-11-04 15:09:45,853][com.java.TestType] [ 8205] - Looping End......
[INFO ][2015-11-04 15:09:45,857][com.java.SeleniumDriver] [  861] -  RESULT true
[INFO ][2015-11-04 15:09:45,857][com.java.SeleniumDriver] [ 1066] - ?   P A S S   ?
[INFO ][2015-11-04 15:09:45,857][com.java.SeleniumDriver] [  788] - ------------------------------------------
[INFO ][2015-11-04 15:09:45,857][com.java.SeleniumDriver] [  789] - Test case being Executed: 1
[INFO ][2015-11-04 15:09:45,857][com.java.SeleniumDriver] [  800] - Test step:3
[INFO ][2015-11-04 15:09:45,857][com.java.SeleniumDriver] [  812] - Datavalue is----------2
[INFO ][2015-11-04 15:09:45,857][com.java.SeleniumDriver] [  836] - DataField : XPH//button[contains(text(),'Add Content')]
[INFO ][2015-11-04 15:09:45,859][com.java.SeleniumDriver] [  838] - DataValue : 2
[INFO ][2015-11-04 15:09:45,859][com.java.SeleniumDriver] [  844] - <In Set values of the page>
[INFO ][2015-11-04 15:09:45,859][com.java.SeleniumDriver] [  847] - {Data Fields & Data Values Exist}
[INFO ][2015-11-04 15:09:45,859][com.java.SeleniumDriver] [  849] - --------------------------setting values-----------------------------
[INFO ][2015-11-04 15:09:45,859][com.java.SeleniumDriver] [  852] - Action Type : WAITFORELEMENT
[INFO ][2015-11-04 15:09:45,902][com.java.SeleniumDriver] [  861] -  RESULT true
[INFO ][2015-11-04 15:09:45,902][com.java.SeleniumDriver] [ 1066] - ?   P A S S   ?
[DEBUG][2015-11-04 15:09:45,902][com.java.SeleniumDriver] [ 1168] - Case found
[DEBUG][2015-11-04 15:09:45,902][com.java.SeleniumDriver] [ 1173] - Incrementing ReportCounters[0]:1
[INFO ][2015-11-04 15:09:45,902][com.java.SeleniumDriver] [ 1192] - The results are-------------------[1, 1, Valid Login, Pass, , Wed Nov 04 15:09:40 IST 2015, 1, 2, Valid Login, Pass, , Wed Nov 04 15:09:45 IST 2015, 1, 3, Valid Login, Pass, , Wed Nov 04 15:09:45 IST 2015]
[INFO ][2015-11-04 15:09:45,902][com.java.SeleniumDriver] [ 1196] - End time is-------53 sec
[INFO ][2015-11-04 15:09:45,902][com.java.SeleniumDriver] [ 1197] - The results are-------------------[1, 1, Valid Login, Pass, , Wed Nov 04 15:09:40 IST 2015, 1, 2, Valid Login, Pass, , Wed Nov 04 15:09:45 IST 2015, 1, 3, Valid Login, Pass, , Wed Nov 04 15:09:45 IST 2015]
[DEBUG][2015-11-04 15:09:45,902][com.java.ImportnExport.ExportTestResultsExcel] [  222] - testResultPath = D:\BankersDashboard/TestReports/Test Results_BankersDashBoard_110415_150854_IE11_Simmons First National Bank.xls
[DEBUG][2015-11-04 15:09:45,902][com.java.ImportnExport.ExportTestResultsExcel] [  223] - browser is------------IE11
[DEBUG][2015-11-04 15:09:45,945][com.java.ImportnExport.ExportTestResultsExcel] [  270] - result.size() = 18
[DEBUG][2015-11-04 15:09:45,946][com.java.ImportnExport.ExportTestResultsExcel] [  274] - No of rows in sheet=1
[DEBUG][2015-11-04 15:09:45,946][com.java.ImportnExport.ExportTestResultsExcel] [  301] - ..in export..1
[DEBUG][2015-11-04 15:09:45,946][com.java.ImportnExport.ExportTestResultsExcel] [  301] - ..in export..Valid Login
[DEBUG][2015-11-04 15:09:45,946][com.java.ImportnExport.ExportTestResultsExcel] [  301] - ..in export..Pass
[DEBUG][2015-11-04 15:09:45,946][com.java.ImportnExport.ExportTestResultsExcel] [  301] - ..in export..
[DEBUG][2015-11-04 15:09:45,946][com.java.ImportnExport.ExportTestResultsExcel] [  301] - ..in export..Wed Nov 04 15:09:40 IST 2015
[INFO ][2015-11-04 15:09:45,948][com.java.SeleniumDriver] [ 1255] - out loop:0 size:2 TestCases:[1, 7] testcases:[1, 7]
[INFO ][2015-11-04 15:09:45,948][com.java.ImportnExport.ImportTestDataDetailsExcel] [   49] - test data details path===== D:\BankersDashboard\TestInputs\TestData.xls
[INFO ][2015-11-04 15:10:40,180][com.java.SeleniumDriver] [  788] - ------------------------------------------
[INFO ][2015-11-04 15:10:40,180][com.java.SeleniumDriver] [  789] - Test case being Executed: 7
[INFO ][2015-11-04 15:10:40,180][com.java.SeleniumDriver] [  800] - Test step:1
[INFO ][2015-11-04 15:10:40,180][com.java.SeleniumDriver] [  812] - Datavalue is----------Logout
[INFO ][2015-11-04 15:10:40,180][com.java.SeleniumDriver] [  836] - DataField : BTN
[INFO ][2015-11-04 15:10:40,180][com.java.SeleniumDriver] [  838] - DataValue : Logout
[INFO ][2015-11-04 15:10:40,180][com.java.SeleniumDriver] [  844] - <In Set values of the page>
[INFO ][2015-11-04 15:10:40,180][com.java.SeleniumDriver] [  847] - {Data Fields & Data Values Exist}
[INFO ][2015-11-04 15:10:40,180][com.java.SeleniumDriver] [  849] - --------------------------setting values-----------------------------
[INFO ][2015-11-04 15:10:40,180][com.java.SeleniumDriver] [  852] - Action Type : Verify
[INFO ][2015-11-04 15:10:40,180][com.java.TestType] [ 4876] - field= BTN value= Logout
[INFO ][2015-11-04 15:10:40,181][com.java.TestType] [ 3750] - value = Logout
[INFO ][2015-11-04 15:10:40,213][com.java.SeleniumDriver] [  861] -  RESULT true
[INFO ][2015-11-04 15:10:40,213][com.java.SeleniumDriver] [ 1066] - ?   P A S S   ?
[INFO ][2015-11-04 15:10:40,213][com.java.SeleniumDriver] [ 1108] - step change to 3
[INFO ][2015-11-04 15:10:40,213][com.java.SeleniumDriver] [  788] - ------------------------------------------
[INFO ][2015-11-04 15:10:40,213][com.java.SeleniumDriver] [  789] - Test case being Executed: 7
[INFO ][2015-11-04 15:10:40,213][com.java.SeleniumDriver] [  800] - Test step:3
[INFO ][2015-11-04 15:10:40,213][com.java.SeleniumDriver] [  812] - Datavalue is----------Concept#2:1-2
[INFO ][2015-11-04 15:10:40,214][com.java.SeleniumDriver] [  836] - DataField : test
[INFO ][2015-11-04 15:10:40,214][com.java.SeleniumDriver] [  838] - DataValue : Concept#2:1-2
[INFO ][2015-11-04 15:10:40,214][com.java.SeleniumDriver] [  844] - <In Set values of the page>
[INFO ][2015-11-04 15:10:40,214][com.java.SeleniumDriver] [  847] - {Data Fields & Data Values Exist}
[INFO ][2015-11-04 15:10:40,214][com.java.SeleniumDriver] [  849] - --------------------------setting values-----------------------------
[INFO ][2015-11-04 15:10:40,214][com.java.SeleniumDriver] [  852] - Action Type : ExecuteTestCase
[INFO ][2015-11-04 15:10:40,214][com.java.TestType] [  411] - The Concept sheet name is ---------- Concept
[INFO ][2015-11-04 15:10:40,214][com.java.TestType] [  414] - The Concept ID  is ---------- 2
[DEBUG][2015-11-04 15:10:40,214][com.java.TestType] [  418] - Steps being executted in the Concept are: 1:2
[INFO ][2015-11-04 15:10:40,214][com.java.TestType] [  425] - Test data details path ---------- D:\BankersDashboard\TestInputs\TestData.xls
[INFO ][2015-11-04 15:10:40,244][com.java.TestType] [  456] -  str(1) = 2
[INFO ][2015-11-04 15:10:40,244][com.java.TestType] [  459] - Test case Id is---2
[INFO ][2015-11-04 15:10:40,244][com.java.TestType] [  461] - 2
[INFO ][2015-11-04 15:10:40,244][com.java.TestType] [  456] -  str(2) = 1
[INFO ][2015-11-04 15:10:40,246][com.java.TestType] [  508] - row values are--------{1=com.java.Objects.TestDataDetails@1b1807d}
[INFO ][2015-11-04 15:10:40,246][com.java.TestType] [  456] -  str(1) = 2
[INFO ][2015-11-04 15:10:40,246][com.java.TestType] [  459] - Test case Id is---2
[INFO ][2015-11-04 15:10:40,246][com.java.TestType] [  461] - 2
[INFO ][2015-11-04 15:10:40,246][com.java.TestType] [  456] -  str(2) = 2
[INFO ][2015-11-04 15:10:40,247][com.java.TestType] [  508] - row values are--------{1=com.java.Objects.TestDataDetails@1b1807d, 2=com.java.Objects.TestDataDetails@1d3da65}
[INFO ][2015-11-04 15:10:40,247][com.java.TestType] [  456] -  str(1) = 2
[INFO ][2015-11-04 15:10:40,247][com.java.TestType] [  459] - Test case Id is---2
[INFO ][2015-11-04 15:10:40,247][com.java.TestType] [  461] - 2
[INFO ][2015-11-04 15:10:40,247][com.java.TestType] [  456] -  str(2) = 3
[INFO ][2015-11-04 15:10:40,248][com.java.TestType] [  508] - row values are--------{1=com.java.Objects.TestDataDetails@1b1807d, 2=com.java.Objects.TestDataDetails@1d3da65, 3=com.java.Objects.TestDataDetails@841173}
[INFO ][2015-11-04 15:10:40,248][com.java.TestType] [ 7899] - Looping 1TCID = 2
[DEBUG][2015-11-04 15:10:40,248][com.java.TestType] [ 7940] - Concept ID:2 :: Step being Executed: 2::1
[INFO ][2015-11-04 15:10:40,248][com.java.TestType] [ 7978] - dataFields : BNK//select[@id='bank']
[DEBUG][2015-11-04 15:10:40,248][com.java.TestType] [ 7984] - <In Set values of the page>
[DEBUG][2015-11-04 15:10:40,248][com.java.TestType] [ 7989] - {Data Fields & Data Values Exist}
[INFO ][2015-11-04 15:10:40,248][com.java.TestType] [ 7995] - --------------------------setting values-----------------------------
[INFO ][2015-11-04 15:10:40,248][com.java.TestType] [ 7998] - Action Type : Select
[INFO ][2015-11-04 15:10:40,248][com.java.TestType] [ 3750] - value = PFC
[INFO ][2015-11-04 15:10:40,444][com.java.TestType] [ 8017] -  RESULT true
[INFO ][2015-11-04 15:10:40,445][com.java.TestType] [ 8134] - ?   P A S S   ?
[DEBUG][2015-11-04 15:10:40,445][com.java.TestType] [ 7940] - Concept ID:2 :: Step being Executed: 2::2
[INFO ][2015-11-04 15:10:40,445][com.java.TestType] [ 7978] - dataFields : LNKLogout
[DEBUG][2015-11-04 15:10:40,445][com.java.TestType] [ 7984] - <In Set values of the page>
[DEBUG][2015-11-04 15:10:40,445][com.java.TestType] [ 7989] - {Data Fields & Data Values Exist}
[INFO ][2015-11-04 15:10:40,445][com.java.TestType] [ 7995] - --------------------------setting values-----------------------------
[INFO ][2015-11-04 15:10:40,445][com.java.TestType] [ 7998] - Action Type : WaitTime
[DEBUG][2015-11-04 15:10:40,445][com.java.TestType] [ 3654] - sleepTime: 5000
[INFO ][2015-11-04 15:10:45,446][com.java.TestType] [ 8017] -  RESULT true
[INFO ][2015-11-04 15:10:45,446][com.java.TestType] [ 8134] - ?   P A S S   ?
[INFO ][2015-11-04 15:10:45,446][com.java.TestType] [ 8205] - Looping End......
[INFO ][2015-11-04 15:10:45,450][com.java.SeleniumDriver] [  861] -  RESULT true
[INFO ][2015-11-04 15:10:45,450][com.java.SeleniumDriver] [ 1066] - ?   P A S S   ?
[INFO ][2015-11-04 15:10:45,450][com.java.SeleniumDriver] [  788] - ------------------------------------------
[INFO ][2015-11-04 15:10:45,450][com.java.SeleniumDriver] [  789] - Test case being Executed: 7
[INFO ][2015-11-04 15:10:45,450][com.java.SeleniumDriver] [  800] - Test step:4
[INFO ][2015-11-04 15:10:45,450][com.java.SeleniumDriver] [  812] - Datavalue is----------null
[DEBUG][2015-11-04 15:10:45,450][com.java.SeleniumDriver] [  830] - Exception: null
[INFO ][2015-11-04 15:10:45,451][com.java.SeleniumDriver] [  836] - DataField : //span[@class='icon-user4']&&Users&&Manage Users
[INFO ][2015-11-04 15:10:45,451][com.java.SeleniumDriver] [  838] - DataValue : 
[INFO ][2015-11-04 15:10:45,451][com.java.SeleniumDriver] [  844] - <In Set values of the page>
[INFO ][2015-11-04 15:10:45,451][com.java.SeleniumDriver] [  847] - {Data Fields & Data Values Exist}
[INFO ][2015-11-04 15:10:45,451][com.java.SeleniumDriver] [  849] - --------------------------setting values-----------------------------
[INFO ][2015-11-04 15:10:45,451][com.java.SeleniumDriver] [  852] - Action Type : MouseOver
[INFO ][2015-11-04 15:11:10,711][com.java.SeleniumDriver] [  861] -  RESULT true
[INFO ][2015-11-04 15:11:10,711][com.java.SeleniumDriver] [ 1066] - ?   P A S S   ?
[INFO ][2015-11-04 15:11:10,711][com.java.SeleniumDriver] [  788] - ------------------------------------------
[INFO ][2015-11-04 15:11:10,711][com.java.SeleniumDriver] [  789] - Test case being Executed: 7
[INFO ][2015-11-04 15:11:10,711][com.java.SeleniumDriver] [  800] - Test step:5
[INFO ][2015-11-04 15:11:10,711][com.java.SeleniumDriver] [  812] - Datavalue is----------1
[INFO ][2015-11-04 15:11:10,711][com.java.SeleniumDriver] [  836] - DataField : BTNframeDialogContent
[INFO ][2015-11-04 15:11:10,711][com.java.SeleniumDriver] [  838] - DataValue : 1
[INFO ][2015-11-04 15:11:10,711][com.java.SeleniumDriver] [  844] - <In Set values of the page>
[INFO ][2015-11-04 15:11:10,711][com.java.SeleniumDriver] [  847] - {Data Fields & Data Values Exist}
[INFO ][2015-11-04 15:11:10,711][com.java.SeleniumDriver] [  849] - --------------------------setting values-----------------------------
[INFO ][2015-11-04 15:11:10,711][com.java.SeleniumDriver] [  852] - Action Type : WaitForElement
[INFO ][2015-11-04 15:11:11,923][com.java.SeleniumDriver] [  861] -  RESULT true
[INFO ][2015-11-04 15:11:11,923][com.java.SeleniumDriver] [ 1066] - ?   P A S S   ?
[INFO ][2015-11-04 15:11:11,923][com.java.SeleniumDriver] [  788] - ------------------------------------------
[INFO ][2015-11-04 15:11:11,923][com.java.SeleniumDriver] [  789] - Test case being Executed: 7
[INFO ][2015-11-04 15:11:11,923][com.java.SeleniumDriver] [  800] - Test step:6
[INFO ][2015-11-04 15:11:11,923][com.java.SeleniumDriver] [  812] - Datavalue is----------null
[DEBUG][2015-11-04 15:11:11,923][com.java.SeleniumDriver] [  830] - Exception: null
[INFO ][2015-11-04 15:11:11,925][com.java.SeleniumDriver] [  836] - DataField : BTNframeDialogContent
[INFO ][2015-11-04 15:11:11,925][com.java.SeleniumDriver] [  838] - DataValue : 
[INFO ][2015-11-04 15:11:11,925][com.java.SeleniumDriver] [  844] - <In Set values of the page>
[INFO ][2015-11-04 15:11:11,925][com.java.SeleniumDriver] [  847] - {Data Fields & Data Values Exist}
[INFO ][2015-11-04 15:11:11,925][com.java.SeleniumDriver] [  849] - --------------------------setting values-----------------------------
[INFO ][2015-11-04 15:11:11,925][com.java.SeleniumDriver] [  852] - Action Type : SelectFrame
[INFO ][2015-11-04 15:11:13,185][com.java.SeleniumDriver] [  861] -  RESULT true
[INFO ][2015-11-04 15:11:13,186][com.java.SeleniumDriver] [ 1066] - ?   P A S S   ?
[INFO ][2015-11-04 15:11:13,186][com.java.SeleniumDriver] [  788] - ------------------------------------------
[INFO ][2015-11-04 15:11:13,186][com.java.SeleniumDriver] [  789] - Test case being Executed: 7
[INFO ][2015-11-04 15:11:13,186][com.java.SeleniumDriver] [  800] - Test step:7
[INFO ][2015-11-04 15:11:13,186][com.java.SeleniumDriver] [  812] - Datavalue is----------1
[INFO ][2015-11-04 15:11:13,186][com.java.SeleniumDriver] [  836] - DataField : BTNbtnAddUser
[INFO ][2015-11-04 15:11:13,186][com.java.SeleniumDriver] [  838] - DataValue : 1
[INFO ][2015-11-04 15:11:13,186][com.java.SeleniumDriver] [  844] - <In Set values of the page>
[INFO ][2015-11-04 15:11:13,186][com.java.SeleniumDriver] [  847] - {Data Fields & Data Values Exist}
[INFO ][2015-11-04 15:11:13,186][com.java.SeleniumDriver] [  849] - --------------------------setting values-----------------------------
[INFO ][2015-11-04 15:11:13,186][com.java.SeleniumDriver] [  852] - Action Type : WaitForElement
[INFO ][2015-11-04 15:11:15,021][com.java.SeleniumDriver] [  861] -  RESULT true
[INFO ][2015-11-04 15:11:15,021][com.java.SeleniumDriver] [ 1066] - ?   P A S S   ?
[INFO ][2015-11-04 15:11:15,021][com.java.SeleniumDriver] [  788] - ------------------------------------------
[INFO ][2015-11-04 15:11:15,021][com.java.SeleniumDriver] [  789] - Test case being Executed: 7
[INFO ][2015-11-04 15:11:15,021][com.java.SeleniumDriver] [  800] - Test step:8
[INFO ][2015-11-04 15:11:15,021][com.java.SeleniumDriver] [  812] - Datavalue is----------null
[DEBUG][2015-11-04 15:11:15,022][com.java.SeleniumDriver] [  830] - Exception: null
[INFO ][2015-11-04 15:11:15,022][com.java.SeleniumDriver] [  836] - DataField : BTNbtnAddUser
[INFO ][2015-11-04 15:11:15,022][com.java.SeleniumDriver] [  838] - DataValue : 
[INFO ][2015-11-04 15:11:15,022][com.java.SeleniumDriver] [  844] - <In Set values of the page>
[INFO ][2015-11-04 15:11:15,022][com.java.SeleniumDriver] [  847] - {Data Fields & Data Values Exist}
[INFO ][2015-11-04 15:11:15,022][com.java.SeleniumDriver] [  849] - --------------------------setting values-----------------------------
[INFO ][2015-11-04 15:11:15,022][com.java.SeleniumDriver] [  852] - Action Type : Click
[INFO ][2015-11-04 15:11:15,022][com.java.TestType] [ 4063] - Field ::BTNbtnAddUser
[INFO ][2015-11-04 15:11:16,022][com.java.TestType] [ 4101] - BEFORE CLICK
[INFO ][2015-11-04 15:11:18,041][com.java.TestType] [ 4108] - Unable to click the object Add user button
[INFO ][2015-11-04 15:11:18,041][com.java.SeleniumDriver] [  861] -  RESULT true
[INFO ][2015-11-04 15:11:18,041][com.java.SeleniumDriver] [ 1066] - ?   P A S S   ?
[INFO ][2015-11-04 15:11:18,041][com.java.SeleniumDriver] [  788] - ------------------------------------------
[INFO ][2015-11-04 15:11:18,041][com.java.SeleniumDriver] [  789] - Test case being Executed: 7
[INFO ][2015-11-04 15:11:18,041][com.java.SeleniumDriver] [  800] - Test step:9
[INFO ][2015-11-04 15:11:18,041][com.java.SeleniumDriver] [  812] - Datavalue is----------1
[INFO ][2015-11-04 15:11:18,041][com.java.SeleniumDriver] [  836] - DataField : BTNtxtUserName
[INFO ][2015-11-04 15:11:18,041][com.java.SeleniumDriver] [  838] - DataValue : 1
[INFO ][2015-11-04 15:11:18,041][com.java.SeleniumDriver] [  844] - <In Set values of the page>
[INFO ][2015-11-04 15:11:18,041][com.java.SeleniumDriver] [  847] - {Data Fields & Data Values Exist}
[INFO ][2015-11-04 15:11:18,041][com.java.SeleniumDriver] [  849] - --------------------------setting values-----------------------------
[INFO ][2015-11-04 15:11:18,041][com.java.SeleniumDriver] [  852] - Action Type : WaitForElement
[INFO ][2015-11-04 15:11:34,980][com.java.SeleniumDriver] [  861] -  RESULT true
[INFO ][2015-11-04 15:11:34,980][com.java.SeleniumDriver] [ 1066] - ?   P A S S   ?
[INFO ][2015-11-04 15:11:34,980][com.java.SeleniumDriver] [  788] - ------------------------------------------
[INFO ][2015-11-04 15:11:34,980][com.java.SeleniumDriver] [  789] - Test case being Executed: 7
[INFO ][2015-11-04 15:11:34,980][com.java.SeleniumDriver] [  800] - Test step:10
[INFO ][2015-11-04 15:11:34,981][com.java.SeleniumDriver] [  812] - Datavalue is----------dt:NewUserName
[INFO ][2015-11-04 15:11:34,981][com.java.SeleniumDriver] [  836] - DataField : TXTtxtUserName
[INFO ][2015-11-04 15:11:34,981][com.java.SeleniumDriver] [  838] - DataValue : dt:NewUserName
[INFO ][2015-11-04 15:11:34,981][com.java.SeleniumDriver] [  844] - <In Set values of the page>
[INFO ][2015-11-04 15:11:34,981][com.java.SeleniumDriver] [  847] - {Data Fields & Data Values Exist}
[INFO ][2015-11-04 15:11:34,981][com.java.SeleniumDriver] [  849] - --------------------------setting values-----------------------------
[INFO ][2015-11-04 15:11:34,981][com.java.SeleniumDriver] [  852] - Action Type : Enter
[INFO ][2015-11-04 15:11:34,982][com.java.TestType] [ 4383] - field = txtUserName
[INFO ][2015-11-04 15:11:34,982][com.java.TestType] [ 3750] - value = vltest.robot
[INFO ][2015-11-04 15:11:37,727][com.java.SeleniumDriver] [  861] -  RESULT true
[INFO ][2015-11-04 15:11:37,727][com.java.SeleniumDriver] [ 1066] - ?   P A S S   ?
[INFO ][2015-11-04 15:11:37,727][com.java.SeleniumDriver] [  788] - ------------------------------------------
[INFO ][2015-11-04 15:11:37,727][com.java.SeleniumDriver] [  789] - Test case being Executed: 7
[INFO ][2015-11-04 15:11:37,727][com.java.SeleniumDriver] [  800] - Test step:11
[INFO ][2015-11-04 15:11:37,727][com.java.SeleniumDriver] [  812] - Datavalue is----------VLTest
[INFO ][2015-11-04 15:11:37,728][com.java.SeleniumDriver] [  836] - DataField : TXTtxtFirstName
[INFO ][2015-11-04 15:11:37,728][com.java.SeleniumDriver] [  838] - DataValue : VLTest
[INFO ][2015-11-04 15:11:37,728][com.java.SeleniumDriver] [  844] - <In Set values of the page>
[INFO ][2015-11-04 15:11:37,728][com.java.SeleniumDriver] [  847] - {Data Fields & Data Values Exist}
[INFO ][2015-11-04 15:11:37,728][com.java.SeleniumDriver] [  849] - --------------------------setting values-----------------------------
[INFO ][2015-11-04 15:11:37,728][com.java.SeleniumDriver] [  852] - Action Type : Enter
[INFO ][2015-11-04 15:11:37,728][com.java.TestType] [ 4383] - field = txtFirstName
[INFO ][2015-11-04 15:11:37,728][com.java.TestType] [ 3750] - value = VLTest
[INFO ][2015-11-04 15:11:40,742][com.java.SeleniumDriver] [  861] -  RESULT true
[INFO ][2015-11-04 15:11:40,742][com.java.SeleniumDriver] [ 1066] - ?   P A S S   ?
[INFO ][2015-11-04 15:11:40,742][com.java.SeleniumDriver] [  788] - ------------------------------------------
[INFO ][2015-11-04 15:11:40,742][com.java.SeleniumDriver] [  789] - Test case being Executed: 7
[INFO ][2015-11-04 15:11:40,742][com.java.SeleniumDriver] [  800] - Test step:12
[INFO ][2015-11-04 15:11:40,742][com.java.SeleniumDriver] [  812] - Datavalue is----------Robot
[INFO ][2015-11-04 15:11:40,742][com.java.SeleniumDriver] [  836] - DataField : TXTtxtLastName
[INFO ][2015-11-04 15:11:40,742][com.java.SeleniumDriver] [  838] - DataValue : Robot
[INFO ][2015-11-04 15:11:40,742][com.java.SeleniumDriver] [  844] - <In Set values of the page>
[INFO ][2015-11-04 15:11:40,742][com.java.SeleniumDriver] [  847] - {Data Fields & Data Values Exist}
[INFO ][2015-11-04 15:11:40,742][com.java.SeleniumDriver] [  849] - --------------------------setting values-----------------------------
[INFO ][2015-11-04 15:11:40,742][com.java.SeleniumDriver] [  852] - Action Type : Enter
[INFO ][2015-11-04 15:11:40,743][com.java.TestType] [ 4383] - field = txtLastName
[INFO ][2015-11-04 15:11:40,743][com.java.TestType] [ 3750] - value = Robot
[INFO ][2015-11-04 15:11:43,556][com.java.SeleniumDriver] [  861] -  RESULT true
[INFO ][2015-11-04 15:11:43,556][com.java.SeleniumDriver] [ 1066] - ?   P A S S   ?
[INFO ][2015-11-04 15:11:43,556][com.java.SeleniumDriver] [  788] - ------------------------------------------
[INFO ][2015-11-04 15:11:43,556][com.java.SeleniumDriver] [  789] - Test case being Executed: 7
[INFO ][2015-11-04 15:11:43,556][com.java.SeleniumDriver] [  800] - Test step:13
[INFO ][2015-11-04 15:11:43,556][com.java.SeleniumDriver] [  812] - Datavalue is----------ValueLabs
[INFO ][2015-11-04 15:11:43,556][com.java.SeleniumDriver] [  836] - DataField : TXTtxtCompany
[INFO ][2015-11-04 15:11:43,556][com.java.SeleniumDriver] [  838] - DataValue : ValueLabs
[INFO ][2015-11-04 15:11:43,556][com.java.SeleniumDriver] [  844] - <In Set values of the page>
[INFO ][2015-11-04 15:11:43,556][com.java.SeleniumDriver] [  847] - {Data Fields & Data Values Exist}
[INFO ][2015-11-04 15:11:43,556][com.java.SeleniumDriver] [  849] - --------------------------setting values-----------------------------
[INFO ][2015-11-04 15:11:43,557][com.java.SeleniumDriver] [  852] - Action Type : Enter
[INFO ][2015-11-04 15:11:43,557][com.java.TestType] [ 4383] - field = txtCompany
[INFO ][2015-11-04 15:11:43,557][com.java.TestType] [ 3750] - value = ValueLabs
[INFO ][2015-11-04 15:11:46,496][com.java.SeleniumDriver] [  861] -  RESULT true
[INFO ][2015-11-04 15:11:46,496][com.java.SeleniumDriver] [ 1066] - ?   P A S S   ?
[INFO ][2015-11-04 15:11:46,496][com.java.SeleniumDriver] [  788] - ------------------------------------------
[INFO ][2015-11-04 15:11:46,496][com.java.SeleniumDriver] [  789] - Test case being Executed: 7
[INFO ][2015-11-04 15:11:46,496][com.java.SeleniumDriver] [  800] - Test step:14
[INFO ][2015-11-04 15:11:46,496][com.java.SeleniumDriver] [  812] - Datavalue is----------India
[INFO ][2015-11-04 15:11:46,496][com.java.SeleniumDriver] [  836] - DataField : TXTtxtLocation
[INFO ][2015-11-04 15:11:46,496][com.java.SeleniumDriver] [  838] - DataValue : India
[INFO ][2015-11-04 15:11:46,496][com.java.SeleniumDriver] [  844] - <In Set values of the page>
[INFO ][2015-11-04 15:11:46,496][com.java.SeleniumDriver] [  847] - {Data Fields & Data Values Exist}
[INFO ][2015-11-04 15:11:46,496][com.java.SeleniumDriver] [  849] - --------------------------setting values-----------------------------
[INFO ][2015-11-04 15:11:46,496][com.java.SeleniumDriver] [  852] - Action Type : Enter
[INFO ][2015-11-04 15:11:46,497][com.java.TestType] [ 4383] - field = txtLocation
[INFO ][2015-11-04 15:11:46,497][com.java.TestType] [ 3750] - value = India
[INFO ][2015-11-04 15:11:49,289][com.java.SeleniumDriver] [  861] -  RESULT true
[INFO ][2015-11-04 15:11:49,289][com.java.SeleniumDriver] [ 1066] - ?   P A S S   ?
[INFO ][2015-11-04 15:11:49,289][com.java.SeleniumDriver] [  788] - ------------------------------------------
[INFO ][2015-11-04 15:11:49,289][com.java.SeleniumDriver] [  789] - Test case being Executed: 7
[INFO ][2015-11-04 15:11:49,289][com.java.SeleniumDriver] [  800] - Test step:15
[INFO ][2015-11-04 15:11:49,289][com.java.SeleniumDriver] [  812] - Datavalue is----------vltest.robot@valuelabs.com
[INFO ][2015-11-04 15:11:49,289][com.java.SeleniumDriver] [  836] - DataField : TXTtxtEMail
[INFO ][2015-11-04 15:11:49,289][com.java.SeleniumDriver] [  838] - DataValue : vltest.robot@valuelabs.com
[INFO ][2015-11-04 15:11:49,290][com.java.SeleniumDriver] [  844] - <In Set values of the page>
[INFO ][2015-11-04 15:11:49,290][com.java.SeleniumDriver] [  847] - {Data Fields & Data Values Exist}
[INFO ][2015-11-04 15:11:49,290][com.java.SeleniumDriver] [  849] - --------------------------setting values-----------------------------
[INFO ][2015-11-04 15:11:49,290][com.java.SeleniumDriver] [  852] - Action Type : Enter
[INFO ][2015-11-04 15:11:49,290][com.java.TestType] [ 4383] - field = txtEMail
[INFO ][2015-11-04 15:11:49,290][com.java.TestType] [ 3750] - value = vltest.robot@valuelabs.com
[INFO ][2015-11-04 15:11:52,204][com.java.SeleniumDriver] [  861] -  RESULT true
[INFO ][2015-11-04 15:11:52,204][com.java.SeleniumDriver] [ 1066] - ?   P A S S   ?
[INFO ][2015-11-04 15:11:52,205][com.java.SeleniumDriver] [  788] - ------------------------------------------
[INFO ][2015-11-04 15:11:52,205][com.java.SeleniumDriver] [  789] - Test case being Executed: 7
[INFO ][2015-11-04 15:11:52,205][com.java.SeleniumDriver] [  800] - Test step:16
[INFO ][2015-11-04 15:11:52,205][com.java.SeleniumDriver] [  812] - Datavalue is----------12345678901
[INFO ][2015-11-04 15:11:52,205][com.java.SeleniumDriver] [  836] - DataField : TXTtxtPhone
[INFO ][2015-11-04 15:11:52,205][com.java.SeleniumDriver] [  838] - DataValue : 12345678901
[INFO ][2015-11-04 15:11:52,205][com.java.SeleniumDriver] [  844] - <In Set values of the page>
[INFO ][2015-11-04 15:11:52,205][com.java.SeleniumDriver] [  847] - {Data Fields & Data Values Exist}
[INFO ][2015-11-04 15:11:52,205][com.java.SeleniumDriver] [  849] - --------------------------setting values-----------------------------
[INFO ][2015-11-04 15:11:52,205][com.java.SeleniumDriver] [  852] - Action Type : Enter
[INFO ][2015-11-04 15:11:52,205][com.java.TestType] [ 4383] - field = txtPhone
[INFO ][2015-11-04 15:11:52,205][com.java.TestType] [ 3750] - value = 12345678901
[INFO ][2015-11-04 15:11:54,951][com.java.SeleniumDriver] [  861] -  RESULT true
[INFO ][2015-11-04 15:11:54,951][com.java.SeleniumDriver] [ 1066] - ?   P A S S   ?
[INFO ][2015-11-04 15:11:54,951][com.java.SeleniumDriver] [  788] - ------------------------------------------
[INFO ][2015-11-04 15:11:54,951][com.java.SeleniumDriver] [  789] - Test case being Executed: 7
[INFO ][2015-11-04 15:11:54,951][com.java.SeleniumDriver] [  800] - Test step:17
[INFO ][2015-11-04 15:11:54,951][com.java.SeleniumDriver] [  812] - Datavalue is----------dt:NewUserPswd
[INFO ][2015-11-04 15:11:54,951][com.java.SeleniumDriver] [  836] - DataField : TXTtxtPassword
[INFO ][2015-11-04 15:11:54,951][com.java.SeleniumDriver] [  838] - DataValue : dt:NewUserPswd
[INFO ][2015-11-04 15:11:54,951][com.java.SeleniumDriver] [  844] - <In Set values of the page>
[INFO ][2015-11-04 15:11:54,951][com.java.SeleniumDriver] [  847] - {Data Fields & Data Values Exist}
[INFO ][2015-11-04 15:11:54,951][com.java.SeleniumDriver] [  849] - --------------------------setting values-----------------------------
[INFO ][2015-11-04 15:11:54,951][com.java.SeleniumDriver] [  852] - Action Type : Enter
[INFO ][2015-11-04 15:11:54,951][com.java.TestType] [ 4383] - field = txtPassword
[INFO ][2015-11-04 15:11:54,952][com.java.TestType] [ 3750] - value = Password1*
[INFO ][2015-11-04 15:11:57,880][com.java.SeleniumDriver] [  861] -  RESULT true
[INFO ][2015-11-04 15:11:57,880][com.java.SeleniumDriver] [ 1066] - ?   P A S S   ?
[INFO ][2015-11-04 15:11:57,880][com.java.SeleniumDriver] [  788] - ------------------------------------------
[INFO ][2015-11-04 15:11:57,880][com.java.SeleniumDriver] [  789] - Test case being Executed: 7
[INFO ][2015-11-04 15:11:57,880][com.java.SeleniumDriver] [  800] - Test step:18
[INFO ][2015-11-04 15:11:57,880][com.java.SeleniumDriver] [  812] - Datavalue is----------dt:NewUserPswd
[INFO ][2015-11-04 15:11:57,880][com.java.SeleniumDriver] [  836] - DataField : TXTtxtPasswordConfirm
[INFO ][2015-11-04 15:11:57,881][com.java.SeleniumDriver] [  838] - DataValue : dt:NewUserPswd
[INFO ][2015-11-04 15:11:57,881][com.java.SeleniumDriver] [  844] - <In Set values of the page>
[INFO ][2015-11-04 15:11:57,881][com.java.SeleniumDriver] [  847] - {Data Fields & Data Values Exist}
[INFO ][2015-11-04 15:11:57,881][com.java.SeleniumDriver] [  849] - --------------------------setting values-----------------------------
[INFO ][2015-11-04 15:11:57,881][com.java.SeleniumDriver] [  852] - Action Type : Enter
[INFO ][2015-11-04 15:11:57,881][com.java.TestType] [ 4383] - field = txtPasswordConfirm
[INFO ][2015-11-04 15:11:57,881][com.java.TestType] [ 3750] - value = Password1*
[INFO ][2015-11-04 15:12:00,824][com.java.SeleniumDriver] [  861] -  RESULT true
[INFO ][2015-11-04 15:12:00,824][com.java.SeleniumDriver] [ 1066] - ?   P A S S   ?
[INFO ][2015-11-04 15:12:00,824][com.java.SeleniumDriver] [  788] - ------------------------------------------
[INFO ][2015-11-04 15:12:00,824][com.java.SeleniumDriver] [  789] - Test case being Executed: 7
[INFO ][2015-11-04 15:12:00,824][com.java.SeleniumDriver] [  800] - Test step:19
[INFO ][2015-11-04 15:12:00,824][com.java.SeleniumDriver] [  812] - Datavalue is----------null
[DEBUG][2015-11-04 15:12:00,826][com.java.SeleniumDriver] [  830] - Exception: null
[INFO ][2015-11-04 15:12:00,826][com.java.SeleniumDriver] [  836] - DataField : BTNparent
[INFO ][2015-11-04 15:12:00,826][com.java.SeleniumDriver] [  838] - DataValue : 
[INFO ][2015-11-04 15:12:00,826][com.java.SeleniumDriver] [  844] - <In Set values of the page>
[INFO ][2015-11-04 15:12:00,826][com.java.SeleniumDriver] [  847] - {Data Fields & Data Values Exist}
[INFO ][2015-11-04 15:12:00,826][com.java.SeleniumDriver] [  849] - --------------------------setting values-----------------------------
[INFO ][2015-11-04 15:12:00,826][com.java.SeleniumDriver] [  852] - Action Type : SelectFrame
[INFO ][2015-11-04 15:12:00,839][com.java.SeleniumDriver] [  861] -  RESULT true
[INFO ][2015-11-04 15:12:00,839][com.java.SeleniumDriver] [ 1066] - ?   P A S S   ?
[INFO ][2015-11-04 15:12:00,839][com.java.SeleniumDriver] [  788] - ------------------------------------------
[INFO ][2015-11-04 15:12:00,839][com.java.SeleniumDriver] [  789] - Test case being Executed: 7
[INFO ][2015-11-04 15:12:00,839][com.java.SeleniumDriver] [  800] - Test step:20
[INFO ][2015-11-04 15:12:00,839][com.java.SeleniumDriver] [  812] - Datavalue is----------null
[DEBUG][2015-11-04 15:12:00,840][com.java.SeleniumDriver] [  830] - Exception: null
[INFO ][2015-11-04 15:12:00,840][com.java.SeleniumDriver] [  836] - DataField : XPH//span[contains(text(), 'Finished')]
[INFO ][2015-11-04 15:12:00,840][com.java.SeleniumDriver] [  838] - DataValue : 
[INFO ][2015-11-04 15:12:00,840][com.java.SeleniumDriver] [  844] - <In Set values of the page>
[INFO ][2015-11-04 15:12:00,840][com.java.SeleniumDriver] [  847] - {Data Fields & Data Values Exist}
[INFO ][2015-11-04 15:12:00,840][com.java.SeleniumDriver] [  849] - --------------------------setting values-----------------------------
[INFO ][2015-11-04 15:12:00,840][com.java.SeleniumDriver] [  852] - Action Type : Click
[INFO ][2015-11-04 15:12:00,840][com.java.TestType] [ 4063] - Field ::XPH//span[contains(text(), 'Finished')]
[INFO ][2015-11-04 15:12:01,840][com.java.TestType] [ 4122] - BEFORE CLICK
[INFO ][2015-11-04 15:12:02,693][com.java.TestType] [ 4130] - Unable to click the object Finished button
[INFO ][2015-11-04 15:12:02,693][com.java.SeleniumDriver] [  861] -  RESULT true
[INFO ][2015-11-04 15:12:02,693][com.java.SeleniumDriver] [ 1066] - ?   P A S S   ?
[INFO ][2015-11-04 15:12:02,693][com.java.SeleniumDriver] [  788] - ------------------------------------------
[INFO ][2015-11-04 15:12:02,693][com.java.SeleniumDriver] [  789] - Test case being Executed: 7
[INFO ][2015-11-04 15:12:02,693][com.java.SeleniumDriver] [  800] - Test step:21
[INFO ][2015-11-04 15:12:02,693][com.java.SeleniumDriver] [  812] - Datavalue is----------5
[INFO ][2015-11-04 15:12:02,693][com.java.SeleniumDriver] [  836] - DataField : test
[INFO ][2015-11-04 15:12:02,693][com.java.SeleniumDriver] [  838] - DataValue : 5
[INFO ][2015-11-04 15:12:02,693][com.java.SeleniumDriver] [  844] - <In Set values of the page>
[INFO ][2015-11-04 15:12:02,693][com.java.SeleniumDriver] [  847] - {Data Fields & Data Values Exist}
[INFO ][2015-11-04 15:12:02,693][com.java.SeleniumDriver] [  849] - --------------------------setting values-----------------------------
[INFO ][2015-11-04 15:12:02,693][com.java.SeleniumDriver] [  852] - Action Type : WaitTime
[DEBUG][2015-11-04 15:12:02,694][com.java.TestType] [ 3654] - sleepTime: 5000
[INFO ][2015-11-04 15:12:07,695][com.java.SeleniumDriver] [  861] -  RESULT true
[INFO ][2015-11-04 15:12:07,695][com.java.SeleniumDriver] [ 1066] - ?   P A S S   ?
[INFO ][2015-11-04 15:12:07,695][com.java.SeleniumDriver] [  788] - ------------------------------------------
[INFO ][2015-11-04 15:12:07,695][com.java.SeleniumDriver] [  789] - Test case being Executed: 7
[INFO ][2015-11-04 15:12:07,695][com.java.SeleniumDriver] [  800] - Test step:22
[INFO ][2015-11-04 15:12:07,695][com.java.SeleniumDriver] [  812] - Datavalue is----------null
[DEBUG][2015-11-04 15:12:07,695][com.java.SeleniumDriver] [  830] - Exception: null
[INFO ][2015-11-04 15:12:07,695][com.java.SeleniumDriver] [  836] - DataField : XPH//span[contains(text(), 'Finished')]
[INFO ][2015-11-04 15:12:07,695][com.java.SeleniumDriver] [  838] - DataValue : 
[INFO ][2015-11-04 15:12:07,695][com.java.SeleniumDriver] [  844] - <In Set values of the page>
[INFO ][2015-11-04 15:12:07,696][com.java.SeleniumDriver] [  847] - {Data Fields & Data Values Exist}
[INFO ][2015-11-04 15:12:07,696][com.java.SeleniumDriver] [  849] - --------------------------setting values-----------------------------
[INFO ][2015-11-04 15:12:07,696][com.java.SeleniumDriver] [  852] - Action Type : Click
[INFO ][2015-11-04 15:12:07,696][com.java.TestType] [ 4063] - Field ::XPH//span[contains(text(), 'Finished')]
[INFO ][2015-11-04 15:12:08,696][com.java.TestType] [ 4122] - BEFORE CLICK
[INFO ][2015-11-04 15:12:17,971][com.java.TestType] [ 4130] - Unable to click the object Finished button
[INFO ][2015-11-04 15:12:17,971][com.java.SeleniumDriver] [  861] -  RESULT true
[INFO ][2015-11-04 15:12:17,971][com.java.SeleniumDriver] [ 1066] - ?   P A S S   ?
[INFO ][2015-11-04 15:12:17,971][com.java.SeleniumDriver] [  788] - ------------------------------------------
[INFO ][2015-11-04 15:12:17,971][com.java.SeleniumDriver] [  789] - Test case being Executed: 7
[INFO ][2015-11-04 15:12:17,971][com.java.SeleniumDriver] [  800] - Test step:23
[INFO ][2015-11-04 15:12:17,971][com.java.SeleniumDriver] [  812] - Datavalue is----------5
[INFO ][2015-11-04 15:12:17,971][com.java.SeleniumDriver] [  836] - DataField : BTNframeDialogContent
[INFO ][2015-11-04 15:12:17,971][com.java.SeleniumDriver] [  838] - DataValue : 5
[INFO ][2015-11-04 15:12:17,971][com.java.SeleniumDriver] [  844] - <In Set values of the page>
[INFO ][2015-11-04 15:12:17,971][com.java.SeleniumDriver] [  847] - {Data Fields & Data Values Exist}
[INFO ][2015-11-04 15:12:17,972][com.java.SeleniumDriver] [  849] - --------------------------setting values-----------------------------
[INFO ][2015-11-04 15:12:17,972][com.java.SeleniumDriver] [  852] - Action Type : WaitForElement
[INFO ][2015-11-04 15:12:19,199][com.java.SeleniumDriver] [  861] -  RESULT true
[INFO ][2015-11-04 15:12:19,199][com.java.SeleniumDriver] [ 1066] - ?   P A S S   ?
[INFO ][2015-11-04 15:12:19,199][com.java.SeleniumDriver] [  788] - ------------------------------------------
[INFO ][2015-11-04 15:12:19,199][com.java.SeleniumDriver] [  789] - Test case being Executed: 7
[INFO ][2015-11-04 15:12:19,199][com.java.SeleniumDriver] [  800] - Test step:24
[INFO ][2015-11-04 15:12:19,199][com.java.SeleniumDriver] [  812] - Datavalue is----------null
[DEBUG][2015-11-04 15:12:19,199][com.java.SeleniumDriver] [  830] - Exception: null
[INFO ][2015-11-04 15:12:19,199][com.java.SeleniumDriver] [  836] - DataField : BTNframeDialogContent
[INFO ][2015-11-04 15:12:19,200][com.java.SeleniumDriver] [  838] - DataValue : 
[INFO ][2015-11-04 15:12:19,200][com.java.SeleniumDriver] [  844] - <In Set values of the page>
[INFO ][2015-11-04 15:12:19,200][com.java.SeleniumDriver] [  847] - {Data Fields & Data Values Exist}
[INFO ][2015-11-04 15:12:19,200][com.java.SeleniumDriver] [  849] - --------------------------setting values-----------------------------
[INFO ][2015-11-04 15:12:19,200][com.java.SeleniumDriver] [  852] - Action Type : SelectFrame
[INFO ][2015-11-04 15:12:20,453][com.java.SeleniumDriver] [  861] -  RESULT true
[INFO ][2015-11-04 15:12:20,453][com.java.SeleniumDriver] [ 1066] - ?   P A S S   ?
[INFO ][2015-11-04 15:12:20,453][com.java.SeleniumDriver] [  788] - ------------------------------------------
[INFO ][2015-11-04 15:12:20,453][com.java.SeleniumDriver] [  789] - Test case being Executed: 7
[INFO ][2015-11-04 15:12:20,453][com.java.SeleniumDriver] [  800] - Test step:25
[INFO ][2015-11-04 15:12:20,453][com.java.SeleniumDriver] [  812] - Datavalue is----------null
[DEBUG][2015-11-04 15:12:20,453][com.java.SeleniumDriver] [  830] - Exception: null
[INFO ][2015-11-04 15:12:20,453][com.java.SeleniumDriver] [  836] - DataField : XPH//table[@id="tblUserListing"]//td[contains(text(),'vltest.robot')]
[INFO ][2015-11-04 15:12:20,453][com.java.SeleniumDriver] [  838] - DataValue : 
[INFO ][2015-11-04 15:12:20,453][com.java.SeleniumDriver] [  844] - <In Set values of the page>
[INFO ][2015-11-04 15:12:20,454][com.java.SeleniumDriver] [  847] - {Data Fields & Data Values Exist}
[INFO ][2015-11-04 15:12:20,454][com.java.SeleniumDriver] [  849] - --------------------------setting values-----------------------------
[INFO ][2015-11-04 15:12:20,454][com.java.SeleniumDriver] [  852] - Action Type : WaitForElement
[INFO ][2015-11-04 15:12:20,517][com.java.SeleniumDriver] [  861] -  RESULT true
[INFO ][2015-11-04 15:12:20,517][com.java.SeleniumDriver] [ 1066] - ?   P A S S   ?
[INFO ][2015-11-04 15:12:20,517][com.java.SeleniumDriver] [  788] - ------------------------------------------
[INFO ][2015-11-04 15:12:20,517][com.java.SeleniumDriver] [  789] - Test case being Executed: 7
[INFO ][2015-11-04 15:12:20,517][com.java.SeleniumDriver] [  800] - Test step:26
[INFO ][2015-11-04 15:12:20,517][com.java.SeleniumDriver] [  812] - Datavalue is----------dt:NewUserName
[INFO ][2015-11-04 15:12:20,518][com.java.SeleniumDriver] [  836] - DataField : USR
[INFO ][2015-11-04 15:12:20,518][com.java.SeleniumDriver] [  838] - DataValue : dt:NewUserName
[INFO ][2015-11-04 15:12:20,518][com.java.SeleniumDriver] [  844] - <In Set values of the page>
[INFO ][2015-11-04 15:12:20,518][com.java.SeleniumDriver] [  847] - {Data Fields & Data Values Exist}
[INFO ][2015-11-04 15:12:20,518][com.java.SeleniumDriver] [  849] - --------------------------setting values-----------------------------
[INFO ][2015-11-04 15:12:20,518][com.java.SeleniumDriver] [  852] - Action Type : Verify
[INFO ][2015-11-04 15:12:20,518][com.java.TestType] [ 4876] - field= USR value= dt:NewUserName
[INFO ][2015-11-04 15:12:20,518][com.java.TestType] [ 3750] - value = vltest.robot
[INFO ][2015-11-04 15:12:20,585][com.java.SeleniumDriver] [  861] -  RESULT true
[INFO ][2015-11-04 15:12:20,585][com.java.SeleniumDriver] [ 1066] - ?   P A S S   ?
[INFO ][2015-11-04 15:12:20,585][com.java.SeleniumDriver] [  788] - ------------------------------------------
[INFO ][2015-11-04 15:12:20,585][com.java.SeleniumDriver] [  789] - Test case being Executed: 7
[INFO ][2015-11-04 15:12:20,585][com.java.SeleniumDriver] [  800] - Test step:27
[INFO ][2015-11-04 15:12:20,585][com.java.SeleniumDriver] [  812] - Datavalue is----------Login_username
[INFO ][2015-11-04 15:12:20,585][com.java.SeleniumDriver] [  836] - DataField : XPH//table[@id="tblUserListing"]//td[contains(text(),'vltest.robot')]
[INFO ][2015-11-04 15:12:20,585][com.java.SeleniumDriver] [  838] - DataValue : Login_username
[INFO ][2015-11-04 15:12:20,585][com.java.SeleniumDriver] [  844] - <In Set values of the page>
[INFO ][2015-11-04 15:12:20,585][com.java.SeleniumDriver] [  847] - {Data Fields & Data Values Exist}
[INFO ][2015-11-04 15:12:20,585][com.java.SeleniumDriver] [  849] - --------------------------setting values-----------------------------
[INFO ][2015-11-04 15:12:20,586][com.java.SeleniumDriver] [  852] - Action Type : STOREVALUE
[INFO ][2015-11-04 15:12:20,586][com.java.TestType] [ 5810] - field= XPH//table[@id="tblUserListing"]//td[contains(text(),'vltest.robot')]
[DEBUG][2015-11-04 15:12:20,693][com.java.TestType] [ 5862] - Key:: Login_username   Value:: vltest.robot.03890
[INFO ][2015-11-04 15:12:20,693][com.java.SeleniumDriver] [  861] -  RESULT true
[INFO ][2015-11-04 15:12:20,693][com.java.SeleniumDriver] [ 1066] - ?   P A S S   ?
[INFO ][2015-11-04 15:12:20,693][com.java.SeleniumDriver] [  788] - ------------------------------------------
[INFO ][2015-11-04 15:12:20,693][com.java.SeleniumDriver] [  789] - Test case being Executed: 7
[INFO ][2015-11-04 15:12:20,693][com.java.SeleniumDriver] [  800] - Test step:28
[INFO ][2015-11-04 15:12:20,693][com.java.SeleniumDriver] [  812] - Datavalue is----------null
[DEBUG][2015-11-04 15:12:20,693][com.java.SeleniumDriver] [  830] - Exception: null
[INFO ][2015-11-04 15:12:20,693][com.java.SeleniumDriver] [  836] - DataField : BTNparent
[INFO ][2015-11-04 15:12:20,693][com.java.SeleniumDriver] [  838] - DataValue : 
[INFO ][2015-11-04 15:12:20,693][com.java.SeleniumDriver] [  844] - <In Set values of the page>
[INFO ][2015-11-04 15:12:20,693][com.java.SeleniumDriver] [  847] - {Data Fields & Data Values Exist}
[INFO ][2015-11-04 15:12:20,693][com.java.SeleniumDriver] [  849] - --------------------------setting values-----------------------------
[INFO ][2015-11-04 15:12:20,694][com.java.SeleniumDriver] [  852] - Action Type : SelectFrame
[INFO ][2015-11-04 15:12:20,706][com.java.SeleniumDriver] [  861] -  RESULT true
[INFO ][2015-11-04 15:12:20,706][com.java.SeleniumDriver] [ 1066] - ?   P A S S   ?
[INFO ][2015-11-04 15:12:20,706][com.java.SeleniumDriver] [  788] - ------------------------------------------
[INFO ][2015-11-04 15:12:20,706][com.java.SeleniumDriver] [  789] - Test case being Executed: 7
[INFO ][2015-11-04 15:12:20,706][com.java.SeleniumDriver] [  800] - Test step:29
[INFO ][2015-11-04 15:12:20,706][com.java.SeleniumDriver] [  812] - Datavalue is----------null
[DEBUG][2015-11-04 15:12:20,706][com.java.SeleniumDriver] [  830] - Exception: null
[INFO ][2015-11-04 15:12:20,706][com.java.SeleniumDriver] [  836] - DataField : XPH//span[contains(text(), 'Finished')]
[INFO ][2015-11-04 15:12:20,706][com.java.SeleniumDriver] [  838] - DataValue : 
[INFO ][2015-11-04 15:12:20,706][com.java.SeleniumDriver] [  844] - <In Set values of the page>
[INFO ][2015-11-04 15:12:20,706][com.java.SeleniumDriver] [  847] - {Data Fields & Data Values Exist}
[INFO ][2015-11-04 15:12:20,706][com.java.SeleniumDriver] [  849] - --------------------------setting values-----------------------------
[INFO ][2015-11-04 15:12:20,707][com.java.SeleniumDriver] [  852] - Action Type : Click
[INFO ][2015-11-04 15:12:20,707][com.java.TestType] [ 4063] - Field ::XPH//span[contains(text(), 'Finished')]
[INFO ][2015-11-04 15:12:21,707][com.java.TestType] [ 4122] - BEFORE CLICK
[INFO ][2015-11-04 15:12:22,827][com.java.TestType] [ 4130] - Unable to click the object Finished button
[INFO ][2015-11-04 15:12:22,827][com.java.SeleniumDriver] [  861] -  RESULT true
[INFO ][2015-11-04 15:12:22,827][com.java.SeleniumDriver] [ 1066] - ?   P A S S   ?
[INFO ][2015-11-04 15:12:22,827][com.java.SeleniumDriver] [  788] - ------------------------------------------
[INFO ][2015-11-04 15:12:22,827][com.java.SeleniumDriver] [  789] - Test case being Executed: 7
[INFO ][2015-11-04 15:12:22,827][com.java.SeleniumDriver] [  800] - Test step:30
[INFO ][2015-11-04 15:12:22,827][com.java.SeleniumDriver] [  812] - Datavalue is----------Concept#3:1-2
[INFO ][2015-11-04 15:12:22,827][com.java.SeleniumDriver] [  836] - DataField : test
[INFO ][2015-11-04 15:12:22,827][com.java.SeleniumDriver] [  838] - DataValue : Concept#3:1-2
[INFO ][2015-11-04 15:12:22,828][com.java.SeleniumDriver] [  844] - <In Set values of the page>
[INFO ][2015-11-04 15:12:22,828][com.java.SeleniumDriver] [  847] - {Data Fields & Data Values Exist}
[INFO ][2015-11-04 15:12:22,828][com.java.SeleniumDriver] [  849] - --------------------------setting values-----------------------------
[INFO ][2015-11-04 15:12:22,828][com.java.SeleniumDriver] [  852] - Action Type : ExecuteTestCase
[INFO ][2015-11-04 15:12:22,828][com.java.TestType] [  411] - The Concept sheet name is ---------- Concept
[INFO ][2015-11-04 15:12:22,828][com.java.TestType] [  414] - The Concept ID  is ---------- 3
[DEBUG][2015-11-04 15:12:22,828][com.java.TestType] [  418] - Steps being executted in the Concept are: 1:2
[INFO ][2015-11-04 15:12:22,828][com.java.TestType] [  425] - Test data details path ---------- D:\BankersDashboard\TestInputs\TestData.xls
[INFO ][2015-11-04 15:12:22,858][com.java.TestType] [  456] -  str(1) = 3
[INFO ][2015-11-04 15:12:22,858][com.java.TestType] [  459] - Test case Id is---3
[INFO ][2015-11-04 15:12:22,858][com.java.TestType] [  461] - 3
[INFO ][2015-11-04 15:12:22,858][com.java.TestType] [  456] -  str(2) = 1
[INFO ][2015-11-04 15:12:22,860][com.java.TestType] [  508] - row values are--------{1=com.java.Objects.TestDataDetails@9278ac}
[INFO ][2015-11-04 15:12:22,860][com.java.TestType] [  456] -  str(1) = 3
[INFO ][2015-11-04 15:12:22,860][com.java.TestType] [  459] - Test case Id is---3
[INFO ][2015-11-04 15:12:22,860][com.java.TestType] [  461] - 3
[INFO ][2015-11-04 15:12:22,860][com.java.TestType] [  456] -  str(2) = 2
[INFO ][2015-11-04 15:12:22,861][com.java.TestType] [  508] - row values are--------{1=com.java.Objects.TestDataDetails@9278ac, 2=com.java.Objects.TestDataDetails@6cfdef}
[INFO ][2015-11-04 15:12:22,861][com.java.TestType] [ 7899] - Looping 1TCID = 3
[DEBUG][2015-11-04 15:12:22,861][com.java.TestType] [ 7940] - Concept ID:3 :: Step being Executed: 3::1
[INFO ][2015-11-04 15:12:22,861][com.java.TestType] [ 7978] - dataFields : test
[DEBUG][2015-11-04 15:12:22,861][com.java.TestType] [ 7984] - <In Set values of the page>
[DEBUG][2015-11-04 15:12:22,861][com.java.TestType] [ 7989] - {Data Fields & Data Values Exist}
[INFO ][2015-11-04 15:12:22,861][com.java.TestType] [ 7995] - --------------------------setting values-----------------------------
[INFO ][2015-11-04 15:12:22,861][com.java.TestType] [ 7998] - Action Type : Logout
[INFO ][2015-11-04 15:12:25,049][com.java.TestType] [ 4063] - Field ::CNF
[INFO ][2015-11-04 15:12:27,356][com.java.TestType] [ 4118] - Click the object confirmation
[INFO ][2015-11-04 15:12:27,356][com.java.TestType] [ 4119] - Unable to click the object confirmation
[DEBUG][2015-11-04 15:12:27,359][com.java.SeleniumDriver] [  425] - Hub ip address is-------172.17.68.34
[INFO ][2015-11-04 15:12:27,360][com.java.SeleniumDriver] [  451] - Grid URL:http://172.17.68.34:4444/wd/hub
[INFO ][2015-11-04 15:12:27,360][com.java.SeleniumDriver] [  452] - Capability:Capabilities [{platform=ANY, ensureCleanSession=true, ignoreProtectedModeSettings=true, acceptSslCerts=true, ignoreZoomSetting=true, browserName=internet explorer, browserstack.ie.noFlash=true, version=Node1}]
[ERROR][2015-11-04 15:12:28,375][com.java.SeleniumDriver] [  496] - Unable invoke browser in grid:Could not start a new session. Possible causes are invalid address of the remote server or browser start-up failure.
Build info: version: '2.48.2', revision: '41bccdd', time: '2015-10-09 19:59:12'
System info: host: 'FVTIII438F1D', ip: '172.17.68.34', os.name: 'Windows 7', os.arch: 'x86', os.version: '6.1', java.version: '1.7.0_55'
Driver info: driver.version: SeleniumDriver
[INFO ][2015-11-04 15:12:28,376][com.java.SeleniumDriver] [  498] - Executing on local machine
[INFO ][2015-11-04 15:12:37,305][com.java.TestType] [ 8017] -  RESULT true
[INFO ][2015-11-04 15:12:37,305][com.java.TestType] [ 8134] - ?   P A S S   ?
[DEBUG][2015-11-04 15:12:37,305][com.java.TestType] [ 7940] - Concept ID:3 :: Step being Executed: 3::2
[INFO ][2015-11-04 15:12:37,305][com.java.TestType] [ 7978] - dataFields : test
[DEBUG][2015-11-04 15:12:37,305][com.java.TestType] [ 7984] - <In Set values of the page>
[DEBUG][2015-11-04 15:12:37,305][com.java.TestType] [ 7989] - {Data Fields & Data Values Exist}
[INFO ][2015-11-04 15:12:37,305][com.java.TestType] [ 7995] - --------------------------setting values-----------------------------
[INFO ][2015-11-04 15:12:37,305][com.java.TestType] [ 7998] - Action Type : WaitTime
[DEBUG][2015-11-04 15:12:37,305][com.java.TestType] [ 3654] - sleepTime: 2000
[INFO ][2015-11-04 15:12:39,305][com.java.TestType] [ 8017] -  RESULT true
[INFO ][2015-11-04 15:12:39,305][com.java.TestType] [ 8134] - ?   P A S S   ?
[INFO ][2015-11-04 15:12:39,305][com.java.TestType] [ 8205] - Looping End......
[INFO ][2015-11-04 15:12:39,309][com.java.SeleniumDriver] [  861] -  RESULT true
[INFO ][2015-11-04 15:12:39,309][com.java.SeleniumDriver] [ 1066] - ?   P A S S   ?
[INFO ][2015-11-04 15:12:39,309][com.java.SeleniumDriver] [  788] - ------------------------------------------
[INFO ][2015-11-04 15:12:39,309][com.java.SeleniumDriver] [  789] - Test case being Executed: 7
[INFO ][2015-11-04 15:12:39,309][com.java.SeleniumDriver] [  800] - Test step:31
[INFO ][2015-11-04 15:12:39,309][com.java.SeleniumDriver] [  812] - Datavalue is----------HMVLogin_username
[INFO ][2015-11-04 15:12:39,309][com.java.SeleniumDriver] [  836] - DataField : TXTusername
[INFO ][2015-11-04 15:12:39,309][com.java.SeleniumDriver] [  838] - DataValue : HMVLogin_username
[INFO ][2015-11-04 15:12:39,309][com.java.SeleniumDriver] [  844] - <In Set values of the page>
[INFO ][2015-11-04 15:12:39,309][com.java.SeleniumDriver] [  847] - {Data Fields & Data Values Exist}
[INFO ][2015-11-04 15:12:39,309][com.java.SeleniumDriver] [  849] - --------------------------setting values-----------------------------
[INFO ][2015-11-04 15:12:39,309][com.java.SeleniumDriver] [  852] - Action Type : CLEARANDENTER
[INFO ][2015-11-04 15:12:39,310][com.java.TestType] [ 3750] - value = vltest.robot.03890
[INFO ][2015-11-04 15:12:44,094][com.java.SeleniumDriver] [  861] -  RESULT true
[INFO ][2015-11-04 15:12:44,094][com.java.SeleniumDriver] [ 1066] - ?   P A S S   ?
[INFO ][2015-11-04 15:12:44,094][com.java.SeleniumDriver] [  788] - ------------------------------------------
[INFO ][2015-11-04 15:12:44,094][com.java.SeleniumDriver] [  789] - Test case being Executed: 7
[INFO ][2015-11-04 15:12:44,094][com.java.SeleniumDriver] [  800] - Test step:32
[INFO ][2015-11-04 15:12:44,094][com.java.SeleniumDriver] [  812] - Datavalue is----------dt:NewUserPswd
[INFO ][2015-11-04 15:12:44,095][com.java.SeleniumDriver] [  836] - DataField : TXTpassword
[INFO ][2015-11-04 15:12:44,095][com.java.SeleniumDriver] [  838] - DataValue : dt:NewUserPswd
[INFO ][2015-11-04 15:12:44,095][com.java.SeleniumDriver] [  844] - <In Set values of the page>
[INFO ][2015-11-04 15:12:44,095][com.java.SeleniumDriver] [  847] - {Data Fields & Data Values Exist}
[INFO ][2015-11-04 15:12:44,095][com.java.SeleniumDriver] [  849] - --------------------------setting values-----------------------------
[INFO ][2015-11-04 15:12:44,095][com.java.SeleniumDriver] [  852] - Action Type : CLEARANDENTER
[INFO ][2015-11-04 15:12:44,095][com.java.TestType] [ 3750] - value = Password1*
[INFO ][2015-11-04 15:12:49,009][com.java.SeleniumDriver] [  861] -  RESULT true
[INFO ][2015-11-04 15:12:49,009][com.java.SeleniumDriver] [ 1066] - ?   P A S S   ?
[INFO ][2015-11-04 15:12:49,009][com.java.SeleniumDriver] [  788] - ------------------------------------------
[INFO ][2015-11-04 15:12:49,009][com.java.SeleniumDriver] [  789] - Test case being Executed: 7
[INFO ][2015-11-04 15:12:49,009][com.java.SeleniumDriver] [  800] - Test step:33
[INFO ][2015-11-04 15:12:49,010][com.java.SeleniumDriver] [  812] - Datavalue is----------null
[DEBUG][2015-11-04 15:12:49,010][com.java.SeleniumDriver] [  830] - Exception: null
[INFO ][2015-11-04 15:12:49,010][com.java.SeleniumDriver] [  836] - DataField : XPH//button[@type='submit']
[INFO ][2015-11-04 15:12:49,010][com.java.SeleniumDriver] [  838] - DataValue : 
[INFO ][2015-11-04 15:12:49,010][com.java.SeleniumDriver] [  844] - <In Set values of the page>
[INFO ][2015-11-04 15:12:49,010][com.java.SeleniumDriver] [  847] - {Data Fields & Data Values Exist}
[INFO ][2015-11-04 15:12:49,010][com.java.SeleniumDriver] [  849] - --------------------------setting values-----------------------------
[INFO ][2015-11-04 15:12:49,010][com.java.SeleniumDriver] [  852] - Action Type : Click
[INFO ][2015-11-04 15:12:49,010][com.java.TestType] [ 4063] - Field ::XPH//button[@type='submit']
[INFO ][2015-11-04 15:12:50,010][com.java.TestType] [ 4122] - BEFORE CLICK
[INFO ][2015-11-04 15:12:50,837][com.java.TestType] [ 4130] - Unable to click the object Login
[INFO ][2015-11-04 15:12:50,837][com.java.SeleniumDriver] [  861] -  RESULT true
[INFO ][2015-11-04 15:12:50,838][com.java.SeleniumDriver] [ 1066] - ?   P A S S   ?
[INFO ][2015-11-04 15:12:50,838][com.java.SeleniumDriver] [  788] - ------------------------------------------
[INFO ][2015-11-04 15:12:50,838][com.java.SeleniumDriver] [  789] - Test case being Executed: 7
[INFO ][2015-11-04 15:12:50,838][com.java.SeleniumDriver] [  800] - Test step:34
[INFO ][2015-11-04 15:12:50,838][com.java.SeleniumDriver] [  812] - Datavalue is----------1
[INFO ][2015-11-04 15:12:50,838][com.java.SeleniumDriver] [  836] - DataField : LNKLogout
[INFO ][2015-11-04 15:12:50,839][com.java.SeleniumDriver] [  838] - DataValue : 1
[INFO ][2015-11-04 15:12:50,839][com.java.SeleniumDriver] [  844] - <In Set values of the page>
[INFO ][2015-11-04 15:12:50,839][com.java.SeleniumDriver] [  847] - {Data Fields & Data Values Exist}
[INFO ][2015-11-04 15:12:50,839][com.java.SeleniumDriver] [  849] - --------------------------setting values-----------------------------
[INFO ][2015-11-04 15:12:50,839][com.java.SeleniumDriver] [  852] - Action Type : WaitForElement
[DEBUG][2015-11-04 15:13:10,891][com.java.TestType] [ 4640] - link=Logout   :: Link not Found
[INFO ][2015-11-04 15:13:10,891][com.java.SeleniumDriver] [  861] -  RESULT false
[INFO ][2015-11-04 15:13:10,891][com.java.SeleniumDriver] [  908] - ?   F A I L   ?
[INFO ][2015-11-04 15:13:10,891][com.java.SeleniumDriver] [  916] - Browser Type : IE11
[INFO ][2015-11-04 15:13:10,891][com.java.SeleniumDriver] [  917] - Adding Failed case7
[DEBUG][2015-11-04 15:13:11,732][com.java.SeleniumDriver] [  984] -  tdd.getCondition() IF:13:Next
[INFO ][2015-11-04 15:13:11,732][com.java.SeleniumDriver] [  988] - Continue next step...
[INFO ][2015-11-04 15:13:11,733][com.java.SeleniumDriver] [  788] - ------------------------------------------
[INFO ][2015-11-04 15:13:11,733][com.java.SeleniumDriver] [  789] - Test case being Executed: 7
[INFO ][2015-11-04 15:13:11,733][com.java.SeleniumDriver] [  800] - Test step:35
[INFO ][2015-11-04 15:13:11,733][com.java.SeleniumDriver] [  812] - Datavalue is----------Banker'sDashboard
[INFO ][2015-11-04 15:13:11,733][com.java.SeleniumDriver] [  836] - DataField : TTL
[INFO ][2015-11-04 15:13:11,733][com.java.SeleniumDriver] [  838] - DataValue : Banker'sDashboard
[INFO ][2015-11-04 15:13:11,733][com.java.SeleniumDriver] [  844] - <In Set values of the page>
[INFO ][2015-11-04 15:13:11,733][com.java.SeleniumDriver] [  847] - {Data Fields & Data Values Exist}
[INFO ][2015-11-04 15:13:11,733][com.java.SeleniumDriver] [  849] - --------------------------setting values-----------------------------
[INFO ][2015-11-04 15:13:11,733][com.java.SeleniumDriver] [  852] - Action Type : SelectWindow
[INFO ][2015-11-04 15:13:24,288][com.java.SeleniumDriver] [  861] -  RESULT true
[INFO ][2015-11-04 15:13:24,289][com.java.SeleniumDriver] [ 1066] - ?   P A S S   ?
[INFO ][2015-11-04 15:13:24,289][com.java.SeleniumDriver] [  788] - ------------------------------------------
[INFO ][2015-11-04 15:13:24,289][com.java.SeleniumDriver] [  789] - Test case being Executed: 7
[INFO ][2015-11-04 15:13:24,289][com.java.SeleniumDriver] [  800] - Test step:36
[INFO ][2015-11-04 15:13:24,289][com.java.SeleniumDriver] [  812] - Datavalue is----------20
[INFO ][2015-11-04 15:13:24,289][com.java.SeleniumDriver] [  836] - DataField : test
[INFO ][2015-11-04 15:13:24,289][com.java.SeleniumDriver] [  838] - DataValue : 20
[INFO ][2015-11-04 15:13:24,289][com.java.SeleniumDriver] [  844] - <In Set values of the page>
[INFO ][2015-11-04 15:13:24,289][com.java.SeleniumDriver] [  847] - {Data Fields & Data Values Exist}
[INFO ][2015-11-04 15:13:24,289][com.java.SeleniumDriver] [  849] - --------------------------setting values-----------------------------
[INFO ][2015-11-04 15:13:24,289][com.java.SeleniumDriver] [  852] - Action Type : WaitTime
[DEBUG][2015-11-04 15:13:24,289][com.java.TestType] [ 3654] - sleepTime: 20000
[INFO ][2015-11-04 15:13:44,290][com.java.SeleniumDriver] [  861] -  RESULT true
[INFO ][2015-11-04 15:13:44,290][com.java.SeleniumDriver] [ 1066] - ?   P A S S   ?
[INFO ][2015-11-04 15:13:44,290][com.java.SeleniumDriver] [  788] - ------------------------------------------
[INFO ][2015-11-04 15:13:44,290][com.java.SeleniumDriver] [  789] - Test case being Executed: 7
[INFO ][2015-11-04 15:13:44,290][com.java.SeleniumDriver] [  800] - Test step:37
[INFO ][2015-11-04 15:13:44,290][com.java.SeleniumDriver] [  812] - Datavalue is----------null
[DEBUG][2015-11-04 15:13:44,290][com.java.SeleniumDriver] [  830] - Exception: null
[INFO ][2015-11-04 15:13:44,290][com.java.SeleniumDriver] [  836] - DataField : //span[@class='icon-cog2']&&User Settings
[INFO ][2015-11-04 15:13:44,290][com.java.SeleniumDriver] [  838] - DataValue : 
[INFO ][2015-11-04 15:13:44,290][com.java.SeleniumDriver] [  844] - <In Set values of the page>
[INFO ][2015-11-04 15:13:44,290][com.java.SeleniumDriver] [  847] - {Data Fields & Data Values Exist}
[INFO ][2015-11-04 15:13:44,290][com.java.SeleniumDriver] [  849] - --------------------------setting values-----------------------------
[INFO ][2015-11-04 15:13:44,291][com.java.SeleniumDriver] [  852] - Action Type : MouseOver
[DEBUG][2015-11-04 15:14:07,937][com.java.TestType] [ 4616] - //span[@class='icon-cog2']   :: Element not Found
[ERROR][2015-11-04 15:14:28,578][com.java.TestType] [  930] - exception value : null
[INFO ][2015-11-04 15:14:28,579][com.java.SeleniumDriver] [  861] -  RESULT false
[INFO ][2015-11-04 15:14:28,579][com.java.SeleniumDriver] [  908] - ?   F A I L   ?
[INFO ][2015-11-04 15:14:28,579][com.java.SeleniumDriver] [  916] - Browser Type : IE11
[INFO ][2015-11-04 15:14:28,579][com.java.SeleniumDriver] [  917] - Adding Failed case7
[INFO ][2015-11-04 15:14:29,172][com.java.SeleniumDriver] [ 1030] - failedCases = 7
[ERROR][2015-11-04 15:14:29,172][com.java.SeleniumDriver] [ 1516] - Platform Errors : Our apologies...::We have encountered an issue with your request.::Our apologies?:We encountered an issue with your request.
[INFO ][2015-11-04 15:14:29,172][com.java.SeleniumDriver] [ 1520] - Length =3
[ERROR][2015-11-04 15:14:29,172][com.java.SeleniumDriver] [ 1523] - Error 0 = Our apologies...
[ERROR][2015-11-04 15:14:29,185][com.java.SeleniumDriver] [ 1523] - Error 1 = We have encountered an issue with your request.
[ERROR][2015-11-04 15:14:29,197][com.java.SeleniumDriver] [ 1523] - Error 2 = Our apologies?:We encountered an issue with your request.
[DEBUG][2015-11-04 15:14:29,222][com.java.SeleniumDriver] [ 1168] - Case found
[DEBUG][2015-11-04 15:14:29,222][com.java.SeleniumDriver] [ 1173] - Incrementing ReportCounters[0]:2
[INFO ][2015-11-04 15:14:29,222][com.java.SeleniumDriver] [ 1192] - The results are-------------------[7, 37, Valid Login, Fail, 
Test case failed at Step No. :: 37   Error Message ::  Element: //span[@class='icon-cog2'] is not found. Screen Shot : D:\BankersDashboard\TestReports\110415\7_110415_151428_IE11.png, Wed Nov 04 15:14:29 IST 2015]
[INFO ][2015-11-04 15:14:29,222][com.java.SeleniumDriver] [ 1196] - End time is-------5 min 36 sec
[INFO ][2015-11-04 15:14:29,222][com.java.SeleniumDriver] [ 1197] - The results are-------------------[7, 37, Valid Login, Fail, 
Test case failed at Step No. :: 37   Error Message ::  Element: //span[@class='icon-cog2'] is not found. Screen Shot : D:\BankersDashboard\TestReports\110415\7_110415_151428_IE11.png, Wed Nov 04 15:14:29 IST 2015]
[DEBUG][2015-11-04 15:14:29,222][com.java.ImportnExport.ExportTestResultsExcel] [  222] - testResultPath = D:\BankersDashboard/TestReports/Test Results_BankersDashBoard_110415_150854_IE11_Simmons First National Bank.xls
[DEBUG][2015-11-04 15:14:29,222][com.java.ImportnExport.ExportTestResultsExcel] [  223] - browser is------------IE11
[DEBUG][2015-11-04 15:14:29,224][com.java.ImportnExport.ExportTestResultsExcel] [  270] - result.size() = 6
[DEBUG][2015-11-04 15:14:29,224][com.java.ImportnExport.ExportTestResultsExcel] [  274] - No of rows in sheet=2
[DEBUG][2015-11-04 15:14:29,225][com.java.ImportnExport.ExportTestResultsExcel] [  301] - ..in export..7
[DEBUG][2015-11-04 15:14:29,225][com.java.ImportnExport.ExportTestResultsExcel] [  301] - ..in export..Valid Login
[DEBUG][2015-11-04 15:14:29,225][com.java.ImportnExport.ExportTestResultsExcel] [  301] - ..in export..Fail
[DEBUG][2015-11-04 15:14:29,225][com.java.ImportnExport.ExportTestResultsExcel] [  301] - ..in export..
Test case failed at Step No. :: 37   Error Message ::  Element: //span[@class='icon-cog2'] is not found. Screen Shot : D:\BankersDashboard\TestReports\110415\7_110415_151428_IE11.png
[DEBUG][2015-11-04 15:14:29,225][com.java.ImportnExport.ExportTestResultsExcel] [  301] - ..in export..Wed Nov 04 15:14:29 IST 2015
[INFO ][2015-11-04 15:14:29,226][com.java.SeleniumDriver] [ 1255] - out loop:1 size:2 TestCases:[1, 7] testcases:[1, 7]
[INFO ][2015-11-04 15:14:31,226][com.java.SeleniumDriver] [ 1297] - Total Number of Cases:2
[INFO ][2015-11-04 15:14:31,226][com.java.TemplateGenerator] [  302] - Executed:2
[INFO ][2015-11-04 15:14:31,226][com.java.TemplateGenerator] [  303] - Passed:1
[INFO ][2015-11-04 15:14:31,226][com.java.TemplateGenerator] [  304] - Failed:1
[INFO ][2015-11-04 15:14:31,226][com.java.TemplateGenerator] [  305] - Skipeed:0
[INFO ][2015-11-04 15:14:31,226][com.java.TemplateGenerator] [  306] - Application URL:https://clients-xuat.bankersdashboard.com
[INFO ][2015-11-04 15:14:31,226][com.java.TemplateGenerator] [  307] - Start Time:110415_150854
[INFO ][2015-11-04 15:14:31,226][com.java.TemplateGenerator] [  308] -  Creating HTML Report 
[ERROR][2015-11-04 15:14:31,227][com.java.TemplateGenerator] [  409] - Unparseable date: "Wed Nov 04 03:08:54 IST 2015"
[INFO ][2015-11-04 15:14:31,227][com.java.TemplateGenerator] [  654] -  Exporting case :: 1
[INFO ][2015-11-04 15:14:31,227][com.java.TemplateGenerator] [  654] -  Exporting case :: 7
[INFO ][2015-11-04 15:14:31,231][com.java.SeleniumDriver] [ 1346] - End Time:110415_151431
[INFO ][2015-11-04 15:14:31,231][com.java.SeleniumDriver] [ 1349] - Data in Test Execution Details:{1=PASS, 7=FAILTest case failed at Step No. :: 37   Error Message ::  Element: //span[@class='icon-cog2'] is not found}
[INFO ][2015-11-04 15:14:31,232][com.java.SeleniumDriver] [ 1350] - Data in Failed Execution Deatils:{}
[INFO ][2015-11-04 15:14:31,232][com.java.SeleniumDriver] [ 1352] - ReportCounter:Total:2 :: PASS: 1 ::FAIL: 1
[INFO ][2015-11-04 15:14:31,232][com.java.SeleniumDriver] [ 1353] - FailedReportCounter:Total:0 :: PASS: 0 ::FAIL: 0
[INFO ][2015-11-04 15:14:31,258][com.java.EmailTestReport] [   63] - Sending report mail details:
[INFO ][2015-11-04 15:14:31,258][com.java.EmailTestReport] [   80] - Excel Report Path:D:\BankersDashboard/TestReports/Test Results_BankersDashBoard_110415_150854_IE11_Simmons First National Bank.xls
[INFO ][2015-11-04 15:14:31,259][com.java.EmailTestReport] [   81] - HTML Report Path:D:\BankersDashboard//TestReports//Test Results_BankersDashBoard_110415_150854_IE11_Simmons First National Bank.html
[INFO ][2015-11-04 15:14:31,259][com.java.EmailTestReport] [   82] - smtpHostName:mail01.valuelabs.com
[INFO ][2015-11-04 15:14:31,259][com.java.EmailTestReport] [   83] - Recipient:venkateswararao.gubbala@valuelabs.com
[INFO ][2015-11-04 15:14:31,259][com.java.EmailTestReport] [   84] - From:venkateswararao.gubbala@valuelabs.com
[INFO ][2015-11-04 15:14:31,259][com.java.EmailTestReport] [   85] - Subject:Deluxe Corp Bankers Dashboard Automation Test Report - Simmons First National Bank - IE11
[INFO ][2015-11-04 15:14:31,274][com.java.EmailTestReport] [  143] -  Added venkateswararao.gubbala@valuelabs.com
[INFO ][2015-11-04 15:14:34,662][com.java.SeleniumDriver] [  719] - quitting the browser 
[INFO ][2015-11-04 15:14:35,940][com.java.SeleniumDriver] [  263] - Execution Completed Stopping the thread
