[INFO ][2016-01-14 14:42:52,695][com.java.SeleniumDriver] [  213] - Execute Failed Casesfalse
[INFO ][2016-01-14 14:42:52,695][com.java.SeleniumDriver] [  214] - Browser: IE10
[INFO ][2016-01-14 14:42:52,696][com.java.SeleniumDriver] [  215] - [1, 14]
[INFO ][2016-01-14 14:42:52,696][com.java.SeleniumDriver] [  216] - Total TestCases:2
[INFO ][2016-01-14 14:42:52,696][com.java.SeleniumDriver] [  217] -  Reading Properties from Property File 
[DEBUG][2016-01-14 14:42:52,702][com.java.SeleniumDriver] [  238] - url : https://clients-xuat.bankersdashboard.com
[INFO ][2016-01-14 14:42:52,703][com.java.ImportnExport.ExportTestResultsExcel] [  116] - Time Stamp Thu Jan 14 02:42:52 IST 2016
[INFO ][2016-01-14 14:42:52,703][com.java.ImportnExport.ExportTestResultsExcel] [  175] - OUT FILE : D:\BankersDashboard/TestReports/Test Results_BankersDashBoard_011416_144252_IE10_Any Bank USA.xls
[INFO ][2016-01-14 14:42:52,733][com.java.ImportnExport.ExportTestResultsExcel] [  180] - Test Result file is created
[DEBUG][2016-01-14 14:42:52,841][com.java.SeleniumDriver] [  426] - Hub ip address is-------172.17.68.34
[INFO ][2016-01-14 14:42:52,842][com.java.SeleniumDriver] [  452] - Grid URL:http://172.17.68.34:4444/wd/hub
[INFO ][2016-01-14 14:42:52,842][com.java.SeleniumDriver] [  453] - Capability:Capabilities [{platform=ANY, ensureCleanSession=true, ignoreProtectedModeSettings=true, acceptSslCerts=true, ignoreZoomSetting=true, browserName=internet explorer, browserstack.ie.noFlash=true, version=null}]
[ERROR][2016-01-14 14:42:54,164][com.java.SeleniumDriver] [  498] - Unable invoke browser in grid:Could not start a new session. Possible causes are invalid address of the remote server or browser start-up failure.
Build info: version: '2.48.2', revision: '41bccdd', time: '2015-10-09 19:59:12'
System info: host: 'FVTIII438F1D', ip: '172.17.68.34', os.name: 'Windows 7', os.arch: 'x86', os.version: '6.1', java.version: '1.7.0_55'
Driver info: driver.version: SeleniumDriver
[INFO ][2016-01-14 14:42:54,164][com.java.SeleniumDriver] [  500] - Executing on local machine
[INFO ][2016-01-14 14:43:04,725][com.java.SeleniumDriver] [  248] - IE10is opened
[INFO ][2016-01-14 14:43:05,580][com.java.SeleniumDriver] [  756] - Test cases to be executed are: [1, 14]
[INFO ][2016-01-14 14:43:05,602][com.java.ImportnExport.ImportTestDataDetailsExcel] [   49] - test data details path===== D:\BankersDashboard\TestInputs\TestData.xls
[INFO ][2016-01-14 14:43:07,536][com.java.SeleniumDriver] [  856] - ------------------------------------------
[INFO ][2016-01-14 14:43:07,536][com.java.SeleniumDriver] [  857] - Test case being Executed: 1
[INFO ][2016-01-14 14:43:07,536][com.java.SeleniumDriver] [  869] - Test step:1
[INFO ][2016-01-14 14:43:07,537][com.java.SeleniumDriver] [  881] - Datavalue is----------Concept#1:1-16
[INFO ][2016-01-14 14:43:07,537][com.java.SeleniumDriver] [  905] - DataField : test
[INFO ][2016-01-14 14:43:07,537][com.java.SeleniumDriver] [  907] - DataValue : Concept#1:1-16
[INFO ][2016-01-14 14:43:07,537][com.java.SeleniumDriver] [  913] - <In Set values of the page>
[INFO ][2016-01-14 14:43:07,537][com.java.SeleniumDriver] [  916] - {Data Fields & Data Values Exist}
[INFO ][2016-01-14 14:43:07,537][com.java.SeleniumDriver] [  918] - --------------------------setting values-----------------------------
[INFO ][2016-01-14 14:43:07,537][com.java.SeleniumDriver] [  921] - Action Type : ExecuteTestCase
[INFO ][2016-01-14 14:43:07,558][com.java.TestType] [  437] - The Concept sheet name is ---------- Concept
[INFO ][2016-01-14 14:43:07,558][com.java.TestType] [  440] - The Concept ID  is ---------- 1
[DEBUG][2016-01-14 14:43:07,558][com.java.TestType] [  444] - Steps being executted in the Concept are: 1:16
[INFO ][2016-01-14 14:43:07,558][com.java.TestType] [  451] - Test data details path ---------- D:\BankersDashboard\TestInputs\TestData.xls
[INFO ][2016-01-14 14:43:08,016][com.java.TestType] [  482] -  str(1) = 1
[INFO ][2016-01-14 14:43:08,016][com.java.TestType] [  485] - Test case Id is---1
[INFO ][2016-01-14 14:43:08,017][com.java.TestType] [  487] - 1
[INFO ][2016-01-14 14:43:08,018][com.java.TestType] [  482] -  str(2) = 1
[INFO ][2016-01-14 14:43:08,020][com.java.TestType] [  482] -  str(1) = 1
[INFO ][2016-01-14 14:43:08,021][com.java.TestType] [  485] - Test case Id is---1
[INFO ][2016-01-14 14:43:08,021][com.java.TestType] [  487] - 1
[INFO ][2016-01-14 14:43:08,021][com.java.TestType] [  482] -  str(2) = 2
[INFO ][2016-01-14 14:43:08,022][com.java.TestType] [  482] -  str(1) = 1
[INFO ][2016-01-14 14:43:08,022][com.java.TestType] [  485] - Test case Id is---1
[INFO ][2016-01-14 14:43:08,022][com.java.TestType] [  487] - 1
[INFO ][2016-01-14 14:43:08,022][com.java.TestType] [  482] -  str(2) = 3
[INFO ][2016-01-14 14:43:08,024][com.java.TestType] [  482] -  str(1) = 1
[INFO ][2016-01-14 14:43:08,024][com.java.TestType] [  485] - Test case Id is---1
[INFO ][2016-01-14 14:43:08,024][com.java.TestType] [  487] - 1
[INFO ][2016-01-14 14:43:08,024][com.java.TestType] [  482] -  str(2) = 4
[INFO ][2016-01-14 14:43:08,025][com.java.TestType] [  482] -  str(1) = 1
[INFO ][2016-01-14 14:43:08,025][com.java.TestType] [  485] - Test case Id is---1
[INFO ][2016-01-14 14:43:08,025][com.java.TestType] [  487] - 1
[INFO ][2016-01-14 14:43:08,025][com.java.TestType] [  482] -  str(2) = 5
[INFO ][2016-01-14 14:43:08,026][com.java.TestType] [  482] -  str(1) = 1
[INFO ][2016-01-14 14:43:08,027][com.java.TestType] [  485] - Test case Id is---1
[INFO ][2016-01-14 14:43:08,027][com.java.TestType] [  487] - 1
[INFO ][2016-01-14 14:43:08,028][com.java.TestType] [  482] -  str(2) = 6
[INFO ][2016-01-14 14:43:08,029][com.java.TestType] [  482] -  str(1) = 1
[INFO ][2016-01-14 14:43:08,030][com.java.TestType] [  485] - Test case Id is---1
[INFO ][2016-01-14 14:43:08,030][com.java.TestType] [  487] - 1
[INFO ][2016-01-14 14:43:08,030][com.java.TestType] [  482] -  str(2) = 7
[INFO ][2016-01-14 14:43:08,031][com.java.TestType] [  482] -  str(1) = 1
[INFO ][2016-01-14 14:43:08,031][com.java.TestType] [  485] - Test case Id is---1
[INFO ][2016-01-14 14:43:08,031][com.java.TestType] [  487] - 1
[INFO ][2016-01-14 14:43:08,031][com.java.TestType] [  482] -  str(2) = 8
[INFO ][2016-01-14 14:43:08,032][com.java.TestType] [  482] -  str(1) = 1
[INFO ][2016-01-14 14:43:08,032][com.java.TestType] [  485] - Test case Id is---1
[INFO ][2016-01-14 14:43:08,032][com.java.TestType] [  487] - 1
[INFO ][2016-01-14 14:43:08,032][com.java.TestType] [  482] -  str(2) = 9
[INFO ][2016-01-14 14:43:08,033][com.java.TestType] [  482] -  str(1) = 1
[INFO ][2016-01-14 14:43:08,033][com.java.TestType] [  485] - Test case Id is---1
[INFO ][2016-01-14 14:43:08,033][com.java.TestType] [  487] - 1
[INFO ][2016-01-14 14:43:08,033][com.java.TestType] [  482] -  str(2) = 10
[INFO ][2016-01-14 14:43:08,034][com.java.TestType] [  482] -  str(1) = 1
[INFO ][2016-01-14 14:43:08,034][com.java.TestType] [  485] - Test case Id is---1
[INFO ][2016-01-14 14:43:08,034][com.java.TestType] [  487] - 1
[INFO ][2016-01-14 14:43:08,034][com.java.TestType] [  482] -  str(2) = 11
[INFO ][2016-01-14 14:43:08,035][com.java.TestType] [  482] -  str(1) = 1
[INFO ][2016-01-14 14:43:08,035][com.java.TestType] [  485] - Test case Id is---1
[INFO ][2016-01-14 14:43:08,035][com.java.TestType] [  487] - 1
[INFO ][2016-01-14 14:43:08,035][com.java.TestType] [  482] -  str(2) = 12
[INFO ][2016-01-14 14:43:08,036][com.java.TestType] [  482] -  str(1) = 1
[INFO ][2016-01-14 14:43:08,036][com.java.TestType] [  485] - Test case Id is---1
[INFO ][2016-01-14 14:43:08,036][com.java.TestType] [  487] - 1
[INFO ][2016-01-14 14:43:08,036][com.java.TestType] [  482] -  str(2) = 13
[INFO ][2016-01-14 14:43:08,037][com.java.TestType] [  482] -  str(1) = 1
[INFO ][2016-01-14 14:43:08,037][com.java.TestType] [  485] - Test case Id is---1
[INFO ][2016-01-14 14:43:08,037][com.java.TestType] [  487] - 1
[INFO ][2016-01-14 14:43:08,037][com.java.TestType] [  482] -  str(2) = 14
[INFO ][2016-01-14 14:43:08,038][com.java.TestType] [  482] -  str(1) = 1
[INFO ][2016-01-14 14:43:08,038][com.java.TestType] [  485] - Test case Id is---1
[INFO ][2016-01-14 14:43:08,038][com.java.TestType] [  487] - 1
[INFO ][2016-01-14 14:43:08,038][com.java.TestType] [  482] -  str(2) = 15
[INFO ][2016-01-14 14:43:08,040][com.java.TestType] [  482] -  str(1) = 1
[INFO ][2016-01-14 14:43:08,040][com.java.TestType] [  485] - Test case Id is---1
[INFO ][2016-01-14 14:43:08,040][com.java.TestType] [  487] - 1
[INFO ][2016-01-14 14:43:08,040][com.java.TestType] [  482] -  str(2) = 16
[INFO ][2016-01-14 14:43:08,041][com.java.TestType] [11314] - Looping 1TCID = 1
[DEBUG][2016-01-14 14:43:08,041][com.java.TestType] [11355] - Concept ID:1 :: Step being Executed: 1::1
[INFO ][2016-01-14 14:43:08,041][com.java.TestType] [11393] - dataFields : TXTusername
[DEBUG][2016-01-14 14:43:08,041][com.java.TestType] [11399] - <In Set values of the page>
[DEBUG][2016-01-14 14:43:08,041][com.java.TestType] [11404] - {Data Fields & Data Values Exist}
[INFO ][2016-01-14 14:43:08,041][com.java.TestType] [11410] - --------------------------setting values-----------------------------
[INFO ][2016-01-14 14:43:08,041][com.java.TestType] [11413] - Action Type : CLEARANDENTER
[INFO ][2016-01-14 14:43:10,367][com.java.TestType] [ 6140] - value = naresh.nayini.00000
[INFO ][2016-01-14 14:43:12,799][com.java.TestType] [11432] -  RESULT true
[INFO ][2016-01-14 14:43:12,800][com.java.TestType] [11549] - ?   P A S S   ?
[DEBUG][2016-01-14 14:43:12,800][com.java.TestType] [11355] - Concept ID:1 :: Step being Executed: 1::2
[INFO ][2016-01-14 14:43:12,800][com.java.TestType] [11393] - dataFields : TXTpassword
[DEBUG][2016-01-14 14:43:12,800][com.java.TestType] [11399] - <In Set values of the page>
[DEBUG][2016-01-14 14:43:12,800][com.java.TestType] [11404] - {Data Fields & Data Values Exist}
[INFO ][2016-01-14 14:43:12,800][com.java.TestType] [11410] - --------------------------setting values-----------------------------
[INFO ][2016-01-14 14:43:12,800][com.java.TestType] [11413] - Action Type : CLEARANDENTER
[INFO ][2016-01-14 14:43:15,107][com.java.TestType] [ 6140] - value = Password1*
[INFO ][2016-01-14 14:43:17,669][com.java.TestType] [11432] -  RESULT true
[INFO ][2016-01-14 14:43:17,669][com.java.TestType] [11549] - ?   P A S S   ?
[DEBUG][2016-01-14 14:43:17,669][com.java.TestType] [11355] - Concept ID:1 :: Step being Executed: 1::3
[ERROR][2016-01-14 14:43:17,669][com.java.TestType] [11388] - Exception: null
[INFO ][2016-01-14 14:43:17,669][com.java.TestType] [11393] - dataFields : XPH//button[@type='submit']
[DEBUG][2016-01-14 14:43:17,669][com.java.TestType] [11399] - <In Set values of the page>
[DEBUG][2016-01-14 14:43:17,670][com.java.TestType] [11404] - {Data Fields & Data Values Exist}
[INFO ][2016-01-14 14:43:17,670][com.java.TestType] [11410] - --------------------------setting values-----------------------------
[INFO ][2016-01-14 14:43:17,670][com.java.TestType] [11413] - Action Type : Click
[INFO ][2016-01-14 14:43:17,670][com.java.TestType] [ 6519] - Field ::XPH//button[@type='submit']
[INFO ][2016-01-14 14:43:17,670][com.java.TestType] [ 6140] - value = 
[INFO ][2016-01-14 14:43:18,672][com.java.TestType] [ 6656] - BEFORE CLICK
[INFO ][2016-01-14 14:43:19,531][com.java.TestType] [ 6664] - Unable to click the object Login
[INFO ][2016-01-14 14:43:19,531][com.java.TestType] [11432] -  RESULT true
[INFO ][2016-01-14 14:43:19,531][com.java.TestType] [11549] - ?   P A S S   ?
[DEBUG][2016-01-14 14:43:19,531][com.java.TestType] [11355] - Concept ID:1 :: Step being Executed: 1::4
[INFO ][2016-01-14 14:43:19,531][com.java.TestType] [11393] - dataFields : LNKLogout
[DEBUG][2016-01-14 14:43:19,531][com.java.TestType] [11399] - <In Set values of the page>
[DEBUG][2016-01-14 14:43:19,531][com.java.TestType] [11404] - {Data Fields & Data Values Exist}
[INFO ][2016-01-14 14:43:19,532][com.java.TestType] [11410] - --------------------------setting values-----------------------------
[INFO ][2016-01-14 14:43:19,532][com.java.TestType] [11413] - Action Type : WaitForElement
[INFO ][2016-01-14 14:43:22,864][com.java.TestType] [11432] -  RESULT true
[INFO ][2016-01-14 14:43:22,864][com.java.TestType] [11549] - ?   P A S S   ?
[DEBUG][2016-01-14 14:43:22,864][com.java.TestType] [11355] - Concept ID:1 :: Step being Executed: 1::15
[INFO ][2016-01-14 14:43:22,865][com.java.TestType] [11393] - dataFields : LNK
[DEBUG][2016-01-14 14:43:22,865][com.java.TestType] [11399] - <In Set values of the page>
[DEBUG][2016-01-14 14:43:22,865][com.java.TestType] [11404] - {Data Fields & Data Values Exist}
[INFO ][2016-01-14 14:43:22,865][com.java.TestType] [11410] - --------------------------setting values-----------------------------
[INFO ][2016-01-14 14:43:22,866][com.java.TestType] [11413] - Action Type : Verify
[INFO ][2016-01-14 14:43:22,866][com.java.TestType] [ 7647] - field= LNK value= Logout
[INFO ][2016-01-14 14:43:22,868][com.java.TestType] [ 6140] - value = Logout
[INFO ][2016-01-14 14:43:22,906][com.java.TestType] [11432] -  RESULT true
[INFO ][2016-01-14 14:43:22,907][com.java.TestType] [11549] - ?   P A S S   ?
[DEBUG][2016-01-14 14:43:22,907][com.java.TestType] [11355] - Concept ID:1 :: Step being Executed: 1::16
[INFO ][2016-01-14 14:43:22,907][com.java.TestType] [11393] - dataFields : BTN
[DEBUG][2016-01-14 14:43:22,907][com.java.TestType] [11399] - <In Set values of the page>
[DEBUG][2016-01-14 14:43:22,907][com.java.TestType] [11404] - {Data Fields & Data Values Exist}
[INFO ][2016-01-14 14:43:22,907][com.java.TestType] [11410] - --------------------------setting values-----------------------------
[INFO ][2016-01-14 14:43:22,907][com.java.TestType] [11413] - Action Type : Verify
[INFO ][2016-01-14 14:43:22,907][com.java.TestType] [ 7647] - field= BTN value= //img[contains(@src,'bdlogo.jpg')]
[INFO ][2016-01-14 14:43:22,907][com.java.TestType] [ 6140] - value = //img[contains(@src,'bdlogo.jpg')]
[INFO ][2016-01-14 14:43:22,981][com.java.TestType] [11432] -  RESULT true
[INFO ][2016-01-14 14:43:22,981][com.java.TestType] [11549] - ?   P A S S   ?
[INFO ][2016-01-14 14:43:22,981][com.java.TestType] [11620] - Looping End......
[INFO ][2016-01-14 14:43:22,982][com.java.SeleniumDriver] [  930] -  RESULT true
[INFO ][2016-01-14 14:43:22,982][com.java.SeleniumDriver] [ 1136] - ?   P A S S   ?
[INFO ][2016-01-14 14:43:22,983][com.java.SeleniumDriver] [  856] - ------------------------------------------
[INFO ][2016-01-14 14:43:22,983][com.java.SeleniumDriver] [  857] - Test case being Executed: 1
[INFO ][2016-01-14 14:43:22,983][com.java.SeleniumDriver] [  869] - Test step:2
[INFO ][2016-01-14 14:43:22,983][com.java.SeleniumDriver] [  881] - Datavalue is----------Concept#2:1-2
[INFO ][2016-01-14 14:43:22,983][com.java.SeleniumDriver] [  905] - DataField : test
[INFO ][2016-01-14 14:43:22,983][com.java.SeleniumDriver] [  907] - DataValue : Concept#2:1-2
[INFO ][2016-01-14 14:43:22,983][com.java.SeleniumDriver] [  913] - <In Set values of the page>
[INFO ][2016-01-14 14:43:22,983][com.java.SeleniumDriver] [  916] - {Data Fields & Data Values Exist}
[INFO ][2016-01-14 14:43:22,983][com.java.SeleniumDriver] [  918] - --------------------------setting values-----------------------------
[INFO ][2016-01-14 14:43:22,983][com.java.SeleniumDriver] [  921] - Action Type : ExecuteTestCase
[INFO ][2016-01-14 14:43:22,984][com.java.TestType] [  437] - The Concept sheet name is ---------- Concept
[INFO ][2016-01-14 14:43:22,984][com.java.TestType] [  440] - The Concept ID  is ---------- 2
[DEBUG][2016-01-14 14:43:22,984][com.java.TestType] [  444] - Steps being executted in the Concept are: 1:2
[INFO ][2016-01-14 14:43:22,984][com.java.TestType] [  451] - Test data details path ---------- D:\BankersDashboard\TestInputs\TestData.xls
[INFO ][2016-01-14 14:43:23,510][com.java.TestType] [  482] -  str(1) = 2
[INFO ][2016-01-14 14:43:23,511][com.java.TestType] [  485] - Test case Id is---2
[INFO ][2016-01-14 14:43:23,511][com.java.TestType] [  487] - 2
[INFO ][2016-01-14 14:43:23,511][com.java.TestType] [  482] -  str(2) = 1
[INFO ][2016-01-14 14:43:23,512][com.java.TestType] [  482] -  str(1) = 2
[INFO ][2016-01-14 14:43:23,512][com.java.TestType] [  485] - Test case Id is---2
[INFO ][2016-01-14 14:43:23,513][com.java.TestType] [  487] - 2
[INFO ][2016-01-14 14:43:23,513][com.java.TestType] [  482] -  str(2) = 2
[INFO ][2016-01-14 14:43:23,513][com.java.TestType] [  482] -  str(1) = 2
[INFO ][2016-01-14 14:43:23,513][com.java.TestType] [  485] - Test case Id is---2
[INFO ][2016-01-14 14:43:23,513][com.java.TestType] [  487] - 2
[INFO ][2016-01-14 14:43:23,513][com.java.TestType] [  482] -  str(2) = 3
[INFO ][2016-01-14 14:43:23,514][com.java.TestType] [11314] - Looping 1TCID = 2
[DEBUG][2016-01-14 14:43:23,514][com.java.TestType] [11355] - Concept ID:2 :: Step being Executed: 2::1
[INFO ][2016-01-14 14:43:23,514][com.java.TestType] [11393] - dataFields : BNK//select[@id='bank']
[DEBUG][2016-01-14 14:43:23,514][com.java.TestType] [11399] - <In Set values of the page>
[DEBUG][2016-01-14 14:43:23,514][com.java.TestType] [11404] - {Data Fields & Data Values Exist}
[INFO ][2016-01-14 14:43:23,515][com.java.TestType] [11410] - --------------------------setting values-----------------------------
[INFO ][2016-01-14 14:43:23,515][com.java.TestType] [11413] - Action Type : Select
[INFO ][2016-01-14 14:43:23,515][com.java.TestType] [ 6140] - value = PFC
[INFO ][2016-01-14 14:43:23,730][com.java.TestType] [11432] -  RESULT true
[INFO ][2016-01-14 14:43:23,730][com.java.TestType] [11549] - ?   P A S S   ?
[DEBUG][2016-01-14 14:43:23,730][com.java.TestType] [11355] - Concept ID:2 :: Step being Executed: 2::2
[INFO ][2016-01-14 14:43:23,730][com.java.TestType] [11393] - dataFields : LNKLogout
[DEBUG][2016-01-14 14:43:23,730][com.java.TestType] [11399] - <In Set values of the page>
[DEBUG][2016-01-14 14:43:23,730][com.java.TestType] [11404] - {Data Fields & Data Values Exist}
[INFO ][2016-01-14 14:43:23,730][com.java.TestType] [11410] - --------------------------setting values-----------------------------
[INFO ][2016-01-14 14:43:23,730][com.java.TestType] [11413] - Action Type : WaitTime
[DEBUG][2016-01-14 14:43:23,731][com.java.TestType] [ 5954] - sleepTime: 5000
[INFO ][2016-01-14 14:43:28,731][com.java.TestType] [11432] -  RESULT true
[INFO ][2016-01-14 14:43:28,732][com.java.TestType] [11549] - ?   P A S S   ?
[INFO ][2016-01-14 14:43:28,732][com.java.TestType] [11620] - Looping End......
[INFO ][2016-01-14 14:43:28,733][com.java.SeleniumDriver] [  930] -  RESULT true
[INFO ][2016-01-14 14:43:28,733][com.java.SeleniumDriver] [ 1136] - ?   P A S S   ?
[INFO ][2016-01-14 14:43:28,733][com.java.SeleniumDriver] [  856] - ------------------------------------------
[INFO ][2016-01-14 14:43:28,733][com.java.SeleniumDriver] [  857] - Test case being Executed: 1
[INFO ][2016-01-14 14:43:28,733][com.java.SeleniumDriver] [  869] - Test step:3
[INFO ][2016-01-14 14:43:28,733][com.java.SeleniumDriver] [  881] - Datavalue is----------2
[INFO ][2016-01-14 14:43:28,733][com.java.SeleniumDriver] [  905] - DataField : XPH//button[contains(text(),'Add Content')]
[INFO ][2016-01-14 14:43:28,734][com.java.SeleniumDriver] [  907] - DataValue : 2
[INFO ][2016-01-14 14:43:28,734][com.java.SeleniumDriver] [  913] - <In Set values of the page>
[INFO ][2016-01-14 14:43:28,734][com.java.SeleniumDriver] [  916] - {Data Fields & Data Values Exist}
[INFO ][2016-01-14 14:43:28,734][com.java.SeleniumDriver] [  918] - --------------------------setting values-----------------------------
[INFO ][2016-01-14 14:43:28,734][com.java.SeleniumDriver] [  921] - Action Type : WAITFORELEMENT
[INFO ][2016-01-14 14:43:28,771][com.java.SeleniumDriver] [  930] -  RESULT true
[INFO ][2016-01-14 14:43:28,773][com.java.SeleniumDriver] [ 1136] - ?   P A S S   ?
[DEBUG][2016-01-14 14:43:28,773][com.java.SeleniumDriver] [ 1248] - Case found
[DEBUG][2016-01-14 14:43:28,773][com.java.SeleniumDriver] [ 1253] - Incrementing ReportCounters[0]:1
[INFO ][2016-01-14 14:43:28,773][com.java.SeleniumDriver] [ 1272] - The results are-------------------[1, 1, Valid Login, Pass, , Thu Jan 14 14:43:22 IST 2016, 1, 2, Valid Login, Pass, , Thu Jan 14 14:43:28 IST 2016, 1, 3, Valid Login, Pass, , Thu Jan 14 14:43:28 IST 2016]
[INFO ][2016-01-14 14:43:28,773][com.java.SeleniumDriver] [ 1276] - End time is-------38 sec
[INFO ][2016-01-14 14:43:28,773][com.java.SeleniumDriver] [ 1277] - The results are-------------------[1, 1, Valid Login, Pass, , Thu Jan 14 14:43:22 IST 2016, 1, 2, Valid Login, Pass, , Thu Jan 14 14:43:28 IST 2016, 1, 3, Valid Login, Pass, , Thu Jan 14 14:43:28 IST 2016]
[DEBUG][2016-01-14 14:43:28,773][com.java.ImportnExport.ExportTestResultsExcel] [  222] - testResultPath = D:\BankersDashboard/TestReports/Test Results_BankersDashBoard_011416_144252_IE10_Any Bank USA.xls
[DEBUG][2016-01-14 14:43:28,773][com.java.ImportnExport.ExportTestResultsExcel] [  223] - browser is------------IE10
[DEBUG][2016-01-14 14:43:28,820][com.java.ImportnExport.ExportTestResultsExcel] [  270] - result.size() = 18
[DEBUG][2016-01-14 14:43:28,820][com.java.ImportnExport.ExportTestResultsExcel] [  274] - No of rows in sheet=1
[DEBUG][2016-01-14 14:43:28,820][com.java.ImportnExport.ExportTestResultsExcel] [  301] - ..in export..1
[DEBUG][2016-01-14 14:43:28,820][com.java.ImportnExport.ExportTestResultsExcel] [  301] - ..in export..Valid Login
[DEBUG][2016-01-14 14:43:28,820][com.java.ImportnExport.ExportTestResultsExcel] [  301] - ..in export..Pass
[DEBUG][2016-01-14 14:43:28,820][com.java.ImportnExport.ExportTestResultsExcel] [  301] - ..in export..
[DEBUG][2016-01-14 14:43:28,820][com.java.ImportnExport.ExportTestResultsExcel] [  301] - ..in export..Thu Jan 14 14:43:22 IST 2016
[INFO ][2016-01-14 14:43:28,823][com.java.SeleniumDriver] [ 1337] - out loop:0 size:2 TestCases:[1, 14] testcases:[1, 14]
[INFO ][2016-01-14 14:43:28,824][com.java.ImportnExport.ImportTestDataDetailsExcel] [   49] - test data details path===== D:\BankersDashboard\TestInputs\TestData.xls
[INFO ][2016-01-14 14:43:46,434][com.java.SeleniumDriver] [  856] - ------------------------------------------
[INFO ][2016-01-14 14:43:46,434][com.java.SeleniumDriver] [  857] - Test case being Executed: 14
[INFO ][2016-01-14 14:43:46,434][com.java.SeleniumDriver] [  869] - Test step:1
[INFO ][2016-01-14 14:43:46,434][com.java.SeleniumDriver] [  881] - Datavalue is----------Logout
[INFO ][2016-01-14 14:43:46,434][com.java.SeleniumDriver] [  905] - DataField : BTN
[INFO ][2016-01-14 14:43:46,434][com.java.SeleniumDriver] [  907] - DataValue : Logout
[INFO ][2016-01-14 14:43:46,434][com.java.SeleniumDriver] [  913] - <In Set values of the page>
[INFO ][2016-01-14 14:43:46,434][com.java.SeleniumDriver] [  916] - {Data Fields & Data Values Exist}
[INFO ][2016-01-14 14:43:46,434][com.java.SeleniumDriver] [  918] - --------------------------setting values-----------------------------
[INFO ][2016-01-14 14:43:46,434][com.java.SeleniumDriver] [  921] - Action Type : VERIFY
[INFO ][2016-01-14 14:43:46,434][com.java.TestType] [ 7647] - field= BTN value= Logout
[INFO ][2016-01-14 14:43:46,434][com.java.TestType] [ 6140] - value = Logout
[INFO ][2016-01-14 14:43:46,526][com.java.SeleniumDriver] [  930] -  RESULT true
[INFO ][2016-01-14 14:43:46,526][com.java.SeleniumDriver] [ 1136] - ?   P A S S   ?
[INFO ][2016-01-14 14:43:46,526][com.java.SeleniumDriver] [ 1178] - step change to 3
[INFO ][2016-01-14 14:43:46,526][com.java.SeleniumDriver] [  856] - ------------------------------------------
[INFO ][2016-01-14 14:43:46,526][com.java.SeleniumDriver] [  857] - Test case being Executed: 14
[INFO ][2016-01-14 14:43:46,527][com.java.SeleniumDriver] [  869] - Test step:3
[INFO ][2016-01-14 14:43:46,527][com.java.SeleniumDriver] [  881] - Datavalue is----------Concept#2:1-2
[INFO ][2016-01-14 14:43:46,527][com.java.SeleniumDriver] [  905] - DataField : test
[INFO ][2016-01-14 14:43:46,527][com.java.SeleniumDriver] [  907] - DataValue : Concept#2:1-2
[INFO ][2016-01-14 14:43:46,527][com.java.SeleniumDriver] [  913] - <In Set values of the page>
[INFO ][2016-01-14 14:43:46,527][com.java.SeleniumDriver] [  916] - {Data Fields & Data Values Exist}
[INFO ][2016-01-14 14:43:46,527][com.java.SeleniumDriver] [  918] - --------------------------setting values-----------------------------
[INFO ][2016-01-14 14:43:46,527][com.java.SeleniumDriver] [  921] - Action Type : ExecuteTestCase
[INFO ][2016-01-14 14:43:46,527][com.java.TestType] [  437] - The Concept sheet name is ---------- Concept
[INFO ][2016-01-14 14:43:46,527][com.java.TestType] [  440] - The Concept ID  is ---------- 2
[DEBUG][2016-01-14 14:43:46,527][com.java.TestType] [  444] - Steps being executted in the Concept are: 1:2
[INFO ][2016-01-14 14:43:46,528][com.java.TestType] [  451] - Test data details path ---------- D:\BankersDashboard\TestInputs\TestData.xls
[INFO ][2016-01-14 14:43:47,023][com.java.TestType] [  482] -  str(1) = 2
[INFO ][2016-01-14 14:43:47,023][com.java.TestType] [  485] - Test case Id is---2
[INFO ][2016-01-14 14:43:47,023][com.java.TestType] [  487] - 2
[INFO ][2016-01-14 14:43:47,023][com.java.TestType] [  482] -  str(2) = 1
[INFO ][2016-01-14 14:43:47,024][com.java.TestType] [  482] -  str(1) = 2
[INFO ][2016-01-14 14:43:47,024][com.java.TestType] [  485] - Test case Id is---2
[INFO ][2016-01-14 14:43:47,025][com.java.TestType] [  487] - 2
[INFO ][2016-01-14 14:43:47,025][com.java.TestType] [  482] -  str(2) = 2
[INFO ][2016-01-14 14:43:47,025][com.java.TestType] [  482] -  str(1) = 2
[INFO ][2016-01-14 14:43:47,025][com.java.TestType] [  485] - Test case Id is---2
[INFO ][2016-01-14 14:43:47,026][com.java.TestType] [  487] - 2
[INFO ][2016-01-14 14:43:47,026][com.java.TestType] [  482] -  str(2) = 3
[INFO ][2016-01-14 14:43:47,027][com.java.TestType] [11314] - Looping 1TCID = 2
[DEBUG][2016-01-14 14:43:47,027][com.java.TestType] [11355] - Concept ID:2 :: Step being Executed: 2::1
[INFO ][2016-01-14 14:43:47,027][com.java.TestType] [11393] - dataFields : BNK//select[@id='bank']
[DEBUG][2016-01-14 14:43:47,027][com.java.TestType] [11399] - <In Set values of the page>
[DEBUG][2016-01-14 14:43:47,027][com.java.TestType] [11404] - {Data Fields & Data Values Exist}
[INFO ][2016-01-14 14:43:47,027][com.java.TestType] [11410] - --------------------------setting values-----------------------------
[INFO ][2016-01-14 14:43:47,027][com.java.TestType] [11413] - Action Type : Select
[INFO ][2016-01-14 14:43:47,027][com.java.TestType] [ 6140] - value = PFC
[INFO ][2016-01-14 14:43:47,242][com.java.TestType] [11432] -  RESULT true
[INFO ][2016-01-14 14:43:47,242][com.java.TestType] [11549] - ?   P A S S   ?
[DEBUG][2016-01-14 14:43:47,243][com.java.TestType] [11355] - Concept ID:2 :: Step being Executed: 2::2
[INFO ][2016-01-14 14:43:47,243][com.java.TestType] [11393] - dataFields : LNKLogout
[DEBUG][2016-01-14 14:43:47,243][com.java.TestType] [11399] - <In Set values of the page>
[DEBUG][2016-01-14 14:43:47,243][com.java.TestType] [11404] - {Data Fields & Data Values Exist}
[INFO ][2016-01-14 14:43:47,243][com.java.TestType] [11410] - --------------------------setting values-----------------------------
[INFO ][2016-01-14 14:43:47,243][com.java.TestType] [11413] - Action Type : WaitTime
[DEBUG][2016-01-14 14:43:47,243][com.java.TestType] [ 5954] - sleepTime: 5000
[INFO ][2016-01-14 14:43:52,243][com.java.TestType] [11432] -  RESULT true
[INFO ][2016-01-14 14:43:52,243][com.java.TestType] [11549] - ?   P A S S   ?
[INFO ][2016-01-14 14:43:52,243][com.java.TestType] [11620] - Looping End......
[INFO ][2016-01-14 14:43:52,244][com.java.SeleniumDriver] [  930] -  RESULT true
[INFO ][2016-01-14 14:43:52,244][com.java.SeleniumDriver] [ 1136] - ?   P A S S   ?
[INFO ][2016-01-14 14:43:52,244][com.java.SeleniumDriver] [  856] - ------------------------------------------
[INFO ][2016-01-14 14:43:52,245][com.java.SeleniumDriver] [  857] - Test case being Executed: 14
[INFO ][2016-01-14 14:43:52,245][com.java.SeleniumDriver] [  869] - Test step:4
[INFO ][2016-01-14 14:43:52,245][com.java.SeleniumDriver] [  881] - Datavalue is----------null
[DEBUG][2016-01-14 14:43:52,245][com.java.SeleniumDriver] [  899] - Exception: null
[INFO ][2016-01-14 14:43:52,245][com.java.SeleniumDriver] [  905] - DataField : //span[@class='icon-user4']&&//a[text()='Company Settings']&&//a[@data-id="RatedLoans"]
[INFO ][2016-01-14 14:43:52,245][com.java.SeleniumDriver] [  907] - DataValue : 
[INFO ][2016-01-14 14:43:52,245][com.java.SeleniumDriver] [  913] - <In Set values of the page>
[INFO ][2016-01-14 14:43:52,245][com.java.SeleniumDriver] [  916] - {Data Fields & Data Values Exist}
[INFO ][2016-01-14 14:43:52,245][com.java.SeleniumDriver] [  918] - --------------------------setting values-----------------------------
[INFO ][2016-01-14 14:43:52,247][com.java.SeleniumDriver] [  921] - Action Type : MOUSEOVER
[INFO ][2016-01-14 14:44:19,865][com.java.SeleniumDriver] [  930] -  RESULT true
[INFO ][2016-01-14 14:44:19,865][com.java.SeleniumDriver] [ 1136] - ?   P A S S   ?
[INFO ][2016-01-14 14:44:19,865][com.java.SeleniumDriver] [  856] - ------------------------------------------
[INFO ][2016-01-14 14:44:19,865][com.java.SeleniumDriver] [  857] - Test case being Executed: 14
[INFO ][2016-01-14 14:44:19,865][com.java.SeleniumDriver] [  869] - Test step:5
[INFO ][2016-01-14 14:44:19,865][com.java.SeleniumDriver] [  881] - Datavalue is----------Rated Loan Categories
[INFO ][2016-01-14 14:44:19,865][com.java.SeleniumDriver] [  905] - DataField : XPH//span[contains(text(), 'Rated Loan Categories')]
[INFO ][2016-01-14 14:44:19,865][com.java.SeleniumDriver] [  907] - DataValue : Rated Loan Categories
[INFO ][2016-01-14 14:44:19,865][com.java.SeleniumDriver] [  913] - <In Set values of the page>
[INFO ][2016-01-14 14:44:19,865][com.java.SeleniumDriver] [  916] - {Data Fields & Data Values Exist}
[INFO ][2016-01-14 14:44:19,865][com.java.SeleniumDriver] [  918] - --------------------------setting values-----------------------------
[INFO ][2016-01-14 14:44:19,866][com.java.SeleniumDriver] [  921] - Action Type : VERIFY
[INFO ][2016-01-14 14:44:19,866][com.java.TestType] [ 7647] - field= XPH//span[contains(text(), 'Rated Loan Categories')] value= Rated Loan Categories
[INFO ][2016-01-14 14:44:19,866][com.java.TestType] [ 6140] - value = Rated Loan Categories
[INFO ][2016-01-14 14:44:19,987][com.java.SeleniumDriver] [  930] -  RESULT true
[INFO ][2016-01-14 14:44:19,987][com.java.SeleniumDriver] [ 1136] - ?   P A S S   ?
[INFO ][2016-01-14 14:44:19,987][com.java.SeleniumDriver] [  856] - ------------------------------------------
[INFO ][2016-01-14 14:44:19,987][com.java.SeleniumDriver] [  857] - Test case being Executed: 14
[INFO ][2016-01-14 14:44:19,987][com.java.SeleniumDriver] [  869] - Test step:6
[INFO ][2016-01-14 14:44:19,987][com.java.SeleniumDriver] [  881] - Datavalue is----------null
[DEBUG][2016-01-14 14:44:19,988][com.java.SeleniumDriver] [  899] - Exception: null
[INFO ][2016-01-14 14:44:19,988][com.java.SeleniumDriver] [  905] - DataField : BTNframeDialogContent
[INFO ][2016-01-14 14:44:19,989][com.java.SeleniumDriver] [  907] - DataValue : 
[INFO ][2016-01-14 14:44:19,989][com.java.SeleniumDriver] [  913] - <In Set values of the page>
[INFO ][2016-01-14 14:44:19,989][com.java.SeleniumDriver] [  916] - {Data Fields & Data Values Exist}
[INFO ][2016-01-14 14:44:19,990][com.java.SeleniumDriver] [  918] - --------------------------setting values-----------------------------
[INFO ][2016-01-14 14:44:19,990][com.java.SeleniumDriver] [  921] - Action Type : SELECTFRAME
[INFO ][2016-01-14 14:44:21,265][com.java.SeleniumDriver] [  930] -  RESULT true
[INFO ][2016-01-14 14:44:21,265][com.java.SeleniumDriver] [ 1136] - ?   P A S S   ?
[INFO ][2016-01-14 14:44:21,265][com.java.SeleniumDriver] [  856] - ------------------------------------------
[INFO ][2016-01-14 14:44:21,265][com.java.SeleniumDriver] [  857] - Test case being Executed: 14
[INFO ][2016-01-14 14:44:21,265][com.java.SeleniumDriver] [  869] - Test step:7
[INFO ][2016-01-14 14:44:21,265][com.java.SeleniumDriver] [  881] - Datavalue is----------null
[DEBUG][2016-01-14 14:44:21,265][com.java.SeleniumDriver] [  899] - Exception: null
[INFO ][2016-01-14 14:44:21,265][com.java.SeleniumDriver] [  905] - DataField : BTNbtnAddNew
[INFO ][2016-01-14 14:44:21,266][com.java.SeleniumDriver] [  907] - DataValue : 
[INFO ][2016-01-14 14:44:21,266][com.java.SeleniumDriver] [  913] - <In Set values of the page>
[INFO ][2016-01-14 14:44:21,266][com.java.SeleniumDriver] [  916] - {Data Fields & Data Values Exist}
[INFO ][2016-01-14 14:44:21,266][com.java.SeleniumDriver] [  918] - --------------------------setting values-----------------------------
[INFO ][2016-01-14 14:44:21,266][com.java.SeleniumDriver] [  921] - Action Type : CLICK
[INFO ][2016-01-14 14:44:21,266][com.java.TestType] [ 6519] - Field ::BTNbtnAddNew
[INFO ][2016-01-14 14:44:21,266][com.java.TestType] [ 6140] - value = 
[INFO ][2016-01-14 14:44:22,266][com.java.TestType] [ 6635] - BEFORE CLICK
[INFO ][2016-01-14 14:44:23,473][com.java.TestType] [ 6642] - Unable to click the object Add New Category button
[INFO ][2016-01-14 14:44:23,473][com.java.SeleniumDriver] [  930] -  RESULT true
[INFO ][2016-01-14 14:44:23,474][com.java.SeleniumDriver] [ 1136] - ?   P A S S   ?
[INFO ][2016-01-14 14:44:23,474][com.java.SeleniumDriver] [  856] - ------------------------------------------
[INFO ][2016-01-14 14:44:23,474][com.java.SeleniumDriver] [  857] - Test case being Executed: 14
[INFO ][2016-01-14 14:44:23,474][com.java.SeleniumDriver] [  869] - Test step:8
[INFO ][2016-01-14 14:44:23,474][com.java.SeleniumDriver] [  881] - Datavalue is----------5
[INFO ][2016-01-14 14:44:23,474][com.java.SeleniumDriver] [  905] - DataField : XPH//td[contains(text(),'Description')]
[INFO ][2016-01-14 14:44:23,474][com.java.SeleniumDriver] [  907] - DataValue : 5
[INFO ][2016-01-14 14:44:23,474][com.java.SeleniumDriver] [  913] - <In Set values of the page>
[INFO ][2016-01-14 14:44:23,474][com.java.SeleniumDriver] [  916] - {Data Fields & Data Values Exist}
[INFO ][2016-01-14 14:44:23,474][com.java.SeleniumDriver] [  918] - --------------------------setting values-----------------------------
[INFO ][2016-01-14 14:44:23,474][com.java.SeleniumDriver] [  921] - Action Type : WAITFORELEMENT
[INFO ][2016-01-14 14:44:23,500][com.java.SeleniumDriver] [  930] -  RESULT true
[INFO ][2016-01-14 14:44:23,500][com.java.SeleniumDriver] [ 1136] - ?   P A S S   ?
[INFO ][2016-01-14 14:44:23,500][com.java.SeleniumDriver] [  856] - ------------------------------------------
[INFO ][2016-01-14 14:44:23,500][com.java.SeleniumDriver] [  857] - Test case being Executed: 14
[INFO ][2016-01-14 14:44:23,500][com.java.SeleniumDriver] [  869] - Test step:9
[INFO ][2016-01-14 14:44:23,500][com.java.SeleniumDriver] [  881] - Datavalue is----------Description
[INFO ][2016-01-14 14:44:23,501][com.java.SeleniumDriver] [  905] - DataField : XPH//td[contains(text(),'Description')]
[INFO ][2016-01-14 14:44:23,501][com.java.SeleniumDriver] [  907] - DataValue : Description
[INFO ][2016-01-14 14:44:23,501][com.java.SeleniumDriver] [  913] - <In Set values of the page>
[INFO ][2016-01-14 14:44:23,501][com.java.SeleniumDriver] [  916] - {Data Fields & Data Values Exist}
[INFO ][2016-01-14 14:44:23,501][com.java.SeleniumDriver] [  918] - --------------------------setting values-----------------------------
[INFO ][2016-01-14 14:44:23,501][com.java.SeleniumDriver] [  921] - Action Type : VERIFY
[INFO ][2016-01-14 14:44:23,501][com.java.TestType] [ 7647] - field= XPH//td[contains(text(),'Description')] value= Description
[INFO ][2016-01-14 14:44:23,501][com.java.TestType] [ 6140] - value = Description
[INFO ][2016-01-14 14:44:23,566][com.java.SeleniumDriver] [  930] -  RESULT true
[INFO ][2016-01-14 14:44:23,566][com.java.SeleniumDriver] [ 1136] - ?   P A S S   ?
[INFO ][2016-01-14 14:44:23,566][com.java.SeleniumDriver] [  856] - ------------------------------------------
[INFO ][2016-01-14 14:44:23,566][com.java.SeleniumDriver] [  857] - Test case being Executed: 14
[INFO ][2016-01-14 14:44:23,566][com.java.SeleniumDriver] [  869] - Test step:10
[INFO ][2016-01-14 14:44:23,566][com.java.SeleniumDriver] [  881] - Datavalue is----------Rated Loan*
[INFO ][2016-01-14 14:44:23,566][com.java.SeleniumDriver] [  905] - DataField : XPH//td[contains(text(),'Rated Loan*')]
[INFO ][2016-01-14 14:44:23,566][com.java.SeleniumDriver] [  907] - DataValue : Rated Loan*
[INFO ][2016-01-14 14:44:23,566][com.java.SeleniumDriver] [  913] - <In Set values of the page>
[INFO ][2016-01-14 14:44:23,566][com.java.SeleniumDriver] [  916] - {Data Fields & Data Values Exist}
[INFO ][2016-01-14 14:44:23,567][com.java.SeleniumDriver] [  918] - --------------------------setting values-----------------------------
[INFO ][2016-01-14 14:44:23,567][com.java.SeleniumDriver] [  921] - Action Type : VERIFY
[INFO ][2016-01-14 14:44:23,567][com.java.TestType] [ 7647] - field= XPH//td[contains(text(),'Rated Loan*')] value= Rated Loan*
[INFO ][2016-01-14 14:44:23,567][com.java.TestType] [ 6140] - value = Rated Loan*
[INFO ][2016-01-14 14:44:23,622][com.java.SeleniumDriver] [  930] -  RESULT true
[INFO ][2016-01-14 14:44:23,622][com.java.SeleniumDriver] [ 1136] - ?   P A S S   ?
[INFO ][2016-01-14 14:44:23,622][com.java.SeleniumDriver] [  856] - ------------------------------------------
[INFO ][2016-01-14 14:44:23,622][com.java.SeleniumDriver] [  857] - Test case being Executed: 14
[INFO ][2016-01-14 14:44:23,622][com.java.SeleniumDriver] [  869] - Test step:11
[INFO ][2016-01-14 14:44:23,622][com.java.SeleniumDriver] [  881] - Datavalue is----------RNDVLTest
[INFO ][2016-01-14 14:44:23,622][com.java.SeleniumDriver] [  905] - DataField : TXTtxtDescription
[INFO ][2016-01-14 14:44:23,622][com.java.SeleniumDriver] [  907] - DataValue : RNDVLTest
[INFO ][2016-01-14 14:44:23,622][com.java.SeleniumDriver] [  913] - <In Set values of the page>
[INFO ][2016-01-14 14:44:23,623][com.java.SeleniumDriver] [  916] - {Data Fields & Data Values Exist}
[INFO ][2016-01-14 14:44:23,623][com.java.SeleniumDriver] [  918] - --------------------------setting values-----------------------------
[INFO ][2016-01-14 14:44:23,623][com.java.SeleniumDriver] [  921] - Action Type : CLEARANDENTER
[INFO ][2016-01-14 14:44:24,753][com.java.TestType] [ 6140] - value = VLTest43479
[INFO ][2016-01-14 14:44:26,270][com.java.SeleniumDriver] [  930] -  RESULT true
[INFO ][2016-01-14 14:44:26,270][com.java.SeleniumDriver] [ 1136] - ?   P A S S   ?
[INFO ][2016-01-14 14:44:26,270][com.java.SeleniumDriver] [  856] - ------------------------------------------
[INFO ][2016-01-14 14:44:26,270][com.java.SeleniumDriver] [  857] - Test case being Executed: 14
[INFO ][2016-01-14 14:44:26,270][com.java.SeleniumDriver] [  869] - Test step:12
[INFO ][2016-01-14 14:44:26,270][com.java.SeleniumDriver] [  881] - Datavalue is----------Test
[INFO ][2016-01-14 14:44:26,271][com.java.SeleniumDriver] [  905] - DataField : TXTtxtDescription
[INFO ][2016-01-14 14:44:26,271][com.java.SeleniumDriver] [  907] - DataValue : Test
[INFO ][2016-01-14 14:44:26,271][com.java.SeleniumDriver] [  913] - <In Set values of the page>
[INFO ][2016-01-14 14:44:26,271][com.java.SeleniumDriver] [  916] - {Data Fields & Data Values Exist}
[INFO ][2016-01-14 14:44:26,271][com.java.SeleniumDriver] [  918] - --------------------------setting values-----------------------------
[INFO ][2016-01-14 14:44:26,271][com.java.SeleniumDriver] [  921] - Action Type : STOREVALUE
[INFO ][2016-01-14 14:44:26,271][com.java.TestType] [ 9074] - field= TXTtxtDescription
[DEBUG][2016-01-14 14:44:27,370][com.java.TestType] [ 9088] - Key:: Test  Value:: VLTest43479
[INFO ][2016-01-14 14:44:27,370][com.java.SeleniumDriver] [  930] -  RESULT true
[INFO ][2016-01-14 14:44:27,370][com.java.SeleniumDriver] [ 1136] - ?   P A S S   ?
[INFO ][2016-01-14 14:44:27,370][com.java.SeleniumDriver] [  856] - ------------------------------------------
[INFO ][2016-01-14 14:44:27,370][com.java.SeleniumDriver] [  857] - Test case being Executed: 14
[INFO ][2016-01-14 14:44:27,371][com.java.SeleniumDriver] [  869] - Test step:13
[INFO ][2016-01-14 14:44:27,371][com.java.SeleniumDriver] [  881] - Datavalue is----------3
[INFO ][2016-01-14 14:44:27,371][com.java.SeleniumDriver] [  905] - DataField : test
[INFO ][2016-01-14 14:44:27,371][com.java.SeleniumDriver] [  907] - DataValue : 3
[INFO ][2016-01-14 14:44:27,371][com.java.SeleniumDriver] [  913] - <In Set values of the page>
[INFO ][2016-01-14 14:44:27,371][com.java.SeleniumDriver] [  916] - {Data Fields & Data Values Exist}
[INFO ][2016-01-14 14:44:27,371][com.java.SeleniumDriver] [  918] - --------------------------setting values-----------------------------
[INFO ][2016-01-14 14:44:27,371][com.java.SeleniumDriver] [  921] - Action Type : WAITTIME
[DEBUG][2016-01-14 14:44:27,371][com.java.TestType] [ 5954] - sleepTime: 3000
[INFO ][2016-01-14 14:44:30,372][com.java.SeleniumDriver] [  930] -  RESULT true
[INFO ][2016-01-14 14:44:30,372][com.java.SeleniumDriver] [ 1136] - ?   P A S S   ?
[INFO ][2016-01-14 14:44:30,373][com.java.SeleniumDriver] [  856] - ------------------------------------------
[INFO ][2016-01-14 14:44:30,373][com.java.SeleniumDriver] [  857] - Test case being Executed: 14
[INFO ][2016-01-14 14:44:30,373][com.java.SeleniumDriver] [  869] - Test step:14
[INFO ][2016-01-14 14:44:30,373][com.java.SeleniumDriver] [  881] - Datavalue is----------1.00
[INFO ][2016-01-14 14:44:30,373][com.java.SeleniumDriver] [  905] - DataField : TXTtxtWeight
[INFO ][2016-01-14 14:44:30,373][com.java.SeleniumDriver] [  907] - DataValue : 1.00
[INFO ][2016-01-14 14:44:30,373][com.java.SeleniumDriver] [  913] - <In Set values of the page>
[INFO ][2016-01-14 14:44:30,373][com.java.SeleniumDriver] [  916] - {Data Fields & Data Values Exist}
[INFO ][2016-01-14 14:44:30,373][com.java.SeleniumDriver] [  918] - --------------------------setting values-----------------------------
[INFO ][2016-01-14 14:44:30,373][com.java.SeleniumDriver] [  921] - Action Type : CLEARANDENTER
[INFO ][2016-01-14 14:44:31,535][com.java.TestType] [ 6140] - value = 1.00
[INFO ][2016-01-14 14:44:32,711][com.java.SeleniumDriver] [  930] -  RESULT true
[INFO ][2016-01-14 14:44:32,711][com.java.SeleniumDriver] [ 1136] - ?   P A S S   ?
[INFO ][2016-01-14 14:44:32,711][com.java.SeleniumDriver] [  856] - ------------------------------------------
[INFO ][2016-01-14 14:44:32,713][com.java.SeleniumDriver] [  857] - Test case being Executed: 14
[INFO ][2016-01-14 14:44:32,713][com.java.SeleniumDriver] [  869] - Test step:15
[INFO ][2016-01-14 14:44:32,713][com.java.SeleniumDriver] [  881] - Datavalue is----------Historical
[INFO ][2016-01-14 14:44:32,713][com.java.SeleniumDriver] [  905] - DataField : TXTtxtWeight
[INFO ][2016-01-14 14:44:32,713][com.java.SeleniumDriver] [  907] - DataValue : Historical
[INFO ][2016-01-14 14:44:32,713][com.java.SeleniumDriver] [  913] - <In Set values of the page>
[INFO ][2016-01-14 14:44:32,714][com.java.SeleniumDriver] [  916] - {Data Fields & Data Values Exist}
[INFO ][2016-01-14 14:44:32,714][com.java.SeleniumDriver] [  918] - --------------------------setting values-----------------------------
[INFO ][2016-01-14 14:44:32,714][com.java.SeleniumDriver] [  921] - Action Type : STOREVALUE
[INFO ][2016-01-14 14:44:32,714][com.java.TestType] [ 9074] - field= TXTtxtWeight
[DEBUG][2016-01-14 14:44:33,797][com.java.TestType] [ 9088] - Key:: Historical  Value:: 1.00
[INFO ][2016-01-14 14:44:33,797][com.java.SeleniumDriver] [  930] -  RESULT true
[INFO ][2016-01-14 14:44:33,797][com.java.SeleniumDriver] [ 1136] - ?   P A S S   ?
[INFO ][2016-01-14 14:44:33,797][com.java.SeleniumDriver] [  856] - ------------------------------------------
[INFO ][2016-01-14 14:44:33,797][com.java.SeleniumDriver] [  857] - Test case being Executed: 14
[INFO ][2016-01-14 14:44:33,797][com.java.SeleniumDriver] [  869] - Test step:16
[INFO ][2016-01-14 14:44:33,797][com.java.SeleniumDriver] [  881] - Datavalue is----------3
[INFO ][2016-01-14 14:44:33,797][com.java.SeleniumDriver] [  905] - DataField : XPH//input[@id="txtWeight"]
[INFO ][2016-01-14 14:44:33,797][com.java.SeleniumDriver] [  907] - DataValue : 3
[INFO ][2016-01-14 14:44:33,797][com.java.SeleniumDriver] [  913] - <In Set values of the page>
[INFO ][2016-01-14 14:44:33,798][com.java.SeleniumDriver] [  916] - {Data Fields & Data Values Exist}
[INFO ][2016-01-14 14:44:33,798][com.java.SeleniumDriver] [  918] - --------------------------setting values-----------------------------
[INFO ][2016-01-14 14:44:33,798][com.java.SeleniumDriver] [  921] - Action Type : WAITFORELEMENT
[INFO ][2016-01-14 14:44:33,824][com.java.SeleniumDriver] [  930] -  RESULT true
[INFO ][2016-01-14 14:44:33,824][com.java.SeleniumDriver] [ 1136] - ?   P A S S   ?
[INFO ][2016-01-14 14:44:33,824][com.java.SeleniumDriver] [  856] - ------------------------------------------
[INFO ][2016-01-14 14:44:33,824][com.java.SeleniumDriver] [  857] - Test case being Executed: 14
[INFO ][2016-01-14 14:44:33,824][com.java.SeleniumDriver] [  869] - Test step:17
[INFO ][2016-01-14 14:44:33,824][com.java.SeleniumDriver] [  881] - Datavalue is----------1.20
[INFO ][2016-01-14 14:44:33,824][com.java.SeleniumDriver] [  905] - DataField : TXTtxtWeight1
[INFO ][2016-01-14 14:44:33,825][com.java.SeleniumDriver] [  907] - DataValue : 1.20
[INFO ][2016-01-14 14:44:33,825][com.java.SeleniumDriver] [  913] - <In Set values of the page>
[INFO ][2016-01-14 14:44:33,825][com.java.SeleniumDriver] [  916] - {Data Fields & Data Values Exist}
[INFO ][2016-01-14 14:44:33,825][com.java.SeleniumDriver] [  918] - --------------------------setting values-----------------------------
[INFO ][2016-01-14 14:44:33,825][com.java.SeleniumDriver] [  921] - Action Type : CLEARANDENTER
[INFO ][2016-01-14 14:44:34,978][com.java.TestType] [ 6140] - value = 1.20
[INFO ][2016-01-14 14:44:36,143][com.java.SeleniumDriver] [  930] -  RESULT true
[INFO ][2016-01-14 14:44:36,143][com.java.SeleniumDriver] [ 1136] - ?   P A S S   ?
[INFO ][2016-01-14 14:44:36,143][com.java.SeleniumDriver] [  856] - ------------------------------------------
[INFO ][2016-01-14 14:44:36,143][com.java.SeleniumDriver] [  857] - Test case being Executed: 14
[INFO ][2016-01-14 14:44:36,143][com.java.SeleniumDriver] [  869] - Test step:18
[INFO ][2016-01-14 14:44:36,143][com.java.SeleniumDriver] [  881] - Datavalue is----------Economic
[INFO ][2016-01-14 14:44:36,143][com.java.SeleniumDriver] [  905] - DataField : TXTtxtWeight1
[INFO ][2016-01-14 14:44:36,143][com.java.SeleniumDriver] [  907] - DataValue : Economic
[INFO ][2016-01-14 14:44:36,143][com.java.SeleniumDriver] [  913] - <In Set values of the page>
[INFO ][2016-01-14 14:44:36,143][com.java.SeleniumDriver] [  916] - {Data Fields & Data Values Exist}
[INFO ][2016-01-14 14:44:36,143][com.java.SeleniumDriver] [  918] - --------------------------setting values-----------------------------
[INFO ][2016-01-14 14:44:36,144][com.java.SeleniumDriver] [  921] - Action Type : STOREVALUE
[INFO ][2016-01-14 14:44:36,144][com.java.TestType] [ 9074] - field= TXTtxtWeight1
[DEBUG][2016-01-14 14:44:37,231][com.java.TestType] [ 9088] - Key:: Economic  Value:: 1.20
[INFO ][2016-01-14 14:44:37,231][com.java.SeleniumDriver] [  930] -  RESULT true
[INFO ][2016-01-14 14:44:37,231][com.java.SeleniumDriver] [ 1136] - ?   P A S S   ?
[INFO ][2016-01-14 14:44:37,231][com.java.SeleniumDriver] [  856] - ------------------------------------------
[INFO ][2016-01-14 14:44:37,231][com.java.SeleniumDriver] [  857] - Test case being Executed: 14
[INFO ][2016-01-14 14:44:37,231][com.java.SeleniumDriver] [  869] - Test step:19
[INFO ][2016-01-14 14:44:37,231][com.java.SeleniumDriver] [  881] - Datavalue is----------3
[INFO ][2016-01-14 14:44:37,231][com.java.SeleniumDriver] [  905] - DataField : test
[INFO ][2016-01-14 14:44:37,232][com.java.SeleniumDriver] [  907] - DataValue : 3
[INFO ][2016-01-14 14:44:37,232][com.java.SeleniumDriver] [  913] - <In Set values of the page>
[INFO ][2016-01-14 14:44:37,232][com.java.SeleniumDriver] [  916] - {Data Fields & Data Values Exist}
[INFO ][2016-01-14 14:44:37,232][com.java.SeleniumDriver] [  918] - --------------------------setting values-----------------------------
[INFO ][2016-01-14 14:44:37,232][com.java.SeleniumDriver] [  921] - Action Type : WAITTIME
[DEBUG][2016-01-14 14:44:37,232][com.java.TestType] [ 5954] - sleepTime: 3000
[INFO ][2016-01-14 14:44:40,232][com.java.SeleniumDriver] [  930] -  RESULT true
[INFO ][2016-01-14 14:44:40,232][com.java.SeleniumDriver] [ 1136] - ?   P A S S   ?
[INFO ][2016-01-14 14:44:40,232][com.java.SeleniumDriver] [  856] - ------------------------------------------
[INFO ][2016-01-14 14:44:40,232][com.java.SeleniumDriver] [  857] - Test case being Executed: 14
[INFO ][2016-01-14 14:44:40,232][com.java.SeleniumDriver] [  869] - Test step:20
[INFO ][2016-01-14 14:44:40,232][com.java.SeleniumDriver] [  881] - Datavalue is----------0.50
[INFO ][2016-01-14 14:44:40,232][com.java.SeleniumDriver] [  905] - DataField : TXTtxtWeight2
[INFO ][2016-01-14 14:44:40,232][com.java.SeleniumDriver] [  907] - DataValue : 0.50
[INFO ][2016-01-14 14:44:40,232][com.java.SeleniumDriver] [  913] - <In Set values of the page>
[INFO ][2016-01-14 14:44:40,232][com.java.SeleniumDriver] [  916] - {Data Fields & Data Values Exist}
[INFO ][2016-01-14 14:44:40,232][com.java.SeleniumDriver] [  918] - --------------------------setting values-----------------------------
[INFO ][2016-01-14 14:44:40,232][com.java.SeleniumDriver] [  921] - Action Type : CLEARANDENTER
[INFO ][2016-01-14 14:44:41,380][com.java.TestType] [ 6140] - value = 0.50
[INFO ][2016-01-14 14:44:42,547][com.java.SeleniumDriver] [  930] -  RESULT true
[INFO ][2016-01-14 14:44:42,547][com.java.SeleniumDriver] [ 1136] - ?   P A S S   ?
[INFO ][2016-01-14 14:44:42,547][com.java.SeleniumDriver] [  856] - ------------------------------------------
[INFO ][2016-01-14 14:44:42,547][com.java.SeleniumDriver] [  857] - Test case being Executed: 14
[INFO ][2016-01-14 14:44:42,547][com.java.SeleniumDriver] [  869] - Test step:21
[INFO ][2016-01-14 14:44:42,547][com.java.SeleniumDriver] [  881] - Datavalue is----------Other
[INFO ][2016-01-14 14:44:42,549][com.java.SeleniumDriver] [  905] - DataField : TXTtxtWeight2
[INFO ][2016-01-14 14:44:42,549][com.java.SeleniumDriver] [  907] - DataValue : Other
[INFO ][2016-01-14 14:44:42,549][com.java.SeleniumDriver] [  913] - <In Set values of the page>
[INFO ][2016-01-14 14:44:42,549][com.java.SeleniumDriver] [  916] - {Data Fields & Data Values Exist}
[INFO ][2016-01-14 14:44:42,549][com.java.SeleniumDriver] [  918] - --------------------------setting values-----------------------------
[INFO ][2016-01-14 14:44:42,549][com.java.SeleniumDriver] [  921] - Action Type : STOREVALUE
[INFO ][2016-01-14 14:44:42,549][com.java.TestType] [ 9074] - field= TXTtxtWeight2
[DEBUG][2016-01-14 14:44:43,647][com.java.TestType] [ 9088] - Key:: Other  Value:: 0.50
[INFO ][2016-01-14 14:44:43,647][com.java.SeleniumDriver] [  930] -  RESULT true
[INFO ][2016-01-14 14:44:43,647][com.java.SeleniumDriver] [ 1136] - ?   P A S S   ?
[INFO ][2016-01-14 14:44:43,647][com.java.SeleniumDriver] [  856] - ------------------------------------------
[INFO ][2016-01-14 14:44:43,647][com.java.SeleniumDriver] [  857] - Test case being Executed: 14
[INFO ][2016-01-14 14:44:43,647][com.java.SeleniumDriver] [  869] - Test step:22
[INFO ][2016-01-14 14:44:43,648][com.java.SeleniumDriver] [  881] - Datavalue is----------3
[INFO ][2016-01-14 14:44:43,648][com.java.SeleniumDriver] [  905] - DataField : test
[INFO ][2016-01-14 14:44:43,648][com.java.SeleniumDriver] [  907] - DataValue : 3
[INFO ][2016-01-14 14:44:43,648][com.java.SeleniumDriver] [  913] - <In Set values of the page>
[INFO ][2016-01-14 14:44:43,648][com.java.SeleniumDriver] [  916] - {Data Fields & Data Values Exist}
[INFO ][2016-01-14 14:44:43,648][com.java.SeleniumDriver] [  918] - --------------------------setting values-----------------------------
[INFO ][2016-01-14 14:44:43,648][com.java.SeleniumDriver] [  921] - Action Type : WAITTIME
[DEBUG][2016-01-14 14:44:43,648][com.java.TestType] [ 5954] - sleepTime: 3000
[INFO ][2016-01-14 14:44:46,648][com.java.SeleniumDriver] [  930] -  RESULT true
[INFO ][2016-01-14 14:44:46,648][com.java.SeleniumDriver] [ 1136] - ?   P A S S   ?
[INFO ][2016-01-14 14:44:46,648][com.java.SeleniumDriver] [  856] - ------------------------------------------
[INFO ][2016-01-14 14:44:46,648][com.java.SeleniumDriver] [  857] - Test case being Executed: 14
[INFO ][2016-01-14 14:44:46,648][com.java.SeleniumDriver] [  869] - Test step:23
[INFO ][2016-01-14 14:44:46,648][com.java.SeleniumDriver] [  881] - Datavalue is----------null
[DEBUG][2016-01-14 14:44:46,648][com.java.SeleniumDriver] [  899] - Exception: null
[INFO ][2016-01-14 14:44:46,648][com.java.SeleniumDriver] [  905] - DataField : BTNchkRated
[INFO ][2016-01-14 14:44:46,648][com.java.SeleniumDriver] [  907] - DataValue : 
[INFO ][2016-01-14 14:44:46,648][com.java.SeleniumDriver] [  913] - <In Set values of the page>
[INFO ][2016-01-14 14:44:46,648][com.java.SeleniumDriver] [  916] - {Data Fields & Data Values Exist}
[INFO ][2016-01-14 14:44:46,649][com.java.SeleniumDriver] [  918] - --------------------------setting values-----------------------------
[INFO ][2016-01-14 14:44:46,649][com.java.SeleniumDriver] [  921] - Action Type : CLICK
[INFO ][2016-01-14 14:44:46,649][com.java.TestType] [ 6519] - Field ::BTNchkRated
[INFO ][2016-01-14 14:44:46,649][com.java.TestType] [ 6140] - value = 
[INFO ][2016-01-14 14:44:47,649][com.java.TestType] [ 6635] - BEFORE CLICK
[INFO ][2016-01-14 14:44:48,839][com.java.TestType] [ 6642] - Unable to click the object RatedLoan checkbox
[INFO ][2016-01-14 14:44:48,839][com.java.SeleniumDriver] [  930] -  RESULT true
[INFO ][2016-01-14 14:44:48,839][com.java.SeleniumDriver] [ 1136] - ?   P A S S   ?
[INFO ][2016-01-14 14:44:48,839][com.java.SeleniumDriver] [  856] - ------------------------------------------
[INFO ][2016-01-14 14:44:48,839][com.java.SeleniumDriver] [  857] - Test case being Executed: 14
[INFO ][2016-01-14 14:44:48,839][com.java.SeleniumDriver] [  869] - Test step:24
[INFO ][2016-01-14 14:44:48,839][com.java.SeleniumDriver] [  881] - Datavalue is----------null
[DEBUG][2016-01-14 14:44:48,840][com.java.SeleniumDriver] [  899] - Exception: null
[INFO ][2016-01-14 14:44:48,840][com.java.SeleniumDriver] [  905] - DataField : BTNparent
[INFO ][2016-01-14 14:44:48,840][com.java.SeleniumDriver] [  907] - DataValue : 
[INFO ][2016-01-14 14:44:48,840][com.java.SeleniumDriver] [  913] - <In Set values of the page>
[INFO ][2016-01-14 14:44:48,840][com.java.SeleniumDriver] [  916] - {Data Fields & Data Values Exist}
[INFO ][2016-01-14 14:44:48,840][com.java.SeleniumDriver] [  918] - --------------------------setting values-----------------------------
[INFO ][2016-01-14 14:44:48,840][com.java.SeleniumDriver] [  921] - Action Type : SELECTFRAME
[INFO ][2016-01-14 14:44:48,855][com.java.SeleniumDriver] [  930] -  RESULT true
[INFO ][2016-01-14 14:44:48,855][com.java.SeleniumDriver] [ 1136] - ?   P A S S   ?
[INFO ][2016-01-14 14:44:48,855][com.java.SeleniumDriver] [  856] - ------------------------------------------
[INFO ][2016-01-14 14:44:48,855][com.java.SeleniumDriver] [  857] - Test case being Executed: 14
[INFO ][2016-01-14 14:44:48,855][com.java.SeleniumDriver] [  869] - Test step:25
[INFO ][2016-01-14 14:44:48,855][com.java.SeleniumDriver] [  881] - Datavalue is----------5
[INFO ][2016-01-14 14:44:48,855][com.java.SeleniumDriver] [  905] - DataField : XPH//span[contains(text(), 'Update')]
[INFO ][2016-01-14 14:44:48,855][com.java.SeleniumDriver] [  907] - DataValue : 5
[INFO ][2016-01-14 14:44:48,855][com.java.SeleniumDriver] [  913] - <In Set values of the page>
[INFO ][2016-01-14 14:44:48,855][com.java.SeleniumDriver] [  916] - {Data Fields & Data Values Exist}
[INFO ][2016-01-14 14:44:48,856][com.java.SeleniumDriver] [  918] - --------------------------setting values-----------------------------
[INFO ][2016-01-14 14:44:48,856][com.java.SeleniumDriver] [  921] - Action Type : WAITFORELEMENT
[INFO ][2016-01-14 14:44:48,892][com.java.SeleniumDriver] [  930] -  RESULT true
[INFO ][2016-01-14 14:44:48,892][com.java.SeleniumDriver] [ 1136] - ?   P A S S   ?
[INFO ][2016-01-14 14:44:48,892][com.java.SeleniumDriver] [  856] - ------------------------------------------
[INFO ][2016-01-14 14:44:48,892][com.java.SeleniumDriver] [  857] - Test case being Executed: 14
[INFO ][2016-01-14 14:44:48,892][com.java.SeleniumDriver] [  869] - Test step:26
[INFO ][2016-01-14 14:44:48,893][com.java.SeleniumDriver] [  881] - Datavalue is----------null
[DEBUG][2016-01-14 14:44:48,893][com.java.SeleniumDriver] [  899] - Exception: null
[INFO ][2016-01-14 14:44:48,893][com.java.SeleniumDriver] [  905] - DataField : XPH//span[contains(text(), 'Update')]
[INFO ][2016-01-14 14:44:48,893][com.java.SeleniumDriver] [  907] - DataValue : 
[INFO ][2016-01-14 14:44:48,893][com.java.SeleniumDriver] [  913] - <In Set values of the page>
[INFO ][2016-01-14 14:44:48,893][com.java.SeleniumDriver] [  916] - {Data Fields & Data Values Exist}
[INFO ][2016-01-14 14:44:48,893][com.java.SeleniumDriver] [  918] - --------------------------setting values-----------------------------
[INFO ][2016-01-14 14:44:48,893][com.java.SeleniumDriver] [  921] - Action Type : CLICK
[INFO ][2016-01-14 14:44:48,893][com.java.TestType] [ 6519] - Field ::XPH//span[contains(text(), 'Update')]
[INFO ][2016-01-14 14:44:48,893][com.java.TestType] [ 6140] - value = 
[INFO ][2016-01-14 14:44:49,893][com.java.TestType] [ 6656] - BEFORE CLICK
[INFO ][2016-01-14 14:44:50,795][com.java.TestType] [ 6664] - Unable to click the object Update button
[INFO ][2016-01-14 14:44:50,795][com.java.SeleniumDriver] [  930] -  RESULT true
[INFO ][2016-01-14 14:44:50,795][com.java.SeleniumDriver] [ 1136] - ?   P A S S   ?
[INFO ][2016-01-14 14:44:50,795][com.java.SeleniumDriver] [  856] - ------------------------------------------
[INFO ][2016-01-14 14:44:50,795][com.java.SeleniumDriver] [  857] - Test case being Executed: 14
[INFO ][2016-01-14 14:44:50,795][com.java.SeleniumDriver] [  869] - Test step:27
[INFO ][2016-01-14 14:44:50,795][com.java.SeleniumDriver] [  881] - Datavalue is----------10
[INFO ][2016-01-14 14:44:50,795][com.java.SeleniumDriver] [  905] - DataField : XPH//span[contains(text(), 'Rated Loan Categories')]
[INFO ][2016-01-14 14:44:50,795][com.java.SeleniumDriver] [  907] - DataValue : 10
[INFO ][2016-01-14 14:44:50,795][com.java.SeleniumDriver] [  913] - <In Set values of the page>
[INFO ][2016-01-14 14:44:50,795][com.java.SeleniumDriver] [  916] - {Data Fields & Data Values Exist}
[INFO ][2016-01-14 14:44:50,795][com.java.SeleniumDriver] [  918] - --------------------------setting values-----------------------------
[INFO ][2016-01-14 14:44:50,795][com.java.SeleniumDriver] [  921] - Action Type : WAITFORELEMENT
[INFO ][2016-01-14 14:44:51,281][com.java.SeleniumDriver] [  930] -  RESULT true
[INFO ][2016-01-14 14:44:51,281][com.java.SeleniumDriver] [ 1136] - ?   P A S S   ?
[INFO ][2016-01-14 14:44:51,281][com.java.SeleniumDriver] [  856] - ------------------------------------------
[INFO ][2016-01-14 14:44:51,281][com.java.SeleniumDriver] [  857] - Test case being Executed: 14
[INFO ][2016-01-14 14:44:51,281][com.java.SeleniumDriver] [  869] - Test step:28
[INFO ][2016-01-14 14:44:51,281][com.java.SeleniumDriver] [  881] - Datavalue is----------null
[DEBUG][2016-01-14 14:44:51,282][com.java.SeleniumDriver] [  899] - Exception: null
[INFO ][2016-01-14 14:44:51,282][com.java.SeleniumDriver] [  905] - DataField : BTNframeDialogContent
[INFO ][2016-01-14 14:44:51,282][com.java.SeleniumDriver] [  907] - DataValue : 
[INFO ][2016-01-14 14:44:51,282][com.java.SeleniumDriver] [  913] - <In Set values of the page>
[INFO ][2016-01-14 14:44:51,282][com.java.SeleniumDriver] [  916] - {Data Fields & Data Values Exist}
[INFO ][2016-01-14 14:44:51,282][com.java.SeleniumDriver] [  918] - --------------------------setting values-----------------------------
[INFO ][2016-01-14 14:44:51,282][com.java.SeleniumDriver] [  921] - Action Type : SELECTFRAME
[INFO ][2016-01-14 14:44:52,552][com.java.SeleniumDriver] [  930] -  RESULT true
[INFO ][2016-01-14 14:44:52,552][com.java.SeleniumDriver] [ 1136] - ?   P A S S   ?
[INFO ][2016-01-14 14:44:52,552][com.java.SeleniumDriver] [  856] - ------------------------------------------
[INFO ][2016-01-14 14:44:52,552][com.java.SeleniumDriver] [  857] - Test case being Executed: 14
[INFO ][2016-01-14 14:44:52,552][com.java.SeleniumDriver] [  869] - Test step:29
[INFO ][2016-01-14 14:44:52,554][com.java.SeleniumDriver] [  881] - Datavalue is----------3
[INFO ][2016-01-14 14:44:52,554][com.java.SeleniumDriver] [  905] - DataField : test
[INFO ][2016-01-14 14:44:52,554][com.java.SeleniumDriver] [  907] - DataValue : 3
[INFO ][2016-01-14 14:44:52,554][com.java.SeleniumDriver] [  913] - <In Set values of the page>
[INFO ][2016-01-14 14:44:52,554][com.java.SeleniumDriver] [  916] - {Data Fields & Data Values Exist}
[INFO ][2016-01-14 14:44:52,554][com.java.SeleniumDriver] [  918] - --------------------------setting values-----------------------------
[INFO ][2016-01-14 14:44:52,554][com.java.SeleniumDriver] [  921] - Action Type : WAITTIME
[DEBUG][2016-01-14 14:44:52,554][com.java.TestType] [ 5954] - sleepTime: 3000
[INFO ][2016-01-14 14:44:55,554][com.java.SeleniumDriver] [  930] -  RESULT true
[INFO ][2016-01-14 14:44:55,554][com.java.SeleniumDriver] [ 1136] - ?   P A S S   ?
[INFO ][2016-01-14 14:44:55,554][com.java.SeleniumDriver] [  856] - ------------------------------------------
[INFO ][2016-01-14 14:44:55,554][com.java.SeleniumDriver] [  857] - Test case being Executed: 14
[INFO ][2016-01-14 14:44:55,554][com.java.SeleniumDriver] [  869] - Test step:30
[INFO ][2016-01-14 14:44:55,554][com.java.SeleniumDriver] [  881] - Datavalue is----------HMVTest
[INFO ][2016-01-14 14:44:55,554][com.java.SeleniumDriver] [  905] - DataField : MSG
[INFO ][2016-01-14 14:44:55,554][com.java.SeleniumDriver] [  907] - DataValue : HMVTest
[INFO ][2016-01-14 14:44:55,554][com.java.SeleniumDriver] [  913] - <In Set values of the page>
[INFO ][2016-01-14 14:44:55,554][com.java.SeleniumDriver] [  916] - {Data Fields & Data Values Exist}
[INFO ][2016-01-14 14:44:55,555][com.java.SeleniumDriver] [  918] - --------------------------setting values-----------------------------
[INFO ][2016-01-14 14:44:55,555][com.java.SeleniumDriver] [  921] - Action Type : VERIFY
[INFO ][2016-01-14 14:44:55,555][com.java.TestType] [ 7647] - field= MSG value= HMVTest
[INFO ][2016-01-14 14:44:55,555][com.java.TestType] [ 6140] - value = VLTest43479
[DEBUG][2016-01-14 14:44:55,555][com.java.TestType] [ 8477] - value :: VLTest43479
[INFO ][2016-01-14 14:44:55,573][com.java.SeleniumDriver] [  930] -  RESULT true
[INFO ][2016-01-14 14:44:55,573][com.java.SeleniumDriver] [ 1136] - ?   P A S S   ?
[INFO ][2016-01-14 14:44:55,574][com.java.SeleniumDriver] [  856] - ------------------------------------------
[INFO ][2016-01-14 14:44:55,574][com.java.SeleniumDriver] [  857] - Test case being Executed: 14
[INFO ][2016-01-14 14:44:55,574][com.java.SeleniumDriver] [  869] - Test step:31
[INFO ][2016-01-14 14:44:55,574][com.java.SeleniumDriver] [  881] - Datavalue is----------3
[INFO ][2016-01-14 14:44:55,574][com.java.SeleniumDriver] [  905] - DataField : test
[INFO ][2016-01-14 14:44:55,574][com.java.SeleniumDriver] [  907] - DataValue : 3
[INFO ][2016-01-14 14:44:55,574][com.java.SeleniumDriver] [  913] - <In Set values of the page>
[INFO ][2016-01-14 14:44:55,574][com.java.SeleniumDriver] [  916] - {Data Fields & Data Values Exist}
[INFO ][2016-01-14 14:44:55,574][com.java.SeleniumDriver] [  918] - --------------------------setting values-----------------------------
[INFO ][2016-01-14 14:44:55,574][com.java.SeleniumDriver] [  921] - Action Type : WAITTIME
[DEBUG][2016-01-14 14:44:55,574][com.java.TestType] [ 5954] - sleepTime: 3000
[INFO ][2016-01-14 14:44:58,574][com.java.SeleniumDriver] [  930] -  RESULT true
[INFO ][2016-01-14 14:44:58,574][com.java.SeleniumDriver] [ 1136] - ?   P A S S   ?
[INFO ][2016-01-14 14:44:58,574][com.java.SeleniumDriver] [  856] - ------------------------------------------
[INFO ][2016-01-14 14:44:58,574][com.java.SeleniumDriver] [  857] - Test case being Executed: 14
[INFO ][2016-01-14 14:44:58,574][com.java.SeleniumDriver] [  869] - Test step:32
[INFO ][2016-01-14 14:44:58,574][com.java.SeleniumDriver] [  881] - Datavalue is----------HMVHistorical
[INFO ][2016-01-14 14:44:58,574][com.java.SeleniumDriver] [  905] - DataField : MSG
[INFO ][2016-01-14 14:44:58,574][com.java.SeleniumDriver] [  907] - DataValue : HMVHistorical
[INFO ][2016-01-14 14:44:58,574][com.java.SeleniumDriver] [  913] - <In Set values of the page>
[INFO ][2016-01-14 14:44:58,574][com.java.SeleniumDriver] [  916] - {Data Fields & Data Values Exist}
[INFO ][2016-01-14 14:44:58,574][com.java.SeleniumDriver] [  918] - --------------------------setting values-----------------------------
[INFO ][2016-01-14 14:44:58,574][com.java.SeleniumDriver] [  921] - Action Type : VERIFY
[INFO ][2016-01-14 14:44:58,575][com.java.TestType] [ 7647] - field= MSG value= HMVHistorical
[INFO ][2016-01-14 14:44:58,575][com.java.TestType] [ 6140] - value = 1.00
[DEBUG][2016-01-14 14:44:58,575][com.java.TestType] [ 8477] - value :: 1.00
[INFO ][2016-01-14 14:44:58,593][com.java.SeleniumDriver] [  930] -  RESULT true
[INFO ][2016-01-14 14:44:58,593][com.java.SeleniumDriver] [ 1136] - ?   P A S S   ?
[INFO ][2016-01-14 14:44:58,593][com.java.SeleniumDriver] [  856] - ------------------------------------------
[INFO ][2016-01-14 14:44:58,593][com.java.SeleniumDriver] [  857] - Test case being Executed: 14
[INFO ][2016-01-14 14:44:58,593][com.java.SeleniumDriver] [  869] - Test step:33
[INFO ][2016-01-14 14:44:58,594][com.java.SeleniumDriver] [  881] - Datavalue is----------HMVEconomic
[INFO ][2016-01-14 14:44:58,594][com.java.SeleniumDriver] [  905] - DataField : MSG
[INFO ][2016-01-14 14:44:58,594][com.java.SeleniumDriver] [  907] - DataValue : HMVEconomic
[INFO ][2016-01-14 14:44:58,594][com.java.SeleniumDriver] [  913] - <In Set values of the page>
[INFO ][2016-01-14 14:44:58,594][com.java.SeleniumDriver] [  916] - {Data Fields & Data Values Exist}
[INFO ][2016-01-14 14:44:58,594][com.java.SeleniumDriver] [  918] - --------------------------setting values-----------------------------
[INFO ][2016-01-14 14:44:58,594][com.java.SeleniumDriver] [  921] - Action Type : VERIFY
[INFO ][2016-01-14 14:44:58,594][com.java.TestType] [ 7647] - field= MSG value= HMVEconomic
[INFO ][2016-01-14 14:44:58,594][com.java.TestType] [ 6140] - value = 1.20
[DEBUG][2016-01-14 14:44:58,594][com.java.TestType] [ 8477] - value :: 1.20
[INFO ][2016-01-14 14:44:58,611][com.java.SeleniumDriver] [  930] -  RESULT true
[INFO ][2016-01-14 14:44:58,611][com.java.SeleniumDriver] [ 1136] - ?   P A S S   ?
[INFO ][2016-01-14 14:44:58,611][com.java.SeleniumDriver] [  856] - ------------------------------------------
[INFO ][2016-01-14 14:44:58,611][com.java.SeleniumDriver] [  857] - Test case being Executed: 14
[INFO ][2016-01-14 14:44:58,611][com.java.SeleniumDriver] [  869] - Test step:34
[INFO ][2016-01-14 14:44:58,611][com.java.SeleniumDriver] [  881] - Datavalue is----------HMVOther
[INFO ][2016-01-14 14:44:58,611][com.java.SeleniumDriver] [  905] - DataField : MSG
[INFO ][2016-01-14 14:44:58,611][com.java.SeleniumDriver] [  907] - DataValue : HMVOther
[INFO ][2016-01-14 14:44:58,611][com.java.SeleniumDriver] [  913] - <In Set values of the page>
[INFO ][2016-01-14 14:44:58,612][com.java.SeleniumDriver] [  916] - {Data Fields & Data Values Exist}
[INFO ][2016-01-14 14:44:58,612][com.java.SeleniumDriver] [  918] - --------------------------setting values-----------------------------
[INFO ][2016-01-14 14:44:58,612][com.java.SeleniumDriver] [  921] - Action Type : VERIFY
[INFO ][2016-01-14 14:44:58,612][com.java.TestType] [ 7647] - field= MSG value= HMVOther
[INFO ][2016-01-14 14:44:58,612][com.java.TestType] [ 6140] - value = 0.50
[DEBUG][2016-01-14 14:44:58,612][com.java.TestType] [ 8477] - value :: 0.50
[INFO ][2016-01-14 14:44:58,629][com.java.SeleniumDriver] [  930] -  RESULT true
[INFO ][2016-01-14 14:44:58,630][com.java.SeleniumDriver] [ 1136] - ?   P A S S   ?
[INFO ][2016-01-14 14:44:58,630][com.java.SeleniumDriver] [  856] - ------------------------------------------
[INFO ][2016-01-14 14:44:58,630][com.java.SeleniumDriver] [  857] - Test case being Executed: 14
[INFO ][2016-01-14 14:44:58,630][com.java.SeleniumDriver] [  869] - Test step:35
[INFO ][2016-01-14 14:44:58,630][com.java.SeleniumDriver] [  881] - Datavalue is----------Test::CANCEL
[INFO ][2016-01-14 14:44:58,630][com.java.SeleniumDriver] [  905] - DataField : MTC//input[@value="mytext"]/following::td[5]/span
[INFO ][2016-01-14 14:44:58,630][com.java.SeleniumDriver] [  907] - DataValue : Test::CANCEL
[INFO ][2016-01-14 14:44:58,630][com.java.SeleniumDriver] [  913] - <In Set values of the page>
[INFO ][2016-01-14 14:44:58,630][com.java.SeleniumDriver] [  916] - {Data Fields & Data Values Exist}
[INFO ][2016-01-14 14:44:58,630][com.java.SeleniumDriver] [  918] - --------------------------setting values-----------------------------
[INFO ][2016-01-14 14:44:58,630][com.java.SeleniumDriver] [  921] - Action Type : CLICKWITHALERT
[INFO ][2016-01-14 14:45:04,659][com.java.SeleniumDriver] [  930] -  RESULT true
[INFO ][2016-01-14 14:45:04,659][com.java.SeleniumDriver] [ 1136] - ?   P A S S   ?
[INFO ][2016-01-14 14:45:04,659][com.java.SeleniumDriver] [  856] - ------------------------------------------
[INFO ][2016-01-14 14:45:04,659][com.java.SeleniumDriver] [  857] - Test case being Executed: 14
[INFO ][2016-01-14 14:45:04,659][com.java.SeleniumDriver] [  869] - Test step:36
[INFO ][2016-01-14 14:45:04,659][com.java.SeleniumDriver] [  881] - Datavalue is----------5
[INFO ][2016-01-14 14:45:04,659][com.java.SeleniumDriver] [  905] - DataField : TXTtxtDescription.1
[INFO ][2016-01-14 14:45:04,659][com.java.SeleniumDriver] [  907] - DataValue : 5
[INFO ][2016-01-14 14:45:04,659][com.java.SeleniumDriver] [  913] - <In Set values of the page>
[INFO ][2016-01-14 14:45:04,659][com.java.SeleniumDriver] [  916] - {Data Fields & Data Values Exist}
[INFO ][2016-01-14 14:45:04,659][com.java.SeleniumDriver] [  918] - --------------------------setting values-----------------------------
[INFO ][2016-01-14 14:45:04,659][com.java.SeleniumDriver] [  921] - Action Type : WAITFORELEMENT
[INFO ][2016-01-14 14:45:05,719][com.java.SeleniumDriver] [  930] -  RESULT true
[INFO ][2016-01-14 14:45:05,719][com.java.SeleniumDriver] [ 1136] - ?   P A S S   ?
[INFO ][2016-01-14 14:45:05,719][com.java.SeleniumDriver] [  856] - ------------------------------------------
[INFO ][2016-01-14 14:45:05,719][com.java.SeleniumDriver] [  857] - Test case being Executed: 14
[INFO ][2016-01-14 14:45:05,719][com.java.SeleniumDriver] [  869] - Test step:37
[INFO ][2016-01-14 14:45:05,719][com.java.SeleniumDriver] [  881] - Datavalue is----------Test::OK
[INFO ][2016-01-14 14:45:05,720][com.java.SeleniumDriver] [  905] - DataField : MTC//input[@value="mytext"]/following::td[5]/span
[INFO ][2016-01-14 14:45:05,720][com.java.SeleniumDriver] [  907] - DataValue : Test::OK
[INFO ][2016-01-14 14:45:05,720][com.java.SeleniumDriver] [  913] - <In Set values of the page>
[INFO ][2016-01-14 14:45:05,720][com.java.SeleniumDriver] [  916] - {Data Fields & Data Values Exist}
[INFO ][2016-01-14 14:45:05,720][com.java.SeleniumDriver] [  918] - --------------------------setting values-----------------------------
[INFO ][2016-01-14 14:45:05,720][com.java.SeleniumDriver] [  921] - Action Type : CLICKWITHALERT
[INFO ][2016-01-14 14:45:12,260][com.java.SeleniumDriver] [  930] -  RESULT true
[INFO ][2016-01-14 14:45:12,261][com.java.SeleniumDriver] [ 1136] - ?   P A S S   ?
[INFO ][2016-01-14 14:45:12,261][com.java.SeleniumDriver] [  856] - ------------------------------------------
[INFO ][2016-01-14 14:45:12,261][com.java.SeleniumDriver] [  857] - Test case being Executed: 14
[INFO ][2016-01-14 14:45:12,261][com.java.SeleniumDriver] [  869] - Test step:38
[INFO ][2016-01-14 14:45:12,261][com.java.SeleniumDriver] [  881] - Datavalue is----------null
[DEBUG][2016-01-14 14:45:12,261][com.java.SeleniumDriver] [  899] - Exception: null
[INFO ][2016-01-14 14:45:12,261][com.java.SeleniumDriver] [  905] - DataField : BTNparent
[INFO ][2016-01-14 14:45:12,261][com.java.SeleniumDriver] [  907] - DataValue : 
[INFO ][2016-01-14 14:45:12,261][com.java.SeleniumDriver] [  913] - <In Set values of the page>
[INFO ][2016-01-14 14:45:12,261][com.java.SeleniumDriver] [  916] - {Data Fields & Data Values Exist}
[INFO ][2016-01-14 14:45:12,261][com.java.SeleniumDriver] [  918] - --------------------------setting values-----------------------------
[INFO ][2016-01-14 14:45:12,261][com.java.SeleniumDriver] [  921] - Action Type : SELECTFRAME
[INFO ][2016-01-14 14:45:12,278][com.java.SeleniumDriver] [  930] -  RESULT true
[INFO ][2016-01-14 14:45:12,278][com.java.SeleniumDriver] [ 1136] - ?   P A S S   ?
[INFO ][2016-01-14 14:45:12,278][com.java.SeleniumDriver] [  856] - ------------------------------------------
[INFO ][2016-01-14 14:45:12,278][com.java.SeleniumDriver] [  857] - Test case being Executed: 14
[INFO ][2016-01-14 14:45:12,278][com.java.SeleniumDriver] [  869] - Test step:39
[INFO ][2016-01-14 14:45:12,278][com.java.SeleniumDriver] [  881] - Datavalue is----------null
[DEBUG][2016-01-14 14:45:12,279][com.java.SeleniumDriver] [  899] - Exception: null
[INFO ][2016-01-14 14:45:12,279][com.java.SeleniumDriver] [  905] - DataField : XPH//span[contains(text(),'Update')]
[INFO ][2016-01-14 14:45:12,279][com.java.SeleniumDriver] [  907] - DataValue : 
[INFO ][2016-01-14 14:45:12,279][com.java.SeleniumDriver] [  913] - <In Set values of the page>
[INFO ][2016-01-14 14:45:12,279][com.java.SeleniumDriver] [  916] - {Data Fields & Data Values Exist}
[INFO ][2016-01-14 14:45:12,279][com.java.SeleniumDriver] [  918] - --------------------------setting values-----------------------------
[INFO ][2016-01-14 14:45:12,279][com.java.SeleniumDriver] [  921] - Action Type : CLICK
[INFO ][2016-01-14 14:45:12,279][com.java.TestType] [ 6519] - Field ::XPH//span[contains(text(),'Update')]
[INFO ][2016-01-14 14:45:12,279][com.java.TestType] [ 6140] - value = 
[INFO ][2016-01-14 14:45:13,279][com.java.TestType] [ 6656] - BEFORE CLICK
[INFO ][2016-01-14 14:45:14,559][com.java.TestType] [ 6664] - Unable to click the object Update button
[INFO ][2016-01-14 14:45:14,559][com.java.SeleniumDriver] [  930] -  RESULT true
[INFO ][2016-01-14 14:45:14,559][com.java.SeleniumDriver] [ 1136] - ?   P A S S   ?
[INFO ][2016-01-14 14:45:14,559][com.java.SeleniumDriver] [  856] - ------------------------------------------
[INFO ][2016-01-14 14:45:14,559][com.java.SeleniumDriver] [  857] - Test case being Executed: 14
[INFO ][2016-01-14 14:45:14,559][com.java.SeleniumDriver] [  869] - Test step:40
[INFO ][2016-01-14 14:45:14,559][com.java.SeleniumDriver] [  881] - Datavalue is----------3
[INFO ][2016-01-14 14:45:14,559][com.java.SeleniumDriver] [  905] - DataField : XPH//div[contains(text(), 'My Dashboard')]
[INFO ][2016-01-14 14:45:14,559][com.java.SeleniumDriver] [  907] - DataValue : 3
[INFO ][2016-01-14 14:45:14,559][com.java.SeleniumDriver] [  913] - <In Set values of the page>
[INFO ][2016-01-14 14:45:14,559][com.java.SeleniumDriver] [  916] - {Data Fields & Data Values Exist}
[INFO ][2016-01-14 14:45:14,559][com.java.SeleniumDriver] [  918] - --------------------------setting values-----------------------------
[INFO ][2016-01-14 14:45:14,560][com.java.SeleniumDriver] [  921] - Action Type : WAITFORELEMENT
[INFO ][2016-01-14 14:45:14,599][com.java.SeleniumDriver] [  930] -  RESULT true
[INFO ][2016-01-14 14:45:14,599][com.java.SeleniumDriver] [ 1136] - ?   P A S S   ?
[INFO ][2016-01-14 14:45:14,599][com.java.SeleniumDriver] [  856] - ------------------------------------------
[INFO ][2016-01-14 14:45:14,599][com.java.SeleniumDriver] [  857] - Test case being Executed: 14
[INFO ][2016-01-14 14:45:14,599][com.java.SeleniumDriver] [  869] - Test step:41
[INFO ][2016-01-14 14:45:14,599][com.java.SeleniumDriver] [  881] - Datavalue is----------//div[contains(text(), 'My Dashboard')]
[INFO ][2016-01-14 14:45:14,600][com.java.SeleniumDriver] [  905] - DataField : BTN
[INFO ][2016-01-14 14:45:14,600][com.java.SeleniumDriver] [  907] - DataValue : //div[contains(text(), 'My Dashboard')]
[INFO ][2016-01-14 14:45:14,600][com.java.SeleniumDriver] [  913] - <In Set values of the page>
[INFO ][2016-01-14 14:45:14,600][com.java.SeleniumDriver] [  916] - {Data Fields & Data Values Exist}
[INFO ][2016-01-14 14:45:14,600][com.java.SeleniumDriver] [  918] - --------------------------setting values-----------------------------
[INFO ][2016-01-14 14:45:14,600][com.java.SeleniumDriver] [  921] - Action Type : VERIFY
[INFO ][2016-01-14 14:45:14,600][com.java.TestType] [ 7647] - field= BTN value= //div[contains(text(), 'My Dashboard')]
[INFO ][2016-01-14 14:45:14,600][com.java.TestType] [ 6140] - value = //div[contains(text(), 'My Dashboard')]
[INFO ][2016-01-14 14:45:14,684][com.java.SeleniumDriver] [  930] -  RESULT true
[INFO ][2016-01-14 14:45:14,684][com.java.SeleniumDriver] [ 1136] - ?   P A S S   ?
[DEBUG][2016-01-14 14:45:14,684][com.java.SeleniumDriver] [ 1248] - Case found
[DEBUG][2016-01-14 14:45:14,684][com.java.SeleniumDriver] [ 1253] - Incrementing ReportCounters[0]:2
[INFO ][2016-01-14 14:45:14,684][com.java.SeleniumDriver] [ 1272] - The results are-------------------[14, 1, Admin: Company Settings: Rated Loan Categories: Delete Category, Pass, , Thu Jan 14 14:43:46 IST 2016, 14, 3, Admin: Company Settings: Rated Loan Categories: Delete Category, Pass, , Thu Jan 14 14:43:52 IST 2016, 14, 4, Admin: Company Settings: Rated Loan Categories: Delete Category, Pass, , Thu Jan 14 14:44:19 IST 2016, 14, 5, Admin: Company Settings: Rated Loan Categories: Delete Category, Pass, , Thu Jan 14 14:44:19 IST 2016, 14, 6, Admin: Company Settings: Rated Loan Categories: Delete Category, Pass, , Thu Jan 14 14:44:21 IST 2016, 14, 7, Admin: Company Settings: Rated Loan Categories: Delete Category, Pass, , Thu Jan 14 14:44:23 IST 2016, 14, 8, Admin: Company Settings: Rated Loan Categories: Delete Category, Pass, , Thu Jan 14 14:44:23 IST 2016, 14, 9, Admin: Company Settings: Rated Loan Categories: Delete Category, Pass, , Thu Jan 14 14:44:23 IST 2016, 14, 10, Admin: Company Settings: Rated Loan Categories: Delete Category, Pass, , Thu Jan 14 14:44:23 IST 2016, 14, 11, Admin: Company Settings: Rated Loan Categories: Delete Category, Pass, , Thu Jan 14 14:44:26 IST 2016, 14, 12, Admin: Company Settings: Rated Loan Categories: Delete Category, Pass, , Thu Jan 14 14:44:27 IST 2016, 14, 13, Admin: Company Settings: Rated Loan Categories: Delete Category, Pass, , Thu Jan 14 14:44:30 IST 2016, 14, 14, Admin: Company Settings: Rated Loan Categories: Delete Category, Pass, , Thu Jan 14 14:44:32 IST 2016, 14, 15, Admin: Company Settings: Rated Loan Categories: Delete Category, Pass, , Thu Jan 14 14:44:33 IST 2016, 14, 16, Admin: Company Settings: Rated Loan Categories: Delete Category, Pass, , Thu Jan 14 14:44:33 IST 2016, 14, 17, Admin: Company Settings: Rated Loan Categories: Delete Category, Pass, , Thu Jan 14 14:44:36 IST 2016, 14, 18, Admin: Company Settings: Rated Loan Categories: Delete Category, Pass, , Thu Jan 14 14:44:37 IST 2016, 14, 19, Admin: Company Settings: Rated Loan Categories: Delete Category, Pass, , Thu Jan 14 14:44:40 IST 2016, 14, 20, Admin: Company Settings: Rated Loan Categories: Delete Category, Pass, , Thu Jan 14 14:44:42 IST 2016, 14, 21, Admin: Company Settings: Rated Loan Categories: Delete Category, Pass, , Thu Jan 14 14:44:43 IST 2016, 14, 22, Admin: Company Settings: Rated Loan Categories: Delete Category, Pass, , Thu Jan 14 14:44:46 IST 2016, 14, 23, Admin: Company Settings: Rated Loan Categories: Delete Category, Pass, , Thu Jan 14 14:44:48 IST 2016, 14, 24, Admin: Company Settings: Rated Loan Categories: Delete Category, Pass, , Thu Jan 14 14:44:48 IST 2016, 14, 25, Admin: Company Settings: Rated Loan Categories: Delete Category, Pass, , Thu Jan 14 14:44:48 IST 2016, 14, 26, Admin: Company Settings: Rated Loan Categories: Delete Category, Pass, , Thu Jan 14 14:44:50 IST 2016, 14, 27, Admin: Company Settings: Rated Loan Categories: Delete Category, Pass, , Thu Jan 14 14:44:51 IST 2016, 14, 28, Admin: Company Settings: Rated Loan Categories: Delete Category, Pass, , Thu Jan 14 14:44:52 IST 2016, 14, 29, Admin: Company Settings: Rated Loan Categories: Delete Category, Pass, , Thu Jan 14 14:44:55 IST 2016, 14, 30, Admin: Company Settings: Rated Loan Categories: Delete Category, Pass, , Thu Jan 14 14:44:55 IST 2016, 14, 31, Admin: Company Settings: Rated Loan Categories: Delete Category, Pass, , Thu Jan 14 14:44:58 IST 2016, 14, 32, Admin: Company Settings: Rated Loan Categories: Delete Category, Pass, , Thu Jan 14 14:44:58 IST 2016, 14, 33, Admin: Company Settings: Rated Loan Categories: Delete Category, Pass, , Thu Jan 14 14:44:58 IST 2016, 14, 34, Admin: Company Settings: Rated Loan Categories: Delete Category, Pass, , Thu Jan 14 14:44:58 IST 2016, 14, 35, Admin: Company Settings: Rated Loan Categories: Delete Category, Pass, , Thu Jan 14 14:45:04 IST 2016, 14, 36, Admin: Company Settings: Rated Loan Categories: Delete Category, Pass, , Thu Jan 14 14:45:05 IST 2016, 14, 37, Admin: Company Settings: Rated Loan Categories: Delete Category, Pass, , Thu Jan 14 14:45:12 IST 2016, 14, 38, Admin: Company Settings: Rated Loan Categories: Delete Category, Pass, , Thu Jan 14 14:45:12 IST 2016, 14, 39, Admin: Company Settings: Rated Loan Categories: Delete Category, Pass, , Thu Jan 14 14:45:14 IST 2016, 14, 40, Admin: Company Settings: Rated Loan Categories: Delete Category, Pass, , Thu Jan 14 14:45:14 IST 2016, 14, 41, Admin: Company Settings: Rated Loan Categories: Delete Category, Pass, , Thu Jan 14 14:45:14 IST 2016]
[INFO ][2016-01-14 14:45:14,684][com.java.SeleniumDriver] [ 1276] - End time is-------2 min 24 sec
[INFO ][2016-01-14 14:45:14,684][com.java.SeleniumDriver] [ 1277] - The results are-------------------[14, 1, Admin: Company Settings: Rated Loan Categories: Delete Category, Pass, , Thu Jan 14 14:43:46 IST 2016, 14, 3, Admin: Company Settings: Rated Loan Categories: Delete Category, Pass, , Thu Jan 14 14:43:52 IST 2016, 14, 4, Admin: Company Settings: Rated Loan Categories: Delete Category, Pass, , Thu Jan 14 14:44:19 IST 2016, 14, 5, Admin: Company Settings: Rated Loan Categories: Delete Category, Pass, , Thu Jan 14 14:44:19 IST 2016, 14, 6, Admin: Company Settings: Rated Loan Categories: Delete Category, Pass, , Thu Jan 14 14:44:21 IST 2016, 14, 7, Admin: Company Settings: Rated Loan Categories: Delete Category, Pass, , Thu Jan 14 14:44:23 IST 2016, 14, 8, Admin: Company Settings: Rated Loan Categories: Delete Category, Pass, , Thu Jan 14 14:44:23 IST 2016, 14, 9, Admin: Company Settings: Rated Loan Categories: Delete Category, Pass, , Thu Jan 14 14:44:23 IST 2016, 14, 10, Admin: Company Settings: Rated Loan Categories: Delete Category, Pass, , Thu Jan 14 14:44:23 IST 2016, 14, 11, Admin: Company Settings: Rated Loan Categories: Delete Category, Pass, , Thu Jan 14 14:44:26 IST 2016, 14, 12, Admin: Company Settings: Rated Loan Categories: Delete Category, Pass, , Thu Jan 14 14:44:27 IST 2016, 14, 13, Admin: Company Settings: Rated Loan Categories: Delete Category, Pass, , Thu Jan 14 14:44:30 IST 2016, 14, 14, Admin: Company Settings: Rated Loan Categories: Delete Category, Pass, , Thu Jan 14 14:44:32 IST 2016, 14, 15, Admin: Company Settings: Rated Loan Categories: Delete Category, Pass, , Thu Jan 14 14:44:33 IST 2016, 14, 16, Admin: Company Settings: Rated Loan Categories: Delete Category, Pass, , Thu Jan 14 14:44:33 IST 2016, 14, 17, Admin: Company Settings: Rated Loan Categories: Delete Category, Pass, , Thu Jan 14 14:44:36 IST 2016, 14, 18, Admin: Company Settings: Rated Loan Categories: Delete Category, Pass, , Thu Jan 14 14:44:37 IST 2016, 14, 19, Admin: Company Settings: Rated Loan Categories: Delete Category, Pass, , Thu Jan 14 14:44:40 IST 2016, 14, 20, Admin: Company Settings: Rated Loan Categories: Delete Category, Pass, , Thu Jan 14 14:44:42 IST 2016, 14, 21, Admin: Company Settings: Rated Loan Categories: Delete Category, Pass, , Thu Jan 14 14:44:43 IST 2016, 14, 22, Admin: Company Settings: Rated Loan Categories: Delete Category, Pass, , Thu Jan 14 14:44:46 IST 2016, 14, 23, Admin: Company Settings: Rated Loan Categories: Delete Category, Pass, , Thu Jan 14 14:44:48 IST 2016, 14, 24, Admin: Company Settings: Rated Loan Categories: Delete Category, Pass, , Thu Jan 14 14:44:48 IST 2016, 14, 25, Admin: Company Settings: Rated Loan Categories: Delete Category, Pass, , Thu Jan 14 14:44:48 IST 2016, 14, 26, Admin: Company Settings: Rated Loan Categories: Delete Category, Pass, , Thu Jan 14 14:44:50 IST 2016, 14, 27, Admin: Company Settings: Rated Loan Categories: Delete Category, Pass, , Thu Jan 14 14:44:51 IST 2016, 14, 28, Admin: Company Settings: Rated Loan Categories: Delete Category, Pass, , Thu Jan 14 14:44:52 IST 2016, 14, 29, Admin: Company Settings: Rated Loan Categories: Delete Category, Pass, , Thu Jan 14 14:44:55 IST 2016, 14, 30, Admin: Company Settings: Rated Loan Categories: Delete Category, Pass, , Thu Jan 14 14:44:55 IST 2016, 14, 31, Admin: Company Settings: Rated Loan Categories: Delete Category, Pass, , Thu Jan 14 14:44:58 IST 2016, 14, 32, Admin: Company Settings: Rated Loan Categories: Delete Category, Pass, , Thu Jan 14 14:44:58 IST 2016, 14, 33, Admin: Company Settings: Rated Loan Categories: Delete Category, Pass, , Thu Jan 14 14:44:58 IST 2016, 14, 34, Admin: Company Settings: Rated Loan Categories: Delete Category, Pass, , Thu Jan 14 14:44:58 IST 2016, 14, 35, Admin: Company Settings: Rated Loan Categories: Delete Category, Pass, , Thu Jan 14 14:45:04 IST 2016, 14, 36, Admin: Company Settings: Rated Loan Categories: Delete Category, Pass, , Thu Jan 14 14:45:05 IST 2016, 14, 37, Admin: Company Settings: Rated Loan Categories: Delete Category, Pass, , Thu Jan 14 14:45:12 IST 2016, 14, 38, Admin: Company Settings: Rated Loan Categories: Delete Category, Pass, , Thu Jan 14 14:45:12 IST 2016, 14, 39, Admin: Company Settings: Rated Loan Categories: Delete Category, Pass, , Thu Jan 14 14:45:14 IST 2016, 14, 40, Admin: Company Settings: Rated Loan Categories: Delete Category, Pass, , Thu Jan 14 14:45:14 IST 2016, 14, 41, Admin: Company Settings: Rated Loan Categories: Delete Category, Pass, , Thu Jan 14 14:45:14 IST 2016]
[DEBUG][2016-01-14 14:45:14,685][com.java.ImportnExport.ExportTestResultsExcel] [  222] - testResultPath = D:\BankersDashboard/TestReports/Test Results_BankersDashBoard_011416_144252_IE10_Any Bank USA.xls
[DEBUG][2016-01-14 14:45:14,685][com.java.ImportnExport.ExportTestResultsExcel] [  223] - browser is------------IE10
[DEBUG][2016-01-14 14:45:14,687][com.java.ImportnExport.ExportTestResultsExcel] [  270] - result.size() = 240
[DEBUG][2016-01-14 14:45:14,687][com.java.ImportnExport.ExportTestResultsExcel] [  274] - No of rows in sheet=2
[DEBUG][2016-01-14 14:45:14,687][com.java.ImportnExport.ExportTestResultsExcel] [  301] - ..in export..14
[DEBUG][2016-01-14 14:45:14,687][com.java.ImportnExport.ExportTestResultsExcel] [  301] - ..in export..Admin: Company Settings: Rated Loan Categories: Delete Category
[DEBUG][2016-01-14 14:45:14,687][com.java.ImportnExport.ExportTestResultsExcel] [  301] - ..in export..Pass
[DEBUG][2016-01-14 14:45:14,687][com.java.ImportnExport.ExportTestResultsExcel] [  301] - ..in export..
[DEBUG][2016-01-14 14:45:14,687][com.java.ImportnExport.ExportTestResultsExcel] [  301] - ..in export..Thu Jan 14 14:43:46 IST 2016
[INFO ][2016-01-14 14:45:14,689][com.java.SeleniumDriver] [ 1337] - out loop:1 size:2 TestCases:[1, 14] testcases:[1, 14]
[INFO ][2016-01-14 14:45:16,689][com.java.SeleniumDriver] [ 1380] - Total Number of Cases:2
[INFO ][2016-01-14 14:45:16,689][com.java.TemplateGenerator] [  302] - Executed:2
[INFO ][2016-01-14 14:45:16,689][com.java.TemplateGenerator] [  303] - Passed:2
[INFO ][2016-01-14 14:45:16,689][com.java.TemplateGenerator] [  304] - Failed:0
[INFO ][2016-01-14 14:45:16,689][com.java.TemplateGenerator] [  305] - Skipeed:0
[INFO ][2016-01-14 14:45:16,689][com.java.TemplateGenerator] [  306] - Application URL:https://clients-xuat.bankersdashboard.com
[INFO ][2016-01-14 14:45:16,689][com.java.TemplateGenerator] [  307] - Start Time:011416_144252
[INFO ][2016-01-14 14:45:16,689][com.java.TemplateGenerator] [  308] -  Creating HTML Report 
[ERROR][2016-01-14 14:45:16,690][com.java.TemplateGenerator] [  409] - Unparseable date: "Thu Jan 14 02:42:52 IST 2016"
[INFO ][2016-01-14 14:45:16,690][com.java.TemplateGenerator] [  654] -  Exporting case :: 1
[INFO ][2016-01-14 14:45:16,690][com.java.TemplateGenerator] [  654] -  Exporting case :: 14
[INFO ][2016-01-14 14:45:16,695][com.java.SeleniumDriver] [ 1429] - End Time:011416_144516
[INFO ][2016-01-14 14:45:16,695][com.java.SeleniumDriver] [ 1432] - Data in Test Execution Details:{1=PASS, 14=PASS}
[INFO ][2016-01-14 14:45:16,695][com.java.SeleniumDriver] [ 1433] - Data in Failed Execution Deatils:{}
[INFO ][2016-01-14 14:45:16,695][com.java.SeleniumDriver] [ 1435] - ReportCounter:Total:2 :: PASS: 2 ::FAIL: 0
[INFO ][2016-01-14 14:45:16,695][com.java.SeleniumDriver] [ 1436] - FailedReportCounter:Total:0 :: PASS: 0 ::FAIL: 0
[INFO ][2016-01-14 14:45:16,703][com.java.EmailTestReport] [   63] - Sending report mail details:
[INFO ][2016-01-14 14:45:16,703][com.java.EmailTestReport] [   80] - Excel Report Path:D:\BankersDashboard/TestReports/Test Results_BankersDashBoard_011416_144252_IE10_Any Bank USA.xls
[INFO ][2016-01-14 14:45:16,703][com.java.EmailTestReport] [   81] - HTML Report Path:D:\BankersDashboard//TestReports//Test Results_BankersDashBoard_011416_144252_IE10_Any Bank USA.html
[INFO ][2016-01-14 14:45:16,703][com.java.EmailTestReport] [   82] - smtpHostName:mail01.valuelabs.com
[INFO ][2016-01-14 14:45:16,703][com.java.EmailTestReport] [   83] - Recipient:venkateswararao.gubbala@valuelabs.com;
[INFO ][2016-01-14 14:45:16,703][com.java.EmailTestReport] [   84] - From:venkateswararao.gubbala@valuelabs.com;
[INFO ][2016-01-14 14:45:16,703][com.java.EmailTestReport] [   85] - Subject:Deluxe Corp Bankers Dashboard Automation Test Report - Any Bank USA - IE10
[INFO ][2016-01-14 14:45:16,720][com.java.EmailTestReport] [  143] -  Added venkateswararao.gubbala@valuelabs.com
[INFO ][2016-01-14 14:45:19,840][com.java.SeleniumDriver] [  722] - quitting the browser 
[INFO ][2016-01-14 14:45:21,105][com.java.SeleniumDriver] [  264] - Execution Completed Stopping the thread
