[INFO ][2015-11-05 11:51:09,032][com.java.SeleniumDriver] [  213] - Execute Failed Casesfalse
[INFO ][2015-11-05 11:51:09,032][com.java.SeleniumDriver] [  214] - Browser: IE11
[INFO ][2015-11-05 11:51:09,032][com.java.SeleniumDriver] [  215] - [1, 11]
[INFO ][2015-11-05 11:51:09,032][com.java.SeleniumDriver] [  216] - Total TestCases:2
[INFO ][2015-11-05 11:51:09,032][com.java.SeleniumDriver] [  217] -  Reading Properties from Property File 
[DEBUG][2015-11-05 11:51:09,032][com.java.SeleniumDriver] [  238] - url : https://clients-xuat.bankersdashboard.com
[INFO ][2015-11-05 11:51:09,032][com.java.ImportnExport.ExportTestResultsExcel] [  116] - Time Stamp Thu Nov 05 11:51:09 IST 2015
[INFO ][2015-11-05 11:51:09,032][com.java.ImportnExport.ExportTestResultsExcel] [  175] - OUT FILE : D:\BankersDashboard/TestReports/Test Results_BankersDashBoard_110515_115109_IE11_Simmons First National Bank.xls
[INFO ][2015-11-05 11:51:09,063][com.java.ImportnExport.ExportTestResultsExcel] [  180] - Test Result file is created
[DEBUG][2015-11-05 11:51:09,163][com.java.SeleniumDriver] [  425] - Hub ip address is-------172.17.68.34
[INFO ][2015-11-05 11:51:09,163][com.java.SeleniumDriver] [  451] - Grid URL:http://172.17.68.34:4444/wd/hub
[INFO ][2015-11-05 11:51:09,163][com.java.SeleniumDriver] [  452] - Capability:Capabilities [{platform=ANY, ensureCleanSession=true, ignoreProtectedModeSettings=true, acceptSslCerts=true, ignoreZoomSetting=true, browserName=internet explorer, browserstack.ie.noFlash=true, version=Node1}]
[ERROR][2015-11-05 11:51:10,443][com.java.SeleniumDriver] [  496] - Unable invoke browser in grid:Could not start a new session. Possible causes are invalid address of the remote server or browser start-up failure.
Build info: version: '2.48.2', revision: '41bccdd', time: '2015-10-09 19:59:12'
System info: host: 'FVTIII438F1D', ip: '172.17.68.34', os.name: 'Windows 7', os.arch: 'x86', os.version: '6.1', java.version: '1.7.0_55'
Driver info: driver.version: SeleniumDriver
[INFO ][2015-11-05 11:51:10,443][com.java.SeleniumDriver] [  498] - Executing on local machine
[INFO ][2015-11-05 11:51:19,640][com.java.SeleniumDriver] [  248] - IE11is opened
[INFO ][2015-11-05 11:51:20,530][com.java.SeleniumDriver] [  752] - Test cases to be executed are: [1, 11]
[INFO ][2015-11-05 11:51:20,530][com.java.ImportnExport.ImportTestDataDetailsExcel] [   49] - test data details path===== D:\BankersDashboard\TestInputs\TestData.xls
[INFO ][2015-11-05 11:51:31,560][com.java.SeleniumDriver] [  788] - ------------------------------------------
[INFO ][2015-11-05 11:51:31,560][com.java.SeleniumDriver] [  789] - Test case being Executed: 1
[INFO ][2015-11-05 11:51:31,570][com.java.SeleniumDriver] [  800] - Test step:1
[INFO ][2015-11-05 11:51:31,570][com.java.SeleniumDriver] [  812] - Datavalue is----------Concept#1:1-14
[INFO ][2015-11-05 11:51:31,570][com.java.SeleniumDriver] [  836] - DataField : test
[INFO ][2015-11-05 11:51:31,570][com.java.SeleniumDriver] [  838] - DataValue : Concept#1:1-14
[INFO ][2015-11-05 11:51:31,570][com.java.SeleniumDriver] [  844] - <In Set values of the page>
[INFO ][2015-11-05 11:51:31,570][com.java.SeleniumDriver] [  847] - {Data Fields & Data Values Exist}
[INFO ][2015-11-05 11:51:31,570][com.java.SeleniumDriver] [  849] - --------------------------setting values-----------------------------
[INFO ][2015-11-05 11:51:31,570][com.java.SeleniumDriver] [  852] - Action Type : ExecuteTestCase
[INFO ][2015-11-05 11:51:31,591][com.java.TestType] [  411] - The Concept sheet name is ---------- Concept
[INFO ][2015-11-05 11:51:31,591][com.java.TestType] [  414] - The Concept ID  is ---------- 1
[DEBUG][2015-11-05 11:51:31,591][com.java.TestType] [  418] - Steps being executted in the Concept are: 1:14
[INFO ][2015-11-05 11:51:31,591][com.java.TestType] [  425] - Test data details path ---------- D:\BankersDashboard\TestInputs\TestData.xls
[INFO ][2015-11-05 11:51:31,631][com.java.TestType] [  456] -  str(1) = 1
[INFO ][2015-11-05 11:51:31,631][com.java.TestType] [  459] - Test case Id is---1
[INFO ][2015-11-05 11:51:31,631][com.java.TestType] [  461] - 1
[INFO ][2015-11-05 11:51:31,631][com.java.TestType] [  456] -  str(2) = 1
[INFO ][2015-11-05 11:51:31,631][com.java.TestType] [  508] - row values are--------{1=com.java.Objects.TestDataDetails@1a25917}
[INFO ][2015-11-05 11:51:31,631][com.java.TestType] [  456] -  str(1) = 1
[INFO ][2015-11-05 11:51:31,631][com.java.TestType] [  459] - Test case Id is---1
[INFO ][2015-11-05 11:51:31,631][com.java.TestType] [  461] - 1
[INFO ][2015-11-05 11:51:31,631][com.java.TestType] [  456] -  str(2) = 2
[INFO ][2015-11-05 11:51:31,631][com.java.TestType] [  508] - row values are--------{1=com.java.Objects.TestDataDetails@1a25917, 2=com.java.Objects.TestDataDetails@14d9bb1}
[INFO ][2015-11-05 11:51:31,631][com.java.TestType] [  456] -  str(1) = 1
[INFO ][2015-11-05 11:51:31,631][com.java.TestType] [  459] - Test case Id is---1
[INFO ][2015-11-05 11:51:31,631][com.java.TestType] [  461] - 1
[INFO ][2015-11-05 11:51:31,631][com.java.TestType] [  456] -  str(2) = 3
[INFO ][2015-11-05 11:51:31,631][com.java.TestType] [  508] - row values are--------{1=com.java.Objects.TestDataDetails@1a25917, 2=com.java.Objects.TestDataDetails@14d9bb1, 3=com.java.Objects.TestDataDetails@859f0a}
[INFO ][2015-11-05 11:51:31,631][com.java.TestType] [  456] -  str(1) = 1
[INFO ][2015-11-05 11:51:31,631][com.java.TestType] [  459] - Test case Id is---1
[INFO ][2015-11-05 11:51:31,631][com.java.TestType] [  461] - 1
[INFO ][2015-11-05 11:51:31,631][com.java.TestType] [  456] -  str(2) = 4
[INFO ][2015-11-05 11:51:31,631][com.java.TestType] [  508] - row values are--------{1=com.java.Objects.TestDataDetails@1a25917, 2=com.java.Objects.TestDataDetails@14d9bb1, 3=com.java.Objects.TestDataDetails@859f0a, 4=com.java.Objects.TestDataDetails@1bf57bb}
[INFO ][2015-11-05 11:51:31,631][com.java.TestType] [  456] -  str(1) = 1
[INFO ][2015-11-05 11:51:31,631][com.java.TestType] [  459] - Test case Id is---1
[INFO ][2015-11-05 11:51:31,631][com.java.TestType] [  461] - 1
[INFO ][2015-11-05 11:51:31,631][com.java.TestType] [  456] -  str(2) = 5
[INFO ][2015-11-05 11:51:31,641][com.java.TestType] [  508] - row values are--------{1=com.java.Objects.TestDataDetails@1a25917, 2=com.java.Objects.TestDataDetails@14d9bb1, 3=com.java.Objects.TestDataDetails@859f0a, 4=com.java.Objects.TestDataDetails@1bf57bb, 5=com.java.Objects.TestDataDetails@1654df1}
[INFO ][2015-11-05 11:51:31,641][com.java.TestType] [  456] -  str(1) = 1
[INFO ][2015-11-05 11:51:31,641][com.java.TestType] [  459] - Test case Id is---1
[INFO ][2015-11-05 11:51:31,641][com.java.TestType] [  461] - 1
[INFO ][2015-11-05 11:51:31,641][com.java.TestType] [  456] -  str(2) = 6
[INFO ][2015-11-05 11:51:31,641][com.java.TestType] [  508] - row values are--------{1=com.java.Objects.TestDataDetails@1a25917, 2=com.java.Objects.TestDataDetails@14d9bb1, 3=com.java.Objects.TestDataDetails@859f0a, 4=com.java.Objects.TestDataDetails@1bf57bb, 5=com.java.Objects.TestDataDetails@1654df1, 6=com.java.Objects.TestDataDetails@1ebe346}
[INFO ][2015-11-05 11:51:31,641][com.java.TestType] [  456] -  str(1) = 1
[INFO ][2015-11-05 11:51:31,641][com.java.TestType] [  459] - Test case Id is---1
[INFO ][2015-11-05 11:51:31,641][com.java.TestType] [  461] - 1
[INFO ][2015-11-05 11:51:31,641][com.java.TestType] [  456] -  str(2) = 7
[INFO ][2015-11-05 11:51:31,641][com.java.TestType] [  508] - row values are--------{1=com.java.Objects.TestDataDetails@1a25917, 2=com.java.Objects.TestDataDetails@14d9bb1, 3=com.java.Objects.TestDataDetails@859f0a, 4=com.java.Objects.TestDataDetails@1bf57bb, 5=com.java.Objects.TestDataDetails@1654df1, 6=com.java.Objects.TestDataDetails@1ebe346, 7=com.java.Objects.TestDataDetails@a5031d}
[INFO ][2015-11-05 11:51:31,641][com.java.TestType] [  456] -  str(1) = 1
[INFO ][2015-11-05 11:51:31,641][com.java.TestType] [  459] - Test case Id is---1
[INFO ][2015-11-05 11:51:31,641][com.java.TestType] [  461] - 1
[INFO ][2015-11-05 11:51:31,641][com.java.TestType] [  456] -  str(2) = 8
[INFO ][2015-11-05 11:51:31,641][com.java.TestType] [  508] - row values are--------{1=com.java.Objects.TestDataDetails@1a25917, 2=com.java.Objects.TestDataDetails@14d9bb1, 3=com.java.Objects.TestDataDetails@859f0a, 4=com.java.Objects.TestDataDetails@1bf57bb, 5=com.java.Objects.TestDataDetails@1654df1, 6=com.java.Objects.TestDataDetails@1ebe346, 7=com.java.Objects.TestDataDetails@a5031d, 8=com.java.Objects.TestDataDetails@452fb4}
[INFO ][2015-11-05 11:51:31,641][com.java.TestType] [  456] -  str(1) = 1
[INFO ][2015-11-05 11:51:31,641][com.java.TestType] [  459] - Test case Id is---1
[INFO ][2015-11-05 11:51:31,641][com.java.TestType] [  461] - 1
[INFO ][2015-11-05 11:51:31,641][com.java.TestType] [  456] -  str(2) = 9
[INFO ][2015-11-05 11:51:31,641][com.java.TestType] [  508] - row values are--------{1=com.java.Objects.TestDataDetails@1a25917, 2=com.java.Objects.TestDataDetails@14d9bb1, 3=com.java.Objects.TestDataDetails@859f0a, 4=com.java.Objects.TestDataDetails@1bf57bb, 5=com.java.Objects.TestDataDetails@1654df1, 6=com.java.Objects.TestDataDetails@1ebe346, 7=com.java.Objects.TestDataDetails@a5031d, 8=com.java.Objects.TestDataDetails@452fb4, 9=com.java.Objects.TestDataDetails@997b5c}
[INFO ][2015-11-05 11:51:31,641][com.java.TestType] [  456] -  str(1) = 1
[INFO ][2015-11-05 11:51:31,641][com.java.TestType] [  459] - Test case Id is---1
[INFO ][2015-11-05 11:51:31,641][com.java.TestType] [  461] - 1
[INFO ][2015-11-05 11:51:31,641][com.java.TestType] [  456] -  str(2) = 10
[INFO ][2015-11-05 11:51:31,641][com.java.TestType] [  508] - row values are--------{1=com.java.Objects.TestDataDetails@1a25917, 2=com.java.Objects.TestDataDetails@14d9bb1, 3=com.java.Objects.TestDataDetails@859f0a, 4=com.java.Objects.TestDataDetails@1bf57bb, 5=com.java.Objects.TestDataDetails@1654df1, 6=com.java.Objects.TestDataDetails@1ebe346, 7=com.java.Objects.TestDataDetails@a5031d, 8=com.java.Objects.TestDataDetails@452fb4, 9=com.java.Objects.TestDataDetails@997b5c, 10=com.java.Objects.TestDataDetails@193c96b}
[INFO ][2015-11-05 11:51:31,641][com.java.TestType] [  456] -  str(1) = 1
[INFO ][2015-11-05 11:51:31,641][com.java.TestType] [  459] - Test case Id is---1
[INFO ][2015-11-05 11:51:31,651][com.java.TestType] [  461] - 1
[INFO ][2015-11-05 11:51:31,651][com.java.TestType] [  456] -  str(2) = 11
[INFO ][2015-11-05 11:51:31,651][com.java.TestType] [  508] - row values are--------{1=com.java.Objects.TestDataDetails@1a25917, 2=com.java.Objects.TestDataDetails@14d9bb1, 3=com.java.Objects.TestDataDetails@859f0a, 4=com.java.Objects.TestDataDetails@1bf57bb, 5=com.java.Objects.TestDataDetails@1654df1, 6=com.java.Objects.TestDataDetails@1ebe346, 7=com.java.Objects.TestDataDetails@a5031d, 8=com.java.Objects.TestDataDetails@452fb4, 9=com.java.Objects.TestDataDetails@997b5c, 10=com.java.Objects.TestDataDetails@193c96b, 11=com.java.Objects.TestDataDetails@49a2da}
[INFO ][2015-11-05 11:51:31,651][com.java.TestType] [  456] -  str(1) = 1
[INFO ][2015-11-05 11:51:31,651][com.java.TestType] [  459] - Test case Id is---1
[INFO ][2015-11-05 11:51:31,651][com.java.TestType] [  461] - 1
[INFO ][2015-11-05 11:51:31,651][com.java.TestType] [  456] -  str(2) = 12
[INFO ][2015-11-05 11:51:31,651][com.java.TestType] [  508] - row values are--------{1=com.java.Objects.TestDataDetails@1a25917, 2=com.java.Objects.TestDataDetails@14d9bb1, 3=com.java.Objects.TestDataDetails@859f0a, 4=com.java.Objects.TestDataDetails@1bf57bb, 5=com.java.Objects.TestDataDetails@1654df1, 6=com.java.Objects.TestDataDetails@1ebe346, 7=com.java.Objects.TestDataDetails@a5031d, 8=com.java.Objects.TestDataDetails@452fb4, 9=com.java.Objects.TestDataDetails@997b5c, 10=com.java.Objects.TestDataDetails@193c96b, 11=com.java.Objects.TestDataDetails@49a2da, 12=com.java.Objects.TestDataDetails@142eb69}
[INFO ][2015-11-05 11:51:31,651][com.java.TestType] [  456] -  str(1) = 1
[INFO ][2015-11-05 11:51:31,651][com.java.TestType] [  459] - Test case Id is---1
[INFO ][2015-11-05 11:51:31,651][com.java.TestType] [  461] - 1
[INFO ][2015-11-05 11:51:31,651][com.java.TestType] [  456] -  str(2) = 13
[INFO ][2015-11-05 11:51:31,651][com.java.TestType] [  508] - row values are--------{1=com.java.Objects.TestDataDetails@1a25917, 2=com.java.Objects.TestDataDetails@14d9bb1, 3=com.java.Objects.TestDataDetails@859f0a, 4=com.java.Objects.TestDataDetails@1bf57bb, 5=com.java.Objects.TestDataDetails@1654df1, 6=com.java.Objects.TestDataDetails@1ebe346, 7=com.java.Objects.TestDataDetails@a5031d, 8=com.java.Objects.TestDataDetails@452fb4, 9=com.java.Objects.TestDataDetails@997b5c, 10=com.java.Objects.TestDataDetails@193c96b, 11=com.java.Objects.TestDataDetails@49a2da, 12=com.java.Objects.TestDataDetails@142eb69, 13=com.java.Objects.TestDataDetails@10f5aca}
[INFO ][2015-11-05 11:51:31,651][com.java.TestType] [  456] -  str(1) = 1
[INFO ][2015-11-05 11:51:31,651][com.java.TestType] [  459] - Test case Id is---1
[INFO ][2015-11-05 11:51:31,651][com.java.TestType] [  461] - 1
[INFO ][2015-11-05 11:51:31,651][com.java.TestType] [  456] -  str(2) = 14
[INFO ][2015-11-05 11:51:31,651][com.java.TestType] [  508] - row values are--------{1=com.java.Objects.TestDataDetails@1a25917, 2=com.java.Objects.TestDataDetails@14d9bb1, 3=com.java.Objects.TestDataDetails@859f0a, 4=com.java.Objects.TestDataDetails@1bf57bb, 5=com.java.Objects.TestDataDetails@1654df1, 6=com.java.Objects.TestDataDetails@1ebe346, 7=com.java.Objects.TestDataDetails@a5031d, 8=com.java.Objects.TestDataDetails@452fb4, 9=com.java.Objects.TestDataDetails@997b5c, 10=com.java.Objects.TestDataDetails@193c96b, 11=com.java.Objects.TestDataDetails@49a2da, 12=com.java.Objects.TestDataDetails@142eb69, 13=com.java.Objects.TestDataDetails@10f5aca, 14=com.java.Objects.TestDataDetails@1cade4}
[INFO ][2015-11-05 11:51:31,651][com.java.TestType] [ 7935] - Looping 1TCID = 1
[DEBUG][2015-11-05 11:51:31,651][com.java.TestType] [ 7976] - Concept ID:1 :: Step being Executed: 1::1
[INFO ][2015-11-05 11:51:31,651][com.java.TestType] [ 8014] - dataFields : TXTusername
[DEBUG][2015-11-05 11:51:31,651][com.java.TestType] [ 8020] - <In Set values of the page>
[DEBUG][2015-11-05 11:51:31,651][com.java.TestType] [ 8025] - {Data Fields & Data Values Exist}
[INFO ][2015-11-05 11:51:31,651][com.java.TestType] [ 8031] - --------------------------setting values-----------------------------
[INFO ][2015-11-05 11:51:31,651][com.java.TestType] [ 8034] - Action Type : CLEARANDENTER
[INFO ][2015-11-05 11:51:31,651][com.java.TestType] [ 3786] - value = valuelabs.ie11.03890
[INFO ][2015-11-05 11:51:36,480][com.java.TestType] [ 8053] -  RESULT true
[INFO ][2015-11-05 11:51:36,480][com.java.TestType] [ 8170] - ?   P A S S   ?
[DEBUG][2015-11-05 11:51:36,480][com.java.TestType] [ 7976] - Concept ID:1 :: Step being Executed: 1::2
[INFO ][2015-11-05 11:51:36,480][com.java.TestType] [ 8014] - dataFields : TXTpassword
[DEBUG][2015-11-05 11:51:36,480][com.java.TestType] [ 8020] - <In Set values of the page>
[DEBUG][2015-11-05 11:51:36,480][com.java.TestType] [ 8025] - {Data Fields & Data Values Exist}
[INFO ][2015-11-05 11:51:36,480][com.java.TestType] [ 8031] - --------------------------setting values-----------------------------
[INFO ][2015-11-05 11:51:36,480][com.java.TestType] [ 8034] - Action Type : CLEARANDENTER
[INFO ][2015-11-05 11:51:36,480][com.java.TestType] [ 3786] - value = Password1*
[INFO ][2015-11-05 11:51:41,397][com.java.TestType] [ 8053] -  RESULT true
[INFO ][2015-11-05 11:51:41,397][com.java.TestType] [ 8170] - ?   P A S S   ?
[DEBUG][2015-11-05 11:51:41,397][com.java.TestType] [ 7976] - Concept ID:1 :: Step being Executed: 1::3
[ERROR][2015-11-05 11:51:41,397][com.java.TestType] [ 8009] - Exception: null
[INFO ][2015-11-05 11:51:41,397][com.java.TestType] [ 8014] - dataFields : XPH//button[@type='submit']
[DEBUG][2015-11-05 11:51:41,397][com.java.TestType] [ 8020] - <In Set values of the page>
[DEBUG][2015-11-05 11:51:41,397][com.java.TestType] [ 8025] - {Data Fields & Data Values Exist}
[INFO ][2015-11-05 11:51:41,397][com.java.TestType] [ 8031] - --------------------------setting values-----------------------------
[INFO ][2015-11-05 11:51:41,397][com.java.TestType] [ 8034] - Action Type : Click
[INFO ][2015-11-05 11:51:41,397][com.java.TestType] [ 4099] - Field ::XPH//button[@type='submit']
[INFO ][2015-11-05 11:51:42,397][com.java.TestType] [ 4158] - BEFORE CLICK
[INFO ][2015-11-05 11:51:43,230][com.java.TestType] [ 4166] - Unable to click the object Login
[INFO ][2015-11-05 11:51:43,230][com.java.TestType] [ 8053] -  RESULT true
[INFO ][2015-11-05 11:51:43,230][com.java.TestType] [ 8170] - ?   P A S S   ?
[DEBUG][2015-11-05 11:51:43,230][com.java.TestType] [ 7976] - Concept ID:1 :: Step being Executed: 1::4
[INFO ][2015-11-05 11:51:43,230][com.java.TestType] [ 8014] - dataFields : LNKLogout
[DEBUG][2015-11-05 11:51:43,230][com.java.TestType] [ 8020] - <In Set values of the page>
[DEBUG][2015-11-05 11:51:43,230][com.java.TestType] [ 8025] - {Data Fields & Data Values Exist}
[INFO ][2015-11-05 11:51:43,230][com.java.TestType] [ 8031] - --------------------------setting values-----------------------------
[INFO ][2015-11-05 11:51:43,230][com.java.TestType] [ 8034] - Action Type : WaitForElement
[INFO ][2015-11-05 11:51:48,277][com.java.TestType] [ 8053] -  RESULT true
[INFO ][2015-11-05 11:51:48,277][com.java.TestType] [ 8170] - ?   P A S S   ?
[DEBUG][2015-11-05 11:51:48,278][com.java.TestType] [ 7976] - Concept ID:1 :: Step being Executed: 1::13
[INFO ][2015-11-05 11:51:48,278][com.java.TestType] [ 8014] - dataFields : LNK
[DEBUG][2015-11-05 11:51:48,278][com.java.TestType] [ 8020] - <In Set values of the page>
[DEBUG][2015-11-05 11:51:48,278][com.java.TestType] [ 8025] - {Data Fields & Data Values Exist}
[INFO ][2015-11-05 11:51:48,278][com.java.TestType] [ 8031] - --------------------------setting values-----------------------------
[INFO ][2015-11-05 11:51:48,278][com.java.TestType] [ 8034] - Action Type : Verify
[INFO ][2015-11-05 11:51:48,278][com.java.TestType] [ 4912] - field= LNK value= Logout
[INFO ][2015-11-05 11:51:48,280][com.java.TestType] [ 3786] - value = Logout
[INFO ][2015-11-05 11:51:48,316][com.java.TestType] [ 8053] -  RESULT true
[INFO ][2015-11-05 11:51:48,316][com.java.TestType] [ 8170] - ?   P A S S   ?
[DEBUG][2015-11-05 11:51:48,316][com.java.TestType] [ 7976] - Concept ID:1 :: Step being Executed: 1::14
[INFO ][2015-11-05 11:51:48,316][com.java.TestType] [ 8014] - dataFields : BTN
[DEBUG][2015-11-05 11:51:48,316][com.java.TestType] [ 8020] - <In Set values of the page>
[DEBUG][2015-11-05 11:51:48,316][com.java.TestType] [ 8025] - {Data Fields & Data Values Exist}
[INFO ][2015-11-05 11:51:48,316][com.java.TestType] [ 8031] - --------------------------setting values-----------------------------
[INFO ][2015-11-05 11:51:48,316][com.java.TestType] [ 8034] - Action Type : Verify
[INFO ][2015-11-05 11:51:48,317][com.java.TestType] [ 4912] - field= BTN value= //img[contains(@src,'bdlogo.jpg')]
[INFO ][2015-11-05 11:51:48,317][com.java.TestType] [ 3786] - value = //img[contains(@src,'bdlogo.jpg')]
[INFO ][2015-11-05 11:51:48,351][com.java.TestType] [ 8053] -  RESULT true
[INFO ][2015-11-05 11:51:48,351][com.java.TestType] [ 8170] - ?   P A S S   ?
[INFO ][2015-11-05 11:51:48,351][com.java.TestType] [ 8241] - Looping End......
[INFO ][2015-11-05 11:51:48,355][com.java.SeleniumDriver] [  861] -  RESULT true
[INFO ][2015-11-05 11:51:48,355][com.java.SeleniumDriver] [ 1066] - ?   P A S S   ?
[INFO ][2015-11-05 11:51:48,355][com.java.SeleniumDriver] [  788] - ------------------------------------------
[INFO ][2015-11-05 11:51:48,355][com.java.SeleniumDriver] [  789] - Test case being Executed: 1
[INFO ][2015-11-05 11:51:48,355][com.java.SeleniumDriver] [  800] - Test step:2
[INFO ][2015-11-05 11:51:48,355][com.java.SeleniumDriver] [  812] - Datavalue is----------Concept#2:1-2
[INFO ][2015-11-05 11:51:48,355][com.java.SeleniumDriver] [  836] - DataField : test
[INFO ][2015-11-05 11:51:48,355][com.java.SeleniumDriver] [  838] - DataValue : Concept#2:1-2
[INFO ][2015-11-05 11:51:48,355][com.java.SeleniumDriver] [  844] - <In Set values of the page>
[INFO ][2015-11-05 11:51:48,355][com.java.SeleniumDriver] [  847] - {Data Fields & Data Values Exist}
[INFO ][2015-11-05 11:51:48,356][com.java.SeleniumDriver] [  849] - --------------------------setting values-----------------------------
[INFO ][2015-11-05 11:51:48,356][com.java.SeleniumDriver] [  852] - Action Type : ExecuteTestCase
[INFO ][2015-11-05 11:51:48,356][com.java.TestType] [  411] - The Concept sheet name is ---------- Concept
[INFO ][2015-11-05 11:51:48,356][com.java.TestType] [  414] - The Concept ID  is ---------- 2
[DEBUG][2015-11-05 11:51:48,356][com.java.TestType] [  418] - Steps being executted in the Concept are: 1:2
[INFO ][2015-11-05 11:51:48,356][com.java.TestType] [  425] - Test data details path ---------- D:\BankersDashboard\TestInputs\TestData.xls
[INFO ][2015-11-05 11:51:48,391][com.java.TestType] [  456] -  str(1) = 2
[INFO ][2015-11-05 11:51:48,391][com.java.TestType] [  459] - Test case Id is---2
[INFO ][2015-11-05 11:51:48,391][com.java.TestType] [  461] - 2
[INFO ][2015-11-05 11:51:48,391][com.java.TestType] [  456] -  str(2) = 1
[INFO ][2015-11-05 11:51:48,393][com.java.TestType] [  508] - row values are--------{1=com.java.Objects.TestDataDetails@591130}
[INFO ][2015-11-05 11:51:48,393][com.java.TestType] [  456] -  str(1) = 2
[INFO ][2015-11-05 11:51:48,393][com.java.TestType] [  459] - Test case Id is---2
[INFO ][2015-11-05 11:51:48,393][com.java.TestType] [  461] - 2
[INFO ][2015-11-05 11:51:48,393][com.java.TestType] [  456] -  str(2) = 2
[INFO ][2015-11-05 11:51:48,394][com.java.TestType] [  508] - row values are--------{1=com.java.Objects.TestDataDetails@591130, 2=com.java.Objects.TestDataDetails@1df56d6}
[INFO ][2015-11-05 11:51:48,394][com.java.TestType] [  456] -  str(1) = 2
[INFO ][2015-11-05 11:51:48,394][com.java.TestType] [  459] - Test case Id is---2
[INFO ][2015-11-05 11:51:48,394][com.java.TestType] [  461] - 2
[INFO ][2015-11-05 11:51:48,394][com.java.TestType] [  456] -  str(2) = 3
[INFO ][2015-11-05 11:51:48,394][com.java.TestType] [  508] - row values are--------{1=com.java.Objects.TestDataDetails@591130, 2=com.java.Objects.TestDataDetails@1df56d6, 3=com.java.Objects.TestDataDetails@150475b}
[INFO ][2015-11-05 11:51:48,395][com.java.TestType] [ 7935] - Looping 1TCID = 2
[DEBUG][2015-11-05 11:51:48,395][com.java.TestType] [ 7976] - Concept ID:2 :: Step being Executed: 2::1
[INFO ][2015-11-05 11:51:48,395][com.java.TestType] [ 8014] - dataFields : BNK//select[@id='bank']
[DEBUG][2015-11-05 11:51:48,395][com.java.TestType] [ 8020] - <In Set values of the page>
[DEBUG][2015-11-05 11:51:48,395][com.java.TestType] [ 8025] - {Data Fields & Data Values Exist}
[INFO ][2015-11-05 11:51:48,395][com.java.TestType] [ 8031] - --------------------------setting values-----------------------------
[INFO ][2015-11-05 11:51:48,395][com.java.TestType] [ 8034] - Action Type : Select
[INFO ][2015-11-05 11:51:48,395][com.java.TestType] [ 3786] - value = PFC
[INFO ][2015-11-05 11:51:48,591][com.java.TestType] [ 8053] -  RESULT true
[INFO ][2015-11-05 11:51:48,591][com.java.TestType] [ 8170] - ?   P A S S   ?
[DEBUG][2015-11-05 11:51:48,591][com.java.TestType] [ 7976] - Concept ID:2 :: Step being Executed: 2::2
[INFO ][2015-11-05 11:51:48,592][com.java.TestType] [ 8014] - dataFields : LNKLogout
[DEBUG][2015-11-05 11:51:48,592][com.java.TestType] [ 8020] - <In Set values of the page>
[DEBUG][2015-11-05 11:51:48,592][com.java.TestType] [ 8025] - {Data Fields & Data Values Exist}
[INFO ][2015-11-05 11:51:48,592][com.java.TestType] [ 8031] - --------------------------setting values-----------------------------
[INFO ][2015-11-05 11:51:48,592][com.java.TestType] [ 8034] - Action Type : WaitTime
[DEBUG][2015-11-05 11:51:48,592][com.java.TestType] [ 3685] - sleepTime: 5000
[INFO ][2015-11-05 11:51:53,593][com.java.TestType] [ 8053] -  RESULT true
[INFO ][2015-11-05 11:51:53,594][com.java.TestType] [ 8170] - ?   P A S S   ?
[INFO ][2015-11-05 11:51:53,594][com.java.TestType] [ 8241] - Looping End......
[INFO ][2015-11-05 11:51:53,598][com.java.SeleniumDriver] [  861] -  RESULT true
[INFO ][2015-11-05 11:51:53,598][com.java.SeleniumDriver] [ 1066] - ?   P A S S   ?
[INFO ][2015-11-05 11:51:53,599][com.java.SeleniumDriver] [  788] - ------------------------------------------
[INFO ][2015-11-05 11:51:53,599][com.java.SeleniumDriver] [  789] - Test case being Executed: 1
[INFO ][2015-11-05 11:51:53,599][com.java.SeleniumDriver] [  800] - Test step:3
[INFO ][2015-11-05 11:51:53,599][com.java.SeleniumDriver] [  812] - Datavalue is----------2
[INFO ][2015-11-05 11:51:53,599][com.java.SeleniumDriver] [  836] - DataField : XPH//button[contains(text(),'Add Content')]
[INFO ][2015-11-05 11:51:53,599][com.java.SeleniumDriver] [  838] - DataValue : 2
[INFO ][2015-11-05 11:51:53,599][com.java.SeleniumDriver] [  844] - <In Set values of the page>
[INFO ][2015-11-05 11:51:53,599][com.java.SeleniumDriver] [  847] - {Data Fields & Data Values Exist}
[INFO ][2015-11-05 11:51:53,599][com.java.SeleniumDriver] [  849] - --------------------------setting values-----------------------------
[INFO ][2015-11-05 11:51:53,599][com.java.SeleniumDriver] [  852] - Action Type : WAITFORELEMENT
[INFO ][2015-11-05 11:51:53,632][com.java.SeleniumDriver] [  861] -  RESULT true
[INFO ][2015-11-05 11:51:53,633][com.java.SeleniumDriver] [ 1066] - ?   P A S S   ?
[DEBUG][2015-11-05 11:51:53,634][com.java.SeleniumDriver] [ 1168] - Case found
[DEBUG][2015-11-05 11:51:53,634][com.java.SeleniumDriver] [ 1173] - Incrementing ReportCounters[0]:1
[INFO ][2015-11-05 11:51:53,634][com.java.SeleniumDriver] [ 1192] - The results are-------------------[1, 1, Valid Login, Pass, , Thu Nov 05 11:51:48 IST 2015, 1, 2, Valid Login, Pass, , Thu Nov 05 11:51:53 IST 2015, 1, 3, Valid Login, Pass, , Thu Nov 05 11:51:53 IST 2015]
[INFO ][2015-11-05 11:51:53,634][com.java.SeleniumDriver] [ 1196] - End time is-------46 sec
[INFO ][2015-11-05 11:51:53,634][com.java.SeleniumDriver] [ 1197] - The results are-------------------[1, 1, Valid Login, Pass, , Thu Nov 05 11:51:48 IST 2015, 1, 2, Valid Login, Pass, , Thu Nov 05 11:51:53 IST 2015, 1, 3, Valid Login, Pass, , Thu Nov 05 11:51:53 IST 2015]
[DEBUG][2015-11-05 11:51:53,634][com.java.ImportnExport.ExportTestResultsExcel] [  222] - testResultPath = D:\BankersDashboard/TestReports/Test Results_BankersDashBoard_110515_115109_IE11_Simmons First National Bank.xls
[DEBUG][2015-11-05 11:51:53,634][com.java.ImportnExport.ExportTestResultsExcel] [  223] - browser is------------IE11
[DEBUG][2015-11-05 11:51:53,675][com.java.ImportnExport.ExportTestResultsExcel] [  270] - result.size() = 18
[DEBUG][2015-11-05 11:51:53,675][com.java.ImportnExport.ExportTestResultsExcel] [  274] - No of rows in sheet=1
[DEBUG][2015-11-05 11:51:53,675][com.java.ImportnExport.ExportTestResultsExcel] [  301] - ..in export..1
[DEBUG][2015-11-05 11:51:53,675][com.java.ImportnExport.ExportTestResultsExcel] [  301] - ..in export..Valid Login
[DEBUG][2015-11-05 11:51:53,675][com.java.ImportnExport.ExportTestResultsExcel] [  301] - ..in export..Pass
[DEBUG][2015-11-05 11:51:53,676][com.java.ImportnExport.ExportTestResultsExcel] [  301] - ..in export..
[DEBUG][2015-11-05 11:51:53,676][com.java.ImportnExport.ExportTestResultsExcel] [  301] - ..in export..Thu Nov 05 11:51:48 IST 2015
[INFO ][2015-11-05 11:51:53,677][com.java.SeleniumDriver] [ 1255] - out loop:0 size:2 TestCases:[1, 11] testcases:[1, 11]
[INFO ][2015-11-05 11:51:53,677][com.java.ImportnExport.ImportTestDataDetailsExcel] [   49] - test data details path===== D:\BankersDashboard\TestInputs\TestData.xls
[INFO ][2015-11-05 11:53:00,910][com.java.SeleniumDriver] [  788] - ------------------------------------------
[INFO ][2015-11-05 11:53:00,910][com.java.SeleniumDriver] [  789] - Test case being Executed: 11
[INFO ][2015-11-05 11:53:00,910][com.java.SeleniumDriver] [  800] - Test step:1
[INFO ][2015-11-05 11:53:00,910][com.java.SeleniumDriver] [  812] - Datavalue is----------Logout
[INFO ][2015-11-05 11:53:00,910][com.java.SeleniumDriver] [  836] - DataField : BTN
[INFO ][2015-11-05 11:53:00,910][com.java.SeleniumDriver] [  838] - DataValue : Logout
[INFO ][2015-11-05 11:53:00,910][com.java.SeleniumDriver] [  844] - <In Set values of the page>
[INFO ][2015-11-05 11:53:00,910][com.java.SeleniumDriver] [  847] - {Data Fields & Data Values Exist}
[INFO ][2015-11-05 11:53:00,910][com.java.SeleniumDriver] [  849] - --------------------------setting values-----------------------------
[INFO ][2015-11-05 11:53:00,910][com.java.SeleniumDriver] [  852] - Action Type : Verify
[INFO ][2015-11-05 11:53:00,910][com.java.TestType] [ 4912] - field= BTN value= Logout
[INFO ][2015-11-05 11:53:00,911][com.java.TestType] [ 3786] - value = Logout
[INFO ][2015-11-05 11:53:00,945][com.java.SeleniumDriver] [  861] -  RESULT true
[INFO ][2015-11-05 11:53:00,945][com.java.SeleniumDriver] [ 1066] - ?   P A S S   ?
[INFO ][2015-11-05 11:53:00,945][com.java.SeleniumDriver] [ 1108] - step change to 3
[INFO ][2015-11-05 11:53:00,945][com.java.SeleniumDriver] [  788] - ------------------------------------------
[INFO ][2015-11-05 11:53:00,945][com.java.SeleniumDriver] [  789] - Test case being Executed: 11
[INFO ][2015-11-05 11:53:00,945][com.java.SeleniumDriver] [  800] - Test step:3
[INFO ][2015-11-05 11:53:00,945][com.java.SeleniumDriver] [  812] - Datavalue is----------Concept#2:1-2
[INFO ][2015-11-05 11:53:00,946][com.java.SeleniumDriver] [  836] - DataField : test
[INFO ][2015-11-05 11:53:00,946][com.java.SeleniumDriver] [  838] - DataValue : Concept#2:1-2
[INFO ][2015-11-05 11:53:00,946][com.java.SeleniumDriver] [  844] - <In Set values of the page>
[INFO ][2015-11-05 11:53:00,946][com.java.SeleniumDriver] [  847] - {Data Fields & Data Values Exist}
[INFO ][2015-11-05 11:53:00,946][com.java.SeleniumDriver] [  849] - --------------------------setting values-----------------------------
[INFO ][2015-11-05 11:53:00,946][com.java.SeleniumDriver] [  852] - Action Type : ExecuteTestCase
[INFO ][2015-11-05 11:53:00,946][com.java.TestType] [  411] - The Concept sheet name is ---------- Concept
[INFO ][2015-11-05 11:53:00,946][com.java.TestType] [  414] - The Concept ID  is ---------- 2
[DEBUG][2015-11-05 11:53:00,946][com.java.TestType] [  418] - Steps being executted in the Concept are: 1:2
[INFO ][2015-11-05 11:53:00,946][com.java.TestType] [  425] - Test data details path ---------- D:\BankersDashboard\TestInputs\TestData.xls
[INFO ][2015-11-05 11:53:00,977][com.java.TestType] [  456] -  str(1) = 2
[INFO ][2015-11-05 11:53:00,977][com.java.TestType] [  459] - Test case Id is---2
[INFO ][2015-11-05 11:53:00,977][com.java.TestType] [  461] - 2
[INFO ][2015-11-05 11:53:00,977][com.java.TestType] [  456] -  str(2) = 1
[INFO ][2015-11-05 11:53:00,979][com.java.TestType] [  508] - row values are--------{1=com.java.Objects.TestDataDetails@1e54ad}
[INFO ][2015-11-05 11:53:00,979][com.java.TestType] [  456] -  str(1) = 2
[INFO ][2015-11-05 11:53:00,979][com.java.TestType] [  459] - Test case Id is---2
[INFO ][2015-11-05 11:53:00,979][com.java.TestType] [  461] - 2
[INFO ][2015-11-05 11:53:00,979][com.java.TestType] [  456] -  str(2) = 2
[INFO ][2015-11-05 11:53:00,980][com.java.TestType] [  508] - row values are--------{1=com.java.Objects.TestDataDetails@1e54ad, 2=com.java.Objects.TestDataDetails@1326f8f}
[INFO ][2015-11-05 11:53:00,980][com.java.TestType] [  456] -  str(1) = 2
[INFO ][2015-11-05 11:53:00,980][com.java.TestType] [  459] - Test case Id is---2
[INFO ][2015-11-05 11:53:00,980][com.java.TestType] [  461] - 2
[INFO ][2015-11-05 11:53:00,980][com.java.TestType] [  456] -  str(2) = 3
[INFO ][2015-11-05 11:53:00,981][com.java.TestType] [  508] - row values are--------{1=com.java.Objects.TestDataDetails@1e54ad, 2=com.java.Objects.TestDataDetails@1326f8f, 3=com.java.Objects.TestDataDetails@e43d5e}
[INFO ][2015-11-05 11:53:00,981][com.java.TestType] [ 7935] - Looping 1TCID = 2
[DEBUG][2015-11-05 11:53:00,981][com.java.TestType] [ 7976] - Concept ID:2 :: Step being Executed: 2::1
[INFO ][2015-11-05 11:53:00,981][com.java.TestType] [ 8014] - dataFields : BNK//select[@id='bank']
[DEBUG][2015-11-05 11:53:00,981][com.java.TestType] [ 8020] - <In Set values of the page>
[DEBUG][2015-11-05 11:53:00,981][com.java.TestType] [ 8025] - {Data Fields & Data Values Exist}
[INFO ][2015-11-05 11:53:00,982][com.java.TestType] [ 8031] - --------------------------setting values-----------------------------
[INFO ][2015-11-05 11:53:00,982][com.java.TestType] [ 8034] - Action Type : Select
[INFO ][2015-11-05 11:53:00,982][com.java.TestType] [ 3786] - value = PFC
[INFO ][2015-11-05 11:53:01,169][com.java.TestType] [ 8053] -  RESULT true
[INFO ][2015-11-05 11:53:01,169][com.java.TestType] [ 8170] - ?   P A S S   ?
[DEBUG][2015-11-05 11:53:01,169][com.java.TestType] [ 7976] - Concept ID:2 :: Step being Executed: 2::2
[INFO ][2015-11-05 11:53:01,169][com.java.TestType] [ 8014] - dataFields : LNKLogout
[DEBUG][2015-11-05 11:53:01,169][com.java.TestType] [ 8020] - <In Set values of the page>
[DEBUG][2015-11-05 11:53:01,169][com.java.TestType] [ 8025] - {Data Fields & Data Values Exist}
[INFO ][2015-11-05 11:53:01,169][com.java.TestType] [ 8031] - --------------------------setting values-----------------------------
[INFO ][2015-11-05 11:53:01,169][com.java.TestType] [ 8034] - Action Type : WaitTime
[DEBUG][2015-11-05 11:53:01,169][com.java.TestType] [ 3685] - sleepTime: 5000
[INFO ][2015-11-05 11:53:06,171][com.java.TestType] [ 8053] -  RESULT true
[INFO ][2015-11-05 11:53:06,171][com.java.TestType] [ 8170] - ?   P A S S   ?
[INFO ][2015-11-05 11:53:06,171][com.java.TestType] [ 8241] - Looping End......
[INFO ][2015-11-05 11:53:06,175][com.java.SeleniumDriver] [  861] -  RESULT true
[INFO ][2015-11-05 11:53:06,176][com.java.SeleniumDriver] [ 1066] - ?   P A S S   ?
[INFO ][2015-11-05 11:53:06,176][com.java.SeleniumDriver] [  788] - ------------------------------------------
[INFO ][2015-11-05 11:53:06,176][com.java.SeleniumDriver] [  789] - Test case being Executed: 11
[INFO ][2015-11-05 11:53:06,176][com.java.SeleniumDriver] [  800] - Test step:4
[INFO ][2015-11-05 11:53:06,176][com.java.SeleniumDriver] [  812] - Datavalue is----------null
[DEBUG][2015-11-05 11:53:06,176][com.java.SeleniumDriver] [  830] - Exception: null
[INFO ][2015-11-05 11:53:06,176][com.java.SeleniumDriver] [  836] - DataField : //span[@class='icon-user4']&&Users&&Manage Users
[INFO ][2015-11-05 11:53:06,176][com.java.SeleniumDriver] [  838] - DataValue : 
[INFO ][2015-11-05 11:53:06,176][com.java.SeleniumDriver] [  844] - <In Set values of the page>
[INFO ][2015-11-05 11:53:06,176][com.java.SeleniumDriver] [  847] - {Data Fields & Data Values Exist}
[INFO ][2015-11-05 11:53:06,176][com.java.SeleniumDriver] [  849] - --------------------------setting values-----------------------------
[INFO ][2015-11-05 11:53:06,176][com.java.SeleniumDriver] [  852] - Action Type : MouseOver
[INFO ][2015-11-05 11:53:36,474][com.java.SeleniumDriver] [  861] -  RESULT true
[INFO ][2015-11-05 11:53:36,474][com.java.SeleniumDriver] [ 1066] - ?   P A S S   ?
[INFO ][2015-11-05 11:53:36,474][com.java.SeleniumDriver] [  788] - ------------------------------------------
[INFO ][2015-11-05 11:53:36,474][com.java.SeleniumDriver] [  789] - Test case being Executed: 11
[INFO ][2015-11-05 11:53:36,474][com.java.SeleniumDriver] [  800] - Test step:5
[INFO ][2015-11-05 11:53:36,474][com.java.SeleniumDriver] [  812] - Datavalue is----------2
[INFO ][2015-11-05 11:53:36,474][com.java.SeleniumDriver] [  836] - DataField : BTNframeDialogContent
[INFO ][2015-11-05 11:53:36,474][com.java.SeleniumDriver] [  838] - DataValue : 2
[INFO ][2015-11-05 11:53:36,474][com.java.SeleniumDriver] [  844] - <In Set values of the page>
[INFO ][2015-11-05 11:53:36,474][com.java.SeleniumDriver] [  847] - {Data Fields & Data Values Exist}
[INFO ][2015-11-05 11:53:36,474][com.java.SeleniumDriver] [  849] - --------------------------setting values-----------------------------
[INFO ][2015-11-05 11:53:36,474][com.java.SeleniumDriver] [  852] - Action Type : WaitForElement
[INFO ][2015-11-05 11:53:37,718][com.java.SeleniumDriver] [  861] -  RESULT true
[INFO ][2015-11-05 11:53:37,718][com.java.SeleniumDriver] [ 1066] - ?   P A S S   ?
[INFO ][2015-11-05 11:53:37,718][com.java.SeleniumDriver] [  788] - ------------------------------------------
[INFO ][2015-11-05 11:53:37,718][com.java.SeleniumDriver] [  789] - Test case being Executed: 11
[INFO ][2015-11-05 11:53:37,718][com.java.SeleniumDriver] [  800] - Test step:6
[INFO ][2015-11-05 11:53:37,718][com.java.SeleniumDriver] [  812] - Datavalue is----------null
[DEBUG][2015-11-05 11:53:37,718][com.java.SeleniumDriver] [  830] - Exception: null
[INFO ][2015-11-05 11:53:37,718][com.java.SeleniumDriver] [  836] - DataField : BTNframeDialogContent
[INFO ][2015-11-05 11:53:37,718][com.java.SeleniumDriver] [  838] - DataValue : 
[INFO ][2015-11-05 11:53:37,718][com.java.SeleniumDriver] [  844] - <In Set values of the page>
[INFO ][2015-11-05 11:53:37,718][com.java.SeleniumDriver] [  847] - {Data Fields & Data Values Exist}
[INFO ][2015-11-05 11:53:37,718][com.java.SeleniumDriver] [  849] - --------------------------setting values-----------------------------
[INFO ][2015-11-05 11:53:37,718][com.java.SeleniumDriver] [  852] - Action Type : SelectFrame
[INFO ][2015-11-05 11:53:38,960][com.java.SeleniumDriver] [  861] -  RESULT true
[INFO ][2015-11-05 11:53:38,960][com.java.SeleniumDriver] [ 1066] - ?   P A S S   ?
[INFO ][2015-11-05 11:53:38,960][com.java.SeleniumDriver] [  788] - ------------------------------------------
[INFO ][2015-11-05 11:53:38,960][com.java.SeleniumDriver] [  789] - Test case being Executed: 11
[INFO ][2015-11-05 11:53:38,960][com.java.SeleniumDriver] [  800] - Test step:7
[INFO ][2015-11-05 11:53:38,960][com.java.SeleniumDriver] [  812] - Datavalue is----------2
[INFO ][2015-11-05 11:53:38,960][com.java.SeleniumDriver] [  836] - DataField : BTNbtnAddUser
[INFO ][2015-11-05 11:53:38,960][com.java.SeleniumDriver] [  838] - DataValue : 2
[INFO ][2015-11-05 11:53:38,960][com.java.SeleniumDriver] [  844] - <In Set values of the page>
[INFO ][2015-11-05 11:53:38,960][com.java.SeleniumDriver] [  847] - {Data Fields & Data Values Exist}
[INFO ][2015-11-05 11:53:38,960][com.java.SeleniumDriver] [  849] - --------------------------setting values-----------------------------
[INFO ][2015-11-05 11:53:38,960][com.java.SeleniumDriver] [  852] - Action Type : WaitForElement
[INFO ][2015-11-05 11:53:40,820][com.java.SeleniumDriver] [  861] -  RESULT true
[INFO ][2015-11-05 11:53:40,820][com.java.SeleniumDriver] [ 1066] - ?   P A S S   ?
[INFO ][2015-11-05 11:53:40,820][com.java.SeleniumDriver] [  788] - ------------------------------------------
[INFO ][2015-11-05 11:53:40,820][com.java.SeleniumDriver] [  789] - Test case being Executed: 11
[INFO ][2015-11-05 11:53:40,820][com.java.SeleniumDriver] [  800] - Test step:8
[INFO ][2015-11-05 11:53:40,820][com.java.SeleniumDriver] [  812] - Datavalue is----------null
[DEBUG][2015-11-05 11:53:40,820][com.java.SeleniumDriver] [  830] - Exception: null
[INFO ][2015-11-05 11:53:40,820][com.java.SeleniumDriver] [  836] - DataField : BTNbtnAddUser
[INFO ][2015-11-05 11:53:40,820][com.java.SeleniumDriver] [  838] - DataValue : 
[INFO ][2015-11-05 11:53:40,820][com.java.SeleniumDriver] [  844] - <In Set values of the page>
[INFO ][2015-11-05 11:53:40,820][com.java.SeleniumDriver] [  847] - {Data Fields & Data Values Exist}
[INFO ][2015-11-05 11:53:40,820][com.java.SeleniumDriver] [  849] - --------------------------setting values-----------------------------
[INFO ][2015-11-05 11:53:40,820][com.java.SeleniumDriver] [  852] - Action Type : Click
[INFO ][2015-11-05 11:53:40,820][com.java.TestType] [ 4099] - Field ::BTNbtnAddUser
[INFO ][2015-11-05 11:53:41,821][com.java.TestType] [ 4137] - BEFORE CLICK
[INFO ][2015-11-05 11:53:43,792][com.java.TestType] [ 4144] - Unable to click the object Add user button
[INFO ][2015-11-05 11:53:43,792][com.java.SeleniumDriver] [  861] -  RESULT true
[INFO ][2015-11-05 11:53:43,792][com.java.SeleniumDriver] [ 1066] - ?   P A S S   ?
[INFO ][2015-11-05 11:53:43,792][com.java.SeleniumDriver] [  788] - ------------------------------------------
[INFO ][2015-11-05 11:53:43,792][com.java.SeleniumDriver] [  789] - Test case being Executed: 11
[INFO ][2015-11-05 11:53:43,792][com.java.SeleniumDriver] [  800] - Test step:9
[INFO ][2015-11-05 11:53:43,792][com.java.SeleniumDriver] [  812] - Datavalue is----------2
[INFO ][2015-11-05 11:53:43,792][com.java.SeleniumDriver] [  836] - DataField : BTNtxtUserName
[INFO ][2015-11-05 11:53:43,792][com.java.SeleniumDriver] [  838] - DataValue : 2
[INFO ][2015-11-05 11:53:43,792][com.java.SeleniumDriver] [  844] - <In Set values of the page>
[INFO ][2015-11-05 11:53:43,792][com.java.SeleniumDriver] [  847] - {Data Fields & Data Values Exist}
[INFO ][2015-11-05 11:53:43,792][com.java.SeleniumDriver] [  849] - --------------------------setting values-----------------------------
[INFO ][2015-11-05 11:53:43,792][com.java.SeleniumDriver] [  852] - Action Type : WaitForElement
[INFO ][2015-11-05 11:53:51,992][com.java.SeleniumDriver] [  861] -  RESULT true
[INFO ][2015-11-05 11:53:51,992][com.java.SeleniumDriver] [ 1066] - ?   P A S S   ?
[INFO ][2015-11-05 11:53:51,992][com.java.SeleniumDriver] [  788] - ------------------------------------------
[INFO ][2015-11-05 11:53:51,992][com.java.SeleniumDriver] [  789] - Test case being Executed: 11
[INFO ][2015-11-05 11:53:51,992][com.java.SeleniumDriver] [  800] - Test step:10
[INFO ][2015-11-05 11:53:51,992][com.java.SeleniumDriver] [  812] - Datavalue is----------dt:NewUserName
[INFO ][2015-11-05 11:53:51,992][com.java.SeleniumDriver] [  836] - DataField : TXTtxtUserName
[INFO ][2015-11-05 11:53:51,992][com.java.SeleniumDriver] [  838] - DataValue : dt:NewUserName
[INFO ][2015-11-05 11:53:51,992][com.java.SeleniumDriver] [  844] - <In Set values of the page>
[INFO ][2015-11-05 11:53:51,992][com.java.SeleniumDriver] [  847] - {Data Fields & Data Values Exist}
[INFO ][2015-11-05 11:53:51,992][com.java.SeleniumDriver] [  849] - --------------------------setting values-----------------------------
[INFO ][2015-11-05 11:53:51,992][com.java.SeleniumDriver] [  852] - Action Type : Enter
[INFO ][2015-11-05 11:53:51,992][com.java.TestType] [ 4419] - field = txtUserName
[INFO ][2015-11-05 11:53:51,992][com.java.TestType] [ 3786] - value = vltest.robot
[INFO ][2015-11-05 11:53:54,785][com.java.SeleniumDriver] [  861] -  RESULT true
[INFO ][2015-11-05 11:53:54,785][com.java.SeleniumDriver] [ 1066] - ?   P A S S   ?
[INFO ][2015-11-05 11:53:54,785][com.java.SeleniumDriver] [  788] - ------------------------------------------
[INFO ][2015-11-05 11:53:54,785][com.java.SeleniumDriver] [  789] - Test case being Executed: 11
[INFO ][2015-11-05 11:53:54,785][com.java.SeleniumDriver] [  800] - Test step:11
[INFO ][2015-11-05 11:53:54,785][com.java.SeleniumDriver] [  812] - Datavalue is----------VLTest
[INFO ][2015-11-05 11:53:54,785][com.java.SeleniumDriver] [  836] - DataField : TXTtxtFirstName
[INFO ][2015-11-05 11:53:54,785][com.java.SeleniumDriver] [  838] - DataValue : VLTest
[INFO ][2015-11-05 11:53:54,785][com.java.SeleniumDriver] [  844] - <In Set values of the page>
[INFO ][2015-11-05 11:53:54,785][com.java.SeleniumDriver] [  847] - {Data Fields & Data Values Exist}
[INFO ][2015-11-05 11:53:54,785][com.java.SeleniumDriver] [  849] - --------------------------setting values-----------------------------
[INFO ][2015-11-05 11:53:54,785][com.java.SeleniumDriver] [  852] - Action Type : Enter
[INFO ][2015-11-05 11:53:54,785][com.java.TestType] [ 4419] - field = txtFirstName
[INFO ][2015-11-05 11:53:54,785][com.java.TestType] [ 3786] - value = VLTest
[INFO ][2015-11-05 11:53:57,827][com.java.SeleniumDriver] [  861] -  RESULT true
[INFO ][2015-11-05 11:53:57,827][com.java.SeleniumDriver] [ 1066] - ?   P A S S   ?
[INFO ][2015-11-05 11:53:57,827][com.java.SeleniumDriver] [  788] - ------------------------------------------
[INFO ][2015-11-05 11:53:57,827][com.java.SeleniumDriver] [  789] - Test case being Executed: 11
[INFO ][2015-11-05 11:53:57,827][com.java.SeleniumDriver] [  800] - Test step:12
[INFO ][2015-11-05 11:53:57,827][com.java.SeleniumDriver] [  812] - Datavalue is----------Robot
[INFO ][2015-11-05 11:53:57,827][com.java.SeleniumDriver] [  836] - DataField : TXTtxtLastName
[INFO ][2015-11-05 11:53:57,827][com.java.SeleniumDriver] [  838] - DataValue : Robot
[INFO ][2015-11-05 11:53:57,827][com.java.SeleniumDriver] [  844] - <In Set values of the page>
[INFO ][2015-11-05 11:53:57,827][com.java.SeleniumDriver] [  847] - {Data Fields & Data Values Exist}
[INFO ][2015-11-05 11:53:57,827][com.java.SeleniumDriver] [  849] - --------------------------setting values-----------------------------
[INFO ][2015-11-05 11:53:57,827][com.java.SeleniumDriver] [  852] - Action Type : Enter
[INFO ][2015-11-05 11:53:57,827][com.java.TestType] [ 4419] - field = txtLastName
[INFO ][2015-11-05 11:53:57,827][com.java.TestType] [ 3786] - value = Robot
[INFO ][2015-11-05 11:54:00,629][com.java.SeleniumDriver] [  861] -  RESULT true
[INFO ][2015-11-05 11:54:00,629][com.java.SeleniumDriver] [ 1066] - ?   P A S S   ?
[INFO ][2015-11-05 11:54:00,629][com.java.SeleniumDriver] [  788] - ------------------------------------------
[INFO ][2015-11-05 11:54:00,629][com.java.SeleniumDriver] [  789] - Test case being Executed: 11
[INFO ][2015-11-05 11:54:00,629][com.java.SeleniumDriver] [  800] - Test step:13
[INFO ][2015-11-05 11:54:00,629][com.java.SeleniumDriver] [  812] - Datavalue is----------ValueLabs
[INFO ][2015-11-05 11:54:00,629][com.java.SeleniumDriver] [  836] - DataField : TXTtxtCompany
[INFO ][2015-11-05 11:54:00,629][com.java.SeleniumDriver] [  838] - DataValue : ValueLabs
[INFO ][2015-11-05 11:54:00,629][com.java.SeleniumDriver] [  844] - <In Set values of the page>
[INFO ][2015-11-05 11:54:00,629][com.java.SeleniumDriver] [  847] - {Data Fields & Data Values Exist}
[INFO ][2015-11-05 11:54:00,629][com.java.SeleniumDriver] [  849] - --------------------------setting values-----------------------------
[INFO ][2015-11-05 11:54:00,629][com.java.SeleniumDriver] [  852] - Action Type : Enter
[INFO ][2015-11-05 11:54:00,629][com.java.TestType] [ 4419] - field = txtCompany
[INFO ][2015-11-05 11:54:00,629][com.java.TestType] [ 3786] - value = ValueLabs
[INFO ][2015-11-05 11:54:03,591][com.java.SeleniumDriver] [  861] -  RESULT true
[INFO ][2015-11-05 11:54:03,591][com.java.SeleniumDriver] [ 1066] - ?   P A S S   ?
[INFO ][2015-11-05 11:54:03,591][com.java.SeleniumDriver] [  788] - ------------------------------------------
[INFO ][2015-11-05 11:54:03,591][com.java.SeleniumDriver] [  789] - Test case being Executed: 11
[INFO ][2015-11-05 11:54:03,591][com.java.SeleniumDriver] [  800] - Test step:14
[INFO ][2015-11-05 11:54:03,591][com.java.SeleniumDriver] [  812] - Datavalue is----------India
[INFO ][2015-11-05 11:54:03,591][com.java.SeleniumDriver] [  836] - DataField : TXTtxtLocation
[INFO ][2015-11-05 11:54:03,591][com.java.SeleniumDriver] [  838] - DataValue : India
[INFO ][2015-11-05 11:54:03,591][com.java.SeleniumDriver] [  844] - <In Set values of the page>
[INFO ][2015-11-05 11:54:03,591][com.java.SeleniumDriver] [  847] - {Data Fields & Data Values Exist}
[INFO ][2015-11-05 11:54:03,591][com.java.SeleniumDriver] [  849] - --------------------------setting values-----------------------------
[INFO ][2015-11-05 11:54:03,591][com.java.SeleniumDriver] [  852] - Action Type : Enter
[INFO ][2015-11-05 11:54:03,591][com.java.TestType] [ 4419] - field = txtLocation
[INFO ][2015-11-05 11:54:03,591][com.java.TestType] [ 3786] - value = India
[INFO ][2015-11-05 11:54:06,393][com.java.SeleniumDriver] [  861] -  RESULT true
[INFO ][2015-11-05 11:54:06,393][com.java.SeleniumDriver] [ 1066] - ?   P A S S   ?
[INFO ][2015-11-05 11:54:06,393][com.java.SeleniumDriver] [  788] - ------------------------------------------
[INFO ][2015-11-05 11:54:06,393][com.java.SeleniumDriver] [  789] - Test case being Executed: 11
[INFO ][2015-11-05 11:54:06,393][com.java.SeleniumDriver] [  800] - Test step:15
[INFO ][2015-11-05 11:54:06,393][com.java.SeleniumDriver] [  812] - Datavalue is----------vltest.robot@valuelabs.com
[INFO ][2015-11-05 11:54:06,393][com.java.SeleniumDriver] [  836] - DataField : TXTtxtEMail
[INFO ][2015-11-05 11:54:06,393][com.java.SeleniumDriver] [  838] - DataValue : vltest.robot@valuelabs.com
[INFO ][2015-11-05 11:54:06,393][com.java.SeleniumDriver] [  844] - <In Set values of the page>
[INFO ][2015-11-05 11:54:06,393][com.java.SeleniumDriver] [  847] - {Data Fields & Data Values Exist}
[INFO ][2015-11-05 11:54:06,393][com.java.SeleniumDriver] [  849] - --------------------------setting values-----------------------------
[INFO ][2015-11-05 11:54:06,393][com.java.SeleniumDriver] [  852] - Action Type : Enter
[INFO ][2015-11-05 11:54:06,393][com.java.TestType] [ 4419] - field = txtEMail
[INFO ][2015-11-05 11:54:06,393][com.java.TestType] [ 3786] - value = vltest.robot@valuelabs.com
[INFO ][2015-11-05 11:54:09,435][com.java.SeleniumDriver] [  861] -  RESULT true
[INFO ][2015-11-05 11:54:09,435][com.java.SeleniumDriver] [ 1066] - ?   P A S S   ?
[INFO ][2015-11-05 11:54:09,435][com.java.SeleniumDriver] [  788] - ------------------------------------------
[INFO ][2015-11-05 11:54:09,435][com.java.SeleniumDriver] [  789] - Test case being Executed: 11
[INFO ][2015-11-05 11:54:09,435][com.java.SeleniumDriver] [  800] - Test step:16
[INFO ][2015-11-05 11:54:09,435][com.java.SeleniumDriver] [  812] - Datavalue is----------12345678901
[INFO ][2015-11-05 11:54:09,435][com.java.SeleniumDriver] [  836] - DataField : TXTtxtPhone
[INFO ][2015-11-05 11:54:09,435][com.java.SeleniumDriver] [  838] - DataValue : 12345678901
[INFO ][2015-11-05 11:54:09,435][com.java.SeleniumDriver] [  844] - <In Set values of the page>
[INFO ][2015-11-05 11:54:09,435][com.java.SeleniumDriver] [  847] - {Data Fields & Data Values Exist}
[INFO ][2015-11-05 11:54:09,435][com.java.SeleniumDriver] [  849] - --------------------------setting values-----------------------------
[INFO ][2015-11-05 11:54:09,435][com.java.SeleniumDriver] [  852] - Action Type : Enter
[INFO ][2015-11-05 11:54:09,435][com.java.TestType] [ 4419] - field = txtPhone
[INFO ][2015-11-05 11:54:09,435][com.java.TestType] [ 3786] - value = 12345678901
[INFO ][2015-11-05 11:54:12,208][com.java.SeleniumDriver] [  861] -  RESULT true
[INFO ][2015-11-05 11:54:12,208][com.java.SeleniumDriver] [ 1066] - ?   P A S S   ?
[INFO ][2015-11-05 11:54:12,208][com.java.SeleniumDriver] [  788] - ------------------------------------------
[INFO ][2015-11-05 11:54:12,208][com.java.SeleniumDriver] [  789] - Test case being Executed: 11
[INFO ][2015-11-05 11:54:12,208][com.java.SeleniumDriver] [  800] - Test step:17
[INFO ][2015-11-05 11:54:12,208][com.java.SeleniumDriver] [  812] - Datavalue is----------dt:NewUserPswd
[INFO ][2015-11-05 11:54:12,208][com.java.SeleniumDriver] [  836] - DataField : TXTtxtPassword
[INFO ][2015-11-05 11:54:12,208][com.java.SeleniumDriver] [  838] - DataValue : dt:NewUserPswd
[INFO ][2015-11-05 11:54:12,208][com.java.SeleniumDriver] [  844] - <In Set values of the page>
[INFO ][2015-11-05 11:54:12,208][com.java.SeleniumDriver] [  847] - {Data Fields & Data Values Exist}
[INFO ][2015-11-05 11:54:12,208][com.java.SeleniumDriver] [  849] - --------------------------setting values-----------------------------
[INFO ][2015-11-05 11:54:12,208][com.java.SeleniumDriver] [  852] - Action Type : Enter
[INFO ][2015-11-05 11:54:12,208][com.java.TestType] [ 4419] - field = txtPassword
[INFO ][2015-11-05 11:54:12,208][com.java.TestType] [ 3786] - value = Password1*
[INFO ][2015-11-05 11:54:15,180][com.java.SeleniumDriver] [  861] -  RESULT true
[INFO ][2015-11-05 11:54:15,180][com.java.SeleniumDriver] [ 1066] - ?   P A S S   ?
[INFO ][2015-11-05 11:54:15,180][com.java.SeleniumDriver] [  788] - ------------------------------------------
[INFO ][2015-11-05 11:54:15,180][com.java.SeleniumDriver] [  789] - Test case being Executed: 11
[INFO ][2015-11-05 11:54:15,180][com.java.SeleniumDriver] [  800] - Test step:18
[INFO ][2015-11-05 11:54:15,180][com.java.SeleniumDriver] [  812] - Datavalue is----------dt:NewUserPswd
[INFO ][2015-11-05 11:54:15,180][com.java.SeleniumDriver] [  836] - DataField : TXTtxtPasswordConfirm
[INFO ][2015-11-05 11:54:15,180][com.java.SeleniumDriver] [  838] - DataValue : dt:NewUserPswd
[INFO ][2015-11-05 11:54:15,180][com.java.SeleniumDriver] [  844] - <In Set values of the page>
[INFO ][2015-11-05 11:54:15,180][com.java.SeleniumDriver] [  847] - {Data Fields & Data Values Exist}
[INFO ][2015-11-05 11:54:15,180][com.java.SeleniumDriver] [  849] - --------------------------setting values-----------------------------
[INFO ][2015-11-05 11:54:15,180][com.java.SeleniumDriver] [  852] - Action Type : Enter
[INFO ][2015-11-05 11:54:15,180][com.java.TestType] [ 4419] - field = txtPasswordConfirm
[INFO ][2015-11-05 11:54:15,180][com.java.TestType] [ 3786] - value = Password1*
[INFO ][2015-11-05 11:54:18,162][com.java.SeleniumDriver] [  861] -  RESULT true
[INFO ][2015-11-05 11:54:18,162][com.java.SeleniumDriver] [ 1066] - ?   P A S S   ?
[INFO ][2015-11-05 11:54:18,162][com.java.SeleniumDriver] [  788] - ------------------------------------------
[INFO ][2015-11-05 11:54:18,162][com.java.SeleniumDriver] [  789] - Test case being Executed: 11
[INFO ][2015-11-05 11:54:18,162][com.java.SeleniumDriver] [  800] - Test step:19
[INFO ][2015-11-05 11:54:18,162][com.java.SeleniumDriver] [  812] - Datavalue is----------null
[DEBUG][2015-11-05 11:54:18,162][com.java.SeleniumDriver] [  830] - Exception: null
[INFO ][2015-11-05 11:54:18,162][com.java.SeleniumDriver] [  836] - DataField : BTNparent
[INFO ][2015-11-05 11:54:18,162][com.java.SeleniumDriver] [  838] - DataValue : 
[INFO ][2015-11-05 11:54:18,162][com.java.SeleniumDriver] [  844] - <In Set values of the page>
[INFO ][2015-11-05 11:54:18,162][com.java.SeleniumDriver] [  847] - {Data Fields & Data Values Exist}
[INFO ][2015-11-05 11:54:18,162][com.java.SeleniumDriver] [  849] - --------------------------setting values-----------------------------
[INFO ][2015-11-05 11:54:18,162][com.java.SeleniumDriver] [  852] - Action Type : SelectFrame
[INFO ][2015-11-05 11:54:18,172][com.java.SeleniumDriver] [  861] -  RESULT true
[INFO ][2015-11-05 11:54:18,172][com.java.SeleniumDriver] [ 1066] - ?   P A S S   ?
[INFO ][2015-11-05 11:54:18,172][com.java.SeleniumDriver] [  788] - ------------------------------------------
[INFO ][2015-11-05 11:54:18,172][com.java.SeleniumDriver] [  789] - Test case being Executed: 11
[INFO ][2015-11-05 11:54:18,172][com.java.SeleniumDriver] [  800] - Test step:20
[INFO ][2015-11-05 11:54:18,172][com.java.SeleniumDriver] [  812] - Datavalue is----------5
[INFO ][2015-11-05 11:54:18,172][com.java.SeleniumDriver] [  836] - DataField : test
[INFO ][2015-11-05 11:54:18,172][com.java.SeleniumDriver] [  838] - DataValue : 5
[INFO ][2015-11-05 11:54:18,172][com.java.SeleniumDriver] [  844] - <In Set values of the page>
[INFO ][2015-11-05 11:54:18,172][com.java.SeleniumDriver] [  847] - {Data Fields & Data Values Exist}
[INFO ][2015-11-05 11:54:18,172][com.java.SeleniumDriver] [  849] - --------------------------setting values-----------------------------
[INFO ][2015-11-05 11:54:18,172][com.java.SeleniumDriver] [  852] - Action Type : WaitTime
[DEBUG][2015-11-05 11:54:18,172][com.java.TestType] [ 3685] - sleepTime: 5000
[INFO ][2015-11-05 11:54:23,172][com.java.SeleniumDriver] [  861] -  RESULT true
[INFO ][2015-11-05 11:54:23,172][com.java.SeleniumDriver] [ 1066] - ?   P A S S   ?
[INFO ][2015-11-05 11:54:23,172][com.java.SeleniumDriver] [  788] - ------------------------------------------
[INFO ][2015-11-05 11:54:23,172][com.java.SeleniumDriver] [  789] - Test case being Executed: 11
[INFO ][2015-11-05 11:54:23,172][com.java.SeleniumDriver] [  800] - Test step:21
[INFO ][2015-11-05 11:54:23,172][com.java.SeleniumDriver] [  812] - Datavalue is----------null
[DEBUG][2015-11-05 11:54:23,172][com.java.SeleniumDriver] [  830] - Exception: null
[INFO ][2015-11-05 11:54:23,172][com.java.SeleniumDriver] [  836] - DataField : XPH//span[contains(text(), 'Finished')]
[INFO ][2015-11-05 11:54:23,172][com.java.SeleniumDriver] [  838] - DataValue : 
[INFO ][2015-11-05 11:54:23,172][com.java.SeleniumDriver] [  844] - <In Set values of the page>
[INFO ][2015-11-05 11:54:23,172][com.java.SeleniumDriver] [  847] - {Data Fields & Data Values Exist}
[INFO ][2015-11-05 11:54:23,172][com.java.SeleniumDriver] [  849] - --------------------------setting values-----------------------------
[INFO ][2015-11-05 11:54:23,172][com.java.SeleniumDriver] [  852] - Action Type : Click
[INFO ][2015-11-05 11:54:23,172][com.java.TestType] [ 4099] - Field ::XPH//span[contains(text(), 'Finished')]
[INFO ][2015-11-05 11:54:24,173][com.java.TestType] [ 4158] - BEFORE CLICK
[INFO ][2015-11-05 11:54:25,553][com.java.TestType] [ 4166] - Unable to click the object Finished button
[INFO ][2015-11-05 11:54:25,553][com.java.SeleniumDriver] [  861] -  RESULT true
[INFO ][2015-11-05 11:54:25,553][com.java.SeleniumDriver] [ 1066] - ?   P A S S   ?
[INFO ][2015-11-05 11:54:25,553][com.java.SeleniumDriver] [  788] - ------------------------------------------
[INFO ][2015-11-05 11:54:25,553][com.java.SeleniumDriver] [  789] - Test case being Executed: 11
[INFO ][2015-11-05 11:54:25,553][com.java.SeleniumDriver] [  800] - Test step:22
[INFO ][2015-11-05 11:54:25,553][com.java.SeleniumDriver] [  812] - Datavalue is----------null
[DEBUG][2015-11-05 11:54:25,553][com.java.SeleniumDriver] [  830] - Exception: null
[INFO ][2015-11-05 11:54:25,553][com.java.SeleniumDriver] [  836] - DataField : XPH//span[contains(text(), 'Finished')]
[INFO ][2015-11-05 11:54:25,553][com.java.SeleniumDriver] [  838] - DataValue : 
[INFO ][2015-11-05 11:54:25,553][com.java.SeleniumDriver] [  844] - <In Set values of the page>
[INFO ][2015-11-05 11:54:25,553][com.java.SeleniumDriver] [  847] - {Data Fields & Data Values Exist}
[INFO ][2015-11-05 11:54:25,553][com.java.SeleniumDriver] [  849] - --------------------------setting values-----------------------------
[INFO ][2015-11-05 11:54:25,553][com.java.SeleniumDriver] [  852] - Action Type : WaitForElement
[INFO ][2015-11-05 11:54:25,594][com.java.SeleniumDriver] [  861] -  RESULT true
[INFO ][2015-11-05 11:54:25,594][com.java.SeleniumDriver] [ 1066] - ?   P A S S   ?
[INFO ][2015-11-05 11:54:25,594][com.java.SeleniumDriver] [  788] - ------------------------------------------
[INFO ][2015-11-05 11:54:25,594][com.java.SeleniumDriver] [  789] - Test case being Executed: 11
[INFO ][2015-11-05 11:54:25,594][com.java.SeleniumDriver] [  800] - Test step:23
[INFO ][2015-11-05 11:54:25,594][com.java.SeleniumDriver] [  812] - Datavalue is----------null
[DEBUG][2015-11-05 11:54:25,594][com.java.SeleniumDriver] [  830] - Exception: null
[INFO ][2015-11-05 11:54:25,594][com.java.SeleniumDriver] [  836] - DataField : BTNframeDialogContent
[INFO ][2015-11-05 11:54:25,594][com.java.SeleniumDriver] [  838] - DataValue : 
[INFO ][2015-11-05 11:54:25,594][com.java.SeleniumDriver] [  844] - <In Set values of the page>
[INFO ][2015-11-05 11:54:25,594][com.java.SeleniumDriver] [  847] - {Data Fields & Data Values Exist}
[INFO ][2015-11-05 11:54:25,594][com.java.SeleniumDriver] [  849] - --------------------------setting values-----------------------------
[INFO ][2015-11-05 11:54:25,594][com.java.SeleniumDriver] [  852] - Action Type : SelectFrame
[INFO ][2015-11-05 11:54:26,875][com.java.SeleniumDriver] [  861] -  RESULT true
[INFO ][2015-11-05 11:54:26,875][com.java.SeleniumDriver] [ 1066] - ?   P A S S   ?
[INFO ][2015-11-05 11:54:26,875][com.java.SeleniumDriver] [  788] - ------------------------------------------
[INFO ][2015-11-05 11:54:26,875][com.java.SeleniumDriver] [  789] - Test case being Executed: 11
[INFO ][2015-11-05 11:54:26,875][com.java.SeleniumDriver] [  800] - Test step:24
[INFO ][2015-11-05 11:54:26,875][com.java.SeleniumDriver] [  812] - Datavalue is----------null
[DEBUG][2015-11-05 11:54:26,875][com.java.SeleniumDriver] [  830] - Exception: null
[INFO ][2015-11-05 11:54:26,875][com.java.SeleniumDriver] [  836] - DataField : BTNchkGlobalPrivsUserAdmin
[INFO ][2015-11-05 11:54:26,875][com.java.SeleniumDriver] [  838] - DataValue : 
[INFO ][2015-11-05 11:54:26,875][com.java.SeleniumDriver] [  844] - <In Set values of the page>
[INFO ][2015-11-05 11:54:26,875][com.java.SeleniumDriver] [  847] - {Data Fields & Data Values Exist}
[INFO ][2015-11-05 11:54:26,875][com.java.SeleniumDriver] [  849] - --------------------------setting values-----------------------------
[INFO ][2015-11-05 11:54:26,875][com.java.SeleniumDriver] [  852] - Action Type : Click
[INFO ][2015-11-05 11:54:26,875][com.java.TestType] [ 4099] - Field ::BTNchkGlobalPrivsUserAdmin
[INFO ][2015-11-05 11:54:27,875][com.java.TestType] [ 4137] - BEFORE CLICK
[INFO ][2015-11-05 11:54:29,196][com.java.TestType] [ 4144] - Unable to click the object User Admin check box
[INFO ][2015-11-05 11:54:29,196][com.java.SeleniumDriver] [  861] -  RESULT true
[INFO ][2015-11-05 11:54:29,196][com.java.SeleniumDriver] [ 1066] - ?   P A S S   ?
[INFO ][2015-11-05 11:54:29,196][com.java.SeleniumDriver] [  788] - ------------------------------------------
[INFO ][2015-11-05 11:54:29,196][com.java.SeleniumDriver] [  789] - Test case being Executed: 11
[INFO ][2015-11-05 11:54:29,196][com.java.SeleniumDriver] [  800] - Test step:25
[INFO ][2015-11-05 11:54:29,196][com.java.SeleniumDriver] [  812] - Datavalue is----------null
[DEBUG][2015-11-05 11:54:29,196][com.java.SeleniumDriver] [  830] - Exception: null
[INFO ][2015-11-05 11:54:29,196][com.java.SeleniumDriver] [  836] - DataField : BTNrdoEnableEntity_Enable
[INFO ][2015-11-05 11:54:29,196][com.java.SeleniumDriver] [  838] - DataValue : 
[INFO ][2015-11-05 11:54:29,196][com.java.SeleniumDriver] [  844] - <In Set values of the page>
[INFO ][2015-11-05 11:54:29,196][com.java.SeleniumDriver] [  847] - {Data Fields & Data Values Exist}
[INFO ][2015-11-05 11:54:29,196][com.java.SeleniumDriver] [  849] - --------------------------setting values-----------------------------
[INFO ][2015-11-05 11:54:29,196][com.java.SeleniumDriver] [  852] - Action Type : Click
[INFO ][2015-11-05 11:54:29,196][com.java.TestType] [ 4099] - Field ::BTNrdoEnableEntity_Enable
[INFO ][2015-11-05 11:54:30,196][com.java.TestType] [ 4137] - BEFORE CLICK
[INFO ][2015-11-05 11:54:31,487][com.java.TestType] [ 4144] - Unable to click the object Enable radio button
[INFO ][2015-11-05 11:54:31,487][com.java.SeleniumDriver] [  861] -  RESULT true
[INFO ][2015-11-05 11:54:31,487][com.java.SeleniumDriver] [ 1066] - ?   P A S S   ?
[INFO ][2015-11-05 11:54:31,487][com.java.SeleniumDriver] [  788] - ------------------------------------------
[INFO ][2015-11-05 11:54:31,487][com.java.SeleniumDriver] [  789] - Test case being Executed: 11
[INFO ][2015-11-05 11:54:31,487][com.java.SeleniumDriver] [  800] - Test step:26
[INFO ][2015-11-05 11:54:31,487][com.java.SeleniumDriver] [  812] - Datavalue is----------null
[DEBUG][2015-11-05 11:54:31,487][com.java.SeleniumDriver] [  830] - Exception: null
[INFO ][2015-11-05 11:54:31,487][com.java.SeleniumDriver] [  836] - DataField : BTNchkProfitCenterAll
[INFO ][2015-11-05 11:54:31,487][com.java.SeleniumDriver] [  838] - DataValue : 
[INFO ][2015-11-05 11:54:31,487][com.java.SeleniumDriver] [  844] - <In Set values of the page>
[INFO ][2015-11-05 11:54:31,487][com.java.SeleniumDriver] [  847] - {Data Fields & Data Values Exist}
[INFO ][2015-11-05 11:54:31,487][com.java.SeleniumDriver] [  849] - --------------------------setting values-----------------------------
[INFO ][2015-11-05 11:54:31,487][com.java.SeleniumDriver] [  852] - Action Type : Click
[INFO ][2015-11-05 11:54:31,487][com.java.TestType] [ 4099] - Field ::BTNchkProfitCenterAll
[INFO ][2015-11-05 11:54:32,487][com.java.TestType] [ 4137] - BEFORE CLICK
[INFO ][2015-11-05 11:54:33,788][com.java.TestType] [ 4144] - Unable to click the object All Check box
[INFO ][2015-11-05 11:54:33,788][com.java.SeleniumDriver] [  861] -  RESULT true
[INFO ][2015-11-05 11:54:33,788][com.java.SeleniumDriver] [ 1066] - ?   P A S S   ?
[INFO ][2015-11-05 11:54:33,788][com.java.SeleniumDriver] [  788] - ------------------------------------------
[INFO ][2015-11-05 11:54:33,788][com.java.SeleniumDriver] [  789] - Test case being Executed: 11
[INFO ][2015-11-05 11:54:33,788][com.java.SeleniumDriver] [  800] - Test step:27
[INFO ][2015-11-05 11:54:33,788][com.java.SeleniumDriver] [  812] - Datavalue is----------null
[DEBUG][2015-11-05 11:54:33,788][com.java.SeleniumDriver] [  830] - Exception: null
[INFO ][2015-11-05 11:54:33,788][com.java.SeleniumDriver] [  836] - DataField : BTNchkPrivsAccessGL
[INFO ][2015-11-05 11:54:33,788][com.java.SeleniumDriver] [  838] - DataValue : 
[INFO ][2015-11-05 11:54:33,788][com.java.SeleniumDriver] [  844] - <In Set values of the page>
[INFO ][2015-11-05 11:54:33,788][com.java.SeleniumDriver] [  847] - {Data Fields & Data Values Exist}
[INFO ][2015-11-05 11:54:33,788][com.java.SeleniumDriver] [  849] - --------------------------setting values-----------------------------
[INFO ][2015-11-05 11:54:33,788][com.java.SeleniumDriver] [  852] - Action Type : Click
[INFO ][2015-11-05 11:54:33,788][com.java.TestType] [ 4099] - Field ::BTNchkPrivsAccessGL
[INFO ][2015-11-05 11:54:34,788][com.java.TestType] [ 4137] - BEFORE CLICK
[INFO ][2015-11-05 11:54:36,079][com.java.TestType] [ 4144] - Unable to click the object GL check box
[INFO ][2015-11-05 11:54:36,079][com.java.SeleniumDriver] [  861] -  RESULT true
[INFO ][2015-11-05 11:54:36,079][com.java.SeleniumDriver] [ 1066] - ?   P A S S   ?
[INFO ][2015-11-05 11:54:36,079][com.java.SeleniumDriver] [  788] - ------------------------------------------
[INFO ][2015-11-05 11:54:36,079][com.java.SeleniumDriver] [  789] - Test case being Executed: 11
[INFO ][2015-11-05 11:54:36,079][com.java.SeleniumDriver] [  800] - Test step:28
[INFO ][2015-11-05 11:54:36,079][com.java.SeleniumDriver] [  812] - Datavalue is----------null
[DEBUG][2015-11-05 11:54:36,079][com.java.SeleniumDriver] [  830] - Exception: null
[INFO ][2015-11-05 11:54:36,079][com.java.SeleniumDriver] [  836] - DataField : BTNparent
[INFO ][2015-11-05 11:54:36,079][com.java.SeleniumDriver] [  838] - DataValue : 
[INFO ][2015-11-05 11:54:36,079][com.java.SeleniumDriver] [  844] - <In Set values of the page>
[INFO ][2015-11-05 11:54:36,079][com.java.SeleniumDriver] [  847] - {Data Fields & Data Values Exist}
[INFO ][2015-11-05 11:54:36,079][com.java.SeleniumDriver] [  849] - --------------------------setting values-----------------------------
[INFO ][2015-11-05 11:54:36,079][com.java.SeleniumDriver] [  852] - Action Type : SelectFrame
[INFO ][2015-11-05 11:54:36,089][com.java.SeleniumDriver] [  861] -  RESULT true
[INFO ][2015-11-05 11:54:36,089][com.java.SeleniumDriver] [ 1066] - ?   P A S S   ?
[INFO ][2015-11-05 11:54:36,089][com.java.SeleniumDriver] [  788] - ------------------------------------------
[INFO ][2015-11-05 11:54:36,089][com.java.SeleniumDriver] [  789] - Test case being Executed: 11
[INFO ][2015-11-05 11:54:36,089][com.java.SeleniumDriver] [  800] - Test step:29
[INFO ][2015-11-05 11:54:36,089][com.java.SeleniumDriver] [  812] - Datavalue is----------5
[INFO ][2015-11-05 11:54:36,089][com.java.SeleniumDriver] [  836] - DataField : test
[INFO ][2015-11-05 11:54:36,089][com.java.SeleniumDriver] [  838] - DataValue : 5
[INFO ][2015-11-05 11:54:36,089][com.java.SeleniumDriver] [  844] - <In Set values of the page>
[INFO ][2015-11-05 11:54:36,089][com.java.SeleniumDriver] [  847] - {Data Fields & Data Values Exist}
[INFO ][2015-11-05 11:54:36,089][com.java.SeleniumDriver] [  849] - --------------------------setting values-----------------------------
[INFO ][2015-11-05 11:54:36,089][com.java.SeleniumDriver] [  852] - Action Type : WaitTime
[DEBUG][2015-11-05 11:54:36,089][com.java.TestType] [ 3685] - sleepTime: 5000
[INFO ][2015-11-05 11:54:41,089][com.java.SeleniumDriver] [  861] -  RESULT true
[INFO ][2015-11-05 11:54:41,089][com.java.SeleniumDriver] [ 1066] - ?   P A S S   ?
[INFO ][2015-11-05 11:54:41,089][com.java.SeleniumDriver] [  788] - ------------------------------------------
[INFO ][2015-11-05 11:54:41,089][com.java.SeleniumDriver] [  789] - Test case being Executed: 11
[INFO ][2015-11-05 11:54:41,089][com.java.SeleniumDriver] [  800] - Test step:30
[INFO ][2015-11-05 11:54:41,089][com.java.SeleniumDriver] [  812] - Datavalue is----------null
[DEBUG][2015-11-05 11:54:41,089][com.java.SeleniumDriver] [  830] - Exception: null
[INFO ][2015-11-05 11:54:41,089][com.java.SeleniumDriver] [  836] - DataField : XPH//span[contains(text(), 'Finished')]
[INFO ][2015-11-05 11:54:41,089][com.java.SeleniumDriver] [  838] - DataValue : 
[INFO ][2015-11-05 11:54:41,089][com.java.SeleniumDriver] [  844] - <In Set values of the page>
[INFO ][2015-11-05 11:54:41,089][com.java.SeleniumDriver] [  847] - {Data Fields & Data Values Exist}
[INFO ][2015-11-05 11:54:41,089][com.java.SeleniumDriver] [  849] - --------------------------setting values-----------------------------
[INFO ][2015-11-05 11:54:41,089][com.java.SeleniumDriver] [  852] - Action Type : Click
[INFO ][2015-11-05 11:54:41,089][com.java.TestType] [ 4099] - Field ::XPH//span[contains(text(), 'Finished')]
[INFO ][2015-11-05 11:54:42,090][com.java.TestType] [ 4158] - BEFORE CLICK
[INFO ][2015-11-05 11:54:51,911][com.java.TestType] [ 4166] - Unable to click the object Finished button
[INFO ][2015-11-05 11:54:51,911][com.java.SeleniumDriver] [  861] -  RESULT true
[INFO ][2015-11-05 11:54:51,911][com.java.SeleniumDriver] [ 1066] - ?   P A S S   ?
[INFO ][2015-11-05 11:54:51,911][com.java.SeleniumDriver] [  788] - ------------------------------------------
[INFO ][2015-11-05 11:54:51,911][com.java.SeleniumDriver] [  789] - Test case being Executed: 11
[INFO ][2015-11-05 11:54:51,911][com.java.SeleniumDriver] [  800] - Test step:31
[INFO ][2015-11-05 11:54:51,911][com.java.SeleniumDriver] [  812] - Datavalue is----------5
[INFO ][2015-11-05 11:54:51,911][com.java.SeleniumDriver] [  836] - DataField : BTNframeDialogContent
[INFO ][2015-11-05 11:54:51,911][com.java.SeleniumDriver] [  838] - DataValue : 5
[INFO ][2015-11-05 11:54:51,911][com.java.SeleniumDriver] [  844] - <In Set values of the page>
[INFO ][2015-11-05 11:54:51,911][com.java.SeleniumDriver] [  847] - {Data Fields & Data Values Exist}
[INFO ][2015-11-05 11:54:51,911][com.java.SeleniumDriver] [  849] - --------------------------setting values-----------------------------
[INFO ][2015-11-05 11:54:51,911][com.java.SeleniumDriver] [  852] - Action Type : WaitForElement
[INFO ][2015-11-05 11:54:53,162][com.java.SeleniumDriver] [  861] -  RESULT true
[INFO ][2015-11-05 11:54:53,162][com.java.SeleniumDriver] [ 1066] - ?   P A S S   ?
[INFO ][2015-11-05 11:54:53,162][com.java.SeleniumDriver] [  788] - ------------------------------------------
[INFO ][2015-11-05 11:54:53,162][com.java.SeleniumDriver] [  789] - Test case being Executed: 11
[INFO ][2015-11-05 11:54:53,162][com.java.SeleniumDriver] [  800] - Test step:32
[INFO ][2015-11-05 11:54:53,162][com.java.SeleniumDriver] [  812] - Datavalue is----------null
[DEBUG][2015-11-05 11:54:53,162][com.java.SeleniumDriver] [  830] - Exception: null
[INFO ][2015-11-05 11:54:53,162][com.java.SeleniumDriver] [  836] - DataField : BTNframeDialogContent
[INFO ][2015-11-05 11:54:53,162][com.java.SeleniumDriver] [  838] - DataValue : 
[INFO ][2015-11-05 11:54:53,162][com.java.SeleniumDriver] [  844] - <In Set values of the page>
[INFO ][2015-11-05 11:54:53,162][com.java.SeleniumDriver] [  847] - {Data Fields & Data Values Exist}
[INFO ][2015-11-05 11:54:53,162][com.java.SeleniumDriver] [  849] - --------------------------setting values-----------------------------
[INFO ][2015-11-05 11:54:53,162][com.java.SeleniumDriver] [  852] - Action Type : SelectFrame
[INFO ][2015-11-05 11:54:54,404][com.java.SeleniumDriver] [  861] -  RESULT true
[INFO ][2015-11-05 11:54:54,404][com.java.SeleniumDriver] [ 1066] - ?   P A S S   ?
[INFO ][2015-11-05 11:54:54,404][com.java.SeleniumDriver] [  788] - ------------------------------------------
[INFO ][2015-11-05 11:54:54,404][com.java.SeleniumDriver] [  789] - Test case being Executed: 11
[INFO ][2015-11-05 11:54:54,404][com.java.SeleniumDriver] [  800] - Test step:33
[INFO ][2015-11-05 11:54:54,404][com.java.SeleniumDriver] [  812] - Datavalue is----------null
[DEBUG][2015-11-05 11:54:54,404][com.java.SeleniumDriver] [  830] - Exception: null
[INFO ][2015-11-05 11:54:54,404][com.java.SeleniumDriver] [  836] - DataField : XPH//table[@id="tblUserListing"]//td[contains(text(),'vltest.robot')]
[INFO ][2015-11-05 11:54:54,404][com.java.SeleniumDriver] [  838] - DataValue : 
[INFO ][2015-11-05 11:54:54,404][com.java.SeleniumDriver] [  844] - <In Set values of the page>
[INFO ][2015-11-05 11:54:54,404][com.java.SeleniumDriver] [  847] - {Data Fields & Data Values Exist}
[INFO ][2015-11-05 11:54:54,404][com.java.SeleniumDriver] [  849] - --------------------------setting values-----------------------------
[INFO ][2015-11-05 11:54:54,404][com.java.SeleniumDriver] [  852] - Action Type : WaitForElement
[INFO ][2015-11-05 11:54:54,474][com.java.SeleniumDriver] [  861] -  RESULT true
[INFO ][2015-11-05 11:54:54,474][com.java.SeleniumDriver] [ 1066] - ?   P A S S   ?
[INFO ][2015-11-05 11:54:54,474][com.java.SeleniumDriver] [  788] - ------------------------------------------
[INFO ][2015-11-05 11:54:54,474][com.java.SeleniumDriver] [  789] - Test case being Executed: 11
[INFO ][2015-11-05 11:54:54,474][com.java.SeleniumDriver] [  800] - Test step:34
[INFO ][2015-11-05 11:54:54,474][com.java.SeleniumDriver] [  812] - Datavalue is----------dt:NewUserName
[INFO ][2015-11-05 11:54:54,474][com.java.SeleniumDriver] [  836] - DataField : USR
[INFO ][2015-11-05 11:54:54,474][com.java.SeleniumDriver] [  838] - DataValue : dt:NewUserName
[INFO ][2015-11-05 11:54:54,474][com.java.SeleniumDriver] [  844] - <In Set values of the page>
[INFO ][2015-11-05 11:54:54,474][com.java.SeleniumDriver] [  847] - {Data Fields & Data Values Exist}
[INFO ][2015-11-05 11:54:54,474][com.java.SeleniumDriver] [  849] - --------------------------setting values-----------------------------
[INFO ][2015-11-05 11:54:54,474][com.java.SeleniumDriver] [  852] - Action Type : Verify
[INFO ][2015-11-05 11:54:54,474][com.java.TestType] [ 4912] - field= USR value= dt:NewUserName
[INFO ][2015-11-05 11:54:54,474][com.java.TestType] [ 3786] - value = vltest.robot
[INFO ][2015-11-05 11:54:54,534][com.java.SeleniumDriver] [  861] -  RESULT true
[INFO ][2015-11-05 11:54:54,534][com.java.SeleniumDriver] [ 1066] - ?   P A S S   ?
[INFO ][2015-11-05 11:54:54,534][com.java.SeleniumDriver] [  788] - ------------------------------------------
[INFO ][2015-11-05 11:54:54,534][com.java.SeleniumDriver] [  789] - Test case being Executed: 11
[INFO ][2015-11-05 11:54:54,534][com.java.SeleniumDriver] [  800] - Test step:35
[INFO ][2015-11-05 11:54:54,534][com.java.SeleniumDriver] [  812] - Datavalue is----------Login_username
[INFO ][2015-11-05 11:54:54,534][com.java.SeleniumDriver] [  836] - DataField : XPH//table[@id="tblUserListing"]//td[contains(text(),'vltest.robot')]
[INFO ][2015-11-05 11:54:54,534][com.java.SeleniumDriver] [  838] - DataValue : Login_username
[INFO ][2015-11-05 11:54:54,534][com.java.SeleniumDriver] [  844] - <In Set values of the page>
[INFO ][2015-11-05 11:54:54,534][com.java.SeleniumDriver] [  847] - {Data Fields & Data Values Exist}
[INFO ][2015-11-05 11:54:54,534][com.java.SeleniumDriver] [  849] - --------------------------setting values-----------------------------
[INFO ][2015-11-05 11:54:54,534][com.java.SeleniumDriver] [  852] - Action Type : STOREVALUE
[INFO ][2015-11-05 11:54:54,534][com.java.TestType] [ 5846] - field= XPH//table[@id="tblUserListing"]//td[contains(text(),'vltest.robot')]
[DEBUG][2015-11-05 11:54:54,634][com.java.TestType] [ 5898] - Key:: Login_username   Value:: vltest.robot.03890
[INFO ][2015-11-05 11:54:54,634][com.java.SeleniumDriver] [  861] -  RESULT true
[INFO ][2015-11-05 11:54:54,634][com.java.SeleniumDriver] [ 1066] - ?   P A S S   ?
[INFO ][2015-11-05 11:54:54,634][com.java.SeleniumDriver] [  788] - ------------------------------------------
[INFO ][2015-11-05 11:54:54,634][com.java.SeleniumDriver] [  789] - Test case being Executed: 11
[INFO ][2015-11-05 11:54:54,634][com.java.SeleniumDriver] [  800] - Test step:36
[INFO ][2015-11-05 11:54:54,634][com.java.SeleniumDriver] [  812] - Datavalue is----------null
[DEBUG][2015-11-05 11:54:54,634][com.java.SeleniumDriver] [  830] - Exception: null
[INFO ][2015-11-05 11:54:54,634][com.java.SeleniumDriver] [  836] - DataField : BTNparent
[INFO ][2015-11-05 11:54:54,634][com.java.SeleniumDriver] [  838] - DataValue : 
[INFO ][2015-11-05 11:54:54,634][com.java.SeleniumDriver] [  844] - <In Set values of the page>
[INFO ][2015-11-05 11:54:54,634][com.java.SeleniumDriver] [  847] - {Data Fields & Data Values Exist}
[INFO ][2015-11-05 11:54:54,634][com.java.SeleniumDriver] [  849] - --------------------------setting values-----------------------------
[INFO ][2015-11-05 11:54:54,634][com.java.SeleniumDriver] [  852] - Action Type : SelectFrame
[INFO ][2015-11-05 11:54:54,644][com.java.SeleniumDriver] [  861] -  RESULT true
[INFO ][2015-11-05 11:54:54,644][com.java.SeleniumDriver] [ 1066] - ?   P A S S   ?
[INFO ][2015-11-05 11:54:54,644][com.java.SeleniumDriver] [  788] - ------------------------------------------
[INFO ][2015-11-05 11:54:54,644][com.java.SeleniumDriver] [  789] - Test case being Executed: 11
[INFO ][2015-11-05 11:54:54,644][com.java.SeleniumDriver] [  800] - Test step:37
[INFO ][2015-11-05 11:54:54,644][com.java.SeleniumDriver] [  812] - Datavalue is----------null
[DEBUG][2015-11-05 11:54:54,644][com.java.SeleniumDriver] [  830] - Exception: null
[INFO ][2015-11-05 11:54:54,644][com.java.SeleniumDriver] [  836] - DataField : XPH//span[contains(text(), 'Finished')]
[INFO ][2015-11-05 11:54:54,644][com.java.SeleniumDriver] [  838] - DataValue : 
[INFO ][2015-11-05 11:54:54,644][com.java.SeleniumDriver] [  844] - <In Set values of the page>
[INFO ][2015-11-05 11:54:54,644][com.java.SeleniumDriver] [  847] - {Data Fields & Data Values Exist}
[INFO ][2015-11-05 11:54:54,644][com.java.SeleniumDriver] [  849] - --------------------------setting values-----------------------------
[INFO ][2015-11-05 11:54:54,644][com.java.SeleniumDriver] [  852] - Action Type : Click
[INFO ][2015-11-05 11:54:54,644][com.java.TestType] [ 4099] - Field ::XPH//span[contains(text(), 'Finished')]
[INFO ][2015-11-05 11:54:55,644][com.java.TestType] [ 4158] - BEFORE CLICK
[INFO ][2015-11-05 11:54:56,744][com.java.TestType] [ 4166] - Unable to click the object Finished button
[INFO ][2015-11-05 11:54:56,744][com.java.SeleniumDriver] [  861] -  RESULT true
[INFO ][2015-11-05 11:54:56,744][com.java.SeleniumDriver] [ 1066] - ?   P A S S   ?
[INFO ][2015-11-05 11:54:56,744][com.java.SeleniumDriver] [  788] - ------------------------------------------
[INFO ][2015-11-05 11:54:56,744][com.java.SeleniumDriver] [  789] - Test case being Executed: 11
[INFO ][2015-11-05 11:54:56,744][com.java.SeleniumDriver] [  800] - Test step:38
[INFO ][2015-11-05 11:54:56,744][com.java.SeleniumDriver] [  812] - Datavalue is----------Concept#3:1-2
[INFO ][2015-11-05 11:54:56,744][com.java.SeleniumDriver] [  836] - DataField : test
[INFO ][2015-11-05 11:54:56,744][com.java.SeleniumDriver] [  838] - DataValue : Concept#3:1-2
[INFO ][2015-11-05 11:54:56,744][com.java.SeleniumDriver] [  844] - <In Set values of the page>
[INFO ][2015-11-05 11:54:56,744][com.java.SeleniumDriver] [  847] - {Data Fields & Data Values Exist}
[INFO ][2015-11-05 11:54:56,744][com.java.SeleniumDriver] [  849] - --------------------------setting values-----------------------------
[INFO ][2015-11-05 11:54:56,744][com.java.SeleniumDriver] [  852] - Action Type : ExecuteTestCase
[INFO ][2015-11-05 11:54:56,744][com.java.TestType] [  411] - The Concept sheet name is ---------- Concept
[INFO ][2015-11-05 11:54:56,744][com.java.TestType] [  414] - The Concept ID  is ---------- 3
[DEBUG][2015-11-05 11:54:56,744][com.java.TestType] [  418] - Steps being executted in the Concept are: 1:2
[INFO ][2015-11-05 11:54:56,744][com.java.TestType] [  425] - Test data details path ---------- D:\BankersDashboard\TestInputs\TestData.xls
[INFO ][2015-11-05 11:54:56,765][com.java.TestType] [  456] -  str(1) = 3
[INFO ][2015-11-05 11:54:56,765][com.java.TestType] [  459] - Test case Id is---3
[INFO ][2015-11-05 11:54:56,765][com.java.TestType] [  461] - 3
[INFO ][2015-11-05 11:54:56,765][com.java.TestType] [  456] -  str(2) = 1
[INFO ][2015-11-05 11:54:56,775][com.java.TestType] [  508] - row values are--------{1=com.java.Objects.TestDataDetails@b00f9}
[INFO ][2015-11-05 11:54:56,775][com.java.TestType] [  456] -  str(1) = 3
[INFO ][2015-11-05 11:54:56,775][com.java.TestType] [  459] - Test case Id is---3
[INFO ][2015-11-05 11:54:56,775][com.java.TestType] [  461] - 3
[INFO ][2015-11-05 11:54:56,775][com.java.TestType] [  456] -  str(2) = 2
[INFO ][2015-11-05 11:54:56,775][com.java.TestType] [  508] - row values are--------{1=com.java.Objects.TestDataDetails@b00f9, 2=com.java.Objects.TestDataDetails@18ba271}
[INFO ][2015-11-05 11:54:56,775][com.java.TestType] [ 7935] - Looping 1TCID = 3
[DEBUG][2015-11-05 11:54:56,775][com.java.TestType] [ 7976] - Concept ID:3 :: Step being Executed: 3::1
[INFO ][2015-11-05 11:54:56,775][com.java.TestType] [ 8014] - dataFields : test
[DEBUG][2015-11-05 11:54:56,775][com.java.TestType] [ 8020] - <In Set values of the page>
[DEBUG][2015-11-05 11:54:56,775][com.java.TestType] [ 8025] - {Data Fields & Data Values Exist}
[INFO ][2015-11-05 11:54:56,775][com.java.TestType] [ 8031] - --------------------------setting values-----------------------------
[INFO ][2015-11-05 11:54:56,775][com.java.TestType] [ 8034] - Action Type : Logout
[DEBUG][2015-11-05 11:55:06,400][com.java.SeleniumDriver] [  425] - Hub ip address is-------172.17.68.34
[INFO ][2015-11-05 11:55:06,400][com.java.SeleniumDriver] [  451] - Grid URL:http://172.17.68.34:4444/wd/hub
[INFO ][2015-11-05 11:55:06,400][com.java.SeleniumDriver] [  452] - Capability:Capabilities [{platform=ANY, ensureCleanSession=true, ignoreProtectedModeSettings=true, acceptSslCerts=true, ignoreZoomSetting=true, browserName=internet explorer, browserstack.ie.noFlash=true, version=Node1}]
[ERROR][2015-11-05 11:55:07,462][com.java.SeleniumDriver] [  496] - Unable invoke browser in grid:Could not start a new session. Possible causes are invalid address of the remote server or browser start-up failure.
Build info: version: '2.48.2', revision: '41bccdd', time: '2015-10-09 19:59:12'
System info: host: 'FVTIII438F1D', ip: '172.17.68.34', os.name: 'Windows 7', os.arch: 'x86', os.version: '6.1', java.version: '1.7.0_55'
Driver info: driver.version: SeleniumDriver
[INFO ][2015-11-05 11:55:07,462][com.java.SeleniumDriver] [  498] - Executing on local machine
[INFO ][2015-11-05 11:55:16,520][com.java.TestType] [ 8053] -  RESULT true
[INFO ][2015-11-05 11:55:16,520][com.java.TestType] [ 8170] - ?   P A S S   ?
[DEBUG][2015-11-05 11:55:16,520][com.java.TestType] [ 7976] - Concept ID:3 :: Step being Executed: 3::2
[INFO ][2015-11-05 11:55:16,520][com.java.TestType] [ 8014] - dataFields : test
[DEBUG][2015-11-05 11:55:16,520][com.java.TestType] [ 8020] - <In Set values of the page>
[DEBUG][2015-11-05 11:55:16,520][com.java.TestType] [ 8025] - {Data Fields & Data Values Exist}
[INFO ][2015-11-05 11:55:16,520][com.java.TestType] [ 8031] - --------------------------setting values-----------------------------
[INFO ][2015-11-05 11:55:16,520][com.java.TestType] [ 8034] - Action Type : WaitTime
[DEBUG][2015-11-05 11:55:16,520][com.java.TestType] [ 3685] - sleepTime: 2000
[INFO ][2015-11-05 11:55:18,521][com.java.TestType] [ 8053] -  RESULT true
[INFO ][2015-11-05 11:55:18,521][com.java.TestType] [ 8170] - ?   P A S S   ?
[INFO ][2015-11-05 11:55:18,521][com.java.TestType] [ 8241] - Looping End......
[INFO ][2015-11-05 11:55:18,521][com.java.SeleniumDriver] [  861] -  RESULT true
[INFO ][2015-11-05 11:55:18,521][com.java.SeleniumDriver] [ 1066] - ?   P A S S   ?
[INFO ][2015-11-05 11:55:18,521][com.java.SeleniumDriver] [  788] - ------------------------------------------
[INFO ][2015-11-05 11:55:18,521][com.java.SeleniumDriver] [  789] - Test case being Executed: 11
[INFO ][2015-11-05 11:55:18,521][com.java.SeleniumDriver] [  800] - Test step:39
[INFO ][2015-11-05 11:55:18,521][com.java.SeleniumDriver] [  812] - Datavalue is----------HMVLogin_username
[INFO ][2015-11-05 11:55:18,521][com.java.SeleniumDriver] [  836] - DataField : TXTusername
[INFO ][2015-11-05 11:55:18,521][com.java.SeleniumDriver] [  838] - DataValue : HMVLogin_username
[INFO ][2015-11-05 11:55:18,521][com.java.SeleniumDriver] [  844] - <In Set values of the page>
[INFO ][2015-11-05 11:55:18,521][com.java.SeleniumDriver] [  847] - {Data Fields & Data Values Exist}
[INFO ][2015-11-05 11:55:18,521][com.java.SeleniumDriver] [  849] - --------------------------setting values-----------------------------
[INFO ][2015-11-05 11:55:18,521][com.java.SeleniumDriver] [  852] - Action Type : CLEARANDENTER
[INFO ][2015-11-05 11:55:18,521][com.java.TestType] [ 3786] - value = vltest.robot.03890
[INFO ][2015-11-05 11:55:23,294][com.java.SeleniumDriver] [  861] -  RESULT true
[INFO ][2015-11-05 11:55:23,294][com.java.SeleniumDriver] [ 1066] - ?   P A S S   ?
[INFO ][2015-11-05 11:55:23,294][com.java.SeleniumDriver] [  788] - ------------------------------------------
[INFO ][2015-11-05 11:55:23,294][com.java.SeleniumDriver] [  789] - Test case being Executed: 11
[INFO ][2015-11-05 11:55:23,294][com.java.SeleniumDriver] [  800] - Test step:40
[INFO ][2015-11-05 11:55:23,294][com.java.SeleniumDriver] [  812] - Datavalue is----------dt:NewUserPswd
[INFO ][2015-11-05 11:55:23,294][com.java.SeleniumDriver] [  836] - DataField : TXTpassword
[INFO ][2015-11-05 11:55:23,294][com.java.SeleniumDriver] [  838] - DataValue : dt:NewUserPswd
[INFO ][2015-11-05 11:55:23,294][com.java.SeleniumDriver] [  844] - <In Set values of the page>
[INFO ][2015-11-05 11:55:23,294][com.java.SeleniumDriver] [  847] - {Data Fields & Data Values Exist}
[INFO ][2015-11-05 11:55:23,294][com.java.SeleniumDriver] [  849] - --------------------------setting values-----------------------------
[INFO ][2015-11-05 11:55:23,294][com.java.SeleniumDriver] [  852] - Action Type : CLEARANDENTER
[INFO ][2015-11-05 11:55:23,294][com.java.TestType] [ 3786] - value = Password1*
[INFO ][2015-11-05 11:55:28,181][com.java.SeleniumDriver] [  861] -  RESULT true
[INFO ][2015-11-05 11:55:28,181][com.java.SeleniumDriver] [ 1066] - ?   P A S S   ?
[INFO ][2015-11-05 11:55:28,181][com.java.SeleniumDriver] [  788] - ------------------------------------------
[INFO ][2015-11-05 11:55:28,181][com.java.SeleniumDriver] [  789] - Test case being Executed: 11
[INFO ][2015-11-05 11:55:28,181][com.java.SeleniumDriver] [  800] - Test step:41
[INFO ][2015-11-05 11:55:28,181][com.java.SeleniumDriver] [  812] - Datavalue is----------null
[DEBUG][2015-11-05 11:55:28,181][com.java.SeleniumDriver] [  830] - Exception: null
[INFO ][2015-11-05 11:55:28,181][com.java.SeleniumDriver] [  836] - DataField : XPH//button[@type='submit']
[INFO ][2015-11-05 11:55:28,181][com.java.SeleniumDriver] [  838] - DataValue : 
[INFO ][2015-11-05 11:55:28,181][com.java.SeleniumDriver] [  844] - <In Set values of the page>
[INFO ][2015-11-05 11:55:28,181][com.java.SeleniumDriver] [  847] - {Data Fields & Data Values Exist}
[INFO ][2015-11-05 11:55:28,181][com.java.SeleniumDriver] [  849] - --------------------------setting values-----------------------------
[INFO ][2015-11-05 11:55:28,181][com.java.SeleniumDriver] [  852] - Action Type : Click
[INFO ][2015-11-05 11:55:28,181][com.java.TestType] [ 4099] - Field ::XPH//button[@type='submit']
[INFO ][2015-11-05 11:55:29,181][com.java.TestType] [ 4158] - BEFORE CLICK
[INFO ][2015-11-05 11:55:29,964][com.java.TestType] [ 4166] - Unable to click the object Login
[INFO ][2015-11-05 11:55:29,964][com.java.SeleniumDriver] [  861] -  RESULT true
[INFO ][2015-11-05 11:55:29,964][com.java.SeleniumDriver] [ 1066] - ?   P A S S   ?
[INFO ][2015-11-05 11:55:29,964][com.java.SeleniumDriver] [  788] - ------------------------------------------
[INFO ][2015-11-05 11:55:29,964][com.java.SeleniumDriver] [  789] - Test case being Executed: 11
[INFO ][2015-11-05 11:55:29,964][com.java.SeleniumDriver] [  800] - Test step:42
[INFO ][2015-11-05 11:55:29,964][com.java.SeleniumDriver] [  812] - Datavalue is----------null
[DEBUG][2015-11-05 11:55:29,964][com.java.SeleniumDriver] [  830] - Exception: null
[INFO ][2015-11-05 11:55:29,964][com.java.SeleniumDriver] [  836] - DataField : test
[INFO ][2015-11-05 11:55:29,964][com.java.SeleniumDriver] [  838] - DataValue : 
[INFO ][2015-11-05 11:55:29,964][com.java.SeleniumDriver] [  844] - <In Set values of the page>
[INFO ][2015-11-05 11:55:29,964][com.java.SeleniumDriver] [  847] - {Data Fields & Data Values Exist}
[INFO ][2015-11-05 11:55:29,964][com.java.SeleniumDriver] [  849] - --------------------------setting values-----------------------------
[INFO ][2015-11-05 11:55:29,964][com.java.SeleniumDriver] [  852] - Action Type : WaitTime
[DEBUG][2015-11-05 11:55:29,964][com.java.TestType] [ 3685] - sleepTime: 10000
[INFO ][2015-11-05 11:55:39,950][com.java.SeleniumDriver] [  861] -  RESULT true
[INFO ][2015-11-05 11:55:39,950][com.java.SeleniumDriver] [ 1066] - ?   P A S S   ?
[INFO ][2015-11-05 11:55:39,950][com.java.SeleniumDriver] [  788] - ------------------------------------------
[INFO ][2015-11-05 11:55:39,950][com.java.SeleniumDriver] [  789] - Test case being Executed: 11
[INFO ][2015-11-05 11:55:39,950][com.java.SeleniumDriver] [  800] - Test step:43
[INFO ][2015-11-05 11:55:39,950][com.java.SeleniumDriver] [  812] - Datavalue is----------Banker'sDashboard
[INFO ][2015-11-05 11:55:39,950][com.java.SeleniumDriver] [  836] - DataField : TTL
[INFO ][2015-11-05 11:55:39,950][com.java.SeleniumDriver] [  838] - DataValue : Banker'sDashboard
[INFO ][2015-11-05 11:55:39,950][com.java.SeleniumDriver] [  844] - <In Set values of the page>
[INFO ][2015-11-05 11:55:39,950][com.java.SeleniumDriver] [  847] - {Data Fields & Data Values Exist}
[INFO ][2015-11-05 11:55:39,950][com.java.SeleniumDriver] [  849] - --------------------------setting values-----------------------------
[INFO ][2015-11-05 11:55:39,950][com.java.SeleniumDriver] [  852] - Action Type : SelectWindow
[INFO ][2015-11-05 11:55:52,128][com.java.SeleniumDriver] [  861] -  RESULT true
[INFO ][2015-11-05 11:55:52,128][com.java.SeleniumDriver] [ 1066] - ?   P A S S   ?
[INFO ][2015-11-05 11:55:52,128][com.java.SeleniumDriver] [  788] - ------------------------------------------
[INFO ][2015-11-05 11:55:52,128][com.java.SeleniumDriver] [  789] - Test case being Executed: 11
[INFO ][2015-11-05 11:55:52,128][com.java.SeleniumDriver] [  800] - Test step:44
[INFO ][2015-11-05 11:55:52,128][com.java.SeleniumDriver] [  812] - Datavalue is----------20
[INFO ][2015-11-05 11:55:52,128][com.java.SeleniumDriver] [  836] - DataField : test
[INFO ][2015-11-05 11:55:52,128][com.java.SeleniumDriver] [  838] - DataValue : 20
[INFO ][2015-11-05 11:55:52,128][com.java.SeleniumDriver] [  844] - <In Set values of the page>
[INFO ][2015-11-05 11:55:52,128][com.java.SeleniumDriver] [  847] - {Data Fields & Data Values Exist}
[INFO ][2015-11-05 11:55:52,128][com.java.SeleniumDriver] [  849] - --------------------------setting values-----------------------------
[INFO ][2015-11-05 11:55:52,128][com.java.SeleniumDriver] [  852] - Action Type : WaitTime
[DEBUG][2015-11-05 11:55:52,128][com.java.TestType] [ 3685] - sleepTime: 20000
[INFO ][2015-11-05 11:56:12,130][com.java.SeleniumDriver] [  861] -  RESULT true
[INFO ][2015-11-05 11:56:12,130][com.java.SeleniumDriver] [ 1066] - ?   P A S S   ?
[INFO ][2015-11-05 11:56:12,130][com.java.SeleniumDriver] [  788] - ------------------------------------------
[INFO ][2015-11-05 11:56:12,130][com.java.SeleniumDriver] [  789] - Test case being Executed: 11
[INFO ][2015-11-05 11:56:12,130][com.java.SeleniumDriver] [  800] - Test step:45
[INFO ][2015-11-05 11:56:12,130][com.java.SeleniumDriver] [  812] - Datavalue is----------null
[DEBUG][2015-11-05 11:56:12,130][com.java.SeleniumDriver] [  830] - Exception: null
[INFO ][2015-11-05 11:56:12,130][com.java.SeleniumDriver] [  836] - DataField : //span[@class='icon-cog2']&&User Settings
[INFO ][2015-11-05 11:56:12,130][com.java.SeleniumDriver] [  838] - DataValue : 
[INFO ][2015-11-05 11:56:12,130][com.java.SeleniumDriver] [  844] - <In Set values of the page>
[INFO ][2015-11-05 11:56:12,130][com.java.SeleniumDriver] [  847] - {Data Fields & Data Values Exist}
[INFO ][2015-11-05 11:56:12,130][com.java.SeleniumDriver] [  849] - --------------------------setting values-----------------------------
[INFO ][2015-11-05 11:56:12,130][com.java.SeleniumDriver] [  852] - Action Type : MouseOver
[INFO ][2015-11-05 11:56:24,793][com.java.SeleniumDriver] [  861] -  RESULT true
[INFO ][2015-11-05 11:56:24,793][com.java.SeleniumDriver] [ 1066] - ?   P A S S   ?
[INFO ][2015-11-05 11:56:24,793][com.java.SeleniumDriver] [  788] - ------------------------------------------
[INFO ][2015-11-05 11:56:24,793][com.java.SeleniumDriver] [  789] - Test case being Executed: 11
[INFO ][2015-11-05 11:56:24,793][com.java.SeleniumDriver] [  800] - Test step:46
[INFO ][2015-11-05 11:56:24,793][com.java.SeleniumDriver] [  812] - Datavalue is----------null
[DEBUG][2015-11-05 11:56:24,793][com.java.SeleniumDriver] [  830] - Exception: null
[INFO ][2015-11-05 11:56:24,793][com.java.SeleniumDriver] [  836] - DataField : BTNframeDialogContent
[INFO ][2015-11-05 11:56:24,793][com.java.SeleniumDriver] [  838] - DataValue : 
[INFO ][2015-11-05 11:56:24,793][com.java.SeleniumDriver] [  844] - <In Set values of the page>
[INFO ][2015-11-05 11:56:24,793][com.java.SeleniumDriver] [  847] - {Data Fields & Data Values Exist}
[INFO ][2015-11-05 11:56:24,793][com.java.SeleniumDriver] [  849] - --------------------------setting values-----------------------------
[INFO ][2015-11-05 11:56:24,793][com.java.SeleniumDriver] [  852] - Action Type : WaitForElement
[INFO ][2015-11-05 11:56:25,994][com.java.SeleniumDriver] [  861] -  RESULT true
[INFO ][2015-11-05 11:56:25,994][com.java.SeleniumDriver] [ 1066] - ?   P A S S   ?
[INFO ][2015-11-05 11:56:25,994][com.java.SeleniumDriver] [  788] - ------------------------------------------
[INFO ][2015-11-05 11:56:25,994][com.java.SeleniumDriver] [  789] - Test case being Executed: 11
[INFO ][2015-11-05 11:56:25,994][com.java.SeleniumDriver] [  800] - Test step:47
[INFO ][2015-11-05 11:56:25,994][com.java.SeleniumDriver] [  812] - Datavalue is----------frameDialogContent
[INFO ][2015-11-05 11:56:25,994][com.java.SeleniumDriver] [  836] - DataField : BTN
[INFO ][2015-11-05 11:56:25,994][com.java.SeleniumDriver] [  838] - DataValue : frameDialogContent
[INFO ][2015-11-05 11:56:25,994][com.java.SeleniumDriver] [  844] - <In Set values of the page>
[INFO ][2015-11-05 11:56:25,994][com.java.SeleniumDriver] [  847] - {Data Fields & Data Values Exist}
[INFO ][2015-11-05 11:56:25,994][com.java.SeleniumDriver] [  849] - --------------------------setting values-----------------------------
[INFO ][2015-11-05 11:56:25,994][com.java.SeleniumDriver] [  852] - Action Type : SELECTFRAMEBYNAME
[INFO ][2015-11-05 11:56:25,994][com.java.TestType] [ 3786] - value = frameDialogContent
[INFO ][2015-11-05 11:56:26,055][com.java.SeleniumDriver] [  861] -  RESULT true
[INFO ][2015-11-05 11:56:26,055][com.java.SeleniumDriver] [ 1066] - ?   P A S S   ?
[INFO ][2015-11-05 11:56:26,055][com.java.SeleniumDriver] [  788] - ------------------------------------------
[INFO ][2015-11-05 11:56:26,055][com.java.SeleniumDriver] [  789] - Test case being Executed: 11
[INFO ][2015-11-05 11:56:26,055][com.java.SeleniumDriver] [  800] - Test step:48
[INFO ][2015-11-05 11:56:26,055][com.java.SeleniumDriver] [  812] - Datavalue is----------No
[INFO ][2015-11-05 11:56:26,055][com.java.SeleniumDriver] [  836] - DataField : SLBddlOpenBDInNewWindow
[INFO ][2015-11-05 11:56:26,055][com.java.SeleniumDriver] [  838] - DataValue : No
[INFO ][2015-11-05 11:56:26,055][com.java.SeleniumDriver] [  844] - <In Set values of the page>
[INFO ][2015-11-05 11:56:26,055][com.java.SeleniumDriver] [  847] - {Data Fields & Data Values Exist}
[INFO ][2015-11-05 11:56:26,055][com.java.SeleniumDriver] [  849] - --------------------------setting values-----------------------------
[INFO ][2015-11-05 11:56:26,055][com.java.SeleniumDriver] [  852] - Action Type : Select
[INFO ][2015-11-05 11:56:26,055][com.java.TestType] [ 3786] - value = No
[INFO ][2015-11-05 11:56:28,335][com.java.SeleniumDriver] [  861] -  RESULT true
[INFO ][2015-11-05 11:56:28,335][com.java.SeleniumDriver] [ 1066] - ?   P A S S   ?
[INFO ][2015-11-05 11:56:28,335][com.java.SeleniumDriver] [  788] - ------------------------------------------
[INFO ][2015-11-05 11:56:28,335][com.java.SeleniumDriver] [  789] - Test case being Executed: 11
[INFO ][2015-11-05 11:56:28,335][com.java.SeleniumDriver] [  800] - Test step:49
[INFO ][2015-11-05 11:56:28,335][com.java.SeleniumDriver] [  812] - Datavalue is----------null
[DEBUG][2015-11-05 11:56:28,335][com.java.SeleniumDriver] [  830] - Exception: null
[INFO ][2015-11-05 11:56:28,335][com.java.SeleniumDriver] [  836] - DataField : BTNparent
[INFO ][2015-11-05 11:56:28,335][com.java.SeleniumDriver] [  838] - DataValue : 
[INFO ][2015-11-05 11:56:28,335][com.java.SeleniumDriver] [  844] - <In Set values of the page>
[INFO ][2015-11-05 11:56:28,335][com.java.SeleniumDriver] [  847] - {Data Fields & Data Values Exist}
[INFO ][2015-11-05 11:56:28,335][com.java.SeleniumDriver] [  849] - --------------------------setting values-----------------------------
[INFO ][2015-11-05 11:56:28,335][com.java.SeleniumDriver] [  852] - Action Type : SELECTFRAME
[INFO ][2015-11-05 11:56:28,345][com.java.SeleniumDriver] [  861] -  RESULT true
[INFO ][2015-11-05 11:56:28,345][com.java.SeleniumDriver] [ 1066] - ?   P A S S   ?
[INFO ][2015-11-05 11:56:28,345][com.java.SeleniumDriver] [  788] - ------------------------------------------
[INFO ][2015-11-05 11:56:28,345][com.java.SeleniumDriver] [  789] - Test case being Executed: 11
[INFO ][2015-11-05 11:56:28,345][com.java.SeleniumDriver] [  800] - Test step:50
[INFO ][2015-11-05 11:56:28,345][com.java.SeleniumDriver] [  812] - Datavalue is----------null
[DEBUG][2015-11-05 11:56:28,345][com.java.SeleniumDriver] [  830] - Exception: null
[INFO ][2015-11-05 11:56:28,345][com.java.SeleniumDriver] [  836] - DataField : BTN//span[text()='Finished']
[INFO ][2015-11-05 11:56:28,345][com.java.SeleniumDriver] [  838] - DataValue : 
[INFO ][2015-11-05 11:56:28,345][com.java.SeleniumDriver] [  844] - <In Set values of the page>
[INFO ][2015-11-05 11:56:28,345][com.java.SeleniumDriver] [  847] - {Data Fields & Data Values Exist}
[INFO ][2015-11-05 11:56:28,345][com.java.SeleniumDriver] [  849] - --------------------------setting values-----------------------------
[INFO ][2015-11-05 11:56:28,345][com.java.SeleniumDriver] [  852] - Action Type : Click
[INFO ][2015-11-05 11:56:28,345][com.java.TestType] [ 4099] - Field ::BTN//span[text()='Finished']
[INFO ][2015-11-05 11:56:29,345][com.java.TestType] [ 4137] - BEFORE CLICK
[INFO ][2015-11-05 11:56:29,616][com.java.TestType] [ 4144] - Unable to click the object Finished button
[INFO ][2015-11-05 11:56:29,616][com.java.SeleniumDriver] [  861] -  RESULT true
[INFO ][2015-11-05 11:56:29,616][com.java.SeleniumDriver] [ 1066] - ?   P A S S   ?
[INFO ][2015-11-05 11:56:29,616][com.java.SeleniumDriver] [  788] - ------------------------------------------
[INFO ][2015-11-05 11:56:29,616][com.java.SeleniumDriver] [  789] - Test case being Executed: 11
[INFO ][2015-11-05 11:56:29,616][com.java.SeleniumDriver] [  800] - Test step:51
[INFO ][2015-11-05 11:56:29,616][com.java.SeleniumDriver] [  812] - Datavalue is----------Logout
[INFO ][2015-11-05 11:56:29,616][com.java.SeleniumDriver] [  836] - DataField : LNK
[INFO ][2015-11-05 11:56:29,616][com.java.SeleniumDriver] [  838] - DataValue : Logout
[INFO ][2015-11-05 11:56:29,616][com.java.SeleniumDriver] [  844] - <In Set values of the page>
[INFO ][2015-11-05 11:56:29,616][com.java.SeleniumDriver] [  847] - {Data Fields & Data Values Exist}
[INFO ][2015-11-05 11:56:29,616][com.java.SeleniumDriver] [  849] - --------------------------setting values-----------------------------
[INFO ][2015-11-05 11:56:29,616][com.java.SeleniumDriver] [  852] - Action Type : Verify
[INFO ][2015-11-05 11:56:29,616][com.java.TestType] [ 4912] - field= LNK value= Logout
[INFO ][2015-11-05 11:56:29,616][com.java.TestType] [ 3786] - value = Logout
[INFO ][2015-11-05 11:56:29,686][com.java.SeleniumDriver] [  861] -  RESULT true
[INFO ][2015-11-05 11:56:29,686][com.java.SeleniumDriver] [ 1066] - ?   P A S S   ?
[INFO ][2015-11-05 11:56:29,686][com.java.SeleniumDriver] [  788] - ------------------------------------------
[INFO ][2015-11-05 11:56:29,686][com.java.SeleniumDriver] [  789] - Test case being Executed: 11
[INFO ][2015-11-05 11:56:29,686][com.java.SeleniumDriver] [  800] - Test step:52
[INFO ][2015-11-05 11:56:29,686][com.java.SeleniumDriver] [  812] - Datavalue is----------//img[contains(@src,'bdlogo.jpg')]
[INFO ][2015-11-05 11:56:29,686][com.java.SeleniumDriver] [  836] - DataField : BTN
[INFO ][2015-11-05 11:56:29,686][com.java.SeleniumDriver] [  838] - DataValue : //img[contains(@src,'bdlogo.jpg')]
[INFO ][2015-11-05 11:56:29,686][com.java.SeleniumDriver] [  844] - <In Set values of the page>
[INFO ][2015-11-05 11:56:29,686][com.java.SeleniumDriver] [  847] - {Data Fields & Data Values Exist}
[INFO ][2015-11-05 11:56:29,686][com.java.SeleniumDriver] [  849] - --------------------------setting values-----------------------------
[INFO ][2015-11-05 11:56:29,686][com.java.SeleniumDriver] [  852] - Action Type : Verify
[INFO ][2015-11-05 11:56:29,686][com.java.TestType] [ 4912] - field= BTN value= //img[contains(@src,'bdlogo.jpg')]
[INFO ][2015-11-05 11:56:29,686][com.java.TestType] [ 3786] - value = //img[contains(@src,'bdlogo.jpg')]
[INFO ][2015-11-05 11:56:29,736][com.java.SeleniumDriver] [  861] -  RESULT true
[INFO ][2015-11-05 11:56:29,736][com.java.SeleniumDriver] [ 1066] - ?   P A S S   ?
[INFO ][2015-11-05 11:56:29,736][com.java.SeleniumDriver] [  788] - ------------------------------------------
[INFO ][2015-11-05 11:56:29,736][com.java.SeleniumDriver] [  789] - Test case being Executed: 11
[INFO ][2015-11-05 11:56:29,736][com.java.SeleniumDriver] [  800] - Test step:53
[INFO ][2015-11-05 11:56:29,736][com.java.SeleniumDriver] [  812] - Datavalue is----------Concept#3:1-2
[INFO ][2015-11-05 11:56:29,736][com.java.SeleniumDriver] [  836] - DataField : test
[INFO ][2015-11-05 11:56:29,736][com.java.SeleniumDriver] [  838] - DataValue : Concept#3:1-2
[INFO ][2015-11-05 11:56:29,736][com.java.SeleniumDriver] [  844] - <In Set values of the page>
[INFO ][2015-11-05 11:56:29,736][com.java.SeleniumDriver] [  847] - {Data Fields & Data Values Exist}
[INFO ][2015-11-05 11:56:29,736][com.java.SeleniumDriver] [  849] - --------------------------setting values-----------------------------
[INFO ][2015-11-05 11:56:29,736][com.java.SeleniumDriver] [  852] - Action Type : ExecuteTestCase
[INFO ][2015-11-05 11:56:29,736][com.java.TestType] [  411] - The Concept sheet name is ---------- Concept
[INFO ][2015-11-05 11:56:29,736][com.java.TestType] [  414] - The Concept ID  is ---------- 3
[DEBUG][2015-11-05 11:56:29,736][com.java.TestType] [  418] - Steps being executted in the Concept are: 1:2
[INFO ][2015-11-05 11:56:29,736][com.java.TestType] [  425] - Test data details path ---------- D:\BankersDashboard\TestInputs\TestData.xls
[INFO ][2015-11-05 11:56:29,766][com.java.TestType] [  456] -  str(1) = 3
[INFO ][2015-11-05 11:56:29,766][com.java.TestType] [  459] - Test case Id is---3
[INFO ][2015-11-05 11:56:29,766][com.java.TestType] [  461] - 3
[INFO ][2015-11-05 11:56:29,766][com.java.TestType] [  456] -  str(2) = 1
[INFO ][2015-11-05 11:56:29,766][com.java.TestType] [  508] - row values are--------{1=com.java.Objects.TestDataDetails@7173bf}
[INFO ][2015-11-05 11:56:29,766][com.java.TestType] [  456] -  str(1) = 3
[INFO ][2015-11-05 11:56:29,766][com.java.TestType] [  459] - Test case Id is---3
[INFO ][2015-11-05 11:56:29,766][com.java.TestType] [  461] - 3
[INFO ][2015-11-05 11:56:29,766][com.java.TestType] [  456] -  str(2) = 2
[INFO ][2015-11-05 11:56:29,766][com.java.TestType] [  508] - row values are--------{1=com.java.Objects.TestDataDetails@7173bf, 2=com.java.Objects.TestDataDetails@e9212a}
[INFO ][2015-11-05 11:56:29,766][com.java.TestType] [ 7935] - Looping 1TCID = 3
[DEBUG][2015-11-05 11:56:29,766][com.java.TestType] [ 7976] - Concept ID:3 :: Step being Executed: 3::1
[INFO ][2015-11-05 11:56:29,766][com.java.TestType] [ 8014] - dataFields : test
[DEBUG][2015-11-05 11:56:29,766][com.java.TestType] [ 8020] - <In Set values of the page>
[DEBUG][2015-11-05 11:56:29,766][com.java.TestType] [ 8025] - {Data Fields & Data Values Exist}
[INFO ][2015-11-05 11:56:29,766][com.java.TestType] [ 8031] - --------------------------setting values-----------------------------
[INFO ][2015-11-05 11:56:29,766][com.java.TestType] [ 8034] - Action Type : Logout
[DEBUG][2015-11-05 11:56:40,467][com.java.SeleniumDriver] [  425] - Hub ip address is-------172.17.68.34
[INFO ][2015-11-05 11:56:40,467][com.java.SeleniumDriver] [  451] - Grid URL:http://172.17.68.34:4444/wd/hub
[INFO ][2015-11-05 11:56:40,467][com.java.SeleniumDriver] [  452] - Capability:Capabilities [{platform=ANY, ensureCleanSession=true, ignoreProtectedModeSettings=true, acceptSslCerts=true, ignoreZoomSetting=true, browserName=internet explorer, browserstack.ie.noFlash=true, version=Node1}]
[ERROR][2015-11-05 11:56:41,468][com.java.SeleniumDriver] [  496] - Unable invoke browser in grid:Could not start a new session. Possible causes are invalid address of the remote server or browser start-up failure.
Build info: version: '2.48.2', revision: '41bccdd', time: '2015-10-09 19:59:12'
System info: host: 'FVTIII438F1D', ip: '172.17.68.34', os.name: 'Windows 7', os.arch: 'x86', os.version: '6.1', java.version: '1.7.0_55'
Driver info: driver.version: SeleniumDriver
[INFO ][2015-11-05 11:56:41,468][com.java.SeleniumDriver] [  498] - Executing on local machine
[INFO ][2015-11-05 11:56:50,350][com.java.TestType] [ 8053] -  RESULT true
[INFO ][2015-11-05 11:56:50,350][com.java.TestType] [ 8170] - ?   P A S S   ?
[DEBUG][2015-11-05 11:56:50,350][com.java.TestType] [ 7976] - Concept ID:3 :: Step being Executed: 3::2
[INFO ][2015-11-05 11:56:50,350][com.java.TestType] [ 8014] - dataFields : test
[DEBUG][2015-11-05 11:56:50,350][com.java.TestType] [ 8020] - <In Set values of the page>
[DEBUG][2015-11-05 11:56:50,350][com.java.TestType] [ 8025] - {Data Fields & Data Values Exist}
[INFO ][2015-11-05 11:56:50,350][com.java.TestType] [ 8031] - --------------------------setting values-----------------------------
[INFO ][2015-11-05 11:56:50,350][com.java.TestType] [ 8034] - Action Type : WaitTime
[DEBUG][2015-11-05 11:56:50,350][com.java.TestType] [ 3685] - sleepTime: 2000
[INFO ][2015-11-05 11:56:52,351][com.java.TestType] [ 8053] -  RESULT true
[INFO ][2015-11-05 11:56:52,351][com.java.TestType] [ 8170] - ?   P A S S   ?
[INFO ][2015-11-05 11:56:52,351][com.java.TestType] [ 8241] - Looping End......
[INFO ][2015-11-05 11:56:52,351][com.java.SeleniumDriver] [  861] -  RESULT true
[INFO ][2015-11-05 11:56:52,351][com.java.SeleniumDriver] [ 1066] - ?   P A S S   ?
[INFO ][2015-11-05 11:56:52,351][com.java.SeleniumDriver] [  788] - ------------------------------------------
[INFO ][2015-11-05 11:56:52,351][com.java.SeleniumDriver] [  789] - Test case being Executed: 11
[INFO ][2015-11-05 11:56:52,351][com.java.SeleniumDriver] [  800] - Test step:54
[INFO ][2015-11-05 11:56:52,351][com.java.SeleniumDriver] [  812] - Datavalue is----------Concept#1:1-14
[INFO ][2015-11-05 11:56:52,351][com.java.SeleniumDriver] [  836] - DataField : test
[INFO ][2015-11-05 11:56:52,351][com.java.SeleniumDriver] [  838] - DataValue : Concept#1:1-14
[INFO ][2015-11-05 11:56:52,351][com.java.SeleniumDriver] [  844] - <In Set values of the page>
[INFO ][2015-11-05 11:56:52,351][com.java.SeleniumDriver] [  847] - {Data Fields & Data Values Exist}
[INFO ][2015-11-05 11:56:52,351][com.java.SeleniumDriver] [  849] - --------------------------setting values-----------------------------
[INFO ][2015-11-05 11:56:52,351][com.java.SeleniumDriver] [  852] - Action Type : ExecuteTestCase
[INFO ][2015-11-05 11:56:52,351][com.java.TestType] [  411] - The Concept sheet name is ---------- Concept
[INFO ][2015-11-05 11:56:52,351][com.java.TestType] [  414] - The Concept ID  is ---------- 1
[DEBUG][2015-11-05 11:56:52,351][com.java.TestType] [  418] - Steps being executted in the Concept are: 1:14
[INFO ][2015-11-05 11:56:52,351][com.java.TestType] [  425] - Test data details path ---------- D:\BankersDashboard\TestInputs\TestData.xls
[INFO ][2015-11-05 11:56:52,382][com.java.TestType] [  456] -  str(1) = 1
[INFO ][2015-11-05 11:56:52,382][com.java.TestType] [  459] - Test case Id is---1
[INFO ][2015-11-05 11:56:52,382][com.java.TestType] [  461] - 1
[INFO ][2015-11-05 11:56:52,382][com.java.TestType] [  456] -  str(2) = 1
[INFO ][2015-11-05 11:56:52,382][com.java.TestType] [  508] - row values are--------{1=com.java.Objects.TestDataDetails@7645a8}
[INFO ][2015-11-05 11:56:52,382][com.java.TestType] [  456] -  str(1) = 1
[INFO ][2015-11-05 11:56:52,382][com.java.TestType] [  459] - Test case Id is---1
[INFO ][2015-11-05 11:56:52,382][com.java.TestType] [  461] - 1
[INFO ][2015-11-05 11:56:52,382][com.java.TestType] [  456] -  str(2) = 2
[INFO ][2015-11-05 11:56:52,392][com.java.TestType] [  508] - row values are--------{1=com.java.Objects.TestDataDetails@7645a8, 2=com.java.Objects.TestDataDetails@111b313}
[INFO ][2015-11-05 11:56:52,392][com.java.TestType] [  456] -  str(1) = 1
[INFO ][2015-11-05 11:56:52,392][com.java.TestType] [  459] - Test case Id is---1
[INFO ][2015-11-05 11:56:52,392][com.java.TestType] [  461] - 1
[INFO ][2015-11-05 11:56:52,392][com.java.TestType] [  456] -  str(2) = 3
[INFO ][2015-11-05 11:56:52,392][com.java.TestType] [  508] - row values are--------{1=com.java.Objects.TestDataDetails@7645a8, 2=com.java.Objects.TestDataDetails@111b313, 3=com.java.Objects.TestDataDetails@53c251}
[INFO ][2015-11-05 11:56:52,392][com.java.TestType] [  456] -  str(1) = 1
[INFO ][2015-11-05 11:56:52,392][com.java.TestType] [  459] - Test case Id is---1
[INFO ][2015-11-05 11:56:52,392][com.java.TestType] [  461] - 1
[INFO ][2015-11-05 11:56:52,392][com.java.TestType] [  456] -  str(2) = 4
[INFO ][2015-11-05 11:56:52,392][com.java.TestType] [  508] - row values are--------{1=com.java.Objects.TestDataDetails@7645a8, 2=com.java.Objects.TestDataDetails@111b313, 3=com.java.Objects.TestDataDetails@53c251, 4=com.java.Objects.TestDataDetails@f7044a}
[INFO ][2015-11-05 11:56:52,392][com.java.TestType] [  456] -  str(1) = 1
[INFO ][2015-11-05 11:56:52,392][com.java.TestType] [  459] - Test case Id is---1
[INFO ][2015-11-05 11:56:52,392][com.java.TestType] [  461] - 1
[INFO ][2015-11-05 11:56:52,392][com.java.TestType] [  456] -  str(2) = 5
[INFO ][2015-11-05 11:56:52,392][com.java.TestType] [  508] - row values are--------{1=com.java.Objects.TestDataDetails@7645a8, 2=com.java.Objects.TestDataDetails@111b313, 3=com.java.Objects.TestDataDetails@53c251, 4=com.java.Objects.TestDataDetails@f7044a, 5=com.java.Objects.TestDataDetails@1e4c63b}
[INFO ][2015-11-05 11:56:52,392][com.java.TestType] [  456] -  str(1) = 1
[INFO ][2015-11-05 11:56:52,392][com.java.TestType] [  459] - Test case Id is---1
[INFO ][2015-11-05 11:56:52,392][com.java.TestType] [  461] - 1
[INFO ][2015-11-05 11:56:52,392][com.java.TestType] [  456] -  str(2) = 6
[INFO ][2015-11-05 11:56:52,392][com.java.TestType] [  508] - row values are--------{1=com.java.Objects.TestDataDetails@7645a8, 2=com.java.Objects.TestDataDetails@111b313, 3=com.java.Objects.TestDataDetails@53c251, 4=com.java.Objects.TestDataDetails@f7044a, 5=com.java.Objects.TestDataDetails@1e4c63b, 6=com.java.Objects.TestDataDetails@7be55c}
[INFO ][2015-11-05 11:56:52,392][com.java.TestType] [  456] -  str(1) = 1
[INFO ][2015-11-05 11:56:52,392][com.java.TestType] [  459] - Test case Id is---1
[INFO ][2015-11-05 11:56:52,392][com.java.TestType] [  461] - 1
[INFO ][2015-11-05 11:56:52,392][com.java.TestType] [  456] -  str(2) = 7
[INFO ][2015-11-05 11:56:52,392][com.java.TestType] [  508] - row values are--------{1=com.java.Objects.TestDataDetails@7645a8, 2=com.java.Objects.TestDataDetails@111b313, 3=com.java.Objects.TestDataDetails@53c251, 4=com.java.Objects.TestDataDetails@f7044a, 5=com.java.Objects.TestDataDetails@1e4c63b, 6=com.java.Objects.TestDataDetails@7be55c, 7=com.java.Objects.TestDataDetails@1188ce3}
[INFO ][2015-11-05 11:56:52,392][com.java.TestType] [  456] -  str(1) = 1
[INFO ][2015-11-05 11:56:52,392][com.java.TestType] [  459] - Test case Id is---1
[INFO ][2015-11-05 11:56:52,392][com.java.TestType] [  461] - 1
[INFO ][2015-11-05 11:56:52,392][com.java.TestType] [  456] -  str(2) = 8
[INFO ][2015-11-05 11:56:52,392][com.java.TestType] [  508] - row values are--------{1=com.java.Objects.TestDataDetails@7645a8, 2=com.java.Objects.TestDataDetails@111b313, 3=com.java.Objects.TestDataDetails@53c251, 4=com.java.Objects.TestDataDetails@f7044a, 5=com.java.Objects.TestDataDetails@1e4c63b, 6=com.java.Objects.TestDataDetails@7be55c, 7=com.java.Objects.TestDataDetails@1188ce3, 8=com.java.Objects.TestDataDetails@7aa840}
[INFO ][2015-11-05 11:56:52,392][com.java.TestType] [  456] -  str(1) = 1
[INFO ][2015-11-05 11:56:52,392][com.java.TestType] [  459] - Test case Id is---1
[INFO ][2015-11-05 11:56:52,392][com.java.TestType] [  461] - 1
[INFO ][2015-11-05 11:56:52,392][com.java.TestType] [  456] -  str(2) = 9
[INFO ][2015-11-05 11:56:52,392][com.java.TestType] [  508] - row values are--------{1=com.java.Objects.TestDataDetails@7645a8, 2=com.java.Objects.TestDataDetails@111b313, 3=com.java.Objects.TestDataDetails@53c251, 4=com.java.Objects.TestDataDetails@f7044a, 5=com.java.Objects.TestDataDetails@1e4c63b, 6=com.java.Objects.TestDataDetails@7be55c, 7=com.java.Objects.TestDataDetails@1188ce3, 8=com.java.Objects.TestDataDetails@7aa840, 9=com.java.Objects.TestDataDetails@179640}
[INFO ][2015-11-05 11:56:52,392][com.java.TestType] [  456] -  str(1) = 1
[INFO ][2015-11-05 11:56:52,392][com.java.TestType] [  459] - Test case Id is---1
[INFO ][2015-11-05 11:56:52,392][com.java.TestType] [  461] - 1
[INFO ][2015-11-05 11:56:52,392][com.java.TestType] [  456] -  str(2) = 10
[INFO ][2015-11-05 11:56:52,392][com.java.TestType] [  508] - row values are--------{1=com.java.Objects.TestDataDetails@7645a8, 2=com.java.Objects.TestDataDetails@111b313, 3=com.java.Objects.TestDataDetails@53c251, 4=com.java.Objects.TestDataDetails@f7044a, 5=com.java.Objects.TestDataDetails@1e4c63b, 6=com.java.Objects.TestDataDetails@7be55c, 7=com.java.Objects.TestDataDetails@1188ce3, 8=com.java.Objects.TestDataDetails@7aa840, 9=com.java.Objects.TestDataDetails@179640, 10=com.java.Objects.TestDataDetails@6b0b90}
[INFO ][2015-11-05 11:56:52,392][com.java.TestType] [  456] -  str(1) = 1
[INFO ][2015-11-05 11:56:52,392][com.java.TestType] [  459] - Test case Id is---1
[INFO ][2015-11-05 11:56:52,392][com.java.TestType] [  461] - 1
[INFO ][2015-11-05 11:56:52,392][com.java.TestType] [  456] -  str(2) = 11
[INFO ][2015-11-05 11:56:52,392][com.java.TestType] [  508] - row values are--------{1=com.java.Objects.TestDataDetails@7645a8, 2=com.java.Objects.TestDataDetails@111b313, 3=com.java.Objects.TestDataDetails@53c251, 4=com.java.Objects.TestDataDetails@f7044a, 5=com.java.Objects.TestDataDetails@1e4c63b, 6=com.java.Objects.TestDataDetails@7be55c, 7=com.java.Objects.TestDataDetails@1188ce3, 8=com.java.Objects.TestDataDetails@7aa840, 9=com.java.Objects.TestDataDetails@179640, 10=com.java.Objects.TestDataDetails@6b0b90, 11=com.java.Objects.TestDataDetails@44d868}
[INFO ][2015-11-05 11:56:52,392][com.java.TestType] [  456] -  str(1) = 1
[INFO ][2015-11-05 11:56:52,392][com.java.TestType] [  459] - Test case Id is---1
[INFO ][2015-11-05 11:56:52,392][com.java.TestType] [  461] - 1
[INFO ][2015-11-05 11:56:52,392][com.java.TestType] [  456] -  str(2) = 12
[INFO ][2015-11-05 11:56:52,392][com.java.TestType] [  508] - row values are--------{1=com.java.Objects.TestDataDetails@7645a8, 2=com.java.Objects.TestDataDetails@111b313, 3=com.java.Objects.TestDataDetails@53c251, 4=com.java.Objects.TestDataDetails@f7044a, 5=com.java.Objects.TestDataDetails@1e4c63b, 6=com.java.Objects.TestDataDetails@7be55c, 7=com.java.Objects.TestDataDetails@1188ce3, 8=com.java.Objects.TestDataDetails@7aa840, 9=com.java.Objects.TestDataDetails@179640, 10=com.java.Objects.TestDataDetails@6b0b90, 11=com.java.Objects.TestDataDetails@44d868, 12=com.java.Objects.TestDataDetails@9421aa}
[INFO ][2015-11-05 11:56:52,392][com.java.TestType] [  456] -  str(1) = 1
[INFO ][2015-11-05 11:56:52,392][com.java.TestType] [  459] - Test case Id is---1
[INFO ][2015-11-05 11:56:52,392][com.java.TestType] [  461] - 1
[INFO ][2015-11-05 11:56:52,392][com.java.TestType] [  456] -  str(2) = 13
[INFO ][2015-11-05 11:56:52,402][com.java.TestType] [  508] - row values are--------{1=com.java.Objects.TestDataDetails@7645a8, 2=com.java.Objects.TestDataDetails@111b313, 3=com.java.Objects.TestDataDetails@53c251, 4=com.java.Objects.TestDataDetails@f7044a, 5=com.java.Objects.TestDataDetails@1e4c63b, 6=com.java.Objects.TestDataDetails@7be55c, 7=com.java.Objects.TestDataDetails@1188ce3, 8=com.java.Objects.TestDataDetails@7aa840, 9=com.java.Objects.TestDataDetails@179640, 10=com.java.Objects.TestDataDetails@6b0b90, 11=com.java.Objects.TestDataDetails@44d868, 12=com.java.Objects.TestDataDetails@9421aa, 13=com.java.Objects.TestDataDetails@1561b1a}
[INFO ][2015-11-05 11:56:52,402][com.java.TestType] [  456] -  str(1) = 1
[INFO ][2015-11-05 11:56:52,402][com.java.TestType] [  459] - Test case Id is---1
[INFO ][2015-11-05 11:56:52,402][com.java.TestType] [  461] - 1
[INFO ][2015-11-05 11:56:52,402][com.java.TestType] [  456] -  str(2) = 14
[INFO ][2015-11-05 11:56:52,402][com.java.TestType] [  508] - row values are--------{1=com.java.Objects.TestDataDetails@7645a8, 2=com.java.Objects.TestDataDetails@111b313, 3=com.java.Objects.TestDataDetails@53c251, 4=com.java.Objects.TestDataDetails@f7044a, 5=com.java.Objects.TestDataDetails@1e4c63b, 6=com.java.Objects.TestDataDetails@7be55c, 7=com.java.Objects.TestDataDetails@1188ce3, 8=com.java.Objects.TestDataDetails@7aa840, 9=com.java.Objects.TestDataDetails@179640, 10=com.java.Objects.TestDataDetails@6b0b90, 11=com.java.Objects.TestDataDetails@44d868, 12=com.java.Objects.TestDataDetails@9421aa, 13=com.java.Objects.TestDataDetails@1561b1a, 14=com.java.Objects.TestDataDetails@636f1d}
[INFO ][2015-11-05 11:56:52,402][com.java.TestType] [ 7935] - Looping 1TCID = 1
[DEBUG][2015-11-05 11:56:52,402][com.java.TestType] [ 7976] - Concept ID:1 :: Step being Executed: 1::1
[INFO ][2015-11-05 11:56:52,402][com.java.TestType] [ 8014] - dataFields : TXTusername
[DEBUG][2015-11-05 11:56:52,402][com.java.TestType] [ 8020] - <In Set values of the page>
[DEBUG][2015-11-05 11:56:52,402][com.java.TestType] [ 8025] - {Data Fields & Data Values Exist}
[INFO ][2015-11-05 11:56:52,402][com.java.TestType] [ 8031] - --------------------------setting values-----------------------------
[INFO ][2015-11-05 11:56:52,402][com.java.TestType] [ 8034] - Action Type : CLEARANDENTER
[INFO ][2015-11-05 11:56:52,402][com.java.TestType] [ 3786] - value = valuelabs.ie11.03890
[INFO ][2015-11-05 11:56:57,227][com.java.TestType] [ 8053] -  RESULT true
[INFO ][2015-11-05 11:56:57,227][com.java.TestType] [ 8170] - ?   P A S S   ?
[DEBUG][2015-11-05 11:56:57,227][com.java.TestType] [ 7976] - Concept ID:1 :: Step being Executed: 1::2
[INFO ][2015-11-05 11:56:57,227][com.java.TestType] [ 8014] - dataFields : TXTpassword
[DEBUG][2015-11-05 11:56:57,227][com.java.TestType] [ 8020] - <In Set values of the page>
[DEBUG][2015-11-05 11:56:57,227][com.java.TestType] [ 8025] - {Data Fields & Data Values Exist}
[INFO ][2015-11-05 11:56:57,227][com.java.TestType] [ 8031] - --------------------------setting values-----------------------------
[INFO ][2015-11-05 11:56:57,227][com.java.TestType] [ 8034] - Action Type : CLEARANDENTER
[INFO ][2015-11-05 11:56:57,227][com.java.TestType] [ 3786] - value = Password1*
[INFO ][2015-11-05 11:57:02,194][com.java.TestType] [ 8053] -  RESULT true
[INFO ][2015-11-05 11:57:02,194][com.java.TestType] [ 8170] - ?   P A S S   ?
[DEBUG][2015-11-05 11:57:02,194][com.java.TestType] [ 7976] - Concept ID:1 :: Step being Executed: 1::3
[ERROR][2015-11-05 11:57:02,194][com.java.TestType] [ 8009] - Exception: null
[INFO ][2015-11-05 11:57:02,194][com.java.TestType] [ 8014] - dataFields : XPH//button[@type='submit']
[DEBUG][2015-11-05 11:57:02,194][com.java.TestType] [ 8020] - <In Set values of the page>
[DEBUG][2015-11-05 11:57:02,194][com.java.TestType] [ 8025] - {Data Fields & Data Values Exist}
[INFO ][2015-11-05 11:57:02,194][com.java.TestType] [ 8031] - --------------------------setting values-----------------------------
[INFO ][2015-11-05 11:57:02,194][com.java.TestType] [ 8034] - Action Type : Click
[INFO ][2015-11-05 11:57:02,194][com.java.TestType] [ 4099] - Field ::XPH//button[@type='submit']
[INFO ][2015-11-05 11:57:03,194][com.java.TestType] [ 4158] - BEFORE CLICK
[INFO ][2015-11-05 11:57:04,019][com.java.TestType] [ 4166] - Unable to click the object Login
[INFO ][2015-11-05 11:57:04,019][com.java.TestType] [ 8053] -  RESULT true
[INFO ][2015-11-05 11:57:04,019][com.java.TestType] [ 8170] - ?   P A S S   ?
[DEBUG][2015-11-05 11:57:04,019][com.java.TestType] [ 7976] - Concept ID:1 :: Step being Executed: 1::4
[INFO ][2015-11-05 11:57:04,019][com.java.TestType] [ 8014] - dataFields : LNKLogout
[DEBUG][2015-11-05 11:57:04,019][com.java.TestType] [ 8020] - <In Set values of the page>
[DEBUG][2015-11-05 11:57:04,019][com.java.TestType] [ 8025] - {Data Fields & Data Values Exist}
[INFO ][2015-11-05 11:57:04,019][com.java.TestType] [ 8031] - --------------------------setting values-----------------------------
[INFO ][2015-11-05 11:57:04,019][com.java.TestType] [ 8034] - Action Type : WaitForElement
[INFO ][2015-11-05 11:57:19,343][com.java.TestType] [ 8053] -  RESULT true
[INFO ][2015-11-05 11:57:19,343][com.java.TestType] [ 8170] - ?   P A S S   ?
[DEBUG][2015-11-05 11:57:19,343][com.java.TestType] [ 7976] - Concept ID:1 :: Step being Executed: 1::13
[INFO ][2015-11-05 11:57:19,343][com.java.TestType] [ 8014] - dataFields : LNK
[DEBUG][2015-11-05 11:57:19,343][com.java.TestType] [ 8020] - <In Set values of the page>
[DEBUG][2015-11-05 11:57:19,343][com.java.TestType] [ 8025] - {Data Fields & Data Values Exist}
[INFO ][2015-11-05 11:57:19,343][com.java.TestType] [ 8031] - --------------------------setting values-----------------------------
[INFO ][2015-11-05 11:57:19,343][com.java.TestType] [ 8034] - Action Type : Verify
[INFO ][2015-11-05 11:57:19,343][com.java.TestType] [ 4912] - field= LNK value= Logout
[INFO ][2015-11-05 11:57:19,343][com.java.TestType] [ 3786] - value = Logout
[INFO ][2015-11-05 11:57:19,374][com.java.TestType] [ 8053] -  RESULT true
[INFO ][2015-11-05 11:57:19,374][com.java.TestType] [ 8170] - ?   P A S S   ?
[DEBUG][2015-11-05 11:57:19,374][com.java.TestType] [ 7976] - Concept ID:1 :: Step being Executed: 1::14
[INFO ][2015-11-05 11:57:19,374][com.java.TestType] [ 8014] - dataFields : BTN
[DEBUG][2015-11-05 11:57:19,374][com.java.TestType] [ 8020] - <In Set values of the page>
[DEBUG][2015-11-05 11:57:19,374][com.java.TestType] [ 8025] - {Data Fields & Data Values Exist}
[INFO ][2015-11-05 11:57:19,374][com.java.TestType] [ 8031] - --------------------------setting values-----------------------------
[INFO ][2015-11-05 11:57:19,374][com.java.TestType] [ 8034] - Action Type : Verify
[INFO ][2015-11-05 11:57:19,374][com.java.TestType] [ 4912] - field= BTN value= //img[contains(@src,'bdlogo.jpg')]
[INFO ][2015-11-05 11:57:19,374][com.java.TestType] [ 3786] - value = //img[contains(@src,'bdlogo.jpg')]
[INFO ][2015-11-05 11:57:19,404][com.java.TestType] [ 8053] -  RESULT true
[INFO ][2015-11-05 11:57:19,404][com.java.TestType] [ 8170] - ?   P A S S   ?
[INFO ][2015-11-05 11:57:19,404][com.java.TestType] [ 8241] - Looping End......
[INFO ][2015-11-05 11:57:19,404][com.java.SeleniumDriver] [  861] -  RESULT true
[INFO ][2015-11-05 11:57:19,404][com.java.SeleniumDriver] [ 1066] - ?   P A S S   ?
[INFO ][2015-11-05 11:57:19,404][com.java.SeleniumDriver] [  788] - ------------------------------------------
[INFO ][2015-11-05 11:57:19,404][com.java.SeleniumDriver] [  789] - Test case being Executed: 11
[INFO ][2015-11-05 11:57:19,404][com.java.SeleniumDriver] [  800] - Test step:55
[INFO ][2015-11-05 11:57:19,404][com.java.SeleniumDriver] [  812] - Datavalue is----------null
[DEBUG][2015-11-05 11:57:19,404][com.java.SeleniumDriver] [  830] - Exception: null
[INFO ][2015-11-05 11:57:19,404][com.java.SeleniumDriver] [  836] - DataField : //span[@class='icon-user4']&&Users&&Manage Users
[INFO ][2015-11-05 11:57:19,404][com.java.SeleniumDriver] [  838] - DataValue : 
[INFO ][2015-11-05 11:57:19,404][com.java.SeleniumDriver] [  844] - <In Set values of the page>
[INFO ][2015-11-05 11:57:19,404][com.java.SeleniumDriver] [  847] - {Data Fields & Data Values Exist}
[INFO ][2015-11-05 11:57:19,404][com.java.SeleniumDriver] [  849] - --------------------------setting values-----------------------------
[INFO ][2015-11-05 11:57:19,404][com.java.SeleniumDriver] [  852] - Action Type : MouseOver
[DEBUG][2015-11-05 11:57:47,091][com.java.TestType] [ 4652] - Manage Users   :: Element not Found
[INFO ][2015-11-05 11:58:09,518][com.java.SeleniumDriver] [  861] -  RESULT true
[INFO ][2015-11-05 11:58:09,518][com.java.SeleniumDriver] [ 1066] - ?   P A S S   ?
[INFO ][2015-11-05 11:58:09,518][com.java.SeleniumDriver] [  788] - ------------------------------------------
[INFO ][2015-11-05 11:58:09,518][com.java.SeleniumDriver] [  789] - Test case being Executed: 11
[INFO ][2015-11-05 11:58:09,518][com.java.SeleniumDriver] [  800] - Test step:56
[INFO ][2015-11-05 11:58:09,518][com.java.SeleniumDriver] [  812] - Datavalue is----------null
[DEBUG][2015-11-05 11:58:09,518][com.java.SeleniumDriver] [  830] - Exception: null
[INFO ][2015-11-05 11:58:09,518][com.java.SeleniumDriver] [  836] - DataField : BTNframeDialogContent
[INFO ][2015-11-05 11:58:09,518][com.java.SeleniumDriver] [  838] - DataValue : 
[INFO ][2015-11-05 11:58:09,518][com.java.SeleniumDriver] [  844] - <In Set values of the page>
[INFO ][2015-11-05 11:58:09,518][com.java.SeleniumDriver] [  847] - {Data Fields & Data Values Exist}
[INFO ][2015-11-05 11:58:09,518][com.java.SeleniumDriver] [  849] - --------------------------setting values-----------------------------
[INFO ][2015-11-05 11:58:09,518][com.java.SeleniumDriver] [  852] - Action Type : WaitForElement
[INFO ][2015-11-05 11:58:10,719][com.java.SeleniumDriver] [  861] -  RESULT true
[INFO ][2015-11-05 11:58:10,719][com.java.SeleniumDriver] [ 1066] - ?   P A S S   ?
[INFO ][2015-11-05 11:58:10,719][com.java.SeleniumDriver] [  788] - ------------------------------------------
[INFO ][2015-11-05 11:58:10,719][com.java.SeleniumDriver] [  789] - Test case being Executed: 11
[INFO ][2015-11-05 11:58:10,719][com.java.SeleniumDriver] [  800] - Test step:57
[INFO ][2015-11-05 11:58:10,719][com.java.SeleniumDriver] [  812] - Datavalue is----------null
[DEBUG][2015-11-05 11:58:10,719][com.java.SeleniumDriver] [  830] - Exception: null
[INFO ][2015-11-05 11:58:10,719][com.java.SeleniumDriver] [  836] - DataField : BTNframeDialogContent
[INFO ][2015-11-05 11:58:10,719][com.java.SeleniumDriver] [  838] - DataValue : 
[INFO ][2015-11-05 11:58:10,719][com.java.SeleniumDriver] [  844] - <In Set values of the page>
[INFO ][2015-11-05 11:58:10,719][com.java.SeleniumDriver] [  847] - {Data Fields & Data Values Exist}
[INFO ][2015-11-05 11:58:10,719][com.java.SeleniumDriver] [  849] - --------------------------setting values-----------------------------
[INFO ][2015-11-05 11:58:10,719][com.java.SeleniumDriver] [  852] - Action Type : SelectFrame
[INFO ][2015-11-05 11:58:11,961][com.java.SeleniumDriver] [  861] -  RESULT true
[INFO ][2015-11-05 11:58:11,961][com.java.SeleniumDriver] [ 1066] - ?   P A S S   ?
[INFO ][2015-11-05 11:58:11,961][com.java.SeleniumDriver] [  788] - ------------------------------------------
[INFO ][2015-11-05 11:58:11,961][com.java.SeleniumDriver] [  789] - Test case being Executed: 11
[INFO ][2015-11-05 11:58:11,961][com.java.SeleniumDriver] [  800] - Test step:58
[INFO ][2015-11-05 11:58:11,961][com.java.SeleniumDriver] [  812] - Datavalue is----------dt:NewUserName
[INFO ][2015-11-05 11:58:11,961][com.java.SeleniumDriver] [  836] - DataField : test
[INFO ][2015-11-05 11:58:11,961][com.java.SeleniumDriver] [  838] - DataValue : dt:NewUserName
[INFO ][2015-11-05 11:58:11,961][com.java.SeleniumDriver] [  844] - <In Set values of the page>
[INFO ][2015-11-05 11:58:11,961][com.java.SeleniumDriver] [  847] - {Data Fields & Data Values Exist}
[INFO ][2015-11-05 11:58:11,961][com.java.SeleniumDriver] [  849] - --------------------------setting values-----------------------------
[INFO ][2015-11-05 11:58:11,961][com.java.SeleniumDriver] [  852] - Action Type : DelUser
[INFO ][2015-11-05 11:58:11,961][com.java.TestType] [ 3786] - value = vltest.robot
[INFO ][2015-11-05 11:58:15,411][com.java.TestType] [ 4099] - Field ::CNF
[INFO ][2015-11-05 11:58:16,761][com.java.TestType] [ 4154] - Click the object AcceptAlert
[INFO ][2015-11-05 11:58:16,761][com.java.TestType] [ 4155] - Unable to click the object AcceptAlert
[INFO ][2015-11-05 11:58:16,761][com.java.SeleniumDriver] [  861] -  RESULT true
[INFO ][2015-11-05 11:58:16,761][com.java.SeleniumDriver] [ 1066] - ?   P A S S   ?
[DEBUG][2015-11-05 11:58:16,761][com.java.SeleniumDriver] [ 1168] - Case found
[DEBUG][2015-11-05 11:58:16,761][com.java.SeleniumDriver] [ 1173] - Incrementing ReportCounters[0]:2
[INFO ][2015-11-05 11:58:16,761][com.java.SeleniumDriver] [ 1192] - The results are-------------------[11, 1, Manage Users: Add User, Pass, , Thu Nov 05 11:53:00 IST 2015, 11, 3, Manage Users: Add User, Pass, , Thu Nov 05 11:53:06 IST 2015, 11, 4, Manage Users: Add User, Pass, , Thu Nov 05 11:53:36 IST 2015, 11, 5, Manage Users: Add User, Pass, , Thu Nov 05 11:53:37 IST 2015, 11, 6, Manage Users: Add User, Pass, , Thu Nov 05 11:53:38 IST 2015, 11, 7, Manage Users: Add User, Pass, , Thu Nov 05 11:53:40 IST 2015, 11, 8, Manage Users: Add User, Pass, , Thu Nov 05 11:53:43 IST 2015, 11, 9, Manage Users: Add User, Pass, , Thu Nov 05 11:53:51 IST 2015, 11, 10, Manage Users: Add User, Pass, , Thu Nov 05 11:53:54 IST 2015, 11, 11, Manage Users: Add User, Pass, , Thu Nov 05 11:53:57 IST 2015, 11, 12, Manage Users: Add User, Pass, , Thu Nov 05 11:54:00 IST 2015, 11, 13, Manage Users: Add User, Pass, , Thu Nov 05 11:54:03 IST 2015, 11, 14, Manage Users: Add User, Pass, , Thu Nov 05 11:54:06 IST 2015, 11, 15, Manage Users: Add User, Pass, , Thu Nov 05 11:54:09 IST 2015, 11, 16, Manage Users: Add User, Pass, , Thu Nov 05 11:54:12 IST 2015, 11, 17, Manage Users: Add User, Pass, , Thu Nov 05 11:54:15 IST 2015, 11, 18, Manage Users: Add User, Pass, , Thu Nov 05 11:54:18 IST 2015, 11, 19, Manage Users: Add User, Pass, , Thu Nov 05 11:54:18 IST 2015, 11, 20, Manage Users: Add User, Pass, , Thu Nov 05 11:54:23 IST 2015, 11, 21, Manage Users: Add User, Pass, , Thu Nov 05 11:54:25 IST 2015, 11, 22, Manage Users: Add User, Pass, , Thu Nov 05 11:54:25 IST 2015, 11, 23, Manage Users: Add User, Pass, , Thu Nov 05 11:54:26 IST 2015, 11, 24, Manage Users: Add User, Pass, , Thu Nov 05 11:54:29 IST 2015, 11, 25, Manage Users: Add User, Pass, , Thu Nov 05 11:54:31 IST 2015, 11, 26, Manage Users: Add User, Pass, , Thu Nov 05 11:54:33 IST 2015, 11, 27, Manage Users: Add User, Pass, , Thu Nov 05 11:54:36 IST 2015, 11, 28, Manage Users: Add User, Pass, , Thu Nov 05 11:54:36 IST 2015, 11, 29, Manage Users: Add User, Pass, , Thu Nov 05 11:54:41 IST 2015, 11, 30, Manage Users: Add User, Pass, , Thu Nov 05 11:54:51 IST 2015, 11, 31, Manage Users: Add User, Pass, , Thu Nov 05 11:54:53 IST 2015, 11, 32, Manage Users: Add User, Pass, , Thu Nov 05 11:54:54 IST 2015, 11, 33, Manage Users: Add User, Pass, , Thu Nov 05 11:54:54 IST 2015, 11, 34, Manage Users: Add User, Pass, , Thu Nov 05 11:54:54 IST 2015, 11, 35, Manage Users: Add User, Pass, , Thu Nov 05 11:54:54 IST 2015, 11, 36, Manage Users: Add User, Pass, , Thu Nov 05 11:54:54 IST 2015, 11, 37, Manage Users: Add User, Pass, , Thu Nov 05 11:54:56 IST 2015, 11, 38, Manage Users: Add User, Pass, , Thu Nov 05 11:55:18 IST 2015, 11, 39, Valid Login, Pass, , Thu Nov 05 11:55:23 IST 2015, 11, 40, Valid Login, Pass, , Thu Nov 05 11:55:28 IST 2015, 11, 41, Valid Login, Pass, , Thu Nov 05 11:55:29 IST 2015, 11, 42, Valid Login, Pass, , Thu Nov 05 11:55:39 IST 2015, 11, 43, Valid Login, Pass, , Thu Nov 05 11:55:52 IST 2015, 11, 44, Valid Login, Pass, , Thu Nov 05 11:56:12 IST 2015, 11, 45, Valid Login, Pass, , Thu Nov 05 11:56:24 IST 2015, 11, 46, Valid Login, Pass, , Thu Nov 05 11:56:25 IST 2015, 11, 47, Valid Login, Pass, , Thu Nov 05 11:56:26 IST 2015, 11, 48, Valid Login, Pass, , Thu Nov 05 11:56:28 IST 2015, 11, 49, Valid Login, Pass, , Thu Nov 05 11:56:28 IST 2015, 11, 50, Valid Login, Pass, , Thu Nov 05 11:56:29 IST 2015, 11, 51, Valid Login, Pass, , Thu Nov 05 11:56:29 IST 2015, 11, 52, Valid Login, Pass, , Thu Nov 05 11:56:29 IST 2015, 11, 53, Manage Users: Add User, Pass, , Thu Nov 05 11:56:52 IST 2015, 11, 54, Manage Users: Add User, Pass, , Thu Nov 05 11:57:19 IST 2015, 11, 55, Manage Users: Add User, Pass, , Thu Nov 05 11:58:09 IST 2015, 11, 56, Manage Users: Add User, Pass, , Thu Nov 05 11:58:10 IST 2015, 11, 57, Manage Users: Add User, Pass, , Thu Nov 05 11:58:11 IST 2015, 11, 58, Manage Users: Add User, Pass, , Thu Nov 05 11:58:16 IST 2015]
[INFO ][2015-11-05 11:58:16,761][com.java.SeleniumDriver] [ 1196] - End time is-------7 min 9 sec
[INFO ][2015-11-05 11:58:16,761][com.java.SeleniumDriver] [ 1197] - The results are-------------------[11, 1, Manage Users: Add User, Pass, , Thu Nov 05 11:53:00 IST 2015, 11, 3, Manage Users: Add User, Pass, , Thu Nov 05 11:53:06 IST 2015, 11, 4, Manage Users: Add User, Pass, , Thu Nov 05 11:53:36 IST 2015, 11, 5, Manage Users: Add User, Pass, , Thu Nov 05 11:53:37 IST 2015, 11, 6, Manage Users: Add User, Pass, , Thu Nov 05 11:53:38 IST 2015, 11, 7, Manage Users: Add User, Pass, , Thu Nov 05 11:53:40 IST 2015, 11, 8, Manage Users: Add User, Pass, , Thu Nov 05 11:53:43 IST 2015, 11, 9, Manage Users: Add User, Pass, , Thu Nov 05 11:53:51 IST 2015, 11, 10, Manage Users: Add User, Pass, , Thu Nov 05 11:53:54 IST 2015, 11, 11, Manage Users: Add User, Pass, , Thu Nov 05 11:53:57 IST 2015, 11, 12, Manage Users: Add User, Pass, , Thu Nov 05 11:54:00 IST 2015, 11, 13, Manage Users: Add User, Pass, , Thu Nov 05 11:54:03 IST 2015, 11, 14, Manage Users: Add User, Pass, , Thu Nov 05 11:54:06 IST 2015, 11, 15, Manage Users: Add User, Pass, , Thu Nov 05 11:54:09 IST 2015, 11, 16, Manage Users: Add User, Pass, , Thu Nov 05 11:54:12 IST 2015, 11, 17, Manage Users: Add User, Pass, , Thu Nov 05 11:54:15 IST 2015, 11, 18, Manage Users: Add User, Pass, , Thu Nov 05 11:54:18 IST 2015, 11, 19, Manage Users: Add User, Pass, , Thu Nov 05 11:54:18 IST 2015, 11, 20, Manage Users: Add User, Pass, , Thu Nov 05 11:54:23 IST 2015, 11, 21, Manage Users: Add User, Pass, , Thu Nov 05 11:54:25 IST 2015, 11, 22, Manage Users: Add User, Pass, , Thu Nov 05 11:54:25 IST 2015, 11, 23, Manage Users: Add User, Pass, , Thu Nov 05 11:54:26 IST 2015, 11, 24, Manage Users: Add User, Pass, , Thu Nov 05 11:54:29 IST 2015, 11, 25, Manage Users: Add User, Pass, , Thu Nov 05 11:54:31 IST 2015, 11, 26, Manage Users: Add User, Pass, , Thu Nov 05 11:54:33 IST 2015, 11, 27, Manage Users: Add User, Pass, , Thu Nov 05 11:54:36 IST 2015, 11, 28, Manage Users: Add User, Pass, , Thu Nov 05 11:54:36 IST 2015, 11, 29, Manage Users: Add User, Pass, , Thu Nov 05 11:54:41 IST 2015, 11, 30, Manage Users: Add User, Pass, , Thu Nov 05 11:54:51 IST 2015, 11, 31, Manage Users: Add User, Pass, , Thu Nov 05 11:54:53 IST 2015, 11, 32, Manage Users: Add User, Pass, , Thu Nov 05 11:54:54 IST 2015, 11, 33, Manage Users: Add User, Pass, , Thu Nov 05 11:54:54 IST 2015, 11, 34, Manage Users: Add User, Pass, , Thu Nov 05 11:54:54 IST 2015, 11, 35, Manage Users: Add User, Pass, , Thu Nov 05 11:54:54 IST 2015, 11, 36, Manage Users: Add User, Pass, , Thu Nov 05 11:54:54 IST 2015, 11, 37, Manage Users: Add User, Pass, , Thu Nov 05 11:54:56 IST 2015, 11, 38, Manage Users: Add User, Pass, , Thu Nov 05 11:55:18 IST 2015, 11, 39, Valid Login, Pass, , Thu Nov 05 11:55:23 IST 2015, 11, 40, Valid Login, Pass, , Thu Nov 05 11:55:28 IST 2015, 11, 41, Valid Login, Pass, , Thu Nov 05 11:55:29 IST 2015, 11, 42, Valid Login, Pass, , Thu Nov 05 11:55:39 IST 2015, 11, 43, Valid Login, Pass, , Thu Nov 05 11:55:52 IST 2015, 11, 44, Valid Login, Pass, , Thu Nov 05 11:56:12 IST 2015, 11, 45, Valid Login, Pass, , Thu Nov 05 11:56:24 IST 2015, 11, 46, Valid Login, Pass, , Thu Nov 05 11:56:25 IST 2015, 11, 47, Valid Login, Pass, , Thu Nov 05 11:56:26 IST 2015, 11, 48, Valid Login, Pass, , Thu Nov 05 11:56:28 IST 2015, 11, 49, Valid Login, Pass, , Thu Nov 05 11:56:28 IST 2015, 11, 50, Valid Login, Pass, , Thu Nov 05 11:56:29 IST 2015, 11, 51, Valid Login, Pass, , Thu Nov 05 11:56:29 IST 2015, 11, 52, Valid Login, Pass, , Thu Nov 05 11:56:29 IST 2015, 11, 53, Manage Users: Add User, Pass, , Thu Nov 05 11:56:52 IST 2015, 11, 54, Manage Users: Add User, Pass, , Thu Nov 05 11:57:19 IST 2015, 11, 55, Manage Users: Add User, Pass, , Thu Nov 05 11:58:09 IST 2015, 11, 56, Manage Users: Add User, Pass, , Thu Nov 05 11:58:10 IST 2015, 11, 57, Manage Users: Add User, Pass, , Thu Nov 05 11:58:11 IST 2015, 11, 58, Manage Users: Add User, Pass, , Thu Nov 05 11:58:16 IST 2015]
[DEBUG][2015-11-05 11:58:16,761][com.java.ImportnExport.ExportTestResultsExcel] [  222] - testResultPath = D:\BankersDashboard/TestReports/Test Results_BankersDashBoard_110515_115109_IE11_Simmons First National Bank.xls
[DEBUG][2015-11-05 11:58:16,761][com.java.ImportnExport.ExportTestResultsExcel] [  223] - browser is------------IE11
[DEBUG][2015-11-05 11:58:16,761][com.java.ImportnExport.ExportTestResultsExcel] [  270] - result.size() = 342
[DEBUG][2015-11-05 11:58:16,761][com.java.ImportnExport.ExportTestResultsExcel] [  274] - No of rows in sheet=2
[DEBUG][2015-11-05 11:58:16,761][com.java.ImportnExport.ExportTestResultsExcel] [  301] - ..in export..11
[DEBUG][2015-11-05 11:58:16,761][com.java.ImportnExport.ExportTestResultsExcel] [  301] - ..in export..Manage Users: Add User
[DEBUG][2015-11-05 11:58:16,761][com.java.ImportnExport.ExportTestResultsExcel] [  301] - ..in export..Pass
[DEBUG][2015-11-05 11:58:16,761][com.java.ImportnExport.ExportTestResultsExcel] [  301] - ..in export..
[DEBUG][2015-11-05 11:58:16,761][com.java.ImportnExport.ExportTestResultsExcel] [  301] - ..in export..Thu Nov 05 11:53:00 IST 2015
[INFO ][2015-11-05 11:58:16,761][com.java.SeleniumDriver] [ 1255] - out loop:1 size:2 TestCases:[1, 11] testcases:[1, 11]
[INFO ][2015-11-05 11:58:18,762][com.java.SeleniumDriver] [ 1297] - Total Number of Cases:2
[INFO ][2015-11-05 11:58:18,762][com.java.TemplateGenerator] [  302] - Executed:2
[INFO ][2015-11-05 11:58:18,762][com.java.TemplateGenerator] [  303] - Passed:2
[INFO ][2015-11-05 11:58:18,762][com.java.TemplateGenerator] [  304] - Failed:0
[INFO ][2015-11-05 11:58:18,762][com.java.TemplateGenerator] [  305] - Skipeed:0
[INFO ][2015-11-05 11:58:18,762][com.java.TemplateGenerator] [  306] - Application URL:https://clients-xuat.bankersdashboard.com
[INFO ][2015-11-05 11:58:18,762][com.java.TemplateGenerator] [  307] - Start Time:110515_115109
[INFO ][2015-11-05 11:58:18,762][com.java.TemplateGenerator] [  308] -  Creating HTML Report 
[ERROR][2015-11-05 11:58:18,762][com.java.TemplateGenerator] [  409] - Unparseable date: "Thu Nov 05 11:51:09 IST 2015"
[INFO ][2015-11-05 11:58:18,762][com.java.TemplateGenerator] [  654] -  Exporting case :: 1
[INFO ][2015-11-05 11:58:18,762][com.java.TemplateGenerator] [  654] -  Exporting case :: 11
[INFO ][2015-11-05 11:58:18,762][com.java.SeleniumDriver] [ 1346] - End Time:110515_115818
[INFO ][2015-11-05 11:58:18,762][com.java.SeleniumDriver] [ 1349] - Data in Test Execution Details:{1=PASS, 11=PASS}
[INFO ][2015-11-05 11:58:18,762][com.java.SeleniumDriver] [ 1350] - Data in Failed Execution Deatils:{}
[INFO ][2015-11-05 11:58:18,762][com.java.SeleniumDriver] [ 1352] - ReportCounter:Total:2 :: PASS: 2 ::FAIL: 0
[INFO ][2015-11-05 11:58:18,762][com.java.SeleniumDriver] [ 1353] - FailedReportCounter:Total:0 :: PASS: 0 ::FAIL: 0
[INFO ][2015-11-05 11:58:18,763][com.java.EmailTestReport] [   63] - Sending report mail details:
[INFO ][2015-11-05 11:58:18,763][com.java.EmailTestReport] [   80] - Excel Report Path:D:\BankersDashboard/TestReports/Test Results_BankersDashBoard_110515_115109_IE11_Simmons First National Bank.xls
[INFO ][2015-11-05 11:58:18,763][com.java.EmailTestReport] [   81] - HTML Report Path:D:\BankersDashboard//TestReports//Test Results_BankersDashBoard_110515_115109_IE11_Simmons First National Bank.html
[INFO ][2015-11-05 11:58:18,763][com.java.EmailTestReport] [   82] - smtpHostName:mail01.valuelabs.com
[INFO ][2015-11-05 11:58:18,763][com.java.EmailTestReport] [   83] - Recipient:venkateswararao.gubbala@valuelabs.com
[INFO ][2015-11-05 11:58:18,763][com.java.EmailTestReport] [   84] - From:venkateswararao.gubbala@valuelabs.com
[INFO ][2015-11-05 11:58:18,763][com.java.EmailTestReport] [   85] - Subject:Deluxe Corp Bankers Dashboard Automation Test Report - Simmons First National Bank - IE11
[INFO ][2015-11-05 11:58:18,783][com.java.EmailTestReport] [  143] -  Added venkateswararao.gubbala@valuelabs.com
[INFO ][2015-11-05 11:58:22,183][com.java.SeleniumDriver] [  719] - quitting the browser 
[INFO ][2015-11-05 11:58:23,405][com.java.SeleniumDriver] [  263] - Execution Completed Stopping the thread
