[INFO ][2015-11-12 11:22:19,855][com.java.SeleniumDriver] [  213] - Execute Failed Casesfalse
[INFO ][2015-11-12 11:22:19,871][com.java.SeleniumDriver] [  214] - Browser: IE11
[INFO ][2015-11-12 11:22:19,871][com.java.SeleniumDriver] [  215] - [1, 3]
[INFO ][2015-11-12 11:22:19,871][com.java.SeleniumDriver] [  216] - Total TestCases:2
[INFO ][2015-11-12 11:22:19,871][com.java.SeleniumDriver] [  217] -  Reading Properties from Property File 
[DEBUG][2015-11-12 11:22:19,871][com.java.SeleniumDriver] [  238] - url : https://clients-xuat.bankersdashboard.com
[INFO ][2015-11-12 11:22:19,871][com.java.ImportnExport.ExportTestResultsExcel] [  116] - Time Stamp Thu Nov 12 11:22:19 IST 2015
[INFO ][2015-11-12 11:22:19,871][com.java.ImportnExport.ExportTestResultsExcel] [  175] - OUT FILE : D:\BankersDashboard/TestReports/Test Results_BankersDashBoard_111215_112219_IE11_Any Bank USA.xls
[INFO ][2015-11-12 11:22:19,872][com.java.ImportnExport.ExportTestResultsExcel] [  180] - Test Result file is created
[DEBUG][2015-11-12 11:22:19,981][com.java.SeleniumDriver] [  425] - Hub ip address is-------172.17.68.34
[INFO ][2015-11-12 11:22:19,981][com.java.SeleniumDriver] [  451] - Grid URL:http://172.17.68.34:4444/wd/hub
[INFO ][2015-11-12 11:22:19,981][com.java.SeleniumDriver] [  452] - Capability:Capabilities [{platform=ANY, ensureCleanSession=true, ignoreProtectedModeSettings=true, acceptSslCerts=true, ignoreZoomSetting=true, browserName=internet explorer, browserstack.ie.noFlash=true, version=Node1}]
[ERROR][2015-11-12 11:22:21,308][com.java.SeleniumDriver] [  496] - Unable invoke browser in grid:Could not start a new session. Possible causes are invalid address of the remote server or browser start-up failure.
Build info: version: '2.48.2', revision: '41bccdd', time: '2015-10-09 19:59:12'
System info: host: 'FVTIII438F1D', ip: '172.17.68.34', os.name: 'Windows 7', os.arch: 'x86', os.version: '6.1', java.version: '1.7.0_55'
Driver info: driver.version: SeleniumDriver
[INFO ][2015-11-12 11:22:21,308][com.java.SeleniumDriver] [  498] - Executing on local machine
[INFO ][2015-11-12 11:22:32,639][com.java.SeleniumDriver] [  248] - IE11is opened
[INFO ][2015-11-12 11:22:33,301][com.java.SeleniumDriver] [  753] - Test cases to be executed are: [1, 3]
[INFO ][2015-11-12 11:22:33,302][com.java.ImportnExport.ImportTestDataDetailsExcel] [   49] - test data details path===== D:\BankersDashboard\TestInputs\TestData.xls
[INFO ][2015-11-12 11:22:33,349][com.java.SeleniumDriver] [  796] - ------------------------------------------
[INFO ][2015-11-12 11:22:33,349][com.java.SeleniumDriver] [  797] - Test case being Executed: 1
[INFO ][2015-11-12 11:22:33,349][com.java.SeleniumDriver] [  808] - Test step:1
[INFO ][2015-11-12 11:22:33,349][com.java.SeleniumDriver] [  820] - Datavalue is----------Concept#1:1-14
[INFO ][2015-11-12 11:22:33,349][com.java.SeleniumDriver] [  844] - DataField : test
[INFO ][2015-11-12 11:22:33,349][com.java.SeleniumDriver] [  846] - DataValue : Concept#1:1-14
[INFO ][2015-11-12 11:22:33,349][com.java.SeleniumDriver] [  852] - <In Set values of the page>
[INFO ][2015-11-12 11:22:33,349][com.java.SeleniumDriver] [  855] - {Data Fields & Data Values Exist}
[INFO ][2015-11-12 11:22:33,349][com.java.SeleniumDriver] [  857] - --------------------------setting values-----------------------------
[INFO ][2015-11-12 11:22:33,349][com.java.SeleniumDriver] [  860] - Action Type : ExecuteTestCase
[INFO ][2015-11-12 11:22:33,380][com.java.TestType] [  423] - The Concept sheet name is ---------- Concept
[INFO ][2015-11-12 11:22:33,380][com.java.TestType] [  426] - The Concept ID  is ---------- 1
[DEBUG][2015-11-12 11:22:33,380][com.java.TestType] [  430] - Steps being executted in the Concept are: 1:14
[INFO ][2015-11-12 11:22:33,380][com.java.TestType] [  437] - Test data details path ---------- D:\BankersDashboard\TestInputs\TestData.xls
[INFO ][2015-11-12 11:22:33,412][com.java.TestType] [  468] -  str(1) = 1
[INFO ][2015-11-12 11:22:33,412][com.java.TestType] [  471] - Test case Id is---1
[INFO ][2015-11-12 11:22:33,412][com.java.TestType] [  473] - 1
[INFO ][2015-11-12 11:22:33,412][com.java.TestType] [  468] -  str(2) = 1
[INFO ][2015-11-12 11:22:33,412][com.java.TestType] [  520] - row values are--------{1=com.java.Objects.TestDataDetails@1e33742}
[INFO ][2015-11-12 11:22:33,412][com.java.TestType] [  468] -  str(1) = 1
[INFO ][2015-11-12 11:22:33,412][com.java.TestType] [  471] - Test case Id is---1
[INFO ][2015-11-12 11:22:33,412][com.java.TestType] [  473] - 1
[INFO ][2015-11-12 11:22:33,412][com.java.TestType] [  468] -  str(2) = 2
[INFO ][2015-11-12 11:22:33,412][com.java.TestType] [  520] - row values are--------{1=com.java.Objects.TestDataDetails@1e33742, 2=com.java.Objects.TestDataDetails@879daa}
[INFO ][2015-11-12 11:22:33,412][com.java.TestType] [  468] -  str(1) = 1
[INFO ][2015-11-12 11:22:33,412][com.java.TestType] [  471] - Test case Id is---1
[INFO ][2015-11-12 11:22:33,412][com.java.TestType] [  473] - 1
[INFO ][2015-11-12 11:22:33,412][com.java.TestType] [  468] -  str(2) = 3
[INFO ][2015-11-12 11:22:33,412][com.java.TestType] [  520] - row values are--------{1=com.java.Objects.TestDataDetails@1e33742, 2=com.java.Objects.TestDataDetails@879daa, 3=com.java.Objects.TestDataDetails@4406b8}
[INFO ][2015-11-12 11:22:33,412][com.java.TestType] [  468] -  str(1) = 1
[INFO ][2015-11-12 11:22:33,412][com.java.TestType] [  471] - Test case Id is---1
[INFO ][2015-11-12 11:22:33,412][com.java.TestType] [  473] - 1
[INFO ][2015-11-12 11:22:33,412][com.java.TestType] [  468] -  str(2) = 4
[INFO ][2015-11-12 11:22:33,412][com.java.TestType] [  520] - row values are--------{1=com.java.Objects.TestDataDetails@1e33742, 2=com.java.Objects.TestDataDetails@879daa, 3=com.java.Objects.TestDataDetails@4406b8, 4=com.java.Objects.TestDataDetails@1313905}
[INFO ][2015-11-12 11:22:33,412][com.java.TestType] [  468] -  str(1) = 1
[INFO ][2015-11-12 11:22:33,412][com.java.TestType] [  471] - Test case Id is---1
[INFO ][2015-11-12 11:22:33,412][com.java.TestType] [  473] - 1
[INFO ][2015-11-12 11:22:33,412][com.java.TestType] [  468] -  str(2) = 5
[INFO ][2015-11-12 11:22:33,427][com.java.TestType] [  520] - row values are--------{1=com.java.Objects.TestDataDetails@1e33742, 2=com.java.Objects.TestDataDetails@879daa, 3=com.java.Objects.TestDataDetails@4406b8, 4=com.java.Objects.TestDataDetails@1313905, 5=com.java.Objects.TestDataDetails@e0c389}
[INFO ][2015-11-12 11:22:33,427][com.java.TestType] [  468] -  str(1) = 1
[INFO ][2015-11-12 11:22:33,427][com.java.TestType] [  471] - Test case Id is---1
[INFO ][2015-11-12 11:22:33,427][com.java.TestType] [  473] - 1
[INFO ][2015-11-12 11:22:33,427][com.java.TestType] [  468] -  str(2) = 6
[INFO ][2015-11-12 11:22:33,427][com.java.TestType] [  520] - row values are--------{1=com.java.Objects.TestDataDetails@1e33742, 2=com.java.Objects.TestDataDetails@879daa, 3=com.java.Objects.TestDataDetails@4406b8, 4=com.java.Objects.TestDataDetails@1313905, 5=com.java.Objects.TestDataDetails@e0c389, 6=com.java.Objects.TestDataDetails@b4e3a1}
[INFO ][2015-11-12 11:22:33,427][com.java.TestType] [  468] -  str(1) = 1
[INFO ][2015-11-12 11:22:33,427][com.java.TestType] [  471] - Test case Id is---1
[INFO ][2015-11-12 11:22:33,427][com.java.TestType] [  473] - 1
[INFO ][2015-11-12 11:22:33,427][com.java.TestType] [  468] -  str(2) = 7
[INFO ][2015-11-12 11:22:33,427][com.java.TestType] [  520] - row values are--------{1=com.java.Objects.TestDataDetails@1e33742, 2=com.java.Objects.TestDataDetails@879daa, 3=com.java.Objects.TestDataDetails@4406b8, 4=com.java.Objects.TestDataDetails@1313905, 5=com.java.Objects.TestDataDetails@e0c389, 6=com.java.Objects.TestDataDetails@b4e3a1, 7=com.java.Objects.TestDataDetails@1168b43}
[INFO ][2015-11-12 11:22:33,427][com.java.TestType] [  468] -  str(1) = 1
[INFO ][2015-11-12 11:22:33,427][com.java.TestType] [  471] - Test case Id is---1
[INFO ][2015-11-12 11:22:33,427][com.java.TestType] [  473] - 1
[INFO ][2015-11-12 11:22:33,427][com.java.TestType] [  468] -  str(2) = 8
[INFO ][2015-11-12 11:22:33,427][com.java.TestType] [  520] - row values are--------{1=com.java.Objects.TestDataDetails@1e33742, 2=com.java.Objects.TestDataDetails@879daa, 3=com.java.Objects.TestDataDetails@4406b8, 4=com.java.Objects.TestDataDetails@1313905, 5=com.java.Objects.TestDataDetails@e0c389, 6=com.java.Objects.TestDataDetails@b4e3a1, 7=com.java.Objects.TestDataDetails@1168b43, 8=com.java.Objects.TestDataDetails@1011e14}
[INFO ][2015-11-12 11:22:33,427][com.java.TestType] [  468] -  str(1) = 1
[INFO ][2015-11-12 11:22:33,427][com.java.TestType] [  471] - Test case Id is---1
[INFO ][2015-11-12 11:22:33,427][com.java.TestType] [  473] - 1
[INFO ][2015-11-12 11:22:33,427][com.java.TestType] [  468] -  str(2) = 9
[INFO ][2015-11-12 11:22:33,427][com.java.TestType] [  520] - row values are--------{1=com.java.Objects.TestDataDetails@1e33742, 2=com.java.Objects.TestDataDetails@879daa, 3=com.java.Objects.TestDataDetails@4406b8, 4=com.java.Objects.TestDataDetails@1313905, 5=com.java.Objects.TestDataDetails@e0c389, 6=com.java.Objects.TestDataDetails@b4e3a1, 7=com.java.Objects.TestDataDetails@1168b43, 8=com.java.Objects.TestDataDetails@1011e14, 9=com.java.Objects.TestDataDetails@10325a9}
[INFO ][2015-11-12 11:22:33,427][com.java.TestType] [  468] -  str(1) = 1
[INFO ][2015-11-12 11:22:33,427][com.java.TestType] [  471] - Test case Id is---1
[INFO ][2015-11-12 11:22:33,427][com.java.TestType] [  473] - 1
[INFO ][2015-11-12 11:22:33,427][com.java.TestType] [  468] -  str(2) = 10
[INFO ][2015-11-12 11:22:33,427][com.java.TestType] [  520] - row values are--------{1=com.java.Objects.TestDataDetails@1e33742, 2=com.java.Objects.TestDataDetails@879daa, 3=com.java.Objects.TestDataDetails@4406b8, 4=com.java.Objects.TestDataDetails@1313905, 5=com.java.Objects.TestDataDetails@e0c389, 6=com.java.Objects.TestDataDetails@b4e3a1, 7=com.java.Objects.TestDataDetails@1168b43, 8=com.java.Objects.TestDataDetails@1011e14, 9=com.java.Objects.TestDataDetails@10325a9, 10=com.java.Objects.TestDataDetails@1ebc153}
[INFO ][2015-11-12 11:22:33,427][com.java.TestType] [  468] -  str(1) = 1
[INFO ][2015-11-12 11:22:33,427][com.java.TestType] [  471] - Test case Id is---1
[INFO ][2015-11-12 11:22:33,427][com.java.TestType] [  473] - 1
[INFO ][2015-11-12 11:22:33,427][com.java.TestType] [  468] -  str(2) = 11
[INFO ][2015-11-12 11:22:33,427][com.java.TestType] [  520] - row values are--------{1=com.java.Objects.TestDataDetails@1e33742, 2=com.java.Objects.TestDataDetails@879daa, 3=com.java.Objects.TestDataDetails@4406b8, 4=com.java.Objects.TestDataDetails@1313905, 5=com.java.Objects.TestDataDetails@e0c389, 6=com.java.Objects.TestDataDetails@b4e3a1, 7=com.java.Objects.TestDataDetails@1168b43, 8=com.java.Objects.TestDataDetails@1011e14, 9=com.java.Objects.TestDataDetails@10325a9, 10=com.java.Objects.TestDataDetails@1ebc153, 11=com.java.Objects.TestDataDetails@509a05}
[INFO ][2015-11-12 11:22:33,427][com.java.TestType] [  468] -  str(1) = 1
[INFO ][2015-11-12 11:22:33,427][com.java.TestType] [  471] - Test case Id is---1
[INFO ][2015-11-12 11:22:33,427][com.java.TestType] [  473] - 1
[INFO ][2015-11-12 11:22:33,427][com.java.TestType] [  468] -  str(2) = 12
[INFO ][2015-11-12 11:22:33,427][com.java.TestType] [  520] - row values are--------{1=com.java.Objects.TestDataDetails@1e33742, 2=com.java.Objects.TestDataDetails@879daa, 3=com.java.Objects.TestDataDetails@4406b8, 4=com.java.Objects.TestDataDetails@1313905, 5=com.java.Objects.TestDataDetails@e0c389, 6=com.java.Objects.TestDataDetails@b4e3a1, 7=com.java.Objects.TestDataDetails@1168b43, 8=com.java.Objects.TestDataDetails@1011e14, 9=com.java.Objects.TestDataDetails@10325a9, 10=com.java.Objects.TestDataDetails@1ebc153, 11=com.java.Objects.TestDataDetails@509a05, 12=com.java.Objects.TestDataDetails@f44dd0}
[INFO ][2015-11-12 11:22:33,427][com.java.TestType] [  468] -  str(1) = 1
[INFO ][2015-11-12 11:22:33,427][com.java.TestType] [  471] - Test case Id is---1
[INFO ][2015-11-12 11:22:33,427][com.java.TestType] [  473] - 1
[INFO ][2015-11-12 11:22:33,427][com.java.TestType] [  468] -  str(2) = 13
[INFO ][2015-11-12 11:22:33,427][com.java.TestType] [  520] - row values are--------{1=com.java.Objects.TestDataDetails@1e33742, 2=com.java.Objects.TestDataDetails@879daa, 3=com.java.Objects.TestDataDetails@4406b8, 4=com.java.Objects.TestDataDetails@1313905, 5=com.java.Objects.TestDataDetails@e0c389, 6=com.java.Objects.TestDataDetails@b4e3a1, 7=com.java.Objects.TestDataDetails@1168b43, 8=com.java.Objects.TestDataDetails@1011e14, 9=com.java.Objects.TestDataDetails@10325a9, 10=com.java.Objects.TestDataDetails@1ebc153, 11=com.java.Objects.TestDataDetails@509a05, 12=com.java.Objects.TestDataDetails@f44dd0, 13=com.java.Objects.TestDataDetails@ebf121}
[INFO ][2015-11-12 11:22:33,427][com.java.TestType] [  468] -  str(1) = 1
[INFO ][2015-11-12 11:22:33,427][com.java.TestType] [  471] - Test case Id is---1
[INFO ][2015-11-12 11:22:33,427][com.java.TestType] [  473] - 1
[INFO ][2015-11-12 11:22:33,427][com.java.TestType] [  468] -  str(2) = 14
[INFO ][2015-11-12 11:22:33,427][com.java.TestType] [  520] - row values are--------{1=com.java.Objects.TestDataDetails@1e33742, 2=com.java.Objects.TestDataDetails@879daa, 3=com.java.Objects.TestDataDetails@4406b8, 4=com.java.Objects.TestDataDetails@1313905, 5=com.java.Objects.TestDataDetails@e0c389, 6=com.java.Objects.TestDataDetails@b4e3a1, 7=com.java.Objects.TestDataDetails@1168b43, 8=com.java.Objects.TestDataDetails@1011e14, 9=com.java.Objects.TestDataDetails@10325a9, 10=com.java.Objects.TestDataDetails@1ebc153, 11=com.java.Objects.TestDataDetails@509a05, 12=com.java.Objects.TestDataDetails@f44dd0, 13=com.java.Objects.TestDataDetails@ebf121, 14=com.java.Objects.TestDataDetails@1cee582}
[INFO ][2015-11-12 11:22:33,427][com.java.TestType] [ 8350] - Looping 1TCID = 1
[DEBUG][2015-11-12 11:22:33,427][com.java.TestType] [ 8391] - Concept ID:1 :: Step being Executed: 1::1
[INFO ][2015-11-12 11:22:33,427][com.java.TestType] [ 8429] - dataFields : TXTusername
[DEBUG][2015-11-12 11:22:33,427][com.java.TestType] [ 8435] - <In Set values of the page>
[DEBUG][2015-11-12 11:22:33,427][com.java.TestType] [ 8440] - {Data Fields & Data Values Exist}
[INFO ][2015-11-12 11:22:33,427][com.java.TestType] [ 8446] - --------------------------setting values-----------------------------
[INFO ][2015-11-12 11:22:33,427][com.java.TestType] [ 8449] - Action Type : CLEARANDENTER
[INFO ][2015-11-12 11:22:33,427][com.java.TestType] [ 4140] - value = naresh.nayini.00000
[INFO ][2015-11-12 11:22:38,387][com.java.TestType] [ 8468] -  RESULT true
[INFO ][2015-11-12 11:22:38,387][com.java.TestType] [ 8585] - ?   P A S S   ?
[DEBUG][2015-11-12 11:22:38,403][com.java.TestType] [ 8391] - Concept ID:1 :: Step being Executed: 1::2
[INFO ][2015-11-12 11:22:38,403][com.java.TestType] [ 8429] - dataFields : TXTpassword
[DEBUG][2015-11-12 11:22:38,403][com.java.TestType] [ 8435] - <In Set values of the page>
[DEBUG][2015-11-12 11:22:38,403][com.java.TestType] [ 8440] - {Data Fields & Data Values Exist}
[INFO ][2015-11-12 11:22:38,403][com.java.TestType] [ 8446] - --------------------------setting values-----------------------------
[INFO ][2015-11-12 11:22:38,403][com.java.TestType] [ 8449] - Action Type : CLEARANDENTER
[INFO ][2015-11-12 11:22:38,403][com.java.TestType] [ 4140] - value = Password1*
[INFO ][2015-11-12 11:22:43,510][com.java.TestType] [ 8468] -  RESULT true
[INFO ][2015-11-12 11:22:43,510][com.java.TestType] [ 8585] - ?   P A S S   ?
[DEBUG][2015-11-12 11:22:43,510][com.java.TestType] [ 8391] - Concept ID:1 :: Step being Executed: 1::3
[ERROR][2015-11-12 11:22:43,510][com.java.TestType] [ 8424] - Exception: null
[INFO ][2015-11-12 11:22:43,510][com.java.TestType] [ 8429] - dataFields : XPH//button[@type='submit']
[DEBUG][2015-11-12 11:22:43,510][com.java.TestType] [ 8435] - <In Set values of the page>
[DEBUG][2015-11-12 11:22:43,510][com.java.TestType] [ 8440] - {Data Fields & Data Values Exist}
[INFO ][2015-11-12 11:22:43,510][com.java.TestType] [ 8446] - --------------------------setting values-----------------------------
[INFO ][2015-11-12 11:22:43,510][com.java.TestType] [ 8449] - Action Type : Click
[INFO ][2015-11-12 11:22:43,510][com.java.TestType] [ 4453] - Field ::XPH//button[@type='submit']
[INFO ][2015-11-12 11:22:44,524][com.java.TestType] [ 4512] - BEFORE CLICK
[INFO ][2015-11-12 11:22:45,432][com.java.TestType] [ 4520] - Unable to click the object Login
[INFO ][2015-11-12 11:22:45,432][com.java.TestType] [ 8468] -  RESULT true
[INFO ][2015-11-12 11:22:45,432][com.java.TestType] [ 8585] - ?   P A S S   ?
[DEBUG][2015-11-12 11:22:45,432][com.java.TestType] [ 8391] - Concept ID:1 :: Step being Executed: 1::4
[INFO ][2015-11-12 11:22:45,432][com.java.TestType] [ 8429] - dataFields : LNKLogout
[DEBUG][2015-11-12 11:22:45,432][com.java.TestType] [ 8435] - <In Set values of the page>
[DEBUG][2015-11-12 11:22:45,432][com.java.TestType] [ 8440] - {Data Fields & Data Values Exist}
[INFO ][2015-11-12 11:22:45,432][com.java.TestType] [ 8446] - --------------------------setting values-----------------------------
[INFO ][2015-11-12 11:22:45,432][com.java.TestType] [ 8449] - Action Type : WaitForElement
[INFO ][2015-11-12 11:22:50,996][com.java.TestType] [ 8468] -  RESULT true
[INFO ][2015-11-12 11:22:50,996][com.java.TestType] [ 8585] - ?   P A S S   ?
[DEBUG][2015-11-12 11:22:50,996][com.java.TestType] [ 8391] - Concept ID:1 :: Step being Executed: 1::13
[INFO ][2015-11-12 11:22:50,996][com.java.TestType] [ 8429] - dataFields : LNK
[DEBUG][2015-11-12 11:22:50,996][com.java.TestType] [ 8435] - <In Set values of the page>
[DEBUG][2015-11-12 11:22:50,997][com.java.TestType] [ 8440] - {Data Fields & Data Values Exist}
[INFO ][2015-11-12 11:22:50,997][com.java.TestType] [ 8446] - --------------------------setting values-----------------------------
[INFO ][2015-11-12 11:22:50,997][com.java.TestType] [ 8449] - Action Type : Verify
[INFO ][2015-11-12 11:22:50,997][com.java.TestType] [ 5247] - field= LNK value= Logout
[INFO ][2015-11-12 11:22:50,997][com.java.TestType] [ 4140] - value = Logout
[INFO ][2015-11-12 11:22:51,044][com.java.TestType] [ 8468] -  RESULT true
[INFO ][2015-11-12 11:22:51,044][com.java.TestType] [ 8585] - ?   P A S S   ?
[DEBUG][2015-11-12 11:22:51,044][com.java.TestType] [ 8391] - Concept ID:1 :: Step being Executed: 1::14
[INFO ][2015-11-12 11:22:51,044][com.java.TestType] [ 8429] - dataFields : BTN
[DEBUG][2015-11-12 11:22:51,044][com.java.TestType] [ 8435] - <In Set values of the page>
[DEBUG][2015-11-12 11:22:51,044][com.java.TestType] [ 8440] - {Data Fields & Data Values Exist}
[INFO ][2015-11-12 11:22:51,044][com.java.TestType] [ 8446] - --------------------------setting values-----------------------------
[INFO ][2015-11-12 11:22:51,044][com.java.TestType] [ 8449] - Action Type : Verify
[INFO ][2015-11-12 11:22:51,044][com.java.TestType] [ 5247] - field= BTN value= //img[contains(@src,'bdlogo.jpg')]
[INFO ][2015-11-12 11:22:51,044][com.java.TestType] [ 4140] - value = //img[contains(@src,'bdlogo.jpg')]
[INFO ][2015-11-12 11:22:51,075][com.java.TestType] [ 8468] -  RESULT true
[INFO ][2015-11-12 11:22:51,075][com.java.TestType] [ 8585] - ?   P A S S   ?
[INFO ][2015-11-12 11:22:51,075][com.java.TestType] [ 8656] - Looping End......
[INFO ][2015-11-12 11:22:51,075][com.java.SeleniumDriver] [  869] -  RESULT true
[INFO ][2015-11-12 11:22:51,075][com.java.SeleniumDriver] [ 1074] - ?   P A S S   ?
[INFO ][2015-11-12 11:22:51,075][com.java.SeleniumDriver] [  796] - ------------------------------------------
[INFO ][2015-11-12 11:22:51,075][com.java.SeleniumDriver] [  797] - Test case being Executed: 1
[INFO ][2015-11-12 11:22:51,075][com.java.SeleniumDriver] [  808] - Test step:2
[INFO ][2015-11-12 11:22:51,075][com.java.SeleniumDriver] [  820] - Datavalue is----------Concept#2:1-2
[INFO ][2015-11-12 11:22:51,075][com.java.SeleniumDriver] [  844] - DataField : test
[INFO ][2015-11-12 11:22:51,075][com.java.SeleniumDriver] [  846] - DataValue : Concept#2:1-2
[INFO ][2015-11-12 11:22:51,075][com.java.SeleniumDriver] [  852] - <In Set values of the page>
[INFO ][2015-11-12 11:22:51,075][com.java.SeleniumDriver] [  855] - {Data Fields & Data Values Exist}
[INFO ][2015-11-12 11:22:51,075][com.java.SeleniumDriver] [  857] - --------------------------setting values-----------------------------
[INFO ][2015-11-12 11:22:51,075][com.java.SeleniumDriver] [  860] - Action Type : ExecuteTestCase
[INFO ][2015-11-12 11:22:51,075][com.java.TestType] [  423] - The Concept sheet name is ---------- Concept
[INFO ][2015-11-12 11:22:51,075][com.java.TestType] [  426] - The Concept ID  is ---------- 2
[DEBUG][2015-11-12 11:22:51,075][com.java.TestType] [  430] - Steps being executted in the Concept are: 1:2
[INFO ][2015-11-12 11:22:51,075][com.java.TestType] [  437] - Test data details path ---------- D:\BankersDashboard\TestInputs\TestData.xls
[INFO ][2015-11-12 11:22:51,106][com.java.TestType] [  468] -  str(1) = 2
[INFO ][2015-11-12 11:22:51,106][com.java.TestType] [  471] - Test case Id is---2
[INFO ][2015-11-12 11:22:51,106][com.java.TestType] [  473] - 2
[INFO ][2015-11-12 11:22:51,106][com.java.TestType] [  468] -  str(2) = 1
[INFO ][2015-11-12 11:22:51,106][com.java.TestType] [  520] - row values are--------{1=com.java.Objects.TestDataDetails@1c85130}
[INFO ][2015-11-12 11:22:51,106][com.java.TestType] [  468] -  str(1) = 2
[INFO ][2015-11-12 11:22:51,106][com.java.TestType] [  471] - Test case Id is---2
[INFO ][2015-11-12 11:22:51,106][com.java.TestType] [  473] - 2
[INFO ][2015-11-12 11:22:51,106][com.java.TestType] [  468] -  str(2) = 2
[INFO ][2015-11-12 11:22:51,106][com.java.TestType] [  520] - row values are--------{1=com.java.Objects.TestDataDetails@1c85130, 2=com.java.Objects.TestDataDetails@147b78e}
[INFO ][2015-11-12 11:22:51,106][com.java.TestType] [  468] -  str(1) = 2
[INFO ][2015-11-12 11:22:51,106][com.java.TestType] [  471] - Test case Id is---2
[INFO ][2015-11-12 11:22:51,106][com.java.TestType] [  473] - 2
[INFO ][2015-11-12 11:22:51,106][com.java.TestType] [  468] -  str(2) = 3
[INFO ][2015-11-12 11:22:51,106][com.java.TestType] [  520] - row values are--------{1=com.java.Objects.TestDataDetails@1c85130, 2=com.java.Objects.TestDataDetails@147b78e, 3=com.java.Objects.TestDataDetails@14266e5}
[INFO ][2015-11-12 11:22:51,106][com.java.TestType] [ 8350] - Looping 1TCID = 2
[DEBUG][2015-11-12 11:22:51,106][com.java.TestType] [ 8391] - Concept ID:2 :: Step being Executed: 2::1
[INFO ][2015-11-12 11:22:51,106][com.java.TestType] [ 8429] - dataFields : BNK//select[@id='bank']
[DEBUG][2015-11-12 11:22:51,106][com.java.TestType] [ 8435] - <In Set values of the page>
[DEBUG][2015-11-12 11:22:51,106][com.java.TestType] [ 8440] - {Data Fields & Data Values Exist}
[INFO ][2015-11-12 11:22:51,106][com.java.TestType] [ 8446] - --------------------------setting values-----------------------------
[INFO ][2015-11-12 11:22:51,106][com.java.TestType] [ 8449] - Action Type : Select
[INFO ][2015-11-12 11:22:51,106][com.java.TestType] [ 4140] - value = PFC
[INFO ][2015-11-12 11:22:51,278][com.java.TestType] [ 8468] -  RESULT true
[INFO ][2015-11-12 11:22:51,278][com.java.TestType] [ 8585] - ?   P A S S   ?
[DEBUG][2015-11-12 11:22:51,278][com.java.TestType] [ 8391] - Concept ID:2 :: Step being Executed: 2::2
[INFO ][2015-11-12 11:22:51,278][com.java.TestType] [ 8429] - dataFields : LNKLogout
[DEBUG][2015-11-12 11:22:51,278][com.java.TestType] [ 8435] - <In Set values of the page>
[DEBUG][2015-11-12 11:22:51,278][com.java.TestType] [ 8440] - {Data Fields & Data Values Exist}
[INFO ][2015-11-12 11:22:51,278][com.java.TestType] [ 8446] - --------------------------setting values-----------------------------
[INFO ][2015-11-12 11:22:51,278][com.java.TestType] [ 8449] - Action Type : WaitTime
[DEBUG][2015-11-12 11:22:51,278][com.java.TestType] [ 3975] - sleepTime: 5000
[INFO ][2015-11-12 11:22:56,284][com.java.TestType] [ 8468] -  RESULT true
[INFO ][2015-11-12 11:22:56,284][com.java.TestType] [ 8585] - ?   P A S S   ?
[INFO ][2015-11-12 11:22:56,284][com.java.TestType] [ 8656] - Looping End......
[INFO ][2015-11-12 11:22:56,284][com.java.SeleniumDriver] [  869] -  RESULT true
[INFO ][2015-11-12 11:22:56,284][com.java.SeleniumDriver] [ 1074] - ?   P A S S   ?
[INFO ][2015-11-12 11:22:56,284][com.java.SeleniumDriver] [  796] - ------------------------------------------
[INFO ][2015-11-12 11:22:56,284][com.java.SeleniumDriver] [  797] - Test case being Executed: 1
[INFO ][2015-11-12 11:22:56,284][com.java.SeleniumDriver] [  808] - Test step:3
[INFO ][2015-11-12 11:22:56,284][com.java.SeleniumDriver] [  820] - Datavalue is----------2
[INFO ][2015-11-12 11:22:56,284][com.java.SeleniumDriver] [  844] - DataField : XPH//button[contains(text(),'Add Content')]
[INFO ][2015-11-12 11:22:56,284][com.java.SeleniumDriver] [  846] - DataValue : 2
[INFO ][2015-11-12 11:22:56,284][com.java.SeleniumDriver] [  852] - <In Set values of the page>
[INFO ][2015-11-12 11:22:56,284][com.java.SeleniumDriver] [  855] - {Data Fields & Data Values Exist}
[INFO ][2015-11-12 11:22:56,284][com.java.SeleniumDriver] [  857] - --------------------------setting values-----------------------------
[INFO ][2015-11-12 11:22:56,284][com.java.SeleniumDriver] [  860] - Action Type : WAITFORELEMENT
[INFO ][2015-11-12 11:22:56,332][com.java.SeleniumDriver] [  869] -  RESULT true
[INFO ][2015-11-12 11:22:56,332][com.java.SeleniumDriver] [ 1074] - ?   P A S S   ?
[DEBUG][2015-11-12 11:22:56,332][com.java.SeleniumDriver] [ 1176] - Case found
[DEBUG][2015-11-12 11:22:56,332][com.java.SeleniumDriver] [ 1181] - Incrementing ReportCounters[0]:1
[INFO ][2015-11-12 11:22:56,332][com.java.SeleniumDriver] [ 1200] - The results are-------------------[1, 1, Valid Login, Pass, , Thu Nov 12 11:22:51 IST 2015, 1, 2, Valid Login, Pass, , Thu Nov 12 11:22:56 IST 2015, 1, 3, Valid Login, Pass, , Thu Nov 12 11:22:56 IST 2015]
[INFO ][2015-11-12 11:22:56,332][com.java.SeleniumDriver] [ 1204] - End time is-------38 sec
[INFO ][2015-11-12 11:22:56,332][com.java.SeleniumDriver] [ 1205] - The results are-------------------[1, 1, Valid Login, Pass, , Thu Nov 12 11:22:51 IST 2015, 1, 2, Valid Login, Pass, , Thu Nov 12 11:22:56 IST 2015, 1, 3, Valid Login, Pass, , Thu Nov 12 11:22:56 IST 2015]
[DEBUG][2015-11-12 11:22:56,332][com.java.ImportnExport.ExportTestResultsExcel] [  222] - testResultPath = D:\BankersDashboard/TestReports/Test Results_BankersDashBoard_111215_112219_IE11_Any Bank USA.xls
[DEBUG][2015-11-12 11:22:56,332][com.java.ImportnExport.ExportTestResultsExcel] [  223] - browser is------------IE11
[DEBUG][2015-11-12 11:22:56,394][com.java.ImportnExport.ExportTestResultsExcel] [  270] - result.size() = 18
[DEBUG][2015-11-12 11:22:56,394][com.java.ImportnExport.ExportTestResultsExcel] [  274] - No of rows in sheet=1
[DEBUG][2015-11-12 11:22:56,394][com.java.ImportnExport.ExportTestResultsExcel] [  301] - ..in export..1
[DEBUG][2015-11-12 11:22:56,394][com.java.ImportnExport.ExportTestResultsExcel] [  301] - ..in export..Valid Login
[DEBUG][2015-11-12 11:22:56,394][com.java.ImportnExport.ExportTestResultsExcel] [  301] - ..in export..Pass
[DEBUG][2015-11-12 11:22:56,394][com.java.ImportnExport.ExportTestResultsExcel] [  301] - ..in export..
[DEBUG][2015-11-12 11:22:56,394][com.java.ImportnExport.ExportTestResultsExcel] [  301] - ..in export..Thu Nov 12 11:22:51 IST 2015
[INFO ][2015-11-12 11:22:56,394][com.java.SeleniumDriver] [ 1263] - out loop:0 size:2 TestCases:[1, 3] testcases:[1, 3]
[INFO ][2015-11-12 11:22:56,394][com.java.ImportnExport.ImportTestDataDetailsExcel] [   49] - test data details path===== D:\BankersDashboard\TestInputs\TestData.xls
[INFO ][2015-11-12 11:23:20,775][com.java.SeleniumDriver] [  796] - ------------------------------------------
[INFO ][2015-11-12 11:23:20,775][com.java.SeleniumDriver] [  797] - Test case being Executed: 3
[INFO ][2015-11-12 11:23:20,775][com.java.SeleniumDriver] [  808] - Test step:1
[INFO ][2015-11-12 11:23:20,775][com.java.SeleniumDriver] [  820] - Datavalue is----------Logout
[INFO ][2015-11-12 11:23:20,775][com.java.SeleniumDriver] [  844] - DataField : BTN
[INFO ][2015-11-12 11:23:20,775][com.java.SeleniumDriver] [  846] - DataValue : Logout
[INFO ][2015-11-12 11:23:20,775][com.java.SeleniumDriver] [  852] - <In Set values of the page>
[INFO ][2015-11-12 11:23:20,775][com.java.SeleniumDriver] [  855] - {Data Fields & Data Values Exist}
[INFO ][2015-11-12 11:23:20,775][com.java.SeleniumDriver] [  857] - --------------------------setting values-----------------------------
[INFO ][2015-11-12 11:23:20,775][com.java.SeleniumDriver] [  860] - Action Type : Verify
[INFO ][2015-11-12 11:23:20,775][com.java.TestType] [ 5247] - field= BTN value= Logout
[INFO ][2015-11-12 11:23:20,775][com.java.TestType] [ 4140] - value = Logout
[INFO ][2015-11-12 11:23:20,807][com.java.SeleniumDriver] [  869] -  RESULT true
[INFO ][2015-11-12 11:23:20,807][com.java.SeleniumDriver] [ 1074] - ?   P A S S   ?
[INFO ][2015-11-12 11:23:20,807][com.java.SeleniumDriver] [ 1116] - step change to 3
[INFO ][2015-11-12 11:23:20,807][com.java.SeleniumDriver] [  796] - ------------------------------------------
[INFO ][2015-11-12 11:23:20,807][com.java.SeleniumDriver] [  797] - Test case being Executed: 3
[INFO ][2015-11-12 11:23:20,807][com.java.SeleniumDriver] [  808] - Test step:3
[INFO ][2015-11-12 11:23:20,807][com.java.SeleniumDriver] [  820] - Datavalue is----------Concept#2:1-2
[INFO ][2015-11-12 11:23:20,807][com.java.SeleniumDriver] [  844] - DataField : test
[INFO ][2015-11-12 11:23:20,807][com.java.SeleniumDriver] [  846] - DataValue : Concept#2:1-2
[INFO ][2015-11-12 11:23:20,807][com.java.SeleniumDriver] [  852] - <In Set values of the page>
[INFO ][2015-11-12 11:23:20,807][com.java.SeleniumDriver] [  855] - {Data Fields & Data Values Exist}
[INFO ][2015-11-12 11:23:20,807][com.java.SeleniumDriver] [  857] - --------------------------setting values-----------------------------
[INFO ][2015-11-12 11:23:20,807][com.java.SeleniumDriver] [  860] - Action Type : ExecuteTestCase
[INFO ][2015-11-12 11:23:20,807][com.java.TestType] [  423] - The Concept sheet name is ---------- Concept
[INFO ][2015-11-12 11:23:20,807][com.java.TestType] [  426] - The Concept ID  is ---------- 2
[DEBUG][2015-11-12 11:23:20,807][com.java.TestType] [  430] - Steps being executted in the Concept are: 1:2
[INFO ][2015-11-12 11:23:20,807][com.java.TestType] [  437] - Test data details path ---------- D:\BankersDashboard\TestInputs\TestData.xls
[INFO ][2015-11-12 11:23:20,822][com.java.TestType] [  468] -  str(1) = 2
[INFO ][2015-11-12 11:23:20,822][com.java.TestType] [  471] - Test case Id is---2
[INFO ][2015-11-12 11:23:20,838][com.java.TestType] [  473] - 2
[INFO ][2015-11-12 11:23:20,838][com.java.TestType] [  468] -  str(2) = 1
[INFO ][2015-11-12 11:23:20,838][com.java.TestType] [  520] - row values are--------{1=com.java.Objects.TestDataDetails@1f17969}
[INFO ][2015-11-12 11:23:20,838][com.java.TestType] [  468] -  str(1) = 2
[INFO ][2015-11-12 11:23:20,838][com.java.TestType] [  471] - Test case Id is---2
[INFO ][2015-11-12 11:23:20,838][com.java.TestType] [  473] - 2
[INFO ][2015-11-12 11:23:20,838][com.java.TestType] [  468] -  str(2) = 2
[INFO ][2015-11-12 11:23:20,838][com.java.TestType] [  520] - row values are--------{1=com.java.Objects.TestDataDetails@1f17969, 2=com.java.Objects.TestDataDetails@1b2c2fd}
[INFO ][2015-11-12 11:23:20,838][com.java.TestType] [  468] -  str(1) = 2
[INFO ][2015-11-12 11:23:20,838][com.java.TestType] [  471] - Test case Id is---2
[INFO ][2015-11-12 11:23:20,838][com.java.TestType] [  473] - 2
[INFO ][2015-11-12 11:23:20,838][com.java.TestType] [  468] -  str(2) = 3
[INFO ][2015-11-12 11:23:20,838][com.java.TestType] [  520] - row values are--------{1=com.java.Objects.TestDataDetails@1f17969, 2=com.java.Objects.TestDataDetails@1b2c2fd, 3=com.java.Objects.TestDataDetails@1854254}
[INFO ][2015-11-12 11:23:20,838][com.java.TestType] [ 8350] - Looping 1TCID = 2
[DEBUG][2015-11-12 11:23:20,838][com.java.TestType] [ 8391] - Concept ID:2 :: Step being Executed: 2::1
[INFO ][2015-11-12 11:23:20,838][com.java.TestType] [ 8429] - dataFields : BNK//select[@id='bank']
[DEBUG][2015-11-12 11:23:20,838][com.java.TestType] [ 8435] - <In Set values of the page>
[DEBUG][2015-11-12 11:23:20,838][com.java.TestType] [ 8440] - {Data Fields & Data Values Exist}
[INFO ][2015-11-12 11:23:20,838][com.java.TestType] [ 8446] - --------------------------setting values-----------------------------
[INFO ][2015-11-12 11:23:20,838][com.java.TestType] [ 8449] - Action Type : Select
[INFO ][2015-11-12 11:23:20,838][com.java.TestType] [ 4140] - value = PFC
[INFO ][2015-11-12 11:23:21,025][com.java.TestType] [ 8468] -  RESULT true
[INFO ][2015-11-12 11:23:21,025][com.java.TestType] [ 8585] - ?   P A S S   ?
[DEBUG][2015-11-12 11:23:21,025][com.java.TestType] [ 8391] - Concept ID:2 :: Step being Executed: 2::2
[INFO ][2015-11-12 11:23:21,025][com.java.TestType] [ 8429] - dataFields : LNKLogout
[DEBUG][2015-11-12 11:23:21,025][com.java.TestType] [ 8435] - <In Set values of the page>
[DEBUG][2015-11-12 11:23:21,025][com.java.TestType] [ 8440] - {Data Fields & Data Values Exist}
[INFO ][2015-11-12 11:23:21,025][com.java.TestType] [ 8446] - --------------------------setting values-----------------------------
[INFO ][2015-11-12 11:23:21,025][com.java.TestType] [ 8449] - Action Type : WaitTime
[DEBUG][2015-11-12 11:23:21,025][com.java.TestType] [ 3975] - sleepTime: 5000
[INFO ][2015-11-12 11:23:26,033][com.java.TestType] [ 8468] -  RESULT true
[INFO ][2015-11-12 11:23:26,033][com.java.TestType] [ 8585] - ?   P A S S   ?
[INFO ][2015-11-12 11:23:26,033][com.java.TestType] [ 8656] - Looping End......
[INFO ][2015-11-12 11:23:26,033][com.java.SeleniumDriver] [  869] -  RESULT true
[INFO ][2015-11-12 11:23:26,033][com.java.SeleniumDriver] [ 1074] - ?   P A S S   ?
[INFO ][2015-11-12 11:23:26,033][com.java.SeleniumDriver] [  796] - ------------------------------------------
[INFO ][2015-11-12 11:23:26,033][com.java.SeleniumDriver] [  797] - Test case being Executed: 3
[INFO ][2015-11-12 11:23:26,033][com.java.SeleniumDriver] [  808] - Test step:4
[INFO ][2015-11-12 11:23:26,033][com.java.SeleniumDriver] [  820] - Datavalue is----------2
[INFO ][2015-11-12 11:23:26,033][com.java.SeleniumDriver] [  844] - DataField : BTNG/L
[INFO ][2015-11-12 11:23:26,033][com.java.SeleniumDriver] [  846] - DataValue : 2
[INFO ][2015-11-12 11:23:26,033][com.java.SeleniumDriver] [  852] - <In Set values of the page>
[INFO ][2015-11-12 11:23:26,033][com.java.SeleniumDriver] [  855] - {Data Fields & Data Values Exist}
[INFO ][2015-11-12 11:23:26,033][com.java.SeleniumDriver] [  857] - --------------------------setting values-----------------------------
[INFO ][2015-11-12 11:23:26,033][com.java.SeleniumDriver] [  860] - Action Type : WAITFORELEMENT
[INFO ][2015-11-12 11:23:26,097][com.java.SeleniumDriver] [  869] -  RESULT true
[INFO ][2015-11-12 11:23:26,097][com.java.SeleniumDriver] [ 1074] - ?   P A S S   ?
[INFO ][2015-11-12 11:23:26,097][com.java.SeleniumDriver] [  796] - ------------------------------------------
[INFO ][2015-11-12 11:23:26,097][com.java.SeleniumDriver] [  797] - Test case being Executed: 3
[INFO ][2015-11-12 11:23:26,097][com.java.SeleniumDriver] [  808] - Test step:5
[INFO ][2015-11-12 11:23:26,097][com.java.SeleniumDriver] [  820] - Datavalue is----------null
[DEBUG][2015-11-12 11:23:26,097][com.java.SeleniumDriver] [  838] - Exception: null
[INFO ][2015-11-12 11:23:26,097][com.java.SeleniumDriver] [  844] - DataField : //span[@class="icon-coin"]&&//a[text()='Summaries']&&//a[@data-id="ExecutiveSummary"]
[INFO ][2015-11-12 11:23:26,097][com.java.SeleniumDriver] [  846] - DataValue : 
[INFO ][2015-11-12 11:23:26,097][com.java.SeleniumDriver] [  852] - <In Set values of the page>
[INFO ][2015-11-12 11:23:26,097][com.java.SeleniumDriver] [  855] - {Data Fields & Data Values Exist}
[INFO ][2015-11-12 11:23:26,097][com.java.SeleniumDriver] [  857] - --------------------------setting values-----------------------------
[INFO ][2015-11-12 11:23:26,097][com.java.SeleniumDriver] [  860] - Action Type : MOUSEOVER
[INFO ][2015-11-12 11:23:57,952][com.java.SeleniumDriver] [  869] -  RESULT true
[INFO ][2015-11-12 11:23:57,952][com.java.SeleniumDriver] [ 1074] - ?   P A S S   ?
[INFO ][2015-11-12 11:23:57,952][com.java.SeleniumDriver] [  796] - ------------------------------------------
[INFO ][2015-11-12 11:23:57,952][com.java.SeleniumDriver] [  797] - Test case being Executed: 3
[INFO ][2015-11-12 11:23:57,952][com.java.SeleniumDriver] [  808] - Test step:6
[INFO ][2015-11-12 11:23:57,952][com.java.SeleniumDriver] [  820] - Datavalue is----------3
[INFO ][2015-11-12 11:23:57,952][com.java.SeleniumDriver] [  844] - DataField : XPH//span[contains(text(),'Show Report')]
[INFO ][2015-11-12 11:23:57,952][com.java.SeleniumDriver] [  846] - DataValue : 3
[INFO ][2015-11-12 11:23:57,952][com.java.SeleniumDriver] [  852] - <In Set values of the page>
[INFO ][2015-11-12 11:23:57,952][com.java.SeleniumDriver] [  855] - {Data Fields & Data Values Exist}
[INFO ][2015-11-12 11:23:57,952][com.java.SeleniumDriver] [  857] - --------------------------setting values-----------------------------
[INFO ][2015-11-12 11:23:57,952][com.java.SeleniumDriver] [  860] - Action Type : WAITFORELEMENT
[INFO ][2015-11-12 11:23:57,985][com.java.SeleniumDriver] [  869] -  RESULT true
[INFO ][2015-11-12 11:23:57,985][com.java.SeleniumDriver] [ 1074] - ?   P A S S   ?
[INFO ][2015-11-12 11:23:57,985][com.java.SeleniumDriver] [  796] - ------------------------------------------
[INFO ][2015-11-12 11:23:57,985][com.java.SeleniumDriver] [  797] - Test case being Executed: 3
[INFO ][2015-11-12 11:23:57,985][com.java.SeleniumDriver] [  808] - Test step:7
[INFO ][2015-11-12 11:23:57,985][com.java.SeleniumDriver] [  820] - Datavalue is----------3
[INFO ][2015-11-12 11:23:57,985][com.java.SeleniumDriver] [  844] - DataField : BTNframeDialogContent
[INFO ][2015-11-12 11:23:57,985][com.java.SeleniumDriver] [  846] - DataValue : 3
[INFO ][2015-11-12 11:23:57,985][com.java.SeleniumDriver] [  852] - <In Set values of the page>
[INFO ][2015-11-12 11:23:57,985][com.java.SeleniumDriver] [  855] - {Data Fields & Data Values Exist}
[INFO ][2015-11-12 11:23:57,985][com.java.SeleniumDriver] [  857] - --------------------------setting values-----------------------------
[INFO ][2015-11-12 11:23:57,985][com.java.SeleniumDriver] [  860] - Action Type : WAITFORELEMENT
[INFO ][2015-11-12 11:23:59,217][com.java.SeleniumDriver] [  869] -  RESULT true
[INFO ][2015-11-12 11:23:59,217][com.java.SeleniumDriver] [ 1074] - ?   P A S S   ?
[INFO ][2015-11-12 11:23:59,217][com.java.SeleniumDriver] [  796] - ------------------------------------------
[INFO ][2015-11-12 11:23:59,217][com.java.SeleniumDriver] [  797] - Test case being Executed: 3
[INFO ][2015-11-12 11:23:59,217][com.java.SeleniumDriver] [  808] - Test step:8
[INFO ][2015-11-12 11:23:59,217][com.java.SeleniumDriver] [  820] - Datavalue is----------Executive Summary
[INFO ][2015-11-12 11:23:59,217][com.java.SeleniumDriver] [  844] - DataField : XPH//div[contains(@class,'ui-dialog-titlebar')]/span[@class="ui-dialog-title"]
[INFO ][2015-11-12 11:23:59,217][com.java.SeleniumDriver] [  846] - DataValue : Executive Summary
[INFO ][2015-11-12 11:23:59,217][com.java.SeleniumDriver] [  852] - <In Set values of the page>
[INFO ][2015-11-12 11:23:59,217][com.java.SeleniumDriver] [  855] - {Data Fields & Data Values Exist}
[INFO ][2015-11-12 11:23:59,217][com.java.SeleniumDriver] [  857] - --------------------------setting values-----------------------------
[INFO ][2015-11-12 11:23:59,217][com.java.SeleniumDriver] [  860] - Action Type : VERIFY
[INFO ][2015-11-12 11:23:59,217][com.java.TestType] [ 5247] - field= XPH//div[contains(@class,'ui-dialog-titlebar')]/span[@class="ui-dialog-title"] value= Executive Summary
[INFO ][2015-11-12 11:23:59,217][com.java.TestType] [ 4140] - value = Executive Summary
[ERROR][2015-11-12 11:23:59,312][com.java.TestType] [ 5552] - Element  not found :Executive Summary
[INFO ][2015-11-12 11:23:59,312][com.java.SeleniumDriver] [  869] -  RESULT false
[INFO ][2015-11-12 11:23:59,312][com.java.SeleniumDriver] [  916] - ?   F A I L   ?
[INFO ][2015-11-12 11:23:59,312][com.java.SeleniumDriver] [  924] - Browser Type : IE11
[INFO ][2015-11-12 11:23:59,312][com.java.SeleniumDriver] [  925] - Adding Failed case3
[INFO ][2015-11-12 11:23:59,312][com.java.SeleniumDriver] [  943] - Directory Created
[INFO ][2015-11-12 11:23:59,546][com.java.SeleniumDriver] [ 1038] - failedCases = 3
[ERROR][2015-11-12 11:23:59,546][com.java.SeleniumDriver] [ 1525] - Platform Errors : Our apologies...::We have encountered an issue with your request.::Our apologies?:We encountered an issue with your request.
[INFO ][2015-11-12 11:23:59,546][com.java.SeleniumDriver] [ 1529] - Length =3
[ERROR][2015-11-12 11:23:59,546][com.java.SeleniumDriver] [ 1532] - Error 0 = Our apologies...
[ERROR][2015-11-12 11:23:59,593][com.java.SeleniumDriver] [ 1532] - Error 1 = We have encountered an issue with your request.
[ERROR][2015-11-12 11:23:59,639][com.java.SeleniumDriver] [ 1532] - Error 2 = Our apologies?:We encountered an issue with your request.
[DEBUG][2015-11-12 11:23:59,702][com.java.SeleniumDriver] [ 1176] - Case found
[DEBUG][2015-11-12 11:23:59,702][com.java.SeleniumDriver] [ 1181] - Incrementing ReportCounters[0]:2
[INFO ][2015-11-12 11:23:59,702][com.java.SeleniumDriver] [ 1200] - The results are-------------------[3, 8, GL: Summary: Executive Summary, Fail, 
Test case failed at Step No. :: 8   Error Message ::  Element not found:Executive Summary. Screen Shot : D:\BankersDashboard\TestReports\111215\3_111215_112359_IE11.png, Thu Nov 12 11:23:59 IST 2015]
[INFO ][2015-11-12 11:23:59,702][com.java.SeleniumDriver] [ 1204] - End time is-------1 min 42 sec
[INFO ][2015-11-12 11:23:59,702][com.java.SeleniumDriver] [ 1205] - The results are-------------------[3, 8, GL: Summary: Executive Summary, Fail, 
Test case failed at Step No. :: 8   Error Message ::  Element not found:Executive Summary. Screen Shot : D:\BankersDashboard\TestReports\111215\3_111215_112359_IE11.png, Thu Nov 12 11:23:59 IST 2015]
[DEBUG][2015-11-12 11:23:59,702][com.java.ImportnExport.ExportTestResultsExcel] [  222] - testResultPath = D:\BankersDashboard/TestReports/Test Results_BankersDashBoard_111215_112219_IE11_Any Bank USA.xls
[DEBUG][2015-11-12 11:23:59,702][com.java.ImportnExport.ExportTestResultsExcel] [  223] - browser is------------IE11
[DEBUG][2015-11-12 11:23:59,702][com.java.ImportnExport.ExportTestResultsExcel] [  270] - result.size() = 6
[DEBUG][2015-11-12 11:23:59,702][com.java.ImportnExport.ExportTestResultsExcel] [  274] - No of rows in sheet=2
[DEBUG][2015-11-12 11:23:59,702][com.java.ImportnExport.ExportTestResultsExcel] [  301] - ..in export..3
[DEBUG][2015-11-12 11:23:59,702][com.java.ImportnExport.ExportTestResultsExcel] [  301] - ..in export..GL: Summary: Executive Summary
[DEBUG][2015-11-12 11:23:59,702][com.java.ImportnExport.ExportTestResultsExcel] [  301] - ..in export..Fail
[DEBUG][2015-11-12 11:23:59,702][com.java.ImportnExport.ExportTestResultsExcel] [  301] - ..in export..
Test case failed at Step No. :: 8   Error Message ::  Element not found:Executive Summary. Screen Shot : D:\BankersDashboard\TestReports\111215\3_111215_112359_IE11.png
[DEBUG][2015-11-12 11:23:59,702][com.java.ImportnExport.ExportTestResultsExcel] [  301] - ..in export..Thu Nov 12 11:23:59 IST 2015
[INFO ][2015-11-12 11:23:59,702][com.java.SeleniumDriver] [ 1263] - out loop:1 size:2 TestCases:[1, 3] testcases:[1, 3]
[INFO ][2015-11-12 11:24:01,714][com.java.SeleniumDriver] [ 1306] - Total Number of Cases:2
[INFO ][2015-11-12 11:24:01,714][com.java.TemplateGenerator] [  302] - Executed:2
[INFO ][2015-11-12 11:24:01,714][com.java.TemplateGenerator] [  303] - Passed:1
[INFO ][2015-11-12 11:24:01,714][com.java.TemplateGenerator] [  304] - Failed:1
[INFO ][2015-11-12 11:24:01,714][com.java.TemplateGenerator] [  305] - Skipeed:0
[INFO ][2015-11-12 11:24:01,714][com.java.TemplateGenerator] [  306] - Application URL:https://clients-xuat.bankersdashboard.com
[INFO ][2015-11-12 11:24:01,714][com.java.TemplateGenerator] [  307] - Start Time:111215_112219
[INFO ][2015-11-12 11:24:01,714][com.java.TemplateGenerator] [  308] -  Creating HTML Report 
[ERROR][2015-11-12 11:24:01,714][com.java.TemplateGenerator] [  409] - Unparseable date: "Thu Nov 12 11:22:19 IST 2015"
[INFO ][2015-11-12 11:24:01,714][com.java.TemplateGenerator] [  654] -  Exporting case :: 1
[INFO ][2015-11-12 11:24:01,714][com.java.TemplateGenerator] [  654] -  Exporting case :: 3
[INFO ][2015-11-12 11:24:01,714][com.java.SeleniumDriver] [ 1355] - End Time:111215_112401
[INFO ][2015-11-12 11:24:01,714][com.java.SeleniumDriver] [ 1358] - Data in Test Execution Details:{1=PASS, 3=FAILTest case failed at Step No. :: 8   Error Message ::  Element not found:Executive Summary}
[INFO ][2015-11-12 11:24:01,714][com.java.SeleniumDriver] [ 1359] - Data in Failed Execution Deatils:{}
[INFO ][2015-11-12 11:24:01,714][com.java.SeleniumDriver] [ 1361] - ReportCounter:Total:2 :: PASS: 1 ::FAIL: 1
[INFO ][2015-11-12 11:24:01,714][com.java.SeleniumDriver] [ 1362] - FailedReportCounter:Total:0 :: PASS: 0 ::FAIL: 0
[INFO ][2015-11-12 11:24:01,714][com.java.EmailTestReport] [   63] - Sending report mail details:
[INFO ][2015-11-12 11:24:01,714][com.java.EmailTestReport] [   80] - Excel Report Path:D:\BankersDashboard/TestReports/Test Results_BankersDashBoard_111215_112219_IE11_Any Bank USA.xls
[INFO ][2015-11-12 11:24:01,714][com.java.EmailTestReport] [   81] - HTML Report Path:D:\BankersDashboard//TestReports//Test Results_BankersDashBoard_111215_112219_IE11_Any Bank USA.html
[INFO ][2015-11-12 11:24:01,714][com.java.EmailTestReport] [   82] - smtpHostName:mail01.valuelabs.com
[INFO ][2015-11-12 11:24:01,714][com.java.EmailTestReport] [   83] - Recipient:venkateswararao.gubbala@valuelabs.com;rajendra.mallarapa@valuelabs.com;naresh.nayini@valuelabs.com
[INFO ][2015-11-12 11:24:01,714][com.java.EmailTestReport] [   84] - From:venkateswararao.gubbala@valuelabs.com;rajendra.mallarapa@valuelabs.com;naresh.nayini@valuelabs.com
[INFO ][2015-11-12 11:24:01,714][com.java.EmailTestReport] [   85] - Subject:Deluxe Corp Bankers Dashboard Automation Test Report - Any Bank USA - IE11
[INFO ][2015-11-12 11:24:01,715][com.java.EmailTestReport] [  143] -  Added venkateswararao.gubbala@valuelabs.com
[INFO ][2015-11-12 11:24:01,715][com.java.EmailTestReport] [  143] -  Added rajendra.mallarapa@valuelabs.com
[INFO ][2015-11-12 11:24:01,715][com.java.EmailTestReport] [  143] -  Added naresh.nayini@valuelabs.com
[INFO ][2015-11-12 11:24:05,179][com.java.SeleniumDriver] [  719] - quitting the browser 
[INFO ][2015-11-12 11:24:06,614][com.java.SeleniumDriver] [  263] - Execution Completed Stopping the thread
