[INFO ][2016-02-05 12:26:16,271][com.java.SeleniumDriver] [  213] - Execute Failed Casesfalse
[INFO ][2016-02-05 12:26:16,271][com.java.SeleniumDriver] [  214] - Browser: IE10
[INFO ][2016-02-05 12:26:16,281][com.java.SeleniumDriver] [  215] - [1, 7, 9]
[INFO ][2016-02-05 12:26:16,281][com.java.SeleniumDriver] [  216] - Total TestCases:3
[INFO ][2016-02-05 12:26:16,281][com.java.SeleniumDriver] [  217] -  Reading Properties from Property File 
[DEBUG][2016-02-05 12:26:16,281][com.java.SeleniumDriver] [  238] - url : https://clients-xuat.bankersdashboard.com
[INFO ][2016-02-05 12:26:16,281][com.java.ImportnExport.ExportTestResultsExcel] [  116] - Time Stamp Fri Feb 05 12:26:16 IST 2016
[INFO ][2016-02-05 12:26:16,281][com.java.ImportnExport.ExportTestResultsExcel] [  175] - OUT FILE : D:\BankersDashboard/TestReports/Test Results_BankersDashBoard_020516_122616_IE10_Bank of North Carolina.xls
[INFO ][2016-02-05 12:26:16,312][com.java.ImportnExport.ExportTestResultsExcel] [  180] - Test Result file is created
[DEBUG][2016-02-05 12:26:16,402][com.java.SeleniumDriver] [  426] - Hub ip address is-------172.17.68.34
[INFO ][2016-02-05 12:26:16,402][com.java.SeleniumDriver] [  452] - Grid URL:http://172.17.68.34:4444/wd/hub
[INFO ][2016-02-05 12:26:16,402][com.java.SeleniumDriver] [  453] - Capability:Capabilities [{platform=ANY, ensureCleanSession=true, ignoreProtectedModeSettings=true, acceptSslCerts=true, ignoreZoomSetting=true, browserName=internet explorer, browserstack.ie.noFlash=true, version=null}]
[ERROR][2016-02-05 12:26:17,722][com.java.SeleniumDriver] [  498] - Unable invoke browser in grid:Could not start a new session. Possible causes are invalid address of the remote server or browser start-up failure.
Build info: version: '2.48.2', revision: '41bccdd', time: '2015-10-09 19:59:12'
System info: host: 'FVTIII438F1D', ip: '172.17.68.34', os.name: 'Windows 7', os.arch: 'x86', os.version: '6.1', java.version: '1.7.0_55'
Driver info: driver.version: SeleniumDriver
[INFO ][2016-02-05 12:26:17,722][com.java.SeleniumDriver] [  500] - Executing on local machine
[INFO ][2016-02-05 12:26:30,399][com.java.SeleniumDriver] [  248] - IE10is opened
[INFO ][2016-02-05 12:26:31,219][com.java.SeleniumDriver] [  756] - Test cases to be executed are: [1, 7, 9]
[INFO ][2016-02-05 12:26:31,240][com.java.ImportnExport.ImportTestDataDetailsExcel] [   49] - test data details path===== D:\BankersDashboard\TestInputs\TestData.xls
[INFO ][2016-02-05 12:26:31,320][com.java.SeleniumDriver] [  856] - ------------------------------------------
[INFO ][2016-02-05 12:26:31,320][com.java.SeleniumDriver] [  857] - Test case being Executed: 1
[INFO ][2016-02-05 12:26:31,320][com.java.SeleniumDriver] [  869] - Test step:1
[INFO ][2016-02-05 12:26:31,320][com.java.SeleniumDriver] [  881] - Datavalue is----------Concept#1:1-16
[INFO ][2016-02-05 12:26:31,320][com.java.SeleniumDriver] [  905] - DataField : test
[INFO ][2016-02-05 12:26:31,320][com.java.SeleniumDriver] [  907] - DataValue : Concept#1:1-16
[INFO ][2016-02-05 12:26:31,320][com.java.SeleniumDriver] [  913] - <In Set values of the page>
[INFO ][2016-02-05 12:26:31,320][com.java.SeleniumDriver] [  916] - {Data Fields & Data Values Exist}
[INFO ][2016-02-05 12:26:31,320][com.java.SeleniumDriver] [  918] - --------------------------setting values-----------------------------
[INFO ][2016-02-05 12:26:31,320][com.java.SeleniumDriver] [  921] - Action Type : ExecuteTestCase
[INFO ][2016-02-05 12:26:31,340][com.java.TestType] [  448] - The Concept sheet name is ---------- Concept
[INFO ][2016-02-05 12:26:31,340][com.java.TestType] [  451] - The Concept ID  is ---------- 1
[DEBUG][2016-02-05 12:26:31,340][com.java.TestType] [  455] - Steps being executted in the Concept are: 1:16
[INFO ][2016-02-05 12:26:31,340][com.java.TestType] [  462] - Test data details path ---------- D:\BankersDashboard\TestInputs\TestData.xls
[INFO ][2016-02-05 12:26:31,360][com.java.TestType] [  493] -  str(1) = 1
[INFO ][2016-02-05 12:26:31,360][com.java.TestType] [  496] - Test case Id is---1
[INFO ][2016-02-05 12:26:31,360][com.java.TestType] [  498] - 1
[INFO ][2016-02-05 12:26:31,360][com.java.TestType] [  493] -  str(2) = 1
[INFO ][2016-02-05 12:26:31,360][com.java.TestType] [  493] -  str(1) = 1
[INFO ][2016-02-05 12:26:31,360][com.java.TestType] [  496] - Test case Id is---1
[INFO ][2016-02-05 12:26:31,360][com.java.TestType] [  498] - 1
[INFO ][2016-02-05 12:26:31,360][com.java.TestType] [  493] -  str(2) = 2
[INFO ][2016-02-05 12:26:31,360][com.java.TestType] [  493] -  str(1) = 1
[INFO ][2016-02-05 12:26:31,360][com.java.TestType] [  496] - Test case Id is---1
[INFO ][2016-02-05 12:26:31,360][com.java.TestType] [  498] - 1
[INFO ][2016-02-05 12:26:31,360][com.java.TestType] [  493] -  str(2) = 3
[INFO ][2016-02-05 12:26:31,370][com.java.TestType] [  493] -  str(1) = 1
[INFO ][2016-02-05 12:26:31,370][com.java.TestType] [  496] - Test case Id is---1
[INFO ][2016-02-05 12:26:31,370][com.java.TestType] [  498] - 1
[INFO ][2016-02-05 12:26:31,370][com.java.TestType] [  493] -  str(2) = 4
[INFO ][2016-02-05 12:26:31,370][com.java.TestType] [  493] -  str(1) = 1
[INFO ][2016-02-05 12:26:31,370][com.java.TestType] [  496] - Test case Id is---1
[INFO ][2016-02-05 12:26:31,370][com.java.TestType] [  498] - 1
[INFO ][2016-02-05 12:26:31,370][com.java.TestType] [  493] -  str(2) = 5
[INFO ][2016-02-05 12:26:31,370][com.java.TestType] [  493] -  str(1) = 1
[INFO ][2016-02-05 12:26:31,370][com.java.TestType] [  496] - Test case Id is---1
[INFO ][2016-02-05 12:26:31,370][com.java.TestType] [  498] - 1
[INFO ][2016-02-05 12:26:31,370][com.java.TestType] [  493] -  str(2) = 6
[INFO ][2016-02-05 12:26:31,370][com.java.TestType] [  493] -  str(1) = 1
[INFO ][2016-02-05 12:26:31,370][com.java.TestType] [  496] - Test case Id is---1
[INFO ][2016-02-05 12:26:31,370][com.java.TestType] [  498] - 1
[INFO ][2016-02-05 12:26:31,370][com.java.TestType] [  493] -  str(2) = 7
[INFO ][2016-02-05 12:26:31,370][com.java.TestType] [  493] -  str(1) = 1
[INFO ][2016-02-05 12:26:31,370][com.java.TestType] [  496] - Test case Id is---1
[INFO ][2016-02-05 12:26:31,370][com.java.TestType] [  498] - 1
[INFO ][2016-02-05 12:26:31,370][com.java.TestType] [  493] -  str(2) = 8
[INFO ][2016-02-05 12:26:31,370][com.java.TestType] [  493] -  str(1) = 1
[INFO ][2016-02-05 12:26:31,370][com.java.TestType] [  496] - Test case Id is---1
[INFO ][2016-02-05 12:26:31,370][com.java.TestType] [  498] - 1
[INFO ][2016-02-05 12:26:31,380][com.java.TestType] [  493] -  str(2) = 9
[INFO ][2016-02-05 12:26:31,380][com.java.TestType] [  493] -  str(1) = 1
[INFO ][2016-02-05 12:26:31,380][com.java.TestType] [  496] - Test case Id is---1
[INFO ][2016-02-05 12:26:31,380][com.java.TestType] [  498] - 1
[INFO ][2016-02-05 12:26:31,380][com.java.TestType] [  493] -  str(2) = 10
[INFO ][2016-02-05 12:26:31,380][com.java.TestType] [  493] -  str(1) = 1
[INFO ][2016-02-05 12:26:31,380][com.java.TestType] [  496] - Test case Id is---1
[INFO ][2016-02-05 12:26:31,380][com.java.TestType] [  498] - 1
[INFO ][2016-02-05 12:26:31,380][com.java.TestType] [  493] -  str(2) = 11
[INFO ][2016-02-05 12:26:31,380][com.java.TestType] [  493] -  str(1) = 1
[INFO ][2016-02-05 12:26:31,380][com.java.TestType] [  496] - Test case Id is---1
[INFO ][2016-02-05 12:26:31,380][com.java.TestType] [  498] - 1
[INFO ][2016-02-05 12:26:31,380][com.java.TestType] [  493] -  str(2) = 12
[INFO ][2016-02-05 12:26:31,380][com.java.TestType] [  493] -  str(1) = 1
[INFO ][2016-02-05 12:26:31,380][com.java.TestType] [  496] - Test case Id is---1
[INFO ][2016-02-05 12:26:31,380][com.java.TestType] [  498] - 1
[INFO ][2016-02-05 12:26:31,380][com.java.TestType] [  493] -  str(2) = 13
[INFO ][2016-02-05 12:26:31,380][com.java.TestType] [  493] -  str(1) = 1
[INFO ][2016-02-05 12:26:31,380][com.java.TestType] [  496] - Test case Id is---1
[INFO ][2016-02-05 12:26:31,380][com.java.TestType] [  498] - 1
[INFO ][2016-02-05 12:26:31,380][com.java.TestType] [  493] -  str(2) = 14
[INFO ][2016-02-05 12:26:31,380][com.java.TestType] [  493] -  str(1) = 1
[INFO ][2016-02-05 12:26:31,380][com.java.TestType] [  496] - Test case Id is---1
[INFO ][2016-02-05 12:26:31,380][com.java.TestType] [  498] - 1
[INFO ][2016-02-05 12:26:31,380][com.java.TestType] [  493] -  str(2) = 15
[INFO ][2016-02-05 12:26:31,380][com.java.TestType] [  493] -  str(1) = 1
[INFO ][2016-02-05 12:26:31,380][com.java.TestType] [  496] - Test case Id is---1
[INFO ][2016-02-05 12:26:31,380][com.java.TestType] [  498] - 1
[INFO ][2016-02-05 12:26:31,380][com.java.TestType] [  493] -  str(2) = 16
[INFO ][2016-02-05 12:26:31,380][com.java.TestType] [12069] - Looping 1TCID = 1
[DEBUG][2016-02-05 12:26:31,380][com.java.TestType] [12110] - Concept ID:1 :: Step being Executed: 1::1
[INFO ][2016-02-05 12:26:31,380][com.java.TestType] [12148] - dataFields : TXTusername
[DEBUG][2016-02-05 12:26:31,390][com.java.TestType] [12154] - <In Set values of the page>
[DEBUG][2016-02-05 12:26:31,390][com.java.TestType] [12159] - {Data Fields & Data Values Exist}
[INFO ][2016-02-05 12:26:31,390][com.java.TestType] [12165] - --------------------------setting values-----------------------------
[INFO ][2016-02-05 12:26:31,390][com.java.TestType] [12168] - Action Type : CLEARANDENTER
[INFO ][2016-02-05 12:26:33,671][com.java.TestType] [ 6727] - value = valuelabs.ie10.33527
[INFO ][2016-02-05 12:26:36,082][com.java.TestType] [12187] -  RESULT true
[INFO ][2016-02-05 12:26:36,082][com.java.TestType] [12304] - ?   P A S S   ?
[DEBUG][2016-02-05 12:26:36,082][com.java.TestType] [12110] - Concept ID:1 :: Step being Executed: 1::2
[INFO ][2016-02-05 12:26:36,082][com.java.TestType] [12148] - dataFields : TXTpassword
[DEBUG][2016-02-05 12:26:36,082][com.java.TestType] [12154] - <In Set values of the page>
[DEBUG][2016-02-05 12:26:36,082][com.java.TestType] [12159] - {Data Fields & Data Values Exist}
[INFO ][2016-02-05 12:26:36,082][com.java.TestType] [12165] - --------------------------setting values-----------------------------
[INFO ][2016-02-05 12:26:36,082][com.java.TestType] [12168] - Action Type : CLEARANDENTER
[INFO ][2016-02-05 12:26:38,343][com.java.TestType] [ 6727] - value = Password1*
[INFO ][2016-02-05 12:26:40,911][com.java.TestType] [12187] -  RESULT true
[INFO ][2016-02-05 12:26:40,911][com.java.TestType] [12304] - ?   P A S S   ?
[DEBUG][2016-02-05 12:26:40,911][com.java.TestType] [12110] - Concept ID:1 :: Step being Executed: 1::3
[ERROR][2016-02-05 12:26:40,911][com.java.TestType] [12143] - Exception: null
[INFO ][2016-02-05 12:26:40,911][com.java.TestType] [12148] - dataFields : XPH//button[@type='submit']
[DEBUG][2016-02-05 12:26:40,911][com.java.TestType] [12154] - <In Set values of the page>
[DEBUG][2016-02-05 12:26:40,911][com.java.TestType] [12159] - {Data Fields & Data Values Exist}
[INFO ][2016-02-05 12:26:40,911][com.java.TestType] [12165] - --------------------------setting values-----------------------------
[INFO ][2016-02-05 12:26:40,911][com.java.TestType] [12168] - Action Type : Click
[INFO ][2016-02-05 12:26:40,911][com.java.TestType] [ 7106] - Field ::XPH//button[@type='submit']
[INFO ][2016-02-05 12:26:40,911][com.java.TestType] [ 6727] - value = 
[INFO ][2016-02-05 12:26:41,911][com.java.TestType] [ 7279] - BEFORE CLICK
[INFO ][2016-02-05 12:26:42,754][com.java.TestType] [ 7287] - Unable to click the object Login
[INFO ][2016-02-05 12:26:42,754][com.java.TestType] [12187] -  RESULT true
[INFO ][2016-02-05 12:26:42,754][com.java.TestType] [12304] - ?   P A S S   ?
[DEBUG][2016-02-05 12:26:42,754][com.java.TestType] [12110] - Concept ID:1 :: Step being Executed: 1::4
[INFO ][2016-02-05 12:26:42,754][com.java.TestType] [12148] - dataFields : LNKLogout
[DEBUG][2016-02-05 12:26:42,754][com.java.TestType] [12154] - <In Set values of the page>
[DEBUG][2016-02-05 12:26:42,754][com.java.TestType] [12159] - {Data Fields & Data Values Exist}
[INFO ][2016-02-05 12:26:42,754][com.java.TestType] [12165] - --------------------------setting values-----------------------------
[INFO ][2016-02-05 12:26:42,754][com.java.TestType] [12168] - Action Type : WaitForElement
[INFO ][2016-02-05 12:26:46,342][com.java.TestType] [12187] -  RESULT true
[INFO ][2016-02-05 12:26:46,342][com.java.TestType] [12304] - ?   P A S S   ?
[DEBUG][2016-02-05 12:26:46,342][com.java.TestType] [12110] - Concept ID:1 :: Step being Executed: 1::15
[INFO ][2016-02-05 12:26:46,342][com.java.TestType] [12148] - dataFields : LNK
[DEBUG][2016-02-05 12:26:46,342][com.java.TestType] [12154] - <In Set values of the page>
[DEBUG][2016-02-05 12:26:46,342][com.java.TestType] [12159] - {Data Fields & Data Values Exist}
[INFO ][2016-02-05 12:26:46,342][com.java.TestType] [12165] - --------------------------setting values-----------------------------
[INFO ][2016-02-05 12:26:46,342][com.java.TestType] [12168] - Action Type : Verify
[INFO ][2016-02-05 12:26:46,342][com.java.TestType] [ 8335] - field= LNK value= Logout
[INFO ][2016-02-05 12:26:46,342][com.java.TestType] [ 6727] - value = Logout
[INFO ][2016-02-05 12:26:46,383][com.java.TestType] [12187] -  RESULT true
[INFO ][2016-02-05 12:26:46,383][com.java.TestType] [12304] - ?   P A S S   ?
[DEBUG][2016-02-05 12:26:46,383][com.java.TestType] [12110] - Concept ID:1 :: Step being Executed: 1::16
[INFO ][2016-02-05 12:26:46,383][com.java.TestType] [12148] - dataFields : BTN
[DEBUG][2016-02-05 12:26:46,383][com.java.TestType] [12154] - <In Set values of the page>
[DEBUG][2016-02-05 12:26:46,383][com.java.TestType] [12159] - {Data Fields & Data Values Exist}
[INFO ][2016-02-05 12:26:46,383][com.java.TestType] [12165] - --------------------------setting values-----------------------------
[INFO ][2016-02-05 12:26:46,383][com.java.TestType] [12168] - Action Type : Verify
[INFO ][2016-02-05 12:26:46,383][com.java.TestType] [ 8335] - field= BTN value= //img[contains(@src,'bdlogo.jpg')]
[INFO ][2016-02-05 12:26:46,383][com.java.TestType] [ 6727] - value = //img[contains(@src,'bdlogo.jpg')]
[INFO ][2016-02-05 12:26:46,453][com.java.TestType] [12187] -  RESULT true
[INFO ][2016-02-05 12:26:46,453][com.java.TestType] [12304] - ?   P A S S   ?
[INFO ][2016-02-05 12:26:46,453][com.java.TestType] [12375] - Looping End......
[INFO ][2016-02-05 12:26:46,453][com.java.SeleniumDriver] [  930] -  RESULT true
[INFO ][2016-02-05 12:26:46,453][com.java.SeleniumDriver] [ 1136] - ?   P A S S   ?
[INFO ][2016-02-05 12:26:46,453][com.java.SeleniumDriver] [  856] - ------------------------------------------
[INFO ][2016-02-05 12:26:46,453][com.java.SeleniumDriver] [  857] - Test case being Executed: 1
[INFO ][2016-02-05 12:26:46,453][com.java.SeleniumDriver] [  869] - Test step:2
[INFO ][2016-02-05 12:26:46,453][com.java.SeleniumDriver] [  881] - Datavalue is----------Concept#2:1-2
[INFO ][2016-02-05 12:26:46,453][com.java.SeleniumDriver] [  905] - DataField : test
[INFO ][2016-02-05 12:26:46,453][com.java.SeleniumDriver] [  907] - DataValue : Concept#2:1-2
[INFO ][2016-02-05 12:26:46,453][com.java.SeleniumDriver] [  913] - <In Set values of the page>
[INFO ][2016-02-05 12:26:46,453][com.java.SeleniumDriver] [  916] - {Data Fields & Data Values Exist}
[INFO ][2016-02-05 12:26:46,453][com.java.SeleniumDriver] [  918] - --------------------------setting values-----------------------------
[INFO ][2016-02-05 12:26:46,453][com.java.SeleniumDriver] [  921] - Action Type : ExecuteTestCase
[INFO ][2016-02-05 12:26:46,453][com.java.TestType] [  448] - The Concept sheet name is ---------- Concept
[INFO ][2016-02-05 12:26:46,453][com.java.TestType] [  451] - The Concept ID  is ---------- 2
[DEBUG][2016-02-05 12:26:46,453][com.java.TestType] [  455] - Steps being executted in the Concept are: 1:2
[INFO ][2016-02-05 12:26:46,453][com.java.TestType] [  462] - Test data details path ---------- D:\BankersDashboard\TestInputs\TestData.xls
[INFO ][2016-02-05 12:26:46,473][com.java.TestType] [  493] -  str(1) = 2
[INFO ][2016-02-05 12:26:46,473][com.java.TestType] [  496] - Test case Id is---2
[INFO ][2016-02-05 12:26:46,473][com.java.TestType] [  498] - 2
[INFO ][2016-02-05 12:26:46,473][com.java.TestType] [  493] -  str(2) = 1
[INFO ][2016-02-05 12:26:46,473][com.java.TestType] [  493] -  str(1) = 2
[INFO ][2016-02-05 12:26:46,473][com.java.TestType] [  496] - Test case Id is---2
[INFO ][2016-02-05 12:26:46,473][com.java.TestType] [  498] - 2
[INFO ][2016-02-05 12:26:46,473][com.java.TestType] [  493] -  str(2) = 2
[INFO ][2016-02-05 12:26:46,473][com.java.TestType] [  493] -  str(1) = 2
[INFO ][2016-02-05 12:26:46,473][com.java.TestType] [  496] - Test case Id is---2
[INFO ][2016-02-05 12:26:46,473][com.java.TestType] [  498] - 2
[INFO ][2016-02-05 12:26:46,473][com.java.TestType] [  493] -  str(2) = 3
[INFO ][2016-02-05 12:26:46,473][com.java.TestType] [12069] - Looping 1TCID = 2
[DEBUG][2016-02-05 12:26:46,473][com.java.TestType] [12110] - Concept ID:2 :: Step being Executed: 2::1
[INFO ][2016-02-05 12:26:46,473][com.java.TestType] [12148] - dataFields : BNK//select[@id='bank']
[DEBUG][2016-02-05 12:26:46,473][com.java.TestType] [12154] - <In Set values of the page>
[DEBUG][2016-02-05 12:26:46,473][com.java.TestType] [12159] - {Data Fields & Data Values Exist}
[INFO ][2016-02-05 12:26:46,473][com.java.TestType] [12165] - --------------------------setting values-----------------------------
[INFO ][2016-02-05 12:26:46,473][com.java.TestType] [12168] - Action Type : Select
[INFO ][2016-02-05 12:26:46,473][com.java.TestType] [ 6727] - value = PFC
[INFO ][2016-02-05 12:26:46,673][com.java.TestType] [12187] -  RESULT true
[INFO ][2016-02-05 12:26:46,673][com.java.TestType] [12304] - ?   P A S S   ?
[DEBUG][2016-02-05 12:26:46,673][com.java.TestType] [12110] - Concept ID:2 :: Step being Executed: 2::2
[INFO ][2016-02-05 12:26:46,673][com.java.TestType] [12148] - dataFields : LNKLogout
[DEBUG][2016-02-05 12:26:46,673][com.java.TestType] [12154] - <In Set values of the page>
[DEBUG][2016-02-05 12:26:46,673][com.java.TestType] [12159] - {Data Fields & Data Values Exist}
[INFO ][2016-02-05 12:26:46,673][com.java.TestType] [12165] - --------------------------setting values-----------------------------
[INFO ][2016-02-05 12:26:46,673][com.java.TestType] [12168] - Action Type : WaitTime
[DEBUG][2016-02-05 12:26:46,673][com.java.TestType] [ 6541] - sleepTime: 5000
[INFO ][2016-02-05 12:26:51,658][com.java.TestType] [12187] -  RESULT true
[INFO ][2016-02-05 12:26:51,658][com.java.TestType] [12304] - ?   P A S S   ?
[INFO ][2016-02-05 12:26:51,658][com.java.TestType] [12375] - Looping End......
[INFO ][2016-02-05 12:26:51,658][com.java.SeleniumDriver] [  930] -  RESULT true
[INFO ][2016-02-05 12:26:51,658][com.java.SeleniumDriver] [ 1136] - ?   P A S S   ?
[INFO ][2016-02-05 12:26:51,658][com.java.SeleniumDriver] [  856] - ------------------------------------------
[INFO ][2016-02-05 12:26:51,658][com.java.SeleniumDriver] [  857] - Test case being Executed: 1
[INFO ][2016-02-05 12:26:51,658][com.java.SeleniumDriver] [  869] - Test step:3
[INFO ][2016-02-05 12:26:51,658][com.java.SeleniumDriver] [  881] - Datavalue is----------2
[INFO ][2016-02-05 12:26:51,658][com.java.SeleniumDriver] [  905] - DataField : XPH//button[contains(text(),'Add Content')]
[INFO ][2016-02-05 12:26:51,658][com.java.SeleniumDriver] [  907] - DataValue : 2
[INFO ][2016-02-05 12:26:51,658][com.java.SeleniumDriver] [  913] - <In Set values of the page>
[INFO ][2016-02-05 12:26:51,661][com.java.SeleniumDriver] [  916] - {Data Fields & Data Values Exist}
[INFO ][2016-02-05 12:26:51,661][com.java.SeleniumDriver] [  918] - --------------------------setting values-----------------------------
[INFO ][2016-02-05 12:26:51,661][com.java.SeleniumDriver] [  921] - Action Type : WAITFORELEMENT
[INFO ][2016-02-05 12:26:51,697][com.java.SeleniumDriver] [  930] -  RESULT true
[INFO ][2016-02-05 12:26:51,697][com.java.SeleniumDriver] [ 1136] - ?   P A S S   ?
[DEBUG][2016-02-05 12:26:51,697][com.java.SeleniumDriver] [ 1248] - Case found
[DEBUG][2016-02-05 12:26:51,697][com.java.SeleniumDriver] [ 1253] - Incrementing ReportCounters[0]:1
[INFO ][2016-02-05 12:26:51,697][com.java.SeleniumDriver] [ 1272] - The results are-------------------[1, 1, Valid Login, Pass, , Fri Feb 05 12:26:46 IST 2016, 1, 2, Valid Login, Pass, , Fri Feb 05 12:26:51 IST 2016, 1, 3, Valid Login, Pass, , Fri Feb 05 12:26:51 IST 2016]
[INFO ][2016-02-05 12:26:51,697][com.java.SeleniumDriver] [ 1276] - End time is-------37 sec
[INFO ][2016-02-05 12:26:51,697][com.java.SeleniumDriver] [ 1277] - The results are-------------------[1, 1, Valid Login, Pass, , Fri Feb 05 12:26:46 IST 2016, 1, 2, Valid Login, Pass, , Fri Feb 05 12:26:51 IST 2016, 1, 3, Valid Login, Pass, , Fri Feb 05 12:26:51 IST 2016]
[DEBUG][2016-02-05 12:26:51,699][com.java.ImportnExport.ExportTestResultsExcel] [  222] - testResultPath = D:\BankersDashboard/TestReports/Test Results_BankersDashBoard_020516_122616_IE10_Bank of North Carolina.xls
[DEBUG][2016-02-05 12:26:51,699][com.java.ImportnExport.ExportTestResultsExcel] [  223] - browser is------------IE10
[DEBUG][2016-02-05 12:26:51,747][com.java.ImportnExport.ExportTestResultsExcel] [  270] - result.size() = 18
[DEBUG][2016-02-05 12:26:51,747][com.java.ImportnExport.ExportTestResultsExcel] [  274] - No of rows in sheet=1
[DEBUG][2016-02-05 12:26:51,747][com.java.ImportnExport.ExportTestResultsExcel] [  301] - ..in export..1
[DEBUG][2016-02-05 12:26:51,747][com.java.ImportnExport.ExportTestResultsExcel] [  301] - ..in export..Valid Login
[DEBUG][2016-02-05 12:26:51,747][com.java.ImportnExport.ExportTestResultsExcel] [  301] - ..in export..Pass
[DEBUG][2016-02-05 12:26:51,747][com.java.ImportnExport.ExportTestResultsExcel] [  301] - ..in export..
[DEBUG][2016-02-05 12:26:51,747][com.java.ImportnExport.ExportTestResultsExcel] [  301] - ..in export..Fri Feb 05 12:26:46 IST 2016
[INFO ][2016-02-05 12:26:51,749][com.java.SeleniumDriver] [ 1337] - out loop:0 size:3 TestCases:[1, 7, 9] testcases:[1, 7, 9]
[INFO ][2016-02-05 12:26:51,749][com.java.ImportnExport.ImportTestDataDetailsExcel] [   49] - test data details path===== D:\BankersDashboard\TestInputs\TestData.xls
[INFO ][2016-02-05 12:27:09,615][com.java.SeleniumDriver] [  856] - ------------------------------------------
[INFO ][2016-02-05 12:27:09,615][com.java.SeleniumDriver] [  857] - Test case being Executed: 7
[INFO ][2016-02-05 12:27:09,615][com.java.SeleniumDriver] [  869] - Test step:1
[INFO ][2016-02-05 12:27:09,615][com.java.SeleniumDriver] [  881] - Datavalue is----------Logout
[INFO ][2016-02-05 12:27:09,615][com.java.SeleniumDriver] [  905] - DataField : BTN
[INFO ][2016-02-05 12:27:09,615][com.java.SeleniumDriver] [  907] - DataValue : Logout
[INFO ][2016-02-05 12:27:09,615][com.java.SeleniumDriver] [  913] - <In Set values of the page>
[INFO ][2016-02-05 12:27:09,615][com.java.SeleniumDriver] [  916] - {Data Fields & Data Values Exist}
[INFO ][2016-02-05 12:27:09,615][com.java.SeleniumDriver] [  918] - --------------------------setting values-----------------------------
[INFO ][2016-02-05 12:27:09,615][com.java.SeleniumDriver] [  921] - Action Type : Verify
[INFO ][2016-02-05 12:27:09,615][com.java.TestType] [ 8335] - field= BTN value= Logout
[INFO ][2016-02-05 12:27:09,615][com.java.TestType] [ 6727] - value = Logout
[INFO ][2016-02-05 12:27:09,686][com.java.SeleniumDriver] [  930] -  RESULT true
[INFO ][2016-02-05 12:27:09,686][com.java.SeleniumDriver] [ 1136] - ?   P A S S   ?
[INFO ][2016-02-05 12:27:09,686][com.java.SeleniumDriver] [ 1178] - step change to 3
[INFO ][2016-02-05 12:27:09,686][com.java.SeleniumDriver] [  856] - ------------------------------------------
[INFO ][2016-02-05 12:27:09,686][com.java.SeleniumDriver] [  857] - Test case being Executed: 7
[INFO ][2016-02-05 12:27:09,689][com.java.SeleniumDriver] [  869] - Test step:3
[INFO ][2016-02-05 12:27:09,689][com.java.SeleniumDriver] [  881] - Datavalue is----------Concept#2:1-2
[INFO ][2016-02-05 12:27:09,689][com.java.SeleniumDriver] [  905] - DataField : test
[INFO ][2016-02-05 12:27:09,689][com.java.SeleniumDriver] [  907] - DataValue : Concept#2:1-2
[INFO ][2016-02-05 12:27:09,689][com.java.SeleniumDriver] [  913] - <In Set values of the page>
[INFO ][2016-02-05 12:27:09,689][com.java.SeleniumDriver] [  916] - {Data Fields & Data Values Exist}
[INFO ][2016-02-05 12:27:09,689][com.java.SeleniumDriver] [  918] - --------------------------setting values-----------------------------
[INFO ][2016-02-05 12:27:09,689][com.java.SeleniumDriver] [  921] - Action Type : ExecuteTestCase
[INFO ][2016-02-05 12:27:09,689][com.java.TestType] [  448] - The Concept sheet name is ---------- Concept
[INFO ][2016-02-05 12:27:09,689][com.java.TestType] [  451] - The Concept ID  is ---------- 2
[DEBUG][2016-02-05 12:27:09,689][com.java.TestType] [  455] - Steps being executted in the Concept are: 1:2
[INFO ][2016-02-05 12:27:09,689][com.java.TestType] [  462] - Test data details path ---------- D:\BankersDashboard\TestInputs\TestData.xls
[INFO ][2016-02-05 12:27:09,706][com.java.TestType] [  493] -  str(1) = 2
[INFO ][2016-02-05 12:27:09,706][com.java.TestType] [  496] - Test case Id is---2
[INFO ][2016-02-05 12:27:09,706][com.java.TestType] [  498] - 2
[INFO ][2016-02-05 12:27:09,706][com.java.TestType] [  493] -  str(2) = 1
[INFO ][2016-02-05 12:27:09,709][com.java.TestType] [  493] -  str(1) = 2
[INFO ][2016-02-05 12:27:09,709][com.java.TestType] [  496] - Test case Id is---2
[INFO ][2016-02-05 12:27:09,709][com.java.TestType] [  498] - 2
[INFO ][2016-02-05 12:27:09,709][com.java.TestType] [  493] -  str(2) = 2
[INFO ][2016-02-05 12:27:09,709][com.java.TestType] [  493] -  str(1) = 2
[INFO ][2016-02-05 12:27:09,709][com.java.TestType] [  496] - Test case Id is---2
[INFO ][2016-02-05 12:27:09,709][com.java.TestType] [  498] - 2
[INFO ][2016-02-05 12:27:09,709][com.java.TestType] [  493] -  str(2) = 3
[INFO ][2016-02-05 12:27:09,709][com.java.TestType] [12069] - Looping 1TCID = 2
[DEBUG][2016-02-05 12:27:09,709][com.java.TestType] [12110] - Concept ID:2 :: Step being Executed: 2::1
[INFO ][2016-02-05 12:27:09,709][com.java.TestType] [12148] - dataFields : BNK//select[@id='bank']
[DEBUG][2016-02-05 12:27:09,709][com.java.TestType] [12154] - <In Set values of the page>
[DEBUG][2016-02-05 12:27:09,709][com.java.TestType] [12159] - {Data Fields & Data Values Exist}
[INFO ][2016-02-05 12:27:09,709][com.java.TestType] [12165] - --------------------------setting values-----------------------------
[INFO ][2016-02-05 12:27:09,709][com.java.TestType] [12168] - Action Type : Select
[INFO ][2016-02-05 12:27:09,709][com.java.TestType] [ 6727] - value = PFC
[INFO ][2016-02-05 12:27:09,926][com.java.TestType] [12187] -  RESULT true
[INFO ][2016-02-05 12:27:09,926][com.java.TestType] [12304] - ?   P A S S   ?
[DEBUG][2016-02-05 12:27:09,926][com.java.TestType] [12110] - Concept ID:2 :: Step being Executed: 2::2
[INFO ][2016-02-05 12:27:09,926][com.java.TestType] [12148] - dataFields : LNKLogout
[DEBUG][2016-02-05 12:27:09,926][com.java.TestType] [12154] - <In Set values of the page>
[DEBUG][2016-02-05 12:27:09,926][com.java.TestType] [12159] - {Data Fields & Data Values Exist}
[INFO ][2016-02-05 12:27:09,926][com.java.TestType] [12165] - --------------------------setting values-----------------------------
[INFO ][2016-02-05 12:27:09,926][com.java.TestType] [12168] - Action Type : WaitTime
[DEBUG][2016-02-05 12:27:09,926][com.java.TestType] [ 6541] - sleepTime: 5000
[INFO ][2016-02-05 12:27:14,926][com.java.TestType] [12187] -  RESULT true
[INFO ][2016-02-05 12:27:14,926][com.java.TestType] [12304] - ?   P A S S   ?
[INFO ][2016-02-05 12:27:14,926][com.java.TestType] [12375] - Looping End......
[INFO ][2016-02-05 12:27:14,927][com.java.SeleniumDriver] [  930] -  RESULT true
[INFO ][2016-02-05 12:27:14,927][com.java.SeleniumDriver] [ 1136] - ?   P A S S   ?
[INFO ][2016-02-05 12:27:14,927][com.java.SeleniumDriver] [  856] - ------------------------------------------
[INFO ][2016-02-05 12:27:14,927][com.java.SeleniumDriver] [  857] - Test case being Executed: 7
[INFO ][2016-02-05 12:27:14,927][com.java.SeleniumDriver] [  869] - Test step:4
[INFO ][2016-02-05 12:27:14,927][com.java.SeleniumDriver] [  881] - Datavalue is----------2
[INFO ][2016-02-05 12:27:14,927][com.java.SeleniumDriver] [  905] - DataField : XPH//span[@class='icon-compass']
[INFO ][2016-02-05 12:27:14,927][com.java.SeleniumDriver] [  907] - DataValue : 2
[INFO ][2016-02-05 12:27:14,927][com.java.SeleniumDriver] [  913] - <In Set values of the page>
[INFO ][2016-02-05 12:27:14,927][com.java.SeleniumDriver] [  916] - {Data Fields & Data Values Exist}
[INFO ][2016-02-05 12:27:14,927][com.java.SeleniumDriver] [  918] - --------------------------setting values-----------------------------
[INFO ][2016-02-05 12:27:14,927][com.java.SeleniumDriver] [  921] - Action Type : WaitForElement
[INFO ][2016-02-05 12:27:14,972][com.java.SeleniumDriver] [  930] -  RESULT true
[INFO ][2016-02-05 12:27:14,972][com.java.SeleniumDriver] [ 1136] - ?   P A S S   ?
[INFO ][2016-02-05 12:27:14,972][com.java.SeleniumDriver] [  856] - ------------------------------------------
[INFO ][2016-02-05 12:27:14,972][com.java.SeleniumDriver] [  857] - Test case being Executed: 7
[INFO ][2016-02-05 12:27:14,972][com.java.SeleniumDriver] [  869] - Test step:5
[INFO ][2016-02-05 12:27:14,972][com.java.SeleniumDriver] [  881] - Datavalue is----------2
[INFO ][2016-02-05 12:27:14,972][com.java.SeleniumDriver] [  905] - DataField : XPH//button[contains(@class,'menu-item handle')]
[INFO ][2016-02-05 12:27:14,972][com.java.SeleniumDriver] [  907] - DataValue : 2
[INFO ][2016-02-05 12:27:14,972][com.java.SeleniumDriver] [  913] - <In Set values of the page>
[INFO ][2016-02-05 12:27:14,972][com.java.SeleniumDriver] [  916] - {Data Fields & Data Values Exist}
[INFO ][2016-02-05 12:27:14,972][com.java.SeleniumDriver] [  918] - --------------------------setting values-----------------------------
[INFO ][2016-02-05 12:27:14,975][com.java.SeleniumDriver] [  921] - Action Type : WaitForElement
[INFO ][2016-02-05 12:27:15,007][com.java.SeleniumDriver] [  930] -  RESULT true
[INFO ][2016-02-05 12:27:15,007][com.java.SeleniumDriver] [ 1136] - ?   P A S S   ?
[INFO ][2016-02-05 12:27:15,007][com.java.SeleniumDriver] [  856] - ------------------------------------------
[INFO ][2016-02-05 12:27:15,007][com.java.SeleniumDriver] [  857] - Test case being Executed: 7
[INFO ][2016-02-05 12:27:15,007][com.java.SeleniumDriver] [  869] - Test step:6
[INFO ][2016-02-05 12:27:15,007][com.java.SeleniumDriver] [  881] - Datavalue is----------null
[DEBUG][2016-02-05 12:27:15,007][com.java.SeleniumDriver] [  899] - Exception: null
[INFO ][2016-02-05 12:27:15,007][com.java.SeleniumDriver] [  905] - DataField : XPH//button[contains(@class,'menu-item handle')]
[INFO ][2016-02-05 12:27:15,007][com.java.SeleniumDriver] [  907] - DataValue : 
[INFO ][2016-02-05 12:27:15,007][com.java.SeleniumDriver] [  913] - <In Set values of the page>
[INFO ][2016-02-05 12:27:15,007][com.java.SeleniumDriver] [  916] - {Data Fields & Data Values Exist}
[INFO ][2016-02-05 12:27:15,010][com.java.SeleniumDriver] [  918] - --------------------------setting values-----------------------------
[INFO ][2016-02-05 12:27:15,010][com.java.SeleniumDriver] [  921] - Action Type : Click
[INFO ][2016-02-05 12:27:15,010][com.java.TestType] [ 7106] - Field ::XPH//button[contains(@class,'menu-item handle')]
[INFO ][2016-02-05 12:27:15,010][com.java.TestType] [ 6727] - value = 
[INFO ][2016-02-05 12:27:16,010][com.java.TestType] [ 7279] - BEFORE CLICK
[INFO ][2016-02-05 12:27:16,890][com.java.TestType] [ 7287] - Unable to click the object Collapse Menu
[INFO ][2016-02-05 12:27:16,890][com.java.SeleniumDriver] [  930] -  RESULT true
[INFO ][2016-02-05 12:27:16,890][com.java.SeleniumDriver] [ 1136] - ?   P A S S   ?
[INFO ][2016-02-05 12:27:16,890][com.java.SeleniumDriver] [  856] - ------------------------------------------
[INFO ][2016-02-05 12:27:16,890][com.java.SeleniumDriver] [  857] - Test case being Executed: 7
[INFO ][2016-02-05 12:27:16,890][com.java.SeleniumDriver] [  869] - Test step:7
[INFO ][2016-02-05 12:27:16,890][com.java.SeleniumDriver] [  881] - Datavalue is----------null
[DEBUG][2016-02-05 12:27:16,890][com.java.SeleniumDriver] [  899] - Exception: null
[INFO ][2016-02-05 12:27:16,890][com.java.SeleniumDriver] [  905] - DataField : XPH//button[@id='menu-toggle']
[INFO ][2016-02-05 12:27:16,890][com.java.SeleniumDriver] [  907] - DataValue : 
[INFO ][2016-02-05 12:27:16,890][com.java.SeleniumDriver] [  913] - <In Set values of the page>
[INFO ][2016-02-05 12:27:16,890][com.java.SeleniumDriver] [  916] - {Data Fields & Data Values Exist}
[INFO ][2016-02-05 12:27:16,890][com.java.SeleniumDriver] [  918] - --------------------------setting values-----------------------------
[INFO ][2016-02-05 12:27:16,890][com.java.SeleniumDriver] [  921] - Action Type : Click
[INFO ][2016-02-05 12:27:16,890][com.java.TestType] [ 7106] - Field ::XPH//button[@id='menu-toggle']
[INFO ][2016-02-05 12:27:16,890][com.java.TestType] [ 6727] - value = 
[INFO ][2016-02-05 12:27:17,891][com.java.TestType] [ 7279] - BEFORE CLICK
[INFO ][2016-02-05 12:27:18,906][com.java.TestType] [ 7287] - Unable to click the object Hide left menu 
[INFO ][2016-02-05 12:27:18,906][com.java.SeleniumDriver] [  930] -  RESULT true
[INFO ][2016-02-05 12:27:18,906][com.java.SeleniumDriver] [ 1136] - ?   P A S S   ?
[INFO ][2016-02-05 12:27:18,906][com.java.SeleniumDriver] [  856] - ------------------------------------------
[INFO ][2016-02-05 12:27:18,906][com.java.SeleniumDriver] [  857] - Test case being Executed: 7
[INFO ][2016-02-05 12:27:18,906][com.java.SeleniumDriver] [  869] - Test step:8
[INFO ][2016-02-05 12:27:18,906][com.java.SeleniumDriver] [  881] - Datavalue is----------null
[DEBUG][2016-02-05 12:27:18,906][com.java.SeleniumDriver] [  899] - Exception: null
[INFO ][2016-02-05 12:27:18,906][com.java.SeleniumDriver] [  905] - DataField : XPH//button[@id='menu-toggle']
[INFO ][2016-02-05 12:27:18,906][com.java.SeleniumDriver] [  907] - DataValue : 
[INFO ][2016-02-05 12:27:18,906][com.java.SeleniumDriver] [  913] - <In Set values of the page>
[INFO ][2016-02-05 12:27:18,906][com.java.SeleniumDriver] [  916] - {Data Fields & Data Values Exist}
[INFO ][2016-02-05 12:27:18,906][com.java.SeleniumDriver] [  918] - --------------------------setting values-----------------------------
[INFO ][2016-02-05 12:27:18,906][com.java.SeleniumDriver] [  921] - Action Type : Click
[INFO ][2016-02-05 12:27:18,906][com.java.TestType] [ 7106] - Field ::XPH//button[@id='menu-toggle']
[INFO ][2016-02-05 12:27:18,906][com.java.TestType] [ 6727] - value = 
[INFO ][2016-02-05 12:27:19,907][com.java.TestType] [ 7279] - BEFORE CLICK
[INFO ][2016-02-05 12:27:20,842][com.java.TestType] [ 7287] - Unable to click the object Hide left menu 
[INFO ][2016-02-05 12:27:20,842][com.java.SeleniumDriver] [  930] -  RESULT true
[INFO ][2016-02-05 12:27:20,842][com.java.SeleniumDriver] [ 1136] - ?   P A S S   ?
[INFO ][2016-02-05 12:27:20,842][com.java.SeleniumDriver] [  856] - ------------------------------------------
[INFO ][2016-02-05 12:27:20,842][com.java.SeleniumDriver] [  857] - Test case being Executed: 7
[INFO ][2016-02-05 12:27:20,842][com.java.SeleniumDriver] [  869] - Test step:9
[INFO ][2016-02-05 12:27:20,842][com.java.SeleniumDriver] [  881] - Datavalue is----------null
[DEBUG][2016-02-05 12:27:20,842][com.java.SeleniumDriver] [  899] - Exception: null
[INFO ][2016-02-05 12:27:20,842][com.java.SeleniumDriver] [  905] - DataField : XPH//button[@class='menu-item handle']
[INFO ][2016-02-05 12:27:20,842][com.java.SeleniumDriver] [  907] - DataValue : 
[INFO ][2016-02-05 12:27:20,842][com.java.SeleniumDriver] [  913] - <In Set values of the page>
[INFO ][2016-02-05 12:27:20,842][com.java.SeleniumDriver] [  916] - {Data Fields & Data Values Exist}
[INFO ][2016-02-05 12:27:20,842][com.java.SeleniumDriver] [  918] - --------------------------setting values-----------------------------
[INFO ][2016-02-05 12:27:20,842][com.java.SeleniumDriver] [  921] - Action Type : Click
[INFO ][2016-02-05 12:27:20,842][com.java.TestType] [ 7106] - Field ::XPH//button[@class='menu-item handle']
[INFO ][2016-02-05 12:27:20,842][com.java.TestType] [ 6727] - value = 
[INFO ][2016-02-05 12:27:21,843][com.java.TestType] [ 7279] - BEFORE CLICK
[INFO ][2016-02-05 12:27:22,765][com.java.TestType] [ 7287] - Unable to click the object Expand menu
[INFO ][2016-02-05 12:27:22,765][com.java.SeleniumDriver] [  930] -  RESULT true
[INFO ][2016-02-05 12:27:22,765][com.java.SeleniumDriver] [ 1136] - ?   P A S S   ?
[INFO ][2016-02-05 12:27:22,765][com.java.SeleniumDriver] [  856] - ------------------------------------------
[INFO ][2016-02-05 12:27:22,765][com.java.SeleniumDriver] [  857] - Test case being Executed: 7
[INFO ][2016-02-05 12:27:22,765][com.java.SeleniumDriver] [  869] - Test step:10
[INFO ][2016-02-05 12:27:22,765][com.java.SeleniumDriver] [  881] - Datavalue is----------2
[INFO ][2016-02-05 12:27:22,765][com.java.SeleniumDriver] [  905] - DataField : XPH//span[contains(@class,'glyphicon glyphicon-bell')]
[INFO ][2016-02-05 12:27:22,765][com.java.SeleniumDriver] [  907] - DataValue : 2
[INFO ][2016-02-05 12:27:22,765][com.java.SeleniumDriver] [  913] - <In Set values of the page>
[INFO ][2016-02-05 12:27:22,765][com.java.SeleniumDriver] [  916] - {Data Fields & Data Values Exist}
[INFO ][2016-02-05 12:27:22,765][com.java.SeleniumDriver] [  918] - --------------------------setting values-----------------------------
[INFO ][2016-02-05 12:27:22,765][com.java.SeleniumDriver] [  921] - Action Type : WaitForElement
[INFO ][2016-02-05 12:27:22,811][com.java.SeleniumDriver] [  930] -  RESULT true
[INFO ][2016-02-05 12:27:22,811][com.java.SeleniumDriver] [ 1136] - ?   P A S S   ?
[INFO ][2016-02-05 12:27:22,811][com.java.SeleniumDriver] [  856] - ------------------------------------------
[INFO ][2016-02-05 12:27:22,811][com.java.SeleniumDriver] [  857] - Test case being Executed: 7
[INFO ][2016-02-05 12:27:22,811][com.java.SeleniumDriver] [  869] - Test step:11
[INFO ][2016-02-05 12:27:22,811][com.java.SeleniumDriver] [  881] - Datavalue is----------null
[DEBUG][2016-02-05 12:27:22,811][com.java.SeleniumDriver] [  899] - Exception: null
[INFO ][2016-02-05 12:27:22,811][com.java.SeleniumDriver] [  905] - DataField : XPH//span[contains(@class,'glyphicon glyphicon-bell')]
[INFO ][2016-02-05 12:27:22,811][com.java.SeleniumDriver] [  907] - DataValue : 
[INFO ][2016-02-05 12:27:22,811][com.java.SeleniumDriver] [  913] - <In Set values of the page>
[INFO ][2016-02-05 12:27:22,811][com.java.SeleniumDriver] [  916] - {Data Fields & Data Values Exist}
[INFO ][2016-02-05 12:27:22,811][com.java.SeleniumDriver] [  918] - --------------------------setting values-----------------------------
[INFO ][2016-02-05 12:27:22,811][com.java.SeleniumDriver] [  921] - Action Type : Click
[INFO ][2016-02-05 12:27:22,811][com.java.TestType] [ 7106] - Field ::XPH//span[contains(@class,'glyphicon glyphicon-bell')]
[INFO ][2016-02-05 12:27:22,814][com.java.TestType] [ 6727] - value = 
[INFO ][2016-02-05 12:27:23,814][com.java.TestType] [ 7279] - BEFORE CLICK
[INFO ][2016-02-05 12:27:25,054][com.java.TestType] [ 7287] - Unable to click the object Bell Icon
[INFO ][2016-02-05 12:27:25,054][com.java.SeleniumDriver] [  930] -  RESULT true
[INFO ][2016-02-05 12:27:25,054][com.java.SeleniumDriver] [ 1136] - ?   P A S S   ?
[INFO ][2016-02-05 12:27:25,054][com.java.SeleniumDriver] [  856] - ------------------------------------------
[INFO ][2016-02-05 12:27:25,054][com.java.SeleniumDriver] [  857] - Test case being Executed: 7
[WARN ][2016-02-05 12:27:25,054][com.java.SeleniumDriver] [  861] - -----------------------Step Skipped:: 	TestCaseNo:  7	 StepNo: 12  	::	Action Type:  Click 	::		ClientName In TestData:  "SKIP" 	::	ClientName in config:  "Bank of North Carolina"-----------------------------
[INFO ][2016-02-05 12:27:25,054][com.java.SeleniumDriver] [  856] - ------------------------------------------
[INFO ][2016-02-05 12:27:25,054][com.java.SeleniumDriver] [  857] - Test case being Executed: 7
[INFO ][2016-02-05 12:27:25,054][com.java.SeleniumDriver] [  869] - Test step:13
[INFO ][2016-02-05 12:27:25,055][com.java.SeleniumDriver] [  881] - Datavalue is----------null
[DEBUG][2016-02-05 12:27:25,055][com.java.SeleniumDriver] [  899] - Exception: null
[INFO ][2016-02-05 12:27:25,055][com.java.SeleniumDriver] [  905] - DataField : XPH//div[@class='panel panel-default ng-scope'][2]//span[@class='glyphicon glyphicon-play']
[INFO ][2016-02-05 12:27:25,055][com.java.SeleniumDriver] [  907] - DataValue : 
[INFO ][2016-02-05 12:27:25,055][com.java.SeleniumDriver] [  913] - <In Set values of the page>
[INFO ][2016-02-05 12:27:25,055][com.java.SeleniumDriver] [  916] - {Data Fields & Data Values Exist}
[INFO ][2016-02-05 12:27:25,055][com.java.SeleniumDriver] [  918] - --------------------------setting values-----------------------------
[INFO ][2016-02-05 12:27:25,055][com.java.SeleniumDriver] [  921] - Action Type : Click
[INFO ][2016-02-05 12:27:25,055][com.java.TestType] [ 7106] - Field ::XPH//div[@class='panel panel-default ng-scope'][2]//span[@class='glyphicon glyphicon-play']
[INFO ][2016-02-05 12:27:25,055][com.java.TestType] [ 6727] - value = 
[INFO ][2016-02-05 12:27:26,057][com.java.TestType] [ 7279] - BEFORE CLICK
[INFO ][2016-02-05 12:27:26,980][com.java.TestType] [ 7287] - Unable to click the object Click BS triangle
[INFO ][2016-02-05 12:27:26,980][com.java.SeleniumDriver] [  930] -  RESULT true
[INFO ][2016-02-05 12:27:26,980][com.java.SeleniumDriver] [ 1136] - ?   P A S S   ?
[INFO ][2016-02-05 12:27:26,980][com.java.SeleniumDriver] [  856] - ------------------------------------------
[INFO ][2016-02-05 12:27:26,980][com.java.SeleniumDriver] [  857] - Test case being Executed: 7
[INFO ][2016-02-05 12:27:26,980][com.java.SeleniumDriver] [  869] - Test step:14
[INFO ][2016-02-05 12:27:26,980][com.java.SeleniumDriver] [  881] - Datavalue is----------null
[DEBUG][2016-02-05 12:27:26,980][com.java.SeleniumDriver] [  899] - Exception: null
[INFO ][2016-02-05 12:27:26,980][com.java.SeleniumDriver] [  905] - DataField : XPH//div[@class='panel panel-default ng-scope'][2]//span[@class='glyphicon glyphicon-play down']
[INFO ][2016-02-05 12:27:26,980][com.java.SeleniumDriver] [  907] - DataValue : 
[INFO ][2016-02-05 12:27:26,980][com.java.SeleniumDriver] [  913] - <In Set values of the page>
[INFO ][2016-02-05 12:27:26,980][com.java.SeleniumDriver] [  916] - {Data Fields & Data Values Exist}
[INFO ][2016-02-05 12:27:26,980][com.java.SeleniumDriver] [  918] - --------------------------setting values-----------------------------
[INFO ][2016-02-05 12:27:26,980][com.java.SeleniumDriver] [  921] - Action Type : Click
[INFO ][2016-02-05 12:27:26,980][com.java.TestType] [ 7106] - Field ::XPH//div[@class='panel panel-default ng-scope'][2]//span[@class='glyphicon glyphicon-play down']
[INFO ][2016-02-05 12:27:26,980][com.java.TestType] [ 6727] - value = 
[INFO ][2016-02-05 12:27:27,981][com.java.TestType] [ 7279] - BEFORE CLICK
[INFO ][2016-02-05 12:27:28,888][com.java.TestType] [ 7287] - Unable to click the object Click BS triangle
[INFO ][2016-02-05 12:27:28,888][com.java.SeleniumDriver] [  930] -  RESULT true
[INFO ][2016-02-05 12:27:28,888][com.java.SeleniumDriver] [ 1136] - ?   P A S S   ?
[INFO ][2016-02-05 12:27:28,888][com.java.SeleniumDriver] [  856] - ------------------------------------------
[INFO ][2016-02-05 12:27:28,888][com.java.SeleniumDriver] [  857] - Test case being Executed: 7
[INFO ][2016-02-05 12:27:28,888][com.java.SeleniumDriver] [  869] - Test step:15
[INFO ][2016-02-05 12:27:28,888][com.java.SeleniumDriver] [  881] - Datavalue is----------//div[@id='isAlertsHeading']//span[@title='Show Report']
[INFO ][2016-02-05 12:27:28,888][com.java.SeleniumDriver] [  905] - DataField : BTN
[INFO ][2016-02-05 12:27:28,888][com.java.SeleniumDriver] [  907] - DataValue : //div[@id='isAlertsHeading']//span[@title='Show Report']
[INFO ][2016-02-05 12:27:28,888][com.java.SeleniumDriver] [  913] - <In Set values of the page>
[INFO ][2016-02-05 12:27:28,888][com.java.SeleniumDriver] [  916] - {Data Fields & Data Values Exist}
[INFO ][2016-02-05 12:27:28,888][com.java.SeleniumDriver] [  918] - --------------------------setting values-----------------------------
[INFO ][2016-02-05 12:27:28,888][com.java.SeleniumDriver] [  921] - Action Type : VERIFY
[INFO ][2016-02-05 12:27:28,888][com.java.TestType] [ 8335] - field= BTN value= //div[@id='isAlertsHeading']//span[@title='Show Report']
[INFO ][2016-02-05 12:27:28,888][com.java.TestType] [ 6727] - value = //div[@id='isAlertsHeading']//span[@title='Show Report']
[INFO ][2016-02-05 12:27:28,969][com.java.SeleniumDriver] [  930] -  RESULT true
[INFO ][2016-02-05 12:27:28,969][com.java.SeleniumDriver] [ 1136] - ?   P A S S   ?
[INFO ][2016-02-05 12:27:28,969][com.java.SeleniumDriver] [ 1173] - Continue next step...
[INFO ][2016-02-05 12:27:28,969][com.java.SeleniumDriver] [  856] - ------------------------------------------
[INFO ][2016-02-05 12:27:28,969][com.java.SeleniumDriver] [  857] - Test case being Executed: 7
[INFO ][2016-02-05 12:27:28,969][com.java.SeleniumDriver] [  869] - Test step:16
[INFO ][2016-02-05 12:27:28,969][com.java.SeleniumDriver] [  881] - Datavalue is----------numberofupdatesbeforerefreshing
[INFO ][2016-02-05 12:27:28,969][com.java.SeleniumDriver] [  905] - DataField : XPH//span[@class='badge ng-binding ng-scope']
[INFO ][2016-02-05 12:27:28,969][com.java.SeleniumDriver] [  907] - DataValue : numberofupdatesbeforerefreshing
[INFO ][2016-02-05 12:27:28,969][com.java.SeleniumDriver] [  913] - <In Set values of the page>
[INFO ][2016-02-05 12:27:28,969][com.java.SeleniumDriver] [  916] - {Data Fields & Data Values Exist}
[INFO ][2016-02-05 12:27:28,969][com.java.SeleniumDriver] [  918] - --------------------------setting values-----------------------------
[INFO ][2016-02-05 12:27:28,969][com.java.SeleniumDriver] [  921] - Action Type : storevalue
[INFO ][2016-02-05 12:27:28,972][com.java.TestType] [ 9834] - field= XPH//span[@class='badge ng-binding ng-scope']
[DEBUG][2016-02-05 12:27:29,084][com.java.TestType] [ 9889] - Key:: numberofupdatesbeforerefreshing   Value:: 383
[INFO ][2016-02-05 12:27:29,084][com.java.SeleniumDriver] [  930] -  RESULT true
[INFO ][2016-02-05 12:27:29,084][com.java.SeleniumDriver] [ 1136] - ?   P A S S   ?
[INFO ][2016-02-05 12:27:29,084][com.java.SeleniumDriver] [  856] - ------------------------------------------
[INFO ][2016-02-05 12:27:29,084][com.java.SeleniumDriver] [  857] - Test case being Executed: 7
[INFO ][2016-02-05 12:27:29,084][com.java.SeleniumDriver] [  869] - Test step:17
[INFO ][2016-02-05 12:27:29,084][com.java.SeleniumDriver] [  881] - Datavalue is----------2
[INFO ][2016-02-05 12:27:29,084][com.java.SeleniumDriver] [  905] - DataField : XPH//span[contains(text(), "Today's Alerts")]
[INFO ][2016-02-05 12:27:29,084][com.java.SeleniumDriver] [  907] - DataValue : 2
[INFO ][2016-02-05 12:27:29,084][com.java.SeleniumDriver] [  913] - <In Set values of the page>
[INFO ][2016-02-05 12:27:29,084][com.java.SeleniumDriver] [  916] - {Data Fields & Data Values Exist}
[INFO ][2016-02-05 12:27:29,084][com.java.SeleniumDriver] [  918] - --------------------------setting values-----------------------------
[INFO ][2016-02-05 12:27:29,084][com.java.SeleniumDriver] [  921] - Action Type : WaitForElement
[INFO ][2016-02-05 12:27:29,129][com.java.SeleniumDriver] [  930] -  RESULT true
[INFO ][2016-02-05 12:27:29,129][com.java.SeleniumDriver] [ 1136] - ?   P A S S   ?
[INFO ][2016-02-05 12:27:29,129][com.java.SeleniumDriver] [  856] - ------------------------------------------
[INFO ][2016-02-05 12:27:29,129][com.java.SeleniumDriver] [  857] - Test case being Executed: 7
[INFO ][2016-02-05 12:27:29,129][com.java.SeleniumDriver] [  869] - Test step:18
[INFO ][2016-02-05 12:27:29,129][com.java.SeleniumDriver] [  881] - Datavalue is----------Today's Alerts
[INFO ][2016-02-05 12:27:29,129][com.java.SeleniumDriver] [  905] - DataField : XPH//span[contains(text(), "Today's Alerts")]
[INFO ][2016-02-05 12:27:29,129][com.java.SeleniumDriver] [  907] - DataValue : Today's Alerts
[INFO ][2016-02-05 12:27:29,129][com.java.SeleniumDriver] [  913] - <In Set values of the page>
[INFO ][2016-02-05 12:27:29,129][com.java.SeleniumDriver] [  916] - {Data Fields & Data Values Exist}
[INFO ][2016-02-05 12:27:29,129][com.java.SeleniumDriver] [  918] - --------------------------setting values-----------------------------
[INFO ][2016-02-05 12:27:29,129][com.java.SeleniumDriver] [  921] - Action Type : Verify
[INFO ][2016-02-05 12:27:29,132][com.java.TestType] [ 8335] - field= XPH//span[contains(text(), "Today's Alerts")] value= Today's Alerts
[INFO ][2016-02-05 12:27:29,132][com.java.TestType] [ 6727] - value = Today's Alerts
[INFO ][2016-02-05 12:27:29,274][com.java.SeleniumDriver] [  930] -  RESULT true
[INFO ][2016-02-05 12:27:29,274][com.java.SeleniumDriver] [ 1136] - ?   P A S S   ?
[INFO ][2016-02-05 12:27:29,274][com.java.SeleniumDriver] [  856] - ------------------------------------------
[INFO ][2016-02-05 12:27:29,274][com.java.SeleniumDriver] [  857] - Test case being Executed: 7
[INFO ][2016-02-05 12:27:29,274][com.java.SeleniumDriver] [  869] - Test step:19
[INFO ][2016-02-05 12:27:29,274][com.java.SeleniumDriver] [  881] - Datavalue is----------null
[DEBUG][2016-02-05 12:27:29,274][com.java.SeleniumDriver] [  899] - Exception: null
[INFO ][2016-02-05 12:27:29,274][com.java.SeleniumDriver] [  905] - DataField : //span[@class='icon-cog2']&&//ul[@id='Settings']/li/a&&//ul[@id='Customize']/li[3]/a
[INFO ][2016-02-05 12:27:29,274][com.java.SeleniumDriver] [  907] - DataValue : 
[INFO ][2016-02-05 12:27:29,274][com.java.SeleniumDriver] [  913] - <In Set values of the page>
[INFO ][2016-02-05 12:27:29,274][com.java.SeleniumDriver] [  916] - {Data Fields & Data Values Exist}
[INFO ][2016-02-05 12:27:29,274][com.java.SeleniumDriver] [  918] - --------------------------setting values-----------------------------
[INFO ][2016-02-05 12:27:29,274][com.java.SeleniumDriver] [  921] - Action Type : mouseover
[INFO ][2016-02-05 12:28:14,177][com.java.SeleniumDriver] [  930] -  RESULT true
[INFO ][2016-02-05 12:28:14,177][com.java.SeleniumDriver] [ 1136] - ?   P A S S   ?
[INFO ][2016-02-05 12:28:14,177][com.java.SeleniumDriver] [  856] - ------------------------------------------
[INFO ][2016-02-05 12:28:14,177][com.java.SeleniumDriver] [  857] - Test case being Executed: 7
[INFO ][2016-02-05 12:28:14,177][com.java.SeleniumDriver] [  869] - Test step:20
[INFO ][2016-02-05 12:28:14,179][com.java.SeleniumDriver] [  881] - Datavalue is----------10
[INFO ][2016-02-05 12:28:14,179][com.java.SeleniumDriver] [  905] - DataField : XPH//span[@class='ui-dialog-title']
[INFO ][2016-02-05 12:28:14,179][com.java.SeleniumDriver] [  907] - DataValue : 10
[INFO ][2016-02-05 12:28:14,179][com.java.SeleniumDriver] [  913] - <In Set values of the page>
[INFO ][2016-02-05 12:28:14,179][com.java.SeleniumDriver] [  916] - {Data Fields & Data Values Exist}
[INFO ][2016-02-05 12:28:14,179][com.java.SeleniumDriver] [  918] - --------------------------setting values-----------------------------
[INFO ][2016-02-05 12:28:14,179][com.java.SeleniumDriver] [  921] - Action Type : waitforelement
[INFO ][2016-02-05 12:28:14,256][com.java.SeleniumDriver] [  930] -  RESULT true
[INFO ][2016-02-05 12:28:14,256][com.java.SeleniumDriver] [ 1136] - ?   P A S S   ?
[INFO ][2016-02-05 12:28:14,256][com.java.SeleniumDriver] [  856] - ------------------------------------------
[INFO ][2016-02-05 12:28:14,256][com.java.SeleniumDriver] [  857] - Test case being Executed: 7
[INFO ][2016-02-05 12:28:14,256][com.java.SeleniumDriver] [  869] - Test step:21
[INFO ][2016-02-05 12:28:14,256][com.java.SeleniumDriver] [  881] - Datavalue is----------My Alerts
[INFO ][2016-02-05 12:28:14,256][com.java.SeleniumDriver] [  905] - DataField : XPH//span[@class='ui-dialog-title']
[INFO ][2016-02-05 12:28:14,256][com.java.SeleniumDriver] [  907] - DataValue : My Alerts
[INFO ][2016-02-05 12:28:14,256][com.java.SeleniumDriver] [  913] - <In Set values of the page>
[INFO ][2016-02-05 12:28:14,256][com.java.SeleniumDriver] [  916] - {Data Fields & Data Values Exist}
[INFO ][2016-02-05 12:28:14,256][com.java.SeleniumDriver] [  918] - --------------------------setting values-----------------------------
[INFO ][2016-02-05 12:28:14,256][com.java.SeleniumDriver] [  921] - Action Type : verify
[INFO ][2016-02-05 12:28:14,256][com.java.TestType] [ 8335] - field= XPH//span[@class='ui-dialog-title'] value= My Alerts
[INFO ][2016-02-05 12:28:14,256][com.java.TestType] [ 6727] - value = My Alerts
[INFO ][2016-02-05 12:28:14,381][com.java.SeleniumDriver] [  930] -  RESULT true
[INFO ][2016-02-05 12:28:14,381][com.java.SeleniumDriver] [ 1136] - ?   P A S S   ?
[INFO ][2016-02-05 12:28:14,381][com.java.SeleniumDriver] [  856] - ------------------------------------------
[INFO ][2016-02-05 12:28:14,381][com.java.SeleniumDriver] [  857] - Test case being Executed: 7
[INFO ][2016-02-05 12:28:14,381][com.java.SeleniumDriver] [  869] - Test step:22
[INFO ][2016-02-05 12:28:14,381][com.java.SeleniumDriver] [  881] - Datavalue is----------null
[DEBUG][2016-02-05 12:28:14,381][com.java.SeleniumDriver] [  899] - Exception: null
[INFO ][2016-02-05 12:28:14,381][com.java.SeleniumDriver] [  905] - DataField : BTNframeDialogContent
[INFO ][2016-02-05 12:28:14,381][com.java.SeleniumDriver] [  907] - DataValue : 
[INFO ][2016-02-05 12:28:14,381][com.java.SeleniumDriver] [  913] - <In Set values of the page>
[INFO ][2016-02-05 12:28:14,381][com.java.SeleniumDriver] [  916] - {Data Fields & Data Values Exist}
[INFO ][2016-02-05 12:28:14,381][com.java.SeleniumDriver] [  918] - --------------------------setting values-----------------------------
[INFO ][2016-02-05 12:28:14,381][com.java.SeleniumDriver] [  921] - Action Type : selectframe
[INFO ][2016-02-05 12:28:15,705][com.java.SeleniumDriver] [  930] -  RESULT true
[INFO ][2016-02-05 12:28:15,705][com.java.SeleniumDriver] [ 1136] - ?   P A S S   ?
[INFO ][2016-02-05 12:28:15,705][com.java.SeleniumDriver] [  856] - ------------------------------------------
[INFO ][2016-02-05 12:28:15,705][com.java.SeleniumDriver] [  857] - Test case being Executed: 7
[INFO ][2016-02-05 12:28:15,705][com.java.SeleniumDriver] [  869] - Test step:23
[INFO ][2016-02-05 12:28:15,705][com.java.SeleniumDriver] [  881] - Datavalue is----------null
[DEBUG][2016-02-05 12:28:15,705][com.java.SeleniumDriver] [  899] - Exception: null
[INFO ][2016-02-05 12:28:15,705][com.java.SeleniumDriver] [  905] - DataField : HDN//div[@id='BalSheet']/preceding::span[2]
[INFO ][2016-02-05 12:28:15,705][com.java.SeleniumDriver] [  907] - DataValue : 
[INFO ][2016-02-05 12:28:15,705][com.java.SeleniumDriver] [  913] - <In Set values of the page>
[INFO ][2016-02-05 12:28:15,705][com.java.SeleniumDriver] [  916] - {Data Fields & Data Values Exist}
[INFO ][2016-02-05 12:28:15,705][com.java.SeleniumDriver] [  918] - --------------------------setting values-----------------------------
[INFO ][2016-02-05 12:28:15,705][com.java.SeleniumDriver] [  921] - Action Type : click
[INFO ][2016-02-05 12:28:15,705][com.java.TestType] [ 7106] - Field ::HDN//div[@id='BalSheet']/preceding::span[2]
[INFO ][2016-02-05 12:28:15,705][com.java.TestType] [ 6727] - value = 
[INFO ][2016-02-05 12:28:16,770][com.java.SeleniumDriver] [  930] -  RESULT true
[INFO ][2016-02-05 12:28:16,770][com.java.SeleniumDriver] [ 1136] - ?   P A S S   ?
[INFO ][2016-02-05 12:28:16,770][com.java.SeleniumDriver] [  856] - ------------------------------------------
[INFO ][2016-02-05 12:28:16,770][com.java.SeleniumDriver] [  857] - Test case being Executed: 7
[INFO ][2016-02-05 12:28:16,770][com.java.SeleniumDriver] [  869] - Test step:24
[INFO ][2016-02-05 12:28:16,770][com.java.SeleniumDriver] [  881] - Datavalue is----------Alerts
[INFO ][2016-02-05 12:28:16,770][com.java.SeleniumDriver] [  905] - DataField : MSG
[INFO ][2016-02-05 12:28:16,770][com.java.SeleniumDriver] [  907] - DataValue : Alerts
[INFO ][2016-02-05 12:28:16,770][com.java.SeleniumDriver] [  913] - <In Set values of the page>
[INFO ][2016-02-05 12:28:16,770][com.java.SeleniumDriver] [  916] - {Data Fields & Data Values Exist}
[INFO ][2016-02-05 12:28:16,770][com.java.SeleniumDriver] [  918] - --------------------------setting values-----------------------------
[INFO ][2016-02-05 12:28:16,770][com.java.SeleniumDriver] [  921] - Action Type : verify
[INFO ][2016-02-05 12:28:16,770][com.java.TestType] [ 8335] - field= MSG value= Alerts
[INFO ][2016-02-05 12:28:16,770][com.java.TestType] [ 6727] - value = Alerts
[DEBUG][2016-02-05 12:28:16,773][com.java.TestType] [ 9198] - value :: Alerts
[INFO ][2016-02-05 12:28:16,830][com.java.SeleniumDriver] [  930] -  RESULT true
[INFO ][2016-02-05 12:28:16,830][com.java.SeleniumDriver] [ 1136] - ?   P A S S   ?
[INFO ][2016-02-05 12:28:16,830][com.java.SeleniumDriver] [  856] - ------------------------------------------
[INFO ][2016-02-05 12:28:16,830][com.java.SeleniumDriver] [  857] - Test case being Executed: 7
[INFO ][2016-02-05 12:28:16,830][com.java.SeleniumDriver] [  869] - Test step:25
[INFO ][2016-02-05 12:28:16,830][com.java.SeleniumDriver] [  881] - Datavalue is----------Description
[INFO ][2016-02-05 12:28:16,833][com.java.SeleniumDriver] [  905] - DataField : MSG
[INFO ][2016-02-05 12:28:16,833][com.java.SeleniumDriver] [  907] - DataValue : Description
[INFO ][2016-02-05 12:28:16,833][com.java.SeleniumDriver] [  913] - <In Set values of the page>
[INFO ][2016-02-05 12:28:16,833][com.java.SeleniumDriver] [  916] - {Data Fields & Data Values Exist}
[INFO ][2016-02-05 12:28:16,833][com.java.SeleniumDriver] [  918] - --------------------------setting values-----------------------------
[INFO ][2016-02-05 12:28:16,833][com.java.SeleniumDriver] [  921] - Action Type : verify
[INFO ][2016-02-05 12:28:16,833][com.java.TestType] [ 8335] - field= MSG value= Description
[INFO ][2016-02-05 12:28:16,835][com.java.TestType] [ 6727] - value = Description
[DEBUG][2016-02-05 12:28:16,835][com.java.TestType] [ 9198] - value :: Description
[INFO ][2016-02-05 12:28:16,855][com.java.SeleniumDriver] [  930] -  RESULT true
[INFO ][2016-02-05 12:28:16,855][com.java.SeleniumDriver] [ 1136] - ?   P A S S   ?
[INFO ][2016-02-05 12:28:16,858][com.java.SeleniumDriver] [  856] - ------------------------------------------
[INFO ][2016-02-05 12:28:16,858][com.java.SeleniumDriver] [  857] - Test case being Executed: 7
[INFO ][2016-02-05 12:28:16,858][com.java.SeleniumDriver] [  869] - Test step:26
[INFO ][2016-02-05 12:28:16,858][com.java.SeleniumDriver] [  881] - Datavalue is----------Alert %
[INFO ][2016-02-05 12:28:16,858][com.java.SeleniumDriver] [  905] - DataField : MSG
[INFO ][2016-02-05 12:28:16,858][com.java.SeleniumDriver] [  907] - DataValue : Alert %
[INFO ][2016-02-05 12:28:16,858][com.java.SeleniumDriver] [  913] - <In Set values of the page>
[INFO ][2016-02-05 12:28:16,858][com.java.SeleniumDriver] [  916] - {Data Fields & Data Values Exist}
[INFO ][2016-02-05 12:28:16,858][com.java.SeleniumDriver] [  918] - --------------------------setting values-----------------------------
[INFO ][2016-02-05 12:28:16,858][com.java.SeleniumDriver] [  921] - Action Type : verify
[INFO ][2016-02-05 12:28:16,858][com.java.TestType] [ 8335] - field= MSG value= Alert %
[INFO ][2016-02-05 12:28:16,858][com.java.TestType] [ 6727] - value = Alert %
[DEBUG][2016-02-05 12:28:16,858][com.java.TestType] [ 9198] - value :: Alert %
[INFO ][2016-02-05 12:28:16,878][com.java.SeleniumDriver] [  930] -  RESULT true
[INFO ][2016-02-05 12:28:16,878][com.java.SeleniumDriver] [ 1136] - ?   P A S S   ?
[INFO ][2016-02-05 12:28:16,878][com.java.SeleniumDriver] [  856] - ------------------------------------------
[INFO ][2016-02-05 12:28:16,878][com.java.SeleniumDriver] [  857] - Test case being Executed: 7
[INFO ][2016-02-05 12:28:16,878][com.java.SeleniumDriver] [  869] - Test step:27
[INFO ][2016-02-05 12:28:16,878][com.java.SeleniumDriver] [  881] - Datavalue is----------Alert $
[INFO ][2016-02-05 12:28:16,878][com.java.SeleniumDriver] [  905] - DataField : MSG
[INFO ][2016-02-05 12:28:16,878][com.java.SeleniumDriver] [  907] - DataValue : Alert $
[INFO ][2016-02-05 12:28:16,878][com.java.SeleniumDriver] [  913] - <In Set values of the page>
[INFO ][2016-02-05 12:28:16,878][com.java.SeleniumDriver] [  916] - {Data Fields & Data Values Exist}
[INFO ][2016-02-05 12:28:16,878][com.java.SeleniumDriver] [  918] - --------------------------setting values-----------------------------
[INFO ][2016-02-05 12:28:16,880][com.java.SeleniumDriver] [  921] - Action Type : verify
[INFO ][2016-02-05 12:28:16,880][com.java.TestType] [ 8335] - field= MSG value= Alert $
[INFO ][2016-02-05 12:28:16,880][com.java.TestType] [ 6727] - value = Alert $
[DEBUG][2016-02-05 12:28:16,880][com.java.TestType] [ 9198] - value :: Alert $
[INFO ][2016-02-05 12:28:16,898][com.java.SeleniumDriver] [  930] -  RESULT true
[INFO ][2016-02-05 12:28:16,898][com.java.SeleniumDriver] [ 1136] - ?   P A S S   ?
[INFO ][2016-02-05 12:28:16,898][com.java.SeleniumDriver] [  856] - ------------------------------------------
[INFO ][2016-02-05 12:28:16,898][com.java.SeleniumDriver] [  857] - Test case being Executed: 7
[INFO ][2016-02-05 12:28:16,898][com.java.SeleniumDriver] [  869] - Test step:28
[INFO ][2016-02-05 12:28:16,898][com.java.SeleniumDriver] [  881] - Datavalue is----------40.00
[INFO ][2016-02-05 12:28:16,898][com.java.SeleniumDriver] [  905] - DataField : TXT//table[@id='IncomeTbl']/tbody/tr[1]/td[4]/input
[INFO ][2016-02-05 12:28:16,898][com.java.SeleniumDriver] [  907] - DataValue : 40.00
[INFO ][2016-02-05 12:28:16,898][com.java.SeleniumDriver] [  913] - <In Set values of the page>
[INFO ][2016-02-05 12:28:16,898][com.java.SeleniumDriver] [  916] - {Data Fields & Data Values Exist}
[INFO ][2016-02-05 12:28:16,898][com.java.SeleniumDriver] [  918] - --------------------------setting values-----------------------------
[INFO ][2016-02-05 12:28:16,898][com.java.SeleniumDriver] [  921] - Action Type : clearandenter
[INFO ][2016-02-05 12:28:17,065][com.java.TestType] [ 6727] - value = 40.00
[INFO ][2016-02-05 12:28:17,200][com.java.SeleniumDriver] [  930] -  RESULT true
[INFO ][2016-02-05 12:28:17,200][com.java.SeleniumDriver] [ 1136] - ?   P A S S   ?
[INFO ][2016-02-05 12:28:17,200][com.java.SeleniumDriver] [  856] - ------------------------------------------
[INFO ][2016-02-05 12:28:17,200][com.java.SeleniumDriver] [  857] - Test case being Executed: 7
[INFO ][2016-02-05 12:28:17,200][com.java.SeleniumDriver] [  869] - Test step:29
[INFO ][2016-02-05 12:28:17,200][com.java.SeleniumDriver] [  881] - Datavalue is----------10
[INFO ][2016-02-05 12:28:17,200][com.java.SeleniumDriver] [  905] - DataField : TXT//table[@id='IncomeTbl']/tbody/tr[1]/td[4]/input
[INFO ][2016-02-05 12:28:17,200][com.java.SeleniumDriver] [  907] - DataValue : 10
[INFO ][2016-02-05 12:28:17,200][com.java.SeleniumDriver] [  913] - <In Set values of the page>
[INFO ][2016-02-05 12:28:17,200][com.java.SeleniumDriver] [  916] - {Data Fields & Data Values Exist}
[INFO ][2016-02-05 12:28:17,203][com.java.SeleniumDriver] [  918] - --------------------------setting values-----------------------------
[INFO ][2016-02-05 12:28:17,203][com.java.SeleniumDriver] [  921] - Action Type : waitforelement
[INFO ][2016-02-05 12:28:17,225][com.java.SeleniumDriver] [  930] -  RESULT true
[INFO ][2016-02-05 12:28:17,225][com.java.SeleniumDriver] [ 1136] - ?   P A S S   ?
[INFO ][2016-02-05 12:28:17,225][com.java.SeleniumDriver] [  856] - ------------------------------------------
[INFO ][2016-02-05 12:28:17,225][com.java.SeleniumDriver] [  857] - Test case being Executed: 7
[INFO ][2016-02-05 12:28:17,225][com.java.SeleniumDriver] [  869] - Test step:30
[INFO ][2016-02-05 12:28:17,225][com.java.SeleniumDriver] [  881] - Datavalue is----------changedalertpercentage1
[INFO ][2016-02-05 12:28:17,225][com.java.SeleniumDriver] [  905] - DataField : TXT//table[@id='IncomeTbl']/tbody/tr[1]/td[4]/input
[INFO ][2016-02-05 12:28:17,225][com.java.SeleniumDriver] [  907] - DataValue : changedalertpercentage1
[INFO ][2016-02-05 12:28:17,225][com.java.SeleniumDriver] [  913] - <In Set values of the page>
[INFO ][2016-02-05 12:28:17,225][com.java.SeleniumDriver] [  916] - {Data Fields & Data Values Exist}
[INFO ][2016-02-05 12:28:17,225][com.java.SeleniumDriver] [  918] - --------------------------setting values-----------------------------
[INFO ][2016-02-05 12:28:17,225][com.java.SeleniumDriver] [  921] - Action Type : storevalue
[INFO ][2016-02-05 12:28:17,225][com.java.TestType] [ 9834] - field= TXT//table[@id='IncomeTbl']/tbody/tr[1]/td[4]/input
[DEBUG][2016-02-05 12:28:17,360][com.java.TestType] [ 9848] - Key:: changedalertpercentage1  Value:: 40.00
[INFO ][2016-02-05 12:28:17,360][com.java.SeleniumDriver] [  930] -  RESULT true
[INFO ][2016-02-05 12:28:17,360][com.java.SeleniumDriver] [ 1136] - ?   P A S S   ?
[INFO ][2016-02-05 12:28:17,360][com.java.SeleniumDriver] [  856] - ------------------------------------------
[INFO ][2016-02-05 12:28:17,360][com.java.SeleniumDriver] [  857] - Test case being Executed: 7
[INFO ][2016-02-05 12:28:17,360][com.java.SeleniumDriver] [  869] - Test step:31
[INFO ][2016-02-05 12:28:17,360][com.java.SeleniumDriver] [  881] - Datavalue is----------81.00
[INFO ][2016-02-05 12:28:17,360][com.java.SeleniumDriver] [  905] - DataField : TXT//table[@id='IncomeTbl']/tbody/tr[5]/td[4]/input
[INFO ][2016-02-05 12:28:17,360][com.java.SeleniumDriver] [  907] - DataValue : 81.00
[INFO ][2016-02-05 12:28:17,360][com.java.SeleniumDriver] [  913] - <In Set values of the page>
[INFO ][2016-02-05 12:28:17,360][com.java.SeleniumDriver] [  916] - {Data Fields & Data Values Exist}
[INFO ][2016-02-05 12:28:17,360][com.java.SeleniumDriver] [  918] - --------------------------setting values-----------------------------
[INFO ][2016-02-05 12:28:17,360][com.java.SeleniumDriver] [  921] - Action Type : clearandenter
[INFO ][2016-02-05 12:28:17,475][com.java.TestType] [ 6727] - value = 81.00
[INFO ][2016-02-05 12:28:17,670][com.java.SeleniumDriver] [  930] -  RESULT true
[INFO ][2016-02-05 12:28:17,670][com.java.SeleniumDriver] [ 1136] - ?   P A S S   ?
[INFO ][2016-02-05 12:28:17,670][com.java.SeleniumDriver] [  856] - ------------------------------------------
[INFO ][2016-02-05 12:28:17,670][com.java.SeleniumDriver] [  857] - Test case being Executed: 7
[INFO ][2016-02-05 12:28:17,670][com.java.SeleniumDriver] [  869] - Test step:32
[INFO ][2016-02-05 12:28:17,670][com.java.SeleniumDriver] [  881] - Datavalue is----------10
[INFO ][2016-02-05 12:28:17,670][com.java.SeleniumDriver] [  905] - DataField : TXT//table[@id='IncomeTbl']/tbody/tr[5]/td[4]/input
[INFO ][2016-02-05 12:28:17,670][com.java.SeleniumDriver] [  907] - DataValue : 10
[INFO ][2016-02-05 12:28:17,670][com.java.SeleniumDriver] [  913] - <In Set values of the page>
[INFO ][2016-02-05 12:28:17,670][com.java.SeleniumDriver] [  916] - {Data Fields & Data Values Exist}
[INFO ][2016-02-05 12:28:17,670][com.java.SeleniumDriver] [  918] - --------------------------setting values-----------------------------
[INFO ][2016-02-05 12:28:17,670][com.java.SeleniumDriver] [  921] - Action Type : waitforelement
[INFO ][2016-02-05 12:28:17,695][com.java.SeleniumDriver] [  930] -  RESULT true
[INFO ][2016-02-05 12:28:17,695][com.java.SeleniumDriver] [ 1136] - ?   P A S S   ?
[INFO ][2016-02-05 12:28:17,695][com.java.SeleniumDriver] [  856] - ------------------------------------------
[INFO ][2016-02-05 12:28:17,695][com.java.SeleniumDriver] [  857] - Test case being Executed: 7
[INFO ][2016-02-05 12:28:17,695][com.java.SeleniumDriver] [  869] - Test step:33
[INFO ][2016-02-05 12:28:17,695][com.java.SeleniumDriver] [  881] - Datavalue is----------changedalertpercentage2
[INFO ][2016-02-05 12:28:17,695][com.java.SeleniumDriver] [  905] - DataField : TXT//table[@id='IncomeTbl']/tbody/tr[5]/td[4]/input
[INFO ][2016-02-05 12:28:17,695][com.java.SeleniumDriver] [  907] - DataValue : changedalertpercentage2
[INFO ][2016-02-05 12:28:17,695][com.java.SeleniumDriver] [  913] - <In Set values of the page>
[INFO ][2016-02-05 12:28:17,695][com.java.SeleniumDriver] [  916] - {Data Fields & Data Values Exist}
[INFO ][2016-02-05 12:28:17,695][com.java.SeleniumDriver] [  918] - --------------------------setting values-----------------------------
[INFO ][2016-02-05 12:28:17,698][com.java.SeleniumDriver] [  921] - Action Type : storevalue
[INFO ][2016-02-05 12:28:17,698][com.java.TestType] [ 9834] - field= TXT//table[@id='IncomeTbl']/tbody/tr[5]/td[4]/input
[DEBUG][2016-02-05 12:28:17,755][com.java.TestType] [ 9848] - Key:: changedalertpercentage2  Value:: 81.00
[INFO ][2016-02-05 12:28:17,755][com.java.SeleniumDriver] [  930] -  RESULT true
[INFO ][2016-02-05 12:28:17,755][com.java.SeleniumDriver] [ 1136] - ?   P A S S   ?
[INFO ][2016-02-05 12:28:17,755][com.java.SeleniumDriver] [  856] - ------------------------------------------
[INFO ][2016-02-05 12:28:17,755][com.java.SeleniumDriver] [  857] - Test case being Executed: 7
[INFO ][2016-02-05 12:28:17,755][com.java.SeleniumDriver] [  869] - Test step:34
[INFO ][2016-02-05 12:28:17,755][com.java.SeleniumDriver] [  881] - Datavalue is----------51.00
[INFO ][2016-02-05 12:28:17,756][com.java.SeleniumDriver] [  905] - DataField : TXT//table[@id='IncomeTbl']/tbody/tr[7]/td[4]/input
[INFO ][2016-02-05 12:28:17,756][com.java.SeleniumDriver] [  907] - DataValue : 51.00
[INFO ][2016-02-05 12:28:17,756][com.java.SeleniumDriver] [  913] - <In Set values of the page>
[INFO ][2016-02-05 12:28:17,756][com.java.SeleniumDriver] [  916] - {Data Fields & Data Values Exist}
[INFO ][2016-02-05 12:28:17,756][com.java.SeleniumDriver] [  918] - --------------------------setting values-----------------------------
[INFO ][2016-02-05 12:28:17,756][com.java.SeleniumDriver] [  921] - Action Type : clearandenter
[INFO ][2016-02-05 12:28:17,861][com.java.TestType] [ 6727] - value = 51.00
[INFO ][2016-02-05 12:28:18,064][com.java.SeleniumDriver] [  930] -  RESULT true
[INFO ][2016-02-05 12:28:18,064][com.java.SeleniumDriver] [ 1136] - ?   P A S S   ?
[INFO ][2016-02-05 12:28:18,064][com.java.SeleniumDriver] [  856] - ------------------------------------------
[INFO ][2016-02-05 12:28:18,064][com.java.SeleniumDriver] [  857] - Test case being Executed: 7
[INFO ][2016-02-05 12:28:18,064][com.java.SeleniumDriver] [  869] - Test step:35
[INFO ][2016-02-05 12:28:18,064][com.java.SeleniumDriver] [  881] - Datavalue is----------10
[INFO ][2016-02-05 12:28:18,064][com.java.SeleniumDriver] [  905] - DataField : TXT//table[@id='IncomeTbl']/tbody/tr[7]/td[4]/input
[INFO ][2016-02-05 12:28:18,064][com.java.SeleniumDriver] [  907] - DataValue : 10
[INFO ][2016-02-05 12:28:18,064][com.java.SeleniumDriver] [  913] - <In Set values of the page>
[INFO ][2016-02-05 12:28:18,064][com.java.SeleniumDriver] [  916] - {Data Fields & Data Values Exist}
[INFO ][2016-02-05 12:28:18,064][com.java.SeleniumDriver] [  918] - --------------------------setting values-----------------------------
[INFO ][2016-02-05 12:28:18,064][com.java.SeleniumDriver] [  921] - Action Type : waitforelement
[INFO ][2016-02-05 12:28:18,089][com.java.SeleniumDriver] [  930] -  RESULT true
[INFO ][2016-02-05 12:28:18,089][com.java.SeleniumDriver] [ 1136] - ?   P A S S   ?
[INFO ][2016-02-05 12:28:18,089][com.java.SeleniumDriver] [  856] - ------------------------------------------
[INFO ][2016-02-05 12:28:18,089][com.java.SeleniumDriver] [  857] - Test case being Executed: 7
[INFO ][2016-02-05 12:28:18,091][com.java.SeleniumDriver] [  869] - Test step:36
[INFO ][2016-02-05 12:28:18,091][com.java.SeleniumDriver] [  881] - Datavalue is----------changedalertpercentage3
[INFO ][2016-02-05 12:28:18,091][com.java.SeleniumDriver] [  905] - DataField : TXT//table[@id='IncomeTbl']/tbody/tr[7]/td[4]/input
[INFO ][2016-02-05 12:28:18,091][com.java.SeleniumDriver] [  907] - DataValue : changedalertpercentage3
[INFO ][2016-02-05 12:28:18,091][com.java.SeleniumDriver] [  913] - <In Set values of the page>
[INFO ][2016-02-05 12:28:18,091][com.java.SeleniumDriver] [  916] - {Data Fields & Data Values Exist}
[INFO ][2016-02-05 12:28:18,091][com.java.SeleniumDriver] [  918] - --------------------------setting values-----------------------------
[INFO ][2016-02-05 12:28:18,091][com.java.SeleniumDriver] [  921] - Action Type : storevalue
[INFO ][2016-02-05 12:28:18,091][com.java.TestType] [ 9834] - field= TXT//table[@id='IncomeTbl']/tbody/tr[7]/td[4]/input
[DEBUG][2016-02-05 12:28:18,154][com.java.TestType] [ 9848] - Key:: changedalertpercentage3  Value:: 51.00
[INFO ][2016-02-05 12:28:18,154][com.java.SeleniumDriver] [  930] -  RESULT true
[INFO ][2016-02-05 12:28:18,154][com.java.SeleniumDriver] [ 1136] - ?   P A S S   ?
[INFO ][2016-02-05 12:28:18,154][com.java.SeleniumDriver] [  856] - ------------------------------------------
[INFO ][2016-02-05 12:28:18,154][com.java.SeleniumDriver] [  857] - Test case being Executed: 7
[INFO ][2016-02-05 12:28:18,154][com.java.SeleniumDriver] [  869] - Test step:37
[INFO ][2016-02-05 12:28:18,154][com.java.SeleniumDriver] [  881] - Datavalue is----------null
[DEBUG][2016-02-05 12:28:18,154][com.java.SeleniumDriver] [  899] - Exception: null
[INFO ][2016-02-05 12:28:18,154][com.java.SeleniumDriver] [  905] - DataField : HDN//div[@id='BalSheet']/preceding::span[2]
[INFO ][2016-02-05 12:28:18,154][com.java.SeleniumDriver] [  907] - DataValue : 
[INFO ][2016-02-05 12:28:18,154][com.java.SeleniumDriver] [  913] - <In Set values of the page>
[INFO ][2016-02-05 12:28:18,154][com.java.SeleniumDriver] [  916] - {Data Fields & Data Values Exist}
[INFO ][2016-02-05 12:28:18,154][com.java.SeleniumDriver] [  918] - --------------------------setting values-----------------------------
[INFO ][2016-02-05 12:28:18,154][com.java.SeleniumDriver] [  921] - Action Type : click
[INFO ][2016-02-05 12:28:18,154][com.java.TestType] [ 7106] - Field ::HDN//div[@id='BalSheet']/preceding::span[2]
[INFO ][2016-02-05 12:28:18,154][com.java.TestType] [ 6727] - value = 
[INFO ][2016-02-05 12:28:19,207][com.java.SeleniumDriver] [  930] -  RESULT true
[INFO ][2016-02-05 12:28:19,207][com.java.SeleniumDriver] [ 1136] - ?   P A S S   ?
[INFO ][2016-02-05 12:28:19,207][com.java.SeleniumDriver] [  856] - ------------------------------------------
[INFO ][2016-02-05 12:28:19,207][com.java.SeleniumDriver] [  857] - Test case being Executed: 7
[INFO ][2016-02-05 12:28:19,207][com.java.SeleniumDriver] [  869] - Test step:38
[INFO ][2016-02-05 12:28:19,207][com.java.SeleniumDriver] [  881] - Datavalue is----------5
[INFO ][2016-02-05 12:28:19,207][com.java.SeleniumDriver] [  905] - DataField : null
[INFO ][2016-02-05 12:28:19,207][com.java.SeleniumDriver] [  907] - DataValue : 5
[INFO ][2016-02-05 12:28:19,207][com.java.SeleniumDriver] [  913] - <In Set values of the page>
[INFO ][2016-02-05 12:28:19,207][com.java.SeleniumDriver] [  916] - {Data Fields & Data Values Exist}
[INFO ][2016-02-05 12:28:19,207][com.java.SeleniumDriver] [  918] - --------------------------setting values-----------------------------
[INFO ][2016-02-05 12:28:19,207][com.java.SeleniumDriver] [  921] - Action Type : WAITTIME
[DEBUG][2016-02-05 12:28:19,207][com.java.TestType] [ 6541] - sleepTime: 5000
[INFO ][2016-02-05 12:28:24,207][com.java.SeleniumDriver] [  930] -  RESULT true
[INFO ][2016-02-05 12:28:24,207][com.java.SeleniumDriver] [ 1136] - ?   P A S S   ?
[INFO ][2016-02-05 12:28:24,207][com.java.SeleniumDriver] [  856] - ------------------------------------------
[INFO ][2016-02-05 12:28:24,207][com.java.SeleniumDriver] [  857] - Test case being Executed: 7
[INFO ][2016-02-05 12:28:24,207][com.java.SeleniumDriver] [  869] - Test step:39
[INFO ][2016-02-05 12:28:24,207][com.java.SeleniumDriver] [  881] - Datavalue is----------null
[DEBUG][2016-02-05 12:28:24,207][com.java.SeleniumDriver] [  899] - Exception: null
[INFO ][2016-02-05 12:28:24,207][com.java.SeleniumDriver] [  905] - DataField : HDN//div[@id='BalSheet']/preceding::span[3]
[INFO ][2016-02-05 12:28:24,207][com.java.SeleniumDriver] [  907] - DataValue : 
[INFO ][2016-02-05 12:28:24,207][com.java.SeleniumDriver] [  913] - <In Set values of the page>
[INFO ][2016-02-05 12:28:24,207][com.java.SeleniumDriver] [  916] - {Data Fields & Data Values Exist}
[INFO ][2016-02-05 12:28:24,207][com.java.SeleniumDriver] [  918] - --------------------------setting values-----------------------------
[INFO ][2016-02-05 12:28:24,207][com.java.SeleniumDriver] [  921] - Action Type : click
[INFO ][2016-02-05 12:28:24,207][com.java.TestType] [ 7106] - Field ::HDN//div[@id='BalSheet']/preceding::span[3]
[INFO ][2016-02-05 12:28:24,207][com.java.TestType] [ 6727] - value = 
[INFO ][2016-02-05 12:28:25,345][com.java.SeleniumDriver] [  930] -  RESULT true
[INFO ][2016-02-05 12:28:25,345][com.java.SeleniumDriver] [ 1136] - ?   P A S S   ?
[INFO ][2016-02-05 12:28:25,345][com.java.SeleniumDriver] [  856] - ------------------------------------------
[INFO ][2016-02-05 12:28:25,345][com.java.SeleniumDriver] [  857] - Test case being Executed: 7
[INFO ][2016-02-05 12:28:25,345][com.java.SeleniumDriver] [  869] - Test step:40
[INFO ][2016-02-05 12:28:25,345][com.java.SeleniumDriver] [  881] - Datavalue is----------10
[INFO ][2016-02-05 12:28:25,345][com.java.SeleniumDriver] [  905] - DataField : TXT//table[@id='BalSheetTbl']/tbody/tr[1]/td[4]/input
[INFO ][2016-02-05 12:28:25,345][com.java.SeleniumDriver] [  907] - DataValue : 10
[INFO ][2016-02-05 12:28:25,345][com.java.SeleniumDriver] [  913] - <In Set values of the page>
[INFO ][2016-02-05 12:28:25,345][com.java.SeleniumDriver] [  916] - {Data Fields & Data Values Exist}
[INFO ][2016-02-05 12:28:25,345][com.java.SeleniumDriver] [  918] - --------------------------setting values-----------------------------
[INFO ][2016-02-05 12:28:25,345][com.java.SeleniumDriver] [  921] - Action Type : waitforelement
[INFO ][2016-02-05 12:28:25,400][com.java.SeleniumDriver] [  930] -  RESULT true
[INFO ][2016-02-05 12:28:25,400][com.java.SeleniumDriver] [ 1136] - ?   P A S S   ?
[INFO ][2016-02-05 12:28:25,400][com.java.SeleniumDriver] [  856] - ------------------------------------------
[INFO ][2016-02-05 12:28:25,400][com.java.SeleniumDriver] [  857] - Test case being Executed: 7
[INFO ][2016-02-05 12:28:25,400][com.java.SeleniumDriver] [  869] - Test step:41
[INFO ][2016-02-05 12:28:25,400][com.java.SeleniumDriver] [  881] - Datavalue is----------HMVchangedalertpercentage1
[INFO ][2016-02-05 12:28:25,400][com.java.SeleniumDriver] [  905] - DataField : XPH//table[@id='BalSheetTbl']/tbody/tr[1]/td[4]/input
[INFO ][2016-02-05 12:28:25,400][com.java.SeleniumDriver] [  907] - DataValue : HMVchangedalertpercentage1
[INFO ][2016-02-05 12:28:25,400][com.java.SeleniumDriver] [  913] - <In Set values of the page>
[INFO ][2016-02-05 12:28:25,400][com.java.SeleniumDriver] [  916] - {Data Fields & Data Values Exist}
[INFO ][2016-02-05 12:28:25,400][com.java.SeleniumDriver] [  918] - --------------------------setting values-----------------------------
[INFO ][2016-02-05 12:28:25,400][com.java.SeleniumDriver] [  921] - Action Type : verify
[INFO ][2016-02-05 12:28:25,402][com.java.TestType] [ 8335] - field= XPH//table[@id='BalSheetTbl']/tbody/tr[1]/td[4]/input value= HMVchangedalertpercentage1
[INFO ][2016-02-05 12:28:25,402][com.java.TestType] [ 6727] - value = 40.00
[INFO ][2016-02-05 12:28:25,497][com.java.SeleniumDriver] [  930] -  RESULT false
[INFO ][2016-02-05 12:28:25,500][com.java.SeleniumDriver] [  977] - ?   F A I L   ?
[INFO ][2016-02-05 12:28:25,500][com.java.SeleniumDriver] [  985] - Browser Type : IE10
[INFO ][2016-02-05 12:28:25,500][com.java.SeleniumDriver] [  986] - Adding Failed case7
[INFO ][2016-02-05 12:28:25,677][com.java.SeleniumDriver] [ 1100] - failedCases = 7
[ERROR][2016-02-05 12:28:25,677][com.java.SeleniumDriver] [ 1599] - Platform Errors : Our apologies...::We have encountered an issue with your request.::Our apologies?:We encountered an issue with your request.
[INFO ][2016-02-05 12:28:25,677][com.java.SeleniumDriver] [ 1603] - Length =3
[ERROR][2016-02-05 12:28:25,677][com.java.SeleniumDriver] [ 1606] - Error 0 = Our apologies...
[ERROR][2016-02-05 12:28:25,707][com.java.SeleniumDriver] [ 1606] - Error 1 = We have encountered an issue with your request.
[ERROR][2016-02-05 12:28:25,727][com.java.SeleniumDriver] [ 1606] - Error 2 = Our apologies?:We encountered an issue with your request.
[INFO ][2016-02-05 12:28:25,745][com.java.SeleniumDriver] [ 1617] - strError:
[DEBUG][2016-02-05 12:28:25,757][com.java.SeleniumDriver] [ 1248] - Case found
[DEBUG][2016-02-05 12:28:25,757][com.java.SeleniumDriver] [ 1253] - Incrementing ReportCounters[0]:2
[INFO ][2016-02-05 12:28:25,757][com.java.SeleniumDriver] [ 1272] - The results are-------------------[7, 41, BD Right Hand Menu Bar: IS Alerts - Refresh icon, Fail, 
Test case failed at Step No. :: 41. Screen Shot : D:\BankersDashboard\TestReports\020516\7_020516_122825_IE10.png, Fri Feb 05 12:28:25 IST 2016]
[INFO ][2016-02-05 12:28:25,757][com.java.SeleniumDriver] [ 1276] - End time is-------2 min 11 sec
[INFO ][2016-02-05 12:28:25,757][com.java.SeleniumDriver] [ 1277] - The results are-------------------[7, 41, BD Right Hand Menu Bar: IS Alerts - Refresh icon, Fail, 
Test case failed at Step No. :: 41. Screen Shot : D:\BankersDashboard\TestReports\020516\7_020516_122825_IE10.png, Fri Feb 05 12:28:25 IST 2016]
[DEBUG][2016-02-05 12:28:25,757][com.java.ImportnExport.ExportTestResultsExcel] [  222] - testResultPath = D:\BankersDashboard/TestReports/Test Results_BankersDashBoard_020516_122616_IE10_Bank of North Carolina.xls
[DEBUG][2016-02-05 12:28:25,757][com.java.ImportnExport.ExportTestResultsExcel] [  223] - browser is------------IE10
[DEBUG][2016-02-05 12:28:25,760][com.java.ImportnExport.ExportTestResultsExcel] [  270] - result.size() = 6
[DEBUG][2016-02-05 12:28:25,760][com.java.ImportnExport.ExportTestResultsExcel] [  274] - No of rows in sheet=2
[DEBUG][2016-02-05 12:28:25,760][com.java.ImportnExport.ExportTestResultsExcel] [  301] - ..in export..7
[DEBUG][2016-02-05 12:28:25,760][com.java.ImportnExport.ExportTestResultsExcel] [  301] - ..in export..BD Right Hand Menu Bar: IS Alerts - Refresh icon
[DEBUG][2016-02-05 12:28:25,760][com.java.ImportnExport.ExportTestResultsExcel] [  301] - ..in export..Fail
[DEBUG][2016-02-05 12:28:25,760][com.java.ImportnExport.ExportTestResultsExcel] [  301] - ..in export..
Test case failed at Step No. :: 41. Screen Shot : D:\BankersDashboard\TestReports\020516\7_020516_122825_IE10.png
[DEBUG][2016-02-05 12:28:25,760][com.java.ImportnExport.ExportTestResultsExcel] [  301] - ..in export..Fri Feb 05 12:28:25 IST 2016
[INFO ][2016-02-05 12:28:25,762][com.java.SeleniumDriver] [ 1337] - out loop:1 size:3 TestCases:[1, 7, 9] testcases:[1, 7, 9]
[INFO ][2016-02-05 12:28:25,762][com.java.ImportnExport.ImportTestDataDetailsExcel] [   49] - test data details path===== D:\BankersDashboard\TestInputs\TestData.xls
[INFO ][2016-02-05 12:28:49,695][com.java.SeleniumDriver] [  856] - ------------------------------------------
[INFO ][2016-02-05 12:28:49,695][com.java.SeleniumDriver] [  857] - Test case being Executed: 9
[INFO ][2016-02-05 12:28:49,695][com.java.SeleniumDriver] [  869] - Test step:1
[INFO ][2016-02-05 12:28:49,695][com.java.SeleniumDriver] [  881] - Datavalue is----------Logout
[INFO ][2016-02-05 12:28:49,695][com.java.SeleniumDriver] [  905] - DataField : BTN
[INFO ][2016-02-05 12:28:49,695][com.java.SeleniumDriver] [  907] - DataValue : Logout
[INFO ][2016-02-05 12:28:49,695][com.java.SeleniumDriver] [  913] - <In Set values of the page>
[INFO ][2016-02-05 12:28:49,695][com.java.SeleniumDriver] [  916] - {Data Fields & Data Values Exist}
[INFO ][2016-02-05 12:28:49,695][com.java.SeleniumDriver] [  918] - --------------------------setting values-----------------------------
[INFO ][2016-02-05 12:28:49,695][com.java.SeleniumDriver] [  921] - Action Type : Verify
[INFO ][2016-02-05 12:28:49,695][com.java.TestType] [ 8335] - field= BTN value= Logout
[INFO ][2016-02-05 12:28:49,695][com.java.TestType] [ 6727] - value = Logout
[INFO ][2016-02-05 12:28:49,789][com.java.SeleniumDriver] [  930] -  RESULT true
[INFO ][2016-02-05 12:28:49,789][com.java.SeleniumDriver] [ 1136] - ?   P A S S   ?
[INFO ][2016-02-05 12:28:49,789][com.java.SeleniumDriver] [ 1178] - step change to 3
[INFO ][2016-02-05 12:28:49,789][com.java.SeleniumDriver] [  856] - ------------------------------------------
[INFO ][2016-02-05 12:28:49,789][com.java.SeleniumDriver] [  857] - Test case being Executed: 9
[INFO ][2016-02-05 12:28:49,789][com.java.SeleniumDriver] [  869] - Test step:3
[INFO ][2016-02-05 12:28:49,789][com.java.SeleniumDriver] [  881] - Datavalue is----------Concept#2:1-2
[INFO ][2016-02-05 12:28:49,789][com.java.SeleniumDriver] [  905] - DataField : test
[INFO ][2016-02-05 12:28:49,789][com.java.SeleniumDriver] [  907] - DataValue : Concept#2:1-2
[INFO ][2016-02-05 12:28:49,789][com.java.SeleniumDriver] [  913] - <In Set values of the page>
[INFO ][2016-02-05 12:28:49,789][com.java.SeleniumDriver] [  916] - {Data Fields & Data Values Exist}
[INFO ][2016-02-05 12:28:49,791][com.java.SeleniumDriver] [  918] - --------------------------setting values-----------------------------
[INFO ][2016-02-05 12:28:49,791][com.java.SeleniumDriver] [  921] - Action Type : ExecuteTestCase
[INFO ][2016-02-05 12:28:49,791][com.java.TestType] [  448] - The Concept sheet name is ---------- Concept
[INFO ][2016-02-05 12:28:49,791][com.java.TestType] [  451] - The Concept ID  is ---------- 2
[DEBUG][2016-02-05 12:28:49,791][com.java.TestType] [  455] - Steps being executted in the Concept are: 1:2
[INFO ][2016-02-05 12:28:49,791][com.java.TestType] [  462] - Test data details path ---------- D:\BankersDashboard\TestInputs\TestData.xls
[INFO ][2016-02-05 12:28:49,809][com.java.TestType] [  493] -  str(1) = 2
[INFO ][2016-02-05 12:28:49,809][com.java.TestType] [  496] - Test case Id is---2
[INFO ][2016-02-05 12:28:49,809][com.java.TestType] [  498] - 2
[INFO ][2016-02-05 12:28:49,809][com.java.TestType] [  493] -  str(2) = 1
[INFO ][2016-02-05 12:28:49,811][com.java.TestType] [  493] -  str(1) = 2
[INFO ][2016-02-05 12:28:49,811][com.java.TestType] [  496] - Test case Id is---2
[INFO ][2016-02-05 12:28:49,811][com.java.TestType] [  498] - 2
[INFO ][2016-02-05 12:28:49,811][com.java.TestType] [  493] -  str(2) = 2
[INFO ][2016-02-05 12:28:49,811][com.java.TestType] [  493] -  str(1) = 2
[INFO ][2016-02-05 12:28:49,811][com.java.TestType] [  496] - Test case Id is---2
[INFO ][2016-02-05 12:28:49,811][com.java.TestType] [  498] - 2
[INFO ][2016-02-05 12:28:49,811][com.java.TestType] [  493] -  str(2) = 3
[INFO ][2016-02-05 12:28:49,811][com.java.TestType] [12069] - Looping 1TCID = 2
[DEBUG][2016-02-05 12:28:49,811][com.java.TestType] [12110] - Concept ID:2 :: Step being Executed: 2::1
[INFO ][2016-02-05 12:28:49,811][com.java.TestType] [12148] - dataFields : BNK//select[@id='bank']
[DEBUG][2016-02-05 12:28:49,811][com.java.TestType] [12154] - <In Set values of the page>
[DEBUG][2016-02-05 12:28:49,811][com.java.TestType] [12159] - {Data Fields & Data Values Exist}
[INFO ][2016-02-05 12:28:49,811][com.java.TestType] [12165] - --------------------------setting values-----------------------------
[INFO ][2016-02-05 12:28:49,811][com.java.TestType] [12168] - Action Type : Select
[INFO ][2016-02-05 12:28:49,811][com.java.TestType] [ 6727] - value = PFC
[INFO ][2016-02-05 12:28:50,011][com.java.TestType] [12187] -  RESULT true
[INFO ][2016-02-05 12:28:50,011][com.java.TestType] [12304] - ?   P A S S   ?
[DEBUG][2016-02-05 12:28:50,011][com.java.TestType] [12110] - Concept ID:2 :: Step being Executed: 2::2
[INFO ][2016-02-05 12:28:50,011][com.java.TestType] [12148] - dataFields : LNKLogout
[DEBUG][2016-02-05 12:28:50,011][com.java.TestType] [12154] - <In Set values of the page>
[DEBUG][2016-02-05 12:28:50,011][com.java.TestType] [12159] - {Data Fields & Data Values Exist}
[INFO ][2016-02-05 12:28:50,011][com.java.TestType] [12165] - --------------------------setting values-----------------------------
[INFO ][2016-02-05 12:28:50,011][com.java.TestType] [12168] - Action Type : WaitTime
[DEBUG][2016-02-05 12:28:50,014][com.java.TestType] [ 6541] - sleepTime: 5000
[INFO ][2016-02-05 12:28:55,014][com.java.TestType] [12187] -  RESULT true
[INFO ][2016-02-05 12:28:55,014][com.java.TestType] [12304] - ?   P A S S   ?
[INFO ][2016-02-05 12:28:55,014][com.java.TestType] [12375] - Looping End......
[INFO ][2016-02-05 12:28:55,014][com.java.SeleniumDriver] [  930] -  RESULT true
[INFO ][2016-02-05 12:28:55,014][com.java.SeleniumDriver] [ 1136] - ?   P A S S   ?
[INFO ][2016-02-05 12:28:55,014][com.java.SeleniumDriver] [  856] - ------------------------------------------
[INFO ][2016-02-05 12:28:55,014][com.java.SeleniumDriver] [  857] - Test case being Executed: 9
[INFO ][2016-02-05 12:28:55,014][com.java.SeleniumDriver] [  869] - Test step:4
[INFO ][2016-02-05 12:28:55,014][com.java.SeleniumDriver] [  881] - Datavalue is----------2
[INFO ][2016-02-05 12:28:55,014][com.java.SeleniumDriver] [  905] - DataField : XPH//span[@class='icon-compass']
[INFO ][2016-02-05 12:28:55,014][com.java.SeleniumDriver] [  907] - DataValue : 2
[INFO ][2016-02-05 12:28:55,014][com.java.SeleniumDriver] [  913] - <In Set values of the page>
[INFO ][2016-02-05 12:28:55,014][com.java.SeleniumDriver] [  916] - {Data Fields & Data Values Exist}
[INFO ][2016-02-05 12:28:55,014][com.java.SeleniumDriver] [  918] - --------------------------setting values-----------------------------
[INFO ][2016-02-05 12:28:55,015][com.java.SeleniumDriver] [  921] - Action Type : WaitForElement
[INFO ][2016-02-05 12:28:55,060][com.java.SeleniumDriver] [  930] -  RESULT true
[INFO ][2016-02-05 12:28:55,060][com.java.SeleniumDriver] [ 1136] - ?   P A S S   ?
[INFO ][2016-02-05 12:28:55,060][com.java.SeleniumDriver] [  856] - ------------------------------------------
[INFO ][2016-02-05 12:28:55,060][com.java.SeleniumDriver] [  857] - Test case being Executed: 9
[INFO ][2016-02-05 12:28:55,060][com.java.SeleniumDriver] [  869] - Test step:5
[INFO ][2016-02-05 12:28:55,060][com.java.SeleniumDriver] [  881] - Datavalue is----------2
[INFO ][2016-02-05 12:28:55,060][com.java.SeleniumDriver] [  905] - DataField : XPH//button[contains(@class,'menu-item handle')]
[INFO ][2016-02-05 12:28:55,060][com.java.SeleniumDriver] [  907] - DataValue : 2
[INFO ][2016-02-05 12:28:55,060][com.java.SeleniumDriver] [  913] - <In Set values of the page>
[INFO ][2016-02-05 12:28:55,062][com.java.SeleniumDriver] [  916] - {Data Fields & Data Values Exist}
[INFO ][2016-02-05 12:28:55,062][com.java.SeleniumDriver] [  918] - --------------------------setting values-----------------------------
[INFO ][2016-02-05 12:28:55,062][com.java.SeleniumDriver] [  921] - Action Type : WaitForElement
[INFO ][2016-02-05 12:28:55,095][com.java.SeleniumDriver] [  930] -  RESULT true
[INFO ][2016-02-05 12:28:55,095][com.java.SeleniumDriver] [ 1136] - ?   P A S S   ?
[INFO ][2016-02-05 12:28:55,095][com.java.SeleniumDriver] [  856] - ------------------------------------------
[INFO ][2016-02-05 12:28:55,095][com.java.SeleniumDriver] [  857] - Test case being Executed: 9
[INFO ][2016-02-05 12:28:55,095][com.java.SeleniumDriver] [  869] - Test step:6
[INFO ][2016-02-05 12:28:55,095][com.java.SeleniumDriver] [  881] - Datavalue is----------null
[DEBUG][2016-02-05 12:28:55,095][com.java.SeleniumDriver] [  899] - Exception: null
[INFO ][2016-02-05 12:28:55,095][com.java.SeleniumDriver] [  905] - DataField : XPH//button[contains(@class,'menu-item handle')]
[INFO ][2016-02-05 12:28:55,095][com.java.SeleniumDriver] [  907] - DataValue : 
[INFO ][2016-02-05 12:28:55,095][com.java.SeleniumDriver] [  913] - <In Set values of the page>
[INFO ][2016-02-05 12:28:55,095][com.java.SeleniumDriver] [  916] - {Data Fields & Data Values Exist}
[INFO ][2016-02-05 12:28:55,095][com.java.SeleniumDriver] [  918] - --------------------------setting values-----------------------------
[INFO ][2016-02-05 12:28:55,095][com.java.SeleniumDriver] [  921] - Action Type : Click
[INFO ][2016-02-05 12:28:55,097][com.java.TestType] [ 7106] - Field ::XPH//button[contains(@class,'menu-item handle')]
[INFO ][2016-02-05 12:28:55,097][com.java.TestType] [ 6727] - value = 
[INFO ][2016-02-05 12:28:56,097][com.java.TestType] [ 7279] - BEFORE CLICK
[INFO ][2016-02-05 12:28:56,980][com.java.TestType] [ 7287] - Unable to click the object Collapse Menu
[INFO ][2016-02-05 12:28:56,980][com.java.SeleniumDriver] [  930] -  RESULT true
[INFO ][2016-02-05 12:28:56,980][com.java.SeleniumDriver] [ 1136] - ?   P A S S   ?
[INFO ][2016-02-05 12:28:56,980][com.java.SeleniumDriver] [  856] - ------------------------------------------
[INFO ][2016-02-05 12:28:56,980][com.java.SeleniumDriver] [  857] - Test case being Executed: 9
[INFO ][2016-02-05 12:28:56,980][com.java.SeleniumDriver] [  869] - Test step:7
[INFO ][2016-02-05 12:28:56,980][com.java.SeleniumDriver] [  881] - Datavalue is----------null
[DEBUG][2016-02-05 12:28:56,980][com.java.SeleniumDriver] [  899] - Exception: null
[INFO ][2016-02-05 12:28:56,980][com.java.SeleniumDriver] [  905] - DataField : XPH//button[@id='menu-toggle']
[INFO ][2016-02-05 12:28:56,980][com.java.SeleniumDriver] [  907] - DataValue : 
[INFO ][2016-02-05 12:28:56,980][com.java.SeleniumDriver] [  913] - <In Set values of the page>
[INFO ][2016-02-05 12:28:56,980][com.java.SeleniumDriver] [  916] - {Data Fields & Data Values Exist}
[INFO ][2016-02-05 12:28:56,981][com.java.SeleniumDriver] [  918] - --------------------------setting values-----------------------------
[INFO ][2016-02-05 12:28:56,981][com.java.SeleniumDriver] [  921] - Action Type : Click
[INFO ][2016-02-05 12:28:56,981][com.java.TestType] [ 7106] - Field ::XPH//button[@id='menu-toggle']
[INFO ][2016-02-05 12:28:56,981][com.java.TestType] [ 6727] - value = 
[INFO ][2016-02-05 12:28:57,983][com.java.TestType] [ 7279] - BEFORE CLICK
[INFO ][2016-02-05 12:28:59,018][com.java.TestType] [ 7287] - Unable to click the object Hide left menu 
[INFO ][2016-02-05 12:28:59,018][com.java.SeleniumDriver] [  930] -  RESULT true
[INFO ][2016-02-05 12:28:59,018][com.java.SeleniumDriver] [ 1136] - ?   P A S S   ?
[INFO ][2016-02-05 12:28:59,018][com.java.SeleniumDriver] [  856] - ------------------------------------------
[INFO ][2016-02-05 12:28:59,018][com.java.SeleniumDriver] [  857] - Test case being Executed: 9
[INFO ][2016-02-05 12:28:59,018][com.java.SeleniumDriver] [  869] - Test step:8
[INFO ][2016-02-05 12:28:59,018][com.java.SeleniumDriver] [  881] - Datavalue is----------null
[DEBUG][2016-02-05 12:28:59,018][com.java.SeleniumDriver] [  899] - Exception: null
[INFO ][2016-02-05 12:28:59,018][com.java.SeleniumDriver] [  905] - DataField : XPH//button[@id='menu-toggle']
[INFO ][2016-02-05 12:28:59,018][com.java.SeleniumDriver] [  907] - DataValue : 
[INFO ][2016-02-05 12:28:59,018][com.java.SeleniumDriver] [  913] - <In Set values of the page>
[INFO ][2016-02-05 12:28:59,018][com.java.SeleniumDriver] [  916] - {Data Fields & Data Values Exist}
[INFO ][2016-02-05 12:28:59,018][com.java.SeleniumDriver] [  918] - --------------------------setting values-----------------------------
[INFO ][2016-02-05 12:28:59,018][com.java.SeleniumDriver] [  921] - Action Type : Click
[INFO ][2016-02-05 12:28:59,018][com.java.TestType] [ 7106] - Field ::XPH//button[@id='menu-toggle']
[INFO ][2016-02-05 12:28:59,018][com.java.TestType] [ 6727] - value = 
[INFO ][2016-02-05 12:29:00,019][com.java.TestType] [ 7279] - BEFORE CLICK
[INFO ][2016-02-05 12:29:00,967][com.java.TestType] [ 7287] - Unable to click the object Hide left menu 
[INFO ][2016-02-05 12:29:00,967][com.java.SeleniumDriver] [  930] -  RESULT true
[INFO ][2016-02-05 12:29:00,967][com.java.SeleniumDriver] [ 1136] - ?   P A S S   ?
[INFO ][2016-02-05 12:29:00,967][com.java.SeleniumDriver] [  856] - ------------------------------------------
[INFO ][2016-02-05 12:29:00,967][com.java.SeleniumDriver] [  857] - Test case being Executed: 9
[INFO ][2016-02-05 12:29:00,967][com.java.SeleniumDriver] [  869] - Test step:9
[INFO ][2016-02-05 12:29:00,967][com.java.SeleniumDriver] [  881] - Datavalue is----------null
[DEBUG][2016-02-05 12:29:00,967][com.java.SeleniumDriver] [  899] - Exception: null
[INFO ][2016-02-05 12:29:00,967][com.java.SeleniumDriver] [  905] - DataField : XPH//button[@class='menu-item handle']
[INFO ][2016-02-05 12:29:00,967][com.java.SeleniumDriver] [  907] - DataValue : 
[INFO ][2016-02-05 12:29:00,967][com.java.SeleniumDriver] [  913] - <In Set values of the page>
[INFO ][2016-02-05 12:29:00,967][com.java.SeleniumDriver] [  916] - {Data Fields & Data Values Exist}
[INFO ][2016-02-05 12:29:00,967][com.java.SeleniumDriver] [  918] - --------------------------setting values-----------------------------
[INFO ][2016-02-05 12:29:00,967][com.java.SeleniumDriver] [  921] - Action Type : Click
[INFO ][2016-02-05 12:29:00,967][com.java.TestType] [ 7106] - Field ::XPH//button[@class='menu-item handle']
[INFO ][2016-02-05 12:29:00,967][com.java.TestType] [ 6727] - value = 
[INFO ][2016-02-05 12:29:01,968][com.java.TestType] [ 7279] - BEFORE CLICK
[INFO ][2016-02-05 12:29:02,885][com.java.TestType] [ 7287] - Unable to click the object Expand menu
[INFO ][2016-02-05 12:29:02,885][com.java.SeleniumDriver] [  930] -  RESULT true
[INFO ][2016-02-05 12:29:02,885][com.java.SeleniumDriver] [ 1136] - ?   P A S S   ?
[INFO ][2016-02-05 12:29:02,885][com.java.SeleniumDriver] [  856] - ------------------------------------------
[INFO ][2016-02-05 12:29:02,885][com.java.SeleniumDriver] [  857] - Test case being Executed: 9
[INFO ][2016-02-05 12:29:02,885][com.java.SeleniumDriver] [  869] - Test step:10
[INFO ][2016-02-05 12:29:02,885][com.java.SeleniumDriver] [  881] - Datavalue is----------2
[INFO ][2016-02-05 12:29:02,885][com.java.SeleniumDriver] [  905] - DataField : XPH//span[contains(@class,'glyphicon glyphicon-bell')]
[INFO ][2016-02-05 12:29:02,885][com.java.SeleniumDriver] [  907] - DataValue : 2
[INFO ][2016-02-05 12:29:02,885][com.java.SeleniumDriver] [  913] - <In Set values of the page>
[INFO ][2016-02-05 12:29:02,885][com.java.SeleniumDriver] [  916] - {Data Fields & Data Values Exist}
[INFO ][2016-02-05 12:29:02,885][com.java.SeleniumDriver] [  918] - --------------------------setting values-----------------------------
[INFO ][2016-02-05 12:29:02,886][com.java.SeleniumDriver] [  921] - Action Type : WaitForElement
[INFO ][2016-02-05 12:29:02,951][com.java.SeleniumDriver] [  930] -  RESULT true
[INFO ][2016-02-05 12:29:02,951][com.java.SeleniumDriver] [ 1136] - ?   P A S S   ?
[INFO ][2016-02-05 12:29:02,951][com.java.SeleniumDriver] [  856] - ------------------------------------------
[INFO ][2016-02-05 12:29:02,951][com.java.SeleniumDriver] [  857] - Test case being Executed: 9
[INFO ][2016-02-05 12:29:02,951][com.java.SeleniumDriver] [  869] - Test step:11
[INFO ][2016-02-05 12:29:02,951][com.java.SeleniumDriver] [  881] - Datavalue is----------null
[DEBUG][2016-02-05 12:29:02,951][com.java.SeleniumDriver] [  899] - Exception: null
[INFO ][2016-02-05 12:29:02,951][com.java.SeleniumDriver] [  905] - DataField : XPH//span[contains(@class,'glyphicon glyphicon-bell')]
[INFO ][2016-02-05 12:29:02,951][com.java.SeleniumDriver] [  907] - DataValue : 
[INFO ][2016-02-05 12:29:02,951][com.java.SeleniumDriver] [  913] - <In Set values of the page>
[INFO ][2016-02-05 12:29:02,954][com.java.SeleniumDriver] [  916] - {Data Fields & Data Values Exist}
[INFO ][2016-02-05 12:29:02,954][com.java.SeleniumDriver] [  918] - --------------------------setting values-----------------------------
[INFO ][2016-02-05 12:29:02,954][com.java.SeleniumDriver] [  921] - Action Type : Click
[INFO ][2016-02-05 12:29:02,954][com.java.TestType] [ 7106] - Field ::XPH//span[contains(@class,'glyphicon glyphicon-bell')]
[INFO ][2016-02-05 12:29:02,954][com.java.TestType] [ 6727] - value = 
[INFO ][2016-02-05 12:29:03,954][com.java.TestType] [ 7279] - BEFORE CLICK
[INFO ][2016-02-05 12:29:05,156][com.java.TestType] [ 7287] - Unable to click the object Bell Icon
[INFO ][2016-02-05 12:29:05,156][com.java.SeleniumDriver] [  930] -  RESULT true
[INFO ][2016-02-05 12:29:05,156][com.java.SeleniumDriver] [ 1136] - ?   P A S S   ?
[INFO ][2016-02-05 12:29:05,156][com.java.SeleniumDriver] [  856] - ------------------------------------------
[INFO ][2016-02-05 12:29:05,156][com.java.SeleniumDriver] [  857] - Test case being Executed: 9
[WARN ][2016-02-05 12:29:05,156][com.java.SeleniumDriver] [  861] - -----------------------Step Skipped:: 	TestCaseNo:  9	 StepNo: 12  	::	Action Type:  Click 	::		ClientName In TestData:  "SKIP" 	::	ClientName in config:  "Bank of North Carolina"-----------------------------
[INFO ][2016-02-05 12:29:05,156][com.java.SeleniumDriver] [  856] - ------------------------------------------
[INFO ][2016-02-05 12:29:05,156][com.java.SeleniumDriver] [  857] - Test case being Executed: 9
[WARN ][2016-02-05 12:29:05,156][com.java.SeleniumDriver] [  861] - -----------------------Step Skipped:: 	TestCaseNo:  9	 StepNo: 13  	::	Action Type:  WaitForElement 	::		ClientName In TestData:  "SKIP" 	::	ClientName in config:  "Bank of North Carolina"-----------------------------
[INFO ][2016-02-05 12:29:05,156][com.java.SeleniumDriver] [  856] - ------------------------------------------
[INFO ][2016-02-05 12:29:05,156][com.java.SeleniumDriver] [  857] - Test case being Executed: 9
[INFO ][2016-02-05 12:29:05,156][com.java.SeleniumDriver] [  869] - Test step:14
[INFO ][2016-02-05 12:29:05,156][com.java.SeleniumDriver] [  881] - Datavalue is----------null
[DEBUG][2016-02-05 12:29:05,156][com.java.SeleniumDriver] [  899] - Exception: null
[INFO ][2016-02-05 12:29:05,156][com.java.SeleniumDriver] [  905] - DataField : XPH//div[@class='panel panel-default ng-scope'][2]//span[@class='glyphicon glyphicon-play']
[INFO ][2016-02-05 12:29:05,156][com.java.SeleniumDriver] [  907] - DataValue : 
[INFO ][2016-02-05 12:29:05,156][com.java.SeleniumDriver] [  913] - <In Set values of the page>
[INFO ][2016-02-05 12:29:05,156][com.java.SeleniumDriver] [  916] - {Data Fields & Data Values Exist}
[INFO ][2016-02-05 12:29:05,156][com.java.SeleniumDriver] [  918] - --------------------------setting values-----------------------------
[INFO ][2016-02-05 12:29:05,156][com.java.SeleniumDriver] [  921] - Action Type : Click
[INFO ][2016-02-05 12:29:05,156][com.java.TestType] [ 7106] - Field ::XPH//div[@class='panel panel-default ng-scope'][2]//span[@class='glyphicon glyphicon-play']
[INFO ][2016-02-05 12:29:05,156][com.java.TestType] [ 6727] - value = 
[INFO ][2016-02-05 12:29:06,157][com.java.TestType] [ 7279] - BEFORE CLICK
[INFO ][2016-02-05 12:29:07,070][com.java.TestType] [ 7287] - Unable to click the object Click BS triangle
[INFO ][2016-02-05 12:29:07,070][com.java.SeleniumDriver] [  930] -  RESULT true
[INFO ][2016-02-05 12:29:07,070][com.java.SeleniumDriver] [ 1136] - ?   P A S S   ?
[INFO ][2016-02-05 12:29:07,070][com.java.SeleniumDriver] [  856] - ------------------------------------------
[INFO ][2016-02-05 12:29:07,070][com.java.SeleniumDriver] [  857] - Test case being Executed: 9
[INFO ][2016-02-05 12:29:07,070][com.java.SeleniumDriver] [  869] - Test step:15
[INFO ][2016-02-05 12:29:07,070][com.java.SeleniumDriver] [  881] - Datavalue is----------null
[DEBUG][2016-02-05 12:29:07,070][com.java.SeleniumDriver] [  899] - Exception: null
[INFO ][2016-02-05 12:29:07,070][com.java.SeleniumDriver] [  905] - DataField : XPH//div[@class='panel panel-default ng-scope'][2]//span[@class='glyphicon glyphicon-play down']
[INFO ][2016-02-05 12:29:07,070][com.java.SeleniumDriver] [  907] - DataValue : 
[INFO ][2016-02-05 12:29:07,070][com.java.SeleniumDriver] [  913] - <In Set values of the page>
[INFO ][2016-02-05 12:29:07,070][com.java.SeleniumDriver] [  916] - {Data Fields & Data Values Exist}
[INFO ][2016-02-05 12:29:07,070][com.java.SeleniumDriver] [  918] - --------------------------setting values-----------------------------
[INFO ][2016-02-05 12:29:07,070][com.java.SeleniumDriver] [  921] - Action Type : Click
[INFO ][2016-02-05 12:29:07,070][com.java.TestType] [ 7106] - Field ::XPH//div[@class='panel panel-default ng-scope'][2]//span[@class='glyphicon glyphicon-play down']
[INFO ][2016-02-05 12:29:07,070][com.java.TestType] [ 6727] - value = 
[INFO ][2016-02-05 12:29:08,071][com.java.TestType] [ 7279] - BEFORE CLICK
[INFO ][2016-02-05 12:29:09,008][com.java.TestType] [ 7287] - Unable to click the object Click BS triangle
[INFO ][2016-02-05 12:29:09,008][com.java.SeleniumDriver] [  930] -  RESULT true
[INFO ][2016-02-05 12:29:09,008][com.java.SeleniumDriver] [ 1136] - ?   P A S S   ?
[INFO ][2016-02-05 12:29:09,008][com.java.SeleniumDriver] [  856] - ------------------------------------------
[INFO ][2016-02-05 12:29:09,008][com.java.SeleniumDriver] [  857] - Test case being Executed: 9
[INFO ][2016-02-05 12:29:09,008][com.java.SeleniumDriver] [  869] - Test step:16
[INFO ][2016-02-05 12:29:09,008][com.java.SeleniumDriver] [  881] - Datavalue is----------//div[@id='isAlertsHeading']//span[@title='Show Report']
[INFO ][2016-02-05 12:29:09,008][com.java.SeleniumDriver] [  905] - DataField : BTN
[INFO ][2016-02-05 12:29:09,008][com.java.SeleniumDriver] [  907] - DataValue : //div[@id='isAlertsHeading']//span[@title='Show Report']
[INFO ][2016-02-05 12:29:09,008][com.java.SeleniumDriver] [  913] - <In Set values of the page>
[INFO ][2016-02-05 12:29:09,008][com.java.SeleniumDriver] [  916] - {Data Fields & Data Values Exist}
[INFO ][2016-02-05 12:29:09,008][com.java.SeleniumDriver] [  918] - --------------------------setting values-----------------------------
[INFO ][2016-02-05 12:29:09,008][com.java.SeleniumDriver] [  921] - Action Type : VERIFY
[INFO ][2016-02-05 12:29:09,008][com.java.TestType] [ 8335] - field= BTN value= //div[@id='isAlertsHeading']//span[@title='Show Report']
[INFO ][2016-02-05 12:29:09,008][com.java.TestType] [ 6727] - value = //div[@id='isAlertsHeading']//span[@title='Show Report']
[INFO ][2016-02-05 12:29:09,087][com.java.SeleniumDriver] [  930] -  RESULT true
[INFO ][2016-02-05 12:29:09,087][com.java.SeleniumDriver] [ 1136] - ?   P A S S   ?
[INFO ][2016-02-05 12:29:09,087][com.java.SeleniumDriver] [ 1173] - Continue next step...
[INFO ][2016-02-05 12:29:09,087][com.java.SeleniumDriver] [  856] - ------------------------------------------
[INFO ][2016-02-05 12:29:09,087][com.java.SeleniumDriver] [  857] - Test case being Executed: 9
[INFO ][2016-02-05 12:29:09,087][com.java.SeleniumDriver] [  869] - Test step:17
[INFO ][2016-02-05 12:29:09,087][com.java.SeleniumDriver] [  881] - Datavalue is----------numberofupdatesbeforerefreshing
[INFO ][2016-02-05 12:29:09,087][com.java.SeleniumDriver] [  905] - DataField : XPH//span[@class='badge ng-binding ng-scope']
[INFO ][2016-02-05 12:29:09,087][com.java.SeleniumDriver] [  907] - DataValue : numberofupdatesbeforerefreshing
[INFO ][2016-02-05 12:29:09,087][com.java.SeleniumDriver] [  913] - <In Set values of the page>
[INFO ][2016-02-05 12:29:09,087][com.java.SeleniumDriver] [  916] - {Data Fields & Data Values Exist}
[INFO ][2016-02-05 12:29:09,087][com.java.SeleniumDriver] [  918] - --------------------------setting values-----------------------------
[INFO ][2016-02-05 12:29:09,089][com.java.SeleniumDriver] [  921] - Action Type : storevalue
[INFO ][2016-02-05 12:29:09,089][com.java.TestType] [ 9834] - field= XPH//span[@class='badge ng-binding ng-scope']
[DEBUG][2016-02-05 12:29:09,199][com.java.TestType] [ 9889] - Key:: numberofupdatesbeforerefreshing   Value:: 383
[INFO ][2016-02-05 12:29:09,199][com.java.SeleniumDriver] [  930] -  RESULT true
[INFO ][2016-02-05 12:29:09,199][com.java.SeleniumDriver] [ 1136] - ?   P A S S   ?
[INFO ][2016-02-05 12:29:09,199][com.java.SeleniumDriver] [  856] - ------------------------------------------
[INFO ][2016-02-05 12:29:09,199][com.java.SeleniumDriver] [  857] - Test case being Executed: 9
[INFO ][2016-02-05 12:29:09,199][com.java.SeleniumDriver] [  869] - Test step:18
[INFO ][2016-02-05 12:29:09,199][com.java.SeleniumDriver] [  881] - Datavalue is----------2
[INFO ][2016-02-05 12:29:09,199][com.java.SeleniumDriver] [  905] - DataField : XPH//span[contains(text(), "Today's Alerts")]
[INFO ][2016-02-05 12:29:09,199][com.java.SeleniumDriver] [  907] - DataValue : 2
[INFO ][2016-02-05 12:29:09,199][com.java.SeleniumDriver] [  913] - <In Set values of the page>
[INFO ][2016-02-05 12:29:09,199][com.java.SeleniumDriver] [  916] - {Data Fields & Data Values Exist}
[INFO ][2016-02-05 12:29:09,199][com.java.SeleniumDriver] [  918] - --------------------------setting values-----------------------------
[INFO ][2016-02-05 12:29:09,199][com.java.SeleniumDriver] [  921] - Action Type : WaitForElement
[INFO ][2016-02-05 12:29:09,234][com.java.SeleniumDriver] [  930] -  RESULT true
[INFO ][2016-02-05 12:29:09,234][com.java.SeleniumDriver] [ 1136] - ?   P A S S   ?
[INFO ][2016-02-05 12:29:09,234][com.java.SeleniumDriver] [  856] - ------------------------------------------
[INFO ][2016-02-05 12:29:09,234][com.java.SeleniumDriver] [  857] - Test case being Executed: 9
[INFO ][2016-02-05 12:29:09,234][com.java.SeleniumDriver] [  869] - Test step:19
[INFO ][2016-02-05 12:29:09,234][com.java.SeleniumDriver] [  881] - Datavalue is----------Today's Alerts
[INFO ][2016-02-05 12:29:09,234][com.java.SeleniumDriver] [  905] - DataField : XPH//span[contains(text(), "Today's Alerts")]
[INFO ][2016-02-05 12:29:09,234][com.java.SeleniumDriver] [  907] - DataValue : Today's Alerts
[INFO ][2016-02-05 12:29:09,234][com.java.SeleniumDriver] [  913] - <In Set values of the page>
[INFO ][2016-02-05 12:29:09,237][com.java.SeleniumDriver] [  916] - {Data Fields & Data Values Exist}
[INFO ][2016-02-05 12:29:09,237][com.java.SeleniumDriver] [  918] - --------------------------setting values-----------------------------
[INFO ][2016-02-05 12:29:09,237][com.java.SeleniumDriver] [  921] - Action Type : VERIFY
[INFO ][2016-02-05 12:29:09,237][com.java.TestType] [ 8335] - field= XPH//span[contains(text(), "Today's Alerts")] value= Today's Alerts
[INFO ][2016-02-05 12:29:09,237][com.java.TestType] [ 6727] - value = Today's Alerts
[INFO ][2016-02-05 12:29:09,374][com.java.SeleniumDriver] [  930] -  RESULT true
[INFO ][2016-02-05 12:29:09,374][com.java.SeleniumDriver] [ 1136] - ?   P A S S   ?
[INFO ][2016-02-05 12:29:09,374][com.java.SeleniumDriver] [  856] - ------------------------------------------
[INFO ][2016-02-05 12:29:09,374][com.java.SeleniumDriver] [  857] - Test case being Executed: 9
[WARN ][2016-02-05 12:29:09,374][com.java.SeleniumDriver] [  861] - -----------------------Step Skipped:: 	TestCaseNo:  9	 StepNo: 20  	::	Action Type:  verifypresent 	::		ClientName In TestData:  "SKIP" 	::	ClientName in config:  "Bank of North Carolina"-----------------------------
[INFO ][2016-02-05 12:29:09,374][com.java.SeleniumDriver] [  856] - ------------------------------------------
[INFO ][2016-02-05 12:29:09,374][com.java.SeleniumDriver] [  857] - Test case being Executed: 9
[INFO ][2016-02-05 12:29:09,374][com.java.SeleniumDriver] [  869] - Test step:21
[INFO ][2016-02-05 12:29:09,374][com.java.SeleniumDriver] [  881] - Datavalue is----------null
[DEBUG][2016-02-05 12:29:09,374][com.java.SeleniumDriver] [  899] - Exception: null
[INFO ][2016-02-05 12:29:09,374][com.java.SeleniumDriver] [  905] - DataField : XPH//div[@id='isAlertsHeading']//span[@title='Show Report']
[INFO ][2016-02-05 12:29:09,374][com.java.SeleniumDriver] [  907] - DataValue : 
[INFO ][2016-02-05 12:29:09,374][com.java.SeleniumDriver] [  913] - <In Set values of the page>
[INFO ][2016-02-05 12:29:09,374][com.java.SeleniumDriver] [  916] - {Data Fields & Data Values Exist}
[INFO ][2016-02-05 12:29:09,374][com.java.SeleniumDriver] [  918] - --------------------------setting values-----------------------------
[INFO ][2016-02-05 12:29:09,374][com.java.SeleniumDriver] [  921] - Action Type : Click
[INFO ][2016-02-05 12:29:09,374][com.java.TestType] [ 7106] - Field ::XPH//div[@id='isAlertsHeading']//span[@title='Show Report']
[INFO ][2016-02-05 12:29:09,377][com.java.TestType] [ 6727] - value = 
[INFO ][2016-02-05 12:29:10,377][com.java.TestType] [ 7279] - BEFORE CLICK
[INFO ][2016-02-05 12:29:11,802][com.java.TestType] [ 7287] - Unable to click the object Show Report Icon
[INFO ][2016-02-05 12:29:11,802][com.java.SeleniumDriver] [  930] -  RESULT true
[INFO ][2016-02-05 12:29:11,802][com.java.SeleniumDriver] [ 1136] - ?   P A S S   ?
[INFO ][2016-02-05 12:29:11,802][com.java.SeleniumDriver] [  856] - ------------------------------------------
[INFO ][2016-02-05 12:29:11,802][com.java.SeleniumDriver] [  857] - Test case being Executed: 9
[INFO ][2016-02-05 12:29:11,802][com.java.SeleniumDriver] [  869] - Test step:22
[INFO ][2016-02-05 12:29:11,802][com.java.SeleniumDriver] [  881] - Datavalue is----------null
[DEBUG][2016-02-05 12:29:11,802][com.java.SeleniumDriver] [  899] - Exception: null
[INFO ][2016-02-05 12:29:11,802][com.java.SeleniumDriver] [  905] - DataField : XPH//a[@id='aTab2']
[INFO ][2016-02-05 12:29:11,802][com.java.SeleniumDriver] [  907] - DataValue : 
[INFO ][2016-02-05 12:29:11,802][com.java.SeleniumDriver] [  913] - <In Set values of the page>
[INFO ][2016-02-05 12:29:11,802][com.java.SeleniumDriver] [  916] - {Data Fields & Data Values Exist}
[INFO ][2016-02-05 12:29:11,802][com.java.SeleniumDriver] [  918] - --------------------------setting values-----------------------------
[INFO ][2016-02-05 12:29:11,802][com.java.SeleniumDriver] [  921] - Action Type : Click
[INFO ][2016-02-05 12:29:11,802][com.java.TestType] [ 7106] - Field ::XPH//a[@id='aTab2']
[INFO ][2016-02-05 12:29:11,802][com.java.TestType] [ 6727] - value = 
[INFO ][2016-02-05 12:29:12,802][com.java.TestType] [ 7279] - BEFORE CLICK
[INFO ][2016-02-05 12:29:13,934][com.java.TestType] [ 7287] - Unable to click the object Balance Sheet Compare report on second tab
[INFO ][2016-02-05 12:29:13,934][com.java.SeleniumDriver] [  930] -  RESULT true
[INFO ][2016-02-05 12:29:13,934][com.java.SeleniumDriver] [ 1136] - ?   P A S S   ?
[INFO ][2016-02-05 12:29:13,934][com.java.SeleniumDriver] [  856] - ------------------------------------------
[INFO ][2016-02-05 12:29:13,934][com.java.SeleniumDriver] [  857] - Test case being Executed: 9
[INFO ][2016-02-05 12:29:13,934][com.java.SeleniumDriver] [  869] - Test step:23
[INFO ][2016-02-05 12:29:13,934][com.java.SeleniumDriver] [  881] - Datavalue is----------2
[INFO ][2016-02-05 12:29:13,934][com.java.SeleniumDriver] [  905] - DataField : XPH//td[contains(text(),'Income Statement Compare')]
[INFO ][2016-02-05 12:29:13,934][com.java.SeleniumDriver] [  907] - DataValue : 2
[INFO ][2016-02-05 12:29:13,934][com.java.SeleniumDriver] [  913] - <In Set values of the page>
[INFO ][2016-02-05 12:29:13,934][com.java.SeleniumDriver] [  916] - {Data Fields & Data Values Exist}
[INFO ][2016-02-05 12:29:13,934][com.java.SeleniumDriver] [  918] - --------------------------setting values-----------------------------
[INFO ][2016-02-05 12:29:13,934][com.java.SeleniumDriver] [  921] - Action Type : WaitForElement
[INFO ][2016-02-05 12:29:13,970][com.java.SeleniumDriver] [  930] -  RESULT true
[INFO ][2016-02-05 12:29:13,970][com.java.SeleniumDriver] [ 1136] - ?   P A S S   ?
[INFO ][2016-02-05 12:29:13,970][com.java.SeleniumDriver] [  856] - ------------------------------------------
[INFO ][2016-02-05 12:29:13,970][com.java.SeleniumDriver] [  857] - Test case being Executed: 9
[INFO ][2016-02-05 12:29:13,970][com.java.SeleniumDriver] [  869] - Test step:24
[INFO ][2016-02-05 12:29:13,970][com.java.SeleniumDriver] [  881] - Datavalue is----------//td[contains(text(),'Income Statement Compare')]
[INFO ][2016-02-05 12:29:13,970][com.java.SeleniumDriver] [  905] - DataField : BTN
[INFO ][2016-02-05 12:29:13,970][com.java.SeleniumDriver] [  907] - DataValue : //td[contains(text(),'Income Statement Compare')]
[INFO ][2016-02-05 12:29:13,970][com.java.SeleniumDriver] [  913] - <In Set values of the page>
[INFO ][2016-02-05 12:29:13,970][com.java.SeleniumDriver] [  916] - {Data Fields & Data Values Exist}
[INFO ][2016-02-05 12:29:13,970][com.java.SeleniumDriver] [  918] - --------------------------setting values-----------------------------
[INFO ][2016-02-05 12:29:13,970][com.java.SeleniumDriver] [  921] - Action Type : VERIFY
[INFO ][2016-02-05 12:29:13,973][com.java.TestType] [ 8335] - field= BTN value= //td[contains(text(),'Income Statement Compare')]
[INFO ][2016-02-05 12:29:13,973][com.java.TestType] [ 6727] - value = //td[contains(text(),'Income Statement Compare')]
[INFO ][2016-02-05 12:29:14,040][com.java.SeleniumDriver] [  930] -  RESULT true
[INFO ][2016-02-05 12:29:14,040][com.java.SeleniumDriver] [ 1136] - ?   P A S S   ?
[INFO ][2016-02-05 12:29:14,040][com.java.SeleniumDriver] [  856] - ------------------------------------------
[INFO ][2016-02-05 12:29:14,040][com.java.SeleniumDriver] [  857] - Test case being Executed: 9
[INFO ][2016-02-05 12:29:14,040][com.java.SeleniumDriver] [  869] - Test step:25
[INFO ][2016-02-05 12:29:14,040][com.java.SeleniumDriver] [  881] - Datavalue is----------null
[DEBUG][2016-02-05 12:29:14,040][com.java.SeleniumDriver] [  899] - Exception: null
[INFO ][2016-02-05 12:29:14,040][com.java.SeleniumDriver] [  905] - DataField : BTNparent
[INFO ][2016-02-05 12:29:14,040][com.java.SeleniumDriver] [  907] - DataValue : 
[INFO ][2016-02-05 12:29:14,040][com.java.SeleniumDriver] [  913] - <In Set values of the page>
[INFO ][2016-02-05 12:29:14,040][com.java.SeleniumDriver] [  916] - {Data Fields & Data Values Exist}
[INFO ][2016-02-05 12:29:14,043][com.java.SeleniumDriver] [  918] - --------------------------setting values-----------------------------
[INFO ][2016-02-05 12:29:14,043][com.java.SeleniumDriver] [  921] - Action Type : SELECTFRAME
[INFO ][2016-02-05 12:29:14,055][com.java.SeleniumDriver] [  930] -  RESULT true
[INFO ][2016-02-05 12:29:14,055][com.java.SeleniumDriver] [ 1136] - ?   P A S S   ?
[INFO ][2016-02-05 12:29:14,055][com.java.SeleniumDriver] [  856] - ------------------------------------------
[INFO ][2016-02-05 12:29:14,055][com.java.SeleniumDriver] [  857] - Test case being Executed: 9
[INFO ][2016-02-05 12:29:14,055][com.java.SeleniumDriver] [  869] - Test step:26
[INFO ][2016-02-05 12:29:14,055][com.java.SeleniumDriver] [  881] - Datavalue is----------null
[DEBUG][2016-02-05 12:29:14,055][com.java.SeleniumDriver] [  899] - Exception: null
[INFO ][2016-02-05 12:29:14,055][com.java.SeleniumDriver] [  905] - DataField : XPH//a[@id='newTab']
[INFO ][2016-02-05 12:29:14,055][com.java.SeleniumDriver] [  907] - DataValue : 
[INFO ][2016-02-05 12:29:14,055][com.java.SeleniumDriver] [  913] - <In Set values of the page>
[INFO ][2016-02-05 12:29:14,055][com.java.SeleniumDriver] [  916] - {Data Fields & Data Values Exist}
[INFO ][2016-02-05 12:29:14,055][com.java.SeleniumDriver] [  918] - --------------------------setting values-----------------------------
[INFO ][2016-02-05 12:29:14,055][com.java.SeleniumDriver] [  921] - Action Type : Click
[INFO ][2016-02-05 12:29:14,055][com.java.TestType] [ 7106] - Field ::XPH//a[@id='newTab']
[INFO ][2016-02-05 12:29:14,055][com.java.TestType] [ 6727] - value = 
[INFO ][2016-02-05 12:29:15,055][com.java.TestType] [ 7279] - BEFORE CLICK
[INFO ][2016-02-05 12:29:16,143][com.java.TestType] [ 7287] - Unable to click the object New Tab
[INFO ][2016-02-05 12:29:16,143][com.java.SeleniumDriver] [  930] -  RESULT true
[INFO ][2016-02-05 12:29:16,143][com.java.SeleniumDriver] [ 1136] - ?   P A S S   ?
[INFO ][2016-02-05 12:29:16,143][com.java.SeleniumDriver] [  856] - ------------------------------------------
[INFO ][2016-02-05 12:29:16,143][com.java.SeleniumDriver] [  857] - Test case being Executed: 9
[INFO ][2016-02-05 12:29:16,143][com.java.SeleniumDriver] [  869] - Test step:27
[INFO ][2016-02-05 12:29:16,143][com.java.SeleniumDriver] [  881] - Datavalue is----------null
[DEBUG][2016-02-05 12:29:16,143][com.java.SeleniumDriver] [  899] - Exception: null
[INFO ][2016-02-05 12:29:16,143][com.java.SeleniumDriver] [  905] - DataField : //span[@class="icon-coin"]&&//a[text()='Income Statement']&&//a[@data-id="ISCompare"]
[INFO ][2016-02-05 12:29:16,143][com.java.SeleniumDriver] [  907] - DataValue : 
[INFO ][2016-02-05 12:29:16,143][com.java.SeleniumDriver] [  913] - <In Set values of the page>
[INFO ][2016-02-05 12:29:16,143][com.java.SeleniumDriver] [  916] - {Data Fields & Data Values Exist}
[INFO ][2016-02-05 12:29:16,143][com.java.SeleniumDriver] [  918] - --------------------------setting values-----------------------------
[INFO ][2016-02-05 12:29:16,143][com.java.SeleniumDriver] [  921] - Action Type : MOUSEOVER
[INFO ][2016-02-05 12:30:00,870][com.java.SeleniumDriver] [  930] -  RESULT true
[INFO ][2016-02-05 12:30:00,870][com.java.SeleniumDriver] [ 1136] - ?   P A S S   ?
[INFO ][2016-02-05 12:30:00,870][com.java.SeleniumDriver] [  856] - ------------------------------------------
[INFO ][2016-02-05 12:30:00,870][com.java.SeleniumDriver] [  857] - Test case being Executed: 9
[INFO ][2016-02-05 12:30:00,870][com.java.SeleniumDriver] [  869] - Test step:28
[INFO ][2016-02-05 12:30:00,870][com.java.SeleniumDriver] [  881] - Datavalue is----------4
[INFO ][2016-02-05 12:30:00,870][com.java.SeleniumDriver] [  905] - DataField : XPH//span[contains(text(),'Show Report')]
[INFO ][2016-02-05 12:30:00,870][com.java.SeleniumDriver] [  907] - DataValue : 4
[INFO ][2016-02-05 12:30:00,870][com.java.SeleniumDriver] [  913] - <In Set values of the page>
[INFO ][2016-02-05 12:30:00,870][com.java.SeleniumDriver] [  916] - {Data Fields & Data Values Exist}
[INFO ][2016-02-05 12:30:00,870][com.java.SeleniumDriver] [  918] - --------------------------setting values-----------------------------
[INFO ][2016-02-05 12:30:00,872][com.java.SeleniumDriver] [  921] - Action Type : WAITFORELEMENT
[INFO ][2016-02-05 12:30:00,946][com.java.SeleniumDriver] [  930] -  RESULT true
[INFO ][2016-02-05 12:30:00,946][com.java.SeleniumDriver] [ 1136] - ?   P A S S   ?
[INFO ][2016-02-05 12:30:00,946][com.java.SeleniumDriver] [  856] - ------------------------------------------
[INFO ][2016-02-05 12:30:00,946][com.java.SeleniumDriver] [  857] - Test case being Executed: 9
[INFO ][2016-02-05 12:30:00,946][com.java.SeleniumDriver] [  869] - Test step:29
[INFO ][2016-02-05 12:30:00,946][com.java.SeleniumDriver] [  881] - Datavalue is----------2
[INFO ][2016-02-05 12:30:00,946][com.java.SeleniumDriver] [  905] - DataField : BTNframeDialogContent
[INFO ][2016-02-05 12:30:00,948][com.java.SeleniumDriver] [  907] - DataValue : 2
[INFO ][2016-02-05 12:30:00,948][com.java.SeleniumDriver] [  913] - <In Set values of the page>
[INFO ][2016-02-05 12:30:00,948][com.java.SeleniumDriver] [  916] - {Data Fields & Data Values Exist}
[INFO ][2016-02-05 12:30:00,948][com.java.SeleniumDriver] [  918] - --------------------------setting values-----------------------------
[INFO ][2016-02-05 12:30:00,948][com.java.SeleniumDriver] [  921] - Action Type : WAITFORELEMENT
[INFO ][2016-02-05 12:30:02,196][com.java.SeleniumDriver] [  930] -  RESULT true
[INFO ][2016-02-05 12:30:02,196][com.java.SeleniumDriver] [ 1136] - ?   P A S S   ?
[INFO ][2016-02-05 12:30:02,196][com.java.SeleniumDriver] [  856] - ------------------------------------------
[INFO ][2016-02-05 12:30:02,196][com.java.SeleniumDriver] [  857] - Test case being Executed: 9
[INFO ][2016-02-05 12:30:02,196][com.java.SeleniumDriver] [  869] - Test step:30
[INFO ][2016-02-05 12:30:02,196][com.java.SeleniumDriver] [  881] - Datavalue is----------IncomeStatementCompare
[INFO ][2016-02-05 12:30:02,196][com.java.SeleniumDriver] [  905] - DataField : XPH//span[contains(text(),'Income Statement Compare')]
[INFO ][2016-02-05 12:30:02,196][com.java.SeleniumDriver] [  907] - DataValue : IncomeStatementCompare
[INFO ][2016-02-05 12:30:02,196][com.java.SeleniumDriver] [  913] - <In Set values of the page>
[INFO ][2016-02-05 12:30:02,196][com.java.SeleniumDriver] [  916] - {Data Fields & Data Values Exist}
[INFO ][2016-02-05 12:30:02,196][com.java.SeleniumDriver] [  918] - --------------------------setting values-----------------------------
[INFO ][2016-02-05 12:30:02,196][com.java.SeleniumDriver] [  921] - Action Type : VERIFY
[INFO ][2016-02-05 12:30:02,198][com.java.TestType] [ 8335] - field= XPH//span[contains(text(),'Income Statement Compare')] value= IncomeStatementCompare
[INFO ][2016-02-05 12:30:02,198][com.java.TestType] [ 6727] - value = IncomeStatementCompare
[ERROR][2016-02-05 12:30:02,342][com.java.TestType] [ 8850] - Element  not found ://span[contains(text(),'Income Statement Compare')]
[INFO ][2016-02-05 12:30:02,342][com.java.SeleniumDriver] [  930] -  RESULT false
[INFO ][2016-02-05 12:30:02,342][com.java.SeleniumDriver] [  977] - ?   F A I L   ?
[INFO ][2016-02-05 12:30:02,342][com.java.SeleniumDriver] [  985] - Browser Type : IE10
[INFO ][2016-02-05 12:30:02,342][com.java.SeleniumDriver] [  986] - Adding Failed case9
[INFO ][2016-02-05 12:30:02,492][com.java.SeleniumDriver] [ 1100] - failedCases = 7,9
[ERROR][2016-02-05 12:30:02,492][com.java.SeleniumDriver] [ 1599] - Platform Errors : Our apologies...::We have encountered an issue with your request.::Our apologies?:We encountered an issue with your request.
[INFO ][2016-02-05 12:30:02,492][com.java.SeleniumDriver] [ 1603] - Length =3
[ERROR][2016-02-05 12:30:02,492][com.java.SeleniumDriver] [ 1606] - Error 0 = Our apologies...
[ERROR][2016-02-05 12:30:02,684][com.java.SeleniumDriver] [ 1606] - Error 1 = We have encountered an issue with your request.
[ERROR][2016-02-05 12:30:02,797][com.java.SeleniumDriver] [ 1606] - Error 2 = Our apologies?:We encountered an issue with your request.
[INFO ][2016-02-05 12:30:02,989][com.java.SeleniumDriver] [ 1617] - strError:
[DEBUG][2016-02-05 12:30:03,002][com.java.SeleniumDriver] [ 1248] - Case found
[DEBUG][2016-02-05 12:30:03,004][com.java.SeleniumDriver] [ 1253] - Incrementing ReportCounters[0]:3
[INFO ][2016-02-05 12:30:03,004][com.java.SeleniumDriver] [ 1272] - The results are-------------------[9, 30, BD Right Hand Menu Bar: IS Alerts -IS alerts exists, Fail, 
Test case failed at Step No. :: 30   Error Message ::  Element not found://span[contains(text(),'Income Statement Compare')]. Screen Shot : D:\BankersDashboard\TestReports\020516\9_020516_123002_IE10.png, Fri Feb 05 12:30:02 IST 2016]
[INFO ][2016-02-05 12:30:03,004][com.java.SeleniumDriver] [ 1276] - End time is-------3 min 48 sec
[INFO ][2016-02-05 12:30:03,004][com.java.SeleniumDriver] [ 1277] - The results are-------------------[9, 30, BD Right Hand Menu Bar: IS Alerts -IS alerts exists, Fail, 
Test case failed at Step No. :: 30   Error Message ::  Element not found://span[contains(text(),'Income Statement Compare')]. Screen Shot : D:\BankersDashboard\TestReports\020516\9_020516_123002_IE10.png, Fri Feb 05 12:30:02 IST 2016]
[DEBUG][2016-02-05 12:30:03,004][com.java.ImportnExport.ExportTestResultsExcel] [  222] - testResultPath = D:\BankersDashboard/TestReports/Test Results_BankersDashBoard_020516_122616_IE10_Bank of North Carolina.xls
[DEBUG][2016-02-05 12:30:03,004][com.java.ImportnExport.ExportTestResultsExcel] [  223] - browser is------------IE10
[DEBUG][2016-02-05 12:30:03,007][com.java.ImportnExport.ExportTestResultsExcel] [  270] - result.size() = 6
[DEBUG][2016-02-05 12:30:03,007][com.java.ImportnExport.ExportTestResultsExcel] [  274] - No of rows in sheet=3
[DEBUG][2016-02-05 12:30:03,007][com.java.ImportnExport.ExportTestResultsExcel] [  301] - ..in export..9
[DEBUG][2016-02-05 12:30:03,007][com.java.ImportnExport.ExportTestResultsExcel] [  301] - ..in export..BD Right Hand Menu Bar: IS Alerts -IS alerts exists
[DEBUG][2016-02-05 12:30:03,007][com.java.ImportnExport.ExportTestResultsExcel] [  301] - ..in export..Fail
[DEBUG][2016-02-05 12:30:03,007][com.java.ImportnExport.ExportTestResultsExcel] [  301] - ..in export..
Test case failed at Step No. :: 30   Error Message ::  Element not found://span[contains(text(),'Income Statement Compare')]. Screen Shot : D:\BankersDashboard\TestReports\020516\9_020516_123002_IE10.png
[DEBUG][2016-02-05 12:30:03,007][com.java.ImportnExport.ExportTestResultsExcel] [  301] - ..in export..Fri Feb 05 12:30:02 IST 2016
[INFO ][2016-02-05 12:30:03,009][com.java.SeleniumDriver] [ 1337] - out loop:2 size:3 TestCases:[1, 7, 9] testcases:[1, 7, 9]
[INFO ][2016-02-05 12:30:05,009][com.java.SeleniumDriver] [ 1380] - Total Number of Cases:3
[INFO ][2016-02-05 12:30:05,009][com.java.TemplateGenerator] [  302] - Executed:3
[INFO ][2016-02-05 12:30:05,009][com.java.TemplateGenerator] [  303] - Passed:1
[INFO ][2016-02-05 12:30:05,009][com.java.TemplateGenerator] [  304] - Failed:2
[INFO ][2016-02-05 12:30:05,009][com.java.TemplateGenerator] [  305] - Skipeed:0
[INFO ][2016-02-05 12:30:05,009][com.java.TemplateGenerator] [  306] - Application URL:https://clients-xuat.bankersdashboard.com
[INFO ][2016-02-05 12:30:05,009][com.java.TemplateGenerator] [  307] - Start Time:020516_122616
[INFO ][2016-02-05 12:30:05,009][com.java.TemplateGenerator] [  308] -  Creating HTML Report 
[ERROR][2016-02-05 12:30:05,009][com.java.TemplateGenerator] [  409] - Unparseable date: "Fri Feb 05 12:26:16 IST 2016"
[INFO ][2016-02-05 12:30:05,009][com.java.TemplateGenerator] [  654] -  Exporting case :: 1
[INFO ][2016-02-05 12:30:05,009][com.java.TemplateGenerator] [  654] -  Exporting case :: 7
[INFO ][2016-02-05 12:30:05,009][com.java.TemplateGenerator] [  654] -  Exporting case :: 9
[INFO ][2016-02-05 12:30:05,016][com.java.SeleniumDriver] [ 1429] - End Time:020516_123005
[INFO ][2016-02-05 12:30:05,016][com.java.SeleniumDriver] [ 1432] - Data in Test Execution Details:{1=PASS, 7=FAILTest case failed at Step No. :: 41, 9=FAILTest case failed at Step No. :: 30   Error Message ::  Element not found://span[contains(text(),'Income Statement Compare')]}
[INFO ][2016-02-05 12:30:05,016][com.java.SeleniumDriver] [ 1433] - Data in Failed Execution Deatils:{}
[INFO ][2016-02-05 12:30:05,016][com.java.SeleniumDriver] [ 1435] - ReportCounter:Total:3 :: PASS: 1 ::FAIL: 2
[INFO ][2016-02-05 12:30:05,016][com.java.SeleniumDriver] [ 1436] - FailedReportCounter:Total:0 :: PASS: 0 ::FAIL: 0
[INFO ][2016-02-05 12:30:05,024][com.java.EmailTestReport] [   63] - Sending report mail details:
[INFO ][2016-02-05 12:30:05,024][com.java.EmailTestReport] [   80] - Excel Report Path:D:\BankersDashboard/TestReports/Test Results_BankersDashBoard_020516_122616_IE10_Bank of North Carolina.xls
[INFO ][2016-02-05 12:30:05,024][com.java.EmailTestReport] [   81] - HTML Report Path:D:\BankersDashboard//TestReports//Test Results_BankersDashBoard_020516_122616_IE10_Bank of North Carolina.html
[INFO ][2016-02-05 12:30:05,024][com.java.EmailTestReport] [   82] - smtpHostName:mail01.valuelabs.com
[INFO ][2016-02-05 12:30:05,024][com.java.EmailTestReport] [   83] - Recipient:venkateswararao.gubbala@valuelabs.com;
[INFO ][2016-02-05 12:30:05,026][com.java.EmailTestReport] [   84] - From:venkateswararao.gubbala@valuelabs.com;
[INFO ][2016-02-05 12:30:05,026][com.java.EmailTestReport] [   85] - Subject:Deluxe Corp Bankers Dashboard Automation Test Report - Bank of North Carolina - IE10
[INFO ][2016-02-05 12:30:05,041][com.java.EmailTestReport] [  143] -  Added venkateswararao.gubbala@valuelabs.com
[INFO ][2016-02-05 12:30:13,762][com.java.SeleniumDriver] [  722] - quitting the browser 
[INFO ][2016-02-05 12:30:15,130][com.java.SeleniumDriver] [  264] - Execution Completed Stopping the thread
