[INFO ][2016-01-07 17:20:05,651][com.java.SeleniumDriver] [  213] - Execute Failed Casesfalse
[INFO ][2016-01-07 17:20:05,651][com.java.SeleniumDriver] [  214] - Browser: IE10
[INFO ][2016-01-07 17:20:05,651][com.java.SeleniumDriver] [  215] - [1, 2, 3]
[INFO ][2016-01-07 17:20:05,651][com.java.SeleniumDriver] [  216] - Total TestCases:3
[INFO ][2016-01-07 17:20:05,651][com.java.SeleniumDriver] [  217] -  Reading Properties from Property File 
[DEBUG][2016-01-07 17:20:05,651][com.java.SeleniumDriver] [  238] - url : https://clients-xuat.bankersdashboard.com
[INFO ][2016-01-07 17:20:05,654][com.java.ImportnExport.ExportTestResultsExcel] [  116] - Time Stamp Thu Jan 07 05:20:05 IST 2016
[INFO ][2016-01-07 17:20:05,654][com.java.ImportnExport.ExportTestResultsExcel] [  175] - OUT FILE : D:\BankersDashboard/TestReports/Test Results_BankersDashBoard_010716_172005_IE10_First Bank.xls
[INFO ][2016-01-07 17:20:05,685][com.java.ImportnExport.ExportTestResultsExcel] [  180] - Test Result file is created
[DEBUG][2016-01-07 17:20:05,787][com.java.SeleniumDriver] [  426] - Hub ip address is-------172.17.68.34
[INFO ][2016-01-07 17:20:05,787][com.java.SeleniumDriver] [  452] - Grid URL:http://172.17.68.34:4444/wd/hub
[INFO ][2016-01-07 17:20:05,787][com.java.SeleniumDriver] [  453] - Capability:Capabilities [{platform=ANY, ensureCleanSession=true, ignoreProtectedModeSettings=true, acceptSslCerts=true, ignoreZoomSetting=true, browserName=internet explorer, browserstack.ie.noFlash=true, version=null}]
[ERROR][2016-01-07 17:20:07,095][com.java.SeleniumDriver] [  498] - Unable invoke browser in grid:Could not start a new session. Possible causes are invalid address of the remote server or browser start-up failure.
Build info: version: '2.48.2', revision: '41bccdd', time: '2015-10-09 19:59:12'
System info: host: 'FVTIII438F1D', ip: '172.17.68.34', os.name: 'Windows 7', os.arch: 'x86', os.version: '6.1', java.version: '1.7.0_55'
Driver info: driver.version: SeleniumDriver
[INFO ][2016-01-07 17:20:07,097][com.java.SeleniumDriver] [  500] - Executing on local machine
[INFO ][2016-01-07 17:20:17,831][com.java.SeleniumDriver] [  248] - IE10is opened
[INFO ][2016-01-07 17:20:18,501][com.java.SeleniumDriver] [  756] - Test cases to be executed are: [1, 2, 3]
[INFO ][2016-01-07 17:20:18,522][com.java.ImportnExport.ImportTestDataDetailsExcel] [   49] - test data details path===== D:\BankersDashboard\TestInputs\TestData.xls
[INFO ][2016-01-07 17:20:18,610][com.java.SeleniumDriver] [  832] - ------------------------------------------
[INFO ][2016-01-07 17:20:18,610][com.java.SeleniumDriver] [  833] - Test case being Executed: 1
[INFO ][2016-01-07 17:20:18,610][com.java.SeleniumDriver] [  845] - Test step:1
[INFO ][2016-01-07 17:20:18,610][com.java.SeleniumDriver] [  857] - Datavalue is----------Concept#1:1-16
[INFO ][2016-01-07 17:20:18,610][com.java.SeleniumDriver] [  881] - DataField : test
[INFO ][2016-01-07 17:20:18,610][com.java.SeleniumDriver] [  883] - DataValue : Concept#1:1-16
[INFO ][2016-01-07 17:20:18,610][com.java.SeleniumDriver] [  889] - <In Set values of the page>
[INFO ][2016-01-07 17:20:18,610][com.java.SeleniumDriver] [  892] - {Data Fields & Data Values Exist}
[INFO ][2016-01-07 17:20:18,612][com.java.SeleniumDriver] [  894] - --------------------------setting values-----------------------------
[INFO ][2016-01-07 17:20:18,612][com.java.SeleniumDriver] [  897] - Action Type : ExecuteTestCase
[INFO ][2016-01-07 17:20:18,630][com.java.TestType] [  437] - The Concept sheet name is ---------- Concept
[INFO ][2016-01-07 17:20:18,630][com.java.TestType] [  440] - The Concept ID  is ---------- 1
[DEBUG][2016-01-07 17:20:18,630][com.java.TestType] [  444] - Steps being executted in the Concept are: 1:16
[INFO ][2016-01-07 17:20:18,632][com.java.TestType] [  451] - Test data details path ---------- D:\BankersDashboard\TestInputs\TestData.xls
[INFO ][2016-01-07 17:20:18,662][com.java.TestType] [  482] -  str(1) = 1
[INFO ][2016-01-07 17:20:18,662][com.java.TestType] [  485] - Test case Id is---1
[INFO ][2016-01-07 17:20:18,662][com.java.TestType] [  487] - 1
[INFO ][2016-01-07 17:20:18,662][com.java.TestType] [  482] -  str(2) = 1
[INFO ][2016-01-07 17:20:18,665][com.java.TestType] [  482] -  str(1) = 1
[INFO ][2016-01-07 17:20:18,665][com.java.TestType] [  485] - Test case Id is---1
[INFO ][2016-01-07 17:20:18,665][com.java.TestType] [  487] - 1
[INFO ][2016-01-07 17:20:18,665][com.java.TestType] [  482] -  str(2) = 2
[INFO ][2016-01-07 17:20:18,667][com.java.TestType] [  482] -  str(1) = 1
[INFO ][2016-01-07 17:20:18,667][com.java.TestType] [  485] - Test case Id is---1
[INFO ][2016-01-07 17:20:18,667][com.java.TestType] [  487] - 1
[INFO ][2016-01-07 17:20:18,667][com.java.TestType] [  482] -  str(2) = 3
[INFO ][2016-01-07 17:20:18,670][com.java.TestType] [  482] -  str(1) = 1
[INFO ][2016-01-07 17:20:18,670][com.java.TestType] [  485] - Test case Id is---1
[INFO ][2016-01-07 17:20:18,670][com.java.TestType] [  487] - 1
[INFO ][2016-01-07 17:20:18,670][com.java.TestType] [  482] -  str(2) = 4
[INFO ][2016-01-07 17:20:18,672][com.java.TestType] [  482] -  str(1) = 1
[INFO ][2016-01-07 17:20:18,672][com.java.TestType] [  485] - Test case Id is---1
[INFO ][2016-01-07 17:20:18,672][com.java.TestType] [  487] - 1
[INFO ][2016-01-07 17:20:18,672][com.java.TestType] [  482] -  str(2) = 5
[INFO ][2016-01-07 17:20:18,672][com.java.TestType] [  482] -  str(1) = 1
[INFO ][2016-01-07 17:20:18,672][com.java.TestType] [  485] - Test case Id is---1
[INFO ][2016-01-07 17:20:18,672][com.java.TestType] [  487] - 1
[INFO ][2016-01-07 17:20:18,672][com.java.TestType] [  482] -  str(2) = 6
[INFO ][2016-01-07 17:20:18,675][com.java.TestType] [  482] -  str(1) = 1
[INFO ][2016-01-07 17:20:18,675][com.java.TestType] [  485] - Test case Id is---1
[INFO ][2016-01-07 17:20:18,675][com.java.TestType] [  487] - 1
[INFO ][2016-01-07 17:20:18,675][com.java.TestType] [  482] -  str(2) = 7
[INFO ][2016-01-07 17:20:18,675][com.java.TestType] [  482] -  str(1) = 1
[INFO ][2016-01-07 17:20:18,675][com.java.TestType] [  485] - Test case Id is---1
[INFO ][2016-01-07 17:20:18,675][com.java.TestType] [  487] - 1
[INFO ][2016-01-07 17:20:18,675][com.java.TestType] [  482] -  str(2) = 8
[INFO ][2016-01-07 17:20:18,675][com.java.TestType] [  482] -  str(1) = 1
[INFO ][2016-01-07 17:20:18,675][com.java.TestType] [  485] - Test case Id is---1
[INFO ][2016-01-07 17:20:18,677][com.java.TestType] [  487] - 1
[INFO ][2016-01-07 17:20:18,677][com.java.TestType] [  482] -  str(2) = 9
[INFO ][2016-01-07 17:20:18,677][com.java.TestType] [  482] -  str(1) = 1
[INFO ][2016-01-07 17:20:18,677][com.java.TestType] [  485] - Test case Id is---1
[INFO ][2016-01-07 17:20:18,677][com.java.TestType] [  487] - 1
[INFO ][2016-01-07 17:20:18,677][com.java.TestType] [  482] -  str(2) = 10
[INFO ][2016-01-07 17:20:18,680][com.java.TestType] [  482] -  str(1) = 1
[INFO ][2016-01-07 17:20:18,680][com.java.TestType] [  485] - Test case Id is---1
[INFO ][2016-01-07 17:20:18,680][com.java.TestType] [  487] - 1
[INFO ][2016-01-07 17:20:18,680][com.java.TestType] [  482] -  str(2) = 11
[INFO ][2016-01-07 17:20:18,680][com.java.TestType] [  482] -  str(1) = 1
[INFO ][2016-01-07 17:20:18,680][com.java.TestType] [  485] - Test case Id is---1
[INFO ][2016-01-07 17:20:18,680][com.java.TestType] [  487] - 1
[INFO ][2016-01-07 17:20:18,680][com.java.TestType] [  482] -  str(2) = 12
[INFO ][2016-01-07 17:20:18,680][com.java.TestType] [  482] -  str(1) = 1
[INFO ][2016-01-07 17:20:18,680][com.java.TestType] [  485] - Test case Id is---1
[INFO ][2016-01-07 17:20:18,680][com.java.TestType] [  487] - 1
[INFO ][2016-01-07 17:20:18,682][com.java.TestType] [  482] -  str(2) = 13
[INFO ][2016-01-07 17:20:18,682][com.java.TestType] [  482] -  str(1) = 1
[INFO ][2016-01-07 17:20:18,682][com.java.TestType] [  485] - Test case Id is---1
[INFO ][2016-01-07 17:20:18,682][com.java.TestType] [  487] - 1
[INFO ][2016-01-07 17:20:18,682][com.java.TestType] [  482] -  str(2) = 14
[INFO ][2016-01-07 17:20:18,682][com.java.TestType] [  482] -  str(1) = 1
[INFO ][2016-01-07 17:20:18,682][com.java.TestType] [  485] - Test case Id is---1
[INFO ][2016-01-07 17:20:18,682][com.java.TestType] [  487] - 1
[INFO ][2016-01-07 17:20:18,682][com.java.TestType] [  482] -  str(2) = 15
[INFO ][2016-01-07 17:20:18,685][com.java.TestType] [  482] -  str(1) = 1
[INFO ][2016-01-07 17:20:18,685][com.java.TestType] [  485] - Test case Id is---1
[INFO ][2016-01-07 17:20:18,685][com.java.TestType] [  487] - 1
[INFO ][2016-01-07 17:20:18,685][com.java.TestType] [  482] -  str(2) = 16
[INFO ][2016-01-07 17:20:18,685][com.java.TestType] [10822] - Looping 1TCID = 1
[DEBUG][2016-01-07 17:20:18,685][com.java.TestType] [10863] - Concept ID:1 :: Step being Executed: 1::1
[INFO ][2016-01-07 17:20:18,685][com.java.TestType] [10901] - dataFields : TXTusername
[DEBUG][2016-01-07 17:20:18,685][com.java.TestType] [10907] - <In Set values of the page>
[DEBUG][2016-01-07 17:20:18,685][com.java.TestType] [10912] - {Data Fields & Data Values Exist}
[INFO ][2016-01-07 17:20:18,685][com.java.TestType] [10918] - --------------------------setting values-----------------------------
[INFO ][2016-01-07 17:20:18,685][com.java.TestType] [10921] - Action Type : CLEARANDENTER
[INFO ][2016-01-07 17:20:18,685][com.java.TestType] [ 5895] - value = valuelabs.ie10.15019
[INFO ][2016-01-07 17:20:23,423][com.java.TestType] [10940] -  RESULT true
[INFO ][2016-01-07 17:20:23,423][com.java.TestType] [11057] - ?   P A S S   ?
[DEBUG][2016-01-07 17:20:23,423][com.java.TestType] [10863] - Concept ID:1 :: Step being Executed: 1::2
[INFO ][2016-01-07 17:20:23,426][com.java.TestType] [10901] - dataFields : TXTpassword
[DEBUG][2016-01-07 17:20:23,426][com.java.TestType] [10907] - <In Set values of the page>
[DEBUG][2016-01-07 17:20:23,426][com.java.TestType] [10912] - {Data Fields & Data Values Exist}
[INFO ][2016-01-07 17:20:23,426][com.java.TestType] [10918] - --------------------------setting values-----------------------------
[INFO ][2016-01-07 17:20:23,426][com.java.TestType] [10921] - Action Type : CLEARANDENTER
[INFO ][2016-01-07 17:20:23,426][com.java.TestType] [ 5895] - value = Password1*
[INFO ][2016-01-07 17:20:28,258][com.java.TestType] [10940] -  RESULT true
[INFO ][2016-01-07 17:20:28,258][com.java.TestType] [11057] - ?   P A S S   ?
[DEBUG][2016-01-07 17:20:28,258][com.java.TestType] [10863] - Concept ID:1 :: Step being Executed: 1::3
[ERROR][2016-01-07 17:20:28,260][com.java.TestType] [10896] - Exception: null
[INFO ][2016-01-07 17:20:28,260][com.java.TestType] [10901] - dataFields : XPH//button[@type='submit']
[DEBUG][2016-01-07 17:20:28,260][com.java.TestType] [10907] - <In Set values of the page>
[DEBUG][2016-01-07 17:20:28,260][com.java.TestType] [10912] - {Data Fields & Data Values Exist}
[INFO ][2016-01-07 17:20:28,260][com.java.TestType] [10918] - --------------------------setting values-----------------------------
[INFO ][2016-01-07 17:20:28,260][com.java.TestType] [10921] - Action Type : Click
[INFO ][2016-01-07 17:20:28,260][com.java.TestType] [ 6274] - Field ::XPH//button[@type='submit']
[INFO ][2016-01-07 17:20:28,260][com.java.TestType] [ 5895] - value = 
[INFO ][2016-01-07 17:20:29,260][com.java.TestType] [ 6411] - BEFORE CLICK
[INFO ][2016-01-07 17:20:30,126][com.java.TestType] [ 6419] - Unable to click the object Login
[INFO ][2016-01-07 17:20:30,126][com.java.TestType] [10940] -  RESULT true
[INFO ][2016-01-07 17:20:30,126][com.java.TestType] [11057] - ?   P A S S   ?
[DEBUG][2016-01-07 17:20:30,126][com.java.TestType] [10863] - Concept ID:1 :: Step being Executed: 1::4
[INFO ][2016-01-07 17:20:30,126][com.java.TestType] [10901] - dataFields : LNKLogout
[DEBUG][2016-01-07 17:20:30,126][com.java.TestType] [10907] - <In Set values of the page>
[DEBUG][2016-01-07 17:20:30,126][com.java.TestType] [10912] - {Data Fields & Data Values Exist}
[INFO ][2016-01-07 17:20:30,126][com.java.TestType] [10918] - --------------------------setting values-----------------------------
[INFO ][2016-01-07 17:20:30,126][com.java.TestType] [10921] - Action Type : WaitForElement
[INFO ][2016-01-07 17:20:33,617][com.java.TestType] [10940] -  RESULT true
[INFO ][2016-01-07 17:20:33,617][com.java.TestType] [11057] - ?   P A S S   ?
[DEBUG][2016-01-07 17:20:33,617][com.java.TestType] [10863] - Concept ID:1 :: Step being Executed: 1::15
[INFO ][2016-01-07 17:20:33,617][com.java.TestType] [10901] - dataFields : LNK
[DEBUG][2016-01-07 17:20:33,617][com.java.TestType] [10907] - <In Set values of the page>
[DEBUG][2016-01-07 17:20:33,617][com.java.TestType] [10912] - {Data Fields & Data Values Exist}
[INFO ][2016-01-07 17:20:33,617][com.java.TestType] [10918] - --------------------------setting values-----------------------------
[INFO ][2016-01-07 17:20:33,617][com.java.TestType] [10921] - Action Type : Verify
[INFO ][2016-01-07 17:20:33,617][com.java.TestType] [ 7269] - field= LNK value= Logout
[INFO ][2016-01-07 17:20:33,617][com.java.TestType] [ 5895] - value = Logout
[INFO ][2016-01-07 17:20:33,655][com.java.TestType] [10940] -  RESULT true
[INFO ][2016-01-07 17:20:33,655][com.java.TestType] [11057] - ?   P A S S   ?
[DEBUG][2016-01-07 17:20:33,655][com.java.TestType] [10863] - Concept ID:1 :: Step being Executed: 1::16
[INFO ][2016-01-07 17:20:33,655][com.java.TestType] [10901] - dataFields : BTN
[DEBUG][2016-01-07 17:20:33,655][com.java.TestType] [10907] - <In Set values of the page>
[DEBUG][2016-01-07 17:20:33,655][com.java.TestType] [10912] - {Data Fields & Data Values Exist}
[INFO ][2016-01-07 17:20:33,655][com.java.TestType] [10918] - --------------------------setting values-----------------------------
[INFO ][2016-01-07 17:20:33,655][com.java.TestType] [10921] - Action Type : Verify
[INFO ][2016-01-07 17:20:33,655][com.java.TestType] [ 7269] - field= BTN value= //img[contains(@src,'bdlogo.jpg')]
[INFO ][2016-01-07 17:20:33,655][com.java.TestType] [ 5895] - value = //img[contains(@src,'bdlogo.jpg')]
[INFO ][2016-01-07 17:20:33,725][com.java.TestType] [10940] -  RESULT true
[INFO ][2016-01-07 17:20:33,725][com.java.TestType] [11057] - ?   P A S S   ?
[INFO ][2016-01-07 17:20:33,725][com.java.TestType] [11128] - Looping End......
[INFO ][2016-01-07 17:20:33,730][com.java.SeleniumDriver] [  906] -  RESULT true
[INFO ][2016-01-07 17:20:33,730][com.java.SeleniumDriver] [ 1112] - ?   P A S S   ?
[INFO ][2016-01-07 17:20:33,730][com.java.SeleniumDriver] [  832] - ------------------------------------------
[INFO ][2016-01-07 17:20:33,730][com.java.SeleniumDriver] [  833] - Test case being Executed: 1
[INFO ][2016-01-07 17:20:33,730][com.java.SeleniumDriver] [  845] - Test step:2
[INFO ][2016-01-07 17:20:33,730][com.java.SeleniumDriver] [  857] - Datavalue is----------Concept#2:1-2
[INFO ][2016-01-07 17:20:33,730][com.java.SeleniumDriver] [  881] - DataField : test
[INFO ][2016-01-07 17:20:33,730][com.java.SeleniumDriver] [  883] - DataValue : Concept#2:1-2
[INFO ][2016-01-07 17:20:33,730][com.java.SeleniumDriver] [  889] - <In Set values of the page>
[INFO ][2016-01-07 17:20:33,730][com.java.SeleniumDriver] [  892] - {Data Fields & Data Values Exist}
[INFO ][2016-01-07 17:20:33,730][com.java.SeleniumDriver] [  894] - --------------------------setting values-----------------------------
[INFO ][2016-01-07 17:20:33,730][com.java.SeleniumDriver] [  897] - Action Type : ExecuteTestCase
[INFO ][2016-01-07 17:20:33,730][com.java.TestType] [  437] - The Concept sheet name is ---------- Concept
[INFO ][2016-01-07 17:20:33,730][com.java.TestType] [  440] - The Concept ID  is ---------- 2
[DEBUG][2016-01-07 17:20:33,730][com.java.TestType] [  444] - Steps being executted in the Concept are: 1:2
[INFO ][2016-01-07 17:20:33,730][com.java.TestType] [  451] - Test data details path ---------- D:\BankersDashboard\TestInputs\TestData.xls
[INFO ][2016-01-07 17:20:33,758][com.java.TestType] [  482] -  str(1) = 2
[INFO ][2016-01-07 17:20:33,758][com.java.TestType] [  485] - Test case Id is---2
[INFO ][2016-01-07 17:20:33,758][com.java.TestType] [  487] - 2
[INFO ][2016-01-07 17:20:33,758][com.java.TestType] [  482] -  str(2) = 1
[INFO ][2016-01-07 17:20:33,760][com.java.TestType] [  482] -  str(1) = 2
[INFO ][2016-01-07 17:20:33,760][com.java.TestType] [  485] - Test case Id is---2
[INFO ][2016-01-07 17:20:33,760][com.java.TestType] [  487] - 2
[INFO ][2016-01-07 17:20:33,760][com.java.TestType] [  482] -  str(2) = 2
[INFO ][2016-01-07 17:20:33,760][com.java.TestType] [  482] -  str(1) = 2
[INFO ][2016-01-07 17:20:33,763][com.java.TestType] [  485] - Test case Id is---2
[INFO ][2016-01-07 17:20:33,763][com.java.TestType] [  487] - 2
[INFO ][2016-01-07 17:20:33,763][com.java.TestType] [  482] -  str(2) = 3
[INFO ][2016-01-07 17:20:33,763][com.java.TestType] [10822] - Looping 1TCID = 2
[DEBUG][2016-01-07 17:20:33,763][com.java.TestType] [10863] - Concept ID:2 :: Step being Executed: 2::1
[INFO ][2016-01-07 17:20:33,763][com.java.TestType] [10901] - dataFields : BNK//select[@id='bank']
[DEBUG][2016-01-07 17:20:33,763][com.java.TestType] [10907] - <In Set values of the page>
[DEBUG][2016-01-07 17:20:33,763][com.java.TestType] [10912] - {Data Fields & Data Values Exist}
[INFO ][2016-01-07 17:20:33,763][com.java.TestType] [10918] - --------------------------setting values-----------------------------
[INFO ][2016-01-07 17:20:33,763][com.java.TestType] [10921] - Action Type : Select
[INFO ][2016-01-07 17:20:33,763][com.java.TestType] [ 5895] - value = PFC
[INFO ][2016-01-07 17:20:34,193][com.java.TestType] [10940] -  RESULT true
[INFO ][2016-01-07 17:20:34,193][com.java.TestType] [11057] - ?   P A S S   ?
[DEBUG][2016-01-07 17:20:34,195][com.java.TestType] [10863] - Concept ID:2 :: Step being Executed: 2::2
[INFO ][2016-01-07 17:20:34,195][com.java.TestType] [10901] - dataFields : LNKLogout
[DEBUG][2016-01-07 17:20:34,195][com.java.TestType] [10907] - <In Set values of the page>
[DEBUG][2016-01-07 17:20:34,195][com.java.TestType] [10912] - {Data Fields & Data Values Exist}
[INFO ][2016-01-07 17:20:34,195][com.java.TestType] [10918] - --------------------------setting values-----------------------------
[INFO ][2016-01-07 17:20:34,195][com.java.TestType] [10921] - Action Type : WaitTime
[DEBUG][2016-01-07 17:20:34,195][com.java.TestType] [ 5715] - sleepTime: 5000
[INFO ][2016-01-07 17:20:39,197][com.java.TestType] [10940] -  RESULT true
[INFO ][2016-01-07 17:20:39,197][com.java.TestType] [11057] - ?   P A S S   ?
[INFO ][2016-01-07 17:20:39,197][com.java.TestType] [11128] - Looping End......
[INFO ][2016-01-07 17:20:39,200][com.java.SeleniumDriver] [  906] -  RESULT true
[INFO ][2016-01-07 17:20:39,200][com.java.SeleniumDriver] [ 1112] - ?   P A S S   ?
[INFO ][2016-01-07 17:20:39,200][com.java.SeleniumDriver] [  832] - ------------------------------------------
[INFO ][2016-01-07 17:20:39,200][com.java.SeleniumDriver] [  833] - Test case being Executed: 1
[INFO ][2016-01-07 17:20:39,200][com.java.SeleniumDriver] [  845] - Test step:3
[INFO ][2016-01-07 17:20:39,200][com.java.SeleniumDriver] [  857] - Datavalue is----------2
[INFO ][2016-01-07 17:20:39,200][com.java.SeleniumDriver] [  881] - DataField : XPH//button[contains(text(),'Add Content')]
[INFO ][2016-01-07 17:20:39,200][com.java.SeleniumDriver] [  883] - DataValue : 2
[INFO ][2016-01-07 17:20:39,200][com.java.SeleniumDriver] [  889] - <In Set values of the page>
[INFO ][2016-01-07 17:20:39,200][com.java.SeleniumDriver] [  892] - {Data Fields & Data Values Exist}
[INFO ][2016-01-07 17:20:39,200][com.java.SeleniumDriver] [  894] - --------------------------setting values-----------------------------
[INFO ][2016-01-07 17:20:39,200][com.java.SeleniumDriver] [  897] - Action Type : WAITFORELEMENT
[INFO ][2016-01-07 17:20:39,237][com.java.SeleniumDriver] [  906] -  RESULT true
[INFO ][2016-01-07 17:20:39,237][com.java.SeleniumDriver] [ 1112] - ?   P A S S   ?
[DEBUG][2016-01-07 17:20:39,239][com.java.SeleniumDriver] [ 1224] - Case found
[DEBUG][2016-01-07 17:20:39,239][com.java.SeleniumDriver] [ 1229] - Incrementing ReportCounters[0]:1
[INFO ][2016-01-07 17:20:39,239][com.java.SeleniumDriver] [ 1248] - The results are-------------------[1, 1, Valid Login, Pass, , Thu Jan 07 17:20:33 IST 2016, 1, 2, Valid Login, Pass, , Thu Jan 07 17:20:39 IST 2016, 1, 3, Valid Login, Pass, , Thu Jan 07 17:20:39 IST 2016]
[INFO ][2016-01-07 17:20:39,239][com.java.SeleniumDriver] [ 1252] - End time is-------35 sec
[INFO ][2016-01-07 17:20:39,239][com.java.SeleniumDriver] [ 1253] - The results are-------------------[1, 1, Valid Login, Pass, , Thu Jan 07 17:20:33 IST 2016, 1, 2, Valid Login, Pass, , Thu Jan 07 17:20:39 IST 2016, 1, 3, Valid Login, Pass, , Thu Jan 07 17:20:39 IST 2016]
[DEBUG][2016-01-07 17:20:39,239][com.java.ImportnExport.ExportTestResultsExcel] [  222] - testResultPath = D:\BankersDashboard/TestReports/Test Results_BankersDashBoard_010716_172005_IE10_First Bank.xls
[DEBUG][2016-01-07 17:20:39,239][com.java.ImportnExport.ExportTestResultsExcel] [  223] - browser is------------IE10
[DEBUG][2016-01-07 17:20:39,284][com.java.ImportnExport.ExportTestResultsExcel] [  270] - result.size() = 18
[DEBUG][2016-01-07 17:20:39,284][com.java.ImportnExport.ExportTestResultsExcel] [  274] - No of rows in sheet=1
[DEBUG][2016-01-07 17:20:39,284][com.java.ImportnExport.ExportTestResultsExcel] [  301] - ..in export..1
[DEBUG][2016-01-07 17:20:39,284][com.java.ImportnExport.ExportTestResultsExcel] [  301] - ..in export..Valid Login
[DEBUG][2016-01-07 17:20:39,284][com.java.ImportnExport.ExportTestResultsExcel] [  301] - ..in export..Pass
[DEBUG][2016-01-07 17:20:39,287][com.java.ImportnExport.ExportTestResultsExcel] [  301] - ..in export..
[DEBUG][2016-01-07 17:20:39,287][com.java.ImportnExport.ExportTestResultsExcel] [  301] - ..in export..Thu Jan 07 17:20:33 IST 2016
[INFO ][2016-01-07 17:20:39,287][com.java.SeleniumDriver] [ 1313] - out loop:0 size:3 TestCases:[1, 2, 3] testcases:[1, 2, 3]
[INFO ][2016-01-07 17:20:39,287][com.java.ImportnExport.ImportTestDataDetailsExcel] [   49] - test data details path===== D:\BankersDashboard\TestInputs\TestData.xls
[INFO ][2016-01-07 17:21:08,781][com.java.SeleniumDriver] [  832] - ------------------------------------------
[INFO ][2016-01-07 17:21:08,781][com.java.SeleniumDriver] [  833] - Test case being Executed: 2
[INFO ][2016-01-07 17:21:08,781][com.java.SeleniumDriver] [  845] - Test step:1
[INFO ][2016-01-07 17:21:08,781][com.java.SeleniumDriver] [  857] - Datavalue is----------Logout
[INFO ][2016-01-07 17:21:08,781][com.java.SeleniumDriver] [  881] - DataField : BTN
[INFO ][2016-01-07 17:21:08,781][com.java.SeleniumDriver] [  883] - DataValue : Logout
[INFO ][2016-01-07 17:21:08,781][com.java.SeleniumDriver] [  889] - <In Set values of the page>
[INFO ][2016-01-07 17:21:08,781][com.java.SeleniumDriver] [  892] - {Data Fields & Data Values Exist}
[INFO ][2016-01-07 17:21:08,781][com.java.SeleniumDriver] [  894] - --------------------------setting values-----------------------------
[INFO ][2016-01-07 17:21:08,781][com.java.SeleniumDriver] [  897] - Action Type : Verify
[INFO ][2016-01-07 17:21:08,781][com.java.TestType] [ 7269] - field= BTN value= Logout
[INFO ][2016-01-07 17:21:08,781][com.java.TestType] [ 5895] - value = Logout
[INFO ][2016-01-07 17:21:08,852][com.java.SeleniumDriver] [  906] -  RESULT true
[INFO ][2016-01-07 17:21:08,852][com.java.SeleniumDriver] [ 1112] - ?   P A S S   ?
[INFO ][2016-01-07 17:21:08,852][com.java.SeleniumDriver] [ 1154] - step change to 3
[INFO ][2016-01-07 17:21:08,852][com.java.SeleniumDriver] [  832] - ------------------------------------------
[INFO ][2016-01-07 17:21:08,852][com.java.SeleniumDriver] [  833] - Test case being Executed: 2
[INFO ][2016-01-07 17:21:08,852][com.java.SeleniumDriver] [  845] - Test step:3
[INFO ][2016-01-07 17:21:08,852][com.java.SeleniumDriver] [  857] - Datavalue is----------null
[DEBUG][2016-01-07 17:21:08,855][com.java.SeleniumDriver] [  875] - Exception: null
[INFO ][2016-01-07 17:21:08,855][com.java.SeleniumDriver] [  881] - DataField : //span[@class='icon-user4']&&//a[text()='Users']&&//a[@data-id="ModifyUsers"]
[INFO ][2016-01-07 17:21:08,855][com.java.SeleniumDriver] [  883] - DataValue : 
[INFO ][2016-01-07 17:21:08,855][com.java.SeleniumDriver] [  889] - <In Set values of the page>
[INFO ][2016-01-07 17:21:08,855][com.java.SeleniumDriver] [  892] - {Data Fields & Data Values Exist}
[INFO ][2016-01-07 17:21:08,855][com.java.SeleniumDriver] [  894] - --------------------------setting values-----------------------------
[INFO ][2016-01-07 17:21:08,855][com.java.SeleniumDriver] [  897] - Action Type : MouseOver
[INFO ][2016-01-07 17:21:35,645][com.java.SeleniumDriver] [  906] -  RESULT true
[INFO ][2016-01-07 17:21:35,645][com.java.SeleniumDriver] [ 1112] - ?   P A S S   ?
[INFO ][2016-01-07 17:21:35,645][com.java.SeleniumDriver] [  832] - ------------------------------------------
[INFO ][2016-01-07 17:21:35,645][com.java.SeleniumDriver] [  833] - Test case being Executed: 2
[INFO ][2016-01-07 17:21:35,645][com.java.SeleniumDriver] [  845] - Test step:4
[INFO ][2016-01-07 17:21:35,645][com.java.SeleniumDriver] [  857] - Datavalue is----------2
[INFO ][2016-01-07 17:21:35,645][com.java.SeleniumDriver] [  881] - DataField : BTNframeDialogContent
[INFO ][2016-01-07 17:21:35,645][com.java.SeleniumDriver] [  883] - DataValue : 2
[INFO ][2016-01-07 17:21:35,645][com.java.SeleniumDriver] [  889] - <In Set values of the page>
[INFO ][2016-01-07 17:21:35,645][com.java.SeleniumDriver] [  892] - {Data Fields & Data Values Exist}
[INFO ][2016-01-07 17:21:35,645][com.java.SeleniumDriver] [  894] - --------------------------setting values-----------------------------
[INFO ][2016-01-07 17:21:35,645][com.java.SeleniumDriver] [  897] - Action Type : WaitForElement
[INFO ][2016-01-07 17:21:36,864][com.java.SeleniumDriver] [  906] -  RESULT true
[INFO ][2016-01-07 17:21:36,864][com.java.SeleniumDriver] [ 1112] - ?   P A S S   ?
[INFO ][2016-01-07 17:21:36,866][com.java.SeleniumDriver] [  832] - ------------------------------------------
[INFO ][2016-01-07 17:21:36,866][com.java.SeleniumDriver] [  833] - Test case being Executed: 2
[INFO ][2016-01-07 17:21:36,866][com.java.SeleniumDriver] [  845] - Test step:5
[INFO ][2016-01-07 17:21:36,866][com.java.SeleniumDriver] [  857] - Datavalue is----------null
[DEBUG][2016-01-07 17:21:36,866][com.java.SeleniumDriver] [  875] - Exception: null
[INFO ][2016-01-07 17:21:36,866][com.java.SeleniumDriver] [  881] - DataField : BTNframeDialogContent
[INFO ][2016-01-07 17:21:36,866][com.java.SeleniumDriver] [  883] - DataValue : 
[INFO ][2016-01-07 17:21:36,866][com.java.SeleniumDriver] [  889] - <In Set values of the page>
[INFO ][2016-01-07 17:21:36,866][com.java.SeleniumDriver] [  892] - {Data Fields & Data Values Exist}
[INFO ][2016-01-07 17:21:36,866][com.java.SeleniumDriver] [  894] - --------------------------setting values-----------------------------
[INFO ][2016-01-07 17:21:36,866][com.java.SeleniumDriver] [  897] - Action Type : SelectFrame
[INFO ][2016-01-07 17:21:38,116][com.java.SeleniumDriver] [  906] -  RESULT true
[INFO ][2016-01-07 17:21:38,116][com.java.SeleniumDriver] [ 1112] - ?   P A S S   ?
[INFO ][2016-01-07 17:21:38,116][com.java.SeleniumDriver] [  832] - ------------------------------------------
[INFO ][2016-01-07 17:21:38,116][com.java.SeleniumDriver] [  833] - Test case being Executed: 2
[INFO ][2016-01-07 17:21:38,116][com.java.SeleniumDriver] [  845] - Test step:6
[INFO ][2016-01-07 17:21:38,116][com.java.SeleniumDriver] [  857] - Datavalue is----------2
[INFO ][2016-01-07 17:21:38,116][com.java.SeleniumDriver] [  881] - DataField : BTNbtnAddUser
[INFO ][2016-01-07 17:21:38,116][com.java.SeleniumDriver] [  883] - DataValue : 2
[INFO ][2016-01-07 17:21:38,116][com.java.SeleniumDriver] [  889] - <In Set values of the page>
[INFO ][2016-01-07 17:21:38,116][com.java.SeleniumDriver] [  892] - {Data Fields & Data Values Exist}
[INFO ][2016-01-07 17:21:38,116][com.java.SeleniumDriver] [  894] - --------------------------setting values-----------------------------
[INFO ][2016-01-07 17:21:38,116][com.java.SeleniumDriver] [  897] - Action Type : WaitForElement
[INFO ][2016-01-07 17:21:39,753][com.java.SeleniumDriver] [  906] -  RESULT true
[INFO ][2016-01-07 17:21:39,753][com.java.SeleniumDriver] [ 1112] - ?   P A S S   ?
[INFO ][2016-01-07 17:21:39,753][com.java.SeleniumDriver] [  832] - ------------------------------------------
[INFO ][2016-01-07 17:21:39,753][com.java.SeleniumDriver] [  833] - Test case being Executed: 2
[INFO ][2016-01-07 17:21:39,753][com.java.SeleniumDriver] [  845] - Test step:7
[INFO ][2016-01-07 17:21:39,753][com.java.SeleniumDriver] [  857] - Datavalue is----------null
[DEBUG][2016-01-07 17:21:39,753][com.java.SeleniumDriver] [  875] - Exception: null
[INFO ][2016-01-07 17:21:39,753][com.java.SeleniumDriver] [  881] - DataField : BTNbtnAddUser
[INFO ][2016-01-07 17:21:39,753][com.java.SeleniumDriver] [  883] - DataValue : 
[INFO ][2016-01-07 17:21:39,753][com.java.SeleniumDriver] [  889] - <In Set values of the page>
[INFO ][2016-01-07 17:21:39,753][com.java.SeleniumDriver] [  892] - {Data Fields & Data Values Exist}
[INFO ][2016-01-07 17:21:39,753][com.java.SeleniumDriver] [  894] - --------------------------setting values-----------------------------
[INFO ][2016-01-07 17:21:39,756][com.java.SeleniumDriver] [  897] - Action Type : Click
[INFO ][2016-01-07 17:21:39,756][com.java.TestType] [ 6274] - Field ::BTNbtnAddUser
[INFO ][2016-01-07 17:21:39,756][com.java.TestType] [ 5895] - value = 
[INFO ][2016-01-07 17:21:40,757][com.java.TestType] [ 6390] - BEFORE CLICK
[INFO ][2016-01-07 17:21:42,521][com.java.TestType] [ 6397] - Unable to click the object Add user button
[INFO ][2016-01-07 17:21:42,521][com.java.SeleniumDriver] [  906] -  RESULT true
[INFO ][2016-01-07 17:21:42,521][com.java.SeleniumDriver] [ 1112] - ?   P A S S   ?
[INFO ][2016-01-07 17:21:42,521][com.java.SeleniumDriver] [  832] - ------------------------------------------
[INFO ][2016-01-07 17:21:42,521][com.java.SeleniumDriver] [  833] - Test case being Executed: 2
[INFO ][2016-01-07 17:21:42,521][com.java.SeleniumDriver] [  845] - Test step:8
[INFO ][2016-01-07 17:21:42,521][com.java.SeleniumDriver] [  857] - Datavalue is----------2
[INFO ][2016-01-07 17:21:42,521][com.java.SeleniumDriver] [  881] - DataField : BTNtxtUserName
[INFO ][2016-01-07 17:21:42,521][com.java.SeleniumDriver] [  883] - DataValue : 2
[INFO ][2016-01-07 17:21:42,521][com.java.SeleniumDriver] [  889] - <In Set values of the page>
[INFO ][2016-01-07 17:21:42,521][com.java.SeleniumDriver] [  892] - {Data Fields & Data Values Exist}
[INFO ][2016-01-07 17:21:42,521][com.java.SeleniumDriver] [  894] - --------------------------setting values-----------------------------
[INFO ][2016-01-07 17:21:42,523][com.java.SeleniumDriver] [  897] - Action Type : WaitForElement
[INFO ][2016-01-07 17:21:43,684][com.java.SeleniumDriver] [  906] -  RESULT true
[INFO ][2016-01-07 17:21:43,684][com.java.SeleniumDriver] [ 1112] - ?   P A S S   ?
[INFO ][2016-01-07 17:21:43,684][com.java.SeleniumDriver] [  832] - ------------------------------------------
[INFO ][2016-01-07 17:21:43,684][com.java.SeleniumDriver] [  833] - Test case being Executed: 2
[INFO ][2016-01-07 17:21:43,684][com.java.SeleniumDriver] [  845] - Test step:9
[INFO ][2016-01-07 17:21:43,684][com.java.SeleniumDriver] [  857] - Datavalue is----------5
[INFO ][2016-01-07 17:21:43,684][com.java.SeleniumDriver] [  881] - DataField : TXTtxtUserName
[INFO ][2016-01-07 17:21:43,684][com.java.SeleniumDriver] [  883] - DataValue : 5
[INFO ][2016-01-07 17:21:43,686][com.java.SeleniumDriver] [  889] - <In Set values of the page>
[INFO ][2016-01-07 17:21:43,686][com.java.SeleniumDriver] [  892] - {Data Fields & Data Values Exist}
[INFO ][2016-01-07 17:21:43,686][com.java.SeleniumDriver] [  894] - --------------------------setting values-----------------------------
[INFO ][2016-01-07 17:21:43,686][com.java.SeleniumDriver] [  897] - Action Type : WaitForElement
[INFO ][2016-01-07 17:21:44,823][com.java.SeleniumDriver] [  906] -  RESULT true
[INFO ][2016-01-07 17:21:44,823][com.java.SeleniumDriver] [ 1112] - ?   P A S S   ?
[INFO ][2016-01-07 17:21:44,823][com.java.SeleniumDriver] [  832] - ------------------------------------------
[INFO ][2016-01-07 17:21:44,823][com.java.SeleniumDriver] [  833] - Test case being Executed: 2
[INFO ][2016-01-07 17:21:44,823][com.java.SeleniumDriver] [  845] - Test step:10
[INFO ][2016-01-07 17:21:44,823][com.java.SeleniumDriver] [  857] - Datavalue is----------RNDvltest.robot
[INFO ][2016-01-07 17:21:44,823][com.java.SeleniumDriver] [  881] - DataField : TXTtxtUserName
[INFO ][2016-01-07 17:21:44,823][com.java.SeleniumDriver] [  883] - DataValue : RNDvltest.robot
[INFO ][2016-01-07 17:21:44,823][com.java.SeleniumDriver] [  889] - <In Set values of the page>
[INFO ][2016-01-07 17:21:44,823][com.java.SeleniumDriver] [  892] - {Data Fields & Data Values Exist}
[INFO ][2016-01-07 17:21:44,826][com.java.SeleniumDriver] [  894] - --------------------------setting values-----------------------------
[INFO ][2016-01-07 17:21:44,826][com.java.SeleniumDriver] [  897] - Action Type : CLEARANDENTER
[INFO ][2016-01-07 17:21:44,826][com.java.TestType] [ 5895] - value = vltest.robot107207
[INFO ][2016-01-07 17:21:47,394][com.java.SeleniumDriver] [  906] -  RESULT true
[INFO ][2016-01-07 17:21:47,394][com.java.SeleniumDriver] [ 1112] - ?   P A S S   ?
[INFO ][2016-01-07 17:21:47,394][com.java.SeleniumDriver] [  832] - ------------------------------------------
[INFO ][2016-01-07 17:21:47,394][com.java.SeleniumDriver] [  833] - Test case being Executed: 2
[INFO ][2016-01-07 17:21:47,394][com.java.SeleniumDriver] [  845] - Test step:11
[INFO ][2016-01-07 17:21:47,394][com.java.SeleniumDriver] [  857] - Datavalue is----------5
[INFO ][2016-01-07 17:21:47,394][com.java.SeleniumDriver] [  881] - DataField : TXTtxtFirstName
[INFO ][2016-01-07 17:21:47,394][com.java.SeleniumDriver] [  883] - DataValue : 5
[INFO ][2016-01-07 17:21:47,394][com.java.SeleniumDriver] [  889] - <In Set values of the page>
[INFO ][2016-01-07 17:21:47,394][com.java.SeleniumDriver] [  892] - {Data Fields & Data Values Exist}
[INFO ][2016-01-07 17:21:47,394][com.java.SeleniumDriver] [  894] - --------------------------setting values-----------------------------
[INFO ][2016-01-07 17:21:47,394][com.java.SeleniumDriver] [  897] - Action Type : WaitForElement
[INFO ][2016-01-07 17:21:48,541][com.java.SeleniumDriver] [  906] -  RESULT true
[INFO ][2016-01-07 17:21:48,541][com.java.SeleniumDriver] [ 1112] - ?   P A S S   ?
[INFO ][2016-01-07 17:21:48,541][com.java.SeleniumDriver] [  832] - ------------------------------------------
[INFO ][2016-01-07 17:21:48,541][com.java.SeleniumDriver] [  833] - Test case being Executed: 2
[INFO ][2016-01-07 17:21:48,541][com.java.SeleniumDriver] [  845] - Test step:12
[INFO ][2016-01-07 17:21:48,541][com.java.SeleniumDriver] [  857] - Datavalue is----------GivenNewUserName
[INFO ][2016-01-07 17:21:48,541][com.java.SeleniumDriver] [  881] - DataField : TXTtxtUserName
[INFO ][2016-01-07 17:21:48,543][com.java.SeleniumDriver] [  883] - DataValue : GivenNewUserName
[INFO ][2016-01-07 17:21:48,543][com.java.SeleniumDriver] [  889] - <In Set values of the page>
[INFO ][2016-01-07 17:21:48,543][com.java.SeleniumDriver] [  892] - {Data Fields & Data Values Exist}
[INFO ][2016-01-07 17:21:48,543][com.java.SeleniumDriver] [  894] - --------------------------setting values-----------------------------
[INFO ][2016-01-07 17:21:48,543][com.java.SeleniumDriver] [  897] - Action Type : STOREVALUE
[INFO ][2016-01-07 17:21:48,543][com.java.TestType] [ 8612] - field= TXTtxtUserName
[DEBUG][2016-01-07 17:21:49,730][com.java.TestType] [ 8626] - Key:: GivenNewUserName  Value:: vltest.robot107207
[INFO ][2016-01-07 17:21:49,730][com.java.SeleniumDriver] [  906] -  RESULT true
[INFO ][2016-01-07 17:21:49,730][com.java.SeleniumDriver] [ 1112] - ?   P A S S   ?
[INFO ][2016-01-07 17:21:49,730][com.java.SeleniumDriver] [  832] - ------------------------------------------
[INFO ][2016-01-07 17:21:49,730][com.java.SeleniumDriver] [  833] - Test case being Executed: 2
[INFO ][2016-01-07 17:21:49,730][com.java.SeleniumDriver] [  845] - Test step:13
[INFO ][2016-01-07 17:21:49,730][com.java.SeleniumDriver] [  857] - Datavalue is----------VLTest
[INFO ][2016-01-07 17:21:49,730][com.java.SeleniumDriver] [  881] - DataField : TXTtxtFirstName
[INFO ][2016-01-07 17:21:49,730][com.java.SeleniumDriver] [  883] - DataValue : VLTest
[INFO ][2016-01-07 17:21:49,730][com.java.SeleniumDriver] [  889] - <In Set values of the page>
[INFO ][2016-01-07 17:21:49,730][com.java.SeleniumDriver] [  892] - {Data Fields & Data Values Exist}
[INFO ][2016-01-07 17:21:49,733][com.java.SeleniumDriver] [  894] - --------------------------setting values-----------------------------
[INFO ][2016-01-07 17:21:49,733][com.java.SeleniumDriver] [  897] - Action Type : Enter
[INFO ][2016-01-07 17:21:49,733][com.java.TestType] [ 6696] - field = txtFirstName
[INFO ][2016-01-07 17:21:49,733][com.java.TestType] [ 5895] - value = VLTest
[INFO ][2016-01-07 17:21:51,426][com.java.SeleniumDriver] [  906] -  RESULT true
[INFO ][2016-01-07 17:21:51,426][com.java.SeleniumDriver] [ 1112] - ?   P A S S   ?
[INFO ][2016-01-07 17:21:51,426][com.java.SeleniumDriver] [  832] - ------------------------------------------
[INFO ][2016-01-07 17:21:51,426][com.java.SeleniumDriver] [  833] - Test case being Executed: 2
[INFO ][2016-01-07 17:21:51,426][com.java.SeleniumDriver] [  845] - Test step:14
[INFO ][2016-01-07 17:21:51,426][com.java.SeleniumDriver] [  857] - Datavalue is----------5
[INFO ][2016-01-07 17:21:51,426][com.java.SeleniumDriver] [  881] - DataField : TXTtxtLastName
[INFO ][2016-01-07 17:21:51,426][com.java.SeleniumDriver] [  883] - DataValue : 5
[INFO ][2016-01-07 17:21:51,426][com.java.SeleniumDriver] [  889] - <In Set values of the page>
[INFO ][2016-01-07 17:21:51,426][com.java.SeleniumDriver] [  892] - {Data Fields & Data Values Exist}
[INFO ][2016-01-07 17:21:51,426][com.java.SeleniumDriver] [  894] - --------------------------setting values-----------------------------
[INFO ][2016-01-07 17:21:51,426][com.java.SeleniumDriver] [  897] - Action Type : WaitForElement
[INFO ][2016-01-07 17:21:52,589][com.java.SeleniumDriver] [  906] -  RESULT true
[INFO ][2016-01-07 17:21:52,589][com.java.SeleniumDriver] [ 1112] - ?   P A S S   ?
[INFO ][2016-01-07 17:21:52,589][com.java.SeleniumDriver] [  832] - ------------------------------------------
[INFO ][2016-01-07 17:21:52,589][com.java.SeleniumDriver] [  833] - Test case being Executed: 2
[INFO ][2016-01-07 17:21:52,589][com.java.SeleniumDriver] [  845] - Test step:15
[INFO ][2016-01-07 17:21:52,589][com.java.SeleniumDriver] [  857] - Datavalue is----------Robot
[INFO ][2016-01-07 17:21:52,589][com.java.SeleniumDriver] [  881] - DataField : TXTtxtLastName
[INFO ][2016-01-07 17:21:52,591][com.java.SeleniumDriver] [  883] - DataValue : Robot
[INFO ][2016-01-07 17:21:52,591][com.java.SeleniumDriver] [  889] - <In Set values of the page>
[INFO ][2016-01-07 17:21:52,591][com.java.SeleniumDriver] [  892] - {Data Fields & Data Values Exist}
[INFO ][2016-01-07 17:21:52,591][com.java.SeleniumDriver] [  894] - --------------------------setting values-----------------------------
[INFO ][2016-01-07 17:21:52,591][com.java.SeleniumDriver] [  897] - Action Type : Enter
[INFO ][2016-01-07 17:21:52,591][com.java.TestType] [ 6696] - field = txtLastName
[INFO ][2016-01-07 17:21:52,591][com.java.TestType] [ 5895] - value = Robot
[INFO ][2016-01-07 17:21:54,051][com.java.SeleniumDriver] [  906] -  RESULT true
[INFO ][2016-01-07 17:21:54,051][com.java.SeleniumDriver] [ 1112] - ?   P A S S   ?
[INFO ][2016-01-07 17:21:54,051][com.java.SeleniumDriver] [  832] - ------------------------------------------
[INFO ][2016-01-07 17:21:54,051][com.java.SeleniumDriver] [  833] - Test case being Executed: 2
[INFO ][2016-01-07 17:21:54,051][com.java.SeleniumDriver] [  845] - Test step:16
[INFO ][2016-01-07 17:21:54,051][com.java.SeleniumDriver] [  857] - Datavalue is----------5
[INFO ][2016-01-07 17:21:54,053][com.java.SeleniumDriver] [  881] - DataField : TXTtxtCompany
[INFO ][2016-01-07 17:21:54,053][com.java.SeleniumDriver] [  883] - DataValue : 5
[INFO ][2016-01-07 17:21:54,053][com.java.SeleniumDriver] [  889] - <In Set values of the page>
[INFO ][2016-01-07 17:21:54,053][com.java.SeleniumDriver] [  892] - {Data Fields & Data Values Exist}
[INFO ][2016-01-07 17:21:54,053][com.java.SeleniumDriver] [  894] - --------------------------setting values-----------------------------
[INFO ][2016-01-07 17:21:54,053][com.java.SeleniumDriver] [  897] - Action Type : WaitForElement
[INFO ][2016-01-07 17:21:55,201][com.java.SeleniumDriver] [  906] -  RESULT true
[INFO ][2016-01-07 17:21:55,201][com.java.SeleniumDriver] [ 1112] - ?   P A S S   ?
[INFO ][2016-01-07 17:21:55,201][com.java.SeleniumDriver] [  832] - ------------------------------------------
[INFO ][2016-01-07 17:21:55,201][com.java.SeleniumDriver] [  833] - Test case being Executed: 2
[INFO ][2016-01-07 17:21:55,201][com.java.SeleniumDriver] [  845] - Test step:17
[INFO ][2016-01-07 17:21:55,201][com.java.SeleniumDriver] [  857] - Datavalue is----------ValueLabs
[INFO ][2016-01-07 17:21:55,201][com.java.SeleniumDriver] [  881] - DataField : TXTtxtCompany
[INFO ][2016-01-07 17:21:55,201][com.java.SeleniumDriver] [  883] - DataValue : ValueLabs
[INFO ][2016-01-07 17:21:55,201][com.java.SeleniumDriver] [  889] - <In Set values of the page>
[INFO ][2016-01-07 17:21:55,201][com.java.SeleniumDriver] [  892] - {Data Fields & Data Values Exist}
[INFO ][2016-01-07 17:21:55,201][com.java.SeleniumDriver] [  894] - --------------------------setting values-----------------------------
[INFO ][2016-01-07 17:21:55,201][com.java.SeleniumDriver] [  897] - Action Type : Enter
[INFO ][2016-01-07 17:21:55,203][com.java.TestType] [ 6696] - field = txtCompany
[INFO ][2016-01-07 17:21:55,203][com.java.TestType] [ 5895] - value = ValueLabs
[INFO ][2016-01-07 17:21:56,785][com.java.SeleniumDriver] [  906] -  RESULT true
[INFO ][2016-01-07 17:21:56,785][com.java.SeleniumDriver] [ 1112] - ?   P A S S   ?
[INFO ][2016-01-07 17:21:56,785][com.java.SeleniumDriver] [  832] - ------------------------------------------
[INFO ][2016-01-07 17:21:56,785][com.java.SeleniumDriver] [  833] - Test case being Executed: 2
[INFO ][2016-01-07 17:21:56,785][com.java.SeleniumDriver] [  845] - Test step:18
[INFO ][2016-01-07 17:21:56,785][com.java.SeleniumDriver] [  857] - Datavalue is----------5
[INFO ][2016-01-07 17:21:56,788][com.java.SeleniumDriver] [  881] - DataField : TXTtxtLocation
[INFO ][2016-01-07 17:21:56,788][com.java.SeleniumDriver] [  883] - DataValue : 5
[INFO ][2016-01-07 17:21:56,788][com.java.SeleniumDriver] [  889] - <In Set values of the page>
[INFO ][2016-01-07 17:21:56,788][com.java.SeleniumDriver] [  892] - {Data Fields & Data Values Exist}
[INFO ][2016-01-07 17:21:56,788][com.java.SeleniumDriver] [  894] - --------------------------setting values-----------------------------
[INFO ][2016-01-07 17:21:56,788][com.java.SeleniumDriver] [  897] - Action Type : WaitForElement
[INFO ][2016-01-07 17:21:57,938][com.java.SeleniumDriver] [  906] -  RESULT true
[INFO ][2016-01-07 17:21:57,938][com.java.SeleniumDriver] [ 1112] - ?   P A S S   ?
[INFO ][2016-01-07 17:21:57,938][com.java.SeleniumDriver] [  832] - ------------------------------------------
[INFO ][2016-01-07 17:21:57,938][com.java.SeleniumDriver] [  833] - Test case being Executed: 2
[INFO ][2016-01-07 17:21:57,938][com.java.SeleniumDriver] [  845] - Test step:19
[INFO ][2016-01-07 17:21:57,938][com.java.SeleniumDriver] [  857] - Datavalue is----------India
[INFO ][2016-01-07 17:21:57,938][com.java.SeleniumDriver] [  881] - DataField : TXTtxtLocation
[INFO ][2016-01-07 17:21:57,938][com.java.SeleniumDriver] [  883] - DataValue : India
[INFO ][2016-01-07 17:21:57,938][com.java.SeleniumDriver] [  889] - <In Set values of the page>
[INFO ][2016-01-07 17:21:57,938][com.java.SeleniumDriver] [  892] - {Data Fields & Data Values Exist}
[INFO ][2016-01-07 17:21:57,940][com.java.SeleniumDriver] [  894] - --------------------------setting values-----------------------------
[INFO ][2016-01-07 17:21:57,940][com.java.SeleniumDriver] [  897] - Action Type : Enter
[INFO ][2016-01-07 17:21:57,940][com.java.TestType] [ 6696] - field = txtLocation
[INFO ][2016-01-07 17:21:57,940][com.java.TestType] [ 5895] - value = India
[INFO ][2016-01-07 17:21:59,410][com.java.SeleniumDriver] [  906] -  RESULT true
[INFO ][2016-01-07 17:21:59,410][com.java.SeleniumDriver] [ 1112] - ?   P A S S   ?
[INFO ][2016-01-07 17:21:59,410][com.java.SeleniumDriver] [  832] - ------------------------------------------
[INFO ][2016-01-07 17:21:59,410][com.java.SeleniumDriver] [  833] - Test case being Executed: 2
[INFO ][2016-01-07 17:21:59,410][com.java.SeleniumDriver] [  845] - Test step:20
[INFO ][2016-01-07 17:21:59,410][com.java.SeleniumDriver] [  857] - Datavalue is----------5
[INFO ][2016-01-07 17:21:59,410][com.java.SeleniumDriver] [  881] - DataField : TXTtxtEMail
[INFO ][2016-01-07 17:21:59,410][com.java.SeleniumDriver] [  883] - DataValue : 5
[INFO ][2016-01-07 17:21:59,410][com.java.SeleniumDriver] [  889] - <In Set values of the page>
[INFO ][2016-01-07 17:21:59,410][com.java.SeleniumDriver] [  892] - {Data Fields & Data Values Exist}
[INFO ][2016-01-07 17:21:59,410][com.java.SeleniumDriver] [  894] - --------------------------setting values-----------------------------
[INFO ][2016-01-07 17:21:59,410][com.java.SeleniumDriver] [  897] - Action Type : WaitForElement
[INFO ][2016-01-07 17:22:00,560][com.java.SeleniumDriver] [  906] -  RESULT true
[INFO ][2016-01-07 17:22:00,560][com.java.SeleniumDriver] [ 1112] - ?   P A S S   ?
[INFO ][2016-01-07 17:22:00,560][com.java.SeleniumDriver] [  832] - ------------------------------------------
[INFO ][2016-01-07 17:22:00,560][com.java.SeleniumDriver] [  833] - Test case being Executed: 2
[INFO ][2016-01-07 17:22:00,560][com.java.SeleniumDriver] [  845] - Test step:21
[INFO ][2016-01-07 17:22:00,560][com.java.SeleniumDriver] [  857] - Datavalue is----------vltest.robot@valuelabs.com
[INFO ][2016-01-07 17:22:00,560][com.java.SeleniumDriver] [  881] - DataField : TXTtxtEMail
[INFO ][2016-01-07 17:22:00,560][com.java.SeleniumDriver] [  883] - DataValue : vltest.robot@valuelabs.com
[INFO ][2016-01-07 17:22:00,560][com.java.SeleniumDriver] [  889] - <In Set values of the page>
[INFO ][2016-01-07 17:22:00,562][com.java.SeleniumDriver] [  892] - {Data Fields & Data Values Exist}
[INFO ][2016-01-07 17:22:00,562][com.java.SeleniumDriver] [  894] - --------------------------setting values-----------------------------
[INFO ][2016-01-07 17:22:00,562][com.java.SeleniumDriver] [  897] - Action Type : Enter
[INFO ][2016-01-07 17:22:00,562][com.java.TestType] [ 6696] - field = txtEMail
[INFO ][2016-01-07 17:22:00,562][com.java.TestType] [ 5895] - value = vltest.robot@valuelabs.com
[INFO ][2016-01-07 17:22:02,154][com.java.SeleniumDriver] [  906] -  RESULT true
[INFO ][2016-01-07 17:22:02,154][com.java.SeleniumDriver] [ 1112] - ?   P A S S   ?
[INFO ][2016-01-07 17:22:02,154][com.java.SeleniumDriver] [  832] - ------------------------------------------
[INFO ][2016-01-07 17:22:02,154][com.java.SeleniumDriver] [  833] - Test case being Executed: 2
[INFO ][2016-01-07 17:22:02,154][com.java.SeleniumDriver] [  845] - Test step:22
[INFO ][2016-01-07 17:22:02,154][com.java.SeleniumDriver] [  857] - Datavalue is----------5
[INFO ][2016-01-07 17:22:02,154][com.java.SeleniumDriver] [  881] - DataField : TXTtxtPhone
[INFO ][2016-01-07 17:22:02,154][com.java.SeleniumDriver] [  883] - DataValue : 5
[INFO ][2016-01-07 17:22:02,157][com.java.SeleniumDriver] [  889] - <In Set values of the page>
[INFO ][2016-01-07 17:22:02,157][com.java.SeleniumDriver] [  892] - {Data Fields & Data Values Exist}
[INFO ][2016-01-07 17:22:02,157][com.java.SeleniumDriver] [  894] - --------------------------setting values-----------------------------
[INFO ][2016-01-07 17:22:02,157][com.java.SeleniumDriver] [  897] - Action Type : WaitForElement
[INFO ][2016-01-07 17:22:03,307][com.java.SeleniumDriver] [  906] -  RESULT true
[INFO ][2016-01-07 17:22:03,307][com.java.SeleniumDriver] [ 1112] - ?   P A S S   ?
[INFO ][2016-01-07 17:22:03,307][com.java.SeleniumDriver] [  832] - ------------------------------------------
[INFO ][2016-01-07 17:22:03,307][com.java.SeleniumDriver] [  833] - Test case being Executed: 2
[INFO ][2016-01-07 17:22:03,307][com.java.SeleniumDriver] [  845] - Test step:23
[INFO ][2016-01-07 17:22:03,307][com.java.SeleniumDriver] [  857] - Datavalue is----------12345678901
[INFO ][2016-01-07 17:22:03,307][com.java.SeleniumDriver] [  881] - DataField : TXTtxtPhone
[INFO ][2016-01-07 17:22:03,307][com.java.SeleniumDriver] [  883] - DataValue : 12345678901
[INFO ][2016-01-07 17:22:03,307][com.java.SeleniumDriver] [  889] - <In Set values of the page>
[INFO ][2016-01-07 17:22:03,309][com.java.SeleniumDriver] [  892] - {Data Fields & Data Values Exist}
[INFO ][2016-01-07 17:22:03,309][com.java.SeleniumDriver] [  894] - --------------------------setting values-----------------------------
[INFO ][2016-01-07 17:22:03,309][com.java.SeleniumDriver] [  897] - Action Type : Enter
[INFO ][2016-01-07 17:22:03,309][com.java.TestType] [ 6696] - field = txtPhone
[INFO ][2016-01-07 17:22:03,309][com.java.TestType] [ 5895] - value = 12345678901
[INFO ][2016-01-07 17:22:04,719][com.java.SeleniumDriver] [  906] -  RESULT true
[INFO ][2016-01-07 17:22:04,719][com.java.SeleniumDriver] [ 1112] - ?   P A S S   ?
[INFO ][2016-01-07 17:22:04,719][com.java.SeleniumDriver] [  832] - ------------------------------------------
[INFO ][2016-01-07 17:22:04,719][com.java.SeleniumDriver] [  833] - Test case being Executed: 2
[INFO ][2016-01-07 17:22:04,719][com.java.SeleniumDriver] [  845] - Test step:24
[INFO ][2016-01-07 17:22:04,719][com.java.SeleniumDriver] [  857] - Datavalue is----------5
[INFO ][2016-01-07 17:22:04,719][com.java.SeleniumDriver] [  881] - DataField : TXTtxtPassword
[INFO ][2016-01-07 17:22:04,719][com.java.SeleniumDriver] [  883] - DataValue : 5
[INFO ][2016-01-07 17:22:04,719][com.java.SeleniumDriver] [  889] - <In Set values of the page>
[INFO ][2016-01-07 17:22:04,719][com.java.SeleniumDriver] [  892] - {Data Fields & Data Values Exist}
[INFO ][2016-01-07 17:22:04,719][com.java.SeleniumDriver] [  894] - --------------------------setting values-----------------------------
[INFO ][2016-01-07 17:22:04,719][com.java.SeleniumDriver] [  897] - Action Type : WaitForElement
[INFO ][2016-01-07 17:22:05,869][com.java.SeleniumDriver] [  906] -  RESULT true
[INFO ][2016-01-07 17:22:05,869][com.java.SeleniumDriver] [ 1112] - ?   P A S S   ?
[INFO ][2016-01-07 17:22:05,869][com.java.SeleniumDriver] [  832] - ------------------------------------------
[INFO ][2016-01-07 17:22:05,872][com.java.SeleniumDriver] [  833] - Test case being Executed: 2
[INFO ][2016-01-07 17:22:05,872][com.java.SeleniumDriver] [  845] - Test step:25
[INFO ][2016-01-07 17:22:05,872][com.java.SeleniumDriver] [  857] - Datavalue is----------dt:NewUserPswd
[INFO ][2016-01-07 17:22:05,872][com.java.SeleniumDriver] [  881] - DataField : TXTtxtPassword
[INFO ][2016-01-07 17:22:05,872][com.java.SeleniumDriver] [  883] - DataValue : dt:NewUserPswd
[INFO ][2016-01-07 17:22:05,872][com.java.SeleniumDriver] [  889] - <In Set values of the page>
[INFO ][2016-01-07 17:22:05,872][com.java.SeleniumDriver] [  892] - {Data Fields & Data Values Exist}
[INFO ][2016-01-07 17:22:05,872][com.java.SeleniumDriver] [  894] - --------------------------setting values-----------------------------
[INFO ][2016-01-07 17:22:05,872][com.java.SeleniumDriver] [  897] - Action Type : CLEARANDENTER
[INFO ][2016-01-07 17:22:05,872][com.java.TestType] [ 5895] - value = Password1*
[INFO ][2016-01-07 17:22:08,605][com.java.SeleniumDriver] [  906] -  RESULT true
[INFO ][2016-01-07 17:22:08,605][com.java.SeleniumDriver] [ 1112] - ?   P A S S   ?
[INFO ][2016-01-07 17:22:08,605][com.java.SeleniumDriver] [  832] - ------------------------------------------
[INFO ][2016-01-07 17:22:08,605][com.java.SeleniumDriver] [  833] - Test case being Executed: 2
[INFO ][2016-01-07 17:22:08,605][com.java.SeleniumDriver] [  845] - Test step:26
[INFO ][2016-01-07 17:22:08,605][com.java.SeleniumDriver] [  857] - Datavalue is----------5
[INFO ][2016-01-07 17:22:08,605][com.java.SeleniumDriver] [  881] - DataField : TXTtxtPasswordConfirm
[INFO ][2016-01-07 17:22:08,607][com.java.SeleniumDriver] [  883] - DataValue : 5
[INFO ][2016-01-07 17:22:08,607][com.java.SeleniumDriver] [  889] - <In Set values of the page>
[INFO ][2016-01-07 17:22:08,607][com.java.SeleniumDriver] [  892] - {Data Fields & Data Values Exist}
[INFO ][2016-01-07 17:22:08,607][com.java.SeleniumDriver] [  894] - --------------------------setting values-----------------------------
[INFO ][2016-01-07 17:22:08,607][com.java.SeleniumDriver] [  897] - Action Type : WaitForElement
[INFO ][2016-01-07 17:22:09,767][com.java.SeleniumDriver] [  906] -  RESULT true
[INFO ][2016-01-07 17:22:09,767][com.java.SeleniumDriver] [ 1112] - ?   P A S S   ?
[INFO ][2016-01-07 17:22:09,767][com.java.SeleniumDriver] [  832] - ------------------------------------------
[INFO ][2016-01-07 17:22:09,767][com.java.SeleniumDriver] [  833] - Test case being Executed: 2
[INFO ][2016-01-07 17:22:09,767][com.java.SeleniumDriver] [  845] - Test step:27
[INFO ][2016-01-07 17:22:09,767][com.java.SeleniumDriver] [  857] - Datavalue is----------dt:NewUserPswd
[INFO ][2016-01-07 17:22:09,767][com.java.SeleniumDriver] [  881] - DataField : TXTtxtPasswordConfirm
[INFO ][2016-01-07 17:22:09,767][com.java.SeleniumDriver] [  883] - DataValue : dt:NewUserPswd
[INFO ][2016-01-07 17:22:09,767][com.java.SeleniumDriver] [  889] - <In Set values of the page>
[INFO ][2016-01-07 17:22:09,767][com.java.SeleniumDriver] [  892] - {Data Fields & Data Values Exist}
[INFO ][2016-01-07 17:22:09,767][com.java.SeleniumDriver] [  894] - --------------------------setting values-----------------------------
[INFO ][2016-01-07 17:22:09,767][com.java.SeleniumDriver] [  897] - Action Type : CLEARANDENTER
[INFO ][2016-01-07 17:22:09,770][com.java.TestType] [ 5895] - value = Password1*
[INFO ][2016-01-07 17:22:12,497][com.java.SeleniumDriver] [  906] -  RESULT true
[INFO ][2016-01-07 17:22:12,497][com.java.SeleniumDriver] [ 1112] - ?   P A S S   ?
[INFO ][2016-01-07 17:22:12,497][com.java.SeleniumDriver] [  832] - ------------------------------------------
[INFO ][2016-01-07 17:22:12,497][com.java.SeleniumDriver] [  833] - Test case being Executed: 2
[INFO ][2016-01-07 17:22:12,497][com.java.SeleniumDriver] [  845] - Test step:28
[INFO ][2016-01-07 17:22:12,497][com.java.SeleniumDriver] [  857] - Datavalue is----------5
[INFO ][2016-01-07 17:22:12,497][com.java.SeleniumDriver] [  881] - DataField : test
[INFO ][2016-01-07 17:22:12,497][com.java.SeleniumDriver] [  883] - DataValue : 5
[INFO ][2016-01-07 17:22:12,497][com.java.SeleniumDriver] [  889] - <In Set values of the page>
[INFO ][2016-01-07 17:22:12,497][com.java.SeleniumDriver] [  892] - {Data Fields & Data Values Exist}
[INFO ][2016-01-07 17:22:12,497][com.java.SeleniumDriver] [  894] - --------------------------setting values-----------------------------
[INFO ][2016-01-07 17:22:12,497][com.java.SeleniumDriver] [  897] - Action Type : WaitTime
[DEBUG][2016-01-07 17:22:12,497][com.java.TestType] [ 5715] - sleepTime: 5000
[INFO ][2016-01-07 17:22:17,499][com.java.SeleniumDriver] [  906] -  RESULT true
[INFO ][2016-01-07 17:22:17,499][com.java.SeleniumDriver] [ 1112] - ?   P A S S   ?
[INFO ][2016-01-07 17:22:17,499][com.java.SeleniumDriver] [  832] - ------------------------------------------
[INFO ][2016-01-07 17:22:17,499][com.java.SeleniumDriver] [  833] - Test case being Executed: 2
[INFO ][2016-01-07 17:22:17,499][com.java.SeleniumDriver] [  845] - Test step:29
[INFO ][2016-01-07 17:22:17,499][com.java.SeleniumDriver] [  857] - Datavalue is----------null
[DEBUG][2016-01-07 17:22:17,499][com.java.SeleniumDriver] [  875] - Exception: null
[INFO ][2016-01-07 17:22:17,499][com.java.SeleniumDriver] [  881] - DataField : BTNparent
[INFO ][2016-01-07 17:22:17,499][com.java.SeleniumDriver] [  883] - DataValue : 
[INFO ][2016-01-07 17:22:17,499][com.java.SeleniumDriver] [  889] - <In Set values of the page>
[INFO ][2016-01-07 17:22:17,499][com.java.SeleniumDriver] [  892] - {Data Fields & Data Values Exist}
[INFO ][2016-01-07 17:22:17,499][com.java.SeleniumDriver] [  894] - --------------------------setting values-----------------------------
[INFO ][2016-01-07 17:22:17,499][com.java.SeleniumDriver] [  897] - Action Type : SelectFrame
[INFO ][2016-01-07 17:22:17,515][com.java.SeleniumDriver] [  906] -  RESULT true
[INFO ][2016-01-07 17:22:17,515][com.java.SeleniumDriver] [ 1112] - ?   P A S S   ?
[INFO ][2016-01-07 17:22:17,515][com.java.SeleniumDriver] [  832] - ------------------------------------------
[INFO ][2016-01-07 17:22:17,515][com.java.SeleniumDriver] [  833] - Test case being Executed: 2
[INFO ][2016-01-07 17:22:17,517][com.java.SeleniumDriver] [  845] - Test step:30
[INFO ][2016-01-07 17:22:17,517][com.java.SeleniumDriver] [  857] - Datavalue is----------null
[DEBUG][2016-01-07 17:22:17,517][com.java.SeleniumDriver] [  875] - Exception: null
[INFO ][2016-01-07 17:22:17,517][com.java.SeleniumDriver] [  881] - DataField : XPH//span[contains(text(), 'Finished')]
[INFO ][2016-01-07 17:22:17,517][com.java.SeleniumDriver] [  883] - DataValue : 
[INFO ][2016-01-07 17:22:17,517][com.java.SeleniumDriver] [  889] - <In Set values of the page>
[INFO ][2016-01-07 17:22:17,517][com.java.SeleniumDriver] [  892] - {Data Fields & Data Values Exist}
[INFO ][2016-01-07 17:22:17,517][com.java.SeleniumDriver] [  894] - --------------------------setting values-----------------------------
[INFO ][2016-01-07 17:22:17,517][com.java.SeleniumDriver] [  897] - Action Type : Click
[INFO ][2016-01-07 17:22:17,517][com.java.TestType] [ 6274] - Field ::XPH//span[contains(text(), 'Finished')]
[INFO ][2016-01-07 17:22:17,517][com.java.TestType] [ 5895] - value = 
[INFO ][2016-01-07 17:22:18,517][com.java.TestType] [ 6411] - BEFORE CLICK
[INFO ][2016-01-07 17:22:19,415][com.java.TestType] [ 6419] - Unable to click the object Finished button
[INFO ][2016-01-07 17:22:19,415][com.java.SeleniumDriver] [  906] -  RESULT true
[INFO ][2016-01-07 17:22:19,415][com.java.SeleniumDriver] [ 1112] - ?   P A S S   ?
[INFO ][2016-01-07 17:22:19,415][com.java.SeleniumDriver] [  832] - ------------------------------------------
[INFO ][2016-01-07 17:22:19,415][com.java.SeleniumDriver] [  833] - Test case being Executed: 2
[INFO ][2016-01-07 17:22:19,415][com.java.SeleniumDriver] [  845] - Test step:31
[INFO ][2016-01-07 17:22:19,415][com.java.SeleniumDriver] [  857] - Datavalue is----------5
[INFO ][2016-01-07 17:22:19,415][com.java.SeleniumDriver] [  881] - DataField : test
[INFO ][2016-01-07 17:22:19,415][com.java.SeleniumDriver] [  883] - DataValue : 5
[INFO ][2016-01-07 17:22:19,415][com.java.SeleniumDriver] [  889] - <In Set values of the page>
[INFO ][2016-01-07 17:22:19,415][com.java.SeleniumDriver] [  892] - {Data Fields & Data Values Exist}
[INFO ][2016-01-07 17:22:19,415][com.java.SeleniumDriver] [  894] - --------------------------setting values-----------------------------
[INFO ][2016-01-07 17:22:19,415][com.java.SeleniumDriver] [  897] - Action Type : WaitTime
[DEBUG][2016-01-07 17:22:19,415][com.java.TestType] [ 5715] - sleepTime: 5000
[INFO ][2016-01-07 17:22:24,415][com.java.SeleniumDriver] [  906] -  RESULT true
[INFO ][2016-01-07 17:22:24,415][com.java.SeleniumDriver] [ 1112] - ?   P A S S   ?
[INFO ][2016-01-07 17:22:24,415][com.java.SeleniumDriver] [  832] - ------------------------------------------
[INFO ][2016-01-07 17:22:24,415][com.java.SeleniumDriver] [  833] - Test case being Executed: 2
[INFO ][2016-01-07 17:22:24,415][com.java.SeleniumDriver] [  845] - Test step:32
[INFO ][2016-01-07 17:22:24,415][com.java.SeleniumDriver] [  857] - Datavalue is----------null
[DEBUG][2016-01-07 17:22:24,415][com.java.SeleniumDriver] [  875] - Exception: null
[INFO ][2016-01-07 17:22:24,415][com.java.SeleniumDriver] [  881] - DataField : BTNframeDialogContent
[INFO ][2016-01-07 17:22:24,415][com.java.SeleniumDriver] [  883] - DataValue : 
[INFO ][2016-01-07 17:22:24,415][com.java.SeleniumDriver] [  889] - <In Set values of the page>
[INFO ][2016-01-07 17:22:24,415][com.java.SeleniumDriver] [  892] - {Data Fields & Data Values Exist}
[INFO ][2016-01-07 17:22:24,415][com.java.SeleniumDriver] [  894] - --------------------------setting values-----------------------------
[INFO ][2016-01-07 17:22:24,415][com.java.SeleniumDriver] [  897] - Action Type : SelectFrame
[INFO ][2016-01-07 17:22:25,678][com.java.SeleniumDriver] [  906] -  RESULT true
[INFO ][2016-01-07 17:22:25,678][com.java.SeleniumDriver] [ 1112] - ?   P A S S   ?
[INFO ][2016-01-07 17:22:25,678][com.java.SeleniumDriver] [  832] - ------------------------------------------
[INFO ][2016-01-07 17:22:25,678][com.java.SeleniumDriver] [  833] - Test case being Executed: 2
[INFO ][2016-01-07 17:22:25,678][com.java.SeleniumDriver] [  845] - Test step:33
[INFO ][2016-01-07 17:22:25,678][com.java.SeleniumDriver] [  857] - Datavalue is----------null
[DEBUG][2016-01-07 17:22:25,678][com.java.SeleniumDriver] [  875] - Exception: null
[INFO ][2016-01-07 17:22:25,678][com.java.SeleniumDriver] [  881] - DataField : BTNchkGlobalPrivsUserAdmin
[INFO ][2016-01-07 17:22:25,680][com.java.SeleniumDriver] [  883] - DataValue : 
[INFO ][2016-01-07 17:22:25,680][com.java.SeleniumDriver] [  889] - <In Set values of the page>
[INFO ][2016-01-07 17:22:25,680][com.java.SeleniumDriver] [  892] - {Data Fields & Data Values Exist}
[INFO ][2016-01-07 17:22:25,680][com.java.SeleniumDriver] [  894] - --------------------------setting values-----------------------------
[INFO ][2016-01-07 17:22:25,680][com.java.SeleniumDriver] [  897] - Action Type : Click
[INFO ][2016-01-07 17:22:25,680][com.java.TestType] [ 6274] - Field ::BTNchkGlobalPrivsUserAdmin
[INFO ][2016-01-07 17:22:25,680][com.java.TestType] [ 5895] - value = 
[INFO ][2016-01-07 17:22:26,680][com.java.TestType] [ 6390] - BEFORE CLICK
[INFO ][2016-01-07 17:22:28,086][com.java.TestType] [ 6397] - Unable to click the object User Admin check box
[INFO ][2016-01-07 17:22:28,086][com.java.SeleniumDriver] [  906] -  RESULT true
[INFO ][2016-01-07 17:22:28,086][com.java.SeleniumDriver] [ 1112] - ?   P A S S   ?
[INFO ][2016-01-07 17:22:28,086][com.java.SeleniumDriver] [  832] - ------------------------------------------
[INFO ][2016-01-07 17:22:28,086][com.java.SeleniumDriver] [  833] - Test case being Executed: 2
[INFO ][2016-01-07 17:22:28,086][com.java.SeleniumDriver] [  845] - Test step:34
[INFO ][2016-01-07 17:22:28,086][com.java.SeleniumDriver] [  857] - Datavalue is----------index:1
[INFO ][2016-01-07 17:22:28,086][com.java.SeleniumDriver] [  881] - DataField : COBddlEntityAccess
[INFO ][2016-01-07 17:22:28,086][com.java.SeleniumDriver] [  883] - DataValue : index:1
[INFO ][2016-01-07 17:22:28,086][com.java.SeleniumDriver] [  889] - <In Set values of the page>
[INFO ][2016-01-07 17:22:28,086][com.java.SeleniumDriver] [  892] - {Data Fields & Data Values Exist}
[INFO ][2016-01-07 17:22:28,086][com.java.SeleniumDriver] [  894] - --------------------------setting values-----------------------------
[INFO ][2016-01-07 17:22:28,086][com.java.SeleniumDriver] [  897] - Action Type : select
[INFO ][2016-01-07 17:22:28,086][com.java.TestType] [ 5895] - value = 1
[INFO ][2016-01-07 17:22:29,297][com.java.TestType] [ 6013] -  In COB ddlEntityAccess : 1
[ERROR][2016-01-07 17:22:29,350][com.java.TestType] [ 6160] - Unable to perform Action Select Cannot locate option with index: 1
For documentation on this error, please visit: http://seleniumhq.org/exceptions/no_such_element.html
Build info: version: '2.48.2', revision: '41bccdd', time: '2015-10-09 19:59:12'
System info: host: 'FVTIII438F1D', ip: '172.17.68.34', os.name: 'Windows 7', os.arch: 'x86', os.version: '6.1', java.version: '1.7.0_55'
Driver info: driver.version: SeleniumDriver
[INFO ][2016-01-07 17:22:29,350][com.java.SeleniumDriver] [  906] -  RESULT false
[INFO ][2016-01-07 17:22:29,350][com.java.SeleniumDriver] [  953] - ?   F A I L   ?
[INFO ][2016-01-07 17:22:29,350][com.java.SeleniumDriver] [  961] - Browser Type : IE10
[INFO ][2016-01-07 17:22:29,350][com.java.SeleniumDriver] [  962] - Adding Failed case2
[DEBUG][2016-01-07 17:22:30,205][com.java.SeleniumDriver] [ 1030] -  tdd.getCondition() IF:36:Next
[INFO ][2016-01-07 17:22:30,205][com.java.SeleniumDriver] [ 1034] - Continue next step...
[INFO ][2016-01-07 17:22:30,205][com.java.SeleniumDriver] [  832] - ------------------------------------------
[INFO ][2016-01-07 17:22:30,205][com.java.SeleniumDriver] [  833] - Test case being Executed: 2
[INFO ][2016-01-07 17:22:30,207][com.java.SeleniumDriver] [  845] - Test step:35
[INFO ][2016-01-07 17:22:30,207][com.java.SeleniumDriver] [  857] - Datavalue is----------index:0
[INFO ][2016-01-07 17:22:30,207][com.java.SeleniumDriver] [  881] - DataField : COBddlEntityAccess
[INFO ][2016-01-07 17:22:30,207][com.java.SeleniumDriver] [  883] - DataValue : index:0
[INFO ][2016-01-07 17:22:30,207][com.java.SeleniumDriver] [  889] - <In Set values of the page>
[INFO ][2016-01-07 17:22:30,207][com.java.SeleniumDriver] [  892] - {Data Fields & Data Values Exist}
[INFO ][2016-01-07 17:22:30,207][com.java.SeleniumDriver] [  894] - --------------------------setting values-----------------------------
[INFO ][2016-01-07 17:22:30,207][com.java.SeleniumDriver] [  897] - Action Type : select
[INFO ][2016-01-07 17:22:30,207][com.java.TestType] [ 5895] - value = 0
[INFO ][2016-01-07 17:22:31,581][com.java.TestType] [ 6013] -  In COB ddlEntityAccess : 0
[INFO ][2016-01-07 17:22:31,646][com.java.SeleniumDriver] [  906] -  RESULT true
[INFO ][2016-01-07 17:22:31,646][com.java.SeleniumDriver] [ 1112] - ?   P A S S   ?
[INFO ][2016-01-07 17:22:31,648][com.java.SeleniumDriver] [  832] - ------------------------------------------
[INFO ][2016-01-07 17:22:31,648][com.java.SeleniumDriver] [  833] - Test case being Executed: 2
[INFO ][2016-01-07 17:22:31,648][com.java.SeleniumDriver] [  845] - Test step:36
[INFO ][2016-01-07 17:22:31,648][com.java.SeleniumDriver] [  857] - Datavalue is----------null
[DEBUG][2016-01-07 17:22:31,648][com.java.SeleniumDriver] [  875] - Exception: null
[INFO ][2016-01-07 17:22:31,648][com.java.SeleniumDriver] [  881] - DataField : BTNrdoEnableEntity_Enable
[INFO ][2016-01-07 17:22:31,648][com.java.SeleniumDriver] [  883] - DataValue : 
[INFO ][2016-01-07 17:22:31,648][com.java.SeleniumDriver] [  889] - <In Set values of the page>
[INFO ][2016-01-07 17:22:31,648][com.java.SeleniumDriver] [  892] - {Data Fields & Data Values Exist}
[INFO ][2016-01-07 17:22:31,648][com.java.SeleniumDriver] [  894] - --------------------------setting values-----------------------------
[INFO ][2016-01-07 17:22:31,648][com.java.SeleniumDriver] [  897] - Action Type : Click
[INFO ][2016-01-07 17:22:31,648][com.java.TestType] [ 6274] - Field ::BTNrdoEnableEntity_Enable
[INFO ][2016-01-07 17:22:31,648][com.java.TestType] [ 5895] - value = 
[INFO ][2016-01-07 17:22:32,648][com.java.TestType] [ 6390] - BEFORE CLICK
[INFO ][2016-01-07 17:22:34,012][com.java.TestType] [ 6397] - Unable to click the object Enable radio button
[INFO ][2016-01-07 17:22:34,012][com.java.SeleniumDriver] [  906] -  RESULT true
[INFO ][2016-01-07 17:22:34,012][com.java.SeleniumDriver] [ 1112] - ?   P A S S   ?
[INFO ][2016-01-07 17:22:34,012][com.java.SeleniumDriver] [  832] - ------------------------------------------
[INFO ][2016-01-07 17:22:34,012][com.java.SeleniumDriver] [  833] - Test case being Executed: 2
[INFO ][2016-01-07 17:22:34,012][com.java.SeleniumDriver] [  845] - Test step:37
[INFO ][2016-01-07 17:22:34,012][com.java.SeleniumDriver] [  857] - Datavalue is----------null
[DEBUG][2016-01-07 17:22:34,012][com.java.SeleniumDriver] [  875] - Exception: null
[INFO ][2016-01-07 17:22:34,012][com.java.SeleniumDriver] [  881] - DataField : BTNchkProfitCenterAll
[INFO ][2016-01-07 17:22:34,012][com.java.SeleniumDriver] [  883] - DataValue : 
[INFO ][2016-01-07 17:22:34,014][com.java.SeleniumDriver] [  889] - <In Set values of the page>
[INFO ][2016-01-07 17:22:34,014][com.java.SeleniumDriver] [  892] - {Data Fields & Data Values Exist}
[INFO ][2016-01-07 17:22:34,014][com.java.SeleniumDriver] [  894] - --------------------------setting values-----------------------------
[INFO ][2016-01-07 17:22:34,014][com.java.SeleniumDriver] [  897] - Action Type : Click
[INFO ][2016-01-07 17:22:34,014][com.java.TestType] [ 6274] - Field ::BTNchkProfitCenterAll
[INFO ][2016-01-07 17:22:34,014][com.java.TestType] [ 5895] - value = 
[INFO ][2016-01-07 17:22:35,016][com.java.TestType] [ 6390] - BEFORE CLICK
[INFO ][2016-01-07 17:22:36,367][com.java.TestType] [ 6397] - Unable to click the object All Check box
[INFO ][2016-01-07 17:22:36,367][com.java.SeleniumDriver] [  906] -  RESULT true
[INFO ][2016-01-07 17:22:36,367][com.java.SeleniumDriver] [ 1112] - ?   P A S S   ?
[INFO ][2016-01-07 17:22:36,367][com.java.SeleniumDriver] [  832] - ------------------------------------------
[INFO ][2016-01-07 17:22:36,367][com.java.SeleniumDriver] [  833] - Test case being Executed: 2
[INFO ][2016-01-07 17:22:36,367][com.java.SeleniumDriver] [  845] - Test step:38
[INFO ][2016-01-07 17:22:36,367][com.java.SeleniumDriver] [  857] - Datavalue is----------null
[DEBUG][2016-01-07 17:22:36,367][com.java.SeleniumDriver] [  875] - Exception: null
[INFO ][2016-01-07 17:22:36,367][com.java.SeleniumDriver] [  881] - DataField : BTNchkPrivsAccessGL
[INFO ][2016-01-07 17:22:36,367][com.java.SeleniumDriver] [  883] - DataValue : 
[INFO ][2016-01-07 17:22:36,367][com.java.SeleniumDriver] [  889] - <In Set values of the page>
[INFO ][2016-01-07 17:22:36,367][com.java.SeleniumDriver] [  892] - {Data Fields & Data Values Exist}
[INFO ][2016-01-07 17:22:36,367][com.java.SeleniumDriver] [  894] - --------------------------setting values-----------------------------
[INFO ][2016-01-07 17:22:36,367][com.java.SeleniumDriver] [  897] - Action Type : Click
[INFO ][2016-01-07 17:22:36,367][com.java.TestType] [ 6274] - Field ::BTNchkPrivsAccessGL
[INFO ][2016-01-07 17:22:36,370][com.java.TestType] [ 5895] - value = 
[INFO ][2016-01-07 17:22:37,370][com.java.TestType] [ 6390] - BEFORE CLICK
[INFO ][2016-01-07 17:22:38,754][com.java.TestType] [ 6397] - Unable to click the object GL check box
[INFO ][2016-01-07 17:22:38,754][com.java.SeleniumDriver] [  906] -  RESULT true
[INFO ][2016-01-07 17:22:38,754][com.java.SeleniumDriver] [ 1112] - ?   P A S S   ?
[INFO ][2016-01-07 17:22:38,754][com.java.SeleniumDriver] [  832] - ------------------------------------------
[INFO ][2016-01-07 17:22:38,754][com.java.SeleniumDriver] [  833] - Test case being Executed: 2
[INFO ][2016-01-07 17:22:38,754][com.java.SeleniumDriver] [  845] - Test step:39
[INFO ][2016-01-07 17:22:38,754][com.java.SeleniumDriver] [  857] - Datavalue is----------null
[DEBUG][2016-01-07 17:22:38,754][com.java.SeleniumDriver] [  875] - Exception: null
[INFO ][2016-01-07 17:22:38,754][com.java.SeleniumDriver] [  881] - DataField : BTNparent
[INFO ][2016-01-07 17:22:38,754][com.java.SeleniumDriver] [  883] - DataValue : 
[INFO ][2016-01-07 17:22:38,754][com.java.SeleniumDriver] [  889] - <In Set values of the page>
[INFO ][2016-01-07 17:22:38,754][com.java.SeleniumDriver] [  892] - {Data Fields & Data Values Exist}
[INFO ][2016-01-07 17:22:38,754][com.java.SeleniumDriver] [  894] - --------------------------setting values-----------------------------
[INFO ][2016-01-07 17:22:38,757][com.java.SeleniumDriver] [  897] - Action Type : SelectFrame
[INFO ][2016-01-07 17:22:38,769][com.java.SeleniumDriver] [  906] -  RESULT true
[INFO ][2016-01-07 17:22:38,769][com.java.SeleniumDriver] [ 1112] - ?   P A S S   ?
[INFO ][2016-01-07 17:22:38,769][com.java.SeleniumDriver] [  832] - ------------------------------------------
[INFO ][2016-01-07 17:22:38,769][com.java.SeleniumDriver] [  833] - Test case being Executed: 2
[INFO ][2016-01-07 17:22:38,772][com.java.SeleniumDriver] [  845] - Test step:40
[INFO ][2016-01-07 17:22:38,772][com.java.SeleniumDriver] [  857] - Datavalue is----------5
[INFO ][2016-01-07 17:22:38,772][com.java.SeleniumDriver] [  881] - DataField : test
[INFO ][2016-01-07 17:22:38,772][com.java.SeleniumDriver] [  883] - DataValue : 5
[INFO ][2016-01-07 17:22:38,772][com.java.SeleniumDriver] [  889] - <In Set values of the page>
[INFO ][2016-01-07 17:22:38,772][com.java.SeleniumDriver] [  892] - {Data Fields & Data Values Exist}
[INFO ][2016-01-07 17:22:38,772][com.java.SeleniumDriver] [  894] - --------------------------setting values-----------------------------
[INFO ][2016-01-07 17:22:38,772][com.java.SeleniumDriver] [  897] - Action Type : WaitTime
[DEBUG][2016-01-07 17:22:38,772][com.java.TestType] [ 5715] - sleepTime: 5000
[INFO ][2016-01-07 17:22:43,772][com.java.SeleniumDriver] [  906] -  RESULT true
[INFO ][2016-01-07 17:22:43,772][com.java.SeleniumDriver] [ 1112] - ?   P A S S   ?
[INFO ][2016-01-07 17:22:43,772][com.java.SeleniumDriver] [  832] - ------------------------------------------
[INFO ][2016-01-07 17:22:43,772][com.java.SeleniumDriver] [  833] - Test case being Executed: 2
[INFO ][2016-01-07 17:22:43,772][com.java.SeleniumDriver] [  845] - Test step:41
[INFO ][2016-01-07 17:22:43,772][com.java.SeleniumDriver] [  857] - Datavalue is----------null
[DEBUG][2016-01-07 17:22:43,772][com.java.SeleniumDriver] [  875] - Exception: null
[INFO ][2016-01-07 17:22:43,772][com.java.SeleniumDriver] [  881] - DataField : XPH//span[contains(text(), 'Finished')]
[INFO ][2016-01-07 17:22:43,772][com.java.SeleniumDriver] [  883] - DataValue : 
[INFO ][2016-01-07 17:22:43,772][com.java.SeleniumDriver] [  889] - <In Set values of the page>
[INFO ][2016-01-07 17:22:43,772][com.java.SeleniumDriver] [  892] - {Data Fields & Data Values Exist}
[INFO ][2016-01-07 17:22:43,772][com.java.SeleniumDriver] [  894] - --------------------------setting values-----------------------------
[INFO ][2016-01-07 17:22:43,772][com.java.SeleniumDriver] [  897] - Action Type : Click
[INFO ][2016-01-07 17:22:43,772][com.java.TestType] [ 6274] - Field ::XPH//span[contains(text(), 'Finished')]
[INFO ][2016-01-07 17:22:43,772][com.java.TestType] [ 5895] - value = 
[INFO ][2016-01-07 17:22:44,773][com.java.TestType] [ 6411] - BEFORE CLICK
[INFO ][2016-01-07 17:22:47,933][com.java.TestType] [ 6419] - Unable to click the object Finished button
[INFO ][2016-01-07 17:22:47,933][com.java.SeleniumDriver] [  906] -  RESULT true
[INFO ][2016-01-07 17:22:47,933][com.java.SeleniumDriver] [ 1112] - ?   P A S S   ?
[INFO ][2016-01-07 17:22:47,933][com.java.SeleniumDriver] [  832] - ------------------------------------------
[INFO ][2016-01-07 17:22:47,933][com.java.SeleniumDriver] [  833] - Test case being Executed: 2
[INFO ][2016-01-07 17:22:47,933][com.java.SeleniumDriver] [  845] - Test step:42
[INFO ][2016-01-07 17:22:47,933][com.java.SeleniumDriver] [  857] - Datavalue is----------5
[INFO ][2016-01-07 17:22:47,933][com.java.SeleniumDriver] [  881] - DataField : BTNframeDialogContent
[INFO ][2016-01-07 17:22:47,933][com.java.SeleniumDriver] [  883] - DataValue : 5
[INFO ][2016-01-07 17:22:47,933][com.java.SeleniumDriver] [  889] - <In Set values of the page>
[INFO ][2016-01-07 17:22:47,933][com.java.SeleniumDriver] [  892] - {Data Fields & Data Values Exist}
[INFO ][2016-01-07 17:22:47,933][com.java.SeleniumDriver] [  894] - --------------------------setting values-----------------------------
[INFO ][2016-01-07 17:22:47,933][com.java.SeleniumDriver] [  897] - Action Type : WaitForElement
[INFO ][2016-01-07 17:22:49,147][com.java.SeleniumDriver] [  906] -  RESULT true
[INFO ][2016-01-07 17:22:49,147][com.java.SeleniumDriver] [ 1112] - ?   P A S S   ?
[INFO ][2016-01-07 17:22:49,149][com.java.SeleniumDriver] [  832] - ------------------------------------------
[INFO ][2016-01-07 17:22:49,149][com.java.SeleniumDriver] [  833] - Test case being Executed: 2
[INFO ][2016-01-07 17:22:49,149][com.java.SeleniumDriver] [  845] - Test step:43
[INFO ][2016-01-07 17:22:49,149][com.java.SeleniumDriver] [  857] - Datavalue is----------null
[DEBUG][2016-01-07 17:22:49,149][com.java.SeleniumDriver] [  875] - Exception: null
[INFO ][2016-01-07 17:22:49,149][com.java.SeleniumDriver] [  881] - DataField : BTNframeDialogContent
[INFO ][2016-01-07 17:22:49,149][com.java.SeleniumDriver] [  883] - DataValue : 
[INFO ][2016-01-07 17:22:49,149][com.java.SeleniumDriver] [  889] - <In Set values of the page>
[INFO ][2016-01-07 17:22:49,149][com.java.SeleniumDriver] [  892] - {Data Fields & Data Values Exist}
[INFO ][2016-01-07 17:22:49,149][com.java.SeleniumDriver] [  894] - --------------------------setting values-----------------------------
[INFO ][2016-01-07 17:22:49,149][com.java.SeleniumDriver] [  897] - Action Type : SelectFrame
[INFO ][2016-01-07 17:22:50,390][com.java.SeleniumDriver] [  906] -  RESULT true
[INFO ][2016-01-07 17:22:50,390][com.java.SeleniumDriver] [ 1112] - ?   P A S S   ?
[INFO ][2016-01-07 17:22:50,390][com.java.SeleniumDriver] [  832] - ------------------------------------------
[INFO ][2016-01-07 17:22:50,390][com.java.SeleniumDriver] [  833] - Test case being Executed: 2
[INFO ][2016-01-07 17:22:50,390][com.java.SeleniumDriver] [  845] - Test step:44
[INFO ][2016-01-07 17:22:50,390][com.java.SeleniumDriver] [  857] - Datavalue is----------null
[DEBUG][2016-01-07 17:22:50,390][com.java.SeleniumDriver] [  875] - Exception: null
[INFO ][2016-01-07 17:22:50,390][com.java.SeleniumDriver] [  881] - DataField : XPH//table[@id="tblUserListing"]//td[contains(text(),'vltest.robot')]
[INFO ][2016-01-07 17:22:50,390][com.java.SeleniumDriver] [  883] - DataValue : 
[INFO ][2016-01-07 17:22:50,390][com.java.SeleniumDriver] [  889] - <In Set values of the page>
[INFO ][2016-01-07 17:22:50,390][com.java.SeleniumDriver] [  892] - {Data Fields & Data Values Exist}
[INFO ][2016-01-07 17:22:50,390][com.java.SeleniumDriver] [  894] - --------------------------setting values-----------------------------
[INFO ][2016-01-07 17:22:50,390][com.java.SeleniumDriver] [  897] - Action Type : WaitForElement
[INFO ][2016-01-07 17:22:50,425][com.java.SeleniumDriver] [  906] -  RESULT true
[INFO ][2016-01-07 17:22:50,425][com.java.SeleniumDriver] [ 1112] - ?   P A S S   ?
[INFO ][2016-01-07 17:22:50,425][com.java.SeleniumDriver] [  832] - ------------------------------------------
[INFO ][2016-01-07 17:22:50,425][com.java.SeleniumDriver] [  833] - Test case being Executed: 2
[INFO ][2016-01-07 17:22:50,425][com.java.SeleniumDriver] [  845] - Test step:45
[INFO ][2016-01-07 17:22:50,425][com.java.SeleniumDriver] [  857] - Datavalue is----------HMVGivenNewUserName
[INFO ][2016-01-07 17:22:50,425][com.java.SeleniumDriver] [  881] - DataField : USR
[INFO ][2016-01-07 17:22:50,425][com.java.SeleniumDriver] [  883] - DataValue : HMVGivenNewUserName
[INFO ][2016-01-07 17:22:50,425][com.java.SeleniumDriver] [  889] - <In Set values of the page>
[INFO ][2016-01-07 17:22:50,425][com.java.SeleniumDriver] [  892] - {Data Fields & Data Values Exist}
[INFO ][2016-01-07 17:22:50,425][com.java.SeleniumDriver] [  894] - --------------------------setting values-----------------------------
[INFO ][2016-01-07 17:22:50,425][com.java.SeleniumDriver] [  897] - Action Type : Verify
[INFO ][2016-01-07 17:22:50,425][com.java.TestType] [ 7269] - field= USR value= HMVGivenNewUserName
[INFO ][2016-01-07 17:22:50,427][com.java.TestType] [ 5895] - value = vltest.robot107207
[INFO ][2016-01-07 17:22:50,475][com.java.SeleniumDriver] [  906] -  RESULT true
[INFO ][2016-01-07 17:22:50,475][com.java.SeleniumDriver] [ 1112] - ?   P A S S   ?
[INFO ][2016-01-07 17:22:50,475][com.java.SeleniumDriver] [  832] - ------------------------------------------
[INFO ][2016-01-07 17:22:50,475][com.java.SeleniumDriver] [  833] - Test case being Executed: 2
[INFO ][2016-01-07 17:22:50,475][com.java.SeleniumDriver] [  845] - Test step:46
[INFO ][2016-01-07 17:22:50,475][com.java.SeleniumDriver] [  857] - Datavalue is----------GivenNewUserName::Login_username
[INFO ][2016-01-07 17:22:50,475][com.java.SeleniumDriver] [  881] - DataField : PVP//table[@id="tblUserListing"]//td[contains(text(),'mytext')]
[INFO ][2016-01-07 17:22:50,475][com.java.SeleniumDriver] [  883] - DataValue : GivenNewUserName::Login_username
[INFO ][2016-01-07 17:22:50,475][com.java.SeleniumDriver] [  889] - <In Set values of the page>
[INFO ][2016-01-07 17:22:50,475][com.java.SeleniumDriver] [  892] - {Data Fields & Data Values Exist}
[INFO ][2016-01-07 17:22:50,475][com.java.SeleniumDriver] [  894] - --------------------------setting values-----------------------------
[INFO ][2016-01-07 17:22:50,475][com.java.SeleniumDriver] [  897] - Action Type : STOREVALUE
[INFO ][2016-01-07 17:22:50,477][com.java.TestType] [ 8612] - field= PVP//table[@id="tblUserListing"]//td[contains(text(),'mytext')]
[DEBUG][2016-01-07 17:22:50,575][com.java.TestType] [ 8903] - Key:: GivenNewUserName::Login_username  Value:: vltest.robot107207.15019
[INFO ][2016-01-07 17:22:50,575][com.java.SeleniumDriver] [  906] -  RESULT true
[INFO ][2016-01-07 17:22:50,575][com.java.SeleniumDriver] [ 1112] - ?   P A S S   ?
[INFO ][2016-01-07 17:22:50,575][com.java.SeleniumDriver] [  832] - ------------------------------------------
[INFO ][2016-01-07 17:22:50,577][com.java.SeleniumDriver] [  833] - Test case being Executed: 2
[INFO ][2016-01-07 17:22:50,577][com.java.SeleniumDriver] [  845] - Test step:47
[INFO ][2016-01-07 17:22:50,577][com.java.SeleniumDriver] [  857] - Datavalue is----------10
[INFO ][2016-01-07 17:22:50,577][com.java.SeleniumDriver] [  881] - DataField : test
[INFO ][2016-01-07 17:22:50,577][com.java.SeleniumDriver] [  883] - DataValue : 10
[INFO ][2016-01-07 17:22:50,577][com.java.SeleniumDriver] [  889] - <In Set values of the page>
[INFO ][2016-01-07 17:22:50,577][com.java.SeleniumDriver] [  892] - {Data Fields & Data Values Exist}
[INFO ][2016-01-07 17:22:50,577][com.java.SeleniumDriver] [  894] - --------------------------setting values-----------------------------
[INFO ][2016-01-07 17:22:50,577][com.java.SeleniumDriver] [  897] - Action Type : WaitTime
[DEBUG][2016-01-07 17:22:50,577][com.java.TestType] [ 5715] - sleepTime: 10000
[INFO ][2016-01-07 17:23:00,579][com.java.SeleniumDriver] [  906] -  RESULT true
[INFO ][2016-01-07 17:23:00,579][com.java.SeleniumDriver] [ 1112] - ?   P A S S   ?
[INFO ][2016-01-07 17:23:00,579][com.java.SeleniumDriver] [  832] - ------------------------------------------
[INFO ][2016-01-07 17:23:00,579][com.java.SeleniumDriver] [  833] - Test case being Executed: 2
[INFO ][2016-01-07 17:23:00,579][com.java.SeleniumDriver] [  845] - Test step:48
[INFO ][2016-01-07 17:23:00,579][com.java.SeleniumDriver] [  857] - Datavalue is----------null
[DEBUG][2016-01-07 17:23:00,579][com.java.SeleniumDriver] [  875] - Exception: null
[INFO ][2016-01-07 17:23:00,579][com.java.SeleniumDriver] [  881] - DataField : BTNparent
[INFO ][2016-01-07 17:23:00,579][com.java.SeleniumDriver] [  883] - DataValue : 
[INFO ][2016-01-07 17:23:00,579][com.java.SeleniumDriver] [  889] - <In Set values of the page>
[INFO ][2016-01-07 17:23:00,579][com.java.SeleniumDriver] [  892] - {Data Fields & Data Values Exist}
[INFO ][2016-01-07 17:23:00,579][com.java.SeleniumDriver] [  894] - --------------------------setting values-----------------------------
[INFO ][2016-01-07 17:23:00,579][com.java.SeleniumDriver] [  897] - Action Type : SelectFrame
[INFO ][2016-01-07 17:23:00,595][com.java.SeleniumDriver] [  906] -  RESULT true
[INFO ][2016-01-07 17:23:00,595][com.java.SeleniumDriver] [ 1112] - ?   P A S S   ?
[INFO ][2016-01-07 17:23:00,595][com.java.SeleniumDriver] [  832] - ------------------------------------------
[INFO ][2016-01-07 17:23:00,595][com.java.SeleniumDriver] [  833] - Test case being Executed: 2
[INFO ][2016-01-07 17:23:00,595][com.java.SeleniumDriver] [  845] - Test step:49
[INFO ][2016-01-07 17:23:00,598][com.java.SeleniumDriver] [  857] - Datavalue is----------null
[DEBUG][2016-01-07 17:23:00,598][com.java.SeleniumDriver] [  875] - Exception: null
[INFO ][2016-01-07 17:23:00,598][com.java.SeleniumDriver] [  881] - DataField : XPH//span[contains(text(), 'Finished')]
[INFO ][2016-01-07 17:23:00,598][com.java.SeleniumDriver] [  883] - DataValue : 
[INFO ][2016-01-07 17:23:00,598][com.java.SeleniumDriver] [  889] - <In Set values of the page>
[INFO ][2016-01-07 17:23:00,598][com.java.SeleniumDriver] [  892] - {Data Fields & Data Values Exist}
[INFO ][2016-01-07 17:23:00,598][com.java.SeleniumDriver] [  894] - --------------------------setting values-----------------------------
[INFO ][2016-01-07 17:23:00,598][com.java.SeleniumDriver] [  897] - Action Type : Click
[INFO ][2016-01-07 17:23:00,598][com.java.TestType] [ 6274] - Field ::XPH//span[contains(text(), 'Finished')]
[INFO ][2016-01-07 17:23:00,598][com.java.TestType] [ 5895] - value = 
[INFO ][2016-01-07 17:23:01,598][com.java.TestType] [ 6411] - BEFORE CLICK
[INFO ][2016-01-07 17:23:02,758][com.java.TestType] [ 6419] - Unable to click the object Finished button
[INFO ][2016-01-07 17:23:02,758][com.java.SeleniumDriver] [  906] -  RESULT true
[INFO ][2016-01-07 17:23:02,758][com.java.SeleniumDriver] [ 1112] - ?   P A S S   ?
[INFO ][2016-01-07 17:23:02,758][com.java.SeleniumDriver] [  832] - ------------------------------------------
[INFO ][2016-01-07 17:23:02,758][com.java.SeleniumDriver] [  833] - Test case being Executed: 2
[INFO ][2016-01-07 17:23:02,758][com.java.SeleniumDriver] [  845] - Test step:50
[INFO ][2016-01-07 17:23:02,758][com.java.SeleniumDriver] [  857] - Datavalue is----------10
[INFO ][2016-01-07 17:23:02,758][com.java.SeleniumDriver] [  881] - DataField : XPH//div[contains(text(), 'My Dashboard')]
[INFO ][2016-01-07 17:23:02,758][com.java.SeleniumDriver] [  883] - DataValue : 10
[INFO ][2016-01-07 17:23:02,758][com.java.SeleniumDriver] [  889] - <In Set values of the page>
[INFO ][2016-01-07 17:23:02,758][com.java.SeleniumDriver] [  892] - {Data Fields & Data Values Exist}
[INFO ][2016-01-07 17:23:02,758][com.java.SeleniumDriver] [  894] - --------------------------setting values-----------------------------
[INFO ][2016-01-07 17:23:02,758][com.java.SeleniumDriver] [  897] - Action Type : WAITFORELEMENT
[INFO ][2016-01-07 17:23:02,794][com.java.SeleniumDriver] [  906] -  RESULT true
[INFO ][2016-01-07 17:23:02,794][com.java.SeleniumDriver] [ 1112] - ?   P A S S   ?
[INFO ][2016-01-07 17:23:02,794][com.java.SeleniumDriver] [  832] - ------------------------------------------
[INFO ][2016-01-07 17:23:02,794][com.java.SeleniumDriver] [  833] - Test case being Executed: 2
[INFO ][2016-01-07 17:23:02,794][com.java.SeleniumDriver] [  845] - Test step:51
[INFO ][2016-01-07 17:23:02,794][com.java.SeleniumDriver] [  857] - Datavalue is----------null
[DEBUG][2016-01-07 17:23:02,794][com.java.SeleniumDriver] [  875] - Exception: null
[INFO ][2016-01-07 17:23:02,794][com.java.SeleniumDriver] [  881] - DataField : //span[@class='icon-user4']&&//a[text()='Users']&&//a[@data-id="ModifyUsers"]
[INFO ][2016-01-07 17:23:02,796][com.java.SeleniumDriver] [  883] - DataValue : 
[INFO ][2016-01-07 17:23:02,796][com.java.SeleniumDriver] [  889] - <In Set values of the page>
[INFO ][2016-01-07 17:23:02,796][com.java.SeleniumDriver] [  892] - {Data Fields & Data Values Exist}
[INFO ][2016-01-07 17:23:02,796][com.java.SeleniumDriver] [  894] - --------------------------setting values-----------------------------
[INFO ][2016-01-07 17:23:02,796][com.java.SeleniumDriver] [  897] - Action Type : MouseOver
[INFO ][2016-01-07 17:23:29,612][com.java.SeleniumDriver] [  906] -  RESULT true
[INFO ][2016-01-07 17:23:29,612][com.java.SeleniumDriver] [ 1112] - ?   P A S S   ?
[INFO ][2016-01-07 17:23:29,612][com.java.SeleniumDriver] [  832] - ------------------------------------------
[INFO ][2016-01-07 17:23:29,612][com.java.SeleniumDriver] [  833] - Test case being Executed: 2
[INFO ][2016-01-07 17:23:29,612][com.java.SeleniumDriver] [  845] - Test step:52
[INFO ][2016-01-07 17:23:29,612][com.java.SeleniumDriver] [  857] - Datavalue is----------5
[INFO ][2016-01-07 17:23:29,612][com.java.SeleniumDriver] [  881] - DataField : BTNframeDialogContent
[INFO ][2016-01-07 17:23:29,612][com.java.SeleniumDriver] [  883] - DataValue : 5
[INFO ][2016-01-07 17:23:29,612][com.java.SeleniumDriver] [  889] - <In Set values of the page>
[INFO ][2016-01-07 17:23:29,612][com.java.SeleniumDriver] [  892] - {Data Fields & Data Values Exist}
[INFO ][2016-01-07 17:23:29,612][com.java.SeleniumDriver] [  894] - --------------------------setting values-----------------------------
[INFO ][2016-01-07 17:23:29,612][com.java.SeleniumDriver] [  897] - Action Type : WaitForElement
[INFO ][2016-01-07 17:23:30,813][com.java.SeleniumDriver] [  906] -  RESULT true
[INFO ][2016-01-07 17:23:30,813][com.java.SeleniumDriver] [ 1112] - ?   P A S S   ?
[INFO ][2016-01-07 17:23:30,813][com.java.SeleniumDriver] [  832] - ------------------------------------------
[INFO ][2016-01-07 17:23:30,813][com.java.SeleniumDriver] [  833] - Test case being Executed: 2
[INFO ][2016-01-07 17:23:30,813][com.java.SeleniumDriver] [  845] - Test step:53
[INFO ][2016-01-07 17:23:30,813][com.java.SeleniumDriver] [  857] - Datavalue is----------null
[DEBUG][2016-01-07 17:23:30,813][com.java.SeleniumDriver] [  875] - Exception: null
[INFO ][2016-01-07 17:23:30,813][com.java.SeleniumDriver] [  881] - DataField : BTNframeDialogContent
[INFO ][2016-01-07 17:23:30,813][com.java.SeleniumDriver] [  883] - DataValue : 
[INFO ][2016-01-07 17:23:30,813][com.java.SeleniumDriver] [  889] - <In Set values of the page>
[INFO ][2016-01-07 17:23:30,813][com.java.SeleniumDriver] [  892] - {Data Fields & Data Values Exist}
[INFO ][2016-01-07 17:23:30,813][com.java.SeleniumDriver] [  894] - --------------------------setting values-----------------------------
[INFO ][2016-01-07 17:23:30,815][com.java.SeleniumDriver] [  897] - Action Type : SelectFrame
[INFO ][2016-01-07 17:23:32,085][com.java.SeleniumDriver] [  906] -  RESULT true
[INFO ][2016-01-07 17:23:32,085][com.java.SeleniumDriver] [ 1112] - ?   P A S S   ?
[INFO ][2016-01-07 17:23:32,085][com.java.SeleniumDriver] [  832] - ------------------------------------------
[INFO ][2016-01-07 17:23:32,085][com.java.SeleniumDriver] [  833] - Test case being Executed: 2
[INFO ][2016-01-07 17:23:32,085][com.java.SeleniumDriver] [  845] - Test step:54
[INFO ][2016-01-07 17:23:32,085][com.java.SeleniumDriver] [  857] - Datavalue is----------5
[INFO ][2016-01-07 17:23:32,085][com.java.SeleniumDriver] [  881] - DataField : BTNbtnAddUser
[INFO ][2016-01-07 17:23:32,085][com.java.SeleniumDriver] [  883] - DataValue : 5
[INFO ][2016-01-07 17:23:32,085][com.java.SeleniumDriver] [  889] - <In Set values of the page>
[INFO ][2016-01-07 17:23:32,085][com.java.SeleniumDriver] [  892] - {Data Fields & Data Values Exist}
[INFO ][2016-01-07 17:23:32,085][com.java.SeleniumDriver] [  894] - --------------------------setting values-----------------------------
[INFO ][2016-01-07 17:23:32,085][com.java.SeleniumDriver] [  897] - Action Type : WaitForElement
[INFO ][2016-01-07 17:23:33,715][com.java.SeleniumDriver] [  906] -  RESULT true
[INFO ][2016-01-07 17:23:33,715][com.java.SeleniumDriver] [ 1112] - ?   P A S S   ?
[INFO ][2016-01-07 17:23:33,715][com.java.SeleniumDriver] [  832] - ------------------------------------------
[INFO ][2016-01-07 17:23:33,715][com.java.SeleniumDriver] [  833] - Test case being Executed: 2
[INFO ][2016-01-07 17:23:33,715][com.java.SeleniumDriver] [  845] - Test step:55
[INFO ][2016-01-07 17:23:33,715][com.java.SeleniumDriver] [  857] - Datavalue is----------Login_username
[INFO ][2016-01-07 17:23:33,717][com.java.SeleniumDriver] [  881] - DataField : MNC//div[@id="divUserListing"]//td//a[@id='modifyUser.mytext']
[INFO ][2016-01-07 17:23:33,717][com.java.SeleniumDriver] [  883] - DataValue : Login_username
[INFO ][2016-01-07 17:23:33,717][com.java.SeleniumDriver] [  889] - <In Set values of the page>
[INFO ][2016-01-07 17:23:33,717][com.java.SeleniumDriver] [  892] - {Data Fields & Data Values Exist}
[INFO ][2016-01-07 17:23:33,717][com.java.SeleniumDriver] [  894] - --------------------------setting values-----------------------------
[INFO ][2016-01-07 17:23:33,717][com.java.SeleniumDriver] [  897] - Action Type : Click
[INFO ][2016-01-07 17:23:33,717][com.java.TestType] [ 6274] - Field ::MNC//div[@id="divUserListing"]//td//a[@id='modifyUser.mytext']
[INFO ][2016-01-07 17:23:33,717][com.java.TestType] [ 5895] - value = Login_username
[INFO ][2016-01-07 17:23:35,057][com.java.SeleniumDriver] [  906] -  RESULT true
[INFO ][2016-01-07 17:23:35,057][com.java.SeleniumDriver] [ 1112] - ?   P A S S   ?
[INFO ][2016-01-07 17:23:35,057][com.java.SeleniumDriver] [  832] - ------------------------------------------
[INFO ][2016-01-07 17:23:35,057][com.java.SeleniumDriver] [  833] - Test case being Executed: 2
[INFO ][2016-01-07 17:23:35,057][com.java.SeleniumDriver] [  845] - Test step:56
[INFO ][2016-01-07 17:23:35,057][com.java.SeleniumDriver] [  857] - Datavalue is----------2
[INFO ][2016-01-07 17:23:35,057][com.java.SeleniumDriver] [  881] - DataField : BTNtxtFirstName
[INFO ][2016-01-07 17:23:35,057][com.java.SeleniumDriver] [  883] - DataValue : 2
[INFO ][2016-01-07 17:23:35,057][com.java.SeleniumDriver] [  889] - <In Set values of the page>
[INFO ][2016-01-07 17:23:35,057][com.java.SeleniumDriver] [  892] - {Data Fields & Data Values Exist}
[INFO ][2016-01-07 17:23:35,057][com.java.SeleniumDriver] [  894] - --------------------------setting values-----------------------------
[INFO ][2016-01-07 17:23:35,057][com.java.SeleniumDriver] [  897] - Action Type : WaitForElement
[INFO ][2016-01-07 17:23:36,549][com.java.SeleniumDriver] [  906] -  RESULT true
[INFO ][2016-01-07 17:23:36,549][com.java.SeleniumDriver] [ 1112] - ?   P A S S   ?
[INFO ][2016-01-07 17:23:36,549][com.java.SeleniumDriver] [  832] - ------------------------------------------
[INFO ][2016-01-07 17:23:36,549][com.java.SeleniumDriver] [  833] - Test case being Executed: 2
[INFO ][2016-01-07 17:23:36,549][com.java.SeleniumDriver] [  845] - Test step:57
[INFO ][2016-01-07 17:23:36,549][com.java.SeleniumDriver] [  857] - Datavalue is----------dt:ResetNewPswd
[INFO ][2016-01-07 17:23:36,549][com.java.SeleniumDriver] [  881] - DataField : TXTtxtPassword
[INFO ][2016-01-07 17:23:36,549][com.java.SeleniumDriver] [  883] - DataValue : dt:ResetNewPswd
[INFO ][2016-01-07 17:23:36,549][com.java.SeleniumDriver] [  889] - <In Set values of the page>
[INFO ][2016-01-07 17:23:36,549][com.java.SeleniumDriver] [  892] - {Data Fields & Data Values Exist}
[INFO ][2016-01-07 17:23:36,549][com.java.SeleniumDriver] [  894] - --------------------------setting values-----------------------------
[INFO ][2016-01-07 17:23:36,549][com.java.SeleniumDriver] [  897] - Action Type : CLEARANDENTER
[INFO ][2016-01-07 17:23:36,549][com.java.TestType] [ 5895] - value = Password#1
[INFO ][2016-01-07 17:23:39,267][com.java.SeleniumDriver] [  906] -  RESULT true
[INFO ][2016-01-07 17:23:39,267][com.java.SeleniumDriver] [ 1112] - ?   P A S S   ?
[INFO ][2016-01-07 17:23:39,267][com.java.SeleniumDriver] [  832] - ------------------------------------------
[INFO ][2016-01-07 17:23:39,267][com.java.SeleniumDriver] [  833] - Test case being Executed: 2
[INFO ][2016-01-07 17:23:39,267][com.java.SeleniumDriver] [  845] - Test step:58
[INFO ][2016-01-07 17:23:39,267][com.java.SeleniumDriver] [  857] - Datavalue is----------5
[INFO ][2016-01-07 17:23:39,269][com.java.SeleniumDriver] [  881] - DataField : TXTtxtPasswordConfirm
[INFO ][2016-01-07 17:23:39,269][com.java.SeleniumDriver] [  883] - DataValue : 5
[INFO ][2016-01-07 17:23:39,269][com.java.SeleniumDriver] [  889] - <In Set values of the page>
[INFO ][2016-01-07 17:23:39,269][com.java.SeleniumDriver] [  892] - {Data Fields & Data Values Exist}
[INFO ][2016-01-07 17:23:39,269][com.java.SeleniumDriver] [  894] - --------------------------setting values-----------------------------
[INFO ][2016-01-07 17:23:39,269][com.java.SeleniumDriver] [  897] - Action Type : WaitForElement
[INFO ][2016-01-07 17:23:40,429][com.java.SeleniumDriver] [  906] -  RESULT true
[INFO ][2016-01-07 17:23:40,429][com.java.SeleniumDriver] [ 1112] - ?   P A S S   ?
[INFO ][2016-01-07 17:23:40,429][com.java.SeleniumDriver] [  832] - ------------------------------------------
[INFO ][2016-01-07 17:23:40,429][com.java.SeleniumDriver] [  833] - Test case being Executed: 2
[INFO ][2016-01-07 17:23:40,429][com.java.SeleniumDriver] [  845] - Test step:59
[INFO ][2016-01-07 17:23:40,429][com.java.SeleniumDriver] [  857] - Datavalue is----------dt:ResetNewPswd
[INFO ][2016-01-07 17:23:40,429][com.java.SeleniumDriver] [  881] - DataField : TXTtxtPasswordConfirm
[INFO ][2016-01-07 17:23:40,429][com.java.SeleniumDriver] [  883] - DataValue : dt:ResetNewPswd
[INFO ][2016-01-07 17:23:40,429][com.java.SeleniumDriver] [  889] - <In Set values of the page>
[INFO ][2016-01-07 17:23:40,429][com.java.SeleniumDriver] [  892] - {Data Fields & Data Values Exist}
[INFO ][2016-01-07 17:23:40,429][com.java.SeleniumDriver] [  894] - --------------------------setting values-----------------------------
[INFO ][2016-01-07 17:23:40,429][com.java.SeleniumDriver] [  897] - Action Type : CLEARANDENTER
[INFO ][2016-01-07 17:23:40,429][com.java.TestType] [ 5895] - value = Password#1
[INFO ][2016-01-07 17:23:43,154][com.java.SeleniumDriver] [  906] -  RESULT true
[INFO ][2016-01-07 17:23:43,154][com.java.SeleniumDriver] [ 1112] - ?   P A S S   ?
[INFO ][2016-01-07 17:23:43,154][com.java.SeleniumDriver] [  832] - ------------------------------------------
[INFO ][2016-01-07 17:23:43,154][com.java.SeleniumDriver] [  833] - Test case being Executed: 2
[INFO ][2016-01-07 17:23:43,154][com.java.SeleniumDriver] [  845] - Test step:60
[INFO ][2016-01-07 17:23:43,154][com.java.SeleniumDriver] [  857] - Datavalue is----------5
[INFO ][2016-01-07 17:23:43,157][com.java.SeleniumDriver] [  881] - DataField : test
[INFO ][2016-01-07 17:23:43,157][com.java.SeleniumDriver] [  883] - DataValue : 5
[INFO ][2016-01-07 17:23:43,157][com.java.SeleniumDriver] [  889] - <In Set values of the page>
[INFO ][2016-01-07 17:23:43,157][com.java.SeleniumDriver] [  892] - {Data Fields & Data Values Exist}
[INFO ][2016-01-07 17:23:43,157][com.java.SeleniumDriver] [  894] - --------------------------setting values-----------------------------
[INFO ][2016-01-07 17:23:43,157][com.java.SeleniumDriver] [  897] - Action Type : WaitTime
[DEBUG][2016-01-07 17:23:43,157][com.java.TestType] [ 5715] - sleepTime: 5000
[INFO ][2016-01-07 17:23:48,158][com.java.SeleniumDriver] [  906] -  RESULT true
[INFO ][2016-01-07 17:23:48,158][com.java.SeleniumDriver] [ 1112] - ?   P A S S   ?
[INFO ][2016-01-07 17:23:48,158][com.java.SeleniumDriver] [  832] - ------------------------------------------
[INFO ][2016-01-07 17:23:48,158][com.java.SeleniumDriver] [  833] - Test case being Executed: 2
[INFO ][2016-01-07 17:23:48,158][com.java.SeleniumDriver] [  845] - Test step:61
[INFO ][2016-01-07 17:23:48,158][com.java.SeleniumDriver] [  857] - Datavalue is----------null
[DEBUG][2016-01-07 17:23:48,158][com.java.SeleniumDriver] [  875] - Exception: null
[INFO ][2016-01-07 17:23:48,158][com.java.SeleniumDriver] [  881] - DataField : BTNrdoResendYes
[INFO ][2016-01-07 17:23:48,158][com.java.SeleniumDriver] [  883] - DataValue : 
[INFO ][2016-01-07 17:23:48,158][com.java.SeleniumDriver] [  889] - <In Set values of the page>
[INFO ][2016-01-07 17:23:48,158][com.java.SeleniumDriver] [  892] - {Data Fields & Data Values Exist}
[INFO ][2016-01-07 17:23:48,158][com.java.SeleniumDriver] [  894] - --------------------------setting values-----------------------------
[INFO ][2016-01-07 17:23:48,158][com.java.SeleniumDriver] [  897] - Action Type : Click
[INFO ][2016-01-07 17:23:48,158][com.java.TestType] [ 6274] - Field ::BTNrdoResendYes
[INFO ][2016-01-07 17:23:48,158][com.java.TestType] [ 5895] - value = 
[INFO ][2016-01-07 17:23:49,159][com.java.TestType] [ 6390] - BEFORE CLICK
[INFO ][2016-01-07 17:23:50,470][com.java.TestType] [ 6397] - Unable to click the object Yes Radio button
[INFO ][2016-01-07 17:23:50,470][com.java.SeleniumDriver] [  906] -  RESULT true
[INFO ][2016-01-07 17:23:50,470][com.java.SeleniumDriver] [ 1112] - ?   P A S S   ?
[INFO ][2016-01-07 17:23:50,470][com.java.SeleniumDriver] [  832] - ------------------------------------------
[INFO ][2016-01-07 17:23:50,470][com.java.SeleniumDriver] [  833] - Test case being Executed: 2
[INFO ][2016-01-07 17:23:50,470][com.java.SeleniumDriver] [  845] - Test step:62
[INFO ][2016-01-07 17:23:50,470][com.java.SeleniumDriver] [  857] - Datavalue is----------null
[DEBUG][2016-01-07 17:23:50,470][com.java.SeleniumDriver] [  875] - Exception: null
[INFO ][2016-01-07 17:23:50,470][com.java.SeleniumDriver] [  881] - DataField : BTNparent
[INFO ][2016-01-07 17:23:50,470][com.java.SeleniumDriver] [  883] - DataValue : 
[INFO ][2016-01-07 17:23:50,470][com.java.SeleniumDriver] [  889] - <In Set values of the page>
[INFO ][2016-01-07 17:23:50,470][com.java.SeleniumDriver] [  892] - {Data Fields & Data Values Exist}
[INFO ][2016-01-07 17:23:50,470][com.java.SeleniumDriver] [  894] - --------------------------setting values-----------------------------
[INFO ][2016-01-07 17:23:50,470][com.java.SeleniumDriver] [  897] - Action Type : SelectFrame
[INFO ][2016-01-07 17:23:50,488][com.java.SeleniumDriver] [  906] -  RESULT true
[INFO ][2016-01-07 17:23:50,488][com.java.SeleniumDriver] [ 1112] - ?   P A S S   ?
[INFO ][2016-01-07 17:23:50,488][com.java.SeleniumDriver] [  832] - ------------------------------------------
[INFO ][2016-01-07 17:23:50,488][com.java.SeleniumDriver] [  833] - Test case being Executed: 2
[INFO ][2016-01-07 17:23:50,488][com.java.SeleniumDriver] [  845] - Test step:63
[INFO ][2016-01-07 17:23:50,488][com.java.SeleniumDriver] [  857] - Datavalue is----------null
[DEBUG][2016-01-07 17:23:50,488][com.java.SeleniumDriver] [  875] - Exception: null
[INFO ][2016-01-07 17:23:50,488][com.java.SeleniumDriver] [  881] - DataField : XPH//span[contains(text(), 'Finished')]
[INFO ][2016-01-07 17:23:50,488][com.java.SeleniumDriver] [  883] - DataValue : 
[INFO ][2016-01-07 17:23:50,490][com.java.SeleniumDriver] [  889] - <In Set values of the page>
[INFO ][2016-01-07 17:23:50,490][com.java.SeleniumDriver] [  892] - {Data Fields & Data Values Exist}
[INFO ][2016-01-07 17:23:50,490][com.java.SeleniumDriver] [  894] - --------------------------setting values-----------------------------
[INFO ][2016-01-07 17:23:50,490][com.java.SeleniumDriver] [  897] - Action Type : Click
[INFO ][2016-01-07 17:23:50,490][com.java.TestType] [ 6274] - Field ::XPH//span[contains(text(), 'Finished')]
[INFO ][2016-01-07 17:23:50,490][com.java.TestType] [ 5895] - value = 
[INFO ][2016-01-07 17:23:51,490][com.java.TestType] [ 6411] - BEFORE CLICK
[INFO ][2016-01-07 17:23:52,353][com.java.TestType] [ 6419] - Unable to click the object Finished button
[INFO ][2016-01-07 17:23:52,353][com.java.SeleniumDriver] [  906] -  RESULT true
[INFO ][2016-01-07 17:23:52,353][com.java.SeleniumDriver] [ 1112] - ?   P A S S   ?
[INFO ][2016-01-07 17:23:52,353][com.java.SeleniumDriver] [  832] - ------------------------------------------
[INFO ][2016-01-07 17:23:52,353][com.java.SeleniumDriver] [  833] - Test case being Executed: 2
[INFO ][2016-01-07 17:23:52,353][com.java.SeleniumDriver] [  845] - Test step:64
[INFO ][2016-01-07 17:23:52,353][com.java.SeleniumDriver] [  857] - Datavalue is----------20
[INFO ][2016-01-07 17:23:52,353][com.java.SeleniumDriver] [  881] - DataField : test
[INFO ][2016-01-07 17:23:52,353][com.java.SeleniumDriver] [  883] - DataValue : 20
[INFO ][2016-01-07 17:23:52,353][com.java.SeleniumDriver] [  889] - <In Set values of the page>
[INFO ][2016-01-07 17:23:52,353][com.java.SeleniumDriver] [  892] - {Data Fields & Data Values Exist}
[INFO ][2016-01-07 17:23:52,353][com.java.SeleniumDriver] [  894] - --------------------------setting values-----------------------------
[INFO ][2016-01-07 17:23:52,353][com.java.SeleniumDriver] [  897] - Action Type : WaitTime
[DEBUG][2016-01-07 17:23:52,353][com.java.TestType] [ 5715] - sleepTime: 20000
[INFO ][2016-01-07 17:24:12,353][com.java.SeleniumDriver] [  906] -  RESULT true
[INFO ][2016-01-07 17:24:12,353][com.java.SeleniumDriver] [ 1112] - ?   P A S S   ?
[INFO ][2016-01-07 17:24:12,353][com.java.SeleniumDriver] [  832] - ------------------------------------------
[INFO ][2016-01-07 17:24:12,353][com.java.SeleniumDriver] [  833] - Test case being Executed: 2
[INFO ][2016-01-07 17:24:12,353][com.java.SeleniumDriver] [  845] - Test step:65
[INFO ][2016-01-07 17:24:12,353][com.java.SeleniumDriver] [  857] - Datavalue is----------5
[INFO ][2016-01-07 17:24:12,353][com.java.SeleniumDriver] [  881] - DataField : BTNframeDialogContent
[INFO ][2016-01-07 17:24:12,353][com.java.SeleniumDriver] [  883] - DataValue : 5
[INFO ][2016-01-07 17:24:12,353][com.java.SeleniumDriver] [  889] - <In Set values of the page>
[INFO ][2016-01-07 17:24:12,353][com.java.SeleniumDriver] [  892] - {Data Fields & Data Values Exist}
[INFO ][2016-01-07 17:24:12,353][com.java.SeleniumDriver] [  894] - --------------------------setting values-----------------------------
[INFO ][2016-01-07 17:24:12,353][com.java.SeleniumDriver] [  897] - Action Type : WaitForElement
[INFO ][2016-01-07 17:24:13,592][com.java.SeleniumDriver] [  906] -  RESULT true
[INFO ][2016-01-07 17:24:13,592][com.java.SeleniumDriver] [ 1112] - ?   P A S S   ?
[INFO ][2016-01-07 17:24:13,592][com.java.SeleniumDriver] [  832] - ------------------------------------------
[INFO ][2016-01-07 17:24:13,592][com.java.SeleniumDriver] [  833] - Test case being Executed: 2
[INFO ][2016-01-07 17:24:13,592][com.java.SeleniumDriver] [  845] - Test step:66
[INFO ][2016-01-07 17:24:13,592][com.java.SeleniumDriver] [  857] - Datavalue is----------null
[DEBUG][2016-01-07 17:24:13,592][com.java.SeleniumDriver] [  875] - Exception: null
[INFO ][2016-01-07 17:24:13,592][com.java.SeleniumDriver] [  881] - DataField : BTNframeDialogContent
[INFO ][2016-01-07 17:24:13,594][com.java.SeleniumDriver] [  883] - DataValue : 
[INFO ][2016-01-07 17:24:13,594][com.java.SeleniumDriver] [  889] - <In Set values of the page>
[INFO ][2016-01-07 17:24:13,594][com.java.SeleniumDriver] [  892] - {Data Fields & Data Values Exist}
[INFO ][2016-01-07 17:24:13,594][com.java.SeleniumDriver] [  894] - --------------------------setting values-----------------------------
[INFO ][2016-01-07 17:24:13,594][com.java.SeleniumDriver] [  897] - Action Type : SelectFrame
[INFO ][2016-01-07 17:24:14,872][com.java.SeleniumDriver] [  906] -  RESULT true
[INFO ][2016-01-07 17:24:14,872][com.java.SeleniumDriver] [ 1112] - ?   P A S S   ?
[INFO ][2016-01-07 17:24:14,872][com.java.SeleniumDriver] [  832] - ------------------------------------------
[INFO ][2016-01-07 17:24:14,872][com.java.SeleniumDriver] [  833] - Test case being Executed: 2
[INFO ][2016-01-07 17:24:14,872][com.java.SeleniumDriver] [  845] - Test step:67
[INFO ][2016-01-07 17:24:14,872][com.java.SeleniumDriver] [  857] - Datavalue is----------6
[INFO ][2016-01-07 17:24:14,872][com.java.SeleniumDriver] [  881] - DataField : XPH//table[@id="tblUserListing"]//td[contains(text(),'vltest.robot')]
[INFO ][2016-01-07 17:24:14,872][com.java.SeleniumDriver] [  883] - DataValue : 6
[INFO ][2016-01-07 17:24:14,872][com.java.SeleniumDriver] [  889] - <In Set values of the page>
[INFO ][2016-01-07 17:24:14,872][com.java.SeleniumDriver] [  892] - {Data Fields & Data Values Exist}
[INFO ][2016-01-07 17:24:14,872][com.java.SeleniumDriver] [  894] - --------------------------setting values-----------------------------
[INFO ][2016-01-07 17:24:14,872][com.java.SeleniumDriver] [  897] - Action Type : WaitForElement
[INFO ][2016-01-07 17:24:14,907][com.java.SeleniumDriver] [  906] -  RESULT true
[INFO ][2016-01-07 17:24:14,907][com.java.SeleniumDriver] [ 1112] - ?   P A S S   ?
[INFO ][2016-01-07 17:24:14,907][com.java.SeleniumDriver] [  832] - ------------------------------------------
[INFO ][2016-01-07 17:24:14,907][com.java.SeleniumDriver] [  833] - Test case being Executed: 2
[INFO ][2016-01-07 17:24:14,907][com.java.SeleniumDriver] [  845] - Test step:68
[INFO ][2016-01-07 17:24:14,910][com.java.SeleniumDriver] [  857] - Datavalue is----------HMVLogin_username
[INFO ][2016-01-07 17:24:14,910][com.java.SeleniumDriver] [  881] - DataField : USR
[INFO ][2016-01-07 17:24:14,910][com.java.SeleniumDriver] [  883] - DataValue : HMVLogin_username
[INFO ][2016-01-07 17:24:14,910][com.java.SeleniumDriver] [  889] - <In Set values of the page>
[INFO ][2016-01-07 17:24:14,910][com.java.SeleniumDriver] [  892] - {Data Fields & Data Values Exist}
[INFO ][2016-01-07 17:24:14,910][com.java.SeleniumDriver] [  894] - --------------------------setting values-----------------------------
[INFO ][2016-01-07 17:24:14,910][com.java.SeleniumDriver] [  897] - Action Type : Verify
[INFO ][2016-01-07 17:24:14,910][com.java.TestType] [ 7269] - field= USR value= HMVLogin_username
[INFO ][2016-01-07 17:24:14,910][com.java.TestType] [ 5895] - value = vltest.robot107207.15019
[INFO ][2016-01-07 17:24:14,957][com.java.SeleniumDriver] [  906] -  RESULT true
[INFO ][2016-01-07 17:24:14,957][com.java.SeleniumDriver] [ 1112] - ?   P A S S   ?
[INFO ][2016-01-07 17:24:14,957][com.java.SeleniumDriver] [  832] - ------------------------------------------
[INFO ][2016-01-07 17:24:14,957][com.java.SeleniumDriver] [  833] - Test case being Executed: 2
[INFO ][2016-01-07 17:24:14,957][com.java.SeleniumDriver] [  845] - Test step:69
[INFO ][2016-01-07 17:24:14,957][com.java.SeleniumDriver] [  857] - Datavalue is----------null
[DEBUG][2016-01-07 17:24:14,957][com.java.SeleniumDriver] [  875] - Exception: null
[INFO ][2016-01-07 17:24:14,957][com.java.SeleniumDriver] [  881] - DataField : BTNparent
[INFO ][2016-01-07 17:24:14,957][com.java.SeleniumDriver] [  883] - DataValue : 
[INFO ][2016-01-07 17:24:14,957][com.java.SeleniumDriver] [  889] - <In Set values of the page>
[INFO ][2016-01-07 17:24:14,957][com.java.SeleniumDriver] [  892] - {Data Fields & Data Values Exist}
[INFO ][2016-01-07 17:24:14,957][com.java.SeleniumDriver] [  894] - --------------------------setting values-----------------------------
[INFO ][2016-01-07 17:24:14,957][com.java.SeleniumDriver] [  897] - Action Type : SelectFrame
[INFO ][2016-01-07 17:24:14,972][com.java.SeleniumDriver] [  906] -  RESULT true
[INFO ][2016-01-07 17:24:14,972][com.java.SeleniumDriver] [ 1112] - ?   P A S S   ?
[INFO ][2016-01-07 17:24:14,972][com.java.SeleniumDriver] [  832] - ------------------------------------------
[INFO ][2016-01-07 17:24:14,972][com.java.SeleniumDriver] [  833] - Test case being Executed: 2
[INFO ][2016-01-07 17:24:14,972][com.java.SeleniumDriver] [  845] - Test step:70
[INFO ][2016-01-07 17:24:14,972][com.java.SeleniumDriver] [  857] - Datavalue is----------5
[INFO ][2016-01-07 17:24:14,972][com.java.SeleniumDriver] [  881] - DataField : XPH//span[contains(text(), 'Finished')]
[INFO ][2016-01-07 17:24:14,975][com.java.SeleniumDriver] [  883] - DataValue : 5
[INFO ][2016-01-07 17:24:14,975][com.java.SeleniumDriver] [  889] - <In Set values of the page>
[INFO ][2016-01-07 17:24:14,975][com.java.SeleniumDriver] [  892] - {Data Fields & Data Values Exist}
[INFO ][2016-01-07 17:24:14,975][com.java.SeleniumDriver] [  894] - --------------------------setting values-----------------------------
[INFO ][2016-01-07 17:24:14,975][com.java.SeleniumDriver] [  897] - Action Type : WaitForElement
[INFO ][2016-01-07 17:24:15,007][com.java.SeleniumDriver] [  906] -  RESULT true
[INFO ][2016-01-07 17:24:15,007][com.java.SeleniumDriver] [ 1112] - ?   P A S S   ?
[INFO ][2016-01-07 17:24:15,007][com.java.SeleniumDriver] [  832] - ------------------------------------------
[INFO ][2016-01-07 17:24:15,007][com.java.SeleniumDriver] [  833] - Test case being Executed: 2
[INFO ][2016-01-07 17:24:15,007][com.java.SeleniumDriver] [  845] - Test step:71
[INFO ][2016-01-07 17:24:15,007][com.java.SeleniumDriver] [  857] - Datavalue is----------null
[DEBUG][2016-01-07 17:24:15,007][com.java.SeleniumDriver] [  875] - Exception: null
[INFO ][2016-01-07 17:24:15,007][com.java.SeleniumDriver] [  881] - DataField : XPH//span[contains(text(), 'Finished')]
[INFO ][2016-01-07 17:24:15,007][com.java.SeleniumDriver] [  883] - DataValue : 
[INFO ][2016-01-07 17:24:15,007][com.java.SeleniumDriver] [  889] - <In Set values of the page>
[INFO ][2016-01-07 17:24:15,007][com.java.SeleniumDriver] [  892] - {Data Fields & Data Values Exist}
[INFO ][2016-01-07 17:24:15,007][com.java.SeleniumDriver] [  894] - --------------------------setting values-----------------------------
[INFO ][2016-01-07 17:24:15,010][com.java.SeleniumDriver] [  897] - Action Type : Click
[INFO ][2016-01-07 17:24:15,010][com.java.TestType] [ 6274] - Field ::XPH//span[contains(text(), 'Finished')]
[INFO ][2016-01-07 17:24:15,010][com.java.TestType] [ 5895] - value = 
[INFO ][2016-01-07 17:24:16,010][com.java.TestType] [ 6411] - BEFORE CLICK
[INFO ][2016-01-07 17:24:17,187][com.java.TestType] [ 6419] - Unable to click the object Finished button
[INFO ][2016-01-07 17:24:17,187][com.java.SeleniumDriver] [  906] -  RESULT true
[INFO ][2016-01-07 17:24:17,187][com.java.SeleniumDriver] [ 1112] - ?   P A S S   ?
[INFO ][2016-01-07 17:24:17,187][com.java.SeleniumDriver] [  832] - ------------------------------------------
[INFO ][2016-01-07 17:24:17,187][com.java.SeleniumDriver] [  833] - Test case being Executed: 2
[INFO ][2016-01-07 17:24:17,187][com.java.SeleniumDriver] [  845] - Test step:72
[INFO ][2016-01-07 17:24:17,187][com.java.SeleniumDriver] [  857] - Datavalue is----------10
[INFO ][2016-01-07 17:24:17,187][com.java.SeleniumDriver] [  881] - DataField : XPH//div[contains(text(), 'My Dashboard')]
[INFO ][2016-01-07 17:24:17,187][com.java.SeleniumDriver] [  883] - DataValue : 10
[INFO ][2016-01-07 17:24:17,187][com.java.SeleniumDriver] [  889] - <In Set values of the page>
[INFO ][2016-01-07 17:24:17,187][com.java.SeleniumDriver] [  892] - {Data Fields & Data Values Exist}
[INFO ][2016-01-07 17:24:17,187][com.java.SeleniumDriver] [  894] - --------------------------setting values-----------------------------
[INFO ][2016-01-07 17:24:17,187][com.java.SeleniumDriver] [  897] - Action Type : WAITFORELEMENT
[INFO ][2016-01-07 17:24:17,223][com.java.SeleniumDriver] [  906] -  RESULT true
[INFO ][2016-01-07 17:24:17,223][com.java.SeleniumDriver] [ 1112] - ?   P A S S   ?
[INFO ][2016-01-07 17:24:17,223][com.java.SeleniumDriver] [  832] - ------------------------------------------
[INFO ][2016-01-07 17:24:17,223][com.java.SeleniumDriver] [  833] - Test case being Executed: 2
[INFO ][2016-01-07 17:24:17,223][com.java.SeleniumDriver] [  845] - Test step:73
[INFO ][2016-01-07 17:24:17,223][com.java.SeleniumDriver] [  857] - Datavalue is----------Concept#3:1-2
[INFO ][2016-01-07 17:24:17,223][com.java.SeleniumDriver] [  881] - DataField : test
[INFO ][2016-01-07 17:24:17,223][com.java.SeleniumDriver] [  883] - DataValue : Concept#3:1-2
[INFO ][2016-01-07 17:24:17,223][com.java.SeleniumDriver] [  889] - <In Set values of the page>
[INFO ][2016-01-07 17:24:17,223][com.java.SeleniumDriver] [  892] - {Data Fields & Data Values Exist}
[INFO ][2016-01-07 17:24:17,223][com.java.SeleniumDriver] [  894] - --------------------------setting values-----------------------------
[INFO ][2016-01-07 17:24:17,223][com.java.SeleniumDriver] [  897] - Action Type : ExecuteTestCase
[INFO ][2016-01-07 17:24:17,223][com.java.TestType] [  437] - The Concept sheet name is ---------- Concept
[INFO ][2016-01-07 17:24:17,225][com.java.TestType] [  440] - The Concept ID  is ---------- 3
[DEBUG][2016-01-07 17:24:17,225][com.java.TestType] [  444] - Steps being executted in the Concept are: 1:2
[INFO ][2016-01-07 17:24:17,225][com.java.TestType] [  451] - Test data details path ---------- D:\BankersDashboard\TestInputs\TestData.xls
[INFO ][2016-01-07 17:24:17,250][com.java.TestType] [  482] -  str(1) = 3
[INFO ][2016-01-07 17:24:17,250][com.java.TestType] [  485] - Test case Id is---3
[INFO ][2016-01-07 17:24:17,253][com.java.TestType] [  487] - 3
[INFO ][2016-01-07 17:24:17,253][com.java.TestType] [  482] -  str(2) = 1
[INFO ][2016-01-07 17:24:17,253][com.java.TestType] [  482] -  str(1) = 3
[INFO ][2016-01-07 17:24:17,253][com.java.TestType] [  485] - Test case Id is---3
[INFO ][2016-01-07 17:24:17,253][com.java.TestType] [  487] - 3
[INFO ][2016-01-07 17:24:17,253][com.java.TestType] [  482] -  str(2) = 2
[INFO ][2016-01-07 17:24:17,253][com.java.TestType] [10822] - Looping 1TCID = 3
[DEBUG][2016-01-07 17:24:17,253][com.java.TestType] [10863] - Concept ID:3 :: Step being Executed: 3::1
[INFO ][2016-01-07 17:24:17,253][com.java.TestType] [10901] - dataFields : test
[DEBUG][2016-01-07 17:24:17,253][com.java.TestType] [10907] - <In Set values of the page>
[DEBUG][2016-01-07 17:24:17,253][com.java.TestType] [10912] - {Data Fields & Data Values Exist}
[INFO ][2016-01-07 17:24:17,255][com.java.TestType] [10918] - --------------------------setting values-----------------------------
[INFO ][2016-01-07 17:24:17,255][com.java.TestType] [10921] - Action Type : Logout
[INFO ][2016-01-07 17:24:19,446][com.java.TestType] [ 6274] - Field ::CNF
[INFO ][2016-01-07 17:24:19,446][com.java.TestType] [ 5895] - value = OK
[INFO ][2016-01-07 17:24:21,756][com.java.TestType] [ 6407] - Click the object confirmation
[INFO ][2016-01-07 17:24:21,756][com.java.TestType] [ 6408] - Unable to click the object confirmation
[DEBUG][2016-01-07 17:24:23,016][com.java.SeleniumDriver] [  426] - Hub ip address is-------172.17.68.34
[INFO ][2016-01-07 17:24:23,016][com.java.SeleniumDriver] [  452] - Grid URL:http://172.17.68.34:4444/wd/hub
[INFO ][2016-01-07 17:24:23,019][com.java.SeleniumDriver] [  453] - Capability:Capabilities [{platform=ANY, ensureCleanSession=true, ignoreProtectedModeSettings=true, acceptSslCerts=true, ignoreZoomSetting=true, browserName=internet explorer, browserstack.ie.noFlash=true, version=null}]
[ERROR][2016-01-07 17:24:24,032][com.java.SeleniumDriver] [  498] - Unable invoke browser in grid:Could not start a new session. Possible causes are invalid address of the remote server or browser start-up failure.
Build info: version: '2.48.2', revision: '41bccdd', time: '2015-10-09 19:59:12'
System info: host: 'FVTIII438F1D', ip: '172.17.68.34', os.name: 'Windows 7', os.arch: 'x86', os.version: '6.1', java.version: '1.7.0_55'
Driver info: driver.version: SeleniumDriver
[INFO ][2016-01-07 17:24:24,032][com.java.SeleniumDriver] [  500] - Executing on local machine
[INFO ][2016-01-07 17:24:34,384][com.java.TestType] [10940] -  RESULT true
[INFO ][2016-01-07 17:24:34,384][com.java.TestType] [11057] - ?   P A S S   ?
[DEBUG][2016-01-07 17:24:34,384][com.java.TestType] [10863] - Concept ID:3 :: Step being Executed: 3::2
[INFO ][2016-01-07 17:24:34,384][com.java.TestType] [10901] - dataFields : test
[DEBUG][2016-01-07 17:24:34,384][com.java.TestType] [10907] - <In Set values of the page>
[DEBUG][2016-01-07 17:24:34,384][com.java.TestType] [10912] - {Data Fields & Data Values Exist}
[INFO ][2016-01-07 17:24:34,384][com.java.TestType] [10918] - --------------------------setting values-----------------------------
[INFO ][2016-01-07 17:24:34,384][com.java.TestType] [10921] - Action Type : WaitTime
[DEBUG][2016-01-07 17:24:34,384][com.java.TestType] [ 5715] - sleepTime: 2000
[INFO ][2016-01-07 17:24:36,385][com.java.TestType] [10940] -  RESULT true
[INFO ][2016-01-07 17:24:36,385][com.java.TestType] [11057] - ?   P A S S   ?
[INFO ][2016-01-07 17:24:36,385][com.java.TestType] [11128] - Looping End......
[INFO ][2016-01-07 17:24:36,388][com.java.SeleniumDriver] [  906] -  RESULT true
[INFO ][2016-01-07 17:24:36,390][com.java.SeleniumDriver] [ 1112] - ?   P A S S   ?
[INFO ][2016-01-07 17:24:36,390][com.java.SeleniumDriver] [  832] - ------------------------------------------
[INFO ][2016-01-07 17:24:36,390][com.java.SeleniumDriver] [  833] - Test case being Executed: 2
[INFO ][2016-01-07 17:24:36,390][com.java.SeleniumDriver] [  845] - Test step:74
[INFO ][2016-01-07 17:24:36,390][com.java.SeleniumDriver] [  857] - Datavalue is----------10
[INFO ][2016-01-07 17:24:36,390][com.java.SeleniumDriver] [  881] - DataField : test
[INFO ][2016-01-07 17:24:36,390][com.java.SeleniumDriver] [  883] - DataValue : 10
[INFO ][2016-01-07 17:24:36,390][com.java.SeleniumDriver] [  889] - <In Set values of the page>
[INFO ][2016-01-07 17:24:36,390][com.java.SeleniumDriver] [  892] - {Data Fields & Data Values Exist}
[INFO ][2016-01-07 17:24:36,390][com.java.SeleniumDriver] [  894] - --------------------------setting values-----------------------------
[INFO ][2016-01-07 17:24:36,390][com.java.SeleniumDriver] [  897] - Action Type : WaitTime
[DEBUG][2016-01-07 17:24:36,391][com.java.TestType] [ 5715] - sleepTime: 10000
[INFO ][2016-01-07 17:24:46,392][com.java.SeleniumDriver] [  906] -  RESULT true
[INFO ][2016-01-07 17:24:46,392][com.java.SeleniumDriver] [ 1112] - ?   P A S S   ?
[INFO ][2016-01-07 17:24:46,392][com.java.SeleniumDriver] [  832] - ------------------------------------------
[INFO ][2016-01-07 17:24:46,392][com.java.SeleniumDriver] [  833] - Test case being Executed: 2
[INFO ][2016-01-07 17:24:46,392][com.java.SeleniumDriver] [  845] - Test step:75
[INFO ][2016-01-07 17:24:46,392][com.java.SeleniumDriver] [  857] - Datavalue is----------dt:HTTPSURL
[INFO ][2016-01-07 17:24:46,392][com.java.SeleniumDriver] [  881] - DataField : test
[INFO ][2016-01-07 17:24:46,392][com.java.SeleniumDriver] [  883] - DataValue : dt:HTTPSURL
[INFO ][2016-01-07 17:24:46,392][com.java.SeleniumDriver] [  889] - <In Set values of the page>
[INFO ][2016-01-07 17:24:46,392][com.java.SeleniumDriver] [  892] - {Data Fields & Data Values Exist}
[INFO ][2016-01-07 17:24:46,392][com.java.SeleniumDriver] [  894] - --------------------------setting values-----------------------------
[INFO ][2016-01-07 17:24:46,392][com.java.SeleniumDriver] [  897] - Action Type : OpenURL
[INFO ][2016-01-07 17:24:46,392][com.java.TestType] [ 5895] - value = https://clients-xuat.bankersdashboard.com
[INFO ][2016-01-07 17:24:46,392][com.java.TestType] [  353] - Open URL : https://clients-xuat.bankersdashboard.com
[INFO ][2016-01-07 17:24:47,228][com.java.SeleniumDriver] [  906] -  RESULT true
[INFO ][2016-01-07 17:24:47,228][com.java.SeleniumDriver] [ 1112] - ?   P A S S   ?
[INFO ][2016-01-07 17:24:47,230][com.java.SeleniumDriver] [  832] - ------------------------------------------
[INFO ][2016-01-07 17:24:47,230][com.java.SeleniumDriver] [  833] - Test case being Executed: 2
[INFO ][2016-01-07 17:24:47,230][com.java.SeleniumDriver] [  845] - Test step:76
[INFO ][2016-01-07 17:24:47,230][com.java.SeleniumDriver] [  857] - Datavalue is----------10
[INFO ][2016-01-07 17:24:47,230][com.java.SeleniumDriver] [  881] - DataField : TXTusername
[INFO ][2016-01-07 17:24:47,230][com.java.SeleniumDriver] [  883] - DataValue : 10
[INFO ][2016-01-07 17:24:47,230][com.java.SeleniumDriver] [  889] - <In Set values of the page>
[INFO ][2016-01-07 17:24:47,230][com.java.SeleniumDriver] [  892] - {Data Fields & Data Values Exist}
[INFO ][2016-01-07 17:24:47,230][com.java.SeleniumDriver] [  894] - --------------------------setting values-----------------------------
[INFO ][2016-01-07 17:24:47,230][com.java.SeleniumDriver] [  897] - Action Type : WAITFORELEMENT
[INFO ][2016-01-07 17:24:49,398][com.java.SeleniumDriver] [  906] -  RESULT true
[INFO ][2016-01-07 17:24:49,398][com.java.SeleniumDriver] [ 1112] - ?   P A S S   ?
[INFO ][2016-01-07 17:24:49,398][com.java.SeleniumDriver] [  832] - ------------------------------------------
[INFO ][2016-01-07 17:24:49,398][com.java.SeleniumDriver] [  833] - Test case being Executed: 2
[INFO ][2016-01-07 17:24:49,398][com.java.SeleniumDriver] [  845] - Test step:77
[INFO ][2016-01-07 17:24:49,398][com.java.SeleniumDriver] [  857] - Datavalue is----------HMVLogin_username
[INFO ][2016-01-07 17:24:49,398][com.java.SeleniumDriver] [  881] - DataField : TXTusername
[INFO ][2016-01-07 17:24:49,398][com.java.SeleniumDriver] [  883] - DataValue : HMVLogin_username
[INFO ][2016-01-07 17:24:49,398][com.java.SeleniumDriver] [  889] - <In Set values of the page>
[INFO ][2016-01-07 17:24:49,398][com.java.SeleniumDriver] [  892] - {Data Fields & Data Values Exist}
[INFO ][2016-01-07 17:24:49,398][com.java.SeleniumDriver] [  894] - --------------------------setting values-----------------------------
[INFO ][2016-01-07 17:24:49,398][com.java.SeleniumDriver] [  897] - Action Type : CLEARANDENTER
[INFO ][2016-01-07 17:24:49,400][com.java.TestType] [ 5895] - value = vltest.robot107207.15019
[INFO ][2016-01-07 17:24:54,123][com.java.SeleniumDriver] [  906] -  RESULT true
[INFO ][2016-01-07 17:24:54,123][com.java.SeleniumDriver] [ 1112] - ?   P A S S   ?
[INFO ][2016-01-07 17:24:54,123][com.java.SeleniumDriver] [  832] - ------------------------------------------
[INFO ][2016-01-07 17:24:54,123][com.java.SeleniumDriver] [  833] - Test case being Executed: 2
[INFO ][2016-01-07 17:24:54,123][com.java.SeleniumDriver] [  845] - Test step:78
[INFO ][2016-01-07 17:24:54,123][com.java.SeleniumDriver] [  857] - Datavalue is----------dt:ResetNewPswd
[INFO ][2016-01-07 17:24:54,123][com.java.SeleniumDriver] [  881] - DataField : TXTpassword
[INFO ][2016-01-07 17:24:54,123][com.java.SeleniumDriver] [  883] - DataValue : dt:ResetNewPswd
[INFO ][2016-01-07 17:24:54,123][com.java.SeleniumDriver] [  889] - <In Set values of the page>
[INFO ][2016-01-07 17:24:54,123][com.java.SeleniumDriver] [  892] - {Data Fields & Data Values Exist}
[INFO ][2016-01-07 17:24:54,123][com.java.SeleniumDriver] [  894] - --------------------------setting values-----------------------------
[INFO ][2016-01-07 17:24:54,123][com.java.SeleniumDriver] [  897] - Action Type : CLEARANDENTER
[INFO ][2016-01-07 17:24:54,123][com.java.TestType] [ 5895] - value = Password#1
[INFO ][2016-01-07 17:24:58,963][com.java.SeleniumDriver] [  906] -  RESULT true
[INFO ][2016-01-07 17:24:58,963][com.java.SeleniumDriver] [ 1112] - ?   P A S S   ?
[INFO ][2016-01-07 17:24:58,963][com.java.SeleniumDriver] [  832] - ------------------------------------------
[INFO ][2016-01-07 17:24:58,963][com.java.SeleniumDriver] [  833] - Test case being Executed: 2
[INFO ][2016-01-07 17:24:58,963][com.java.SeleniumDriver] [  845] - Test step:79
[INFO ][2016-01-07 17:24:58,963][com.java.SeleniumDriver] [  857] - Datavalue is----------null
[DEBUG][2016-01-07 17:24:58,963][com.java.SeleniumDriver] [  875] - Exception: null
[INFO ][2016-01-07 17:24:58,963][com.java.SeleniumDriver] [  881] - DataField : XPH//button[@type='submit']
[INFO ][2016-01-07 17:24:58,963][com.java.SeleniumDriver] [  883] - DataValue : 
[INFO ][2016-01-07 17:24:58,963][com.java.SeleniumDriver] [  889] - <In Set values of the page>
[INFO ][2016-01-07 17:24:58,963][com.java.SeleniumDriver] [  892] - {Data Fields & Data Values Exist}
[INFO ][2016-01-07 17:24:58,963][com.java.SeleniumDriver] [  894] - --------------------------setting values-----------------------------
[INFO ][2016-01-07 17:24:58,963][com.java.SeleniumDriver] [  897] - Action Type : Click
[INFO ][2016-01-07 17:24:58,963][com.java.TestType] [ 6274] - Field ::XPH//button[@type='submit']
[INFO ][2016-01-07 17:24:58,963][com.java.TestType] [ 5895] - value = 
[INFO ][2016-01-07 17:24:59,963][com.java.TestType] [ 6411] - BEFORE CLICK
[INFO ][2016-01-07 17:25:00,786][com.java.TestType] [ 6419] - Unable to click the object Login
[INFO ][2016-01-07 17:25:00,786][com.java.SeleniumDriver] [  906] -  RESULT true
[INFO ][2016-01-07 17:25:00,786][com.java.SeleniumDriver] [ 1112] - ?   P A S S   ?
[INFO ][2016-01-07 17:25:00,786][com.java.SeleniumDriver] [  832] - ------------------------------------------
[INFO ][2016-01-07 17:25:00,786][com.java.SeleniumDriver] [  833] - Test case being Executed: 2
[INFO ][2016-01-07 17:25:00,786][com.java.SeleniumDriver] [  845] - Test step:80
[INFO ][2016-01-07 17:25:00,786][com.java.SeleniumDriver] [  857] - Datavalue is----------10
[INFO ][2016-01-07 17:25:00,786][com.java.SeleniumDriver] [  881] - DataField : test
[INFO ][2016-01-07 17:25:00,786][com.java.SeleniumDriver] [  883] - DataValue : 10
[INFO ][2016-01-07 17:25:00,786][com.java.SeleniumDriver] [  889] - <In Set values of the page>
[INFO ][2016-01-07 17:25:00,786][com.java.SeleniumDriver] [  892] - {Data Fields & Data Values Exist}
[INFO ][2016-01-07 17:25:00,786][com.java.SeleniumDriver] [  894] - --------------------------setting values-----------------------------
[INFO ][2016-01-07 17:25:00,786][com.java.SeleniumDriver] [  897] - Action Type : WaitTime
[DEBUG][2016-01-07 17:25:00,786][com.java.TestType] [ 5715] - sleepTime: 10000
[INFO ][2016-01-07 17:25:10,787][com.java.SeleniumDriver] [  906] -  RESULT true
[INFO ][2016-01-07 17:25:10,787][com.java.SeleniumDriver] [ 1112] - ?   P A S S   ?
[INFO ][2016-01-07 17:25:10,787][com.java.SeleniumDriver] [  832] - ------------------------------------------
[INFO ][2016-01-07 17:25:10,787][com.java.SeleniumDriver] [  833] - Test case being Executed: 2
[INFO ][2016-01-07 17:25:10,787][com.java.SeleniumDriver] [  845] - Test step:81
[INFO ][2016-01-07 17:25:10,787][com.java.SeleniumDriver] [  857] - Datavalue is----------Banker'sDashboard
[INFO ][2016-01-07 17:25:10,787][com.java.SeleniumDriver] [  881] - DataField : TTL
[INFO ][2016-01-07 17:25:10,787][com.java.SeleniumDriver] [  883] - DataValue : Banker'sDashboard
[INFO ][2016-01-07 17:25:10,787][com.java.SeleniumDriver] [  889] - <In Set values of the page>
[INFO ][2016-01-07 17:25:10,787][com.java.SeleniumDriver] [  892] - {Data Fields & Data Values Exist}
[INFO ][2016-01-07 17:25:10,787][com.java.SeleniumDriver] [  894] - --------------------------setting values-----------------------------
[INFO ][2016-01-07 17:25:10,787][com.java.SeleniumDriver] [  897] - Action Type : SelectWindow
