[INFO ][2015-11-05 12:24:47,866][com.java.SeleniumDriver] [  213] - Execute Failed Casesfalse
[INFO ][2015-11-05 12:24:47,876][com.java.SeleniumDriver] [  214] - Browser: IE11
[INFO ][2015-11-05 12:24:47,876][com.java.SeleniumDriver] [  215] - [1, 11]
[INFO ][2015-11-05 12:24:47,876][com.java.SeleniumDriver] [  216] - Total TestCases:2
[INFO ][2015-11-05 12:24:47,876][com.java.SeleniumDriver] [  217] -  Reading Properties from Property File 
[DEBUG][2015-11-05 12:24:47,876][com.java.SeleniumDriver] [  238] - url : https://clients-xuat.bankersdashboard.com
[INFO ][2015-11-05 12:24:47,876][com.java.ImportnExport.ExportTestResultsExcel] [  116] - Time Stamp Thu Nov 05 12:24:47 IST 2015
[INFO ][2015-11-05 12:24:47,876][com.java.ImportnExport.ExportTestResultsExcel] [  175] - OUT FILE : D:\BankersDashboard/TestReports/Test Results_BankersDashBoard_110515_122447_IE11_Simmons First National Bank.xls
[INFO ][2015-11-05 12:24:47,897][com.java.ImportnExport.ExportTestResultsExcel] [  180] - Test Result file is created
[DEBUG][2015-11-05 12:24:47,997][com.java.SeleniumDriver] [  425] - Hub ip address is-------172.17.68.34
[INFO ][2015-11-05 12:24:47,997][com.java.SeleniumDriver] [  451] - Grid URL:http://172.17.68.34:4444/wd/hub
[INFO ][2015-11-05 12:24:47,997][com.java.SeleniumDriver] [  452] - Capability:Capabilities [{platform=ANY, ensureCleanSession=true, ignoreProtectedModeSettings=true, acceptSslCerts=true, ignoreZoomSetting=true, browserName=internet explorer, browserstack.ie.noFlash=true, version=Node1}]
[ERROR][2015-11-05 12:24:49,277][com.java.SeleniumDriver] [  496] - Unable invoke browser in grid:Could not start a new session. Possible causes are invalid address of the remote server or browser start-up failure.
Build info: version: '2.48.2', revision: '41bccdd', time: '2015-10-09 19:59:12'
System info: host: 'FVTIII438F1D', ip: '172.17.68.34', os.name: 'Windows 7', os.arch: 'x86', os.version: '6.1', java.version: '1.7.0_55'
Driver info: driver.version: SeleniumDriver
[INFO ][2015-11-05 12:24:49,277][com.java.SeleniumDriver] [  498] - Executing on local machine
[INFO ][2015-11-05 12:24:58,264][com.java.SeleniumDriver] [  248] - IE11is opened
[INFO ][2015-11-05 12:24:59,109][com.java.SeleniumDriver] [  752] - Test cases to be executed are: [1, 11]
[INFO ][2015-11-05 12:24:59,109][com.java.ImportnExport.ImportTestDataDetailsExcel] [   49] - test data details path===== D:\BankersDashboard\TestInputs\TestData.xls
[INFO ][2015-11-05 12:25:10,132][com.java.SeleniumDriver] [  788] - ------------------------------------------
[INFO ][2015-11-05 12:25:10,132][com.java.SeleniumDriver] [  789] - Test case being Executed: 1
[INFO ][2015-11-05 12:25:10,133][com.java.SeleniumDriver] [  800] - Test step:1
[INFO ][2015-11-05 12:25:10,133][com.java.SeleniumDriver] [  812] - Datavalue is----------Concept#1:1-14
[INFO ][2015-11-05 12:25:10,133][com.java.SeleniumDriver] [  836] - DataField : test
[INFO ][2015-11-05 12:25:10,133][com.java.SeleniumDriver] [  838] - DataValue : Concept#1:1-14
[INFO ][2015-11-05 12:25:10,133][com.java.SeleniumDriver] [  844] - <In Set values of the page>
[INFO ][2015-11-05 12:25:10,133][com.java.SeleniumDriver] [  847] - {Data Fields & Data Values Exist}
[INFO ][2015-11-05 12:25:10,133][com.java.SeleniumDriver] [  849] - --------------------------setting values-----------------------------
[INFO ][2015-11-05 12:25:10,133][com.java.SeleniumDriver] [  852] - Action Type : ExecuteTestCase
[INFO ][2015-11-05 12:25:10,163][com.java.TestType] [  411] - The Concept sheet name is ---------- Concept
[INFO ][2015-11-05 12:25:10,163][com.java.TestType] [  414] - The Concept ID  is ---------- 1
[DEBUG][2015-11-05 12:25:10,163][com.java.TestType] [  418] - Steps being executted in the Concept are: 1:14
[INFO ][2015-11-05 12:25:10,163][com.java.TestType] [  425] - Test data details path ---------- D:\BankersDashboard\TestInputs\TestData.xls
[INFO ][2015-11-05 12:25:10,193][com.java.TestType] [  456] -  str(1) = 1
[INFO ][2015-11-05 12:25:10,193][com.java.TestType] [  459] - Test case Id is---1
[INFO ][2015-11-05 12:25:10,193][com.java.TestType] [  461] - 1
[INFO ][2015-11-05 12:25:10,193][com.java.TestType] [  456] -  str(2) = 1
[INFO ][2015-11-05 12:25:10,193][com.java.TestType] [  508] - row values are--------{1=com.java.Objects.TestDataDetails@14b5e6d}
[INFO ][2015-11-05 12:25:10,193][com.java.TestType] [  456] -  str(1) = 1
[INFO ][2015-11-05 12:25:10,193][com.java.TestType] [  459] - Test case Id is---1
[INFO ][2015-11-05 12:25:10,193][com.java.TestType] [  461] - 1
[INFO ][2015-11-05 12:25:10,193][com.java.TestType] [  456] -  str(2) = 2
[INFO ][2015-11-05 12:25:10,203][com.java.TestType] [  508] - row values are--------{1=com.java.Objects.TestDataDetails@14b5e6d, 2=com.java.Objects.TestDataDetails@228ba7}
[INFO ][2015-11-05 12:25:10,203][com.java.TestType] [  456] -  str(1) = 1
[INFO ][2015-11-05 12:25:10,203][com.java.TestType] [  459] - Test case Id is---1
[INFO ][2015-11-05 12:25:10,203][com.java.TestType] [  461] - 1
[INFO ][2015-11-05 12:25:10,203][com.java.TestType] [  456] -  str(2) = 3
[INFO ][2015-11-05 12:25:10,203][com.java.TestType] [  508] - row values are--------{1=com.java.Objects.TestDataDetails@14b5e6d, 2=com.java.Objects.TestDataDetails@228ba7, 3=com.java.Objects.TestDataDetails@16e32d7}
[INFO ][2015-11-05 12:25:10,203][com.java.TestType] [  456] -  str(1) = 1
[INFO ][2015-11-05 12:25:10,203][com.java.TestType] [  459] - Test case Id is---1
[INFO ][2015-11-05 12:25:10,203][com.java.TestType] [  461] - 1
[INFO ][2015-11-05 12:25:10,203][com.java.TestType] [  456] -  str(2) = 4
[INFO ][2015-11-05 12:25:10,203][com.java.TestType] [  508] - row values are--------{1=com.java.Objects.TestDataDetails@14b5e6d, 2=com.java.Objects.TestDataDetails@228ba7, 3=com.java.Objects.TestDataDetails@16e32d7, 4=com.java.Objects.TestDataDetails@15da136}
[INFO ][2015-11-05 12:25:10,203][com.java.TestType] [  456] -  str(1) = 1
[INFO ][2015-11-05 12:25:10,203][com.java.TestType] [  459] - Test case Id is---1
[INFO ][2015-11-05 12:25:10,203][com.java.TestType] [  461] - 1
[INFO ][2015-11-05 12:25:10,203][com.java.TestType] [  456] -  str(2) = 5
[INFO ][2015-11-05 12:25:10,203][com.java.TestType] [  508] - row values are--------{1=com.java.Objects.TestDataDetails@14b5e6d, 2=com.java.Objects.TestDataDetails@228ba7, 3=com.java.Objects.TestDataDetails@16e32d7, 4=com.java.Objects.TestDataDetails@15da136, 5=com.java.Objects.TestDataDetails@11af1b1}
[INFO ][2015-11-05 12:25:10,203][com.java.TestType] [  456] -  str(1) = 1
[INFO ][2015-11-05 12:25:10,203][com.java.TestType] [  459] - Test case Id is---1
[INFO ][2015-11-05 12:25:10,203][com.java.TestType] [  461] - 1
[INFO ][2015-11-05 12:25:10,203][com.java.TestType] [  456] -  str(2) = 6
[INFO ][2015-11-05 12:25:10,203][com.java.TestType] [  508] - row values are--------{1=com.java.Objects.TestDataDetails@14b5e6d, 2=com.java.Objects.TestDataDetails@228ba7, 3=com.java.Objects.TestDataDetails@16e32d7, 4=com.java.Objects.TestDataDetails@15da136, 5=com.java.Objects.TestDataDetails@11af1b1, 6=com.java.Objects.TestDataDetails@4336ff}
[INFO ][2015-11-05 12:25:10,203][com.java.TestType] [  456] -  str(1) = 1
[INFO ][2015-11-05 12:25:10,203][com.java.TestType] [  459] - Test case Id is---1
[INFO ][2015-11-05 12:25:10,203][com.java.TestType] [  461] - 1
[INFO ][2015-11-05 12:25:10,203][com.java.TestType] [  456] -  str(2) = 7
[INFO ][2015-11-05 12:25:10,203][com.java.TestType] [  508] - row values are--------{1=com.java.Objects.TestDataDetails@14b5e6d, 2=com.java.Objects.TestDataDetails@228ba7, 3=com.java.Objects.TestDataDetails@16e32d7, 4=com.java.Objects.TestDataDetails@15da136, 5=com.java.Objects.TestDataDetails@11af1b1, 6=com.java.Objects.TestDataDetails@4336ff, 7=com.java.Objects.TestDataDetails@185c219}
[INFO ][2015-11-05 12:25:10,203][com.java.TestType] [  456] -  str(1) = 1
[INFO ][2015-11-05 12:25:10,203][com.java.TestType] [  459] - Test case Id is---1
[INFO ][2015-11-05 12:25:10,203][com.java.TestType] [  461] - 1
[INFO ][2015-11-05 12:25:10,213][com.java.TestType] [  456] -  str(2) = 8
[INFO ][2015-11-05 12:25:10,213][com.java.TestType] [  508] - row values are--------{1=com.java.Objects.TestDataDetails@14b5e6d, 2=com.java.Objects.TestDataDetails@228ba7, 3=com.java.Objects.TestDataDetails@16e32d7, 4=com.java.Objects.TestDataDetails@15da136, 5=com.java.Objects.TestDataDetails@11af1b1, 6=com.java.Objects.TestDataDetails@4336ff, 7=com.java.Objects.TestDataDetails@185c219, 8=com.java.Objects.TestDataDetails@1edc134}
[INFO ][2015-11-05 12:25:10,213][com.java.TestType] [  456] -  str(1) = 1
[INFO ][2015-11-05 12:25:10,213][com.java.TestType] [  459] - Test case Id is---1
[INFO ][2015-11-05 12:25:10,213][com.java.TestType] [  461] - 1
[INFO ][2015-11-05 12:25:10,213][com.java.TestType] [  456] -  str(2) = 9
[INFO ][2015-11-05 12:25:10,213][com.java.TestType] [  508] - row values are--------{1=com.java.Objects.TestDataDetails@14b5e6d, 2=com.java.Objects.TestDataDetails@228ba7, 3=com.java.Objects.TestDataDetails@16e32d7, 4=com.java.Objects.TestDataDetails@15da136, 5=com.java.Objects.TestDataDetails@11af1b1, 6=com.java.Objects.TestDataDetails@4336ff, 7=com.java.Objects.TestDataDetails@185c219, 8=com.java.Objects.TestDataDetails@1edc134, 9=com.java.Objects.TestDataDetails@19de6c}
[INFO ][2015-11-05 12:25:10,213][com.java.TestType] [  456] -  str(1) = 1
[INFO ][2015-11-05 12:25:10,213][com.java.TestType] [  459] - Test case Id is---1
[INFO ][2015-11-05 12:25:10,213][com.java.TestType] [  461] - 1
[INFO ][2015-11-05 12:25:10,213][com.java.TestType] [  456] -  str(2) = 10
[INFO ][2015-11-05 12:25:10,213][com.java.TestType] [  508] - row values are--------{1=com.java.Objects.TestDataDetails@14b5e6d, 2=com.java.Objects.TestDataDetails@228ba7, 3=com.java.Objects.TestDataDetails@16e32d7, 4=com.java.Objects.TestDataDetails@15da136, 5=com.java.Objects.TestDataDetails@11af1b1, 6=com.java.Objects.TestDataDetails@4336ff, 7=com.java.Objects.TestDataDetails@185c219, 8=com.java.Objects.TestDataDetails@1edc134, 9=com.java.Objects.TestDataDetails@19de6c, 10=com.java.Objects.TestDataDetails@9b81d5}
[INFO ][2015-11-05 12:25:10,213][com.java.TestType] [  456] -  str(1) = 1
[INFO ][2015-11-05 12:25:10,213][com.java.TestType] [  459] - Test case Id is---1
[INFO ][2015-11-05 12:25:10,213][com.java.TestType] [  461] - 1
[INFO ][2015-11-05 12:25:10,213][com.java.TestType] [  456] -  str(2) = 11
[INFO ][2015-11-05 12:25:10,213][com.java.TestType] [  508] - row values are--------{1=com.java.Objects.TestDataDetails@14b5e6d, 2=com.java.Objects.TestDataDetails@228ba7, 3=com.java.Objects.TestDataDetails@16e32d7, 4=com.java.Objects.TestDataDetails@15da136, 5=com.java.Objects.TestDataDetails@11af1b1, 6=com.java.Objects.TestDataDetails@4336ff, 7=com.java.Objects.TestDataDetails@185c219, 8=com.java.Objects.TestDataDetails@1edc134, 9=com.java.Objects.TestDataDetails@19de6c, 10=com.java.Objects.TestDataDetails@9b81d5, 11=com.java.Objects.TestDataDetails@1f8a98}
[INFO ][2015-11-05 12:25:10,213][com.java.TestType] [  456] -  str(1) = 1
[INFO ][2015-11-05 12:25:10,213][com.java.TestType] [  459] - Test case Id is---1
[INFO ][2015-11-05 12:25:10,213][com.java.TestType] [  461] - 1
[INFO ][2015-11-05 12:25:10,213][com.java.TestType] [  456] -  str(2) = 12
[INFO ][2015-11-05 12:25:10,213][com.java.TestType] [  508] - row values are--------{1=com.java.Objects.TestDataDetails@14b5e6d, 2=com.java.Objects.TestDataDetails@228ba7, 3=com.java.Objects.TestDataDetails@16e32d7, 4=com.java.Objects.TestDataDetails@15da136, 5=com.java.Objects.TestDataDetails@11af1b1, 6=com.java.Objects.TestDataDetails@4336ff, 7=com.java.Objects.TestDataDetails@185c219, 8=com.java.Objects.TestDataDetails@1edc134, 9=com.java.Objects.TestDataDetails@19de6c, 10=com.java.Objects.TestDataDetails@9b81d5, 11=com.java.Objects.TestDataDetails@1f8a98, 12=com.java.Objects.TestDataDetails@185552b}
[INFO ][2015-11-05 12:25:10,213][com.java.TestType] [  456] -  str(1) = 1
[INFO ][2015-11-05 12:25:10,213][com.java.TestType] [  459] - Test case Id is---1
[INFO ][2015-11-05 12:25:10,213][com.java.TestType] [  461] - 1
[INFO ][2015-11-05 12:25:10,213][com.java.TestType] [  456] -  str(2) = 13
[INFO ][2015-11-05 12:25:10,213][com.java.TestType] [  508] - row values are--------{1=com.java.Objects.TestDataDetails@14b5e6d, 2=com.java.Objects.TestDataDetails@228ba7, 3=com.java.Objects.TestDataDetails@16e32d7, 4=com.java.Objects.TestDataDetails@15da136, 5=com.java.Objects.TestDataDetails@11af1b1, 6=com.java.Objects.TestDataDetails@4336ff, 7=com.java.Objects.TestDataDetails@185c219, 8=com.java.Objects.TestDataDetails@1edc134, 9=com.java.Objects.TestDataDetails@19de6c, 10=com.java.Objects.TestDataDetails@9b81d5, 11=com.java.Objects.TestDataDetails@1f8a98, 12=com.java.Objects.TestDataDetails@185552b, 13=com.java.Objects.TestDataDetails@5a7006}
[INFO ][2015-11-05 12:25:10,213][com.java.TestType] [  456] -  str(1) = 1
[INFO ][2015-11-05 12:25:10,213][com.java.TestType] [  459] - Test case Id is---1
[INFO ][2015-11-05 12:25:10,213][com.java.TestType] [  461] - 1
[INFO ][2015-11-05 12:25:10,213][com.java.TestType] [  456] -  str(2) = 14
[INFO ][2015-11-05 12:25:10,213][com.java.TestType] [  508] - row values are--------{1=com.java.Objects.TestDataDetails@14b5e6d, 2=com.java.Objects.TestDataDetails@228ba7, 3=com.java.Objects.TestDataDetails@16e32d7, 4=com.java.Objects.TestDataDetails@15da136, 5=com.java.Objects.TestDataDetails@11af1b1, 6=com.java.Objects.TestDataDetails@4336ff, 7=com.java.Objects.TestDataDetails@185c219, 8=com.java.Objects.TestDataDetails@1edc134, 9=com.java.Objects.TestDataDetails@19de6c, 10=com.java.Objects.TestDataDetails@9b81d5, 11=com.java.Objects.TestDataDetails@1f8a98, 12=com.java.Objects.TestDataDetails@185552b, 13=com.java.Objects.TestDataDetails@5a7006, 14=com.java.Objects.TestDataDetails@9676fc}
[INFO ][2015-11-05 12:25:10,213][com.java.TestType] [ 7929] - Looping 1TCID = 1
[DEBUG][2015-11-05 12:25:10,213][com.java.TestType] [ 7970] - Concept ID:1 :: Step being Executed: 1::1
[INFO ][2015-11-05 12:25:10,213][com.java.TestType] [ 8008] - dataFields : TXTusername
[DEBUG][2015-11-05 12:25:10,213][com.java.TestType] [ 8014] - <In Set values of the page>
[DEBUG][2015-11-05 12:25:10,213][com.java.TestType] [ 8019] - {Data Fields & Data Values Exist}
[INFO ][2015-11-05 12:25:10,213][com.java.TestType] [ 8025] - --------------------------setting values-----------------------------
[INFO ][2015-11-05 12:25:10,213][com.java.TestType] [ 8028] - Action Type : CLEARANDENTER
[INFO ][2015-11-05 12:25:10,213][com.java.TestType] [ 3780] - value = valuelabs.ie11.03890
[INFO ][2015-11-05 12:25:15,046][com.java.TestType] [ 8047] -  RESULT true
[INFO ][2015-11-05 12:25:15,046][com.java.TestType] [ 8164] - ?   P A S S   ?
[DEBUG][2015-11-05 12:25:15,046][com.java.TestType] [ 7970] - Concept ID:1 :: Step being Executed: 1::2
[INFO ][2015-11-05 12:25:15,046][com.java.TestType] [ 8008] - dataFields : TXTpassword
[DEBUG][2015-11-05 12:25:15,046][com.java.TestType] [ 8014] - <In Set values of the page>
[DEBUG][2015-11-05 12:25:15,046][com.java.TestType] [ 8019] - {Data Fields & Data Values Exist}
[INFO ][2015-11-05 12:25:15,046][com.java.TestType] [ 8025] - --------------------------setting values-----------------------------
[INFO ][2015-11-05 12:25:15,046][com.java.TestType] [ 8028] - Action Type : CLEARANDENTER
[INFO ][2015-11-05 12:25:15,046][com.java.TestType] [ 3780] - value = Password1*
[INFO ][2015-11-05 12:25:19,948][com.java.TestType] [ 8047] -  RESULT true
[INFO ][2015-11-05 12:25:19,948][com.java.TestType] [ 8164] - ?   P A S S   ?
[DEBUG][2015-11-05 12:25:19,948][com.java.TestType] [ 7970] - Concept ID:1 :: Step being Executed: 1::3
[ERROR][2015-11-05 12:25:19,948][com.java.TestType] [ 8003] - Exception: null
[INFO ][2015-11-05 12:25:19,948][com.java.TestType] [ 8008] - dataFields : XPH//button[@type='submit']
[DEBUG][2015-11-05 12:25:19,948][com.java.TestType] [ 8014] - <In Set values of the page>
[DEBUG][2015-11-05 12:25:19,948][com.java.TestType] [ 8019] - {Data Fields & Data Values Exist}
[INFO ][2015-11-05 12:25:19,948][com.java.TestType] [ 8025] - --------------------------setting values-----------------------------
[INFO ][2015-11-05 12:25:19,948][com.java.TestType] [ 8028] - Action Type : Click
[INFO ][2015-11-05 12:25:19,948][com.java.TestType] [ 4093] - Field ::XPH//button[@type='submit']
[INFO ][2015-11-05 12:25:20,948][com.java.TestType] [ 4152] - BEFORE CLICK
[INFO ][2015-11-05 12:25:21,803][com.java.TestType] [ 4160] - Unable to click the object Login
[INFO ][2015-11-05 12:25:21,803][com.java.TestType] [ 8047] -  RESULT true
[INFO ][2015-11-05 12:25:21,803][com.java.TestType] [ 8164] - ?   P A S S   ?
[DEBUG][2015-11-05 12:25:21,803][com.java.TestType] [ 7970] - Concept ID:1 :: Step being Executed: 1::4
[INFO ][2015-11-05 12:25:21,803][com.java.TestType] [ 8008] - dataFields : LNKLogout
[DEBUG][2015-11-05 12:25:21,803][com.java.TestType] [ 8014] - <In Set values of the page>
[DEBUG][2015-11-05 12:25:21,803][com.java.TestType] [ 8019] - {Data Fields & Data Values Exist}
[INFO ][2015-11-05 12:25:21,803][com.java.TestType] [ 8025] - --------------------------setting values-----------------------------
[INFO ][2015-11-05 12:25:21,803][com.java.TestType] [ 8028] - Action Type : WaitForElement
[INFO ][2015-11-05 12:25:34,190][com.java.TestType] [ 8047] -  RESULT true
[INFO ][2015-11-05 12:25:34,190][com.java.TestType] [ 8164] - ?   P A S S   ?
[DEBUG][2015-11-05 12:25:34,190][com.java.TestType] [ 7970] - Concept ID:1 :: Step being Executed: 1::13
[INFO ][2015-11-05 12:25:34,190][com.java.TestType] [ 8008] - dataFields : LNK
[DEBUG][2015-11-05 12:25:34,190][com.java.TestType] [ 8014] - <In Set values of the page>
[DEBUG][2015-11-05 12:25:34,190][com.java.TestType] [ 8019] - {Data Fields & Data Values Exist}
[INFO ][2015-11-05 12:25:34,190][com.java.TestType] [ 8025] - --------------------------setting values-----------------------------
[INFO ][2015-11-05 12:25:34,190][com.java.TestType] [ 8028] - Action Type : Verify
[INFO ][2015-11-05 12:25:34,190][com.java.TestType] [ 4906] - field= LNK value= Logout
[INFO ][2015-11-05 12:25:34,190][com.java.TestType] [ 3780] - value = Logout
[INFO ][2015-11-05 12:25:34,221][com.java.TestType] [ 8047] -  RESULT true
[INFO ][2015-11-05 12:25:34,221][com.java.TestType] [ 8164] - ?   P A S S   ?
[DEBUG][2015-11-05 12:25:34,221][com.java.TestType] [ 7970] - Concept ID:1 :: Step being Executed: 1::14
[INFO ][2015-11-05 12:25:34,221][com.java.TestType] [ 8008] - dataFields : BTN
[DEBUG][2015-11-05 12:25:34,221][com.java.TestType] [ 8014] - <In Set values of the page>
[DEBUG][2015-11-05 12:25:34,221][com.java.TestType] [ 8019] - {Data Fields & Data Values Exist}
[INFO ][2015-11-05 12:25:34,221][com.java.TestType] [ 8025] - --------------------------setting values-----------------------------
[INFO ][2015-11-05 12:25:34,221][com.java.TestType] [ 8028] - Action Type : Verify
[INFO ][2015-11-05 12:25:34,221][com.java.TestType] [ 4906] - field= BTN value= //img[contains(@src,'bdlogo.jpg')]
[INFO ][2015-11-05 12:25:34,221][com.java.TestType] [ 3780] - value = //img[contains(@src,'bdlogo.jpg')]
[INFO ][2015-11-05 12:25:34,251][com.java.TestType] [ 8047] -  RESULT true
[INFO ][2015-11-05 12:25:34,251][com.java.TestType] [ 8164] - ?   P A S S   ?
[INFO ][2015-11-05 12:25:34,251][com.java.TestType] [ 8235] - Looping End......
[INFO ][2015-11-05 12:25:34,251][com.java.SeleniumDriver] [  861] -  RESULT true
[INFO ][2015-11-05 12:25:34,251][com.java.SeleniumDriver] [ 1066] - ?   P A S S   ?
[INFO ][2015-11-05 12:25:34,251][com.java.SeleniumDriver] [  788] - ------------------------------------------
[INFO ][2015-11-05 12:25:34,251][com.java.SeleniumDriver] [  789] - Test case being Executed: 1
[INFO ][2015-11-05 12:25:34,251][com.java.SeleniumDriver] [  800] - Test step:2
[INFO ][2015-11-05 12:25:34,251][com.java.SeleniumDriver] [  812] - Datavalue is----------Concept#2:1-2
[INFO ][2015-11-05 12:25:34,251][com.java.SeleniumDriver] [  836] - DataField : test
[INFO ][2015-11-05 12:25:34,251][com.java.SeleniumDriver] [  838] - DataValue : Concept#2:1-2
[INFO ][2015-11-05 12:25:34,251][com.java.SeleniumDriver] [  844] - <In Set values of the page>
[INFO ][2015-11-05 12:25:34,251][com.java.SeleniumDriver] [  847] - {Data Fields & Data Values Exist}
[INFO ][2015-11-05 12:25:34,251][com.java.SeleniumDriver] [  849] - --------------------------setting values-----------------------------
[INFO ][2015-11-05 12:25:34,251][com.java.SeleniumDriver] [  852] - Action Type : ExecuteTestCase
[INFO ][2015-11-05 12:25:34,251][com.java.TestType] [  411] - The Concept sheet name is ---------- Concept
[INFO ][2015-11-05 12:25:34,251][com.java.TestType] [  414] - The Concept ID  is ---------- 2
[DEBUG][2015-11-05 12:25:34,251][com.java.TestType] [  418] - Steps being executted in the Concept are: 1:2
[INFO ][2015-11-05 12:25:34,251][com.java.TestType] [  425] - Test data details path ---------- D:\BankersDashboard\TestInputs\TestData.xls
[INFO ][2015-11-05 12:25:34,281][com.java.TestType] [  456] -  str(1) = 2
[INFO ][2015-11-05 12:25:34,281][com.java.TestType] [  459] - Test case Id is---2
[INFO ][2015-11-05 12:25:34,281][com.java.TestType] [  461] - 2
[INFO ][2015-11-05 12:25:34,281][com.java.TestType] [  456] -  str(2) = 1
[INFO ][2015-11-05 12:25:34,281][com.java.TestType] [  508] - row values are--------{1=com.java.Objects.TestDataDetails@1efe432}
[INFO ][2015-11-05 12:25:34,281][com.java.TestType] [  456] -  str(1) = 2
[INFO ][2015-11-05 12:25:34,281][com.java.TestType] [  459] - Test case Id is---2
[INFO ][2015-11-05 12:25:34,281][com.java.TestType] [  461] - 2
[INFO ][2015-11-05 12:25:34,281][com.java.TestType] [  456] -  str(2) = 2
[INFO ][2015-11-05 12:25:34,291][com.java.TestType] [  508] - row values are--------{1=com.java.Objects.TestDataDetails@1efe432, 2=com.java.Objects.TestDataDetails@1c8f858}
[INFO ][2015-11-05 12:25:34,291][com.java.TestType] [  456] -  str(1) = 2
[INFO ][2015-11-05 12:25:34,291][com.java.TestType] [  459] - Test case Id is---2
[INFO ][2015-11-05 12:25:34,291][com.java.TestType] [  461] - 2
[INFO ][2015-11-05 12:25:34,291][com.java.TestType] [  456] -  str(2) = 3
[INFO ][2015-11-05 12:25:34,291][com.java.TestType] [  508] - row values are--------{1=com.java.Objects.TestDataDetails@1efe432, 2=com.java.Objects.TestDataDetails@1c8f858, 3=com.java.Objects.TestDataDetails@1a41eae}
[INFO ][2015-11-05 12:25:34,291][com.java.TestType] [ 7929] - Looping 1TCID = 2
[DEBUG][2015-11-05 12:25:34,291][com.java.TestType] [ 7970] - Concept ID:2 :: Step being Executed: 2::1
[INFO ][2015-11-05 12:25:34,291][com.java.TestType] [ 8008] - dataFields : BNK//select[@id='bank']
[DEBUG][2015-11-05 12:25:34,291][com.java.TestType] [ 8014] - <In Set values of the page>
[DEBUG][2015-11-05 12:25:34,291][com.java.TestType] [ 8019] - {Data Fields & Data Values Exist}
[INFO ][2015-11-05 12:25:34,291][com.java.TestType] [ 8025] - --------------------------setting values-----------------------------
[INFO ][2015-11-05 12:25:34,291][com.java.TestType] [ 8028] - Action Type : Select
[INFO ][2015-11-05 12:25:34,291][com.java.TestType] [ 3780] - value = PFC
[INFO ][2015-11-05 12:25:34,471][com.java.TestType] [ 8047] -  RESULT true
[INFO ][2015-11-05 12:25:34,471][com.java.TestType] [ 8164] - ?   P A S S   ?
[DEBUG][2015-11-05 12:25:34,471][com.java.TestType] [ 7970] - Concept ID:2 :: Step being Executed: 2::2
[INFO ][2015-11-05 12:25:34,471][com.java.TestType] [ 8008] - dataFields : LNKLogout
[DEBUG][2015-11-05 12:25:34,471][com.java.TestType] [ 8014] - <In Set values of the page>
[DEBUG][2015-11-05 12:25:34,471][com.java.TestType] [ 8019] - {Data Fields & Data Values Exist}
[INFO ][2015-11-05 12:25:34,471][com.java.TestType] [ 8025] - --------------------------setting values-----------------------------
[INFO ][2015-11-05 12:25:34,471][com.java.TestType] [ 8028] - Action Type : WaitTime
[DEBUG][2015-11-05 12:25:34,471][com.java.TestType] [ 3679] - sleepTime: 5000
[INFO ][2015-11-05 12:25:39,478][com.java.TestType] [ 8047] -  RESULT true
[INFO ][2015-11-05 12:25:39,478][com.java.TestType] [ 8164] - ?   P A S S   ?
[INFO ][2015-11-05 12:25:39,478][com.java.TestType] [ 8235] - Looping End......
[INFO ][2015-11-05 12:25:39,478][com.java.SeleniumDriver] [  861] -  RESULT true
[INFO ][2015-11-05 12:25:39,478][com.java.SeleniumDriver] [ 1066] - ?   P A S S   ?
[INFO ][2015-11-05 12:25:39,478][com.java.SeleniumDriver] [  788] - ------------------------------------------
[INFO ][2015-11-05 12:25:39,478][com.java.SeleniumDriver] [  789] - Test case being Executed: 1
[INFO ][2015-11-05 12:25:39,478][com.java.SeleniumDriver] [  800] - Test step:3
[INFO ][2015-11-05 12:25:39,478][com.java.SeleniumDriver] [  812] - Datavalue is----------2
[INFO ][2015-11-05 12:25:39,478][com.java.SeleniumDriver] [  836] - DataField : XPH//button[contains(text(),'Add Content')]
[INFO ][2015-11-05 12:25:39,478][com.java.SeleniumDriver] [  838] - DataValue : 2
[INFO ][2015-11-05 12:25:39,478][com.java.SeleniumDriver] [  844] - <In Set values of the page>
[INFO ][2015-11-05 12:25:39,478][com.java.SeleniumDriver] [  847] - {Data Fields & Data Values Exist}
[INFO ][2015-11-05 12:25:39,478][com.java.SeleniumDriver] [  849] - --------------------------setting values-----------------------------
[INFO ][2015-11-05 12:25:39,478][com.java.SeleniumDriver] [  852] - Action Type : WAITFORELEMENT
[INFO ][2015-11-05 12:25:39,519][com.java.SeleniumDriver] [  861] -  RESULT true
[INFO ][2015-11-05 12:25:39,519][com.java.SeleniumDriver] [ 1066] - ?   P A S S   ?
[DEBUG][2015-11-05 12:25:39,519][com.java.SeleniumDriver] [ 1168] - Case found
[DEBUG][2015-11-05 12:25:39,519][com.java.SeleniumDriver] [ 1173] - Incrementing ReportCounters[0]:1
[INFO ][2015-11-05 12:25:39,519][com.java.SeleniumDriver] [ 1192] - The results are-------------------[1, 1, Valid Login, Pass, , Thu Nov 05 12:25:34 IST 2015, 1, 2, Valid Login, Pass, , Thu Nov 05 12:25:39 IST 2015, 1, 3, Valid Login, Pass, , Thu Nov 05 12:25:39 IST 2015]
[INFO ][2015-11-05 12:25:39,519][com.java.SeleniumDriver] [ 1196] - End time is-------53 sec
[INFO ][2015-11-05 12:25:39,519][com.java.SeleniumDriver] [ 1197] - The results are-------------------[1, 1, Valid Login, Pass, , Thu Nov 05 12:25:34 IST 2015, 1, 2, Valid Login, Pass, , Thu Nov 05 12:25:39 IST 2015, 1, 3, Valid Login, Pass, , Thu Nov 05 12:25:39 IST 2015]
[DEBUG][2015-11-05 12:25:39,519][com.java.ImportnExport.ExportTestResultsExcel] [  222] - testResultPath = D:\BankersDashboard/TestReports/Test Results_BankersDashBoard_110515_122447_IE11_Simmons First National Bank.xls
[DEBUG][2015-11-05 12:25:39,519][com.java.ImportnExport.ExportTestResultsExcel] [  223] - browser is------------IE11
[DEBUG][2015-11-05 12:25:39,559][com.java.ImportnExport.ExportTestResultsExcel] [  270] - result.size() = 18
[DEBUG][2015-11-05 12:25:39,559][com.java.ImportnExport.ExportTestResultsExcel] [  274] - No of rows in sheet=1
[DEBUG][2015-11-05 12:25:39,559][com.java.ImportnExport.ExportTestResultsExcel] [  301] - ..in export..1
[DEBUG][2015-11-05 12:25:39,559][com.java.ImportnExport.ExportTestResultsExcel] [  301] - ..in export..Valid Login
[DEBUG][2015-11-05 12:25:39,559][com.java.ImportnExport.ExportTestResultsExcel] [  301] - ..in export..Pass
[DEBUG][2015-11-05 12:25:39,559][com.java.ImportnExport.ExportTestResultsExcel] [  301] - ..in export..
[DEBUG][2015-11-05 12:25:39,559][com.java.ImportnExport.ExportTestResultsExcel] [  301] - ..in export..Thu Nov 05 12:25:34 IST 2015
[INFO ][2015-11-05 12:25:39,559][com.java.SeleniumDriver] [ 1255] - out loop:0 size:2 TestCases:[1, 11] testcases:[1, 11]
[INFO ][2015-11-05 12:25:39,559][com.java.ImportnExport.ImportTestDataDetailsExcel] [   49] - test data details path===== D:\BankersDashboard\TestInputs\TestData.xls
[INFO ][2015-11-05 12:26:43,199][com.java.SeleniumDriver] [  788] - ------------------------------------------
[INFO ][2015-11-05 12:26:43,199][com.java.SeleniumDriver] [  789] - Test case being Executed: 11
[INFO ][2015-11-05 12:26:43,199][com.java.SeleniumDriver] [  800] - Test step:1
[INFO ][2015-11-05 12:26:43,199][com.java.SeleniumDriver] [  812] - Datavalue is----------Logout
[INFO ][2015-11-05 12:26:43,199][com.java.SeleniumDriver] [  836] - DataField : BTN
[INFO ][2015-11-05 12:26:43,199][com.java.SeleniumDriver] [  838] - DataValue : Logout
[INFO ][2015-11-05 12:26:43,199][com.java.SeleniumDriver] [  844] - <In Set values of the page>
[INFO ][2015-11-05 12:26:43,199][com.java.SeleniumDriver] [  847] - {Data Fields & Data Values Exist}
[INFO ][2015-11-05 12:26:43,199][com.java.SeleniumDriver] [  849] - --------------------------setting values-----------------------------
[INFO ][2015-11-05 12:26:43,199][com.java.SeleniumDriver] [  852] - Action Type : Verify
[INFO ][2015-11-05 12:26:43,199][com.java.TestType] [ 4906] - field= BTN value= Logout
[INFO ][2015-11-05 12:26:43,199][com.java.TestType] [ 3780] - value = Logout
[INFO ][2015-11-05 12:26:43,240][com.java.SeleniumDriver] [  861] -  RESULT true
[INFO ][2015-11-05 12:26:43,240][com.java.SeleniumDriver] [ 1066] - ?   P A S S   ?
[INFO ][2015-11-05 12:26:43,240][com.java.SeleniumDriver] [ 1108] - step change to 3
[INFO ][2015-11-05 12:26:43,240][com.java.SeleniumDriver] [  788] - ------------------------------------------
[INFO ][2015-11-05 12:26:43,240][com.java.SeleniumDriver] [  789] - Test case being Executed: 11
[INFO ][2015-11-05 12:26:43,240][com.java.SeleniumDriver] [  800] - Test step:3
[INFO ][2015-11-05 12:26:43,240][com.java.SeleniumDriver] [  812] - Datavalue is----------Concept#2:1-2
[INFO ][2015-11-05 12:26:43,240][com.java.SeleniumDriver] [  836] - DataField : test
[INFO ][2015-11-05 12:26:43,240][com.java.SeleniumDriver] [  838] - DataValue : Concept#2:1-2
[INFO ][2015-11-05 12:26:43,240][com.java.SeleniumDriver] [  844] - <In Set values of the page>
[INFO ][2015-11-05 12:26:43,240][com.java.SeleniumDriver] [  847] - {Data Fields & Data Values Exist}
[INFO ][2015-11-05 12:26:43,240][com.java.SeleniumDriver] [  849] - --------------------------setting values-----------------------------
[INFO ][2015-11-05 12:26:43,240][com.java.SeleniumDriver] [  852] - Action Type : ExecuteTestCase
[INFO ][2015-11-05 12:26:43,240][com.java.TestType] [  411] - The Concept sheet name is ---------- Concept
[INFO ][2015-11-05 12:26:43,240][com.java.TestType] [  414] - The Concept ID  is ---------- 2
[DEBUG][2015-11-05 12:26:43,240][com.java.TestType] [  418] - Steps being executted in the Concept are: 1:2
[INFO ][2015-11-05 12:26:43,240][com.java.TestType] [  425] - Test data details path ---------- D:\BankersDashboard\TestInputs\TestData.xls
[INFO ][2015-11-05 12:26:43,270][com.java.TestType] [  456] -  str(1) = 2
[INFO ][2015-11-05 12:26:43,270][com.java.TestType] [  459] - Test case Id is---2
[INFO ][2015-11-05 12:26:43,270][com.java.TestType] [  461] - 2
[INFO ][2015-11-05 12:26:43,270][com.java.TestType] [  456] -  str(2) = 1
[INFO ][2015-11-05 12:26:43,270][com.java.TestType] [  508] - row values are--------{1=com.java.Objects.TestDataDetails@8ca218}
[INFO ][2015-11-05 12:26:43,270][com.java.TestType] [  456] -  str(1) = 2
[INFO ][2015-11-05 12:26:43,270][com.java.TestType] [  459] - Test case Id is---2
[INFO ][2015-11-05 12:26:43,270][com.java.TestType] [  461] - 2
[INFO ][2015-11-05 12:26:43,270][com.java.TestType] [  456] -  str(2) = 2
[INFO ][2015-11-05 12:26:43,270][com.java.TestType] [  508] - row values are--------{1=com.java.Objects.TestDataDetails@8ca218, 2=com.java.Objects.TestDataDetails@1670b57}
[INFO ][2015-11-05 12:26:43,270][com.java.TestType] [  456] -  str(1) = 2
[INFO ][2015-11-05 12:26:43,270][com.java.TestType] [  459] - Test case Id is---2
[INFO ][2015-11-05 12:26:43,270][com.java.TestType] [  461] - 2
[INFO ][2015-11-05 12:26:43,270][com.java.TestType] [  456] -  str(2) = 3
[INFO ][2015-11-05 12:26:43,270][com.java.TestType] [  508] - row values are--------{1=com.java.Objects.TestDataDetails@8ca218, 2=com.java.Objects.TestDataDetails@1670b57, 3=com.java.Objects.TestDataDetails@1c330ce}
[INFO ][2015-11-05 12:26:43,270][com.java.TestType] [ 7929] - Looping 1TCID = 2
[DEBUG][2015-11-05 12:26:43,270][com.java.TestType] [ 7970] - Concept ID:2 :: Step being Executed: 2::1
[INFO ][2015-11-05 12:26:43,270][com.java.TestType] [ 8008] - dataFields : BNK//select[@id='bank']
[DEBUG][2015-11-05 12:26:43,270][com.java.TestType] [ 8014] - <In Set values of the page>
[DEBUG][2015-11-05 12:26:43,270][com.java.TestType] [ 8019] - {Data Fields & Data Values Exist}
[INFO ][2015-11-05 12:26:43,270][com.java.TestType] [ 8025] - --------------------------setting values-----------------------------
[INFO ][2015-11-05 12:26:43,270][com.java.TestType] [ 8028] - Action Type : Select
[INFO ][2015-11-05 12:26:43,270][com.java.TestType] [ 3780] - value = PFC
[INFO ][2015-11-05 12:26:43,460][com.java.TestType] [ 8047] -  RESULT true
[INFO ][2015-11-05 12:26:43,460][com.java.TestType] [ 8164] - ?   P A S S   ?
[DEBUG][2015-11-05 12:26:43,460][com.java.TestType] [ 7970] - Concept ID:2 :: Step being Executed: 2::2
[INFO ][2015-11-05 12:26:43,460][com.java.TestType] [ 8008] - dataFields : LNKLogout
[DEBUG][2015-11-05 12:26:43,460][com.java.TestType] [ 8014] - <In Set values of the page>
[DEBUG][2015-11-05 12:26:43,460][com.java.TestType] [ 8019] - {Data Fields & Data Values Exist}
[INFO ][2015-11-05 12:26:43,460][com.java.TestType] [ 8025] - --------------------------setting values-----------------------------
[INFO ][2015-11-05 12:26:43,460][com.java.TestType] [ 8028] - Action Type : WaitTime
[DEBUG][2015-11-05 12:26:43,460][com.java.TestType] [ 3679] - sleepTime: 5000
[INFO ][2015-11-05 12:26:48,460][com.java.TestType] [ 8047] -  RESULT true
[INFO ][2015-11-05 12:26:48,460][com.java.TestType] [ 8164] - ?   P A S S   ?
[INFO ][2015-11-05 12:26:48,460][com.java.TestType] [ 8235] - Looping End......
[INFO ][2015-11-05 12:26:48,460][com.java.SeleniumDriver] [  861] -  RESULT true
[INFO ][2015-11-05 12:26:48,460][com.java.SeleniumDriver] [ 1066] - ?   P A S S   ?
[INFO ][2015-11-05 12:26:48,460][com.java.SeleniumDriver] [  788] - ------------------------------------------
[INFO ][2015-11-05 12:26:48,460][com.java.SeleniumDriver] [  789] - Test case being Executed: 11
[INFO ][2015-11-05 12:26:48,460][com.java.SeleniumDriver] [  800] - Test step:4
[INFO ][2015-11-05 12:26:48,460][com.java.SeleniumDriver] [  812] - Datavalue is----------null
[DEBUG][2015-11-05 12:26:48,460][com.java.SeleniumDriver] [  830] - Exception: null
[INFO ][2015-11-05 12:26:48,460][com.java.SeleniumDriver] [  836] - DataField : //span[@class='icon-user4']&&Users&&Manage Users
[INFO ][2015-11-05 12:26:48,460][com.java.SeleniumDriver] [  838] - DataValue : 
[INFO ][2015-11-05 12:26:48,460][com.java.SeleniumDriver] [  844] - <In Set values of the page>
[INFO ][2015-11-05 12:26:48,460][com.java.SeleniumDriver] [  847] - {Data Fields & Data Values Exist}
[INFO ][2015-11-05 12:26:48,460][com.java.SeleniumDriver] [  849] - --------------------------setting values-----------------------------
[INFO ][2015-11-05 12:26:48,460][com.java.SeleniumDriver] [  852] - Action Type : MouseOver
[INFO ][2015-11-05 12:27:20,946][com.java.SeleniumDriver] [  861] -  RESULT true
[INFO ][2015-11-05 12:27:20,946][com.java.SeleniumDriver] [ 1066] - ?   P A S S   ?
[INFO ][2015-11-05 12:27:20,946][com.java.SeleniumDriver] [  788] - ------------------------------------------
[INFO ][2015-11-05 12:27:20,946][com.java.SeleniumDriver] [  789] - Test case being Executed: 11
[INFO ][2015-11-05 12:27:20,946][com.java.SeleniumDriver] [  800] - Test step:5
[INFO ][2015-11-05 12:27:20,946][com.java.SeleniumDriver] [  812] - Datavalue is----------2
[INFO ][2015-11-05 12:27:20,946][com.java.SeleniumDriver] [  836] - DataField : BTNframeDialogContent
[INFO ][2015-11-05 12:27:20,946][com.java.SeleniumDriver] [  838] - DataValue : 2
[INFO ][2015-11-05 12:27:20,946][com.java.SeleniumDriver] [  844] - <In Set values of the page>
[INFO ][2015-11-05 12:27:20,946][com.java.SeleniumDriver] [  847] - {Data Fields & Data Values Exist}
[INFO ][2015-11-05 12:27:20,946][com.java.SeleniumDriver] [  849] - --------------------------setting values-----------------------------
[INFO ][2015-11-05 12:27:20,946][com.java.SeleniumDriver] [  852] - Action Type : WaitForElement
[INFO ][2015-11-05 12:27:22,160][com.java.SeleniumDriver] [  861] -  RESULT true
[INFO ][2015-11-05 12:27:22,160][com.java.SeleniumDriver] [ 1066] - ?   P A S S   ?
[INFO ][2015-11-05 12:27:22,160][com.java.SeleniumDriver] [  788] - ------------------------------------------
[INFO ][2015-11-05 12:27:22,160][com.java.SeleniumDriver] [  789] - Test case being Executed: 11
[INFO ][2015-11-05 12:27:22,160][com.java.SeleniumDriver] [  800] - Test step:6
[INFO ][2015-11-05 12:27:22,160][com.java.SeleniumDriver] [  812] - Datavalue is----------null
[DEBUG][2015-11-05 12:27:22,160][com.java.SeleniumDriver] [  830] - Exception: null
[INFO ][2015-11-05 12:27:22,160][com.java.SeleniumDriver] [  836] - DataField : BTNframeDialogContent
[INFO ][2015-11-05 12:27:22,160][com.java.SeleniumDriver] [  838] - DataValue : 
[INFO ][2015-11-05 12:27:22,160][com.java.SeleniumDriver] [  844] - <In Set values of the page>
[INFO ][2015-11-05 12:27:22,160][com.java.SeleniumDriver] [  847] - {Data Fields & Data Values Exist}
[INFO ][2015-11-05 12:27:22,160][com.java.SeleniumDriver] [  849] - --------------------------setting values-----------------------------
[INFO ][2015-11-05 12:27:22,160][com.java.SeleniumDriver] [  852] - Action Type : SelectFrame
[INFO ][2015-11-05 12:27:23,382][com.java.SeleniumDriver] [  861] -  RESULT true
[INFO ][2015-11-05 12:27:23,382][com.java.SeleniumDriver] [ 1066] - ?   P A S S   ?
[INFO ][2015-11-05 12:27:23,382][com.java.SeleniumDriver] [  788] - ------------------------------------------
[INFO ][2015-11-05 12:27:23,382][com.java.SeleniumDriver] [  789] - Test case being Executed: 11
[INFO ][2015-11-05 12:27:23,382][com.java.SeleniumDriver] [  800] - Test step:7
[INFO ][2015-11-05 12:27:23,382][com.java.SeleniumDriver] [  812] - Datavalue is----------2
[INFO ][2015-11-05 12:27:23,382][com.java.SeleniumDriver] [  836] - DataField : BTNbtnAddUser
[INFO ][2015-11-05 12:27:23,382][com.java.SeleniumDriver] [  838] - DataValue : 2
[INFO ][2015-11-05 12:27:23,382][com.java.SeleniumDriver] [  844] - <In Set values of the page>
[INFO ][2015-11-05 12:27:23,382][com.java.SeleniumDriver] [  847] - {Data Fields & Data Values Exist}
[INFO ][2015-11-05 12:27:23,382][com.java.SeleniumDriver] [  849] - --------------------------setting values-----------------------------
[INFO ][2015-11-05 12:27:23,382][com.java.SeleniumDriver] [  852] - Action Type : WaitForElement
[INFO ][2015-11-05 12:27:25,182][com.java.SeleniumDriver] [  861] -  RESULT true
[INFO ][2015-11-05 12:27:25,182][com.java.SeleniumDriver] [ 1066] - ?   P A S S   ?
[INFO ][2015-11-05 12:27:25,182][com.java.SeleniumDriver] [  788] - ------------------------------------------
[INFO ][2015-11-05 12:27:25,182][com.java.SeleniumDriver] [  789] - Test case being Executed: 11
[INFO ][2015-11-05 12:27:25,182][com.java.SeleniumDriver] [  800] - Test step:8
[INFO ][2015-11-05 12:27:25,182][com.java.SeleniumDriver] [  812] - Datavalue is----------null
[DEBUG][2015-11-05 12:27:25,182][com.java.SeleniumDriver] [  830] - Exception: null
[INFO ][2015-11-05 12:27:25,182][com.java.SeleniumDriver] [  836] - DataField : BTNbtnAddUser
[INFO ][2015-11-05 12:27:25,182][com.java.SeleniumDriver] [  838] - DataValue : 
[INFO ][2015-11-05 12:27:25,182][com.java.SeleniumDriver] [  844] - <In Set values of the page>
[INFO ][2015-11-05 12:27:25,182][com.java.SeleniumDriver] [  847] - {Data Fields & Data Values Exist}
[INFO ][2015-11-05 12:27:25,182][com.java.SeleniumDriver] [  849] - --------------------------setting values-----------------------------
[INFO ][2015-11-05 12:27:25,182][com.java.SeleniumDriver] [  852] - Action Type : Click
[INFO ][2015-11-05 12:27:25,182][com.java.TestType] [ 4093] - Field ::BTNbtnAddUser
[INFO ][2015-11-05 12:27:26,183][com.java.TestType] [ 4131] - BEFORE CLICK
[INFO ][2015-11-05 12:27:28,164][com.java.TestType] [ 4138] - Unable to click the object Add user button
[INFO ][2015-11-05 12:27:28,164][com.java.SeleniumDriver] [  861] -  RESULT true
[INFO ][2015-11-05 12:27:28,164][com.java.SeleniumDriver] [ 1066] - ?   P A S S   ?
[INFO ][2015-11-05 12:27:28,164][com.java.SeleniumDriver] [  788] - ------------------------------------------
[INFO ][2015-11-05 12:27:28,164][com.java.SeleniumDriver] [  789] - Test case being Executed: 11
[INFO ][2015-11-05 12:27:28,164][com.java.SeleniumDriver] [  800] - Test step:9
[INFO ][2015-11-05 12:27:28,164][com.java.SeleniumDriver] [  812] - Datavalue is----------2
[INFO ][2015-11-05 12:27:28,164][com.java.SeleniumDriver] [  836] - DataField : BTNtxtUserName
[INFO ][2015-11-05 12:27:28,164][com.java.SeleniumDriver] [  838] - DataValue : 2
[INFO ][2015-11-05 12:27:28,164][com.java.SeleniumDriver] [  844] - <In Set values of the page>
[INFO ][2015-11-05 12:27:28,164][com.java.SeleniumDriver] [  847] - {Data Fields & Data Values Exist}
[INFO ][2015-11-05 12:27:28,164][com.java.SeleniumDriver] [  849] - --------------------------setting values-----------------------------
[INFO ][2015-11-05 12:27:28,164][com.java.SeleniumDriver] [  852] - Action Type : WaitForElement
[INFO ][2015-11-05 12:27:38,141][com.java.SeleniumDriver] [  861] -  RESULT true
[INFO ][2015-11-05 12:27:38,141][com.java.SeleniumDriver] [ 1066] - ?   P A S S   ?
[INFO ][2015-11-05 12:27:38,141][com.java.SeleniumDriver] [  788] - ------------------------------------------
[INFO ][2015-11-05 12:27:38,141][com.java.SeleniumDriver] [  789] - Test case being Executed: 11
[INFO ][2015-11-05 12:27:38,141][com.java.SeleniumDriver] [  800] - Test step:10
[INFO ][2015-11-05 12:27:38,141][com.java.SeleniumDriver] [  812] - Datavalue is----------dt:NewUserName
[INFO ][2015-11-05 12:27:38,142][com.java.SeleniumDriver] [  836] - DataField : TXTtxtUserName
[INFO ][2015-11-05 12:27:38,142][com.java.SeleniumDriver] [  838] - DataValue : dt:NewUserName
[INFO ][2015-11-05 12:27:38,142][com.java.SeleniumDriver] [  844] - <In Set values of the page>
[INFO ][2015-11-05 12:27:38,142][com.java.SeleniumDriver] [  847] - {Data Fields & Data Values Exist}
[INFO ][2015-11-05 12:27:38,142][com.java.SeleniumDriver] [  849] - --------------------------setting values-----------------------------
[INFO ][2015-11-05 12:27:38,142][com.java.SeleniumDriver] [  852] - Action Type : Enter
[INFO ][2015-11-05 12:27:38,142][com.java.TestType] [ 4413] - field = txtUserName
[INFO ][2015-11-05 12:27:38,142][com.java.TestType] [ 3780] - value = vltest.robot
[INFO ][2015-11-05 12:27:40,906][com.java.SeleniumDriver] [  861] -  RESULT true
[INFO ][2015-11-05 12:27:40,906][com.java.SeleniumDriver] [ 1066] - ?   P A S S   ?
[INFO ][2015-11-05 12:27:40,906][com.java.SeleniumDriver] [  788] - ------------------------------------------
[INFO ][2015-11-05 12:27:40,906][com.java.SeleniumDriver] [  789] - Test case being Executed: 11
[INFO ][2015-11-05 12:27:40,906][com.java.SeleniumDriver] [  800] - Test step:11
[INFO ][2015-11-05 12:27:40,906][com.java.SeleniumDriver] [  812] - Datavalue is----------VLTest
[INFO ][2015-11-05 12:27:40,906][com.java.SeleniumDriver] [  836] - DataField : TXTtxtFirstName
[INFO ][2015-11-05 12:27:40,906][com.java.SeleniumDriver] [  838] - DataValue : VLTest
[INFO ][2015-11-05 12:27:40,906][com.java.SeleniumDriver] [  844] - <In Set values of the page>
[INFO ][2015-11-05 12:27:40,906][com.java.SeleniumDriver] [  847] - {Data Fields & Data Values Exist}
[INFO ][2015-11-05 12:27:40,907][com.java.SeleniumDriver] [  849] - --------------------------setting values-----------------------------
[INFO ][2015-11-05 12:27:40,907][com.java.SeleniumDriver] [  852] - Action Type : Enter
[INFO ][2015-11-05 12:27:40,907][com.java.TestType] [ 4413] - field = txtFirstName
[INFO ][2015-11-05 12:27:40,907][com.java.TestType] [ 3780] - value = VLTest
[INFO ][2015-11-05 12:27:44,034][com.java.SeleniumDriver] [  861] -  RESULT true
[INFO ][2015-11-05 12:27:44,034][com.java.SeleniumDriver] [ 1066] - ?   P A S S   ?
[INFO ][2015-11-05 12:27:44,034][com.java.SeleniumDriver] [  788] - ------------------------------------------
[INFO ][2015-11-05 12:27:44,034][com.java.SeleniumDriver] [  789] - Test case being Executed: 11
[INFO ][2015-11-05 12:27:44,034][com.java.SeleniumDriver] [  800] - Test step:12
[INFO ][2015-11-05 12:27:44,034][com.java.SeleniumDriver] [  812] - Datavalue is----------Robot
[INFO ][2015-11-05 12:27:44,034][com.java.SeleniumDriver] [  836] - DataField : TXTtxtLastName
[INFO ][2015-11-05 12:27:44,034][com.java.SeleniumDriver] [  838] - DataValue : Robot
[INFO ][2015-11-05 12:27:44,034][com.java.SeleniumDriver] [  844] - <In Set values of the page>
[INFO ][2015-11-05 12:27:44,034][com.java.SeleniumDriver] [  847] - {Data Fields & Data Values Exist}
[INFO ][2015-11-05 12:27:44,034][com.java.SeleniumDriver] [  849] - --------------------------setting values-----------------------------
[INFO ][2015-11-05 12:27:44,035][com.java.SeleniumDriver] [  852] - Action Type : Enter
[INFO ][2015-11-05 12:27:44,035][com.java.TestType] [ 4413] - field = txtLastName
[INFO ][2015-11-05 12:27:44,035][com.java.TestType] [ 3780] - value = Robot
[INFO ][2015-11-05 12:27:46,864][com.java.SeleniumDriver] [  861] -  RESULT true
[INFO ][2015-11-05 12:27:46,865][com.java.SeleniumDriver] [ 1066] - ?   P A S S   ?
[INFO ][2015-11-05 12:27:46,865][com.java.SeleniumDriver] [  788] - ------------------------------------------
[INFO ][2015-11-05 12:27:46,865][com.java.SeleniumDriver] [  789] - Test case being Executed: 11
[INFO ][2015-11-05 12:27:46,865][com.java.SeleniumDriver] [  800] - Test step:13
[INFO ][2015-11-05 12:27:46,865][com.java.SeleniumDriver] [  812] - Datavalue is----------ValueLabs
[INFO ][2015-11-05 12:27:46,865][com.java.SeleniumDriver] [  836] - DataField : TXTtxtCompany
[INFO ][2015-11-05 12:27:46,865][com.java.SeleniumDriver] [  838] - DataValue : ValueLabs
[INFO ][2015-11-05 12:27:46,865][com.java.SeleniumDriver] [  844] - <In Set values of the page>
[INFO ][2015-11-05 12:27:46,865][com.java.SeleniumDriver] [  847] - {Data Fields & Data Values Exist}
[INFO ][2015-11-05 12:27:46,865][com.java.SeleniumDriver] [  849] - --------------------------setting values-----------------------------
[INFO ][2015-11-05 12:27:46,865][com.java.SeleniumDriver] [  852] - Action Type : Enter
[INFO ][2015-11-05 12:27:46,866][com.java.TestType] [ 4413] - field = txtCompany
[INFO ][2015-11-05 12:27:46,866][com.java.TestType] [ 3780] - value = ValueLabs
[INFO ][2015-11-05 12:27:49,809][com.java.SeleniumDriver] [  861] -  RESULT true
[INFO ][2015-11-05 12:27:49,809][com.java.SeleniumDriver] [ 1066] - ?   P A S S   ?
[INFO ][2015-11-05 12:27:49,809][com.java.SeleniumDriver] [  788] - ------------------------------------------
[INFO ][2015-11-05 12:27:49,809][com.java.SeleniumDriver] [  789] - Test case being Executed: 11
[INFO ][2015-11-05 12:27:49,809][com.java.SeleniumDriver] [  800] - Test step:14
[INFO ][2015-11-05 12:27:49,809][com.java.SeleniumDriver] [  812] - Datavalue is----------India
[INFO ][2015-11-05 12:27:49,809][com.java.SeleniumDriver] [  836] - DataField : TXTtxtLocation
[INFO ][2015-11-05 12:27:49,809][com.java.SeleniumDriver] [  838] - DataValue : India
[INFO ][2015-11-05 12:27:49,809][com.java.SeleniumDriver] [  844] - <In Set values of the page>
[INFO ][2015-11-05 12:27:49,809][com.java.SeleniumDriver] [  847] - {Data Fields & Data Values Exist}
[INFO ][2015-11-05 12:27:49,809][com.java.SeleniumDriver] [  849] - --------------------------setting values-----------------------------
[INFO ][2015-11-05 12:27:49,809][com.java.SeleniumDriver] [  852] - Action Type : Enter
[INFO ][2015-11-05 12:27:49,810][com.java.TestType] [ 4413] - field = txtLocation
[INFO ][2015-11-05 12:27:49,810][com.java.TestType] [ 3780] - value = India
[INFO ][2015-11-05 12:27:52,625][com.java.SeleniumDriver] [  861] -  RESULT true
[INFO ][2015-11-05 12:27:52,625][com.java.SeleniumDriver] [ 1066] - ?   P A S S   ?
[INFO ][2015-11-05 12:27:52,625][com.java.SeleniumDriver] [  788] - ------------------------------------------
[INFO ][2015-11-05 12:27:52,625][com.java.SeleniumDriver] [  789] - Test case being Executed: 11
[INFO ][2015-11-05 12:27:52,625][com.java.SeleniumDriver] [  800] - Test step:15
[INFO ][2015-11-05 12:27:52,625][com.java.SeleniumDriver] [  812] - Datavalue is----------vltest.robot@valuelabs.com
[INFO ][2015-11-05 12:27:52,625][com.java.SeleniumDriver] [  836] - DataField : TXTtxtEMail
[INFO ][2015-11-05 12:27:52,625][com.java.SeleniumDriver] [  838] - DataValue : vltest.robot@valuelabs.com
[INFO ][2015-11-05 12:27:52,625][com.java.SeleniumDriver] [  844] - <In Set values of the page>
[INFO ][2015-11-05 12:27:52,625][com.java.SeleniumDriver] [  847] - {Data Fields & Data Values Exist}
[INFO ][2015-11-05 12:27:52,625][com.java.SeleniumDriver] [  849] - --------------------------setting values-----------------------------
[INFO ][2015-11-05 12:27:52,625][com.java.SeleniumDriver] [  852] - Action Type : Enter
[INFO ][2015-11-05 12:27:52,626][com.java.TestType] [ 4413] - field = txtEMail
[INFO ][2015-11-05 12:27:52,626][com.java.TestType] [ 3780] - value = vltest.robot@valuelabs.com
[INFO ][2015-11-05 12:27:55,591][com.java.SeleniumDriver] [  861] -  RESULT true
[INFO ][2015-11-05 12:27:55,591][com.java.SeleniumDriver] [ 1066] - ?   P A S S   ?
[INFO ][2015-11-05 12:27:55,591][com.java.SeleniumDriver] [  788] - ------------------------------------------
[INFO ][2015-11-05 12:27:55,591][com.java.SeleniumDriver] [  789] - Test case being Executed: 11
[INFO ][2015-11-05 12:27:55,591][com.java.SeleniumDriver] [  800] - Test step:16
[INFO ][2015-11-05 12:27:55,592][com.java.SeleniumDriver] [  812] - Datavalue is----------12345678901
[INFO ][2015-11-05 12:27:55,592][com.java.SeleniumDriver] [  836] - DataField : TXTtxtPhone
[INFO ][2015-11-05 12:27:55,592][com.java.SeleniumDriver] [  838] - DataValue : 12345678901
[INFO ][2015-11-05 12:27:55,592][com.java.SeleniumDriver] [  844] - <In Set values of the page>
[INFO ][2015-11-05 12:27:55,592][com.java.SeleniumDriver] [  847] - {Data Fields & Data Values Exist}
[INFO ][2015-11-05 12:27:55,592][com.java.SeleniumDriver] [  849] - --------------------------setting values-----------------------------
[INFO ][2015-11-05 12:27:55,592][com.java.SeleniumDriver] [  852] - Action Type : Enter
[INFO ][2015-11-05 12:27:55,592][com.java.TestType] [ 4413] - field = txtPhone
[INFO ][2015-11-05 12:27:55,592][com.java.TestType] [ 3780] - value = 12345678901
[INFO ][2015-11-05 12:27:58,386][com.java.SeleniumDriver] [  861] -  RESULT true
[INFO ][2015-11-05 12:27:58,386][com.java.SeleniumDriver] [ 1066] - ?   P A S S   ?
[INFO ][2015-11-05 12:27:58,386][com.java.SeleniumDriver] [  788] - ------------------------------------------
[INFO ][2015-11-05 12:27:58,386][com.java.SeleniumDriver] [  789] - Test case being Executed: 11
[INFO ][2015-11-05 12:27:58,386][com.java.SeleniumDriver] [  800] - Test step:17
[INFO ][2015-11-05 12:27:58,386][com.java.SeleniumDriver] [  812] - Datavalue is----------dt:NewUserPswd
[INFO ][2015-11-05 12:27:58,387][com.java.SeleniumDriver] [  836] - DataField : TXTtxtPassword
[INFO ][2015-11-05 12:27:58,387][com.java.SeleniumDriver] [  838] - DataValue : dt:NewUserPswd
[INFO ][2015-11-05 12:27:58,387][com.java.SeleniumDriver] [  844] - <In Set values of the page>
[INFO ][2015-11-05 12:27:58,387][com.java.SeleniumDriver] [  847] - {Data Fields & Data Values Exist}
[INFO ][2015-11-05 12:27:58,387][com.java.SeleniumDriver] [  849] - --------------------------setting values-----------------------------
[INFO ][2015-11-05 12:27:58,387][com.java.SeleniumDriver] [  852] - Action Type : Enter
[INFO ][2015-11-05 12:27:58,387][com.java.TestType] [ 4413] - field = txtPassword
[INFO ][2015-11-05 12:27:58,387][com.java.TestType] [ 3780] - value = Password1*
[INFO ][2015-11-05 12:28:01,340][com.java.SeleniumDriver] [  861] -  RESULT true
[INFO ][2015-11-05 12:28:01,340][com.java.SeleniumDriver] [ 1066] - ?   P A S S   ?
[INFO ][2015-11-05 12:28:01,340][com.java.SeleniumDriver] [  788] - ------------------------------------------
[INFO ][2015-11-05 12:28:01,340][com.java.SeleniumDriver] [  789] - Test case being Executed: 11
[INFO ][2015-11-05 12:28:01,340][com.java.SeleniumDriver] [  800] - Test step:18
[INFO ][2015-11-05 12:28:01,340][com.java.SeleniumDriver] [  812] - Datavalue is----------dt:NewUserPswd
[INFO ][2015-11-05 12:28:01,340][com.java.SeleniumDriver] [  836] - DataField : TXTtxtPasswordConfirm
[INFO ][2015-11-05 12:28:01,341][com.java.SeleniumDriver] [  838] - DataValue : dt:NewUserPswd
[INFO ][2015-11-05 12:28:01,341][com.java.SeleniumDriver] [  844] - <In Set values of the page>
[INFO ][2015-11-05 12:28:01,341][com.java.SeleniumDriver] [  847] - {Data Fields & Data Values Exist}
[INFO ][2015-11-05 12:28:01,341][com.java.SeleniumDriver] [  849] - --------------------------setting values-----------------------------
[INFO ][2015-11-05 12:28:01,341][com.java.SeleniumDriver] [  852] - Action Type : Enter
[INFO ][2015-11-05 12:28:01,341][com.java.TestType] [ 4413] - field = txtPasswordConfirm
[INFO ][2015-11-05 12:28:01,341][com.java.TestType] [ 3780] - value = Password1*
[INFO ][2015-11-05 12:28:04,304][com.java.SeleniumDriver] [  861] -  RESULT true
[INFO ][2015-11-05 12:28:04,304][com.java.SeleniumDriver] [ 1066] - ?   P A S S   ?
[INFO ][2015-11-05 12:28:04,304][com.java.SeleniumDriver] [  788] - ------------------------------------------
[INFO ][2015-11-05 12:28:04,304][com.java.SeleniumDriver] [  789] - Test case being Executed: 11
[INFO ][2015-11-05 12:28:04,304][com.java.SeleniumDriver] [  800] - Test step:19
[INFO ][2015-11-05 12:28:04,304][com.java.SeleniumDriver] [  812] - Datavalue is----------null
[DEBUG][2015-11-05 12:28:04,304][com.java.SeleniumDriver] [  830] - Exception: null
[INFO ][2015-11-05 12:28:04,304][com.java.SeleniumDriver] [  836] - DataField : BTNparent
[INFO ][2015-11-05 12:28:04,304][com.java.SeleniumDriver] [  838] - DataValue : 
[INFO ][2015-11-05 12:28:04,304][com.java.SeleniumDriver] [  844] - <In Set values of the page>
[INFO ][2015-11-05 12:28:04,305][com.java.SeleniumDriver] [  847] - {Data Fields & Data Values Exist}
[INFO ][2015-11-05 12:28:04,305][com.java.SeleniumDriver] [  849] - --------------------------setting values-----------------------------
[INFO ][2015-11-05 12:28:04,305][com.java.SeleniumDriver] [  852] - Action Type : SelectFrame
[INFO ][2015-11-05 12:28:04,318][com.java.SeleniumDriver] [  861] -  RESULT true
[INFO ][2015-11-05 12:28:04,318][com.java.SeleniumDriver] [ 1066] - ?   P A S S   ?
[INFO ][2015-11-05 12:28:04,318][com.java.SeleniumDriver] [  788] - ------------------------------------------
[INFO ][2015-11-05 12:28:04,318][com.java.SeleniumDriver] [  789] - Test case being Executed: 11
[INFO ][2015-11-05 12:28:04,318][com.java.SeleniumDriver] [  800] - Test step:20
[INFO ][2015-11-05 12:28:04,318][com.java.SeleniumDriver] [  812] - Datavalue is----------5
[INFO ][2015-11-05 12:28:04,318][com.java.SeleniumDriver] [  836] - DataField : test
[INFO ][2015-11-05 12:28:04,318][com.java.SeleniumDriver] [  838] - DataValue : 5
[INFO ][2015-11-05 12:28:04,318][com.java.SeleniumDriver] [  844] - <In Set values of the page>
[INFO ][2015-11-05 12:28:04,318][com.java.SeleniumDriver] [  847] - {Data Fields & Data Values Exist}
[INFO ][2015-11-05 12:28:04,320][com.java.SeleniumDriver] [  849] - --------------------------setting values-----------------------------
[INFO ][2015-11-05 12:28:04,320][com.java.SeleniumDriver] [  852] - Action Type : WaitTime
[DEBUG][2015-11-05 12:28:04,320][com.java.TestType] [ 3679] - sleepTime: 5000
[INFO ][2015-11-05 12:28:09,321][com.java.SeleniumDriver] [  861] -  RESULT true
[INFO ][2015-11-05 12:28:09,321][com.java.SeleniumDriver] [ 1066] - ?   P A S S   ?
[INFO ][2015-11-05 12:28:09,321][com.java.SeleniumDriver] [  788] - ------------------------------------------
[INFO ][2015-11-05 12:28:09,321][com.java.SeleniumDriver] [  789] - Test case being Executed: 11
[INFO ][2015-11-05 12:28:09,321][com.java.SeleniumDriver] [  800] - Test step:21
[INFO ][2015-11-05 12:28:09,321][com.java.SeleniumDriver] [  812] - Datavalue is----------null
[DEBUG][2015-11-05 12:28:09,321][com.java.SeleniumDriver] [  830] - Exception: null
[INFO ][2015-11-05 12:28:09,321][com.java.SeleniumDriver] [  836] - DataField : XPH//span[contains(text(), 'Finished')]
[INFO ][2015-11-05 12:28:09,321][com.java.SeleniumDriver] [  838] - DataValue : 
[INFO ][2015-11-05 12:28:09,321][com.java.SeleniumDriver] [  844] - <In Set values of the page>
[INFO ][2015-11-05 12:28:09,321][com.java.SeleniumDriver] [  847] - {Data Fields & Data Values Exist}
[INFO ][2015-11-05 12:28:09,321][com.java.SeleniumDriver] [  849] - --------------------------setting values-----------------------------
[INFO ][2015-11-05 12:28:09,322][com.java.SeleniumDriver] [  852] - Action Type : Click
[INFO ][2015-11-05 12:28:09,322][com.java.TestType] [ 4093] - Field ::XPH//span[contains(text(), 'Finished')]
[INFO ][2015-11-05 12:28:10,322][com.java.TestType] [ 4152] - BEFORE CLICK
[INFO ][2015-11-05 12:28:11,783][com.java.TestType] [ 4160] - Unable to click the object Finished button
[INFO ][2015-11-05 12:28:11,783][com.java.SeleniumDriver] [  861] -  RESULT true
[INFO ][2015-11-05 12:28:11,783][com.java.SeleniumDriver] [ 1066] - ?   P A S S   ?
[INFO ][2015-11-05 12:28:11,783][com.java.SeleniumDriver] [  788] - ------------------------------------------
[INFO ][2015-11-05 12:28:11,783][com.java.SeleniumDriver] [  789] - Test case being Executed: 11
[INFO ][2015-11-05 12:28:11,783][com.java.SeleniumDriver] [  800] - Test step:22
[INFO ][2015-11-05 12:28:11,783][com.java.SeleniumDriver] [  812] - Datavalue is----------null
[DEBUG][2015-11-05 12:28:11,783][com.java.SeleniumDriver] [  830] - Exception: null
[INFO ][2015-11-05 12:28:11,783][com.java.SeleniumDriver] [  836] - DataField : XPH//span[contains(text(), 'Finished')]
[INFO ][2015-11-05 12:28:11,783][com.java.SeleniumDriver] [  838] - DataValue : 
[INFO ][2015-11-05 12:28:11,783][com.java.SeleniumDriver] [  844] - <In Set values of the page>
[INFO ][2015-11-05 12:28:11,784][com.java.SeleniumDriver] [  847] - {Data Fields & Data Values Exist}
[INFO ][2015-11-05 12:28:11,784][com.java.SeleniumDriver] [  849] - --------------------------setting values-----------------------------
[INFO ][2015-11-05 12:28:11,784][com.java.SeleniumDriver] [  852] - Action Type : WaitForElement
[INFO ][2015-11-05 12:28:11,818][com.java.SeleniumDriver] [  861] -  RESULT true
[INFO ][2015-11-05 12:28:11,818][com.java.SeleniumDriver] [ 1066] - ?   P A S S   ?
[INFO ][2015-11-05 12:28:11,818][com.java.SeleniumDriver] [  788] - ------------------------------------------
[INFO ][2015-11-05 12:28:11,818][com.java.SeleniumDriver] [  789] - Test case being Executed: 11
[INFO ][2015-11-05 12:28:11,818][com.java.SeleniumDriver] [  800] - Test step:23
[INFO ][2015-11-05 12:28:11,818][com.java.SeleniumDriver] [  812] - Datavalue is----------null
[DEBUG][2015-11-05 12:28:11,818][com.java.SeleniumDriver] [  830] - Exception: null
[INFO ][2015-11-05 12:28:11,818][com.java.SeleniumDriver] [  836] - DataField : BTNframeDialogContent
[INFO ][2015-11-05 12:28:11,818][com.java.SeleniumDriver] [  838] - DataValue : 
[INFO ][2015-11-05 12:28:11,818][com.java.SeleniumDriver] [  844] - <In Set values of the page>
[INFO ][2015-11-05 12:28:11,818][com.java.SeleniumDriver] [  847] - {Data Fields & Data Values Exist}
[INFO ][2015-11-05 12:28:11,818][com.java.SeleniumDriver] [  849] - --------------------------setting values-----------------------------
[INFO ][2015-11-05 12:28:11,818][com.java.SeleniumDriver] [  852] - Action Type : SelectFrame
[INFO ][2015-11-05 12:28:13,088][com.java.SeleniumDriver] [  861] -  RESULT true
[INFO ][2015-11-05 12:28:13,088][com.java.SeleniumDriver] [ 1066] - ?   P A S S   ?
[INFO ][2015-11-05 12:28:13,088][com.java.SeleniumDriver] [  788] - ------------------------------------------
[INFO ][2015-11-05 12:28:13,089][com.java.SeleniumDriver] [  789] - Test case being Executed: 11
[INFO ][2015-11-05 12:28:13,089][com.java.SeleniumDriver] [  800] - Test step:24
[INFO ][2015-11-05 12:28:13,089][com.java.SeleniumDriver] [  812] - Datavalue is----------null
[DEBUG][2015-11-05 12:28:13,089][com.java.SeleniumDriver] [  830] - Exception: null
[INFO ][2015-11-05 12:28:13,089][com.java.SeleniumDriver] [  836] - DataField : BTNchkGlobalPrivsUserAdmin
[INFO ][2015-11-05 12:28:13,090][com.java.SeleniumDriver] [  838] - DataValue : 
[INFO ][2015-11-05 12:28:13,090][com.java.SeleniumDriver] [  844] - <In Set values of the page>
[INFO ][2015-11-05 12:28:13,090][com.java.SeleniumDriver] [  847] - {Data Fields & Data Values Exist}
[INFO ][2015-11-05 12:28:13,090][com.java.SeleniumDriver] [  849] - --------------------------setting values-----------------------------
[INFO ][2015-11-05 12:28:13,090][com.java.SeleniumDriver] [  852] - Action Type : Click
[INFO ][2015-11-05 12:28:13,090][com.java.TestType] [ 4093] - Field ::BTNchkGlobalPrivsUserAdmin
[INFO ][2015-11-05 12:28:14,090][com.java.TestType] [ 4131] - BEFORE CLICK
[INFO ][2015-11-05 12:28:15,447][com.java.TestType] [ 4138] - Unable to click the object User Admin check box
[INFO ][2015-11-05 12:28:15,447][com.java.SeleniumDriver] [  861] -  RESULT true
[INFO ][2015-11-05 12:28:15,447][com.java.SeleniumDriver] [ 1066] - ?   P A S S   ?
[INFO ][2015-11-05 12:28:15,447][com.java.SeleniumDriver] [  788] - ------------------------------------------
[INFO ][2015-11-05 12:28:15,448][com.java.SeleniumDriver] [  789] - Test case being Executed: 11
[INFO ][2015-11-05 12:28:15,448][com.java.SeleniumDriver] [  800] - Test step:25
[INFO ][2015-11-05 12:28:15,448][com.java.SeleniumDriver] [  812] - Datavalue is----------null
[DEBUG][2015-11-05 12:28:15,448][com.java.SeleniumDriver] [  830] - Exception: null
[INFO ][2015-11-05 12:28:15,448][com.java.SeleniumDriver] [  836] - DataField : BTNrdoEnableEntity_Enable
[INFO ][2015-11-05 12:28:15,448][com.java.SeleniumDriver] [  838] - DataValue : 
[INFO ][2015-11-05 12:28:15,448][com.java.SeleniumDriver] [  844] - <In Set values of the page>
[INFO ][2015-11-05 12:28:15,448][com.java.SeleniumDriver] [  847] - {Data Fields & Data Values Exist}
[INFO ][2015-11-05 12:28:15,448][com.java.SeleniumDriver] [  849] - --------------------------setting values-----------------------------
[INFO ][2015-11-05 12:28:15,448][com.java.SeleniumDriver] [  852] - Action Type : Click
[INFO ][2015-11-05 12:28:15,448][com.java.TestType] [ 4093] - Field ::BTNrdoEnableEntity_Enable
[INFO ][2015-11-05 12:28:16,448][com.java.TestType] [ 4131] - BEFORE CLICK
[INFO ][2015-11-05 12:28:17,792][com.java.TestType] [ 4138] - Unable to click the object Enable radio button
[INFO ][2015-11-05 12:28:17,792][com.java.SeleniumDriver] [  861] -  RESULT true
[INFO ][2015-11-05 12:28:17,792][com.java.SeleniumDriver] [ 1066] - ?   P A S S   ?
[INFO ][2015-11-05 12:28:17,792][com.java.SeleniumDriver] [  788] - ------------------------------------------
[INFO ][2015-11-05 12:28:17,792][com.java.SeleniumDriver] [  789] - Test case being Executed: 11
[INFO ][2015-11-05 12:28:17,792][com.java.SeleniumDriver] [  800] - Test step:26
[INFO ][2015-11-05 12:28:17,792][com.java.SeleniumDriver] [  812] - Datavalue is----------null
[DEBUG][2015-11-05 12:28:17,792][com.java.SeleniumDriver] [  830] - Exception: null
[INFO ][2015-11-05 12:28:17,792][com.java.SeleniumDriver] [  836] - DataField : BTNchkProfitCenterAll
[INFO ][2015-11-05 12:28:17,792][com.java.SeleniumDriver] [  838] - DataValue : 
[INFO ][2015-11-05 12:28:17,792][com.java.SeleniumDriver] [  844] - <In Set values of the page>
[INFO ][2015-11-05 12:28:17,793][com.java.SeleniumDriver] [  847] - {Data Fields & Data Values Exist}
[INFO ][2015-11-05 12:28:17,793][com.java.SeleniumDriver] [  849] - --------------------------setting values-----------------------------
[INFO ][2015-11-05 12:28:17,793][com.java.SeleniumDriver] [  852] - Action Type : Click
[INFO ][2015-11-05 12:28:17,793][com.java.TestType] [ 4093] - Field ::BTNchkProfitCenterAll
[INFO ][2015-11-05 12:28:18,793][com.java.TestType] [ 4131] - BEFORE CLICK
[INFO ][2015-11-05 12:28:20,130][com.java.TestType] [ 4138] - Unable to click the object All Check box
[INFO ][2015-11-05 12:28:20,130][com.java.SeleniumDriver] [  861] -  RESULT true
[INFO ][2015-11-05 12:28:20,130][com.java.SeleniumDriver] [ 1066] - ?   P A S S   ?
[INFO ][2015-11-05 12:28:20,130][com.java.SeleniumDriver] [  788] - ------------------------------------------
[INFO ][2015-11-05 12:28:20,130][com.java.SeleniumDriver] [  789] - Test case being Executed: 11
[INFO ][2015-11-05 12:28:20,130][com.java.SeleniumDriver] [  800] - Test step:27
[INFO ][2015-11-05 12:28:20,130][com.java.SeleniumDriver] [  812] - Datavalue is----------null
[DEBUG][2015-11-05 12:28:20,130][com.java.SeleniumDriver] [  830] - Exception: null
[INFO ][2015-11-05 12:28:20,130][com.java.SeleniumDriver] [  836] - DataField : BTNchkPrivsAccessGL
[INFO ][2015-11-05 12:28:20,130][com.java.SeleniumDriver] [  838] - DataValue : 
[INFO ][2015-11-05 12:28:20,130][com.java.SeleniumDriver] [  844] - <In Set values of the page>
[INFO ][2015-11-05 12:28:20,131][com.java.SeleniumDriver] [  847] - {Data Fields & Data Values Exist}
[INFO ][2015-11-05 12:28:20,131][com.java.SeleniumDriver] [  849] - --------------------------setting values-----------------------------
[INFO ][2015-11-05 12:28:20,131][com.java.SeleniumDriver] [  852] - Action Type : Click
[INFO ][2015-11-05 12:28:20,131][com.java.TestType] [ 4093] - Field ::BTNchkPrivsAccessGL
[INFO ][2015-11-05 12:28:21,131][com.java.TestType] [ 4131] - BEFORE CLICK
[INFO ][2015-11-05 12:28:22,464][com.java.TestType] [ 4138] - Unable to click the object GL check box
[INFO ][2015-11-05 12:28:22,465][com.java.SeleniumDriver] [  861] -  RESULT true
[INFO ][2015-11-05 12:28:22,465][com.java.SeleniumDriver] [ 1066] - ?   P A S S   ?
[INFO ][2015-11-05 12:28:22,465][com.java.SeleniumDriver] [  788] - ------------------------------------------
[INFO ][2015-11-05 12:28:22,465][com.java.SeleniumDriver] [  789] - Test case being Executed: 11
[INFO ][2015-11-05 12:28:22,465][com.java.SeleniumDriver] [  800] - Test step:28
[INFO ][2015-11-05 12:28:22,465][com.java.SeleniumDriver] [  812] - Datavalue is----------null
[DEBUG][2015-11-05 12:28:22,465][com.java.SeleniumDriver] [  830] - Exception: null
[INFO ][2015-11-05 12:28:22,465][com.java.SeleniumDriver] [  836] - DataField : BTNparent
[INFO ][2015-11-05 12:28:22,466][com.java.SeleniumDriver] [  838] - DataValue : 
[INFO ][2015-11-05 12:28:22,466][com.java.SeleniumDriver] [  844] - <In Set values of the page>
[INFO ][2015-11-05 12:28:22,466][com.java.SeleniumDriver] [  847] - {Data Fields & Data Values Exist}
[INFO ][2015-11-05 12:28:22,466][com.java.SeleniumDriver] [  849] - --------------------------setting values-----------------------------
[INFO ][2015-11-05 12:28:22,466][com.java.SeleniumDriver] [  852] - Action Type : SelectFrame
[INFO ][2015-11-05 12:28:22,479][com.java.SeleniumDriver] [  861] -  RESULT true
[INFO ][2015-11-05 12:28:22,479][com.java.SeleniumDriver] [ 1066] - ?   P A S S   ?
[INFO ][2015-11-05 12:28:22,479][com.java.SeleniumDriver] [  788] - ------------------------------------------
[INFO ][2015-11-05 12:28:22,479][com.java.SeleniumDriver] [  789] - Test case being Executed: 11
[INFO ][2015-11-05 12:28:22,479][com.java.SeleniumDriver] [  800] - Test step:29
[INFO ][2015-11-05 12:28:22,479][com.java.SeleniumDriver] [  812] - Datavalue is----------5
[INFO ][2015-11-05 12:28:22,479][com.java.SeleniumDriver] [  836] - DataField : test
[INFO ][2015-11-05 12:28:22,479][com.java.SeleniumDriver] [  838] - DataValue : 5
[INFO ][2015-11-05 12:28:22,479][com.java.SeleniumDriver] [  844] - <In Set values of the page>
[INFO ][2015-11-05 12:28:22,479][com.java.SeleniumDriver] [  847] - {Data Fields & Data Values Exist}
[INFO ][2015-11-05 12:28:22,479][com.java.SeleniumDriver] [  849] - --------------------------setting values-----------------------------
[INFO ][2015-11-05 12:28:22,479][com.java.SeleniumDriver] [  852] - Action Type : WaitTime
[DEBUG][2015-11-05 12:28:22,479][com.java.TestType] [ 3679] - sleepTime: 5000
[INFO ][2015-11-05 12:28:27,480][com.java.SeleniumDriver] [  861] -  RESULT true
[INFO ][2015-11-05 12:28:27,480][com.java.SeleniumDriver] [ 1066] - ?   P A S S   ?
[INFO ][2015-11-05 12:28:27,480][com.java.SeleniumDriver] [  788] - ------------------------------------------
[INFO ][2015-11-05 12:28:27,480][com.java.SeleniumDriver] [  789] - Test case being Executed: 11
[INFO ][2015-11-05 12:28:27,480][com.java.SeleniumDriver] [  800] - Test step:30
[INFO ][2015-11-05 12:28:27,480][com.java.SeleniumDriver] [  812] - Datavalue is----------null
[DEBUG][2015-11-05 12:28:27,480][com.java.SeleniumDriver] [  830] - Exception: null
[INFO ][2015-11-05 12:28:27,480][com.java.SeleniumDriver] [  836] - DataField : XPH//span[contains(text(), 'Finished')]
[INFO ][2015-11-05 12:28:27,480][com.java.SeleniumDriver] [  838] - DataValue : 
[INFO ][2015-11-05 12:28:27,480][com.java.SeleniumDriver] [  844] - <In Set values of the page>
[INFO ][2015-11-05 12:28:27,480][com.java.SeleniumDriver] [  847] - {Data Fields & Data Values Exist}
[INFO ][2015-11-05 12:28:27,481][com.java.SeleniumDriver] [  849] - --------------------------setting values-----------------------------
[INFO ][2015-11-05 12:28:27,481][com.java.SeleniumDriver] [  852] - Action Type : Click
[INFO ][2015-11-05 12:28:27,481][com.java.TestType] [ 4093] - Field ::XPH//span[contains(text(), 'Finished')]
[INFO ][2015-11-05 12:28:28,481][com.java.TestType] [ 4152] - BEFORE CLICK
[INFO ][2015-11-05 12:28:37,180][com.java.TestType] [ 4160] - Unable to click the object Finished button
[INFO ][2015-11-05 12:28:37,180][com.java.SeleniumDriver] [  861] -  RESULT true
[INFO ][2015-11-05 12:28:37,180][com.java.SeleniumDriver] [ 1066] - ?   P A S S   ?
[INFO ][2015-11-05 12:28:37,180][com.java.SeleniumDriver] [  788] - ------------------------------------------
[INFO ][2015-11-05 12:28:37,180][com.java.SeleniumDriver] [  789] - Test case being Executed: 11
[INFO ][2015-11-05 12:28:37,180][com.java.SeleniumDriver] [  800] - Test step:31
[INFO ][2015-11-05 12:28:37,180][com.java.SeleniumDriver] [  812] - Datavalue is----------5
[INFO ][2015-11-05 12:28:37,180][com.java.SeleniumDriver] [  836] - DataField : BTNframeDialogContent
[INFO ][2015-11-05 12:28:37,180][com.java.SeleniumDriver] [  838] - DataValue : 5
[INFO ][2015-11-05 12:28:37,180][com.java.SeleniumDriver] [  844] - <In Set values of the page>
[INFO ][2015-11-05 12:28:37,180][com.java.SeleniumDriver] [  847] - {Data Fields & Data Values Exist}
[INFO ][2015-11-05 12:28:37,180][com.java.SeleniumDriver] [  849] - --------------------------setting values-----------------------------
[INFO ][2015-11-05 12:28:37,181][com.java.SeleniumDriver] [  852] - Action Type : WaitForElement
[INFO ][2015-11-05 12:28:38,387][com.java.SeleniumDriver] [  861] -  RESULT true
[INFO ][2015-11-05 12:28:38,387][com.java.SeleniumDriver] [ 1066] - ?   P A S S   ?
[INFO ][2015-11-05 12:28:38,387][com.java.SeleniumDriver] [  788] - ------------------------------------------
[INFO ][2015-11-05 12:28:38,387][com.java.SeleniumDriver] [  789] - Test case being Executed: 11
[INFO ][2015-11-05 12:28:38,387][com.java.SeleniumDriver] [  800] - Test step:32
[INFO ][2015-11-05 12:28:38,387][com.java.SeleniumDriver] [  812] - Datavalue is----------null
[DEBUG][2015-11-05 12:28:38,387][com.java.SeleniumDriver] [  830] - Exception: null
[INFO ][2015-11-05 12:28:38,388][com.java.SeleniumDriver] [  836] - DataField : BTNframeDialogContent
[INFO ][2015-11-05 12:28:38,388][com.java.SeleniumDriver] [  838] - DataValue : 
[INFO ][2015-11-05 12:28:38,388][com.java.SeleniumDriver] [  844] - <In Set values of the page>
[INFO ][2015-11-05 12:28:38,388][com.java.SeleniumDriver] [  847] - {Data Fields & Data Values Exist}
[INFO ][2015-11-05 12:28:38,388][com.java.SeleniumDriver] [  849] - --------------------------setting values-----------------------------
[INFO ][2015-11-05 12:28:38,388][com.java.SeleniumDriver] [  852] - Action Type : SelectFrame
[INFO ][2015-11-05 12:28:39,639][com.java.SeleniumDriver] [  861] -  RESULT true
[INFO ][2015-11-05 12:28:39,639][com.java.SeleniumDriver] [ 1066] - ?   P A S S   ?
[INFO ][2015-11-05 12:28:39,639][com.java.SeleniumDriver] [  788] - ------------------------------------------
[INFO ][2015-11-05 12:28:39,639][com.java.SeleniumDriver] [  789] - Test case being Executed: 11
[INFO ][2015-11-05 12:28:39,639][com.java.SeleniumDriver] [  800] - Test step:33
[INFO ][2015-11-05 12:28:39,639][com.java.SeleniumDriver] [  812] - Datavalue is----------null
[DEBUG][2015-11-05 12:28:39,639][com.java.SeleniumDriver] [  830] - Exception: null
[INFO ][2015-11-05 12:28:39,639][com.java.SeleniumDriver] [  836] - DataField : XPH//table[@id="tblUserListing"]//td[contains(text(),'vltest.robot')]
[INFO ][2015-11-05 12:28:39,639][com.java.SeleniumDriver] [  838] - DataValue : 
[INFO ][2015-11-05 12:28:39,639][com.java.SeleniumDriver] [  844] - <In Set values of the page>
[INFO ][2015-11-05 12:28:39,639][com.java.SeleniumDriver] [  847] - {Data Fields & Data Values Exist}
[INFO ][2015-11-05 12:28:39,640][com.java.SeleniumDriver] [  849] - --------------------------setting values-----------------------------
[INFO ][2015-11-05 12:28:39,640][com.java.SeleniumDriver] [  852] - Action Type : WaitForElement
[INFO ][2015-11-05 12:28:39,702][com.java.SeleniumDriver] [  861] -  RESULT true
[INFO ][2015-11-05 12:28:39,702][com.java.SeleniumDriver] [ 1066] - ?   P A S S   ?
[INFO ][2015-11-05 12:28:39,702][com.java.SeleniumDriver] [  788] - ------------------------------------------
[INFO ][2015-11-05 12:28:39,702][com.java.SeleniumDriver] [  789] - Test case being Executed: 11
[INFO ][2015-11-05 12:28:39,702][com.java.SeleniumDriver] [  800] - Test step:34
[INFO ][2015-11-05 12:28:39,702][com.java.SeleniumDriver] [  812] - Datavalue is----------dt:NewUserName
[INFO ][2015-11-05 12:28:39,702][com.java.SeleniumDriver] [  836] - DataField : USR
[INFO ][2015-11-05 12:28:39,702][com.java.SeleniumDriver] [  838] - DataValue : dt:NewUserName
[INFO ][2015-11-05 12:28:39,702][com.java.SeleniumDriver] [  844] - <In Set values of the page>
[INFO ][2015-11-05 12:28:39,702][com.java.SeleniumDriver] [  847] - {Data Fields & Data Values Exist}
[INFO ][2015-11-05 12:28:39,702][com.java.SeleniumDriver] [  849] - --------------------------setting values-----------------------------
[INFO ][2015-11-05 12:28:39,703][com.java.SeleniumDriver] [  852] - Action Type : Verify
[INFO ][2015-11-05 12:28:39,703][com.java.TestType] [ 4906] - field= USR value= dt:NewUserName
[INFO ][2015-11-05 12:28:39,703][com.java.TestType] [ 3780] - value = vltest.robot
[INFO ][2015-11-05 12:28:39,769][com.java.SeleniumDriver] [  861] -  RESULT true
[INFO ][2015-11-05 12:28:39,769][com.java.SeleniumDriver] [ 1066] - ?   P A S S   ?
[INFO ][2015-11-05 12:28:39,769][com.java.SeleniumDriver] [  788] - ------------------------------------------
[INFO ][2015-11-05 12:28:39,769][com.java.SeleniumDriver] [  789] - Test case being Executed: 11
[INFO ][2015-11-05 12:28:39,769][com.java.SeleniumDriver] [  800] - Test step:35
[INFO ][2015-11-05 12:28:39,769][com.java.SeleniumDriver] [  812] - Datavalue is----------Login_username
[INFO ][2015-11-05 12:28:39,769][com.java.SeleniumDriver] [  836] - DataField : XPH//table[@id="tblUserListing"]//td[contains(text(),'vltest.robot')]
[INFO ][2015-11-05 12:28:39,769][com.java.SeleniumDriver] [  838] - DataValue : Login_username
[INFO ][2015-11-05 12:28:39,769][com.java.SeleniumDriver] [  844] - <In Set values of the page>
[INFO ][2015-11-05 12:28:39,769][com.java.SeleniumDriver] [  847] - {Data Fields & Data Values Exist}
[INFO ][2015-11-05 12:28:39,769][com.java.SeleniumDriver] [  849] - --------------------------setting values-----------------------------
[INFO ][2015-11-05 12:28:39,769][com.java.SeleniumDriver] [  852] - Action Type : STOREVALUE
[INFO ][2015-11-05 12:28:39,770][com.java.TestType] [ 5840] - field= XPH//table[@id="tblUserListing"]//td[contains(text(),'vltest.robot')]
[DEBUG][2015-11-05 12:28:39,877][com.java.TestType] [ 5892] - Key:: Login_username   Value:: vltest.robot.03890
[INFO ][2015-11-05 12:28:39,877][com.java.SeleniumDriver] [  861] -  RESULT true
[INFO ][2015-11-05 12:28:39,877][com.java.SeleniumDriver] [ 1066] - ?   P A S S   ?
[INFO ][2015-11-05 12:28:39,877][com.java.SeleniumDriver] [  788] - ------------------------------------------
[INFO ][2015-11-05 12:28:39,877][com.java.SeleniumDriver] [  789] - Test case being Executed: 11
[INFO ][2015-11-05 12:28:39,877][com.java.SeleniumDriver] [  800] - Test step:36
[INFO ][2015-11-05 12:28:39,877][com.java.SeleniumDriver] [  812] - Datavalue is----------null
[DEBUG][2015-11-05 12:28:39,877][com.java.SeleniumDriver] [  830] - Exception: null
[INFO ][2015-11-05 12:28:39,877][com.java.SeleniumDriver] [  836] - DataField : BTNparent
[INFO ][2015-11-05 12:28:39,877][com.java.SeleniumDriver] [  838] - DataValue : 
[INFO ][2015-11-05 12:28:39,877][com.java.SeleniumDriver] [  844] - <In Set values of the page>
[INFO ][2015-11-05 12:28:39,877][com.java.SeleniumDriver] [  847] - {Data Fields & Data Values Exist}
[INFO ][2015-11-05 12:28:39,877][com.java.SeleniumDriver] [  849] - --------------------------setting values-----------------------------
[INFO ][2015-11-05 12:28:39,878][com.java.SeleniumDriver] [  852] - Action Type : SelectFrame
[INFO ][2015-11-05 12:28:39,889][com.java.SeleniumDriver] [  861] -  RESULT true
[INFO ][2015-11-05 12:28:39,890][com.java.SeleniumDriver] [ 1066] - ?   P A S S   ?
[INFO ][2015-11-05 12:28:39,890][com.java.SeleniumDriver] [  788] - ------------------------------------------
[INFO ][2015-11-05 12:28:39,890][com.java.SeleniumDriver] [  789] - Test case being Executed: 11
[INFO ][2015-11-05 12:28:39,890][com.java.SeleniumDriver] [  800] - Test step:37
[INFO ][2015-11-05 12:28:39,890][com.java.SeleniumDriver] [  812] - Datavalue is----------null
[DEBUG][2015-11-05 12:28:39,890][com.java.SeleniumDriver] [  830] - Exception: null
[INFO ][2015-11-05 12:28:39,890][com.java.SeleniumDriver] [  836] - DataField : XPH//span[contains(text(), 'Finished')]
[INFO ][2015-11-05 12:28:39,890][com.java.SeleniumDriver] [  838] - DataValue : 
[INFO ][2015-11-05 12:28:39,890][com.java.SeleniumDriver] [  844] - <In Set values of the page>
[INFO ][2015-11-05 12:28:39,890][com.java.SeleniumDriver] [  847] - {Data Fields & Data Values Exist}
[INFO ][2015-11-05 12:28:39,890][com.java.SeleniumDriver] [  849] - --------------------------setting values-----------------------------
[INFO ][2015-11-05 12:28:39,890][com.java.SeleniumDriver] [  852] - Action Type : Click
[INFO ][2015-11-05 12:28:39,890][com.java.TestType] [ 4093] - Field ::XPH//span[contains(text(), 'Finished')]
[INFO ][2015-11-05 12:28:40,891][com.java.TestType] [ 4152] - BEFORE CLICK
[INFO ][2015-11-05 12:28:41,994][com.java.TestType] [ 4160] - Unable to click the object Finished button
[INFO ][2015-11-05 12:28:41,994][com.java.SeleniumDriver] [  861] -  RESULT true
[INFO ][2015-11-05 12:28:41,994][com.java.SeleniumDriver] [ 1066] - ?   P A S S   ?
[INFO ][2015-11-05 12:28:41,994][com.java.SeleniumDriver] [  788] - ------------------------------------------
[INFO ][2015-11-05 12:28:41,994][com.java.SeleniumDriver] [  789] - Test case being Executed: 11
[INFO ][2015-11-05 12:28:41,994][com.java.SeleniumDriver] [  800] - Test step:38
[INFO ][2015-11-05 12:28:41,994][com.java.SeleniumDriver] [  812] - Datavalue is----------Concept#3:1-2
[INFO ][2015-11-05 12:28:41,994][com.java.SeleniumDriver] [  836] - DataField : test
[INFO ][2015-11-05 12:28:41,994][com.java.SeleniumDriver] [  838] - DataValue : Concept#3:1-2
[INFO ][2015-11-05 12:28:41,994][com.java.SeleniumDriver] [  844] - <In Set values of the page>
[INFO ][2015-11-05 12:28:41,994][com.java.SeleniumDriver] [  847] - {Data Fields & Data Values Exist}
[INFO ][2015-11-05 12:28:41,994][com.java.SeleniumDriver] [  849] - --------------------------setting values-----------------------------
[INFO ][2015-11-05 12:28:41,995][com.java.SeleniumDriver] [  852] - Action Type : ExecuteTestCase
[INFO ][2015-11-05 12:28:41,995][com.java.TestType] [  411] - The Concept sheet name is ---------- Concept
[INFO ][2015-11-05 12:28:41,995][com.java.TestType] [  414] - The Concept ID  is ---------- 3
[DEBUG][2015-11-05 12:28:41,995][com.java.TestType] [  418] - Steps being executted in the Concept are: 1:2
[INFO ][2015-11-05 12:28:41,995][com.java.TestType] [  425] - Test data details path ---------- D:\BankersDashboard\TestInputs\TestData.xls
[INFO ][2015-11-05 12:28:42,025][com.java.TestType] [  456] -  str(1) = 3
[INFO ][2015-11-05 12:28:42,025][com.java.TestType] [  459] - Test case Id is---3
[INFO ][2015-11-05 12:28:42,025][com.java.TestType] [  461] - 3
[INFO ][2015-11-05 12:28:42,025][com.java.TestType] [  456] -  str(2) = 1
[INFO ][2015-11-05 12:28:42,027][com.java.TestType] [  508] - row values are--------{1=com.java.Objects.TestDataDetails@1feb31d}
[INFO ][2015-11-05 12:28:42,027][com.java.TestType] [  456] -  str(1) = 3
[INFO ][2015-11-05 12:28:42,027][com.java.TestType] [  459] - Test case Id is---3
[INFO ][2015-11-05 12:28:42,027][com.java.TestType] [  461] - 3
[INFO ][2015-11-05 12:28:42,027][com.java.TestType] [  456] -  str(2) = 2
[INFO ][2015-11-05 12:28:42,028][com.java.TestType] [  508] - row values are--------{1=com.java.Objects.TestDataDetails@1feb31d, 2=com.java.Objects.TestDataDetails@1d2b2f9}
[INFO ][2015-11-05 12:28:42,028][com.java.TestType] [ 7929] - Looping 1TCID = 3
[DEBUG][2015-11-05 12:28:42,028][com.java.TestType] [ 7970] - Concept ID:3 :: Step being Executed: 3::1
[INFO ][2015-11-05 12:28:42,028][com.java.TestType] [ 8008] - dataFields : test
[DEBUG][2015-11-05 12:28:42,028][com.java.TestType] [ 8014] - <In Set values of the page>
[DEBUG][2015-11-05 12:28:42,028][com.java.TestType] [ 8019] - {Data Fields & Data Values Exist}
[INFO ][2015-11-05 12:28:42,028][com.java.TestType] [ 8025] - --------------------------setting values-----------------------------
[INFO ][2015-11-05 12:28:42,028][com.java.TestType] [ 8028] - Action Type : Logout
[DEBUG][2015-11-05 12:28:51,668][com.java.SeleniumDriver] [  425] - Hub ip address is-------172.17.68.34
[INFO ][2015-11-05 12:28:51,668][com.java.SeleniumDriver] [  451] - Grid URL:http://172.17.68.34:4444/wd/hub
[INFO ][2015-11-05 12:28:51,668][com.java.SeleniumDriver] [  452] - Capability:Capabilities [{platform=ANY, ensureCleanSession=true, ignoreProtectedModeSettings=true, acceptSslCerts=true, ignoreZoomSetting=true, browserName=internet explorer, browserstack.ie.noFlash=true, version=Node1}]
[ERROR][2015-11-05 12:28:52,680][com.java.SeleniumDriver] [  496] - Unable invoke browser in grid:Could not start a new session. Possible causes are invalid address of the remote server or browser start-up failure.
Build info: version: '2.48.2', revision: '41bccdd', time: '2015-10-09 19:59:12'
System info: host: 'FVTIII438F1D', ip: '172.17.68.34', os.name: 'Windows 7', os.arch: 'x86', os.version: '6.1', java.version: '1.7.0_55'
Driver info: driver.version: SeleniumDriver
[INFO ][2015-11-05 12:28:52,681][com.java.SeleniumDriver] [  498] - Executing on local machine
[INFO ][2015-11-05 12:29:01,558][com.java.TestType] [ 8047] -  RESULT true
[INFO ][2015-11-05 12:29:01,559][com.java.TestType] [ 8164] - ?   P A S S   ?
[DEBUG][2015-11-05 12:29:01,560][com.java.TestType] [ 7970] - Concept ID:3 :: Step being Executed: 3::2
[INFO ][2015-11-05 12:29:01,560][com.java.TestType] [ 8008] - dataFields : test
[DEBUG][2015-11-05 12:29:01,560][com.java.TestType] [ 8014] - <In Set values of the page>
[DEBUG][2015-11-05 12:29:01,560][com.java.TestType] [ 8019] - {Data Fields & Data Values Exist}
[INFO ][2015-11-05 12:29:01,560][com.java.TestType] [ 8025] - --------------------------setting values-----------------------------
[INFO ][2015-11-05 12:29:01,560][com.java.TestType] [ 8028] - Action Type : WaitTime
[DEBUG][2015-11-05 12:29:01,560][com.java.TestType] [ 3679] - sleepTime: 2000
[INFO ][2015-11-05 12:29:03,560][com.java.TestType] [ 8047] -  RESULT true
[INFO ][2015-11-05 12:29:03,560][com.java.TestType] [ 8164] - ?   P A S S   ?
[INFO ][2015-11-05 12:29:03,560][com.java.TestType] [ 8235] - Looping End......
[INFO ][2015-11-05 12:29:03,564][com.java.SeleniumDriver] [  861] -  RESULT true
[INFO ][2015-11-05 12:29:03,564][com.java.SeleniumDriver] [ 1066] - ?   P A S S   ?
[INFO ][2015-11-05 12:29:03,564][com.java.SeleniumDriver] [  788] - ------------------------------------------
[INFO ][2015-11-05 12:29:03,564][com.java.SeleniumDriver] [  789] - Test case being Executed: 11
[INFO ][2015-11-05 12:29:03,564][com.java.SeleniumDriver] [  800] - Test step:39
[INFO ][2015-11-05 12:29:03,564][com.java.SeleniumDriver] [  812] - Datavalue is----------HMVLogin_username
[INFO ][2015-11-05 12:29:03,564][com.java.SeleniumDriver] [  836] - DataField : TXTusername
[INFO ][2015-11-05 12:29:03,565][com.java.SeleniumDriver] [  838] - DataValue : HMVLogin_username
[INFO ][2015-11-05 12:29:03,565][com.java.SeleniumDriver] [  844] - <In Set values of the page>
[INFO ][2015-11-05 12:29:03,565][com.java.SeleniumDriver] [  847] - {Data Fields & Data Values Exist}
[INFO ][2015-11-05 12:29:03,565][com.java.SeleniumDriver] [  849] - --------------------------setting values-----------------------------
[INFO ][2015-11-05 12:29:03,565][com.java.SeleniumDriver] [  852] - Action Type : CLEARANDENTER
[INFO ][2015-11-05 12:29:03,565][com.java.TestType] [ 3780] - value = vltest.robot.03890
[INFO ][2015-11-05 12:29:08,356][com.java.SeleniumDriver] [  861] -  RESULT true
[INFO ][2015-11-05 12:29:08,356][com.java.SeleniumDriver] [ 1066] - ?   P A S S   ?
[INFO ][2015-11-05 12:29:08,356][com.java.SeleniumDriver] [  788] - ------------------------------------------
[INFO ][2015-11-05 12:29:08,356][com.java.SeleniumDriver] [  789] - Test case being Executed: 11
[INFO ][2015-11-05 12:29:08,356][com.java.SeleniumDriver] [  800] - Test step:40
[INFO ][2015-11-05 12:29:08,357][com.java.SeleniumDriver] [  812] - Datavalue is----------dt:NewUserPswd
[INFO ][2015-11-05 12:29:08,357][com.java.SeleniumDriver] [  836] - DataField : TXTpassword
[INFO ][2015-11-05 12:29:08,357][com.java.SeleniumDriver] [  838] - DataValue : dt:NewUserPswd
[INFO ][2015-11-05 12:29:08,357][com.java.SeleniumDriver] [  844] - <In Set values of the page>
[INFO ][2015-11-05 12:29:08,357][com.java.SeleniumDriver] [  847] - {Data Fields & Data Values Exist}
[INFO ][2015-11-05 12:29:08,357][com.java.SeleniumDriver] [  849] - --------------------------setting values-----------------------------
[INFO ][2015-11-05 12:29:08,357][com.java.SeleniumDriver] [  852] - Action Type : CLEARANDENTER
[INFO ][2015-11-05 12:29:08,357][com.java.TestType] [ 3780] - value = Password1*
[INFO ][2015-11-05 12:29:13,246][com.java.SeleniumDriver] [  861] -  RESULT true
[INFO ][2015-11-05 12:29:13,246][com.java.SeleniumDriver] [ 1066] - ?   P A S S   ?
[INFO ][2015-11-05 12:29:13,246][com.java.SeleniumDriver] [  788] - ------------------------------------------
[INFO ][2015-11-05 12:29:13,246][com.java.SeleniumDriver] [  789] - Test case being Executed: 11
[INFO ][2015-11-05 12:29:13,246][com.java.SeleniumDriver] [  800] - Test step:41
[INFO ][2015-11-05 12:29:13,246][com.java.SeleniumDriver] [  812] - Datavalue is----------null
[DEBUG][2015-11-05 12:29:13,246][com.java.SeleniumDriver] [  830] - Exception: null
[INFO ][2015-11-05 12:29:13,246][com.java.SeleniumDriver] [  836] - DataField : XPH//button[@type='submit']
[INFO ][2015-11-05 12:29:13,246][com.java.SeleniumDriver] [  838] - DataValue : 
[INFO ][2015-11-05 12:29:13,246][com.java.SeleniumDriver] [  844] - <In Set values of the page>
[INFO ][2015-11-05 12:29:13,246][com.java.SeleniumDriver] [  847] - {Data Fields & Data Values Exist}
[INFO ][2015-11-05 12:29:13,247][com.java.SeleniumDriver] [  849] - --------------------------setting values-----------------------------
[INFO ][2015-11-05 12:29:13,247][com.java.SeleniumDriver] [  852] - Action Type : Click
[INFO ][2015-11-05 12:29:13,247][com.java.TestType] [ 4093] - Field ::XPH//button[@type='submit']
[INFO ][2015-11-05 12:29:14,247][com.java.TestType] [ 4152] - BEFORE CLICK
[INFO ][2015-11-05 12:29:35,817][com.java.TestType] [ 4160] - Unable to click the object Login
[INFO ][2015-11-05 12:29:35,817][com.java.SeleniumDriver] [  861] -  RESULT true
[INFO ][2015-11-05 12:29:35,817][com.java.SeleniumDriver] [ 1066] - ?   P A S S   ?
[INFO ][2015-11-05 12:29:35,817][com.java.SeleniumDriver] [  788] - ------------------------------------------
[INFO ][2015-11-05 12:29:35,817][com.java.SeleniumDriver] [  789] - Test case being Executed: 11
[INFO ][2015-11-05 12:29:35,817][com.java.SeleniumDriver] [  800] - Test step:42
[INFO ][2015-11-05 12:29:35,817][com.java.SeleniumDriver] [  812] - Datavalue is----------null
[DEBUG][2015-11-05 12:29:35,817][com.java.SeleniumDriver] [  830] - Exception: null
[INFO ][2015-11-05 12:29:35,817][com.java.SeleniumDriver] [  836] - DataField : test
[INFO ][2015-11-05 12:29:35,817][com.java.SeleniumDriver] [  838] - DataValue : 
[INFO ][2015-11-05 12:29:35,818][com.java.SeleniumDriver] [  844] - <In Set values of the page>
[INFO ][2015-11-05 12:29:35,818][com.java.SeleniumDriver] [  847] - {Data Fields & Data Values Exist}
[INFO ][2015-11-05 12:29:35,818][com.java.SeleniumDriver] [  849] - --------------------------setting values-----------------------------
[INFO ][2015-11-05 12:29:35,818][com.java.SeleniumDriver] [  852] - Action Type : WaitTime
[DEBUG][2015-11-05 12:29:35,818][com.java.TestType] [ 3679] - sleepTime: 10000
[INFO ][2015-11-05 12:29:45,819][com.java.SeleniumDriver] [  861] -  RESULT true
[INFO ][2015-11-05 12:29:45,819][com.java.SeleniumDriver] [ 1066] - ?   P A S S   ?
[INFO ][2015-11-05 12:29:45,819][com.java.SeleniumDriver] [  788] - ------------------------------------------
[INFO ][2015-11-05 12:29:45,819][com.java.SeleniumDriver] [  789] - Test case being Executed: 11
[INFO ][2015-11-05 12:29:45,819][com.java.SeleniumDriver] [  800] - Test step:43
[INFO ][2015-11-05 12:29:45,819][com.java.SeleniumDriver] [  812] - Datavalue is----------Banker'sDashboard
[INFO ][2015-11-05 12:29:45,819][com.java.SeleniumDriver] [  836] - DataField : TTL
[INFO ][2015-11-05 12:29:45,819][com.java.SeleniumDriver] [  838] - DataValue : Banker'sDashboard
[INFO ][2015-11-05 12:29:45,819][com.java.SeleniumDriver] [  844] - <In Set values of the page>
[INFO ][2015-11-05 12:29:45,819][com.java.SeleniumDriver] [  847] - {Data Fields & Data Values Exist}
[INFO ][2015-11-05 12:29:45,819][com.java.SeleniumDriver] [  849] - --------------------------setting values-----------------------------
[INFO ][2015-11-05 12:29:45,819][com.java.SeleniumDriver] [  852] - Action Type : SelectWindow
[INFO ][2015-11-05 12:29:57,980][com.java.SeleniumDriver] [  861] -  RESULT true
[INFO ][2015-11-05 12:29:57,980][com.java.SeleniumDriver] [ 1066] - ?   P A S S   ?
[INFO ][2015-11-05 12:29:57,980][com.java.SeleniumDriver] [  788] - ------------------------------------------
[INFO ][2015-11-05 12:29:57,980][com.java.SeleniumDriver] [  789] - Test case being Executed: 11
[INFO ][2015-11-05 12:29:57,980][com.java.SeleniumDriver] [  800] - Test step:44
[INFO ][2015-11-05 12:29:57,980][com.java.SeleniumDriver] [  812] - Datavalue is----------20
[INFO ][2015-11-05 12:29:57,980][com.java.SeleniumDriver] [  836] - DataField : test
[INFO ][2015-11-05 12:29:57,980][com.java.SeleniumDriver] [  838] - DataValue : 20
[INFO ][2015-11-05 12:29:57,980][com.java.SeleniumDriver] [  844] - <In Set values of the page>
[INFO ][2015-11-05 12:29:57,980][com.java.SeleniumDriver] [  847] - {Data Fields & Data Values Exist}
[INFO ][2015-11-05 12:29:57,980][com.java.SeleniumDriver] [  849] - --------------------------setting values-----------------------------
[INFO ][2015-11-05 12:29:57,980][com.java.SeleniumDriver] [  852] - Action Type : WaitTime
[DEBUG][2015-11-05 12:29:57,981][com.java.TestType] [ 3679] - sleepTime: 20000
[INFO ][2015-11-05 12:30:17,982][com.java.SeleniumDriver] [  861] -  RESULT true
[INFO ][2015-11-05 12:30:17,982][com.java.SeleniumDriver] [ 1066] - ?   P A S S   ?
[INFO ][2015-11-05 12:30:17,982][com.java.SeleniumDriver] [  788] - ------------------------------------------
[INFO ][2015-11-05 12:30:17,982][com.java.SeleniumDriver] [  789] - Test case being Executed: 11
[INFO ][2015-11-05 12:30:17,982][com.java.SeleniumDriver] [  800] - Test step:45
[INFO ][2015-11-05 12:30:17,982][com.java.SeleniumDriver] [  812] - Datavalue is----------null
[DEBUG][2015-11-05 12:30:17,982][com.java.SeleniumDriver] [  830] - Exception: null
[INFO ][2015-11-05 12:30:17,982][com.java.SeleniumDriver] [  836] - DataField : //span[@class='icon-cog2']&&User Settings
[INFO ][2015-11-05 12:30:17,982][com.java.SeleniumDriver] [  838] - DataValue : 
[INFO ][2015-11-05 12:30:17,982][com.java.SeleniumDriver] [  844] - <In Set values of the page>
[INFO ][2015-11-05 12:30:17,982][com.java.SeleniumDriver] [  847] - {Data Fields & Data Values Exist}
[INFO ][2015-11-05 12:30:17,982][com.java.SeleniumDriver] [  849] - --------------------------setting values-----------------------------
[INFO ][2015-11-05 12:30:17,983][com.java.SeleniumDriver] [  852] - Action Type : MouseOver
[INFO ][2015-11-05 12:30:26,664][com.java.SeleniumDriver] [  861] -  RESULT true
[INFO ][2015-11-05 12:30:26,664][com.java.SeleniumDriver] [ 1066] - ?   P A S S   ?
[INFO ][2015-11-05 12:30:26,664][com.java.SeleniumDriver] [  788] - ------------------------------------------
[INFO ][2015-11-05 12:30:26,664][com.java.SeleniumDriver] [  789] - Test case being Executed: 11
[INFO ][2015-11-05 12:30:26,664][com.java.SeleniumDriver] [  800] - Test step:46
[INFO ][2015-11-05 12:30:26,664][com.java.SeleniumDriver] [  812] - Datavalue is----------null
[DEBUG][2015-11-05 12:30:26,664][com.java.SeleniumDriver] [  830] - Exception: null
[INFO ][2015-11-05 12:30:26,664][com.java.SeleniumDriver] [  836] - DataField : BTNframeDialogContent
[INFO ][2015-11-05 12:30:26,664][com.java.SeleniumDriver] [  838] - DataValue : 
[INFO ][2015-11-05 12:30:26,664][com.java.SeleniumDriver] [  844] - <In Set values of the page>
[INFO ][2015-11-05 12:30:26,664][com.java.SeleniumDriver] [  847] - {Data Fields & Data Values Exist}
[INFO ][2015-11-05 12:30:26,665][com.java.SeleniumDriver] [  849] - --------------------------setting values-----------------------------
[INFO ][2015-11-05 12:30:26,665][com.java.SeleniumDriver] [  852] - Action Type : WaitForElement
[INFO ][2015-11-05 12:30:27,852][com.java.SeleniumDriver] [  861] -  RESULT true
[INFO ][2015-11-05 12:30:27,852][com.java.SeleniumDriver] [ 1066] - ?   P A S S   ?
[INFO ][2015-11-05 12:30:27,852][com.java.SeleniumDriver] [  788] - ------------------------------------------
[INFO ][2015-11-05 12:30:27,852][com.java.SeleniumDriver] [  789] - Test case being Executed: 11
[INFO ][2015-11-05 12:30:27,852][com.java.SeleniumDriver] [  800] - Test step:47
[INFO ][2015-11-05 12:30:27,852][com.java.SeleniumDriver] [  812] - Datavalue is----------frameDialogContent
[INFO ][2015-11-05 12:30:27,853][com.java.SeleniumDriver] [  836] - DataField : BTN
[INFO ][2015-11-05 12:30:27,853][com.java.SeleniumDriver] [  838] - DataValue : frameDialogContent
[INFO ][2015-11-05 12:30:27,853][com.java.SeleniumDriver] [  844] - <In Set values of the page>
[INFO ][2015-11-05 12:30:27,853][com.java.SeleniumDriver] [  847] - {Data Fields & Data Values Exist}
[INFO ][2015-11-05 12:30:27,853][com.java.SeleniumDriver] [  849] - --------------------------setting values-----------------------------
[INFO ][2015-11-05 12:30:27,853][com.java.SeleniumDriver] [  852] - Action Type : SELECTFRAMEBYNAME
[INFO ][2015-11-05 12:30:27,853][com.java.TestType] [ 3780] - value = frameDialogContent
[INFO ][2015-11-05 12:30:27,921][com.java.SeleniumDriver] [  861] -  RESULT true
[INFO ][2015-11-05 12:30:27,921][com.java.SeleniumDriver] [ 1066] - ?   P A S S   ?
[INFO ][2015-11-05 12:30:27,921][com.java.SeleniumDriver] [  788] - ------------------------------------------
[INFO ][2015-11-05 12:30:27,921][com.java.SeleniumDriver] [  789] - Test case being Executed: 11
[INFO ][2015-11-05 12:30:27,921][com.java.SeleniumDriver] [  800] - Test step:48
[INFO ][2015-11-05 12:30:27,921][com.java.SeleniumDriver] [  812] - Datavalue is----------No
[INFO ][2015-11-05 12:30:27,921][com.java.SeleniumDriver] [  836] - DataField : SLBddlOpenBDInNewWindow
[INFO ][2015-11-05 12:30:27,921][com.java.SeleniumDriver] [  838] - DataValue : No
[INFO ][2015-11-05 12:30:27,921][com.java.SeleniumDriver] [  844] - <In Set values of the page>
[INFO ][2015-11-05 12:30:27,921][com.java.SeleniumDriver] [  847] - {Data Fields & Data Values Exist}
[INFO ][2015-11-05 12:30:27,921][com.java.SeleniumDriver] [  849] - --------------------------setting values-----------------------------
[INFO ][2015-11-05 12:30:27,921][com.java.SeleniumDriver] [  852] - Action Type : Select
[INFO ][2015-11-05 12:30:27,921][com.java.TestType] [ 3780] - value = No
[INFO ][2015-11-05 12:30:30,227][com.java.SeleniumDriver] [  861] -  RESULT true
[INFO ][2015-11-05 12:30:30,227][com.java.SeleniumDriver] [ 1066] - ?   P A S S   ?
[INFO ][2015-11-05 12:30:30,227][com.java.SeleniumDriver] [  788] - ------------------------------------------
[INFO ][2015-11-05 12:30:30,227][com.java.SeleniumDriver] [  789] - Test case being Executed: 11
[INFO ][2015-11-05 12:30:30,227][com.java.SeleniumDriver] [  800] - Test step:49
[INFO ][2015-11-05 12:30:30,227][com.java.SeleniumDriver] [  812] - Datavalue is----------null
[DEBUG][2015-11-05 12:30:30,227][com.java.SeleniumDriver] [  830] - Exception: null
[INFO ][2015-11-05 12:30:30,227][com.java.SeleniumDriver] [  836] - DataField : BTNparent
[INFO ][2015-11-05 12:30:30,227][com.java.SeleniumDriver] [  838] - DataValue : 
[INFO ][2015-11-05 12:30:30,228][com.java.SeleniumDriver] [  844] - <In Set values of the page>
[INFO ][2015-11-05 12:30:30,228][com.java.SeleniumDriver] [  847] - {Data Fields & Data Values Exist}
[INFO ][2015-11-05 12:30:30,228][com.java.SeleniumDriver] [  849] - --------------------------setting values-----------------------------
[INFO ][2015-11-05 12:30:30,228][com.java.SeleniumDriver] [  852] - Action Type : SELECTFRAME
[INFO ][2015-11-05 12:30:30,241][com.java.SeleniumDriver] [  861] -  RESULT true
[INFO ][2015-11-05 12:30:30,241][com.java.SeleniumDriver] [ 1066] - ?   P A S S   ?
[INFO ][2015-11-05 12:30:30,241][com.java.SeleniumDriver] [  788] - ------------------------------------------
[INFO ][2015-11-05 12:30:30,241][com.java.SeleniumDriver] [  789] - Test case being Executed: 11
[INFO ][2015-11-05 12:30:30,241][com.java.SeleniumDriver] [  800] - Test step:50
[INFO ][2015-11-05 12:30:30,241][com.java.SeleniumDriver] [  812] - Datavalue is----------null
[DEBUG][2015-11-05 12:30:30,241][com.java.SeleniumDriver] [  830] - Exception: null
[INFO ][2015-11-05 12:30:30,241][com.java.SeleniumDriver] [  836] - DataField : BTN//span[text()='Finished']
[INFO ][2015-11-05 12:30:30,241][com.java.SeleniumDriver] [  838] - DataValue : 
[INFO ][2015-11-05 12:30:30,241][com.java.SeleniumDriver] [  844] - <In Set values of the page>
[INFO ][2015-11-05 12:30:30,241][com.java.SeleniumDriver] [  847] - {Data Fields & Data Values Exist}
[INFO ][2015-11-05 12:30:30,242][com.java.SeleniumDriver] [  849] - --------------------------setting values-----------------------------
[INFO ][2015-11-05 12:30:30,242][com.java.SeleniumDriver] [  852] - Action Type : Click
[INFO ][2015-11-05 12:30:30,242][com.java.TestType] [ 4093] - Field ::BTN//span[text()='Finished']
[INFO ][2015-11-05 12:30:31,242][com.java.TestType] [ 4131] - BEFORE CLICK
[INFO ][2015-11-05 12:30:31,525][com.java.TestType] [ 4138] - Unable to click the object Finished button
[INFO ][2015-11-05 12:30:31,525][com.java.SeleniumDriver] [  861] -  RESULT true
[INFO ][2015-11-05 12:30:31,525][com.java.SeleniumDriver] [ 1066] - ?   P A S S   ?
[INFO ][2015-11-05 12:30:31,525][com.java.SeleniumDriver] [  788] - ------------------------------------------
[INFO ][2015-11-05 12:30:31,525][com.java.SeleniumDriver] [  789] - Test case being Executed: 11
[INFO ][2015-11-05 12:30:31,525][com.java.SeleniumDriver] [  800] - Test step:51
[INFO ][2015-11-05 12:30:31,525][com.java.SeleniumDriver] [  812] - Datavalue is----------Logout
[INFO ][2015-11-05 12:30:31,525][com.java.SeleniumDriver] [  836] - DataField : LNK
[INFO ][2015-11-05 12:30:31,525][com.java.SeleniumDriver] [  838] - DataValue : Logout
[INFO ][2015-11-05 12:30:31,525][com.java.SeleniumDriver] [  844] - <In Set values of the page>
[INFO ][2015-11-05 12:30:31,526][com.java.SeleniumDriver] [  847] - {Data Fields & Data Values Exist}
[INFO ][2015-11-05 12:30:31,526][com.java.SeleniumDriver] [  849] - --------------------------setting values-----------------------------
[INFO ][2015-11-05 12:30:31,526][com.java.SeleniumDriver] [  852] - Action Type : Verify
[INFO ][2015-11-05 12:30:31,526][com.java.TestType] [ 4906] - field= LNK value= Logout
[INFO ][2015-11-05 12:30:31,526][com.java.TestType] [ 3780] - value = Logout
[INFO ][2015-11-05 12:30:31,638][com.java.SeleniumDriver] [  861] -  RESULT true
[INFO ][2015-11-05 12:30:31,638][com.java.SeleniumDriver] [ 1066] - ?   P A S S   ?
[INFO ][2015-11-05 12:30:31,638][com.java.SeleniumDriver] [  788] - ------------------------------------------
[INFO ][2015-11-05 12:30:31,638][com.java.SeleniumDriver] [  789] - Test case being Executed: 11
[INFO ][2015-11-05 12:30:31,638][com.java.SeleniumDriver] [  800] - Test step:52
[INFO ][2015-11-05 12:30:31,638][com.java.SeleniumDriver] [  812] - Datavalue is----------//img[contains(@src,'bdlogo.jpg')]
[INFO ][2015-11-05 12:30:31,638][com.java.SeleniumDriver] [  836] - DataField : BTN
[INFO ][2015-11-05 12:30:31,638][com.java.SeleniumDriver] [  838] - DataValue : //img[contains(@src,'bdlogo.jpg')]
[INFO ][2015-11-05 12:30:31,638][com.java.SeleniumDriver] [  844] - <In Set values of the page>
[INFO ][2015-11-05 12:30:31,638][com.java.SeleniumDriver] [  847] - {Data Fields & Data Values Exist}
[INFO ][2015-11-05 12:30:31,638][com.java.SeleniumDriver] [  849] - --------------------------setting values-----------------------------
[INFO ][2015-11-05 12:30:31,638][com.java.SeleniumDriver] [  852] - Action Type : Verify
[INFO ][2015-11-05 12:30:31,639][com.java.TestType] [ 4906] - field= BTN value= //img[contains(@src,'bdlogo.jpg')]
[INFO ][2015-11-05 12:30:31,639][com.java.TestType] [ 3780] - value = //img[contains(@src,'bdlogo.jpg')]
[INFO ][2015-11-05 12:30:31,761][com.java.SeleniumDriver] [  861] -  RESULT true
[INFO ][2015-11-05 12:30:31,761][com.java.SeleniumDriver] [ 1066] - ?   P A S S   ?
[INFO ][2015-11-05 12:30:31,762][com.java.SeleniumDriver] [  788] - ------------------------------------------
[INFO ][2015-11-05 12:30:31,762][com.java.SeleniumDriver] [  789] - Test case being Executed: 11
[INFO ][2015-11-05 12:30:31,762][com.java.SeleniumDriver] [  800] - Test step:53
[INFO ][2015-11-05 12:30:31,762][com.java.SeleniumDriver] [  812] - Datavalue is----------Concept#3:1-2
[INFO ][2015-11-05 12:30:31,762][com.java.SeleniumDriver] [  836] - DataField : test
[INFO ][2015-11-05 12:30:31,762][com.java.SeleniumDriver] [  838] - DataValue : Concept#3:1-2
[INFO ][2015-11-05 12:30:31,762][com.java.SeleniumDriver] [  844] - <In Set values of the page>
[INFO ][2015-11-05 12:30:31,762][com.java.SeleniumDriver] [  847] - {Data Fields & Data Values Exist}
[INFO ][2015-11-05 12:30:31,762][com.java.SeleniumDriver] [  849] - --------------------------setting values-----------------------------
[INFO ][2015-11-05 12:30:31,762][com.java.SeleniumDriver] [  852] - Action Type : ExecuteTestCase
[INFO ][2015-11-05 12:30:31,762][com.java.TestType] [  411] - The Concept sheet name is ---------- Concept
[INFO ][2015-11-05 12:30:31,762][com.java.TestType] [  414] - The Concept ID  is ---------- 3
[DEBUG][2015-11-05 12:30:31,762][com.java.TestType] [  418] - Steps being executted in the Concept are: 1:2
[INFO ][2015-11-05 12:30:31,762][com.java.TestType] [  425] - Test data details path ---------- D:\BankersDashboard\TestInputs\TestData.xls
[INFO ][2015-11-05 12:30:31,793][com.java.TestType] [  456] -  str(1) = 3
[INFO ][2015-11-05 12:30:31,793][com.java.TestType] [  459] - Test case Id is---3
[INFO ][2015-11-05 12:30:31,793][com.java.TestType] [  461] - 3
[INFO ][2015-11-05 12:30:31,793][com.java.TestType] [  456] -  str(2) = 1
[INFO ][2015-11-05 12:30:31,794][com.java.TestType] [  508] - row values are--------{1=com.java.Objects.TestDataDetails@db0bb0}
[INFO ][2015-11-05 12:30:31,794][com.java.TestType] [  456] -  str(1) = 3
[INFO ][2015-11-05 12:30:31,794][com.java.TestType] [  459] - Test case Id is---3
[INFO ][2015-11-05 12:30:31,795][com.java.TestType] [  461] - 3
[INFO ][2015-11-05 12:30:31,795][com.java.TestType] [  456] -  str(2) = 2
[INFO ][2015-11-05 12:30:31,795][com.java.TestType] [  508] - row values are--------{1=com.java.Objects.TestDataDetails@db0bb0, 2=com.java.Objects.TestDataDetails@f849c2}
[INFO ][2015-11-05 12:30:31,795][com.java.TestType] [ 7929] - Looping 1TCID = 3
[DEBUG][2015-11-05 12:30:31,795][com.java.TestType] [ 7970] - Concept ID:3 :: Step being Executed: 3::1
[INFO ][2015-11-05 12:30:31,795][com.java.TestType] [ 8008] - dataFields : test
[DEBUG][2015-11-05 12:30:31,796][com.java.TestType] [ 8014] - <In Set values of the page>
[DEBUG][2015-11-05 12:30:31,796][com.java.TestType] [ 8019] - {Data Fields & Data Values Exist}
[INFO ][2015-11-05 12:30:31,796][com.java.TestType] [ 8025] - --------------------------setting values-----------------------------
[INFO ][2015-11-05 12:30:31,796][com.java.TestType] [ 8028] - Action Type : Logout
[DEBUG][2015-11-05 12:30:41,483][com.java.SeleniumDriver] [  425] - Hub ip address is-------172.17.68.34
[INFO ][2015-11-05 12:30:41,483][com.java.SeleniumDriver] [  451] - Grid URL:http://172.17.68.34:4444/wd/hub
[INFO ][2015-11-05 12:30:41,483][com.java.SeleniumDriver] [  452] - Capability:Capabilities [{platform=ANY, ensureCleanSession=true, ignoreProtectedModeSettings=true, acceptSslCerts=true, ignoreZoomSetting=true, browserName=internet explorer, browserstack.ie.noFlash=true, version=Node1}]
[ERROR][2015-11-05 12:30:42,486][com.java.SeleniumDriver] [  496] - Unable invoke browser in grid:Could not start a new session. Possible causes are invalid address of the remote server or browser start-up failure.
Build info: version: '2.48.2', revision: '41bccdd', time: '2015-10-09 19:59:12'
System info: host: 'FVTIII438F1D', ip: '172.17.68.34', os.name: 'Windows 7', os.arch: 'x86', os.version: '6.1', java.version: '1.7.0_55'
Driver info: driver.version: SeleniumDriver
[INFO ][2015-11-05 12:30:42,487][com.java.SeleniumDriver] [  498] - Executing on local machine
[INFO ][2015-11-05 12:30:51,600][com.java.TestType] [ 8047] -  RESULT true
[INFO ][2015-11-05 12:30:51,600][com.java.TestType] [ 8164] - ?   P A S S   ?
[DEBUG][2015-11-05 12:30:51,600][com.java.TestType] [ 7970] - Concept ID:3 :: Step being Executed: 3::2
[INFO ][2015-11-05 12:30:51,600][com.java.TestType] [ 8008] - dataFields : test
[DEBUG][2015-11-05 12:30:51,600][com.java.TestType] [ 8014] - <In Set values of the page>
[DEBUG][2015-11-05 12:30:51,600][com.java.TestType] [ 8019] - {Data Fields & Data Values Exist}
[INFO ][2015-11-05 12:30:51,601][com.java.TestType] [ 8025] - --------------------------setting values-----------------------------
[INFO ][2015-11-05 12:30:51,601][com.java.TestType] [ 8028] - Action Type : WaitTime
[DEBUG][2015-11-05 12:30:51,601][com.java.TestType] [ 3679] - sleepTime: 2000
[INFO ][2015-11-05 12:30:53,601][com.java.TestType] [ 8047] -  RESULT true
[INFO ][2015-11-05 12:30:53,601][com.java.TestType] [ 8164] - ?   P A S S   ?
[INFO ][2015-11-05 12:30:53,601][com.java.TestType] [ 8235] - Looping End......
[INFO ][2015-11-05 12:30:53,605][com.java.SeleniumDriver] [  861] -  RESULT true
[INFO ][2015-11-05 12:30:53,606][com.java.SeleniumDriver] [ 1066] - ?   P A S S   ?
[INFO ][2015-11-05 12:30:53,606][com.java.SeleniumDriver] [  788] - ------------------------------------------
[INFO ][2015-11-05 12:30:53,606][com.java.SeleniumDriver] [  789] - Test case being Executed: 11
[INFO ][2015-11-05 12:30:53,606][com.java.SeleniumDriver] [  800] - Test step:54
[INFO ][2015-11-05 12:30:53,606][com.java.SeleniumDriver] [  812] - Datavalue is----------Concept#1:1-14
[INFO ][2015-11-05 12:30:53,606][com.java.SeleniumDriver] [  836] - DataField : test
[INFO ][2015-11-05 12:30:53,606][com.java.SeleniumDriver] [  838] - DataValue : Concept#1:1-14
[INFO ][2015-11-05 12:30:53,606][com.java.SeleniumDriver] [  844] - <In Set values of the page>
[INFO ][2015-11-05 12:30:53,606][com.java.SeleniumDriver] [  847] - {Data Fields & Data Values Exist}
[INFO ][2015-11-05 12:30:53,606][com.java.SeleniumDriver] [  849] - --------------------------setting values-----------------------------
[INFO ][2015-11-05 12:30:53,606][com.java.SeleniumDriver] [  852] - Action Type : ExecuteTestCase
[INFO ][2015-11-05 12:30:53,606][com.java.TestType] [  411] - The Concept sheet name is ---------- Concept
[INFO ][2015-11-05 12:30:53,607][com.java.TestType] [  414] - The Concept ID  is ---------- 1
[DEBUG][2015-11-05 12:30:53,607][com.java.TestType] [  418] - Steps being executted in the Concept are: 1:14
[INFO ][2015-11-05 12:30:53,607][com.java.TestType] [  425] - Test data details path ---------- D:\BankersDashboard\TestInputs\TestData.xls
[INFO ][2015-11-05 12:30:53,641][com.java.TestType] [  456] -  str(1) = 1
[INFO ][2015-11-05 12:30:53,641][com.java.TestType] [  459] - Test case Id is---1
[INFO ][2015-11-05 12:30:53,641][com.java.TestType] [  461] - 1
[INFO ][2015-11-05 12:30:53,641][com.java.TestType] [  456] -  str(2) = 1
[INFO ][2015-11-05 12:30:53,643][com.java.TestType] [  508] - row values are--------{1=com.java.Objects.TestDataDetails@1ba2299}
[INFO ][2015-11-05 12:30:53,643][com.java.TestType] [  456] -  str(1) = 1
[INFO ][2015-11-05 12:30:53,643][com.java.TestType] [  459] - Test case Id is---1
[INFO ][2015-11-05 12:30:53,643][com.java.TestType] [  461] - 1
[INFO ][2015-11-05 12:30:53,643][com.java.TestType] [  456] -  str(2) = 2
[INFO ][2015-11-05 12:30:53,644][com.java.TestType] [  508] - row values are--------{1=com.java.Objects.TestDataDetails@1ba2299, 2=com.java.Objects.TestDataDetails@19a4525}
[INFO ][2015-11-05 12:30:53,644][com.java.TestType] [  456] -  str(1) = 1
[INFO ][2015-11-05 12:30:53,644][com.java.TestType] [  459] - Test case Id is---1
[INFO ][2015-11-05 12:30:53,644][com.java.TestType] [  461] - 1
[INFO ][2015-11-05 12:30:53,644][com.java.TestType] [  456] -  str(2) = 3
[INFO ][2015-11-05 12:30:53,645][com.java.TestType] [  508] - row values are--------{1=com.java.Objects.TestDataDetails@1ba2299, 2=com.java.Objects.TestDataDetails@19a4525, 3=com.java.Objects.TestDataDetails@7b299b}
[INFO ][2015-11-05 12:30:53,645][com.java.TestType] [  456] -  str(1) = 1
[INFO ][2015-11-05 12:30:53,645][com.java.TestType] [  459] - Test case Id is---1
[INFO ][2015-11-05 12:30:53,645][com.java.TestType] [  461] - 1
[INFO ][2015-11-05 12:30:53,645][com.java.TestType] [  456] -  str(2) = 4
[INFO ][2015-11-05 12:30:53,646][com.java.TestType] [  508] - row values are--------{1=com.java.Objects.TestDataDetails@1ba2299, 2=com.java.Objects.TestDataDetails@19a4525, 3=com.java.Objects.TestDataDetails@7b299b, 4=com.java.Objects.TestDataDetails@139c87a}
[INFO ][2015-11-05 12:30:53,646][com.java.TestType] [  456] -  str(1) = 1
[INFO ][2015-11-05 12:30:53,646][com.java.TestType] [  459] - Test case Id is---1
[INFO ][2015-11-05 12:30:53,646][com.java.TestType] [  461] - 1
[INFO ][2015-11-05 12:30:53,646][com.java.TestType] [  456] -  str(2) = 5
[INFO ][2015-11-05 12:30:53,647][com.java.TestType] [  508] - row values are--------{1=com.java.Objects.TestDataDetails@1ba2299, 2=com.java.Objects.TestDataDetails@19a4525, 3=com.java.Objects.TestDataDetails@7b299b, 4=com.java.Objects.TestDataDetails@139c87a, 5=com.java.Objects.TestDataDetails@143a514}
[INFO ][2015-11-05 12:30:53,647][com.java.TestType] [  456] -  str(1) = 1
[INFO ][2015-11-05 12:30:53,647][com.java.TestType] [  459] - Test case Id is---1
[INFO ][2015-11-05 12:30:53,647][com.java.TestType] [  461] - 1
[INFO ][2015-11-05 12:30:53,647][com.java.TestType] [  456] -  str(2) = 6
[INFO ][2015-11-05 12:30:53,648][com.java.TestType] [  508] - row values are--------{1=com.java.Objects.TestDataDetails@1ba2299, 2=com.java.Objects.TestDataDetails@19a4525, 3=com.java.Objects.TestDataDetails@7b299b, 4=com.java.Objects.TestDataDetails@139c87a, 5=com.java.Objects.TestDataDetails@143a514, 6=com.java.Objects.TestDataDetails@13b9cff}
[INFO ][2015-11-05 12:30:53,648][com.java.TestType] [  456] -  str(1) = 1
[INFO ][2015-11-05 12:30:53,648][com.java.TestType] [  459] - Test case Id is---1
[INFO ][2015-11-05 12:30:53,648][com.java.TestType] [  461] - 1
[INFO ][2015-11-05 12:30:53,648][com.java.TestType] [  456] -  str(2) = 7
[INFO ][2015-11-05 12:30:53,649][com.java.TestType] [  508] - row values are--------{1=com.java.Objects.TestDataDetails@1ba2299, 2=com.java.Objects.TestDataDetails@19a4525, 3=com.java.Objects.TestDataDetails@7b299b, 4=com.java.Objects.TestDataDetails@139c87a, 5=com.java.Objects.TestDataDetails@143a514, 6=com.java.Objects.TestDataDetails@13b9cff, 7=com.java.Objects.TestDataDetails@1c4317c}
[INFO ][2015-11-05 12:30:53,649][com.java.TestType] [  456] -  str(1) = 1
[INFO ][2015-11-05 12:30:53,649][com.java.TestType] [  459] - Test case Id is---1
[INFO ][2015-11-05 12:30:53,649][com.java.TestType] [  461] - 1
[INFO ][2015-11-05 12:30:53,649][com.java.TestType] [  456] -  str(2) = 8
[INFO ][2015-11-05 12:30:53,650][com.java.TestType] [  508] - row values are--------{1=com.java.Objects.TestDataDetails@1ba2299, 2=com.java.Objects.TestDataDetails@19a4525, 3=com.java.Objects.TestDataDetails@7b299b, 4=com.java.Objects.TestDataDetails@139c87a, 5=com.java.Objects.TestDataDetails@143a514, 6=com.java.Objects.TestDataDetails@13b9cff, 7=com.java.Objects.TestDataDetails@1c4317c, 8=com.java.Objects.TestDataDetails@361f43}
[INFO ][2015-11-05 12:30:53,650][com.java.TestType] [  456] -  str(1) = 1
[INFO ][2015-11-05 12:30:53,650][com.java.TestType] [  459] - Test case Id is---1
[INFO ][2015-11-05 12:30:53,650][com.java.TestType] [  461] - 1
[INFO ][2015-11-05 12:30:53,650][com.java.TestType] [  456] -  str(2) = 9
[INFO ][2015-11-05 12:30:53,651][com.java.TestType] [  508] - row values are--------{1=com.java.Objects.TestDataDetails@1ba2299, 2=com.java.Objects.TestDataDetails@19a4525, 3=com.java.Objects.TestDataDetails@7b299b, 4=com.java.Objects.TestDataDetails@139c87a, 5=com.java.Objects.TestDataDetails@143a514, 6=com.java.Objects.TestDataDetails@13b9cff, 7=com.java.Objects.TestDataDetails@1c4317c, 8=com.java.Objects.TestDataDetails@361f43, 9=com.java.Objects.TestDataDetails@107e61f}
[INFO ][2015-11-05 12:30:53,651][com.java.TestType] [  456] -  str(1) = 1
[INFO ][2015-11-05 12:30:53,651][com.java.TestType] [  459] - Test case Id is---1
[INFO ][2015-11-05 12:30:53,651][com.java.TestType] [  461] - 1
[INFO ][2015-11-05 12:30:53,651][com.java.TestType] [  456] -  str(2) = 10
[INFO ][2015-11-05 12:30:53,652][com.java.TestType] [  508] - row values are--------{1=com.java.Objects.TestDataDetails@1ba2299, 2=com.java.Objects.TestDataDetails@19a4525, 3=com.java.Objects.TestDataDetails@7b299b, 4=com.java.Objects.TestDataDetails@139c87a, 5=com.java.Objects.TestDataDetails@143a514, 6=com.java.Objects.TestDataDetails@13b9cff, 7=com.java.Objects.TestDataDetails@1c4317c, 8=com.java.Objects.TestDataDetails@361f43, 9=com.java.Objects.TestDataDetails@107e61f, 10=com.java.Objects.TestDataDetails@cac885}
[INFO ][2015-11-05 12:30:53,652][com.java.TestType] [  456] -  str(1) = 1
[INFO ][2015-11-05 12:30:53,652][com.java.TestType] [  459] - Test case Id is---1
[INFO ][2015-11-05 12:30:53,652][com.java.TestType] [  461] - 1
[INFO ][2015-11-05 12:30:53,652][com.java.TestType] [  456] -  str(2) = 11
[INFO ][2015-11-05 12:30:53,653][com.java.TestType] [  508] - row values are--------{1=com.java.Objects.TestDataDetails@1ba2299, 2=com.java.Objects.TestDataDetails@19a4525, 3=com.java.Objects.TestDataDetails@7b299b, 4=com.java.Objects.TestDataDetails@139c87a, 5=com.java.Objects.TestDataDetails@143a514, 6=com.java.Objects.TestDataDetails@13b9cff, 7=com.java.Objects.TestDataDetails@1c4317c, 8=com.java.Objects.TestDataDetails@361f43, 9=com.java.Objects.TestDataDetails@107e61f, 10=com.java.Objects.TestDataDetails@cac885, 11=com.java.Objects.TestDataDetails@167c274}
[INFO ][2015-11-05 12:30:53,653][com.java.TestType] [  456] -  str(1) = 1
[INFO ][2015-11-05 12:30:53,653][com.java.TestType] [  459] - Test case Id is---1
[INFO ][2015-11-05 12:30:53,653][com.java.TestType] [  461] - 1
[INFO ][2015-11-05 12:30:53,653][com.java.TestType] [  456] -  str(2) = 12
[INFO ][2015-11-05 12:30:53,654][com.java.TestType] [  508] - row values are--------{1=com.java.Objects.TestDataDetails@1ba2299, 2=com.java.Objects.TestDataDetails@19a4525, 3=com.java.Objects.TestDataDetails@7b299b, 4=com.java.Objects.TestDataDetails@139c87a, 5=com.java.Objects.TestDataDetails@143a514, 6=com.java.Objects.TestDataDetails@13b9cff, 7=com.java.Objects.TestDataDetails@1c4317c, 8=com.java.Objects.TestDataDetails@361f43, 9=com.java.Objects.TestDataDetails@107e61f, 10=com.java.Objects.TestDataDetails@cac885, 11=com.java.Objects.TestDataDetails@167c274, 12=com.java.Objects.TestDataDetails@12e53c6}
[INFO ][2015-11-05 12:30:53,654][com.java.TestType] [  456] -  str(1) = 1
[INFO ][2015-11-05 12:30:53,654][com.java.TestType] [  459] - Test case Id is---1
[INFO ][2015-11-05 12:30:53,654][com.java.TestType] [  461] - 1
[INFO ][2015-11-05 12:30:53,654][com.java.TestType] [  456] -  str(2) = 13
[INFO ][2015-11-05 12:30:53,655][com.java.TestType] [  508] - row values are--------{1=com.java.Objects.TestDataDetails@1ba2299, 2=com.java.Objects.TestDataDetails@19a4525, 3=com.java.Objects.TestDataDetails@7b299b, 4=com.java.Objects.TestDataDetails@139c87a, 5=com.java.Objects.TestDataDetails@143a514, 6=com.java.Objects.TestDataDetails@13b9cff, 7=com.java.Objects.TestDataDetails@1c4317c, 8=com.java.Objects.TestDataDetails@361f43, 9=com.java.Objects.TestDataDetails@107e61f, 10=com.java.Objects.TestDataDetails@cac885, 11=com.java.Objects.TestDataDetails@167c274, 12=com.java.Objects.TestDataDetails@12e53c6, 13=com.java.Objects.TestDataDetails@412580}
[INFO ][2015-11-05 12:30:53,655][com.java.TestType] [  456] -  str(1) = 1
[INFO ][2015-11-05 12:30:53,655][com.java.TestType] [  459] - Test case Id is---1
[INFO ][2015-11-05 12:30:53,655][com.java.TestType] [  461] - 1
[INFO ][2015-11-05 12:30:53,655][com.java.TestType] [  456] -  str(2) = 14
[INFO ][2015-11-05 12:30:53,656][com.java.TestType] [  508] - row values are--------{1=com.java.Objects.TestDataDetails@1ba2299, 2=com.java.Objects.TestDataDetails@19a4525, 3=com.java.Objects.TestDataDetails@7b299b, 4=com.java.Objects.TestDataDetails@139c87a, 5=com.java.Objects.TestDataDetails@143a514, 6=com.java.Objects.TestDataDetails@13b9cff, 7=com.java.Objects.TestDataDetails@1c4317c, 8=com.java.Objects.TestDataDetails@361f43, 9=com.java.Objects.TestDataDetails@107e61f, 10=com.java.Objects.TestDataDetails@cac885, 11=com.java.Objects.TestDataDetails@167c274, 12=com.java.Objects.TestDataDetails@12e53c6, 13=com.java.Objects.TestDataDetails@412580, 14=com.java.Objects.TestDataDetails@95aad3}
[INFO ][2015-11-05 12:30:53,656][com.java.TestType] [ 7929] - Looping 1TCID = 1
[DEBUG][2015-11-05 12:30:53,656][com.java.TestType] [ 7970] - Concept ID:1 :: Step being Executed: 1::1
[INFO ][2015-11-05 12:30:53,656][com.java.TestType] [ 8008] - dataFields : TXTusername
[DEBUG][2015-11-05 12:30:53,656][com.java.TestType] [ 8014] - <In Set values of the page>
[DEBUG][2015-11-05 12:30:53,656][com.java.TestType] [ 8019] - {Data Fields & Data Values Exist}
[INFO ][2015-11-05 12:30:53,657][com.java.TestType] [ 8025] - --------------------------setting values-----------------------------
[INFO ][2015-11-05 12:30:53,657][com.java.TestType] [ 8028] - Action Type : CLEARANDENTER
[INFO ][2015-11-05 12:30:53,657][com.java.TestType] [ 3780] - value = valuelabs.ie11.03890
