[INFO ][2015-11-09 11:57:24,485][com.java.SeleniumDriver] [  213] - Execute Failed Casesfalse
[INFO ][2015-11-09 11:57:24,485][com.java.SeleniumDriver] [  214] - Browser: IE11
[INFO ][2015-11-09 11:57:24,485][com.java.SeleniumDriver] [  215] - [1, 7]
[INFO ][2015-11-09 11:57:24,485][com.java.SeleniumDriver] [  216] - Total TestCases:2
[INFO ][2015-11-09 11:57:24,485][com.java.SeleniumDriver] [  217] -  Reading Properties from Property File 
[DEBUG][2015-11-09 11:57:24,485][com.java.SeleniumDriver] [  238] - url : https://clients-xuat.bankersdashboard.com
[INFO ][2015-11-09 11:57:24,485][com.java.ImportnExport.ExportTestResultsExcel] [  116] - Time Stamp Mon Nov 09 11:57:24 IST 2015
[INFO ][2015-11-09 11:57:24,485][com.java.ImportnExport.ExportTestResultsExcel] [  175] - OUT FILE : D:\BankersDashboard/TestReports/Test Results_BankersDashBoard_110915_115724_IE11_Bank of North Carolina.xls
[INFO ][2015-11-09 11:57:24,507][com.java.ImportnExport.ExportTestResultsExcel] [  180] - Test Result file is created
[DEBUG][2015-11-09 11:57:24,607][com.java.SeleniumDriver] [  425] - Hub ip address is-------172.17.68.34
[INFO ][2015-11-09 11:57:24,607][com.java.SeleniumDriver] [  451] - Grid URL:http://172.17.68.34:4444/wd/hub
[INFO ][2015-11-09 11:57:24,607][com.java.SeleniumDriver] [  452] - Capability:Capabilities [{platform=ANY, ensureCleanSession=true, ignoreProtectedModeSettings=true, acceptSslCerts=true, ignoreZoomSetting=true, browserName=internet explorer, browserstack.ie.noFlash=true, version=Node1}]
[ERROR][2015-11-09 11:57:25,917][com.java.SeleniumDriver] [  496] - Unable invoke browser in grid:Could not start a new session. Possible causes are invalid address of the remote server or browser start-up failure.
Build info: version: '2.48.2', revision: '41bccdd', time: '2015-10-09 19:59:12'
System info: host: 'FVTIII438F1D', ip: '172.17.68.34', os.name: 'Windows 7', os.arch: 'x86', os.version: '6.1', java.version: '1.7.0_55'
Driver info: driver.version: SeleniumDriver
[INFO ][2015-11-09 11:57:25,917][com.java.SeleniumDriver] [  498] - Executing on local machine
[INFO ][2015-11-09 11:57:35,112][com.java.SeleniumDriver] [  248] - IE11is opened
[INFO ][2015-11-09 11:57:35,739][com.java.SeleniumDriver] [  752] - Test cases to be executed are: [1, 7]
[INFO ][2015-11-09 11:57:35,739][com.java.ImportnExport.ImportTestDataDetailsExcel] [   49] - test data details path===== D:\BankersDashboard\TestInputs\TestData.xls
[INFO ][2015-11-09 11:57:46,504][com.java.SeleniumDriver] [  788] - ------------------------------------------
[INFO ][2015-11-09 11:57:46,504][com.java.SeleniumDriver] [  789] - Test case being Executed: 1
[INFO ][2015-11-09 11:57:46,505][com.java.SeleniumDriver] [  800] - Test step:1
[INFO ][2015-11-09 11:57:46,505][com.java.SeleniumDriver] [  812] - Datavalue is----------Concept#1:1-14
[INFO ][2015-11-09 11:57:46,505][com.java.SeleniumDriver] [  836] - DataField : test
[INFO ][2015-11-09 11:57:46,505][com.java.SeleniumDriver] [  838] - DataValue : Concept#1:1-14
[INFO ][2015-11-09 11:57:46,505][com.java.SeleniumDriver] [  844] - <In Set values of the page>
[INFO ][2015-11-09 11:57:46,505][com.java.SeleniumDriver] [  847] - {Data Fields & Data Values Exist}
[INFO ][2015-11-09 11:57:46,505][com.java.SeleniumDriver] [  849] - --------------------------setting values-----------------------------
[INFO ][2015-11-09 11:57:46,505][com.java.SeleniumDriver] [  852] - Action Type : ExecuteTestCase
[INFO ][2015-11-09 11:57:46,535][com.java.TestType] [  420] - The Concept sheet name is ---------- Concept
[INFO ][2015-11-09 11:57:46,535][com.java.TestType] [  423] - The Concept ID  is ---------- 1
[DEBUG][2015-11-09 11:57:46,535][com.java.TestType] [  427] - Steps being executted in the Concept are: 1:14
[INFO ][2015-11-09 11:57:46,535][com.java.TestType] [  434] - Test data details path ---------- D:\BankersDashboard\TestInputs\TestData.xls
[INFO ][2015-11-09 11:57:46,565][com.java.TestType] [  465] -  str(1) = 1
[INFO ][2015-11-09 11:57:46,565][com.java.TestType] [  468] - Test case Id is---1
[INFO ][2015-11-09 11:57:46,565][com.java.TestType] [  470] - 1
[INFO ][2015-11-09 11:57:46,565][com.java.TestType] [  465] -  str(2) = 1
[INFO ][2015-11-09 11:57:46,565][com.java.TestType] [  517] - row values are--------{1=com.java.Objects.TestDataDetails@9b81d5}
[INFO ][2015-11-09 11:57:46,565][com.java.TestType] [  465] -  str(1) = 1
[INFO ][2015-11-09 11:57:46,565][com.java.TestType] [  468] - Test case Id is---1
[INFO ][2015-11-09 11:57:46,565][com.java.TestType] [  470] - 1
[INFO ][2015-11-09 11:57:46,565][com.java.TestType] [  465] -  str(2) = 2
[INFO ][2015-11-09 11:57:46,565][com.java.TestType] [  517] - row values are--------{1=com.java.Objects.TestDataDetails@9b81d5, 2=com.java.Objects.TestDataDetails@1f8a98}
[INFO ][2015-11-09 11:57:46,575][com.java.TestType] [  465] -  str(1) = 1
[INFO ][2015-11-09 11:57:46,575][com.java.TestType] [  468] - Test case Id is---1
[INFO ][2015-11-09 11:57:46,575][com.java.TestType] [  470] - 1
[INFO ][2015-11-09 11:57:46,575][com.java.TestType] [  465] -  str(2) = 3
[INFO ][2015-11-09 11:57:46,575][com.java.TestType] [  517] - row values are--------{1=com.java.Objects.TestDataDetails@9b81d5, 2=com.java.Objects.TestDataDetails@1f8a98, 3=com.java.Objects.TestDataDetails@185552b}
[INFO ][2015-11-09 11:57:46,575][com.java.TestType] [  465] -  str(1) = 1
[INFO ][2015-11-09 11:57:46,575][com.java.TestType] [  468] - Test case Id is---1
[INFO ][2015-11-09 11:57:46,575][com.java.TestType] [  470] - 1
[INFO ][2015-11-09 11:57:46,575][com.java.TestType] [  465] -  str(2) = 4
[INFO ][2015-11-09 11:57:46,575][com.java.TestType] [  517] - row values are--------{1=com.java.Objects.TestDataDetails@9b81d5, 2=com.java.Objects.TestDataDetails@1f8a98, 3=com.java.Objects.TestDataDetails@185552b, 4=com.java.Objects.TestDataDetails@170ad95}
[INFO ][2015-11-09 11:57:46,575][com.java.TestType] [  465] -  str(1) = 1
[INFO ][2015-11-09 11:57:46,575][com.java.TestType] [  468] - Test case Id is---1
[INFO ][2015-11-09 11:57:46,575][com.java.TestType] [  470] - 1
[INFO ][2015-11-09 11:57:46,575][com.java.TestType] [  465] -  str(2) = 5
[INFO ][2015-11-09 11:57:46,575][com.java.TestType] [  517] - row values are--------{1=com.java.Objects.TestDataDetails@9b81d5, 2=com.java.Objects.TestDataDetails@1f8a98, 3=com.java.Objects.TestDataDetails@185552b, 4=com.java.Objects.TestDataDetails@170ad95, 5=com.java.Objects.TestDataDetails@112c003}
[INFO ][2015-11-09 11:57:46,575][com.java.TestType] [  465] -  str(1) = 1
[INFO ][2015-11-09 11:57:46,575][com.java.TestType] [  468] - Test case Id is---1
[INFO ][2015-11-09 11:57:46,575][com.java.TestType] [  470] - 1
[INFO ][2015-11-09 11:57:46,575][com.java.TestType] [  465] -  str(2) = 6
[INFO ][2015-11-09 11:57:46,575][com.java.TestType] [  517] - row values are--------{1=com.java.Objects.TestDataDetails@9b81d5, 2=com.java.Objects.TestDataDetails@1f8a98, 3=com.java.Objects.TestDataDetails@185552b, 4=com.java.Objects.TestDataDetails@170ad95, 5=com.java.Objects.TestDataDetails@112c003, 6=com.java.Objects.TestDataDetails@18778fd}
[INFO ][2015-11-09 11:57:46,575][com.java.TestType] [  465] -  str(1) = 1
[INFO ][2015-11-09 11:57:46,575][com.java.TestType] [  468] - Test case Id is---1
[INFO ][2015-11-09 11:57:46,575][com.java.TestType] [  470] - 1
[INFO ][2015-11-09 11:57:46,575][com.java.TestType] [  465] -  str(2) = 7
[INFO ][2015-11-09 11:57:46,575][com.java.TestType] [  517] - row values are--------{1=com.java.Objects.TestDataDetails@9b81d5, 2=com.java.Objects.TestDataDetails@1f8a98, 3=com.java.Objects.TestDataDetails@185552b, 4=com.java.Objects.TestDataDetails@170ad95, 5=com.java.Objects.TestDataDetails@112c003, 6=com.java.Objects.TestDataDetails@18778fd, 7=com.java.Objects.TestDataDetails@182c145}
[INFO ][2015-11-09 11:57:46,575][com.java.TestType] [  465] -  str(1) = 1
[INFO ][2015-11-09 11:57:46,575][com.java.TestType] [  468] - Test case Id is---1
[INFO ][2015-11-09 11:57:46,575][com.java.TestType] [  470] - 1
[INFO ][2015-11-09 11:57:46,575][com.java.TestType] [  465] -  str(2) = 8
[INFO ][2015-11-09 11:57:46,575][com.java.TestType] [  517] - row values are--------{1=com.java.Objects.TestDataDetails@9b81d5, 2=com.java.Objects.TestDataDetails@1f8a98, 3=com.java.Objects.TestDataDetails@185552b, 4=com.java.Objects.TestDataDetails@170ad95, 5=com.java.Objects.TestDataDetails@112c003, 6=com.java.Objects.TestDataDetails@18778fd, 7=com.java.Objects.TestDataDetails@182c145, 8=com.java.Objects.TestDataDetails@1137c6}
[INFO ][2015-11-09 11:57:46,575][com.java.TestType] [  465] -  str(1) = 1
[INFO ][2015-11-09 11:57:46,575][com.java.TestType] [  468] - Test case Id is---1
[INFO ][2015-11-09 11:57:46,575][com.java.TestType] [  470] - 1
[INFO ][2015-11-09 11:57:46,585][com.java.TestType] [  465] -  str(2) = 9
[INFO ][2015-11-09 11:57:46,585][com.java.TestType] [  517] - row values are--------{1=com.java.Objects.TestDataDetails@9b81d5, 2=com.java.Objects.TestDataDetails@1f8a98, 3=com.java.Objects.TestDataDetails@185552b, 4=com.java.Objects.TestDataDetails@170ad95, 5=com.java.Objects.TestDataDetails@112c003, 6=com.java.Objects.TestDataDetails@18778fd, 7=com.java.Objects.TestDataDetails@182c145, 8=com.java.Objects.TestDataDetails@1137c6, 9=com.java.Objects.TestDataDetails@edb374}
[INFO ][2015-11-09 11:57:46,585][com.java.TestType] [  465] -  str(1) = 1
[INFO ][2015-11-09 11:57:46,585][com.java.TestType] [  468] - Test case Id is---1
[INFO ][2015-11-09 11:57:46,585][com.java.TestType] [  470] - 1
[INFO ][2015-11-09 11:57:46,585][com.java.TestType] [  465] -  str(2) = 10
[INFO ][2015-11-09 11:57:46,585][com.java.TestType] [  517] - row values are--------{1=com.java.Objects.TestDataDetails@9b81d5, 2=com.java.Objects.TestDataDetails@1f8a98, 3=com.java.Objects.TestDataDetails@185552b, 4=com.java.Objects.TestDataDetails@170ad95, 5=com.java.Objects.TestDataDetails@112c003, 6=com.java.Objects.TestDataDetails@18778fd, 7=com.java.Objects.TestDataDetails@182c145, 8=com.java.Objects.TestDataDetails@1137c6, 9=com.java.Objects.TestDataDetails@edb374, 10=com.java.Objects.TestDataDetails@116cf35}
[INFO ][2015-11-09 11:57:46,585][com.java.TestType] [  465] -  str(1) = 1
[INFO ][2015-11-09 11:57:46,585][com.java.TestType] [  468] - Test case Id is---1
[INFO ][2015-11-09 11:57:46,585][com.java.TestType] [  470] - 1
[INFO ][2015-11-09 11:57:46,585][com.java.TestType] [  465] -  str(2) = 11
[INFO ][2015-11-09 11:57:46,585][com.java.TestType] [  517] - row values are--------{1=com.java.Objects.TestDataDetails@9b81d5, 2=com.java.Objects.TestDataDetails@1f8a98, 3=com.java.Objects.TestDataDetails@185552b, 4=com.java.Objects.TestDataDetails@170ad95, 5=com.java.Objects.TestDataDetails@112c003, 6=com.java.Objects.TestDataDetails@18778fd, 7=com.java.Objects.TestDataDetails@182c145, 8=com.java.Objects.TestDataDetails@1137c6, 9=com.java.Objects.TestDataDetails@edb374, 10=com.java.Objects.TestDataDetails@116cf35, 11=com.java.Objects.TestDataDetails@445889}
[INFO ][2015-11-09 11:57:46,585][com.java.TestType] [  465] -  str(1) = 1
[INFO ][2015-11-09 11:57:46,585][com.java.TestType] [  468] - Test case Id is---1
[INFO ][2015-11-09 11:57:46,585][com.java.TestType] [  470] - 1
[INFO ][2015-11-09 11:57:46,585][com.java.TestType] [  465] -  str(2) = 12
[INFO ][2015-11-09 11:57:46,585][com.java.TestType] [  517] - row values are--------{1=com.java.Objects.TestDataDetails@9b81d5, 2=com.java.Objects.TestDataDetails@1f8a98, 3=com.java.Objects.TestDataDetails@185552b, 4=com.java.Objects.TestDataDetails@170ad95, 5=com.java.Objects.TestDataDetails@112c003, 6=com.java.Objects.TestDataDetails@18778fd, 7=com.java.Objects.TestDataDetails@182c145, 8=com.java.Objects.TestDataDetails@1137c6, 9=com.java.Objects.TestDataDetails@edb374, 10=com.java.Objects.TestDataDetails@116cf35, 11=com.java.Objects.TestDataDetails@445889, 12=com.java.Objects.TestDataDetails@33b94e}
[INFO ][2015-11-09 11:57:46,585][com.java.TestType] [  465] -  str(1) = 1
[INFO ][2015-11-09 11:57:46,585][com.java.TestType] [  468] - Test case Id is---1
[INFO ][2015-11-09 11:57:46,585][com.java.TestType] [  470] - 1
[INFO ][2015-11-09 11:57:46,585][com.java.TestType] [  465] -  str(2) = 13
[INFO ][2015-11-09 11:57:46,585][com.java.TestType] [  517] - row values are--------{1=com.java.Objects.TestDataDetails@9b81d5, 2=com.java.Objects.TestDataDetails@1f8a98, 3=com.java.Objects.TestDataDetails@185552b, 4=com.java.Objects.TestDataDetails@170ad95, 5=com.java.Objects.TestDataDetails@112c003, 6=com.java.Objects.TestDataDetails@18778fd, 7=com.java.Objects.TestDataDetails@182c145, 8=com.java.Objects.TestDataDetails@1137c6, 9=com.java.Objects.TestDataDetails@edb374, 10=com.java.Objects.TestDataDetails@116cf35, 11=com.java.Objects.TestDataDetails@445889, 12=com.java.Objects.TestDataDetails@33b94e, 13=com.java.Objects.TestDataDetails@1ba4cd7}
[INFO ][2015-11-09 11:57:46,585][com.java.TestType] [  465] -  str(1) = 1
[INFO ][2015-11-09 11:57:46,585][com.java.TestType] [  468] - Test case Id is---1
[INFO ][2015-11-09 11:57:46,585][com.java.TestType] [  470] - 1
[INFO ][2015-11-09 11:57:46,585][com.java.TestType] [  465] -  str(2) = 14
[INFO ][2015-11-09 11:57:46,585][com.java.TestType] [  517] - row values are--------{1=com.java.Objects.TestDataDetails@9b81d5, 2=com.java.Objects.TestDataDetails@1f8a98, 3=com.java.Objects.TestDataDetails@185552b, 4=com.java.Objects.TestDataDetails@170ad95, 5=com.java.Objects.TestDataDetails@112c003, 6=com.java.Objects.TestDataDetails@18778fd, 7=com.java.Objects.TestDataDetails@182c145, 8=com.java.Objects.TestDataDetails@1137c6, 9=com.java.Objects.TestDataDetails@edb374, 10=com.java.Objects.TestDataDetails@116cf35, 11=com.java.Objects.TestDataDetails@445889, 12=com.java.Objects.TestDataDetails@33b94e, 13=com.java.Objects.TestDataDetails@1ba4cd7, 14=com.java.Objects.TestDataDetails@967f8e}
[INFO ][2015-11-09 11:57:46,585][com.java.TestType] [ 8225] - Looping 1TCID = 1
[DEBUG][2015-11-09 11:57:46,585][com.java.TestType] [ 8266] - Concept ID:1 :: Step being Executed: 1::1
[INFO ][2015-11-09 11:57:46,585][com.java.TestType] [ 8304] - dataFields : TXTusername
[DEBUG][2015-11-09 11:57:46,585][com.java.TestType] [ 8310] - <In Set values of the page>
[DEBUG][2015-11-09 11:57:46,585][com.java.TestType] [ 8315] - {Data Fields & Data Values Exist}
[INFO ][2015-11-09 11:57:46,585][com.java.TestType] [ 8321] - --------------------------setting values-----------------------------
[INFO ][2015-11-09 11:57:46,585][com.java.TestType] [ 8324] - Action Type : CLEARANDENTER
[INFO ][2015-11-09 11:57:46,585][com.java.TestType] [ 4075] - value = valuelabs.ie11.33527
[INFO ][2015-11-09 11:57:51,467][com.java.TestType] [ 8343] -  RESULT true
[INFO ][2015-11-09 11:57:51,467][com.java.TestType] [ 8460] - ?   P A S S   ?
[DEBUG][2015-11-09 11:57:51,467][com.java.TestType] [ 8266] - Concept ID:1 :: Step being Executed: 1::2
[INFO ][2015-11-09 11:57:51,467][com.java.TestType] [ 8304] - dataFields : TXTpassword
[DEBUG][2015-11-09 11:57:51,467][com.java.TestType] [ 8310] - <In Set values of the page>
[DEBUG][2015-11-09 11:57:51,467][com.java.TestType] [ 8315] - {Data Fields & Data Values Exist}
[INFO ][2015-11-09 11:57:51,467][com.java.TestType] [ 8321] - --------------------------setting values-----------------------------
[INFO ][2015-11-09 11:57:51,467][com.java.TestType] [ 8324] - Action Type : CLEARANDENTER
[INFO ][2015-11-09 11:57:51,467][com.java.TestType] [ 4075] - value = Password1*
[INFO ][2015-11-09 11:57:56,434][com.java.TestType] [ 8343] -  RESULT true
[INFO ][2015-11-09 11:57:56,434][com.java.TestType] [ 8460] - ?   P A S S   ?
[DEBUG][2015-11-09 11:57:56,434][com.java.TestType] [ 8266] - Concept ID:1 :: Step being Executed: 1::3
[ERROR][2015-11-09 11:57:56,434][com.java.TestType] [ 8299] - Exception: null
[INFO ][2015-11-09 11:57:56,434][com.java.TestType] [ 8304] - dataFields : XPH//button[@type='submit']
[DEBUG][2015-11-09 11:57:56,434][com.java.TestType] [ 8310] - <In Set values of the page>
[DEBUG][2015-11-09 11:57:56,434][com.java.TestType] [ 8315] - {Data Fields & Data Values Exist}
[INFO ][2015-11-09 11:57:56,434][com.java.TestType] [ 8321] - --------------------------setting values-----------------------------
[INFO ][2015-11-09 11:57:56,434][com.java.TestType] [ 8324] - Action Type : Click
[INFO ][2015-11-09 11:57:56,434][com.java.TestType] [ 4388] - Field ::XPH//button[@type='submit']
[INFO ][2015-11-09 11:57:57,434][com.java.TestType] [ 4447] - BEFORE CLICK
[INFO ][2015-11-09 11:57:58,284][com.java.TestType] [ 4455] - Unable to click the object Login
[INFO ][2015-11-09 11:57:58,284][com.java.TestType] [ 8343] -  RESULT true
[INFO ][2015-11-09 11:57:58,284][com.java.TestType] [ 8460] - ?   P A S S   ?
[DEBUG][2015-11-09 11:57:58,284][com.java.TestType] [ 8266] - Concept ID:1 :: Step being Executed: 1::4
[INFO ][2015-11-09 11:57:58,284][com.java.TestType] [ 8304] - dataFields : LNKLogout
[DEBUG][2015-11-09 11:57:58,284][com.java.TestType] [ 8310] - <In Set values of the page>
[DEBUG][2015-11-09 11:57:58,284][com.java.TestType] [ 8315] - {Data Fields & Data Values Exist}
[INFO ][2015-11-09 11:57:58,284][com.java.TestType] [ 8321] - --------------------------setting values-----------------------------
[INFO ][2015-11-09 11:57:58,284][com.java.TestType] [ 8324] - Action Type : WaitForElement
[INFO ][2015-11-09 11:58:16,848][com.java.TestType] [ 8343] -  RESULT true
[INFO ][2015-11-09 11:58:16,848][com.java.TestType] [ 8460] - ?   P A S S   ?
[DEBUG][2015-11-09 11:58:16,848][com.java.TestType] [ 8266] - Concept ID:1 :: Step being Executed: 1::13
[INFO ][2015-11-09 11:58:16,848][com.java.TestType] [ 8304] - dataFields : LNK
[DEBUG][2015-11-09 11:58:16,848][com.java.TestType] [ 8310] - <In Set values of the page>
[DEBUG][2015-11-09 11:58:16,848][com.java.TestType] [ 8315] - {Data Fields & Data Values Exist}
[INFO ][2015-11-09 11:58:16,848][com.java.TestType] [ 8321] - --------------------------setting values-----------------------------
[INFO ][2015-11-09 11:58:16,848][com.java.TestType] [ 8324] - Action Type : Verify
[INFO ][2015-11-09 11:58:16,848][com.java.TestType] [ 5201] - field= LNK value= Logout
[INFO ][2015-11-09 11:58:16,848][com.java.TestType] [ 4075] - value = Logout
[INFO ][2015-11-09 11:58:16,889][com.java.TestType] [ 8343] -  RESULT true
[INFO ][2015-11-09 11:58:16,889][com.java.TestType] [ 8460] - ?   P A S S   ?
[DEBUG][2015-11-09 11:58:16,889][com.java.TestType] [ 8266] - Concept ID:1 :: Step being Executed: 1::14
[INFO ][2015-11-09 11:58:16,889][com.java.TestType] [ 8304] - dataFields : BTN
[DEBUG][2015-11-09 11:58:16,889][com.java.TestType] [ 8310] - <In Set values of the page>
[DEBUG][2015-11-09 11:58:16,889][com.java.TestType] [ 8315] - {Data Fields & Data Values Exist}
[INFO ][2015-11-09 11:58:16,889][com.java.TestType] [ 8321] - --------------------------setting values-----------------------------
[INFO ][2015-11-09 11:58:16,889][com.java.TestType] [ 8324] - Action Type : Verify
[INFO ][2015-11-09 11:58:16,889][com.java.TestType] [ 5201] - field= BTN value= //img[contains(@src,'bdlogo.jpg')]
[INFO ][2015-11-09 11:58:16,889][com.java.TestType] [ 4075] - value = //img[contains(@src,'bdlogo.jpg')]
[INFO ][2015-11-09 11:58:16,919][com.java.TestType] [ 8343] -  RESULT true
[INFO ][2015-11-09 11:58:16,919][com.java.TestType] [ 8460] - ?   P A S S   ?
[INFO ][2015-11-09 11:58:16,919][com.java.TestType] [ 8531] - Looping End......
[INFO ][2015-11-09 11:58:16,919][com.java.SeleniumDriver] [  861] -  RESULT true
[INFO ][2015-11-09 11:58:16,919][com.java.SeleniumDriver] [ 1066] - ?   P A S S   ?
[INFO ][2015-11-09 11:58:16,919][com.java.SeleniumDriver] [  788] - ------------------------------------------
[INFO ][2015-11-09 11:58:16,919][com.java.SeleniumDriver] [  789] - Test case being Executed: 1
[INFO ][2015-11-09 11:58:16,919][com.java.SeleniumDriver] [  800] - Test step:2
[INFO ][2015-11-09 11:58:16,919][com.java.SeleniumDriver] [  812] - Datavalue is----------Concept#2:1-2
[INFO ][2015-11-09 11:58:16,919][com.java.SeleniumDriver] [  836] - DataField : test
[INFO ][2015-11-09 11:58:16,919][com.java.SeleniumDriver] [  838] - DataValue : Concept#2:1-2
[INFO ][2015-11-09 11:58:16,919][com.java.SeleniumDriver] [  844] - <In Set values of the page>
[INFO ][2015-11-09 11:58:16,919][com.java.SeleniumDriver] [  847] - {Data Fields & Data Values Exist}
[INFO ][2015-11-09 11:58:16,919][com.java.SeleniumDriver] [  849] - --------------------------setting values-----------------------------
[INFO ][2015-11-09 11:58:16,919][com.java.SeleniumDriver] [  852] - Action Type : ExecuteTestCase
[INFO ][2015-11-09 11:58:16,919][com.java.TestType] [  420] - The Concept sheet name is ---------- Concept
[INFO ][2015-11-09 11:58:16,919][com.java.TestType] [  423] - The Concept ID  is ---------- 2
[DEBUG][2015-11-09 11:58:16,919][com.java.TestType] [  427] - Steps being executted in the Concept are: 1:2
[INFO ][2015-11-09 11:58:16,919][com.java.TestType] [  434] - Test data details path ---------- D:\BankersDashboard\TestInputs\TestData.xls
[INFO ][2015-11-09 11:58:16,959][com.java.TestType] [  465] -  str(1) = 2
[INFO ][2015-11-09 11:58:16,959][com.java.TestType] [  468] - Test case Id is---2
[INFO ][2015-11-09 11:58:16,959][com.java.TestType] [  470] - 2
[INFO ][2015-11-09 11:58:16,959][com.java.TestType] [  465] -  str(2) = 1
[INFO ][2015-11-09 11:58:16,959][com.java.TestType] [  517] - row values are--------{1=com.java.Objects.TestDataDetails@a6a38b}
[INFO ][2015-11-09 11:58:16,959][com.java.TestType] [  465] -  str(1) = 2
[INFO ][2015-11-09 11:58:16,959][com.java.TestType] [  468] - Test case Id is---2
[INFO ][2015-11-09 11:58:16,959][com.java.TestType] [  470] - 2
[INFO ][2015-11-09 11:58:16,959][com.java.TestType] [  465] -  str(2) = 2
[INFO ][2015-11-09 11:58:16,959][com.java.TestType] [  517] - row values are--------{1=com.java.Objects.TestDataDetails@a6a38b, 2=com.java.Objects.TestDataDetails@13bb17a}
[INFO ][2015-11-09 11:58:16,959][com.java.TestType] [  465] -  str(1) = 2
[INFO ][2015-11-09 11:58:16,959][com.java.TestType] [  468] - Test case Id is---2
[INFO ][2015-11-09 11:58:16,959][com.java.TestType] [  470] - 2
[INFO ][2015-11-09 11:58:16,959][com.java.TestType] [  465] -  str(2) = 3
[INFO ][2015-11-09 11:58:16,959][com.java.TestType] [  517] - row values are--------{1=com.java.Objects.TestDataDetails@a6a38b, 2=com.java.Objects.TestDataDetails@13bb17a, 3=com.java.Objects.TestDataDetails@1b6d8a5}
[INFO ][2015-11-09 11:58:16,959][com.java.TestType] [ 8225] - Looping 1TCID = 2
[DEBUG][2015-11-09 11:58:16,959][com.java.TestType] [ 8266] - Concept ID:2 :: Step being Executed: 2::1
[INFO ][2015-11-09 11:58:16,959][com.java.TestType] [ 8304] - dataFields : BNK//select[@id='bank']
[DEBUG][2015-11-09 11:58:16,959][com.java.TestType] [ 8310] - <In Set values of the page>
[DEBUG][2015-11-09 11:58:16,959][com.java.TestType] [ 8315] - {Data Fields & Data Values Exist}
[INFO ][2015-11-09 11:58:16,959][com.java.TestType] [ 8321] - --------------------------setting values-----------------------------
[INFO ][2015-11-09 11:58:16,959][com.java.TestType] [ 8324] - Action Type : Select
[INFO ][2015-11-09 11:58:16,959][com.java.TestType] [ 4075] - value = PFC
[INFO ][2015-11-09 11:58:17,149][com.java.TestType] [ 8343] -  RESULT true
[INFO ][2015-11-09 11:58:17,149][com.java.TestType] [ 8460] - ?   P A S S   ?
[DEBUG][2015-11-09 11:58:17,149][com.java.TestType] [ 8266] - Concept ID:2 :: Step being Executed: 2::2
[INFO ][2015-11-09 11:58:17,149][com.java.TestType] [ 8304] - dataFields : LNKLogout
[DEBUG][2015-11-09 11:58:17,149][com.java.TestType] [ 8310] - <In Set values of the page>
[DEBUG][2015-11-09 11:58:17,149][com.java.TestType] [ 8315] - {Data Fields & Data Values Exist}
[INFO ][2015-11-09 11:58:17,149][com.java.TestType] [ 8321] - --------------------------setting values-----------------------------
[INFO ][2015-11-09 11:58:17,149][com.java.TestType] [ 8324] - Action Type : WaitTime
[DEBUG][2015-11-09 11:58:17,149][com.java.TestType] [ 3911] - sleepTime: 5000
[INFO ][2015-11-09 11:58:22,149][com.java.TestType] [ 8343] -  RESULT true
[INFO ][2015-11-09 11:58:22,149][com.java.TestType] [ 8460] - ?   P A S S   ?
[INFO ][2015-11-09 11:58:22,149][com.java.TestType] [ 8531] - Looping End......
[INFO ][2015-11-09 11:58:22,149][com.java.SeleniumDriver] [  861] -  RESULT true
[INFO ][2015-11-09 11:58:22,149][com.java.SeleniumDriver] [ 1066] - ?   P A S S   ?
[INFO ][2015-11-09 11:58:22,149][com.java.SeleniumDriver] [  788] - ------------------------------------------
[INFO ][2015-11-09 11:58:22,149][com.java.SeleniumDriver] [  789] - Test case being Executed: 1
[INFO ][2015-11-09 11:58:22,149][com.java.SeleniumDriver] [  800] - Test step:3
[INFO ][2015-11-09 11:58:22,149][com.java.SeleniumDriver] [  812] - Datavalue is----------2
[INFO ][2015-11-09 11:58:22,149][com.java.SeleniumDriver] [  836] - DataField : XPH//button[contains(text(),'Add Content')]
[INFO ][2015-11-09 11:58:22,149][com.java.SeleniumDriver] [  838] - DataValue : 2
[INFO ][2015-11-09 11:58:22,149][com.java.SeleniumDriver] [  844] - <In Set values of the page>
[INFO ][2015-11-09 11:58:22,149][com.java.SeleniumDriver] [  847] - {Data Fields & Data Values Exist}
[INFO ][2015-11-09 11:58:22,149][com.java.SeleniumDriver] [  849] - --------------------------setting values-----------------------------
[INFO ][2015-11-09 11:58:22,149][com.java.SeleniumDriver] [  852] - Action Type : WAITFORELEMENT
[INFO ][2015-11-09 11:58:22,190][com.java.SeleniumDriver] [  861] -  RESULT true
[INFO ][2015-11-09 11:58:22,190][com.java.SeleniumDriver] [ 1066] - ?   P A S S   ?
[DEBUG][2015-11-09 11:58:22,190][com.java.SeleniumDriver] [ 1168] - Case found
[DEBUG][2015-11-09 11:58:22,190][com.java.SeleniumDriver] [ 1173] - Incrementing ReportCounters[0]:1
[INFO ][2015-11-09 11:58:22,190][com.java.SeleniumDriver] [ 1192] - The results are-------------------[1, 1, Valid Login, Pass, , Mon Nov 09 11:58:16 IST 2015, 1, 2, Valid Login, Pass, , Mon Nov 09 11:58:22 IST 2015, 1, 3, Valid Login, Pass, , Mon Nov 09 11:58:22 IST 2015]
[INFO ][2015-11-09 11:58:22,190][com.java.SeleniumDriver] [ 1196] - End time is-------59 sec
[INFO ][2015-11-09 11:58:22,190][com.java.SeleniumDriver] [ 1197] - The results are-------------------[1, 1, Valid Login, Pass, , Mon Nov 09 11:58:16 IST 2015, 1, 2, Valid Login, Pass, , Mon Nov 09 11:58:22 IST 2015, 1, 3, Valid Login, Pass, , Mon Nov 09 11:58:22 IST 2015]
[DEBUG][2015-11-09 11:58:22,190][com.java.ImportnExport.ExportTestResultsExcel] [  222] - testResultPath = D:\BankersDashboard/TestReports/Test Results_BankersDashBoard_110915_115724_IE11_Bank of North Carolina.xls
[DEBUG][2015-11-09 11:58:22,190][com.java.ImportnExport.ExportTestResultsExcel] [  223] - browser is------------IE11
[DEBUG][2015-11-09 11:58:22,230][com.java.ImportnExport.ExportTestResultsExcel] [  270] - result.size() = 18
[DEBUG][2015-11-09 11:58:22,230][com.java.ImportnExport.ExportTestResultsExcel] [  274] - No of rows in sheet=1
[DEBUG][2015-11-09 11:58:22,230][com.java.ImportnExport.ExportTestResultsExcel] [  301] - ..in export..1
[DEBUG][2015-11-09 11:58:22,230][com.java.ImportnExport.ExportTestResultsExcel] [  301] - ..in export..Valid Login
[DEBUG][2015-11-09 11:58:22,230][com.java.ImportnExport.ExportTestResultsExcel] [  301] - ..in export..Pass
[DEBUG][2015-11-09 11:58:22,230][com.java.ImportnExport.ExportTestResultsExcel] [  301] - ..in export..
[DEBUG][2015-11-09 11:58:22,230][com.java.ImportnExport.ExportTestResultsExcel] [  301] - ..in export..Mon Nov 09 11:58:16 IST 2015
[INFO ][2015-11-09 11:58:22,230][com.java.SeleniumDriver] [ 1255] - out loop:0 size:2 TestCases:[1, 7] testcases:[1, 7]
[INFO ][2015-11-09 11:58:22,230][com.java.ImportnExport.ImportTestDataDetailsExcel] [   49] - test data details path===== D:\BankersDashboard\TestInputs\TestData.xls
[INFO ][2015-11-09 11:59:32,071][com.java.SeleniumDriver] [  788] - ------------------------------------------
[INFO ][2015-11-09 11:59:32,071][com.java.SeleniumDriver] [  789] - Test case being Executed: 7
[INFO ][2015-11-09 11:59:32,071][com.java.SeleniumDriver] [  800] - Test step:1
[INFO ][2015-11-09 11:59:32,071][com.java.SeleniumDriver] [  812] - Datavalue is----------Logout
[INFO ][2015-11-09 11:59:32,071][com.java.SeleniumDriver] [  836] - DataField : BTN
[INFO ][2015-11-09 11:59:32,071][com.java.SeleniumDriver] [  838] - DataValue : Logout
[INFO ][2015-11-09 11:59:32,071][com.java.SeleniumDriver] [  844] - <In Set values of the page>
[INFO ][2015-11-09 11:59:32,071][com.java.SeleniumDriver] [  847] - {Data Fields & Data Values Exist}
[INFO ][2015-11-09 11:59:32,071][com.java.SeleniumDriver] [  849] - --------------------------setting values-----------------------------
[INFO ][2015-11-09 11:59:32,071][com.java.SeleniumDriver] [  852] - Action Type : Verify
[INFO ][2015-11-09 11:59:32,071][com.java.TestType] [ 5201] - field= BTN value= Logout
[INFO ][2015-11-09 11:59:32,071][com.java.TestType] [ 4075] - value = Logout
[INFO ][2015-11-09 11:59:32,112][com.java.SeleniumDriver] [  861] -  RESULT true
[INFO ][2015-11-09 11:59:32,112][com.java.SeleniumDriver] [ 1066] - ?   P A S S   ?
[INFO ][2015-11-09 11:59:32,112][com.java.SeleniumDriver] [ 1108] - step change to 3
[INFO ][2015-11-09 11:59:32,112][com.java.SeleniumDriver] [  788] - ------------------------------------------
[INFO ][2015-11-09 11:59:32,112][com.java.SeleniumDriver] [  789] - Test case being Executed: 7
[INFO ][2015-11-09 11:59:32,112][com.java.SeleniumDriver] [  800] - Test step:3
[INFO ][2015-11-09 11:59:32,112][com.java.SeleniumDriver] [  812] - Datavalue is----------Concept#2:1-2
[INFO ][2015-11-09 11:59:32,112][com.java.SeleniumDriver] [  836] - DataField : test
[INFO ][2015-11-09 11:59:32,112][com.java.SeleniumDriver] [  838] - DataValue : Concept#2:1-2
[INFO ][2015-11-09 11:59:32,112][com.java.SeleniumDriver] [  844] - <In Set values of the page>
[INFO ][2015-11-09 11:59:32,112][com.java.SeleniumDriver] [  847] - {Data Fields & Data Values Exist}
[INFO ][2015-11-09 11:59:32,112][com.java.SeleniumDriver] [  849] - --------------------------setting values-----------------------------
[INFO ][2015-11-09 11:59:32,112][com.java.SeleniumDriver] [  852] - Action Type : ExecuteTestCase
[INFO ][2015-11-09 11:59:32,112][com.java.TestType] [  420] - The Concept sheet name is ---------- Concept
[INFO ][2015-11-09 11:59:32,112][com.java.TestType] [  423] - The Concept ID  is ---------- 2
[DEBUG][2015-11-09 11:59:32,112][com.java.TestType] [  427] - Steps being executted in the Concept are: 1:2
[INFO ][2015-11-09 11:59:32,112][com.java.TestType] [  434] - Test data details path ---------- D:\BankersDashboard\TestInputs\TestData.xls
[INFO ][2015-11-09 11:59:32,142][com.java.TestType] [  465] -  str(1) = 2
[INFO ][2015-11-09 11:59:32,142][com.java.TestType] [  468] - Test case Id is---2
[INFO ][2015-11-09 11:59:32,142][com.java.TestType] [  470] - 2
[INFO ][2015-11-09 11:59:32,142][com.java.TestType] [  465] -  str(2) = 1
[INFO ][2015-11-09 11:59:32,142][com.java.TestType] [  517] - row values are--------{1=com.java.Objects.TestDataDetails@1279ff8}
[INFO ][2015-11-09 11:59:32,142][com.java.TestType] [  465] -  str(1) = 2
[INFO ][2015-11-09 11:59:32,142][com.java.TestType] [  468] - Test case Id is---2
[INFO ][2015-11-09 11:59:32,142][com.java.TestType] [  470] - 2
[INFO ][2015-11-09 11:59:32,142][com.java.TestType] [  465] -  str(2) = 2
[INFO ][2015-11-09 11:59:32,142][com.java.TestType] [  517] - row values are--------{1=com.java.Objects.TestDataDetails@1279ff8, 2=com.java.Objects.TestDataDetails@18551ae}
[INFO ][2015-11-09 11:59:32,142][com.java.TestType] [  465] -  str(1) = 2
[INFO ][2015-11-09 11:59:32,142][com.java.TestType] [  468] - Test case Id is---2
[INFO ][2015-11-09 11:59:32,142][com.java.TestType] [  470] - 2
[INFO ][2015-11-09 11:59:32,142][com.java.TestType] [  465] -  str(2) = 3
[INFO ][2015-11-09 11:59:32,142][com.java.TestType] [  517] - row values are--------{1=com.java.Objects.TestDataDetails@1279ff8, 2=com.java.Objects.TestDataDetails@18551ae, 3=com.java.Objects.TestDataDetails@b44352}
[INFO ][2015-11-09 11:59:32,142][com.java.TestType] [ 8225] - Looping 1TCID = 2
[DEBUG][2015-11-09 11:59:32,142][com.java.TestType] [ 8266] - Concept ID:2 :: Step being Executed: 2::1
[INFO ][2015-11-09 11:59:32,142][com.java.TestType] [ 8304] - dataFields : BNK//select[@id='bank']
[DEBUG][2015-11-09 11:59:32,142][com.java.TestType] [ 8310] - <In Set values of the page>
[DEBUG][2015-11-09 11:59:32,142][com.java.TestType] [ 8315] - {Data Fields & Data Values Exist}
[INFO ][2015-11-09 11:59:32,142][com.java.TestType] [ 8321] - --------------------------setting values-----------------------------
[INFO ][2015-11-09 11:59:32,142][com.java.TestType] [ 8324] - Action Type : Select
[INFO ][2015-11-09 11:59:32,142][com.java.TestType] [ 4075] - value = PFC
[INFO ][2015-11-09 11:59:32,332][com.java.TestType] [ 8343] -  RESULT true
[INFO ][2015-11-09 11:59:32,332][com.java.TestType] [ 8460] - ?   P A S S   ?
[DEBUG][2015-11-09 11:59:32,332][com.java.TestType] [ 8266] - Concept ID:2 :: Step being Executed: 2::2
[INFO ][2015-11-09 11:59:32,332][com.java.TestType] [ 8304] - dataFields : LNKLogout
[DEBUG][2015-11-09 11:59:32,332][com.java.TestType] [ 8310] - <In Set values of the page>
[DEBUG][2015-11-09 11:59:32,332][com.java.TestType] [ 8315] - {Data Fields & Data Values Exist}
[INFO ][2015-11-09 11:59:32,332][com.java.TestType] [ 8321] - --------------------------setting values-----------------------------
[INFO ][2015-11-09 11:59:32,332][com.java.TestType] [ 8324] - Action Type : WaitTime
[DEBUG][2015-11-09 11:59:32,332][com.java.TestType] [ 3911] - sleepTime: 5000
[INFO ][2015-11-09 11:59:37,337][com.java.TestType] [ 8343] -  RESULT true
[INFO ][2015-11-09 11:59:37,337][com.java.TestType] [ 8460] - ?   P A S S   ?
[INFO ][2015-11-09 11:59:37,337][com.java.TestType] [ 8531] - Looping End......
[INFO ][2015-11-09 11:59:37,337][com.java.SeleniumDriver] [  861] -  RESULT true
[INFO ][2015-11-09 11:59:37,337][com.java.SeleniumDriver] [ 1066] - ?   P A S S   ?
[INFO ][2015-11-09 11:59:37,337][com.java.SeleniumDriver] [  788] - ------------------------------------------
[INFO ][2015-11-09 11:59:37,337][com.java.SeleniumDriver] [  789] - Test case being Executed: 7
[INFO ][2015-11-09 11:59:37,337][com.java.SeleniumDriver] [  800] - Test step:4
[INFO ][2015-11-09 11:59:37,337][com.java.SeleniumDriver] [  812] - Datavalue is----------null
[DEBUG][2015-11-09 11:59:37,337][com.java.SeleniumDriver] [  830] - Exception: null
[INFO ][2015-11-09 11:59:37,337][com.java.SeleniumDriver] [  836] - DataField : //span[@class='icon-user4']&&//a[text()='Users']&&//a[@data-id="ModifyUsers"]
[INFO ][2015-11-09 11:59:37,337][com.java.SeleniumDriver] [  838] - DataValue : 
[INFO ][2015-11-09 11:59:37,337][com.java.SeleniumDriver] [  844] - <In Set values of the page>
[INFO ][2015-11-09 11:59:37,337][com.java.SeleniumDriver] [  847] - {Data Fields & Data Values Exist}
[INFO ][2015-11-09 11:59:37,337][com.java.SeleniumDriver] [  849] - --------------------------setting values-----------------------------
[INFO ][2015-11-09 11:59:37,337][com.java.SeleniumDriver] [  852] - Action Type : MouseOver
[INFO ][2015-11-09 11:59:51,812][com.java.SeleniumDriver] [  861] -  RESULT true
[INFO ][2015-11-09 11:59:51,812][com.java.SeleniumDriver] [ 1066] - ?   P A S S   ?
[INFO ][2015-11-09 11:59:51,812][com.java.SeleniumDriver] [  788] - ------------------------------------------
[INFO ][2015-11-09 11:59:51,812][com.java.SeleniumDriver] [  789] - Test case being Executed: 7
[INFO ][2015-11-09 11:59:51,812][com.java.SeleniumDriver] [  800] - Test step:5
[INFO ][2015-11-09 11:59:51,812][com.java.SeleniumDriver] [  812] - Datavalue is----------2
[INFO ][2015-11-09 11:59:51,812][com.java.SeleniumDriver] [  836] - DataField : BTNframeDialogContent
[INFO ][2015-11-09 11:59:51,812][com.java.SeleniumDriver] [  838] - DataValue : 2
[INFO ][2015-11-09 11:59:51,812][com.java.SeleniumDriver] [  844] - <In Set values of the page>
[INFO ][2015-11-09 11:59:51,812][com.java.SeleniumDriver] [  847] - {Data Fields & Data Values Exist}
[INFO ][2015-11-09 11:59:51,812][com.java.SeleniumDriver] [  849] - --------------------------setting values-----------------------------
[INFO ][2015-11-09 11:59:51,812][com.java.SeleniumDriver] [  852] - Action Type : WaitForElement
[INFO ][2015-11-09 11:59:53,022][com.java.SeleniumDriver] [  861] -  RESULT true
[INFO ][2015-11-09 11:59:53,022][com.java.SeleniumDriver] [ 1066] - ?   P A S S   ?
[INFO ][2015-11-09 11:59:53,022][com.java.SeleniumDriver] [  788] - ------------------------------------------
[INFO ][2015-11-09 11:59:53,022][com.java.SeleniumDriver] [  789] - Test case being Executed: 7
[INFO ][2015-11-09 11:59:53,022][com.java.SeleniumDriver] [  800] - Test step:6
[INFO ][2015-11-09 11:59:53,022][com.java.SeleniumDriver] [  812] - Datavalue is----------null
[DEBUG][2015-11-09 11:59:53,022][com.java.SeleniumDriver] [  830] - Exception: null
[INFO ][2015-11-09 11:59:53,022][com.java.SeleniumDriver] [  836] - DataField : BTNframeDialogContent
[INFO ][2015-11-09 11:59:53,022][com.java.SeleniumDriver] [  838] - DataValue : 
[INFO ][2015-11-09 11:59:53,022][com.java.SeleniumDriver] [  844] - <In Set values of the page>
[INFO ][2015-11-09 11:59:53,022][com.java.SeleniumDriver] [  847] - {Data Fields & Data Values Exist}
[INFO ][2015-11-09 11:59:53,022][com.java.SeleniumDriver] [  849] - --------------------------setting values-----------------------------
[INFO ][2015-11-09 11:59:53,022][com.java.SeleniumDriver] [  852] - Action Type : SelectFrame
[INFO ][2015-11-09 11:59:54,274][com.java.SeleniumDriver] [  861] -  RESULT true
[INFO ][2015-11-09 11:59:54,274][com.java.SeleniumDriver] [ 1066] - ?   P A S S   ?
[INFO ][2015-11-09 11:59:54,274][com.java.SeleniumDriver] [  788] - ------------------------------------------
[INFO ][2015-11-09 11:59:54,274][com.java.SeleniumDriver] [  789] - Test case being Executed: 7
[INFO ][2015-11-09 11:59:54,274][com.java.SeleniumDriver] [  800] - Test step:7
[INFO ][2015-11-09 11:59:54,274][com.java.SeleniumDriver] [  812] - Datavalue is----------2
[INFO ][2015-11-09 11:59:54,274][com.java.SeleniumDriver] [  836] - DataField : BTNbtnAddUser
[INFO ][2015-11-09 11:59:54,274][com.java.SeleniumDriver] [  838] - DataValue : 2
[INFO ][2015-11-09 11:59:54,274][com.java.SeleniumDriver] [  844] - <In Set values of the page>
[INFO ][2015-11-09 11:59:54,274][com.java.SeleniumDriver] [  847] - {Data Fields & Data Values Exist}
[INFO ][2015-11-09 11:59:54,274][com.java.SeleniumDriver] [  849] - --------------------------setting values-----------------------------
[INFO ][2015-11-09 11:59:54,274][com.java.SeleniumDriver] [  852] - Action Type : WaitForElement
[INFO ][2015-11-09 11:59:55,694][com.java.SeleniumDriver] [  861] -  RESULT true
[INFO ][2015-11-09 11:59:55,694][com.java.SeleniumDriver] [ 1066] - ?   P A S S   ?
[INFO ][2015-11-09 11:59:55,694][com.java.SeleniumDriver] [  788] - ------------------------------------------
[INFO ][2015-11-09 11:59:55,694][com.java.SeleniumDriver] [  789] - Test case being Executed: 7
[INFO ][2015-11-09 11:59:55,694][com.java.SeleniumDriver] [  800] - Test step:8
[INFO ][2015-11-09 11:59:55,694][com.java.SeleniumDriver] [  812] - Datavalue is----------null
[DEBUG][2015-11-09 11:59:55,694][com.java.SeleniumDriver] [  830] - Exception: null
[INFO ][2015-11-09 11:59:55,694][com.java.SeleniumDriver] [  836] - DataField : BTNbtnAddUser
[INFO ][2015-11-09 11:59:55,694][com.java.SeleniumDriver] [  838] - DataValue : 
[INFO ][2015-11-09 11:59:55,694][com.java.SeleniumDriver] [  844] - <In Set values of the page>
[INFO ][2015-11-09 11:59:55,694][com.java.SeleniumDriver] [  847] - {Data Fields & Data Values Exist}
[INFO ][2015-11-09 11:59:55,694][com.java.SeleniumDriver] [  849] - --------------------------setting values-----------------------------
[INFO ][2015-11-09 11:59:55,694][com.java.SeleniumDriver] [  852] - Action Type : Click
[INFO ][2015-11-09 11:59:55,694][com.java.TestType] [ 4388] - Field ::BTNbtnAddUser
[INFO ][2015-11-09 11:59:56,695][com.java.TestType] [ 4426] - BEFORE CLICK
[INFO ][2015-11-09 11:59:58,296][com.java.TestType] [ 4433] - Unable to click the object Add user button
[INFO ][2015-11-09 11:59:58,296][com.java.SeleniumDriver] [  861] -  RESULT true
[INFO ][2015-11-09 11:59:58,296][com.java.SeleniumDriver] [ 1066] - ?   P A S S   ?
[INFO ][2015-11-09 11:59:58,296][com.java.SeleniumDriver] [  788] - ------------------------------------------
[INFO ][2015-11-09 11:59:58,296][com.java.SeleniumDriver] [  789] - Test case being Executed: 7
[INFO ][2015-11-09 11:59:58,296][com.java.SeleniumDriver] [  800] - Test step:9
[INFO ][2015-11-09 11:59:58,296][com.java.SeleniumDriver] [  812] - Datavalue is----------2
[INFO ][2015-11-09 11:59:58,296][com.java.SeleniumDriver] [  836] - DataField : BTNtxtUserName
[INFO ][2015-11-09 11:59:58,296][com.java.SeleniumDriver] [  838] - DataValue : 2
[INFO ][2015-11-09 11:59:58,296][com.java.SeleniumDriver] [  844] - <In Set values of the page>
[INFO ][2015-11-09 11:59:58,296][com.java.SeleniumDriver] [  847] - {Data Fields & Data Values Exist}
[INFO ][2015-11-09 11:59:58,296][com.java.SeleniumDriver] [  849] - --------------------------setting values-----------------------------
[INFO ][2015-11-09 11:59:58,296][com.java.SeleniumDriver] [  852] - Action Type : WaitForElement
[INFO ][2015-11-09 12:00:07,966][com.java.SeleniumDriver] [  861] -  RESULT true
[INFO ][2015-11-09 12:00:07,966][com.java.SeleniumDriver] [ 1066] - ?   P A S S   ?
[INFO ][2015-11-09 12:00:07,966][com.java.SeleniumDriver] [  788] - ------------------------------------------
[INFO ][2015-11-09 12:00:07,966][com.java.SeleniumDriver] [  789] - Test case being Executed: 7
[INFO ][2015-11-09 12:00:07,966][com.java.SeleniumDriver] [  800] - Test step:10
[INFO ][2015-11-09 12:00:07,966][com.java.SeleniumDriver] [  812] - Datavalue is----------dt:NewUserName
[INFO ][2015-11-09 12:00:07,966][com.java.SeleniumDriver] [  836] - DataField : TXTtxtUserName
[INFO ][2015-11-09 12:00:07,966][com.java.SeleniumDriver] [  838] - DataValue : dt:NewUserName
[INFO ][2015-11-09 12:00:07,966][com.java.SeleniumDriver] [  844] - <In Set values of the page>
[INFO ][2015-11-09 12:00:07,966][com.java.SeleniumDriver] [  847] - {Data Fields & Data Values Exist}
[INFO ][2015-11-09 12:00:07,966][com.java.SeleniumDriver] [  849] - --------------------------setting values-----------------------------
[INFO ][2015-11-09 12:00:07,966][com.java.SeleniumDriver] [  852] - Action Type : Enter
[INFO ][2015-11-09 12:00:07,966][com.java.TestType] [ 4708] - field = txtUserName
[INFO ][2015-11-09 12:00:07,966][com.java.TestType] [ 4075] - value = vltest.robot
[INFO ][2015-11-09 12:00:10,609][com.java.SeleniumDriver] [  861] -  RESULT true
[INFO ][2015-11-09 12:00:10,609][com.java.SeleniumDriver] [ 1066] - ?   P A S S   ?
[INFO ][2015-11-09 12:00:10,609][com.java.SeleniumDriver] [  788] - ------------------------------------------
[INFO ][2015-11-09 12:00:10,609][com.java.SeleniumDriver] [  789] - Test case being Executed: 7
[INFO ][2015-11-09 12:00:10,609][com.java.SeleniumDriver] [  800] - Test step:11
[INFO ][2015-11-09 12:00:10,609][com.java.SeleniumDriver] [  812] - Datavalue is----------VLTest
[INFO ][2015-11-09 12:00:10,609][com.java.SeleniumDriver] [  836] - DataField : TXTtxtFirstName
[INFO ][2015-11-09 12:00:10,609][com.java.SeleniumDriver] [  838] - DataValue : VLTest
[INFO ][2015-11-09 12:00:10,609][com.java.SeleniumDriver] [  844] - <In Set values of the page>
[INFO ][2015-11-09 12:00:10,609][com.java.SeleniumDriver] [  847] - {Data Fields & Data Values Exist}
[INFO ][2015-11-09 12:00:10,609][com.java.SeleniumDriver] [  849] - --------------------------setting values-----------------------------
[INFO ][2015-11-09 12:00:10,609][com.java.SeleniumDriver] [  852] - Action Type : Enter
[INFO ][2015-11-09 12:00:10,609][com.java.TestType] [ 4708] - field = txtFirstName
[INFO ][2015-11-09 12:00:10,609][com.java.TestType] [ 4075] - value = VLTest
[INFO ][2015-11-09 12:00:13,553][com.java.SeleniumDriver] [  861] -  RESULT true
[INFO ][2015-11-09 12:00:13,553][com.java.SeleniumDriver] [ 1066] - ?   P A S S   ?
[INFO ][2015-11-09 12:00:13,553][com.java.SeleniumDriver] [  788] - ------------------------------------------
[INFO ][2015-11-09 12:00:13,553][com.java.SeleniumDriver] [  789] - Test case being Executed: 7
[INFO ][2015-11-09 12:00:13,553][com.java.SeleniumDriver] [  800] - Test step:12
[INFO ][2015-11-09 12:00:13,553][com.java.SeleniumDriver] [  812] - Datavalue is----------Robot
[INFO ][2015-11-09 12:00:13,553][com.java.SeleniumDriver] [  836] - DataField : TXTtxtLastName
[INFO ][2015-11-09 12:00:13,553][com.java.SeleniumDriver] [  838] - DataValue : Robot
[INFO ][2015-11-09 12:00:13,553][com.java.SeleniumDriver] [  844] - <In Set values of the page>
[INFO ][2015-11-09 12:00:13,553][com.java.SeleniumDriver] [  847] - {Data Fields & Data Values Exist}
[INFO ][2015-11-09 12:00:13,553][com.java.SeleniumDriver] [  849] - --------------------------setting values-----------------------------
[INFO ][2015-11-09 12:00:13,553][com.java.SeleniumDriver] [  852] - Action Type : Enter
[INFO ][2015-11-09 12:00:13,553][com.java.TestType] [ 4708] - field = txtLastName
[INFO ][2015-11-09 12:00:13,553][com.java.TestType] [ 4075] - value = Robot
[INFO ][2015-11-09 12:00:16,285][com.java.SeleniumDriver] [  861] -  RESULT true
[INFO ][2015-11-09 12:00:16,285][com.java.SeleniumDriver] [ 1066] - ?   P A S S   ?
[INFO ][2015-11-09 12:00:16,285][com.java.SeleniumDriver] [  788] - ------------------------------------------
[INFO ][2015-11-09 12:00:16,285][com.java.SeleniumDriver] [  789] - Test case being Executed: 7
[INFO ][2015-11-09 12:00:16,285][com.java.SeleniumDriver] [  800] - Test step:13
[INFO ][2015-11-09 12:00:16,285][com.java.SeleniumDriver] [  812] - Datavalue is----------ValueLabs
[INFO ][2015-11-09 12:00:16,285][com.java.SeleniumDriver] [  836] - DataField : TXTtxtCompany
[INFO ][2015-11-09 12:00:16,285][com.java.SeleniumDriver] [  838] - DataValue : ValueLabs
[INFO ][2015-11-09 12:00:16,285][com.java.SeleniumDriver] [  844] - <In Set values of the page>
[INFO ][2015-11-09 12:00:16,285][com.java.SeleniumDriver] [  847] - {Data Fields & Data Values Exist}
[INFO ][2015-11-09 12:00:16,285][com.java.SeleniumDriver] [  849] - --------------------------setting values-----------------------------
[INFO ][2015-11-09 12:00:16,285][com.java.SeleniumDriver] [  852] - Action Type : Enter
[INFO ][2015-11-09 12:00:16,285][com.java.TestType] [ 4708] - field = txtCompany
[INFO ][2015-11-09 12:00:16,285][com.java.TestType] [ 4075] - value = ValueLabs
[INFO ][2015-11-09 12:00:19,157][com.java.SeleniumDriver] [  861] -  RESULT true
[INFO ][2015-11-09 12:00:19,157][com.java.SeleniumDriver] [ 1066] - ?   P A S S   ?
[INFO ][2015-11-09 12:00:19,157][com.java.SeleniumDriver] [  788] - ------------------------------------------
[INFO ][2015-11-09 12:00:19,157][com.java.SeleniumDriver] [  789] - Test case being Executed: 7
[INFO ][2015-11-09 12:00:19,157][com.java.SeleniumDriver] [  800] - Test step:14
[INFO ][2015-11-09 12:00:19,157][com.java.SeleniumDriver] [  812] - Datavalue is----------India
[INFO ][2015-11-09 12:00:19,157][com.java.SeleniumDriver] [  836] - DataField : TXTtxtLocation
[INFO ][2015-11-09 12:00:19,157][com.java.SeleniumDriver] [  838] - DataValue : India
[INFO ][2015-11-09 12:00:19,157][com.java.SeleniumDriver] [  844] - <In Set values of the page>
[INFO ][2015-11-09 12:00:19,157][com.java.SeleniumDriver] [  847] - {Data Fields & Data Values Exist}
[INFO ][2015-11-09 12:00:19,157][com.java.SeleniumDriver] [  849] - --------------------------setting values-----------------------------
[INFO ][2015-11-09 12:00:19,157][com.java.SeleniumDriver] [  852] - Action Type : Enter
[INFO ][2015-11-09 12:00:19,157][com.java.TestType] [ 4708] - field = txtLocation
[INFO ][2015-11-09 12:00:19,157][com.java.TestType] [ 4075] - value = India
[INFO ][2015-11-09 12:00:21,849][com.java.SeleniumDriver] [  861] -  RESULT true
[INFO ][2015-11-09 12:00:21,849][com.java.SeleniumDriver] [ 1066] - ?   P A S S   ?
[INFO ][2015-11-09 12:00:21,849][com.java.SeleniumDriver] [  788] - ------------------------------------------
[INFO ][2015-11-09 12:00:21,849][com.java.SeleniumDriver] [  789] - Test case being Executed: 7
[INFO ][2015-11-09 12:00:21,849][com.java.SeleniumDriver] [  800] - Test step:15
[INFO ][2015-11-09 12:00:21,849][com.java.SeleniumDriver] [  812] - Datavalue is----------vltest.robot@valuelabs.com
[INFO ][2015-11-09 12:00:21,849][com.java.SeleniumDriver] [  836] - DataField : TXTtxtEMail
[INFO ][2015-11-09 12:00:21,849][com.java.SeleniumDriver] [  838] - DataValue : vltest.robot@valuelabs.com
[INFO ][2015-11-09 12:00:21,849][com.java.SeleniumDriver] [  844] - <In Set values of the page>
[INFO ][2015-11-09 12:00:21,849][com.java.SeleniumDriver] [  847] - {Data Fields & Data Values Exist}
[INFO ][2015-11-09 12:00:21,849][com.java.SeleniumDriver] [  849] - --------------------------setting values-----------------------------
[INFO ][2015-11-09 12:00:21,849][com.java.SeleniumDriver] [  852] - Action Type : Enter
[INFO ][2015-11-09 12:00:21,849][com.java.TestType] [ 4708] - field = txtEMail
[INFO ][2015-11-09 12:00:21,849][com.java.TestType] [ 4075] - value = vltest.robot@valuelabs.com
[INFO ][2015-11-09 12:00:24,801][com.java.SeleniumDriver] [  861] -  RESULT true
[INFO ][2015-11-09 12:00:24,801][com.java.SeleniumDriver] [ 1066] - ?   P A S S   ?
[INFO ][2015-11-09 12:00:24,801][com.java.SeleniumDriver] [  788] - ------------------------------------------
[INFO ][2015-11-09 12:00:24,801][com.java.SeleniumDriver] [  789] - Test case being Executed: 7
[INFO ][2015-11-09 12:00:24,801][com.java.SeleniumDriver] [  800] - Test step:16
[INFO ][2015-11-09 12:00:24,801][com.java.SeleniumDriver] [  812] - Datavalue is----------12345678901
[INFO ][2015-11-09 12:00:24,801][com.java.SeleniumDriver] [  836] - DataField : TXTtxtPhone
[INFO ][2015-11-09 12:00:24,801][com.java.SeleniumDriver] [  838] - DataValue : 12345678901
[INFO ][2015-11-09 12:00:24,801][com.java.SeleniumDriver] [  844] - <In Set values of the page>
[INFO ][2015-11-09 12:00:24,801][com.java.SeleniumDriver] [  847] - {Data Fields & Data Values Exist}
[INFO ][2015-11-09 12:00:24,801][com.java.SeleniumDriver] [  849] - --------------------------setting values-----------------------------
[INFO ][2015-11-09 12:00:24,801][com.java.SeleniumDriver] [  852] - Action Type : Enter
[INFO ][2015-11-09 12:00:24,801][com.java.TestType] [ 4708] - field = txtPhone
[INFO ][2015-11-09 12:00:24,801][com.java.TestType] [ 4075] - value = 12345678901
[INFO ][2015-11-09 12:00:27,463][com.java.SeleniumDriver] [  861] -  RESULT true
[INFO ][2015-11-09 12:00:27,463][com.java.SeleniumDriver] [ 1066] - ?   P A S S   ?
[INFO ][2015-11-09 12:00:27,463][com.java.SeleniumDriver] [  788] - ------------------------------------------
[INFO ][2015-11-09 12:00:27,463][com.java.SeleniumDriver] [  789] - Test case being Executed: 7
[INFO ][2015-11-09 12:00:27,463][com.java.SeleniumDriver] [  800] - Test step:17
[INFO ][2015-11-09 12:00:27,463][com.java.SeleniumDriver] [  812] - Datavalue is----------dt:NewUserPswd
[INFO ][2015-11-09 12:00:27,463][com.java.SeleniumDriver] [  836] - DataField : TXTtxtPassword
[INFO ][2015-11-09 12:00:27,463][com.java.SeleniumDriver] [  838] - DataValue : dt:NewUserPswd
[INFO ][2015-11-09 12:00:27,463][com.java.SeleniumDriver] [  844] - <In Set values of the page>
[INFO ][2015-11-09 12:00:27,463][com.java.SeleniumDriver] [  847] - {Data Fields & Data Values Exist}
[INFO ][2015-11-09 12:00:27,463][com.java.SeleniumDriver] [  849] - --------------------------setting values-----------------------------
[INFO ][2015-11-09 12:00:27,463][com.java.SeleniumDriver] [  852] - Action Type : Enter
[INFO ][2015-11-09 12:00:27,463][com.java.TestType] [ 4708] - field = txtPassword
[INFO ][2015-11-09 12:00:27,463][com.java.TestType] [ 4075] - value = Password1*
[INFO ][2015-11-09 12:00:30,325][com.java.SeleniumDriver] [  861] -  RESULT true
[INFO ][2015-11-09 12:00:30,325][com.java.SeleniumDriver] [ 1066] - ?   P A S S   ?
[INFO ][2015-11-09 12:00:30,325][com.java.SeleniumDriver] [  788] - ------------------------------------------
[INFO ][2015-11-09 12:00:30,325][com.java.SeleniumDriver] [  789] - Test case being Executed: 7
[INFO ][2015-11-09 12:00:30,325][com.java.SeleniumDriver] [  800] - Test step:18
[INFO ][2015-11-09 12:00:30,325][com.java.SeleniumDriver] [  812] - Datavalue is----------dt:NewUserPswd
[INFO ][2015-11-09 12:00:30,325][com.java.SeleniumDriver] [  836] - DataField : TXTtxtPasswordConfirm
[INFO ][2015-11-09 12:00:30,325][com.java.SeleniumDriver] [  838] - DataValue : dt:NewUserPswd
[INFO ][2015-11-09 12:00:30,325][com.java.SeleniumDriver] [  844] - <In Set values of the page>
[INFO ][2015-11-09 12:00:30,325][com.java.SeleniumDriver] [  847] - {Data Fields & Data Values Exist}
[INFO ][2015-11-09 12:00:30,325][com.java.SeleniumDriver] [  849] - --------------------------setting values-----------------------------
[INFO ][2015-11-09 12:00:30,325][com.java.SeleniumDriver] [  852] - Action Type : Enter
[INFO ][2015-11-09 12:00:30,325][com.java.TestType] [ 4708] - field = txtPasswordConfirm
[INFO ][2015-11-09 12:00:30,325][com.java.TestType] [ 4075] - value = Password1*
[INFO ][2015-11-09 12:00:33,198][com.java.SeleniumDriver] [  861] -  RESULT true
[INFO ][2015-11-09 12:00:33,198][com.java.SeleniumDriver] [ 1066] - ?   P A S S   ?
[INFO ][2015-11-09 12:00:33,198][com.java.SeleniumDriver] [  788] - ------------------------------------------
[INFO ][2015-11-09 12:00:33,198][com.java.SeleniumDriver] [  789] - Test case being Executed: 7
[INFO ][2015-11-09 12:00:33,198][com.java.SeleniumDriver] [  800] - Test step:19
[INFO ][2015-11-09 12:00:33,198][com.java.SeleniumDriver] [  812] - Datavalue is----------null
[DEBUG][2015-11-09 12:00:33,198][com.java.SeleniumDriver] [  830] - Exception: null
[INFO ][2015-11-09 12:00:33,198][com.java.SeleniumDriver] [  836] - DataField : BTNparent
[INFO ][2015-11-09 12:00:33,198][com.java.SeleniumDriver] [  838] - DataValue : 
[INFO ][2015-11-09 12:00:33,198][com.java.SeleniumDriver] [  844] - <In Set values of the page>
[INFO ][2015-11-09 12:00:33,198][com.java.SeleniumDriver] [  847] - {Data Fields & Data Values Exist}
[INFO ][2015-11-09 12:00:33,198][com.java.SeleniumDriver] [  849] - --------------------------setting values-----------------------------
[INFO ][2015-11-09 12:00:33,198][com.java.SeleniumDriver] [  852] - Action Type : SelectFrame
[INFO ][2015-11-09 12:00:33,208][com.java.SeleniumDriver] [  861] -  RESULT true
[INFO ][2015-11-09 12:00:33,208][com.java.SeleniumDriver] [ 1066] - ?   P A S S   ?
[INFO ][2015-11-09 12:00:33,208][com.java.SeleniumDriver] [  788] - ------------------------------------------
[INFO ][2015-11-09 12:00:33,208][com.java.SeleniumDriver] [  789] - Test case being Executed: 7
[INFO ][2015-11-09 12:00:33,208][com.java.SeleniumDriver] [  800] - Test step:20
[INFO ][2015-11-09 12:00:33,208][com.java.SeleniumDriver] [  812] - Datavalue is----------5
[INFO ][2015-11-09 12:00:33,208][com.java.SeleniumDriver] [  836] - DataField : test
[INFO ][2015-11-09 12:00:33,208][com.java.SeleniumDriver] [  838] - DataValue : 5
[INFO ][2015-11-09 12:00:33,208][com.java.SeleniumDriver] [  844] - <In Set values of the page>
[INFO ][2015-11-09 12:00:33,208][com.java.SeleniumDriver] [  847] - {Data Fields & Data Values Exist}
[INFO ][2015-11-09 12:00:33,208][com.java.SeleniumDriver] [  849] - --------------------------setting values-----------------------------
[INFO ][2015-11-09 12:00:33,208][com.java.SeleniumDriver] [  852] - Action Type : WaitTime
[DEBUG][2015-11-09 12:00:33,208][com.java.TestType] [ 3911] - sleepTime: 5000
[INFO ][2015-11-09 12:00:38,208][com.java.SeleniumDriver] [  861] -  RESULT true
[INFO ][2015-11-09 12:00:38,208][com.java.SeleniumDriver] [ 1066] - ?   P A S S   ?
[INFO ][2015-11-09 12:00:38,208][com.java.SeleniumDriver] [  788] - ------------------------------------------
[INFO ][2015-11-09 12:00:38,208][com.java.SeleniumDriver] [  789] - Test case being Executed: 7
[INFO ][2015-11-09 12:00:38,208][com.java.SeleniumDriver] [  800] - Test step:21
[INFO ][2015-11-09 12:00:38,208][com.java.SeleniumDriver] [  812] - Datavalue is----------null
[DEBUG][2015-11-09 12:00:38,208][com.java.SeleniumDriver] [  830] - Exception: null
[INFO ][2015-11-09 12:00:38,208][com.java.SeleniumDriver] [  836] - DataField : XPH//span[contains(text(), 'Finished')]
[INFO ][2015-11-09 12:00:38,208][com.java.SeleniumDriver] [  838] - DataValue : 
[INFO ][2015-11-09 12:00:38,208][com.java.SeleniumDriver] [  844] - <In Set values of the page>
[INFO ][2015-11-09 12:00:38,208][com.java.SeleniumDriver] [  847] - {Data Fields & Data Values Exist}
[INFO ][2015-11-09 12:00:38,208][com.java.SeleniumDriver] [  849] - --------------------------setting values-----------------------------
[INFO ][2015-11-09 12:00:38,208][com.java.SeleniumDriver] [  852] - Action Type : Click
[INFO ][2015-11-09 12:00:38,208][com.java.TestType] [ 4388] - Field ::XPH//span[contains(text(), 'Finished')]
[INFO ][2015-11-09 12:00:39,211][com.java.TestType] [ 4447] - BEFORE CLICK
[INFO ][2015-11-09 12:00:40,711][com.java.TestType] [ 4455] - Unable to click the object Finished button
[INFO ][2015-11-09 12:00:40,711][com.java.SeleniumDriver] [  861] -  RESULT true
[INFO ][2015-11-09 12:00:40,711][com.java.SeleniumDriver] [ 1066] - ?   P A S S   ?
[INFO ][2015-11-09 12:00:40,711][com.java.SeleniumDriver] [  788] - ------------------------------------------
[INFO ][2015-11-09 12:00:40,711][com.java.SeleniumDriver] [  789] - Test case being Executed: 7
[INFO ][2015-11-09 12:00:40,711][com.java.SeleniumDriver] [  800] - Test step:22
[INFO ][2015-11-09 12:00:40,711][com.java.SeleniumDriver] [  812] - Datavalue is----------null
[DEBUG][2015-11-09 12:00:40,711][com.java.SeleniumDriver] [  830] - Exception: null
[INFO ][2015-11-09 12:00:40,711][com.java.SeleniumDriver] [  836] - DataField : XPH//span[contains(text(), 'Finished')]
[INFO ][2015-11-09 12:00:40,711][com.java.SeleniumDriver] [  838] - DataValue : 
[INFO ][2015-11-09 12:00:40,711][com.java.SeleniumDriver] [  844] - <In Set values of the page>
[INFO ][2015-11-09 12:00:40,711][com.java.SeleniumDriver] [  847] - {Data Fields & Data Values Exist}
[INFO ][2015-11-09 12:00:40,711][com.java.SeleniumDriver] [  849] - --------------------------setting values-----------------------------
[INFO ][2015-11-09 12:00:40,711][com.java.SeleniumDriver] [  852] - Action Type : WaitForElement
[INFO ][2015-11-09 12:00:40,752][com.java.SeleniumDriver] [  861] -  RESULT true
[INFO ][2015-11-09 12:00:40,752][com.java.SeleniumDriver] [ 1066] - ?   P A S S   ?
[INFO ][2015-11-09 12:00:40,752][com.java.SeleniumDriver] [  788] - ------------------------------------------
[INFO ][2015-11-09 12:00:40,752][com.java.SeleniumDriver] [  789] - Test case being Executed: 7
[INFO ][2015-11-09 12:00:40,752][com.java.SeleniumDriver] [  800] - Test step:23
[INFO ][2015-11-09 12:00:40,752][com.java.SeleniumDriver] [  812] - Datavalue is----------null
[DEBUG][2015-11-09 12:00:40,752][com.java.SeleniumDriver] [  830] - Exception: null
[INFO ][2015-11-09 12:00:40,752][com.java.SeleniumDriver] [  836] - DataField : BTNframeDialogContent
[INFO ][2015-11-09 12:00:40,752][com.java.SeleniumDriver] [  838] - DataValue : 
[INFO ][2015-11-09 12:00:40,752][com.java.SeleniumDriver] [  844] - <In Set values of the page>
[INFO ][2015-11-09 12:00:40,752][com.java.SeleniumDriver] [  847] - {Data Fields & Data Values Exist}
[INFO ][2015-11-09 12:00:40,752][com.java.SeleniumDriver] [  849] - --------------------------setting values-----------------------------
[INFO ][2015-11-09 12:00:40,752][com.java.SeleniumDriver] [  852] - Action Type : SelectFrame
[INFO ][2015-11-09 12:00:42,063][com.java.SeleniumDriver] [  861] -  RESULT true
[INFO ][2015-11-09 12:00:42,063][com.java.SeleniumDriver] [ 1066] - ?   P A S S   ?
[INFO ][2015-11-09 12:00:42,063][com.java.SeleniumDriver] [  788] - ------------------------------------------
[INFO ][2015-11-09 12:00:42,063][com.java.SeleniumDriver] [  789] - Test case being Executed: 7
[INFO ][2015-11-09 12:00:42,063][com.java.SeleniumDriver] [  800] - Test step:24
[INFO ][2015-11-09 12:00:42,063][com.java.SeleniumDriver] [  812] - Datavalue is----------null
[DEBUG][2015-11-09 12:00:42,063][com.java.SeleniumDriver] [  830] - Exception: null
[INFO ][2015-11-09 12:00:42,063][com.java.SeleniumDriver] [  836] - DataField : BTNchkGlobalPrivsUserAdmin
[INFO ][2015-11-09 12:00:42,063][com.java.SeleniumDriver] [  838] - DataValue : 
[INFO ][2015-11-09 12:00:42,063][com.java.SeleniumDriver] [  844] - <In Set values of the page>
[INFO ][2015-11-09 12:00:42,063][com.java.SeleniumDriver] [  847] - {Data Fields & Data Values Exist}
[INFO ][2015-11-09 12:00:42,063][com.java.SeleniumDriver] [  849] - --------------------------setting values-----------------------------
[INFO ][2015-11-09 12:00:42,063][com.java.SeleniumDriver] [  852] - Action Type : Click
[INFO ][2015-11-09 12:00:42,063][com.java.TestType] [ 4388] - Field ::BTNchkGlobalPrivsUserAdmin
[INFO ][2015-11-09 12:00:43,063][com.java.TestType] [ 4426] - BEFORE CLICK
[INFO ][2015-11-09 12:00:44,314][com.java.TestType] [ 4433] - Unable to click the object User Admin check box
[INFO ][2015-11-09 12:00:44,314][com.java.SeleniumDriver] [  861] -  RESULT true
[INFO ][2015-11-09 12:00:44,314][com.java.SeleniumDriver] [ 1066] - ?   P A S S   ?
[INFO ][2015-11-09 12:00:44,314][com.java.SeleniumDriver] [  788] - ------------------------------------------
[INFO ][2015-11-09 12:00:44,314][com.java.SeleniumDriver] [  789] - Test case being Executed: 7
[INFO ][2015-11-09 12:00:44,314][com.java.SeleniumDriver] [  800] - Test step:25
[INFO ][2015-11-09 12:00:44,314][com.java.SeleniumDriver] [  812] - Datavalue is----------null
[DEBUG][2015-11-09 12:00:44,314][com.java.SeleniumDriver] [  830] - Exception: null
[INFO ][2015-11-09 12:00:44,314][com.java.SeleniumDriver] [  836] - DataField : BTNrdoEnableEntity_Enable
[INFO ][2015-11-09 12:00:44,314][com.java.SeleniumDriver] [  838] - DataValue : 
[INFO ][2015-11-09 12:00:44,314][com.java.SeleniumDriver] [  844] - <In Set values of the page>
[INFO ][2015-11-09 12:00:44,314][com.java.SeleniumDriver] [  847] - {Data Fields & Data Values Exist}
[INFO ][2015-11-09 12:00:44,314][com.java.SeleniumDriver] [  849] - --------------------------setting values-----------------------------
[INFO ][2015-11-09 12:00:44,314][com.java.SeleniumDriver] [  852] - Action Type : Click
[INFO ][2015-11-09 12:00:44,314][com.java.TestType] [ 4388] - Field ::BTNrdoEnableEntity_Enable
[INFO ][2015-11-09 12:00:45,314][com.java.TestType] [ 4426] - BEFORE CLICK
[INFO ][2015-11-09 12:00:46,575][com.java.TestType] [ 4433] - Unable to click the object Enable radio button
[INFO ][2015-11-09 12:00:46,575][com.java.SeleniumDriver] [  861] -  RESULT true
[INFO ][2015-11-09 12:00:46,575][com.java.SeleniumDriver] [ 1066] - ?   P A S S   ?
[INFO ][2015-11-09 12:00:46,575][com.java.SeleniumDriver] [  788] - ------------------------------------------
[INFO ][2015-11-09 12:00:46,575][com.java.SeleniumDriver] [  789] - Test case being Executed: 7
[INFO ][2015-11-09 12:00:46,575][com.java.SeleniumDriver] [  800] - Test step:26
[INFO ][2015-11-09 12:00:46,575][com.java.SeleniumDriver] [  812] - Datavalue is----------null
[DEBUG][2015-11-09 12:00:46,575][com.java.SeleniumDriver] [  830] - Exception: null
[INFO ][2015-11-09 12:00:46,575][com.java.SeleniumDriver] [  836] - DataField : BTNchkProfitCenterAll
[INFO ][2015-11-09 12:00:46,575][com.java.SeleniumDriver] [  838] - DataValue : 
[INFO ][2015-11-09 12:00:46,575][com.java.SeleniumDriver] [  844] - <In Set values of the page>
[INFO ][2015-11-09 12:00:46,575][com.java.SeleniumDriver] [  847] - {Data Fields & Data Values Exist}
[INFO ][2015-11-09 12:00:46,575][com.java.SeleniumDriver] [  849] - --------------------------setting values-----------------------------
[INFO ][2015-11-09 12:00:46,575][com.java.SeleniumDriver] [  852] - Action Type : Click
[INFO ][2015-11-09 12:00:46,575][com.java.TestType] [ 4388] - Field ::BTNchkProfitCenterAll
[INFO ][2015-11-09 12:00:47,575][com.java.TestType] [ 4426] - BEFORE CLICK
[INFO ][2015-11-09 12:00:48,817][com.java.TestType] [ 4433] - Unable to click the object All Check box
[INFO ][2015-11-09 12:00:48,817][com.java.SeleniumDriver] [  861] -  RESULT true
[INFO ][2015-11-09 12:00:48,817][com.java.SeleniumDriver] [ 1066] - ?   P A S S   ?
[INFO ][2015-11-09 12:00:48,817][com.java.SeleniumDriver] [  788] - ------------------------------------------
[INFO ][2015-11-09 12:00:48,817][com.java.SeleniumDriver] [  789] - Test case being Executed: 7
[INFO ][2015-11-09 12:00:48,817][com.java.SeleniumDriver] [  800] - Test step:27
[INFO ][2015-11-09 12:00:48,817][com.java.SeleniumDriver] [  812] - Datavalue is----------null
[DEBUG][2015-11-09 12:00:48,817][com.java.SeleniumDriver] [  830] - Exception: null
[INFO ][2015-11-09 12:00:48,817][com.java.SeleniumDriver] [  836] - DataField : BTNchkPrivsAccessGL
[INFO ][2015-11-09 12:00:48,817][com.java.SeleniumDriver] [  838] - DataValue : 
[INFO ][2015-11-09 12:00:48,817][com.java.SeleniumDriver] [  844] - <In Set values of the page>
[INFO ][2015-11-09 12:00:48,817][com.java.SeleniumDriver] [  847] - {Data Fields & Data Values Exist}
[INFO ][2015-11-09 12:00:48,817][com.java.SeleniumDriver] [  849] - --------------------------setting values-----------------------------
[INFO ][2015-11-09 12:00:48,817][com.java.SeleniumDriver] [  852] - Action Type : Click
[INFO ][2015-11-09 12:00:48,817][com.java.TestType] [ 4388] - Field ::BTNchkPrivsAccessGL
[INFO ][2015-11-09 12:00:49,817][com.java.TestType] [ 4426] - BEFORE CLICK
[INFO ][2015-11-09 12:00:51,058][com.java.TestType] [ 4433] - Unable to click the object GL check box
[INFO ][2015-11-09 12:00:51,058][com.java.SeleniumDriver] [  861] -  RESULT true
[INFO ][2015-11-09 12:00:51,058][com.java.SeleniumDriver] [ 1066] - ?   P A S S   ?
[INFO ][2015-11-09 12:00:51,058][com.java.SeleniumDriver] [  788] - ------------------------------------------
[INFO ][2015-11-09 12:00:51,058][com.java.SeleniumDriver] [  789] - Test case being Executed: 7
[INFO ][2015-11-09 12:00:51,058][com.java.SeleniumDriver] [  800] - Test step:28
[INFO ][2015-11-09 12:00:51,058][com.java.SeleniumDriver] [  812] - Datavalue is----------null
[DEBUG][2015-11-09 12:00:51,058][com.java.SeleniumDriver] [  830] - Exception: null
[INFO ][2015-11-09 12:00:51,058][com.java.SeleniumDriver] [  836] - DataField : BTNparent
[INFO ][2015-11-09 12:00:51,058][com.java.SeleniumDriver] [  838] - DataValue : 
[INFO ][2015-11-09 12:00:51,058][com.java.SeleniumDriver] [  844] - <In Set values of the page>
[INFO ][2015-11-09 12:00:51,058][com.java.SeleniumDriver] [  847] - {Data Fields & Data Values Exist}
[INFO ][2015-11-09 12:00:51,058][com.java.SeleniumDriver] [  849] - --------------------------setting values-----------------------------
[INFO ][2015-11-09 12:00:51,058][com.java.SeleniumDriver] [  852] - Action Type : SelectFrame
[INFO ][2015-11-09 12:00:51,068][com.java.SeleniumDriver] [  861] -  RESULT true
[INFO ][2015-11-09 12:00:51,068][com.java.SeleniumDriver] [ 1066] - ?   P A S S   ?
[INFO ][2015-11-09 12:00:51,068][com.java.SeleniumDriver] [  788] - ------------------------------------------
[INFO ][2015-11-09 12:00:51,068][com.java.SeleniumDriver] [  789] - Test case being Executed: 7
[INFO ][2015-11-09 12:00:51,068][com.java.SeleniumDriver] [  800] - Test step:29
[INFO ][2015-11-09 12:00:51,068][com.java.SeleniumDriver] [  812] - Datavalue is----------5
[INFO ][2015-11-09 12:00:51,068][com.java.SeleniumDriver] [  836] - DataField : test
[INFO ][2015-11-09 12:00:51,068][com.java.SeleniumDriver] [  838] - DataValue : 5
[INFO ][2015-11-09 12:00:51,068][com.java.SeleniumDriver] [  844] - <In Set values of the page>
[INFO ][2015-11-09 12:00:51,068][com.java.SeleniumDriver] [  847] - {Data Fields & Data Values Exist}
[INFO ][2015-11-09 12:00:51,068][com.java.SeleniumDriver] [  849] - --------------------------setting values-----------------------------
[INFO ][2015-11-09 12:00:51,068][com.java.SeleniumDriver] [  852] - Action Type : WaitTime
[DEBUG][2015-11-09 12:00:51,068][com.java.TestType] [ 3911] - sleepTime: 5000
[INFO ][2015-11-09 12:00:56,068][com.java.SeleniumDriver] [  861] -  RESULT true
[INFO ][2015-11-09 12:00:56,068][com.java.SeleniumDriver] [ 1066] - ?   P A S S   ?
[INFO ][2015-11-09 12:00:56,068][com.java.SeleniumDriver] [  788] - ------------------------------------------
[INFO ][2015-11-09 12:00:56,068][com.java.SeleniumDriver] [  789] - Test case being Executed: 7
[INFO ][2015-11-09 12:00:56,068][com.java.SeleniumDriver] [  800] - Test step:30
[INFO ][2015-11-09 12:00:56,068][com.java.SeleniumDriver] [  812] - Datavalue is----------null
[DEBUG][2015-11-09 12:00:56,068][com.java.SeleniumDriver] [  830] - Exception: null
[INFO ][2015-11-09 12:00:56,068][com.java.SeleniumDriver] [  836] - DataField : XPH//span[contains(text(), 'Finished')]
[INFO ][2015-11-09 12:00:56,068][com.java.SeleniumDriver] [  838] - DataValue : 
[INFO ][2015-11-09 12:00:56,068][com.java.SeleniumDriver] [  844] - <In Set values of the page>
[INFO ][2015-11-09 12:00:56,068][com.java.SeleniumDriver] [  847] - {Data Fields & Data Values Exist}
[INFO ][2015-11-09 12:00:56,068][com.java.SeleniumDriver] [  849] - --------------------------setting values-----------------------------
[INFO ][2015-11-09 12:00:56,068][com.java.SeleniumDriver] [  852] - Action Type : Click
[INFO ][2015-11-09 12:00:56,068][com.java.TestType] [ 4388] - Field ::XPH//span[contains(text(), 'Finished')]
[INFO ][2015-11-09 12:00:57,069][com.java.TestType] [ 4447] - BEFORE CLICK
[INFO ][2015-11-09 12:01:05,019][com.java.TestType] [ 4455] - Unable to click the object Finished button
[INFO ][2015-11-09 12:01:05,019][com.java.SeleniumDriver] [  861] -  RESULT true
[INFO ][2015-11-09 12:01:05,019][com.java.SeleniumDriver] [ 1066] - ?   P A S S   ?
[INFO ][2015-11-09 12:01:05,019][com.java.SeleniumDriver] [  788] - ------------------------------------------
[INFO ][2015-11-09 12:01:05,019][com.java.SeleniumDriver] [  789] - Test case being Executed: 7
[INFO ][2015-11-09 12:01:05,019][com.java.SeleniumDriver] [  800] - Test step:31
[INFO ][2015-11-09 12:01:05,019][com.java.SeleniumDriver] [  812] - Datavalue is----------5
[INFO ][2015-11-09 12:01:05,019][com.java.SeleniumDriver] [  836] - DataField : BTNframeDialogContent
[INFO ][2015-11-09 12:01:05,019][com.java.SeleniumDriver] [  838] - DataValue : 5
[INFO ][2015-11-09 12:01:05,019][com.java.SeleniumDriver] [  844] - <In Set values of the page>
[INFO ][2015-11-09 12:01:05,019][com.java.SeleniumDriver] [  847] - {Data Fields & Data Values Exist}
[INFO ][2015-11-09 12:01:05,019][com.java.SeleniumDriver] [  849] - --------------------------setting values-----------------------------
[INFO ][2015-11-09 12:01:05,019][com.java.SeleniumDriver] [  852] - Action Type : WaitForElement
[INFO ][2015-11-09 12:01:06,230][com.java.SeleniumDriver] [  861] -  RESULT true
[INFO ][2015-11-09 12:01:06,230][com.java.SeleniumDriver] [ 1066] - ?   P A S S   ?
[INFO ][2015-11-09 12:01:06,230][com.java.SeleniumDriver] [  788] - ------------------------------------------
[INFO ][2015-11-09 12:01:06,230][com.java.SeleniumDriver] [  789] - Test case being Executed: 7
[INFO ][2015-11-09 12:01:06,230][com.java.SeleniumDriver] [  800] - Test step:32
[INFO ][2015-11-09 12:01:06,230][com.java.SeleniumDriver] [  812] - Datavalue is----------null
[DEBUG][2015-11-09 12:01:06,230][com.java.SeleniumDriver] [  830] - Exception: null
[INFO ][2015-11-09 12:01:06,230][com.java.SeleniumDriver] [  836] - DataField : BTNframeDialogContent
[INFO ][2015-11-09 12:01:06,230][com.java.SeleniumDriver] [  838] - DataValue : 
[INFO ][2015-11-09 12:01:06,230][com.java.SeleniumDriver] [  844] - <In Set values of the page>
[INFO ][2015-11-09 12:01:06,230][com.java.SeleniumDriver] [  847] - {Data Fields & Data Values Exist}
[INFO ][2015-11-09 12:01:06,230][com.java.SeleniumDriver] [  849] - --------------------------setting values-----------------------------
[INFO ][2015-11-09 12:01:06,230][com.java.SeleniumDriver] [  852] - Action Type : SelectFrame
[INFO ][2015-11-09 12:01:07,482][com.java.SeleniumDriver] [  861] -  RESULT true
[INFO ][2015-11-09 12:01:07,482][com.java.SeleniumDriver] [ 1066] - ?   P A S S   ?
[INFO ][2015-11-09 12:01:07,482][com.java.SeleniumDriver] [  788] - ------------------------------------------
[INFO ][2015-11-09 12:01:07,482][com.java.SeleniumDriver] [  789] - Test case being Executed: 7
[INFO ][2015-11-09 12:01:07,482][com.java.SeleniumDriver] [  800] - Test step:33
[INFO ][2015-11-09 12:01:07,482][com.java.SeleniumDriver] [  812] - Datavalue is----------null
[DEBUG][2015-11-09 12:01:07,482][com.java.SeleniumDriver] [  830] - Exception: null
[INFO ][2015-11-09 12:01:07,482][com.java.SeleniumDriver] [  836] - DataField : XPH//table[@id="tblUserListing"]//td[contains(text(),'vltest.robot')]
[INFO ][2015-11-09 12:01:07,482][com.java.SeleniumDriver] [  838] - DataValue : 
[INFO ][2015-11-09 12:01:07,482][com.java.SeleniumDriver] [  844] - <In Set values of the page>
[INFO ][2015-11-09 12:01:07,482][com.java.SeleniumDriver] [  847] - {Data Fields & Data Values Exist}
[INFO ][2015-11-09 12:01:07,482][com.java.SeleniumDriver] [  849] - --------------------------setting values-----------------------------
[INFO ][2015-11-09 12:01:07,482][com.java.SeleniumDriver] [  852] - Action Type : WaitForElement
[INFO ][2015-11-09 12:01:07,542][com.java.SeleniumDriver] [  861] -  RESULT true
[INFO ][2015-11-09 12:01:07,542][com.java.SeleniumDriver] [ 1066] - ?   P A S S   ?
[INFO ][2015-11-09 12:01:07,542][com.java.SeleniumDriver] [  788] - ------------------------------------------
[INFO ][2015-11-09 12:01:07,542][com.java.SeleniumDriver] [  789] - Test case being Executed: 7
[INFO ][2015-11-09 12:01:07,542][com.java.SeleniumDriver] [  800] - Test step:34
[INFO ][2015-11-09 12:01:07,542][com.java.SeleniumDriver] [  812] - Datavalue is----------dt:NewUserName
[INFO ][2015-11-09 12:01:07,542][com.java.SeleniumDriver] [  836] - DataField : USR
[INFO ][2015-11-09 12:01:07,542][com.java.SeleniumDriver] [  838] - DataValue : dt:NewUserName
[INFO ][2015-11-09 12:01:07,542][com.java.SeleniumDriver] [  844] - <In Set values of the page>
[INFO ][2015-11-09 12:01:07,542][com.java.SeleniumDriver] [  847] - {Data Fields & Data Values Exist}
[INFO ][2015-11-09 12:01:07,542][com.java.SeleniumDriver] [  849] - --------------------------setting values-----------------------------
[INFO ][2015-11-09 12:01:07,542][com.java.SeleniumDriver] [  852] - Action Type : Verify
[INFO ][2015-11-09 12:01:07,542][com.java.TestType] [ 5201] - field= USR value= dt:NewUserName
[INFO ][2015-11-09 12:01:07,542][com.java.TestType] [ 4075] - value = vltest.robot
[INFO ][2015-11-09 12:01:07,602][com.java.SeleniumDriver] [  861] -  RESULT true
[INFO ][2015-11-09 12:01:07,602][com.java.SeleniumDriver] [ 1066] - ?   P A S S   ?
[INFO ][2015-11-09 12:01:07,602][com.java.SeleniumDriver] [  788] - ------------------------------------------
[INFO ][2015-11-09 12:01:07,602][com.java.SeleniumDriver] [  789] - Test case being Executed: 7
[INFO ][2015-11-09 12:01:07,602][com.java.SeleniumDriver] [  800] - Test step:35
[INFO ][2015-11-09 12:01:07,602][com.java.SeleniumDriver] [  812] - Datavalue is----------Login_username
[INFO ][2015-11-09 12:01:07,602][com.java.SeleniumDriver] [  836] - DataField : XPH//table[@id="tblUserListing"]//td[contains(text(),'vltest.robot')]
[INFO ][2015-11-09 12:01:07,602][com.java.SeleniumDriver] [  838] - DataValue : Login_username
[INFO ][2015-11-09 12:01:07,602][com.java.SeleniumDriver] [  844] - <In Set values of the page>
[INFO ][2015-11-09 12:01:07,602][com.java.SeleniumDriver] [  847] - {Data Fields & Data Values Exist}
[INFO ][2015-11-09 12:01:07,602][com.java.SeleniumDriver] [  849] - --------------------------setting values-----------------------------
[INFO ][2015-11-09 12:01:07,602][com.java.SeleniumDriver] [  852] - Action Type : STOREVALUE
[INFO ][2015-11-09 12:01:07,602][com.java.TestType] [ 6135] - field= XPH//table[@id="tblUserListing"]//td[contains(text(),'vltest.robot')]
[DEBUG][2015-11-09 12:01:07,702][com.java.TestType] [ 6187] - Key:: Login_username   Value:: vltest.robot.33527
[INFO ][2015-11-09 12:01:07,702][com.java.SeleniumDriver] [  861] -  RESULT true
[INFO ][2015-11-09 12:01:07,702][com.java.SeleniumDriver] [ 1066] - ?   P A S S   ?
[INFO ][2015-11-09 12:01:07,702][com.java.SeleniumDriver] [  788] - ------------------------------------------
[INFO ][2015-11-09 12:01:07,702][com.java.SeleniumDriver] [  789] - Test case being Executed: 7
[INFO ][2015-11-09 12:01:07,702][com.java.SeleniumDriver] [  800] - Test step:36
[INFO ][2015-11-09 12:01:07,702][com.java.SeleniumDriver] [  812] - Datavalue is----------null
[DEBUG][2015-11-09 12:01:07,702][com.java.SeleniumDriver] [  830] - Exception: null
[INFO ][2015-11-09 12:01:07,702][com.java.SeleniumDriver] [  836] - DataField : BTNparent
[INFO ][2015-11-09 12:01:07,702][com.java.SeleniumDriver] [  838] - DataValue : 
[INFO ][2015-11-09 12:01:07,702][com.java.SeleniumDriver] [  844] - <In Set values of the page>
[INFO ][2015-11-09 12:01:07,702][com.java.SeleniumDriver] [  847] - {Data Fields & Data Values Exist}
[INFO ][2015-11-09 12:01:07,702][com.java.SeleniumDriver] [  849] - --------------------------setting values-----------------------------
[INFO ][2015-11-09 12:01:07,702][com.java.SeleniumDriver] [  852] - Action Type : SelectFrame
[INFO ][2015-11-09 12:01:07,712][com.java.SeleniumDriver] [  861] -  RESULT true
[INFO ][2015-11-09 12:01:07,712][com.java.SeleniumDriver] [ 1066] - ?   P A S S   ?
[INFO ][2015-11-09 12:01:07,712][com.java.SeleniumDriver] [  788] - ------------------------------------------
[INFO ][2015-11-09 12:01:07,712][com.java.SeleniumDriver] [  789] - Test case being Executed: 7
[INFO ][2015-11-09 12:01:07,712][com.java.SeleniumDriver] [  800] - Test step:37
[INFO ][2015-11-09 12:01:07,712][com.java.SeleniumDriver] [  812] - Datavalue is----------null
[DEBUG][2015-11-09 12:01:07,712][com.java.SeleniumDriver] [  830] - Exception: null
[INFO ][2015-11-09 12:01:07,712][com.java.SeleniumDriver] [  836] - DataField : XPH//span[contains(text(), 'Finished')]
[INFO ][2015-11-09 12:01:07,712][com.java.SeleniumDriver] [  838] - DataValue : 
[INFO ][2015-11-09 12:01:07,712][com.java.SeleniumDriver] [  844] - <In Set values of the page>
[INFO ][2015-11-09 12:01:07,712][com.java.SeleniumDriver] [  847] - {Data Fields & Data Values Exist}
[INFO ][2015-11-09 12:01:07,712][com.java.SeleniumDriver] [  849] - --------------------------setting values-----------------------------
[INFO ][2015-11-09 12:01:07,712][com.java.SeleniumDriver] [  852] - Action Type : Click
[INFO ][2015-11-09 12:01:07,712][com.java.TestType] [ 4388] - Field ::XPH//span[contains(text(), 'Finished')]
[INFO ][2015-11-09 12:01:08,712][com.java.TestType] [ 4447] - BEFORE CLICK
[INFO ][2015-11-09 12:01:09,762][com.java.TestType] [ 4455] - Unable to click the object Finished button
[INFO ][2015-11-09 12:01:09,762][com.java.SeleniumDriver] [  861] -  RESULT true
[INFO ][2015-11-09 12:01:09,762][com.java.SeleniumDriver] [ 1066] - ?   P A S S   ?
[INFO ][2015-11-09 12:01:09,762][com.java.SeleniumDriver] [  788] - ------------------------------------------
[INFO ][2015-11-09 12:01:09,762][com.java.SeleniumDriver] [  789] - Test case being Executed: 7
[INFO ][2015-11-09 12:01:09,762][com.java.SeleniumDriver] [  800] - Test step:38
[INFO ][2015-11-09 12:01:09,762][com.java.SeleniumDriver] [  812] - Datavalue is----------Concept#3:1-2
[INFO ][2015-11-09 12:01:09,762][com.java.SeleniumDriver] [  836] - DataField : test
[INFO ][2015-11-09 12:01:09,762][com.java.SeleniumDriver] [  838] - DataValue : Concept#3:1-2
[INFO ][2015-11-09 12:01:09,762][com.java.SeleniumDriver] [  844] - <In Set values of the page>
[INFO ][2015-11-09 12:01:09,762][com.java.SeleniumDriver] [  847] - {Data Fields & Data Values Exist}
[INFO ][2015-11-09 12:01:09,762][com.java.SeleniumDriver] [  849] - --------------------------setting values-----------------------------
[INFO ][2015-11-09 12:01:09,762][com.java.SeleniumDriver] [  852] - Action Type : ExecuteTestCase
[INFO ][2015-11-09 12:01:09,762][com.java.TestType] [  420] - The Concept sheet name is ---------- Concept
[INFO ][2015-11-09 12:01:09,762][com.java.TestType] [  423] - The Concept ID  is ---------- 3
[DEBUG][2015-11-09 12:01:09,762][com.java.TestType] [  427] - Steps being executted in the Concept are: 1:2
[INFO ][2015-11-09 12:01:09,762][com.java.TestType] [  434] - Test data details path ---------- D:\BankersDashboard\TestInputs\TestData.xls
[INFO ][2015-11-09 12:01:09,783][com.java.TestType] [  465] -  str(1) = 3
[INFO ][2015-11-09 12:01:09,783][com.java.TestType] [  468] - Test case Id is---3
[INFO ][2015-11-09 12:01:09,783][com.java.TestType] [  470] - 3
[INFO ][2015-11-09 12:01:09,783][com.java.TestType] [  465] -  str(2) = 1
[INFO ][2015-11-09 12:01:09,793][com.java.TestType] [  517] - row values are--------{1=com.java.Objects.TestDataDetails@1fcc2a1}
[INFO ][2015-11-09 12:01:09,793][com.java.TestType] [  465] -  str(1) = 3
[INFO ][2015-11-09 12:01:09,793][com.java.TestType] [  468] - Test case Id is---3
[INFO ][2015-11-09 12:01:09,793][com.java.TestType] [  470] - 3
[INFO ][2015-11-09 12:01:09,793][com.java.TestType] [  465] -  str(2) = 2
[INFO ][2015-11-09 12:01:09,793][com.java.TestType] [  517] - row values are--------{1=com.java.Objects.TestDataDetails@1fcc2a1, 2=com.java.Objects.TestDataDetails@a03ac7}
[INFO ][2015-11-09 12:01:09,793][com.java.TestType] [ 8225] - Looping 1TCID = 3
[DEBUG][2015-11-09 12:01:09,793][com.java.TestType] [ 8266] - Concept ID:3 :: Step being Executed: 3::1
[INFO ][2015-11-09 12:01:09,793][com.java.TestType] [ 8304] - dataFields : test
[DEBUG][2015-11-09 12:01:09,793][com.java.TestType] [ 8310] - <In Set values of the page>
[DEBUG][2015-11-09 12:01:09,793][com.java.TestType] [ 8315] - {Data Fields & Data Values Exist}
[INFO ][2015-11-09 12:01:09,793][com.java.TestType] [ 8321] - --------------------------setting values-----------------------------
[INFO ][2015-11-09 12:01:09,793][com.java.TestType] [ 8324] - Action Type : Logout
[INFO ][2015-11-09 12:01:11,968][com.java.TestType] [ 4388] - Field ::CNF
[INFO ][2015-11-09 12:01:14,271][com.java.TestType] [ 4443] - Click the object confirmation
[INFO ][2015-11-09 12:01:14,271][com.java.TestType] [ 4444] - Unable to click the object confirmation
[DEBUG][2015-11-09 12:01:14,273][com.java.SeleniumDriver] [  425] - Hub ip address is-------172.17.68.34
[INFO ][2015-11-09 12:01:14,273][com.java.SeleniumDriver] [  451] - Grid URL:http://172.17.68.34:4444/wd/hub
[INFO ][2015-11-09 12:01:14,273][com.java.SeleniumDriver] [  452] - Capability:Capabilities [{platform=ANY, ensureCleanSession=true, ignoreProtectedModeSettings=true, acceptSslCerts=true, ignoreZoomSetting=true, browserName=internet explorer, browserstack.ie.noFlash=true, version=Node1}]
[ERROR][2015-11-09 12:01:15,302][com.java.SeleniumDriver] [  496] - Unable invoke browser in grid:Could not start a new session. Possible causes are invalid address of the remote server or browser start-up failure.
Build info: version: '2.48.2', revision: '41bccdd', time: '2015-10-09 19:59:12'
System info: host: 'FVTIII438F1D', ip: '172.17.68.34', os.name: 'Windows 7', os.arch: 'x86', os.version: '6.1', java.version: '1.7.0_55'
Driver info: driver.version: SeleniumDriver
[INFO ][2015-11-09 12:01:15,302][com.java.SeleniumDriver] [  498] - Executing on local machine
[INFO ][2015-11-09 12:01:24,360][com.java.TestType] [ 8343] -  RESULT true
[INFO ][2015-11-09 12:01:24,360][com.java.TestType] [ 8460] - ?   P A S S   ?
[DEBUG][2015-11-09 12:01:24,360][com.java.TestType] [ 8266] - Concept ID:3 :: Step being Executed: 3::2
[INFO ][2015-11-09 12:01:24,360][com.java.TestType] [ 8304] - dataFields : test
[DEBUG][2015-11-09 12:01:24,360][com.java.TestType] [ 8310] - <In Set values of the page>
[DEBUG][2015-11-09 12:01:24,360][com.java.TestType] [ 8315] - {Data Fields & Data Values Exist}
[INFO ][2015-11-09 12:01:24,360][com.java.TestType] [ 8321] - --------------------------setting values-----------------------------
[INFO ][2015-11-09 12:01:24,360][com.java.TestType] [ 8324] - Action Type : WaitTime
[DEBUG][2015-11-09 12:01:24,360][com.java.TestType] [ 3911] - sleepTime: 2000
[INFO ][2015-11-09 12:01:26,361][com.java.TestType] [ 8343] -  RESULT true
[INFO ][2015-11-09 12:01:26,361][com.java.TestType] [ 8460] - ?   P A S S   ?
[INFO ][2015-11-09 12:01:26,361][com.java.TestType] [ 8531] - Looping End......
[INFO ][2015-11-09 12:01:26,361][com.java.SeleniumDriver] [  861] -  RESULT true
[INFO ][2015-11-09 12:01:26,361][com.java.SeleniumDriver] [ 1066] - ?   P A S S   ?
[INFO ][2015-11-09 12:01:26,361][com.java.SeleniumDriver] [  788] - ------------------------------------------
[INFO ][2015-11-09 12:01:26,361][com.java.SeleniumDriver] [  789] - Test case being Executed: 7
[INFO ][2015-11-09 12:01:26,361][com.java.SeleniumDriver] [  800] - Test step:39
[INFO ][2015-11-09 12:01:26,361][com.java.SeleniumDriver] [  812] - Datavalue is----------HMVLogin_username
[INFO ][2015-11-09 12:01:26,361][com.java.SeleniumDriver] [  836] - DataField : TXTusername
[INFO ][2015-11-09 12:01:26,361][com.java.SeleniumDriver] [  838] - DataValue : HMVLogin_username
[INFO ][2015-11-09 12:01:26,361][com.java.SeleniumDriver] [  844] - <In Set values of the page>
[INFO ][2015-11-09 12:01:26,361][com.java.SeleniumDriver] [  847] - {Data Fields & Data Values Exist}
[INFO ][2015-11-09 12:01:26,361][com.java.SeleniumDriver] [  849] - --------------------------setting values-----------------------------
[INFO ][2015-11-09 12:01:26,361][com.java.SeleniumDriver] [  852] - Action Type : CLEARANDENTER
[INFO ][2015-11-09 12:01:26,361][com.java.TestType] [ 4075] - value = vltest.robot.33527
[INFO ][2015-11-09 12:01:31,199][com.java.SeleniumDriver] [  861] -  RESULT true
[INFO ][2015-11-09 12:01:31,199][com.java.SeleniumDriver] [ 1066] - ?   P A S S   ?
[INFO ][2015-11-09 12:01:31,199][com.java.SeleniumDriver] [  788] - ------------------------------------------
[INFO ][2015-11-09 12:01:31,199][com.java.SeleniumDriver] [  789] - Test case being Executed: 7
[INFO ][2015-11-09 12:01:31,199][com.java.SeleniumDriver] [  800] - Test step:40
[INFO ][2015-11-09 12:01:31,199][com.java.SeleniumDriver] [  812] - Datavalue is----------dt:NewUserPswd
[INFO ][2015-11-09 12:01:31,199][com.java.SeleniumDriver] [  836] - DataField : TXTpassword
[INFO ][2015-11-09 12:01:31,199][com.java.SeleniumDriver] [  838] - DataValue : dt:NewUserPswd
[INFO ][2015-11-09 12:01:31,199][com.java.SeleniumDriver] [  844] - <In Set values of the page>
[INFO ][2015-11-09 12:01:31,199][com.java.SeleniumDriver] [  847] - {Data Fields & Data Values Exist}
[INFO ][2015-11-09 12:01:31,199][com.java.SeleniumDriver] [  849] - --------------------------setting values-----------------------------
[INFO ][2015-11-09 12:01:31,199][com.java.SeleniumDriver] [  852] - Action Type : CLEARANDENTER
[INFO ][2015-11-09 12:01:31,199][com.java.TestType] [ 4075] - value = Password1*
[INFO ][2015-11-09 12:01:36,116][com.java.SeleniumDriver] [  861] -  RESULT true
[INFO ][2015-11-09 12:01:36,116][com.java.SeleniumDriver] [ 1066] - ?   P A S S   ?
[INFO ][2015-11-09 12:01:36,116][com.java.SeleniumDriver] [  788] - ------------------------------------------
[INFO ][2015-11-09 12:01:36,116][com.java.SeleniumDriver] [  789] - Test case being Executed: 7
[INFO ][2015-11-09 12:01:36,116][com.java.SeleniumDriver] [  800] - Test step:41
[INFO ][2015-11-09 12:01:36,116][com.java.SeleniumDriver] [  812] - Datavalue is----------null
[DEBUG][2015-11-09 12:01:36,116][com.java.SeleniumDriver] [  830] - Exception: null
[INFO ][2015-11-09 12:01:36,116][com.java.SeleniumDriver] [  836] - DataField : XPH//button[@type='submit']
[INFO ][2015-11-09 12:01:36,116][com.java.SeleniumDriver] [  838] - DataValue : 
[INFO ][2015-11-09 12:01:36,116][com.java.SeleniumDriver] [  844] - <In Set values of the page>
[INFO ][2015-11-09 12:01:36,116][com.java.SeleniumDriver] [  847] - {Data Fields & Data Values Exist}
[INFO ][2015-11-09 12:01:36,116][com.java.SeleniumDriver] [  849] - --------------------------setting values-----------------------------
[INFO ][2015-11-09 12:01:36,116][com.java.SeleniumDriver] [  852] - Action Type : Click
[INFO ][2015-11-09 12:01:36,116][com.java.TestType] [ 4388] - Field ::XPH//button[@type='submit']
[INFO ][2015-11-09 12:01:37,116][com.java.TestType] [ 4447] - BEFORE CLICK
[INFO ][2015-11-09 12:01:37,948][com.java.TestType] [ 4455] - Unable to click the object Login
[INFO ][2015-11-09 12:01:37,948][com.java.SeleniumDriver] [  861] -  RESULT true
[INFO ][2015-11-09 12:01:37,948][com.java.SeleniumDriver] [ 1066] - ?   P A S S   ?
[INFO ][2015-11-09 12:01:37,948][com.java.SeleniumDriver] [  788] - ------------------------------------------
[INFO ][2015-11-09 12:01:37,948][com.java.SeleniumDriver] [  789] - Test case being Executed: 7
[INFO ][2015-11-09 12:01:37,948][com.java.SeleniumDriver] [  800] - Test step:42
[INFO ][2015-11-09 12:01:37,948][com.java.SeleniumDriver] [  812] - Datavalue is----------null
[DEBUG][2015-11-09 12:01:37,948][com.java.SeleniumDriver] [  830] - Exception: null
[INFO ][2015-11-09 12:01:37,948][com.java.SeleniumDriver] [  836] - DataField : test
[INFO ][2015-11-09 12:01:37,948][com.java.SeleniumDriver] [  838] - DataValue : 
[INFO ][2015-11-09 12:01:37,948][com.java.SeleniumDriver] [  844] - <In Set values of the page>
[INFO ][2015-11-09 12:01:37,948][com.java.SeleniumDriver] [  847] - {Data Fields & Data Values Exist}
[INFO ][2015-11-09 12:01:37,948][com.java.SeleniumDriver] [  849] - --------------------------setting values-----------------------------
[INFO ][2015-11-09 12:01:37,948][com.java.SeleniumDriver] [  852] - Action Type : WaitTime
[DEBUG][2015-11-09 12:01:37,948][com.java.TestType] [ 3911] - sleepTime: 10000
[INFO ][2015-11-09 12:01:47,935][com.java.SeleniumDriver] [  861] -  RESULT true
[INFO ][2015-11-09 12:01:47,935][com.java.SeleniumDriver] [ 1066] - ?   P A S S   ?
[INFO ][2015-11-09 12:01:47,935][com.java.SeleniumDriver] [  788] - ------------------------------------------
[INFO ][2015-11-09 12:01:47,935][com.java.SeleniumDriver] [  789] - Test case being Executed: 7
[INFO ][2015-11-09 12:01:47,935][com.java.SeleniumDriver] [  800] - Test step:43
[INFO ][2015-11-09 12:01:47,935][com.java.SeleniumDriver] [  812] - Datavalue is----------Banker'sDashboard
[INFO ][2015-11-09 12:01:47,935][com.java.SeleniumDriver] [  836] - DataField : TTL
[INFO ][2015-11-09 12:01:47,935][com.java.SeleniumDriver] [  838] - DataValue : Banker'sDashboard
[INFO ][2015-11-09 12:01:47,935][com.java.SeleniumDriver] [  844] - <In Set values of the page>
[INFO ][2015-11-09 12:01:47,935][com.java.SeleniumDriver] [  847] - {Data Fields & Data Values Exist}
[INFO ][2015-11-09 12:01:47,935][com.java.SeleniumDriver] [  849] - --------------------------setting values-----------------------------
[INFO ][2015-11-09 12:01:47,935][com.java.SeleniumDriver] [  852] - Action Type : SelectWindow
[INFO ][2015-11-09 12:02:00,524][com.java.SeleniumDriver] [  861] -  RESULT true
[INFO ][2015-11-09 12:02:00,524][com.java.SeleniumDriver] [ 1066] - ?   P A S S   ?
[INFO ][2015-11-09 12:02:00,524][com.java.SeleniumDriver] [  788] - ------------------------------------------
[INFO ][2015-11-09 12:02:00,524][com.java.SeleniumDriver] [  789] - Test case being Executed: 7
[INFO ][2015-11-09 12:02:00,524][com.java.SeleniumDriver] [  800] - Test step:44
[INFO ][2015-11-09 12:02:00,524][com.java.SeleniumDriver] [  812] - Datavalue is----------20
[INFO ][2015-11-09 12:02:00,524][com.java.SeleniumDriver] [  836] - DataField : test
[INFO ][2015-11-09 12:02:00,524][com.java.SeleniumDriver] [  838] - DataValue : 20
[INFO ][2015-11-09 12:02:00,524][com.java.SeleniumDriver] [  844] - <In Set values of the page>
[INFO ][2015-11-09 12:02:00,524][com.java.SeleniumDriver] [  847] - {Data Fields & Data Values Exist}
[INFO ][2015-11-09 12:02:00,524][com.java.SeleniumDriver] [  849] - --------------------------setting values-----------------------------
[INFO ][2015-11-09 12:02:00,524][com.java.SeleniumDriver] [  852] - Action Type : WaitTime
[DEBUG][2015-11-09 12:02:00,524][com.java.TestType] [ 3911] - sleepTime: 20000
[INFO ][2015-11-09 12:02:20,533][com.java.SeleniumDriver] [  861] -  RESULT true
[INFO ][2015-11-09 12:02:20,533][com.java.SeleniumDriver] [ 1066] - ?   P A S S   ?
[INFO ][2015-11-09 12:02:20,533][com.java.SeleniumDriver] [  788] - ------------------------------------------
[INFO ][2015-11-09 12:02:20,533][com.java.SeleniumDriver] [  789] - Test case being Executed: 7
[INFO ][2015-11-09 12:02:20,533][com.java.SeleniumDriver] [  800] - Test step:45
[INFO ][2015-11-09 12:02:20,533][com.java.SeleniumDriver] [  812] - Datavalue is----------null
[DEBUG][2015-11-09 12:02:20,533][com.java.SeleniumDriver] [  830] - Exception: null
[INFO ][2015-11-09 12:02:20,533][com.java.SeleniumDriver] [  836] - DataField : //span[@class='icon-cog2']&&//a[@data-id="UserSettings"]
[INFO ][2015-11-09 12:02:20,533][com.java.SeleniumDriver] [  838] - DataValue : 
[INFO ][2015-11-09 12:02:20,533][com.java.SeleniumDriver] [  844] - <In Set values of the page>
[INFO ][2015-11-09 12:02:20,533][com.java.SeleniumDriver] [  847] - {Data Fields & Data Values Exist}
[INFO ][2015-11-09 12:02:20,533][com.java.SeleniumDriver] [  849] - --------------------------setting values-----------------------------
[INFO ][2015-11-09 12:02:20,533][com.java.SeleniumDriver] [  852] - Action Type : MouseOver
[INFO ][2015-11-09 12:02:30,689][com.java.SeleniumDriver] [  861] -  RESULT true
[INFO ][2015-11-09 12:02:30,689][com.java.SeleniumDriver] [ 1066] - ?   P A S S   ?
[INFO ][2015-11-09 12:02:30,689][com.java.SeleniumDriver] [  788] - ------------------------------------------
[INFO ][2015-11-09 12:02:30,689][com.java.SeleniumDriver] [  789] - Test case being Executed: 7
[INFO ][2015-11-09 12:02:30,689][com.java.SeleniumDriver] [  800] - Test step:46
[INFO ][2015-11-09 12:02:30,689][com.java.SeleniumDriver] [  812] - Datavalue is----------null
[DEBUG][2015-11-09 12:02:30,689][com.java.SeleniumDriver] [  830] - Exception: null
[INFO ][2015-11-09 12:02:30,689][com.java.SeleniumDriver] [  836] - DataField : BTNframeDialogContent
[INFO ][2015-11-09 12:02:30,689][com.java.SeleniumDriver] [  838] - DataValue : 
[INFO ][2015-11-09 12:02:30,689][com.java.SeleniumDriver] [  844] - <In Set values of the page>
[INFO ][2015-11-09 12:02:30,689][com.java.SeleniumDriver] [  847] - {Data Fields & Data Values Exist}
[INFO ][2015-11-09 12:02:30,689][com.java.SeleniumDriver] [  849] - --------------------------setting values-----------------------------
[INFO ][2015-11-09 12:02:30,689][com.java.SeleniumDriver] [  852] - Action Type : WaitForElement
[INFO ][2015-11-09 12:02:31,869][com.java.SeleniumDriver] [  861] -  RESULT true
[INFO ][2015-11-09 12:02:31,869][com.java.SeleniumDriver] [ 1066] - ?   P A S S   ?
[INFO ][2015-11-09 12:02:31,869][com.java.SeleniumDriver] [  788] - ------------------------------------------
[INFO ][2015-11-09 12:02:31,869][com.java.SeleniumDriver] [  789] - Test case being Executed: 7
[INFO ][2015-11-09 12:02:31,869][com.java.SeleniumDriver] [  800] - Test step:47
[INFO ][2015-11-09 12:02:31,869][com.java.SeleniumDriver] [  812] - Datavalue is----------frameDialogContent
[INFO ][2015-11-09 12:02:31,869][com.java.SeleniumDriver] [  836] - DataField : BTN
[INFO ][2015-11-09 12:02:31,869][com.java.SeleniumDriver] [  838] - DataValue : frameDialogContent
[INFO ][2015-11-09 12:02:31,869][com.java.SeleniumDriver] [  844] - <In Set values of the page>
[INFO ][2015-11-09 12:02:31,869][com.java.SeleniumDriver] [  847] - {Data Fields & Data Values Exist}
[INFO ][2015-11-09 12:02:31,869][com.java.SeleniumDriver] [  849] - --------------------------setting values-----------------------------
[INFO ][2015-11-09 12:02:31,869][com.java.SeleniumDriver] [  852] - Action Type : SELECTFRAMEBYNAME
[INFO ][2015-11-09 12:02:31,869][com.java.TestType] [ 4075] - value = frameDialogContent
[INFO ][2015-11-09 12:02:31,950][com.java.SeleniumDriver] [  861] -  RESULT true
[INFO ][2015-11-09 12:02:31,950][com.java.SeleniumDriver] [ 1066] - ?   P A S S   ?
[INFO ][2015-11-09 12:02:31,950][com.java.SeleniumDriver] [  788] - ------------------------------------------
[INFO ][2015-11-09 12:02:31,950][com.java.SeleniumDriver] [  789] - Test case being Executed: 7
[INFO ][2015-11-09 12:02:31,950][com.java.SeleniumDriver] [  800] - Test step:48
[INFO ][2015-11-09 12:02:31,950][com.java.SeleniumDriver] [  812] - Datavalue is----------No
[INFO ][2015-11-09 12:02:31,950][com.java.SeleniumDriver] [  836] - DataField : SLBddlOpenBDInNewWindow
[INFO ][2015-11-09 12:02:31,950][com.java.SeleniumDriver] [  838] - DataValue : No
[INFO ][2015-11-09 12:02:31,950][com.java.SeleniumDriver] [  844] - <In Set values of the page>
[INFO ][2015-11-09 12:02:31,950][com.java.SeleniumDriver] [  847] - {Data Fields & Data Values Exist}
[INFO ][2015-11-09 12:02:31,950][com.java.SeleniumDriver] [  849] - --------------------------setting values-----------------------------
[INFO ][2015-11-09 12:02:31,950][com.java.SeleniumDriver] [  852] - Action Type : Select
[INFO ][2015-11-09 12:02:31,950][com.java.TestType] [ 4075] - value = No
[INFO ][2015-11-09 12:02:34,232][com.java.SeleniumDriver] [  861] -  RESULT true
[INFO ][2015-11-09 12:02:34,232][com.java.SeleniumDriver] [ 1066] - ?   P A S S   ?
[INFO ][2015-11-09 12:02:34,232][com.java.SeleniumDriver] [  788] - ------------------------------------------
[INFO ][2015-11-09 12:02:34,232][com.java.SeleniumDriver] [  789] - Test case being Executed: 7
[INFO ][2015-11-09 12:02:34,232][com.java.SeleniumDriver] [  800] - Test step:49
[INFO ][2015-11-09 12:02:34,232][com.java.SeleniumDriver] [  812] - Datavalue is----------null
[DEBUG][2015-11-09 12:02:34,232][com.java.SeleniumDriver] [  830] - Exception: null
[INFO ][2015-11-09 12:02:34,232][com.java.SeleniumDriver] [  836] - DataField : BTNparent
[INFO ][2015-11-09 12:02:34,232][com.java.SeleniumDriver] [  838] - DataValue : 
[INFO ][2015-11-09 12:02:34,232][com.java.SeleniumDriver] [  844] - <In Set values of the page>
[INFO ][2015-11-09 12:02:34,232][com.java.SeleniumDriver] [  847] - {Data Fields & Data Values Exist}
[INFO ][2015-11-09 12:02:34,232][com.java.SeleniumDriver] [  849] - --------------------------setting values-----------------------------
[INFO ][2015-11-09 12:02:34,232][com.java.SeleniumDriver] [  852] - Action Type : SELECTFRAME
[INFO ][2015-11-09 12:02:34,252][com.java.SeleniumDriver] [  861] -  RESULT true
[INFO ][2015-11-09 12:02:34,252][com.java.SeleniumDriver] [ 1066] - ?   P A S S   ?
[INFO ][2015-11-09 12:02:34,252][com.java.SeleniumDriver] [  788] - ------------------------------------------
[INFO ][2015-11-09 12:02:34,252][com.java.SeleniumDriver] [  789] - Test case being Executed: 7
[INFO ][2015-11-09 12:02:34,252][com.java.SeleniumDriver] [  800] - Test step:50
[INFO ][2015-11-09 12:02:34,252][com.java.SeleniumDriver] [  812] - Datavalue is----------null
[DEBUG][2015-11-09 12:02:34,252][com.java.SeleniumDriver] [  830] - Exception: null
[INFO ][2015-11-09 12:02:34,252][com.java.SeleniumDriver] [  836] - DataField : BTN//span[text()='Finished']
[INFO ][2015-11-09 12:02:34,252][com.java.SeleniumDriver] [  838] - DataValue : 
[INFO ][2015-11-09 12:02:34,252][com.java.SeleniumDriver] [  844] - <In Set values of the page>
[INFO ][2015-11-09 12:02:34,252][com.java.SeleniumDriver] [  847] - {Data Fields & Data Values Exist}
[INFO ][2015-11-09 12:02:34,252][com.java.SeleniumDriver] [  849] - --------------------------setting values-----------------------------
[INFO ][2015-11-09 12:02:34,252][com.java.SeleniumDriver] [  852] - Action Type : Click
[INFO ][2015-11-09 12:02:34,252][com.java.TestType] [ 4388] - Field ::BTN//span[text()='Finished']
[INFO ][2015-11-09 12:02:35,252][com.java.TestType] [ 4426] - BEFORE CLICK
[INFO ][2015-11-09 12:02:35,563][com.java.TestType] [ 4433] - Unable to click the object Finished button
[INFO ][2015-11-09 12:02:35,563][com.java.SeleniumDriver] [  861] -  RESULT true
[INFO ][2015-11-09 12:02:35,563][com.java.SeleniumDriver] [ 1066] - ?   P A S S   ?
[INFO ][2015-11-09 12:02:35,563][com.java.SeleniumDriver] [  788] - ------------------------------------------
[INFO ][2015-11-09 12:02:35,563][com.java.SeleniumDriver] [  789] - Test case being Executed: 7
[INFO ][2015-11-09 12:02:35,563][com.java.SeleniumDriver] [  800] - Test step:51
[INFO ][2015-11-09 12:02:35,563][com.java.SeleniumDriver] [  812] - Datavalue is----------Logout
[INFO ][2015-11-09 12:02:35,563][com.java.SeleniumDriver] [  836] - DataField : LNK
[INFO ][2015-11-09 12:02:35,563][com.java.SeleniumDriver] [  838] - DataValue : Logout
[INFO ][2015-11-09 12:02:35,563][com.java.SeleniumDriver] [  844] - <In Set values of the page>
[INFO ][2015-11-09 12:02:35,563][com.java.SeleniumDriver] [  847] - {Data Fields & Data Values Exist}
[INFO ][2015-11-09 12:02:35,563][com.java.SeleniumDriver] [  849] - --------------------------setting values-----------------------------
[INFO ][2015-11-09 12:02:35,563][com.java.SeleniumDriver] [  852] - Action Type : Verify
[INFO ][2015-11-09 12:02:35,563][com.java.TestType] [ 5201] - field= LNK value= Logout
[INFO ][2015-11-09 12:02:35,563][com.java.TestType] [ 4075] - value = Logout
[INFO ][2015-11-09 12:02:35,683][com.java.SeleniumDriver] [  861] -  RESULT true
[INFO ][2015-11-09 12:02:35,683][com.java.SeleniumDriver] [ 1066] - ?   P A S S   ?
[INFO ][2015-11-09 12:02:35,683][com.java.SeleniumDriver] [  788] - ------------------------------------------
[INFO ][2015-11-09 12:02:35,683][com.java.SeleniumDriver] [  789] - Test case being Executed: 7
[INFO ][2015-11-09 12:02:35,683][com.java.SeleniumDriver] [  800] - Test step:52
[INFO ][2015-11-09 12:02:35,683][com.java.SeleniumDriver] [  812] - Datavalue is----------//img[contains(@src,'bdlogo.jpg')]
[INFO ][2015-11-09 12:02:35,683][com.java.SeleniumDriver] [  836] - DataField : BTN
[INFO ][2015-11-09 12:02:35,683][com.java.SeleniumDriver] [  838] - DataValue : //img[contains(@src,'bdlogo.jpg')]
[INFO ][2015-11-09 12:02:35,683][com.java.SeleniumDriver] [  844] - <In Set values of the page>
[INFO ][2015-11-09 12:02:35,683][com.java.SeleniumDriver] [  847] - {Data Fields & Data Values Exist}
[INFO ][2015-11-09 12:02:35,683][com.java.SeleniumDriver] [  849] - --------------------------setting values-----------------------------
[INFO ][2015-11-09 12:02:35,683][com.java.SeleniumDriver] [  852] - Action Type : Verify
[INFO ][2015-11-09 12:02:35,683][com.java.TestType] [ 5201] - field= BTN value= //img[contains(@src,'bdlogo.jpg')]
[INFO ][2015-11-09 12:02:35,683][com.java.TestType] [ 4075] - value = //img[contains(@src,'bdlogo.jpg')]
[INFO ][2015-11-09 12:02:35,793][com.java.SeleniumDriver] [  861] -  RESULT true
[INFO ][2015-11-09 12:02:35,793][com.java.SeleniumDriver] [ 1066] - ?   P A S S   ?
[INFO ][2015-11-09 12:02:35,793][com.java.SeleniumDriver] [  788] - ------------------------------------------
[INFO ][2015-11-09 12:02:35,793][com.java.SeleniumDriver] [  789] - Test case being Executed: 7
[INFO ][2015-11-09 12:02:35,793][com.java.SeleniumDriver] [  800] - Test step:53
[INFO ][2015-11-09 12:02:35,793][com.java.SeleniumDriver] [  812] - Datavalue is----------null
[DEBUG][2015-11-09 12:02:35,793][com.java.SeleniumDriver] [  830] - Exception: null
[INFO ][2015-11-09 12:02:35,793][com.java.SeleniumDriver] [  836] - DataField : null
[INFO ][2015-11-09 12:02:35,793][com.java.SeleniumDriver] [  838] - DataValue : 
[INFO ][2015-11-09 12:02:35,793][com.java.SeleniumDriver] [  844] - <In Set values of the page>
[INFO ][2015-11-09 12:02:35,793][com.java.SeleniumDriver] [  847] - {Data Fields & Data Values Exist}
[INFO ][2015-11-09 12:02:35,793][com.java.SeleniumDriver] [  849] - --------------------------setting values-----------------------------
[INFO ][2015-11-09 12:02:35,793][com.java.SeleniumDriver] [  852] - Action Type : OPENNEWBROWSER
[DEBUG][2015-11-09 12:02:41,140][com.java.SeleniumDriver] [  425] - Hub ip address is-------172.17.68.34
[INFO ][2015-11-09 12:02:41,140][com.java.SeleniumDriver] [  451] - Grid URL:http://172.17.68.34:4444/wd/hub
[INFO ][2015-11-09 12:02:41,140][com.java.SeleniumDriver] [  452] - Capability:Capabilities [{platform=ANY, ensureCleanSession=true, ignoreProtectedModeSettings=true, acceptSslCerts=true, ignoreZoomSetting=true, browserName=internet explorer, browserstack.ie.noFlash=true, version=Node1}]
[ERROR][2015-11-09 12:02:42,201][com.java.SeleniumDriver] [  496] - Unable invoke browser in grid:Could not start a new session. Possible causes are invalid address of the remote server or browser start-up failure.
Build info: version: '2.48.2', revision: '41bccdd', time: '2015-10-09 19:59:12'
System info: host: 'FVTIII438F1D', ip: '172.17.68.34', os.name: 'Windows 7', os.arch: 'x86', os.version: '6.1', java.version: '1.7.0_55'
Driver info: driver.version: SeleniumDriver
[INFO ][2015-11-09 12:02:42,201][com.java.SeleniumDriver] [  498] - Executing on local machine
[INFO ][2015-11-09 12:02:51,256][com.java.SeleniumDriver] [  861] -  RESULT true
[INFO ][2015-11-09 12:02:51,256][com.java.SeleniumDriver] [ 1066] - ?   P A S S   ?
[INFO ][2015-11-09 12:02:51,256][com.java.SeleniumDriver] [  788] - ------------------------------------------
[INFO ][2015-11-09 12:02:51,256][com.java.SeleniumDriver] [  789] - Test case being Executed: 7
[INFO ][2015-11-09 12:02:51,256][com.java.SeleniumDriver] [  800] - Test step:54
[INFO ][2015-11-09 12:02:51,256][com.java.SeleniumDriver] [  812] - Datavalue is----------Concept#1:1-14
[INFO ][2015-11-09 12:02:51,256][com.java.SeleniumDriver] [  836] - DataField : test
[INFO ][2015-11-09 12:02:51,256][com.java.SeleniumDriver] [  838] - DataValue : Concept#1:1-14
[INFO ][2015-11-09 12:02:51,256][com.java.SeleniumDriver] [  844] - <In Set values of the page>
[INFO ][2015-11-09 12:02:51,256][com.java.SeleniumDriver] [  847] - {Data Fields & Data Values Exist}
[INFO ][2015-11-09 12:02:51,256][com.java.SeleniumDriver] [  849] - --------------------------setting values-----------------------------
[INFO ][2015-11-09 12:02:51,256][com.java.SeleniumDriver] [  852] - Action Type : ExecuteTestCase
[INFO ][2015-11-09 12:02:51,256][com.java.TestType] [  420] - The Concept sheet name is ---------- Concept
[INFO ][2015-11-09 12:02:51,256][com.java.TestType] [  423] - The Concept ID  is ---------- 1
[DEBUG][2015-11-09 12:02:51,256][com.java.TestType] [  427] - Steps being executted in the Concept are: 1:14
[INFO ][2015-11-09 12:02:51,256][com.java.TestType] [  434] - Test data details path ---------- D:\BankersDashboard\TestInputs\TestData.xls
[INFO ][2015-11-09 12:02:51,287][com.java.TestType] [  465] -  str(1) = 1
[INFO ][2015-11-09 12:02:51,287][com.java.TestType] [  468] - Test case Id is---1
[INFO ][2015-11-09 12:02:51,287][com.java.TestType] [  470] - 1
[INFO ][2015-11-09 12:02:51,287][com.java.TestType] [  465] -  str(2) = 1
[INFO ][2015-11-09 12:02:51,287][com.java.TestType] [  517] - row values are--------{1=com.java.Objects.TestDataDetails@1a3f65a}
[INFO ][2015-11-09 12:02:51,287][com.java.TestType] [  465] -  str(1) = 1
[INFO ][2015-11-09 12:02:51,287][com.java.TestType] [  468] - Test case Id is---1
[INFO ][2015-11-09 12:02:51,287][com.java.TestType] [  470] - 1
[INFO ][2015-11-09 12:02:51,287][com.java.TestType] [  465] -  str(2) = 2
[INFO ][2015-11-09 12:02:51,287][com.java.TestType] [  517] - row values are--------{1=com.java.Objects.TestDataDetails@1a3f65a, 2=com.java.Objects.TestDataDetails@14bbc27}
[INFO ][2015-11-09 12:02:51,287][com.java.TestType] [  465] -  str(1) = 1
[INFO ][2015-11-09 12:02:51,287][com.java.TestType] [  468] - Test case Id is---1
[INFO ][2015-11-09 12:02:51,287][com.java.TestType] [  470] - 1
[INFO ][2015-11-09 12:02:51,287][com.java.TestType] [  465] -  str(2) = 3
[INFO ][2015-11-09 12:02:51,287][com.java.TestType] [  517] - row values are--------{1=com.java.Objects.TestDataDetails@1a3f65a, 2=com.java.Objects.TestDataDetails@14bbc27, 3=com.java.Objects.TestDataDetails@1988e16}
[INFO ][2015-11-09 12:02:51,287][com.java.TestType] [  465] -  str(1) = 1
[INFO ][2015-11-09 12:02:51,287][com.java.TestType] [  468] - Test case Id is---1
[INFO ][2015-11-09 12:02:51,287][com.java.TestType] [  470] - 1
[INFO ][2015-11-09 12:02:51,287][com.java.TestType] [  465] -  str(2) = 4
[INFO ][2015-11-09 12:02:51,287][com.java.TestType] [  517] - row values are--------{1=com.java.Objects.TestDataDetails@1a3f65a, 2=com.java.Objects.TestDataDetails@14bbc27, 3=com.java.Objects.TestDataDetails@1988e16, 4=com.java.Objects.TestDataDetails@6dfb07}
[INFO ][2015-11-09 12:02:51,287][com.java.TestType] [  465] -  str(1) = 1
[INFO ][2015-11-09 12:02:51,287][com.java.TestType] [  468] - Test case Id is---1
[INFO ][2015-11-09 12:02:51,287][com.java.TestType] [  470] - 1
[INFO ][2015-11-09 12:02:51,287][com.java.TestType] [  465] -  str(2) = 5
[INFO ][2015-11-09 12:02:51,287][com.java.TestType] [  517] - row values are--------{1=com.java.Objects.TestDataDetails@1a3f65a, 2=com.java.Objects.TestDataDetails@14bbc27, 3=com.java.Objects.TestDataDetails@1988e16, 4=com.java.Objects.TestDataDetails@6dfb07, 5=com.java.Objects.TestDataDetails@173039e}
[INFO ][2015-11-09 12:02:51,287][com.java.TestType] [  465] -  str(1) = 1
[INFO ][2015-11-09 12:02:51,287][com.java.TestType] [  468] - Test case Id is---1
[INFO ][2015-11-09 12:02:51,287][com.java.TestType] [  470] - 1
[INFO ][2015-11-09 12:02:51,287][com.java.TestType] [  465] -  str(2) = 6
[INFO ][2015-11-09 12:02:51,287][com.java.TestType] [  517] - row values are--------{1=com.java.Objects.TestDataDetails@1a3f65a, 2=com.java.Objects.TestDataDetails@14bbc27, 3=com.java.Objects.TestDataDetails@1988e16, 4=com.java.Objects.TestDataDetails@6dfb07, 5=com.java.Objects.TestDataDetails@173039e, 6=com.java.Objects.TestDataDetails@fdcbff}
[INFO ][2015-11-09 12:02:51,287][com.java.TestType] [  465] -  str(1) = 1
[INFO ][2015-11-09 12:02:51,287][com.java.TestType] [  468] - Test case Id is---1
[INFO ][2015-11-09 12:02:51,287][com.java.TestType] [  470] - 1
[INFO ][2015-11-09 12:02:51,287][com.java.TestType] [  465] -  str(2) = 7
[INFO ][2015-11-09 12:02:51,287][com.java.TestType] [  517] - row values are--------{1=com.java.Objects.TestDataDetails@1a3f65a, 2=com.java.Objects.TestDataDetails@14bbc27, 3=com.java.Objects.TestDataDetails@1988e16, 4=com.java.Objects.TestDataDetails@6dfb07, 5=com.java.Objects.TestDataDetails@173039e, 6=com.java.Objects.TestDataDetails@fdcbff, 7=com.java.Objects.TestDataDetails@5504af}
[INFO ][2015-11-09 12:02:51,287][com.java.TestType] [  465] -  str(1) = 1
[INFO ][2015-11-09 12:02:51,287][com.java.TestType] [  468] - Test case Id is---1
[INFO ][2015-11-09 12:02:51,297][com.java.TestType] [  470] - 1
[INFO ][2015-11-09 12:02:51,297][com.java.TestType] [  465] -  str(2) = 8
[INFO ][2015-11-09 12:02:51,297][com.java.TestType] [  517] - row values are--------{1=com.java.Objects.TestDataDetails@1a3f65a, 2=com.java.Objects.TestDataDetails@14bbc27, 3=com.java.Objects.TestDataDetails@1988e16, 4=com.java.Objects.TestDataDetails@6dfb07, 5=com.java.Objects.TestDataDetails@173039e, 6=com.java.Objects.TestDataDetails@fdcbff, 7=com.java.Objects.TestDataDetails@5504af, 8=com.java.Objects.TestDataDetails@1e59e8d}
[INFO ][2015-11-09 12:02:51,297][com.java.TestType] [  465] -  str(1) = 1
[INFO ][2015-11-09 12:02:51,297][com.java.TestType] [  468] - Test case Id is---1
[INFO ][2015-11-09 12:02:51,297][com.java.TestType] [  470] - 1
[INFO ][2015-11-09 12:02:51,297][com.java.TestType] [  465] -  str(2) = 9
[INFO ][2015-11-09 12:02:51,297][com.java.TestType] [  517] - row values are--------{1=com.java.Objects.TestDataDetails@1a3f65a, 2=com.java.Objects.TestDataDetails@14bbc27, 3=com.java.Objects.TestDataDetails@1988e16, 4=com.java.Objects.TestDataDetails@6dfb07, 5=com.java.Objects.TestDataDetails@173039e, 6=com.java.Objects.TestDataDetails@fdcbff, 7=com.java.Objects.TestDataDetails@5504af, 8=com.java.Objects.TestDataDetails@1e59e8d, 9=com.java.Objects.TestDataDetails@1618ddd}
[INFO ][2015-11-09 12:02:51,297][com.java.TestType] [  465] -  str(1) = 1
[INFO ][2015-11-09 12:02:51,297][com.java.TestType] [  468] - Test case Id is---1
[INFO ][2015-11-09 12:02:51,297][com.java.TestType] [  470] - 1
[INFO ][2015-11-09 12:02:51,297][com.java.TestType] [  465] -  str(2) = 10
[INFO ][2015-11-09 12:02:51,297][com.java.TestType] [  517] - row values are--------{1=com.java.Objects.TestDataDetails@1a3f65a, 2=com.java.Objects.TestDataDetails@14bbc27, 3=com.java.Objects.TestDataDetails@1988e16, 4=com.java.Objects.TestDataDetails@6dfb07, 5=com.java.Objects.TestDataDetails@173039e, 6=com.java.Objects.TestDataDetails@fdcbff, 7=com.java.Objects.TestDataDetails@5504af, 8=com.java.Objects.TestDataDetails@1e59e8d, 9=com.java.Objects.TestDataDetails@1618ddd, 10=com.java.Objects.TestDataDetails@263938}
[INFO ][2015-11-09 12:02:51,297][com.java.TestType] [  465] -  str(1) = 1
[INFO ][2015-11-09 12:02:51,297][com.java.TestType] [  468] - Test case Id is---1
[INFO ][2015-11-09 12:02:51,297][com.java.TestType] [  470] - 1
[INFO ][2015-11-09 12:02:51,297][com.java.TestType] [  465] -  str(2) = 11
[INFO ][2015-11-09 12:02:51,297][com.java.TestType] [  517] - row values are--------{1=com.java.Objects.TestDataDetails@1a3f65a, 2=com.java.Objects.TestDataDetails@14bbc27, 3=com.java.Objects.TestDataDetails@1988e16, 4=com.java.Objects.TestDataDetails@6dfb07, 5=com.java.Objects.TestDataDetails@173039e, 6=com.java.Objects.TestDataDetails@fdcbff, 7=com.java.Objects.TestDataDetails@5504af, 8=com.java.Objects.TestDataDetails@1e59e8d, 9=com.java.Objects.TestDataDetails@1618ddd, 10=com.java.Objects.TestDataDetails@263938, 11=com.java.Objects.TestDataDetails@805d97}
[INFO ][2015-11-09 12:02:51,297][com.java.TestType] [  465] -  str(1) = 1
[INFO ][2015-11-09 12:02:51,297][com.java.TestType] [  468] - Test case Id is---1
[INFO ][2015-11-09 12:02:51,297][com.java.TestType] [  470] - 1
[INFO ][2015-11-09 12:02:51,297][com.java.TestType] [  465] -  str(2) = 12
[INFO ][2015-11-09 12:02:51,297][com.java.TestType] [  517] - row values are--------{1=com.java.Objects.TestDataDetails@1a3f65a, 2=com.java.Objects.TestDataDetails@14bbc27, 3=com.java.Objects.TestDataDetails@1988e16, 4=com.java.Objects.TestDataDetails@6dfb07, 5=com.java.Objects.TestDataDetails@173039e, 6=com.java.Objects.TestDataDetails@fdcbff, 7=com.java.Objects.TestDataDetails@5504af, 8=com.java.Objects.TestDataDetails@1e59e8d, 9=com.java.Objects.TestDataDetails@1618ddd, 10=com.java.Objects.TestDataDetails@263938, 11=com.java.Objects.TestDataDetails@805d97, 12=com.java.Objects.TestDataDetails@e31856}
[INFO ][2015-11-09 12:02:51,297][com.java.TestType] [  465] -  str(1) = 1
[INFO ][2015-11-09 12:02:51,297][com.java.TestType] [  468] - Test case Id is---1
[INFO ][2015-11-09 12:02:51,297][com.java.TestType] [  470] - 1
[INFO ][2015-11-09 12:02:51,297][com.java.TestType] [  465] -  str(2) = 13
[INFO ][2015-11-09 12:02:51,297][com.java.TestType] [  517] - row values are--------{1=com.java.Objects.TestDataDetails@1a3f65a, 2=com.java.Objects.TestDataDetails@14bbc27, 3=com.java.Objects.TestDataDetails@1988e16, 4=com.java.Objects.TestDataDetails@6dfb07, 5=com.java.Objects.TestDataDetails@173039e, 6=com.java.Objects.TestDataDetails@fdcbff, 7=com.java.Objects.TestDataDetails@5504af, 8=com.java.Objects.TestDataDetails@1e59e8d, 9=com.java.Objects.TestDataDetails@1618ddd, 10=com.java.Objects.TestDataDetails@263938, 11=com.java.Objects.TestDataDetails@805d97, 12=com.java.Objects.TestDataDetails@e31856, 13=com.java.Objects.TestDataDetails@6c6f4c}
[INFO ][2015-11-09 12:02:51,297][com.java.TestType] [  465] -  str(1) = 1
[INFO ][2015-11-09 12:02:51,297][com.java.TestType] [  468] - Test case Id is---1
[INFO ][2015-11-09 12:02:51,297][com.java.TestType] [  470] - 1
[INFO ][2015-11-09 12:02:51,297][com.java.TestType] [  465] -  str(2) = 14
[INFO ][2015-11-09 12:02:51,297][com.java.TestType] [  517] - row values are--------{1=com.java.Objects.TestDataDetails@1a3f65a, 2=com.java.Objects.TestDataDetails@14bbc27, 3=com.java.Objects.TestDataDetails@1988e16, 4=com.java.Objects.TestDataDetails@6dfb07, 5=com.java.Objects.TestDataDetails@173039e, 6=com.java.Objects.TestDataDetails@fdcbff, 7=com.java.Objects.TestDataDetails@5504af, 8=com.java.Objects.TestDataDetails@1e59e8d, 9=com.java.Objects.TestDataDetails@1618ddd, 10=com.java.Objects.TestDataDetails@263938, 11=com.java.Objects.TestDataDetails@805d97, 12=com.java.Objects.TestDataDetails@e31856, 13=com.java.Objects.TestDataDetails@6c6f4c, 14=com.java.Objects.TestDataDetails@11dd733}
[INFO ][2015-11-09 12:02:51,297][com.java.TestType] [ 8225] - Looping 1TCID = 1
[DEBUG][2015-11-09 12:02:51,297][com.java.TestType] [ 8266] - Concept ID:1 :: Step being Executed: 1::1
[INFO ][2015-11-09 12:02:51,297][com.java.TestType] [ 8304] - dataFields : TXTusername
[DEBUG][2015-11-09 12:02:51,297][com.java.TestType] [ 8310] - <In Set values of the page>
[DEBUG][2015-11-09 12:02:51,297][com.java.TestType] [ 8315] - {Data Fields & Data Values Exist}
[INFO ][2015-11-09 12:02:51,297][com.java.TestType] [ 8321] - --------------------------setting values-----------------------------
[INFO ][2015-11-09 12:02:51,297][com.java.TestType] [ 8324] - Action Type : CLEARANDENTER
[INFO ][2015-11-09 12:02:51,297][com.java.TestType] [ 4075] - value = valuelabs.ie11.33527
[INFO ][2015-11-09 12:02:56,117][com.java.TestType] [ 8343] -  RESULT true
[INFO ][2015-11-09 12:02:56,117][com.java.TestType] [ 8460] - ?   P A S S   ?
[DEBUG][2015-11-09 12:02:56,117][com.java.TestType] [ 8266] - Concept ID:1 :: Step being Executed: 1::2
[INFO ][2015-11-09 12:02:56,117][com.java.TestType] [ 8304] - dataFields : TXTpassword
[DEBUG][2015-11-09 12:02:56,117][com.java.TestType] [ 8310] - <In Set values of the page>
[DEBUG][2015-11-09 12:02:56,117][com.java.TestType] [ 8315] - {Data Fields & Data Values Exist}
[INFO ][2015-11-09 12:02:56,117][com.java.TestType] [ 8321] - --------------------------setting values-----------------------------
[INFO ][2015-11-09 12:02:56,117][com.java.TestType] [ 8324] - Action Type : CLEARANDENTER
[INFO ][2015-11-09 12:02:56,117][com.java.TestType] [ 4075] - value = Password1*
[INFO ][2015-11-09 12:03:01,064][com.java.TestType] [ 8343] -  RESULT true
[INFO ][2015-11-09 12:03:01,064][com.java.TestType] [ 8460] - ?   P A S S   ?
[DEBUG][2015-11-09 12:03:01,064][com.java.TestType] [ 8266] - Concept ID:1 :: Step being Executed: 1::3
[ERROR][2015-11-09 12:03:01,064][com.java.TestType] [ 8299] - Exception: null
[INFO ][2015-11-09 12:03:01,064][com.java.TestType] [ 8304] - dataFields : XPH//button[@type='submit']
[DEBUG][2015-11-09 12:03:01,064][com.java.TestType] [ 8310] - <In Set values of the page>
[DEBUG][2015-11-09 12:03:01,064][com.java.TestType] [ 8315] - {Data Fields & Data Values Exist}
[INFO ][2015-11-09 12:03:01,064][com.java.TestType] [ 8321] - --------------------------setting values-----------------------------
[INFO ][2015-11-09 12:03:01,064][com.java.TestType] [ 8324] - Action Type : Click
[INFO ][2015-11-09 12:03:01,064][com.java.TestType] [ 4388] - Field ::XPH//button[@type='submit']
[INFO ][2015-11-09 12:03:02,064][com.java.TestType] [ 4447] - BEFORE CLICK
[INFO ][2015-11-09 12:03:02,881][com.java.TestType] [ 4455] - Unable to click the object Login
[INFO ][2015-11-09 12:03:02,881][com.java.TestType] [ 8343] -  RESULT true
[INFO ][2015-11-09 12:03:02,881][com.java.TestType] [ 8460] - ?   P A S S   ?
[DEBUG][2015-11-09 12:03:02,881][com.java.TestType] [ 8266] - Concept ID:1 :: Step being Executed: 1::4
[INFO ][2015-11-09 12:03:02,881][com.java.TestType] [ 8304] - dataFields : LNKLogout
[DEBUG][2015-11-09 12:03:02,881][com.java.TestType] [ 8310] - <In Set values of the page>
[DEBUG][2015-11-09 12:03:02,881][com.java.TestType] [ 8315] - {Data Fields & Data Values Exist}
[INFO ][2015-11-09 12:03:02,881][com.java.TestType] [ 8321] - --------------------------setting values-----------------------------
[INFO ][2015-11-09 12:03:02,881][com.java.TestType] [ 8324] - Action Type : WaitForElement
[INFO ][2015-11-09 12:03:12,395][com.java.TestType] [ 8343] -  RESULT true
[INFO ][2015-11-09 12:03:12,395][com.java.TestType] [ 8460] - ?   P A S S   ?
[DEBUG][2015-11-09 12:03:12,395][com.java.TestType] [ 8266] - Concept ID:1 :: Step being Executed: 1::13
[INFO ][2015-11-09 12:03:12,395][com.java.TestType] [ 8304] - dataFields : LNK
[DEBUG][2015-11-09 12:03:12,395][com.java.TestType] [ 8310] - <In Set values of the page>
[DEBUG][2015-11-09 12:03:12,395][com.java.TestType] [ 8315] - {Data Fields & Data Values Exist}
[INFO ][2015-11-09 12:03:12,395][com.java.TestType] [ 8321] - --------------------------setting values-----------------------------
[INFO ][2015-11-09 12:03:12,395][com.java.TestType] [ 8324] - Action Type : Verify
[INFO ][2015-11-09 12:03:12,395][com.java.TestType] [ 5201] - field= LNK value= Logout
[INFO ][2015-11-09 12:03:12,395][com.java.TestType] [ 4075] - value = Logout
[INFO ][2015-11-09 12:03:12,426][com.java.TestType] [ 8343] -  RESULT true
[INFO ][2015-11-09 12:03:12,426][com.java.TestType] [ 8460] - ?   P A S S   ?
[DEBUG][2015-11-09 12:03:12,426][com.java.TestType] [ 8266] - Concept ID:1 :: Step being Executed: 1::14
[INFO ][2015-11-09 12:03:12,426][com.java.TestType] [ 8304] - dataFields : BTN
[DEBUG][2015-11-09 12:03:12,426][com.java.TestType] [ 8310] - <In Set values of the page>
[DEBUG][2015-11-09 12:03:12,426][com.java.TestType] [ 8315] - {Data Fields & Data Values Exist}
[INFO ][2015-11-09 12:03:12,426][com.java.TestType] [ 8321] - --------------------------setting values-----------------------------
[INFO ][2015-11-09 12:03:12,426][com.java.TestType] [ 8324] - Action Type : Verify
[INFO ][2015-11-09 12:03:12,426][com.java.TestType] [ 5201] - field= BTN value= //img[contains(@src,'bdlogo.jpg')]
[INFO ][2015-11-09 12:03:12,426][com.java.TestType] [ 4075] - value = //img[contains(@src,'bdlogo.jpg')]
[INFO ][2015-11-09 12:03:12,456][com.java.TestType] [ 8343] -  RESULT true
[INFO ][2015-11-09 12:03:12,456][com.java.TestType] [ 8460] - ?   P A S S   ?
[INFO ][2015-11-09 12:03:12,456][com.java.TestType] [ 8531] - Looping End......
[INFO ][2015-11-09 12:03:12,456][com.java.SeleniumDriver] [  861] -  RESULT true
[INFO ][2015-11-09 12:03:12,456][com.java.SeleniumDriver] [ 1066] - ?   P A S S   ?
[INFO ][2015-11-09 12:03:12,456][com.java.SeleniumDriver] [  788] - ------------------------------------------
[INFO ][2015-11-09 12:03:12,456][com.java.SeleniumDriver] [  789] - Test case being Executed: 7
[INFO ][2015-11-09 12:03:12,456][com.java.SeleniumDriver] [  800] - Test step:55
[INFO ][2015-11-09 12:03:12,456][com.java.SeleniumDriver] [  812] - Datavalue is----------null
[DEBUG][2015-11-09 12:03:12,456][com.java.SeleniumDriver] [  830] - Exception: null
[INFO ][2015-11-09 12:03:12,456][com.java.SeleniumDriver] [  836] - DataField : //span[@class='icon-user4']&&//a[text()='Users']&&//a[@data-id="ModifyUsers"]
[INFO ][2015-11-09 12:03:12,456][com.java.SeleniumDriver] [  838] - DataValue : 
[INFO ][2015-11-09 12:03:12,456][com.java.SeleniumDriver] [  844] - <In Set values of the page>
[INFO ][2015-11-09 12:03:12,456][com.java.SeleniumDriver] [  847] - {Data Fields & Data Values Exist}
[INFO ][2015-11-09 12:03:12,456][com.java.SeleniumDriver] [  849] - --------------------------setting values-----------------------------
[INFO ][2015-11-09 12:03:12,456][com.java.SeleniumDriver] [  852] - Action Type : MouseOver
[INFO ][2015-11-09 12:05:09,662][com.java.SeleniumDriver] [  861] -  RESULT true
[INFO ][2015-11-09 12:05:09,662][com.java.SeleniumDriver] [ 1066] - ?   P A S S   ?
[INFO ][2015-11-09 12:05:09,662][com.java.SeleniumDriver] [  788] - ------------------------------------------
[INFO ][2015-11-09 12:05:09,662][com.java.SeleniumDriver] [  789] - Test case being Executed: 7
[INFO ][2015-11-09 12:05:09,662][com.java.SeleniumDriver] [  800] - Test step:56
[INFO ][2015-11-09 12:05:09,662][com.java.SeleniumDriver] [  812] - Datavalue is----------null
[DEBUG][2015-11-09 12:05:09,662][com.java.SeleniumDriver] [  830] - Exception: null
[INFO ][2015-11-09 12:05:09,662][com.java.SeleniumDriver] [  836] - DataField : BTNframeDialogContent
[INFO ][2015-11-09 12:05:09,662][com.java.SeleniumDriver] [  838] - DataValue : 
[INFO ][2015-11-09 12:05:09,662][com.java.SeleniumDriver] [  844] - <In Set values of the page>
[INFO ][2015-11-09 12:05:09,662][com.java.SeleniumDriver] [  847] - {Data Fields & Data Values Exist}
[INFO ][2015-11-09 12:05:09,662][com.java.SeleniumDriver] [  849] - --------------------------setting values-----------------------------
[INFO ][2015-11-09 12:05:09,662][com.java.SeleniumDriver] [  852] - Action Type : WaitForElement
[INFO ][2015-11-09 12:05:10,862][com.java.SeleniumDriver] [  861] -  RESULT true
[INFO ][2015-11-09 12:05:10,862][com.java.SeleniumDriver] [ 1066] - ?   P A S S   ?
[INFO ][2015-11-09 12:05:10,862][com.java.SeleniumDriver] [  788] - ------------------------------------------
[INFO ][2015-11-09 12:05:10,862][com.java.SeleniumDriver] [  789] - Test case being Executed: 7
[INFO ][2015-11-09 12:05:10,862][com.java.SeleniumDriver] [  800] - Test step:57
[INFO ][2015-11-09 12:05:10,862][com.java.SeleniumDriver] [  812] - Datavalue is----------null
[DEBUG][2015-11-09 12:05:10,862][com.java.SeleniumDriver] [  830] - Exception: null
[INFO ][2015-11-09 12:05:10,862][com.java.SeleniumDriver] [  836] - DataField : BTNframeDialogContent
[INFO ][2015-11-09 12:05:10,862][com.java.SeleniumDriver] [  838] - DataValue : 
[INFO ][2015-11-09 12:05:10,862][com.java.SeleniumDriver] [  844] - <In Set values of the page>
[INFO ][2015-11-09 12:05:10,862][com.java.SeleniumDriver] [  847] - {Data Fields & Data Values Exist}
[INFO ][2015-11-09 12:05:10,862][com.java.SeleniumDriver] [  849] - --------------------------setting values-----------------------------
[INFO ][2015-11-09 12:05:10,862][com.java.SeleniumDriver] [  852] - Action Type : SelectFrame
[INFO ][2015-11-09 12:05:12,114][com.java.SeleniumDriver] [  861] -  RESULT true
[INFO ][2015-11-09 12:05:12,114][com.java.SeleniumDriver] [ 1066] - ?   P A S S   ?
[INFO ][2015-11-09 12:05:12,114][com.java.SeleniumDriver] [  788] - ------------------------------------------
[INFO ][2015-11-09 12:05:12,114][com.java.SeleniumDriver] [  789] - Test case being Executed: 7
[INFO ][2015-11-09 12:05:12,114][com.java.SeleniumDriver] [  800] - Test step:58
[INFO ][2015-11-09 12:05:12,114][com.java.SeleniumDriver] [  812] - Datavalue is----------dt:NewUserName
[INFO ][2015-11-09 12:05:12,114][com.java.SeleniumDriver] [  836] - DataField : test
[INFO ][2015-11-09 12:05:12,114][com.java.SeleniumDriver] [  838] - DataValue : dt:NewUserName
[INFO ][2015-11-09 12:05:12,114][com.java.SeleniumDriver] [  844] - <In Set values of the page>
[INFO ][2015-11-09 12:05:12,114][com.java.SeleniumDriver] [  847] - {Data Fields & Data Values Exist}
[INFO ][2015-11-09 12:05:12,114][com.java.SeleniumDriver] [  849] - --------------------------setting values-----------------------------
[INFO ][2015-11-09 12:05:12,114][com.java.SeleniumDriver] [  852] - Action Type : DelUser
[INFO ][2015-11-09 12:05:12,114][com.java.TestType] [ 4075] - value = vltest.robot
[INFO ][2015-11-09 12:05:15,354][com.java.TestType] [ 4388] - Field ::CNF
[ERROR][2015-11-09 12:05:16,454][com.java.TestType] [ 4621] - Exception in click:: No alert is active (WARNING: The server did not provide any stacktrace information)
Command duration or timeout: 100 milliseconds
Build info: version: '2.48.2', revision: '41bccdd', time: '2015-10-09 19:59:12'
System info: host: 'FVTIII438F1D', ip: '172.17.68.34', os.name: 'Windows 7', os.arch: 'x86', os.version: '6.1', java.version: '1.7.0_55'
Session ID: 14d4c5a4-2c3c-471c-b150-6ebf951b9905
Driver info: org.openqa.selenium.ie.InternetExplorerDriver
Capabilities [{platform=WINDOWS, javascriptEnabled=true, elementScrollBehavior=0, ignoreZoomSetting=false, enablePersistentHover=true, ie.ensureCleanSession=false, browserName=internet explorer, enableElementCacheCleanup=true, unexpectedAlertBehaviour=dismiss, version=11, ie.usePerProcessProxy=false, ignoreProtectedModeSettings=true, cssSelectorsEnabled=true, requireWindowFocus=false, initialBrowserUrl=http://localhost:27568/, handlesAlerts=true, ie.forceCreateProcessApi=false, nativeEvents=true, browserAttachTimeout=0, ie.browserCommandLineSwitches=, takesScreenshot=true}]
[INFO ][2015-11-09 12:05:16,454][com.java.TestType] [ 4625] - Element :::: not found
[INFO ][2015-11-09 12:05:16,454][com.java.SeleniumDriver] [  861] -  RESULT false
[INFO ][2015-11-09 12:05:16,454][com.java.SeleniumDriver] [  908] - ?   F A I L   ?
[INFO ][2015-11-09 12:05:16,454][com.java.SeleniumDriver] [  916] - Browser Type : IE11
[INFO ][2015-11-09 12:05:16,454][com.java.SeleniumDriver] [  917] - Adding Failed case7
[INFO ][2015-11-09 12:05:17,195][com.java.SeleniumDriver] [ 1030] - failedCases = 7
[ERROR][2015-11-09 12:05:17,195][com.java.SeleniumDriver] [ 1516] - Platform Errors : Our apologies...::We have encountered an issue with your request.::Our apologies?:We encountered an issue with your request.
[INFO ][2015-11-09 12:05:17,195][com.java.SeleniumDriver] [ 1520] - Length =3
[ERROR][2015-11-09 12:05:17,195][com.java.SeleniumDriver] [ 1523] - Error 0 = Our apologies...
[ERROR][2015-11-09 12:05:17,285][com.java.SeleniumDriver] [ 1523] - Error 1 = We have encountered an issue with your request.
[ERROR][2015-11-09 12:05:17,305][com.java.SeleniumDriver] [ 1523] - Error 2 = Our apologies?:We encountered an issue with your request.
[DEBUG][2015-11-09 12:05:17,335][com.java.SeleniumDriver] [ 1168] - Case found
[DEBUG][2015-11-09 12:05:17,335][com.java.SeleniumDriver] [ 1173] - Incrementing ReportCounters[0]:2
[INFO ][2015-11-09 12:05:17,335][com.java.SeleniumDriver] [ 1192] - The results are-------------------[7, 58, Manage Users: Add User, Fail, 
Test case failed at Step No. :: 58   Error Message ::  Element :::: not found. Screen Shot : D:\BankersDashboard\TestReports\110915\7_110915_120516_IE11.png, Mon Nov 09 12:05:17 IST 2015]
[INFO ][2015-11-09 12:05:17,335][com.java.SeleniumDriver] [ 1196] - End time is-------7 min 55 sec
[INFO ][2015-11-09 12:05:17,335][com.java.SeleniumDriver] [ 1197] - The results are-------------------[7, 58, Manage Users: Add User, Fail, 
Test case failed at Step No. :: 58   Error Message ::  Element :::: not found. Screen Shot : D:\BankersDashboard\TestReports\110915\7_110915_120516_IE11.png, Mon Nov 09 12:05:17 IST 2015]
[DEBUG][2015-11-09 12:05:17,335][com.java.ImportnExport.ExportTestResultsExcel] [  222] - testResultPath = D:\BankersDashboard/TestReports/Test Results_BankersDashBoard_110915_115724_IE11_Bank of North Carolina.xls
[DEBUG][2015-11-09 12:05:17,335][com.java.ImportnExport.ExportTestResultsExcel] [  223] - browser is------------IE11
[DEBUG][2015-11-09 12:05:17,335][com.java.ImportnExport.ExportTestResultsExcel] [  270] - result.size() = 6
[DEBUG][2015-11-09 12:05:17,335][com.java.ImportnExport.ExportTestResultsExcel] [  274] - No of rows in sheet=2
[DEBUG][2015-11-09 12:05:17,335][com.java.ImportnExport.ExportTestResultsExcel] [  301] - ..in export..7
[DEBUG][2015-11-09 12:05:17,335][com.java.ImportnExport.ExportTestResultsExcel] [  301] - ..in export..Manage Users: Add User
[DEBUG][2015-11-09 12:05:17,335][com.java.ImportnExport.ExportTestResultsExcel] [  301] - ..in export..Fail
[DEBUG][2015-11-09 12:05:17,335][com.java.ImportnExport.ExportTestResultsExcel] [  301] - ..in export..
Test case failed at Step No. :: 58   Error Message ::  Element :::: not found. Screen Shot : D:\BankersDashboard\TestReports\110915\7_110915_120516_IE11.png
[DEBUG][2015-11-09 12:05:17,335][com.java.ImportnExport.ExportTestResultsExcel] [  301] - ..in export..Mon Nov 09 12:05:17 IST 2015
[INFO ][2015-11-09 12:05:17,335][com.java.SeleniumDriver] [ 1255] - out loop:1 size:2 TestCases:[1, 7] testcases:[1, 7]
[INFO ][2015-11-09 12:05:19,335][com.java.SeleniumDriver] [ 1297] - Total Number of Cases:2
[INFO ][2015-11-09 12:05:19,335][com.java.TemplateGenerator] [  302] - Executed:2
[INFO ][2015-11-09 12:05:19,335][com.java.TemplateGenerator] [  303] - Passed:1
[INFO ][2015-11-09 12:05:19,335][com.java.TemplateGenerator] [  304] - Failed:1
[INFO ][2015-11-09 12:05:19,335][com.java.TemplateGenerator] [  305] - Skipeed:0
[INFO ][2015-11-09 12:05:19,335][com.java.TemplateGenerator] [  306] - Application URL:https://clients-xuat.bankersdashboard.com
[INFO ][2015-11-09 12:05:19,335][com.java.TemplateGenerator] [  307] - Start Time:110915_115724
[INFO ][2015-11-09 12:05:19,335][com.java.TemplateGenerator] [  308] -  Creating HTML Report 
[ERROR][2015-11-09 12:05:19,335][com.java.TemplateGenerator] [  409] - Unparseable date: "Mon Nov 09 11:57:24 IST 2015"
[INFO ][2015-11-09 12:05:19,335][com.java.TemplateGenerator] [  654] -  Exporting case :: 1
[INFO ][2015-11-09 12:05:19,335][com.java.TemplateGenerator] [  654] -  Exporting case :: 7
[INFO ][2015-11-09 12:05:19,335][com.java.SeleniumDriver] [ 1346] - End Time:110915_120519
[INFO ][2015-11-09 12:05:19,335][com.java.SeleniumDriver] [ 1349] - Data in Test Execution Details:{1=PASS, 7=FAILTest case failed at Step No. :: 58   Error Message ::  Element :::: not found}
[INFO ][2015-11-09 12:05:19,335][com.java.SeleniumDriver] [ 1350] - Data in Failed Execution Deatils:{}
[INFO ][2015-11-09 12:05:19,335][com.java.SeleniumDriver] [ 1352] - ReportCounter:Total:2 :: PASS: 1 ::FAIL: 1
[INFO ][2015-11-09 12:05:19,335][com.java.SeleniumDriver] [ 1353] - FailedReportCounter:Total:0 :: PASS: 0 ::FAIL: 0
[INFO ][2015-11-09 12:05:19,336][com.java.EmailTestReport] [   63] - Sending report mail details:
[INFO ][2015-11-09 12:05:19,336][com.java.EmailTestReport] [   80] - Excel Report Path:D:\BankersDashboard/TestReports/Test Results_BankersDashBoard_110915_115724_IE11_Bank of North Carolina.xls
[INFO ][2015-11-09 12:05:19,336][com.java.EmailTestReport] [   81] - HTML Report Path:D:\BankersDashboard//TestReports//Test Results_BankersDashBoard_110915_115724_IE11_Bank of North Carolina.html
[INFO ][2015-11-09 12:05:19,336][com.java.EmailTestReport] [   82] - smtpHostName:mail01.valuelabs.com
[INFO ][2015-11-09 12:05:19,336][com.java.EmailTestReport] [   83] - Recipient:venkateswararao.gubbala@valuelabs.com
[INFO ][2015-11-09 12:05:19,336][com.java.EmailTestReport] [   84] - From:venkateswararao.gubbala@valuelabs.com
[INFO ][2015-11-09 12:05:19,336][com.java.EmailTestReport] [   85] - Subject:Deluxe Corp Bankers Dashboard Automation Test Report - Bank of North Carolina - IE11
[INFO ][2015-11-09 12:05:19,356][com.java.EmailTestReport] [  143] -  Added venkateswararao.gubbala@valuelabs.com
[INFO ][2015-11-09 12:05:22,736][com.java.SeleniumDriver] [  719] - quitting the browser 
[INFO ][2015-11-09 12:05:23,926][com.java.SeleniumDriver] [  263] - Execution Completed Stopping the thread
