[INFO ][2015-11-05 15:24:42,138][com.java.SeleniumDriver] [  213] - Execute Failed Casesfalse
[INFO ][2015-11-05 15:24:42,138][com.java.SeleniumDriver] [  214] - Browser: IE11
[INFO ][2015-11-05 15:24:42,138][com.java.SeleniumDriver] [  215] - [1, 11]
[INFO ][2015-11-05 15:24:42,138][com.java.SeleniumDriver] [  216] - Total TestCases:2
[INFO ][2015-11-05 15:24:42,138][com.java.SeleniumDriver] [  217] -  Reading Properties from Property File 
[DEBUG][2015-11-05 15:24:42,138][com.java.SeleniumDriver] [  238] - url : https://clients-xuat.bankersdashboard.com
[INFO ][2015-11-05 15:24:42,138][com.java.ImportnExport.ExportTestResultsExcel] [  116] - Time Stamp Thu Nov 05 03:24:42 IST 2015
[INFO ][2015-11-05 15:24:42,138][com.java.ImportnExport.ExportTestResultsExcel] [  175] - OUT FILE : D:\BankersDashboard/TestReports/Test Results_BankersDashBoard_110515_152442_IE11_Simmons First National Bank.xls
[INFO ][2015-11-05 15:24:42,179][com.java.ImportnExport.ExportTestResultsExcel] [  180] - Test Result file is created
[DEBUG][2015-11-05 15:24:42,279][com.java.SeleniumDriver] [  425] - Hub ip address is-------172.17.68.34
[INFO ][2015-11-05 15:24:42,289][com.java.SeleniumDriver] [  451] - Grid URL:http://172.17.68.34:4444/wd/hub
[INFO ][2015-11-05 15:24:42,289][com.java.SeleniumDriver] [  452] - Capability:Capabilities [{platform=ANY, ensureCleanSession=true, ignoreProtectedModeSettings=true, acceptSslCerts=true, ignoreZoomSetting=true, browserName=internet explorer, browserstack.ie.noFlash=true, version=Node1}]
[ERROR][2015-11-05 15:24:43,629][com.java.SeleniumDriver] [  496] - Unable invoke browser in grid:Could not start a new session. Possible causes are invalid address of the remote server or browser start-up failure.
Build info: version: '2.48.2', revision: '41bccdd', time: '2015-10-09 19:59:12'
System info: host: 'FVTIII438F1D', ip: '172.17.68.34', os.name: 'Windows 7', os.arch: 'x86', os.version: '6.1', java.version: '1.7.0_55'
Driver info: driver.version: SeleniumDriver
[INFO ][2015-11-05 15:24:43,629][com.java.SeleniumDriver] [  498] - Executing on local machine
[INFO ][2015-11-05 15:24:52,916][com.java.SeleniumDriver] [  248] - IE11is opened
[INFO ][2015-11-05 15:24:53,766][com.java.SeleniumDriver] [  752] - Test cases to be executed are: [1, 11]
[INFO ][2015-11-05 15:24:53,766][com.java.ImportnExport.ImportTestDataDetailsExcel] [   49] - test data details path===== D:\BankersDashboard\TestInputs\TestData.xls
[INFO ][2015-11-05 15:25:06,377][com.java.SeleniumDriver] [  788] - ------------------------------------------
[INFO ][2015-11-05 15:25:06,377][com.java.SeleniumDriver] [  789] - Test case being Executed: 1
[INFO ][2015-11-05 15:25:06,408][com.java.SeleniumDriver] [  800] - Test step:1
[INFO ][2015-11-05 15:25:06,408][com.java.SeleniumDriver] [  812] - Datavalue is----------Concept#1:1-14
[INFO ][2015-11-05 15:25:06,408][com.java.SeleniumDriver] [  836] - DataField : test
[INFO ][2015-11-05 15:25:06,408][com.java.SeleniumDriver] [  838] - DataValue : Concept#1:1-14
[INFO ][2015-11-05 15:25:06,408][com.java.SeleniumDriver] [  844] - <In Set values of the page>
[INFO ][2015-11-05 15:25:06,408][com.java.SeleniumDriver] [  847] - {Data Fields & Data Values Exist}
[INFO ][2015-11-05 15:25:06,408][com.java.SeleniumDriver] [  849] - --------------------------setting values-----------------------------
[INFO ][2015-11-05 15:25:06,408][com.java.SeleniumDriver] [  852] - Action Type : ExecuteTestCase
[INFO ][2015-11-05 15:25:06,448][com.java.TestType] [  414] - The Concept sheet name is ---------- Concept
[INFO ][2015-11-05 15:25:06,448][com.java.TestType] [  417] - The Concept ID  is ---------- 1
[DEBUG][2015-11-05 15:25:06,448][com.java.TestType] [  421] - Steps being executted in the Concept are: 1:14
[INFO ][2015-11-05 15:25:06,448][com.java.TestType] [  428] - Test data details path ---------- D:\BankersDashboard\TestInputs\TestData.xls
[INFO ][2015-11-05 15:25:06,978][com.java.TestType] [  459] -  str(1) = 1
[INFO ][2015-11-05 15:25:06,978][com.java.TestType] [  462] - Test case Id is---1
[INFO ][2015-11-05 15:25:06,978][com.java.TestType] [  464] - 1
[INFO ][2015-11-05 15:25:06,978][com.java.TestType] [  459] -  str(2) = 1
[INFO ][2015-11-05 15:25:06,988][com.java.TestType] [  511] - row values are--------{1=com.java.Objects.TestDataDetails@156db07}
[INFO ][2015-11-05 15:25:06,988][com.java.TestType] [  459] -  str(1) = 1
[INFO ][2015-11-05 15:25:06,988][com.java.TestType] [  462] - Test case Id is---1
[INFO ][2015-11-05 15:25:06,988][com.java.TestType] [  464] - 1
[INFO ][2015-11-05 15:25:06,988][com.java.TestType] [  459] -  str(2) = 2
[INFO ][2015-11-05 15:25:06,988][com.java.TestType] [  511] - row values are--------{1=com.java.Objects.TestDataDetails@156db07, 2=com.java.Objects.TestDataDetails@b61346}
[INFO ][2015-11-05 15:25:06,988][com.java.TestType] [  459] -  str(1) = 1
[INFO ][2015-11-05 15:25:06,988][com.java.TestType] [  462] - Test case Id is---1
[INFO ][2015-11-05 15:25:06,988][com.java.TestType] [  464] - 1
[INFO ][2015-11-05 15:25:06,988][com.java.TestType] [  459] -  str(2) = 3
[INFO ][2015-11-05 15:25:06,988][com.java.TestType] [  511] - row values are--------{1=com.java.Objects.TestDataDetails@156db07, 2=com.java.Objects.TestDataDetails@b61346, 3=com.java.Objects.TestDataDetails@1f56400}
[INFO ][2015-11-05 15:25:06,988][com.java.TestType] [  459] -  str(1) = 1
[INFO ][2015-11-05 15:25:06,988][com.java.TestType] [  462] - Test case Id is---1
[INFO ][2015-11-05 15:25:06,988][com.java.TestType] [  464] - 1
[INFO ][2015-11-05 15:25:06,988][com.java.TestType] [  459] -  str(2) = 4
[INFO ][2015-11-05 15:25:06,988][com.java.TestType] [  511] - row values are--------{1=com.java.Objects.TestDataDetails@156db07, 2=com.java.Objects.TestDataDetails@b61346, 3=com.java.Objects.TestDataDetails@1f56400, 4=com.java.Objects.TestDataDetails@18ee871}
[INFO ][2015-11-05 15:25:06,988][com.java.TestType] [  459] -  str(1) = 1
[INFO ][2015-11-05 15:25:06,988][com.java.TestType] [  462] - Test case Id is---1
[INFO ][2015-11-05 15:25:06,988][com.java.TestType] [  464] - 1
[INFO ][2015-11-05 15:25:06,988][com.java.TestType] [  459] -  str(2) = 5
[INFO ][2015-11-05 15:25:06,988][com.java.TestType] [  511] - row values are--------{1=com.java.Objects.TestDataDetails@156db07, 2=com.java.Objects.TestDataDetails@b61346, 3=com.java.Objects.TestDataDetails@1f56400, 4=com.java.Objects.TestDataDetails@18ee871, 5=com.java.Objects.TestDataDetails@1640b80}
[INFO ][2015-11-05 15:25:06,988][com.java.TestType] [  459] -  str(1) = 1
[INFO ][2015-11-05 15:25:06,988][com.java.TestType] [  462] - Test case Id is---1
[INFO ][2015-11-05 15:25:06,988][com.java.TestType] [  464] - 1
[INFO ][2015-11-05 15:25:06,988][com.java.TestType] [  459] -  str(2) = 6
[INFO ][2015-11-05 15:25:06,998][com.java.TestType] [  511] - row values are--------{1=com.java.Objects.TestDataDetails@156db07, 2=com.java.Objects.TestDataDetails@b61346, 3=com.java.Objects.TestDataDetails@1f56400, 4=com.java.Objects.TestDataDetails@18ee871, 5=com.java.Objects.TestDataDetails@1640b80, 6=com.java.Objects.TestDataDetails@1184345}
[INFO ][2015-11-05 15:25:06,998][com.java.TestType] [  459] -  str(1) = 1
[INFO ][2015-11-05 15:25:06,998][com.java.TestType] [  462] - Test case Id is---1
[INFO ][2015-11-05 15:25:06,998][com.java.TestType] [  464] - 1
[INFO ][2015-11-05 15:25:06,998][com.java.TestType] [  459] -  str(2) = 7
[INFO ][2015-11-05 15:25:06,998][com.java.TestType] [  511] - row values are--------{1=com.java.Objects.TestDataDetails@156db07, 2=com.java.Objects.TestDataDetails@b61346, 3=com.java.Objects.TestDataDetails@1f56400, 4=com.java.Objects.TestDataDetails@18ee871, 5=com.java.Objects.TestDataDetails@1640b80, 6=com.java.Objects.TestDataDetails@1184345, 7=com.java.Objects.TestDataDetails@ed489f}
[INFO ][2015-11-05 15:25:06,998][com.java.TestType] [  459] -  str(1) = 1
[INFO ][2015-11-05 15:25:06,998][com.java.TestType] [  462] - Test case Id is---1
[INFO ][2015-11-05 15:25:06,998][com.java.TestType] [  464] - 1
[INFO ][2015-11-05 15:25:06,998][com.java.TestType] [  459] -  str(2) = 8
[INFO ][2015-11-05 15:25:06,998][com.java.TestType] [  511] - row values are--------{1=com.java.Objects.TestDataDetails@156db07, 2=com.java.Objects.TestDataDetails@b61346, 3=com.java.Objects.TestDataDetails@1f56400, 4=com.java.Objects.TestDataDetails@18ee871, 5=com.java.Objects.TestDataDetails@1640b80, 6=com.java.Objects.TestDataDetails@1184345, 7=com.java.Objects.TestDataDetails@ed489f, 8=com.java.Objects.TestDataDetails@17b8d27}
[INFO ][2015-11-05 15:25:06,998][com.java.TestType] [  459] -  str(1) = 1
[INFO ][2015-11-05 15:25:06,998][com.java.TestType] [  462] - Test case Id is---1
[INFO ][2015-11-05 15:25:06,998][com.java.TestType] [  464] - 1
[INFO ][2015-11-05 15:25:06,998][com.java.TestType] [  459] -  str(2) = 9
[INFO ][2015-11-05 15:25:06,998][com.java.TestType] [  511] - row values are--------{1=com.java.Objects.TestDataDetails@156db07, 2=com.java.Objects.TestDataDetails@b61346, 3=com.java.Objects.TestDataDetails@1f56400, 4=com.java.Objects.TestDataDetails@18ee871, 5=com.java.Objects.TestDataDetails@1640b80, 6=com.java.Objects.TestDataDetails@1184345, 7=com.java.Objects.TestDataDetails@ed489f, 8=com.java.Objects.TestDataDetails@17b8d27, 9=com.java.Objects.TestDataDetails@48a09f}
[INFO ][2015-11-05 15:25:06,998][com.java.TestType] [  459] -  str(1) = 1
[INFO ][2015-11-05 15:25:06,998][com.java.TestType] [  462] - Test case Id is---1
[INFO ][2015-11-05 15:25:06,998][com.java.TestType] [  464] - 1
[INFO ][2015-11-05 15:25:06,998][com.java.TestType] [  459] -  str(2) = 10
[INFO ][2015-11-05 15:25:06,998][com.java.TestType] [  511] - row values are--------{1=com.java.Objects.TestDataDetails@156db07, 2=com.java.Objects.TestDataDetails@b61346, 3=com.java.Objects.TestDataDetails@1f56400, 4=com.java.Objects.TestDataDetails@18ee871, 5=com.java.Objects.TestDataDetails@1640b80, 6=com.java.Objects.TestDataDetails@1184345, 7=com.java.Objects.TestDataDetails@ed489f, 8=com.java.Objects.TestDataDetails@17b8d27, 9=com.java.Objects.TestDataDetails@48a09f, 10=com.java.Objects.TestDataDetails@810908}
[INFO ][2015-11-05 15:25:06,998][com.java.TestType] [  459] -  str(1) = 1
[INFO ][2015-11-05 15:25:06,998][com.java.TestType] [  462] - Test case Id is---1
[INFO ][2015-11-05 15:25:06,998][com.java.TestType] [  464] - 1
[INFO ][2015-11-05 15:25:06,998][com.java.TestType] [  459] -  str(2) = 11
[INFO ][2015-11-05 15:25:06,998][com.java.TestType] [  511] - row values are--------{1=com.java.Objects.TestDataDetails@156db07, 2=com.java.Objects.TestDataDetails@b61346, 3=com.java.Objects.TestDataDetails@1f56400, 4=com.java.Objects.TestDataDetails@18ee871, 5=com.java.Objects.TestDataDetails@1640b80, 6=com.java.Objects.TestDataDetails@1184345, 7=com.java.Objects.TestDataDetails@ed489f, 8=com.java.Objects.TestDataDetails@17b8d27, 9=com.java.Objects.TestDataDetails@48a09f, 10=com.java.Objects.TestDataDetails@810908, 11=com.java.Objects.TestDataDetails@bd15e6}
[INFO ][2015-11-05 15:25:06,998][com.java.TestType] [  459] -  str(1) = 1
[INFO ][2015-11-05 15:25:06,998][com.java.TestType] [  462] - Test case Id is---1
[INFO ][2015-11-05 15:25:06,998][com.java.TestType] [  464] - 1
[INFO ][2015-11-05 15:25:06,998][com.java.TestType] [  459] -  str(2) = 12
[INFO ][2015-11-05 15:25:07,008][com.java.TestType] [  511] - row values are--------{1=com.java.Objects.TestDataDetails@156db07, 2=com.java.Objects.TestDataDetails@b61346, 3=com.java.Objects.TestDataDetails@1f56400, 4=com.java.Objects.TestDataDetails@18ee871, 5=com.java.Objects.TestDataDetails@1640b80, 6=com.java.Objects.TestDataDetails@1184345, 7=com.java.Objects.TestDataDetails@ed489f, 8=com.java.Objects.TestDataDetails@17b8d27, 9=com.java.Objects.TestDataDetails@48a09f, 10=com.java.Objects.TestDataDetails@810908, 11=com.java.Objects.TestDataDetails@bd15e6, 12=com.java.Objects.TestDataDetails@7bd049}
[INFO ][2015-11-05 15:25:07,008][com.java.TestType] [  459] -  str(1) = 1
[INFO ][2015-11-05 15:25:07,008][com.java.TestType] [  462] - Test case Id is---1
[INFO ][2015-11-05 15:25:07,008][com.java.TestType] [  464] - 1
[INFO ][2015-11-05 15:25:07,008][com.java.TestType] [  459] -  str(2) = 13
[INFO ][2015-11-05 15:25:07,008][com.java.TestType] [  511] - row values are--------{1=com.java.Objects.TestDataDetails@156db07, 2=com.java.Objects.TestDataDetails@b61346, 3=com.java.Objects.TestDataDetails@1f56400, 4=com.java.Objects.TestDataDetails@18ee871, 5=com.java.Objects.TestDataDetails@1640b80, 6=com.java.Objects.TestDataDetails@1184345, 7=com.java.Objects.TestDataDetails@ed489f, 8=com.java.Objects.TestDataDetails@17b8d27, 9=com.java.Objects.TestDataDetails@48a09f, 10=com.java.Objects.TestDataDetails@810908, 11=com.java.Objects.TestDataDetails@bd15e6, 12=com.java.Objects.TestDataDetails@7bd049, 13=com.java.Objects.TestDataDetails@12eb5a3}
[INFO ][2015-11-05 15:25:07,008][com.java.TestType] [  459] -  str(1) = 1
[INFO ][2015-11-05 15:25:07,008][com.java.TestType] [  462] - Test case Id is---1
[INFO ][2015-11-05 15:25:07,008][com.java.TestType] [  464] - 1
[INFO ][2015-11-05 15:25:07,008][com.java.TestType] [  459] -  str(2) = 14
[INFO ][2015-11-05 15:25:07,008][com.java.TestType] [  511] - row values are--------{1=com.java.Objects.TestDataDetails@156db07, 2=com.java.Objects.TestDataDetails@b61346, 3=com.java.Objects.TestDataDetails@1f56400, 4=com.java.Objects.TestDataDetails@18ee871, 5=com.java.Objects.TestDataDetails@1640b80, 6=com.java.Objects.TestDataDetails@1184345, 7=com.java.Objects.TestDataDetails@ed489f, 8=com.java.Objects.TestDataDetails@17b8d27, 9=com.java.Objects.TestDataDetails@48a09f, 10=com.java.Objects.TestDataDetails@810908, 11=com.java.Objects.TestDataDetails@bd15e6, 12=com.java.Objects.TestDataDetails@7bd049, 13=com.java.Objects.TestDataDetails@12eb5a3, 14=com.java.Objects.TestDataDetails@13efd49}
[INFO ][2015-11-05 15:25:07,008][com.java.TestType] [ 7929] - Looping 1TCID = 1
[DEBUG][2015-11-05 15:25:07,008][com.java.TestType] [ 7970] - Concept ID:1 :: Step being Executed: 1::1
[INFO ][2015-11-05 15:25:07,008][com.java.TestType] [ 8008] - dataFields : TXTusername
[DEBUG][2015-11-05 15:25:07,008][com.java.TestType] [ 8014] - <In Set values of the page>
[DEBUG][2015-11-05 15:25:07,008][com.java.TestType] [ 8019] - {Data Fields & Data Values Exist}
[INFO ][2015-11-05 15:25:07,008][com.java.TestType] [ 8025] - --------------------------setting values-----------------------------
[INFO ][2015-11-05 15:25:07,008][com.java.TestType] [ 8028] - Action Type : CLEARANDENTER
[INFO ][2015-11-05 15:25:07,008][com.java.TestType] [ 3780] - value = valuelabs.ie11.03890
[INFO ][2015-11-05 15:25:11,872][com.java.TestType] [ 8047] -  RESULT true
[INFO ][2015-11-05 15:25:11,872][com.java.TestType] [ 8164] - ?   P A S S   ?
[DEBUG][2015-11-05 15:25:11,872][com.java.TestType] [ 7970] - Concept ID:1 :: Step being Executed: 1::2
[INFO ][2015-11-05 15:25:11,872][com.java.TestType] [ 8008] - dataFields : TXTpassword
[DEBUG][2015-11-05 15:25:11,872][com.java.TestType] [ 8014] - <In Set values of the page>
[DEBUG][2015-11-05 15:25:11,872][com.java.TestType] [ 8019] - {Data Fields & Data Values Exist}
[INFO ][2015-11-05 15:25:11,872][com.java.TestType] [ 8025] - --------------------------setting values-----------------------------
[INFO ][2015-11-05 15:25:11,872][com.java.TestType] [ 8028] - Action Type : CLEARANDENTER
[INFO ][2015-11-05 15:25:11,872][com.java.TestType] [ 3780] - value = Password1*
[INFO ][2015-11-05 15:25:16,879][com.java.TestType] [ 8047] -  RESULT true
[INFO ][2015-11-05 15:25:16,879][com.java.TestType] [ 8164] - ?   P A S S   ?
[DEBUG][2015-11-05 15:25:16,879][com.java.TestType] [ 7970] - Concept ID:1 :: Step being Executed: 1::3
[ERROR][2015-11-05 15:25:16,879][com.java.TestType] [ 8003] - Exception: null
[INFO ][2015-11-05 15:25:16,879][com.java.TestType] [ 8008] - dataFields : XPH//button[@type='submit']
[DEBUG][2015-11-05 15:25:16,879][com.java.TestType] [ 8014] - <In Set values of the page>
[DEBUG][2015-11-05 15:25:16,879][com.java.TestType] [ 8019] - {Data Fields & Data Values Exist}
[INFO ][2015-11-05 15:25:16,879][com.java.TestType] [ 8025] - --------------------------setting values-----------------------------
[INFO ][2015-11-05 15:25:16,879][com.java.TestType] [ 8028] - Action Type : Click
[INFO ][2015-11-05 15:25:16,879][com.java.TestType] [ 4093] - Field ::XPH//button[@type='submit']
[INFO ][2015-11-05 15:25:17,879][com.java.TestType] [ 4152] - BEFORE CLICK
[INFO ][2015-11-05 15:25:18,752][com.java.TestType] [ 4160] - Unable to click the object Login
[INFO ][2015-11-05 15:25:18,752][com.java.TestType] [ 8047] -  RESULT true
[INFO ][2015-11-05 15:25:18,752][com.java.TestType] [ 8164] - ?   P A S S   ?
[DEBUG][2015-11-05 15:25:18,752][com.java.TestType] [ 7970] - Concept ID:1 :: Step being Executed: 1::4
[INFO ][2015-11-05 15:25:18,752][com.java.TestType] [ 8008] - dataFields : LNKLogout
[DEBUG][2015-11-05 15:25:18,752][com.java.TestType] [ 8014] - <In Set values of the page>
[DEBUG][2015-11-05 15:25:18,752][com.java.TestType] [ 8019] - {Data Fields & Data Values Exist}
[INFO ][2015-11-05 15:25:18,752][com.java.TestType] [ 8025] - --------------------------setting values-----------------------------
[INFO ][2015-11-05 15:25:18,752][com.java.TestType] [ 8028] - Action Type : WaitForElement
[INFO ][2015-11-05 15:25:30,380][com.java.TestType] [ 8047] -  RESULT true
[INFO ][2015-11-05 15:25:30,380][com.java.TestType] [ 8164] - ?   P A S S   ?
[DEBUG][2015-11-05 15:25:30,380][com.java.TestType] [ 7970] - Concept ID:1 :: Step being Executed: 1::13
[INFO ][2015-11-05 15:25:30,380][com.java.TestType] [ 8008] - dataFields : LNK
[DEBUG][2015-11-05 15:25:30,380][com.java.TestType] [ 8014] - <In Set values of the page>
[DEBUG][2015-11-05 15:25:30,380][com.java.TestType] [ 8019] - {Data Fields & Data Values Exist}
[INFO ][2015-11-05 15:25:30,380][com.java.TestType] [ 8025] - --------------------------setting values-----------------------------
[INFO ][2015-11-05 15:25:30,380][com.java.TestType] [ 8028] - Action Type : Verify
[INFO ][2015-11-05 15:25:30,380][com.java.TestType] [ 4906] - field= LNK value= Logout
[INFO ][2015-11-05 15:25:30,381][com.java.TestType] [ 3780] - value = Logout
[INFO ][2015-11-05 15:25:30,421][com.java.TestType] [ 8047] -  RESULT true
[INFO ][2015-11-05 15:25:30,421][com.java.TestType] [ 8164] - ?   P A S S   ?
[DEBUG][2015-11-05 15:25:30,421][com.java.TestType] [ 7970] - Concept ID:1 :: Step being Executed: 1::14
[INFO ][2015-11-05 15:25:30,421][com.java.TestType] [ 8008] - dataFields : BTN
[DEBUG][2015-11-05 15:25:30,421][com.java.TestType] [ 8014] - <In Set values of the page>
[DEBUG][2015-11-05 15:25:30,421][com.java.TestType] [ 8019] - {Data Fields & Data Values Exist}
[INFO ][2015-11-05 15:25:30,421][com.java.TestType] [ 8025] - --------------------------setting values-----------------------------
[INFO ][2015-11-05 15:25:30,421][com.java.TestType] [ 8028] - Action Type : Verify
[INFO ][2015-11-05 15:25:30,421][com.java.TestType] [ 4906] - field= BTN value= //img[contains(@src,'bdlogo.jpg')]
[INFO ][2015-11-05 15:25:30,421][com.java.TestType] [ 3780] - value = //img[contains(@src,'bdlogo.jpg')]
[INFO ][2015-11-05 15:25:30,461][com.java.TestType] [ 8047] -  RESULT true
[INFO ][2015-11-05 15:25:30,461][com.java.TestType] [ 8164] - ?   P A S S   ?
[INFO ][2015-11-05 15:25:30,461][com.java.TestType] [ 8235] - Looping End......
[INFO ][2015-11-05 15:25:30,461][com.java.SeleniumDriver] [  861] -  RESULT true
[INFO ][2015-11-05 15:25:30,461][com.java.SeleniumDriver] [ 1066] - ?   P A S S   ?
[INFO ][2015-11-05 15:25:30,461][com.java.SeleniumDriver] [  788] - ------------------------------------------
[INFO ][2015-11-05 15:25:30,461][com.java.SeleniumDriver] [  789] - Test case being Executed: 1
[INFO ][2015-11-05 15:25:30,461][com.java.SeleniumDriver] [  800] - Test step:2
[INFO ][2015-11-05 15:25:30,461][com.java.SeleniumDriver] [  812] - Datavalue is----------Concept#2:1-2
[INFO ][2015-11-05 15:25:30,461][com.java.SeleniumDriver] [  836] - DataField : test
[INFO ][2015-11-05 15:25:30,461][com.java.SeleniumDriver] [  838] - DataValue : Concept#2:1-2
[INFO ][2015-11-05 15:25:30,461][com.java.SeleniumDriver] [  844] - <In Set values of the page>
[INFO ][2015-11-05 15:25:30,461][com.java.SeleniumDriver] [  847] - {Data Fields & Data Values Exist}
[INFO ][2015-11-05 15:25:30,461][com.java.SeleniumDriver] [  849] - --------------------------setting values-----------------------------
[INFO ][2015-11-05 15:25:30,461][com.java.SeleniumDriver] [  852] - Action Type : ExecuteTestCase
[INFO ][2015-11-05 15:25:30,461][com.java.TestType] [  414] - The Concept sheet name is ---------- Concept
[INFO ][2015-11-05 15:25:30,461][com.java.TestType] [  417] - The Concept ID  is ---------- 2
[DEBUG][2015-11-05 15:25:30,461][com.java.TestType] [  421] - Steps being executted in the Concept are: 1:2
[INFO ][2015-11-05 15:25:30,461][com.java.TestType] [  428] - Test data details path ---------- D:\BankersDashboard\TestInputs\TestData.xls
[INFO ][2015-11-05 15:25:31,016][com.java.TestType] [  459] -  str(1) = 2
[INFO ][2015-11-05 15:25:31,016][com.java.TestType] [  462] - Test case Id is---2
[INFO ][2015-11-05 15:25:31,016][com.java.TestType] [  464] - 2
[INFO ][2015-11-05 15:25:31,016][com.java.TestType] [  459] -  str(2) = 1
[INFO ][2015-11-05 15:25:31,016][com.java.TestType] [  511] - row values are--------{1=com.java.Objects.TestDataDetails@1dc4f68}
[INFO ][2015-11-05 15:25:31,016][com.java.TestType] [  459] -  str(1) = 2
[INFO ][2015-11-05 15:25:31,016][com.java.TestType] [  462] - Test case Id is---2
[INFO ][2015-11-05 15:25:31,016][com.java.TestType] [  464] - 2
[INFO ][2015-11-05 15:25:31,016][com.java.TestType] [  459] -  str(2) = 2
[INFO ][2015-11-05 15:25:31,016][com.java.TestType] [  511] - row values are--------{1=com.java.Objects.TestDataDetails@1dc4f68, 2=com.java.Objects.TestDataDetails@15a75e3}
[INFO ][2015-11-05 15:25:31,016][com.java.TestType] [  459] -  str(1) = 2
[INFO ][2015-11-05 15:25:31,016][com.java.TestType] [  462] - Test case Id is---2
[INFO ][2015-11-05 15:25:31,016][com.java.TestType] [  464] - 2
[INFO ][2015-11-05 15:25:31,016][com.java.TestType] [  459] -  str(2) = 3
[INFO ][2015-11-05 15:25:31,016][com.java.TestType] [  511] - row values are--------{1=com.java.Objects.TestDataDetails@1dc4f68, 2=com.java.Objects.TestDataDetails@15a75e3, 3=com.java.Objects.TestDataDetails@1f15cc}
[INFO ][2015-11-05 15:25:31,016][com.java.TestType] [ 7929] - Looping 1TCID = 2
[DEBUG][2015-11-05 15:25:31,016][com.java.TestType] [ 7970] - Concept ID:2 :: Step being Executed: 2::1
[INFO ][2015-11-05 15:25:31,016][com.java.TestType] [ 8008] - dataFields : BNK//select[@id='bank']
[DEBUG][2015-11-05 15:25:31,016][com.java.TestType] [ 8014] - <In Set values of the page>
[DEBUG][2015-11-05 15:25:31,016][com.java.TestType] [ 8019] - {Data Fields & Data Values Exist}
[INFO ][2015-11-05 15:25:31,016][com.java.TestType] [ 8025] - --------------------------setting values-----------------------------
[INFO ][2015-11-05 15:25:31,016][com.java.TestType] [ 8028] - Action Type : Select
[INFO ][2015-11-05 15:25:31,016][com.java.TestType] [ 3780] - value = PFC
[INFO ][2015-11-05 15:25:31,206][com.java.TestType] [ 8047] -  RESULT true
[INFO ][2015-11-05 15:25:31,206][com.java.TestType] [ 8164] - ?   P A S S   ?
[DEBUG][2015-11-05 15:25:31,206][com.java.TestType] [ 7970] - Concept ID:2 :: Step being Executed: 2::2
[INFO ][2015-11-05 15:25:31,206][com.java.TestType] [ 8008] - dataFields : LNKLogout
[DEBUG][2015-11-05 15:25:31,206][com.java.TestType] [ 8014] - <In Set values of the page>
[DEBUG][2015-11-05 15:25:31,206][com.java.TestType] [ 8019] - {Data Fields & Data Values Exist}
[INFO ][2015-11-05 15:25:31,206][com.java.TestType] [ 8025] - --------------------------setting values-----------------------------
[INFO ][2015-11-05 15:25:31,206][com.java.TestType] [ 8028] - Action Type : WaitTime
[DEBUG][2015-11-05 15:25:31,206][com.java.TestType] [ 3679] - sleepTime: 5000
[INFO ][2015-11-05 15:25:36,206][com.java.TestType] [ 8047] -  RESULT true
[INFO ][2015-11-05 15:25:36,206][com.java.TestType] [ 8164] - ?   P A S S   ?
[INFO ][2015-11-05 15:25:36,206][com.java.TestType] [ 8235] - Looping End......
[INFO ][2015-11-05 15:25:36,206][com.java.SeleniumDriver] [  861] -  RESULT true
[INFO ][2015-11-05 15:25:36,206][com.java.SeleniumDriver] [ 1066] - ?   P A S S   ?
[INFO ][2015-11-05 15:25:36,206][com.java.SeleniumDriver] [  788] - ------------------------------------------
[INFO ][2015-11-05 15:25:36,206][com.java.SeleniumDriver] [  789] - Test case being Executed: 1
[INFO ][2015-11-05 15:25:36,206][com.java.SeleniumDriver] [  800] - Test step:3
[INFO ][2015-11-05 15:25:36,206][com.java.SeleniumDriver] [  812] - Datavalue is----------2
[INFO ][2015-11-05 15:25:36,206][com.java.SeleniumDriver] [  836] - DataField : XPH//button[contains(text(),'Add Content')]
[INFO ][2015-11-05 15:25:36,206][com.java.SeleniumDriver] [  838] - DataValue : 2
[INFO ][2015-11-05 15:25:36,206][com.java.SeleniumDriver] [  844] - <In Set values of the page>
[INFO ][2015-11-05 15:25:36,206][com.java.SeleniumDriver] [  847] - {Data Fields & Data Values Exist}
[INFO ][2015-11-05 15:25:36,206][com.java.SeleniumDriver] [  849] - --------------------------setting values-----------------------------
[INFO ][2015-11-05 15:25:36,206][com.java.SeleniumDriver] [  852] - Action Type : WAITFORELEMENT
[INFO ][2015-11-05 15:25:36,247][com.java.SeleniumDriver] [  861] -  RESULT true
[INFO ][2015-11-05 15:25:36,247][com.java.SeleniumDriver] [ 1066] - ?   P A S S   ?
[DEBUG][2015-11-05 15:25:36,247][com.java.SeleniumDriver] [ 1168] - Case found
[DEBUG][2015-11-05 15:25:36,247][com.java.SeleniumDriver] [ 1173] - Incrementing ReportCounters[0]:1
[INFO ][2015-11-05 15:25:36,247][com.java.SeleniumDriver] [ 1192] - The results are-------------------[1, 1, Valid Login, Pass, , Thu Nov 05 15:25:30 IST 2015, 1, 2, Valid Login, Pass, , Thu Nov 05 15:25:36 IST 2015, 1, 3, Valid Login, Pass, , Thu Nov 05 15:25:36 IST 2015]
[INFO ][2015-11-05 15:25:36,247][com.java.SeleniumDriver] [ 1196] - End time is-------56 sec
[INFO ][2015-11-05 15:25:36,247][com.java.SeleniumDriver] [ 1197] - The results are-------------------[1, 1, Valid Login, Pass, , Thu Nov 05 15:25:30 IST 2015, 1, 2, Valid Login, Pass, , Thu Nov 05 15:25:36 IST 2015, 1, 3, Valid Login, Pass, , Thu Nov 05 15:25:36 IST 2015]
[DEBUG][2015-11-05 15:25:36,247][com.java.ImportnExport.ExportTestResultsExcel] [  222] - testResultPath = D:\BankersDashboard/TestReports/Test Results_BankersDashBoard_110515_152442_IE11_Simmons First National Bank.xls
[DEBUG][2015-11-05 15:25:36,247][com.java.ImportnExport.ExportTestResultsExcel] [  223] - browser is------------IE11
[DEBUG][2015-11-05 15:25:36,297][com.java.ImportnExport.ExportTestResultsExcel] [  270] - result.size() = 18
[DEBUG][2015-11-05 15:25:36,297][com.java.ImportnExport.ExportTestResultsExcel] [  274] - No of rows in sheet=1
[DEBUG][2015-11-05 15:25:36,297][com.java.ImportnExport.ExportTestResultsExcel] [  301] - ..in export..1
[DEBUG][2015-11-05 15:25:36,297][com.java.ImportnExport.ExportTestResultsExcel] [  301] - ..in export..Valid Login
[DEBUG][2015-11-05 15:25:36,297][com.java.ImportnExport.ExportTestResultsExcel] [  301] - ..in export..Pass
[DEBUG][2015-11-05 15:25:36,297][com.java.ImportnExport.ExportTestResultsExcel] [  301] - ..in export..
[DEBUG][2015-11-05 15:25:36,297][com.java.ImportnExport.ExportTestResultsExcel] [  301] - ..in export..Thu Nov 05 15:25:30 IST 2015
[INFO ][2015-11-05 15:25:36,297][com.java.SeleniumDriver] [ 1255] - out loop:0 size:2 TestCases:[1, 11] testcases:[1, 11]
[INFO ][2015-11-05 15:25:36,297][com.java.ImportnExport.ImportTestDataDetailsExcel] [   49] - test data details path===== D:\BankersDashboard\TestInputs\TestData.xls
[INFO ][2015-11-05 15:26:29,417][com.java.SeleniumDriver] [  788] - ------------------------------------------
[INFO ][2015-11-05 15:26:29,417][com.java.SeleniumDriver] [  789] - Test case being Executed: 11
[INFO ][2015-11-05 15:26:29,417][com.java.SeleniumDriver] [  800] - Test step:1
[INFO ][2015-11-05 15:26:29,417][com.java.SeleniumDriver] [  812] - Datavalue is----------Logout
[INFO ][2015-11-05 15:26:29,417][com.java.SeleniumDriver] [  836] - DataField : BTN
[INFO ][2015-11-05 15:26:29,417][com.java.SeleniumDriver] [  838] - DataValue : Logout
[INFO ][2015-11-05 15:26:29,417][com.java.SeleniumDriver] [  844] - <In Set values of the page>
[INFO ][2015-11-05 15:26:29,417][com.java.SeleniumDriver] [  847] - {Data Fields & Data Values Exist}
[INFO ][2015-11-05 15:26:29,417][com.java.SeleniumDriver] [  849] - --------------------------setting values-----------------------------
[INFO ][2015-11-05 15:26:29,417][com.java.SeleniumDriver] [  852] - Action Type : Verify
[INFO ][2015-11-05 15:26:29,417][com.java.TestType] [ 4906] - field= BTN value= Logout
[INFO ][2015-11-05 15:26:29,417][com.java.TestType] [ 3780] - value = Logout
[INFO ][2015-11-05 15:26:29,458][com.java.SeleniumDriver] [  861] -  RESULT true
[INFO ][2015-11-05 15:26:29,458][com.java.SeleniumDriver] [ 1066] - ?   P A S S   ?
[INFO ][2015-11-05 15:26:29,458][com.java.SeleniumDriver] [ 1108] - step change to 3
[INFO ][2015-11-05 15:26:29,458][com.java.SeleniumDriver] [  788] - ------------------------------------------
[INFO ][2015-11-05 15:26:29,458][com.java.SeleniumDriver] [  789] - Test case being Executed: 11
[INFO ][2015-11-05 15:26:29,458][com.java.SeleniumDriver] [  800] - Test step:3
[INFO ][2015-11-05 15:26:29,458][com.java.SeleniumDriver] [  812] - Datavalue is----------Concept#2:1-2
[INFO ][2015-11-05 15:26:29,458][com.java.SeleniumDriver] [  836] - DataField : test
[INFO ][2015-11-05 15:26:29,458][com.java.SeleniumDriver] [  838] - DataValue : Concept#2:1-2
[INFO ][2015-11-05 15:26:29,458][com.java.SeleniumDriver] [  844] - <In Set values of the page>
[INFO ][2015-11-05 15:26:29,458][com.java.SeleniumDriver] [  847] - {Data Fields & Data Values Exist}
[INFO ][2015-11-05 15:26:29,458][com.java.SeleniumDriver] [  849] - --------------------------setting values-----------------------------
[INFO ][2015-11-05 15:26:29,458][com.java.SeleniumDriver] [  852] - Action Type : ExecuteTestCase
[INFO ][2015-11-05 15:26:29,458][com.java.TestType] [  414] - The Concept sheet name is ---------- Concept
[INFO ][2015-11-05 15:26:29,458][com.java.TestType] [  417] - The Concept ID  is ---------- 2
[DEBUG][2015-11-05 15:26:29,458][com.java.TestType] [  421] - Steps being executted in the Concept are: 1:2
[INFO ][2015-11-05 15:26:29,458][com.java.TestType] [  428] - Test data details path ---------- D:\BankersDashboard\TestInputs\TestData.xls
[INFO ][2015-11-05 15:26:29,998][com.java.TestType] [  459] -  str(1) = 2
[INFO ][2015-11-05 15:26:29,998][com.java.TestType] [  462] - Test case Id is---2
[INFO ][2015-11-05 15:26:30,008][com.java.TestType] [  464] - 2
[INFO ][2015-11-05 15:26:30,008][com.java.TestType] [  459] -  str(2) = 1
[INFO ][2015-11-05 15:26:30,008][com.java.TestType] [  511] - row values are--------{1=com.java.Objects.TestDataDetails@bc4216}
[INFO ][2015-11-05 15:26:30,008][com.java.TestType] [  459] -  str(1) = 2
[INFO ][2015-11-05 15:26:30,008][com.java.TestType] [  462] - Test case Id is---2
[INFO ][2015-11-05 15:26:30,008][com.java.TestType] [  464] - 2
[INFO ][2015-11-05 15:26:30,008][com.java.TestType] [  459] -  str(2) = 2
[INFO ][2015-11-05 15:26:30,008][com.java.TestType] [  511] - row values are--------{1=com.java.Objects.TestDataDetails@bc4216, 2=com.java.Objects.TestDataDetails@fa432f}
[INFO ][2015-11-05 15:26:30,008][com.java.TestType] [  459] -  str(1) = 2
[INFO ][2015-11-05 15:26:30,008][com.java.TestType] [  462] - Test case Id is---2
[INFO ][2015-11-05 15:26:30,008][com.java.TestType] [  464] - 2
[INFO ][2015-11-05 15:26:30,008][com.java.TestType] [  459] -  str(2) = 3
[INFO ][2015-11-05 15:26:30,008][com.java.TestType] [  511] - row values are--------{1=com.java.Objects.TestDataDetails@bc4216, 2=com.java.Objects.TestDataDetails@fa432f, 3=com.java.Objects.TestDataDetails@1c07ae4}
[INFO ][2015-11-05 15:26:30,008][com.java.TestType] [ 7929] - Looping 1TCID = 2
[DEBUG][2015-11-05 15:26:30,008][com.java.TestType] [ 7970] - Concept ID:2 :: Step being Executed: 2::1
[INFO ][2015-11-05 15:26:30,008][com.java.TestType] [ 8008] - dataFields : BNK//select[@id='bank']
[DEBUG][2015-11-05 15:26:30,008][com.java.TestType] [ 8014] - <In Set values of the page>
[DEBUG][2015-11-05 15:26:30,008][com.java.TestType] [ 8019] - {Data Fields & Data Values Exist}
[INFO ][2015-11-05 15:26:30,008][com.java.TestType] [ 8025] - --------------------------setting values-----------------------------
[INFO ][2015-11-05 15:26:30,008][com.java.TestType] [ 8028] - Action Type : Select
[INFO ][2015-11-05 15:26:30,008][com.java.TestType] [ 3780] - value = PFC
[INFO ][2015-11-05 15:26:30,218][com.java.TestType] [ 8047] -  RESULT true
[INFO ][2015-11-05 15:26:30,218][com.java.TestType] [ 8164] - ?   P A S S   ?
[DEBUG][2015-11-05 15:26:30,218][com.java.TestType] [ 7970] - Concept ID:2 :: Step being Executed: 2::2
[INFO ][2015-11-05 15:26:30,218][com.java.TestType] [ 8008] - dataFields : LNKLogout
[DEBUG][2015-11-05 15:26:30,218][com.java.TestType] [ 8014] - <In Set values of the page>
[DEBUG][2015-11-05 15:26:30,218][com.java.TestType] [ 8019] - {Data Fields & Data Values Exist}
[INFO ][2015-11-05 15:26:30,218][com.java.TestType] [ 8025] - --------------------------setting values-----------------------------
[INFO ][2015-11-05 15:26:30,218][com.java.TestType] [ 8028] - Action Type : WaitTime
[DEBUG][2015-11-05 15:26:30,218][com.java.TestType] [ 3679] - sleepTime: 5000
[INFO ][2015-11-05 15:26:35,218][com.java.TestType] [ 8047] -  RESULT true
[INFO ][2015-11-05 15:26:35,218][com.java.TestType] [ 8164] - ?   P A S S   ?
[INFO ][2015-11-05 15:26:35,218][com.java.TestType] [ 8235] - Looping End......
[INFO ][2015-11-05 15:26:35,218][com.java.SeleniumDriver] [  861] -  RESULT true
[INFO ][2015-11-05 15:26:35,218][com.java.SeleniumDriver] [ 1066] - ?   P A S S   ?
[INFO ][2015-11-05 15:26:35,218][com.java.SeleniumDriver] [  788] - ------------------------------------------
[INFO ][2015-11-05 15:26:35,218][com.java.SeleniumDriver] [  789] - Test case being Executed: 11
[INFO ][2015-11-05 15:26:35,218][com.java.SeleniumDriver] [  800] - Test step:4
[INFO ][2015-11-05 15:26:35,218][com.java.SeleniumDriver] [  812] - Datavalue is----------null
[DEBUG][2015-11-05 15:26:35,218][com.java.SeleniumDriver] [  830] - Exception: null
[INFO ][2015-11-05 15:26:35,218][com.java.SeleniumDriver] [  836] - DataField : //span[@class='icon-user4']&&Users&&Manage Users
[INFO ][2015-11-05 15:26:35,218][com.java.SeleniumDriver] [  838] - DataValue : 
[INFO ][2015-11-05 15:26:35,218][com.java.SeleniumDriver] [  844] - <In Set values of the page>
[INFO ][2015-11-05 15:26:35,218][com.java.SeleniumDriver] [  847] - {Data Fields & Data Values Exist}
[INFO ][2015-11-05 15:26:35,218][com.java.SeleniumDriver] [  849] - --------------------------setting values-----------------------------
[INFO ][2015-11-05 15:26:35,218][com.java.SeleniumDriver] [  852] - Action Type : MouseOver
[INFO ][2015-11-05 15:26:51,925][com.java.SeleniumDriver] [  861] -  RESULT true
[INFO ][2015-11-05 15:26:51,925][com.java.SeleniumDriver] [ 1066] - ?   P A S S   ?
[INFO ][2015-11-05 15:26:51,925][com.java.SeleniumDriver] [  788] - ------------------------------------------
[INFO ][2015-11-05 15:26:51,925][com.java.SeleniumDriver] [  789] - Test case being Executed: 11
[INFO ][2015-11-05 15:26:51,925][com.java.SeleniumDriver] [  800] - Test step:5
[INFO ][2015-11-05 15:26:51,925][com.java.SeleniumDriver] [  812] - Datavalue is----------2
[INFO ][2015-11-05 15:26:51,925][com.java.SeleniumDriver] [  836] - DataField : BTNframeDialogContent
[INFO ][2015-11-05 15:26:51,925][com.java.SeleniumDriver] [  838] - DataValue : 2
[INFO ][2015-11-05 15:26:51,925][com.java.SeleniumDriver] [  844] - <In Set values of the page>
[INFO ][2015-11-05 15:26:51,925][com.java.SeleniumDriver] [  847] - {Data Fields & Data Values Exist}
[INFO ][2015-11-05 15:26:51,925][com.java.SeleniumDriver] [  849] - --------------------------setting values-----------------------------
[INFO ][2015-11-05 15:26:51,925][com.java.SeleniumDriver] [  852] - Action Type : WaitForElement
[INFO ][2015-11-05 15:26:53,146][com.java.SeleniumDriver] [  861] -  RESULT true
[INFO ][2015-11-05 15:26:53,146][com.java.SeleniumDriver] [ 1066] - ?   P A S S   ?
[INFO ][2015-11-05 15:26:53,146][com.java.SeleniumDriver] [  788] - ------------------------------------------
[INFO ][2015-11-05 15:26:53,146][com.java.SeleniumDriver] [  789] - Test case being Executed: 11
[INFO ][2015-11-05 15:26:53,146][com.java.SeleniumDriver] [  800] - Test step:6
[INFO ][2015-11-05 15:26:53,146][com.java.SeleniumDriver] [  812] - Datavalue is----------null
[DEBUG][2015-11-05 15:26:53,146][com.java.SeleniumDriver] [  830] - Exception: null
[INFO ][2015-11-05 15:26:53,146][com.java.SeleniumDriver] [  836] - DataField : BTNframeDialogContent
[INFO ][2015-11-05 15:26:53,146][com.java.SeleniumDriver] [  838] - DataValue : 
[INFO ][2015-11-05 15:26:53,146][com.java.SeleniumDriver] [  844] - <In Set values of the page>
[INFO ][2015-11-05 15:26:53,146][com.java.SeleniumDriver] [  847] - {Data Fields & Data Values Exist}
[INFO ][2015-11-05 15:26:53,146][com.java.SeleniumDriver] [  849] - --------------------------setting values-----------------------------
[INFO ][2015-11-05 15:26:53,146][com.java.SeleniumDriver] [  852] - Action Type : SelectFrame
[INFO ][2015-11-05 15:26:54,388][com.java.SeleniumDriver] [  861] -  RESULT true
[INFO ][2015-11-05 15:26:54,388][com.java.SeleniumDriver] [ 1066] - ?   P A S S   ?
[INFO ][2015-11-05 15:26:54,388][com.java.SeleniumDriver] [  788] - ------------------------------------------
[INFO ][2015-11-05 15:26:54,388][com.java.SeleniumDriver] [  789] - Test case being Executed: 11
[INFO ][2015-11-05 15:26:54,388][com.java.SeleniumDriver] [  800] - Test step:7
[INFO ][2015-11-05 15:26:54,388][com.java.SeleniumDriver] [  812] - Datavalue is----------2
[INFO ][2015-11-05 15:26:54,388][com.java.SeleniumDriver] [  836] - DataField : BTNbtnAddUser
[INFO ][2015-11-05 15:26:54,388][com.java.SeleniumDriver] [  838] - DataValue : 2
[INFO ][2015-11-05 15:26:54,388][com.java.SeleniumDriver] [  844] - <In Set values of the page>
[INFO ][2015-11-05 15:26:54,388][com.java.SeleniumDriver] [  847] - {Data Fields & Data Values Exist}
[INFO ][2015-11-05 15:26:54,388][com.java.SeleniumDriver] [  849] - --------------------------setting values-----------------------------
[INFO ][2015-11-05 15:26:54,388][com.java.SeleniumDriver] [  852] - Action Type : WaitForElement
[INFO ][2015-11-05 15:26:56,228][com.java.SeleniumDriver] [  861] -  RESULT true
[INFO ][2015-11-05 15:26:56,228][com.java.SeleniumDriver] [ 1066] - ?   P A S S   ?
[INFO ][2015-11-05 15:26:56,228][com.java.SeleniumDriver] [  788] - ------------------------------------------
[INFO ][2015-11-05 15:26:56,228][com.java.SeleniumDriver] [  789] - Test case being Executed: 11
[INFO ][2015-11-05 15:26:56,228][com.java.SeleniumDriver] [  800] - Test step:8
[INFO ][2015-11-05 15:26:56,228][com.java.SeleniumDriver] [  812] - Datavalue is----------null
[DEBUG][2015-11-05 15:26:56,228][com.java.SeleniumDriver] [  830] - Exception: null
[INFO ][2015-11-05 15:26:56,228][com.java.SeleniumDriver] [  836] - DataField : BTNbtnAddUser
[INFO ][2015-11-05 15:26:56,228][com.java.SeleniumDriver] [  838] - DataValue : 
[INFO ][2015-11-05 15:26:56,228][com.java.SeleniumDriver] [  844] - <In Set values of the page>
[INFO ][2015-11-05 15:26:56,228][com.java.SeleniumDriver] [  847] - {Data Fields & Data Values Exist}
[INFO ][2015-11-05 15:26:56,228][com.java.SeleniumDriver] [  849] - --------------------------setting values-----------------------------
[INFO ][2015-11-05 15:26:56,228][com.java.SeleniumDriver] [  852] - Action Type : Click
[INFO ][2015-11-05 15:26:56,228][com.java.TestType] [ 4093] - Field ::BTNbtnAddUser
[INFO ][2015-11-05 15:26:57,229][com.java.TestType] [ 4131] - BEFORE CLICK
[INFO ][2015-11-05 15:26:59,230][com.java.TestType] [ 4138] - Unable to click the object Add user button
[INFO ][2015-11-05 15:26:59,230][com.java.SeleniumDriver] [  861] -  RESULT true
[INFO ][2015-11-05 15:26:59,230][com.java.SeleniumDriver] [ 1066] - ?   P A S S   ?
[INFO ][2015-11-05 15:26:59,230][com.java.SeleniumDriver] [  788] - ------------------------------------------
[INFO ][2015-11-05 15:26:59,230][com.java.SeleniumDriver] [  789] - Test case being Executed: 11
[INFO ][2015-11-05 15:26:59,230][com.java.SeleniumDriver] [  800] - Test step:9
[INFO ][2015-11-05 15:26:59,230][com.java.SeleniumDriver] [  812] - Datavalue is----------2
[INFO ][2015-11-05 15:26:59,230][com.java.SeleniumDriver] [  836] - DataField : BTNtxtUserName
[INFO ][2015-11-05 15:26:59,230][com.java.SeleniumDriver] [  838] - DataValue : 2
[INFO ][2015-11-05 15:26:59,230][com.java.SeleniumDriver] [  844] - <In Set values of the page>
[INFO ][2015-11-05 15:26:59,230][com.java.SeleniumDriver] [  847] - {Data Fields & Data Values Exist}
[INFO ][2015-11-05 15:26:59,230][com.java.SeleniumDriver] [  849] - --------------------------setting values-----------------------------
[INFO ][2015-11-05 15:26:59,230][com.java.SeleniumDriver] [  852] - Action Type : WaitForElement
[INFO ][2015-11-05 15:27:08,675][com.java.SeleniumDriver] [  861] -  RESULT true
[INFO ][2015-11-05 15:27:08,675][com.java.SeleniumDriver] [ 1066] - ?   P A S S   ?
[INFO ][2015-11-05 15:27:08,675][com.java.SeleniumDriver] [  788] - ------------------------------------------
[INFO ][2015-11-05 15:27:08,675][com.java.SeleniumDriver] [  789] - Test case being Executed: 11
[INFO ][2015-11-05 15:27:08,675][com.java.SeleniumDriver] [  800] - Test step:10
[INFO ][2015-11-05 15:27:08,675][com.java.SeleniumDriver] [  812] - Datavalue is----------dt:NewUserName
[INFO ][2015-11-05 15:27:08,675][com.java.SeleniumDriver] [  836] - DataField : TXTtxtUserName
[INFO ][2015-11-05 15:27:08,675][com.java.SeleniumDriver] [  838] - DataValue : dt:NewUserName
[INFO ][2015-11-05 15:27:08,675][com.java.SeleniumDriver] [  844] - <In Set values of the page>
[INFO ][2015-11-05 15:27:08,675][com.java.SeleniumDriver] [  847] - {Data Fields & Data Values Exist}
[INFO ][2015-11-05 15:27:08,675][com.java.SeleniumDriver] [  849] - --------------------------setting values-----------------------------
[INFO ][2015-11-05 15:27:08,675][com.java.SeleniumDriver] [  852] - Action Type : Enter
[INFO ][2015-11-05 15:27:08,675][com.java.TestType] [ 4413] - field = txtUserName
[INFO ][2015-11-05 15:27:08,675][com.java.TestType] [ 3780] - value = vltest.robot
[INFO ][2015-11-05 15:27:11,488][com.java.SeleniumDriver] [  861] -  RESULT true
[INFO ][2015-11-05 15:27:11,488][com.java.SeleniumDriver] [ 1066] - ?   P A S S   ?
[INFO ][2015-11-05 15:27:11,488][com.java.SeleniumDriver] [  788] - ------------------------------------------
[INFO ][2015-11-05 15:27:11,488][com.java.SeleniumDriver] [  789] - Test case being Executed: 11
[INFO ][2015-11-05 15:27:11,488][com.java.SeleniumDriver] [  800] - Test step:11
[INFO ][2015-11-05 15:27:11,488][com.java.SeleniumDriver] [  812] - Datavalue is----------VLTest
[INFO ][2015-11-05 15:27:11,488][com.java.SeleniumDriver] [  836] - DataField : TXTtxtFirstName
[INFO ][2015-11-05 15:27:11,488][com.java.SeleniumDriver] [  838] - DataValue : VLTest
[INFO ][2015-11-05 15:27:11,488][com.java.SeleniumDriver] [  844] - <In Set values of the page>
[INFO ][2015-11-05 15:27:11,488][com.java.SeleniumDriver] [  847] - {Data Fields & Data Values Exist}
[INFO ][2015-11-05 15:27:11,488][com.java.SeleniumDriver] [  849] - --------------------------setting values-----------------------------
[INFO ][2015-11-05 15:27:11,488][com.java.SeleniumDriver] [  852] - Action Type : Enter
[INFO ][2015-11-05 15:27:11,488][com.java.TestType] [ 4413] - field = txtFirstName
[INFO ][2015-11-05 15:27:11,488][com.java.TestType] [ 3780] - value = VLTest
[INFO ][2015-11-05 15:27:14,600][com.java.SeleniumDriver] [  861] -  RESULT true
[INFO ][2015-11-05 15:27:14,600][com.java.SeleniumDriver] [ 1066] - ?   P A S S   ?
[INFO ][2015-11-05 15:27:14,600][com.java.SeleniumDriver] [  788] - ------------------------------------------
[INFO ][2015-11-05 15:27:14,600][com.java.SeleniumDriver] [  789] - Test case being Executed: 11
[INFO ][2015-11-05 15:27:14,600][com.java.SeleniumDriver] [  800] - Test step:12
[INFO ][2015-11-05 15:27:14,600][com.java.SeleniumDriver] [  812] - Datavalue is----------Robot
[INFO ][2015-11-05 15:27:14,600][com.java.SeleniumDriver] [  836] - DataField : TXTtxtLastName
[INFO ][2015-11-05 15:27:14,600][com.java.SeleniumDriver] [  838] - DataValue : Robot
[INFO ][2015-11-05 15:27:14,600][com.java.SeleniumDriver] [  844] - <In Set values of the page>
[INFO ][2015-11-05 15:27:14,600][com.java.SeleniumDriver] [  847] - {Data Fields & Data Values Exist}
[INFO ][2015-11-05 15:27:14,600][com.java.SeleniumDriver] [  849] - --------------------------setting values-----------------------------
[INFO ][2015-11-05 15:27:14,600][com.java.SeleniumDriver] [  852] - Action Type : Enter
[INFO ][2015-11-05 15:27:14,600][com.java.TestType] [ 4413] - field = txtLastName
[INFO ][2015-11-05 15:27:14,600][com.java.TestType] [ 3780] - value = Robot
[INFO ][2015-11-05 15:27:17,472][com.java.SeleniumDriver] [  861] -  RESULT true
[INFO ][2015-11-05 15:27:17,472][com.java.SeleniumDriver] [ 1066] - ?   P A S S   ?
[INFO ][2015-11-05 15:27:17,472][com.java.SeleniumDriver] [  788] - ------------------------------------------
[INFO ][2015-11-05 15:27:17,472][com.java.SeleniumDriver] [  789] - Test case being Executed: 11
[INFO ][2015-11-05 15:27:17,472][com.java.SeleniumDriver] [  800] - Test step:13
[INFO ][2015-11-05 15:27:17,472][com.java.SeleniumDriver] [  812] - Datavalue is----------ValueLabs
[INFO ][2015-11-05 15:27:17,472][com.java.SeleniumDriver] [  836] - DataField : TXTtxtCompany
[INFO ][2015-11-05 15:27:17,472][com.java.SeleniumDriver] [  838] - DataValue : ValueLabs
[INFO ][2015-11-05 15:27:17,472][com.java.SeleniumDriver] [  844] - <In Set values of the page>
[INFO ][2015-11-05 15:27:17,472][com.java.SeleniumDriver] [  847] - {Data Fields & Data Values Exist}
[INFO ][2015-11-05 15:27:17,472][com.java.SeleniumDriver] [  849] - --------------------------setting values-----------------------------
[INFO ][2015-11-05 15:27:17,472][com.java.SeleniumDriver] [  852] - Action Type : Enter
[INFO ][2015-11-05 15:27:17,472][com.java.TestType] [ 4413] - field = txtCompany
[INFO ][2015-11-05 15:27:17,472][com.java.TestType] [ 3780] - value = ValueLabs
[INFO ][2015-11-05 15:27:20,484][com.java.SeleniumDriver] [  861] -  RESULT true
[INFO ][2015-11-05 15:27:20,484][com.java.SeleniumDriver] [ 1066] - ?   P A S S   ?
[INFO ][2015-11-05 15:27:20,484][com.java.SeleniumDriver] [  788] - ------------------------------------------
[INFO ][2015-11-05 15:27:20,484][com.java.SeleniumDriver] [  789] - Test case being Executed: 11
[INFO ][2015-11-05 15:27:20,484][com.java.SeleniumDriver] [  800] - Test step:14
[INFO ][2015-11-05 15:27:20,484][com.java.SeleniumDriver] [  812] - Datavalue is----------India
[INFO ][2015-11-05 15:27:20,484][com.java.SeleniumDriver] [  836] - DataField : TXTtxtLocation
[INFO ][2015-11-05 15:27:20,484][com.java.SeleniumDriver] [  838] - DataValue : India
[INFO ][2015-11-05 15:27:20,484][com.java.SeleniumDriver] [  844] - <In Set values of the page>
[INFO ][2015-11-05 15:27:20,484][com.java.SeleniumDriver] [  847] - {Data Fields & Data Values Exist}
[INFO ][2015-11-05 15:27:20,484][com.java.SeleniumDriver] [  849] - --------------------------setting values-----------------------------
[INFO ][2015-11-05 15:27:20,484][com.java.SeleniumDriver] [  852] - Action Type : Enter
[INFO ][2015-11-05 15:27:20,484][com.java.TestType] [ 4413] - field = txtLocation
[INFO ][2015-11-05 15:27:20,484][com.java.TestType] [ 3780] - value = India
[INFO ][2015-11-05 15:27:23,346][com.java.SeleniumDriver] [  861] -  RESULT true
[INFO ][2015-11-05 15:27:23,346][com.java.SeleniumDriver] [ 1066] - ?   P A S S   ?
[INFO ][2015-11-05 15:27:23,346][com.java.SeleniumDriver] [  788] - ------------------------------------------
[INFO ][2015-11-05 15:27:23,346][com.java.SeleniumDriver] [  789] - Test case being Executed: 11
[INFO ][2015-11-05 15:27:23,346][com.java.SeleniumDriver] [  800] - Test step:15
[INFO ][2015-11-05 15:27:23,346][com.java.SeleniumDriver] [  812] - Datavalue is----------vltest.robot@valuelabs.com
[INFO ][2015-11-05 15:27:23,346][com.java.SeleniumDriver] [  836] - DataField : TXTtxtEMail
[INFO ][2015-11-05 15:27:23,346][com.java.SeleniumDriver] [  838] - DataValue : vltest.robot@valuelabs.com
[INFO ][2015-11-05 15:27:23,346][com.java.SeleniumDriver] [  844] - <In Set values of the page>
[INFO ][2015-11-05 15:27:23,346][com.java.SeleniumDriver] [  847] - {Data Fields & Data Values Exist}
[INFO ][2015-11-05 15:27:23,346][com.java.SeleniumDriver] [  849] - --------------------------setting values-----------------------------
[INFO ][2015-11-05 15:27:23,346][com.java.SeleniumDriver] [  852] - Action Type : Enter
[INFO ][2015-11-05 15:27:23,346][com.java.TestType] [ 4413] - field = txtEMail
[INFO ][2015-11-05 15:27:23,346][com.java.TestType] [ 3780] - value = vltest.robot@valuelabs.com
[INFO ][2015-11-05 15:27:26,438][com.java.SeleniumDriver] [  861] -  RESULT true
[INFO ][2015-11-05 15:27:26,438][com.java.SeleniumDriver] [ 1066] - ?   P A S S   ?
[INFO ][2015-11-05 15:27:26,438][com.java.SeleniumDriver] [  788] - ------------------------------------------
[INFO ][2015-11-05 15:27:26,438][com.java.SeleniumDriver] [  789] - Test case being Executed: 11
[INFO ][2015-11-05 15:27:26,438][com.java.SeleniumDriver] [  800] - Test step:16
[INFO ][2015-11-05 15:27:26,438][com.java.SeleniumDriver] [  812] - Datavalue is----------12345678901
[INFO ][2015-11-05 15:27:26,438][com.java.SeleniumDriver] [  836] - DataField : TXTtxtPhone
[INFO ][2015-11-05 15:27:26,438][com.java.SeleniumDriver] [  838] - DataValue : 12345678901
[INFO ][2015-11-05 15:27:26,438][com.java.SeleniumDriver] [  844] - <In Set values of the page>
[INFO ][2015-11-05 15:27:26,438][com.java.SeleniumDriver] [  847] - {Data Fields & Data Values Exist}
[INFO ][2015-11-05 15:27:26,438][com.java.SeleniumDriver] [  849] - --------------------------setting values-----------------------------
[INFO ][2015-11-05 15:27:26,438][com.java.SeleniumDriver] [  852] - Action Type : Enter
[INFO ][2015-11-05 15:27:26,438][com.java.TestType] [ 4413] - field = txtPhone
[INFO ][2015-11-05 15:27:26,438][com.java.TestType] [ 3780] - value = 12345678901
[INFO ][2015-11-05 15:27:29,260][com.java.SeleniumDriver] [  861] -  RESULT true
[INFO ][2015-11-05 15:27:29,260][com.java.SeleniumDriver] [ 1066] - ?   P A S S   ?
[INFO ][2015-11-05 15:27:29,260][com.java.SeleniumDriver] [  788] - ------------------------------------------
[INFO ][2015-11-05 15:27:29,260][com.java.SeleniumDriver] [  789] - Test case being Executed: 11
[INFO ][2015-11-05 15:27:29,260][com.java.SeleniumDriver] [  800] - Test step:17
[INFO ][2015-11-05 15:27:29,260][com.java.SeleniumDriver] [  812] - Datavalue is----------dt:NewUserPswd
[INFO ][2015-11-05 15:27:29,260][com.java.SeleniumDriver] [  836] - DataField : TXTtxtPassword
[INFO ][2015-11-05 15:27:29,260][com.java.SeleniumDriver] [  838] - DataValue : dt:NewUserPswd
[INFO ][2015-11-05 15:27:29,260][com.java.SeleniumDriver] [  844] - <In Set values of the page>
[INFO ][2015-11-05 15:27:29,260][com.java.SeleniumDriver] [  847] - {Data Fields & Data Values Exist}
[INFO ][2015-11-05 15:27:29,260][com.java.SeleniumDriver] [  849] - --------------------------setting values-----------------------------
[INFO ][2015-11-05 15:27:29,260][com.java.SeleniumDriver] [  852] - Action Type : Enter
[INFO ][2015-11-05 15:27:29,260][com.java.TestType] [ 4413] - field = txtPassword
[INFO ][2015-11-05 15:27:29,260][com.java.TestType] [ 3780] - value = Password1*
[INFO ][2015-11-05 15:27:32,292][com.java.SeleniumDriver] [  861] -  RESULT true
[INFO ][2015-11-05 15:27:32,292][com.java.SeleniumDriver] [ 1066] - ?   P A S S   ?
[INFO ][2015-11-05 15:27:32,292][com.java.SeleniumDriver] [  788] - ------------------------------------------
[INFO ][2015-11-05 15:27:32,292][com.java.SeleniumDriver] [  789] - Test case being Executed: 11
[INFO ][2015-11-05 15:27:32,292][com.java.SeleniumDriver] [  800] - Test step:18
[INFO ][2015-11-05 15:27:32,292][com.java.SeleniumDriver] [  812] - Datavalue is----------dt:NewUserPswd
[INFO ][2015-11-05 15:27:32,292][com.java.SeleniumDriver] [  836] - DataField : TXTtxtPasswordConfirm
[INFO ][2015-11-05 15:27:32,292][com.java.SeleniumDriver] [  838] - DataValue : dt:NewUserPswd
[INFO ][2015-11-05 15:27:32,292][com.java.SeleniumDriver] [  844] - <In Set values of the page>
[INFO ][2015-11-05 15:27:32,292][com.java.SeleniumDriver] [  847] - {Data Fields & Data Values Exist}
[INFO ][2015-11-05 15:27:32,292][com.java.SeleniumDriver] [  849] - --------------------------setting values-----------------------------
[INFO ][2015-11-05 15:27:32,292][com.java.SeleniumDriver] [  852] - Action Type : Enter
[INFO ][2015-11-05 15:27:32,292][com.java.TestType] [ 4413] - field = txtPasswordConfirm
[INFO ][2015-11-05 15:27:32,292][com.java.TestType] [ 3780] - value = Password1*
[INFO ][2015-11-05 15:27:35,334][com.java.SeleniumDriver] [  861] -  RESULT true
[INFO ][2015-11-05 15:27:35,334][com.java.SeleniumDriver] [ 1066] - ?   P A S S   ?
[INFO ][2015-11-05 15:27:35,334][com.java.SeleniumDriver] [  788] - ------------------------------------------
[INFO ][2015-11-05 15:27:35,334][com.java.SeleniumDriver] [  789] - Test case being Executed: 11
[INFO ][2015-11-05 15:27:35,334][com.java.SeleniumDriver] [  800] - Test step:19
[INFO ][2015-11-05 15:27:35,334][com.java.SeleniumDriver] [  812] - Datavalue is----------null
[DEBUG][2015-11-05 15:27:35,334][com.java.SeleniumDriver] [  830] - Exception: null
[INFO ][2015-11-05 15:27:35,334][com.java.SeleniumDriver] [  836] - DataField : BTNparent
[INFO ][2015-11-05 15:27:35,334][com.java.SeleniumDriver] [  838] - DataValue : 
[INFO ][2015-11-05 15:27:35,334][com.java.SeleniumDriver] [  844] - <In Set values of the page>
[INFO ][2015-11-05 15:27:35,334][com.java.SeleniumDriver] [  847] - {Data Fields & Data Values Exist}
[INFO ][2015-11-05 15:27:35,334][com.java.SeleniumDriver] [  849] - --------------------------setting values-----------------------------
[INFO ][2015-11-05 15:27:35,334][com.java.SeleniumDriver] [  852] - Action Type : SelectFrame
[INFO ][2015-11-05 15:27:35,344][com.java.SeleniumDriver] [  861] -  RESULT true
[INFO ][2015-11-05 15:27:35,344][com.java.SeleniumDriver] [ 1066] - ?   P A S S   ?
[INFO ][2015-11-05 15:27:35,344][com.java.SeleniumDriver] [  788] - ------------------------------------------
[INFO ][2015-11-05 15:27:35,344][com.java.SeleniumDriver] [  789] - Test case being Executed: 11
[INFO ][2015-11-05 15:27:35,344][com.java.SeleniumDriver] [  800] - Test step:20
[INFO ][2015-11-05 15:27:35,344][com.java.SeleniumDriver] [  812] - Datavalue is----------5
[INFO ][2015-11-05 15:27:35,344][com.java.SeleniumDriver] [  836] - DataField : test
[INFO ][2015-11-05 15:27:35,344][com.java.SeleniumDriver] [  838] - DataValue : 5
[INFO ][2015-11-05 15:27:35,344][com.java.SeleniumDriver] [  844] - <In Set values of the page>
[INFO ][2015-11-05 15:27:35,344][com.java.SeleniumDriver] [  847] - {Data Fields & Data Values Exist}
[INFO ][2015-11-05 15:27:35,344][com.java.SeleniumDriver] [  849] - --------------------------setting values-----------------------------
[INFO ][2015-11-05 15:27:35,344][com.java.SeleniumDriver] [  852] - Action Type : WaitTime
[DEBUG][2015-11-05 15:27:35,344][com.java.TestType] [ 3679] - sleepTime: 5000
[INFO ][2015-11-05 15:27:40,344][com.java.SeleniumDriver] [  861] -  RESULT true
[INFO ][2015-11-05 15:27:40,344][com.java.SeleniumDriver] [ 1066] - ?   P A S S   ?
[INFO ][2015-11-05 15:27:40,344][com.java.SeleniumDriver] [  788] - ------------------------------------------
[INFO ][2015-11-05 15:27:40,344][com.java.SeleniumDriver] [  789] - Test case being Executed: 11
[INFO ][2015-11-05 15:27:40,344][com.java.SeleniumDriver] [  800] - Test step:21
[INFO ][2015-11-05 15:27:40,344][com.java.SeleniumDriver] [  812] - Datavalue is----------null
[DEBUG][2015-11-05 15:27:40,344][com.java.SeleniumDriver] [  830] - Exception: null
[INFO ][2015-11-05 15:27:40,344][com.java.SeleniumDriver] [  836] - DataField : XPH//span[contains(text(), 'Finished')]
[INFO ][2015-11-05 15:27:40,344][com.java.SeleniumDriver] [  838] - DataValue : 
[INFO ][2015-11-05 15:27:40,344][com.java.SeleniumDriver] [  844] - <In Set values of the page>
[INFO ][2015-11-05 15:27:40,344][com.java.SeleniumDriver] [  847] - {Data Fields & Data Values Exist}
[INFO ][2015-11-05 15:27:40,344][com.java.SeleniumDriver] [  849] - --------------------------setting values-----------------------------
[INFO ][2015-11-05 15:27:40,344][com.java.SeleniumDriver] [  852] - Action Type : Click
[INFO ][2015-11-05 15:27:40,344][com.java.TestType] [ 4093] - Field ::XPH//span[contains(text(), 'Finished')]
[INFO ][2015-11-05 15:27:41,345][com.java.TestType] [ 4152] - BEFORE CLICK
[INFO ][2015-11-05 15:27:42,385][com.java.TestType] [ 4160] - Unable to click the object Finished button
[INFO ][2015-11-05 15:27:42,385][com.java.SeleniumDriver] [  861] -  RESULT true
[INFO ][2015-11-05 15:27:42,385][com.java.SeleniumDriver] [ 1066] - ?   P A S S   ?
[INFO ][2015-11-05 15:27:42,385][com.java.SeleniumDriver] [  788] - ------------------------------------------
[INFO ][2015-11-05 15:27:42,385][com.java.SeleniumDriver] [  789] - Test case being Executed: 11
[INFO ][2015-11-05 15:27:42,385][com.java.SeleniumDriver] [  800] - Test step:22
[INFO ][2015-11-05 15:27:42,385][com.java.SeleniumDriver] [  812] - Datavalue is----------null
[DEBUG][2015-11-05 15:27:42,385][com.java.SeleniumDriver] [  830] - Exception: null
[INFO ][2015-11-05 15:27:42,385][com.java.SeleniumDriver] [  836] - DataField : XPH//span[contains(text(), 'Finished')]
[INFO ][2015-11-05 15:27:42,385][com.java.SeleniumDriver] [  838] - DataValue : 
[INFO ][2015-11-05 15:27:42,385][com.java.SeleniumDriver] [  844] - <In Set values of the page>
[INFO ][2015-11-05 15:27:42,385][com.java.SeleniumDriver] [  847] - {Data Fields & Data Values Exist}
[INFO ][2015-11-05 15:27:42,385][com.java.SeleniumDriver] [  849] - --------------------------setting values-----------------------------
[INFO ][2015-11-05 15:27:42,385][com.java.SeleniumDriver] [  852] - Action Type : WaitForElement
[INFO ][2015-11-05 15:27:42,426][com.java.SeleniumDriver] [  861] -  RESULT true
[INFO ][2015-11-05 15:27:42,426][com.java.SeleniumDriver] [ 1066] - ?   P A S S   ?
[INFO ][2015-11-05 15:27:42,426][com.java.SeleniumDriver] [  788] - ------------------------------------------
[INFO ][2015-11-05 15:27:42,426][com.java.SeleniumDriver] [  789] - Test case being Executed: 11
[INFO ][2015-11-05 15:27:42,426][com.java.SeleniumDriver] [  800] - Test step:23
[INFO ][2015-11-05 15:27:42,426][com.java.SeleniumDriver] [  812] - Datavalue is----------null
[DEBUG][2015-11-05 15:27:42,426][com.java.SeleniumDriver] [  830] - Exception: null
[INFO ][2015-11-05 15:27:42,426][com.java.SeleniumDriver] [  836] - DataField : BTNframeDialogContent
[INFO ][2015-11-05 15:27:42,426][com.java.SeleniumDriver] [  838] - DataValue : 
[INFO ][2015-11-05 15:27:42,426][com.java.SeleniumDriver] [  844] - <In Set values of the page>
[INFO ][2015-11-05 15:27:42,426][com.java.SeleniumDriver] [  847] - {Data Fields & Data Values Exist}
[INFO ][2015-11-05 15:27:42,426][com.java.SeleniumDriver] [  849] - --------------------------setting values-----------------------------
[INFO ][2015-11-05 15:27:42,426][com.java.SeleniumDriver] [  852] - Action Type : SelectFrame
[INFO ][2015-11-05 15:27:43,817][com.java.SeleniumDriver] [  861] -  RESULT true
[INFO ][2015-11-05 15:27:43,817][com.java.SeleniumDriver] [ 1066] - ?   P A S S   ?
[INFO ][2015-11-05 15:27:43,817][com.java.SeleniumDriver] [  788] - ------------------------------------------
[INFO ][2015-11-05 15:27:43,817][com.java.SeleniumDriver] [  789] - Test case being Executed: 11
[INFO ][2015-11-05 15:27:43,817][com.java.SeleniumDriver] [  800] - Test step:24
[INFO ][2015-11-05 15:27:43,817][com.java.SeleniumDriver] [  812] - Datavalue is----------null
[DEBUG][2015-11-05 15:27:43,817][com.java.SeleniumDriver] [  830] - Exception: null
[INFO ][2015-11-05 15:27:43,817][com.java.SeleniumDriver] [  836] - DataField : BTNchkGlobalPrivsUserAdmin
[INFO ][2015-11-05 15:27:43,817][com.java.SeleniumDriver] [  838] - DataValue : 
[INFO ][2015-11-05 15:27:43,817][com.java.SeleniumDriver] [  844] - <In Set values of the page>
[INFO ][2015-11-05 15:27:43,817][com.java.SeleniumDriver] [  847] - {Data Fields & Data Values Exist}
[INFO ][2015-11-05 15:27:43,817][com.java.SeleniumDriver] [  849] - --------------------------setting values-----------------------------
[INFO ][2015-11-05 15:27:43,817][com.java.SeleniumDriver] [  852] - Action Type : Click
[INFO ][2015-11-05 15:27:43,817][com.java.TestType] [ 4093] - Field ::BTNchkGlobalPrivsUserAdmin
[INFO ][2015-11-05 15:27:44,817][com.java.TestType] [ 4131] - BEFORE CLICK
[INFO ][2015-11-05 15:27:46,168][com.java.TestType] [ 4138] - Unable to click the object User Admin check box
[INFO ][2015-11-05 15:27:46,168][com.java.SeleniumDriver] [  861] -  RESULT true
[INFO ][2015-11-05 15:27:46,168][com.java.SeleniumDriver] [ 1066] - ?   P A S S   ?
[INFO ][2015-11-05 15:27:46,168][com.java.SeleniumDriver] [  788] - ------------------------------------------
[INFO ][2015-11-05 15:27:46,168][com.java.SeleniumDriver] [  789] - Test case being Executed: 11
[INFO ][2015-11-05 15:27:46,168][com.java.SeleniumDriver] [  800] - Test step:25
[INFO ][2015-11-05 15:27:46,168][com.java.SeleniumDriver] [  812] - Datavalue is----------null
[DEBUG][2015-11-05 15:27:46,168][com.java.SeleniumDriver] [  830] - Exception: null
[INFO ][2015-11-05 15:27:46,168][com.java.SeleniumDriver] [  836] - DataField : BTNrdoEnableEntity_Enable
[INFO ][2015-11-05 15:27:46,168][com.java.SeleniumDriver] [  838] - DataValue : 
[INFO ][2015-11-05 15:27:46,168][com.java.SeleniumDriver] [  844] - <In Set values of the page>
[INFO ][2015-11-05 15:27:46,168][com.java.SeleniumDriver] [  847] - {Data Fields & Data Values Exist}
[INFO ][2015-11-05 15:27:46,168][com.java.SeleniumDriver] [  849] - --------------------------setting values-----------------------------
[INFO ][2015-11-05 15:27:46,168][com.java.SeleniumDriver] [  852] - Action Type : Click
[INFO ][2015-11-05 15:27:46,168][com.java.TestType] [ 4093] - Field ::BTNrdoEnableEntity_Enable
[INFO ][2015-11-05 15:27:47,168][com.java.TestType] [ 4131] - BEFORE CLICK
[INFO ][2015-11-05 15:27:48,499][com.java.TestType] [ 4138] - Unable to click the object Enable radio button
[INFO ][2015-11-05 15:27:48,499][com.java.SeleniumDriver] [  861] -  RESULT true
[INFO ][2015-11-05 15:27:48,499][com.java.SeleniumDriver] [ 1066] - ?   P A S S   ?
[INFO ][2015-11-05 15:27:48,499][com.java.SeleniumDriver] [  788] - ------------------------------------------
[INFO ][2015-11-05 15:27:48,499][com.java.SeleniumDriver] [  789] - Test case being Executed: 11
[INFO ][2015-11-05 15:27:48,499][com.java.SeleniumDriver] [  800] - Test step:26
[INFO ][2015-11-05 15:27:48,499][com.java.SeleniumDriver] [  812] - Datavalue is----------null
[DEBUG][2015-11-05 15:27:48,499][com.java.SeleniumDriver] [  830] - Exception: null
[INFO ][2015-11-05 15:27:48,499][com.java.SeleniumDriver] [  836] - DataField : BTNchkProfitCenterAll
[INFO ][2015-11-05 15:27:48,499][com.java.SeleniumDriver] [  838] - DataValue : 
[INFO ][2015-11-05 15:27:48,499][com.java.SeleniumDriver] [  844] - <In Set values of the page>
[INFO ][2015-11-05 15:27:48,499][com.java.SeleniumDriver] [  847] - {Data Fields & Data Values Exist}
[INFO ][2015-11-05 15:27:48,499][com.java.SeleniumDriver] [  849] - --------------------------setting values-----------------------------
[INFO ][2015-11-05 15:27:48,499][com.java.SeleniumDriver] [  852] - Action Type : Click
[INFO ][2015-11-05 15:27:48,499][com.java.TestType] [ 4093] - Field ::BTNchkProfitCenterAll
[INFO ][2015-11-05 15:27:49,499][com.java.TestType] [ 4131] - BEFORE CLICK
[INFO ][2015-11-05 15:27:50,830][com.java.TestType] [ 4138] - Unable to click the object All Check box
[INFO ][2015-11-05 15:27:50,830][com.java.SeleniumDriver] [  861] -  RESULT true
[INFO ][2015-11-05 15:27:50,830][com.java.SeleniumDriver] [ 1066] - ?   P A S S   ?
[INFO ][2015-11-05 15:27:50,830][com.java.SeleniumDriver] [  788] - ------------------------------------------
[INFO ][2015-11-05 15:27:50,830][com.java.SeleniumDriver] [  789] - Test case being Executed: 11
[INFO ][2015-11-05 15:27:50,830][com.java.SeleniumDriver] [  800] - Test step:27
[INFO ][2015-11-05 15:27:50,830][com.java.SeleniumDriver] [  812] - Datavalue is----------null
[DEBUG][2015-11-05 15:27:50,830][com.java.SeleniumDriver] [  830] - Exception: null
[INFO ][2015-11-05 15:27:50,830][com.java.SeleniumDriver] [  836] - DataField : BTNchkPrivsAccessGL
[INFO ][2015-11-05 15:27:50,830][com.java.SeleniumDriver] [  838] - DataValue : 
[INFO ][2015-11-05 15:27:50,830][com.java.SeleniumDriver] [  844] - <In Set values of the page>
[INFO ][2015-11-05 15:27:50,830][com.java.SeleniumDriver] [  847] - {Data Fields & Data Values Exist}
[INFO ][2015-11-05 15:27:50,830][com.java.SeleniumDriver] [  849] - --------------------------setting values-----------------------------
[INFO ][2015-11-05 15:27:50,830][com.java.SeleniumDriver] [  852] - Action Type : Click
[INFO ][2015-11-05 15:27:50,830][com.java.TestType] [ 4093] - Field ::BTNchkPrivsAccessGL
[INFO ][2015-11-05 15:27:51,830][com.java.TestType] [ 4131] - BEFORE CLICK
[INFO ][2015-11-05 15:27:53,141][com.java.TestType] [ 4138] - Unable to click the object GL check box
[INFO ][2015-11-05 15:27:53,141][com.java.SeleniumDriver] [  861] -  RESULT true
[INFO ][2015-11-05 15:27:53,141][com.java.SeleniumDriver] [ 1066] - ?   P A S S   ?
[INFO ][2015-11-05 15:27:53,141][com.java.SeleniumDriver] [  788] - ------------------------------------------
[INFO ][2015-11-05 15:27:53,141][com.java.SeleniumDriver] [  789] - Test case being Executed: 11
[INFO ][2015-11-05 15:27:53,141][com.java.SeleniumDriver] [  800] - Test step:28
[INFO ][2015-11-05 15:27:53,141][com.java.SeleniumDriver] [  812] - Datavalue is----------null
[DEBUG][2015-11-05 15:27:53,141][com.java.SeleniumDriver] [  830] - Exception: null
[INFO ][2015-11-05 15:27:53,141][com.java.SeleniumDriver] [  836] - DataField : BTNparent
[INFO ][2015-11-05 15:27:53,141][com.java.SeleniumDriver] [  838] - DataValue : 
[INFO ][2015-11-05 15:27:53,141][com.java.SeleniumDriver] [  844] - <In Set values of the page>
[INFO ][2015-11-05 15:27:53,141][com.java.SeleniumDriver] [  847] - {Data Fields & Data Values Exist}
[INFO ][2015-11-05 15:27:53,141][com.java.SeleniumDriver] [  849] - --------------------------setting values-----------------------------
[INFO ][2015-11-05 15:27:53,141][com.java.SeleniumDriver] [  852] - Action Type : SelectFrame
[INFO ][2015-11-05 15:27:53,151][com.java.SeleniumDriver] [  861] -  RESULT true
[INFO ][2015-11-05 15:27:53,151][com.java.SeleniumDriver] [ 1066] - ?   P A S S   ?
[INFO ][2015-11-05 15:27:53,151][com.java.SeleniumDriver] [  788] - ------------------------------------------
[INFO ][2015-11-05 15:27:53,151][com.java.SeleniumDriver] [  789] - Test case being Executed: 11
[INFO ][2015-11-05 15:27:53,151][com.java.SeleniumDriver] [  800] - Test step:29
[INFO ][2015-11-05 15:27:53,151][com.java.SeleniumDriver] [  812] - Datavalue is----------5
[INFO ][2015-11-05 15:27:53,151][com.java.SeleniumDriver] [  836] - DataField : test
[INFO ][2015-11-05 15:27:53,151][com.java.SeleniumDriver] [  838] - DataValue : 5
[INFO ][2015-11-05 15:27:53,151][com.java.SeleniumDriver] [  844] - <In Set values of the page>
[INFO ][2015-11-05 15:27:53,151][com.java.SeleniumDriver] [  847] - {Data Fields & Data Values Exist}
[INFO ][2015-11-05 15:27:53,151][com.java.SeleniumDriver] [  849] - --------------------------setting values-----------------------------
[INFO ][2015-11-05 15:27:53,151][com.java.SeleniumDriver] [  852] - Action Type : WaitTime
[DEBUG][2015-11-05 15:27:53,151][com.java.TestType] [ 3679] - sleepTime: 5000
[INFO ][2015-11-05 15:27:58,151][com.java.SeleniumDriver] [  861] -  RESULT true
[INFO ][2015-11-05 15:27:58,151][com.java.SeleniumDriver] [ 1066] - ?   P A S S   ?
[INFO ][2015-11-05 15:27:58,151][com.java.SeleniumDriver] [  788] - ------------------------------------------
[INFO ][2015-11-05 15:27:58,151][com.java.SeleniumDriver] [  789] - Test case being Executed: 11
[INFO ][2015-11-05 15:27:58,151][com.java.SeleniumDriver] [  800] - Test step:30
[INFO ][2015-11-05 15:27:58,151][com.java.SeleniumDriver] [  812] - Datavalue is----------null
[DEBUG][2015-11-05 15:27:58,151][com.java.SeleniumDriver] [  830] - Exception: null
[INFO ][2015-11-05 15:27:58,151][com.java.SeleniumDriver] [  836] - DataField : XPH//span[contains(text(), 'Finished')]
[INFO ][2015-11-05 15:27:58,151][com.java.SeleniumDriver] [  838] - DataValue : 
[INFO ][2015-11-05 15:27:58,151][com.java.SeleniumDriver] [  844] - <In Set values of the page>
[INFO ][2015-11-05 15:27:58,151][com.java.SeleniumDriver] [  847] - {Data Fields & Data Values Exist}
[INFO ][2015-11-05 15:27:58,151][com.java.SeleniumDriver] [  849] - --------------------------setting values-----------------------------
[INFO ][2015-11-05 15:27:58,151][com.java.SeleniumDriver] [  852] - Action Type : Click
[INFO ][2015-11-05 15:27:58,151][com.java.TestType] [ 4093] - Field ::XPH//span[contains(text(), 'Finished')]
[INFO ][2015-11-05 15:27:59,152][com.java.TestType] [ 4152] - BEFORE CLICK
[INFO ][2015-11-05 15:28:07,162][com.java.TestType] [ 4160] - Unable to click the object Finished button
[INFO ][2015-11-05 15:28:07,162][com.java.SeleniumDriver] [  861] -  RESULT true
[INFO ][2015-11-05 15:28:07,162][com.java.SeleniumDriver] [ 1066] - ?   P A S S   ?
[INFO ][2015-11-05 15:28:07,162][com.java.SeleniumDriver] [  788] - ------------------------------------------
[INFO ][2015-11-05 15:28:07,162][com.java.SeleniumDriver] [  789] - Test case being Executed: 11
[INFO ][2015-11-05 15:28:07,162][com.java.SeleniumDriver] [  800] - Test step:31
[INFO ][2015-11-05 15:28:07,162][com.java.SeleniumDriver] [  812] - Datavalue is----------5
[INFO ][2015-11-05 15:28:07,162][com.java.SeleniumDriver] [  836] - DataField : BTNframeDialogContent
[INFO ][2015-11-05 15:28:07,162][com.java.SeleniumDriver] [  838] - DataValue : 5
[INFO ][2015-11-05 15:28:07,162][com.java.SeleniumDriver] [  844] - <In Set values of the page>
[INFO ][2015-11-05 15:28:07,162][com.java.SeleniumDriver] [  847] - {Data Fields & Data Values Exist}
[INFO ][2015-11-05 15:28:07,162][com.java.SeleniumDriver] [  849] - --------------------------setting values-----------------------------
[INFO ][2015-11-05 15:28:07,162][com.java.SeleniumDriver] [  852] - Action Type : WaitForElement
[INFO ][2015-11-05 15:28:08,373][com.java.SeleniumDriver] [  861] -  RESULT true
[INFO ][2015-11-05 15:28:08,373][com.java.SeleniumDriver] [ 1066] - ?   P A S S   ?
[INFO ][2015-11-05 15:28:08,373][com.java.SeleniumDriver] [  788] - ------------------------------------------
[INFO ][2015-11-05 15:28:08,373][com.java.SeleniumDriver] [  789] - Test case being Executed: 11
[INFO ][2015-11-05 15:28:08,373][com.java.SeleniumDriver] [  800] - Test step:32
[INFO ][2015-11-05 15:28:08,373][com.java.SeleniumDriver] [  812] - Datavalue is----------null
[DEBUG][2015-11-05 15:28:08,373][com.java.SeleniumDriver] [  830] - Exception: null
[INFO ][2015-11-05 15:28:08,373][com.java.SeleniumDriver] [  836] - DataField : BTNframeDialogContent
[INFO ][2015-11-05 15:28:08,373][com.java.SeleniumDriver] [  838] - DataValue : 
[INFO ][2015-11-05 15:28:08,373][com.java.SeleniumDriver] [  844] - <In Set values of the page>
[INFO ][2015-11-05 15:28:08,373][com.java.SeleniumDriver] [  847] - {Data Fields & Data Values Exist}
[INFO ][2015-11-05 15:28:08,373][com.java.SeleniumDriver] [  849] - --------------------------setting values-----------------------------
[INFO ][2015-11-05 15:28:08,373][com.java.SeleniumDriver] [  852] - Action Type : SelectFrame
[INFO ][2015-11-05 15:28:09,615][com.java.SeleniumDriver] [  861] -  RESULT true
[INFO ][2015-11-05 15:28:09,615][com.java.SeleniumDriver] [ 1066] - ?   P A S S   ?
[INFO ][2015-11-05 15:28:09,615][com.java.SeleniumDriver] [  788] - ------------------------------------------
[INFO ][2015-11-05 15:28:09,615][com.java.SeleniumDriver] [  789] - Test case being Executed: 11
[INFO ][2015-11-05 15:28:09,615][com.java.SeleniumDriver] [  800] - Test step:33
[INFO ][2015-11-05 15:28:09,615][com.java.SeleniumDriver] [  812] - Datavalue is----------null
[DEBUG][2015-11-05 15:28:09,615][com.java.SeleniumDriver] [  830] - Exception: null
[INFO ][2015-11-05 15:28:09,615][com.java.SeleniumDriver] [  836] - DataField : XPH//table[@id="tblUserListing"]//td[contains(text(),'vltest.robot')]
[INFO ][2015-11-05 15:28:09,615][com.java.SeleniumDriver] [  838] - DataValue : 
[INFO ][2015-11-05 15:28:09,615][com.java.SeleniumDriver] [  844] - <In Set values of the page>
[INFO ][2015-11-05 15:28:09,615][com.java.SeleniumDriver] [  847] - {Data Fields & Data Values Exist}
[INFO ][2015-11-05 15:28:09,615][com.java.SeleniumDriver] [  849] - --------------------------setting values-----------------------------
[INFO ][2015-11-05 15:28:09,615][com.java.SeleniumDriver] [  852] - Action Type : WaitForElement
[INFO ][2015-11-05 15:28:09,675][com.java.SeleniumDriver] [  861] -  RESULT true
[INFO ][2015-11-05 15:28:09,675][com.java.SeleniumDriver] [ 1066] - ?   P A S S   ?
[INFO ][2015-11-05 15:28:09,675][com.java.SeleniumDriver] [  788] - ------------------------------------------
[INFO ][2015-11-05 15:28:09,675][com.java.SeleniumDriver] [  789] - Test case being Executed: 11
[INFO ][2015-11-05 15:28:09,675][com.java.SeleniumDriver] [  800] - Test step:34
[INFO ][2015-11-05 15:28:09,675][com.java.SeleniumDriver] [  812] - Datavalue is----------dt:NewUserName
[INFO ][2015-11-05 15:28:09,675][com.java.SeleniumDriver] [  836] - DataField : USR
[INFO ][2015-11-05 15:28:09,675][com.java.SeleniumDriver] [  838] - DataValue : dt:NewUserName
[INFO ][2015-11-05 15:28:09,675][com.java.SeleniumDriver] [  844] - <In Set values of the page>
[INFO ][2015-11-05 15:28:09,675][com.java.SeleniumDriver] [  847] - {Data Fields & Data Values Exist}
[INFO ][2015-11-05 15:28:09,675][com.java.SeleniumDriver] [  849] - --------------------------setting values-----------------------------
[INFO ][2015-11-05 15:28:09,675][com.java.SeleniumDriver] [  852] - Action Type : Verify
[INFO ][2015-11-05 15:28:09,675][com.java.TestType] [ 4906] - field= USR value= dt:NewUserName
[INFO ][2015-11-05 15:28:09,675][com.java.TestType] [ 3780] - value = vltest.robot
[INFO ][2015-11-05 15:28:09,735][com.java.SeleniumDriver] [  861] -  RESULT true
[INFO ][2015-11-05 15:28:09,735][com.java.SeleniumDriver] [ 1066] - ?   P A S S   ?
[INFO ][2015-11-05 15:28:09,735][com.java.SeleniumDriver] [  788] - ------------------------------------------
[INFO ][2015-11-05 15:28:09,735][com.java.SeleniumDriver] [  789] - Test case being Executed: 11
[INFO ][2015-11-05 15:28:09,735][com.java.SeleniumDriver] [  800] - Test step:35
[INFO ][2015-11-05 15:28:09,735][com.java.SeleniumDriver] [  812] - Datavalue is----------Login_username
[INFO ][2015-11-05 15:28:09,735][com.java.SeleniumDriver] [  836] - DataField : XPH//table[@id="tblUserListing"]//td[contains(text(),'vltest.robot')]
[INFO ][2015-11-05 15:28:09,735][com.java.SeleniumDriver] [  838] - DataValue : Login_username
[INFO ][2015-11-05 15:28:09,735][com.java.SeleniumDriver] [  844] - <In Set values of the page>
[INFO ][2015-11-05 15:28:09,735][com.java.SeleniumDriver] [  847] - {Data Fields & Data Values Exist}
[INFO ][2015-11-05 15:28:09,735][com.java.SeleniumDriver] [  849] - --------------------------setting values-----------------------------
[INFO ][2015-11-05 15:28:09,735][com.java.SeleniumDriver] [  852] - Action Type : STOREVALUE
[INFO ][2015-11-05 15:28:09,735][com.java.TestType] [ 5840] - field= XPH//table[@id="tblUserListing"]//td[contains(text(),'vltest.robot')]
[DEBUG][2015-11-05 15:28:09,835][com.java.TestType] [ 5892] - Key:: Login_username   Value:: vltest.robot.03890
[INFO ][2015-11-05 15:28:09,835][com.java.SeleniumDriver] [  861] -  RESULT true
[INFO ][2015-11-05 15:28:09,835][com.java.SeleniumDriver] [ 1066] - ?   P A S S   ?
[INFO ][2015-11-05 15:28:09,835][com.java.SeleniumDriver] [  788] - ------------------------------------------
[INFO ][2015-11-05 15:28:09,835][com.java.SeleniumDriver] [  789] - Test case being Executed: 11
[INFO ][2015-11-05 15:28:09,835][com.java.SeleniumDriver] [  800] - Test step:36
[INFO ][2015-11-05 15:28:09,835][com.java.SeleniumDriver] [  812] - Datavalue is----------null
[DEBUG][2015-11-05 15:28:09,835][com.java.SeleniumDriver] [  830] - Exception: null
[INFO ][2015-11-05 15:28:09,835][com.java.SeleniumDriver] [  836] - DataField : BTNparent
[INFO ][2015-11-05 15:28:09,835][com.java.SeleniumDriver] [  838] - DataValue : 
[INFO ][2015-11-05 15:28:09,835][com.java.SeleniumDriver] [  844] - <In Set values of the page>
[INFO ][2015-11-05 15:28:09,835][com.java.SeleniumDriver] [  847] - {Data Fields & Data Values Exist}
[INFO ][2015-11-05 15:28:09,835][com.java.SeleniumDriver] [  849] - --------------------------setting values-----------------------------
[INFO ][2015-11-05 15:28:09,835][com.java.SeleniumDriver] [  852] - Action Type : SelectFrame
[INFO ][2015-11-05 15:28:09,845][com.java.SeleniumDriver] [  861] -  RESULT true
[INFO ][2015-11-05 15:28:09,845][com.java.SeleniumDriver] [ 1066] - ?   P A S S   ?
[INFO ][2015-11-05 15:28:09,845][com.java.SeleniumDriver] [  788] - ------------------------------------------
[INFO ][2015-11-05 15:28:09,845][com.java.SeleniumDriver] [  789] - Test case being Executed: 11
[INFO ][2015-11-05 15:28:09,845][com.java.SeleniumDriver] [  800] - Test step:37
[INFO ][2015-11-05 15:28:09,845][com.java.SeleniumDriver] [  812] - Datavalue is----------null
[DEBUG][2015-11-05 15:28:09,845][com.java.SeleniumDriver] [  830] - Exception: null
[INFO ][2015-11-05 15:28:09,845][com.java.SeleniumDriver] [  836] - DataField : XPH//span[contains(text(), 'Finished')]
[INFO ][2015-11-05 15:28:09,845][com.java.SeleniumDriver] [  838] - DataValue : 
[INFO ][2015-11-05 15:28:09,845][com.java.SeleniumDriver] [  844] - <In Set values of the page>
[INFO ][2015-11-05 15:28:09,845][com.java.SeleniumDriver] [  847] - {Data Fields & Data Values Exist}
[INFO ][2015-11-05 15:28:09,845][com.java.SeleniumDriver] [  849] - --------------------------setting values-----------------------------
[INFO ][2015-11-05 15:28:09,845][com.java.SeleniumDriver] [  852] - Action Type : Click
[INFO ][2015-11-05 15:28:09,845][com.java.TestType] [ 4093] - Field ::XPH//span[contains(text(), 'Finished')]
[INFO ][2015-11-05 15:28:10,845][com.java.TestType] [ 4152] - BEFORE CLICK
[INFO ][2015-11-05 15:28:11,935][com.java.TestType] [ 4160] - Unable to click the object Finished button
[INFO ][2015-11-05 15:28:11,935][com.java.SeleniumDriver] [  861] -  RESULT true
[INFO ][2015-11-05 15:28:11,935][com.java.SeleniumDriver] [ 1066] - ?   P A S S   ?
[INFO ][2015-11-05 15:28:11,935][com.java.SeleniumDriver] [  788] - ------------------------------------------
[INFO ][2015-11-05 15:28:11,935][com.java.SeleniumDriver] [  789] - Test case being Executed: 11
[INFO ][2015-11-05 15:28:11,935][com.java.SeleniumDriver] [  800] - Test step:38
[INFO ][2015-11-05 15:28:11,935][com.java.SeleniumDriver] [  812] - Datavalue is----------Concept#3:1-2
[INFO ][2015-11-05 15:28:11,935][com.java.SeleniumDriver] [  836] - DataField : test
[INFO ][2015-11-05 15:28:11,935][com.java.SeleniumDriver] [  838] - DataValue : Concept#3:1-2
[INFO ][2015-11-05 15:28:11,935][com.java.SeleniumDriver] [  844] - <In Set values of the page>
[INFO ][2015-11-05 15:28:11,935][com.java.SeleniumDriver] [  847] - {Data Fields & Data Values Exist}
[INFO ][2015-11-05 15:28:11,935][com.java.SeleniumDriver] [  849] - --------------------------setting values-----------------------------
[INFO ][2015-11-05 15:28:11,935][com.java.SeleniumDriver] [  852] - Action Type : ExecuteTestCase
[INFO ][2015-11-05 15:28:11,935][com.java.TestType] [  414] - The Concept sheet name is ---------- Concept
[INFO ][2015-11-05 15:28:11,935][com.java.TestType] [  417] - The Concept ID  is ---------- 3
[DEBUG][2015-11-05 15:28:11,935][com.java.TestType] [  421] - Steps being executted in the Concept are: 1:2
[INFO ][2015-11-05 15:28:11,935][com.java.TestType] [  428] - Test data details path ---------- D:\BankersDashboard\TestInputs\TestData.xls
[INFO ][2015-11-05 15:28:12,476][com.java.TestType] [  459] -  str(1) = 3
[INFO ][2015-11-05 15:28:12,476][com.java.TestType] [  462] - Test case Id is---3
[INFO ][2015-11-05 15:28:12,476][com.java.TestType] [  464] - 3
[INFO ][2015-11-05 15:28:12,476][com.java.TestType] [  459] -  str(2) = 1
[INFO ][2015-11-05 15:28:12,476][com.java.TestType] [  511] - row values are--------{1=com.java.Objects.TestDataDetails@11033db}
[INFO ][2015-11-05 15:28:12,476][com.java.TestType] [  459] -  str(1) = 3
[INFO ][2015-11-05 15:28:12,476][com.java.TestType] [  462] - Test case Id is---3
[INFO ][2015-11-05 15:28:12,476][com.java.TestType] [  464] - 3
[INFO ][2015-11-05 15:28:12,476][com.java.TestType] [  459] -  str(2) = 2
[INFO ][2015-11-05 15:28:12,476][com.java.TestType] [  511] - row values are--------{1=com.java.Objects.TestDataDetails@11033db, 2=com.java.Objects.TestDataDetails@1a06d20}
[INFO ][2015-11-05 15:28:12,476][com.java.TestType] [ 7929] - Looping 1TCID = 3
[DEBUG][2015-11-05 15:28:12,476][com.java.TestType] [ 7970] - Concept ID:3 :: Step being Executed: 3::1
[INFO ][2015-11-05 15:28:12,476][com.java.TestType] [ 8008] - dataFields : test
[DEBUG][2015-11-05 15:28:12,476][com.java.TestType] [ 8014] - <In Set values of the page>
[DEBUG][2015-11-05 15:28:12,476][com.java.TestType] [ 8019] - {Data Fields & Data Values Exist}
[INFO ][2015-11-05 15:28:12,476][com.java.TestType] [ 8025] - --------------------------setting values-----------------------------
[INFO ][2015-11-05 15:28:12,476][com.java.TestType] [ 8028] - Action Type : Logout
[INFO ][2015-11-05 15:28:14,653][com.java.TestType] [ 4093] - Field ::CNF
[INFO ][2015-11-05 15:28:16,963][com.java.TestType] [ 4148] - Click the object confirmation
[INFO ][2015-11-05 15:28:16,963][com.java.TestType] [ 4149] - Unable to click the object confirmation
[DEBUG][2015-11-05 15:28:16,964][com.java.SeleniumDriver] [  425] - Hub ip address is-------172.17.68.34
[INFO ][2015-11-05 15:28:16,964][com.java.SeleniumDriver] [  451] - Grid URL:http://172.17.68.34:4444/wd/hub
[INFO ][2015-11-05 15:28:16,964][com.java.SeleniumDriver] [  452] - Capability:Capabilities [{platform=ANY, ensureCleanSession=true, ignoreProtectedModeSettings=true, acceptSslCerts=true, ignoreZoomSetting=true, browserName=internet explorer, browserstack.ie.noFlash=true, version=Node1}]
[ERROR][2015-11-05 15:28:17,979][com.java.SeleniumDriver] [  496] - Unable invoke browser in grid:Could not start a new session. Possible causes are invalid address of the remote server or browser start-up failure.
Build info: version: '2.48.2', revision: '41bccdd', time: '2015-10-09 19:59:12'
System info: host: 'FVTIII438F1D', ip: '172.17.68.34', os.name: 'Windows 7', os.arch: 'x86', os.version: '6.1', java.version: '1.7.0_55'
Driver info: driver.version: SeleniumDriver
[INFO ][2015-11-05 15:28:17,979][com.java.SeleniumDriver] [  498] - Executing on local machine
[INFO ][2015-11-05 15:28:27,039][com.java.TestType] [ 8047] -  RESULT true
[INFO ][2015-11-05 15:28:27,039][com.java.TestType] [ 8164] - ?   P A S S   ?
[DEBUG][2015-11-05 15:28:27,039][com.java.TestType] [ 7970] - Concept ID:3 :: Step being Executed: 3::2
[INFO ][2015-11-05 15:28:27,039][com.java.TestType] [ 8008] - dataFields : test
[DEBUG][2015-11-05 15:28:27,039][com.java.TestType] [ 8014] - <In Set values of the page>
[DEBUG][2015-11-05 15:28:27,039][com.java.TestType] [ 8019] - {Data Fields & Data Values Exist}
[INFO ][2015-11-05 15:28:27,039][com.java.TestType] [ 8025] - --------------------------setting values-----------------------------
[INFO ][2015-11-05 15:28:27,039][com.java.TestType] [ 8028] - Action Type : WaitTime
[DEBUG][2015-11-05 15:28:27,039][com.java.TestType] [ 3679] - sleepTime: 2000
[INFO ][2015-11-05 15:28:29,040][com.java.TestType] [ 8047] -  RESULT true
[INFO ][2015-11-05 15:28:29,040][com.java.TestType] [ 8164] - ?   P A S S   ?
[INFO ][2015-11-05 15:28:29,040][com.java.TestType] [ 8235] - Looping End......
[INFO ][2015-11-05 15:28:29,040][com.java.SeleniumDriver] [  861] -  RESULT true
[INFO ][2015-11-05 15:28:29,040][com.java.SeleniumDriver] [ 1066] - ?   P A S S   ?
[INFO ][2015-11-05 15:28:29,040][com.java.SeleniumDriver] [  788] - ------------------------------------------
[INFO ][2015-11-05 15:28:29,040][com.java.SeleniumDriver] [  789] - Test case being Executed: 11
[INFO ][2015-11-05 15:28:29,040][com.java.SeleniumDriver] [  800] - Test step:39
[INFO ][2015-11-05 15:28:29,040][com.java.SeleniumDriver] [  812] - Datavalue is----------HMVLogin_username
[INFO ][2015-11-05 15:28:29,040][com.java.SeleniumDriver] [  836] - DataField : TXTusername
[INFO ][2015-11-05 15:28:29,040][com.java.SeleniumDriver] [  838] - DataValue : HMVLogin_username
[INFO ][2015-11-05 15:28:29,040][com.java.SeleniumDriver] [  844] - <In Set values of the page>
[INFO ][2015-11-05 15:28:29,040][com.java.SeleniumDriver] [  847] - {Data Fields & Data Values Exist}
[INFO ][2015-11-05 15:28:29,040][com.java.SeleniumDriver] [  849] - --------------------------setting values-----------------------------
[INFO ][2015-11-05 15:28:29,040][com.java.SeleniumDriver] [  852] - Action Type : CLEARANDENTER
[INFO ][2015-11-05 15:28:29,040][com.java.TestType] [ 3780] - value = vltest.robot.03890
[INFO ][2015-11-05 15:28:33,893][com.java.SeleniumDriver] [  861] -  RESULT true
[INFO ][2015-11-05 15:28:33,893][com.java.SeleniumDriver] [ 1066] - ?   P A S S   ?
[INFO ][2015-11-05 15:28:33,893][com.java.SeleniumDriver] [  788] - ------------------------------------------
[INFO ][2015-11-05 15:28:33,893][com.java.SeleniumDriver] [  789] - Test case being Executed: 11
[INFO ][2015-11-05 15:28:33,893][com.java.SeleniumDriver] [  800] - Test step:40
[INFO ][2015-11-05 15:28:33,893][com.java.SeleniumDriver] [  812] - Datavalue is----------dt:NewUserPswd
[INFO ][2015-11-05 15:28:33,893][com.java.SeleniumDriver] [  836] - DataField : TXTpassword
[INFO ][2015-11-05 15:28:33,893][com.java.SeleniumDriver] [  838] - DataValue : dt:NewUserPswd
[INFO ][2015-11-05 15:28:33,893][com.java.SeleniumDriver] [  844] - <In Set values of the page>
[INFO ][2015-11-05 15:28:33,893][com.java.SeleniumDriver] [  847] - {Data Fields & Data Values Exist}
[INFO ][2015-11-05 15:28:33,893][com.java.SeleniumDriver] [  849] - --------------------------setting values-----------------------------
[INFO ][2015-11-05 15:28:33,893][com.java.SeleniumDriver] [  852] - Action Type : CLEARANDENTER
[INFO ][2015-11-05 15:28:33,893][com.java.TestType] [ 3780] - value = Password1*
[INFO ][2015-11-05 15:28:38,875][com.java.SeleniumDriver] [  861] -  RESULT true
[INFO ][2015-11-05 15:28:38,875][com.java.SeleniumDriver] [ 1066] - ?   P A S S   ?
[INFO ][2015-11-05 15:28:38,875][com.java.SeleniumDriver] [  788] - ------------------------------------------
[INFO ][2015-11-05 15:28:38,875][com.java.SeleniumDriver] [  789] - Test case being Executed: 11
[INFO ][2015-11-05 15:28:38,875][com.java.SeleniumDriver] [  800] - Test step:41
[INFO ][2015-11-05 15:28:38,875][com.java.SeleniumDriver] [  812] - Datavalue is----------null
[DEBUG][2015-11-05 15:28:38,875][com.java.SeleniumDriver] [  830] - Exception: null
[INFO ][2015-11-05 15:28:38,875][com.java.SeleniumDriver] [  836] - DataField : XPH//button[@type='submit']
[INFO ][2015-11-05 15:28:38,875][com.java.SeleniumDriver] [  838] - DataValue : 
[INFO ][2015-11-05 15:28:38,875][com.java.SeleniumDriver] [  844] - <In Set values of the page>
[INFO ][2015-11-05 15:28:38,875][com.java.SeleniumDriver] [  847] - {Data Fields & Data Values Exist}
[INFO ][2015-11-05 15:28:38,875][com.java.SeleniumDriver] [  849] - --------------------------setting values-----------------------------
[INFO ][2015-11-05 15:28:38,875][com.java.SeleniumDriver] [  852] - Action Type : Click
[INFO ][2015-11-05 15:28:38,875][com.java.TestType] [ 4093] - Field ::XPH//button[@type='submit']
[INFO ][2015-11-05 15:28:39,875][com.java.TestType] [ 4152] - BEFORE CLICK
[INFO ][2015-11-05 15:28:40,697][com.java.TestType] [ 4160] - Unable to click the object Login
[INFO ][2015-11-05 15:28:40,697][com.java.SeleniumDriver] [  861] -  RESULT true
[INFO ][2015-11-05 15:28:40,697][com.java.SeleniumDriver] [ 1066] - ?   P A S S   ?
[INFO ][2015-11-05 15:28:40,697][com.java.SeleniumDriver] [  788] - ------------------------------------------
[INFO ][2015-11-05 15:28:40,697][com.java.SeleniumDriver] [  789] - Test case being Executed: 11
[INFO ][2015-11-05 15:28:40,697][com.java.SeleniumDriver] [  800] - Test step:42
[INFO ][2015-11-05 15:28:40,697][com.java.SeleniumDriver] [  812] - Datavalue is----------null
[DEBUG][2015-11-05 15:28:40,697][com.java.SeleniumDriver] [  830] - Exception: null
[INFO ][2015-11-05 15:28:40,697][com.java.SeleniumDriver] [  836] - DataField : test
[INFO ][2015-11-05 15:28:40,697][com.java.SeleniumDriver] [  838] - DataValue : 
[INFO ][2015-11-05 15:28:40,697][com.java.SeleniumDriver] [  844] - <In Set values of the page>
[INFO ][2015-11-05 15:28:40,697][com.java.SeleniumDriver] [  847] - {Data Fields & Data Values Exist}
[INFO ][2015-11-05 15:28:40,697][com.java.SeleniumDriver] [  849] - --------------------------setting values-----------------------------
[INFO ][2015-11-05 15:28:40,697][com.java.SeleniumDriver] [  852] - Action Type : WaitTime
[DEBUG][2015-11-05 15:28:40,697][com.java.TestType] [ 3679] - sleepTime: 10000
[INFO ][2015-11-05 15:28:50,683][com.java.SeleniumDriver] [  861] -  RESULT true
[INFO ][2015-11-05 15:28:50,683][com.java.SeleniumDriver] [ 1066] - ?   P A S S   ?
[INFO ][2015-11-05 15:28:50,683][com.java.SeleniumDriver] [  788] - ------------------------------------------
[INFO ][2015-11-05 15:28:50,683][com.java.SeleniumDriver] [  789] - Test case being Executed: 11
[INFO ][2015-11-05 15:28:50,683][com.java.SeleniumDriver] [  800] - Test step:43
[INFO ][2015-11-05 15:28:50,683][com.java.SeleniumDriver] [  812] - Datavalue is----------Banker'sDashboard
[INFO ][2015-11-05 15:28:50,683][com.java.SeleniumDriver] [  836] - DataField : TTL
[INFO ][2015-11-05 15:28:50,683][com.java.SeleniumDriver] [  838] - DataValue : Banker'sDashboard
[INFO ][2015-11-05 15:28:50,683][com.java.SeleniumDriver] [  844] - <In Set values of the page>
[INFO ][2015-11-05 15:28:50,683][com.java.SeleniumDriver] [  847] - {Data Fields & Data Values Exist}
[INFO ][2015-11-05 15:28:50,683][com.java.SeleniumDriver] [  849] - --------------------------setting values-----------------------------
[INFO ][2015-11-05 15:28:50,683][com.java.SeleniumDriver] [  852] - Action Type : SelectWindow
[INFO ][2015-11-05 15:29:02,867][com.java.SeleniumDriver] [  861] -  RESULT true
[INFO ][2015-11-05 15:29:02,867][com.java.SeleniumDriver] [ 1066] - ?   P A S S   ?
[INFO ][2015-11-05 15:29:02,867][com.java.SeleniumDriver] [  788] - ------------------------------------------
[INFO ][2015-11-05 15:29:02,867][com.java.SeleniumDriver] [  789] - Test case being Executed: 11
[INFO ][2015-11-05 15:29:02,867][com.java.SeleniumDriver] [  800] - Test step:44
[INFO ][2015-11-05 15:29:02,867][com.java.SeleniumDriver] [  812] - Datavalue is----------20
[INFO ][2015-11-05 15:29:02,867][com.java.SeleniumDriver] [  836] - DataField : test
[INFO ][2015-11-05 15:29:02,867][com.java.SeleniumDriver] [  838] - DataValue : 20
[INFO ][2015-11-05 15:29:02,867][com.java.SeleniumDriver] [  844] - <In Set values of the page>
[INFO ][2015-11-05 15:29:02,867][com.java.SeleniumDriver] [  847] - {Data Fields & Data Values Exist}
[INFO ][2015-11-05 15:29:02,867][com.java.SeleniumDriver] [  849] - --------------------------setting values-----------------------------
[INFO ][2015-11-05 15:29:02,867][com.java.SeleniumDriver] [  852] - Action Type : WaitTime
[DEBUG][2015-11-05 15:29:02,867][com.java.TestType] [ 3679] - sleepTime: 20000
[INFO ][2015-11-05 15:29:22,868][com.java.SeleniumDriver] [  861] -  RESULT true
[INFO ][2015-11-05 15:29:22,868][com.java.SeleniumDriver] [ 1066] - ?   P A S S   ?
[INFO ][2015-11-05 15:29:22,868][com.java.SeleniumDriver] [  788] - ------------------------------------------
[INFO ][2015-11-05 15:29:22,868][com.java.SeleniumDriver] [  789] - Test case being Executed: 11
[INFO ][2015-11-05 15:29:22,868][com.java.SeleniumDriver] [  800] - Test step:45
[INFO ][2015-11-05 15:29:22,868][com.java.SeleniumDriver] [  812] - Datavalue is----------null
[DEBUG][2015-11-05 15:29:22,868][com.java.SeleniumDriver] [  830] - Exception: null
[INFO ][2015-11-05 15:29:22,868][com.java.SeleniumDriver] [  836] - DataField : //span[@class='icon-cog2']&&User Settings
[INFO ][2015-11-05 15:29:22,868][com.java.SeleniumDriver] [  838] - DataValue : 
[INFO ][2015-11-05 15:29:22,868][com.java.SeleniumDriver] [  844] - <In Set values of the page>
[INFO ][2015-11-05 15:29:22,868][com.java.SeleniumDriver] [  847] - {Data Fields & Data Values Exist}
[INFO ][2015-11-05 15:29:22,868][com.java.SeleniumDriver] [  849] - --------------------------setting values-----------------------------
[INFO ][2015-11-05 15:29:22,868][com.java.SeleniumDriver] [  852] - Action Type : MouseOver
[INFO ][2015-11-05 15:29:40,571][com.java.SeleniumDriver] [  861] -  RESULT true
[INFO ][2015-11-05 15:29:40,571][com.java.SeleniumDriver] [ 1066] - ?   P A S S   ?
[INFO ][2015-11-05 15:29:40,571][com.java.SeleniumDriver] [  788] - ------------------------------------------
[INFO ][2015-11-05 15:29:40,571][com.java.SeleniumDriver] [  789] - Test case being Executed: 11
[INFO ][2015-11-05 15:29:40,571][com.java.SeleniumDriver] [  800] - Test step:46
[INFO ][2015-11-05 15:29:40,571][com.java.SeleniumDriver] [  812] - Datavalue is----------null
[DEBUG][2015-11-05 15:29:40,571][com.java.SeleniumDriver] [  830] - Exception: null
[INFO ][2015-11-05 15:29:40,571][com.java.SeleniumDriver] [  836] - DataField : BTNframeDialogContent
[INFO ][2015-11-05 15:29:40,571][com.java.SeleniumDriver] [  838] - DataValue : 
[INFO ][2015-11-05 15:29:40,571][com.java.SeleniumDriver] [  844] - <In Set values of the page>
[INFO ][2015-11-05 15:29:40,571][com.java.SeleniumDriver] [  847] - {Data Fields & Data Values Exist}
[INFO ][2015-11-05 15:29:40,571][com.java.SeleniumDriver] [  849] - --------------------------setting values-----------------------------
[INFO ][2015-11-05 15:29:40,571][com.java.SeleniumDriver] [  852] - Action Type : WaitForElement
[INFO ][2015-11-05 15:29:41,762][com.java.SeleniumDriver] [  861] -  RESULT true
[INFO ][2015-11-05 15:29:41,762][com.java.SeleniumDriver] [ 1066] - ?   P A S S   ?
[INFO ][2015-11-05 15:29:41,762][com.java.SeleniumDriver] [  788] - ------------------------------------------
[INFO ][2015-11-05 15:29:41,762][com.java.SeleniumDriver] [  789] - Test case being Executed: 11
[INFO ][2015-11-05 15:29:41,762][com.java.SeleniumDriver] [  800] - Test step:47
[INFO ][2015-11-05 15:29:41,762][com.java.SeleniumDriver] [  812] - Datavalue is----------frameDialogContent
[INFO ][2015-11-05 15:29:41,762][com.java.SeleniumDriver] [  836] - DataField : BTN
[INFO ][2015-11-05 15:29:41,762][com.java.SeleniumDriver] [  838] - DataValue : frameDialogContent
[INFO ][2015-11-05 15:29:41,762][com.java.SeleniumDriver] [  844] - <In Set values of the page>
[INFO ][2015-11-05 15:29:41,762][com.java.SeleniumDriver] [  847] - {Data Fields & Data Values Exist}
[INFO ][2015-11-05 15:29:41,762][com.java.SeleniumDriver] [  849] - --------------------------setting values-----------------------------
[INFO ][2015-11-05 15:29:41,762][com.java.SeleniumDriver] [  852] - Action Type : SELECTFRAMEBYNAME
[INFO ][2015-11-05 15:29:41,762][com.java.TestType] [ 3780] - value = frameDialogContent
[INFO ][2015-11-05 15:29:41,843][com.java.SeleniumDriver] [  861] -  RESULT true
[INFO ][2015-11-05 15:29:41,843][com.java.SeleniumDriver] [ 1066] - ?   P A S S   ?
[INFO ][2015-11-05 15:29:41,843][com.java.SeleniumDriver] [  788] - ------------------------------------------
[INFO ][2015-11-05 15:29:41,843][com.java.SeleniumDriver] [  789] - Test case being Executed: 11
[INFO ][2015-11-05 15:29:41,843][com.java.SeleniumDriver] [  800] - Test step:48
[INFO ][2015-11-05 15:29:41,843][com.java.SeleniumDriver] [  812] - Datavalue is----------No
[INFO ][2015-11-05 15:29:41,843][com.java.SeleniumDriver] [  836] - DataField : SLBddlOpenBDInNewWindow
[INFO ][2015-11-05 15:29:41,843][com.java.SeleniumDriver] [  838] - DataValue : No
[INFO ][2015-11-05 15:29:41,843][com.java.SeleniumDriver] [  844] - <In Set values of the page>
[INFO ][2015-11-05 15:29:41,843][com.java.SeleniumDriver] [  847] - {Data Fields & Data Values Exist}
[INFO ][2015-11-05 15:29:41,843][com.java.SeleniumDriver] [  849] - --------------------------setting values-----------------------------
[INFO ][2015-11-05 15:29:41,843][com.java.SeleniumDriver] [  852] - Action Type : Select
[INFO ][2015-11-05 15:29:41,843][com.java.TestType] [ 3780] - value = No
[INFO ][2015-11-05 15:29:44,145][com.java.SeleniumDriver] [  861] -  RESULT true
[INFO ][2015-11-05 15:29:44,145][com.java.SeleniumDriver] [ 1066] - ?   P A S S   ?
[INFO ][2015-11-05 15:29:44,145][com.java.SeleniumDriver] [  788] - ------------------------------------------
[INFO ][2015-11-05 15:29:44,145][com.java.SeleniumDriver] [  789] - Test case being Executed: 11
[INFO ][2015-11-05 15:29:44,145][com.java.SeleniumDriver] [  800] - Test step:49
[INFO ][2015-11-05 15:29:44,145][com.java.SeleniumDriver] [  812] - Datavalue is----------null
[DEBUG][2015-11-05 15:29:44,145][com.java.SeleniumDriver] [  830] - Exception: null
[INFO ][2015-11-05 15:29:44,145][com.java.SeleniumDriver] [  836] - DataField : BTNparent
[INFO ][2015-11-05 15:29:44,145][com.java.SeleniumDriver] [  838] - DataValue : 
[INFO ][2015-11-05 15:29:44,145][com.java.SeleniumDriver] [  844] - <In Set values of the page>
[INFO ][2015-11-05 15:29:44,145][com.java.SeleniumDriver] [  847] - {Data Fields & Data Values Exist}
[INFO ][2015-11-05 15:29:44,145][com.java.SeleniumDriver] [  849] - --------------------------setting values-----------------------------
[INFO ][2015-11-05 15:29:44,145][com.java.SeleniumDriver] [  852] - Action Type : SELECTFRAME
[INFO ][2015-11-05 15:29:44,155][com.java.SeleniumDriver] [  861] -  RESULT true
[INFO ][2015-11-05 15:29:44,155][com.java.SeleniumDriver] [ 1066] - ?   P A S S   ?
[INFO ][2015-11-05 15:29:44,155][com.java.SeleniumDriver] [  788] - ------------------------------------------
[INFO ][2015-11-05 15:29:44,155][com.java.SeleniumDriver] [  789] - Test case being Executed: 11
[INFO ][2015-11-05 15:29:44,155][com.java.SeleniumDriver] [  800] - Test step:50
[INFO ][2015-11-05 15:29:44,155][com.java.SeleniumDriver] [  812] - Datavalue is----------null
[DEBUG][2015-11-05 15:29:44,155][com.java.SeleniumDriver] [  830] - Exception: null
[INFO ][2015-11-05 15:29:44,155][com.java.SeleniumDriver] [  836] - DataField : BTN//span[text()='Finished']
[INFO ][2015-11-05 15:29:44,155][com.java.SeleniumDriver] [  838] - DataValue : 
[INFO ][2015-11-05 15:29:44,155][com.java.SeleniumDriver] [  844] - <In Set values of the page>
[INFO ][2015-11-05 15:29:44,155][com.java.SeleniumDriver] [  847] - {Data Fields & Data Values Exist}
[INFO ][2015-11-05 15:29:44,155][com.java.SeleniumDriver] [  849] - --------------------------setting values-----------------------------
[INFO ][2015-11-05 15:29:44,155][com.java.SeleniumDriver] [  852] - Action Type : Click
[INFO ][2015-11-05 15:29:44,155][com.java.TestType] [ 4093] - Field ::BTN//span[text()='Finished']
[INFO ][2015-11-05 15:29:45,155][com.java.TestType] [ 4131] - BEFORE CLICK
[INFO ][2015-11-05 15:29:45,576][com.java.TestType] [ 4138] - Unable to click the object Finished button
[INFO ][2015-11-05 15:29:45,576][com.java.SeleniumDriver] [  861] -  RESULT true
[INFO ][2015-11-05 15:29:45,576][com.java.SeleniumDriver] [ 1066] - ?   P A S S   ?
[INFO ][2015-11-05 15:29:45,576][com.java.SeleniumDriver] [  788] - ------------------------------------------
[INFO ][2015-11-05 15:29:45,576][com.java.SeleniumDriver] [  789] - Test case being Executed: 11
[INFO ][2015-11-05 15:29:45,576][com.java.SeleniumDriver] [  800] - Test step:51
[INFO ][2015-11-05 15:29:45,576][com.java.SeleniumDriver] [  812] - Datavalue is----------Logout
[INFO ][2015-11-05 15:29:45,576][com.java.SeleniumDriver] [  836] - DataField : LNK
[INFO ][2015-11-05 15:29:45,576][com.java.SeleniumDriver] [  838] - DataValue : Logout
[INFO ][2015-11-05 15:29:45,576][com.java.SeleniumDriver] [  844] - <In Set values of the page>
[INFO ][2015-11-05 15:29:45,576][com.java.SeleniumDriver] [  847] - {Data Fields & Data Values Exist}
[INFO ][2015-11-05 15:29:45,576][com.java.SeleniumDriver] [  849] - --------------------------setting values-----------------------------
[INFO ][2015-11-05 15:29:45,576][com.java.SeleniumDriver] [  852] - Action Type : Verify
[INFO ][2015-11-05 15:29:45,576][com.java.TestType] [ 4906] - field= LNK value= Logout
[INFO ][2015-11-05 15:29:45,576][com.java.TestType] [ 3780] - value = Logout
[INFO ][2015-11-05 15:29:45,636][com.java.SeleniumDriver] [  861] -  RESULT true
[INFO ][2015-11-05 15:29:45,636][com.java.SeleniumDriver] [ 1066] - ?   P A S S   ?
[INFO ][2015-11-05 15:29:45,636][com.java.SeleniumDriver] [  788] - ------------------------------------------
[INFO ][2015-11-05 15:29:45,636][com.java.SeleniumDriver] [  789] - Test case being Executed: 11
[INFO ][2015-11-05 15:29:45,636][com.java.SeleniumDriver] [  800] - Test step:52
[INFO ][2015-11-05 15:29:45,636][com.java.SeleniumDriver] [  812] - Datavalue is----------//img[contains(@src,'bdlogo.jpg')]
[INFO ][2015-11-05 15:29:45,636][com.java.SeleniumDriver] [  836] - DataField : BTN
[INFO ][2015-11-05 15:29:45,636][com.java.SeleniumDriver] [  838] - DataValue : //img[contains(@src,'bdlogo.jpg')]
[INFO ][2015-11-05 15:29:45,636][com.java.SeleniumDriver] [  844] - <In Set values of the page>
[INFO ][2015-11-05 15:29:45,636][com.java.SeleniumDriver] [  847] - {Data Fields & Data Values Exist}
[INFO ][2015-11-05 15:29:45,636][com.java.SeleniumDriver] [  849] - --------------------------setting values-----------------------------
[INFO ][2015-11-05 15:29:45,636][com.java.SeleniumDriver] [  852] - Action Type : Verify
[INFO ][2015-11-05 15:29:45,636][com.java.TestType] [ 4906] - field= BTN value= //img[contains(@src,'bdlogo.jpg')]
[INFO ][2015-11-05 15:29:45,636][com.java.TestType] [ 3780] - value = //img[contains(@src,'bdlogo.jpg')]
[INFO ][2015-11-05 15:29:45,716][com.java.SeleniumDriver] [  861] -  RESULT true
[INFO ][2015-11-05 15:29:45,716][com.java.SeleniumDriver] [ 1066] - ?   P A S S   ?
[INFO ][2015-11-05 15:29:45,716][com.java.SeleniumDriver] [  788] - ------------------------------------------
[INFO ][2015-11-05 15:29:45,716][com.java.SeleniumDriver] [  789] - Test case being Executed: 11
[INFO ][2015-11-05 15:29:45,716][com.java.SeleniumDriver] [  800] - Test step:53
[INFO ][2015-11-05 15:29:45,716][com.java.SeleniumDriver] [  812] - Datavalue is----------null
[DEBUG][2015-11-05 15:29:45,716][com.java.SeleniumDriver] [  830] - Exception: null
[INFO ][2015-11-05 15:29:45,716][com.java.SeleniumDriver] [  836] - DataField : null
[INFO ][2015-11-05 15:29:45,716][com.java.SeleniumDriver] [  838] - DataValue : 
[INFO ][2015-11-05 15:29:45,716][com.java.SeleniumDriver] [  844] - <In Set values of the page>
[INFO ][2015-11-05 15:29:45,716][com.java.SeleniumDriver] [  847] - {Data Fields & Data Values Exist}
[INFO ][2015-11-05 15:29:45,716][com.java.SeleniumDriver] [  849] - --------------------------setting values-----------------------------
[INFO ][2015-11-05 15:29:45,716][com.java.SeleniumDriver] [  852] - Action Type : OPENNEWBROWSER
[DEBUG][2015-11-05 15:30:41,497][com.java.SeleniumDriver] [  425] - Hub ip address is-------172.17.68.34
[INFO ][2015-11-05 15:30:55,327][com.java.SeleniumDriver] [  451] - Grid URL:http://172.17.68.34:4444/wd/hub
[INFO ][2015-11-05 15:30:57,937][com.java.SeleniumDriver] [  452] - Capability:Capabilities [{platform=ANY, ensureCleanSession=true, ignoreProtectedModeSettings=true, acceptSslCerts=true, ignoreZoomSetting=true, browserName=internet explorer, browserstack.ie.noFlash=true, version=Node1}]
[ERROR][2015-11-05 15:31:03,067][com.java.SeleniumDriver] [  496] - Unable invoke browser in grid:Could not start a new session. Possible causes are invalid address of the remote server or browser start-up failure.
Build info: version: '2.48.2', revision: '41bccdd', time: '2015-10-09 19:59:12'
System info: host: 'FVTIII438F1D', ip: '172.17.68.34', os.name: 'Windows 7', os.arch: 'x86', os.version: '6.1', java.version: '1.7.0_55'
Driver info: driver.version: SeleniumDriver
[INFO ][2015-11-05 15:31:06,268][com.java.SeleniumDriver] [  498] - Executing on local machine
