[INFO ][2015-12-04 17:10:35,189][com.java.SeleniumDriver] [  213] - Execute Failed Casesfalse
[INFO ][2015-12-04 17:10:35,189][com.java.SeleniumDriver] [  214] - Browser: IE10
[INFO ][2015-12-04 17:10:35,189][com.java.SeleniumDriver] [  215] - [1, 7]
[INFO ][2015-12-04 17:10:35,189][com.java.SeleniumDriver] [  216] - Total TestCases:2
[INFO ][2015-12-04 17:10:35,189][com.java.SeleniumDriver] [  217] -  Reading Properties from Property File 
[DEBUG][2015-12-04 17:10:35,189][com.java.SeleniumDriver] [  238] - url : https://clients-xuat.bankersdashboard.com
[INFO ][2015-12-04 17:10:35,199][com.java.ImportnExport.ExportTestResultsExcel] [  116] - Time Stamp Fri Dec 04 05:10:35 IST 2015
[INFO ][2015-12-04 17:10:35,199][com.java.ImportnExport.ExportTestResultsExcel] [  175] - OUT FILE : D:\BankersDashboard/TestReports/Test Results_BankersDashBoard_120415_171035_IE10_Any Bank USA.xls
[INFO ][2015-12-04 17:10:35,230][com.java.ImportnExport.ExportTestResultsExcel] [  180] - Test Result file is created
[DEBUG][2015-12-04 17:10:35,320][com.java.SeleniumDriver] [  426] - Hub ip address is-------172.17.68.34
[INFO ][2015-12-04 17:10:35,320][com.java.SeleniumDriver] [  452] - Grid URL:http://172.17.68.34:4444/wd/hub
[INFO ][2015-12-04 17:10:35,320][com.java.SeleniumDriver] [  453] - Capability:Capabilities [{platform=ANY, ensureCleanSession=true, ignoreProtectedModeSettings=true, acceptSslCerts=true, ignoreZoomSetting=true, browserName=internet explorer, browserstack.ie.noFlash=true, version=null}]
[ERROR][2015-12-04 17:10:36,710][com.java.SeleniumDriver] [  497] - Unable invoke browser in grid:Could not start a new session. Possible causes are invalid address of the remote server or browser start-up failure.
Build info: version: '2.48.2', revision: '41bccdd', time: '2015-10-09 19:59:12'
System info: host: 'FVTIII438F1D', ip: '172.17.68.34', os.name: 'Windows 7', os.arch: 'x86', os.version: '6.1', java.version: '1.7.0_55'
Driver info: driver.version: SeleniumDriver
[INFO ][2015-12-04 17:10:36,710][com.java.SeleniumDriver] [  499] - Executing on local machine
[INFO ][2015-12-04 17:10:47,129][com.java.SeleniumDriver] [  248] - IE10is opened
[INFO ][2015-12-04 17:10:48,444][com.java.SeleniumDriver] [  754] - Test cases to be executed are: [1, 7]
[INFO ][2015-12-04 17:10:48,486][com.java.ImportnExport.ImportTestDataDetailsExcel] [   49] - test data details path===== D:\BankersDashboard\TestInputs\TestData.xls
[INFO ][2015-12-04 17:10:48,526][com.java.SeleniumDriver] [  804] - ------------------------------------------
[INFO ][2015-12-04 17:10:48,526][com.java.SeleniumDriver] [  805] - Test case being Executed: 1
[INFO ][2015-12-04 17:10:48,526][com.java.SeleniumDriver] [  816] - Test step:1
[INFO ][2015-12-04 17:10:48,526][com.java.SeleniumDriver] [  828] - Datavalue is----------Concept#1:1-14
[INFO ][2015-12-04 17:10:48,526][com.java.SeleniumDriver] [  852] - DataField : test
[INFO ][2015-12-04 17:10:48,526][com.java.SeleniumDriver] [  854] - DataValue : Concept#1:1-14
[INFO ][2015-12-04 17:10:48,526][com.java.SeleniumDriver] [  860] - <In Set values of the page>
[INFO ][2015-12-04 17:10:48,526][com.java.SeleniumDriver] [  863] - {Data Fields & Data Values Exist}
[INFO ][2015-12-04 17:10:48,526][com.java.SeleniumDriver] [  865] - --------------------------setting values-----------------------------
[INFO ][2015-12-04 17:10:48,526][com.java.SeleniumDriver] [  868] - Action Type : ExecuteTestCase
[INFO ][2015-12-04 17:10:48,586][com.java.TestType] [  436] - The Concept sheet name is ---------- Concept
[INFO ][2015-12-04 17:10:48,586][com.java.TestType] [  439] - The Concept ID  is ---------- 1
[DEBUG][2015-12-04 17:10:48,596][com.java.TestType] [  443] - Steps being executted in the Concept are: 1:14
[INFO ][2015-12-04 17:10:48,596][com.java.TestType] [  450] - Test data details path ---------- D:\BankersDashboard\TestInputs\TestData.xls
[INFO ][2015-12-04 17:10:48,616][com.java.TestType] [  481] -  str(1) = 1
[INFO ][2015-12-04 17:10:48,616][com.java.TestType] [  484] - Test case Id is---1
[INFO ][2015-12-04 17:10:48,616][com.java.TestType] [  486] - 1
[INFO ][2015-12-04 17:10:48,616][com.java.TestType] [  481] -  str(2) = 1
[INFO ][2015-12-04 17:10:48,616][com.java.TestType] [  533] - row values are--------{1=com.java.Objects.TestDataDetails@1cf9e7f}
[INFO ][2015-12-04 17:10:48,616][com.java.TestType] [  481] -  str(1) = 1
[INFO ][2015-12-04 17:10:48,616][com.java.TestType] [  484] - Test case Id is---1
[INFO ][2015-12-04 17:10:48,616][com.java.TestType] [  486] - 1
[INFO ][2015-12-04 17:10:48,616][com.java.TestType] [  481] -  str(2) = 2
[INFO ][2015-12-04 17:10:48,616][com.java.TestType] [  533] - row values are--------{1=com.java.Objects.TestDataDetails@1cf9e7f, 2=com.java.Objects.TestDataDetails@6d6a3f}
[INFO ][2015-12-04 17:10:48,616][com.java.TestType] [  481] -  str(1) = 1
[INFO ][2015-12-04 17:10:48,616][com.java.TestType] [  484] - Test case Id is---1
[INFO ][2015-12-04 17:10:48,616][com.java.TestType] [  486] - 1
[INFO ][2015-12-04 17:10:48,616][com.java.TestType] [  481] -  str(2) = 3
[INFO ][2015-12-04 17:10:48,626][com.java.TestType] [  533] - row values are--------{1=com.java.Objects.TestDataDetails@1cf9e7f, 2=com.java.Objects.TestDataDetails@6d6a3f, 3=com.java.Objects.TestDataDetails@3e0909}
[INFO ][2015-12-04 17:10:48,626][com.java.TestType] [  481] -  str(1) = 1
[INFO ][2015-12-04 17:10:48,626][com.java.TestType] [  484] - Test case Id is---1
[INFO ][2015-12-04 17:10:48,626][com.java.TestType] [  486] - 1
[INFO ][2015-12-04 17:10:48,626][com.java.TestType] [  481] -  str(2) = 4
[INFO ][2015-12-04 17:10:48,626][com.java.TestType] [  533] - row values are--------{1=com.java.Objects.TestDataDetails@1cf9e7f, 2=com.java.Objects.TestDataDetails@6d6a3f, 3=com.java.Objects.TestDataDetails@3e0909, 4=com.java.Objects.TestDataDetails@1ed29ad}
[INFO ][2015-12-04 17:10:48,626][com.java.TestType] [  481] -  str(1) = 1
[INFO ][2015-12-04 17:10:48,626][com.java.TestType] [  484] - Test case Id is---1
[INFO ][2015-12-04 17:10:48,626][com.java.TestType] [  486] - 1
[INFO ][2015-12-04 17:10:48,626][com.java.TestType] [  481] -  str(2) = 5
[INFO ][2015-12-04 17:10:48,626][com.java.TestType] [  533] - row values are--------{1=com.java.Objects.TestDataDetails@1cf9e7f, 2=com.java.Objects.TestDataDetails@6d6a3f, 3=com.java.Objects.TestDataDetails@3e0909, 4=com.java.Objects.TestDataDetails@1ed29ad, 5=com.java.Objects.TestDataDetails@53c1d4}
[INFO ][2015-12-04 17:10:48,626][com.java.TestType] [  481] -  str(1) = 1
[INFO ][2015-12-04 17:10:48,626][com.java.TestType] [  484] - Test case Id is---1
[INFO ][2015-12-04 17:10:48,626][com.java.TestType] [  486] - 1
[INFO ][2015-12-04 17:10:48,626][com.java.TestType] [  481] -  str(2) = 6
[INFO ][2015-12-04 17:10:48,626][com.java.TestType] [  533] - row values are--------{1=com.java.Objects.TestDataDetails@1cf9e7f, 2=com.java.Objects.TestDataDetails@6d6a3f, 3=com.java.Objects.TestDataDetails@3e0909, 4=com.java.Objects.TestDataDetails@1ed29ad, 5=com.java.Objects.TestDataDetails@53c1d4, 6=com.java.Objects.TestDataDetails@9c79d4}
[INFO ][2015-12-04 17:10:48,626][com.java.TestType] [  481] -  str(1) = 1
[INFO ][2015-12-04 17:10:48,626][com.java.TestType] [  484] - Test case Id is---1
[INFO ][2015-12-04 17:10:48,626][com.java.TestType] [  486] - 1
[INFO ][2015-12-04 17:10:48,626][com.java.TestType] [  481] -  str(2) = 7
[INFO ][2015-12-04 17:10:48,626][com.java.TestType] [  533] - row values are--------{1=com.java.Objects.TestDataDetails@1cf9e7f, 2=com.java.Objects.TestDataDetails@6d6a3f, 3=com.java.Objects.TestDataDetails@3e0909, 4=com.java.Objects.TestDataDetails@1ed29ad, 5=com.java.Objects.TestDataDetails@53c1d4, 6=com.java.Objects.TestDataDetails@9c79d4, 7=com.java.Objects.TestDataDetails@9c4164}
[INFO ][2015-12-04 17:10:48,626][com.java.TestType] [  481] -  str(1) = 1
[INFO ][2015-12-04 17:10:48,626][com.java.TestType] [  484] - Test case Id is---1
[INFO ][2015-12-04 17:10:48,626][com.java.TestType] [  486] - 1
[INFO ][2015-12-04 17:10:48,626][com.java.TestType] [  481] -  str(2) = 8
[INFO ][2015-12-04 17:10:48,626][com.java.TestType] [  533] - row values are--------{1=com.java.Objects.TestDataDetails@1cf9e7f, 2=com.java.Objects.TestDataDetails@6d6a3f, 3=com.java.Objects.TestDataDetails@3e0909, 4=com.java.Objects.TestDataDetails@1ed29ad, 5=com.java.Objects.TestDataDetails@53c1d4, 6=com.java.Objects.TestDataDetails@9c79d4, 7=com.java.Objects.TestDataDetails@9c4164, 8=com.java.Objects.TestDataDetails@1110fca}
[INFO ][2015-12-04 17:10:48,626][com.java.TestType] [  481] -  str(1) = 1
[INFO ][2015-12-04 17:10:48,626][com.java.TestType] [  484] - Test case Id is---1
[INFO ][2015-12-04 17:10:48,626][com.java.TestType] [  486] - 1
[INFO ][2015-12-04 17:10:48,626][com.java.TestType] [  481] -  str(2) = 9
[INFO ][2015-12-04 17:10:48,626][com.java.TestType] [  533] - row values are--------{1=com.java.Objects.TestDataDetails@1cf9e7f, 2=com.java.Objects.TestDataDetails@6d6a3f, 3=com.java.Objects.TestDataDetails@3e0909, 4=com.java.Objects.TestDataDetails@1ed29ad, 5=com.java.Objects.TestDataDetails@53c1d4, 6=com.java.Objects.TestDataDetails@9c79d4, 7=com.java.Objects.TestDataDetails@9c4164, 8=com.java.Objects.TestDataDetails@1110fca, 9=com.java.Objects.TestDataDetails@a1c81e}
[INFO ][2015-12-04 17:10:48,626][com.java.TestType] [  481] -  str(1) = 1
[INFO ][2015-12-04 17:10:48,626][com.java.TestType] [  484] - Test case Id is---1
[INFO ][2015-12-04 17:10:48,626][com.java.TestType] [  486] - 1
[INFO ][2015-12-04 17:10:48,626][com.java.TestType] [  481] -  str(2) = 10
[INFO ][2015-12-04 17:10:48,636][com.java.TestType] [  533] - row values are--------{1=com.java.Objects.TestDataDetails@1cf9e7f, 2=com.java.Objects.TestDataDetails@6d6a3f, 3=com.java.Objects.TestDataDetails@3e0909, 4=com.java.Objects.TestDataDetails@1ed29ad, 5=com.java.Objects.TestDataDetails@53c1d4, 6=com.java.Objects.TestDataDetails@9c79d4, 7=com.java.Objects.TestDataDetails@9c4164, 8=com.java.Objects.TestDataDetails@1110fca, 9=com.java.Objects.TestDataDetails@a1c81e, 10=com.java.Objects.TestDataDetails@156b4b}
[INFO ][2015-12-04 17:10:48,636][com.java.TestType] [  481] -  str(1) = 1
[INFO ][2015-12-04 17:10:48,636][com.java.TestType] [  484] - Test case Id is---1
[INFO ][2015-12-04 17:10:48,636][com.java.TestType] [  486] - 1
[INFO ][2015-12-04 17:10:48,636][com.java.TestType] [  481] -  str(2) = 11
[INFO ][2015-12-04 17:10:48,636][com.java.TestType] [  533] - row values are--------{1=com.java.Objects.TestDataDetails@1cf9e7f, 2=com.java.Objects.TestDataDetails@6d6a3f, 3=com.java.Objects.TestDataDetails@3e0909, 4=com.java.Objects.TestDataDetails@1ed29ad, 5=com.java.Objects.TestDataDetails@53c1d4, 6=com.java.Objects.TestDataDetails@9c79d4, 7=com.java.Objects.TestDataDetails@9c4164, 8=com.java.Objects.TestDataDetails@1110fca, 9=com.java.Objects.TestDataDetails@a1c81e, 10=com.java.Objects.TestDataDetails@156b4b, 11=com.java.Objects.TestDataDetails@84731c}
[INFO ][2015-12-04 17:10:48,636][com.java.TestType] [  481] -  str(1) = 1
[INFO ][2015-12-04 17:10:48,636][com.java.TestType] [  484] - Test case Id is---1
[INFO ][2015-12-04 17:10:48,636][com.java.TestType] [  486] - 1
[INFO ][2015-12-04 17:10:48,636][com.java.TestType] [  481] -  str(2) = 12
[INFO ][2015-12-04 17:10:48,636][com.java.TestType] [  533] - row values are--------{1=com.java.Objects.TestDataDetails@1cf9e7f, 2=com.java.Objects.TestDataDetails@6d6a3f, 3=com.java.Objects.TestDataDetails@3e0909, 4=com.java.Objects.TestDataDetails@1ed29ad, 5=com.java.Objects.TestDataDetails@53c1d4, 6=com.java.Objects.TestDataDetails@9c79d4, 7=com.java.Objects.TestDataDetails@9c4164, 8=com.java.Objects.TestDataDetails@1110fca, 9=com.java.Objects.TestDataDetails@a1c81e, 10=com.java.Objects.TestDataDetails@156b4b, 11=com.java.Objects.TestDataDetails@84731c, 12=com.java.Objects.TestDataDetails@1b17d6}
[INFO ][2015-12-04 17:10:48,636][com.java.TestType] [  481] -  str(1) = 1
[INFO ][2015-12-04 17:10:48,636][com.java.TestType] [  484] - Test case Id is---1
[INFO ][2015-12-04 17:10:48,636][com.java.TestType] [  486] - 1
[INFO ][2015-12-04 17:10:48,636][com.java.TestType] [  481] -  str(2) = 13
[INFO ][2015-12-04 17:10:48,636][com.java.TestType] [  533] - row values are--------{1=com.java.Objects.TestDataDetails@1cf9e7f, 2=com.java.Objects.TestDataDetails@6d6a3f, 3=com.java.Objects.TestDataDetails@3e0909, 4=com.java.Objects.TestDataDetails@1ed29ad, 5=com.java.Objects.TestDataDetails@53c1d4, 6=com.java.Objects.TestDataDetails@9c79d4, 7=com.java.Objects.TestDataDetails@9c4164, 8=com.java.Objects.TestDataDetails@1110fca, 9=com.java.Objects.TestDataDetails@a1c81e, 10=com.java.Objects.TestDataDetails@156b4b, 11=com.java.Objects.TestDataDetails@84731c, 12=com.java.Objects.TestDataDetails@1b17d6, 13=com.java.Objects.TestDataDetails@141bd3}
[INFO ][2015-12-04 17:10:48,636][com.java.TestType] [  481] -  str(1) = 1
[INFO ][2015-12-04 17:10:48,636][com.java.TestType] [  484] - Test case Id is---1
[INFO ][2015-12-04 17:10:48,636][com.java.TestType] [  486] - 1
[INFO ][2015-12-04 17:10:48,636][com.java.TestType] [  481] -  str(2) = 14
[INFO ][2015-12-04 17:10:48,636][com.java.TestType] [  533] - row values are--------{1=com.java.Objects.TestDataDetails@1cf9e7f, 2=com.java.Objects.TestDataDetails@6d6a3f, 3=com.java.Objects.TestDataDetails@3e0909, 4=com.java.Objects.TestDataDetails@1ed29ad, 5=com.java.Objects.TestDataDetails@53c1d4, 6=com.java.Objects.TestDataDetails@9c79d4, 7=com.java.Objects.TestDataDetails@9c4164, 8=com.java.Objects.TestDataDetails@1110fca, 9=com.java.Objects.TestDataDetails@a1c81e, 10=com.java.Objects.TestDataDetails@156b4b, 11=com.java.Objects.TestDataDetails@84731c, 12=com.java.Objects.TestDataDetails@1b17d6, 13=com.java.Objects.TestDataDetails@141bd3, 14=com.java.Objects.TestDataDetails@d7ad74}
[INFO ][2015-12-04 17:10:48,636][com.java.TestType] [ 9916] - Looping 1TCID = 1
[DEBUG][2015-12-04 17:10:48,636][com.java.TestType] [ 9957] - Concept ID:1 :: Step being Executed: 1::1
[INFO ][2015-12-04 17:10:48,636][com.java.TestType] [ 9995] - dataFields : TXTusername
[DEBUG][2015-12-04 17:10:48,636][com.java.TestType] [10001] - <In Set values of the page>
[DEBUG][2015-12-04 17:10:48,636][com.java.TestType] [10006] - {Data Fields & Data Values Exist}
[INFO ][2015-12-04 17:10:48,636][com.java.TestType] [10012] - --------------------------setting values-----------------------------
[INFO ][2015-12-04 17:10:48,636][com.java.TestType] [10015] - Action Type : CLEARANDENTER
[INFO ][2015-12-04 17:10:48,636][com.java.TestType] [ 5417] - value = naresh.nayini.00000
[INFO ][2015-12-04 17:10:53,468][com.java.TestType] [10034] -  RESULT true
[INFO ][2015-12-04 17:10:53,468][com.java.TestType] [10151] - ?   P A S S   ?
[DEBUG][2015-12-04 17:10:53,468][com.java.TestType] [ 9957] - Concept ID:1 :: Step being Executed: 1::2
[INFO ][2015-12-04 17:10:53,468][com.java.TestType] [ 9995] - dataFields : TXTpassword
[DEBUG][2015-12-04 17:10:53,468][com.java.TestType] [10001] - <In Set values of the page>
[DEBUG][2015-12-04 17:10:53,468][com.java.TestType] [10006] - {Data Fields & Data Values Exist}
[INFO ][2015-12-04 17:10:53,468][com.java.TestType] [10012] - --------------------------setting values-----------------------------
[INFO ][2015-12-04 17:10:53,468][com.java.TestType] [10015] - Action Type : CLEARANDENTER
[INFO ][2015-12-04 17:10:53,468][com.java.TestType] [ 5417] - value = Password1*
[INFO ][2015-12-04 17:10:58,405][com.java.TestType] [10034] -  RESULT true
[INFO ][2015-12-04 17:10:58,405][com.java.TestType] [10151] - ?   P A S S   ?
[DEBUG][2015-12-04 17:10:58,405][com.java.TestType] [ 9957] - Concept ID:1 :: Step being Executed: 1::3
[ERROR][2015-12-04 17:10:58,405][com.java.TestType] [ 9990] - Exception: null
[INFO ][2015-12-04 17:10:58,405][com.java.TestType] [ 9995] - dataFields : XPH//button[@type='submit']
[DEBUG][2015-12-04 17:10:58,405][com.java.TestType] [10001] - <In Set values of the page>
[DEBUG][2015-12-04 17:10:58,405][com.java.TestType] [10006] - {Data Fields & Data Values Exist}
[INFO ][2015-12-04 17:10:58,405][com.java.TestType] [10012] - --------------------------setting values-----------------------------
[INFO ][2015-12-04 17:10:58,405][com.java.TestType] [10015] - Action Type : Click
[INFO ][2015-12-04 17:10:58,405][com.java.TestType] [ 5745] - Field ::XPH//button[@type='submit']
[INFO ][2015-12-04 17:10:59,405][com.java.TestType] [ 5832] - BEFORE CLICK
[INFO ][2015-12-04 17:11:00,287][com.java.TestType] [ 5840] - Unable to click the object Login
[INFO ][2015-12-04 17:11:00,287][com.java.TestType] [10034] -  RESULT true
[INFO ][2015-12-04 17:11:00,287][com.java.TestType] [10151] - ?   P A S S   ?
[DEBUG][2015-12-04 17:11:00,287][com.java.TestType] [ 9957] - Concept ID:1 :: Step being Executed: 1::4
[INFO ][2015-12-04 17:11:00,287][com.java.TestType] [ 9995] - dataFields : LNKLogout
[DEBUG][2015-12-04 17:11:00,287][com.java.TestType] [10001] - <In Set values of the page>
[DEBUG][2015-12-04 17:11:00,287][com.java.TestType] [10006] - {Data Fields & Data Values Exist}
[INFO ][2015-12-04 17:11:00,287][com.java.TestType] [10012] - --------------------------setting values-----------------------------
[INFO ][2015-12-04 17:11:00,287][com.java.TestType] [10015] - Action Type : WaitForElement
[INFO ][2015-12-04 17:11:03,613][com.java.TestType] [10034] -  RESULT true
[INFO ][2015-12-04 17:11:03,613][com.java.TestType] [10151] - ?   P A S S   ?
[DEBUG][2015-12-04 17:11:03,613][com.java.TestType] [ 9957] - Concept ID:1 :: Step being Executed: 1::13
[INFO ][2015-12-04 17:11:03,613][com.java.TestType] [ 9995] - dataFields : LNK
[DEBUG][2015-12-04 17:11:03,613][com.java.TestType] [10001] - <In Set values of the page>
[DEBUG][2015-12-04 17:11:03,613][com.java.TestType] [10006] - {Data Fields & Data Values Exist}
[INFO ][2015-12-04 17:11:03,613][com.java.TestType] [10012] - --------------------------setting values-----------------------------
[INFO ][2015-12-04 17:11:03,613][com.java.TestType] [10015] - Action Type : Verify
[INFO ][2015-12-04 17:11:03,613][com.java.TestType] [ 6608] - field= LNK value= Logout
[INFO ][2015-12-04 17:11:03,614][com.java.TestType] [ 5417] - value = Logout
[INFO ][2015-12-04 17:11:03,694][com.java.TestType] [10034] -  RESULT true
[INFO ][2015-12-04 17:11:03,694][com.java.TestType] [10151] - ?   P A S S   ?
[DEBUG][2015-12-04 17:11:03,694][com.java.TestType] [ 9957] - Concept ID:1 :: Step being Executed: 1::14
[INFO ][2015-12-04 17:11:03,694][com.java.TestType] [ 9995] - dataFields : BTN
[DEBUG][2015-12-04 17:11:03,694][com.java.TestType] [10001] - <In Set values of the page>
[DEBUG][2015-12-04 17:11:03,694][com.java.TestType] [10006] - {Data Fields & Data Values Exist}
[INFO ][2015-12-04 17:11:03,694][com.java.TestType] [10012] - --------------------------setting values-----------------------------
[INFO ][2015-12-04 17:11:03,694][com.java.TestType] [10015] - Action Type : Verify
[INFO ][2015-12-04 17:11:03,694][com.java.TestType] [ 6608] - field= BTN value= //img[contains(@src,'bdlogo.jpg')]
[INFO ][2015-12-04 17:11:03,694][com.java.TestType] [ 5417] - value = //img[contains(@src,'bdlogo.jpg')]
[INFO ][2015-12-04 17:11:03,764][com.java.TestType] [10034] -  RESULT true
[INFO ][2015-12-04 17:11:03,764][com.java.TestType] [10151] - ?   P A S S   ?
[INFO ][2015-12-04 17:11:03,764][com.java.TestType] [10222] - Looping End......
[INFO ][2015-12-04 17:11:03,764][com.java.SeleniumDriver] [  877] -  RESULT true
[INFO ][2015-12-04 17:11:03,764][com.java.SeleniumDriver] [ 1083] - ?   P A S S   ?
[INFO ][2015-12-04 17:11:03,764][com.java.SeleniumDriver] [  804] - ------------------------------------------
[INFO ][2015-12-04 17:11:03,764][com.java.SeleniumDriver] [  805] - Test case being Executed: 1
[INFO ][2015-12-04 17:11:03,764][com.java.SeleniumDriver] [  816] - Test step:2
[INFO ][2015-12-04 17:11:03,764][com.java.SeleniumDriver] [  828] - Datavalue is----------Concept#2:1-2
[INFO ][2015-12-04 17:11:03,764][com.java.SeleniumDriver] [  852] - DataField : test
[INFO ][2015-12-04 17:11:03,764][com.java.SeleniumDriver] [  854] - DataValue : Concept#2:1-2
[INFO ][2015-12-04 17:11:03,764][com.java.SeleniumDriver] [  860] - <In Set values of the page>
[INFO ][2015-12-04 17:11:03,764][com.java.SeleniumDriver] [  863] - {Data Fields & Data Values Exist}
[INFO ][2015-12-04 17:11:03,764][com.java.SeleniumDriver] [  865] - --------------------------setting values-----------------------------
[INFO ][2015-12-04 17:11:03,764][com.java.SeleniumDriver] [  868] - Action Type : ExecuteTestCase
[INFO ][2015-12-04 17:11:03,764][com.java.TestType] [  436] - The Concept sheet name is ---------- Concept
[INFO ][2015-12-04 17:11:03,764][com.java.TestType] [  439] - The Concept ID  is ---------- 2
[DEBUG][2015-12-04 17:11:03,764][com.java.TestType] [  443] - Steps being executted in the Concept are: 1:2
[INFO ][2015-12-04 17:11:03,764][com.java.TestType] [  450] - Test data details path ---------- D:\BankersDashboard\TestInputs\TestData.xls
[INFO ][2015-12-04 17:11:03,784][com.java.TestType] [  481] -  str(1) = 2
[INFO ][2015-12-04 17:11:03,784][com.java.TestType] [  484] - Test case Id is---2
[INFO ][2015-12-04 17:11:03,784][com.java.TestType] [  486] - 2
[INFO ][2015-12-04 17:11:03,784][com.java.TestType] [  481] -  str(2) = 1
[INFO ][2015-12-04 17:11:03,784][com.java.TestType] [  533] - row values are--------{1=com.java.Objects.TestDataDetails@10fbc7e}
[INFO ][2015-12-04 17:11:03,784][com.java.TestType] [  481] -  str(1) = 2
[INFO ][2015-12-04 17:11:03,784][com.java.TestType] [  484] - Test case Id is---2
[INFO ][2015-12-04 17:11:03,784][com.java.TestType] [  486] - 2
[INFO ][2015-12-04 17:11:03,784][com.java.TestType] [  481] -  str(2) = 2
[INFO ][2015-12-04 17:11:03,784][com.java.TestType] [  533] - row values are--------{1=com.java.Objects.TestDataDetails@10fbc7e, 2=com.java.Objects.TestDataDetails@14e607a}
[INFO ][2015-12-04 17:11:03,784][com.java.TestType] [  481] -  str(1) = 2
[INFO ][2015-12-04 17:11:03,784][com.java.TestType] [  484] - Test case Id is---2
[INFO ][2015-12-04 17:11:03,784][com.java.TestType] [  486] - 2
[INFO ][2015-12-04 17:11:03,784][com.java.TestType] [  481] -  str(2) = 3
[INFO ][2015-12-04 17:11:03,784][com.java.TestType] [  533] - row values are--------{1=com.java.Objects.TestDataDetails@10fbc7e, 2=com.java.Objects.TestDataDetails@14e607a, 3=com.java.Objects.TestDataDetails@11a1599}
[INFO ][2015-12-04 17:11:03,784][com.java.TestType] [ 9916] - Looping 1TCID = 2
[DEBUG][2015-12-04 17:11:03,784][com.java.TestType] [ 9957] - Concept ID:2 :: Step being Executed: 2::1
[INFO ][2015-12-04 17:11:03,784][com.java.TestType] [ 9995] - dataFields : BNK//select[@id='bank']
[DEBUG][2015-12-04 17:11:03,784][com.java.TestType] [10001] - <In Set values of the page>
[DEBUG][2015-12-04 17:11:03,784][com.java.TestType] [10006] - {Data Fields & Data Values Exist}
[INFO ][2015-12-04 17:11:03,784][com.java.TestType] [10012] - --------------------------setting values-----------------------------
[INFO ][2015-12-04 17:11:03,784][com.java.TestType] [10015] - Action Type : Select
[INFO ][2015-12-04 17:11:03,784][com.java.TestType] [ 5417] - value = PFC
[INFO ][2015-12-04 17:11:03,974][com.java.TestType] [10034] -  RESULT true
[INFO ][2015-12-04 17:11:03,974][com.java.TestType] [10151] - ?   P A S S   ?
[DEBUG][2015-12-04 17:11:03,974][com.java.TestType] [ 9957] - Concept ID:2 :: Step being Executed: 2::2
[INFO ][2015-12-04 17:11:03,974][com.java.TestType] [ 9995] - dataFields : LNKLogout
[DEBUG][2015-12-04 17:11:03,974][com.java.TestType] [10001] - <In Set values of the page>
[DEBUG][2015-12-04 17:11:03,974][com.java.TestType] [10006] - {Data Fields & Data Values Exist}
[INFO ][2015-12-04 17:11:03,974][com.java.TestType] [10012] - --------------------------setting values-----------------------------
[INFO ][2015-12-04 17:11:03,974][com.java.TestType] [10015] - Action Type : WaitTime
[DEBUG][2015-12-04 17:11:03,974][com.java.TestType] [ 5237] - sleepTime: 5000
[INFO ][2015-12-04 17:11:08,977][com.java.TestType] [10034] -  RESULT true
[INFO ][2015-12-04 17:11:08,977][com.java.TestType] [10151] - ?   P A S S   ?
[INFO ][2015-12-04 17:11:08,977][com.java.TestType] [10222] - Looping End......
[INFO ][2015-12-04 17:11:08,977][com.java.SeleniumDriver] [  877] -  RESULT true
[INFO ][2015-12-04 17:11:08,977][com.java.SeleniumDriver] [ 1083] - ?   P A S S   ?
[INFO ][2015-12-04 17:11:08,977][com.java.SeleniumDriver] [  804] - ------------------------------------------
[INFO ][2015-12-04 17:11:08,977][com.java.SeleniumDriver] [  805] - Test case being Executed: 1
[INFO ][2015-12-04 17:11:08,977][com.java.SeleniumDriver] [  816] - Test step:3
[INFO ][2015-12-04 17:11:08,977][com.java.SeleniumDriver] [  828] - Datavalue is----------2
[INFO ][2015-12-04 17:11:08,977][com.java.SeleniumDriver] [  852] - DataField : XPH//button[contains(text(),'Add Content')]
[INFO ][2015-12-04 17:11:08,977][com.java.SeleniumDriver] [  854] - DataValue : 2
[INFO ][2015-12-04 17:11:08,977][com.java.SeleniumDriver] [  860] - <In Set values of the page>
[INFO ][2015-12-04 17:11:08,977][com.java.SeleniumDriver] [  863] - {Data Fields & Data Values Exist}
[INFO ][2015-12-04 17:11:08,977][com.java.SeleniumDriver] [  865] - --------------------------setting values-----------------------------
[INFO ][2015-12-04 17:11:08,977][com.java.SeleniumDriver] [  868] - Action Type : WAITFORELEMENT
[INFO ][2015-12-04 17:11:09,078][com.java.SeleniumDriver] [  877] -  RESULT true
[INFO ][2015-12-04 17:11:09,078][com.java.SeleniumDriver] [ 1083] - ?   P A S S   ?
[DEBUG][2015-12-04 17:11:09,078][com.java.SeleniumDriver] [ 1195] - Case found
[DEBUG][2015-12-04 17:11:09,078][com.java.SeleniumDriver] [ 1200] - Incrementing ReportCounters[0]:1
[INFO ][2015-12-04 17:11:09,078][com.java.SeleniumDriver] [ 1219] - The results are-------------------[1, 1, Valid Login, Pass, , Fri Dec 04 17:11:03 IST 2015, 1, 2, Valid Login, Pass, , Fri Dec 04 17:11:08 IST 2015, 1, 3, Valid Login, Pass, , Fri Dec 04 17:11:09 IST 2015]
[INFO ][2015-12-04 17:11:09,078][com.java.SeleniumDriver] [ 1223] - End time is-------36 sec
[INFO ][2015-12-04 17:11:09,078][com.java.SeleniumDriver] [ 1224] - The results are-------------------[1, 1, Valid Login, Pass, , Fri Dec 04 17:11:03 IST 2015, 1, 2, Valid Login, Pass, , Fri Dec 04 17:11:08 IST 2015, 1, 3, Valid Login, Pass, , Fri Dec 04 17:11:09 IST 2015]
[DEBUG][2015-12-04 17:11:09,078][com.java.ImportnExport.ExportTestResultsExcel] [  222] - testResultPath = D:\BankersDashboard/TestReports/Test Results_BankersDashBoard_120415_171035_IE10_Any Bank USA.xls
[DEBUG][2015-12-04 17:11:09,078][com.java.ImportnExport.ExportTestResultsExcel] [  223] - browser is------------IE10
[DEBUG][2015-12-04 17:11:09,128][com.java.ImportnExport.ExportTestResultsExcel] [  270] - result.size() = 18
[DEBUG][2015-12-04 17:11:09,128][com.java.ImportnExport.ExportTestResultsExcel] [  274] - No of rows in sheet=1
[DEBUG][2015-12-04 17:11:09,128][com.java.ImportnExport.ExportTestResultsExcel] [  301] - ..in export..1
[DEBUG][2015-12-04 17:11:09,128][com.java.ImportnExport.ExportTestResultsExcel] [  301] - ..in export..Valid Login
[DEBUG][2015-12-04 17:11:09,128][com.java.ImportnExport.ExportTestResultsExcel] [  301] - ..in export..Pass
[DEBUG][2015-12-04 17:11:09,128][com.java.ImportnExport.ExportTestResultsExcel] [  301] - ..in export..
[DEBUG][2015-12-04 17:11:09,128][com.java.ImportnExport.ExportTestResultsExcel] [  301] - ..in export..Fri Dec 04 17:11:03 IST 2015
[INFO ][2015-12-04 17:11:09,128][com.java.SeleniumDriver] [ 1282] - out loop:0 size:2 TestCases:[1, 7] testcases:[1, 7]
[INFO ][2015-12-04 17:11:09,128][com.java.ImportnExport.ImportTestDataDetailsExcel] [   49] - test data details path===== D:\BankersDashboard\TestInputs\TestData.xls
[INFO ][2015-12-04 17:11:24,969][com.java.SeleniumDriver] [  804] - ------------------------------------------
[INFO ][2015-12-04 17:11:24,969][com.java.SeleniumDriver] [  805] - Test case being Executed: 7
[INFO ][2015-12-04 17:11:24,969][com.java.SeleniumDriver] [  816] - Test step:1
[INFO ][2015-12-04 17:11:24,969][com.java.SeleniumDriver] [  828] - Datavalue is----------test
[INFO ][2015-12-04 17:11:24,969][com.java.SeleniumDriver] [  852] - DataField : test
[INFO ][2015-12-04 17:11:24,969][com.java.SeleniumDriver] [  854] - DataValue : test
[INFO ][2015-12-04 17:11:24,969][com.java.SeleniumDriver] [  860] - <In Set values of the page>
[INFO ][2015-12-04 17:11:24,969][com.java.SeleniumDriver] [  863] - {Data Fields & Data Values Exist}
[INFO ][2015-12-04 17:11:24,969][com.java.SeleniumDriver] [  865] - --------------------------setting values-----------------------------
[INFO ][2015-12-04 17:11:24,969][com.java.SeleniumDriver] [  868] - Action Type : SELECTMAINWINDOWANDCLOSEOTHER
[INFO ][2015-12-04 17:11:35,142][com.java.SeleniumDriver] [  877] -  RESULT true
[INFO ][2015-12-04 17:11:35,142][com.java.SeleniumDriver] [ 1083] - ?   P A S S   ?
[INFO ][2015-12-04 17:11:35,142][com.java.SeleniumDriver] [  804] - ------------------------------------------
[INFO ][2015-12-04 17:11:35,142][com.java.SeleniumDriver] [  805] - Test case being Executed: 7
[INFO ][2015-12-04 17:11:35,142][com.java.SeleniumDriver] [  816] - Test step:2
[INFO ][2015-12-04 17:11:35,142][com.java.SeleniumDriver] [  828] - Datavalue is----------Logout
[INFO ][2015-12-04 17:11:35,142][com.java.SeleniumDriver] [  852] - DataField : BTN
[INFO ][2015-12-04 17:11:35,142][com.java.SeleniumDriver] [  854] - DataValue : Logout
[INFO ][2015-12-04 17:11:35,142][com.java.SeleniumDriver] [  860] - <In Set values of the page>
[INFO ][2015-12-04 17:11:35,142][com.java.SeleniumDriver] [  863] - {Data Fields & Data Values Exist}
[INFO ][2015-12-04 17:11:35,142][com.java.SeleniumDriver] [  865] - --------------------------setting values-----------------------------
[INFO ][2015-12-04 17:11:35,142][com.java.SeleniumDriver] [  868] - Action Type : Verify
[INFO ][2015-12-04 17:11:35,142][com.java.TestType] [ 6608] - field= BTN value= Logout
[INFO ][2015-12-04 17:11:35,142][com.java.TestType] [ 5417] - value = Logout
[INFO ][2015-12-04 17:11:35,313][com.java.SeleniumDriver] [  877] -  RESULT true
[INFO ][2015-12-04 17:11:35,313][com.java.SeleniumDriver] [ 1083] - ?   P A S S   ?
[INFO ][2015-12-04 17:11:35,313][com.java.SeleniumDriver] [ 1125] - step change to 4
[INFO ][2015-12-04 17:11:35,313][com.java.SeleniumDriver] [  804] - ------------------------------------------
[INFO ][2015-12-04 17:11:35,313][com.java.SeleniumDriver] [  805] - Test case being Executed: 7
[INFO ][2015-12-04 17:11:35,313][com.java.SeleniumDriver] [  816] - Test step:4
[INFO ][2015-12-04 17:11:35,313][com.java.SeleniumDriver] [  828] - Datavalue is----------Concept#2:1-2
[INFO ][2015-12-04 17:11:35,313][com.java.SeleniumDriver] [  852] - DataField : test
[INFO ][2015-12-04 17:11:35,313][com.java.SeleniumDriver] [  854] - DataValue : Concept#2:1-2
[INFO ][2015-12-04 17:11:35,313][com.java.SeleniumDriver] [  860] - <In Set values of the page>
[INFO ][2015-12-04 17:11:35,313][com.java.SeleniumDriver] [  863] - {Data Fields & Data Values Exist}
[INFO ][2015-12-04 17:11:35,313][com.java.SeleniumDriver] [  865] - --------------------------setting values-----------------------------
[INFO ][2015-12-04 17:11:35,313][com.java.SeleniumDriver] [  868] - Action Type : ExecuteTestCase
[INFO ][2015-12-04 17:11:35,313][com.java.TestType] [  436] - The Concept sheet name is ---------- Concept
[INFO ][2015-12-04 17:11:35,313][com.java.TestType] [  439] - The Concept ID  is ---------- 2
[DEBUG][2015-12-04 17:11:35,313][com.java.TestType] [  443] - Steps being executted in the Concept are: 1:2
[INFO ][2015-12-04 17:11:35,313][com.java.TestType] [  450] - Test data details path ---------- D:\BankersDashboard\TestInputs\TestData.xls
[INFO ][2015-12-04 17:11:35,333][com.java.TestType] [  481] -  str(1) = 2
[INFO ][2015-12-04 17:11:35,333][com.java.TestType] [  484] - Test case Id is---2
[INFO ][2015-12-04 17:11:35,333][com.java.TestType] [  486] - 2
[INFO ][2015-12-04 17:11:35,333][com.java.TestType] [  481] -  str(2) = 1
[INFO ][2015-12-04 17:11:35,333][com.java.TestType] [  533] - row values are--------{1=com.java.Objects.TestDataDetails@1e1c7c0}
[INFO ][2015-12-04 17:11:35,333][com.java.TestType] [  481] -  str(1) = 2
[INFO ][2015-12-04 17:11:35,333][com.java.TestType] [  484] - Test case Id is---2
[INFO ][2015-12-04 17:11:35,333][com.java.TestType] [  486] - 2
[INFO ][2015-12-04 17:11:35,333][com.java.TestType] [  481] -  str(2) = 2
[INFO ][2015-12-04 17:11:35,333][com.java.TestType] [  533] - row values are--------{1=com.java.Objects.TestDataDetails@1e1c7c0, 2=com.java.Objects.TestDataDetails@cd41c4}
[INFO ][2015-12-04 17:11:35,333][com.java.TestType] [  481] -  str(1) = 2
[INFO ][2015-12-04 17:11:35,333][com.java.TestType] [  484] - Test case Id is---2
[INFO ][2015-12-04 17:11:35,333][com.java.TestType] [  486] - 2
[INFO ][2015-12-04 17:11:35,333][com.java.TestType] [  481] -  str(2) = 3
[INFO ][2015-12-04 17:11:35,333][com.java.TestType] [  533] - row values are--------{1=com.java.Objects.TestDataDetails@1e1c7c0, 2=com.java.Objects.TestDataDetails@cd41c4, 3=com.java.Objects.TestDataDetails@1032809}
[INFO ][2015-12-04 17:11:35,333][com.java.TestType] [ 9916] - Looping 1TCID = 2
[DEBUG][2015-12-04 17:11:35,333][com.java.TestType] [ 9957] - Concept ID:2 :: Step being Executed: 2::1
[INFO ][2015-12-04 17:11:35,333][com.java.TestType] [ 9995] - dataFields : BNK//select[@id='bank']
[DEBUG][2015-12-04 17:11:35,333][com.java.TestType] [10001] - <In Set values of the page>
[DEBUG][2015-12-04 17:11:35,333][com.java.TestType] [10006] - {Data Fields & Data Values Exist}
[INFO ][2015-12-04 17:11:35,333][com.java.TestType] [10012] - --------------------------setting values-----------------------------
[INFO ][2015-12-04 17:11:35,333][com.java.TestType] [10015] - Action Type : Select
[INFO ][2015-12-04 17:11:35,333][com.java.TestType] [ 5417] - value = PFC
[INFO ][2015-12-04 17:11:35,783][com.java.TestType] [10034] -  RESULT true
[INFO ][2015-12-04 17:11:35,783][com.java.TestType] [10151] - ?   P A S S   ?
[DEBUG][2015-12-04 17:11:35,783][com.java.TestType] [ 9957] - Concept ID:2 :: Step being Executed: 2::2
[INFO ][2015-12-04 17:11:35,783][com.java.TestType] [ 9995] - dataFields : LNKLogout
[DEBUG][2015-12-04 17:11:35,783][com.java.TestType] [10001] - <In Set values of the page>
[DEBUG][2015-12-04 17:11:35,783][com.java.TestType] [10006] - {Data Fields & Data Values Exist}
[INFO ][2015-12-04 17:11:35,783][com.java.TestType] [10012] - --------------------------setting values-----------------------------
[INFO ][2015-12-04 17:11:35,783][com.java.TestType] [10015] - Action Type : WaitTime
[DEBUG][2015-12-04 17:11:35,783][com.java.TestType] [ 5237] - sleepTime: 5000
[INFO ][2015-12-04 17:11:40,784][com.java.TestType] [10034] -  RESULT true
[INFO ][2015-12-04 17:11:40,784][com.java.TestType] [10151] - ?   P A S S   ?
[INFO ][2015-12-04 17:11:40,784][com.java.TestType] [10222] - Looping End......
[INFO ][2015-12-04 17:11:40,784][com.java.SeleniumDriver] [  877] -  RESULT true
[INFO ][2015-12-04 17:11:40,784][com.java.SeleniumDriver] [ 1083] - ?   P A S S   ?
[INFO ][2015-12-04 17:11:40,784][com.java.SeleniumDriver] [  804] - ------------------------------------------
[INFO ][2015-12-04 17:11:40,784][com.java.SeleniumDriver] [  805] - Test case being Executed: 7
[INFO ][2015-12-04 17:11:40,784][com.java.SeleniumDriver] [  816] - Test step:5
[INFO ][2015-12-04 17:11:40,784][com.java.SeleniumDriver] [  828] - Datavalue is----------null
[DEBUG][2015-12-04 17:11:40,784][com.java.SeleniumDriver] [  846] - Exception: null
[INFO ][2015-12-04 17:11:40,784][com.java.SeleniumDriver] [  852] - DataField : //span[@class='icon-stats']&&//a[@data-id="Forecasting"]
[INFO ][2015-12-04 17:11:40,784][com.java.SeleniumDriver] [  854] - DataValue : 
[INFO ][2015-12-04 17:11:40,784][com.java.SeleniumDriver] [  860] - <In Set values of the page>
[INFO ][2015-12-04 17:11:40,784][com.java.SeleniumDriver] [  863] - {Data Fields & Data Values Exist}
[INFO ][2015-12-04 17:11:40,784][com.java.SeleniumDriver] [  865] - --------------------------setting values-----------------------------
[INFO ][2015-12-04 17:11:40,784][com.java.SeleniumDriver] [  868] - Action Type : MOUSEOVER
[INFO ][2015-12-04 17:12:05,237][com.java.SeleniumDriver] [  877] -  RESULT true
[INFO ][2015-12-04 17:12:05,237][com.java.SeleniumDriver] [ 1083] - ?   P A S S   ?
[INFO ][2015-12-04 17:12:05,237][com.java.SeleniumDriver] [  804] - ------------------------------------------
[INFO ][2015-12-04 17:12:05,237][com.java.SeleniumDriver] [  805] - Test case being Executed: 7
[INFO ][2015-12-04 17:12:05,237][com.java.SeleniumDriver] [  816] - Test step:6
[INFO ][2015-12-04 17:12:05,237][com.java.SeleniumDriver] [  828] - Datavalue is----------5
[INFO ][2015-12-04 17:12:05,237][com.java.SeleniumDriver] [  852] - DataField : null
[INFO ][2015-12-04 17:12:05,237][com.java.SeleniumDriver] [  854] - DataValue : 5
[INFO ][2015-12-04 17:12:05,237][com.java.SeleniumDriver] [  860] - <In Set values of the page>
[INFO ][2015-12-04 17:12:05,237][com.java.SeleniumDriver] [  863] - {Data Fields & Data Values Exist}
[INFO ][2015-12-04 17:12:05,237][com.java.SeleniumDriver] [  865] - --------------------------setting values-----------------------------
[INFO ][2015-12-04 17:12:05,237][com.java.SeleniumDriver] [  868] - Action Type : WAITTIME
[DEBUG][2015-12-04 17:12:05,237][com.java.TestType] [ 5237] - sleepTime: 5000
[INFO ][2015-12-04 17:12:10,238][com.java.SeleniumDriver] [  877] -  RESULT true
[INFO ][2015-12-04 17:12:10,238][com.java.SeleniumDriver] [ 1083] - ?   P A S S   ?
[INFO ][2015-12-04 17:12:10,238][com.java.SeleniumDriver] [  804] - ------------------------------------------
[INFO ][2015-12-04 17:12:10,238][com.java.SeleniumDriver] [  805] - Test case being Executed: 7
[INFO ][2015-12-04 17:12:10,238][com.java.SeleniumDriver] [  816] - Test step:7
[INFO ][2015-12-04 17:12:10,238][com.java.SeleniumDriver] [  828] - Datavalue is----------Forecasting 
[INFO ][2015-12-04 17:12:10,238][com.java.SeleniumDriver] [  852] - DataField : TTL
[INFO ][2015-12-04 17:12:10,238][com.java.SeleniumDriver] [  854] - DataValue : Forecasting 
[INFO ][2015-12-04 17:12:10,238][com.java.SeleniumDriver] [  860] - <In Set values of the page>
[INFO ][2015-12-04 17:12:10,238][com.java.SeleniumDriver] [  863] - {Data Fields & Data Values Exist}
[INFO ][2015-12-04 17:12:10,238][com.java.SeleniumDriver] [  865] - --------------------------setting values-----------------------------
[INFO ][2015-12-04 17:12:10,238][com.java.SeleniumDriver] [  868] - Action Type : SELECTWINDOW
[INFO ][2015-12-04 17:12:22,783][com.java.SeleniumDriver] [  877] -  RESULT true
[INFO ][2015-12-04 17:12:22,783][com.java.SeleniumDriver] [ 1083] - ?   P A S S   ?
[INFO ][2015-12-04 17:12:22,783][com.java.SeleniumDriver] [  804] - ------------------------------------------
[INFO ][2015-12-04 17:12:22,783][com.java.SeleniumDriver] [  805] - Test case being Executed: 7
[INFO ][2015-12-04 17:12:22,783][com.java.SeleniumDriver] [  816] - Test step:8
[INFO ][2015-12-04 17:12:22,783][com.java.SeleniumDriver] [  828] - Datavalue is----------null
[DEBUG][2015-12-04 17:12:22,783][com.java.SeleniumDriver] [  846] - Exception: null
[INFO ][2015-12-04 17:12:22,783][com.java.SeleniumDriver] [  852] - DataField : BTNframeDialogContent
[INFO ][2015-12-04 17:12:22,783][com.java.SeleniumDriver] [  854] - DataValue : 
[INFO ][2015-12-04 17:12:22,783][com.java.SeleniumDriver] [  860] - <In Set values of the page>
[INFO ][2015-12-04 17:12:22,783][com.java.SeleniumDriver] [  863] - {Data Fields & Data Values Exist}
[INFO ][2015-12-04 17:12:22,783][com.java.SeleniumDriver] [  865] - --------------------------setting values-----------------------------
[INFO ][2015-12-04 17:12:22,783][com.java.SeleniumDriver] [  868] - Action Type : SELECTFRAME
[INFO ][2015-12-04 17:12:23,925][com.java.SeleniumDriver] [  877] -  RESULT true
[INFO ][2015-12-04 17:12:23,925][com.java.SeleniumDriver] [ 1083] - ?   P A S S   ?
[INFO ][2015-12-04 17:12:23,925][com.java.SeleniumDriver] [  804] - ------------------------------------------
[INFO ][2015-12-04 17:12:23,925][com.java.SeleniumDriver] [  805] - Test case being Executed: 7
[INFO ][2015-12-04 17:12:23,925][com.java.SeleniumDriver] [  816] - Test step:9
[INFO ][2015-12-04 17:12:23,925][com.java.SeleniumDriver] [  828] - Datavalue is----------2
[INFO ][2015-12-04 17:12:23,925][com.java.SeleniumDriver] [  852] - DataField : DSPddlProjects
[INFO ][2015-12-04 17:12:23,925][com.java.SeleniumDriver] [  854] - DataValue : 2
[INFO ][2015-12-04 17:12:23,925][com.java.SeleniumDriver] [  860] - <In Set values of the page>
[INFO ][2015-12-04 17:12:23,925][com.java.SeleniumDriver] [  863] - {Data Fields & Data Values Exist}
[INFO ][2015-12-04 17:12:23,925][com.java.SeleniumDriver] [  865] - --------------------------setting values-----------------------------
[INFO ][2015-12-04 17:12:23,925][com.java.SeleniumDriver] [  868] - Action Type : WAITFORELEMENT
[INFO ][2015-12-04 17:12:25,026][com.java.SeleniumDriver] [  877] -  RESULT true
[INFO ][2015-12-04 17:12:25,026][com.java.SeleniumDriver] [ 1083] - ?   P A S S   ?
[INFO ][2015-12-04 17:12:25,026][com.java.SeleniumDriver] [  804] - ------------------------------------------
[INFO ][2015-12-04 17:12:25,026][com.java.SeleniumDriver] [  805] - Test case being Executed: 7
[INFO ][2015-12-04 17:12:25,026][com.java.SeleniumDriver] [  816] - Test step:10
[INFO ][2015-12-04 17:12:25,026][com.java.SeleniumDriver] [  828] - Datavalue is----------index:1
[INFO ][2015-12-04 17:12:25,026][com.java.SeleniumDriver] [  852] - DataField : COBddlProjects
[INFO ][2015-12-04 17:12:25,026][com.java.SeleniumDriver] [  854] - DataValue : index:1
[INFO ][2015-12-04 17:12:25,026][com.java.SeleniumDriver] [  860] - <In Set values of the page>
[INFO ][2015-12-04 17:12:25,026][com.java.SeleniumDriver] [  863] - {Data Fields & Data Values Exist}
[INFO ][2015-12-04 17:12:25,026][com.java.SeleniumDriver] [  865] - --------------------------setting values-----------------------------
[INFO ][2015-12-04 17:12:25,026][com.java.SeleniumDriver] [  868] - Action Type : SELECT
[INFO ][2015-12-04 17:12:25,026][com.java.TestType] [ 5417] - value = 1
[INFO ][2015-12-04 17:12:26,119][com.java.TestType] [ 5535] -  In COB ddlProjects : 1
[INFO ][2015-12-04 17:12:26,259][com.java.SeleniumDriver] [  877] -  RESULT true
[INFO ][2015-12-04 17:12:26,259][com.java.SeleniumDriver] [ 1083] - ?   P A S S   ?
[INFO ][2015-12-04 17:12:26,259][com.java.SeleniumDriver] [  804] - ------------------------------------------
[INFO ][2015-12-04 17:12:26,259][com.java.SeleniumDriver] [  805] - Test case being Executed: 7
[INFO ][2015-12-04 17:12:26,259][com.java.SeleniumDriver] [  816] - Test step:11
[INFO ][2015-12-04 17:12:26,259][com.java.SeleniumDriver] [  828] - Datavalue is----------CurrentProject
[INFO ][2015-12-04 17:12:26,259][com.java.SeleniumDriver] [  852] - DataField : SLBddlProjects
[INFO ][2015-12-04 17:12:26,259][com.java.SeleniumDriver] [  854] - DataValue : CurrentProject
[INFO ][2015-12-04 17:12:26,259][com.java.SeleniumDriver] [  860] - <In Set values of the page>
[INFO ][2015-12-04 17:12:26,259][com.java.SeleniumDriver] [  863] - {Data Fields & Data Values Exist}
[INFO ][2015-12-04 17:12:26,259][com.java.SeleniumDriver] [  865] - --------------------------setting values-----------------------------
[INFO ][2015-12-04 17:12:26,259][com.java.SeleniumDriver] [  868] - Action Type : storevalue
[INFO ][2015-12-04 17:12:26,259][com.java.TestType] [ 7786] - field= SLBddlProjects
[INFO ][2015-12-04 17:12:27,430][com.java.SeleniumDriver] [  877] -  RESULT true
[INFO ][2015-12-04 17:12:27,430][com.java.SeleniumDriver] [ 1083] - ?   P A S S   ?
[INFO ][2015-12-04 17:12:27,430][com.java.SeleniumDriver] [  804] - ------------------------------------------
[INFO ][2015-12-04 17:12:27,430][com.java.SeleniumDriver] [  805] - Test case being Executed: 7
[INFO ][2015-12-04 17:12:27,430][com.java.SeleniumDriver] [  816] - Test step:12
[INFO ][2015-12-04 17:12:27,430][com.java.SeleniumDriver] [  828] - Datavalue is----------null
[DEBUG][2015-12-04 17:12:27,430][com.java.SeleniumDriver] [  846] - Exception: null
[INFO ][2015-12-04 17:12:27,430][com.java.SeleniumDriver] [  852] - DataField : HDNbtnOpenProject
[INFO ][2015-12-04 17:12:27,430][com.java.SeleniumDriver] [  854] - DataValue : 
[INFO ][2015-12-04 17:12:27,430][com.java.SeleniumDriver] [  860] - <In Set values of the page>
[INFO ][2015-12-04 17:12:27,430][com.java.SeleniumDriver] [  863] - {Data Fields & Data Values Exist}
[INFO ][2015-12-04 17:12:27,430][com.java.SeleniumDriver] [  865] - --------------------------setting values-----------------------------
[INFO ][2015-12-04 17:12:27,430][com.java.SeleniumDriver] [  868] - Action Type : CLICK
[INFO ][2015-12-04 17:12:27,430][com.java.TestType] [ 5745] - Field ::HDNbtnOpenProject
[INFO ][2015-12-04 17:12:30,041][com.java.SeleniumDriver] [  877] -  RESULT true
[INFO ][2015-12-04 17:12:30,041][com.java.SeleniumDriver] [ 1083] - ?   P A S S   ?
[INFO ][2015-12-04 17:12:30,041][com.java.SeleniumDriver] [  804] - ------------------------------------------
[INFO ][2015-12-04 17:12:30,041][com.java.SeleniumDriver] [  805] - Test case being Executed: 7
[INFO ][2015-12-04 17:12:30,041][com.java.SeleniumDriver] [  816] - Test step:13
[INFO ][2015-12-04 17:12:30,041][com.java.SeleniumDriver] [  828] - Datavalue is----------2
[INFO ][2015-12-04 17:12:30,041][com.java.SeleniumDriver] [  852] - DataField : null
[INFO ][2015-12-04 17:12:30,041][com.java.SeleniumDriver] [  854] - DataValue : 2
[INFO ][2015-12-04 17:12:30,041][com.java.SeleniumDriver] [  860] - <In Set values of the page>
[INFO ][2015-12-04 17:12:30,041][com.java.SeleniumDriver] [  863] - {Data Fields & Data Values Exist}
[INFO ][2015-12-04 17:12:30,041][com.java.SeleniumDriver] [  865] - --------------------------setting values-----------------------------
[INFO ][2015-12-04 17:12:30,041][com.java.SeleniumDriver] [  868] - Action Type : WAITTIME
[DEBUG][2015-12-04 17:12:30,041][com.java.TestType] [ 5237] - sleepTime: 2000
[INFO ][2015-12-04 17:12:32,043][com.java.SeleniumDriver] [  877] -  RESULT true
[INFO ][2015-12-04 17:12:32,043][com.java.SeleniumDriver] [ 1083] - ?   P A S S   ?
[INFO ][2015-12-04 17:12:32,043][com.java.SeleniumDriver] [  804] - ------------------------------------------
[INFO ][2015-12-04 17:12:32,043][com.java.SeleniumDriver] [  805] - Test case being Executed: 7
[INFO ][2015-12-04 17:12:32,043][com.java.SeleniumDriver] [  816] - Test step:14
[INFO ][2015-12-04 17:12:32,043][com.java.SeleniumDriver] [  828] - Datavalue is----------null
[DEBUG][2015-12-04 17:12:32,043][com.java.SeleniumDriver] [  846] - Exception: null
[INFO ][2015-12-04 17:12:32,043][com.java.SeleniumDriver] [  852] - DataField : BTNParent
[INFO ][2015-12-04 17:12:32,043][com.java.SeleniumDriver] [  854] - DataValue : 
[INFO ][2015-12-04 17:12:32,043][com.java.SeleniumDriver] [  860] - <In Set values of the page>
[INFO ][2015-12-04 17:12:32,043][com.java.SeleniumDriver] [  863] - {Data Fields & Data Values Exist}
[INFO ][2015-12-04 17:12:32,043][com.java.SeleniumDriver] [  865] - --------------------------setting values-----------------------------
[INFO ][2015-12-04 17:12:32,043][com.java.SeleniumDriver] [  868] - Action Type : SELECTFRAME
[INFO ][2015-12-04 17:12:32,044][com.java.SeleniumDriver] [  877] -  RESULT true
[INFO ][2015-12-04 17:12:32,044][com.java.SeleniumDriver] [ 1083] - ?   P A S S   ?
[INFO ][2015-12-04 17:12:32,044][com.java.SeleniumDriver] [  804] - ------------------------------------------
[INFO ][2015-12-04 17:12:32,044][com.java.SeleniumDriver] [  805] - Test case being Executed: 7
[INFO ][2015-12-04 17:12:32,044][com.java.SeleniumDriver] [  816] - Test step:15
[INFO ][2015-12-04 17:12:32,044][com.java.SeleniumDriver] [  828] - Datavalue is----------2
[INFO ][2015-12-04 17:12:32,044][com.java.SeleniumDriver] [  852] - DataField : DSPFile
[INFO ][2015-12-04 17:12:32,044][com.java.SeleniumDriver] [  854] - DataValue : 2
[INFO ][2015-12-04 17:12:32,044][com.java.SeleniumDriver] [  860] - <In Set values of the page>
[INFO ][2015-12-04 17:12:32,044][com.java.SeleniumDriver] [  863] - {Data Fields & Data Values Exist}
[INFO ][2015-12-04 17:12:32,044][com.java.SeleniumDriver] [  865] - --------------------------setting values-----------------------------
[INFO ][2015-12-04 17:12:32,044][com.java.SeleniumDriver] [  868] - Action Type : WAITFORELEMENT
[INFO ][2015-12-04 17:12:32,174][com.java.SeleniumDriver] [  877] -  RESULT true
[INFO ][2015-12-04 17:12:32,174][com.java.SeleniumDriver] [ 1083] - ?   P A S S   ?
[INFO ][2015-12-04 17:12:32,174][com.java.SeleniumDriver] [  804] - ------------------------------------------
[INFO ][2015-12-04 17:12:32,174][com.java.SeleniumDriver] [  805] - Test case being Executed: 7
[INFO ][2015-12-04 17:12:32,174][com.java.SeleniumDriver] [  816] - Test step:16
[INFO ][2015-12-04 17:12:32,174][com.java.SeleniumDriver] [  828] - Datavalue is----------10
[INFO ][2015-12-04 17:12:32,174][com.java.SeleniumDriver] [  852] - DataField : null
[INFO ][2015-12-04 17:12:32,174][com.java.SeleniumDriver] [  854] - DataValue : 10
[INFO ][2015-12-04 17:12:32,174][com.java.SeleniumDriver] [  860] - <In Set values of the page>
[INFO ][2015-12-04 17:12:32,174][com.java.SeleniumDriver] [  863] - {Data Fields & Data Values Exist}
[INFO ][2015-12-04 17:12:32,174][com.java.SeleniumDriver] [  865] - --------------------------setting values-----------------------------
[INFO ][2015-12-04 17:12:32,174][com.java.SeleniumDriver] [  868] - Action Type : WAITTIME
[DEBUG][2015-12-04 17:12:32,174][com.java.TestType] [ 5237] - sleepTime: 10000
[INFO ][2015-12-04 17:12:42,179][com.java.SeleniumDriver] [  877] -  RESULT true
[INFO ][2015-12-04 17:12:42,179][com.java.SeleniumDriver] [ 1083] - ?   P A S S   ?
[INFO ][2015-12-04 17:12:42,179][com.java.SeleniumDriver] [  804] - ------------------------------------------
[INFO ][2015-12-04 17:12:42,179][com.java.SeleniumDriver] [  805] - Test case being Executed: 7
[INFO ][2015-12-04 17:12:42,179][com.java.SeleniumDriver] [  816] - Test step:17
[INFO ][2015-12-04 17:12:42,179][com.java.SeleniumDriver] [  828] - Datavalue is----------HMVCurrentProject
[INFO ][2015-12-04 17:12:42,179][com.java.SeleniumDriver] [  852] - DataField : XPH//span[@id='lblProject']
[INFO ][2015-12-04 17:12:42,179][com.java.SeleniumDriver] [  854] - DataValue : HMVCurrentProject
[INFO ][2015-12-04 17:12:42,179][com.java.SeleniumDriver] [  860] - <In Set values of the page>
[INFO ][2015-12-04 17:12:42,179][com.java.SeleniumDriver] [  863] - {Data Fields & Data Values Exist}
[INFO ][2015-12-04 17:12:42,179][com.java.SeleniumDriver] [  865] - --------------------------setting values-----------------------------
[INFO ][2015-12-04 17:12:42,179][com.java.SeleniumDriver] [  868] - Action Type : VERIFY
[INFO ][2015-12-04 17:12:42,179][com.java.TestType] [ 6608] - field= XPH//span[@id='lblProject'] value= HMVCurrentProject
[INFO ][2015-12-04 17:12:42,179][com.java.TestType] [ 5417] - value = Dallas User Group
[INFO ][2015-12-04 17:12:42,336][com.java.SeleniumDriver] [  877] -  RESULT true
[INFO ][2015-12-04 17:12:42,336][com.java.SeleniumDriver] [ 1083] - ?   P A S S   ?
[INFO ][2015-12-04 17:12:42,336][com.java.SeleniumDriver] [  804] - ------------------------------------------
[INFO ][2015-12-04 17:12:42,336][com.java.SeleniumDriver] [  805] - Test case being Executed: 7
[INFO ][2015-12-04 17:12:42,336][com.java.SeleniumDriver] [  816] - Test step:18
[INFO ][2015-12-04 17:12:42,336][com.java.SeleniumDriver] [  828] - Datavalue is----------null
[DEBUG][2015-12-04 17:12:42,336][com.java.SeleniumDriver] [  846] - Exception: null
[INFO ][2015-12-04 17:12:42,336][com.java.SeleniumDriver] [  852] - DataField : HDNmenuTools
[INFO ][2015-12-04 17:12:42,336][com.java.SeleniumDriver] [  854] - DataValue : 
[INFO ][2015-12-04 17:12:42,336][com.java.SeleniumDriver] [  860] - <In Set values of the page>
[INFO ][2015-12-04 17:12:42,336][com.java.SeleniumDriver] [  863] - {Data Fields & Data Values Exist}
[INFO ][2015-12-04 17:12:42,336][com.java.SeleniumDriver] [  865] - --------------------------setting values-----------------------------
[INFO ][2015-12-04 17:12:42,336][com.java.SeleniumDriver] [  868] - Action Type : CLICK
[INFO ][2015-12-04 17:12:42,336][com.java.TestType] [ 5745] - Field ::HDNmenuTools
[INFO ][2015-12-04 17:12:44,487][com.java.SeleniumDriver] [  877] -  RESULT true
[INFO ][2015-12-04 17:12:44,487][com.java.SeleniumDriver] [ 1083] - ?   P A S S   ?
[INFO ][2015-12-04 17:12:44,487][com.java.SeleniumDriver] [  804] - ------------------------------------------
[INFO ][2015-12-04 17:12:44,487][com.java.SeleniumDriver] [  805] - Test case being Executed: 7
[INFO ][2015-12-04 17:12:44,487][com.java.SeleniumDriver] [  816] - Test step:19
[INFO ][2015-12-04 17:12:44,487][com.java.SeleniumDriver] [  828] - Datavalue is----------3
[INFO ][2015-12-04 17:12:44,487][com.java.SeleniumDriver] [  852] - DataField : DSPmenuBalance
[INFO ][2015-12-04 17:12:44,487][com.java.SeleniumDriver] [  854] - DataValue : 3
[INFO ][2015-12-04 17:12:44,487][com.java.SeleniumDriver] [  860] - <In Set values of the page>
[INFO ][2015-12-04 17:12:44,487][com.java.SeleniumDriver] [  863] - {Data Fields & Data Values Exist}
[INFO ][2015-12-04 17:12:44,487][com.java.SeleniumDriver] [  865] - --------------------------setting values-----------------------------
[INFO ][2015-12-04 17:12:44,487][com.java.SeleniumDriver] [  868] - Action Type : WAITFORELEMENT
[INFO ][2015-12-04 17:12:45,726][com.java.SeleniumDriver] [  877] -  RESULT true
[INFO ][2015-12-04 17:12:45,726][com.java.SeleniumDriver] [ 1083] - ?   P A S S   ?
[INFO ][2015-12-04 17:12:45,726][com.java.SeleniumDriver] [  804] - ------------------------------------------
[INFO ][2015-12-04 17:12:45,726][com.java.SeleniumDriver] [  805] - Test case being Executed: 7
[INFO ][2015-12-04 17:12:45,726][com.java.SeleniumDriver] [  816] - Test step:20
[INFO ][2015-12-04 17:12:45,726][com.java.SeleniumDriver] [  828] - Datavalue is----------null
[DEBUG][2015-12-04 17:12:45,726][com.java.SeleniumDriver] [  846] - Exception: null
[INFO ][2015-12-04 17:12:45,726][com.java.SeleniumDriver] [  852] - DataField : HDNmenuBalance
[INFO ][2015-12-04 17:12:45,726][com.java.SeleniumDriver] [  854] - DataValue : 
[INFO ][2015-12-04 17:12:45,726][com.java.SeleniumDriver] [  860] - <In Set values of the page>
[INFO ][2015-12-04 17:12:45,726][com.java.SeleniumDriver] [  863] - {Data Fields & Data Values Exist}
[INFO ][2015-12-04 17:12:45,726][com.java.SeleniumDriver] [  865] - --------------------------setting values-----------------------------
[INFO ][2015-12-04 17:12:45,726][com.java.SeleniumDriver] [  868] - Action Type : CLICK
[INFO ][2015-12-04 17:12:45,726][com.java.TestType] [ 5745] - Field ::HDNmenuBalance
[INFO ][2015-12-04 17:12:47,880][com.java.SeleniumDriver] [  877] -  RESULT true
[INFO ][2015-12-04 17:12:47,881][com.java.SeleniumDriver] [ 1083] - ?   P A S S   ?
[INFO ][2015-12-04 17:12:47,881][com.java.SeleniumDriver] [  804] - ------------------------------------------
[INFO ][2015-12-04 17:12:47,881][com.java.SeleniumDriver] [  805] - Test case being Executed: 7
[INFO ][2015-12-04 17:12:47,881][com.java.SeleniumDriver] [  816] - Test step:21
[INFO ][2015-12-04 17:12:47,881][com.java.SeleniumDriver] [  828] - Datavalue is----------6
[INFO ][2015-12-04 17:12:47,881][com.java.SeleniumDriver] [  852] - DataField : null
[INFO ][2015-12-04 17:12:47,881][com.java.SeleniumDriver] [  854] - DataValue : 6
[INFO ][2015-12-04 17:12:47,881][com.java.SeleniumDriver] [  860] - <In Set values of the page>
[INFO ][2015-12-04 17:12:47,881][com.java.SeleniumDriver] [  863] - {Data Fields & Data Values Exist}
[INFO ][2015-12-04 17:12:47,881][com.java.SeleniumDriver] [  865] - --------------------------setting values-----------------------------
[INFO ][2015-12-04 17:12:47,881][com.java.SeleniumDriver] [  868] - Action Type : WAITTIME
[DEBUG][2015-12-04 17:12:47,882][com.java.TestType] [ 5237] - sleepTime: 6000
[INFO ][2015-12-04 17:12:53,907][com.java.SeleniumDriver] [  877] -  RESULT true
[INFO ][2015-12-04 17:12:53,907][com.java.SeleniumDriver] [ 1083] - ?   P A S S   ?
[INFO ][2015-12-04 17:12:53,907][com.java.SeleniumDriver] [  804] - ------------------------------------------
[INFO ][2015-12-04 17:12:53,907][com.java.SeleniumDriver] [  805] - Test case being Executed: 7
[INFO ][2015-12-04 17:12:53,907][com.java.SeleniumDriver] [  816] - Test step:22
[INFO ][2015-12-04 17:12:53,907][com.java.SeleniumDriver] [  828] - Datavalue is---------- Forecasting 
[INFO ][2015-12-04 17:12:53,907][com.java.SeleniumDriver] [  852] - DataField : TTL
[INFO ][2015-12-04 17:12:53,907][com.java.SeleniumDriver] [  854] - DataValue :  Forecasting 
[INFO ][2015-12-04 17:12:53,907][com.java.SeleniumDriver] [  860] - <In Set values of the page>
[INFO ][2015-12-04 17:12:53,907][com.java.SeleniumDriver] [  863] - {Data Fields & Data Values Exist}
[INFO ][2015-12-04 17:12:53,907][com.java.SeleniumDriver] [  865] - --------------------------setting values-----------------------------
[INFO ][2015-12-04 17:12:53,907][com.java.SeleniumDriver] [  868] - Action Type : CLOSEWINDOW
[INFO ][2015-12-04 17:12:54,178][com.java.SeleniumDriver] [  877] -  RESULT true
[INFO ][2015-12-04 17:12:54,178][com.java.SeleniumDriver] [ 1083] - ?   P A S S   ?
[INFO ][2015-12-04 17:12:54,178][com.java.SeleniumDriver] [  804] - ------------------------------------------
[INFO ][2015-12-04 17:12:54,178][com.java.SeleniumDriver] [  805] - Test case being Executed: 7
[INFO ][2015-12-04 17:12:54,178][com.java.SeleniumDriver] [  816] - Test step:23
[INFO ][2015-12-04 17:12:54,178][com.java.SeleniumDriver] [  828] - Datavalue is----------Banker'sDashboard
[INFO ][2015-12-04 17:12:54,178][com.java.SeleniumDriver] [  852] - DataField : TTL
[INFO ][2015-12-04 17:12:54,178][com.java.SeleniumDriver] [  854] - DataValue : Banker'sDashboard
[INFO ][2015-12-04 17:12:54,178][com.java.SeleniumDriver] [  860] - <In Set values of the page>
[INFO ][2015-12-04 17:12:54,178][com.java.SeleniumDriver] [  863] - {Data Fields & Data Values Exist}
[INFO ][2015-12-04 17:12:54,178][com.java.SeleniumDriver] [  865] - --------------------------setting values-----------------------------
[INFO ][2015-12-04 17:12:54,178][com.java.SeleniumDriver] [  868] - Action Type : SelectWindow
[INFO ][2015-12-04 17:13:06,471][com.java.SeleniumDriver] [  877] -  RESULT true
[INFO ][2015-12-04 17:13:06,471][com.java.SeleniumDriver] [ 1083] - ?   P A S S   ?
[INFO ][2015-12-04 17:13:06,471][com.java.SeleniumDriver] [  804] - ------------------------------------------
[INFO ][2015-12-04 17:13:06,471][com.java.SeleniumDriver] [  805] - Test case being Executed: 7
[INFO ][2015-12-04 17:13:06,471][com.java.SeleniumDriver] [  816] - Test step:24
[INFO ][2015-12-04 17:13:06,471][com.java.SeleniumDriver] [  828] - Datavalue is----------5
[INFO ][2015-12-04 17:13:06,471][com.java.SeleniumDriver] [  852] - DataField : null
[INFO ][2015-12-04 17:13:06,471][com.java.SeleniumDriver] [  854] - DataValue : 5
[INFO ][2015-12-04 17:13:06,471][com.java.SeleniumDriver] [  860] - <In Set values of the page>
[INFO ][2015-12-04 17:13:06,471][com.java.SeleniumDriver] [  863] - {Data Fields & Data Values Exist}
[INFO ][2015-12-04 17:13:06,471][com.java.SeleniumDriver] [  865] - --------------------------setting values-----------------------------
[INFO ][2015-12-04 17:13:06,471][com.java.SeleniumDriver] [  868] - Action Type : WAITTIME
[DEBUG][2015-12-04 17:13:06,471][com.java.TestType] [ 5237] - sleepTime: 5000
[INFO ][2015-12-04 17:13:11,480][com.java.SeleniumDriver] [  877] -  RESULT true
[INFO ][2015-12-04 17:13:11,480][com.java.SeleniumDriver] [ 1083] - ?   P A S S   ?
[INFO ][2015-12-04 17:13:11,480][com.java.SeleniumDriver] [  804] - ------------------------------------------
[INFO ][2015-12-04 17:13:11,480][com.java.SeleniumDriver] [  805] - Test case being Executed: 7
[INFO ][2015-12-04 17:13:11,480][com.java.SeleniumDriver] [  816] - Test step:25
[INFO ][2015-12-04 17:13:11,480][com.java.SeleniumDriver] [  828] - Datavalue is----------null
[DEBUG][2015-12-04 17:13:11,480][com.java.SeleniumDriver] [  846] - Exception: null
[INFO ][2015-12-04 17:13:11,480][com.java.SeleniumDriver] [  852] - DataField : //span[@class='icon-stats']&&//a[@data-id="Forecasting"]
[INFO ][2015-12-04 17:13:11,480][com.java.SeleniumDriver] [  854] - DataValue : 
[INFO ][2015-12-04 17:13:11,480][com.java.SeleniumDriver] [  860] - <In Set values of the page>
[INFO ][2015-12-04 17:13:11,480][com.java.SeleniumDriver] [  863] - {Data Fields & Data Values Exist}
[INFO ][2015-12-04 17:13:11,480][com.java.SeleniumDriver] [  865] - --------------------------setting values-----------------------------
[INFO ][2015-12-04 17:13:11,480][com.java.SeleniumDriver] [  868] - Action Type : MOUSEOVER
[INFO ][2015-12-04 17:13:36,437][com.java.SeleniumDriver] [  877] -  RESULT true
[INFO ][2015-12-04 17:13:36,437][com.java.SeleniumDriver] [ 1083] - ?   P A S S   ?
[INFO ][2015-12-04 17:13:36,437][com.java.SeleniumDriver] [  804] - ------------------------------------------
[INFO ][2015-12-04 17:13:36,437][com.java.SeleniumDriver] [  805] - Test case being Executed: 7
[INFO ][2015-12-04 17:13:36,437][com.java.SeleniumDriver] [  816] - Test step:26
[INFO ][2015-12-04 17:13:36,437][com.java.SeleniumDriver] [  828] - Datavalue is----------5
[INFO ][2015-12-04 17:13:36,437][com.java.SeleniumDriver] [  852] - DataField : null
[INFO ][2015-12-04 17:13:36,437][com.java.SeleniumDriver] [  854] - DataValue : 5
[INFO ][2015-12-04 17:13:36,437][com.java.SeleniumDriver] [  860] - <In Set values of the page>
[INFO ][2015-12-04 17:13:36,437][com.java.SeleniumDriver] [  863] - {Data Fields & Data Values Exist}
[INFO ][2015-12-04 17:13:36,437][com.java.SeleniumDriver] [  865] - --------------------------setting values-----------------------------
[INFO ][2015-12-04 17:13:36,437][com.java.SeleniumDriver] [  868] - Action Type : WAITTIME
[DEBUG][2015-12-04 17:13:36,437][com.java.TestType] [ 5237] - sleepTime: 5000
[INFO ][2015-12-04 17:13:41,438][com.java.SeleniumDriver] [  877] -  RESULT true
[INFO ][2015-12-04 17:13:41,438][com.java.SeleniumDriver] [ 1083] - ?   P A S S   ?
[INFO ][2015-12-04 17:13:41,438][com.java.SeleniumDriver] [  804] - ------------------------------------------
[INFO ][2015-12-04 17:13:41,438][com.java.SeleniumDriver] [  805] - Test case being Executed: 7
[INFO ][2015-12-04 17:13:41,438][com.java.SeleniumDriver] [  816] - Test step:27
[INFO ][2015-12-04 17:13:41,438][com.java.SeleniumDriver] [  828] - Datavalue is----------Forecasting 
[INFO ][2015-12-04 17:13:41,438][com.java.SeleniumDriver] [  852] - DataField : TTL
[INFO ][2015-12-04 17:13:41,438][com.java.SeleniumDriver] [  854] - DataValue : Forecasting 
[INFO ][2015-12-04 17:13:41,438][com.java.SeleniumDriver] [  860] - <In Set values of the page>
[INFO ][2015-12-04 17:13:41,438][com.java.SeleniumDriver] [  863] - {Data Fields & Data Values Exist}
[INFO ][2015-12-04 17:13:41,438][com.java.SeleniumDriver] [  865] - --------------------------setting values-----------------------------
[INFO ][2015-12-04 17:13:41,438][com.java.SeleniumDriver] [  868] - Action Type : SELECTWINDOW
[INFO ][2015-12-04 17:13:53,714][com.java.SeleniumDriver] [  877] -  RESULT true
[INFO ][2015-12-04 17:13:53,714][com.java.SeleniumDriver] [ 1083] - ?   P A S S   ?
[INFO ][2015-12-04 17:13:53,714][com.java.SeleniumDriver] [  804] - ------------------------------------------
[INFO ][2015-12-04 17:13:53,714][com.java.SeleniumDriver] [  805] - Test case being Executed: 7
[INFO ][2015-12-04 17:13:53,714][com.java.SeleniumDriver] [  816] - Test step:28
[INFO ][2015-12-04 17:13:53,714][com.java.SeleniumDriver] [  828] - Datavalue is----------2
[INFO ][2015-12-04 17:13:53,714][com.java.SeleniumDriver] [  852] - DataField : DSP//span[@id='ui-dialog-title-mdDialog']
[INFO ][2015-12-04 17:13:53,714][com.java.SeleniumDriver] [  854] - DataValue : 2
[INFO ][2015-12-04 17:13:53,714][com.java.SeleniumDriver] [  860] - <In Set values of the page>
[INFO ][2015-12-04 17:13:53,714][com.java.SeleniumDriver] [  863] - {Data Fields & Data Values Exist}
[INFO ][2015-12-04 17:13:53,714][com.java.SeleniumDriver] [  865] - --------------------------setting values-----------------------------
[INFO ][2015-12-04 17:13:53,714][com.java.SeleniumDriver] [  868] - Action Type : WAITFORELEMENT
