[INFO ][2016-01-07 19:57:12,649][com.java.SeleniumDriver] [  213] - Execute Failed Casesfalse
[INFO ][2016-01-07 19:57:12,649][com.java.SeleniumDriver] [  214] - Browser: IE10
[INFO ][2016-01-07 19:57:12,649][com.java.SeleniumDriver] [  215] - [1, 2, 3]
[INFO ][2016-01-07 19:57:12,649][com.java.SeleniumDriver] [  216] - Total TestCases:3
[INFO ][2016-01-07 19:57:12,649][com.java.SeleniumDriver] [  217] -  Reading Properties from Property File 
[DEBUG][2016-01-07 19:57:12,649][com.java.SeleniumDriver] [  238] - url : https://clients-xuat.bankersdashboard.com
[INFO ][2016-01-07 19:57:12,649][com.java.ImportnExport.ExportTestResultsExcel] [  116] - Time Stamp Thu Jan 07 07:57:12 IST 2016
[INFO ][2016-01-07 19:57:12,649][com.java.ImportnExport.ExportTestResultsExcel] [  175] - OUT FILE : D:\BankersDashboard/TestReports/Test Results_BankersDashBoard_010716_195712_IE10_First Bank.xls
[INFO ][2016-01-07 19:57:12,681][com.java.ImportnExport.ExportTestResultsExcel] [  180] - Test Result file is created
[DEBUG][2016-01-07 19:57:12,790][com.java.SeleniumDriver] [  426] - Hub ip address is-------172.17.68.34
[INFO ][2016-01-07 19:57:12,790][com.java.SeleniumDriver] [  452] - Grid URL:http://172.17.68.34:4444/wd/hub
[INFO ][2016-01-07 19:57:12,790][com.java.SeleniumDriver] [  453] - Capability:Capabilities [{platform=ANY, ensureCleanSession=true, ignoreProtectedModeSettings=true, acceptSslCerts=true, ignoreZoomSetting=true, browserName=internet explorer, browserstack.ie.noFlash=true, version=null}]
[ERROR][2016-01-07 19:57:14,085][com.java.SeleniumDriver] [  498] - Unable invoke browser in grid:Could not start a new session. Possible causes are invalid address of the remote server or browser start-up failure.
Build info: version: '2.48.2', revision: '41bccdd', time: '2015-10-09 19:59:12'
System info: host: 'FVTIII438F1D', ip: '172.17.68.34', os.name: 'Windows 7', os.arch: 'x86', os.version: '6.1', java.version: '1.7.0_55'
Driver info: driver.version: SeleniumDriver
[INFO ][2016-01-07 19:57:14,085][com.java.SeleniumDriver] [  500] - Executing on local machine
[INFO ][2016-01-07 19:57:25,969][com.java.SeleniumDriver] [  248] - IE10is opened
[INFO ][2016-01-07 19:57:26,814][com.java.SeleniumDriver] [  756] - Test cases to be executed are: [1, 2, 3]
[INFO ][2016-01-07 19:57:26,815][com.java.ImportnExport.ImportTestDataDetailsExcel] [   49] - test data details path===== D:\BankersDashboard\TestInputs\TestData.xls
[INFO ][2016-01-07 19:57:26,916][com.java.SeleniumDriver] [  832] - ------------------------------------------
[INFO ][2016-01-07 19:57:26,916][com.java.SeleniumDriver] [  833] - Test case being Executed: 1
[INFO ][2016-01-07 19:57:26,916][com.java.SeleniumDriver] [  845] - Test step:1
[INFO ][2016-01-07 19:57:26,916][com.java.SeleniumDriver] [  857] - Datavalue is----------Concept#1:1-16
[INFO ][2016-01-07 19:57:26,916][com.java.SeleniumDriver] [  881] - DataField : test
[INFO ][2016-01-07 19:57:26,916][com.java.SeleniumDriver] [  883] - DataValue : Concept#1:1-16
[INFO ][2016-01-07 19:57:26,916][com.java.SeleniumDriver] [  889] - <In Set values of the page>
[INFO ][2016-01-07 19:57:26,916][com.java.SeleniumDriver] [  892] - {Data Fields & Data Values Exist}
[INFO ][2016-01-07 19:57:26,916][com.java.SeleniumDriver] [  894] - --------------------------setting values-----------------------------
[INFO ][2016-01-07 19:57:26,916][com.java.SeleniumDriver] [  897] - Action Type : ExecuteTestCase
[INFO ][2016-01-07 19:57:26,932][com.java.TestType] [  437] - The Concept sheet name is ---------- Concept
[INFO ][2016-01-07 19:57:26,932][com.java.TestType] [  440] - The Concept ID  is ---------- 1
[DEBUG][2016-01-07 19:57:26,932][com.java.TestType] [  444] - Steps being executted in the Concept are: 1:16
[INFO ][2016-01-07 19:57:26,932][com.java.TestType] [  451] - Test data details path ---------- D:\BankersDashboard\TestInputs\TestData.xls
[INFO ][2016-01-07 19:57:26,963][com.java.TestType] [  482] -  str(1) = 1
[INFO ][2016-01-07 19:57:26,963][com.java.TestType] [  485] - Test case Id is---1
[INFO ][2016-01-07 19:57:26,963][com.java.TestType] [  487] - 1
[INFO ][2016-01-07 19:57:26,963][com.java.TestType] [  482] -  str(2) = 1
[INFO ][2016-01-07 19:57:26,963][com.java.TestType] [  482] -  str(1) = 1
[INFO ][2016-01-07 19:57:26,963][com.java.TestType] [  485] - Test case Id is---1
[INFO ][2016-01-07 19:57:26,963][com.java.TestType] [  487] - 1
[INFO ][2016-01-07 19:57:26,963][com.java.TestType] [  482] -  str(2) = 2
[INFO ][2016-01-07 19:57:26,963][com.java.TestType] [  482] -  str(1) = 1
[INFO ][2016-01-07 19:57:26,963][com.java.TestType] [  485] - Test case Id is---1
[INFO ][2016-01-07 19:57:26,963][com.java.TestType] [  487] - 1
[INFO ][2016-01-07 19:57:26,963][com.java.TestType] [  482] -  str(2) = 3
[INFO ][2016-01-07 19:57:26,963][com.java.TestType] [  482] -  str(1) = 1
[INFO ][2016-01-07 19:57:26,963][com.java.TestType] [  485] - Test case Id is---1
[INFO ][2016-01-07 19:57:26,963][com.java.TestType] [  487] - 1
[INFO ][2016-01-07 19:57:26,963][com.java.TestType] [  482] -  str(2) = 4
[INFO ][2016-01-07 19:57:26,963][com.java.TestType] [  482] -  str(1) = 1
[INFO ][2016-01-07 19:57:26,963][com.java.TestType] [  485] - Test case Id is---1
[INFO ][2016-01-07 19:57:26,963][com.java.TestType] [  487] - 1
[INFO ][2016-01-07 19:57:26,963][com.java.TestType] [  482] -  str(2) = 5
[INFO ][2016-01-07 19:57:26,963][com.java.TestType] [  482] -  str(1) = 1
[INFO ][2016-01-07 19:57:26,963][com.java.TestType] [  485] - Test case Id is---1
[INFO ][2016-01-07 19:57:26,963][com.java.TestType] [  487] - 1
[INFO ][2016-01-07 19:57:26,979][com.java.TestType] [  482] -  str(2) = 6
[INFO ][2016-01-07 19:57:26,979][com.java.TestType] [  482] -  str(1) = 1
[INFO ][2016-01-07 19:57:26,979][com.java.TestType] [  485] - Test case Id is---1
[INFO ][2016-01-07 19:57:26,979][com.java.TestType] [  487] - 1
[INFO ][2016-01-07 19:57:26,979][com.java.TestType] [  482] -  str(2) = 7
[INFO ][2016-01-07 19:57:26,979][com.java.TestType] [  482] -  str(1) = 1
[INFO ][2016-01-07 19:57:26,979][com.java.TestType] [  485] - Test case Id is---1
[INFO ][2016-01-07 19:57:26,979][com.java.TestType] [  487] - 1
[INFO ][2016-01-07 19:57:26,979][com.java.TestType] [  482] -  str(2) = 8
[INFO ][2016-01-07 19:57:26,979][com.java.TestType] [  482] -  str(1) = 1
[INFO ][2016-01-07 19:57:26,979][com.java.TestType] [  485] - Test case Id is---1
[INFO ][2016-01-07 19:57:26,979][com.java.TestType] [  487] - 1
[INFO ][2016-01-07 19:57:26,979][com.java.TestType] [  482] -  str(2) = 9
[INFO ][2016-01-07 19:57:26,979][com.java.TestType] [  482] -  str(1) = 1
[INFO ][2016-01-07 19:57:26,979][com.java.TestType] [  485] - Test case Id is---1
[INFO ][2016-01-07 19:57:26,979][com.java.TestType] [  487] - 1
[INFO ][2016-01-07 19:57:26,979][com.java.TestType] [  482] -  str(2) = 10
[INFO ][2016-01-07 19:57:26,979][com.java.TestType] [  482] -  str(1) = 1
[INFO ][2016-01-07 19:57:26,979][com.java.TestType] [  485] - Test case Id is---1
[INFO ][2016-01-07 19:57:26,979][com.java.TestType] [  487] - 1
[INFO ][2016-01-07 19:57:26,979][com.java.TestType] [  482] -  str(2) = 11
[INFO ][2016-01-07 19:57:26,979][com.java.TestType] [  482] -  str(1) = 1
[INFO ][2016-01-07 19:57:26,979][com.java.TestType] [  485] - Test case Id is---1
[INFO ][2016-01-07 19:57:26,979][com.java.TestType] [  487] - 1
[INFO ][2016-01-07 19:57:26,979][com.java.TestType] [  482] -  str(2) = 12
[INFO ][2016-01-07 19:57:26,979][com.java.TestType] [  482] -  str(1) = 1
[INFO ][2016-01-07 19:57:26,979][com.java.TestType] [  485] - Test case Id is---1
[INFO ][2016-01-07 19:57:26,979][com.java.TestType] [  487] - 1
[INFO ][2016-01-07 19:57:26,979][com.java.TestType] [  482] -  str(2) = 13
[INFO ][2016-01-07 19:57:26,979][com.java.TestType] [  482] -  str(1) = 1
[INFO ][2016-01-07 19:57:26,979][com.java.TestType] [  485] - Test case Id is---1
[INFO ][2016-01-07 19:57:26,979][com.java.TestType] [  487] - 1
[INFO ][2016-01-07 19:57:26,979][com.java.TestType] [  482] -  str(2) = 14
[INFO ][2016-01-07 19:57:26,979][com.java.TestType] [  482] -  str(1) = 1
[INFO ][2016-01-07 19:57:26,979][com.java.TestType] [  485] - Test case Id is---1
[INFO ][2016-01-07 19:57:26,979][com.java.TestType] [  487] - 1
[INFO ][2016-01-07 19:57:26,979][com.java.TestType] [  482] -  str(2) = 15
[INFO ][2016-01-07 19:57:26,979][com.java.TestType] [  482] -  str(1) = 1
[INFO ][2016-01-07 19:57:26,979][com.java.TestType] [  485] - Test case Id is---1
[INFO ][2016-01-07 19:57:26,979][com.java.TestType] [  487] - 1
[INFO ][2016-01-07 19:57:26,979][com.java.TestType] [  482] -  str(2) = 16
[INFO ][2016-01-07 19:57:26,979][com.java.TestType] [10822] - Looping 1TCID = 1
[DEBUG][2016-01-07 19:57:26,979][com.java.TestType] [10863] - Concept ID:1 :: Step being Executed: 1::1
[INFO ][2016-01-07 19:57:26,979][com.java.TestType] [10901] - dataFields : TXTusername
[DEBUG][2016-01-07 19:57:26,979][com.java.TestType] [10907] - <In Set values of the page>
[DEBUG][2016-01-07 19:57:26,979][com.java.TestType] [10912] - {Data Fields & Data Values Exist}
[INFO ][2016-01-07 19:57:26,979][com.java.TestType] [10918] - --------------------------setting values-----------------------------
[INFO ][2016-01-07 19:57:26,979][com.java.TestType] [10921] - Action Type : CLEARANDENTER
[INFO ][2016-01-07 19:57:26,979][com.java.TestType] [ 5895] - value = valuelabs.ie10.15019
[INFO ][2016-01-07 19:57:31,941][com.java.TestType] [10940] -  RESULT true
[INFO ][2016-01-07 19:57:31,941][com.java.TestType] [11057] - ?   P A S S   ?
[DEBUG][2016-01-07 19:57:31,941][com.java.TestType] [10863] - Concept ID:1 :: Step being Executed: 1::2
[INFO ][2016-01-07 19:57:31,941][com.java.TestType] [10901] - dataFields : TXTpassword
[DEBUG][2016-01-07 19:57:31,941][com.java.TestType] [10907] - <In Set values of the page>
[DEBUG][2016-01-07 19:57:31,941][com.java.TestType] [10912] - {Data Fields & Data Values Exist}
[INFO ][2016-01-07 19:57:31,941][com.java.TestType] [10918] - --------------------------setting values-----------------------------
[INFO ][2016-01-07 19:57:31,941][com.java.TestType] [10921] - Action Type : CLEARANDENTER
[INFO ][2016-01-07 19:57:31,941][com.java.TestType] [ 5895] - value = Password1*
[INFO ][2016-01-07 19:57:36,986][com.java.TestType] [10940] -  RESULT true
[INFO ][2016-01-07 19:57:36,986][com.java.TestType] [11057] - ?   P A S S   ?
[DEBUG][2016-01-07 19:57:36,986][com.java.TestType] [10863] - Concept ID:1 :: Step being Executed: 1::3
[ERROR][2016-01-07 19:57:36,986][com.java.TestType] [10896] - Exception: null
[INFO ][2016-01-07 19:57:36,986][com.java.TestType] [10901] - dataFields : XPH//button[@type='submit']
[DEBUG][2016-01-07 19:57:36,986][com.java.TestType] [10907] - <In Set values of the page>
[DEBUG][2016-01-07 19:57:36,986][com.java.TestType] [10912] - {Data Fields & Data Values Exist}
[INFO ][2016-01-07 19:57:36,986][com.java.TestType] [10918] - --------------------------setting values-----------------------------
[INFO ][2016-01-07 19:57:36,986][com.java.TestType] [10921] - Action Type : Click
[INFO ][2016-01-07 19:57:36,986][com.java.TestType] [ 6274] - Field ::XPH//button[@type='submit']
[INFO ][2016-01-07 19:57:36,986][com.java.TestType] [ 5895] - value = 
[INFO ][2016-01-07 19:57:38,000][com.java.TestType] [ 6411] - BEFORE CLICK
[INFO ][2016-01-07 19:57:41,575][com.java.TestType] [ 6419] - Unable to click the object Login
[INFO ][2016-01-07 19:57:41,575][com.java.TestType] [10940] -  RESULT true
[INFO ][2016-01-07 19:57:41,575][com.java.TestType] [11057] - ?   P A S S   ?
[DEBUG][2016-01-07 19:57:41,575][com.java.TestType] [10863] - Concept ID:1 :: Step being Executed: 1::4
[INFO ][2016-01-07 19:57:41,575][com.java.TestType] [10901] - dataFields : LNKLogout
[DEBUG][2016-01-07 19:57:41,575][com.java.TestType] [10907] - <In Set values of the page>
[DEBUG][2016-01-07 19:57:41,575][com.java.TestType] [10912] - {Data Fields & Data Values Exist}
[INFO ][2016-01-07 19:57:41,575][com.java.TestType] [10918] - --------------------------setting values-----------------------------
[INFO ][2016-01-07 19:57:41,575][com.java.TestType] [10921] - Action Type : WaitForElement
[INFO ][2016-01-07 19:57:41,892][com.java.TestType] [10940] -  RESULT true
[INFO ][2016-01-07 19:57:41,892][com.java.TestType] [11057] - ?   P A S S   ?
[DEBUG][2016-01-07 19:57:41,892][com.java.TestType] [10863] - Concept ID:1 :: Step being Executed: 1::15
[INFO ][2016-01-07 19:57:41,892][com.java.TestType] [10901] - dataFields : LNK
[DEBUG][2016-01-07 19:57:41,892][com.java.TestType] [10907] - <In Set values of the page>
[DEBUG][2016-01-07 19:57:41,892][com.java.TestType] [10912] - {Data Fields & Data Values Exist}
[INFO ][2016-01-07 19:57:41,892][com.java.TestType] [10918] - --------------------------setting values-----------------------------
[INFO ][2016-01-07 19:57:41,892][com.java.TestType] [10921] - Action Type : Verify
[INFO ][2016-01-07 19:57:41,892][com.java.TestType] [ 7269] - field= LNK value= Logout
[INFO ][2016-01-07 19:57:41,895][com.java.TestType] [ 5895] - value = Logout
[INFO ][2016-01-07 19:57:42,035][com.java.TestType] [10940] -  RESULT true
[INFO ][2016-01-07 19:57:42,035][com.java.TestType] [11057] - ?   P A S S   ?
[DEBUG][2016-01-07 19:57:42,035][com.java.TestType] [10863] - Concept ID:1 :: Step being Executed: 1::16
[INFO ][2016-01-07 19:57:42,035][com.java.TestType] [10901] - dataFields : BTN
[DEBUG][2016-01-07 19:57:42,035][com.java.TestType] [10907] - <In Set values of the page>
[DEBUG][2016-01-07 19:57:42,035][com.java.TestType] [10912] - {Data Fields & Data Values Exist}
[INFO ][2016-01-07 19:57:42,035][com.java.TestType] [10918] - --------------------------setting values-----------------------------
[INFO ][2016-01-07 19:57:42,035][com.java.TestType] [10921] - Action Type : Verify
[INFO ][2016-01-07 19:57:42,035][com.java.TestType] [ 7269] - field= BTN value= //img[contains(@src,'bdlogo.jpg')]
[INFO ][2016-01-07 19:57:42,035][com.java.TestType] [ 5895] - value = //img[contains(@src,'bdlogo.jpg')]
[INFO ][2016-01-07 19:57:42,139][com.java.TestType] [10940] -  RESULT true
[INFO ][2016-01-07 19:57:42,139][com.java.TestType] [11057] - ?   P A S S   ?
[INFO ][2016-01-07 19:57:42,139][com.java.TestType] [11128] - Looping End......
[INFO ][2016-01-07 19:57:42,141][com.java.SeleniumDriver] [  906] -  RESULT true
[INFO ][2016-01-07 19:57:42,144][com.java.SeleniumDriver] [ 1112] - ?   P A S S   ?
[INFO ][2016-01-07 19:57:42,144][com.java.SeleniumDriver] [  832] - ------------------------------------------
[INFO ][2016-01-07 19:57:42,144][com.java.SeleniumDriver] [  833] - Test case being Executed: 1
[INFO ][2016-01-07 19:57:42,144][com.java.SeleniumDriver] [  845] - Test step:2
[INFO ][2016-01-07 19:57:42,144][com.java.SeleniumDriver] [  857] - Datavalue is----------Concept#2:1-2
[INFO ][2016-01-07 19:57:42,144][com.java.SeleniumDriver] [  881] - DataField : test
[INFO ][2016-01-07 19:57:42,144][com.java.SeleniumDriver] [  883] - DataValue : Concept#2:1-2
[INFO ][2016-01-07 19:57:42,144][com.java.SeleniumDriver] [  889] - <In Set values of the page>
[INFO ][2016-01-07 19:57:42,144][com.java.SeleniumDriver] [  892] - {Data Fields & Data Values Exist}
[INFO ][2016-01-07 19:57:42,144][com.java.SeleniumDriver] [  894] - --------------------------setting values-----------------------------
[INFO ][2016-01-07 19:57:42,144][com.java.SeleniumDriver] [  897] - Action Type : ExecuteTestCase
[INFO ][2016-01-07 19:57:42,144][com.java.TestType] [  437] - The Concept sheet name is ---------- Concept
[INFO ][2016-01-07 19:57:42,144][com.java.TestType] [  440] - The Concept ID  is ---------- 2
[DEBUG][2016-01-07 19:57:42,144][com.java.TestType] [  444] - Steps being executted in the Concept are: 1:2
[INFO ][2016-01-07 19:57:42,144][com.java.TestType] [  451] - Test data details path ---------- D:\BankersDashboard\TestInputs\TestData.xls
[INFO ][2016-01-07 19:57:42,171][com.java.TestType] [  482] -  str(1) = 2
[INFO ][2016-01-07 19:57:42,171][com.java.TestType] [  485] - Test case Id is---2
[INFO ][2016-01-07 19:57:42,171][com.java.TestType] [  487] - 2
[INFO ][2016-01-07 19:57:42,171][com.java.TestType] [  482] -  str(2) = 1
[INFO ][2016-01-07 19:57:42,174][com.java.TestType] [  482] -  str(1) = 2
[INFO ][2016-01-07 19:57:42,174][com.java.TestType] [  485] - Test case Id is---2
[INFO ][2016-01-07 19:57:42,174][com.java.TestType] [  487] - 2
[INFO ][2016-01-07 19:57:42,174][com.java.TestType] [  482] -  str(2) = 2
[INFO ][2016-01-07 19:57:42,174][com.java.TestType] [  482] -  str(1) = 2
[INFO ][2016-01-07 19:57:42,174][com.java.TestType] [  485] - Test case Id is---2
[INFO ][2016-01-07 19:57:42,174][com.java.TestType] [  487] - 2
[INFO ][2016-01-07 19:57:42,174][com.java.TestType] [  482] -  str(2) = 3
[INFO ][2016-01-07 19:57:42,176][com.java.TestType] [10822] - Looping 1TCID = 2
[DEBUG][2016-01-07 19:57:42,176][com.java.TestType] [10863] - Concept ID:2 :: Step being Executed: 2::1
[INFO ][2016-01-07 19:57:42,176][com.java.TestType] [10901] - dataFields : BNK//select[@id='bank']
[DEBUG][2016-01-07 19:57:42,176][com.java.TestType] [10907] - <In Set values of the page>
[DEBUG][2016-01-07 19:57:42,176][com.java.TestType] [10912] - {Data Fields & Data Values Exist}
[INFO ][2016-01-07 19:57:42,176][com.java.TestType] [10918] - --------------------------setting values-----------------------------
[INFO ][2016-01-07 19:57:42,176][com.java.TestType] [10921] - Action Type : Select
[INFO ][2016-01-07 19:57:42,176][com.java.TestType] [ 5895] - value = PFC
[INFO ][2016-01-07 19:57:42,379][com.java.TestType] [10940] -  RESULT true
[INFO ][2016-01-07 19:57:42,379][com.java.TestType] [11057] - ?   P A S S   ?
[DEBUG][2016-01-07 19:57:42,379][com.java.TestType] [10863] - Concept ID:2 :: Step being Executed: 2::2
[INFO ][2016-01-07 19:57:42,379][com.java.TestType] [10901] - dataFields : LNKLogout
[DEBUG][2016-01-07 19:57:42,379][com.java.TestType] [10907] - <In Set values of the page>
[DEBUG][2016-01-07 19:57:42,379][com.java.TestType] [10912] - {Data Fields & Data Values Exist}
[INFO ][2016-01-07 19:57:42,379][com.java.TestType] [10918] - --------------------------setting values-----------------------------
[INFO ][2016-01-07 19:57:42,379][com.java.TestType] [10921] - Action Type : WaitTime
[DEBUG][2016-01-07 19:57:42,379][com.java.TestType] [ 5715] - sleepTime: 5000
[INFO ][2016-01-07 19:57:47,415][com.java.TestType] [10940] -  RESULT true
[INFO ][2016-01-07 19:57:47,415][com.java.TestType] [11057] - ?   P A S S   ?
[INFO ][2016-01-07 19:57:47,415][com.java.TestType] [11128] - Looping End......
[INFO ][2016-01-07 19:57:47,415][com.java.SeleniumDriver] [  906] -  RESULT true
[INFO ][2016-01-07 19:57:47,415][com.java.SeleniumDriver] [ 1112] - ?   P A S S   ?
[INFO ][2016-01-07 19:57:47,415][com.java.SeleniumDriver] [  832] - ------------------------------------------
[INFO ][2016-01-07 19:57:47,415][com.java.SeleniumDriver] [  833] - Test case being Executed: 1
[INFO ][2016-01-07 19:57:47,415][com.java.SeleniumDriver] [  845] - Test step:3
[INFO ][2016-01-07 19:57:47,415][com.java.SeleniumDriver] [  857] - Datavalue is----------2
[INFO ][2016-01-07 19:57:47,415][com.java.SeleniumDriver] [  881] - DataField : XPH//button[contains(text(),'Add Content')]
[INFO ][2016-01-07 19:57:47,415][com.java.SeleniumDriver] [  883] - DataValue : 2
[INFO ][2016-01-07 19:57:47,415][com.java.SeleniumDriver] [  889] - <In Set values of the page>
[INFO ][2016-01-07 19:57:47,415][com.java.SeleniumDriver] [  892] - {Data Fields & Data Values Exist}
[INFO ][2016-01-07 19:57:47,415][com.java.SeleniumDriver] [  894] - --------------------------setting values-----------------------------
[INFO ][2016-01-07 19:57:47,415][com.java.SeleniumDriver] [  897] - Action Type : WAITFORELEMENT
[INFO ][2016-01-07 19:57:47,463][com.java.SeleniumDriver] [  906] -  RESULT true
[INFO ][2016-01-07 19:57:47,463][com.java.SeleniumDriver] [ 1112] - ?   P A S S   ?
[DEBUG][2016-01-07 19:57:47,463][com.java.SeleniumDriver] [ 1224] - Case found
[DEBUG][2016-01-07 19:57:47,463][com.java.SeleniumDriver] [ 1229] - Incrementing ReportCounters[0]:1
[INFO ][2016-01-07 19:57:47,463][com.java.SeleniumDriver] [ 1248] - The results are-------------------[1, 1, Valid Login, Pass, , Thu Jan 07 19:57:42 IST 2016, 1, 2, Valid Login, Pass, , Thu Jan 07 19:57:47 IST 2016, 1, 3, Valid Login, Pass, , Thu Jan 07 19:57:47 IST 2016]
[INFO ][2016-01-07 19:57:47,463][com.java.SeleniumDriver] [ 1252] - End time is-------37 sec
[INFO ][2016-01-07 19:57:47,463][com.java.SeleniumDriver] [ 1253] - The results are-------------------[1, 1, Valid Login, Pass, , Thu Jan 07 19:57:42 IST 2016, 1, 2, Valid Login, Pass, , Thu Jan 07 19:57:47 IST 2016, 1, 3, Valid Login, Pass, , Thu Jan 07 19:57:47 IST 2016]
[DEBUG][2016-01-07 19:57:47,463][com.java.ImportnExport.ExportTestResultsExcel] [  222] - testResultPath = D:\BankersDashboard/TestReports/Test Results_BankersDashBoard_010716_195712_IE10_First Bank.xls
[DEBUG][2016-01-07 19:57:47,463][com.java.ImportnExport.ExportTestResultsExcel] [  223] - browser is------------IE10
[DEBUG][2016-01-07 19:57:47,510][com.java.ImportnExport.ExportTestResultsExcel] [  270] - result.size() = 18
[DEBUG][2016-01-07 19:57:47,510][com.java.ImportnExport.ExportTestResultsExcel] [  274] - No of rows in sheet=1
[DEBUG][2016-01-07 19:57:47,510][com.java.ImportnExport.ExportTestResultsExcel] [  301] - ..in export..1
[DEBUG][2016-01-07 19:57:47,510][com.java.ImportnExport.ExportTestResultsExcel] [  301] - ..in export..Valid Login
[DEBUG][2016-01-07 19:57:47,510][com.java.ImportnExport.ExportTestResultsExcel] [  301] - ..in export..Pass
[DEBUG][2016-01-07 19:57:47,510][com.java.ImportnExport.ExportTestResultsExcel] [  301] - ..in export..
[DEBUG][2016-01-07 19:57:47,510][com.java.ImportnExport.ExportTestResultsExcel] [  301] - ..in export..Thu Jan 07 19:57:42 IST 2016
[INFO ][2016-01-07 19:57:47,510][com.java.SeleniumDriver] [ 1313] - out loop:0 size:3 TestCases:[1, 2, 3] testcases:[1, 2, 3]
[INFO ][2016-01-07 19:57:47,510][com.java.ImportnExport.ImportTestDataDetailsExcel] [   49] - test data details path===== D:\BankersDashboard\TestInputs\TestData.xls
[INFO ][2016-01-07 19:58:08,112][com.java.SeleniumDriver] [  832] - ------------------------------------------
[INFO ][2016-01-07 19:58:08,112][com.java.SeleniumDriver] [  833] - Test case being Executed: 2
[INFO ][2016-01-07 19:58:08,112][com.java.SeleniumDriver] [  845] - Test step:1
[INFO ][2016-01-07 19:58:08,112][com.java.SeleniumDriver] [  857] - Datavalue is----------Logout
[INFO ][2016-01-07 19:58:08,112][com.java.SeleniumDriver] [  881] - DataField : BTN
[INFO ][2016-01-07 19:58:08,112][com.java.SeleniumDriver] [  883] - DataValue : Logout
[INFO ][2016-01-07 19:58:08,112][com.java.SeleniumDriver] [  889] - <In Set values of the page>
[INFO ][2016-01-07 19:58:08,112][com.java.SeleniumDriver] [  892] - {Data Fields & Data Values Exist}
[INFO ][2016-01-07 19:58:08,112][com.java.SeleniumDriver] [  894] - --------------------------setting values-----------------------------
[INFO ][2016-01-07 19:58:08,112][com.java.SeleniumDriver] [  897] - Action Type : Verify
[INFO ][2016-01-07 19:58:08,112][com.java.TestType] [ 7269] - field= BTN value= Logout
[INFO ][2016-01-07 19:58:08,112][com.java.TestType] [ 5895] - value = Logout
[INFO ][2016-01-07 19:58:08,175][com.java.SeleniumDriver] [  906] -  RESULT true
[INFO ][2016-01-07 19:58:08,175][com.java.SeleniumDriver] [ 1112] - ?   P A S S   ?
[INFO ][2016-01-07 19:58:08,175][com.java.SeleniumDriver] [ 1154] - step change to 3
[INFO ][2016-01-07 19:58:08,175][com.java.SeleniumDriver] [  832] - ------------------------------------------
[INFO ][2016-01-07 19:58:08,175][com.java.SeleniumDriver] [  833] - Test case being Executed: 2
[INFO ][2016-01-07 19:58:08,175][com.java.SeleniumDriver] [  845] - Test step:3
[INFO ][2016-01-07 19:58:08,175][com.java.SeleniumDriver] [  857] - Datavalue is----------null
[DEBUG][2016-01-07 19:58:08,175][com.java.SeleniumDriver] [  875] - Exception: null
[INFO ][2016-01-07 19:58:08,175][com.java.SeleniumDriver] [  881] - DataField : //span[@class='icon-user4']&&//a[text()='Users']&&//a[@data-id="ModifyUsers"]
[INFO ][2016-01-07 19:58:08,175][com.java.SeleniumDriver] [  883] - DataValue : 
[INFO ][2016-01-07 19:58:08,175][com.java.SeleniumDriver] [  889] - <In Set values of the page>
[INFO ][2016-01-07 19:58:08,175][com.java.SeleniumDriver] [  892] - {Data Fields & Data Values Exist}
[INFO ][2016-01-07 19:58:08,175][com.java.SeleniumDriver] [  894] - --------------------------setting values-----------------------------
[INFO ][2016-01-07 19:58:08,175][com.java.SeleniumDriver] [  897] - Action Type : MouseOver
[INFO ][2016-01-07 19:58:35,536][com.java.SeleniumDriver] [  906] -  RESULT true
[INFO ][2016-01-07 19:58:35,536][com.java.SeleniumDriver] [ 1112] - ?   P A S S   ?
[INFO ][2016-01-07 19:58:35,536][com.java.SeleniumDriver] [  832] - ------------------------------------------
[INFO ][2016-01-07 19:58:35,536][com.java.SeleniumDriver] [  833] - Test case being Executed: 2
[INFO ][2016-01-07 19:58:35,536][com.java.SeleniumDriver] [  845] - Test step:4
[INFO ][2016-01-07 19:58:35,536][com.java.SeleniumDriver] [  857] - Datavalue is----------2
[INFO ][2016-01-07 19:58:35,536][com.java.SeleniumDriver] [  881] - DataField : BTNframeDialogContent
[INFO ][2016-01-07 19:58:35,536][com.java.SeleniumDriver] [  883] - DataValue : 2
[INFO ][2016-01-07 19:58:35,536][com.java.SeleniumDriver] [  889] - <In Set values of the page>
[INFO ][2016-01-07 19:58:35,536][com.java.SeleniumDriver] [  892] - {Data Fields & Data Values Exist}
[INFO ][2016-01-07 19:58:35,536][com.java.SeleniumDriver] [  894] - --------------------------setting values-----------------------------
[INFO ][2016-01-07 19:58:35,536][com.java.SeleniumDriver] [  897] - Action Type : WaitForElement
[INFO ][2016-01-07 19:58:36,769][com.java.SeleniumDriver] [  906] -  RESULT true
[INFO ][2016-01-07 19:58:36,769][com.java.SeleniumDriver] [ 1112] - ?   P A S S   ?
[INFO ][2016-01-07 19:58:36,769][com.java.SeleniumDriver] [  832] - ------------------------------------------
[INFO ][2016-01-07 19:58:36,769][com.java.SeleniumDriver] [  833] - Test case being Executed: 2
[INFO ][2016-01-07 19:58:36,769][com.java.SeleniumDriver] [  845] - Test step:5
[INFO ][2016-01-07 19:58:36,769][com.java.SeleniumDriver] [  857] - Datavalue is----------null
[DEBUG][2016-01-07 19:58:36,769][com.java.SeleniumDriver] [  875] - Exception: null
[INFO ][2016-01-07 19:58:36,769][com.java.SeleniumDriver] [  881] - DataField : BTNframeDialogContent
[INFO ][2016-01-07 19:58:36,769][com.java.SeleniumDriver] [  883] - DataValue : 
[INFO ][2016-01-07 19:58:36,769][com.java.SeleniumDriver] [  889] - <In Set values of the page>
[INFO ][2016-01-07 19:58:36,769][com.java.SeleniumDriver] [  892] - {Data Fields & Data Values Exist}
[INFO ][2016-01-07 19:58:36,769][com.java.SeleniumDriver] [  894] - --------------------------setting values-----------------------------
[INFO ][2016-01-07 19:58:36,769][com.java.SeleniumDriver] [  897] - Action Type : SelectFrame
[INFO ][2016-01-07 19:58:38,035][com.java.SeleniumDriver] [  906] -  RESULT true
[INFO ][2016-01-07 19:58:38,035][com.java.SeleniumDriver] [ 1112] - ?   P A S S   ?
[INFO ][2016-01-07 19:58:38,035][com.java.SeleniumDriver] [  832] - ------------------------------------------
[INFO ][2016-01-07 19:58:38,035][com.java.SeleniumDriver] [  833] - Test case being Executed: 2
[INFO ][2016-01-07 19:58:38,035][com.java.SeleniumDriver] [  845] - Test step:6
[INFO ][2016-01-07 19:58:38,035][com.java.SeleniumDriver] [  857] - Datavalue is----------2
[INFO ][2016-01-07 19:58:38,035][com.java.SeleniumDriver] [  881] - DataField : BTNbtnAddUser
[INFO ][2016-01-07 19:58:38,035][com.java.SeleniumDriver] [  883] - DataValue : 2
[INFO ][2016-01-07 19:58:38,035][com.java.SeleniumDriver] [  889] - <In Set values of the page>
[INFO ][2016-01-07 19:58:38,035][com.java.SeleniumDriver] [  892] - {Data Fields & Data Values Exist}
[INFO ][2016-01-07 19:58:38,035][com.java.SeleniumDriver] [  894] - --------------------------setting values-----------------------------
[INFO ][2016-01-07 19:58:38,035][com.java.SeleniumDriver] [  897] - Action Type : WaitForElement
[INFO ][2016-01-07 19:58:39,642][com.java.SeleniumDriver] [  906] -  RESULT true
[INFO ][2016-01-07 19:58:39,642][com.java.SeleniumDriver] [ 1112] - ?   P A S S   ?
[INFO ][2016-01-07 19:58:39,642][com.java.SeleniumDriver] [  832] - ------------------------------------------
[INFO ][2016-01-07 19:58:39,642][com.java.SeleniumDriver] [  833] - Test case being Executed: 2
[INFO ][2016-01-07 19:58:39,642][com.java.SeleniumDriver] [  845] - Test step:7
[INFO ][2016-01-07 19:58:39,642][com.java.SeleniumDriver] [  857] - Datavalue is----------null
[DEBUG][2016-01-07 19:58:39,642][com.java.SeleniumDriver] [  875] - Exception: null
[INFO ][2016-01-07 19:58:39,642][com.java.SeleniumDriver] [  881] - DataField : BTNbtnAddUser
[INFO ][2016-01-07 19:58:39,642][com.java.SeleniumDriver] [  883] - DataValue : 
[INFO ][2016-01-07 19:58:39,642][com.java.SeleniumDriver] [  889] - <In Set values of the page>
[INFO ][2016-01-07 19:58:39,642][com.java.SeleniumDriver] [  892] - {Data Fields & Data Values Exist}
[INFO ][2016-01-07 19:58:39,642][com.java.SeleniumDriver] [  894] - --------------------------setting values-----------------------------
[INFO ][2016-01-07 19:58:39,642][com.java.SeleniumDriver] [  897] - Action Type : Click
[INFO ][2016-01-07 19:58:39,642][com.java.TestType] [ 6274] - Field ::BTNbtnAddUser
[INFO ][2016-01-07 19:58:39,642][com.java.TestType] [ 5895] - value = 
[INFO ][2016-01-07 19:58:40,657][com.java.TestType] [ 6390] - BEFORE CLICK
[INFO ][2016-01-07 19:58:42,452][com.java.TestType] [ 6397] - Unable to click the object Add user button
[INFO ][2016-01-07 19:58:42,452][com.java.SeleniumDriver] [  906] -  RESULT true
[INFO ][2016-01-07 19:58:42,452][com.java.SeleniumDriver] [ 1112] - ?   P A S S   ?
[INFO ][2016-01-07 19:58:42,452][com.java.SeleniumDriver] [  832] - ------------------------------------------
[INFO ][2016-01-07 19:58:42,452][com.java.SeleniumDriver] [  833] - Test case being Executed: 2
[INFO ][2016-01-07 19:58:42,452][com.java.SeleniumDriver] [  845] - Test step:8
[INFO ][2016-01-07 19:58:42,452][com.java.SeleniumDriver] [  857] - Datavalue is----------2
[INFO ][2016-01-07 19:58:42,452][com.java.SeleniumDriver] [  881] - DataField : BTNtxtUserName
[INFO ][2016-01-07 19:58:42,452][com.java.SeleniumDriver] [  883] - DataValue : 2
[INFO ][2016-01-07 19:58:42,452][com.java.SeleniumDriver] [  889] - <In Set values of the page>
[INFO ][2016-01-07 19:58:42,452][com.java.SeleniumDriver] [  892] - {Data Fields & Data Values Exist}
[INFO ][2016-01-07 19:58:42,452][com.java.SeleniumDriver] [  894] - --------------------------setting values-----------------------------
[INFO ][2016-01-07 19:58:42,452][com.java.SeleniumDriver] [  897] - Action Type : WaitForElement
[INFO ][2016-01-07 19:58:43,622][com.java.SeleniumDriver] [  906] -  RESULT true
[INFO ][2016-01-07 19:58:43,622][com.java.SeleniumDriver] [ 1112] - ?   P A S S   ?
[INFO ][2016-01-07 19:58:43,622][com.java.SeleniumDriver] [  832] - ------------------------------------------
[INFO ][2016-01-07 19:58:43,622][com.java.SeleniumDriver] [  833] - Test case being Executed: 2
[INFO ][2016-01-07 19:58:43,622][com.java.SeleniumDriver] [  845] - Test step:9
[INFO ][2016-01-07 19:58:43,622][com.java.SeleniumDriver] [  857] - Datavalue is----------5
[INFO ][2016-01-07 19:58:43,622][com.java.SeleniumDriver] [  881] - DataField : TXTtxtUserName
[INFO ][2016-01-07 19:58:43,622][com.java.SeleniumDriver] [  883] - DataValue : 5
[INFO ][2016-01-07 19:58:43,622][com.java.SeleniumDriver] [  889] - <In Set values of the page>
[INFO ][2016-01-07 19:58:43,622][com.java.SeleniumDriver] [  892] - {Data Fields & Data Values Exist}
[INFO ][2016-01-07 19:58:43,622][com.java.SeleniumDriver] [  894] - --------------------------setting values-----------------------------
[INFO ][2016-01-07 19:58:43,622][com.java.SeleniumDriver] [  897] - Action Type : WaitForElement
[INFO ][2016-01-07 19:58:44,787][com.java.SeleniumDriver] [  906] -  RESULT true
[INFO ][2016-01-07 19:58:44,787][com.java.SeleniumDriver] [ 1112] - ?   P A S S   ?
[INFO ][2016-01-07 19:58:44,787][com.java.SeleniumDriver] [  832] - ------------------------------------------
[INFO ][2016-01-07 19:58:44,787][com.java.SeleniumDriver] [  833] - Test case being Executed: 2
[INFO ][2016-01-07 19:58:44,787][com.java.SeleniumDriver] [  845] - Test step:10
[INFO ][2016-01-07 19:58:44,787][com.java.SeleniumDriver] [  857] - Datavalue is----------RNDvltest.robot
[INFO ][2016-01-07 19:58:44,787][com.java.SeleniumDriver] [  881] - DataField : TXTtxtUserName
[INFO ][2016-01-07 19:58:44,787][com.java.SeleniumDriver] [  883] - DataValue : RNDvltest.robot
[INFO ][2016-01-07 19:58:44,787][com.java.SeleniumDriver] [  889] - <In Set values of the page>
[INFO ][2016-01-07 19:58:44,787][com.java.SeleniumDriver] [  892] - {Data Fields & Data Values Exist}
[INFO ][2016-01-07 19:58:44,787][com.java.SeleniumDriver] [  894] - --------------------------setting values-----------------------------
[INFO ][2016-01-07 19:58:44,787][com.java.SeleniumDriver] [  897] - Action Type : CLEARANDENTER
[INFO ][2016-01-07 19:58:44,787][com.java.TestType] [ 5895] - value = vltest.robot56199
[INFO ][2016-01-07 19:58:47,566][com.java.SeleniumDriver] [  906] -  RESULT true
[INFO ][2016-01-07 19:58:47,566][com.java.SeleniumDriver] [ 1112] - ?   P A S S   ?
[INFO ][2016-01-07 19:58:47,566][com.java.SeleniumDriver] [  832] - ------------------------------------------
[INFO ][2016-01-07 19:58:47,566][com.java.SeleniumDriver] [  833] - Test case being Executed: 2
[INFO ][2016-01-07 19:58:47,566][com.java.SeleniumDriver] [  845] - Test step:11
[INFO ][2016-01-07 19:58:47,566][com.java.SeleniumDriver] [  857] - Datavalue is----------5
[INFO ][2016-01-07 19:58:47,566][com.java.SeleniumDriver] [  881] - DataField : TXTtxtFirstName
[INFO ][2016-01-07 19:58:47,566][com.java.SeleniumDriver] [  883] - DataValue : 5
[INFO ][2016-01-07 19:58:47,566][com.java.SeleniumDriver] [  889] - <In Set values of the page>
[INFO ][2016-01-07 19:58:47,566][com.java.SeleniumDriver] [  892] - {Data Fields & Data Values Exist}
[INFO ][2016-01-07 19:58:47,566][com.java.SeleniumDriver] [  894] - --------------------------setting values-----------------------------
[INFO ][2016-01-07 19:58:47,566][com.java.SeleniumDriver] [  897] - Action Type : WaitForElement
[INFO ][2016-01-07 19:58:48,736][com.java.SeleniumDriver] [  906] -  RESULT true
[INFO ][2016-01-07 19:58:48,736][com.java.SeleniumDriver] [ 1112] - ?   P A S S   ?
[INFO ][2016-01-07 19:58:48,736][com.java.SeleniumDriver] [  832] - ------------------------------------------
[INFO ][2016-01-07 19:58:48,736][com.java.SeleniumDriver] [  833] - Test case being Executed: 2
[INFO ][2016-01-07 19:58:48,736][com.java.SeleniumDriver] [  845] - Test step:12
[INFO ][2016-01-07 19:58:48,736][com.java.SeleniumDriver] [  857] - Datavalue is----------GivenNewUserName
[INFO ][2016-01-07 19:58:48,736][com.java.SeleniumDriver] [  881] - DataField : TXTtxtUserName
[INFO ][2016-01-07 19:58:48,736][com.java.SeleniumDriver] [  883] - DataValue : GivenNewUserName
[INFO ][2016-01-07 19:58:48,736][com.java.SeleniumDriver] [  889] - <In Set values of the page>
[INFO ][2016-01-07 19:58:48,736][com.java.SeleniumDriver] [  892] - {Data Fields & Data Values Exist}
[INFO ][2016-01-07 19:58:48,736][com.java.SeleniumDriver] [  894] - --------------------------setting values-----------------------------
[INFO ][2016-01-07 19:58:48,736][com.java.SeleniumDriver] [  897] - Action Type : STOREVALUE
[INFO ][2016-01-07 19:58:48,736][com.java.TestType] [ 8612] - field= TXTtxtUserName
[DEBUG][2016-01-07 19:58:49,940][com.java.TestType] [ 8626] - Key:: GivenNewUserName  Value:: vltest.robot56199
[INFO ][2016-01-07 19:58:49,940][com.java.SeleniumDriver] [  906] -  RESULT true
[INFO ][2016-01-07 19:58:49,940][com.java.SeleniumDriver] [ 1112] - ?   P A S S   ?
[INFO ][2016-01-07 19:58:49,940][com.java.SeleniumDriver] [  832] - ------------------------------------------
[INFO ][2016-01-07 19:58:49,940][com.java.SeleniumDriver] [  833] - Test case being Executed: 2
[INFO ][2016-01-07 19:58:49,940][com.java.SeleniumDriver] [  845] - Test step:13
[INFO ][2016-01-07 19:58:49,940][com.java.SeleniumDriver] [  857] - Datavalue is----------VLTest
[INFO ][2016-01-07 19:58:49,940][com.java.SeleniumDriver] [  881] - DataField : TXTtxtFirstName
[INFO ][2016-01-07 19:58:49,940][com.java.SeleniumDriver] [  883] - DataValue : VLTest
[INFO ][2016-01-07 19:58:49,940][com.java.SeleniumDriver] [  889] - <In Set values of the page>
[INFO ][2016-01-07 19:58:49,940][com.java.SeleniumDriver] [  892] - {Data Fields & Data Values Exist}
[INFO ][2016-01-07 19:58:49,940][com.java.SeleniumDriver] [  894] - --------------------------setting values-----------------------------
[INFO ][2016-01-07 19:58:49,940][com.java.SeleniumDriver] [  897] - Action Type : Enter
[INFO ][2016-01-07 19:58:49,940][com.java.TestType] [ 6696] - field = txtFirstName
[INFO ][2016-01-07 19:58:49,940][com.java.TestType] [ 5895] - value = VLTest
[INFO ][2016-01-07 19:58:51,828][com.java.SeleniumDriver] [  906] -  RESULT true
[INFO ][2016-01-07 19:58:51,828][com.java.SeleniumDriver] [ 1112] - ?   P A S S   ?
[INFO ][2016-01-07 19:58:51,828][com.java.SeleniumDriver] [  832] - ------------------------------------------
[INFO ][2016-01-07 19:58:51,828][com.java.SeleniumDriver] [  833] - Test case being Executed: 2
[INFO ][2016-01-07 19:58:51,828][com.java.SeleniumDriver] [  845] - Test step:14
[INFO ][2016-01-07 19:58:51,828][com.java.SeleniumDriver] [  857] - Datavalue is----------5
[INFO ][2016-01-07 19:58:51,828][com.java.SeleniumDriver] [  881] - DataField : TXTtxtLastName
[INFO ][2016-01-07 19:58:51,828][com.java.SeleniumDriver] [  883] - DataValue : 5
[INFO ][2016-01-07 19:58:51,828][com.java.SeleniumDriver] [  889] - <In Set values of the page>
[INFO ][2016-01-07 19:58:51,828][com.java.SeleniumDriver] [  892] - {Data Fields & Data Values Exist}
[INFO ][2016-01-07 19:58:51,828][com.java.SeleniumDriver] [  894] - --------------------------setting values-----------------------------
[INFO ][2016-01-07 19:58:51,828][com.java.SeleniumDriver] [  897] - Action Type : WaitForElement
[INFO ][2016-01-07 19:58:52,998][com.java.SeleniumDriver] [  906] -  RESULT true
[INFO ][2016-01-07 19:58:52,998][com.java.SeleniumDriver] [ 1112] - ?   P A S S   ?
[INFO ][2016-01-07 19:58:52,998][com.java.SeleniumDriver] [  832] - ------------------------------------------
[INFO ][2016-01-07 19:58:52,998][com.java.SeleniumDriver] [  833] - Test case being Executed: 2
[INFO ][2016-01-07 19:58:52,998][com.java.SeleniumDriver] [  845] - Test step:15
[INFO ][2016-01-07 19:58:52,998][com.java.SeleniumDriver] [  857] - Datavalue is----------Robot
[INFO ][2016-01-07 19:58:52,998][com.java.SeleniumDriver] [  881] - DataField : TXTtxtLastName
[INFO ][2016-01-07 19:58:52,998][com.java.SeleniumDriver] [  883] - DataValue : Robot
[INFO ][2016-01-07 19:58:52,998][com.java.SeleniumDriver] [  889] - <In Set values of the page>
[INFO ][2016-01-07 19:58:52,998][com.java.SeleniumDriver] [  892] - {Data Fields & Data Values Exist}
[INFO ][2016-01-07 19:58:52,998][com.java.SeleniumDriver] [  894] - --------------------------setting values-----------------------------
[INFO ][2016-01-07 19:58:52,998][com.java.SeleniumDriver] [  897] - Action Type : Enter
[INFO ][2016-01-07 19:58:52,998][com.java.TestType] [ 6696] - field = txtLastName
[INFO ][2016-01-07 19:58:52,998][com.java.TestType] [ 5895] - value = Robot
[INFO ][2016-01-07 19:58:54,591][com.java.SeleniumDriver] [  906] -  RESULT true
[INFO ][2016-01-07 19:58:54,591][com.java.SeleniumDriver] [ 1112] - ?   P A S S   ?
[INFO ][2016-01-07 19:58:54,591][com.java.SeleniumDriver] [  832] - ------------------------------------------
[INFO ][2016-01-07 19:58:54,591][com.java.SeleniumDriver] [  833] - Test case being Executed: 2
[INFO ][2016-01-07 19:58:54,591][com.java.SeleniumDriver] [  845] - Test step:16
[INFO ][2016-01-07 19:58:54,591][com.java.SeleniumDriver] [  857] - Datavalue is----------5
[INFO ][2016-01-07 19:58:54,591][com.java.SeleniumDriver] [  881] - DataField : TXTtxtCompany
[INFO ][2016-01-07 19:58:54,591][com.java.SeleniumDriver] [  883] - DataValue : 5
[INFO ][2016-01-07 19:58:54,591][com.java.SeleniumDriver] [  889] - <In Set values of the page>
[INFO ][2016-01-07 19:58:54,591][com.java.SeleniumDriver] [  892] - {Data Fields & Data Values Exist}
[INFO ][2016-01-07 19:58:54,591][com.java.SeleniumDriver] [  894] - --------------------------setting values-----------------------------
[INFO ][2016-01-07 19:58:54,591][com.java.SeleniumDriver] [  897] - Action Type : WaitForElement
[INFO ][2016-01-07 19:58:55,761][com.java.SeleniumDriver] [  906] -  RESULT true
[INFO ][2016-01-07 19:58:55,761][com.java.SeleniumDriver] [ 1112] - ?   P A S S   ?
[INFO ][2016-01-07 19:58:55,761][com.java.SeleniumDriver] [  832] - ------------------------------------------
[INFO ][2016-01-07 19:58:55,761][com.java.SeleniumDriver] [  833] - Test case being Executed: 2
[INFO ][2016-01-07 19:58:55,761][com.java.SeleniumDriver] [  845] - Test step:17
[INFO ][2016-01-07 19:58:55,761][com.java.SeleniumDriver] [  857] - Datavalue is----------ValueLabs
[INFO ][2016-01-07 19:58:55,761][com.java.SeleniumDriver] [  881] - DataField : TXTtxtCompany
[INFO ][2016-01-07 19:58:55,761][com.java.SeleniumDriver] [  883] - DataValue : ValueLabs
[INFO ][2016-01-07 19:58:55,761][com.java.SeleniumDriver] [  889] - <In Set values of the page>
[INFO ][2016-01-07 19:58:55,761][com.java.SeleniumDriver] [  892] - {Data Fields & Data Values Exist}
[INFO ][2016-01-07 19:58:55,761][com.java.SeleniumDriver] [  894] - --------------------------setting values-----------------------------
[INFO ][2016-01-07 19:58:55,761][com.java.SeleniumDriver] [  897] - Action Type : Enter
[INFO ][2016-01-07 19:58:55,761][com.java.TestType] [ 6696] - field = txtCompany
[INFO ][2016-01-07 19:58:55,761][com.java.TestType] [ 5895] - value = ValueLabs
[INFO ][2016-01-07 19:58:57,542][com.java.SeleniumDriver] [  906] -  RESULT true
[INFO ][2016-01-07 19:58:57,542][com.java.SeleniumDriver] [ 1112] - ?   P A S S   ?
[INFO ][2016-01-07 19:58:57,542][com.java.SeleniumDriver] [  832] - ------------------------------------------
[INFO ][2016-01-07 19:58:57,542][com.java.SeleniumDriver] [  833] - Test case being Executed: 2
[INFO ][2016-01-07 19:58:57,542][com.java.SeleniumDriver] [  845] - Test step:18
[INFO ][2016-01-07 19:58:57,542][com.java.SeleniumDriver] [  857] - Datavalue is----------5
[INFO ][2016-01-07 19:58:57,542][com.java.SeleniumDriver] [  881] - DataField : TXTtxtLocation
[INFO ][2016-01-07 19:58:57,542][com.java.SeleniumDriver] [  883] - DataValue : 5
[INFO ][2016-01-07 19:58:57,542][com.java.SeleniumDriver] [  889] - <In Set values of the page>
[INFO ][2016-01-07 19:58:57,542][com.java.SeleniumDriver] [  892] - {Data Fields & Data Values Exist}
[INFO ][2016-01-07 19:58:57,542][com.java.SeleniumDriver] [  894] - --------------------------setting values-----------------------------
[INFO ][2016-01-07 19:58:57,542][com.java.SeleniumDriver] [  897] - Action Type : WaitForElement
[INFO ][2016-01-07 19:58:58,712][com.java.SeleniumDriver] [  906] -  RESULT true
[INFO ][2016-01-07 19:58:58,712][com.java.SeleniumDriver] [ 1112] - ?   P A S S   ?
[INFO ][2016-01-07 19:58:58,712][com.java.SeleniumDriver] [  832] - ------------------------------------------
[INFO ][2016-01-07 19:58:58,712][com.java.SeleniumDriver] [  833] - Test case being Executed: 2
[INFO ][2016-01-07 19:58:58,712][com.java.SeleniumDriver] [  845] - Test step:19
[INFO ][2016-01-07 19:58:58,712][com.java.SeleniumDriver] [  857] - Datavalue is----------India
[INFO ][2016-01-07 19:58:58,712][com.java.SeleniumDriver] [  881] - DataField : TXTtxtLocation
[INFO ][2016-01-07 19:58:58,712][com.java.SeleniumDriver] [  883] - DataValue : India
[INFO ][2016-01-07 19:58:58,712][com.java.SeleniumDriver] [  889] - <In Set values of the page>
[INFO ][2016-01-07 19:58:58,712][com.java.SeleniumDriver] [  892] - {Data Fields & Data Values Exist}
[INFO ][2016-01-07 19:58:58,712][com.java.SeleniumDriver] [  894] - --------------------------setting values-----------------------------
[INFO ][2016-01-07 19:58:58,712][com.java.SeleniumDriver] [  897] - Action Type : Enter
[INFO ][2016-01-07 19:58:58,712][com.java.TestType] [ 6696] - field = txtLocation
[INFO ][2016-01-07 19:58:58,712][com.java.TestType] [ 5895] - value = India
[INFO ][2016-01-07 19:59:00,305][com.java.SeleniumDriver] [  906] -  RESULT true
[INFO ][2016-01-07 19:59:00,305][com.java.SeleniumDriver] [ 1112] - ?   P A S S   ?
[INFO ][2016-01-07 19:59:00,305][com.java.SeleniumDriver] [  832] - ------------------------------------------
[INFO ][2016-01-07 19:59:00,305][com.java.SeleniumDriver] [  833] - Test case being Executed: 2
[INFO ][2016-01-07 19:59:00,305][com.java.SeleniumDriver] [  845] - Test step:20
[INFO ][2016-01-07 19:59:00,305][com.java.SeleniumDriver] [  857] - Datavalue is----------5
[INFO ][2016-01-07 19:59:00,305][com.java.SeleniumDriver] [  881] - DataField : TXTtxtEMail
[INFO ][2016-01-07 19:59:00,305][com.java.SeleniumDriver] [  883] - DataValue : 5
[INFO ][2016-01-07 19:59:00,305][com.java.SeleniumDriver] [  889] - <In Set values of the page>
[INFO ][2016-01-07 19:59:00,305][com.java.SeleniumDriver] [  892] - {Data Fields & Data Values Exist}
[INFO ][2016-01-07 19:59:00,305][com.java.SeleniumDriver] [  894] - --------------------------setting values-----------------------------
[INFO ][2016-01-07 19:59:00,305][com.java.SeleniumDriver] [  897] - Action Type : WaitForElement
[INFO ][2016-01-07 19:59:01,475][com.java.SeleniumDriver] [  906] -  RESULT true
[INFO ][2016-01-07 19:59:01,475][com.java.SeleniumDriver] [ 1112] - ?   P A S S   ?
[INFO ][2016-01-07 19:59:01,475][com.java.SeleniumDriver] [  832] - ------------------------------------------
[INFO ][2016-01-07 19:59:01,475][com.java.SeleniumDriver] [  833] - Test case being Executed: 2
[INFO ][2016-01-07 19:59:01,475][com.java.SeleniumDriver] [  845] - Test step:21
[INFO ][2016-01-07 19:59:01,475][com.java.SeleniumDriver] [  857] - Datavalue is----------vltest.robot@valuelabs.com
[INFO ][2016-01-07 19:59:01,475][com.java.SeleniumDriver] [  881] - DataField : TXTtxtEMail
[INFO ][2016-01-07 19:59:01,475][com.java.SeleniumDriver] [  883] - DataValue : vltest.robot@valuelabs.com
[INFO ][2016-01-07 19:59:01,475][com.java.SeleniumDriver] [  889] - <In Set values of the page>
[INFO ][2016-01-07 19:59:01,475][com.java.SeleniumDriver] [  892] - {Data Fields & Data Values Exist}
[INFO ][2016-01-07 19:59:01,475][com.java.SeleniumDriver] [  894] - --------------------------setting values-----------------------------
[INFO ][2016-01-07 19:59:01,475][com.java.SeleniumDriver] [  897] - Action Type : Enter
[INFO ][2016-01-07 19:59:01,475][com.java.TestType] [ 6696] - field = txtEMail
[INFO ][2016-01-07 19:59:01,475][com.java.TestType] [ 5895] - value = vltest.robot@valuelabs.com
[INFO ][2016-01-07 19:59:03,396][com.java.SeleniumDriver] [  906] -  RESULT true
[INFO ][2016-01-07 19:59:03,396][com.java.SeleniumDriver] [ 1112] - ?   P A S S   ?
[INFO ][2016-01-07 19:59:03,396][com.java.SeleniumDriver] [  832] - ------------------------------------------
[INFO ][2016-01-07 19:59:03,396][com.java.SeleniumDriver] [  833] - Test case being Executed: 2
[INFO ][2016-01-07 19:59:03,396][com.java.SeleniumDriver] [  845] - Test step:22
[INFO ][2016-01-07 19:59:03,396][com.java.SeleniumDriver] [  857] - Datavalue is----------5
[INFO ][2016-01-07 19:59:03,396][com.java.SeleniumDriver] [  881] - DataField : TXTtxtPhone
[INFO ][2016-01-07 19:59:03,396][com.java.SeleniumDriver] [  883] - DataValue : 5
[INFO ][2016-01-07 19:59:03,396][com.java.SeleniumDriver] [  889] - <In Set values of the page>
[INFO ][2016-01-07 19:59:03,396][com.java.SeleniumDriver] [  892] - {Data Fields & Data Values Exist}
[INFO ][2016-01-07 19:59:03,396][com.java.SeleniumDriver] [  894] - --------------------------setting values-----------------------------
[INFO ][2016-01-07 19:59:03,396][com.java.SeleniumDriver] [  897] - Action Type : WaitForElement
[INFO ][2016-01-07 19:59:04,566][com.java.SeleniumDriver] [  906] -  RESULT true
[INFO ][2016-01-07 19:59:04,566][com.java.SeleniumDriver] [ 1112] - ?   P A S S   ?
[INFO ][2016-01-07 19:59:04,566][com.java.SeleniumDriver] [  832] - ------------------------------------------
[INFO ][2016-01-07 19:59:04,566][com.java.SeleniumDriver] [  833] - Test case being Executed: 2
[INFO ][2016-01-07 19:59:04,566][com.java.SeleniumDriver] [  845] - Test step:23
[INFO ][2016-01-07 19:59:04,566][com.java.SeleniumDriver] [  857] - Datavalue is----------12345678901
[INFO ][2016-01-07 19:59:04,566][com.java.SeleniumDriver] [  881] - DataField : TXTtxtPhone
[INFO ][2016-01-07 19:59:04,566][com.java.SeleniumDriver] [  883] - DataValue : 12345678901
[INFO ][2016-01-07 19:59:04,566][com.java.SeleniumDriver] [  889] - <In Set values of the page>
[INFO ][2016-01-07 19:59:04,566][com.java.SeleniumDriver] [  892] - {Data Fields & Data Values Exist}
[INFO ][2016-01-07 19:59:04,566][com.java.SeleniumDriver] [  894] - --------------------------setting values-----------------------------
[INFO ][2016-01-07 19:59:04,566][com.java.SeleniumDriver] [  897] - Action Type : Enter
[INFO ][2016-01-07 19:59:04,566][com.java.TestType] [ 6696] - field = txtPhone
[INFO ][2016-01-07 19:59:04,566][com.java.TestType] [ 5895] - value = 12345678901
[INFO ][2016-01-07 19:59:06,128][com.java.SeleniumDriver] [  906] -  RESULT true
[INFO ][2016-01-07 19:59:06,128][com.java.SeleniumDriver] [ 1112] - ?   P A S S   ?
[INFO ][2016-01-07 19:59:06,128][com.java.SeleniumDriver] [  832] - ------------------------------------------
[INFO ][2016-01-07 19:59:06,128][com.java.SeleniumDriver] [  833] - Test case being Executed: 2
[INFO ][2016-01-07 19:59:06,128][com.java.SeleniumDriver] [  845] - Test step:24
[INFO ][2016-01-07 19:59:06,128][com.java.SeleniumDriver] [  857] - Datavalue is----------5
[INFO ][2016-01-07 19:59:06,128][com.java.SeleniumDriver] [  881] - DataField : TXTtxtPassword
[INFO ][2016-01-07 19:59:06,128][com.java.SeleniumDriver] [  883] - DataValue : 5
[INFO ][2016-01-07 19:59:06,128][com.java.SeleniumDriver] [  889] - <In Set values of the page>
[INFO ][2016-01-07 19:59:06,128][com.java.SeleniumDriver] [  892] - {Data Fields & Data Values Exist}
[INFO ][2016-01-07 19:59:06,128][com.java.SeleniumDriver] [  894] - --------------------------setting values-----------------------------
[INFO ][2016-01-07 19:59:06,128][com.java.SeleniumDriver] [  897] - Action Type : WaitForElement
[INFO ][2016-01-07 19:59:07,282][com.java.SeleniumDriver] [  906] -  RESULT true
[INFO ][2016-01-07 19:59:07,282][com.java.SeleniumDriver] [ 1112] - ?   P A S S   ?
[INFO ][2016-01-07 19:59:07,282][com.java.SeleniumDriver] [  832] - ------------------------------------------
[INFO ][2016-01-07 19:59:07,282][com.java.SeleniumDriver] [  833] - Test case being Executed: 2
[INFO ][2016-01-07 19:59:07,282][com.java.SeleniumDriver] [  845] - Test step:25
[INFO ][2016-01-07 19:59:07,282][com.java.SeleniumDriver] [  857] - Datavalue is----------dt:NewUserPswd
[INFO ][2016-01-07 19:59:07,282][com.java.SeleniumDriver] [  881] - DataField : TXTtxtPassword
[INFO ][2016-01-07 19:59:07,282][com.java.SeleniumDriver] [  883] - DataValue : dt:NewUserPswd
[INFO ][2016-01-07 19:59:07,282][com.java.SeleniumDriver] [  889] - <In Set values of the page>
[INFO ][2016-01-07 19:59:07,282][com.java.SeleniumDriver] [  892] - {Data Fields & Data Values Exist}
[INFO ][2016-01-07 19:59:07,282][com.java.SeleniumDriver] [  894] - --------------------------setting values-----------------------------
[INFO ][2016-01-07 19:59:07,282][com.java.SeleniumDriver] [  897] - Action Type : CLEARANDENTER
[INFO ][2016-01-07 19:59:07,282][com.java.TestType] [ 5895] - value = Password1*
[INFO ][2016-01-07 19:59:10,202][com.java.SeleniumDriver] [  906] -  RESULT true
[INFO ][2016-01-07 19:59:10,202][com.java.SeleniumDriver] [ 1112] - ?   P A S S   ?
[INFO ][2016-01-07 19:59:10,202][com.java.SeleniumDriver] [  832] - ------------------------------------------
[INFO ][2016-01-07 19:59:10,202][com.java.SeleniumDriver] [  833] - Test case being Executed: 2
[INFO ][2016-01-07 19:59:10,202][com.java.SeleniumDriver] [  845] - Test step:26
[INFO ][2016-01-07 19:59:10,202][com.java.SeleniumDriver] [  857] - Datavalue is----------5
[INFO ][2016-01-07 19:59:10,202][com.java.SeleniumDriver] [  881] - DataField : TXTtxtPasswordConfirm
[INFO ][2016-01-07 19:59:10,202][com.java.SeleniumDriver] [  883] - DataValue : 5
[INFO ][2016-01-07 19:59:10,202][com.java.SeleniumDriver] [  889] - <In Set values of the page>
[INFO ][2016-01-07 19:59:10,202][com.java.SeleniumDriver] [  892] - {Data Fields & Data Values Exist}
[INFO ][2016-01-07 19:59:10,202][com.java.SeleniumDriver] [  894] - --------------------------setting values-----------------------------
[INFO ][2016-01-07 19:59:10,202][com.java.SeleniumDriver] [  897] - Action Type : WaitForElement
[INFO ][2016-01-07 19:59:11,388][com.java.SeleniumDriver] [  906] -  RESULT true
[INFO ][2016-01-07 19:59:11,388][com.java.SeleniumDriver] [ 1112] - ?   P A S S   ?
[INFO ][2016-01-07 19:59:11,388][com.java.SeleniumDriver] [  832] - ------------------------------------------
[INFO ][2016-01-07 19:59:11,388][com.java.SeleniumDriver] [  833] - Test case being Executed: 2
[INFO ][2016-01-07 19:59:11,388][com.java.SeleniumDriver] [  845] - Test step:27
[INFO ][2016-01-07 19:59:11,388][com.java.SeleniumDriver] [  857] - Datavalue is----------dt:NewUserPswd
[INFO ][2016-01-07 19:59:11,388][com.java.SeleniumDriver] [  881] - DataField : TXTtxtPasswordConfirm
[INFO ][2016-01-07 19:59:11,388][com.java.SeleniumDriver] [  883] - DataValue : dt:NewUserPswd
[INFO ][2016-01-07 19:59:11,388][com.java.SeleniumDriver] [  889] - <In Set values of the page>
[INFO ][2016-01-07 19:59:11,388][com.java.SeleniumDriver] [  892] - {Data Fields & Data Values Exist}
[INFO ][2016-01-07 19:59:11,388][com.java.SeleniumDriver] [  894] - --------------------------setting values-----------------------------
[INFO ][2016-01-07 19:59:11,388][com.java.SeleniumDriver] [  897] - Action Type : CLEARANDENTER
[INFO ][2016-01-07 19:59:11,388][com.java.TestType] [ 5895] - value = Password1*
[INFO ][2016-01-07 19:59:14,340][com.java.SeleniumDriver] [  906] -  RESULT true
[INFO ][2016-01-07 19:59:14,340][com.java.SeleniumDriver] [ 1112] - ?   P A S S   ?
[INFO ][2016-01-07 19:59:14,340][com.java.SeleniumDriver] [  832] - ------------------------------------------
[INFO ][2016-01-07 19:59:14,340][com.java.SeleniumDriver] [  833] - Test case being Executed: 2
[INFO ][2016-01-07 19:59:14,340][com.java.SeleniumDriver] [  845] - Test step:28
[INFO ][2016-01-07 19:59:14,340][com.java.SeleniumDriver] [  857] - Datavalue is----------5
[INFO ][2016-01-07 19:59:14,340][com.java.SeleniumDriver] [  881] - DataField : test
[INFO ][2016-01-07 19:59:14,340][com.java.SeleniumDriver] [  883] - DataValue : 5
[INFO ][2016-01-07 19:59:14,340][com.java.SeleniumDriver] [  889] - <In Set values of the page>
[INFO ][2016-01-07 19:59:14,340][com.java.SeleniumDriver] [  892] - {Data Fields & Data Values Exist}
[INFO ][2016-01-07 19:59:14,340][com.java.SeleniumDriver] [  894] - --------------------------setting values-----------------------------
[INFO ][2016-01-07 19:59:14,340][com.java.SeleniumDriver] [  897] - Action Type : WaitTime
[DEBUG][2016-01-07 19:59:14,340][com.java.TestType] [ 5715] - sleepTime: 5000
[INFO ][2016-01-07 19:59:19,348][com.java.SeleniumDriver] [  906] -  RESULT true
[INFO ][2016-01-07 19:59:19,348][com.java.SeleniumDriver] [ 1112] - ?   P A S S   ?
[INFO ][2016-01-07 19:59:19,348][com.java.SeleniumDriver] [  832] - ------------------------------------------
[INFO ][2016-01-07 19:59:19,348][com.java.SeleniumDriver] [  833] - Test case being Executed: 2
[INFO ][2016-01-07 19:59:19,348][com.java.SeleniumDriver] [  845] - Test step:29
[INFO ][2016-01-07 19:59:19,348][com.java.SeleniumDriver] [  857] - Datavalue is----------null
[DEBUG][2016-01-07 19:59:19,348][com.java.SeleniumDriver] [  875] - Exception: null
[INFO ][2016-01-07 19:59:19,348][com.java.SeleniumDriver] [  881] - DataField : BTNparent
[INFO ][2016-01-07 19:59:19,348][com.java.SeleniumDriver] [  883] - DataValue : 
[INFO ][2016-01-07 19:59:19,348][com.java.SeleniumDriver] [  889] - <In Set values of the page>
[INFO ][2016-01-07 19:59:19,348][com.java.SeleniumDriver] [  892] - {Data Fields & Data Values Exist}
[INFO ][2016-01-07 19:59:19,348][com.java.SeleniumDriver] [  894] - --------------------------setting values-----------------------------
[INFO ][2016-01-07 19:59:19,348][com.java.SeleniumDriver] [  897] - Action Type : SelectFrame
[INFO ][2016-01-07 19:59:19,349][com.java.SeleniumDriver] [  906] -  RESULT true
[INFO ][2016-01-07 19:59:19,349][com.java.SeleniumDriver] [ 1112] - ?   P A S S   ?
[INFO ][2016-01-07 19:59:19,349][com.java.SeleniumDriver] [  832] - ------------------------------------------
[INFO ][2016-01-07 19:59:19,349][com.java.SeleniumDriver] [  833] - Test case being Executed: 2
[INFO ][2016-01-07 19:59:19,349][com.java.SeleniumDriver] [  845] - Test step:30
[INFO ][2016-01-07 19:59:19,349][com.java.SeleniumDriver] [  857] - Datavalue is----------null
[DEBUG][2016-01-07 19:59:19,349][com.java.SeleniumDriver] [  875] - Exception: null
[INFO ][2016-01-07 19:59:19,349][com.java.SeleniumDriver] [  881] - DataField : XPH//span[contains(text(), 'Finished')]
[INFO ][2016-01-07 19:59:19,349][com.java.SeleniumDriver] [  883] - DataValue : 
[INFO ][2016-01-07 19:59:19,349][com.java.SeleniumDriver] [  889] - <In Set values of the page>
[INFO ][2016-01-07 19:59:19,349][com.java.SeleniumDriver] [  892] - {Data Fields & Data Values Exist}
[INFO ][2016-01-07 19:59:19,349][com.java.SeleniumDriver] [  894] - --------------------------setting values-----------------------------
[INFO ][2016-01-07 19:59:19,349][com.java.SeleniumDriver] [  897] - Action Type : Click
[INFO ][2016-01-07 19:59:19,349][com.java.TestType] [ 6274] - Field ::XPH//span[contains(text(), 'Finished')]
[INFO ][2016-01-07 19:59:19,349][com.java.TestType] [ 5895] - value = 
[INFO ][2016-01-07 19:59:20,379][com.java.TestType] [ 6411] - BEFORE CLICK
[INFO ][2016-01-07 19:59:21,317][com.java.TestType] [ 6419] - Unable to click the object Finished button
[INFO ][2016-01-07 19:59:21,317][com.java.SeleniumDriver] [  906] -  RESULT true
[INFO ][2016-01-07 19:59:21,317][com.java.SeleniumDriver] [ 1112] - ?   P A S S   ?
[INFO ][2016-01-07 19:59:21,317][com.java.SeleniumDriver] [  832] - ------------------------------------------
[INFO ][2016-01-07 19:59:21,317][com.java.SeleniumDriver] [  833] - Test case being Executed: 2
[INFO ][2016-01-07 19:59:21,317][com.java.SeleniumDriver] [  845] - Test step:31
[INFO ][2016-01-07 19:59:21,317][com.java.SeleniumDriver] [  857] - Datavalue is----------5
[INFO ][2016-01-07 19:59:21,317][com.java.SeleniumDriver] [  881] - DataField : test
[INFO ][2016-01-07 19:59:21,317][com.java.SeleniumDriver] [  883] - DataValue : 5
[INFO ][2016-01-07 19:59:21,317][com.java.SeleniumDriver] [  889] - <In Set values of the page>
[INFO ][2016-01-07 19:59:21,317][com.java.SeleniumDriver] [  892] - {Data Fields & Data Values Exist}
[INFO ][2016-01-07 19:59:21,317][com.java.SeleniumDriver] [  894] - --------------------------setting values-----------------------------
[INFO ][2016-01-07 19:59:21,317][com.java.SeleniumDriver] [  897] - Action Type : WaitTime
[DEBUG][2016-01-07 19:59:21,317][com.java.TestType] [ 5715] - sleepTime: 5000
[INFO ][2016-01-07 19:59:26,331][com.java.SeleniumDriver] [  906] -  RESULT true
[INFO ][2016-01-07 19:59:26,331][com.java.SeleniumDriver] [ 1112] - ?   P A S S   ?
[INFO ][2016-01-07 19:59:26,331][com.java.SeleniumDriver] [  832] - ------------------------------------------
[INFO ][2016-01-07 19:59:26,331][com.java.SeleniumDriver] [  833] - Test case being Executed: 2
[INFO ][2016-01-07 19:59:26,331][com.java.SeleniumDriver] [  845] - Test step:32
[INFO ][2016-01-07 19:59:26,331][com.java.SeleniumDriver] [  857] - Datavalue is----------null
[DEBUG][2016-01-07 19:59:26,331][com.java.SeleniumDriver] [  875] - Exception: null
[INFO ][2016-01-07 19:59:26,331][com.java.SeleniumDriver] [  881] - DataField : BTNframeDialogContent
[INFO ][2016-01-07 19:59:26,331][com.java.SeleniumDriver] [  883] - DataValue : 
[INFO ][2016-01-07 19:59:26,331][com.java.SeleniumDriver] [  889] - <In Set values of the page>
[INFO ][2016-01-07 19:59:26,331][com.java.SeleniumDriver] [  892] - {Data Fields & Data Values Exist}
[INFO ][2016-01-07 19:59:26,331][com.java.SeleniumDriver] [  894] - --------------------------setting values-----------------------------
[INFO ][2016-01-07 19:59:26,331][com.java.SeleniumDriver] [  897] - Action Type : SelectFrame
[INFO ][2016-01-07 19:59:27,612][com.java.SeleniumDriver] [  906] -  RESULT true
[INFO ][2016-01-07 19:59:27,612][com.java.SeleniumDriver] [ 1112] - ?   P A S S   ?
[INFO ][2016-01-07 19:59:27,612][com.java.SeleniumDriver] [  832] - ------------------------------------------
[INFO ][2016-01-07 19:59:27,612][com.java.SeleniumDriver] [  833] - Test case being Executed: 2
[INFO ][2016-01-07 19:59:27,612][com.java.SeleniumDriver] [  845] - Test step:33
[INFO ][2016-01-07 19:59:27,612][com.java.SeleniumDriver] [  857] - Datavalue is----------null
[DEBUG][2016-01-07 19:59:27,612][com.java.SeleniumDriver] [  875] - Exception: null
[INFO ][2016-01-07 19:59:27,612][com.java.SeleniumDriver] [  881] - DataField : BTNchkGlobalPrivsUserAdmin
[INFO ][2016-01-07 19:59:27,612][com.java.SeleniumDriver] [  883] - DataValue : 
[INFO ][2016-01-07 19:59:27,612][com.java.SeleniumDriver] [  889] - <In Set values of the page>
[INFO ][2016-01-07 19:59:27,612][com.java.SeleniumDriver] [  892] - {Data Fields & Data Values Exist}
[INFO ][2016-01-07 19:59:27,612][com.java.SeleniumDriver] [  894] - --------------------------setting values-----------------------------
[INFO ][2016-01-07 19:59:27,612][com.java.SeleniumDriver] [  897] - Action Type : Click
[INFO ][2016-01-07 19:59:27,612][com.java.TestType] [ 6274] - Field ::BTNchkGlobalPrivsUserAdmin
[INFO ][2016-01-07 19:59:27,612][com.java.TestType] [ 5895] - value = 
[INFO ][2016-01-07 19:59:28,626][com.java.TestType] [ 6390] - BEFORE CLICK
[INFO ][2016-01-07 19:59:30,062][com.java.TestType] [ 6397] - Unable to click the object User Admin check box
[INFO ][2016-01-07 19:59:30,062][com.java.SeleniumDriver] [  906] -  RESULT true
[INFO ][2016-01-07 19:59:30,062][com.java.SeleniumDriver] [ 1112] - ?   P A S S   ?
[INFO ][2016-01-07 19:59:30,062][com.java.SeleniumDriver] [  832] - ------------------------------------------
[INFO ][2016-01-07 19:59:30,062][com.java.SeleniumDriver] [  833] - Test case being Executed: 2
[INFO ][2016-01-07 19:59:30,062][com.java.SeleniumDriver] [  845] - Test step:34
[INFO ][2016-01-07 19:59:30,062][com.java.SeleniumDriver] [  857] - Datavalue is----------index:1
[INFO ][2016-01-07 19:59:30,062][com.java.SeleniumDriver] [  881] - DataField : COBddlEntityAccess
[INFO ][2016-01-07 19:59:30,062][com.java.SeleniumDriver] [  883] - DataValue : index:1
[INFO ][2016-01-07 19:59:30,062][com.java.SeleniumDriver] [  889] - <In Set values of the page>
[INFO ][2016-01-07 19:59:30,062][com.java.SeleniumDriver] [  892] - {Data Fields & Data Values Exist}
[INFO ][2016-01-07 19:59:30,062][com.java.SeleniumDriver] [  894] - --------------------------setting values-----------------------------
[INFO ][2016-01-07 19:59:30,062][com.java.SeleniumDriver] [  897] - Action Type : select
[INFO ][2016-01-07 19:59:30,062][com.java.TestType] [ 5895] - value = 1
[INFO ][2016-01-07 19:59:31,280][com.java.TestType] [ 6013] -  In COB ddlEntityAccess : 1
[ERROR][2016-01-07 19:59:31,327][com.java.TestType] [ 6160] - Unable to perform Action Select Cannot locate option with index: 1
For documentation on this error, please visit: http://seleniumhq.org/exceptions/no_such_element.html
Build info: version: '2.48.2', revision: '41bccdd', time: '2015-10-09 19:59:12'
System info: host: 'FVTIII438F1D', ip: '172.17.68.34', os.name: 'Windows 7', os.arch: 'x86', os.version: '6.1', java.version: '1.7.0_55'
Driver info: driver.version: SeleniumDriver
[INFO ][2016-01-07 19:59:31,327][com.java.SeleniumDriver] [  906] -  RESULT false
[INFO ][2016-01-07 19:59:31,327][com.java.SeleniumDriver] [  953] - ?   F A I L   ?
[INFO ][2016-01-07 19:59:31,327][com.java.SeleniumDriver] [  961] - Browser Type : IE10
[INFO ][2016-01-07 19:59:31,327][com.java.SeleniumDriver] [  962] - Adding Failed case2
[DEBUG][2016-01-07 19:59:32,091][com.java.SeleniumDriver] [ 1030] -  tdd.getCondition() IF:36:Next
[INFO ][2016-01-07 19:59:32,091][com.java.SeleniumDriver] [ 1034] - Continue next step...
[INFO ][2016-01-07 19:59:32,091][com.java.SeleniumDriver] [  832] - ------------------------------------------
[INFO ][2016-01-07 19:59:32,091][com.java.SeleniumDriver] [  833] - Test case being Executed: 2
[INFO ][2016-01-07 19:59:32,091][com.java.SeleniumDriver] [  845] - Test step:35
[INFO ][2016-01-07 19:59:32,091][com.java.SeleniumDriver] [  857] - Datavalue is----------index:0
[INFO ][2016-01-07 19:59:32,091][com.java.SeleniumDriver] [  881] - DataField : COBddlEntityAccess
[INFO ][2016-01-07 19:59:32,091][com.java.SeleniumDriver] [  883] - DataValue : index:0
[INFO ][2016-01-07 19:59:32,091][com.java.SeleniumDriver] [  889] - <In Set values of the page>
[INFO ][2016-01-07 19:59:32,091][com.java.SeleniumDriver] [  892] - {Data Fields & Data Values Exist}
[INFO ][2016-01-07 19:59:32,091][com.java.SeleniumDriver] [  894] - --------------------------setting values-----------------------------
[INFO ][2016-01-07 19:59:32,091][com.java.SeleniumDriver] [  897] - Action Type : select
[INFO ][2016-01-07 19:59:32,091][com.java.TestType] [ 5895] - value = 0
[INFO ][2016-01-07 19:59:33,465][com.java.TestType] [ 6013] -  In COB ddlEntityAccess : 0
[INFO ][2016-01-07 19:59:33,527][com.java.SeleniumDriver] [  906] -  RESULT true
[INFO ][2016-01-07 19:59:33,527][com.java.SeleniumDriver] [ 1112] - ?   P A S S   ?
[INFO ][2016-01-07 19:59:33,527][com.java.SeleniumDriver] [  832] - ------------------------------------------
[INFO ][2016-01-07 19:59:33,527][com.java.SeleniumDriver] [  833] - Test case being Executed: 2
[INFO ][2016-01-07 19:59:33,527][com.java.SeleniumDriver] [  845] - Test step:36
[INFO ][2016-01-07 19:59:33,527][com.java.SeleniumDriver] [  857] - Datavalue is----------null
[DEBUG][2016-01-07 19:59:33,527][com.java.SeleniumDriver] [  875] - Exception: null
[INFO ][2016-01-07 19:59:33,527][com.java.SeleniumDriver] [  881] - DataField : BTNrdoEnableEntity_Enable
[INFO ][2016-01-07 19:59:33,527][com.java.SeleniumDriver] [  883] - DataValue : 
[INFO ][2016-01-07 19:59:33,527][com.java.SeleniumDriver] [  889] - <In Set values of the page>
[INFO ][2016-01-07 19:59:33,527][com.java.SeleniumDriver] [  892] - {Data Fields & Data Values Exist}
[INFO ][2016-01-07 19:59:33,527][com.java.SeleniumDriver] [  894] - --------------------------setting values-----------------------------
[INFO ][2016-01-07 19:59:33,527][com.java.SeleniumDriver] [  897] - Action Type : Click
[INFO ][2016-01-07 19:59:33,527][com.java.TestType] [ 6274] - Field ::BTNrdoEnableEntity_Enable
[INFO ][2016-01-07 19:59:33,527][com.java.TestType] [ 5895] - value = 
[INFO ][2016-01-07 19:59:34,541][com.java.TestType] [ 6390] - BEFORE CLICK
[INFO ][2016-01-07 19:59:35,915][com.java.TestType] [ 6397] - Unable to click the object Enable radio button
[INFO ][2016-01-07 19:59:35,915][com.java.SeleniumDriver] [  906] -  RESULT true
[INFO ][2016-01-07 19:59:35,915][com.java.SeleniumDriver] [ 1112] - ?   P A S S   ?
[INFO ][2016-01-07 19:59:35,915][com.java.SeleniumDriver] [  832] - ------------------------------------------
[INFO ][2016-01-07 19:59:35,915][com.java.SeleniumDriver] [  833] - Test case being Executed: 2
[INFO ][2016-01-07 19:59:35,915][com.java.SeleniumDriver] [  845] - Test step:37
[INFO ][2016-01-07 19:59:35,915][com.java.SeleniumDriver] [  857] - Datavalue is----------null
[DEBUG][2016-01-07 19:59:35,915][com.java.SeleniumDriver] [  875] - Exception: null
[INFO ][2016-01-07 19:59:35,915][com.java.SeleniumDriver] [  881] - DataField : BTNchkProfitCenterAll
[INFO ][2016-01-07 19:59:35,915][com.java.SeleniumDriver] [  883] - DataValue : 
[INFO ][2016-01-07 19:59:35,915][com.java.SeleniumDriver] [  889] - <In Set values of the page>
[INFO ][2016-01-07 19:59:35,915][com.java.SeleniumDriver] [  892] - {Data Fields & Data Values Exist}
[INFO ][2016-01-07 19:59:35,915][com.java.SeleniumDriver] [  894] - --------------------------setting values-----------------------------
[INFO ][2016-01-07 19:59:35,915][com.java.SeleniumDriver] [  897] - Action Type : Click
[INFO ][2016-01-07 19:59:35,915][com.java.TestType] [ 6274] - Field ::BTNchkProfitCenterAll
[INFO ][2016-01-07 19:59:35,915][com.java.TestType] [ 5895] - value = 
[INFO ][2016-01-07 19:59:36,929][com.java.TestType] [ 6390] - BEFORE CLICK
[INFO ][2016-01-07 19:59:38,428][com.java.TestType] [ 6397] - Unable to click the object All Check box
[INFO ][2016-01-07 19:59:38,428][com.java.SeleniumDriver] [  906] -  RESULT true
[INFO ][2016-01-07 19:59:38,428][com.java.SeleniumDriver] [ 1112] - ?   P A S S   ?
[INFO ][2016-01-07 19:59:38,428][com.java.SeleniumDriver] [  832] - ------------------------------------------
[INFO ][2016-01-07 19:59:38,428][com.java.SeleniumDriver] [  833] - Test case being Executed: 2
[INFO ][2016-01-07 19:59:38,428][com.java.SeleniumDriver] [  845] - Test step:38
[INFO ][2016-01-07 19:59:38,428][com.java.SeleniumDriver] [  857] - Datavalue is----------null
[DEBUG][2016-01-07 19:59:38,428][com.java.SeleniumDriver] [  875] - Exception: null
[INFO ][2016-01-07 19:59:38,428][com.java.SeleniumDriver] [  881] - DataField : BTNchkPrivsAccessGL
[INFO ][2016-01-07 19:59:38,428][com.java.SeleniumDriver] [  883] - DataValue : 
[INFO ][2016-01-07 19:59:38,428][com.java.SeleniumDriver] [  889] - <In Set values of the page>
[INFO ][2016-01-07 19:59:38,428][com.java.SeleniumDriver] [  892] - {Data Fields & Data Values Exist}
[INFO ][2016-01-07 19:59:38,428][com.java.SeleniumDriver] [  894] - --------------------------setting values-----------------------------
[INFO ][2016-01-07 19:59:38,428][com.java.SeleniumDriver] [  897] - Action Type : Click
[INFO ][2016-01-07 19:59:38,428][com.java.TestType] [ 6274] - Field ::BTNchkPrivsAccessGL
[INFO ][2016-01-07 19:59:38,428][com.java.TestType] [ 5895] - value = 
[INFO ][2016-01-07 19:59:39,442][com.java.TestType] [ 6390] - BEFORE CLICK
[INFO ][2016-01-07 19:59:40,784][com.java.TestType] [ 6397] - Unable to click the object GL check box
[INFO ][2016-01-07 19:59:40,784][com.java.SeleniumDriver] [  906] -  RESULT true
[INFO ][2016-01-07 19:59:40,784][com.java.SeleniumDriver] [ 1112] - ?   P A S S   ?
[INFO ][2016-01-07 19:59:40,784][com.java.SeleniumDriver] [  832] - ------------------------------------------
[INFO ][2016-01-07 19:59:40,784][com.java.SeleniumDriver] [  833] - Test case being Executed: 2
[INFO ][2016-01-07 19:59:40,784][com.java.SeleniumDriver] [  845] - Test step:39
[INFO ][2016-01-07 19:59:40,784][com.java.SeleniumDriver] [  857] - Datavalue is----------null
[DEBUG][2016-01-07 19:59:40,784][com.java.SeleniumDriver] [  875] - Exception: null
[INFO ][2016-01-07 19:59:40,784][com.java.SeleniumDriver] [  881] - DataField : BTNparent
[INFO ][2016-01-07 19:59:40,784][com.java.SeleniumDriver] [  883] - DataValue : 
[INFO ][2016-01-07 19:59:40,784][com.java.SeleniumDriver] [  889] - <In Set values of the page>
[INFO ][2016-01-07 19:59:40,784][com.java.SeleniumDriver] [  892] - {Data Fields & Data Values Exist}
[INFO ][2016-01-07 19:59:40,784][com.java.SeleniumDriver] [  894] - --------------------------setting values-----------------------------
[INFO ][2016-01-07 19:59:40,784][com.java.SeleniumDriver] [  897] - Action Type : SelectFrame
[INFO ][2016-01-07 19:59:40,800][com.java.SeleniumDriver] [  906] -  RESULT true
[INFO ][2016-01-07 19:59:40,800][com.java.SeleniumDriver] [ 1112] - ?   P A S S   ?
[INFO ][2016-01-07 19:59:40,800][com.java.SeleniumDriver] [  832] - ------------------------------------------
[INFO ][2016-01-07 19:59:40,800][com.java.SeleniumDriver] [  833] - Test case being Executed: 2
[INFO ][2016-01-07 19:59:40,800][com.java.SeleniumDriver] [  845] - Test step:40
[INFO ][2016-01-07 19:59:40,800][com.java.SeleniumDriver] [  857] - Datavalue is----------5
[INFO ][2016-01-07 19:59:40,800][com.java.SeleniumDriver] [  881] - DataField : test
[INFO ][2016-01-07 19:59:40,800][com.java.SeleniumDriver] [  883] - DataValue : 5
[INFO ][2016-01-07 19:59:40,800][com.java.SeleniumDriver] [  889] - <In Set values of the page>
[INFO ][2016-01-07 19:59:40,800][com.java.SeleniumDriver] [  892] - {Data Fields & Data Values Exist}
[INFO ][2016-01-07 19:59:40,800][com.java.SeleniumDriver] [  894] - --------------------------setting values-----------------------------
[INFO ][2016-01-07 19:59:40,800][com.java.SeleniumDriver] [  897] - Action Type : WaitTime
[DEBUG][2016-01-07 19:59:40,800][com.java.TestType] [ 5715] - sleepTime: 5000
[INFO ][2016-01-07 19:59:45,808][com.java.SeleniumDriver] [  906] -  RESULT true
[INFO ][2016-01-07 19:59:45,808][com.java.SeleniumDriver] [ 1112] - ?   P A S S   ?
[INFO ][2016-01-07 19:59:45,808][com.java.SeleniumDriver] [  832] - ------------------------------------------
[INFO ][2016-01-07 19:59:45,808][com.java.SeleniumDriver] [  833] - Test case being Executed: 2
[INFO ][2016-01-07 19:59:45,808][com.java.SeleniumDriver] [  845] - Test step:41
[INFO ][2016-01-07 19:59:45,808][com.java.SeleniumDriver] [  857] - Datavalue is----------null
[DEBUG][2016-01-07 19:59:45,808][com.java.SeleniumDriver] [  875] - Exception: null
[INFO ][2016-01-07 19:59:45,808][com.java.SeleniumDriver] [  881] - DataField : XPH//span[contains(text(), 'Finished')]
[INFO ][2016-01-07 19:59:45,808][com.java.SeleniumDriver] [  883] - DataValue : 
[INFO ][2016-01-07 19:59:45,808][com.java.SeleniumDriver] [  889] - <In Set values of the page>
[INFO ][2016-01-07 19:59:45,808][com.java.SeleniumDriver] [  892] - {Data Fields & Data Values Exist}
[INFO ][2016-01-07 19:59:45,808][com.java.SeleniumDriver] [  894] - --------------------------setting values-----------------------------
[INFO ][2016-01-07 19:59:45,808][com.java.SeleniumDriver] [  897] - Action Type : Click
[INFO ][2016-01-07 19:59:45,808][com.java.TestType] [ 6274] - Field ::XPH//span[contains(text(), 'Finished')]
[INFO ][2016-01-07 19:59:45,808][com.java.TestType] [ 5895] - value = 
[INFO ][2016-01-07 19:59:46,823][com.java.TestType] [ 6411] - BEFORE CLICK
[INFO ][2016-01-07 19:59:49,836][com.java.TestType] [ 6419] - Unable to click the object Finished button
[INFO ][2016-01-07 19:59:49,836][com.java.SeleniumDriver] [  906] -  RESULT true
[INFO ][2016-01-07 19:59:49,836][com.java.SeleniumDriver] [ 1112] - ?   P A S S   ?
[INFO ][2016-01-07 19:59:49,836][com.java.SeleniumDriver] [  832] - ------------------------------------------
[INFO ][2016-01-07 19:59:49,836][com.java.SeleniumDriver] [  833] - Test case being Executed: 2
[INFO ][2016-01-07 19:59:49,836][com.java.SeleniumDriver] [  845] - Test step:42
[INFO ][2016-01-07 19:59:49,836][com.java.SeleniumDriver] [  857] - Datavalue is----------5
[INFO ][2016-01-07 19:59:49,836][com.java.SeleniumDriver] [  881] - DataField : BTNframeDialogContent
[INFO ][2016-01-07 19:59:49,836][com.java.SeleniumDriver] [  883] - DataValue : 5
[INFO ][2016-01-07 19:59:49,836][com.java.SeleniumDriver] [  889] - <In Set values of the page>
[INFO ][2016-01-07 19:59:49,836][com.java.SeleniumDriver] [  892] - {Data Fields & Data Values Exist}
[INFO ][2016-01-07 19:59:49,836][com.java.SeleniumDriver] [  894] - --------------------------setting values-----------------------------
[INFO ][2016-01-07 19:59:49,836][com.java.SeleniumDriver] [  897] - Action Type : WaitForElement
[INFO ][2016-01-07 19:59:51,069][com.java.SeleniumDriver] [  906] -  RESULT true
[INFO ][2016-01-07 19:59:51,069][com.java.SeleniumDriver] [ 1112] - ?   P A S S   ?
[INFO ][2016-01-07 19:59:51,069][com.java.SeleniumDriver] [  832] - ------------------------------------------
[INFO ][2016-01-07 19:59:51,069][com.java.SeleniumDriver] [  833] - Test case being Executed: 2
[INFO ][2016-01-07 19:59:51,069][com.java.SeleniumDriver] [  845] - Test step:43
[INFO ][2016-01-07 19:59:51,069][com.java.SeleniumDriver] [  857] - Datavalue is----------null
[DEBUG][2016-01-07 19:59:51,069][com.java.SeleniumDriver] [  875] - Exception: null
[INFO ][2016-01-07 19:59:51,069][com.java.SeleniumDriver] [  881] - DataField : BTNframeDialogContent
[INFO ][2016-01-07 19:59:51,069][com.java.SeleniumDriver] [  883] - DataValue : 
[INFO ][2016-01-07 19:59:51,069][com.java.SeleniumDriver] [  889] - <In Set values of the page>
[INFO ][2016-01-07 19:59:51,069][com.java.SeleniumDriver] [  892] - {Data Fields & Data Values Exist}
[INFO ][2016-01-07 19:59:51,069][com.java.SeleniumDriver] [  894] - --------------------------setting values-----------------------------
[INFO ][2016-01-07 19:59:51,069][com.java.SeleniumDriver] [  897] - Action Type : SelectFrame
[INFO ][2016-01-07 19:59:52,335][com.java.SeleniumDriver] [  906] -  RESULT true
[INFO ][2016-01-07 19:59:52,335][com.java.SeleniumDriver] [ 1112] - ?   P A S S   ?
[INFO ][2016-01-07 19:59:52,335][com.java.SeleniumDriver] [  832] - ------------------------------------------
[INFO ][2016-01-07 19:59:52,335][com.java.SeleniumDriver] [  833] - Test case being Executed: 2
[INFO ][2016-01-07 19:59:52,335][com.java.SeleniumDriver] [  845] - Test step:44
[INFO ][2016-01-07 19:59:52,335][com.java.SeleniumDriver] [  857] - Datavalue is----------null
[DEBUG][2016-01-07 19:59:52,335][com.java.SeleniumDriver] [  875] - Exception: null
[INFO ][2016-01-07 19:59:52,335][com.java.SeleniumDriver] [  881] - DataField : XPH//table[@id="tblUserListing"]//td[contains(text(),'vltest.robot')]
[INFO ][2016-01-07 19:59:52,335][com.java.SeleniumDriver] [  883] - DataValue : 
[INFO ][2016-01-07 19:59:52,335][com.java.SeleniumDriver] [  889] - <In Set values of the page>
[INFO ][2016-01-07 19:59:52,335][com.java.SeleniumDriver] [  892] - {Data Fields & Data Values Exist}
[INFO ][2016-01-07 19:59:52,335][com.java.SeleniumDriver] [  894] - --------------------------setting values-----------------------------
[INFO ][2016-01-07 19:59:52,335][com.java.SeleniumDriver] [  897] - Action Type : WaitForElement
[INFO ][2016-01-07 19:59:52,382][com.java.SeleniumDriver] [  906] -  RESULT true
[INFO ][2016-01-07 19:59:52,382][com.java.SeleniumDriver] [ 1112] - ?   P A S S   ?
[INFO ][2016-01-07 19:59:52,382][com.java.SeleniumDriver] [  832] - ------------------------------------------
[INFO ][2016-01-07 19:59:52,382][com.java.SeleniumDriver] [  833] - Test case being Executed: 2
[INFO ][2016-01-07 19:59:52,382][com.java.SeleniumDriver] [  845] - Test step:45
[INFO ][2016-01-07 19:59:52,382][com.java.SeleniumDriver] [  857] - Datavalue is----------HMVGivenNewUserName
[INFO ][2016-01-07 19:59:52,382][com.java.SeleniumDriver] [  881] - DataField : USR
[INFO ][2016-01-07 19:59:52,382][com.java.SeleniumDriver] [  883] - DataValue : HMVGivenNewUserName
[INFO ][2016-01-07 19:59:52,382][com.java.SeleniumDriver] [  889] - <In Set values of the page>
[INFO ][2016-01-07 19:59:52,382][com.java.SeleniumDriver] [  892] - {Data Fields & Data Values Exist}
[INFO ][2016-01-07 19:59:52,382][com.java.SeleniumDriver] [  894] - --------------------------setting values-----------------------------
[INFO ][2016-01-07 19:59:52,382][com.java.SeleniumDriver] [  897] - Action Type : Verify
[INFO ][2016-01-07 19:59:52,382][com.java.TestType] [ 7269] - field= USR value= HMVGivenNewUserName
[INFO ][2016-01-07 19:59:52,382][com.java.TestType] [ 5895] - value = vltest.robot56199
[INFO ][2016-01-07 19:59:52,444][com.java.SeleniumDriver] [  906] -  RESULT true
[INFO ][2016-01-07 19:59:52,444][com.java.SeleniumDriver] [ 1112] - ?   P A S S   ?
[INFO ][2016-01-07 19:59:52,444][com.java.SeleniumDriver] [  832] - ------------------------------------------
[INFO ][2016-01-07 19:59:52,444][com.java.SeleniumDriver] [  833] - Test case being Executed: 2
[INFO ][2016-01-07 19:59:52,444][com.java.SeleniumDriver] [  845] - Test step:46
[INFO ][2016-01-07 19:59:52,444][com.java.SeleniumDriver] [  857] - Datavalue is----------GivenNewUserName::Login_username
[INFO ][2016-01-07 19:59:52,444][com.java.SeleniumDriver] [  881] - DataField : PVP//table[@id="tblUserListing"]//td[contains(text(),'mytext')]
[INFO ][2016-01-07 19:59:52,444][com.java.SeleniumDriver] [  883] - DataValue : GivenNewUserName::Login_username
[INFO ][2016-01-07 19:59:52,444][com.java.SeleniumDriver] [  889] - <In Set values of the page>
[INFO ][2016-01-07 19:59:52,444][com.java.SeleniumDriver] [  892] - {Data Fields & Data Values Exist}
[INFO ][2016-01-07 19:59:52,444][com.java.SeleniumDriver] [  894] - --------------------------setting values-----------------------------
[INFO ][2016-01-07 19:59:52,444][com.java.SeleniumDriver] [  897] - Action Type : STOREVALUE
[INFO ][2016-01-07 19:59:52,444][com.java.TestType] [ 8612] - field= PVP//table[@id="tblUserListing"]//td[contains(text(),'mytext')]
[DEBUG][2016-01-07 19:59:52,569][com.java.TestType] [ 8903] - Key:: GivenNewUserName::Login_username  Value:: vltest.robot56199.15019
[INFO ][2016-01-07 19:59:52,569][com.java.SeleniumDriver] [  906] -  RESULT true
[INFO ][2016-01-07 19:59:52,569][com.java.SeleniumDriver] [ 1112] - ?   P A S S   ?
[INFO ][2016-01-07 19:59:52,569][com.java.SeleniumDriver] [  832] - ------------------------------------------
[INFO ][2016-01-07 19:59:52,569][com.java.SeleniumDriver] [  833] - Test case being Executed: 2
[INFO ][2016-01-07 19:59:52,569][com.java.SeleniumDriver] [  845] - Test step:47
[INFO ][2016-01-07 19:59:52,569][com.java.SeleniumDriver] [  857] - Datavalue is----------10
[INFO ][2016-01-07 19:59:52,569][com.java.SeleniumDriver] [  881] - DataField : test
[INFO ][2016-01-07 19:59:52,569][com.java.SeleniumDriver] [  883] - DataValue : 10
[INFO ][2016-01-07 19:59:52,569][com.java.SeleniumDriver] [  889] - <In Set values of the page>
[INFO ][2016-01-07 19:59:52,569][com.java.SeleniumDriver] [  892] - {Data Fields & Data Values Exist}
[INFO ][2016-01-07 19:59:52,569][com.java.SeleniumDriver] [  894] - --------------------------setting values-----------------------------
[INFO ][2016-01-07 19:59:52,569][com.java.SeleniumDriver] [  897] - Action Type : WaitTime
[DEBUG][2016-01-07 19:59:52,569][com.java.TestType] [ 5715] - sleepTime: 10000
[INFO ][2016-01-07 20:00:02,584][com.java.SeleniumDriver] [  906] -  RESULT true
[INFO ][2016-01-07 20:00:02,584][com.java.SeleniumDriver] [ 1112] - ?   P A S S   ?
[INFO ][2016-01-07 20:00:02,584][com.java.SeleniumDriver] [  832] - ------------------------------------------
[INFO ][2016-01-07 20:00:02,584][com.java.SeleniumDriver] [  833] - Test case being Executed: 2
[INFO ][2016-01-07 20:00:02,584][com.java.SeleniumDriver] [  845] - Test step:48
[INFO ][2016-01-07 20:00:02,584][com.java.SeleniumDriver] [  857] - Datavalue is----------null
[DEBUG][2016-01-07 20:00:02,584][com.java.SeleniumDriver] [  875] - Exception: null
[INFO ][2016-01-07 20:00:02,584][com.java.SeleniumDriver] [  881] - DataField : BTNparent
[INFO ][2016-01-07 20:00:02,584][com.java.SeleniumDriver] [  883] - DataValue : 
[INFO ][2016-01-07 20:00:02,584][com.java.SeleniumDriver] [  889] - <In Set values of the page>
[INFO ][2016-01-07 20:00:02,584][com.java.SeleniumDriver] [  892] - {Data Fields & Data Values Exist}
[INFO ][2016-01-07 20:00:02,584][com.java.SeleniumDriver] [  894] - --------------------------setting values-----------------------------
[INFO ][2016-01-07 20:00:02,584][com.java.SeleniumDriver] [  897] - Action Type : SelectFrame
[INFO ][2016-01-07 20:00:02,585][com.java.SeleniumDriver] [  906] -  RESULT true
[INFO ][2016-01-07 20:00:02,585][com.java.SeleniumDriver] [ 1112] - ?   P A S S   ?
[INFO ][2016-01-07 20:00:02,585][com.java.SeleniumDriver] [  832] - ------------------------------------------
[INFO ][2016-01-07 20:00:02,585][com.java.SeleniumDriver] [  833] - Test case being Executed: 2
[INFO ][2016-01-07 20:00:02,585][com.java.SeleniumDriver] [  845] - Test step:49
[INFO ][2016-01-07 20:00:02,585][com.java.SeleniumDriver] [  857] - Datavalue is----------null
[DEBUG][2016-01-07 20:00:02,585][com.java.SeleniumDriver] [  875] - Exception: null
[INFO ][2016-01-07 20:00:02,585][com.java.SeleniumDriver] [  881] - DataField : XPH//span[contains(text(), 'Finished')]
[INFO ][2016-01-07 20:00:02,585][com.java.SeleniumDriver] [  883] - DataValue : 
[INFO ][2016-01-07 20:00:02,585][com.java.SeleniumDriver] [  889] - <In Set values of the page>
[INFO ][2016-01-07 20:00:02,585][com.java.SeleniumDriver] [  892] - {Data Fields & Data Values Exist}
[INFO ][2016-01-07 20:00:02,585][com.java.SeleniumDriver] [  894] - --------------------------setting values-----------------------------
[INFO ][2016-01-07 20:00:02,585][com.java.SeleniumDriver] [  897] - Action Type : Click
[INFO ][2016-01-07 20:00:02,585][com.java.TestType] [ 6274] - Field ::XPH//span[contains(text(), 'Finished')]
[INFO ][2016-01-07 20:00:02,585][com.java.TestType] [ 5895] - value = 
[INFO ][2016-01-07 20:00:03,615][com.java.TestType] [ 6411] - BEFORE CLICK
[INFO ][2016-01-07 20:00:04,769][com.java.TestType] [ 6419] - Unable to click the object Finished button
[INFO ][2016-01-07 20:00:04,769][com.java.SeleniumDriver] [  906] -  RESULT true
[INFO ][2016-01-07 20:00:04,769][com.java.SeleniumDriver] [ 1112] - ?   P A S S   ?
[INFO ][2016-01-07 20:00:04,769][com.java.SeleniumDriver] [  832] - ------------------------------------------
[INFO ][2016-01-07 20:00:04,769][com.java.SeleniumDriver] [  833] - Test case being Executed: 2
[INFO ][2016-01-07 20:00:04,769][com.java.SeleniumDriver] [  845] - Test step:50
[INFO ][2016-01-07 20:00:04,769][com.java.SeleniumDriver] [  857] - Datavalue is----------10
[INFO ][2016-01-07 20:00:04,769][com.java.SeleniumDriver] [  881] - DataField : XPH//div[contains(text(), 'My Dashboard')]
[INFO ][2016-01-07 20:00:04,769][com.java.SeleniumDriver] [  883] - DataValue : 10
[INFO ][2016-01-07 20:00:04,769][com.java.SeleniumDriver] [  889] - <In Set values of the page>
[INFO ][2016-01-07 20:00:04,769][com.java.SeleniumDriver] [  892] - {Data Fields & Data Values Exist}
[INFO ][2016-01-07 20:00:04,769][com.java.SeleniumDriver] [  894] - --------------------------setting values-----------------------------
[INFO ][2016-01-07 20:00:04,769][com.java.SeleniumDriver] [  897] - Action Type : WAITFORELEMENT
[INFO ][2016-01-07 20:00:04,801][com.java.SeleniumDriver] [  906] -  RESULT true
[INFO ][2016-01-07 20:00:04,801][com.java.SeleniumDriver] [ 1112] - ?   P A S S   ?
[INFO ][2016-01-07 20:00:04,801][com.java.SeleniumDriver] [  832] - ------------------------------------------
[INFO ][2016-01-07 20:00:04,801][com.java.SeleniumDriver] [  833] - Test case being Executed: 2
[INFO ][2016-01-07 20:00:04,801][com.java.SeleniumDriver] [  845] - Test step:51
[INFO ][2016-01-07 20:00:04,801][com.java.SeleniumDriver] [  857] - Datavalue is----------Concept#3:1-2
[INFO ][2016-01-07 20:00:04,801][com.java.SeleniumDriver] [  881] - DataField : test
[INFO ][2016-01-07 20:00:04,801][com.java.SeleniumDriver] [  883] - DataValue : Concept#3:1-2
[INFO ][2016-01-07 20:00:04,801][com.java.SeleniumDriver] [  889] - <In Set values of the page>
[INFO ][2016-01-07 20:00:04,801][com.java.SeleniumDriver] [  892] - {Data Fields & Data Values Exist}
[INFO ][2016-01-07 20:00:04,801][com.java.SeleniumDriver] [  894] - --------------------------setting values-----------------------------
[INFO ][2016-01-07 20:00:04,801][com.java.SeleniumDriver] [  897] - Action Type : ExecuteTestCase
[INFO ][2016-01-07 20:00:04,801][com.java.TestType] [  437] - The Concept sheet name is ---------- Concept
[INFO ][2016-01-07 20:00:04,801][com.java.TestType] [  440] - The Concept ID  is ---------- 3
[DEBUG][2016-01-07 20:00:04,801][com.java.TestType] [  444] - Steps being executted in the Concept are: 1:2
[INFO ][2016-01-07 20:00:04,801][com.java.TestType] [  451] - Test data details path ---------- D:\BankersDashboard\TestInputs\TestData.xls
[INFO ][2016-01-07 20:00:04,817][com.java.TestType] [  482] -  str(1) = 3
[INFO ][2016-01-07 20:00:04,817][com.java.TestType] [  485] - Test case Id is---3
[INFO ][2016-01-07 20:00:04,817][com.java.TestType] [  487] - 3
[INFO ][2016-01-07 20:00:04,817][com.java.TestType] [  482] -  str(2) = 1
[INFO ][2016-01-07 20:00:04,817][com.java.TestType] [  482] -  str(1) = 3
[INFO ][2016-01-07 20:00:04,817][com.java.TestType] [  485] - Test case Id is---3
[INFO ][2016-01-07 20:00:04,817][com.java.TestType] [  487] - 3
[INFO ][2016-01-07 20:00:04,817][com.java.TestType] [  482] -  str(2) = 2
[INFO ][2016-01-07 20:00:04,817][com.java.TestType] [10822] - Looping 1TCID = 3
[DEBUG][2016-01-07 20:00:04,817][com.java.TestType] [10863] - Concept ID:3 :: Step being Executed: 3::1
[INFO ][2016-01-07 20:00:04,817][com.java.TestType] [10901] - dataFields : test
[DEBUG][2016-01-07 20:00:04,817][com.java.TestType] [10907] - <In Set values of the page>
[DEBUG][2016-01-07 20:00:04,817][com.java.TestType] [10912] - {Data Fields & Data Values Exist}
[INFO ][2016-01-07 20:00:04,817][com.java.TestType] [10918] - --------------------------setting values-----------------------------
[INFO ][2016-01-07 20:00:04,817][com.java.TestType] [10921] - Action Type : Logout
[INFO ][2016-01-07 20:00:06,993][com.java.TestType] [ 6274] - Field ::CNF
[INFO ][2016-01-07 20:00:06,993][com.java.TestType] [ 5895] - value = OK
[INFO ][2016-01-07 20:00:09,302][com.java.TestType] [ 6407] - Click the object confirmation
[INFO ][2016-01-07 20:00:09,302][com.java.TestType] [ 6408] - Unable to click the object confirmation
[DEBUG][2016-01-07 20:00:10,576][com.java.SeleniumDriver] [  426] - Hub ip address is-------172.17.68.34
[INFO ][2016-01-07 20:00:10,576][com.java.SeleniumDriver] [  452] - Grid URL:http://172.17.68.34:4444/wd/hub
[INFO ][2016-01-07 20:00:10,576][com.java.SeleniumDriver] [  453] - Capability:Capabilities [{platform=ANY, ensureCleanSession=true, ignoreProtectedModeSettings=true, acceptSslCerts=true, ignoreZoomSetting=true, browserName=internet explorer, browserstack.ie.noFlash=true, version=null}]
[ERROR][2016-01-07 20:00:11,591][com.java.SeleniumDriver] [  498] - Unable invoke browser in grid:Could not start a new session. Possible causes are invalid address of the remote server or browser start-up failure.
Build info: version: '2.48.2', revision: '41bccdd', time: '2015-10-09 19:59:12'
System info: host: 'FVTIII438F1D', ip: '172.17.68.34', os.name: 'Windows 7', os.arch: 'x86', os.version: '6.1', java.version: '1.7.0_55'
Driver info: driver.version: SeleniumDriver
[INFO ][2016-01-07 20:00:11,591][com.java.SeleniumDriver] [  500] - Executing on local machine
[INFO ][2016-01-07 20:00:23,966][com.java.TestType] [10940] -  RESULT true
[INFO ][2016-01-07 20:00:23,966][com.java.TestType] [11057] - ?   P A S S   ?
[DEBUG][2016-01-07 20:00:23,966][com.java.TestType] [10863] - Concept ID:3 :: Step being Executed: 3::2
[INFO ][2016-01-07 20:00:23,966][com.java.TestType] [10901] - dataFields : test
[DEBUG][2016-01-07 20:00:23,966][com.java.TestType] [10907] - <In Set values of the page>
[DEBUG][2016-01-07 20:00:23,966][com.java.TestType] [10912] - {Data Fields & Data Values Exist}
[INFO ][2016-01-07 20:00:23,966][com.java.TestType] [10918] - --------------------------setting values-----------------------------
[INFO ][2016-01-07 20:00:23,966][com.java.TestType] [10921] - Action Type : WaitTime
[DEBUG][2016-01-07 20:00:23,966][com.java.TestType] [ 5715] - sleepTime: 2000
[INFO ][2016-01-07 20:00:25,979][com.java.TestType] [10940] -  RESULT true
[INFO ][2016-01-07 20:00:25,979][com.java.TestType] [11057] - ?   P A S S   ?
[INFO ][2016-01-07 20:00:25,979][com.java.TestType] [11128] - Looping End......
[INFO ][2016-01-07 20:00:25,979][com.java.SeleniumDriver] [  906] -  RESULT true
[INFO ][2016-01-07 20:00:25,979][com.java.SeleniumDriver] [ 1112] - ?   P A S S   ?
[INFO ][2016-01-07 20:00:25,979][com.java.SeleniumDriver] [  832] - ------------------------------------------
[INFO ][2016-01-07 20:00:25,979][com.java.SeleniumDriver] [  833] - Test case being Executed: 2
[INFO ][2016-01-07 20:00:25,979][com.java.SeleniumDriver] [  845] - Test step:52
[INFO ][2016-01-07 20:00:25,979][com.java.SeleniumDriver] [  857] - Datavalue is----------10
[INFO ][2016-01-07 20:00:25,979][com.java.SeleniumDriver] [  881] - DataField : test
[INFO ][2016-01-07 20:00:25,979][com.java.SeleniumDriver] [  883] - DataValue : 10
[INFO ][2016-01-07 20:00:25,979][com.java.SeleniumDriver] [  889] - <In Set values of the page>
[INFO ][2016-01-07 20:00:25,979][com.java.SeleniumDriver] [  892] - {Data Fields & Data Values Exist}
[INFO ][2016-01-07 20:00:25,979][com.java.SeleniumDriver] [  894] - --------------------------setting values-----------------------------
[INFO ][2016-01-07 20:00:25,979][com.java.SeleniumDriver] [  897] - Action Type : WaitTime
[DEBUG][2016-01-07 20:00:25,979][com.java.TestType] [ 5715] - sleepTime: 10000
[INFO ][2016-01-07 20:00:35,980][com.java.SeleniumDriver] [  906] -  RESULT true
[INFO ][2016-01-07 20:00:35,980][com.java.SeleniumDriver] [ 1112] - ?   P A S S   ?
[INFO ][2016-01-07 20:00:35,980][com.java.SeleniumDriver] [  832] - ------------------------------------------
[INFO ][2016-01-07 20:00:35,980][com.java.SeleniumDriver] [  833] - Test case being Executed: 2
[INFO ][2016-01-07 20:00:35,980][com.java.SeleniumDriver] [  845] - Test step:53
[INFO ][2016-01-07 20:00:35,980][com.java.SeleniumDriver] [  857] - Datavalue is----------dt:HTTPSURL
[INFO ][2016-01-07 20:00:35,980][com.java.SeleniumDriver] [  881] - DataField : test
[INFO ][2016-01-07 20:00:35,980][com.java.SeleniumDriver] [  883] - DataValue : dt:HTTPSURL
[INFO ][2016-01-07 20:00:35,980][com.java.SeleniumDriver] [  889] - <In Set values of the page>
[INFO ][2016-01-07 20:00:35,980][com.java.SeleniumDriver] [  892] - {Data Fields & Data Values Exist}
[INFO ][2016-01-07 20:00:35,980][com.java.SeleniumDriver] [  894] - --------------------------setting values-----------------------------
[INFO ][2016-01-07 20:00:35,980][com.java.SeleniumDriver] [  897] - Action Type : OpenURL
[INFO ][2016-01-07 20:00:35,980][com.java.TestType] [ 5895] - value = https://clients-xuat.bankersdashboard.com
[INFO ][2016-01-07 20:00:35,980][com.java.TestType] [  353] - Open URL : https://clients-xuat.bankersdashboard.com
[INFO ][2016-01-07 20:00:36,607][com.java.SeleniumDriver] [  906] -  RESULT true
[INFO ][2016-01-07 20:00:36,607][com.java.SeleniumDriver] [ 1112] - ?   P A S S   ?
[INFO ][2016-01-07 20:00:36,607][com.java.SeleniumDriver] [  832] - ------------------------------------------
[INFO ][2016-01-07 20:00:36,607][com.java.SeleniumDriver] [  833] - Test case being Executed: 2
[INFO ][2016-01-07 20:00:36,607][com.java.SeleniumDriver] [  845] - Test step:54
[INFO ][2016-01-07 20:00:36,607][com.java.SeleniumDriver] [  857] - Datavalue is----------10
[INFO ][2016-01-07 20:00:36,607][com.java.SeleniumDriver] [  881] - DataField : TXTusername
[INFO ][2016-01-07 20:00:36,607][com.java.SeleniumDriver] [  883] - DataValue : 10
[INFO ][2016-01-07 20:00:36,607][com.java.SeleniumDriver] [  889] - <In Set values of the page>
[INFO ][2016-01-07 20:00:36,607][com.java.SeleniumDriver] [  892] - {Data Fields & Data Values Exist}
[INFO ][2016-01-07 20:00:36,607][com.java.SeleniumDriver] [  894] - --------------------------setting values-----------------------------
[INFO ][2016-01-07 20:00:36,607][com.java.SeleniumDriver] [  897] - Action Type : WAITFORELEMENT
[INFO ][2016-01-07 20:00:38,838][com.java.SeleniumDriver] [  906] -  RESULT true
[INFO ][2016-01-07 20:00:38,838][com.java.SeleniumDriver] [ 1112] - ?   P A S S   ?
[INFO ][2016-01-07 20:00:38,838][com.java.SeleniumDriver] [  832] - ------------------------------------------
[INFO ][2016-01-07 20:00:38,838][com.java.SeleniumDriver] [  833] - Test case being Executed: 2
[INFO ][2016-01-07 20:00:38,838][com.java.SeleniumDriver] [  845] - Test step:55
[INFO ][2016-01-07 20:00:38,838][com.java.SeleniumDriver] [  857] - Datavalue is----------HMVLogin_username
[INFO ][2016-01-07 20:00:38,838][com.java.SeleniumDriver] [  881] - DataField : TXTusername
[INFO ][2016-01-07 20:00:38,838][com.java.SeleniumDriver] [  883] - DataValue : HMVLogin_username
[INFO ][2016-01-07 20:00:38,838][com.java.SeleniumDriver] [  889] - <In Set values of the page>
[INFO ][2016-01-07 20:00:38,838][com.java.SeleniumDriver] [  892] - {Data Fields & Data Values Exist}
[INFO ][2016-01-07 20:00:38,838][com.java.SeleniumDriver] [  894] - --------------------------setting values-----------------------------
[INFO ][2016-01-07 20:00:38,838][com.java.SeleniumDriver] [  897] - Action Type : CLEARANDENTER
[INFO ][2016-01-07 20:00:38,838][com.java.TestType] [ 5895] - value = vltest.robot56199.15019
[INFO ][2016-01-07 20:00:43,783][com.java.SeleniumDriver] [  906] -  RESULT true
[INFO ][2016-01-07 20:00:43,783][com.java.SeleniumDriver] [ 1112] - ?   P A S S   ?
[INFO ][2016-01-07 20:00:43,783][com.java.SeleniumDriver] [  832] - ------------------------------------------
[INFO ][2016-01-07 20:00:43,783][com.java.SeleniumDriver] [  833] - Test case being Executed: 2
[INFO ][2016-01-07 20:00:43,783][com.java.SeleniumDriver] [  845] - Test step:56
[INFO ][2016-01-07 20:00:43,783][com.java.SeleniumDriver] [  857] - Datavalue is----------dt:NewUserPswd
[INFO ][2016-01-07 20:00:43,783][com.java.SeleniumDriver] [  881] - DataField : TXTpassword
[INFO ][2016-01-07 20:00:43,783][com.java.SeleniumDriver] [  883] - DataValue : dt:NewUserPswd
[INFO ][2016-01-07 20:00:43,783][com.java.SeleniumDriver] [  889] - <In Set values of the page>
[INFO ][2016-01-07 20:00:43,783][com.java.SeleniumDriver] [  892] - {Data Fields & Data Values Exist}
[INFO ][2016-01-07 20:00:43,783][com.java.SeleniumDriver] [  894] - --------------------------setting values-----------------------------
[INFO ][2016-01-07 20:00:43,783][com.java.SeleniumDriver] [  897] - Action Type : CLEARANDENTER
[INFO ][2016-01-07 20:00:43,783][com.java.TestType] [ 5895] - value = Password1*
[INFO ][2016-01-07 20:00:48,817][com.java.SeleniumDriver] [  906] -  RESULT true
[INFO ][2016-01-07 20:00:48,817][com.java.SeleniumDriver] [ 1112] - ?   P A S S   ?
[INFO ][2016-01-07 20:00:48,817][com.java.SeleniumDriver] [  832] - ------------------------------------------
[INFO ][2016-01-07 20:00:48,817][com.java.SeleniumDriver] [  833] - Test case being Executed: 2
[INFO ][2016-01-07 20:00:48,817][com.java.SeleniumDriver] [  845] - Test step:57
[INFO ][2016-01-07 20:00:48,817][com.java.SeleniumDriver] [  857] - Datavalue is----------null
[DEBUG][2016-01-07 20:00:48,817][com.java.SeleniumDriver] [  875] - Exception: null
[INFO ][2016-01-07 20:00:48,817][com.java.SeleniumDriver] [  881] - DataField : XPH//button[@type='submit']
[INFO ][2016-01-07 20:00:48,817][com.java.SeleniumDriver] [  883] - DataValue : 
[INFO ][2016-01-07 20:00:48,817][com.java.SeleniumDriver] [  889] - <In Set values of the page>
[INFO ][2016-01-07 20:00:48,817][com.java.SeleniumDriver] [  892] - {Data Fields & Data Values Exist}
[INFO ][2016-01-07 20:00:48,817][com.java.SeleniumDriver] [  894] - --------------------------setting values-----------------------------
[INFO ][2016-01-07 20:00:48,817][com.java.SeleniumDriver] [  897] - Action Type : Click
[INFO ][2016-01-07 20:00:48,817][com.java.TestType] [ 6274] - Field ::XPH//button[@type='submit']
[INFO ][2016-01-07 20:00:48,817][com.java.TestType] [ 5895] - value = 
[INFO ][2016-01-07 20:00:49,831][com.java.TestType] [ 6411] - BEFORE CLICK
[INFO ][2016-01-07 20:00:50,821][com.java.TestType] [ 6419] - Unable to click the object Login
[INFO ][2016-01-07 20:00:50,821][com.java.SeleniumDriver] [  906] -  RESULT true
[INFO ][2016-01-07 20:00:50,821][com.java.SeleniumDriver] [ 1112] - ?   P A S S   ?
[INFO ][2016-01-07 20:00:50,821][com.java.SeleniumDriver] [  832] - ------------------------------------------
[INFO ][2016-01-07 20:00:50,821][com.java.SeleniumDriver] [  833] - Test case being Executed: 2
[INFO ][2016-01-07 20:00:50,821][com.java.SeleniumDriver] [  845] - Test step:58
[INFO ][2016-01-07 20:00:50,821][com.java.SeleniumDriver] [  857] - Datavalue is----------20
[INFO ][2016-01-07 20:00:50,821][com.java.SeleniumDriver] [  881] - DataField : test
[INFO ][2016-01-07 20:00:50,821][com.java.SeleniumDriver] [  883] - DataValue : 20
[INFO ][2016-01-07 20:00:50,821][com.java.SeleniumDriver] [  889] - <In Set values of the page>
[INFO ][2016-01-07 20:00:50,821][com.java.SeleniumDriver] [  892] - {Data Fields & Data Values Exist}
[INFO ][2016-01-07 20:00:50,821][com.java.SeleniumDriver] [  894] - --------------------------setting values-----------------------------
[INFO ][2016-01-07 20:00:50,821][com.java.SeleniumDriver] [  897] - Action Type : WaitTime
[DEBUG][2016-01-07 20:00:50,821][com.java.TestType] [ 5715] - sleepTime: 20000
[INFO ][2016-01-07 20:01:10,825][com.java.SeleniumDriver] [  906] -  RESULT true
[INFO ][2016-01-07 20:01:10,825][com.java.SeleniumDriver] [ 1112] - ?   P A S S   ?
[INFO ][2016-01-07 20:01:10,825][com.java.SeleniumDriver] [  832] - ------------------------------------------
[INFO ][2016-01-07 20:01:10,825][com.java.SeleniumDriver] [  833] - Test case being Executed: 2
[INFO ][2016-01-07 20:01:10,825][com.java.SeleniumDriver] [  845] - Test step:59
[INFO ][2016-01-07 20:01:10,825][com.java.SeleniumDriver] [  857] - Datavalue is----------Banker'sDashboard
[INFO ][2016-01-07 20:01:10,825][com.java.SeleniumDriver] [  881] - DataField : TTL
[INFO ][2016-01-07 20:01:10,825][com.java.SeleniumDriver] [  883] - DataValue : Banker'sDashboard
[INFO ][2016-01-07 20:01:10,825][com.java.SeleniumDriver] [  889] - <In Set values of the page>
[INFO ][2016-01-07 20:01:10,825][com.java.SeleniumDriver] [  892] - {Data Fields & Data Values Exist}
[INFO ][2016-01-07 20:01:10,825][com.java.SeleniumDriver] [  894] - --------------------------setting values-----------------------------
[INFO ][2016-01-07 20:01:10,825][com.java.SeleniumDriver] [  897] - Action Type : SelectWindow
[INFO ][2016-01-07 20:01:23,335][com.java.SeleniumDriver] [  906] -  RESULT true
[INFO ][2016-01-07 20:01:23,335][com.java.SeleniumDriver] [ 1112] - ?   P A S S   ?
[INFO ][2016-01-07 20:01:23,335][com.java.SeleniumDriver] [  832] - ------------------------------------------
[INFO ][2016-01-07 20:01:23,335][com.java.SeleniumDriver] [  833] - Test case being Executed: 2
[INFO ][2016-01-07 20:01:23,335][com.java.SeleniumDriver] [  845] - Test step:60
[INFO ][2016-01-07 20:01:23,335][com.java.SeleniumDriver] [  857] - Datavalue is----------10
[INFO ][2016-01-07 20:01:23,335][com.java.SeleniumDriver] [  881] - DataField : XPH//div[contains(text(), 'My Dashboard')]
[INFO ][2016-01-07 20:01:23,335][com.java.SeleniumDriver] [  883] - DataValue : 10
[INFO ][2016-01-07 20:01:23,335][com.java.SeleniumDriver] [  889] - <In Set values of the page>
[INFO ][2016-01-07 20:01:23,335][com.java.SeleniumDriver] [  892] - {Data Fields & Data Values Exist}
[INFO ][2016-01-07 20:01:23,335][com.java.SeleniumDriver] [  894] - --------------------------setting values-----------------------------
[INFO ][2016-01-07 20:01:23,335][com.java.SeleniumDriver] [  897] - Action Type : WAITFORELEMENT
