[INFO ][2016-01-07 17:01:43,691][com.java.SeleniumDriver] [  213] - Execute Failed Casesfalse
[INFO ][2016-01-07 17:01:43,692][com.java.SeleniumDriver] [  214] - Browser: IE10
[INFO ][2016-01-07 17:01:43,692][com.java.SeleniumDriver] [  215] - [1, 2, 3]
[INFO ][2016-01-07 17:01:43,692][com.java.SeleniumDriver] [  216] - Total TestCases:3
[INFO ][2016-01-07 17:01:43,692][com.java.SeleniumDriver] [  217] -  Reading Properties from Property File 
[DEBUG][2016-01-07 17:01:43,692][com.java.SeleniumDriver] [  238] - url : https://clients-xuat.bankersdashboard.com
[INFO ][2016-01-07 17:01:43,693][com.java.ImportnExport.ExportTestResultsExcel] [  116] - Time Stamp Thu Jan 07 05:01:43 IST 2016
[INFO ][2016-01-07 17:01:43,694][com.java.ImportnExport.ExportTestResultsExcel] [  175] - OUT FILE : D:\BankersDashboard/TestReports/Test Results_BankersDashBoard_010716_170143_IE10_First Bank.xls
[INFO ][2016-01-07 17:01:43,723][com.java.ImportnExport.ExportTestResultsExcel] [  180] - Test Result file is created
[DEBUG][2016-01-07 17:01:43,822][com.java.SeleniumDriver] [  426] - Hub ip address is-------172.17.68.34
[INFO ][2016-01-07 17:01:43,823][com.java.SeleniumDriver] [  452] - Grid URL:http://172.17.68.34:4444/wd/hub
[INFO ][2016-01-07 17:01:43,823][com.java.SeleniumDriver] [  453] - Capability:Capabilities [{platform=ANY, ensureCleanSession=true, ignoreProtectedModeSettings=true, acceptSslCerts=true, ignoreZoomSetting=true, browserName=internet explorer, browserstack.ie.noFlash=true, version=null}]
[ERROR][2016-01-07 17:01:45,145][com.java.SeleniumDriver] [  498] - Unable invoke browser in grid:Could not start a new session. Possible causes are invalid address of the remote server or browser start-up failure.
Build info: version: '2.48.2', revision: '41bccdd', time: '2015-10-09 19:59:12'
System info: host: 'FVTIII438F1D', ip: '172.17.68.34', os.name: 'Windows 7', os.arch: 'x86', os.version: '6.1', java.version: '1.7.0_55'
Driver info: driver.version: SeleniumDriver
[INFO ][2016-01-07 17:01:45,145][com.java.SeleniumDriver] [  500] - Executing on local machine
[INFO ][2016-01-07 17:01:55,693][com.java.SeleniumDriver] [  248] - IE10is opened
[INFO ][2016-01-07 17:01:56,549][com.java.SeleniumDriver] [  756] - Test cases to be executed are: [1, 2, 3]
[INFO ][2016-01-07 17:01:56,570][com.java.ImportnExport.ImportTestDataDetailsExcel] [   49] - test data details path===== D:\BankersDashboard\TestInputs\TestData.xls
[INFO ][2016-01-07 17:01:58,006][com.java.SeleniumDriver] [  832] - ------------------------------------------
[INFO ][2016-01-07 17:01:58,006][com.java.SeleniumDriver] [  833] - Test case being Executed: 1
[INFO ][2016-01-07 17:01:58,006][com.java.SeleniumDriver] [  845] - Test step:1
[INFO ][2016-01-07 17:01:58,006][com.java.SeleniumDriver] [  857] - Datavalue is----------Concept#1:1-16
[INFO ][2016-01-07 17:01:58,007][com.java.SeleniumDriver] [  881] - DataField : test
[INFO ][2016-01-07 17:01:58,007][com.java.SeleniumDriver] [  883] - DataValue : Concept#1:1-16
[INFO ][2016-01-07 17:01:58,007][com.java.SeleniumDriver] [  889] - <In Set values of the page>
[INFO ][2016-01-07 17:01:58,007][com.java.SeleniumDriver] [  892] - {Data Fields & Data Values Exist}
[INFO ][2016-01-07 17:01:58,007][com.java.SeleniumDriver] [  894] - --------------------------setting values-----------------------------
[INFO ][2016-01-07 17:01:58,007][com.java.SeleniumDriver] [  897] - Action Type : ExecuteTestCase
[INFO ][2016-01-07 17:01:58,026][com.java.TestType] [  437] - The Concept sheet name is ---------- Concept
[INFO ][2016-01-07 17:01:58,026][com.java.TestType] [  440] - The Concept ID  is ---------- 1
[DEBUG][2016-01-07 17:01:58,026][com.java.TestType] [  444] - Steps being executted in the Concept are: 1:16
[INFO ][2016-01-07 17:01:58,026][com.java.TestType] [  451] - Test data details path ---------- D:\BankersDashboard\TestInputs\TestData.xls
[INFO ][2016-01-07 17:01:58,508][com.java.TestType] [  482] -  str(1) = 1
[INFO ][2016-01-07 17:01:58,508][com.java.TestType] [  485] - Test case Id is---1
[INFO ][2016-01-07 17:01:58,508][com.java.TestType] [  487] - 1
[INFO ][2016-01-07 17:01:58,508][com.java.TestType] [  482] -  str(2) = 1
[INFO ][2016-01-07 17:01:58,511][com.java.TestType] [  482] -  str(1) = 1
[INFO ][2016-01-07 17:01:58,511][com.java.TestType] [  485] - Test case Id is---1
[INFO ][2016-01-07 17:01:58,511][com.java.TestType] [  487] - 1
[INFO ][2016-01-07 17:01:58,511][com.java.TestType] [  482] -  str(2) = 2
[INFO ][2016-01-07 17:01:58,512][com.java.TestType] [  482] -  str(1) = 1
[INFO ][2016-01-07 17:01:58,512][com.java.TestType] [  485] - Test case Id is---1
[INFO ][2016-01-07 17:01:58,512][com.java.TestType] [  487] - 1
[INFO ][2016-01-07 17:01:58,513][com.java.TestType] [  482] -  str(2) = 3
[INFO ][2016-01-07 17:01:58,514][com.java.TestType] [  482] -  str(1) = 1
[INFO ][2016-01-07 17:01:58,514][com.java.TestType] [  485] - Test case Id is---1
[INFO ][2016-01-07 17:01:58,514][com.java.TestType] [  487] - 1
[INFO ][2016-01-07 17:01:58,514][com.java.TestType] [  482] -  str(2) = 4
[INFO ][2016-01-07 17:01:58,515][com.java.TestType] [  482] -  str(1) = 1
[INFO ][2016-01-07 17:01:58,516][com.java.TestType] [  485] - Test case Id is---1
[INFO ][2016-01-07 17:01:58,516][com.java.TestType] [  487] - 1
[INFO ][2016-01-07 17:01:58,516][com.java.TestType] [  482] -  str(2) = 5
[INFO ][2016-01-07 17:01:58,518][com.java.TestType] [  482] -  str(1) = 1
[INFO ][2016-01-07 17:01:58,518][com.java.TestType] [  485] - Test case Id is---1
[INFO ][2016-01-07 17:01:58,518][com.java.TestType] [  487] - 1
[INFO ][2016-01-07 17:01:58,519][com.java.TestType] [  482] -  str(2) = 6
[INFO ][2016-01-07 17:01:58,519][com.java.TestType] [  482] -  str(1) = 1
[INFO ][2016-01-07 17:01:58,520][com.java.TestType] [  485] - Test case Id is---1
[INFO ][2016-01-07 17:01:58,520][com.java.TestType] [  487] - 1
[INFO ][2016-01-07 17:01:58,521][com.java.TestType] [  482] -  str(2) = 7
[INFO ][2016-01-07 17:01:58,521][com.java.TestType] [  482] -  str(1) = 1
[INFO ][2016-01-07 17:01:58,521][com.java.TestType] [  485] - Test case Id is---1
[INFO ][2016-01-07 17:01:58,521][com.java.TestType] [  487] - 1
[INFO ][2016-01-07 17:01:58,522][com.java.TestType] [  482] -  str(2) = 8
[INFO ][2016-01-07 17:01:58,522][com.java.TestType] [  482] -  str(1) = 1
[INFO ][2016-01-07 17:01:58,522][com.java.TestType] [  485] - Test case Id is---1
[INFO ][2016-01-07 17:01:58,522][com.java.TestType] [  487] - 1
[INFO ][2016-01-07 17:01:58,523][com.java.TestType] [  482] -  str(2) = 9
[INFO ][2016-01-07 17:01:58,523][com.java.TestType] [  482] -  str(1) = 1
[INFO ][2016-01-07 17:01:58,523][com.java.TestType] [  485] - Test case Id is---1
[INFO ][2016-01-07 17:01:58,523][com.java.TestType] [  487] - 1
[INFO ][2016-01-07 17:01:58,523][com.java.TestType] [  482] -  str(2) = 10
[INFO ][2016-01-07 17:01:58,524][com.java.TestType] [  482] -  str(1) = 1
[INFO ][2016-01-07 17:01:58,524][com.java.TestType] [  485] - Test case Id is---1
[INFO ][2016-01-07 17:01:58,524][com.java.TestType] [  487] - 1
[INFO ][2016-01-07 17:01:58,524][com.java.TestType] [  482] -  str(2) = 11
[INFO ][2016-01-07 17:01:58,525][com.java.TestType] [  482] -  str(1) = 1
[INFO ][2016-01-07 17:01:58,525][com.java.TestType] [  485] - Test case Id is---1
[INFO ][2016-01-07 17:01:58,525][com.java.TestType] [  487] - 1
[INFO ][2016-01-07 17:01:58,525][com.java.TestType] [  482] -  str(2) = 12
[INFO ][2016-01-07 17:01:58,526][com.java.TestType] [  482] -  str(1) = 1
[INFO ][2016-01-07 17:01:58,526][com.java.TestType] [  485] - Test case Id is---1
[INFO ][2016-01-07 17:01:58,528][com.java.TestType] [  487] - 1
[INFO ][2016-01-07 17:01:58,528][com.java.TestType] [  482] -  str(2) = 13
[INFO ][2016-01-07 17:01:58,529][com.java.TestType] [  482] -  str(1) = 1
[INFO ][2016-01-07 17:01:58,529][com.java.TestType] [  485] - Test case Id is---1
[INFO ][2016-01-07 17:01:58,529][com.java.TestType] [  487] - 1
[INFO ][2016-01-07 17:01:58,529][com.java.TestType] [  482] -  str(2) = 14
[INFO ][2016-01-07 17:01:58,530][com.java.TestType] [  482] -  str(1) = 1
[INFO ][2016-01-07 17:01:58,530][com.java.TestType] [  485] - Test case Id is---1
[INFO ][2016-01-07 17:01:58,530][com.java.TestType] [  487] - 1
[INFO ][2016-01-07 17:01:58,530][com.java.TestType] [  482] -  str(2) = 15
[INFO ][2016-01-07 17:01:58,531][com.java.TestType] [  482] -  str(1) = 1
[INFO ][2016-01-07 17:01:58,531][com.java.TestType] [  485] - Test case Id is---1
[INFO ][2016-01-07 17:01:58,531][com.java.TestType] [  487] - 1
[INFO ][2016-01-07 17:01:58,531][com.java.TestType] [  482] -  str(2) = 16
[INFO ][2016-01-07 17:01:58,531][com.java.TestType] [10822] - Looping 1TCID = 1
[DEBUG][2016-01-07 17:01:58,532][com.java.TestType] [10863] - Concept ID:1 :: Step being Executed: 1::1
[INFO ][2016-01-07 17:01:58,532][com.java.TestType] [10901] - dataFields : TXTusername
[DEBUG][2016-01-07 17:01:58,532][com.java.TestType] [10907] - <In Set values of the page>
[DEBUG][2016-01-07 17:01:58,532][com.java.TestType] [10912] - {Data Fields & Data Values Exist}
[INFO ][2016-01-07 17:01:58,532][com.java.TestType] [10918] - --------------------------setting values-----------------------------
[INFO ][2016-01-07 17:01:58,532][com.java.TestType] [10921] - Action Type : CLEARANDENTER
[INFO ][2016-01-07 17:01:58,532][com.java.TestType] [ 5895] - value = valuelabs.ie10.15019
[INFO ][2016-01-07 17:02:03,314][com.java.TestType] [10940] -  RESULT true
[INFO ][2016-01-07 17:02:03,314][com.java.TestType] [11057] - ?   P A S S   ?
[DEBUG][2016-01-07 17:02:03,314][com.java.TestType] [10863] - Concept ID:1 :: Step being Executed: 1::2
[INFO ][2016-01-07 17:02:03,315][com.java.TestType] [10901] - dataFields : TXTpassword
[DEBUG][2016-01-07 17:02:03,315][com.java.TestType] [10907] - <In Set values of the page>
[DEBUG][2016-01-07 17:02:03,315][com.java.TestType] [10912] - {Data Fields & Data Values Exist}
[INFO ][2016-01-07 17:02:03,316][com.java.TestType] [10918] - --------------------------setting values-----------------------------
[INFO ][2016-01-07 17:02:03,316][com.java.TestType] [10921] - Action Type : CLEARANDENTER
[INFO ][2016-01-07 17:02:03,316][com.java.TestType] [ 5895] - value = Password1*
[INFO ][2016-01-07 17:02:08,200][com.java.TestType] [10940] -  RESULT true
[INFO ][2016-01-07 17:02:08,200][com.java.TestType] [11057] - ?   P A S S   ?
[DEBUG][2016-01-07 17:02:08,200][com.java.TestType] [10863] - Concept ID:1 :: Step being Executed: 1::3
[ERROR][2016-01-07 17:02:08,201][com.java.TestType] [10896] - Exception: null
[INFO ][2016-01-07 17:02:08,201][com.java.TestType] [10901] - dataFields : XPH//button[@type='submit']
[DEBUG][2016-01-07 17:02:08,201][com.java.TestType] [10907] - <In Set values of the page>
[DEBUG][2016-01-07 17:02:08,201][com.java.TestType] [10912] - {Data Fields & Data Values Exist}
[INFO ][2016-01-07 17:02:08,201][com.java.TestType] [10918] - --------------------------setting values-----------------------------
[INFO ][2016-01-07 17:02:08,201][com.java.TestType] [10921] - Action Type : Click
[INFO ][2016-01-07 17:02:08,201][com.java.TestType] [ 6274] - Field ::XPH//button[@type='submit']
[INFO ][2016-01-07 17:02:08,201][com.java.TestType] [ 5895] - value = 
[INFO ][2016-01-07 17:02:09,203][com.java.TestType] [ 6411] - BEFORE CLICK
[INFO ][2016-01-07 17:02:10,092][com.java.TestType] [ 6419] - Unable to click the object Login
[INFO ][2016-01-07 17:02:10,092][com.java.TestType] [10940] -  RESULT true
[INFO ][2016-01-07 17:02:10,092][com.java.TestType] [11057] - ?   P A S S   ?
[DEBUG][2016-01-07 17:02:10,092][com.java.TestType] [10863] - Concept ID:1 :: Step being Executed: 1::4
[INFO ][2016-01-07 17:02:10,092][com.java.TestType] [10901] - dataFields : LNKLogout
[DEBUG][2016-01-07 17:02:10,092][com.java.TestType] [10907] - <In Set values of the page>
[DEBUG][2016-01-07 17:02:10,092][com.java.TestType] [10912] - {Data Fields & Data Values Exist}
[INFO ][2016-01-07 17:02:10,092][com.java.TestType] [10918] - --------------------------setting values-----------------------------
[INFO ][2016-01-07 17:02:10,092][com.java.TestType] [10921] - Action Type : WaitForElement
[INFO ][2016-01-07 17:03:18,676][com.java.TestType] [10940] -  RESULT true
[INFO ][2016-01-07 17:03:18,676][com.java.TestType] [11057] - ?   P A S S   ?
[DEBUG][2016-01-07 17:03:18,676][com.java.TestType] [10863] - Concept ID:1 :: Step being Executed: 1::15
[INFO ][2016-01-07 17:03:18,676][com.java.TestType] [10901] - dataFields : LNK
[DEBUG][2016-01-07 17:03:18,677][com.java.TestType] [10907] - <In Set values of the page>
[DEBUG][2016-01-07 17:03:18,677][com.java.TestType] [10912] - {Data Fields & Data Values Exist}
[INFO ][2016-01-07 17:03:18,677][com.java.TestType] [10918] - --------------------------setting values-----------------------------
[INFO ][2016-01-07 17:03:18,677][com.java.TestType] [10921] - Action Type : Verify
[INFO ][2016-01-07 17:03:18,677][com.java.TestType] [ 7269] - field= LNK value= Logout
[INFO ][2016-01-07 17:03:18,678][com.java.TestType] [ 5895] - value = Logout
[INFO ][2016-01-07 17:03:18,715][com.java.TestType] [10940] -  RESULT true
[INFO ][2016-01-07 17:03:18,715][com.java.TestType] [11057] - ?   P A S S   ?
[DEBUG][2016-01-07 17:03:18,715][com.java.TestType] [10863] - Concept ID:1 :: Step being Executed: 1::16
[INFO ][2016-01-07 17:03:18,716][com.java.TestType] [10901] - dataFields : BTN
[DEBUG][2016-01-07 17:03:18,716][com.java.TestType] [10907] - <In Set values of the page>
[DEBUG][2016-01-07 17:03:18,716][com.java.TestType] [10912] - {Data Fields & Data Values Exist}
[INFO ][2016-01-07 17:03:18,716][com.java.TestType] [10918] - --------------------------setting values-----------------------------
[INFO ][2016-01-07 17:03:18,716][com.java.TestType] [10921] - Action Type : Verify
[INFO ][2016-01-07 17:03:18,716][com.java.TestType] [ 7269] - field= BTN value= //img[contains(@src,'bdlogo.jpg')]
[INFO ][2016-01-07 17:03:18,716][com.java.TestType] [ 5895] - value = //img[contains(@src,'bdlogo.jpg')]
[INFO ][2016-01-07 17:03:18,799][com.java.TestType] [10940] -  RESULT true
[INFO ][2016-01-07 17:03:18,799][com.java.TestType] [11057] - ?   P A S S   ?
[INFO ][2016-01-07 17:03:18,799][com.java.TestType] [11128] - Looping End......
[INFO ][2016-01-07 17:03:18,800][com.java.SeleniumDriver] [  906] -  RESULT true
[INFO ][2016-01-07 17:03:18,801][com.java.SeleniumDriver] [ 1112] - ?   P A S S   ?
[INFO ][2016-01-07 17:03:18,801][com.java.SeleniumDriver] [  832] - ------------------------------------------
[INFO ][2016-01-07 17:03:18,801][com.java.SeleniumDriver] [  833] - Test case being Executed: 1
[INFO ][2016-01-07 17:03:18,801][com.java.SeleniumDriver] [  845] - Test step:2
[INFO ][2016-01-07 17:03:18,801][com.java.SeleniumDriver] [  857] - Datavalue is----------Concept#2:1-2
[INFO ][2016-01-07 17:03:18,801][com.java.SeleniumDriver] [  881] - DataField : test
[INFO ][2016-01-07 17:03:18,801][com.java.SeleniumDriver] [  883] - DataValue : Concept#2:1-2
[INFO ][2016-01-07 17:03:18,801][com.java.SeleniumDriver] [  889] - <In Set values of the page>
[INFO ][2016-01-07 17:03:18,801][com.java.SeleniumDriver] [  892] - {Data Fields & Data Values Exist}
[INFO ][2016-01-07 17:03:18,801][com.java.SeleniumDriver] [  894] - --------------------------setting values-----------------------------
[INFO ][2016-01-07 17:03:18,801][com.java.SeleniumDriver] [  897] - Action Type : ExecuteTestCase
[INFO ][2016-01-07 17:03:18,802][com.java.TestType] [  437] - The Concept sheet name is ---------- Concept
[INFO ][2016-01-07 17:03:18,802][com.java.TestType] [  440] - The Concept ID  is ---------- 2
[DEBUG][2016-01-07 17:03:18,803][com.java.TestType] [  444] - Steps being executted in the Concept are: 1:2
[INFO ][2016-01-07 17:03:18,803][com.java.TestType] [  451] - Test data details path ---------- D:\BankersDashboard\TestInputs\TestData.xls
[INFO ][2016-01-07 17:03:19,316][com.java.TestType] [  482] -  str(1) = 2
[INFO ][2016-01-07 17:03:19,316][com.java.TestType] [  485] - Test case Id is---2
[INFO ][2016-01-07 17:03:19,316][com.java.TestType] [  487] - 2
[INFO ][2016-01-07 17:03:19,316][com.java.TestType] [  482] -  str(2) = 1
[INFO ][2016-01-07 17:03:19,318][com.java.TestType] [  482] -  str(1) = 2
[INFO ][2016-01-07 17:03:19,319][com.java.TestType] [  485] - Test case Id is---2
[INFO ][2016-01-07 17:03:19,319][com.java.TestType] [  487] - 2
[INFO ][2016-01-07 17:03:19,319][com.java.TestType] [  482] -  str(2) = 2
[INFO ][2016-01-07 17:03:19,319][com.java.TestType] [  482] -  str(1) = 2
[INFO ][2016-01-07 17:03:19,319][com.java.TestType] [  485] - Test case Id is---2
[INFO ][2016-01-07 17:03:19,320][com.java.TestType] [  487] - 2
[INFO ][2016-01-07 17:03:19,320][com.java.TestType] [  482] -  str(2) = 3
[INFO ][2016-01-07 17:03:19,320][com.java.TestType] [10822] - Looping 1TCID = 2
[DEBUG][2016-01-07 17:03:19,320][com.java.TestType] [10863] - Concept ID:2 :: Step being Executed: 2::1
[INFO ][2016-01-07 17:03:19,320][com.java.TestType] [10901] - dataFields : BNK//select[@id='bank']
[DEBUG][2016-01-07 17:03:19,320][com.java.TestType] [10907] - <In Set values of the page>
[DEBUG][2016-01-07 17:03:19,321][com.java.TestType] [10912] - {Data Fields & Data Values Exist}
[INFO ][2016-01-07 17:03:19,321][com.java.TestType] [10918] - --------------------------setting values-----------------------------
[INFO ][2016-01-07 17:03:19,321][com.java.TestType] [10921] - Action Type : Select
[INFO ][2016-01-07 17:03:19,321][com.java.TestType] [ 5895] - value = PFC
[INFO ][2016-01-07 17:03:19,727][com.java.TestType] [10940] -  RESULT true
[INFO ][2016-01-07 17:03:19,727][com.java.TestType] [11057] - ?   P A S S   ?
[DEBUG][2016-01-07 17:03:19,727][com.java.TestType] [10863] - Concept ID:2 :: Step being Executed: 2::2
[INFO ][2016-01-07 17:03:19,727][com.java.TestType] [10901] - dataFields : LNKLogout
[DEBUG][2016-01-07 17:03:19,727][com.java.TestType] [10907] - <In Set values of the page>
[DEBUG][2016-01-07 17:03:19,727][com.java.TestType] [10912] - {Data Fields & Data Values Exist}
[INFO ][2016-01-07 17:03:19,727][com.java.TestType] [10918] - --------------------------setting values-----------------------------
[INFO ][2016-01-07 17:03:19,728][com.java.TestType] [10921] - Action Type : WaitTime
[DEBUG][2016-01-07 17:03:19,728][com.java.TestType] [ 5715] - sleepTime: 5000
[INFO ][2016-01-07 17:03:24,729][com.java.TestType] [10940] -  RESULT true
[INFO ][2016-01-07 17:03:24,729][com.java.TestType] [11057] - ?   P A S S   ?
[INFO ][2016-01-07 17:03:24,729][com.java.TestType] [11128] - Looping End......
[INFO ][2016-01-07 17:03:24,730][com.java.SeleniumDriver] [  906] -  RESULT true
[INFO ][2016-01-07 17:03:24,730][com.java.SeleniumDriver] [ 1112] - ?   P A S S   ?
[INFO ][2016-01-07 17:03:24,730][com.java.SeleniumDriver] [  832] - ------------------------------------------
[INFO ][2016-01-07 17:03:24,731][com.java.SeleniumDriver] [  833] - Test case being Executed: 1
[INFO ][2016-01-07 17:03:24,731][com.java.SeleniumDriver] [  845] - Test step:3
[INFO ][2016-01-07 17:03:24,731][com.java.SeleniumDriver] [  857] - Datavalue is----------2
[INFO ][2016-01-07 17:03:24,731][com.java.SeleniumDriver] [  881] - DataField : XPH//button[contains(text(),'Add Content')]
[INFO ][2016-01-07 17:03:24,731][com.java.SeleniumDriver] [  883] - DataValue : 2
[INFO ][2016-01-07 17:03:24,731][com.java.SeleniumDriver] [  889] - <In Set values of the page>
[INFO ][2016-01-07 17:03:24,731][com.java.SeleniumDriver] [  892] - {Data Fields & Data Values Exist}
[INFO ][2016-01-07 17:03:24,731][com.java.SeleniumDriver] [  894] - --------------------------setting values-----------------------------
[INFO ][2016-01-07 17:03:24,731][com.java.SeleniumDriver] [  897] - Action Type : WAITFORELEMENT
[INFO ][2016-01-07 17:03:24,779][com.java.SeleniumDriver] [  906] -  RESULT true
[INFO ][2016-01-07 17:03:24,779][com.java.SeleniumDriver] [ 1112] - ?   P A S S   ?
[DEBUG][2016-01-07 17:03:24,779][com.java.SeleniumDriver] [ 1224] - Case found
[DEBUG][2016-01-07 17:03:24,779][com.java.SeleniumDriver] [ 1229] - Incrementing ReportCounters[0]:1
[INFO ][2016-01-07 17:03:24,779][com.java.SeleniumDriver] [ 1248] - The results are-------------------[1, 1, Valid Login, Pass, , Thu Jan 07 17:03:18 IST 2016, 1, 2, Valid Login, Pass, , Thu Jan 07 17:03:24 IST 2016, 1, 3, Valid Login, Pass, , Thu Jan 07 17:03:24 IST 2016]
[INFO ][2016-01-07 17:03:24,779][com.java.SeleniumDriver] [ 1252] - End time is-------1 min 43 sec
[INFO ][2016-01-07 17:03:24,779][com.java.SeleniumDriver] [ 1253] - The results are-------------------[1, 1, Valid Login, Pass, , Thu Jan 07 17:03:18 IST 2016, 1, 2, Valid Login, Pass, , Thu Jan 07 17:03:24 IST 2016, 1, 3, Valid Login, Pass, , Thu Jan 07 17:03:24 IST 2016]
[DEBUG][2016-01-07 17:03:24,779][com.java.ImportnExport.ExportTestResultsExcel] [  222] - testResultPath = D:\BankersDashboard/TestReports/Test Results_BankersDashBoard_010716_170143_IE10_First Bank.xls
[DEBUG][2016-01-07 17:03:24,780][com.java.ImportnExport.ExportTestResultsExcel] [  223] - browser is------------IE10
[DEBUG][2016-01-07 17:03:24,827][com.java.ImportnExport.ExportTestResultsExcel] [  270] - result.size() = 18
[DEBUG][2016-01-07 17:03:24,827][com.java.ImportnExport.ExportTestResultsExcel] [  274] - No of rows in sheet=1
[DEBUG][2016-01-07 17:03:24,827][com.java.ImportnExport.ExportTestResultsExcel] [  301] - ..in export..1
[DEBUG][2016-01-07 17:03:24,827][com.java.ImportnExport.ExportTestResultsExcel] [  301] - ..in export..Valid Login
[DEBUG][2016-01-07 17:03:24,827][com.java.ImportnExport.ExportTestResultsExcel] [  301] - ..in export..Pass
[DEBUG][2016-01-07 17:03:24,827][com.java.ImportnExport.ExportTestResultsExcel] [  301] - ..in export..
[DEBUG][2016-01-07 17:03:24,827][com.java.ImportnExport.ExportTestResultsExcel] [  301] - ..in export..Thu Jan 07 17:03:18 IST 2016
[INFO ][2016-01-07 17:03:24,829][com.java.SeleniumDriver] [ 1313] - out loop:0 size:3 TestCases:[1, 2, 3] testcases:[1, 2, 3]
[INFO ][2016-01-07 17:03:24,829][com.java.ImportnExport.ImportTestDataDetailsExcel] [   49] - test data details path===== D:\BankersDashboard\TestInputs\TestData.xls
[INFO ][2016-01-07 17:04:01,605][com.java.SeleniumDriver] [  832] - ------------------------------------------
[INFO ][2016-01-07 17:04:01,605][com.java.SeleniumDriver] [  833] - Test case being Executed: 2
[INFO ][2016-01-07 17:04:01,605][com.java.SeleniumDriver] [  845] - Test step:1
[INFO ][2016-01-07 17:04:01,605][com.java.SeleniumDriver] [  857] - Datavalue is----------Logout
[INFO ][2016-01-07 17:04:01,605][com.java.SeleniumDriver] [  881] - DataField : BTN
[INFO ][2016-01-07 17:04:01,605][com.java.SeleniumDriver] [  883] - DataValue : Logout
[INFO ][2016-01-07 17:04:01,605][com.java.SeleniumDriver] [  889] - <In Set values of the page>
[INFO ][2016-01-07 17:04:01,605][com.java.SeleniumDriver] [  892] - {Data Fields & Data Values Exist}
[INFO ][2016-01-07 17:04:01,605][com.java.SeleniumDriver] [  894] - --------------------------setting values-----------------------------
[INFO ][2016-01-07 17:04:01,605][com.java.SeleniumDriver] [  897] - Action Type : Verify
[INFO ][2016-01-07 17:04:01,605][com.java.TestType] [ 7269] - field= BTN value= Logout
[INFO ][2016-01-07 17:04:01,606][com.java.TestType] [ 5895] - value = Logout
[INFO ][2016-01-07 17:04:01,691][com.java.SeleniumDriver] [  906] -  RESULT true
[INFO ][2016-01-07 17:04:01,691][com.java.SeleniumDriver] [ 1112] - ?   P A S S   ?
[INFO ][2016-01-07 17:04:01,692][com.java.SeleniumDriver] [ 1154] - step change to 3
[INFO ][2016-01-07 17:04:01,692][com.java.SeleniumDriver] [  832] - ------------------------------------------
[INFO ][2016-01-07 17:04:01,692][com.java.SeleniumDriver] [  833] - Test case being Executed: 2
[INFO ][2016-01-07 17:04:01,692][com.java.SeleniumDriver] [  845] - Test step:3
[INFO ][2016-01-07 17:04:01,692][com.java.SeleniumDriver] [  857] - Datavalue is----------null
[DEBUG][2016-01-07 17:04:01,692][com.java.SeleniumDriver] [  875] - Exception: null
[INFO ][2016-01-07 17:04:01,692][com.java.SeleniumDriver] [  881] - DataField : //span[@class='icon-user4']&&//a[text()='Users']&&//a[@data-id="ModifyUsers"]
[INFO ][2016-01-07 17:04:01,692][com.java.SeleniumDriver] [  883] - DataValue : 
[INFO ][2016-01-07 17:04:01,692][com.java.SeleniumDriver] [  889] - <In Set values of the page>
[INFO ][2016-01-07 17:04:01,694][com.java.SeleniumDriver] [  892] - {Data Fields & Data Values Exist}
[INFO ][2016-01-07 17:04:01,694][com.java.SeleniumDriver] [  894] - --------------------------setting values-----------------------------
[INFO ][2016-01-07 17:04:01,694][com.java.SeleniumDriver] [  897] - Action Type : MouseOver
[INFO ][2016-01-07 17:04:28,639][com.java.SeleniumDriver] [  906] -  RESULT true
[INFO ][2016-01-07 17:04:28,639][com.java.SeleniumDriver] [ 1112] - ?   P A S S   ?
[INFO ][2016-01-07 17:04:28,639][com.java.SeleniumDriver] [  832] - ------------------------------------------
[INFO ][2016-01-07 17:04:28,639][com.java.SeleniumDriver] [  833] - Test case being Executed: 2
[INFO ][2016-01-07 17:04:28,639][com.java.SeleniumDriver] [  845] - Test step:4
[INFO ][2016-01-07 17:04:28,639][com.java.SeleniumDriver] [  857] - Datavalue is----------2
[INFO ][2016-01-07 17:04:28,639][com.java.SeleniumDriver] [  881] - DataField : BTNframeDialogContent
[INFO ][2016-01-07 17:04:28,639][com.java.SeleniumDriver] [  883] - DataValue : 2
[INFO ][2016-01-07 17:04:28,639][com.java.SeleniumDriver] [  889] - <In Set values of the page>
[INFO ][2016-01-07 17:04:28,639][com.java.SeleniumDriver] [  892] - {Data Fields & Data Values Exist}
[INFO ][2016-01-07 17:04:28,639][com.java.SeleniumDriver] [  894] - --------------------------setting values-----------------------------
[INFO ][2016-01-07 17:04:28,640][com.java.SeleniumDriver] [  897] - Action Type : WaitForElement
[INFO ][2016-01-07 17:04:29,875][com.java.SeleniumDriver] [  906] -  RESULT true
[INFO ][2016-01-07 17:04:29,875][com.java.SeleniumDriver] [ 1112] - ?   P A S S   ?
[INFO ][2016-01-07 17:04:29,875][com.java.SeleniumDriver] [  832] - ------------------------------------------
[INFO ][2016-01-07 17:04:29,875][com.java.SeleniumDriver] [  833] - Test case being Executed: 2
[INFO ][2016-01-07 17:04:29,875][com.java.SeleniumDriver] [  845] - Test step:5
[INFO ][2016-01-07 17:04:29,876][com.java.SeleniumDriver] [  857] - Datavalue is----------null
[DEBUG][2016-01-07 17:04:29,876][com.java.SeleniumDriver] [  875] - Exception: null
[INFO ][2016-01-07 17:04:29,876][com.java.SeleniumDriver] [  881] - DataField : BTNframeDialogContent
[INFO ][2016-01-07 17:04:29,876][com.java.SeleniumDriver] [  883] - DataValue : 
[INFO ][2016-01-07 17:04:29,876][com.java.SeleniumDriver] [  889] - <In Set values of the page>
[INFO ][2016-01-07 17:04:29,876][com.java.SeleniumDriver] [  892] - {Data Fields & Data Values Exist}
[INFO ][2016-01-07 17:04:29,876][com.java.SeleniumDriver] [  894] - --------------------------setting values-----------------------------
[INFO ][2016-01-07 17:04:29,876][com.java.SeleniumDriver] [  897] - Action Type : SelectFrame
[INFO ][2016-01-07 17:04:31,145][com.java.SeleniumDriver] [  906] -  RESULT true
[INFO ][2016-01-07 17:04:31,145][com.java.SeleniumDriver] [ 1112] - ?   P A S S   ?
[INFO ][2016-01-07 17:04:31,145][com.java.SeleniumDriver] [  832] - ------------------------------------------
[INFO ][2016-01-07 17:04:31,145][com.java.SeleniumDriver] [  833] - Test case being Executed: 2
[INFO ][2016-01-07 17:04:31,145][com.java.SeleniumDriver] [  845] - Test step:6
[INFO ][2016-01-07 17:04:31,145][com.java.SeleniumDriver] [  857] - Datavalue is----------2
[INFO ][2016-01-07 17:04:31,145][com.java.SeleniumDriver] [  881] - DataField : BTNbtnAddUser
[INFO ][2016-01-07 17:04:31,146][com.java.SeleniumDriver] [  883] - DataValue : 2
[INFO ][2016-01-07 17:04:31,146][com.java.SeleniumDriver] [  889] - <In Set values of the page>
[INFO ][2016-01-07 17:04:31,146][com.java.SeleniumDriver] [  892] - {Data Fields & Data Values Exist}
[INFO ][2016-01-07 17:04:31,146][com.java.SeleniumDriver] [  894] - --------------------------setting values-----------------------------
[INFO ][2016-01-07 17:04:31,146][com.java.SeleniumDriver] [  897] - Action Type : WaitForElement
[INFO ][2016-01-07 17:04:32,794][com.java.SeleniumDriver] [  906] -  RESULT true
[INFO ][2016-01-07 17:04:32,795][com.java.SeleniumDriver] [ 1112] - ?   P A S S   ?
[INFO ][2016-01-07 17:04:32,795][com.java.SeleniumDriver] [  832] - ------------------------------------------
[INFO ][2016-01-07 17:04:32,795][com.java.SeleniumDriver] [  833] - Test case being Executed: 2
[INFO ][2016-01-07 17:04:32,795][com.java.SeleniumDriver] [  845] - Test step:7
[INFO ][2016-01-07 17:04:32,795][com.java.SeleniumDriver] [  857] - Datavalue is----------null
[DEBUG][2016-01-07 17:04:32,795][com.java.SeleniumDriver] [  875] - Exception: null
[INFO ][2016-01-07 17:04:32,795][com.java.SeleniumDriver] [  881] - DataField : BTNbtnAddUser
[INFO ][2016-01-07 17:04:32,795][com.java.SeleniumDriver] [  883] - DataValue : 
[INFO ][2016-01-07 17:04:32,795][com.java.SeleniumDriver] [  889] - <In Set values of the page>
[INFO ][2016-01-07 17:04:32,795][com.java.SeleniumDriver] [  892] - {Data Fields & Data Values Exist}
[INFO ][2016-01-07 17:04:32,795][com.java.SeleniumDriver] [  894] - --------------------------setting values-----------------------------
[INFO ][2016-01-07 17:04:32,795][com.java.SeleniumDriver] [  897] - Action Type : Click
[INFO ][2016-01-07 17:04:32,796][com.java.TestType] [ 6274] - Field ::BTNbtnAddUser
[INFO ][2016-01-07 17:04:32,796][com.java.TestType] [ 5895] - value = 
[INFO ][2016-01-07 17:04:33,796][com.java.TestType] [ 6390] - BEFORE CLICK
[INFO ][2016-01-07 17:04:35,604][com.java.TestType] [ 6397] - Unable to click the object Add user button
[INFO ][2016-01-07 17:04:35,604][com.java.SeleniumDriver] [  906] -  RESULT true
[INFO ][2016-01-07 17:04:35,604][com.java.SeleniumDriver] [ 1112] - ?   P A S S   ?
[INFO ][2016-01-07 17:04:35,604][com.java.SeleniumDriver] [  832] - ------------------------------------------
[INFO ][2016-01-07 17:04:35,605][com.java.SeleniumDriver] [  833] - Test case being Executed: 2
[INFO ][2016-01-07 17:04:35,605][com.java.SeleniumDriver] [  845] - Test step:8
[INFO ][2016-01-07 17:04:35,605][com.java.SeleniumDriver] [  857] - Datavalue is----------2
[INFO ][2016-01-07 17:04:35,605][com.java.SeleniumDriver] [  881] - DataField : BTNtxtUserName
[INFO ][2016-01-07 17:04:35,605][com.java.SeleniumDriver] [  883] - DataValue : 2
[INFO ][2016-01-07 17:04:35,605][com.java.SeleniumDriver] [  889] - <In Set values of the page>
[INFO ][2016-01-07 17:04:35,605][com.java.SeleniumDriver] [  892] - {Data Fields & Data Values Exist}
[INFO ][2016-01-07 17:04:35,605][com.java.SeleniumDriver] [  894] - --------------------------setting values-----------------------------
[INFO ][2016-01-07 17:04:35,605][com.java.SeleniumDriver] [  897] - Action Type : WaitForElement
[INFO ][2016-01-07 17:04:36,779][com.java.SeleniumDriver] [  906] -  RESULT true
[INFO ][2016-01-07 17:04:36,780][com.java.SeleniumDriver] [ 1112] - ?   P A S S   ?
[INFO ][2016-01-07 17:04:36,780][com.java.SeleniumDriver] [  832] - ------------------------------------------
[INFO ][2016-01-07 17:04:36,780][com.java.SeleniumDriver] [  833] - Test case being Executed: 2
[INFO ][2016-01-07 17:04:36,780][com.java.SeleniumDriver] [  845] - Test step:9
[INFO ][2016-01-07 17:04:36,780][com.java.SeleniumDriver] [  857] - Datavalue is----------5
[INFO ][2016-01-07 17:04:36,780][com.java.SeleniumDriver] [  881] - DataField : TXTtxtUserName
[INFO ][2016-01-07 17:04:36,780][com.java.SeleniumDriver] [  883] - DataValue : 5
[INFO ][2016-01-07 17:04:36,780][com.java.SeleniumDriver] [  889] - <In Set values of the page>
[INFO ][2016-01-07 17:04:36,780][com.java.SeleniumDriver] [  892] - {Data Fields & Data Values Exist}
[INFO ][2016-01-07 17:04:36,780][com.java.SeleniumDriver] [  894] - --------------------------setting values-----------------------------
[INFO ][2016-01-07 17:04:36,780][com.java.SeleniumDriver] [  897] - Action Type : WaitForElement
[INFO ][2016-01-07 17:04:37,929][com.java.SeleniumDriver] [  906] -  RESULT true
[INFO ][2016-01-07 17:04:37,929][com.java.SeleniumDriver] [ 1112] - ?   P A S S   ?
[INFO ][2016-01-07 17:04:37,929][com.java.SeleniumDriver] [  832] - ------------------------------------------
[INFO ][2016-01-07 17:04:37,929][com.java.SeleniumDriver] [  833] - Test case being Executed: 2
[INFO ][2016-01-07 17:04:37,929][com.java.SeleniumDriver] [  845] - Test step:10
[INFO ][2016-01-07 17:04:37,930][com.java.SeleniumDriver] [  857] - Datavalue is----------RNDvltest.robot
[INFO ][2016-01-07 17:04:37,930][com.java.SeleniumDriver] [  881] - DataField : TXTtxtUserName
[INFO ][2016-01-07 17:04:37,930][com.java.SeleniumDriver] [  883] - DataValue : RNDvltest.robot
[INFO ][2016-01-07 17:04:37,930][com.java.SeleniumDriver] [  889] - <In Set values of the page>
[INFO ][2016-01-07 17:04:37,930][com.java.SeleniumDriver] [  892] - {Data Fields & Data Values Exist}
[INFO ][2016-01-07 17:04:37,930][com.java.SeleniumDriver] [  894] - --------------------------setting values-----------------------------
[INFO ][2016-01-07 17:04:37,930][com.java.SeleniumDriver] [  897] - Action Type : CLEARANDENTER
[INFO ][2016-01-07 17:04:37,930][com.java.TestType] [ 5895] - value = vltest.robot70829
[INFO ][2016-01-07 17:04:40,509][com.java.SeleniumDriver] [  906] -  RESULT true
[INFO ][2016-01-07 17:04:40,509][com.java.SeleniumDriver] [ 1112] - ?   P A S S   ?
[INFO ][2016-01-07 17:04:40,509][com.java.SeleniumDriver] [  832] - ------------------------------------------
[INFO ][2016-01-07 17:04:40,509][com.java.SeleniumDriver] [  833] - Test case being Executed: 2
[INFO ][2016-01-07 17:04:40,509][com.java.SeleniumDriver] [  845] - Test step:11
[INFO ][2016-01-07 17:04:40,509][com.java.SeleniumDriver] [  857] - Datavalue is----------5
[INFO ][2016-01-07 17:04:40,510][com.java.SeleniumDriver] [  881] - DataField : TXTtxtFirstName
[INFO ][2016-01-07 17:04:40,510][com.java.SeleniumDriver] [  883] - DataValue : 5
[INFO ][2016-01-07 17:04:40,510][com.java.SeleniumDriver] [  889] - <In Set values of the page>
[INFO ][2016-01-07 17:04:40,510][com.java.SeleniumDriver] [  892] - {Data Fields & Data Values Exist}
[INFO ][2016-01-07 17:04:40,510][com.java.SeleniumDriver] [  894] - --------------------------setting values-----------------------------
[INFO ][2016-01-07 17:04:40,510][com.java.SeleniumDriver] [  897] - Action Type : WaitForElement
[INFO ][2016-01-07 17:04:41,656][com.java.SeleniumDriver] [  906] -  RESULT true
[INFO ][2016-01-07 17:04:41,656][com.java.SeleniumDriver] [ 1112] - ?   P A S S   ?
[INFO ][2016-01-07 17:04:41,656][com.java.SeleniumDriver] [  832] - ------------------------------------------
[INFO ][2016-01-07 17:04:41,657][com.java.SeleniumDriver] [  833] - Test case being Executed: 2
[INFO ][2016-01-07 17:04:41,657][com.java.SeleniumDriver] [  845] - Test step:12
[INFO ][2016-01-07 17:04:41,657][com.java.SeleniumDriver] [  857] - Datavalue is----------GivenNewUserName
[INFO ][2016-01-07 17:04:41,657][com.java.SeleniumDriver] [  881] - DataField : TXTtxtUserName
[INFO ][2016-01-07 17:04:41,657][com.java.SeleniumDriver] [  883] - DataValue : GivenNewUserName
[INFO ][2016-01-07 17:04:41,657][com.java.SeleniumDriver] [  889] - <In Set values of the page>
[INFO ][2016-01-07 17:04:41,657][com.java.SeleniumDriver] [  892] - {Data Fields & Data Values Exist}
[INFO ][2016-01-07 17:04:41,657][com.java.SeleniumDriver] [  894] - --------------------------setting values-----------------------------
[INFO ][2016-01-07 17:04:41,657][com.java.SeleniumDriver] [  897] - Action Type : STOREVALUE
[INFO ][2016-01-07 17:04:41,657][com.java.TestType] [ 8612] - field= TXTtxtUserName
[DEBUG][2016-01-07 17:04:42,853][com.java.TestType] [ 8626] - Key:: GivenNewUserName  Value:: vltest.robot70829
[INFO ][2016-01-07 17:04:42,853][com.java.SeleniumDriver] [  906] -  RESULT true
[INFO ][2016-01-07 17:04:42,853][com.java.SeleniumDriver] [ 1112] - ?   P A S S   ?
[INFO ][2016-01-07 17:04:42,853][com.java.SeleniumDriver] [  832] - ------------------------------------------
[INFO ][2016-01-07 17:04:42,853][com.java.SeleniumDriver] [  833] - Test case being Executed: 2
[INFO ][2016-01-07 17:04:42,853][com.java.SeleniumDriver] [  845] - Test step:13
[INFO ][2016-01-07 17:04:42,854][com.java.SeleniumDriver] [  857] - Datavalue is----------VLTest
[INFO ][2016-01-07 17:04:42,854][com.java.SeleniumDriver] [  881] - DataField : TXTtxtFirstName
[INFO ][2016-01-07 17:04:42,854][com.java.SeleniumDriver] [  883] - DataValue : VLTest
[INFO ][2016-01-07 17:04:42,854][com.java.SeleniumDriver] [  889] - <In Set values of the page>
[INFO ][2016-01-07 17:04:42,854][com.java.SeleniumDriver] [  892] - {Data Fields & Data Values Exist}
[INFO ][2016-01-07 17:04:42,854][com.java.SeleniumDriver] [  894] - --------------------------setting values-----------------------------
[INFO ][2016-01-07 17:04:42,854][com.java.SeleniumDriver] [  897] - Action Type : Enter
[INFO ][2016-01-07 17:04:42,854][com.java.TestType] [ 6696] - field = txtFirstName
[INFO ][2016-01-07 17:04:42,854][com.java.TestType] [ 5895] - value = VLTest
[INFO ][2016-01-07 17:04:44,551][com.java.SeleniumDriver] [  906] -  RESULT true
[INFO ][2016-01-07 17:04:44,551][com.java.SeleniumDriver] [ 1112] - ?   P A S S   ?
[INFO ][2016-01-07 17:04:44,551][com.java.SeleniumDriver] [  832] - ------------------------------------------
[INFO ][2016-01-07 17:04:44,551][com.java.SeleniumDriver] [  833] - Test case being Executed: 2
[INFO ][2016-01-07 17:04:44,551][com.java.SeleniumDriver] [  845] - Test step:14
[INFO ][2016-01-07 17:04:44,552][com.java.SeleniumDriver] [  857] - Datavalue is----------5
[INFO ][2016-01-07 17:04:44,552][com.java.SeleniumDriver] [  881] - DataField : TXTtxtLastName
[INFO ][2016-01-07 17:04:44,552][com.java.SeleniumDriver] [  883] - DataValue : 5
[INFO ][2016-01-07 17:04:44,552][com.java.SeleniumDriver] [  889] - <In Set values of the page>
[INFO ][2016-01-07 17:04:44,552][com.java.SeleniumDriver] [  892] - {Data Fields & Data Values Exist}
[INFO ][2016-01-07 17:04:44,552][com.java.SeleniumDriver] [  894] - --------------------------setting values-----------------------------
[INFO ][2016-01-07 17:04:44,552][com.java.SeleniumDriver] [  897] - Action Type : WaitForElement
[INFO ][2016-01-07 17:04:45,710][com.java.SeleniumDriver] [  906] -  RESULT true
[INFO ][2016-01-07 17:04:45,710][com.java.SeleniumDriver] [ 1112] - ?   P A S S   ?
[INFO ][2016-01-07 17:04:45,710][com.java.SeleniumDriver] [  832] - ------------------------------------------
[INFO ][2016-01-07 17:04:45,710][com.java.SeleniumDriver] [  833] - Test case being Executed: 2
[INFO ][2016-01-07 17:04:45,711][com.java.SeleniumDriver] [  845] - Test step:15
[INFO ][2016-01-07 17:04:45,711][com.java.SeleniumDriver] [  857] - Datavalue is----------Robot
[INFO ][2016-01-07 17:04:45,711][com.java.SeleniumDriver] [  881] - DataField : TXTtxtLastName
[INFO ][2016-01-07 17:04:45,711][com.java.SeleniumDriver] [  883] - DataValue : Robot
[INFO ][2016-01-07 17:04:45,711][com.java.SeleniumDriver] [  889] - <In Set values of the page>
[INFO ][2016-01-07 17:04:45,711][com.java.SeleniumDriver] [  892] - {Data Fields & Data Values Exist}
[INFO ][2016-01-07 17:04:45,711][com.java.SeleniumDriver] [  894] - --------------------------setting values-----------------------------
[INFO ][2016-01-07 17:04:45,711][com.java.SeleniumDriver] [  897] - Action Type : Enter
[INFO ][2016-01-07 17:04:45,711][com.java.TestType] [ 6696] - field = txtLastName
[INFO ][2016-01-07 17:04:45,711][com.java.TestType] [ 5895] - value = Robot
[INFO ][2016-01-07 17:04:47,192][com.java.SeleniumDriver] [  906] -  RESULT true
[INFO ][2016-01-07 17:04:47,193][com.java.SeleniumDriver] [ 1112] - ?   P A S S   ?
[INFO ][2016-01-07 17:04:47,193][com.java.SeleniumDriver] [  832] - ------------------------------------------
[INFO ][2016-01-07 17:04:47,193][com.java.SeleniumDriver] [  833] - Test case being Executed: 2
[INFO ][2016-01-07 17:04:47,193][com.java.SeleniumDriver] [  845] - Test step:16
[INFO ][2016-01-07 17:04:47,193][com.java.SeleniumDriver] [  857] - Datavalue is----------5
[INFO ][2016-01-07 17:04:47,193][com.java.SeleniumDriver] [  881] - DataField : TXTtxtCompany
[INFO ][2016-01-07 17:04:47,193][com.java.SeleniumDriver] [  883] - DataValue : 5
[INFO ][2016-01-07 17:04:47,193][com.java.SeleniumDriver] [  889] - <In Set values of the page>
[INFO ][2016-01-07 17:04:47,193][com.java.SeleniumDriver] [  892] - {Data Fields & Data Values Exist}
[INFO ][2016-01-07 17:04:47,193][com.java.SeleniumDriver] [  894] - --------------------------setting values-----------------------------
[INFO ][2016-01-07 17:04:47,193][com.java.SeleniumDriver] [  897] - Action Type : WaitForElement
[INFO ][2016-01-07 17:04:48,349][com.java.SeleniumDriver] [  906] -  RESULT true
[INFO ][2016-01-07 17:04:48,349][com.java.SeleniumDriver] [ 1112] - ?   P A S S   ?
[INFO ][2016-01-07 17:04:48,349][com.java.SeleniumDriver] [  832] - ------------------------------------------
[INFO ][2016-01-07 17:04:48,350][com.java.SeleniumDriver] [  833] - Test case being Executed: 2
[INFO ][2016-01-07 17:04:48,350][com.java.SeleniumDriver] [  845] - Test step:17
[INFO ][2016-01-07 17:04:48,350][com.java.SeleniumDriver] [  857] - Datavalue is----------ValueLabs
[INFO ][2016-01-07 17:04:48,350][com.java.SeleniumDriver] [  881] - DataField : TXTtxtCompany
[INFO ][2016-01-07 17:04:48,350][com.java.SeleniumDriver] [  883] - DataValue : ValueLabs
[INFO ][2016-01-07 17:04:48,350][com.java.SeleniumDriver] [  889] - <In Set values of the page>
[INFO ][2016-01-07 17:04:48,350][com.java.SeleniumDriver] [  892] - {Data Fields & Data Values Exist}
[INFO ][2016-01-07 17:04:48,350][com.java.SeleniumDriver] [  894] - --------------------------setting values-----------------------------
[INFO ][2016-01-07 17:04:48,350][com.java.SeleniumDriver] [  897] - Action Type : Enter
[INFO ][2016-01-07 17:04:48,350][com.java.TestType] [ 6696] - field = txtCompany
[INFO ][2016-01-07 17:04:48,350][com.java.TestType] [ 5895] - value = ValueLabs
[INFO ][2016-01-07 17:04:49,943][com.java.SeleniumDriver] [  906] -  RESULT true
[INFO ][2016-01-07 17:04:49,943][com.java.SeleniumDriver] [ 1112] - ?   P A S S   ?
[INFO ][2016-01-07 17:04:49,943][com.java.SeleniumDriver] [  832] - ------------------------------------------
[INFO ][2016-01-07 17:04:49,944][com.java.SeleniumDriver] [  833] - Test case being Executed: 2
[INFO ][2016-01-07 17:04:49,944][com.java.SeleniumDriver] [  845] - Test step:18
[INFO ][2016-01-07 17:04:49,944][com.java.SeleniumDriver] [  857] - Datavalue is----------5
[INFO ][2016-01-07 17:04:49,944][com.java.SeleniumDriver] [  881] - DataField : TXTtxtLocation
[INFO ][2016-01-07 17:04:49,944][com.java.SeleniumDriver] [  883] - DataValue : 5
[INFO ][2016-01-07 17:04:49,944][com.java.SeleniumDriver] [  889] - <In Set values of the page>
[INFO ][2016-01-07 17:04:49,944][com.java.SeleniumDriver] [  892] - {Data Fields & Data Values Exist}
[INFO ][2016-01-07 17:04:49,944][com.java.SeleniumDriver] [  894] - --------------------------setting values-----------------------------
[INFO ][2016-01-07 17:04:49,944][com.java.SeleniumDriver] [  897] - Action Type : WaitForElement
[INFO ][2016-01-07 17:04:51,104][com.java.SeleniumDriver] [  906] -  RESULT true
[INFO ][2016-01-07 17:04:51,104][com.java.SeleniumDriver] [ 1112] - ?   P A S S   ?
[INFO ][2016-01-07 17:04:51,105][com.java.SeleniumDriver] [  832] - ------------------------------------------
[INFO ][2016-01-07 17:04:51,105][com.java.SeleniumDriver] [  833] - Test case being Executed: 2
[INFO ][2016-01-07 17:04:51,105][com.java.SeleniumDriver] [  845] - Test step:19
[INFO ][2016-01-07 17:04:51,105][com.java.SeleniumDriver] [  857] - Datavalue is----------India
[INFO ][2016-01-07 17:04:51,105][com.java.SeleniumDriver] [  881] - DataField : TXTtxtLocation
[INFO ][2016-01-07 17:04:51,105][com.java.SeleniumDriver] [  883] - DataValue : India
[INFO ][2016-01-07 17:04:51,105][com.java.SeleniumDriver] [  889] - <In Set values of the page>
[INFO ][2016-01-07 17:04:51,105][com.java.SeleniumDriver] [  892] - {Data Fields & Data Values Exist}
[INFO ][2016-01-07 17:04:51,105][com.java.SeleniumDriver] [  894] - --------------------------setting values-----------------------------
[INFO ][2016-01-07 17:04:51,105][com.java.SeleniumDriver] [  897] - Action Type : Enter
[INFO ][2016-01-07 17:04:51,105][com.java.TestType] [ 6696] - field = txtLocation
[INFO ][2016-01-07 17:04:51,105][com.java.TestType] [ 5895] - value = India
[INFO ][2016-01-07 17:04:52,585][com.java.SeleniumDriver] [  906] -  RESULT true
[INFO ][2016-01-07 17:04:52,585][com.java.SeleniumDriver] [ 1112] - ?   P A S S   ?
[INFO ][2016-01-07 17:04:52,585][com.java.SeleniumDriver] [  832] - ------------------------------------------
[INFO ][2016-01-07 17:04:52,587][com.java.SeleniumDriver] [  833] - Test case being Executed: 2
[INFO ][2016-01-07 17:04:52,587][com.java.SeleniumDriver] [  845] - Test step:20
[INFO ][2016-01-07 17:04:52,587][com.java.SeleniumDriver] [  857] - Datavalue is----------5
[INFO ][2016-01-07 17:04:52,587][com.java.SeleniumDriver] [  881] - DataField : TXTtxtEMail
[INFO ][2016-01-07 17:04:52,587][com.java.SeleniumDriver] [  883] - DataValue : 5
[INFO ][2016-01-07 17:04:52,587][com.java.SeleniumDriver] [  889] - <In Set values of the page>
[INFO ][2016-01-07 17:04:52,587][com.java.SeleniumDriver] [  892] - {Data Fields & Data Values Exist}
[INFO ][2016-01-07 17:04:52,587][com.java.SeleniumDriver] [  894] - --------------------------setting values-----------------------------
[INFO ][2016-01-07 17:04:52,587][com.java.SeleniumDriver] [  897] - Action Type : WaitForElement
[INFO ][2016-01-07 17:04:53,743][com.java.SeleniumDriver] [  906] -  RESULT true
[INFO ][2016-01-07 17:04:53,743][com.java.SeleniumDriver] [ 1112] - ?   P A S S   ?
[INFO ][2016-01-07 17:04:53,743][com.java.SeleniumDriver] [  832] - ------------------------------------------
[INFO ][2016-01-07 17:04:53,743][com.java.SeleniumDriver] [  833] - Test case being Executed: 2
[INFO ][2016-01-07 17:04:53,744][com.java.SeleniumDriver] [  845] - Test step:21
[INFO ][2016-01-07 17:04:53,744][com.java.SeleniumDriver] [  857] - Datavalue is----------vltest.robot@valuelabs.com
[INFO ][2016-01-07 17:04:53,744][com.java.SeleniumDriver] [  881] - DataField : TXTtxtEMail
[INFO ][2016-01-07 17:04:53,744][com.java.SeleniumDriver] [  883] - DataValue : vltest.robot@valuelabs.com
[INFO ][2016-01-07 17:04:53,744][com.java.SeleniumDriver] [  889] - <In Set values of the page>
[INFO ][2016-01-07 17:04:53,744][com.java.SeleniumDriver] [  892] - {Data Fields & Data Values Exist}
[INFO ][2016-01-07 17:04:53,744][com.java.SeleniumDriver] [  894] - --------------------------setting values-----------------------------
[INFO ][2016-01-07 17:04:53,744][com.java.SeleniumDriver] [  897] - Action Type : Enter
[INFO ][2016-01-07 17:04:53,744][com.java.TestType] [ 6696] - field = txtEMail
[INFO ][2016-01-07 17:04:53,744][com.java.TestType] [ 5895] - value = vltest.robot@valuelabs.com
[INFO ][2016-01-07 17:04:55,349][com.java.SeleniumDriver] [  906] -  RESULT true
[INFO ][2016-01-07 17:04:55,349][com.java.SeleniumDriver] [ 1112] - ?   P A S S   ?
[INFO ][2016-01-07 17:04:55,349][com.java.SeleniumDriver] [  832] - ------------------------------------------
[INFO ][2016-01-07 17:04:55,349][com.java.SeleniumDriver] [  833] - Test case being Executed: 2
[INFO ][2016-01-07 17:04:55,349][com.java.SeleniumDriver] [  845] - Test step:22
[INFO ][2016-01-07 17:04:55,349][com.java.SeleniumDriver] [  857] - Datavalue is----------5
[INFO ][2016-01-07 17:04:55,349][com.java.SeleniumDriver] [  881] - DataField : TXTtxtPhone
[INFO ][2016-01-07 17:04:55,349][com.java.SeleniumDriver] [  883] - DataValue : 5
[INFO ][2016-01-07 17:04:55,350][com.java.SeleniumDriver] [  889] - <In Set values of the page>
[INFO ][2016-01-07 17:04:55,350][com.java.SeleniumDriver] [  892] - {Data Fields & Data Values Exist}
[INFO ][2016-01-07 17:04:55,350][com.java.SeleniumDriver] [  894] - --------------------------setting values-----------------------------
[INFO ][2016-01-07 17:04:55,350][com.java.SeleniumDriver] [  897] - Action Type : WaitForElement
[INFO ][2016-01-07 17:04:56,500][com.java.SeleniumDriver] [  906] -  RESULT true
[INFO ][2016-01-07 17:04:56,500][com.java.SeleniumDriver] [ 1112] - ?   P A S S   ?
[INFO ][2016-01-07 17:04:56,500][com.java.SeleniumDriver] [  832] - ------------------------------------------
[INFO ][2016-01-07 17:04:56,501][com.java.SeleniumDriver] [  833] - Test case being Executed: 2
[INFO ][2016-01-07 17:04:56,501][com.java.SeleniumDriver] [  845] - Test step:23
[INFO ][2016-01-07 17:04:56,501][com.java.SeleniumDriver] [  857] - Datavalue is----------12345678901
[INFO ][2016-01-07 17:04:56,501][com.java.SeleniumDriver] [  881] - DataField : TXTtxtPhone
[INFO ][2016-01-07 17:04:56,501][com.java.SeleniumDriver] [  883] - DataValue : 12345678901
[INFO ][2016-01-07 17:04:56,501][com.java.SeleniumDriver] [  889] - <In Set values of the page>
[INFO ][2016-01-07 17:04:56,501][com.java.SeleniumDriver] [  892] - {Data Fields & Data Values Exist}
[INFO ][2016-01-07 17:04:56,501][com.java.SeleniumDriver] [  894] - --------------------------setting values-----------------------------
[INFO ][2016-01-07 17:04:56,501][com.java.SeleniumDriver] [  897] - Action Type : Enter
[INFO ][2016-01-07 17:04:56,501][com.java.TestType] [ 6696] - field = txtPhone
[INFO ][2016-01-07 17:04:56,501][com.java.TestType] [ 5895] - value = 12345678901
[INFO ][2016-01-07 17:04:57,924][com.java.SeleniumDriver] [  906] -  RESULT true
[INFO ][2016-01-07 17:04:57,924][com.java.SeleniumDriver] [ 1112] - ?   P A S S   ?
[INFO ][2016-01-07 17:04:57,924][com.java.SeleniumDriver] [  832] - ------------------------------------------
[INFO ][2016-01-07 17:04:57,924][com.java.SeleniumDriver] [  833] - Test case being Executed: 2
[INFO ][2016-01-07 17:04:57,924][com.java.SeleniumDriver] [  845] - Test step:24
[INFO ][2016-01-07 17:04:57,924][com.java.SeleniumDriver] [  857] - Datavalue is----------5
[INFO ][2016-01-07 17:04:57,925][com.java.SeleniumDriver] [  881] - DataField : TXTtxtPassword
[INFO ][2016-01-07 17:04:57,925][com.java.SeleniumDriver] [  883] - DataValue : 5
[INFO ][2016-01-07 17:04:57,925][com.java.SeleniumDriver] [  889] - <In Set values of the page>
[INFO ][2016-01-07 17:04:57,925][com.java.SeleniumDriver] [  892] - {Data Fields & Data Values Exist}
[INFO ][2016-01-07 17:04:57,925][com.java.SeleniumDriver] [  894] - --------------------------setting values-----------------------------
[INFO ][2016-01-07 17:04:57,925][com.java.SeleniumDriver] [  897] - Action Type : WaitForElement
[INFO ][2016-01-07 17:04:59,082][com.java.SeleniumDriver] [  906] -  RESULT true
[INFO ][2016-01-07 17:04:59,082][com.java.SeleniumDriver] [ 1112] - ?   P A S S   ?
[INFO ][2016-01-07 17:04:59,083][com.java.SeleniumDriver] [  832] - ------------------------------------------
[INFO ][2016-01-07 17:04:59,083][com.java.SeleniumDriver] [  833] - Test case being Executed: 2
[INFO ][2016-01-07 17:04:59,083][com.java.SeleniumDriver] [  845] - Test step:25
[INFO ][2016-01-07 17:04:59,083][com.java.SeleniumDriver] [  857] - Datavalue is----------dt:NewUserPswd
[INFO ][2016-01-07 17:04:59,083][com.java.SeleniumDriver] [  881] - DataField : TXTtxtPassword
[INFO ][2016-01-07 17:04:59,083][com.java.SeleniumDriver] [  883] - DataValue : dt:NewUserPswd
[INFO ][2016-01-07 17:04:59,083][com.java.SeleniumDriver] [  889] - <In Set values of the page>
[INFO ][2016-01-07 17:04:59,083][com.java.SeleniumDriver] [  892] - {Data Fields & Data Values Exist}
[INFO ][2016-01-07 17:04:59,083][com.java.SeleniumDriver] [  894] - --------------------------setting values-----------------------------
[INFO ][2016-01-07 17:04:59,083][com.java.SeleniumDriver] [  897] - Action Type : CLEARANDENTER
[INFO ][2016-01-07 17:04:59,083][com.java.TestType] [ 5895] - value = Password1*
[INFO ][2016-01-07 17:05:01,839][com.java.SeleniumDriver] [  906] -  RESULT true
[INFO ][2016-01-07 17:05:01,839][com.java.SeleniumDriver] [ 1112] - ?   P A S S   ?
[INFO ][2016-01-07 17:05:01,839][com.java.SeleniumDriver] [  832] - ------------------------------------------
[INFO ][2016-01-07 17:05:01,839][com.java.SeleniumDriver] [  833] - Test case being Executed: 2
[INFO ][2016-01-07 17:05:01,839][com.java.SeleniumDriver] [  845] - Test step:26
[INFO ][2016-01-07 17:05:01,839][com.java.SeleniumDriver] [  857] - Datavalue is----------5
[INFO ][2016-01-07 17:05:01,839][com.java.SeleniumDriver] [  881] - DataField : TXTtxtPasswordConfirm
[INFO ][2016-01-07 17:05:01,839][com.java.SeleniumDriver] [  883] - DataValue : 5
[INFO ][2016-01-07 17:05:01,839][com.java.SeleniumDriver] [  889] - <In Set values of the page>
[INFO ][2016-01-07 17:05:01,839][com.java.SeleniumDriver] [  892] - {Data Fields & Data Values Exist}
[INFO ][2016-01-07 17:05:01,839][com.java.SeleniumDriver] [  894] - --------------------------setting values-----------------------------
[INFO ][2016-01-07 17:05:01,840][com.java.SeleniumDriver] [  897] - Action Type : WaitForElement
[INFO ][2016-01-07 17:05:03,010][com.java.SeleniumDriver] [  906] -  RESULT true
[INFO ][2016-01-07 17:05:03,010][com.java.SeleniumDriver] [ 1112] - ?   P A S S   ?
[INFO ][2016-01-07 17:05:03,010][com.java.SeleniumDriver] [  832] - ------------------------------------------
[INFO ][2016-01-07 17:05:03,010][com.java.SeleniumDriver] [  833] - Test case being Executed: 2
[INFO ][2016-01-07 17:05:03,012][com.java.SeleniumDriver] [  845] - Test step:27
[INFO ][2016-01-07 17:05:03,012][com.java.SeleniumDriver] [  857] - Datavalue is----------dt:NewUserPswd
[INFO ][2016-01-07 17:05:03,012][com.java.SeleniumDriver] [  881] - DataField : TXTtxtPasswordConfirm
[INFO ][2016-01-07 17:05:03,012][com.java.SeleniumDriver] [  883] - DataValue : dt:NewUserPswd
[INFO ][2016-01-07 17:05:03,012][com.java.SeleniumDriver] [  889] - <In Set values of the page>
[INFO ][2016-01-07 17:05:03,012][com.java.SeleniumDriver] [  892] - {Data Fields & Data Values Exist}
[INFO ][2016-01-07 17:05:03,012][com.java.SeleniumDriver] [  894] - --------------------------setting values-----------------------------
[INFO ][2016-01-07 17:05:03,012][com.java.SeleniumDriver] [  897] - Action Type : CLEARANDENTER
[INFO ][2016-01-07 17:05:03,013][com.java.TestType] [ 5895] - value = Password1*
[INFO ][2016-01-07 17:05:05,768][com.java.SeleniumDriver] [  906] -  RESULT true
[INFO ][2016-01-07 17:05:05,768][com.java.SeleniumDriver] [ 1112] - ?   P A S S   ?
[INFO ][2016-01-07 17:05:05,768][com.java.SeleniumDriver] [  832] - ------------------------------------------
[INFO ][2016-01-07 17:05:05,768][com.java.SeleniumDriver] [  833] - Test case being Executed: 2
[INFO ][2016-01-07 17:05:05,768][com.java.SeleniumDriver] [  845] - Test step:28
[INFO ][2016-01-07 17:05:05,768][com.java.SeleniumDriver] [  857] - Datavalue is----------5
[INFO ][2016-01-07 17:05:05,768][com.java.SeleniumDriver] [  881] - DataField : test
[INFO ][2016-01-07 17:05:05,768][com.java.SeleniumDriver] [  883] - DataValue : 5
[INFO ][2016-01-07 17:05:05,768][com.java.SeleniumDriver] [  889] - <In Set values of the page>
[INFO ][2016-01-07 17:05:05,768][com.java.SeleniumDriver] [  892] - {Data Fields & Data Values Exist}
[INFO ][2016-01-07 17:05:05,768][com.java.SeleniumDriver] [  894] - --------------------------setting values-----------------------------
[INFO ][2016-01-07 17:05:05,769][com.java.SeleniumDriver] [  897] - Action Type : WaitTime
[DEBUG][2016-01-07 17:05:05,769][com.java.TestType] [ 5715] - sleepTime: 5000
[INFO ][2016-01-07 17:05:10,770][com.java.SeleniumDriver] [  906] -  RESULT true
[INFO ][2016-01-07 17:05:10,770][com.java.SeleniumDriver] [ 1112] - ?   P A S S   ?
[INFO ][2016-01-07 17:05:10,770][com.java.SeleniumDriver] [  832] - ------------------------------------------
[INFO ][2016-01-07 17:05:10,770][com.java.SeleniumDriver] [  833] - Test case being Executed: 2
[INFO ][2016-01-07 17:05:10,770][com.java.SeleniumDriver] [  845] - Test step:29
[INFO ][2016-01-07 17:05:10,770][com.java.SeleniumDriver] [  857] - Datavalue is----------null
[DEBUG][2016-01-07 17:05:10,770][com.java.SeleniumDriver] [  875] - Exception: null
[INFO ][2016-01-07 17:05:10,770][com.java.SeleniumDriver] [  881] - DataField : BTNparent
[INFO ][2016-01-07 17:05:10,770][com.java.SeleniumDriver] [  883] - DataValue : 
[INFO ][2016-01-07 17:05:10,770][com.java.SeleniumDriver] [  889] - <In Set values of the page>
[INFO ][2016-01-07 17:05:10,770][com.java.SeleniumDriver] [  892] - {Data Fields & Data Values Exist}
[INFO ][2016-01-07 17:05:10,771][com.java.SeleniumDriver] [  894] - --------------------------setting values-----------------------------
[INFO ][2016-01-07 17:05:10,771][com.java.SeleniumDriver] [  897] - Action Type : SelectFrame
[INFO ][2016-01-07 17:05:10,787][com.java.SeleniumDriver] [  906] -  RESULT true
[INFO ][2016-01-07 17:05:10,787][com.java.SeleniumDriver] [ 1112] - ?   P A S S   ?
[INFO ][2016-01-07 17:05:10,787][com.java.SeleniumDriver] [  832] - ------------------------------------------
[INFO ][2016-01-07 17:05:10,787][com.java.SeleniumDriver] [  833] - Test case being Executed: 2
[INFO ][2016-01-07 17:05:10,787][com.java.SeleniumDriver] [  845] - Test step:30
[INFO ][2016-01-07 17:05:10,788][com.java.SeleniumDriver] [  857] - Datavalue is----------null
[DEBUG][2016-01-07 17:05:10,788][com.java.SeleniumDriver] [  875] - Exception: null
[INFO ][2016-01-07 17:05:10,789][com.java.SeleniumDriver] [  881] - DataField : XPH//span[contains(text(), 'Finished')]
[INFO ][2016-01-07 17:05:10,789][com.java.SeleniumDriver] [  883] - DataValue : 
[INFO ][2016-01-07 17:05:10,789][com.java.SeleniumDriver] [  889] - <In Set values of the page>
[INFO ][2016-01-07 17:05:10,789][com.java.SeleniumDriver] [  892] - {Data Fields & Data Values Exist}
[INFO ][2016-01-07 17:05:10,789][com.java.SeleniumDriver] [  894] - --------------------------setting values-----------------------------
[INFO ][2016-01-07 17:05:10,790][com.java.SeleniumDriver] [  897] - Action Type : Click
[INFO ][2016-01-07 17:05:10,790][com.java.TestType] [ 6274] - Field ::XPH//span[contains(text(), 'Finished')]
[INFO ][2016-01-07 17:05:10,790][com.java.TestType] [ 5895] - value = 
[INFO ][2016-01-07 17:05:11,790][com.java.TestType] [ 6411] - BEFORE CLICK
[INFO ][2016-01-07 17:05:12,847][com.java.TestType] [ 6419] - Unable to click the object Finished button
[INFO ][2016-01-07 17:05:12,847][com.java.SeleniumDriver] [  906] -  RESULT true
[INFO ][2016-01-07 17:05:12,847][com.java.SeleniumDriver] [ 1112] - ?   P A S S   ?
[INFO ][2016-01-07 17:05:12,847][com.java.SeleniumDriver] [  832] - ------------------------------------------
[INFO ][2016-01-07 17:05:12,847][com.java.SeleniumDriver] [  833] - Test case being Executed: 2
[INFO ][2016-01-07 17:05:12,847][com.java.SeleniumDriver] [  845] - Test step:31
[INFO ][2016-01-07 17:05:12,847][com.java.SeleniumDriver] [  857] - Datavalue is----------5
[INFO ][2016-01-07 17:05:12,847][com.java.SeleniumDriver] [  881] - DataField : test
[INFO ][2016-01-07 17:05:12,847][com.java.SeleniumDriver] [  883] - DataValue : 5
[INFO ][2016-01-07 17:05:12,847][com.java.SeleniumDriver] [  889] - <In Set values of the page>
[INFO ][2016-01-07 17:05:12,847][com.java.SeleniumDriver] [  892] - {Data Fields & Data Values Exist}
[INFO ][2016-01-07 17:05:12,847][com.java.SeleniumDriver] [  894] - --------------------------setting values-----------------------------
[INFO ][2016-01-07 17:05:12,848][com.java.SeleniumDriver] [  897] - Action Type : WaitTime
[DEBUG][2016-01-07 17:05:12,848][com.java.TestType] [ 5715] - sleepTime: 5000
[INFO ][2016-01-07 17:05:17,848][com.java.SeleniumDriver] [  906] -  RESULT true
[INFO ][2016-01-07 17:05:17,848][com.java.SeleniumDriver] [ 1112] - ?   P A S S   ?
[INFO ][2016-01-07 17:05:17,848][com.java.SeleniumDriver] [  832] - ------------------------------------------
[INFO ][2016-01-07 17:05:17,848][com.java.SeleniumDriver] [  833] - Test case being Executed: 2
[INFO ][2016-01-07 17:05:17,848][com.java.SeleniumDriver] [  845] - Test step:32
[INFO ][2016-01-07 17:05:17,848][com.java.SeleniumDriver] [  857] - Datavalue is----------null
[DEBUG][2016-01-07 17:05:17,848][com.java.SeleniumDriver] [  875] - Exception: null
[INFO ][2016-01-07 17:05:17,848][com.java.SeleniumDriver] [  881] - DataField : BTNframeDialogContent
[INFO ][2016-01-07 17:05:17,848][com.java.SeleniumDriver] [  883] - DataValue : 
[INFO ][2016-01-07 17:05:17,848][com.java.SeleniumDriver] [  889] - <In Set values of the page>
[INFO ][2016-01-07 17:05:17,849][com.java.SeleniumDriver] [  892] - {Data Fields & Data Values Exist}
[INFO ][2016-01-07 17:05:17,849][com.java.SeleniumDriver] [  894] - --------------------------setting values-----------------------------
[INFO ][2016-01-07 17:05:17,849][com.java.SeleniumDriver] [  897] - Action Type : SelectFrame
[INFO ][2016-01-07 17:05:19,140][com.java.SeleniumDriver] [  906] -  RESULT true
[INFO ][2016-01-07 17:05:19,140][com.java.SeleniumDriver] [ 1112] - ?   P A S S   ?
[INFO ][2016-01-07 17:05:19,140][com.java.SeleniumDriver] [  832] - ------------------------------------------
[INFO ][2016-01-07 17:05:19,140][com.java.SeleniumDriver] [  833] - Test case being Executed: 2
[INFO ][2016-01-07 17:05:19,140][com.java.SeleniumDriver] [  845] - Test step:33
[INFO ][2016-01-07 17:05:19,141][com.java.SeleniumDriver] [  857] - Datavalue is----------null
[DEBUG][2016-01-07 17:05:19,141][com.java.SeleniumDriver] [  875] - Exception: null
[INFO ][2016-01-07 17:05:19,141][com.java.SeleniumDriver] [  881] - DataField : BTNchkGlobalPrivsUserAdmin
[INFO ][2016-01-07 17:05:19,141][com.java.SeleniumDriver] [  883] - DataValue : 
[INFO ][2016-01-07 17:05:19,141][com.java.SeleniumDriver] [  889] - <In Set values of the page>
[INFO ][2016-01-07 17:05:19,141][com.java.SeleniumDriver] [  892] - {Data Fields & Data Values Exist}
[INFO ][2016-01-07 17:05:19,141][com.java.SeleniumDriver] [  894] - --------------------------setting values-----------------------------
[INFO ][2016-01-07 17:05:19,141][com.java.SeleniumDriver] [  897] - Action Type : Click
[INFO ][2016-01-07 17:05:19,141][com.java.TestType] [ 6274] - Field ::BTNchkGlobalPrivsUserAdmin
[INFO ][2016-01-07 17:05:19,141][com.java.TestType] [ 5895] - value = 
[INFO ][2016-01-07 17:05:20,141][com.java.TestType] [ 6390] - BEFORE CLICK
[INFO ][2016-01-07 17:05:21,570][com.java.TestType] [ 6397] - Unable to click the object User Admin check box
[INFO ][2016-01-07 17:05:21,570][com.java.SeleniumDriver] [  906] -  RESULT true
[INFO ][2016-01-07 17:05:21,570][com.java.SeleniumDriver] [ 1112] - ?   P A S S   ?
[INFO ][2016-01-07 17:05:21,570][com.java.SeleniumDriver] [  832] - ------------------------------------------
[INFO ][2016-01-07 17:05:21,570][com.java.SeleniumDriver] [  833] - Test case being Executed: 2
[INFO ][2016-01-07 17:05:21,570][com.java.SeleniumDriver] [  845] - Test step:34
[INFO ][2016-01-07 17:05:21,570][com.java.SeleniumDriver] [  857] - Datavalue is----------index:1
[INFO ][2016-01-07 17:05:21,570][com.java.SeleniumDriver] [  881] - DataField : COBddlEntityAccess
[INFO ][2016-01-07 17:05:21,570][com.java.SeleniumDriver] [  883] - DataValue : index:1
[INFO ][2016-01-07 17:05:21,570][com.java.SeleniumDriver] [  889] - <In Set values of the page>
[INFO ][2016-01-07 17:05:21,571][com.java.SeleniumDriver] [  892] - {Data Fields & Data Values Exist}
[INFO ][2016-01-07 17:05:21,571][com.java.SeleniumDriver] [  894] - --------------------------setting values-----------------------------
[INFO ][2016-01-07 17:05:21,571][com.java.SeleniumDriver] [  897] - Action Type : select
[INFO ][2016-01-07 17:05:21,571][com.java.TestType] [ 5895] - value = 1
[INFO ][2016-01-07 17:05:22,782][com.java.TestType] [ 6013] -  In COB ddlEntityAccess : 1
[ERROR][2016-01-07 17:05:22,833][com.java.TestType] [ 6160] - Unable to perform Action Select Cannot locate option with index: 1
For documentation on this error, please visit: http://seleniumhq.org/exceptions/no_such_element.html
Build info: version: '2.48.2', revision: '41bccdd', time: '2015-10-09 19:59:12'
System info: host: 'FVTIII438F1D', ip: '172.17.68.34', os.name: 'Windows 7', os.arch: 'x86', os.version: '6.1', java.version: '1.7.0_55'
Driver info: driver.version: SeleniumDriver
[INFO ][2016-01-07 17:05:22,833][com.java.SeleniumDriver] [  906] -  RESULT false
[INFO ][2016-01-07 17:05:22,833][com.java.SeleniumDriver] [  953] - ?   F A I L   ?
[INFO ][2016-01-07 17:05:22,833][com.java.SeleniumDriver] [  961] - Browser Type : IE10
[INFO ][2016-01-07 17:05:22,833][com.java.SeleniumDriver] [  962] - Adding Failed case2
[DEBUG][2016-01-07 17:05:23,541][com.java.SeleniumDriver] [ 1030] -  tdd.getCondition() IF:36:Next
[INFO ][2016-01-07 17:05:23,542][com.java.SeleniumDriver] [ 1034] - Continue next step...
[INFO ][2016-01-07 17:05:23,542][com.java.SeleniumDriver] [  832] - ------------------------------------------
[INFO ][2016-01-07 17:05:23,542][com.java.SeleniumDriver] [  833] - Test case being Executed: 2
[INFO ][2016-01-07 17:05:23,542][com.java.SeleniumDriver] [  845] - Test step:35
[INFO ][2016-01-07 17:05:23,542][com.java.SeleniumDriver] [  857] - Datavalue is----------index:0
[INFO ][2016-01-07 17:05:23,542][com.java.SeleniumDriver] [  881] - DataField : COBddlEntityAccess
[INFO ][2016-01-07 17:05:23,542][com.java.SeleniumDriver] [  883] - DataValue : index:0
[INFO ][2016-01-07 17:05:23,542][com.java.SeleniumDriver] [  889] - <In Set values of the page>
[INFO ][2016-01-07 17:05:23,542][com.java.SeleniumDriver] [  892] - {Data Fields & Data Values Exist}
[INFO ][2016-01-07 17:05:23,542][com.java.SeleniumDriver] [  894] - --------------------------setting values-----------------------------
[INFO ][2016-01-07 17:05:23,542][com.java.SeleniumDriver] [  897] - Action Type : select
[INFO ][2016-01-07 17:05:23,542][com.java.TestType] [ 5895] - value = 0
[INFO ][2016-01-07 17:05:24,822][com.java.TestType] [ 6013] -  In COB ddlEntityAccess : 0
[INFO ][2016-01-07 17:05:24,886][com.java.SeleniumDriver] [  906] -  RESULT true
[INFO ][2016-01-07 17:05:24,886][com.java.SeleniumDriver] [ 1112] - ?   P A S S   ?
[INFO ][2016-01-07 17:05:24,886][com.java.SeleniumDriver] [  832] - ------------------------------------------
[INFO ][2016-01-07 17:05:24,886][com.java.SeleniumDriver] [  833] - Test case being Executed: 2
[INFO ][2016-01-07 17:05:24,886][com.java.SeleniumDriver] [  845] - Test step:36
[INFO ][2016-01-07 17:05:24,886][com.java.SeleniumDriver] [  857] - Datavalue is----------null
[DEBUG][2016-01-07 17:05:24,886][com.java.SeleniumDriver] [  875] - Exception: null
[INFO ][2016-01-07 17:05:24,886][com.java.SeleniumDriver] [  881] - DataField : BTNrdoEnableEntity_Enable
[INFO ][2016-01-07 17:05:24,886][com.java.SeleniumDriver] [  883] - DataValue : 
[INFO ][2016-01-07 17:05:24,886][com.java.SeleniumDriver] [  889] - <In Set values of the page>
[INFO ][2016-01-07 17:05:24,886][com.java.SeleniumDriver] [  892] - {Data Fields & Data Values Exist}
[INFO ][2016-01-07 17:05:24,887][com.java.SeleniumDriver] [  894] - --------------------------setting values-----------------------------
[INFO ][2016-01-07 17:05:24,887][com.java.SeleniumDriver] [  897] - Action Type : Click
[INFO ][2016-01-07 17:05:24,887][com.java.TestType] [ 6274] - Field ::BTNrdoEnableEntity_Enable
[INFO ][2016-01-07 17:05:24,887][com.java.TestType] [ 5895] - value = 
[INFO ][2016-01-07 17:05:25,887][com.java.TestType] [ 6390] - BEFORE CLICK
[INFO ][2016-01-07 17:05:27,271][com.java.TestType] [ 6397] - Unable to click the object Enable radio button
[INFO ][2016-01-07 17:05:27,272][com.java.SeleniumDriver] [  906] -  RESULT true
[INFO ][2016-01-07 17:05:27,272][com.java.SeleniumDriver] [ 1112] - ?   P A S S   ?
[INFO ][2016-01-07 17:05:27,272][com.java.SeleniumDriver] [  832] - ------------------------------------------
[INFO ][2016-01-07 17:05:27,272][com.java.SeleniumDriver] [  833] - Test case being Executed: 2
[INFO ][2016-01-07 17:05:27,272][com.java.SeleniumDriver] [  845] - Test step:37
[INFO ][2016-01-07 17:05:27,272][com.java.SeleniumDriver] [  857] - Datavalue is----------null
[DEBUG][2016-01-07 17:05:27,272][com.java.SeleniumDriver] [  875] - Exception: null
[INFO ][2016-01-07 17:05:27,272][com.java.SeleniumDriver] [  881] - DataField : BTNchkProfitCenterAll
[INFO ][2016-01-07 17:05:27,272][com.java.SeleniumDriver] [  883] - DataValue : 
[INFO ][2016-01-07 17:05:27,272][com.java.SeleniumDriver] [  889] - <In Set values of the page>
[INFO ][2016-01-07 17:05:27,272][com.java.SeleniumDriver] [  892] - {Data Fields & Data Values Exist}
[INFO ][2016-01-07 17:05:27,272][com.java.SeleniumDriver] [  894] - --------------------------setting values-----------------------------
[INFO ][2016-01-07 17:05:27,272][com.java.SeleniumDriver] [  897] - Action Type : Click
[INFO ][2016-01-07 17:05:27,273][com.java.TestType] [ 6274] - Field ::BTNchkProfitCenterAll
[INFO ][2016-01-07 17:05:27,273][com.java.TestType] [ 5895] - value = 
[INFO ][2016-01-07 17:05:28,273][com.java.TestType] [ 6390] - BEFORE CLICK
[INFO ][2016-01-07 17:05:29,646][com.java.TestType] [ 6397] - Unable to click the object All Check box
[INFO ][2016-01-07 17:05:29,646][com.java.SeleniumDriver] [  906] -  RESULT true
[INFO ][2016-01-07 17:05:29,646][com.java.SeleniumDriver] [ 1112] - ?   P A S S   ?
[INFO ][2016-01-07 17:05:29,646][com.java.SeleniumDriver] [  832] - ------------------------------------------
[INFO ][2016-01-07 17:05:29,646][com.java.SeleniumDriver] [  833] - Test case being Executed: 2
[INFO ][2016-01-07 17:05:29,646][com.java.SeleniumDriver] [  845] - Test step:38
[INFO ][2016-01-07 17:05:29,646][com.java.SeleniumDriver] [  857] - Datavalue is----------null
[DEBUG][2016-01-07 17:05:29,647][com.java.SeleniumDriver] [  875] - Exception: null
[INFO ][2016-01-07 17:05:29,647][com.java.SeleniumDriver] [  881] - DataField : BTNchkPrivsAccessGL
[INFO ][2016-01-07 17:05:29,647][com.java.SeleniumDriver] [  883] - DataValue : 
[INFO ][2016-01-07 17:05:29,647][com.java.SeleniumDriver] [  889] - <In Set values of the page>
[INFO ][2016-01-07 17:05:29,647][com.java.SeleniumDriver] [  892] - {Data Fields & Data Values Exist}
[INFO ][2016-01-07 17:05:29,647][com.java.SeleniumDriver] [  894] - --------------------------setting values-----------------------------
[INFO ][2016-01-07 17:05:29,647][com.java.SeleniumDriver] [  897] - Action Type : Click
[INFO ][2016-01-07 17:05:29,647][com.java.TestType] [ 6274] - Field ::BTNchkPrivsAccessGL
[INFO ][2016-01-07 17:05:29,647][com.java.TestType] [ 5895] - value = 
[INFO ][2016-01-07 17:05:30,647][com.java.TestType] [ 6390] - BEFORE CLICK
[INFO ][2016-01-07 17:05:32,052][com.java.TestType] [ 6397] - Unable to click the object GL check box
[INFO ][2016-01-07 17:05:32,052][com.java.SeleniumDriver] [  906] -  RESULT true
[INFO ][2016-01-07 17:05:32,052][com.java.SeleniumDriver] [ 1112] - ?   P A S S   ?
[INFO ][2016-01-07 17:05:32,052][com.java.SeleniumDriver] [  832] - ------------------------------------------
[INFO ][2016-01-07 17:05:32,052][com.java.SeleniumDriver] [  833] - Test case being Executed: 2
[INFO ][2016-01-07 17:05:32,052][com.java.SeleniumDriver] [  845] - Test step:39
[INFO ][2016-01-07 17:05:32,052][com.java.SeleniumDriver] [  857] - Datavalue is----------null
[DEBUG][2016-01-07 17:05:32,053][com.java.SeleniumDriver] [  875] - Exception: null
[INFO ][2016-01-07 17:05:32,053][com.java.SeleniumDriver] [  881] - DataField : BTNparent
[INFO ][2016-01-07 17:05:32,053][com.java.SeleniumDriver] [  883] - DataValue : 
[INFO ][2016-01-07 17:05:32,053][com.java.SeleniumDriver] [  889] - <In Set values of the page>
[INFO ][2016-01-07 17:05:32,053][com.java.SeleniumDriver] [  892] - {Data Fields & Data Values Exist}
[INFO ][2016-01-07 17:05:32,053][com.java.SeleniumDriver] [  894] - --------------------------setting values-----------------------------
[INFO ][2016-01-07 17:05:32,053][com.java.SeleniumDriver] [  897] - Action Type : SelectFrame
[INFO ][2016-01-07 17:05:32,068][com.java.SeleniumDriver] [  906] -  RESULT true
[INFO ][2016-01-07 17:05:32,068][com.java.SeleniumDriver] [ 1112] - ?   P A S S   ?
[INFO ][2016-01-07 17:05:32,068][com.java.SeleniumDriver] [  832] - ------------------------------------------
[INFO ][2016-01-07 17:05:32,068][com.java.SeleniumDriver] [  833] - Test case being Executed: 2
[INFO ][2016-01-07 17:05:32,068][com.java.SeleniumDriver] [  845] - Test step:40
[INFO ][2016-01-07 17:05:32,068][com.java.SeleniumDriver] [  857] - Datavalue is----------5
[INFO ][2016-01-07 17:05:32,068][com.java.SeleniumDriver] [  881] - DataField : test
[INFO ][2016-01-07 17:05:32,068][com.java.SeleniumDriver] [  883] - DataValue : 5
[INFO ][2016-01-07 17:05:32,068][com.java.SeleniumDriver] [  889] - <In Set values of the page>
[INFO ][2016-01-07 17:05:32,068][com.java.SeleniumDriver] [  892] - {Data Fields & Data Values Exist}
[INFO ][2016-01-07 17:05:32,069][com.java.SeleniumDriver] [  894] - --------------------------setting values-----------------------------
[INFO ][2016-01-07 17:05:32,069][com.java.SeleniumDriver] [  897] - Action Type : WaitTime
[DEBUG][2016-01-07 17:05:32,069][com.java.TestType] [ 5715] - sleepTime: 5000
[INFO ][2016-01-07 17:05:37,069][com.java.SeleniumDriver] [  906] -  RESULT true
[INFO ][2016-01-07 17:05:37,069][com.java.SeleniumDriver] [ 1112] - ?   P A S S   ?
[INFO ][2016-01-07 17:05:37,069][com.java.SeleniumDriver] [  832] - ------------------------------------------
[INFO ][2016-01-07 17:05:37,069][com.java.SeleniumDriver] [  833] - Test case being Executed: 2
[INFO ][2016-01-07 17:05:37,069][com.java.SeleniumDriver] [  845] - Test step:41
[INFO ][2016-01-07 17:05:37,069][com.java.SeleniumDriver] [  857] - Datavalue is----------null
[DEBUG][2016-01-07 17:05:37,069][com.java.SeleniumDriver] [  875] - Exception: null
[INFO ][2016-01-07 17:05:37,069][com.java.SeleniumDriver] [  881] - DataField : XPH//span[contains(text(), 'Finished')]
[INFO ][2016-01-07 17:05:37,069][com.java.SeleniumDriver] [  883] - DataValue : 
[INFO ][2016-01-07 17:05:37,069][com.java.SeleniumDriver] [  889] - <In Set values of the page>
[INFO ][2016-01-07 17:05:37,069][com.java.SeleniumDriver] [  892] - {Data Fields & Data Values Exist}
[INFO ][2016-01-07 17:05:37,071][com.java.SeleniumDriver] [  894] - --------------------------setting values-----------------------------
[INFO ][2016-01-07 17:05:37,071][com.java.SeleniumDriver] [  897] - Action Type : Click
[INFO ][2016-01-07 17:05:37,071][com.java.TestType] [ 6274] - Field ::XPH//span[contains(text(), 'Finished')]
[INFO ][2016-01-07 17:05:37,071][com.java.TestType] [ 5895] - value = 
[INFO ][2016-01-07 17:05:38,071][com.java.TestType] [ 6411] - BEFORE CLICK
[INFO ][2016-01-07 17:05:41,308][com.java.TestType] [ 6419] - Unable to click the object Finished button
[INFO ][2016-01-07 17:05:41,308][com.java.SeleniumDriver] [  906] -  RESULT true
[INFO ][2016-01-07 17:05:41,308][com.java.SeleniumDriver] [ 1112] - ?   P A S S   ?
[INFO ][2016-01-07 17:05:41,308][com.java.SeleniumDriver] [  832] - ------------------------------------------
[INFO ][2016-01-07 17:05:41,308][com.java.SeleniumDriver] [  833] - Test case being Executed: 2
[INFO ][2016-01-07 17:05:41,308][com.java.SeleniumDriver] [  845] - Test step:42
[INFO ][2016-01-07 17:05:41,308][com.java.SeleniumDriver] [  857] - Datavalue is----------5
[INFO ][2016-01-07 17:05:41,308][com.java.SeleniumDriver] [  881] - DataField : BTNframeDialogContent
[INFO ][2016-01-07 17:05:41,308][com.java.SeleniumDriver] [  883] - DataValue : 5
[INFO ][2016-01-07 17:05:41,308][com.java.SeleniumDriver] [  889] - <In Set values of the page>
[INFO ][2016-01-07 17:05:41,308][com.java.SeleniumDriver] [  892] - {Data Fields & Data Values Exist}
[INFO ][2016-01-07 17:05:41,308][com.java.SeleniumDriver] [  894] - --------------------------setting values-----------------------------
[INFO ][2016-01-07 17:05:41,309][com.java.SeleniumDriver] [  897] - Action Type : WaitForElement
[INFO ][2016-01-07 17:05:42,540][com.java.SeleniumDriver] [  906] -  RESULT true
[INFO ][2016-01-07 17:05:42,540][com.java.SeleniumDriver] [ 1112] - ?   P A S S   ?
[INFO ][2016-01-07 17:05:42,540][com.java.SeleniumDriver] [  832] - ------------------------------------------
[INFO ][2016-01-07 17:05:42,540][com.java.SeleniumDriver] [  833] - Test case being Executed: 2
[INFO ][2016-01-07 17:05:42,540][com.java.SeleniumDriver] [  845] - Test step:43
[INFO ][2016-01-07 17:05:42,540][com.java.SeleniumDriver] [  857] - Datavalue is----------null
[DEBUG][2016-01-07 17:05:42,541][com.java.SeleniumDriver] [  875] - Exception: null
[INFO ][2016-01-07 17:05:42,541][com.java.SeleniumDriver] [  881] - DataField : BTNframeDialogContent
[INFO ][2016-01-07 17:05:42,541][com.java.SeleniumDriver] [  883] - DataValue : 
[INFO ][2016-01-07 17:05:42,541][com.java.SeleniumDriver] [  889] - <In Set values of the page>
[INFO ][2016-01-07 17:05:42,541][com.java.SeleniumDriver] [  892] - {Data Fields & Data Values Exist}
[INFO ][2016-01-07 17:05:42,541][com.java.SeleniumDriver] [  894] - --------------------------setting values-----------------------------
[INFO ][2016-01-07 17:05:42,541][com.java.SeleniumDriver] [  897] - Action Type : SelectFrame
[INFO ][2016-01-07 17:05:43,807][com.java.SeleniumDriver] [  906] -  RESULT true
[INFO ][2016-01-07 17:05:43,807][com.java.SeleniumDriver] [ 1112] - ?   P A S S   ?
[INFO ][2016-01-07 17:05:43,807][com.java.SeleniumDriver] [  832] - ------------------------------------------
[INFO ][2016-01-07 17:05:43,807][com.java.SeleniumDriver] [  833] - Test case being Executed: 2
[INFO ][2016-01-07 17:05:43,807][com.java.SeleniumDriver] [  845] - Test step:44
[INFO ][2016-01-07 17:05:43,807][com.java.SeleniumDriver] [  857] - Datavalue is----------null
[DEBUG][2016-01-07 17:05:43,807][com.java.SeleniumDriver] [  875] - Exception: null
[INFO ][2016-01-07 17:05:43,808][com.java.SeleniumDriver] [  881] - DataField : XPH//table[@id="tblUserListing"]//td[contains(text(),'vltest.robot')]
[INFO ][2016-01-07 17:05:43,808][com.java.SeleniumDriver] [  883] - DataValue : 
[INFO ][2016-01-07 17:05:43,808][com.java.SeleniumDriver] [  889] - <In Set values of the page>
[INFO ][2016-01-07 17:05:43,808][com.java.SeleniumDriver] [  892] - {Data Fields & Data Values Exist}
[INFO ][2016-01-07 17:05:43,808][com.java.SeleniumDriver] [  894] - --------------------------setting values-----------------------------
[INFO ][2016-01-07 17:05:43,808][com.java.SeleniumDriver] [  897] - Action Type : WaitForElement
[INFO ][2016-01-07 17:05:43,844][com.java.SeleniumDriver] [  906] -  RESULT true
[INFO ][2016-01-07 17:05:43,844][com.java.SeleniumDriver] [ 1112] - ?   P A S S   ?
[INFO ][2016-01-07 17:05:43,844][com.java.SeleniumDriver] [  832] - ------------------------------------------
[INFO ][2016-01-07 17:05:43,844][com.java.SeleniumDriver] [  833] - Test case being Executed: 2
[INFO ][2016-01-07 17:05:43,845][com.java.SeleniumDriver] [  845] - Test step:45
[INFO ][2016-01-07 17:05:43,845][com.java.SeleniumDriver] [  857] - Datavalue is----------HMVGivenNewUserName
[INFO ][2016-01-07 17:05:43,845][com.java.SeleniumDriver] [  881] - DataField : USR
[INFO ][2016-01-07 17:05:43,845][com.java.SeleniumDriver] [  883] - DataValue : HMVGivenNewUserName
[INFO ][2016-01-07 17:05:43,845][com.java.SeleniumDriver] [  889] - <In Set values of the page>
[INFO ][2016-01-07 17:05:43,845][com.java.SeleniumDriver] [  892] - {Data Fields & Data Values Exist}
[INFO ][2016-01-07 17:05:43,845][com.java.SeleniumDriver] [  894] - --------------------------setting values-----------------------------
[INFO ][2016-01-07 17:05:43,845][com.java.SeleniumDriver] [  897] - Action Type : Verify
[INFO ][2016-01-07 17:05:43,845][com.java.TestType] [ 7269] - field= USR value= HMVGivenNewUserName
[INFO ][2016-01-07 17:05:43,845][com.java.TestType] [ 5895] - value = vltest.robot70829
[INFO ][2016-01-07 17:05:43,896][com.java.SeleniumDriver] [  906] -  RESULT true
[INFO ][2016-01-07 17:05:43,896][com.java.SeleniumDriver] [ 1112] - ?   P A S S   ?
[INFO ][2016-01-07 17:05:43,896][com.java.SeleniumDriver] [  832] - ------------------------------------------
[INFO ][2016-01-07 17:05:43,896][com.java.SeleniumDriver] [  833] - Test case being Executed: 2
[INFO ][2016-01-07 17:05:43,896][com.java.SeleniumDriver] [  845] - Test step:46
[INFO ][2016-01-07 17:05:43,896][com.java.SeleniumDriver] [  857] - Datavalue is----------GivenNewUserName::Login_username
[INFO ][2016-01-07 17:05:43,896][com.java.SeleniumDriver] [  881] - DataField : PVP//table[@id="tblUserListing"]//td[contains(text(),'mytext')]
[INFO ][2016-01-07 17:05:43,897][com.java.SeleniumDriver] [  883] - DataValue : GivenNewUserName::Login_username
[INFO ][2016-01-07 17:05:43,897][com.java.SeleniumDriver] [  889] - <In Set values of the page>
[INFO ][2016-01-07 17:05:43,897][com.java.SeleniumDriver] [  892] - {Data Fields & Data Values Exist}
[INFO ][2016-01-07 17:05:43,897][com.java.SeleniumDriver] [  894] - --------------------------setting values-----------------------------
[INFO ][2016-01-07 17:05:43,897][com.java.SeleniumDriver] [  897] - Action Type : STOREVALUE
[INFO ][2016-01-07 17:05:43,897][com.java.TestType] [ 8612] - field= PVP//table[@id="tblUserListing"]//td[contains(text(),'mytext')]
[DEBUG][2016-01-07 17:05:43,998][com.java.TestType] [ 8903] - Key:: GivenNewUserName::Login_username  Value:: vltest.robot70829.15019
[INFO ][2016-01-07 17:05:43,998][com.java.SeleniumDriver] [  906] -  RESULT true
[INFO ][2016-01-07 17:05:43,998][com.java.SeleniumDriver] [ 1112] - ?   P A S S   ?
[INFO ][2016-01-07 17:05:43,998][com.java.SeleniumDriver] [  832] - ------------------------------------------
[INFO ][2016-01-07 17:05:43,998][com.java.SeleniumDriver] [  833] - Test case being Executed: 2
[INFO ][2016-01-07 17:05:43,998][com.java.SeleniumDriver] [  845] - Test step:47
[INFO ][2016-01-07 17:05:43,998][com.java.SeleniumDriver] [  857] - Datavalue is----------10
[INFO ][2016-01-07 17:05:43,998][com.java.SeleniumDriver] [  881] - DataField : test
[INFO ][2016-01-07 17:05:43,999][com.java.SeleniumDriver] [  883] - DataValue : 10
[INFO ][2016-01-07 17:05:43,999][com.java.SeleniumDriver] [  889] - <In Set values of the page>
[INFO ][2016-01-07 17:05:43,999][com.java.SeleniumDriver] [  892] - {Data Fields & Data Values Exist}
[INFO ][2016-01-07 17:05:43,999][com.java.SeleniumDriver] [  894] - --------------------------setting values-----------------------------
[INFO ][2016-01-07 17:05:44,000][com.java.SeleniumDriver] [  897] - Action Type : WaitTime
[DEBUG][2016-01-07 17:05:44,000][com.java.TestType] [ 5715] - sleepTime: 10000
[INFO ][2016-01-07 17:05:54,001][com.java.SeleniumDriver] [  906] -  RESULT true
[INFO ][2016-01-07 17:05:54,001][com.java.SeleniumDriver] [ 1112] - ?   P A S S   ?
[INFO ][2016-01-07 17:05:54,001][com.java.SeleniumDriver] [  832] - ------------------------------------------
[INFO ][2016-01-07 17:05:54,001][com.java.SeleniumDriver] [  833] - Test case being Executed: 2
[INFO ][2016-01-07 17:05:54,001][com.java.SeleniumDriver] [  845] - Test step:48
[INFO ][2016-01-07 17:05:54,001][com.java.SeleniumDriver] [  857] - Datavalue is----------null
[DEBUG][2016-01-07 17:05:54,001][com.java.SeleniumDriver] [  875] - Exception: null
[INFO ][2016-01-07 17:05:54,002][com.java.SeleniumDriver] [  881] - DataField : BTNparent
[INFO ][2016-01-07 17:05:54,002][com.java.SeleniumDriver] [  883] - DataValue : 
[INFO ][2016-01-07 17:05:54,002][com.java.SeleniumDriver] [  889] - <In Set values of the page>
[INFO ][2016-01-07 17:05:54,002][com.java.SeleniumDriver] [  892] - {Data Fields & Data Values Exist}
[INFO ][2016-01-07 17:05:54,002][com.java.SeleniumDriver] [  894] - --------------------------setting values-----------------------------
[INFO ][2016-01-07 17:05:54,002][com.java.SeleniumDriver] [  897] - Action Type : SelectFrame
[INFO ][2016-01-07 17:05:54,019][com.java.SeleniumDriver] [  906] -  RESULT true
[INFO ][2016-01-07 17:05:54,019][com.java.SeleniumDriver] [ 1112] - ?   P A S S   ?
[INFO ][2016-01-07 17:05:54,019][com.java.SeleniumDriver] [  832] - ------------------------------------------
[INFO ][2016-01-07 17:05:54,019][com.java.SeleniumDriver] [  833] - Test case being Executed: 2
[INFO ][2016-01-07 17:05:54,019][com.java.SeleniumDriver] [  845] - Test step:49
[INFO ][2016-01-07 17:05:54,019][com.java.SeleniumDriver] [  857] - Datavalue is----------null
[DEBUG][2016-01-07 17:05:54,019][com.java.SeleniumDriver] [  875] - Exception: null
[INFO ][2016-01-07 17:05:54,020][com.java.SeleniumDriver] [  881] - DataField : XPH//span[contains(text(), 'Finished')]
[INFO ][2016-01-07 17:05:54,020][com.java.SeleniumDriver] [  883] - DataValue : 
[INFO ][2016-01-07 17:05:54,020][com.java.SeleniumDriver] [  889] - <In Set values of the page>
[INFO ][2016-01-07 17:05:54,020][com.java.SeleniumDriver] [  892] - {Data Fields & Data Values Exist}
[INFO ][2016-01-07 17:05:54,020][com.java.SeleniumDriver] [  894] - --------------------------setting values-----------------------------
[INFO ][2016-01-07 17:05:54,020][com.java.SeleniumDriver] [  897] - Action Type : Click
[INFO ][2016-01-07 17:05:54,020][com.java.TestType] [ 6274] - Field ::XPH//span[contains(text(), 'Finished')]
[INFO ][2016-01-07 17:05:54,020][com.java.TestType] [ 5895] - value = 
[INFO ][2016-01-07 17:05:55,020][com.java.TestType] [ 6411] - BEFORE CLICK
[INFO ][2016-01-07 17:05:56,186][com.java.TestType] [ 6419] - Unable to click the object Finished button
[INFO ][2016-01-07 17:05:56,186][com.java.SeleniumDriver] [  906] -  RESULT true
[INFO ][2016-01-07 17:05:56,186][com.java.SeleniumDriver] [ 1112] - ?   P A S S   ?
[INFO ][2016-01-07 17:05:56,186][com.java.SeleniumDriver] [  832] - ------------------------------------------
[INFO ][2016-01-07 17:05:56,186][com.java.SeleniumDriver] [  833] - Test case being Executed: 2
[INFO ][2016-01-07 17:05:56,186][com.java.SeleniumDriver] [  845] - Test step:50
[INFO ][2016-01-07 17:05:56,186][com.java.SeleniumDriver] [  857] - Datavalue is----------10
[INFO ][2016-01-07 17:05:56,186][com.java.SeleniumDriver] [  881] - DataField : XPH//div[contains(text(), 'My Dashboard')]
[INFO ][2016-01-07 17:05:56,186][com.java.SeleniumDriver] [  883] - DataValue : 10
[INFO ][2016-01-07 17:05:56,186][com.java.SeleniumDriver] [  889] - <In Set values of the page>
[INFO ][2016-01-07 17:05:56,186][com.java.SeleniumDriver] [  892] - {Data Fields & Data Values Exist}
[INFO ][2016-01-07 17:05:56,186][com.java.SeleniumDriver] [  894] - --------------------------setting values-----------------------------
[INFO ][2016-01-07 17:05:56,187][com.java.SeleniumDriver] [  897] - Action Type : WAITFORELEMENT
[INFO ][2016-01-07 17:05:56,226][com.java.SeleniumDriver] [  906] -  RESULT true
[INFO ][2016-01-07 17:05:56,226][com.java.SeleniumDriver] [ 1112] - ?   P A S S   ?
[INFO ][2016-01-07 17:05:56,226][com.java.SeleniumDriver] [  832] - ------------------------------------------
[INFO ][2016-01-07 17:05:56,226][com.java.SeleniumDriver] [  833] - Test case being Executed: 2
[INFO ][2016-01-07 17:05:56,226][com.java.SeleniumDriver] [  845] - Test step:51
[INFO ][2016-01-07 17:05:56,227][com.java.SeleniumDriver] [  857] - Datavalue is----------null
[DEBUG][2016-01-07 17:05:56,227][com.java.SeleniumDriver] [  875] - Exception: null
[INFO ][2016-01-07 17:05:56,227][com.java.SeleniumDriver] [  881] - DataField : //span[@class='icon-user4']&&//a[text()='Users']&&//a[@data-id="ModifyUsers"]
[INFO ][2016-01-07 17:05:56,227][com.java.SeleniumDriver] [  883] - DataValue : 
[INFO ][2016-01-07 17:05:56,227][com.java.SeleniumDriver] [  889] - <In Set values of the page>
[INFO ][2016-01-07 17:05:56,227][com.java.SeleniumDriver] [  892] - {Data Fields & Data Values Exist}
[INFO ][2016-01-07 17:05:56,227][com.java.SeleniumDriver] [  894] - --------------------------setting values-----------------------------
[INFO ][2016-01-07 17:05:56,227][com.java.SeleniumDriver] [  897] - Action Type : MouseOver
[INFO ][2016-01-07 17:06:23,148][com.java.SeleniumDriver] [  906] -  RESULT true
[INFO ][2016-01-07 17:06:23,148][com.java.SeleniumDriver] [ 1112] - ?   P A S S   ?
[INFO ][2016-01-07 17:06:23,148][com.java.SeleniumDriver] [  832] - ------------------------------------------
[INFO ][2016-01-07 17:06:23,148][com.java.SeleniumDriver] [  833] - Test case being Executed: 2
[INFO ][2016-01-07 17:06:23,149][com.java.SeleniumDriver] [  845] - Test step:52
[INFO ][2016-01-07 17:06:23,149][com.java.SeleniumDriver] [  857] - Datavalue is----------5
[INFO ][2016-01-07 17:06:23,149][com.java.SeleniumDriver] [  881] - DataField : BTNframeDialogContent
[INFO ][2016-01-07 17:06:23,149][com.java.SeleniumDriver] [  883] - DataValue : 5
[INFO ][2016-01-07 17:06:23,149][com.java.SeleniumDriver] [  889] - <In Set values of the page>
[INFO ][2016-01-07 17:06:23,149][com.java.SeleniumDriver] [  892] - {Data Fields & Data Values Exist}
[INFO ][2016-01-07 17:06:23,149][com.java.SeleniumDriver] [  894] - --------------------------setting values-----------------------------
[INFO ][2016-01-07 17:06:23,149][com.java.SeleniumDriver] [  897] - Action Type : WaitForElement
[INFO ][2016-01-07 17:06:24,379][com.java.SeleniumDriver] [  906] -  RESULT true
[INFO ][2016-01-07 17:06:24,379][com.java.SeleniumDriver] [ 1112] - ?   P A S S   ?
[INFO ][2016-01-07 17:06:24,379][com.java.SeleniumDriver] [  832] - ------------------------------------------
[INFO ][2016-01-07 17:06:24,379][com.java.SeleniumDriver] [  833] - Test case being Executed: 2
[INFO ][2016-01-07 17:06:24,379][com.java.SeleniumDriver] [  845] - Test step:53
[INFO ][2016-01-07 17:06:24,380][com.java.SeleniumDriver] [  857] - Datavalue is----------null
[DEBUG][2016-01-07 17:06:24,380][com.java.SeleniumDriver] [  875] - Exception: null
[INFO ][2016-01-07 17:06:24,380][com.java.SeleniumDriver] [  881] - DataField : BTNframeDialogContent
[INFO ][2016-01-07 17:06:24,380][com.java.SeleniumDriver] [  883] - DataValue : 
[INFO ][2016-01-07 17:06:24,380][com.java.SeleniumDriver] [  889] - <In Set values of the page>
[INFO ][2016-01-07 17:06:24,380][com.java.SeleniumDriver] [  892] - {Data Fields & Data Values Exist}
[INFO ][2016-01-07 17:06:24,380][com.java.SeleniumDriver] [  894] - --------------------------setting values-----------------------------
[INFO ][2016-01-07 17:06:24,380][com.java.SeleniumDriver] [  897] - Action Type : SelectFrame
[INFO ][2016-01-07 17:06:25,660][com.java.SeleniumDriver] [  906] -  RESULT true
[INFO ][2016-01-07 17:06:25,660][com.java.SeleniumDriver] [ 1112] - ?   P A S S   ?
[INFO ][2016-01-07 17:06:25,660][com.java.SeleniumDriver] [  832] - ------------------------------------------
[INFO ][2016-01-07 17:06:25,660][com.java.SeleniumDriver] [  833] - Test case being Executed: 2
[INFO ][2016-01-07 17:06:25,660][com.java.SeleniumDriver] [  845] - Test step:54
[INFO ][2016-01-07 17:06:25,661][com.java.SeleniumDriver] [  857] - Datavalue is----------5
[INFO ][2016-01-07 17:06:25,661][com.java.SeleniumDriver] [  881] - DataField : BTNbtnAddUser
[INFO ][2016-01-07 17:06:25,661][com.java.SeleniumDriver] [  883] - DataValue : 5
[INFO ][2016-01-07 17:06:25,661][com.java.SeleniumDriver] [  889] - <In Set values of the page>
[INFO ][2016-01-07 17:06:25,661][com.java.SeleniumDriver] [  892] - {Data Fields & Data Values Exist}
[INFO ][2016-01-07 17:06:25,661][com.java.SeleniumDriver] [  894] - --------------------------setting values-----------------------------
[INFO ][2016-01-07 17:06:25,661][com.java.SeleniumDriver] [  897] - Action Type : WaitForElement
[INFO ][2016-01-07 17:06:27,319][com.java.SeleniumDriver] [  906] -  RESULT true
[INFO ][2016-01-07 17:06:27,319][com.java.SeleniumDriver] [ 1112] - ?   P A S S   ?
[INFO ][2016-01-07 17:06:27,319][com.java.SeleniumDriver] [  832] - ------------------------------------------
[INFO ][2016-01-07 17:06:27,319][com.java.SeleniumDriver] [  833] - Test case being Executed: 2
[INFO ][2016-01-07 17:06:27,319][com.java.SeleniumDriver] [  845] - Test step:55
[INFO ][2016-01-07 17:06:27,319][com.java.SeleniumDriver] [  857] - Datavalue is----------Login_username
[INFO ][2016-01-07 17:06:27,320][com.java.SeleniumDriver] [  881] - DataField : MNC//div[@id="divUserListing"]//td//a[@id='modifyUser.mytext']
[INFO ][2016-01-07 17:06:27,320][com.java.SeleniumDriver] [  883] - DataValue : Login_username
[INFO ][2016-01-07 17:06:27,320][com.java.SeleniumDriver] [  889] - <In Set values of the page>
[INFO ][2016-01-07 17:06:27,320][com.java.SeleniumDriver] [  892] - {Data Fields & Data Values Exist}
[INFO ][2016-01-07 17:06:27,320][com.java.SeleniumDriver] [  894] - --------------------------setting values-----------------------------
[INFO ][2016-01-07 17:06:27,320][com.java.SeleniumDriver] [  897] - Action Type : Click
[INFO ][2016-01-07 17:06:27,320][com.java.TestType] [ 6274] - Field ::MNC//div[@id="divUserListing"]//td//a[@id='modifyUser.mytext']
[INFO ][2016-01-07 17:06:27,320][com.java.TestType] [ 5895] - value = Login_username
[INFO ][2016-01-07 17:06:28,690][com.java.SeleniumDriver] [  906] -  RESULT true
[INFO ][2016-01-07 17:06:28,690][com.java.SeleniumDriver] [ 1112] - ?   P A S S   ?
[INFO ][2016-01-07 17:06:28,690][com.java.SeleniumDriver] [  832] - ------------------------------------------
[INFO ][2016-01-07 17:06:28,690][com.java.SeleniumDriver] [  833] - Test case being Executed: 2
[INFO ][2016-01-07 17:06:28,690][com.java.SeleniumDriver] [  845] - Test step:56
[INFO ][2016-01-07 17:06:28,690][com.java.SeleniumDriver] [  857] - Datavalue is----------2
[INFO ][2016-01-07 17:06:28,690][com.java.SeleniumDriver] [  881] - DataField : BTNtxtFirstName
[INFO ][2016-01-07 17:06:28,690][com.java.SeleniumDriver] [  883] - DataValue : 2
[INFO ][2016-01-07 17:06:28,691][com.java.SeleniumDriver] [  889] - <In Set values of the page>
[INFO ][2016-01-07 17:06:28,691][com.java.SeleniumDriver] [  892] - {Data Fields & Data Values Exist}
[INFO ][2016-01-07 17:06:28,691][com.java.SeleniumDriver] [  894] - --------------------------setting values-----------------------------
[INFO ][2016-01-07 17:06:28,691][com.java.SeleniumDriver] [  897] - Action Type : WaitForElement
[INFO ][2016-01-07 17:06:30,125][com.java.SeleniumDriver] [  906] -  RESULT true
[INFO ][2016-01-07 17:06:30,125][com.java.SeleniumDriver] [ 1112] - ?   P A S S   ?
[INFO ][2016-01-07 17:06:30,125][com.java.SeleniumDriver] [  832] - ------------------------------------------
[INFO ][2016-01-07 17:06:30,125][com.java.SeleniumDriver] [  833] - Test case being Executed: 2
[INFO ][2016-01-07 17:06:30,126][com.java.SeleniumDriver] [  845] - Test step:57
[INFO ][2016-01-07 17:06:30,126][com.java.SeleniumDriver] [  857] - Datavalue is----------dt:ResetNewPswd
[INFO ][2016-01-07 17:06:30,126][com.java.SeleniumDriver] [  881] - DataField : TXTtxtPassword
[INFO ][2016-01-07 17:06:30,126][com.java.SeleniumDriver] [  883] - DataValue : dt:ResetNewPswd
[INFO ][2016-01-07 17:06:30,126][com.java.SeleniumDriver] [  889] - <In Set values of the page>
[INFO ][2016-01-07 17:06:30,126][com.java.SeleniumDriver] [  892] - {Data Fields & Data Values Exist}
[INFO ][2016-01-07 17:06:30,126][com.java.SeleniumDriver] [  894] - --------------------------setting values-----------------------------
[INFO ][2016-01-07 17:06:30,126][com.java.SeleniumDriver] [  897] - Action Type : CLEARANDENTER
[INFO ][2016-01-07 17:06:30,126][com.java.TestType] [ 5895] - value = Password#1
[INFO ][2016-01-07 17:06:32,868][com.java.SeleniumDriver] [  906] -  RESULT true
[INFO ][2016-01-07 17:06:32,868][com.java.SeleniumDriver] [ 1112] - ?   P A S S   ?
[INFO ][2016-01-07 17:06:32,868][com.java.SeleniumDriver] [  832] - ------------------------------------------
[INFO ][2016-01-07 17:06:32,868][com.java.SeleniumDriver] [  833] - Test case being Executed: 2
[INFO ][2016-01-07 17:06:32,868][com.java.SeleniumDriver] [  845] - Test step:58
[INFO ][2016-01-07 17:06:32,868][com.java.SeleniumDriver] [  857] - Datavalue is----------5
[INFO ][2016-01-07 17:06:32,868][com.java.SeleniumDriver] [  881] - DataField : TXTtxtPasswordConfirm
[INFO ][2016-01-07 17:06:32,868][com.java.SeleniumDriver] [  883] - DataValue : 5
[INFO ][2016-01-07 17:06:32,868][com.java.SeleniumDriver] [  889] - <In Set values of the page>
[INFO ][2016-01-07 17:06:32,868][com.java.SeleniumDriver] [  892] - {Data Fields & Data Values Exist}
[INFO ][2016-01-07 17:06:32,868][com.java.SeleniumDriver] [  894] - --------------------------setting values-----------------------------
[INFO ][2016-01-07 17:06:32,869][com.java.SeleniumDriver] [  897] - Action Type : WaitForElement
[INFO ][2016-01-07 17:06:34,038][com.java.SeleniumDriver] [  906] -  RESULT true
[INFO ][2016-01-07 17:06:34,038][com.java.SeleniumDriver] [ 1112] - ?   P A S S   ?
[INFO ][2016-01-07 17:06:34,039][com.java.SeleniumDriver] [  832] - ------------------------------------------
[INFO ][2016-01-07 17:06:34,039][com.java.SeleniumDriver] [  833] - Test case being Executed: 2
[INFO ][2016-01-07 17:06:34,039][com.java.SeleniumDriver] [  845] - Test step:59
[INFO ][2016-01-07 17:06:34,039][com.java.SeleniumDriver] [  857] - Datavalue is----------dt:ResetNewPswd
[INFO ][2016-01-07 17:06:34,039][com.java.SeleniumDriver] [  881] - DataField : TXTtxtPasswordConfirm
[INFO ][2016-01-07 17:06:34,039][com.java.SeleniumDriver] [  883] - DataValue : dt:ResetNewPswd
[INFO ][2016-01-07 17:06:34,039][com.java.SeleniumDriver] [  889] - <In Set values of the page>
[INFO ][2016-01-07 17:06:34,039][com.java.SeleniumDriver] [  892] - {Data Fields & Data Values Exist}
[INFO ][2016-01-07 17:06:34,039][com.java.SeleniumDriver] [  894] - --------------------------setting values-----------------------------
[INFO ][2016-01-07 17:06:34,039][com.java.SeleniumDriver] [  897] - Action Type : CLEARANDENTER
[INFO ][2016-01-07 17:06:34,039][com.java.TestType] [ 5895] - value = Password#1
[INFO ][2016-01-07 17:06:36,789][com.java.SeleniumDriver] [  906] -  RESULT true
[INFO ][2016-01-07 17:06:36,789][com.java.SeleniumDriver] [ 1112] - ?   P A S S   ?
[INFO ][2016-01-07 17:06:36,789][com.java.SeleniumDriver] [  832] - ------------------------------------------
[INFO ][2016-01-07 17:06:36,789][com.java.SeleniumDriver] [  833] - Test case being Executed: 2
[INFO ][2016-01-07 17:06:36,789][com.java.SeleniumDriver] [  845] - Test step:60
[INFO ][2016-01-07 17:06:36,789][com.java.SeleniumDriver] [  857] - Datavalue is----------5
[INFO ][2016-01-07 17:06:36,789][com.java.SeleniumDriver] [  881] - DataField : test
[INFO ][2016-01-07 17:06:36,789][com.java.SeleniumDriver] [  883] - DataValue : 5
[INFO ][2016-01-07 17:06:36,789][com.java.SeleniumDriver] [  889] - <In Set values of the page>
[INFO ][2016-01-07 17:06:36,789][com.java.SeleniumDriver] [  892] - {Data Fields & Data Values Exist}
[INFO ][2016-01-07 17:06:36,789][com.java.SeleniumDriver] [  894] - --------------------------setting values-----------------------------
[INFO ][2016-01-07 17:06:36,789][com.java.SeleniumDriver] [  897] - Action Type : WaitTime
[DEBUG][2016-01-07 17:06:36,790][com.java.TestType] [ 5715] - sleepTime: 5000
[INFO ][2016-01-07 17:06:41,790][com.java.SeleniumDriver] [  906] -  RESULT true
[INFO ][2016-01-07 17:06:41,790][com.java.SeleniumDriver] [ 1112] - ?   P A S S   ?
[INFO ][2016-01-07 17:06:41,790][com.java.SeleniumDriver] [  832] - ------------------------------------------
[INFO ][2016-01-07 17:06:41,790][com.java.SeleniumDriver] [  833] - Test case being Executed: 2
[INFO ][2016-01-07 17:06:41,790][com.java.SeleniumDriver] [  845] - Test step:61
[INFO ][2016-01-07 17:06:41,790][com.java.SeleniumDriver] [  857] - Datavalue is----------null
[DEBUG][2016-01-07 17:06:41,790][com.java.SeleniumDriver] [  875] - Exception: null
[INFO ][2016-01-07 17:06:41,790][com.java.SeleniumDriver] [  881] - DataField : BTNrdoResendYes
[INFO ][2016-01-07 17:06:41,790][com.java.SeleniumDriver] [  883] - DataValue : 
[INFO ][2016-01-07 17:06:41,790][com.java.SeleniumDriver] [  889] - <In Set values of the page>
[INFO ][2016-01-07 17:06:41,790][com.java.SeleniumDriver] [  892] - {Data Fields & Data Values Exist}
[INFO ][2016-01-07 17:06:41,791][com.java.SeleniumDriver] [  894] - --------------------------setting values-----------------------------
[INFO ][2016-01-07 17:06:41,791][com.java.SeleniumDriver] [  897] - Action Type : Click
[INFO ][2016-01-07 17:06:41,791][com.java.TestType] [ 6274] - Field ::BTNrdoResendYes
[INFO ][2016-01-07 17:06:41,791][com.java.TestType] [ 5895] - value = 
[INFO ][2016-01-07 17:06:42,791][com.java.TestType] [ 6390] - BEFORE CLICK
[INFO ][2016-01-07 17:06:44,121][com.java.TestType] [ 6397] - Unable to click the object Yes Radio button
[INFO ][2016-01-07 17:06:44,121][com.java.SeleniumDriver] [  906] -  RESULT true
[INFO ][2016-01-07 17:06:44,121][com.java.SeleniumDriver] [ 1112] - ?   P A S S   ?
[INFO ][2016-01-07 17:06:44,121][com.java.SeleniumDriver] [  832] - ------------------------------------------
[INFO ][2016-01-07 17:06:44,121][com.java.SeleniumDriver] [  833] - Test case being Executed: 2
[INFO ][2016-01-07 17:06:44,121][com.java.SeleniumDriver] [  845] - Test step:62
[INFO ][2016-01-07 17:06:44,121][com.java.SeleniumDriver] [  857] - Datavalue is----------null
[DEBUG][2016-01-07 17:06:44,122][com.java.SeleniumDriver] [  875] - Exception: null
[INFO ][2016-01-07 17:06:44,122][com.java.SeleniumDriver] [  881] - DataField : BTNparent
[INFO ][2016-01-07 17:06:44,122][com.java.SeleniumDriver] [  883] - DataValue : 
[INFO ][2016-01-07 17:06:44,122][com.java.SeleniumDriver] [  889] - <In Set values of the page>
[INFO ][2016-01-07 17:06:44,122][com.java.SeleniumDriver] [  892] - {Data Fields & Data Values Exist}
[INFO ][2016-01-07 17:06:44,122][com.java.SeleniumDriver] [  894] - --------------------------setting values-----------------------------
[INFO ][2016-01-07 17:06:44,122][com.java.SeleniumDriver] [  897] - Action Type : SelectFrame
[INFO ][2016-01-07 17:06:44,138][com.java.SeleniumDriver] [  906] -  RESULT true
[INFO ][2016-01-07 17:06:44,138][com.java.SeleniumDriver] [ 1112] - ?   P A S S   ?
[INFO ][2016-01-07 17:06:44,138][com.java.SeleniumDriver] [  832] - ------------------------------------------
[INFO ][2016-01-07 17:06:44,138][com.java.SeleniumDriver] [  833] - Test case being Executed: 2
[INFO ][2016-01-07 17:06:44,138][com.java.SeleniumDriver] [  845] - Test step:63
[INFO ][2016-01-07 17:06:44,138][com.java.SeleniumDriver] [  857] - Datavalue is----------null
[DEBUG][2016-01-07 17:06:44,138][com.java.SeleniumDriver] [  875] - Exception: null
[INFO ][2016-01-07 17:06:44,139][com.java.SeleniumDriver] [  881] - DataField : XPH//span[contains(text(), 'Finished')]
[INFO ][2016-01-07 17:06:44,139][com.java.SeleniumDriver] [  883] - DataValue : 
[INFO ][2016-01-07 17:06:44,139][com.java.SeleniumDriver] [  889] - <In Set values of the page>
[INFO ][2016-01-07 17:06:44,139][com.java.SeleniumDriver] [  892] - {Data Fields & Data Values Exist}
[INFO ][2016-01-07 17:06:44,139][com.java.SeleniumDriver] [  894] - --------------------------setting values-----------------------------
[INFO ][2016-01-07 17:06:44,139][com.java.SeleniumDriver] [  897] - Action Type : Click
[INFO ][2016-01-07 17:06:44,139][com.java.TestType] [ 6274] - Field ::XPH//span[contains(text(), 'Finished')]
[INFO ][2016-01-07 17:06:44,139][com.java.TestType] [ 5895] - value = 
[INFO ][2016-01-07 17:06:45,139][com.java.TestType] [ 6411] - BEFORE CLICK
[INFO ][2016-01-07 17:06:46,008][com.java.TestType] [ 6419] - Unable to click the object Finished button
[INFO ][2016-01-07 17:06:46,008][com.java.SeleniumDriver] [  906] -  RESULT true
[INFO ][2016-01-07 17:06:46,008][com.java.SeleniumDriver] [ 1112] - ?   P A S S   ?
[INFO ][2016-01-07 17:06:46,008][com.java.SeleniumDriver] [  832] - ------------------------------------------
[INFO ][2016-01-07 17:06:46,008][com.java.SeleniumDriver] [  833] - Test case being Executed: 2
[INFO ][2016-01-07 17:06:46,008][com.java.SeleniumDriver] [  845] - Test step:64
[INFO ][2016-01-07 17:06:46,008][com.java.SeleniumDriver] [  857] - Datavalue is----------20
[INFO ][2016-01-07 17:06:46,008][com.java.SeleniumDriver] [  881] - DataField : test
[INFO ][2016-01-07 17:06:46,008][com.java.SeleniumDriver] [  883] - DataValue : 20
[INFO ][2016-01-07 17:06:46,008][com.java.SeleniumDriver] [  889] - <In Set values of the page>
[INFO ][2016-01-07 17:06:46,008][com.java.SeleniumDriver] [  892] - {Data Fields & Data Values Exist}
[INFO ][2016-01-07 17:06:46,008][com.java.SeleniumDriver] [  894] - --------------------------setting values-----------------------------
[INFO ][2016-01-07 17:06:46,009][com.java.SeleniumDriver] [  897] - Action Type : WaitTime
[DEBUG][2016-01-07 17:06:46,009][com.java.TestType] [ 5715] - sleepTime: 20000
[INFO ][2016-01-07 17:07:06,009][com.java.SeleniumDriver] [  906] -  RESULT true
[INFO ][2016-01-07 17:07:06,009][com.java.SeleniumDriver] [ 1112] - ?   P A S S   ?
[INFO ][2016-01-07 17:07:06,009][com.java.SeleniumDriver] [  832] - ------------------------------------------
[INFO ][2016-01-07 17:07:06,009][com.java.SeleniumDriver] [  833] - Test case being Executed: 2
[INFO ][2016-01-07 17:07:06,009][com.java.SeleniumDriver] [  845] - Test step:65
[INFO ][2016-01-07 17:07:06,009][com.java.SeleniumDriver] [  857] - Datavalue is----------5
[INFO ][2016-01-07 17:07:06,009][com.java.SeleniumDriver] [  881] - DataField : BTNframeDialogContent
[INFO ][2016-01-07 17:07:06,009][com.java.SeleniumDriver] [  883] - DataValue : 5
[INFO ][2016-01-07 17:07:06,009][com.java.SeleniumDriver] [  889] - <In Set values of the page>
[INFO ][2016-01-07 17:07:06,009][com.java.SeleniumDriver] [  892] - {Data Fields & Data Values Exist}
[INFO ][2016-01-07 17:07:06,009][com.java.SeleniumDriver] [  894] - --------------------------setting values-----------------------------
[INFO ][2016-01-07 17:07:06,010][com.java.SeleniumDriver] [  897] - Action Type : WaitForElement
[INFO ][2016-01-07 17:07:07,256][com.java.SeleniumDriver] [  906] -  RESULT true
[INFO ][2016-01-07 17:07:07,256][com.java.SeleniumDriver] [ 1112] - ?   P A S S   ?
[INFO ][2016-01-07 17:07:07,257][com.java.SeleniumDriver] [  832] - ------------------------------------------
[INFO ][2016-01-07 17:07:07,257][com.java.SeleniumDriver] [  833] - Test case being Executed: 2
[INFO ][2016-01-07 17:07:07,257][com.java.SeleniumDriver] [  845] - Test step:66
[INFO ][2016-01-07 17:07:07,257][com.java.SeleniumDriver] [  857] - Datavalue is----------null
[DEBUG][2016-01-07 17:07:07,257][com.java.SeleniumDriver] [  875] - Exception: null
[INFO ][2016-01-07 17:07:07,257][com.java.SeleniumDriver] [  881] - DataField : BTNframeDialogContent
[INFO ][2016-01-07 17:07:07,257][com.java.SeleniumDriver] [  883] - DataValue : 
[INFO ][2016-01-07 17:07:07,257][com.java.SeleniumDriver] [  889] - <In Set values of the page>
[INFO ][2016-01-07 17:07:07,257][com.java.SeleniumDriver] [  892] - {Data Fields & Data Values Exist}
[INFO ][2016-01-07 17:07:07,257][com.java.SeleniumDriver] [  894] - --------------------------setting values-----------------------------
[INFO ][2016-01-07 17:07:07,257][com.java.SeleniumDriver] [  897] - Action Type : SelectFrame
[INFO ][2016-01-07 17:07:08,553][com.java.SeleniumDriver] [  906] -  RESULT true
[INFO ][2016-01-07 17:07:08,553][com.java.SeleniumDriver] [ 1112] - ?   P A S S   ?
[INFO ][2016-01-07 17:07:08,553][com.java.SeleniumDriver] [  832] - ------------------------------------------
[INFO ][2016-01-07 17:07:08,553][com.java.SeleniumDriver] [  833] - Test case being Executed: 2
[INFO ][2016-01-07 17:07:08,553][com.java.SeleniumDriver] [  845] - Test step:67
[INFO ][2016-01-07 17:07:08,553][com.java.SeleniumDriver] [  857] - Datavalue is----------null
[DEBUG][2016-01-07 17:07:08,553][com.java.SeleniumDriver] [  875] - Exception: null
[INFO ][2016-01-07 17:07:08,553][com.java.SeleniumDriver] [  881] - DataField : XPH//table[@id="tblUserListing"]//td[contains(text(),'vltest.robot')]
[INFO ][2016-01-07 17:07:08,553][com.java.SeleniumDriver] [  883] - DataValue : 
[INFO ][2016-01-07 17:07:08,553][com.java.SeleniumDriver] [  889] - <In Set values of the page>
[INFO ][2016-01-07 17:07:08,553][com.java.SeleniumDriver] [  892] - {Data Fields & Data Values Exist}
[INFO ][2016-01-07 17:07:08,553][com.java.SeleniumDriver] [  894] - --------------------------setting values-----------------------------
[INFO ][2016-01-07 17:07:08,554][com.java.SeleniumDriver] [  897] - Action Type : WaitForElement
[INFO ][2016-01-07 17:07:08,591][com.java.SeleniumDriver] [  906] -  RESULT true
[INFO ][2016-01-07 17:07:08,591][com.java.SeleniumDriver] [ 1112] - ?   P A S S   ?
[INFO ][2016-01-07 17:07:08,591][com.java.SeleniumDriver] [  832] - ------------------------------------------
[INFO ][2016-01-07 17:07:08,591][com.java.SeleniumDriver] [  833] - Test case being Executed: 2
[INFO ][2016-01-07 17:07:08,591][com.java.SeleniumDriver] [  845] - Test step:68
[INFO ][2016-01-07 17:07:08,591][com.java.SeleniumDriver] [  857] - Datavalue is----------HMVLogin_username
[INFO ][2016-01-07 17:07:08,591][com.java.SeleniumDriver] [  881] - DataField : USR
[INFO ][2016-01-07 17:07:08,591][com.java.SeleniumDriver] [  883] - DataValue : HMVLogin_username
[INFO ][2016-01-07 17:07:08,591][com.java.SeleniumDriver] [  889] - <In Set values of the page>
[INFO ][2016-01-07 17:07:08,591][com.java.SeleniumDriver] [  892] - {Data Fields & Data Values Exist}
[INFO ][2016-01-07 17:07:08,591][com.java.SeleniumDriver] [  894] - --------------------------setting values-----------------------------
[INFO ][2016-01-07 17:07:08,591][com.java.SeleniumDriver] [  897] - Action Type : Verify
[INFO ][2016-01-07 17:07:08,592][com.java.TestType] [ 7269] - field= USR value= HMVLogin_username
[INFO ][2016-01-07 17:07:08,592][com.java.TestType] [ 5895] - value = vltest.robot70829.15019
[INFO ][2016-01-07 17:07:08,643][com.java.SeleniumDriver] [  906] -  RESULT true
[INFO ][2016-01-07 17:07:08,643][com.java.SeleniumDriver] [ 1112] - ?   P A S S   ?
[INFO ][2016-01-07 17:07:08,645][com.java.SeleniumDriver] [  832] - ------------------------------------------
[INFO ][2016-01-07 17:07:08,645][com.java.SeleniumDriver] [  833] - Test case being Executed: 2
[INFO ][2016-01-07 17:07:08,645][com.java.SeleniumDriver] [  845] - Test step:69
[INFO ][2016-01-07 17:07:08,645][com.java.SeleniumDriver] [  857] - Datavalue is----------null
[DEBUG][2016-01-07 17:07:08,645][com.java.SeleniumDriver] [  875] - Exception: null
[INFO ][2016-01-07 17:07:08,645][com.java.SeleniumDriver] [  881] - DataField : BTNparent
[INFO ][2016-01-07 17:07:08,645][com.java.SeleniumDriver] [  883] - DataValue : 
[INFO ][2016-01-07 17:07:08,645][com.java.SeleniumDriver] [  889] - <In Set values of the page>
[INFO ][2016-01-07 17:07:08,645][com.java.SeleniumDriver] [  892] - {Data Fields & Data Values Exist}
[INFO ][2016-01-07 17:07:08,646][com.java.SeleniumDriver] [  894] - --------------------------setting values-----------------------------
[INFO ][2016-01-07 17:07:08,646][com.java.SeleniumDriver] [  897] - Action Type : SelectFrame
[INFO ][2016-01-07 17:07:08,661][com.java.SeleniumDriver] [  906] -  RESULT true
[INFO ][2016-01-07 17:07:08,661][com.java.SeleniumDriver] [ 1112] - ?   P A S S   ?
[INFO ][2016-01-07 17:07:08,661][com.java.SeleniumDriver] [  832] - ------------------------------------------
[INFO ][2016-01-07 17:07:08,661][com.java.SeleniumDriver] [  833] - Test case being Executed: 2
[INFO ][2016-01-07 17:07:08,661][com.java.SeleniumDriver] [  845] - Test step:70
[INFO ][2016-01-07 17:07:08,661][com.java.SeleniumDriver] [  857] - Datavalue is----------5
[INFO ][2016-01-07 17:07:08,661][com.java.SeleniumDriver] [  881] - DataField : XPH//span[contains(text(), 'Finished')]
[INFO ][2016-01-07 17:07:08,661][com.java.SeleniumDriver] [  883] - DataValue : 5
[INFO ][2016-01-07 17:07:08,661][com.java.SeleniumDriver] [  889] - <In Set values of the page>
[INFO ][2016-01-07 17:07:08,662][com.java.SeleniumDriver] [  892] - {Data Fields & Data Values Exist}
[INFO ][2016-01-07 17:07:08,662][com.java.SeleniumDriver] [  894] - --------------------------setting values-----------------------------
[INFO ][2016-01-07 17:07:08,662][com.java.SeleniumDriver] [  897] - Action Type : WaitForElement
[INFO ][2016-01-07 17:07:08,697][com.java.SeleniumDriver] [  906] -  RESULT true
[INFO ][2016-01-07 17:07:08,697][com.java.SeleniumDriver] [ 1112] - ?   P A S S   ?
[INFO ][2016-01-07 17:07:08,697][com.java.SeleniumDriver] [  832] - ------------------------------------------
[INFO ][2016-01-07 17:07:08,697][com.java.SeleniumDriver] [  833] - Test case being Executed: 2
[INFO ][2016-01-07 17:07:08,697][com.java.SeleniumDriver] [  845] - Test step:71
[INFO ][2016-01-07 17:07:08,697][com.java.SeleniumDriver] [  857] - Datavalue is----------null
[DEBUG][2016-01-07 17:07:08,697][com.java.SeleniumDriver] [  875] - Exception: null
[INFO ][2016-01-07 17:07:08,698][com.java.SeleniumDriver] [  881] - DataField : XPH//span[contains(text(), 'Finished')]
[INFO ][2016-01-07 17:07:08,698][com.java.SeleniumDriver] [  883] - DataValue : 
[INFO ][2016-01-07 17:07:08,698][com.java.SeleniumDriver] [  889] - <In Set values of the page>
[INFO ][2016-01-07 17:07:08,698][com.java.SeleniumDriver] [  892] - {Data Fields & Data Values Exist}
[INFO ][2016-01-07 17:07:08,698][com.java.SeleniumDriver] [  894] - --------------------------setting values-----------------------------
[INFO ][2016-01-07 17:07:08,698][com.java.SeleniumDriver] [  897] - Action Type : Click
[INFO ][2016-01-07 17:07:08,698][com.java.TestType] [ 6274] - Field ::XPH//span[contains(text(), 'Finished')]
[INFO ][2016-01-07 17:07:08,698][com.java.TestType] [ 5895] - value = 
[INFO ][2016-01-07 17:07:09,698][com.java.TestType] [ 6411] - BEFORE CLICK
[INFO ][2016-01-07 17:07:10,901][com.java.TestType] [ 6419] - Unable to click the object Finished button
[INFO ][2016-01-07 17:07:10,901][com.java.SeleniumDriver] [  906] -  RESULT true
[INFO ][2016-01-07 17:07:10,901][com.java.SeleniumDriver] [ 1112] - ?   P A S S   ?
[INFO ][2016-01-07 17:07:10,901][com.java.SeleniumDriver] [  832] - ------------------------------------------
[INFO ][2016-01-07 17:07:10,901][com.java.SeleniumDriver] [  833] - Test case being Executed: 2
[INFO ][2016-01-07 17:07:10,901][com.java.SeleniumDriver] [  845] - Test step:72
[INFO ][2016-01-07 17:07:10,901][com.java.SeleniumDriver] [  857] - Datavalue is----------10
[INFO ][2016-01-07 17:07:10,901][com.java.SeleniumDriver] [  881] - DataField : XPH//div[contains(text(), 'My Dashboard')]
[INFO ][2016-01-07 17:07:10,901][com.java.SeleniumDriver] [  883] - DataValue : 10
[INFO ][2016-01-07 17:07:10,901][com.java.SeleniumDriver] [  889] - <In Set values of the page>
[INFO ][2016-01-07 17:07:10,901][com.java.SeleniumDriver] [  892] - {Data Fields & Data Values Exist}
[INFO ][2016-01-07 17:07:10,901][com.java.SeleniumDriver] [  894] - --------------------------setting values-----------------------------
[INFO ][2016-01-07 17:07:10,901][com.java.SeleniumDriver] [  897] - Action Type : WAITFORELEMENT
[INFO ][2016-01-07 17:07:10,940][com.java.SeleniumDriver] [  906] -  RESULT true
[INFO ][2016-01-07 17:07:10,940][com.java.SeleniumDriver] [ 1112] - ?   P A S S   ?
[INFO ][2016-01-07 17:07:10,941][com.java.SeleniumDriver] [  832] - ------------------------------------------
[INFO ][2016-01-07 17:07:10,941][com.java.SeleniumDriver] [  833] - Test case being Executed: 2
[INFO ][2016-01-07 17:07:10,941][com.java.SeleniumDriver] [  845] - Test step:73
[INFO ][2016-01-07 17:07:10,941][com.java.SeleniumDriver] [  857] - Datavalue is----------Concept#3:1-2
[INFO ][2016-01-07 17:07:10,941][com.java.SeleniumDriver] [  881] - DataField : test
[INFO ][2016-01-07 17:07:10,941][com.java.SeleniumDriver] [  883] - DataValue : Concept#3:1-2
[INFO ][2016-01-07 17:07:10,941][com.java.SeleniumDriver] [  889] - <In Set values of the page>
[INFO ][2016-01-07 17:07:10,941][com.java.SeleniumDriver] [  892] - {Data Fields & Data Values Exist}
[INFO ][2016-01-07 17:07:10,941][com.java.SeleniumDriver] [  894] - --------------------------setting values-----------------------------
[INFO ][2016-01-07 17:07:10,941][com.java.SeleniumDriver] [  897] - Action Type : ExecuteTestCase
[INFO ][2016-01-07 17:07:10,941][com.java.TestType] [  437] - The Concept sheet name is ---------- Concept
[INFO ][2016-01-07 17:07:10,942][com.java.TestType] [  440] - The Concept ID  is ---------- 3
[DEBUG][2016-01-07 17:07:10,942][com.java.TestType] [  444] - Steps being executted in the Concept are: 1:2
[INFO ][2016-01-07 17:07:10,942][com.java.TestType] [  451] - Test data details path ---------- D:\BankersDashboard\TestInputs\TestData.xls
[INFO ][2016-01-07 17:07:11,440][com.java.TestType] [  482] -  str(1) = 3
[INFO ][2016-01-07 17:07:11,441][com.java.TestType] [  485] - Test case Id is---3
[INFO ][2016-01-07 17:07:11,441][com.java.TestType] [  487] - 3
[INFO ][2016-01-07 17:07:11,441][com.java.TestType] [  482] -  str(2) = 1
[INFO ][2016-01-07 17:07:11,443][com.java.TestType] [  482] -  str(1) = 3
[INFO ][2016-01-07 17:07:11,443][com.java.TestType] [  485] - Test case Id is---3
[INFO ][2016-01-07 17:07:11,443][com.java.TestType] [  487] - 3
[INFO ][2016-01-07 17:07:11,443][com.java.TestType] [  482] -  str(2) = 2
[INFO ][2016-01-07 17:07:11,444][com.java.TestType] [10822] - Looping 1TCID = 3
[DEBUG][2016-01-07 17:07:11,444][com.java.TestType] [10863] - Concept ID:3 :: Step being Executed: 3::1
[INFO ][2016-01-07 17:07:11,444][com.java.TestType] [10901] - dataFields : test
[DEBUG][2016-01-07 17:07:11,444][com.java.TestType] [10907] - <In Set values of the page>
[DEBUG][2016-01-07 17:07:11,444][com.java.TestType] [10912] - {Data Fields & Data Values Exist}
[INFO ][2016-01-07 17:07:11,444][com.java.TestType] [10918] - --------------------------setting values-----------------------------
[INFO ][2016-01-07 17:07:11,444][com.java.TestType] [10921] - Action Type : Logout
[INFO ][2016-01-07 17:07:13,667][com.java.TestType] [ 6274] - Field ::CNF
[INFO ][2016-01-07 17:07:13,667][com.java.TestType] [ 5895] - value = OK
[INFO ][2016-01-07 17:07:15,981][com.java.TestType] [ 6407] - Click the object confirmation
[INFO ][2016-01-07 17:07:15,981][com.java.TestType] [ 6408] - Unable to click the object confirmation
[DEBUG][2016-01-07 17:07:17,256][com.java.SeleniumDriver] [  426] - Hub ip address is-------172.17.68.34
[INFO ][2016-01-07 17:07:17,256][com.java.SeleniumDriver] [  452] - Grid URL:http://172.17.68.34:4444/wd/hub
[INFO ][2016-01-07 17:07:17,257][com.java.SeleniumDriver] [  453] - Capability:Capabilities [{platform=ANY, ensureCleanSession=true, ignoreProtectedModeSettings=true, acceptSslCerts=true, ignoreZoomSetting=true, browserName=internet explorer, browserstack.ie.noFlash=true, version=null}]
[ERROR][2016-01-07 17:07:18,270][com.java.SeleniumDriver] [  498] - Unable invoke browser in grid:Could not start a new session. Possible causes are invalid address of the remote server or browser start-up failure.
Build info: version: '2.48.2', revision: '41bccdd', time: '2015-10-09 19:59:12'
System info: host: 'FVTIII438F1D', ip: '172.17.68.34', os.name: 'Windows 7', os.arch: 'x86', os.version: '6.1', java.version: '1.7.0_55'
Driver info: driver.version: SeleniumDriver
[INFO ][2016-01-07 17:07:18,270][com.java.SeleniumDriver] [  500] - Executing on local machine
[INFO ][2016-01-07 17:07:28,717][com.java.TestType] [10940] -  RESULT true
[INFO ][2016-01-07 17:07:28,717][com.java.TestType] [11057] - ?   P A S S   ?
[DEBUG][2016-01-07 17:07:28,717][com.java.TestType] [10863] - Concept ID:3 :: Step being Executed: 3::2
[INFO ][2016-01-07 17:07:28,718][com.java.TestType] [10901] - dataFields : test
[DEBUG][2016-01-07 17:07:28,718][com.java.TestType] [10907] - <In Set values of the page>
[DEBUG][2016-01-07 17:07:28,718][com.java.TestType] [10912] - {Data Fields & Data Values Exist}
[INFO ][2016-01-07 17:07:28,718][com.java.TestType] [10918] - --------------------------setting values-----------------------------
[INFO ][2016-01-07 17:07:28,718][com.java.TestType] [10921] - Action Type : WaitTime
[DEBUG][2016-01-07 17:07:28,718][com.java.TestType] [ 5715] - sleepTime: 2000
[INFO ][2016-01-07 17:07:30,719][com.java.TestType] [10940] -  RESULT true
[INFO ][2016-01-07 17:07:30,719][com.java.TestType] [11057] - ?   P A S S   ?
[INFO ][2016-01-07 17:07:30,719][com.java.TestType] [11128] - Looping End......
[INFO ][2016-01-07 17:07:30,720][com.java.SeleniumDriver] [  906] -  RESULT true
[INFO ][2016-01-07 17:07:30,720][com.java.SeleniumDriver] [ 1112] - ?   P A S S   ?
[INFO ][2016-01-07 17:07:30,720][com.java.SeleniumDriver] [  832] - ------------------------------------------
[INFO ][2016-01-07 17:07:30,721][com.java.SeleniumDriver] [  833] - Test case being Executed: 2
[INFO ][2016-01-07 17:07:30,721][com.java.SeleniumDriver] [  845] - Test step:74
[INFO ][2016-01-07 17:07:30,721][com.java.SeleniumDriver] [  857] - Datavalue is----------20
[INFO ][2016-01-07 17:07:30,721][com.java.SeleniumDriver] [  881] - DataField : test
[INFO ][2016-01-07 17:07:30,721][com.java.SeleniumDriver] [  883] - DataValue : 20
[INFO ][2016-01-07 17:07:30,721][com.java.SeleniumDriver] [  889] - <In Set values of the page>
[INFO ][2016-01-07 17:07:30,721][com.java.SeleniumDriver] [  892] - {Data Fields & Data Values Exist}
[INFO ][2016-01-07 17:07:30,721][com.java.SeleniumDriver] [  894] - --------------------------setting values-----------------------------
[INFO ][2016-01-07 17:07:30,721][com.java.SeleniumDriver] [  897] - Action Type : WaitTime
[DEBUG][2016-01-07 17:07:30,721][com.java.TestType] [ 5715] - sleepTime: 20000
[INFO ][2016-01-07 17:07:50,721][com.java.SeleniumDriver] [  906] -  RESULT true
[INFO ][2016-01-07 17:07:50,721][com.java.SeleniumDriver] [ 1112] - ?   P A S S   ?
[INFO ][2016-01-07 17:07:50,721][com.java.SeleniumDriver] [  832] - ------------------------------------------
[INFO ][2016-01-07 17:07:50,721][com.java.SeleniumDriver] [  833] - Test case being Executed: 2
[INFO ][2016-01-07 17:07:50,721][com.java.SeleniumDriver] [  845] - Test step:75
[INFO ][2016-01-07 17:07:50,721][com.java.SeleniumDriver] [  857] - Datavalue is----------dt:HTTPSURL
[INFO ][2016-01-07 17:07:50,721][com.java.SeleniumDriver] [  881] - DataField : test
[INFO ][2016-01-07 17:07:50,721][com.java.SeleniumDriver] [  883] - DataValue : dt:HTTPSURL
[INFO ][2016-01-07 17:07:50,721][com.java.SeleniumDriver] [  889] - <In Set values of the page>
[INFO ][2016-01-07 17:07:50,721][com.java.SeleniumDriver] [  892] - {Data Fields & Data Values Exist}
[INFO ][2016-01-07 17:07:50,721][com.java.SeleniumDriver] [  894] - --------------------------setting values-----------------------------
[INFO ][2016-01-07 17:07:50,721][com.java.SeleniumDriver] [  897] - Action Type : OpenURL
[INFO ][2016-01-07 17:07:50,722][com.java.TestType] [ 5895] - value = https://clients-xuat.bankersdashboard.com
[INFO ][2016-01-07 17:07:50,722][com.java.TestType] [  353] - Open URL : https://clients-xuat.bankersdashboard.com
[INFO ][2016-01-07 17:07:51,564][com.java.SeleniumDriver] [  906] -  RESULT true
[INFO ][2016-01-07 17:07:51,565][com.java.SeleniumDriver] [ 1112] - ?   P A S S   ?
[INFO ][2016-01-07 17:07:51,565][com.java.SeleniumDriver] [  832] - ------------------------------------------
[INFO ][2016-01-07 17:07:51,565][com.java.SeleniumDriver] [  833] - Test case being Executed: 2
[INFO ][2016-01-07 17:07:51,565][com.java.SeleniumDriver] [  845] - Test step:76
[INFO ][2016-01-07 17:07:51,565][com.java.SeleniumDriver] [  857] - Datavalue is----------15
[INFO ][2016-01-07 17:07:51,565][com.java.SeleniumDriver] [  881] - DataField : TXTusername
[INFO ][2016-01-07 17:07:51,565][com.java.SeleniumDriver] [  883] - DataValue : 15
[INFO ][2016-01-07 17:07:51,565][com.java.SeleniumDriver] [  889] - <In Set values of the page>
[INFO ][2016-01-07 17:07:51,565][com.java.SeleniumDriver] [  892] - {Data Fields & Data Values Exist}
[INFO ][2016-01-07 17:07:51,565][com.java.SeleniumDriver] [  894] - --------------------------setting values-----------------------------
[INFO ][2016-01-07 17:07:51,565][com.java.SeleniumDriver] [  897] - Action Type : WAITFORELEMENT
[INFO ][2016-01-07 17:07:53,744][com.java.SeleniumDriver] [  906] -  RESULT true
[INFO ][2016-01-07 17:07:53,745][com.java.SeleniumDriver] [ 1112] - ?   P A S S   ?
[INFO ][2016-01-07 17:07:53,745][com.java.SeleniumDriver] [  832] - ------------------------------------------
[INFO ][2016-01-07 17:07:53,745][com.java.SeleniumDriver] [  833] - Test case being Executed: 2
[INFO ][2016-01-07 17:07:53,745][com.java.SeleniumDriver] [  845] - Test step:77
[INFO ][2016-01-07 17:07:53,745][com.java.SeleniumDriver] [  857] - Datavalue is----------HMVLogin_username
[INFO ][2016-01-07 17:07:53,745][com.java.SeleniumDriver] [  881] - DataField : TXTusername
[INFO ][2016-01-07 17:07:53,745][com.java.SeleniumDriver] [  883] - DataValue : HMVLogin_username
[INFO ][2016-01-07 17:07:53,745][com.java.SeleniumDriver] [  889] - <In Set values of the page>
[INFO ][2016-01-07 17:07:53,745][com.java.SeleniumDriver] [  892] - {Data Fields & Data Values Exist}
[INFO ][2016-01-07 17:07:53,745][com.java.SeleniumDriver] [  894] - --------------------------setting values-----------------------------
[INFO ][2016-01-07 17:07:53,745][com.java.SeleniumDriver] [  897] - Action Type : CLEARANDENTER
[INFO ][2016-01-07 17:07:53,745][com.java.TestType] [ 5895] - value = vltest.robot70829.15019
[INFO ][2016-01-07 17:07:58,510][com.java.SeleniumDriver] [  906] -  RESULT true
[INFO ][2016-01-07 17:07:58,510][com.java.SeleniumDriver] [ 1112] - ?   P A S S   ?
[INFO ][2016-01-07 17:07:58,510][com.java.SeleniumDriver] [  832] - ------------------------------------------
[INFO ][2016-01-07 17:07:58,510][com.java.SeleniumDriver] [  833] - Test case being Executed: 2
[INFO ][2016-01-07 17:07:58,510][com.java.SeleniumDriver] [  845] - Test step:78
[INFO ][2016-01-07 17:07:58,510][com.java.SeleniumDriver] [  857] - Datavalue is----------dt:ResetNewPswd
[INFO ][2016-01-07 17:07:58,510][com.java.SeleniumDriver] [  881] - DataField : TXTpassword
[INFO ][2016-01-07 17:07:58,511][com.java.SeleniumDriver] [  883] - DataValue : dt:ResetNewPswd
[INFO ][2016-01-07 17:07:58,511][com.java.SeleniumDriver] [  889] - <In Set values of the page>
[INFO ][2016-01-07 17:07:58,511][com.java.SeleniumDriver] [  892] - {Data Fields & Data Values Exist}
[INFO ][2016-01-07 17:07:58,511][com.java.SeleniumDriver] [  894] - --------------------------setting values-----------------------------
[INFO ][2016-01-07 17:07:58,511][com.java.SeleniumDriver] [  897] - Action Type : CLEARANDENTER
[INFO ][2016-01-07 17:07:58,511][com.java.TestType] [ 5895] - value = Password#1
[INFO ][2016-01-07 17:08:03,394][com.java.SeleniumDriver] [  906] -  RESULT true
[INFO ][2016-01-07 17:08:03,394][com.java.SeleniumDriver] [ 1112] - ?   P A S S   ?
[INFO ][2016-01-07 17:08:03,394][com.java.SeleniumDriver] [  832] - ------------------------------------------
[INFO ][2016-01-07 17:08:03,394][com.java.SeleniumDriver] [  833] - Test case being Executed: 2
[INFO ][2016-01-07 17:08:03,394][com.java.SeleniumDriver] [  845] - Test step:79
[INFO ][2016-01-07 17:08:03,394][com.java.SeleniumDriver] [  857] - Datavalue is----------null
[DEBUG][2016-01-07 17:08:03,394][com.java.SeleniumDriver] [  875] - Exception: null
[INFO ][2016-01-07 17:08:03,394][com.java.SeleniumDriver] [  881] - DataField : XPH//button[@type='submit']
[INFO ][2016-01-07 17:08:03,395][com.java.SeleniumDriver] [  883] - DataValue : 
[INFO ][2016-01-07 17:08:03,395][com.java.SeleniumDriver] [  889] - <In Set values of the page>
[INFO ][2016-01-07 17:08:03,395][com.java.SeleniumDriver] [  892] - {Data Fields & Data Values Exist}
[INFO ][2016-01-07 17:08:03,395][com.java.SeleniumDriver] [  894] - --------------------------setting values-----------------------------
[INFO ][2016-01-07 17:08:03,395][com.java.SeleniumDriver] [  897] - Action Type : Click
[INFO ][2016-01-07 17:08:03,395][com.java.TestType] [ 6274] - Field ::XPH//button[@type='submit']
[INFO ][2016-01-07 17:08:03,395][com.java.TestType] [ 5895] - value = 
[INFO ][2016-01-07 17:08:04,396][com.java.TestType] [ 6411] - BEFORE CLICK
[INFO ][2016-01-07 17:08:05,231][com.java.TestType] [ 6419] - Unable to click the object Login
[INFO ][2016-01-07 17:08:05,231][com.java.SeleniumDriver] [  906] -  RESULT true
[INFO ][2016-01-07 17:08:05,231][com.java.SeleniumDriver] [ 1112] - ?   P A S S   ?
[INFO ][2016-01-07 17:08:05,231][com.java.SeleniumDriver] [  832] - ------------------------------------------
[INFO ][2016-01-07 17:08:05,231][com.java.SeleniumDriver] [  833] - Test case being Executed: 2
[INFO ][2016-01-07 17:08:05,231][com.java.SeleniumDriver] [  845] - Test step:80
[INFO ][2016-01-07 17:08:05,231][com.java.SeleniumDriver] [  857] - Datavalue is----------20
[INFO ][2016-01-07 17:08:05,231][com.java.SeleniumDriver] [  881] - DataField : test
[INFO ][2016-01-07 17:08:05,231][com.java.SeleniumDriver] [  883] - DataValue : 20
[INFO ][2016-01-07 17:08:05,231][com.java.SeleniumDriver] [  889] - <In Set values of the page>
[INFO ][2016-01-07 17:08:05,231][com.java.SeleniumDriver] [  892] - {Data Fields & Data Values Exist}
[INFO ][2016-01-07 17:08:05,232][com.java.SeleniumDriver] [  894] - --------------------------setting values-----------------------------
[INFO ][2016-01-07 17:08:05,232][com.java.SeleniumDriver] [  897] - Action Type : WaitTime
[DEBUG][2016-01-07 17:08:05,232][com.java.TestType] [ 5715] - sleepTime: 20000
[INFO ][2016-01-07 17:08:25,232][com.java.SeleniumDriver] [  906] -  RESULT true
[INFO ][2016-01-07 17:08:25,232][com.java.SeleniumDriver] [ 1112] - ?   P A S S   ?
[INFO ][2016-01-07 17:08:25,232][com.java.SeleniumDriver] [  832] - ------------------------------------------
[INFO ][2016-01-07 17:08:25,232][com.java.SeleniumDriver] [  833] - Test case being Executed: 2
[INFO ][2016-01-07 17:08:25,232][com.java.SeleniumDriver] [  845] - Test step:81
[INFO ][2016-01-07 17:08:25,232][com.java.SeleniumDriver] [  857] - Datavalue is----------Banker'sDashboard
[INFO ][2016-01-07 17:08:25,232][com.java.SeleniumDriver] [  881] - DataField : TTL
[INFO ][2016-01-07 17:08:25,232][com.java.SeleniumDriver] [  883] - DataValue : Banker'sDashboard
[INFO ][2016-01-07 17:08:25,232][com.java.SeleniumDriver] [  889] - <In Set values of the page>
[INFO ][2016-01-07 17:08:25,232][com.java.SeleniumDriver] [  892] - {Data Fields & Data Values Exist}
[INFO ][2016-01-07 17:08:25,233][com.java.SeleniumDriver] [  894] - --------------------------setting values-----------------------------
[INFO ][2016-01-07 17:08:25,233][com.java.SeleniumDriver] [  897] - Action Type : SelectWindow
[INFO ][2016-01-07 17:08:37,844][com.java.SeleniumDriver] [  906] -  RESULT true
[INFO ][2016-01-07 17:08:37,844][com.java.SeleniumDriver] [ 1112] - ?   P A S S   ?
[INFO ][2016-01-07 17:08:37,847][com.java.SeleniumDriver] [  832] - ------------------------------------------
[INFO ][2016-01-07 17:08:37,847][com.java.SeleniumDriver] [  833] - Test case being Executed: 2
[INFO ][2016-01-07 17:08:37,847][com.java.SeleniumDriver] [  845] - Test step:82
[INFO ][2016-01-07 17:08:37,847][com.java.SeleniumDriver] [  857] - Datavalue is----------10
[INFO ][2016-01-07 17:08:37,847][com.java.SeleniumDriver] [  881] - DataField : XPH//div[contains(text(), 'My Dashboard')]
[INFO ][2016-01-07 17:08:37,847][com.java.SeleniumDriver] [  883] - DataValue : 10
[INFO ][2016-01-07 17:08:37,847][com.java.SeleniumDriver] [  889] - <In Set values of the page>
[INFO ][2016-01-07 17:08:37,848][com.java.SeleniumDriver] [  892] - {Data Fields & Data Values Exist}
[INFO ][2016-01-07 17:08:37,848][com.java.SeleniumDriver] [  894] - --------------------------setting values-----------------------------
[INFO ][2016-01-07 17:08:37,848][com.java.SeleniumDriver] [  897] - Action Type : WAITFORELEMENT
[DEBUG][2016-01-07 17:12:15,745][com.java.TestType] [ 6929] - //div[contains(text(), 'My Dashboard')]   :: Element not Found
[INFO ][2016-01-07 17:12:15,745][com.java.SeleniumDriver] [  906] -  RESULT false
[INFO ][2016-01-07 17:12:15,745][com.java.SeleniumDriver] [  953] - ?   F A I L   ?
[INFO ][2016-01-07 17:12:15,746][com.java.SeleniumDriver] [  961] - Browser Type : IE10
[INFO ][2016-01-07 17:12:15,746][com.java.SeleniumDriver] [  962] - Adding Failed case2
[INFO ][2016-01-07 17:12:16,373][com.java.SeleniumDriver] [ 1076] - failedCases = 2
[ERROR][2016-01-07 17:12:16,373][com.java.SeleniumDriver] [ 1575] - Platform Errors : Our apologies...::We have encountered an issue with your request.::Our apologies?:We encountered an issue with your request.
[INFO ][2016-01-07 17:12:16,373][com.java.SeleniumDriver] [ 1579] - Length =3
[ERROR][2016-01-07 17:12:16,373][com.java.SeleniumDriver] [ 1582] - Error 0 = Our apologies...
[ERROR][2016-01-07 17:12:16,400][com.java.SeleniumDriver] [ 1582] - Error 1 = We have encountered an issue with your request.
[ERROR][2016-01-07 17:12:16,427][com.java.SeleniumDriver] [ 1582] - Error 2 = Our apologies?:We encountered an issue with your request.
[INFO ][2016-01-07 17:12:16,454][com.java.SeleniumDriver] [ 1593] - strError:
[DEBUG][2016-01-07 17:12:16,470][com.java.SeleniumDriver] [ 1224] - Case found
[DEBUG][2016-01-07 17:12:16,470][com.java.SeleniumDriver] [ 1229] - Incrementing ReportCounters[0]:2
[INFO ][2016-01-07 17:12:16,470][com.java.SeleniumDriver] [ 1248] - The results are-------------------[2, 82, Admin: Users: Manage Users: Reset User Password, Fail, 
Test case failed at Step No. :: 82   Error Message ::  //div[contains(text(), 'My Dashboard')]   :: Element not Found. Screen Shot : D:\BankersDashboard\TestReports\010716\2_010716_171215_IE10.png, Thu Jan 07 17:12:16 IST 2016]
[INFO ][2016-01-07 17:12:16,470][com.java.SeleniumDriver] [ 1252] - End time is-------10 min 35 sec
[INFO ][2016-01-07 17:12:16,470][com.java.SeleniumDriver] [ 1253] - The results are-------------------[2, 82, Admin: Users: Manage Users: Reset User Password, Fail, 
Test case failed at Step No. :: 82   Error Message ::  //div[contains(text(), 'My Dashboard')]   :: Element not Found. Screen Shot : D:\BankersDashboard\TestReports\010716\2_010716_171215_IE10.png, Thu Jan 07 17:12:16 IST 2016]
[DEBUG][2016-01-07 17:12:16,470][com.java.ImportnExport.ExportTestResultsExcel] [  222] - testResultPath = D:\BankersDashboard/TestReports/Test Results_BankersDashBoard_010716_170143_IE10_First Bank.xls
[DEBUG][2016-01-07 17:12:16,470][com.java.ImportnExport.ExportTestResultsExcel] [  223] - browser is------------IE10
[DEBUG][2016-01-07 17:12:16,473][com.java.ImportnExport.ExportTestResultsExcel] [  270] - result.size() = 6
[DEBUG][2016-01-07 17:12:16,473][com.java.ImportnExport.ExportTestResultsExcel] [  274] - No of rows in sheet=2
[DEBUG][2016-01-07 17:12:16,473][com.java.ImportnExport.ExportTestResultsExcel] [  301] - ..in export..2
[DEBUG][2016-01-07 17:12:16,473][com.java.ImportnExport.ExportTestResultsExcel] [  301] - ..in export..Admin: Users: Manage Users: Reset User Password
[DEBUG][2016-01-07 17:12:16,473][com.java.ImportnExport.ExportTestResultsExcel] [  301] - ..in export..Fail
[DEBUG][2016-01-07 17:12:16,473][com.java.ImportnExport.ExportTestResultsExcel] [  301] - ..in export..
Test case failed at Step No. :: 82   Error Message ::  //div[contains(text(), 'My Dashboard')]   :: Element not Found. Screen Shot : D:\BankersDashboard\TestReports\010716\2_010716_171215_IE10.png
[DEBUG][2016-01-07 17:12:16,473][com.java.ImportnExport.ExportTestResultsExcel] [  301] - ..in export..Thu Jan 07 17:12:16 IST 2016
[INFO ][2016-01-07 17:12:16,474][com.java.SeleniumDriver] [ 1313] - out loop:1 size:3 TestCases:[1, 2, 3] testcases:[1, 2, 3]
[INFO ][2016-01-07 17:12:16,475][com.java.ImportnExport.ImportTestDataDetailsExcel] [   49] - test data details path===== D:\BankersDashboard\TestInputs\TestData.xls
[INFO ][2016-01-07 17:13:39,333][com.java.SeleniumDriver] [  832] - ------------------------------------------
[INFO ][2016-01-07 17:13:39,333][com.java.SeleniumDriver] [  833] - Test case being Executed: 3
[INFO ][2016-01-07 17:13:39,333][com.java.SeleniumDriver] [  845] - Test step:1
[INFO ][2016-01-07 17:13:39,333][com.java.SeleniumDriver] [  857] - Datavalue is----------Logout
[INFO ][2016-01-07 17:13:39,333][com.java.SeleniumDriver] [  881] - DataField : BTN
[INFO ][2016-01-07 17:13:39,333][com.java.SeleniumDriver] [  883] - DataValue : Logout
[INFO ][2016-01-07 17:13:39,333][com.java.SeleniumDriver] [  889] - <In Set values of the page>
[INFO ][2016-01-07 17:13:39,333][com.java.SeleniumDriver] [  892] - {Data Fields & Data Values Exist}
[INFO ][2016-01-07 17:13:39,333][com.java.SeleniumDriver] [  894] - --------------------------setting values-----------------------------
[INFO ][2016-01-07 17:13:39,333][com.java.SeleniumDriver] [  897] - Action Type : Verify
[INFO ][2016-01-07 17:13:39,333][com.java.TestType] [ 7269] - field= BTN value= Logout
[INFO ][2016-01-07 17:13:39,334][com.java.TestType] [ 5895] - value = Logout
[DEBUG][2016-01-07 17:14:15,663][com.java.TestType] [ 6929] - Logout   :: Element not Found
[ERROR][2016-01-07 17:14:19,734][com.java.TestType] [ 7982] - Assertion Error: 
[INFO ][2016-01-07 17:14:19,735][com.java.SeleniumDriver] [  906] -  RESULT false
[INFO ][2016-01-07 17:14:19,735][com.java.SeleniumDriver] [  953] - ?   F A I L   ?
[INFO ][2016-01-07 17:14:19,735][com.java.SeleniumDriver] [  961] - Browser Type : IE10
[INFO ][2016-01-07 17:14:19,735][com.java.SeleniumDriver] [  962] - Adding Failed case3
[WARN ][2016-01-07 17:14:19,748][com.java.SeleniumDriver] [ 1022] - Source 'D:\BankersDashboard\TestReports\010716' exists but is a directory
[DEBUG][2016-01-07 17:14:19,749][com.java.SeleniumDriver] [ 1030] -  tdd.getCondition() IF:3:Next
[INFO ][2016-01-07 17:14:19,749][com.java.SeleniumDriver] [ 1034] - Continue next step...
[INFO ][2016-01-07 17:14:19,749][com.java.SeleniumDriver] [  832] - ------------------------------------------
[INFO ][2016-01-07 17:14:19,749][com.java.SeleniumDriver] [  833] - Test case being Executed: 3
[INFO ][2016-01-07 17:14:19,749][com.java.SeleniumDriver] [  845] - Test step:2
[INFO ][2016-01-07 17:14:19,749][com.java.SeleniumDriver] [  857] - Datavalue is----------Concept#1:1-16
[INFO ][2016-01-07 17:14:19,749][com.java.SeleniumDriver] [  881] - DataField : test
[INFO ][2016-01-07 17:14:19,749][com.java.SeleniumDriver] [  883] - DataValue : Concept#1:1-16
[INFO ][2016-01-07 17:14:19,749][com.java.SeleniumDriver] [  889] - <In Set values of the page>
[INFO ][2016-01-07 17:14:19,749][com.java.SeleniumDriver] [  892] - {Data Fields & Data Values Exist}
[INFO ][2016-01-07 17:14:19,749][com.java.SeleniumDriver] [  894] - --------------------------setting values-----------------------------
[INFO ][2016-01-07 17:14:19,749][com.java.SeleniumDriver] [  897] - Action Type : ExecuteTestCase
[INFO ][2016-01-07 17:14:19,751][com.java.TestType] [  437] - The Concept sheet name is ---------- Concept
[INFO ][2016-01-07 17:14:19,751][com.java.TestType] [  440] - The Concept ID  is ---------- 1
[DEBUG][2016-01-07 17:14:19,751][com.java.TestType] [  444] - Steps being executted in the Concept are: 1:16
[INFO ][2016-01-07 17:14:19,751][com.java.TestType] [  451] - Test data details path ---------- D:\BankersDashboard\TestInputs\TestData.xls
[INFO ][2016-01-07 17:14:20,380][com.java.TestType] [  482] -  str(1) = 1
[INFO ][2016-01-07 17:14:20,380][com.java.TestType] [  485] - Test case Id is---1
[INFO ][2016-01-07 17:14:20,380][com.java.TestType] [  487] - 1
[INFO ][2016-01-07 17:14:20,381][com.java.TestType] [  482] -  str(2) = 1
[INFO ][2016-01-07 17:14:20,383][com.java.TestType] [  482] -  str(1) = 1
[INFO ][2016-01-07 17:14:20,383][com.java.TestType] [  485] - Test case Id is---1
[INFO ][2016-01-07 17:14:20,383][com.java.TestType] [  487] - 1
[INFO ][2016-01-07 17:14:20,383][com.java.TestType] [  482] -  str(2) = 2
[INFO ][2016-01-07 17:14:20,384][com.java.TestType] [  482] -  str(1) = 1
[INFO ][2016-01-07 17:14:20,384][com.java.TestType] [  485] - Test case Id is---1
[INFO ][2016-01-07 17:14:20,384][com.java.TestType] [  487] - 1
[INFO ][2016-01-07 17:14:20,384][com.java.TestType] [  482] -  str(2) = 3
[INFO ][2016-01-07 17:14:20,384][com.java.TestType] [  482] -  str(1) = 1
[INFO ][2016-01-07 17:14:20,385][com.java.TestType] [  485] - Test case Id is---1
[INFO ][2016-01-07 17:14:20,385][com.java.TestType] [  487] - 1
[INFO ][2016-01-07 17:14:20,385][com.java.TestType] [  482] -  str(2) = 4
[INFO ][2016-01-07 17:14:20,385][com.java.TestType] [  482] -  str(1) = 1
[INFO ][2016-01-07 17:14:20,385][com.java.TestType] [  485] - Test case Id is---1
[INFO ][2016-01-07 17:14:20,385][com.java.TestType] [  487] - 1
[INFO ][2016-01-07 17:14:20,385][com.java.TestType] [  482] -  str(2) = 5
[INFO ][2016-01-07 17:14:20,386][com.java.TestType] [  482] -  str(1) = 1
[INFO ][2016-01-07 17:14:20,386][com.java.TestType] [  485] - Test case Id is---1
[INFO ][2016-01-07 17:14:20,386][com.java.TestType] [  487] - 1
[INFO ][2016-01-07 17:14:20,386][com.java.TestType] [  482] -  str(2) = 6
[INFO ][2016-01-07 17:14:20,387][com.java.TestType] [  482] -  str(1) = 1
[INFO ][2016-01-07 17:14:20,387][com.java.TestType] [  485] - Test case Id is---1
[INFO ][2016-01-07 17:14:20,387][com.java.TestType] [  487] - 1
[INFO ][2016-01-07 17:14:20,387][com.java.TestType] [  482] -  str(2) = 7
[INFO ][2016-01-07 17:14:20,387][com.java.TestType] [  482] -  str(1) = 1
[INFO ][2016-01-07 17:14:20,388][com.java.TestType] [  485] - Test case Id is---1
[INFO ][2016-01-07 17:14:20,388][com.java.TestType] [  487] - 1
[INFO ][2016-01-07 17:14:20,388][com.java.TestType] [  482] -  str(2) = 8
[INFO ][2016-01-07 17:14:20,388][com.java.TestType] [  482] -  str(1) = 1
[INFO ][2016-01-07 17:14:20,388][com.java.TestType] [  485] - Test case Id is---1
[INFO ][2016-01-07 17:14:20,388][com.java.TestType] [  487] - 1
[INFO ][2016-01-07 17:14:20,388][com.java.TestType] [  482] -  str(2) = 9
[INFO ][2016-01-07 17:14:20,389][com.java.TestType] [  482] -  str(1) = 1
[INFO ][2016-01-07 17:14:20,389][com.java.TestType] [  485] - Test case Id is---1
[INFO ][2016-01-07 17:14:20,389][com.java.TestType] [  487] - 1
[INFO ][2016-01-07 17:14:20,389][com.java.TestType] [  482] -  str(2) = 10
[INFO ][2016-01-07 17:14:20,390][com.java.TestType] [  482] -  str(1) = 1
[INFO ][2016-01-07 17:14:20,390][com.java.TestType] [  485] - Test case Id is---1
[INFO ][2016-01-07 17:14:20,390][com.java.TestType] [  487] - 1
[INFO ][2016-01-07 17:14:20,390][com.java.TestType] [  482] -  str(2) = 11
[INFO ][2016-01-07 17:14:20,391][com.java.TestType] [  482] -  str(1) = 1
[INFO ][2016-01-07 17:14:20,391][com.java.TestType] [  485] - Test case Id is---1
[INFO ][2016-01-07 17:14:20,391][com.java.TestType] [  487] - 1
[INFO ][2016-01-07 17:14:20,391][com.java.TestType] [  482] -  str(2) = 12
[INFO ][2016-01-07 17:14:20,392][com.java.TestType] [  482] -  str(1) = 1
[INFO ][2016-01-07 17:14:20,392][com.java.TestType] [  485] - Test case Id is---1
[INFO ][2016-01-07 17:14:20,392][com.java.TestType] [  487] - 1
[INFO ][2016-01-07 17:14:20,392][com.java.TestType] [  482] -  str(2) = 13
[INFO ][2016-01-07 17:14:20,393][com.java.TestType] [  482] -  str(1) = 1
[INFO ][2016-01-07 17:14:20,393][com.java.TestType] [  485] - Test case Id is---1
[INFO ][2016-01-07 17:14:20,393][com.java.TestType] [  487] - 1
[INFO ][2016-01-07 17:14:20,393][com.java.TestType] [  482] -  str(2) = 14
[INFO ][2016-01-07 17:14:20,393][com.java.TestType] [  482] -  str(1) = 1
[INFO ][2016-01-07 17:14:20,393][com.java.TestType] [  485] - Test case Id is---1
[INFO ][2016-01-07 17:14:20,393][com.java.TestType] [  487] - 1
[INFO ][2016-01-07 17:14:20,393][com.java.TestType] [  482] -  str(2) = 15
[INFO ][2016-01-07 17:14:20,394][com.java.TestType] [  482] -  str(1) = 1
[INFO ][2016-01-07 17:14:20,394][com.java.TestType] [  485] - Test case Id is---1
[INFO ][2016-01-07 17:14:20,394][com.java.TestType] [  487] - 1
[INFO ][2016-01-07 17:14:20,394][com.java.TestType] [  482] -  str(2) = 16
[INFO ][2016-01-07 17:14:20,395][com.java.TestType] [10822] - Looping 1TCID = 1
[DEBUG][2016-01-07 17:14:20,395][com.java.TestType] [10863] - Concept ID:1 :: Step being Executed: 1::1
[INFO ][2016-01-07 17:14:20,395][com.java.TestType] [10901] - dataFields : TXTusername
[DEBUG][2016-01-07 17:14:20,395][com.java.TestType] [10907] - <In Set values of the page>
[DEBUG][2016-01-07 17:14:20,395][com.java.TestType] [10912] - {Data Fields & Data Values Exist}
[INFO ][2016-01-07 17:14:20,395][com.java.TestType] [10918] - --------------------------setting values-----------------------------
[INFO ][2016-01-07 17:14:20,395][com.java.TestType] [10921] - Action Type : CLEARANDENTER
[INFO ][2016-01-07 17:14:20,395][com.java.TestType] [ 5895] - value = valuelabs.ie10.15019
[ERROR][2016-01-07 17:14:20,413][com.java.TestType] [ 6873] - Exception in clearAndEnter: null
[DEBUG][2016-01-07 17:14:20,413][com.java.TestType] [ 6877] - For ENTER action type the data field should be TXT
[INFO ][2016-01-07 17:14:20,413][com.java.TestType] [10940] -  RESULT false
[INFO ][2016-01-07 17:14:20,414][com.java.TestType] [10978] - ?   F A I L   ?
[DEBUG][2016-01-07 17:14:20,414][com.java.TestType] [10981] - Browser Type : IE10
[INFO ][2016-01-07 17:14:20,415][com.java.SeleniumDriver] [  906] -  RESULT false
[INFO ][2016-01-07 17:14:20,415][com.java.SeleniumDriver] [  953] - ?   F A I L   ?
[INFO ][2016-01-07 17:14:20,415][com.java.SeleniumDriver] [  961] - Browser Type : IE10
[INFO ][2016-01-07 17:14:20,415][com.java.SeleniumDriver] [  962] - Adding Failed case3
[WARN ][2016-01-07 17:14:20,431][com.java.SeleniumDriver] [ 1022] - Source 'D:\BankersDashboard\TestReports\010716' exists but is a directory
[INFO ][2016-01-07 17:14:20,431][com.java.SeleniumDriver] [ 1076] - failedCases = 2-3
[ERROR][2016-01-07 17:14:20,431][com.java.SeleniumDriver] [ 1575] - Platform Errors : Our apologies...::We have encountered an issue with your request.::Our apologies?:We encountered an issue with your request.
[INFO ][2016-01-07 17:14:20,431][com.java.SeleniumDriver] [ 1579] - Length =3
[ERROR][2016-01-07 17:14:20,431][com.java.SeleniumDriver] [ 1582] - Error 0 = Our apologies...
[ERROR][2016-01-07 17:14:20,447][com.java.SeleniumDriver] [ 1596] - Unable to get browser (WARNING: The server did not provide any stacktrace information)
Command duration or timeout: 15 milliseconds
Build info: version: '2.48.2', revision: '41bccdd', time: '2015-10-09 19:59:12'
System info: host: 'FVTIII438F1D', ip: '172.17.68.34', os.name: 'Windows 7', os.arch: 'x86', os.version: '6.1', java.version: '1.7.0_55'
Session ID: c64336e8-9de1-451e-bcac-3a9b109a3a61
Driver info: org.openqa.selenium.ie.InternetExplorerDriver
Capabilities [{platform=WINDOWS, javascriptEnabled=true, elementScrollBehavior=0, ignoreZoomSetting=false, enablePersistentHover=true, ie.ensureCleanSession=false, browserName=internet explorer, enableElementCacheCleanup=true, unexpectedAlertBehaviour=dismiss, version=10, ie.usePerProcessProxy=false, ignoreProtectedModeSettings=true, cssSelectorsEnabled=true, requireWindowFocus=false, initialBrowserUrl=http://localhost:33849/, handlesAlerts=true, ie.forceCreateProcessApi=false, nativeEvents=true, browserAttachTimeout=0, ie.browserCommandLineSwitches=, takesScreenshot=true}]
[INFO ][2016-01-07 17:14:20,448][com.java.SeleniumDriver] [ 1598] - FindPlatformErrors exception: Unable to get browser (WARNING: The server did not provide any stacktrace information)
Command duration or timeout: 15 milliseconds
Build info: version: '2.48.2', revision: '41bccdd', time: '2015-10-09 19:59:12'
System info: host: 'FVTIII438F1D', ip: '172.17.68.34', os.name: 'Windows 7', os.arch: 'x86', os.version: '6.1', java.version: '1.7.0_55'
Session ID: c64336e8-9de1-451e-bcac-3a9b109a3a61
Driver info: org.openqa.selenium.ie.InternetExplorerDriver
Capabilities [{platform=WINDOWS, javascriptEnabled=true, elementScrollBehavior=0, ignoreZoomSetting=false, enablePersistentHover=true, ie.ensureCleanSession=false, browserName=internet explorer, enableElementCacheCleanup=true, unexpectedAlertBehaviour=dismiss, version=10, ie.usePerProcessProxy=false, ignoreProtectedModeSettings=true, cssSelectorsEnabled=true, requireWindowFocus=false, initialBrowserUrl=http://localhost:33849/, handlesAlerts=true, ie.forceCreateProcessApi=false, nativeEvents=true, browserAttachTimeout=0, ie.browserCommandLineSwitches=, takesScreenshot=true}]
[DEBUG][2016-01-07 17:14:20,448][com.java.SeleniumDriver] [ 1600] - Unable to get the Platform Error list from Hash Map.
[ERROR][2016-01-07 17:14:20,448][com.java.SeleniumDriver] [ 1194] - 
[INFO ][2016-01-07 17:14:20,450][com.java.SeleniumDriver] [  832] - ------------------------------------------
[INFO ][2016-01-07 17:14:20,450][com.java.SeleniumDriver] [  833] - Test case being Executed: 3
[INFO ][2016-01-07 17:14:20,450][com.java.SeleniumDriver] [  845] - Test step:3
[INFO ][2016-01-07 17:14:20,450][com.java.SeleniumDriver] [  857] - Datavalue is----------null
[DEBUG][2016-01-07 17:14:20,451][com.java.SeleniumDriver] [  875] - Exception: null
[INFO ][2016-01-07 17:14:20,451][com.java.SeleniumDriver] [  881] - DataField : //span[@class='icon-user4']&&//a[text()='Users']&&//a[@data-id="ModifyUsers"]
[INFO ][2016-01-07 17:14:20,451][com.java.SeleniumDriver] [  883] - DataValue : 
[INFO ][2016-01-07 17:14:20,451][com.java.SeleniumDriver] [  889] - <In Set values of the page>
[INFO ][2016-01-07 17:14:20,451][com.java.SeleniumDriver] [  892] - {Data Fields & Data Values Exist}
[INFO ][2016-01-07 17:14:20,451][com.java.SeleniumDriver] [  894] - --------------------------setting values-----------------------------
[INFO ][2016-01-07 17:14:20,451][com.java.SeleniumDriver] [  897] - Action Type : MouseOver
[ERROR][2016-01-07 17:14:20,467][com.java.TestType] [ 2889] - exception value : Unable to get browser (WARNING: The server did not provide any stacktrace information)
Command duration or timeout: 15 milliseconds
Build info: version: '2.48.2', revision: '41bccdd', time: '2015-10-09 19:59:12'
System info: host: 'FVTIII438F1D', ip: '172.17.68.34', os.name: 'Windows 7', os.arch: 'x86', os.version: '6.1', java.version: '1.7.0_55'
Session ID: c64336e8-9de1-451e-bcac-3a9b109a3a61
Driver info: org.openqa.selenium.ie.InternetExplorerDriver
Capabilities [{platform=WINDOWS, javascriptEnabled=true, elementScrollBehavior=0, ignoreZoomSetting=false, enablePersistentHover=true, ie.ensureCleanSession=false, browserName=internet explorer, enableElementCacheCleanup=true, unexpectedAlertBehaviour=dismiss, version=10, ie.usePerProcessProxy=false, ignoreProtectedModeSettings=true, cssSelectorsEnabled=true, requireWindowFocus=false, initialBrowserUrl=http://localhost:33849/, handlesAlerts=true, ie.forceCreateProcessApi=false, nativeEvents=true, browserAttachTimeout=0, ie.browserCommandLineSwitches=, takesScreenshot=true}]
[INFO ][2016-01-07 17:14:20,467][com.java.SeleniumDriver] [  906] -  RESULT false
[INFO ][2016-01-07 17:14:20,467][com.java.SeleniumDriver] [  953] - ?   F A I L   ?
[INFO ][2016-01-07 17:14:20,467][com.java.SeleniumDriver] [  961] - Browser Type : IE10
[INFO ][2016-01-07 17:14:20,467][com.java.SeleniumDriver] [  962] - Adding Failed case3
[WARN ][2016-01-07 17:14:20,482][com.java.SeleniumDriver] [ 1022] - Source 'D:\BankersDashboard\TestReports\010716' exists but is a directory
[INFO ][2016-01-07 17:14:20,482][com.java.SeleniumDriver] [ 1076] - failedCases = 2-3,3
[ERROR][2016-01-07 17:14:20,482][com.java.SeleniumDriver] [ 1575] - Platform Errors : Our apologies...::We have encountered an issue with your request.::Our apologies?:We encountered an issue with your request.
[INFO ][2016-01-07 17:14:20,482][com.java.SeleniumDriver] [ 1579] - Length =3
[ERROR][2016-01-07 17:14:20,482][com.java.SeleniumDriver] [ 1582] - Error 0 = Our apologies...
[ERROR][2016-01-07 17:14:20,497][com.java.SeleniumDriver] [ 1596] - Unable to get browser (WARNING: The server did not provide any stacktrace information)
Command duration or timeout: 15 milliseconds
Build info: version: '2.48.2', revision: '41bccdd', time: '2015-10-09 19:59:12'
System info: host: 'FVTIII438F1D', ip: '172.17.68.34', os.name: 'Windows 7', os.arch: 'x86', os.version: '6.1', java.version: '1.7.0_55'
Session ID: c64336e8-9de1-451e-bcac-3a9b109a3a61
Driver info: org.openqa.selenium.ie.InternetExplorerDriver
Capabilities [{platform=WINDOWS, javascriptEnabled=true, elementScrollBehavior=0, ignoreZoomSetting=false, enablePersistentHover=true, ie.ensureCleanSession=false, browserName=internet explorer, enableElementCacheCleanup=true, unexpectedAlertBehaviour=dismiss, version=10, ie.usePerProcessProxy=false, ignoreProtectedModeSettings=true, cssSelectorsEnabled=true, requireWindowFocus=false, initialBrowserUrl=http://localhost:33849/, handlesAlerts=true, ie.forceCreateProcessApi=false, nativeEvents=true, browserAttachTimeout=0, ie.browserCommandLineSwitches=, takesScreenshot=true}]
[INFO ][2016-01-07 17:14:20,498][com.java.SeleniumDriver] [ 1598] - FindPlatformErrors exception: Unable to get browser (WARNING: The server did not provide any stacktrace information)
Command duration or timeout: 15 milliseconds
Build info: version: '2.48.2', revision: '41bccdd', time: '2015-10-09 19:59:12'
System info: host: 'FVTIII438F1D', ip: '172.17.68.34', os.name: 'Windows 7', os.arch: 'x86', os.version: '6.1', java.version: '1.7.0_55'
Session ID: c64336e8-9de1-451e-bcac-3a9b109a3a61
Driver info: org.openqa.selenium.ie.InternetExplorerDriver
Capabilities [{platform=WINDOWS, javascriptEnabled=true, elementScrollBehavior=0, ignoreZoomSetting=false, enablePersistentHover=true, ie.ensureCleanSession=false, browserName=internet explorer, enableElementCacheCleanup=true, unexpectedAlertBehaviour=dismiss, version=10, ie.usePerProcessProxy=false, ignoreProtectedModeSettings=true, cssSelectorsEnabled=true, requireWindowFocus=false, initialBrowserUrl=http://localhost:33849/, handlesAlerts=true, ie.forceCreateProcessApi=false, nativeEvents=true, browserAttachTimeout=0, ie.browserCommandLineSwitches=, takesScreenshot=true}]
[DEBUG][2016-01-07 17:14:20,498][com.java.SeleniumDriver] [ 1600] - Unable to get the Platform Error list from Hash Map.
[ERROR][2016-01-07 17:14:20,498][com.java.SeleniumDriver] [ 1194] - 
[INFO ][2016-01-07 17:14:20,499][com.java.SeleniumDriver] [  832] - ------------------------------------------
[INFO ][2016-01-07 17:14:20,499][com.java.SeleniumDriver] [  833] - Test case being Executed: 3
[INFO ][2016-01-07 17:14:20,499][com.java.SeleniumDriver] [  845] - Test step:4
[INFO ][2016-01-07 17:14:20,499][com.java.SeleniumDriver] [  857] - Datavalue is----------2
[INFO ][2016-01-07 17:14:20,499][com.java.SeleniumDriver] [  881] - DataField : BTNframeDialogContent
[INFO ][2016-01-07 17:14:20,500][com.java.SeleniumDriver] [  883] - DataValue : 2
[INFO ][2016-01-07 17:14:20,500][com.java.SeleniumDriver] [  889] - <In Set values of the page>
[INFO ][2016-01-07 17:14:20,500][com.java.SeleniumDriver] [  892] - {Data Fields & Data Values Exist}
[INFO ][2016-01-07 17:14:20,501][com.java.SeleniumDriver] [  894] - --------------------------setting values-----------------------------
[INFO ][2016-01-07 17:14:20,501][com.java.SeleniumDriver] [  897] - Action Type : WaitForElement
[DEBUG][2016-01-07 17:14:22,535][com.java.TestType] [ 6929] - frameDialogContent   :: Element not Found
[INFO ][2016-01-07 17:14:22,535][com.java.SeleniumDriver] [  906] -  RESULT false
[INFO ][2016-01-07 17:14:22,535][com.java.SeleniumDriver] [  953] - ?   F A I L   ?
[INFO ][2016-01-07 17:14:22,535][com.java.SeleniumDriver] [  961] - Browser Type : IE10
[INFO ][2016-01-07 17:14:22,535][com.java.SeleniumDriver] [  962] - Adding Failed case3
[WARN ][2016-01-07 17:14:22,551][com.java.SeleniumDriver] [ 1022] - Source 'D:\BankersDashboard\TestReports\010716' exists but is a directory
[INFO ][2016-01-07 17:14:22,551][com.java.SeleniumDriver] [ 1076] - failedCases = 2-3,3,3
[ERROR][2016-01-07 17:14:22,552][com.java.SeleniumDriver] [ 1575] - Platform Errors : Our apologies...::We have encountered an issue with your request.::Our apologies?:We encountered an issue with your request.
[INFO ][2016-01-07 17:14:22,552][com.java.SeleniumDriver] [ 1579] - Length =3
[ERROR][2016-01-07 17:14:22,552][com.java.SeleniumDriver] [ 1582] - Error 0 = Our apologies...
[ERROR][2016-01-07 17:14:22,568][com.java.SeleniumDriver] [ 1596] - Unable to get browser (WARNING: The server did not provide any stacktrace information)
Command duration or timeout: 15 milliseconds
Build info: version: '2.48.2', revision: '41bccdd', time: '2015-10-09 19:59:12'
System info: host: 'FVTIII438F1D', ip: '172.17.68.34', os.name: 'Windows 7', os.arch: 'x86', os.version: '6.1', java.version: '1.7.0_55'
Session ID: c64336e8-9de1-451e-bcac-3a9b109a3a61
Driver info: org.openqa.selenium.ie.InternetExplorerDriver
Capabilities [{platform=WINDOWS, javascriptEnabled=true, elementScrollBehavior=0, ignoreZoomSetting=false, enablePersistentHover=true, ie.ensureCleanSession=false, browserName=internet explorer, enableElementCacheCleanup=true, unexpectedAlertBehaviour=dismiss, version=10, ie.usePerProcessProxy=false, ignoreProtectedModeSettings=true, cssSelectorsEnabled=true, requireWindowFocus=false, initialBrowserUrl=http://localhost:33849/, handlesAlerts=true, ie.forceCreateProcessApi=false, nativeEvents=true, browserAttachTimeout=0, ie.browserCommandLineSwitches=, takesScreenshot=true}]
[INFO ][2016-01-07 17:14:22,569][com.java.SeleniumDriver] [ 1598] - FindPlatformErrors exception: Unable to get browser (WARNING: The server did not provide any stacktrace information)
Command duration or timeout: 15 milliseconds
Build info: version: '2.48.2', revision: '41bccdd', time: '2015-10-09 19:59:12'
System info: host: 'FVTIII438F1D', ip: '172.17.68.34', os.name: 'Windows 7', os.arch: 'x86', os.version: '6.1', java.version: '1.7.0_55'
Session ID: c64336e8-9de1-451e-bcac-3a9b109a3a61
Driver info: org.openqa.selenium.ie.InternetExplorerDriver
Capabilities [{platform=WINDOWS, javascriptEnabled=true, elementScrollBehavior=0, ignoreZoomSetting=false, enablePersistentHover=true, ie.ensureCleanSession=false, browserName=internet explorer, enableElementCacheCleanup=true, unexpectedAlertBehaviour=dismiss, version=10, ie.usePerProcessProxy=false, ignoreProtectedModeSettings=true, cssSelectorsEnabled=true, requireWindowFocus=false, initialBrowserUrl=http://localhost:33849/, handlesAlerts=true, ie.forceCreateProcessApi=false, nativeEvents=true, browserAttachTimeout=0, ie.browserCommandLineSwitches=, takesScreenshot=true}]
[DEBUG][2016-01-07 17:14:22,569][com.java.SeleniumDriver] [ 1600] - Unable to get the Platform Error list from Hash Map.
[ERROR][2016-01-07 17:14:22,569][com.java.SeleniumDriver] [ 1194] - 
[INFO ][2016-01-07 17:14:22,569][com.java.SeleniumDriver] [  832] - ------------------------------------------
[INFO ][2016-01-07 17:14:22,569][com.java.SeleniumDriver] [  833] - Test case being Executed: 3
[INFO ][2016-01-07 17:14:22,569][com.java.SeleniumDriver] [  845] - Test step:5
[INFO ][2016-01-07 17:14:22,569][com.java.SeleniumDriver] [  857] - Datavalue is----------null
[DEBUG][2016-01-07 17:14:22,569][com.java.SeleniumDriver] [  875] - Exception: null
[INFO ][2016-01-07 17:14:22,569][com.java.SeleniumDriver] [  881] - DataField : BTNframeDialogContent
[INFO ][2016-01-07 17:14:22,570][com.java.SeleniumDriver] [  883] - DataValue : 
[INFO ][2016-01-07 17:14:22,570][com.java.SeleniumDriver] [  889] - <In Set values of the page>
[INFO ][2016-01-07 17:14:22,570][com.java.SeleniumDriver] [  892] - {Data Fields & Data Values Exist}
[INFO ][2016-01-07 17:14:22,570][com.java.SeleniumDriver] [  894] - --------------------------setting values-----------------------------
[INFO ][2016-01-07 17:14:22,570][com.java.SeleniumDriver] [  897] - Action Type : SelectFrame
[ERROR][2016-01-07 17:14:22,586][com.java.TestType] [ 6196] - Exception: null
[INFO ][2016-01-07 17:14:22,586][com.java.SeleniumDriver] [  906] -  RESULT false
[INFO ][2016-01-07 17:14:22,586][com.java.SeleniumDriver] [  953] - ?   F A I L   ?
[INFO ][2016-01-07 17:14:22,587][com.java.SeleniumDriver] [  961] - Browser Type : IE10
[INFO ][2016-01-07 17:14:22,587][com.java.SeleniumDriver] [  962] - Adding Failed case3
[WARN ][2016-01-07 17:14:22,602][com.java.SeleniumDriver] [ 1022] - Source 'D:\BankersDashboard\TestReports\010716' exists but is a directory
[INFO ][2016-01-07 17:14:22,602][com.java.SeleniumDriver] [ 1076] - failedCases = 2-3,3,3,3
[ERROR][2016-01-07 17:14:22,603][com.java.SeleniumDriver] [ 1575] - Platform Errors : Our apologies...::We have encountered an issue with your request.::Our apologies?:We encountered an issue with your request.
[INFO ][2016-01-07 17:14:22,603][com.java.SeleniumDriver] [ 1579] - Length =3
[ERROR][2016-01-07 17:14:22,603][com.java.SeleniumDriver] [ 1582] - Error 0 = Our apologies...
[ERROR][2016-01-07 17:14:22,618][com.java.SeleniumDriver] [ 1596] - Unable to get browser (WARNING: The server did not provide any stacktrace information)
Command duration or timeout: 15 milliseconds
Build info: version: '2.48.2', revision: '41bccdd', time: '2015-10-09 19:59:12'
System info: host: 'FVTIII438F1D', ip: '172.17.68.34', os.name: 'Windows 7', os.arch: 'x86', os.version: '6.1', java.version: '1.7.0_55'
Session ID: c64336e8-9de1-451e-bcac-3a9b109a3a61
Driver info: org.openqa.selenium.ie.InternetExplorerDriver
Capabilities [{platform=WINDOWS, javascriptEnabled=true, elementScrollBehavior=0, ignoreZoomSetting=false, enablePersistentHover=true, ie.ensureCleanSession=false, browserName=internet explorer, enableElementCacheCleanup=true, unexpectedAlertBehaviour=dismiss, version=10, ie.usePerProcessProxy=false, ignoreProtectedModeSettings=true, cssSelectorsEnabled=true, requireWindowFocus=false, initialBrowserUrl=http://localhost:33849/, handlesAlerts=true, ie.forceCreateProcessApi=false, nativeEvents=true, browserAttachTimeout=0, ie.browserCommandLineSwitches=, takesScreenshot=true}]
[INFO ][2016-01-07 17:14:22,619][com.java.SeleniumDriver] [ 1598] - FindPlatformErrors exception: Unable to get browser (WARNING: The server did not provide any stacktrace information)
Command duration or timeout: 15 milliseconds
Build info: version: '2.48.2', revision: '41bccdd', time: '2015-10-09 19:59:12'
System info: host: 'FVTIII438F1D', ip: '172.17.68.34', os.name: 'Windows 7', os.arch: 'x86', os.version: '6.1', java.version: '1.7.0_55'
Session ID: c64336e8-9de1-451e-bcac-3a9b109a3a61
Driver info: org.openqa.selenium.ie.InternetExplorerDriver
Capabilities [{platform=WINDOWS, javascriptEnabled=true, elementScrollBehavior=0, ignoreZoomSetting=false, enablePersistentHover=true, ie.ensureCleanSession=false, browserName=internet explorer, enableElementCacheCleanup=true, unexpectedAlertBehaviour=dismiss, version=10, ie.usePerProcessProxy=false, ignoreProtectedModeSettings=true, cssSelectorsEnabled=true, requireWindowFocus=false, initialBrowserUrl=http://localhost:33849/, handlesAlerts=true, ie.forceCreateProcessApi=false, nativeEvents=true, browserAttachTimeout=0, ie.browserCommandLineSwitches=, takesScreenshot=true}]
[DEBUG][2016-01-07 17:14:22,619][com.java.SeleniumDriver] [ 1600] - Unable to get the Platform Error list from Hash Map.
[ERROR][2016-01-07 17:14:22,620][com.java.SeleniumDriver] [ 1194] - 
[INFO ][2016-01-07 17:14:22,620][com.java.SeleniumDriver] [  832] - ------------------------------------------
[INFO ][2016-01-07 17:14:22,620][com.java.SeleniumDriver] [  833] - Test case being Executed: 3
[INFO ][2016-01-07 17:14:22,620][com.java.SeleniumDriver] [  845] - Test step:6
[INFO ][2016-01-07 17:14:22,620][com.java.SeleniumDriver] [  857] - Datavalue is----------2
[INFO ][2016-01-07 17:14:22,620][com.java.SeleniumDriver] [  881] - DataField : BTNbtnAddUser
[INFO ][2016-01-07 17:14:22,620][com.java.SeleniumDriver] [  883] - DataValue : 2
[INFO ][2016-01-07 17:14:22,620][com.java.SeleniumDriver] [  889] - <In Set values of the page>
[INFO ][2016-01-07 17:14:22,620][com.java.SeleniumDriver] [  892] - {Data Fields & Data Values Exist}
[INFO ][2016-01-07 17:14:22,620][com.java.SeleniumDriver] [  894] - --------------------------setting values-----------------------------
[INFO ][2016-01-07 17:14:22,620][com.java.SeleniumDriver] [  897] - Action Type : WaitForElement
