[INFO ][2015-12-07 21:14:43,394][com.java.SeleniumDriver] [  213] - Execute Failed Casesfalse
[INFO ][2015-12-07 21:14:43,395][com.java.SeleniumDriver] [  214] - Browser: IE10
[INFO ][2015-12-07 21:14:43,395][com.java.SeleniumDriver] [  215] - [1, 2, 3, 4, 5, 6, 7, 8, 9, 10, 11, 12]
[INFO ][2015-12-07 21:14:43,395][com.java.SeleniumDriver] [  216] - Total TestCases:12
[INFO ][2015-12-07 21:14:43,395][com.java.SeleniumDriver] [  217] -  Reading Properties from Property File 
[DEBUG][2015-12-07 21:14:43,395][com.java.SeleniumDriver] [  238] - url : https://clients-xuat.bankersdashboard.com
[INFO ][2015-12-07 21:14:43,396][com.java.ImportnExport.ExportTestResultsExcel] [  116] - Time Stamp Mon Dec 07 09:14:43 IST 2015
[INFO ][2015-12-07 21:14:43,396][com.java.ImportnExport.ExportTestResultsExcel] [  175] - OUT FILE : D:\BankersDashboard/TestReports/Test Results_BankersDashBoard_120715_211443_IE10_Simmons First National Bank.xls
[INFO ][2015-12-07 21:14:43,412][com.java.ImportnExport.ExportTestResultsExcel] [  180] - Test Result file is created
[DEBUG][2015-12-07 21:14:43,424][com.java.SeleniumDriver] [  426] - Hub ip address is-------172.17.68.34
[INFO ][2015-12-07 21:14:43,424][com.java.SeleniumDriver] [  452] - Grid URL:http://172.17.68.34:4444/wd/hub
[INFO ][2015-12-07 21:14:43,425][com.java.SeleniumDriver] [  453] - Capability:Capabilities [{platform=ANY, ensureCleanSession=true, ignoreProtectedModeSettings=true, acceptSslCerts=true, ignoreZoomSetting=true, browserName=internet explorer, browserstack.ie.noFlash=true, version=null}]
[INFO ][2015-12-07 21:14:50,527][com.java.SeleniumDriver] [  469] - Executing on  GRID
[INFO ][2015-12-07 21:14:50,527][com.java.SeleniumDriver] [  471] - Executing in Grid
[INFO ][2015-12-07 21:14:50,527][com.java.SeleniumDriver] [  472] - The node to be executed is------null
[INFO ][2015-12-07 21:14:50,528][com.java.SeleniumDriver] [  477] - Hub IPAddress is---------172.17.68.34
[INFO ][2015-12-07 21:14:50,528][com.java.SeleniumDriver] [  479] - PortNumber is---------172.17.68.34
[INFO ][2015-12-07 21:14:50,528][com.java.SeleniumDriver] [  481] - HOST---------http://172.17.68.34:4444
[INFO ][2015-12-07 21:14:50,528][com.java.SeleniumDriver] [  485] - The session url is---------http://172.17.68.34:4444/grid/api/testsession?session=d13d2595-8386-48eb-a726-1dd761f9502a
[INFO ][2015-12-07 21:14:50,547][com.java.SeleniumDriver] [  493] - Node ip address172.17.68.83
[INFO ][2015-12-07 21:14:50,548][com.java.SeleniumDriver] [  248] - IE10is opened
[INFO ][2015-12-07 21:14:51,932][com.java.SeleniumDriver] [  754] - Test cases to be executed are: [1, 2, 3, 4, 5, 6, 7, 8, 9, 10, 11, 12]
[INFO ][2015-12-07 21:14:51,932][com.java.ImportnExport.ImportTestDataDetailsExcel] [   49] - test data details path===== D:\BankersDashboard\TestInputs\TestData.xls
[INFO ][2015-12-07 21:14:52,012][com.java.SeleniumDriver] [  820] - ------------------------------------------
[INFO ][2015-12-07 21:14:52,012][com.java.SeleniumDriver] [  821] - Test case being Executed: 1
[INFO ][2015-12-07 21:14:52,012][com.java.SeleniumDriver] [  832] - Test step:1
[INFO ][2015-12-07 21:14:52,012][com.java.SeleniumDriver] [  844] - Datavalue is----------Concept#1:1-16
[INFO ][2015-12-07 21:14:52,014][com.java.SeleniumDriver] [  868] - DataField : test
[INFO ][2015-12-07 21:14:52,015][com.java.SeleniumDriver] [  870] - DataValue : Concept#1:1-16
[INFO ][2015-12-07 21:14:52,015][com.java.SeleniumDriver] [  876] - <In Set values of the page>
[INFO ][2015-12-07 21:14:52,015][com.java.SeleniumDriver] [  879] - {Data Fields & Data Values Exist}
[INFO ][2015-12-07 21:14:52,015][com.java.SeleniumDriver] [  881] - --------------------------setting values-----------------------------
[INFO ][2015-12-07 21:14:52,015][com.java.SeleniumDriver] [  884] - Action Type : ExecuteTestCase
[INFO ][2015-12-07 21:14:52,016][com.java.TestType] [  436] - The Concept sheet name is ---------- Concept
[INFO ][2015-12-07 21:14:52,016][com.java.TestType] [  439] - The Concept ID  is ---------- 1
[DEBUG][2015-12-07 21:14:52,016][com.java.TestType] [  443] - Steps being executted in the Concept are: 1:16
[INFO ][2015-12-07 21:14:52,017][com.java.TestType] [  450] - Test data details path ---------- D:\BankersDashboard\TestInputs\TestData.xls
[INFO ][2015-12-07 21:14:52,032][com.java.TestType] [  481] -  str(1) = 1
[INFO ][2015-12-07 21:14:52,033][com.java.TestType] [  484] - Test case Id is---1
[INFO ][2015-12-07 21:14:52,033][com.java.TestType] [  486] - 1
[INFO ][2015-12-07 21:14:52,033][com.java.TestType] [  481] -  str(2) = 1
[INFO ][2015-12-07 21:14:52,035][com.java.TestType] [  533] - row values are--------{1=com.java.Objects.TestDataDetails@826a5f}
[INFO ][2015-12-07 21:14:52,035][com.java.TestType] [  481] -  str(1) = 1
[INFO ][2015-12-07 21:14:52,035][com.java.TestType] [  484] - Test case Id is---1
[INFO ][2015-12-07 21:14:52,035][com.java.TestType] [  486] - 1
[INFO ][2015-12-07 21:14:52,035][com.java.TestType] [  481] -  str(2) = 2
[INFO ][2015-12-07 21:14:52,036][com.java.TestType] [  533] - row values are--------{1=com.java.Objects.TestDataDetails@826a5f, 2=com.java.Objects.TestDataDetails@f37bb8}
[INFO ][2015-12-07 21:14:52,036][com.java.TestType] [  481] -  str(1) = 1
[INFO ][2015-12-07 21:14:52,036][com.java.TestType] [  484] - Test case Id is---1
[INFO ][2015-12-07 21:14:52,036][com.java.TestType] [  486] - 1
[INFO ][2015-12-07 21:14:52,036][com.java.TestType] [  481] -  str(2) = 3
[INFO ][2015-12-07 21:14:52,037][com.java.TestType] [  533] - row values are--------{1=com.java.Objects.TestDataDetails@826a5f, 2=com.java.Objects.TestDataDetails@f37bb8, 3=com.java.Objects.TestDataDetails@4c9e55}
[INFO ][2015-12-07 21:14:52,037][com.java.TestType] [  481] -  str(1) = 1
[INFO ][2015-12-07 21:14:52,037][com.java.TestType] [  484] - Test case Id is---1
[INFO ][2015-12-07 21:14:52,038][com.java.TestType] [  486] - 1
[INFO ][2015-12-07 21:14:52,038][com.java.TestType] [  481] -  str(2) = 4
[INFO ][2015-12-07 21:14:52,039][com.java.TestType] [  533] - row values are--------{1=com.java.Objects.TestDataDetails@826a5f, 2=com.java.Objects.TestDataDetails@f37bb8, 3=com.java.Objects.TestDataDetails@4c9e55, 4=com.java.Objects.TestDataDetails@1e57f16}
[INFO ][2015-12-07 21:14:52,039][com.java.TestType] [  481] -  str(1) = 1
[INFO ][2015-12-07 21:14:52,039][com.java.TestType] [  484] - Test case Id is---1
[INFO ][2015-12-07 21:14:52,039][com.java.TestType] [  486] - 1
[INFO ][2015-12-07 21:14:52,039][com.java.TestType] [  481] -  str(2) = 5
[INFO ][2015-12-07 21:14:52,040][com.java.TestType] [  533] - row values are--------{1=com.java.Objects.TestDataDetails@826a5f, 2=com.java.Objects.TestDataDetails@f37bb8, 3=com.java.Objects.TestDataDetails@4c9e55, 4=com.java.Objects.TestDataDetails@1e57f16, 5=com.java.Objects.TestDataDetails@48a4ad}
[INFO ][2015-12-07 21:14:52,040][com.java.TestType] [  481] -  str(1) = 1
[INFO ][2015-12-07 21:14:52,040][com.java.TestType] [  484] - Test case Id is---1
[INFO ][2015-12-07 21:14:52,040][com.java.TestType] [  486] - 1
[INFO ][2015-12-07 21:14:52,040][com.java.TestType] [  481] -  str(2) = 6
[INFO ][2015-12-07 21:14:52,041][com.java.TestType] [  533] - row values are--------{1=com.java.Objects.TestDataDetails@826a5f, 2=com.java.Objects.TestDataDetails@f37bb8, 3=com.java.Objects.TestDataDetails@4c9e55, 4=com.java.Objects.TestDataDetails@1e57f16, 5=com.java.Objects.TestDataDetails@48a4ad, 6=com.java.Objects.TestDataDetails@1eb0eac}
[INFO ][2015-12-07 21:14:52,041][com.java.TestType] [  481] -  str(1) = 1
[INFO ][2015-12-07 21:14:52,041][com.java.TestType] [  484] - Test case Id is---1
[INFO ][2015-12-07 21:14:52,041][com.java.TestType] [  486] - 1
[INFO ][2015-12-07 21:14:52,042][com.java.TestType] [  481] -  str(2) = 7
[INFO ][2015-12-07 21:14:52,042][com.java.TestType] [  533] - row values are--------{1=com.java.Objects.TestDataDetails@826a5f, 2=com.java.Objects.TestDataDetails@f37bb8, 3=com.java.Objects.TestDataDetails@4c9e55, 4=com.java.Objects.TestDataDetails@1e57f16, 5=com.java.Objects.TestDataDetails@48a4ad, 6=com.java.Objects.TestDataDetails@1eb0eac, 7=com.java.Objects.TestDataDetails@164f3a}
[INFO ][2015-12-07 21:14:52,043][com.java.TestType] [  481] -  str(1) = 1
[INFO ][2015-12-07 21:14:52,043][com.java.TestType] [  484] - Test case Id is---1
[INFO ][2015-12-07 21:14:52,043][com.java.TestType] [  486] - 1
[INFO ][2015-12-07 21:14:52,043][com.java.TestType] [  481] -  str(2) = 8
[INFO ][2015-12-07 21:14:52,044][com.java.TestType] [  533] - row values are--------{1=com.java.Objects.TestDataDetails@826a5f, 2=com.java.Objects.TestDataDetails@f37bb8, 3=com.java.Objects.TestDataDetails@4c9e55, 4=com.java.Objects.TestDataDetails@1e57f16, 5=com.java.Objects.TestDataDetails@48a4ad, 6=com.java.Objects.TestDataDetails@1eb0eac, 7=com.java.Objects.TestDataDetails@164f3a, 8=com.java.Objects.TestDataDetails@11ac6d5}
[INFO ][2015-12-07 21:14:52,044][com.java.TestType] [  481] -  str(1) = 1
[INFO ][2015-12-07 21:14:52,044][com.java.TestType] [  484] - Test case Id is---1
[INFO ][2015-12-07 21:14:52,044][com.java.TestType] [  486] - 1
[INFO ][2015-12-07 21:14:52,044][com.java.TestType] [  481] -  str(2) = 9
[INFO ][2015-12-07 21:14:52,045][com.java.TestType] [  533] - row values are--------{1=com.java.Objects.TestDataDetails@826a5f, 2=com.java.Objects.TestDataDetails@f37bb8, 3=com.java.Objects.TestDataDetails@4c9e55, 4=com.java.Objects.TestDataDetails@1e57f16, 5=com.java.Objects.TestDataDetails@48a4ad, 6=com.java.Objects.TestDataDetails@1eb0eac, 7=com.java.Objects.TestDataDetails@164f3a, 8=com.java.Objects.TestDataDetails@11ac6d5, 9=com.java.Objects.TestDataDetails@c8f54c}
[INFO ][2015-12-07 21:14:52,045][com.java.TestType] [  481] -  str(1) = 1
[INFO ][2015-12-07 21:14:52,045][com.java.TestType] [  484] - Test case Id is---1
[INFO ][2015-12-07 21:14:52,045][com.java.TestType] [  486] - 1
[INFO ][2015-12-07 21:14:52,046][com.java.TestType] [  481] -  str(2) = 10
[INFO ][2015-12-07 21:14:52,047][com.java.TestType] [  533] - row values are--------{1=com.java.Objects.TestDataDetails@826a5f, 2=com.java.Objects.TestDataDetails@f37bb8, 3=com.java.Objects.TestDataDetails@4c9e55, 4=com.java.Objects.TestDataDetails@1e57f16, 5=com.java.Objects.TestDataDetails@48a4ad, 6=com.java.Objects.TestDataDetails@1eb0eac, 7=com.java.Objects.TestDataDetails@164f3a, 8=com.java.Objects.TestDataDetails@11ac6d5, 9=com.java.Objects.TestDataDetails@c8f54c, 10=com.java.Objects.TestDataDetails@15aa488}
[INFO ][2015-12-07 21:14:52,047][com.java.TestType] [  481] -  str(1) = 1
[INFO ][2015-12-07 21:14:52,047][com.java.TestType] [  484] - Test case Id is---1
[INFO ][2015-12-07 21:14:52,047][com.java.TestType] [  486] - 1
[INFO ][2015-12-07 21:14:52,047][com.java.TestType] [  481] -  str(2) = 11
[INFO ][2015-12-07 21:14:52,048][com.java.TestType] [  533] - row values are--------{1=com.java.Objects.TestDataDetails@826a5f, 2=com.java.Objects.TestDataDetails@f37bb8, 3=com.java.Objects.TestDataDetails@4c9e55, 4=com.java.Objects.TestDataDetails@1e57f16, 5=com.java.Objects.TestDataDetails@48a4ad, 6=com.java.Objects.TestDataDetails@1eb0eac, 7=com.java.Objects.TestDataDetails@164f3a, 8=com.java.Objects.TestDataDetails@11ac6d5, 9=com.java.Objects.TestDataDetails@c8f54c, 10=com.java.Objects.TestDataDetails@15aa488, 11=com.java.Objects.TestDataDetails@fd4978}
[INFO ][2015-12-07 21:14:52,048][com.java.TestType] [  481] -  str(1) = 1
[INFO ][2015-12-07 21:14:52,048][com.java.TestType] [  484] - Test case Id is---1
[INFO ][2015-12-07 21:14:52,048][com.java.TestType] [  486] - 1
[INFO ][2015-12-07 21:14:52,048][com.java.TestType] [  481] -  str(2) = 12
[INFO ][2015-12-07 21:14:52,049][com.java.TestType] [  533] - row values are--------{1=com.java.Objects.TestDataDetails@826a5f, 2=com.java.Objects.TestDataDetails@f37bb8, 3=com.java.Objects.TestDataDetails@4c9e55, 4=com.java.Objects.TestDataDetails@1e57f16, 5=com.java.Objects.TestDataDetails@48a4ad, 6=com.java.Objects.TestDataDetails@1eb0eac, 7=com.java.Objects.TestDataDetails@164f3a, 8=com.java.Objects.TestDataDetails@11ac6d5, 9=com.java.Objects.TestDataDetails@c8f54c, 10=com.java.Objects.TestDataDetails@15aa488, 11=com.java.Objects.TestDataDetails@fd4978, 12=com.java.Objects.TestDataDetails@10fcabf}
[INFO ][2015-12-07 21:14:52,049][com.java.TestType] [  481] -  str(1) = 1
[INFO ][2015-12-07 21:14:52,049][com.java.TestType] [  484] - Test case Id is---1
[INFO ][2015-12-07 21:14:52,049][com.java.TestType] [  486] - 1
[INFO ][2015-12-07 21:14:52,049][com.java.TestType] [  481] -  str(2) = 13
[INFO ][2015-12-07 21:14:52,049][com.java.TestType] [  533] - row values are--------{1=com.java.Objects.TestDataDetails@826a5f, 2=com.java.Objects.TestDataDetails@f37bb8, 3=com.java.Objects.TestDataDetails@4c9e55, 4=com.java.Objects.TestDataDetails@1e57f16, 5=com.java.Objects.TestDataDetails@48a4ad, 6=com.java.Objects.TestDataDetails@1eb0eac, 7=com.java.Objects.TestDataDetails@164f3a, 8=com.java.Objects.TestDataDetails@11ac6d5, 9=com.java.Objects.TestDataDetails@c8f54c, 10=com.java.Objects.TestDataDetails@15aa488, 11=com.java.Objects.TestDataDetails@fd4978, 12=com.java.Objects.TestDataDetails@10fcabf, 13=com.java.Objects.TestDataDetails@1675ff4}
[INFO ][2015-12-07 21:14:52,050][com.java.TestType] [  481] -  str(1) = 1
[INFO ][2015-12-07 21:14:52,050][com.java.TestType] [  484] - Test case Id is---1
[INFO ][2015-12-07 21:14:52,050][com.java.TestType] [  486] - 1
[INFO ][2015-12-07 21:14:52,050][com.java.TestType] [  481] -  str(2) = 14
[INFO ][2015-12-07 21:14:52,050][com.java.TestType] [  533] - row values are--------{1=com.java.Objects.TestDataDetails@826a5f, 2=com.java.Objects.TestDataDetails@f37bb8, 3=com.java.Objects.TestDataDetails@4c9e55, 4=com.java.Objects.TestDataDetails@1e57f16, 5=com.java.Objects.TestDataDetails@48a4ad, 6=com.java.Objects.TestDataDetails@1eb0eac, 7=com.java.Objects.TestDataDetails@164f3a, 8=com.java.Objects.TestDataDetails@11ac6d5, 9=com.java.Objects.TestDataDetails@c8f54c, 10=com.java.Objects.TestDataDetails@15aa488, 11=com.java.Objects.TestDataDetails@fd4978, 12=com.java.Objects.TestDataDetails@10fcabf, 13=com.java.Objects.TestDataDetails@1675ff4, 14=com.java.Objects.TestDataDetails@1939c2e}
[INFO ][2015-12-07 21:14:52,050][com.java.TestType] [  481] -  str(1) = 1
[INFO ][2015-12-07 21:14:52,051][com.java.TestType] [  484] - Test case Id is---1
[INFO ][2015-12-07 21:14:52,051][com.java.TestType] [  486] - 1
[INFO ][2015-12-07 21:14:52,051][com.java.TestType] [  481] -  str(2) = 15
[INFO ][2015-12-07 21:14:52,051][com.java.TestType] [  533] - row values are--------{1=com.java.Objects.TestDataDetails@826a5f, 2=com.java.Objects.TestDataDetails@f37bb8, 3=com.java.Objects.TestDataDetails@4c9e55, 4=com.java.Objects.TestDataDetails@1e57f16, 5=com.java.Objects.TestDataDetails@48a4ad, 6=com.java.Objects.TestDataDetails@1eb0eac, 7=com.java.Objects.TestDataDetails@164f3a, 8=com.java.Objects.TestDataDetails@11ac6d5, 9=com.java.Objects.TestDataDetails@c8f54c, 10=com.java.Objects.TestDataDetails@15aa488, 11=com.java.Objects.TestDataDetails@fd4978, 12=com.java.Objects.TestDataDetails@10fcabf, 13=com.java.Objects.TestDataDetails@1675ff4, 14=com.java.Objects.TestDataDetails@1939c2e, 15=com.java.Objects.TestDataDetails@13e6b10}
[INFO ][2015-12-07 21:14:52,051][com.java.TestType] [  481] -  str(1) = 1
[INFO ][2015-12-07 21:14:52,051][com.java.TestType] [  484] - Test case Id is---1
[INFO ][2015-12-07 21:14:52,052][com.java.TestType] [  486] - 1
[INFO ][2015-12-07 21:14:52,052][com.java.TestType] [  481] -  str(2) = 16
[INFO ][2015-12-07 21:14:52,052][com.java.TestType] [  533] - row values are--------{1=com.java.Objects.TestDataDetails@826a5f, 2=com.java.Objects.TestDataDetails@f37bb8, 3=com.java.Objects.TestDataDetails@4c9e55, 4=com.java.Objects.TestDataDetails@1e57f16, 5=com.java.Objects.TestDataDetails@48a4ad, 6=com.java.Objects.TestDataDetails@1eb0eac, 7=com.java.Objects.TestDataDetails@164f3a, 8=com.java.Objects.TestDataDetails@11ac6d5, 9=com.java.Objects.TestDataDetails@c8f54c, 10=com.java.Objects.TestDataDetails@15aa488, 11=com.java.Objects.TestDataDetails@fd4978, 12=com.java.Objects.TestDataDetails@10fcabf, 13=com.java.Objects.TestDataDetails@1675ff4, 14=com.java.Objects.TestDataDetails@1939c2e, 15=com.java.Objects.TestDataDetails@13e6b10, 16=com.java.Objects.TestDataDetails@6cf15}
[INFO ][2015-12-07 21:14:52,052][com.java.TestType] [ 9967] - Looping 1TCID = 1
[DEBUG][2015-12-07 21:14:52,053][com.java.TestType] [10008] - Concept ID:1 :: Step being Executed: 1::1
[INFO ][2015-12-07 21:14:52,053][com.java.TestType] [10046] - dataFields : TXTusername
[DEBUG][2015-12-07 21:14:52,053][com.java.TestType] [10052] - <In Set values of the page>
[DEBUG][2015-12-07 21:14:52,053][com.java.TestType] [10057] - {Data Fields & Data Values Exist}
[INFO ][2015-12-07 21:14:52,053][com.java.TestType] [10063] - --------------------------setting values-----------------------------
[INFO ][2015-12-07 21:14:52,053][com.java.TestType] [10066] - Action Type : CLEARANDENTER
[INFO ][2015-12-07 21:14:52,053][com.java.TestType] [ 5431] - value = valuelabs.ie10.03890
[INFO ][2015-12-07 21:14:59,524][com.java.TestType] [10085] -  RESULT true
[INFO ][2015-12-07 21:14:59,524][com.java.TestType] [10202] - ?   P A S S   ?
[DEBUG][2015-12-07 21:14:59,524][com.java.TestType] [10008] - Concept ID:1 :: Step being Executed: 1::2
[INFO ][2015-12-07 21:14:59,525][com.java.TestType] [10046] - dataFields : TXTpassword
[DEBUG][2015-12-07 21:14:59,525][com.java.TestType] [10052] - <In Set values of the page>
[DEBUG][2015-12-07 21:14:59,525][com.java.TestType] [10057] - {Data Fields & Data Values Exist}
[INFO ][2015-12-07 21:14:59,525][com.java.TestType] [10063] - --------------------------setting values-----------------------------
[INFO ][2015-12-07 21:14:59,525][com.java.TestType] [10066] - Action Type : CLEARANDENTER
[INFO ][2015-12-07 21:14:59,525][com.java.TestType] [ 5431] - value = Password1*
[INFO ][2015-12-07 21:15:07,027][com.java.TestType] [10085] -  RESULT true
[INFO ][2015-12-07 21:15:07,027][com.java.TestType] [10202] - ?   P A S S   ?
[DEBUG][2015-12-07 21:15:07,027][com.java.TestType] [10008] - Concept ID:1 :: Step being Executed: 1::3
[ERROR][2015-12-07 21:15:07,027][com.java.TestType] [10041] - Exception: null
[INFO ][2015-12-07 21:15:07,027][com.java.TestType] [10046] - dataFields : XPH//button[@type='submit']
[DEBUG][2015-12-07 21:15:07,027][com.java.TestType] [10052] - <In Set values of the page>
[DEBUG][2015-12-07 21:15:07,027][com.java.TestType] [10057] - {Data Fields & Data Values Exist}
[INFO ][2015-12-07 21:15:07,027][com.java.TestType] [10063] - --------------------------setting values-----------------------------
[INFO ][2015-12-07 21:15:07,027][com.java.TestType] [10066] - Action Type : Click
[INFO ][2015-12-07 21:15:07,028][com.java.TestType] [ 5759] - Field ::XPH//button[@type='submit']
[INFO ][2015-12-07 21:15:08,028][com.java.TestType] [ 5853] - BEFORE CLICK
[INFO ][2015-12-07 21:15:08,964][com.java.TestType] [ 5861] - Unable to click the object Login
[INFO ][2015-12-07 21:15:08,964][com.java.TestType] [10085] -  RESULT true
[INFO ][2015-12-07 21:15:08,964][com.java.TestType] [10202] - ?   P A S S   ?
[DEBUG][2015-12-07 21:15:08,964][com.java.TestType] [10008] - Concept ID:1 :: Step being Executed: 1::4
[INFO ][2015-12-07 21:15:08,964][com.java.TestType] [10046] - dataFields : LNKLogout
[DEBUG][2015-12-07 21:15:08,964][com.java.TestType] [10052] - <In Set values of the page>
[DEBUG][2015-12-07 21:15:08,964][com.java.TestType] [10057] - {Data Fields & Data Values Exist}
[INFO ][2015-12-07 21:15:08,965][com.java.TestType] [10063] - --------------------------setting values-----------------------------
[INFO ][2015-12-07 21:15:08,965][com.java.TestType] [10066] - Action Type : WaitForElement
[INFO ][2015-12-07 21:15:14,604][com.java.TestType] [10085] -  RESULT true
[INFO ][2015-12-07 21:15:14,604][com.java.TestType] [10202] - ?   P A S S   ?
[DEBUG][2015-12-07 21:15:14,604][com.java.TestType] [10008] - Concept ID:1 :: Step being Executed: 1::15
[INFO ][2015-12-07 21:15:14,604][com.java.TestType] [10046] - dataFields : LNK
[DEBUG][2015-12-07 21:15:14,604][com.java.TestType] [10052] - <In Set values of the page>
[DEBUG][2015-12-07 21:15:14,605][com.java.TestType] [10057] - {Data Fields & Data Values Exist}
[INFO ][2015-12-07 21:15:14,605][com.java.TestType] [10063] - --------------------------setting values-----------------------------
[INFO ][2015-12-07 21:15:14,605][com.java.TestType] [10066] - Action Type : Verify
[INFO ][2015-12-07 21:15:14,605][com.java.TestType] [ 6659] - field= LNK value= Logout
[INFO ][2015-12-07 21:15:14,605][com.java.TestType] [ 5431] - value = Logout
[INFO ][2015-12-07 21:15:14,661][com.java.TestType] [10085] -  RESULT true
[INFO ][2015-12-07 21:15:14,661][com.java.TestType] [10202] - ?   P A S S   ?
[DEBUG][2015-12-07 21:15:14,661][com.java.TestType] [10008] - Concept ID:1 :: Step being Executed: 1::16
[INFO ][2015-12-07 21:15:14,662][com.java.TestType] [10046] - dataFields : BTN
[DEBUG][2015-12-07 21:15:14,662][com.java.TestType] [10052] - <In Set values of the page>
[DEBUG][2015-12-07 21:15:14,662][com.java.TestType] [10057] - {Data Fields & Data Values Exist}
[INFO ][2015-12-07 21:15:14,662][com.java.TestType] [10063] - --------------------------setting values-----------------------------
[INFO ][2015-12-07 21:15:14,662][com.java.TestType] [10066] - Action Type : Verify
[INFO ][2015-12-07 21:15:14,662][com.java.TestType] [ 6659] - field= BTN value= //img[contains(@src,'bdlogo.jpg')]
[INFO ][2015-12-07 21:15:14,662][com.java.TestType] [ 5431] - value = //img[contains(@src,'bdlogo.jpg')]
[INFO ][2015-12-07 21:15:14,777][com.java.TestType] [10085] -  RESULT true
[INFO ][2015-12-07 21:15:14,777][com.java.TestType] [10202] - ?   P A S S   ?
[INFO ][2015-12-07 21:15:14,777][com.java.TestType] [10273] - Looping End......
[INFO ][2015-12-07 21:15:14,778][com.java.SeleniumDriver] [  893] -  RESULT true
[INFO ][2015-12-07 21:15:14,778][com.java.SeleniumDriver] [ 1099] - ?   P A S S   ?
[INFO ][2015-12-07 21:15:14,778][com.java.SeleniumDriver] [  820] - ------------------------------------------
[INFO ][2015-12-07 21:15:14,778][com.java.SeleniumDriver] [  821] - Test case being Executed: 1
[INFO ][2015-12-07 21:15:14,778][com.java.SeleniumDriver] [  832] - Test step:2
[INFO ][2015-12-07 21:15:14,778][com.java.SeleniumDriver] [  844] - Datavalue is----------Concept#2:1-2
[INFO ][2015-12-07 21:15:14,778][com.java.SeleniumDriver] [  868] - DataField : test
[INFO ][2015-12-07 21:15:14,778][com.java.SeleniumDriver] [  870] - DataValue : Concept#2:1-2
[INFO ][2015-12-07 21:15:14,778][com.java.SeleniumDriver] [  876] - <In Set values of the page>
[INFO ][2015-12-07 21:15:14,778][com.java.SeleniumDriver] [  879] - {Data Fields & Data Values Exist}
[INFO ][2015-12-07 21:15:14,778][com.java.SeleniumDriver] [  881] - --------------------------setting values-----------------------------
[INFO ][2015-12-07 21:15:14,778][com.java.SeleniumDriver] [  884] - Action Type : ExecuteTestCase
[INFO ][2015-12-07 21:15:14,779][com.java.TestType] [  436] - The Concept sheet name is ---------- Concept
[INFO ][2015-12-07 21:15:14,779][com.java.TestType] [  439] - The Concept ID  is ---------- 2
[DEBUG][2015-12-07 21:15:14,779][com.java.TestType] [  443] - Steps being executted in the Concept are: 1:2
[INFO ][2015-12-07 21:15:14,779][com.java.TestType] [  450] - Test data details path ---------- D:\BankersDashboard\TestInputs\TestData.xls
[INFO ][2015-12-07 21:15:14,788][com.java.TestType] [  481] -  str(1) = 2
[INFO ][2015-12-07 21:15:14,789][com.java.TestType] [  484] - Test case Id is---2
[INFO ][2015-12-07 21:15:14,789][com.java.TestType] [  486] - 2
[INFO ][2015-12-07 21:15:14,789][com.java.TestType] [  481] -  str(2) = 1
[INFO ][2015-12-07 21:15:14,790][com.java.TestType] [  533] - row values are--------{1=com.java.Objects.TestDataDetails@78eb54}
[INFO ][2015-12-07 21:15:14,790][com.java.TestType] [  481] -  str(1) = 2
[INFO ][2015-12-07 21:15:14,790][com.java.TestType] [  484] - Test case Id is---2
[INFO ][2015-12-07 21:15:14,790][com.java.TestType] [  486] - 2
[INFO ][2015-12-07 21:15:14,790][com.java.TestType] [  481] -  str(2) = 2
[INFO ][2015-12-07 21:15:14,791][com.java.TestType] [  533] - row values are--------{1=com.java.Objects.TestDataDetails@78eb54, 2=com.java.Objects.TestDataDetails@61adb1}
[INFO ][2015-12-07 21:15:14,791][com.java.TestType] [  481] -  str(1) = 2
[INFO ][2015-12-07 21:15:14,791][com.java.TestType] [  484] - Test case Id is---2
[INFO ][2015-12-07 21:15:14,791][com.java.TestType] [  486] - 2
[INFO ][2015-12-07 21:15:14,791][com.java.TestType] [  481] -  str(2) = 3
[INFO ][2015-12-07 21:15:14,792][com.java.TestType] [  533] - row values are--------{1=com.java.Objects.TestDataDetails@78eb54, 2=com.java.Objects.TestDataDetails@61adb1, 3=com.java.Objects.TestDataDetails@1e5a19e}
[INFO ][2015-12-07 21:15:14,792][com.java.TestType] [ 9967] - Looping 1TCID = 2
[DEBUG][2015-12-07 21:15:14,792][com.java.TestType] [10008] - Concept ID:2 :: Step being Executed: 2::1
[INFO ][2015-12-07 21:15:14,792][com.java.TestType] [10046] - dataFields : BNK//select[@id='bank']
[DEBUG][2015-12-07 21:15:14,792][com.java.TestType] [10052] - <In Set values of the page>
[DEBUG][2015-12-07 21:15:14,792][com.java.TestType] [10057] - {Data Fields & Data Values Exist}
[INFO ][2015-12-07 21:15:14,792][com.java.TestType] [10063] - --------------------------setting values-----------------------------
[INFO ][2015-12-07 21:15:14,792][com.java.TestType] [10066] - Action Type : Select
[INFO ][2015-12-07 21:15:14,792][com.java.TestType] [ 5431] - value = PFC
[INFO ][2015-12-07 21:15:15,128][com.java.TestType] [10085] -  RESULT true
[INFO ][2015-12-07 21:15:15,128][com.java.TestType] [10202] - ?   P A S S   ?
[DEBUG][2015-12-07 21:15:15,128][com.java.TestType] [10008] - Concept ID:2 :: Step being Executed: 2::2
[INFO ][2015-12-07 21:15:15,128][com.java.TestType] [10046] - dataFields : LNKLogout
[DEBUG][2015-12-07 21:15:15,128][com.java.TestType] [10052] - <In Set values of the page>
[DEBUG][2015-12-07 21:15:15,128][com.java.TestType] [10057] - {Data Fields & Data Values Exist}
[INFO ][2015-12-07 21:15:15,128][com.java.TestType] [10063] - --------------------------setting values-----------------------------
[INFO ][2015-12-07 21:15:15,128][com.java.TestType] [10066] - Action Type : WaitTime
[DEBUG][2015-12-07 21:15:15,128][com.java.TestType] [ 5251] - sleepTime: 5000
[INFO ][2015-12-07 21:15:20,128][com.java.TestType] [10085] -  RESULT true
[INFO ][2015-12-07 21:15:20,128][com.java.TestType] [10202] - ?   P A S S   ?
[INFO ][2015-12-07 21:15:20,128][com.java.TestType] [10273] - Looping End......
[INFO ][2015-12-07 21:15:20,128][com.java.SeleniumDriver] [  893] -  RESULT true
[INFO ][2015-12-07 21:15:20,128][com.java.SeleniumDriver] [ 1099] - ?   P A S S   ?
[INFO ][2015-12-07 21:15:20,129][com.java.SeleniumDriver] [  820] - ------------------------------------------
[INFO ][2015-12-07 21:15:20,129][com.java.SeleniumDriver] [  821] - Test case being Executed: 1
[INFO ][2015-12-07 21:15:20,129][com.java.SeleniumDriver] [  832] - Test step:3
[INFO ][2015-12-07 21:15:20,129][com.java.SeleniumDriver] [  844] - Datavalue is----------2
[INFO ][2015-12-07 21:15:20,129][com.java.SeleniumDriver] [  868] - DataField : XPH//button[contains(text(),'Add Content')]
[INFO ][2015-12-07 21:15:20,129][com.java.SeleniumDriver] [  870] - DataValue : 2
[INFO ][2015-12-07 21:15:20,129][com.java.SeleniumDriver] [  876] - <In Set values of the page>
[INFO ][2015-12-07 21:15:20,129][com.java.SeleniumDriver] [  879] - {Data Fields & Data Values Exist}
[INFO ][2015-12-07 21:15:20,129][com.java.SeleniumDriver] [  881] - --------------------------setting values-----------------------------
[INFO ][2015-12-07 21:15:20,129][com.java.SeleniumDriver] [  884] - Action Type : WAITFORELEMENT
[INFO ][2015-12-07 21:15:20,189][com.java.SeleniumDriver] [  893] -  RESULT true
[INFO ][2015-12-07 21:15:20,189][com.java.SeleniumDriver] [ 1099] - ?   P A S S   ?
[DEBUG][2015-12-07 21:15:20,189][com.java.SeleniumDriver] [ 1211] - Case found
[DEBUG][2015-12-07 21:15:20,189][com.java.SeleniumDriver] [ 1216] - Incrementing ReportCounters[0]:1
[INFO ][2015-12-07 21:15:20,189][com.java.SeleniumDriver] [ 1235] - The results are-------------------[1, 1, Valid Login, Pass, , Mon Dec 07 21:15:14 IST 2015, 1, 2, Valid Login, Pass, , Mon Dec 07 21:15:20 IST 2015, 1, 3, Valid Login, Pass, , Mon Dec 07 21:15:20 IST 2015]
[INFO ][2015-12-07 21:15:20,189][com.java.SeleniumDriver] [ 1239] - End time is-------56 sec
[INFO ][2015-12-07 21:15:20,189][com.java.SeleniumDriver] [ 1240] - The results are-------------------[1, 1, Valid Login, Pass, , Mon Dec 07 21:15:14 IST 2015, 1, 2, Valid Login, Pass, , Mon Dec 07 21:15:20 IST 2015, 1, 3, Valid Login, Pass, , Mon Dec 07 21:15:20 IST 2015]
[DEBUG][2015-12-07 21:15:20,190][com.java.ImportnExport.ExportTestResultsExcel] [  222] - testResultPath = D:\BankersDashboard/TestReports/Test Results_BankersDashBoard_120715_211443_IE10_Simmons First National Bank.xls
[DEBUG][2015-12-07 21:15:20,190][com.java.ImportnExport.ExportTestResultsExcel] [  223] - browser is------------IE10
[DEBUG][2015-12-07 21:15:20,193][com.java.ImportnExport.ExportTestResultsExcel] [  270] - result.size() = 18
[DEBUG][2015-12-07 21:15:20,193][com.java.ImportnExport.ExportTestResultsExcel] [  274] - No of rows in sheet=1
[DEBUG][2015-12-07 21:15:20,194][com.java.ImportnExport.ExportTestResultsExcel] [  301] - ..in export..1
[DEBUG][2015-12-07 21:15:20,194][com.java.ImportnExport.ExportTestResultsExcel] [  301] - ..in export..Valid Login
[DEBUG][2015-12-07 21:15:20,194][com.java.ImportnExport.ExportTestResultsExcel] [  301] - ..in export..Pass
[DEBUG][2015-12-07 21:15:20,194][com.java.ImportnExport.ExportTestResultsExcel] [  301] - ..in export..
[DEBUG][2015-12-07 21:15:20,194][com.java.ImportnExport.ExportTestResultsExcel] [  301] - ..in export..Mon Dec 07 21:15:14 IST 2015
[INFO ][2015-12-07 21:15:20,195][com.java.SeleniumDriver] [ 1298] - out loop:0 size:12 TestCases:[1, 2, 3, 4, 5, 6, 7, 8, 9, 10, 11, 12] testcases:[1, 2, 3, 4, 5, 6, 7, 8, 9, 10, 11, 12]
[INFO ][2015-12-07 21:15:20,195][com.java.ImportnExport.ImportTestDataDetailsExcel] [   49] - test data details path===== D:\BankersDashboard\TestInputs\TestData.xls
[DEBUG][2015-12-07 21:15:59,287][com.java.TestType] [ 6347] - //td[text()='Consolidated']   :: Element not Found
[INFO ][2015-12-07 21:16:09,288][com.java.SeleniumDriver] [  820] - ------------------------------------------
[INFO ][2015-12-07 21:16:09,288][com.java.SeleniumDriver] [  821] - Test case being Executed: 2
[INFO ][2015-12-07 21:16:09,288][com.java.SeleniumDriver] [  832] - Test step:1
[INFO ][2015-12-07 21:16:09,288][com.java.SeleniumDriver] [  844] - Datavalue is----------Logout
[INFO ][2015-12-07 21:16:09,288][com.java.SeleniumDriver] [  868] - DataField : BTN
[INFO ][2015-12-07 21:16:09,288][com.java.SeleniumDriver] [  870] - DataValue : Logout
[INFO ][2015-12-07 21:16:09,288][com.java.SeleniumDriver] [  876] - <In Set values of the page>
[INFO ][2015-12-07 21:16:09,288][com.java.SeleniumDriver] [  879] - {Data Fields & Data Values Exist}
[INFO ][2015-12-07 21:16:09,288][com.java.SeleniumDriver] [  881] - --------------------------setting values-----------------------------
[INFO ][2015-12-07 21:16:09,288][com.java.SeleniumDriver] [  884] - Action Type : Verify
[INFO ][2015-12-07 21:16:09,288][com.java.TestType] [ 6659] - field= BTN value= Logout
[INFO ][2015-12-07 21:16:09,288][com.java.TestType] [ 5431] - value = Logout
[INFO ][2015-12-07 21:16:09,419][com.java.SeleniumDriver] [  893] -  RESULT true
[INFO ][2015-12-07 21:16:09,419][com.java.SeleniumDriver] [ 1099] - ?   P A S S   ?
[INFO ][2015-12-07 21:16:09,419][com.java.SeleniumDriver] [ 1141] - step change to 3
[INFO ][2015-12-07 21:16:09,419][com.java.SeleniumDriver] [  820] - ------------------------------------------
[INFO ][2015-12-07 21:16:09,419][com.java.SeleniumDriver] [  821] - Test case being Executed: 2
[INFO ][2015-12-07 21:16:09,419][com.java.SeleniumDriver] [  832] - Test step:3
[INFO ][2015-12-07 21:16:09,419][com.java.SeleniumDriver] [  844] - Datavalue is----------Concept#2:1-2
[INFO ][2015-12-07 21:16:09,419][com.java.SeleniumDriver] [  868] - DataField : test
[INFO ][2015-12-07 21:16:09,419][com.java.SeleniumDriver] [  870] - DataValue : Concept#2:1-2
[INFO ][2015-12-07 21:16:09,419][com.java.SeleniumDriver] [  876] - <In Set values of the page>
[INFO ][2015-12-07 21:16:09,419][com.java.SeleniumDriver] [  879] - {Data Fields & Data Values Exist}
[INFO ][2015-12-07 21:16:09,419][com.java.SeleniumDriver] [  881] - --------------------------setting values-----------------------------
[INFO ][2015-12-07 21:16:09,419][com.java.SeleniumDriver] [  884] - Action Type : ExecuteTestCase
[INFO ][2015-12-07 21:16:09,420][com.java.TestType] [  436] - The Concept sheet name is ---------- Concept
[INFO ][2015-12-07 21:16:09,420][com.java.TestType] [  439] - The Concept ID  is ---------- 2
[DEBUG][2015-12-07 21:16:09,420][com.java.TestType] [  443] - Steps being executted in the Concept are: 1:2
[INFO ][2015-12-07 21:16:09,420][com.java.TestType] [  450] - Test data details path ---------- D:\BankersDashboard\TestInputs\TestData.xls
[INFO ][2015-12-07 21:16:09,451][com.java.TestType] [  481] -  str(1) = 2
[INFO ][2015-12-07 21:16:09,452][com.java.TestType] [  484] - Test case Id is---2
[INFO ][2015-12-07 21:16:09,452][com.java.TestType] [  486] - 2
[INFO ][2015-12-07 21:16:09,452][com.java.TestType] [  481] -  str(2) = 1
[INFO ][2015-12-07 21:16:09,453][com.java.TestType] [  533] - row values are--------{1=com.java.Objects.TestDataDetails@175445}
[INFO ][2015-12-07 21:16:09,453][com.java.TestType] [  481] -  str(1) = 2
[INFO ][2015-12-07 21:16:09,454][com.java.TestType] [  484] - Test case Id is---2
[INFO ][2015-12-07 21:16:09,454][com.java.TestType] [  486] - 2
[INFO ][2015-12-07 21:16:09,454][com.java.TestType] [  481] -  str(2) = 2
[INFO ][2015-12-07 21:16:09,454][com.java.TestType] [  533] - row values are--------{1=com.java.Objects.TestDataDetails@175445, 2=com.java.Objects.TestDataDetails@1027c78}
[INFO ][2015-12-07 21:16:09,454][com.java.TestType] [  481] -  str(1) = 2
[INFO ][2015-12-07 21:16:09,454][com.java.TestType] [  484] - Test case Id is---2
[INFO ][2015-12-07 21:16:09,454][com.java.TestType] [  486] - 2
[INFO ][2015-12-07 21:16:09,455][com.java.TestType] [  481] -  str(2) = 3
[INFO ][2015-12-07 21:16:09,455][com.java.TestType] [  533] - row values are--------{1=com.java.Objects.TestDataDetails@175445, 2=com.java.Objects.TestDataDetails@1027c78, 3=com.java.Objects.TestDataDetails@1f9bd83}
[INFO ][2015-12-07 21:16:09,455][com.java.TestType] [ 9967] - Looping 1TCID = 2
[DEBUG][2015-12-07 21:16:09,455][com.java.TestType] [10008] - Concept ID:2 :: Step being Executed: 2::1
[INFO ][2015-12-07 21:16:09,455][com.java.TestType] [10046] - dataFields : BNK//select[@id='bank']
[DEBUG][2015-12-07 21:16:09,455][com.java.TestType] [10052] - <In Set values of the page>
[DEBUG][2015-12-07 21:16:09,456][com.java.TestType] [10057] - {Data Fields & Data Values Exist}
[INFO ][2015-12-07 21:16:09,456][com.java.TestType] [10063] - --------------------------setting values-----------------------------
[INFO ][2015-12-07 21:16:09,456][com.java.TestType] [10066] - Action Type : Select
[INFO ][2015-12-07 21:16:09,456][com.java.TestType] [ 5431] - value = PFC
[INFO ][2015-12-07 21:16:09,782][com.java.TestType] [10085] -  RESULT true
[INFO ][2015-12-07 21:16:09,782][com.java.TestType] [10202] - ?   P A S S   ?
[DEBUG][2015-12-07 21:16:09,782][com.java.TestType] [10008] - Concept ID:2 :: Step being Executed: 2::2
[INFO ][2015-12-07 21:16:09,782][com.java.TestType] [10046] - dataFields : LNKLogout
[DEBUG][2015-12-07 21:16:09,782][com.java.TestType] [10052] - <In Set values of the page>
[DEBUG][2015-12-07 21:16:09,782][com.java.TestType] [10057] - {Data Fields & Data Values Exist}
[INFO ][2015-12-07 21:16:09,782][com.java.TestType] [10063] - --------------------------setting values-----------------------------
[INFO ][2015-12-07 21:16:09,782][com.java.TestType] [10066] - Action Type : WaitTime
[DEBUG][2015-12-07 21:16:09,782][com.java.TestType] [ 5251] - sleepTime: 5000
[INFO ][2015-12-07 21:16:14,783][com.java.TestType] [10085] -  RESULT true
[INFO ][2015-12-07 21:16:14,783][com.java.TestType] [10202] - ?   P A S S   ?
[INFO ][2015-12-07 21:16:14,783][com.java.TestType] [10273] - Looping End......
[INFO ][2015-12-07 21:16:14,787][com.java.SeleniumDriver] [  893] -  RESULT true
[INFO ][2015-12-07 21:16:14,787][com.java.SeleniumDriver] [ 1099] - ?   P A S S   ?
[INFO ][2015-12-07 21:16:14,787][com.java.SeleniumDriver] [  820] - ------------------------------------------
[INFO ][2015-12-07 21:16:14,787][com.java.SeleniumDriver] [  821] - Test case being Executed: 2
[INFO ][2015-12-07 21:16:14,787][com.java.SeleniumDriver] [  832] - Test step:4
[INFO ][2015-12-07 21:16:14,787][com.java.SeleniumDriver] [  844] - Datavalue is----------null
[DEBUG][2015-12-07 21:16:14,788][com.java.SeleniumDriver] [  862] - Exception: null
[INFO ][2015-12-07 21:16:14,788][com.java.SeleniumDriver] [  868] - DataField : //span[@class='icon-stats']&&//a[@data-id="Forecasting"]
[INFO ][2015-12-07 21:16:14,788][com.java.SeleniumDriver] [  870] - DataValue : 
[INFO ][2015-12-07 21:16:14,788][com.java.SeleniumDriver] [  876] - <In Set values of the page>
[INFO ][2015-12-07 21:16:14,788][com.java.SeleniumDriver] [  879] - {Data Fields & Data Values Exist}
[INFO ][2015-12-07 21:16:14,788][com.java.SeleniumDriver] [  881] - --------------------------setting values-----------------------------
[INFO ][2015-12-07 21:16:14,788][com.java.SeleniumDriver] [  884] - Action Type : MOUSEOVER
[INFO ][2015-12-07 21:16:35,059][com.java.SeleniumDriver] [  893] -  RESULT true
[INFO ][2015-12-07 21:16:35,059][com.java.SeleniumDriver] [ 1099] - ?   P A S S   ?
[INFO ][2015-12-07 21:16:35,059][com.java.SeleniumDriver] [  820] - ------------------------------------------
[INFO ][2015-12-07 21:16:35,059][com.java.SeleniumDriver] [  821] - Test case being Executed: 2
[INFO ][2015-12-07 21:16:35,059][com.java.SeleniumDriver] [  832] - Test step:5
[INFO ][2015-12-07 21:16:35,059][com.java.SeleniumDriver] [  844] - Datavalue is----------5
[INFO ][2015-12-07 21:16:35,059][com.java.SeleniumDriver] [  868] - DataField : null
[INFO ][2015-12-07 21:16:35,059][com.java.SeleniumDriver] [  870] - DataValue : 5
[INFO ][2015-12-07 21:16:35,059][com.java.SeleniumDriver] [  876] - <In Set values of the page>
[INFO ][2015-12-07 21:16:35,059][com.java.SeleniumDriver] [  879] - {Data Fields & Data Values Exist}
[INFO ][2015-12-07 21:16:35,059][com.java.SeleniumDriver] [  881] - --------------------------setting values-----------------------------
[INFO ][2015-12-07 21:16:35,059][com.java.SeleniumDriver] [  884] - Action Type : WAITTIME
[DEBUG][2015-12-07 21:16:35,059][com.java.TestType] [ 5251] - sleepTime: 5000
[INFO ][2015-12-07 21:16:40,060][com.java.SeleniumDriver] [  893] -  RESULT true
[INFO ][2015-12-07 21:16:40,060][com.java.SeleniumDriver] [ 1099] - ?   P A S S   ?
[INFO ][2015-12-07 21:16:40,060][com.java.SeleniumDriver] [  820] - ------------------------------------------
[INFO ][2015-12-07 21:16:40,060][com.java.SeleniumDriver] [  821] - Test case being Executed: 2
[INFO ][2015-12-07 21:16:40,060][com.java.SeleniumDriver] [  832] - Test step:6
[INFO ][2015-12-07 21:16:40,060][com.java.SeleniumDriver] [  844] - Datavalue is----------Forecasting 
[INFO ][2015-12-07 21:16:40,060][com.java.SeleniumDriver] [  868] - DataField : TTL
[INFO ][2015-12-07 21:16:40,060][com.java.SeleniumDriver] [  870] - DataValue : Forecasting 
[INFO ][2015-12-07 21:16:40,060][com.java.SeleniumDriver] [  876] - <In Set values of the page>
[INFO ][2015-12-07 21:16:40,060][com.java.SeleniumDriver] [  879] - {Data Fields & Data Values Exist}
[INFO ][2015-12-07 21:16:40,060][com.java.SeleniumDriver] [  881] - --------------------------setting values-----------------------------
[INFO ][2015-12-07 21:16:40,060][com.java.SeleniumDriver] [  884] - Action Type : SELECTWINDOW
[INFO ][2015-12-07 21:16:52,480][com.java.SeleniumDriver] [  893] -  RESULT true
[INFO ][2015-12-07 21:16:52,480][com.java.SeleniumDriver] [ 1099] - ?   P A S S   ?
[INFO ][2015-12-07 21:16:52,480][com.java.SeleniumDriver] [  820] - ------------------------------------------
[INFO ][2015-12-07 21:16:52,480][com.java.SeleniumDriver] [  821] - Test case being Executed: 2
[INFO ][2015-12-07 21:16:52,480][com.java.SeleniumDriver] [  832] - Test step:7
[INFO ][2015-12-07 21:16:52,480][com.java.SeleniumDriver] [  844] - Datavalue is----------2
[INFO ][2015-12-07 21:16:52,480][com.java.SeleniumDriver] [  868] - DataField : BTNframeDialogContent
[INFO ][2015-12-07 21:16:52,480][com.java.SeleniumDriver] [  870] - DataValue : 2
[INFO ][2015-12-07 21:16:52,480][com.java.SeleniumDriver] [  876] - <In Set values of the page>
[INFO ][2015-12-07 21:16:52,480][com.java.SeleniumDriver] [  879] - {Data Fields & Data Values Exist}
[INFO ][2015-12-07 21:16:52,480][com.java.SeleniumDriver] [  881] - --------------------------setting values-----------------------------
[INFO ][2015-12-07 21:16:52,480][com.java.SeleniumDriver] [  884] - Action Type : WAITFORELEMENT
[INFO ][2015-12-07 21:16:54,191][com.java.SeleniumDriver] [  893] -  RESULT true
[INFO ][2015-12-07 21:16:54,191][com.java.SeleniumDriver] [ 1099] - ?   P A S S   ?
[INFO ][2015-12-07 21:16:54,192][com.java.SeleniumDriver] [  820] - ------------------------------------------
[INFO ][2015-12-07 21:16:54,192][com.java.SeleniumDriver] [  821] - Test case being Executed: 2
[INFO ][2015-12-07 21:16:54,192][com.java.SeleniumDriver] [  832] - Test step:8
[INFO ][2015-12-07 21:16:54,192][com.java.SeleniumDriver] [  844] - Datavalue is----------Forecasting 
[INFO ][2015-12-07 21:16:54,192][com.java.SeleniumDriver] [  868] - DataField : XPH//span[@class='ui-dialog-title']
[INFO ][2015-12-07 21:16:54,192][com.java.SeleniumDriver] [  870] - DataValue : Forecasting 
[INFO ][2015-12-07 21:16:54,192][com.java.SeleniumDriver] [  876] - <In Set values of the page>
[INFO ][2015-12-07 21:16:54,192][com.java.SeleniumDriver] [  879] - {Data Fields & Data Values Exist}
[INFO ][2015-12-07 21:16:54,192][com.java.SeleniumDriver] [  881] - --------------------------setting values-----------------------------
[INFO ][2015-12-07 21:16:54,192][com.java.SeleniumDriver] [  884] - Action Type : VERIFY
[INFO ][2015-12-07 21:16:54,192][com.java.TestType] [ 6659] - field= XPH//span[@class='ui-dialog-title'] value= Forecasting 
[INFO ][2015-12-07 21:16:54,192][com.java.TestType] [ 5431] - value = Forecasting 
[INFO ][2015-12-07 21:16:54,360][com.java.SeleniumDriver] [  893] -  RESULT true
[INFO ][2015-12-07 21:16:54,360][com.java.SeleniumDriver] [ 1099] - ?   P A S S   ?
[INFO ][2015-12-07 21:16:54,360][com.java.SeleniumDriver] [  820] - ------------------------------------------
[INFO ][2015-12-07 21:16:54,361][com.java.SeleniumDriver] [  821] - Test case being Executed: 2
[INFO ][2015-12-07 21:16:54,362][com.java.SeleniumDriver] [  832] - Test step:9
[INFO ][2015-12-07 21:16:54,362][com.java.SeleniumDriver] [  844] - Datavalue is----------2
[INFO ][2015-12-07 21:16:54,362][com.java.SeleniumDriver] [  868] - DataField : DSP//span[contains(text(),'Forecasting')]
[INFO ][2015-12-07 21:16:54,362][com.java.SeleniumDriver] [  870] - DataValue : 2
[INFO ][2015-12-07 21:16:54,362][com.java.SeleniumDriver] [  876] - <In Set values of the page>
[INFO ][2015-12-07 21:16:54,362][com.java.SeleniumDriver] [  879] - {Data Fields & Data Values Exist}
[INFO ][2015-12-07 21:16:54,362][com.java.SeleniumDriver] [  881] - --------------------------setting values-----------------------------
[INFO ][2015-12-07 21:16:54,362][com.java.SeleniumDriver] [  884] - Action Type : WAITFORELEMENT
[INFO ][2015-12-07 21:16:54,503][com.java.SeleniumDriver] [  893] -  RESULT true
[INFO ][2015-12-07 21:16:54,503][com.java.SeleniumDriver] [ 1099] - ?   P A S S   ?
[INFO ][2015-12-07 21:16:54,503][com.java.SeleniumDriver] [  820] - ------------------------------------------
[INFO ][2015-12-07 21:16:54,504][com.java.SeleniumDriver] [  821] - Test case being Executed: 2
[INFO ][2015-12-07 21:16:54,504][com.java.SeleniumDriver] [  832] - Test step:10
[INFO ][2015-12-07 21:16:54,504][com.java.SeleniumDriver] [  844] - Datavalue is----------null
[DEBUG][2015-12-07 21:16:54,504][com.java.SeleniumDriver] [  862] - Exception: null
[INFO ][2015-12-07 21:16:54,504][com.java.SeleniumDriver] [  868] - DataField : BTNframeDialogContent
[INFO ][2015-12-07 21:16:54,505][com.java.SeleniumDriver] [  870] - DataValue : 
[INFO ][2015-12-07 21:16:54,505][com.java.SeleniumDriver] [  876] - <In Set values of the page>
[INFO ][2015-12-07 21:16:54,505][com.java.SeleniumDriver] [  879] - {Data Fields & Data Values Exist}
[INFO ][2015-12-07 21:16:54,505][com.java.SeleniumDriver] [  881] - --------------------------setting values-----------------------------
[INFO ][2015-12-07 21:16:54,505][com.java.SeleniumDriver] [  884] - Action Type : SELECTFRAME
[INFO ][2015-12-07 21:16:56,232][com.java.SeleniumDriver] [  893] -  RESULT true
[INFO ][2015-12-07 21:16:56,232][com.java.SeleniumDriver] [ 1099] - ?   P A S S   ?
[INFO ][2015-12-07 21:16:56,232][com.java.SeleniumDriver] [  820] - ------------------------------------------
[INFO ][2015-12-07 21:16:56,232][com.java.SeleniumDriver] [  821] - Test case being Executed: 2
[INFO ][2015-12-07 21:16:56,232][com.java.SeleniumDriver] [  832] - Test step:11
[INFO ][2015-12-07 21:16:56,232][com.java.SeleniumDriver] [  844] - Datavalue is----------10
[INFO ][2015-12-07 21:16:56,232][com.java.SeleniumDriver] [  868] - DataField : DSPddlProjects
[INFO ][2015-12-07 21:16:56,232][com.java.SeleniumDriver] [  870] - DataValue : 10
[INFO ][2015-12-07 21:16:56,232][com.java.SeleniumDriver] [  876] - <In Set values of the page>
[INFO ][2015-12-07 21:16:56,232][com.java.SeleniumDriver] [  879] - {Data Fields & Data Values Exist}
[INFO ][2015-12-07 21:16:56,232][com.java.SeleniumDriver] [  881] - --------------------------setting values-----------------------------
[INFO ][2015-12-07 21:16:56,232][com.java.SeleniumDriver] [  884] - Action Type : WAITFORELEMENT
[INFO ][2015-12-07 21:16:57,927][com.java.SeleniumDriver] [  893] -  RESULT true
[INFO ][2015-12-07 21:16:57,927][com.java.SeleniumDriver] [ 1099] - ?   P A S S   ?
[INFO ][2015-12-07 21:16:57,927][com.java.SeleniumDriver] [  820] - ------------------------------------------
[INFO ][2015-12-07 21:16:57,928][com.java.SeleniumDriver] [  821] - Test case being Executed: 2
[INFO ][2015-12-07 21:16:57,928][com.java.SeleniumDriver] [  832] - Test step:12
[INFO ][2015-12-07 21:16:57,928][com.java.SeleniumDriver] [  844] - Datavalue is----------index:1
[INFO ][2015-12-07 21:16:57,928][com.java.SeleniumDriver] [  868] - DataField : COBddlProjects
[INFO ][2015-12-07 21:16:57,928][com.java.SeleniumDriver] [  870] - DataValue : index:1
[INFO ][2015-12-07 21:16:57,928][com.java.SeleniumDriver] [  876] - <In Set values of the page>
[INFO ][2015-12-07 21:16:57,928][com.java.SeleniumDriver] [  879] - {Data Fields & Data Values Exist}
[INFO ][2015-12-07 21:16:57,928][com.java.SeleniumDriver] [  881] - --------------------------setting values-----------------------------
[INFO ][2015-12-07 21:16:57,928][com.java.SeleniumDriver] [  884] - Action Type : SELECT
[INFO ][2015-12-07 21:16:57,928][com.java.TestType] [ 5431] - value = 1
[INFO ][2015-12-07 21:16:59,589][com.java.TestType] [ 5549] -  In COB ddlProjects : 1
[INFO ][2015-12-07 21:16:59,765][com.java.SeleniumDriver] [  893] -  RESULT true
[INFO ][2015-12-07 21:16:59,765][com.java.SeleniumDriver] [ 1099] - ?   P A S S   ?
[INFO ][2015-12-07 21:16:59,765][com.java.SeleniumDriver] [ 1136] - Continue next step...
[INFO ][2015-12-07 21:16:59,766][com.java.SeleniumDriver] [  820] - ------------------------------------------
[INFO ][2015-12-07 21:16:59,766][com.java.SeleniumDriver] [  821] - Test case being Executed: 2
[INFO ][2015-12-07 21:16:59,766][com.java.SeleniumDriver] [  832] - Test step:13
[INFO ][2015-12-07 21:16:59,766][com.java.SeleniumDriver] [  844] - Datavalue is----------null
[DEBUG][2015-12-07 21:16:59,766][com.java.SeleniumDriver] [  862] - Exception: null
[INFO ][2015-12-07 21:16:59,766][com.java.SeleniumDriver] [  868] - DataField : HDNbtnOpenProject
[INFO ][2015-12-07 21:16:59,766][com.java.SeleniumDriver] [  870] - DataValue : 
[INFO ][2015-12-07 21:16:59,766][com.java.SeleniumDriver] [  876] - <In Set values of the page>
[INFO ][2015-12-07 21:16:59,766][com.java.SeleniumDriver] [  879] - {Data Fields & Data Values Exist}
[INFO ][2015-12-07 21:16:59,766][com.java.SeleniumDriver] [  881] - --------------------------setting values-----------------------------
[INFO ][2015-12-07 21:16:59,766][com.java.SeleniumDriver] [  884] - Action Type : CLICK
[INFO ][2015-12-07 21:16:59,766][com.java.TestType] [ 5759] - Field ::HDNbtnOpenProject
[INFO ][2015-12-07 21:17:03,574][com.java.SeleniumDriver] [  893] -  RESULT true
[INFO ][2015-12-07 21:17:03,574][com.java.SeleniumDriver] [ 1099] - ?   P A S S   ?
[INFO ][2015-12-07 21:17:03,574][com.java.SeleniumDriver] [  820] - ------------------------------------------
[INFO ][2015-12-07 21:17:03,574][com.java.SeleniumDriver] [  821] - Test case being Executed: 2
[INFO ][2015-12-07 21:17:03,574][com.java.SeleniumDriver] [  832] - Test step:14
[INFO ][2015-12-07 21:17:03,574][com.java.SeleniumDriver] [  844] - Datavalue is----------null
[DEBUG][2015-12-07 21:17:03,574][com.java.SeleniumDriver] [  862] - Exception: null
[INFO ][2015-12-07 21:17:03,574][com.java.SeleniumDriver] [  868] - DataField : BTNParent
[INFO ][2015-12-07 21:17:03,575][com.java.SeleniumDriver] [  870] - DataValue : 
[INFO ][2015-12-07 21:17:03,575][com.java.SeleniumDriver] [  876] - <In Set values of the page>
[INFO ][2015-12-07 21:17:03,575][com.java.SeleniumDriver] [  879] - {Data Fields & Data Values Exist}
[INFO ][2015-12-07 21:17:03,575][com.java.SeleniumDriver] [  881] - --------------------------setting values-----------------------------
[INFO ][2015-12-07 21:17:03,575][com.java.SeleniumDriver] [  884] - Action Type : SELECTFRAME
[INFO ][2015-12-07 21:17:03,592][com.java.SeleniumDriver] [  893] -  RESULT true
[INFO ][2015-12-07 21:17:03,593][com.java.SeleniumDriver] [ 1099] - ?   P A S S   ?
[INFO ][2015-12-07 21:17:03,593][com.java.SeleniumDriver] [  820] - ------------------------------------------
[INFO ][2015-12-07 21:17:03,593][com.java.SeleniumDriver] [  821] - Test case being Executed: 2
[INFO ][2015-12-07 21:17:03,593][com.java.SeleniumDriver] [  832] - Test step:15
[INFO ][2015-12-07 21:17:03,593][com.java.SeleniumDriver] [  844] - Datavalue is----------null
[DEBUG][2015-12-07 21:17:03,593][com.java.SeleniumDriver] [  862] - Exception: null
[INFO ][2015-12-07 21:17:03,593][com.java.SeleniumDriver] [  868] - DataField : HDN//span[@class="ui-icon ui-icon-closethick"]
[INFO ][2015-12-07 21:17:03,593][com.java.SeleniumDriver] [  870] - DataValue : 
[INFO ][2015-12-07 21:17:03,593][com.java.SeleniumDriver] [  876] - <In Set values of the page>
[INFO ][2015-12-07 21:17:03,593][com.java.SeleniumDriver] [  879] - {Data Fields & Data Values Exist}
[INFO ][2015-12-07 21:17:03,593][com.java.SeleniumDriver] [  881] - --------------------------setting values-----------------------------
[INFO ][2015-12-07 21:17:03,593][com.java.SeleniumDriver] [  884] - Action Type : Click
[INFO ][2015-12-07 21:17:03,593][com.java.TestType] [ 5759] - Field ::HDN//span[@class="ui-icon ui-icon-closethick"]
[INFO ][2015-12-07 21:17:25,873][com.java.SeleniumDriver] [  893] -  RESULT false
[INFO ][2015-12-07 21:17:25,873][com.java.SeleniumDriver] [  940] - ?   F A I L   ?
[INFO ][2015-12-07 21:17:25,873][com.java.SeleniumDriver] [  948] - Browser Type : IE10
[INFO ][2015-12-07 21:17:25,873][com.java.SeleniumDriver] [  949] - Adding Failed case2
[DEBUG][2015-12-07 21:17:26,014][com.java.SeleniumDriver] [ 1017] -  tdd.getCondition() IF:Next:Next
[INFO ][2015-12-07 21:17:26,015][com.java.SeleniumDriver] [ 1021] - Continue next step...
[INFO ][2015-12-07 21:17:26,015][com.java.SeleniumDriver] [  820] - ------------------------------------------
[INFO ][2015-12-07 21:17:26,015][com.java.SeleniumDriver] [  821] - Test case being Executed: 2
[INFO ][2015-12-07 21:17:26,015][com.java.SeleniumDriver] [  832] - Test step:16
[INFO ][2015-12-07 21:17:26,016][com.java.SeleniumDriver] [  844] - Datavalue is----------5
[INFO ][2015-12-07 21:17:26,016][com.java.SeleniumDriver] [  868] - DataField : null
[INFO ][2015-12-07 21:17:26,016][com.java.SeleniumDriver] [  870] - DataValue : 5
[INFO ][2015-12-07 21:17:26,016][com.java.SeleniumDriver] [  876] - <In Set values of the page>
[INFO ][2015-12-07 21:17:26,016][com.java.SeleniumDriver] [  879] - {Data Fields & Data Values Exist}
[INFO ][2015-12-07 21:17:26,016][com.java.SeleniumDriver] [  881] - --------------------------setting values-----------------------------
[INFO ][2015-12-07 21:17:26,016][com.java.SeleniumDriver] [  884] - Action Type : WAITTIME
[DEBUG][2015-12-07 21:17:26,016][com.java.TestType] [ 5251] - sleepTime: 5000
[INFO ][2015-12-07 21:17:31,016][com.java.SeleniumDriver] [  893] -  RESULT true
[INFO ][2015-12-07 21:17:31,016][com.java.SeleniumDriver] [ 1099] - ?   P A S S   ?
[INFO ][2015-12-07 21:17:31,016][com.java.SeleniumDriver] [  820] - ------------------------------------------
[INFO ][2015-12-07 21:17:31,016][com.java.SeleniumDriver] [  821] - Test case being Executed: 2
[INFO ][2015-12-07 21:17:31,016][com.java.SeleniumDriver] [  832] - Test step:17
[INFO ][2015-12-07 21:17:31,016][com.java.SeleniumDriver] [  844] - Datavalue is----------10
[INFO ][2015-12-07 21:17:31,016][com.java.SeleniumDriver] [  868] - DataField : DSPFile
[INFO ][2015-12-07 21:17:31,016][com.java.SeleniumDriver] [  870] - DataValue : 10
[INFO ][2015-12-07 21:17:31,016][com.java.SeleniumDriver] [  876] - <In Set values of the page>
[INFO ][2015-12-07 21:17:31,016][com.java.SeleniumDriver] [  879] - {Data Fields & Data Values Exist}
[INFO ][2015-12-07 21:17:31,016][com.java.SeleniumDriver] [  881] - --------------------------setting values-----------------------------
[INFO ][2015-12-07 21:17:31,016][com.java.SeleniumDriver] [  884] - Action Type : WAITFORELEMENT
[INFO ][2015-12-07 21:17:31,215][com.java.SeleniumDriver] [  893] -  RESULT true
[INFO ][2015-12-07 21:17:31,215][com.java.SeleniumDriver] [ 1099] - ?   P A S S   ?
[INFO ][2015-12-07 21:17:31,216][com.java.SeleniumDriver] [  820] - ------------------------------------------
[INFO ][2015-12-07 21:17:31,216][com.java.SeleniumDriver] [  821] - Test case being Executed: 2
[INFO ][2015-12-07 21:17:31,216][com.java.SeleniumDriver] [  832] - Test step:18
[INFO ][2015-12-07 21:17:31,216][com.java.SeleniumDriver] [  844] - Datavalue is----------null
[DEBUG][2015-12-07 21:17:31,216][com.java.SeleniumDriver] [  862] - Exception: null
[INFO ][2015-12-07 21:17:31,216][com.java.SeleniumDriver] [  868] - DataField : HDNFile
[INFO ][2015-12-07 21:17:31,216][com.java.SeleniumDriver] [  870] - DataValue : 
[INFO ][2015-12-07 21:17:31,216][com.java.SeleniumDriver] [  876] - <In Set values of the page>
[INFO ][2015-12-07 21:17:31,216][com.java.SeleniumDriver] [  879] - {Data Fields & Data Values Exist}
[INFO ][2015-12-07 21:17:31,216][com.java.SeleniumDriver] [  881] - --------------------------setting values-----------------------------
[INFO ][2015-12-07 21:17:31,216][com.java.SeleniumDriver] [  884] - Action Type : Click
[INFO ][2015-12-07 21:17:31,216][com.java.TestType] [ 5759] - Field ::HDNFile
[INFO ][2015-12-07 21:17:32,356][com.java.SeleniumDriver] [  893] -  RESULT true
[INFO ][2015-12-07 21:17:32,356][com.java.SeleniumDriver] [ 1099] - ?   P A S S   ?
[INFO ][2015-12-07 21:17:32,356][com.java.SeleniumDriver] [  820] - ------------------------------------------
[INFO ][2015-12-07 21:17:32,356][com.java.SeleniumDriver] [  821] - Test case being Executed: 2
[INFO ][2015-12-07 21:17:32,356][com.java.SeleniumDriver] [  832] - Test step:19
[INFO ][2015-12-07 21:17:32,356][com.java.SeleniumDriver] [  844] - Datavalue is----------10
[INFO ][2015-12-07 21:17:32,356][com.java.SeleniumDriver] [  868] - DataField : DSP//a[@id='menuNewProject']
[INFO ][2015-12-07 21:17:32,356][com.java.SeleniumDriver] [  870] - DataValue : 10
[INFO ][2015-12-07 21:17:32,356][com.java.SeleniumDriver] [  876] - <In Set values of the page>
[INFO ][2015-12-07 21:17:32,356][com.java.SeleniumDriver] [  879] - {Data Fields & Data Values Exist}
[INFO ][2015-12-07 21:17:32,356][com.java.SeleniumDriver] [  881] - --------------------------setting values-----------------------------
[INFO ][2015-12-07 21:17:32,356][com.java.SeleniumDriver] [  884] - Action Type : WAITFORELEMENT
[INFO ][2015-12-07 21:17:32,525][com.java.SeleniumDriver] [  893] -  RESULT true
[INFO ][2015-12-07 21:17:32,525][com.java.SeleniumDriver] [ 1099] - ?   P A S S   ?
[INFO ][2015-12-07 21:17:32,525][com.java.SeleniumDriver] [  820] - ------------------------------------------
[INFO ][2015-12-07 21:17:32,526][com.java.SeleniumDriver] [  821] - Test case being Executed: 2
[INFO ][2015-12-07 21:17:32,526][com.java.SeleniumDriver] [  832] - Test step:20
[INFO ][2015-12-07 21:17:32,526][com.java.SeleniumDriver] [  844] - Datavalue is----------null
[DEBUG][2015-12-07 21:17:32,526][com.java.SeleniumDriver] [  862] - Exception: null
[INFO ][2015-12-07 21:17:32,526][com.java.SeleniumDriver] [  868] - DataField : HDN//a[@id='menuNewProject']
[INFO ][2015-12-07 21:17:32,526][com.java.SeleniumDriver] [  870] - DataValue : 
[INFO ][2015-12-07 21:17:32,526][com.java.SeleniumDriver] [  876] - <In Set values of the page>
[INFO ][2015-12-07 21:17:32,526][com.java.SeleniumDriver] [  879] - {Data Fields & Data Values Exist}
[INFO ][2015-12-07 21:17:32,526][com.java.SeleniumDriver] [  881] - --------------------------setting values-----------------------------
[INFO ][2015-12-07 21:17:32,526][com.java.SeleniumDriver] [  884] - Action Type : Click
[INFO ][2015-12-07 21:17:32,526][com.java.TestType] [ 5759] - Field ::HDN//a[@id='menuNewProject']
[INFO ][2015-12-07 21:17:33,695][com.java.SeleniumDriver] [  893] -  RESULT true
[INFO ][2015-12-07 21:17:33,696][com.java.SeleniumDriver] [ 1099] - ?   P A S S   ?
[INFO ][2015-12-07 21:17:33,696][com.java.SeleniumDriver] [  820] - ------------------------------------------
[INFO ][2015-12-07 21:17:33,696][com.java.SeleniumDriver] [  821] - Test case being Executed: 2
[INFO ][2015-12-07 21:17:33,696][com.java.SeleniumDriver] [  832] - Test step:21
[INFO ][2015-12-07 21:17:33,696][com.java.SeleniumDriver] [  844] - Datavalue is----------5
[INFO ][2015-12-07 21:17:33,696][com.java.SeleniumDriver] [  868] - DataField : null
[INFO ][2015-12-07 21:17:33,696][com.java.SeleniumDriver] [  870] - DataValue : 5
[INFO ][2015-12-07 21:17:33,696][com.java.SeleniumDriver] [  876] - <In Set values of the page>
[INFO ][2015-12-07 21:17:33,696][com.java.SeleniumDriver] [  879] - {Data Fields & Data Values Exist}
[INFO ][2015-12-07 21:17:33,696][com.java.SeleniumDriver] [  881] - --------------------------setting values-----------------------------
[INFO ][2015-12-07 21:17:33,696][com.java.SeleniumDriver] [  884] - Action Type : WAITTIME
[DEBUG][2015-12-07 21:17:33,696][com.java.TestType] [ 5251] - sleepTime: 5000
[INFO ][2015-12-07 21:17:38,696][com.java.SeleniumDriver] [  893] -  RESULT true
[INFO ][2015-12-07 21:17:38,696][com.java.SeleniumDriver] [ 1099] - ?   P A S S   ?
[INFO ][2015-12-07 21:17:38,696][com.java.SeleniumDriver] [  820] - ------------------------------------------
[INFO ][2015-12-07 21:17:38,696][com.java.SeleniumDriver] [  821] - Test case being Executed: 2
[INFO ][2015-12-07 21:17:38,696][com.java.SeleniumDriver] [  832] - Test step:22
[INFO ][2015-12-07 21:17:38,696][com.java.SeleniumDriver] [  844] - Datavalue is----------OK
[INFO ][2015-12-07 21:17:38,696][com.java.SeleniumDriver] [  868] - DataField : CNF
[INFO ][2015-12-07 21:17:38,696][com.java.SeleniumDriver] [  870] - DataValue : OK
[INFO ][2015-12-07 21:17:38,696][com.java.SeleniumDriver] [  876] - <In Set values of the page>
[INFO ][2015-12-07 21:17:38,696][com.java.SeleniumDriver] [  879] - {Data Fields & Data Values Exist}
[INFO ][2015-12-07 21:17:38,696][com.java.SeleniumDriver] [  881] - --------------------------setting values-----------------------------
[INFO ][2015-12-07 21:17:38,696][com.java.SeleniumDriver] [  884] - Action Type : Click
[INFO ][2015-12-07 21:17:38,696][com.java.TestType] [ 5759] - Field ::CNF
[INFO ][2015-12-07 21:17:40,724][com.java.TestType] [ 5849] - Click the object Only one project create dialog
[INFO ][2015-12-07 21:17:40,724][com.java.TestType] [ 5850] - Unable to click the object Only one project create dialog
[INFO ][2015-12-07 21:17:40,724][com.java.SeleniumDriver] [  893] -  RESULT true
[INFO ][2015-12-07 21:17:40,724][com.java.SeleniumDriver] [ 1099] - ?   P A S S   ?
[INFO ][2015-12-07 21:17:40,724][com.java.SeleniumDriver] [ 1141] - step change to 113
[INFO ][2015-12-07 21:17:40,724][com.java.SeleniumDriver] [  820] - ------------------------------------------
[INFO ][2015-12-07 21:17:40,724][com.java.SeleniumDriver] [  821] - Test case being Executed: 2
[INFO ][2015-12-07 21:17:40,724][com.java.SeleniumDriver] [  832] - Test step:113
[INFO ][2015-12-07 21:17:40,725][com.java.SeleniumDriver] [  844] - Datavalue is----------1
[INFO ][2015-12-07 21:17:40,725][com.java.SeleniumDriver] [  868] - DataField : null
[INFO ][2015-12-07 21:17:40,725][com.java.SeleniumDriver] [  870] - DataValue : 1
[INFO ][2015-12-07 21:17:40,725][com.java.SeleniumDriver] [  876] - <In Set values of the page>
[INFO ][2015-12-07 21:17:40,725][com.java.SeleniumDriver] [  879] - {Data Fields & Data Values Exist}
[INFO ][2015-12-07 21:17:40,725][com.java.SeleniumDriver] [  881] - --------------------------setting values-----------------------------
[INFO ][2015-12-07 21:17:40,725][com.java.SeleniumDriver] [  884] - Action Type : WAITTIME
[DEBUG][2015-12-07 21:17:40,725][com.java.TestType] [ 5251] - sleepTime: 1000
[INFO ][2015-12-07 21:17:41,726][com.java.SeleniumDriver] [  893] -  RESULT true
[INFO ][2015-12-07 21:17:41,726][com.java.SeleniumDriver] [ 1099] - ?   P A S S   ?
[DEBUG][2015-12-07 21:17:41,727][com.java.SeleniumDriver] [ 1211] - Case found
[DEBUG][2015-12-07 21:17:41,727][com.java.SeleniumDriver] [ 1216] - Incrementing ReportCounters[0]:2
[INFO ][2015-12-07 21:17:41,727][com.java.SeleniumDriver] [ 1235] - The results are-------------------[2, 1, Projectioans: Forecasting, Pass, , Mon Dec 07 21:16:09 IST 2015, 2, 3, Projectioans: Forecasting, Pass, , Mon Dec 07 21:16:14 IST 2015, 2, 4, Projectioans: Forecasting, Pass, , Mon Dec 07 21:16:35 IST 2015, 2, 5, Projectioans: Forecasting, Pass, , Mon Dec 07 21:16:40 IST 2015, 2, 6, Projectioans: Forecasting, Pass, , Mon Dec 07 21:16:52 IST 2015, 2, 7, Projectioans: Forecasting, Pass, , Mon Dec 07 21:16:54 IST 2015, 2, 8, Projectioans: Forecasting, Pass, , Mon Dec 07 21:16:54 IST 2015, 2, 9, Projectioans: Forecasting, Pass, , Mon Dec 07 21:16:54 IST 2015, 2, 10, Projectioans: Forecasting, Pass, , Mon Dec 07 21:16:56 IST 2015, 2, 11, Projectioans: Forecasting, Pass, , Mon Dec 07 21:16:57 IST 2015, 2, 12, Projectioans: Forecasting, Pass, , Mon Dec 07 21:16:59 IST 2015, 2, 13, Projectioans: Forecasting, Pass, , Mon Dec 07 21:17:03 IST 2015, 2, 14, Projectioans: Forecasting, Pass, , Mon Dec 07 21:17:03 IST 2015, 2, 15, Projectioans: Forecasting, Pass, , Mon Dec 07 21:17:26 IST 2015, 2, 16, Projectioans: Forecasting, Pass, , Mon Dec 07 21:17:31 IST 2015, 2, 17, Projectioans: Forecasting, Pass, , Mon Dec 07 21:17:31 IST 2015, 2, 18, Projectioans: Forecasting, Pass, , Mon Dec 07 21:17:32 IST 2015, 2, 19, Projectioans: Forecasting, Pass, , Mon Dec 07 21:17:32 IST 2015, 2, 20, Projectioans: Forecasting, Pass, , Mon Dec 07 21:17:33 IST 2015, 2, 21, Projectioans: Forecasting, Pass, , Mon Dec 07 21:17:38 IST 2015, 2, 22, Projectioans: Forecasting, Pass, , Mon Dec 07 21:17:40 IST 2015, 2, 113, Projectioans: Forecasting, Pass, , Mon Dec 07 21:17:41 IST 2015]
[INFO ][2015-12-07 21:17:41,728][com.java.SeleniumDriver] [ 1239] - End time is-------3 min 18 sec
[INFO ][2015-12-07 21:17:41,728][com.java.SeleniumDriver] [ 1240] - The results are-------------------[2, 1, Projectioans: Forecasting, Pass, , Mon Dec 07 21:16:09 IST 2015, 2, 3, Projectioans: Forecasting, Pass, , Mon Dec 07 21:16:14 IST 2015, 2, 4, Projectioans: Forecasting, Pass, , Mon Dec 07 21:16:35 IST 2015, 2, 5, Projectioans: Forecasting, Pass, , Mon Dec 07 21:16:40 IST 2015, 2, 6, Projectioans: Forecasting, Pass, , Mon Dec 07 21:16:52 IST 2015, 2, 7, Projectioans: Forecasting, Pass, , Mon Dec 07 21:16:54 IST 2015, 2, 8, Projectioans: Forecasting, Pass, , Mon Dec 07 21:16:54 IST 2015, 2, 9, Projectioans: Forecasting, Pass, , Mon Dec 07 21:16:54 IST 2015, 2, 10, Projectioans: Forecasting, Pass, , Mon Dec 07 21:16:56 IST 2015, 2, 11, Projectioans: Forecasting, Pass, , Mon Dec 07 21:16:57 IST 2015, 2, 12, Projectioans: Forecasting, Pass, , Mon Dec 07 21:16:59 IST 2015, 2, 13, Projectioans: Forecasting, Pass, , Mon Dec 07 21:17:03 IST 2015, 2, 14, Projectioans: Forecasting, Pass, , Mon Dec 07 21:17:03 IST 2015, 2, 15, Projectioans: Forecasting, Pass, , Mon Dec 07 21:17:26 IST 2015, 2, 16, Projectioans: Forecasting, Pass, , Mon Dec 07 21:17:31 IST 2015, 2, 17, Projectioans: Forecasting, Pass, , Mon Dec 07 21:17:31 IST 2015, 2, 18, Projectioans: Forecasting, Pass, , Mon Dec 07 21:17:32 IST 2015, 2, 19, Projectioans: Forecasting, Pass, , Mon Dec 07 21:17:32 IST 2015, 2, 20, Projectioans: Forecasting, Pass, , Mon Dec 07 21:17:33 IST 2015, 2, 21, Projectioans: Forecasting, Pass, , Mon Dec 07 21:17:38 IST 2015, 2, 22, Projectioans: Forecasting, Pass, , Mon Dec 07 21:17:40 IST 2015, 2, 113, Projectioans: Forecasting, Pass, , Mon Dec 07 21:17:41 IST 2015]
[DEBUG][2015-12-07 21:17:41,728][com.java.ImportnExport.ExportTestResultsExcel] [  222] - testResultPath = D:\BankersDashboard/TestReports/Test Results_BankersDashBoard_120715_211443_IE10_Simmons First National Bank.xls
[DEBUG][2015-12-07 21:17:41,728][com.java.ImportnExport.ExportTestResultsExcel] [  223] - browser is------------IE10
[DEBUG][2015-12-07 21:17:41,730][com.java.ImportnExport.ExportTestResultsExcel] [  270] - result.size() = 132
[DEBUG][2015-12-07 21:17:41,730][com.java.ImportnExport.ExportTestResultsExcel] [  274] - No of rows in sheet=2
[DEBUG][2015-12-07 21:17:41,730][com.java.ImportnExport.ExportTestResultsExcel] [  301] - ..in export..2
[DEBUG][2015-12-07 21:17:41,730][com.java.ImportnExport.ExportTestResultsExcel] [  301] - ..in export..Projectioans: Forecasting
[DEBUG][2015-12-07 21:17:41,730][com.java.ImportnExport.ExportTestResultsExcel] [  301] - ..in export..Pass
[DEBUG][2015-12-07 21:17:41,730][com.java.ImportnExport.ExportTestResultsExcel] [  301] - ..in export..
[DEBUG][2015-12-07 21:17:41,730][com.java.ImportnExport.ExportTestResultsExcel] [  301] - ..in export..Mon Dec 07 21:16:09 IST 2015
[INFO ][2015-12-07 21:17:41,731][com.java.SeleniumDriver] [ 1298] - out loop:1 size:12 TestCases:[1, 2, 3, 4, 5, 6, 7, 8, 9, 10, 11, 12] testcases:[1, 2, 3, 4, 5, 6, 7, 8, 9, 10, 11, 12]
[INFO ][2015-12-07 21:17:41,731][com.java.ImportnExport.ImportTestDataDetailsExcel] [   49] - test data details path===== D:\BankersDashboard\TestInputs\TestData.xls
[DEBUG][2015-12-07 21:18:06,998][com.java.TestType] [ 6347] - //td[text()='Consolidated']   :: Element not Found
[INFO ][2015-12-07 21:18:16,999][com.java.SeleniumDriver] [  820] - ------------------------------------------
[INFO ][2015-12-07 21:18:16,999][com.java.SeleniumDriver] [  821] - Test case being Executed: 3
[INFO ][2015-12-07 21:18:16,999][com.java.SeleniumDriver] [  832] - Test step:1
[INFO ][2015-12-07 21:18:16,999][com.java.SeleniumDriver] [  844] - Datavalue is----------Logout
[INFO ][2015-12-07 21:18:16,999][com.java.SeleniumDriver] [  868] - DataField : BTN
[INFO ][2015-12-07 21:18:16,999][com.java.SeleniumDriver] [  870] - DataValue : Logout
[INFO ][2015-12-07 21:18:16,999][com.java.SeleniumDriver] [  876] - <In Set values of the page>
[INFO ][2015-12-07 21:18:16,999][com.java.SeleniumDriver] [  879] - {Data Fields & Data Values Exist}
[INFO ][2015-12-07 21:18:16,999][com.java.SeleniumDriver] [  881] - --------------------------setting values-----------------------------
[INFO ][2015-12-07 21:18:16,999][com.java.SeleniumDriver] [  884] - Action Type : Verify
[INFO ][2015-12-07 21:18:16,999][com.java.TestType] [ 6659] - field= BTN value= Logout
[INFO ][2015-12-07 21:18:16,999][com.java.TestType] [ 5431] - value = Logout
[INFO ][2015-12-07 21:18:17,091][com.java.SeleniumDriver] [  893] -  RESULT true
[INFO ][2015-12-07 21:18:17,091][com.java.SeleniumDriver] [ 1099] - ?   P A S S   ?
[INFO ][2015-12-07 21:18:17,091][com.java.SeleniumDriver] [ 1141] - step change to 3
[INFO ][2015-12-07 21:18:17,091][com.java.SeleniumDriver] [  820] - ------------------------------------------
[INFO ][2015-12-07 21:18:17,091][com.java.SeleniumDriver] [  821] - Test case being Executed: 3
[INFO ][2015-12-07 21:18:17,091][com.java.SeleniumDriver] [  832] - Test step:3
[INFO ][2015-12-07 21:18:17,091][com.java.SeleniumDriver] [  844] - Datavalue is----------Concept#2:1-2
[INFO ][2015-12-07 21:18:17,091][com.java.SeleniumDriver] [  868] - DataField : test
[INFO ][2015-12-07 21:18:17,091][com.java.SeleniumDriver] [  870] - DataValue : Concept#2:1-2
[INFO ][2015-12-07 21:18:17,091][com.java.SeleniumDriver] [  876] - <In Set values of the page>
[INFO ][2015-12-07 21:18:17,091][com.java.SeleniumDriver] [  879] - {Data Fields & Data Values Exist}
[INFO ][2015-12-07 21:18:17,092][com.java.SeleniumDriver] [  881] - --------------------------setting values-----------------------------
[INFO ][2015-12-07 21:18:17,092][com.java.SeleniumDriver] [  884] - Action Type : ExecuteTestCase
[INFO ][2015-12-07 21:18:17,092][com.java.TestType] [  436] - The Concept sheet name is ---------- Concept
[INFO ][2015-12-07 21:18:17,092][com.java.TestType] [  439] - The Concept ID  is ---------- 2
[DEBUG][2015-12-07 21:18:17,092][com.java.TestType] [  443] - Steps being executted in the Concept are: 1:2
[INFO ][2015-12-07 21:18:17,092][com.java.TestType] [  450] - Test data details path ---------- D:\BankersDashboard\TestInputs\TestData.xls
[INFO ][2015-12-07 21:18:17,123][com.java.TestType] [  481] -  str(1) = 2
[INFO ][2015-12-07 21:18:17,123][com.java.TestType] [  484] - Test case Id is---2
[INFO ][2015-12-07 21:18:17,123][com.java.TestType] [  486] - 2
[INFO ][2015-12-07 21:18:17,123][com.java.TestType] [  481] -  str(2) = 1
[INFO ][2015-12-07 21:18:17,125][com.java.TestType] [  533] - row values are--------{1=com.java.Objects.TestDataDetails@cfb87}
[INFO ][2015-12-07 21:18:17,125][com.java.TestType] [  481] -  str(1) = 2
[INFO ][2015-12-07 21:18:17,125][com.java.TestType] [  484] - Test case Id is---2
[INFO ][2015-12-07 21:18:17,125][com.java.TestType] [  486] - 2
[INFO ][2015-12-07 21:18:17,125][com.java.TestType] [  481] -  str(2) = 2
[INFO ][2015-12-07 21:18:17,126][com.java.TestType] [  533] - row values are--------{1=com.java.Objects.TestDataDetails@cfb87, 2=com.java.Objects.TestDataDetails@142bcdc}
[INFO ][2015-12-07 21:18:17,126][com.java.TestType] [  481] -  str(1) = 2
[INFO ][2015-12-07 21:18:17,126][com.java.TestType] [  484] - Test case Id is---2
[INFO ][2015-12-07 21:18:17,126][com.java.TestType] [  486] - 2
[INFO ][2015-12-07 21:18:17,126][com.java.TestType] [  481] -  str(2) = 3
[INFO ][2015-12-07 21:18:17,127][com.java.TestType] [  533] - row values are--------{1=com.java.Objects.TestDataDetails@cfb87, 2=com.java.Objects.TestDataDetails@142bcdc, 3=com.java.Objects.TestDataDetails@d5a9e3}
[INFO ][2015-12-07 21:18:17,127][com.java.TestType] [ 9967] - Looping 1TCID = 2
[DEBUG][2015-12-07 21:18:17,127][com.java.TestType] [10008] - Concept ID:2 :: Step being Executed: 2::1
[INFO ][2015-12-07 21:18:17,127][com.java.TestType] [10046] - dataFields : BNK//select[@id='bank']
[DEBUG][2015-12-07 21:18:17,127][com.java.TestType] [10052] - <In Set values of the page>
[DEBUG][2015-12-07 21:18:17,127][com.java.TestType] [10057] - {Data Fields & Data Values Exist}
[INFO ][2015-12-07 21:18:17,127][com.java.TestType] [10063] - --------------------------setting values-----------------------------
[INFO ][2015-12-07 21:18:17,127][com.java.TestType] [10066] - Action Type : Select
[INFO ][2015-12-07 21:18:17,127][com.java.TestType] [ 5431] - value = PFC
[INFO ][2015-12-07 21:18:17,373][com.java.TestType] [10085] -  RESULT true
[INFO ][2015-12-07 21:18:17,373][com.java.TestType] [10202] - ?   P A S S   ?
[DEBUG][2015-12-07 21:18:17,374][com.java.TestType] [10008] - Concept ID:2 :: Step being Executed: 2::2
[INFO ][2015-12-07 21:18:17,374][com.java.TestType] [10046] - dataFields : LNKLogout
[DEBUG][2015-12-07 21:18:17,374][com.java.TestType] [10052] - <In Set values of the page>
[DEBUG][2015-12-07 21:18:17,374][com.java.TestType] [10057] - {Data Fields & Data Values Exist}
[INFO ][2015-12-07 21:18:17,374][com.java.TestType] [10063] - --------------------------setting values-----------------------------
[INFO ][2015-12-07 21:18:17,374][com.java.TestType] [10066] - Action Type : WaitTime
[DEBUG][2015-12-07 21:18:17,374][com.java.TestType] [ 5251] - sleepTime: 5000
[INFO ][2015-12-07 21:18:22,375][com.java.TestType] [10085] -  RESULT true
[INFO ][2015-12-07 21:18:22,375][com.java.TestType] [10202] - ?   P A S S   ?
[INFO ][2015-12-07 21:18:22,375][com.java.TestType] [10273] - Looping End......
[INFO ][2015-12-07 21:18:22,379][com.java.SeleniumDriver] [  893] -  RESULT true
[INFO ][2015-12-07 21:18:22,379][com.java.SeleniumDriver] [ 1099] - ?   P A S S   ?
[INFO ][2015-12-07 21:18:22,379][com.java.SeleniumDriver] [  820] - ------------------------------------------
[INFO ][2015-12-07 21:18:22,380][com.java.SeleniumDriver] [  821] - Test case being Executed: 3
[INFO ][2015-12-07 21:18:22,380][com.java.SeleniumDriver] [  832] - Test step:4
[INFO ][2015-12-07 21:18:22,380][com.java.SeleniumDriver] [  844] - Datavalue is----------null
[DEBUG][2015-12-07 21:18:22,380][com.java.SeleniumDriver] [  862] - Exception: null
[INFO ][2015-12-07 21:18:22,380][com.java.SeleniumDriver] [  868] - DataField : //span[@class='icon-stats']&&//a[@data-id="Forecasting"]
[INFO ][2015-12-07 21:18:22,380][com.java.SeleniumDriver] [  870] - DataValue : 
[INFO ][2015-12-07 21:18:22,380][com.java.SeleniumDriver] [  876] - <In Set values of the page>
[INFO ][2015-12-07 21:18:22,380][com.java.SeleniumDriver] [  879] - {Data Fields & Data Values Exist}
[INFO ][2015-12-07 21:18:22,380][com.java.SeleniumDriver] [  881] - --------------------------setting values-----------------------------
[INFO ][2015-12-07 21:18:22,380][com.java.SeleniumDriver] [  884] - Action Type : MOUSEOVER
[INFO ][2015-12-07 21:18:42,501][com.java.SeleniumDriver] [  893] -  RESULT true
[INFO ][2015-12-07 21:18:42,501][com.java.SeleniumDriver] [ 1099] - ?   P A S S   ?
[INFO ][2015-12-07 21:18:42,501][com.java.SeleniumDriver] [  820] - ------------------------------------------
[INFO ][2015-12-07 21:18:42,501][com.java.SeleniumDriver] [  821] - Test case being Executed: 3
[INFO ][2015-12-07 21:18:42,501][com.java.SeleniumDriver] [  832] - Test step:5
[INFO ][2015-12-07 21:18:42,501][com.java.SeleniumDriver] [  844] - Datavalue is----------5
[INFO ][2015-12-07 21:18:42,501][com.java.SeleniumDriver] [  868] - DataField : null
[INFO ][2015-12-07 21:18:42,501][com.java.SeleniumDriver] [  870] - DataValue : 5
[INFO ][2015-12-07 21:18:42,501][com.java.SeleniumDriver] [  876] - <In Set values of the page>
[INFO ][2015-12-07 21:18:42,501][com.java.SeleniumDriver] [  879] - {Data Fields & Data Values Exist}
[INFO ][2015-12-07 21:18:42,501][com.java.SeleniumDriver] [  881] - --------------------------setting values-----------------------------
[INFO ][2015-12-07 21:18:42,501][com.java.SeleniumDriver] [  884] - Action Type : WAITTIME
[DEBUG][2015-12-07 21:18:42,501][com.java.TestType] [ 5251] - sleepTime: 5000
[INFO ][2015-12-07 21:18:47,502][com.java.SeleniumDriver] [  893] -  RESULT true
[INFO ][2015-12-07 21:18:47,502][com.java.SeleniumDriver] [ 1099] - ?   P A S S   ?
[INFO ][2015-12-07 21:18:47,502][com.java.SeleniumDriver] [  820] - ------------------------------------------
[INFO ][2015-12-07 21:18:47,502][com.java.SeleniumDriver] [  821] - Test case being Executed: 3
[INFO ][2015-12-07 21:18:47,502][com.java.SeleniumDriver] [  832] - Test step:6
[INFO ][2015-12-07 21:18:47,502][com.java.SeleniumDriver] [  844] - Datavalue is----------Forecasting 
[INFO ][2015-12-07 21:18:47,502][com.java.SeleniumDriver] [  868] - DataField : TTL
[INFO ][2015-12-07 21:18:47,502][com.java.SeleniumDriver] [  870] - DataValue : Forecasting 
[INFO ][2015-12-07 21:18:47,502][com.java.SeleniumDriver] [  876] - <In Set values of the page>
[INFO ][2015-12-07 21:18:47,502][com.java.SeleniumDriver] [  879] - {Data Fields & Data Values Exist}
[INFO ][2015-12-07 21:18:47,502][com.java.SeleniumDriver] [  881] - --------------------------setting values-----------------------------
[INFO ][2015-12-07 21:18:47,502][com.java.SeleniumDriver] [  884] - Action Type : SELECTWINDOW
[INFO ][2015-12-07 21:18:59,919][com.java.SeleniumDriver] [  893] -  RESULT true
[INFO ][2015-12-07 21:18:59,919][com.java.SeleniumDriver] [ 1099] - ?   P A S S   ?
[INFO ][2015-12-07 21:18:59,919][com.java.SeleniumDriver] [  820] - ------------------------------------------
[INFO ][2015-12-07 21:18:59,919][com.java.SeleniumDriver] [  821] - Test case being Executed: 3
[INFO ][2015-12-07 21:18:59,919][com.java.SeleniumDriver] [  832] - Test step:7
[INFO ][2015-12-07 21:18:59,919][com.java.SeleniumDriver] [  844] - Datavalue is----------2
[INFO ][2015-12-07 21:18:59,919][com.java.SeleniumDriver] [  868] - DataField : DSPframeDialogContent
[INFO ][2015-12-07 21:18:59,919][com.java.SeleniumDriver] [  870] - DataValue : 2
[INFO ][2015-12-07 21:18:59,919][com.java.SeleniumDriver] [  876] - <In Set values of the page>
[INFO ][2015-12-07 21:18:59,919][com.java.SeleniumDriver] [  879] - {Data Fields & Data Values Exist}
[INFO ][2015-12-07 21:18:59,919][com.java.SeleniumDriver] [  881] - --------------------------setting values-----------------------------
[INFO ][2015-12-07 21:18:59,919][com.java.SeleniumDriver] [  884] - Action Type : WAITFORELEMENT
[INFO ][2015-12-07 21:19:01,739][com.java.SeleniumDriver] [  893] -  RESULT true
[INFO ][2015-12-07 21:19:01,739][com.java.SeleniumDriver] [ 1099] - ?   P A S S   ?
[INFO ][2015-12-07 21:19:01,739][com.java.SeleniumDriver] [  820] - ------------------------------------------
[INFO ][2015-12-07 21:19:01,740][com.java.SeleniumDriver] [  821] - Test case being Executed: 3
[INFO ][2015-12-07 21:19:01,740][com.java.SeleniumDriver] [  832] - Test step:8
[INFO ][2015-12-07 21:19:01,740][com.java.SeleniumDriver] [  844] - Datavalue is----------Forecasting 
[INFO ][2015-12-07 21:19:01,740][com.java.SeleniumDriver] [  868] - DataField : XPH//span[contains(text(),'Forecasting')]
[INFO ][2015-12-07 21:19:01,740][com.java.SeleniumDriver] [  870] - DataValue : Forecasting 
[INFO ][2015-12-07 21:19:01,740][com.java.SeleniumDriver] [  876] - <In Set values of the page>
[INFO ][2015-12-07 21:19:01,740][com.java.SeleniumDriver] [  879] - {Data Fields & Data Values Exist}
[INFO ][2015-12-07 21:19:01,740][com.java.SeleniumDriver] [  881] - --------------------------setting values-----------------------------
[INFO ][2015-12-07 21:19:01,740][com.java.SeleniumDriver] [  884] - Action Type : VERIFY
[INFO ][2015-12-07 21:19:01,740][com.java.TestType] [ 6659] - field= XPH//span[contains(text(),'Forecasting')] value= Forecasting 
[INFO ][2015-12-07 21:19:01,740][com.java.TestType] [ 5431] - value = Forecasting 
[INFO ][2015-12-07 21:19:01,906][com.java.SeleniumDriver] [  893] -  RESULT true
[INFO ][2015-12-07 21:19:01,906][com.java.SeleniumDriver] [ 1099] - ?   P A S S   ?
[INFO ][2015-12-07 21:19:01,906][com.java.SeleniumDriver] [  820] - ------------------------------------------
[INFO ][2015-12-07 21:19:01,906][com.java.SeleniumDriver] [  821] - Test case being Executed: 3
[INFO ][2015-12-07 21:19:01,906][com.java.SeleniumDriver] [  832] - Test step:9
[INFO ][2015-12-07 21:19:01,906][com.java.SeleniumDriver] [  844] - Datavalue is----------null
[DEBUG][2015-12-07 21:19:01,907][com.java.SeleniumDriver] [  862] - Exception: null
[INFO ][2015-12-07 21:19:01,907][com.java.SeleniumDriver] [  868] - DataField : BTNframeDialogContent
[INFO ][2015-12-07 21:19:01,907][com.java.SeleniumDriver] [  870] - DataValue : 
[INFO ][2015-12-07 21:19:01,907][com.java.SeleniumDriver] [  876] - <In Set values of the page>
[INFO ][2015-12-07 21:19:01,907][com.java.SeleniumDriver] [  879] - {Data Fields & Data Values Exist}
[INFO ][2015-12-07 21:19:01,907][com.java.SeleniumDriver] [  881] - --------------------------setting values-----------------------------
[INFO ][2015-12-07 21:19:01,907][com.java.SeleniumDriver] [  884] - Action Type : SELECTFRAME
[INFO ][2015-12-07 21:19:03,629][com.java.SeleniumDriver] [  893] -  RESULT true
[INFO ][2015-12-07 21:19:03,629][com.java.SeleniumDriver] [ 1099] - ?   P A S S   ?
[INFO ][2015-12-07 21:19:03,629][com.java.SeleniumDriver] [  820] - ------------------------------------------
[INFO ][2015-12-07 21:19:03,629][com.java.SeleniumDriver] [  821] - Test case being Executed: 3
[INFO ][2015-12-07 21:19:03,629][com.java.SeleniumDriver] [  832] - Test step:10
[INFO ][2015-12-07 21:19:03,629][com.java.SeleniumDriver] [  844] - Datavalue is----------10
[INFO ][2015-12-07 21:19:03,629][com.java.SeleniumDriver] [  868] - DataField : DSPddlProjects
[INFO ][2015-12-07 21:19:03,630][com.java.SeleniumDriver] [  870] - DataValue : 10
[INFO ][2015-12-07 21:19:03,630][com.java.SeleniumDriver] [  876] - <In Set values of the page>
[INFO ][2015-12-07 21:19:03,630][com.java.SeleniumDriver] [  879] - {Data Fields & Data Values Exist}
[INFO ][2015-12-07 21:19:03,630][com.java.SeleniumDriver] [  881] - --------------------------setting values-----------------------------
[INFO ][2015-12-07 21:19:03,630][com.java.SeleniumDriver] [  884] - Action Type : WAITFORELEMENT
[INFO ][2015-12-07 21:19:05,334][com.java.SeleniumDriver] [  893] -  RESULT true
[INFO ][2015-12-07 21:19:05,335][com.java.SeleniumDriver] [ 1099] - ?   P A S S   ?
[INFO ][2015-12-07 21:19:05,335][com.java.SeleniumDriver] [  820] - ------------------------------------------
[INFO ][2015-12-07 21:19:05,335][com.java.SeleniumDriver] [  821] - Test case being Executed: 3
[INFO ][2015-12-07 21:19:05,335][com.java.SeleniumDriver] [  832] - Test step:11
[INFO ][2015-12-07 21:19:05,335][com.java.SeleniumDriver] [  844] - Datavalue is----------index:1
[INFO ][2015-12-07 21:19:05,335][com.java.SeleniumDriver] [  868] - DataField : COBddlProjects
[INFO ][2015-12-07 21:19:05,335][com.java.SeleniumDriver] [  870] - DataValue : index:1
[INFO ][2015-12-07 21:19:05,335][com.java.SeleniumDriver] [  876] - <In Set values of the page>
[INFO ][2015-12-07 21:19:05,335][com.java.SeleniumDriver] [  879] - {Data Fields & Data Values Exist}
[INFO ][2015-12-07 21:19:05,335][com.java.SeleniumDriver] [  881] - --------------------------setting values-----------------------------
[INFO ][2015-12-07 21:19:05,335][com.java.SeleniumDriver] [  884] - Action Type : SELECT
[INFO ][2015-12-07 21:19:05,335][com.java.TestType] [ 5431] - value = 1
[INFO ][2015-12-07 21:19:07,019][com.java.TestType] [ 5549] -  In COB ddlProjects : 1
[INFO ][2015-12-07 21:19:07,170][com.java.SeleniumDriver] [  893] -  RESULT true
[INFO ][2015-12-07 21:19:07,171][com.java.SeleniumDriver] [ 1099] - ?   P A S S   ?
[INFO ][2015-12-07 21:19:07,171][com.java.SeleniumDriver] [ 1136] - Continue next step...
[INFO ][2015-12-07 21:19:07,171][com.java.SeleniumDriver] [  820] - ------------------------------------------
[INFO ][2015-12-07 21:19:07,171][com.java.SeleniumDriver] [  821] - Test case being Executed: 3
[INFO ][2015-12-07 21:19:07,171][com.java.SeleniumDriver] [  832] - Test step:12
[INFO ][2015-12-07 21:19:07,171][com.java.SeleniumDriver] [  844] - Datavalue is----------CurrentProject
[INFO ][2015-12-07 21:19:07,171][com.java.SeleniumDriver] [  868] - DataField : SLBddlProjects
[INFO ][2015-12-07 21:19:07,171][com.java.SeleniumDriver] [  870] - DataValue : CurrentProject
[INFO ][2015-12-07 21:19:07,171][com.java.SeleniumDriver] [  876] - <In Set values of the page>
[INFO ][2015-12-07 21:19:07,171][com.java.SeleniumDriver] [  879] - {Data Fields & Data Values Exist}
[INFO ][2015-12-07 21:19:07,171][com.java.SeleniumDriver] [  881] - --------------------------setting values-----------------------------
[INFO ][2015-12-07 21:19:07,171][com.java.SeleniumDriver] [  884] - Action Type : storevalue
[INFO ][2015-12-07 21:19:07,171][com.java.TestType] [ 7837] - field= SLBddlProjects
[INFO ][2015-12-07 21:19:08,929][com.java.SeleniumDriver] [  893] -  RESULT true
[INFO ][2015-12-07 21:19:08,930][com.java.SeleniumDriver] [ 1099] - ?   P A S S   ?
[INFO ][2015-12-07 21:19:08,930][com.java.SeleniumDriver] [  820] - ------------------------------------------
[INFO ][2015-12-07 21:19:08,930][com.java.SeleniumDriver] [  821] - Test case being Executed: 3
[INFO ][2015-12-07 21:19:08,930][com.java.SeleniumDriver] [  832] - Test step:13
[INFO ][2015-12-07 21:19:08,930][com.java.SeleniumDriver] [  844] - Datavalue is----------null
[DEBUG][2015-12-07 21:19:08,930][com.java.SeleniumDriver] [  862] - Exception: null
[INFO ][2015-12-07 21:19:08,930][com.java.SeleniumDriver] [  868] - DataField : BTNbtnOpenProject
[INFO ][2015-12-07 21:19:08,930][com.java.SeleniumDriver] [  870] - DataValue : 
[INFO ][2015-12-07 21:19:08,930][com.java.SeleniumDriver] [  876] - <In Set values of the page>
[INFO ][2015-12-07 21:19:08,930][com.java.SeleniumDriver] [  879] - {Data Fields & Data Values Exist}
[INFO ][2015-12-07 21:19:08,930][com.java.SeleniumDriver] [  881] - --------------------------setting values-----------------------------
[INFO ][2015-12-07 21:19:08,930][com.java.SeleniumDriver] [  884] - Action Type : CLICK
[INFO ][2015-12-07 21:19:08,930][com.java.TestType] [ 5759] - Field ::BTNbtnOpenProject
[INFO ][2015-12-07 21:19:09,931][com.java.TestType] [ 5832] - BEFORE CLICK
[INFO ][2015-12-07 21:19:12,326][com.java.TestType] [ 5839] - Unable to click the object Open Project button
[INFO ][2015-12-07 21:19:12,326][com.java.SeleniumDriver] [  893] -  RESULT true
[INFO ][2015-12-07 21:19:12,326][com.java.SeleniumDriver] [ 1099] - ?   P A S S   ?
[INFO ][2015-12-07 21:19:12,326][com.java.SeleniumDriver] [  820] - ------------------------------------------
[INFO ][2015-12-07 21:19:12,326][com.java.SeleniumDriver] [  821] - Test case being Executed: 3
[INFO ][2015-12-07 21:19:12,327][com.java.SeleniumDriver] [  832] - Test step:14
[INFO ][2015-12-07 21:19:12,327][com.java.SeleniumDriver] [  844] - Datavalue is----------2
[INFO ][2015-12-07 21:19:12,327][com.java.SeleniumDriver] [  868] - DataField : null
[INFO ][2015-12-07 21:19:12,327][com.java.SeleniumDriver] [  870] - DataValue : 2
[INFO ][2015-12-07 21:19:12,327][com.java.SeleniumDriver] [  876] - <In Set values of the page>
[INFO ][2015-12-07 21:19:12,327][com.java.SeleniumDriver] [  879] - {Data Fields & Data Values Exist}
[INFO ][2015-12-07 21:19:12,327][com.java.SeleniumDriver] [  881] - --------------------------setting values-----------------------------
[INFO ][2015-12-07 21:19:12,327][com.java.SeleniumDriver] [  884] - Action Type : WAITTIME
[DEBUG][2015-12-07 21:19:12,327][com.java.TestType] [ 5251] - sleepTime: 2000
[INFO ][2015-12-07 21:19:14,327][com.java.SeleniumDriver] [  893] -  RESULT true
[INFO ][2015-12-07 21:19:14,327][com.java.SeleniumDriver] [ 1099] - ?   P A S S   ?
[INFO ][2015-12-07 21:19:14,327][com.java.SeleniumDriver] [  820] - ------------------------------------------
[INFO ][2015-12-07 21:19:14,327][com.java.SeleniumDriver] [  821] - Test case being Executed: 3
[INFO ][2015-12-07 21:19:14,327][com.java.SeleniumDriver] [  832] - Test step:15
[INFO ][2015-12-07 21:19:14,327][com.java.SeleniumDriver] [  844] - Datavalue is----------null
[DEBUG][2015-12-07 21:19:14,327][com.java.SeleniumDriver] [  862] - Exception: null
[INFO ][2015-12-07 21:19:14,327][com.java.SeleniumDriver] [  868] - DataField : BTNParent
[INFO ][2015-12-07 21:19:14,327][com.java.SeleniumDriver] [  870] - DataValue : 
[INFO ][2015-12-07 21:19:14,327][com.java.SeleniumDriver] [  876] - <In Set values of the page>
[INFO ][2015-12-07 21:19:14,327][com.java.SeleniumDriver] [  879] - {Data Fields & Data Values Exist}
[INFO ][2015-12-07 21:19:14,327][com.java.SeleniumDriver] [  881] - --------------------------setting values-----------------------------
[INFO ][2015-12-07 21:19:14,327][com.java.SeleniumDriver] [  884] - Action Type : SELECTFRAME
[INFO ][2015-12-07 21:19:14,348][com.java.SeleniumDriver] [  893] -  RESULT true
[INFO ][2015-12-07 21:19:14,348][com.java.SeleniumDriver] [ 1099] - ?   P A S S   ?
[INFO ][2015-12-07 21:19:14,348][com.java.SeleniumDriver] [  820] - ------------------------------------------
[INFO ][2015-12-07 21:19:14,348][com.java.SeleniumDriver] [  821] - Test case being Executed: 3
[INFO ][2015-12-07 21:19:14,348][com.java.SeleniumDriver] [  832] - Test step:16
[INFO ][2015-12-07 21:19:14,348][com.java.SeleniumDriver] [  844] - Datavalue is----------10
[INFO ][2015-12-07 21:19:14,348][com.java.SeleniumDriver] [  868] - DataField : DSPFile
[INFO ][2015-12-07 21:19:14,348][com.java.SeleniumDriver] [  870] - DataValue : 10
[INFO ][2015-12-07 21:19:14,348][com.java.SeleniumDriver] [  876] - <In Set values of the page>
[INFO ][2015-12-07 21:19:14,348][com.java.SeleniumDriver] [  879] - {Data Fields & Data Values Exist}
[INFO ][2015-12-07 21:19:14,348][com.java.SeleniumDriver] [  881] - --------------------------setting values-----------------------------
[INFO ][2015-12-07 21:19:14,348][com.java.SeleniumDriver] [  884] - Action Type : WAITFORELEMENT
[INFO ][2015-12-07 21:19:14,521][com.java.SeleniumDriver] [  893] -  RESULT true
[INFO ][2015-12-07 21:19:14,521][com.java.SeleniumDriver] [ 1099] - ?   P A S S   ?
[INFO ][2015-12-07 21:19:14,521][com.java.SeleniumDriver] [  820] - ------------------------------------------
[INFO ][2015-12-07 21:19:14,521][com.java.SeleniumDriver] [  821] - Test case being Executed: 3
[INFO ][2015-12-07 21:19:14,521][com.java.SeleniumDriver] [  832] - Test step:17
[INFO ][2015-12-07 21:19:14,521][com.java.SeleniumDriver] [  844] - Datavalue is----------null
[DEBUG][2015-12-07 21:19:14,521][com.java.SeleniumDriver] [  862] - Exception: null
[INFO ][2015-12-07 21:19:14,521][com.java.SeleniumDriver] [  868] - DataField : HDNFile
[INFO ][2015-12-07 21:19:14,521][com.java.SeleniumDriver] [  870] - DataValue : 
[INFO ][2015-12-07 21:19:14,521][com.java.SeleniumDriver] [  876] - <In Set values of the page>
[INFO ][2015-12-07 21:19:14,521][com.java.SeleniumDriver] [  879] - {Data Fields & Data Values Exist}
[INFO ][2015-12-07 21:19:14,521][com.java.SeleniumDriver] [  881] - --------------------------setting values-----------------------------
[INFO ][2015-12-07 21:19:14,521][com.java.SeleniumDriver] [  884] - Action Type : Click
[INFO ][2015-12-07 21:19:14,522][com.java.TestType] [ 5759] - Field ::HDNFile
[INFO ][2015-12-07 21:19:15,682][com.java.SeleniumDriver] [  893] -  RESULT true
[INFO ][2015-12-07 21:19:15,683][com.java.SeleniumDriver] [ 1099] - ?   P A S S   ?
[INFO ][2015-12-07 21:19:15,683][com.java.SeleniumDriver] [  820] - ------------------------------------------
[INFO ][2015-12-07 21:19:15,683][com.java.SeleniumDriver] [  821] - Test case being Executed: 3
[INFO ][2015-12-07 21:19:15,683][com.java.SeleniumDriver] [  832] - Test step:18
[INFO ][2015-12-07 21:19:15,683][com.java.SeleniumDriver] [  844] - Datavalue is----------10
[INFO ][2015-12-07 21:19:15,683][com.java.SeleniumDriver] [  868] - DataField : DSP//a[@id='menuNewProject']
[INFO ][2015-12-07 21:19:15,683][com.java.SeleniumDriver] [  870] - DataValue : 10
[INFO ][2015-12-07 21:19:15,683][com.java.SeleniumDriver] [  876] - <In Set values of the page>
[INFO ][2015-12-07 21:19:15,683][com.java.SeleniumDriver] [  879] - {Data Fields & Data Values Exist}
[INFO ][2015-12-07 21:19:15,683][com.java.SeleniumDriver] [  881] - --------------------------setting values-----------------------------
[INFO ][2015-12-07 21:19:15,683][com.java.SeleniumDriver] [  884] - Action Type : WAITFORELEMENT
[INFO ][2015-12-07 21:19:15,842][com.java.SeleniumDriver] [  893] -  RESULT true
[INFO ][2015-12-07 21:19:15,842][com.java.SeleniumDriver] [ 1099] - ?   P A S S   ?
[INFO ][2015-12-07 21:19:15,842][com.java.SeleniumDriver] [  820] - ------------------------------------------
[INFO ][2015-12-07 21:19:15,842][com.java.SeleniumDriver] [  821] - Test case being Executed: 3
[INFO ][2015-12-07 21:19:15,842][com.java.SeleniumDriver] [  832] - Test step:19
[INFO ][2015-12-07 21:19:15,842][com.java.SeleniumDriver] [  844] - Datavalue is----------null
[DEBUG][2015-12-07 21:19:15,843][com.java.SeleniumDriver] [  862] - Exception: null
[INFO ][2015-12-07 21:19:15,843][com.java.SeleniumDriver] [  868] - DataField : HDN//a[@id='menuNewProject']
[INFO ][2015-12-07 21:19:15,843][com.java.SeleniumDriver] [  870] - DataValue : 
[INFO ][2015-12-07 21:19:15,843][com.java.SeleniumDriver] [  876] - <In Set values of the page>
[INFO ][2015-12-07 21:19:15,843][com.java.SeleniumDriver] [  879] - {Data Fields & Data Values Exist}
[INFO ][2015-12-07 21:19:15,843][com.java.SeleniumDriver] [  881] - --------------------------setting values-----------------------------
[INFO ][2015-12-07 21:19:15,843][com.java.SeleniumDriver] [  884] - Action Type : Click
[INFO ][2015-12-07 21:19:15,843][com.java.TestType] [ 5759] - Field ::HDN//a[@id='menuNewProject']
[INFO ][2015-12-07 21:19:16,979][com.java.SeleniumDriver] [  893] -  RESULT true
[INFO ][2015-12-07 21:19:16,979][com.java.SeleniumDriver] [ 1099] - ?   P A S S   ?
[INFO ][2015-12-07 21:19:16,979][com.java.SeleniumDriver] [  820] - ------------------------------------------
[INFO ][2015-12-07 21:19:16,979][com.java.SeleniumDriver] [  821] - Test case being Executed: 3
[INFO ][2015-12-07 21:19:16,979][com.java.SeleniumDriver] [  832] - Test step:20
[INFO ][2015-12-07 21:19:16,979][com.java.SeleniumDriver] [  844] - Datavalue is----------5
[INFO ][2015-12-07 21:19:16,979][com.java.SeleniumDriver] [  868] - DataField : null
[INFO ][2015-12-07 21:19:16,979][com.java.SeleniumDriver] [  870] - DataValue : 5
[INFO ][2015-12-07 21:19:16,979][com.java.SeleniumDriver] [  876] - <In Set values of the page>
[INFO ][2015-12-07 21:19:16,979][com.java.SeleniumDriver] [  879] - {Data Fields & Data Values Exist}
[INFO ][2015-12-07 21:19:16,979][com.java.SeleniumDriver] [  881] - --------------------------setting values-----------------------------
[INFO ][2015-12-07 21:19:16,979][com.java.SeleniumDriver] [  884] - Action Type : WAITTIME
[DEBUG][2015-12-07 21:19:16,979][com.java.TestType] [ 5251] - sleepTime: 5000
[INFO ][2015-12-07 21:19:21,980][com.java.SeleniumDriver] [  893] -  RESULT true
[INFO ][2015-12-07 21:19:21,980][com.java.SeleniumDriver] [ 1099] - ?   P A S S   ?
[INFO ][2015-12-07 21:19:21,980][com.java.SeleniumDriver] [  820] - ------------------------------------------
[INFO ][2015-12-07 21:19:21,980][com.java.SeleniumDriver] [  821] - Test case being Executed: 3
[INFO ][2015-12-07 21:19:21,980][com.java.SeleniumDriver] [  832] - Test step:21
[INFO ][2015-12-07 21:19:21,980][com.java.SeleniumDriver] [  844] - Datavalue is----------OK
[INFO ][2015-12-07 21:19:21,980][com.java.SeleniumDriver] [  868] - DataField : CNF
[INFO ][2015-12-07 21:19:21,980][com.java.SeleniumDriver] [  870] - DataValue : OK
[INFO ][2015-12-07 21:19:21,980][com.java.SeleniumDriver] [  876] - <In Set values of the page>
[INFO ][2015-12-07 21:19:21,980][com.java.SeleniumDriver] [  879] - {Data Fields & Data Values Exist}
[INFO ][2015-12-07 21:19:21,980][com.java.SeleniumDriver] [  881] - --------------------------setting values-----------------------------
[INFO ][2015-12-07 21:19:21,980][com.java.SeleniumDriver] [  884] - Action Type : Click
[INFO ][2015-12-07 21:19:21,980][com.java.TestType] [ 5759] - Field ::CNF
[INFO ][2015-12-07 21:19:24,006][com.java.TestType] [ 5849] - Click the object Only one project create dialog
[INFO ][2015-12-07 21:19:24,006][com.java.TestType] [ 5850] - Unable to click the object Only one project create dialog
[INFO ][2015-12-07 21:19:24,006][com.java.SeleniumDriver] [  893] -  RESULT true
[INFO ][2015-12-07 21:19:24,006][com.java.SeleniumDriver] [ 1099] - ?   P A S S   ?
[INFO ][2015-12-07 21:19:24,006][com.java.SeleniumDriver] [ 1141] - step change to 42
[INFO ][2015-12-07 21:19:24,007][com.java.SeleniumDriver] [  820] - ------------------------------------------
[INFO ][2015-12-07 21:19:24,007][com.java.SeleniumDriver] [  821] - Test case being Executed: 3
[INFO ][2015-12-07 21:19:24,007][com.java.SeleniumDriver] [  832] - Test step:42
[INFO ][2015-12-07 21:19:24,007][com.java.SeleniumDriver] [  844] - Datavalue is----------1
[INFO ][2015-12-07 21:19:24,007][com.java.SeleniumDriver] [  868] - DataField : null
[INFO ][2015-12-07 21:19:24,007][com.java.SeleniumDriver] [  870] - DataValue : 1
[INFO ][2015-12-07 21:19:24,007][com.java.SeleniumDriver] [  876] - <In Set values of the page>
[INFO ][2015-12-07 21:19:24,007][com.java.SeleniumDriver] [  879] - {Data Fields & Data Values Exist}
[INFO ][2015-12-07 21:19:24,007][com.java.SeleniumDriver] [  881] - --------------------------setting values-----------------------------
[INFO ][2015-12-07 21:19:24,007][com.java.SeleniumDriver] [  884] - Action Type : WAITTIME
[DEBUG][2015-12-07 21:19:24,007][com.java.TestType] [ 5251] - sleepTime: 1000
[INFO ][2015-12-07 21:19:25,007][com.java.SeleniumDriver] [  893] -  RESULT true
[INFO ][2015-12-07 21:19:25,007][com.java.SeleniumDriver] [ 1099] - ?   P A S S   ?
[DEBUG][2015-12-07 21:19:25,007][com.java.SeleniumDriver] [ 1211] - Case found
[DEBUG][2015-12-07 21:19:25,007][com.java.SeleniumDriver] [ 1216] - Incrementing ReportCounters[0]:3
[INFO ][2015-12-07 21:19:25,007][com.java.SeleniumDriver] [ 1235] - The results are-------------------[3, 1, Copy Of Existinf FC Project, Pass, , Mon Dec 07 21:18:17 IST 2015, 3, 3, Copy Of Existinf FC Project, Pass, , Mon Dec 07 21:18:22 IST 2015, 3, 4, Copy Of Existinf FC Project, Pass, , Mon Dec 07 21:18:42 IST 2015, 3, 5, Copy Of Existinf FC Project, Pass, , Mon Dec 07 21:18:47 IST 2015, 3, 6, Copy Of Existinf FC Project, Pass, , Mon Dec 07 21:18:59 IST 2015, 3, 7, Copy Of Existinf FC Project, Pass, , Mon Dec 07 21:19:01 IST 2015, 3, 8, Copy Of Existinf FC Project, Pass, , Mon Dec 07 21:19:01 IST 2015, 3, 9, Copy Of Existinf FC Project, Pass, , Mon Dec 07 21:19:03 IST 2015, 3, 10, Copy Of Existinf FC Project, Pass, , Mon Dec 07 21:19:05 IST 2015, 3, 11, Copy Of Existinf FC Project, Pass, , Mon Dec 07 21:19:07 IST 2015, 3, 12, Copy Of Existinf FC Project, Pass, , Mon Dec 07 21:19:08 IST 2015, 3, 13, Copy Of Existinf FC Project, Pass, , Mon Dec 07 21:19:12 IST 2015, 3, 14, Copy Of Existinf FC Project, Pass, , Mon Dec 07 21:19:14 IST 2015, 3, 15, Copy Of Existinf FC Project, Pass, , Mon Dec 07 21:19:14 IST 2015, 3, 16, Copy Of Existinf FC Project, Pass, , Mon Dec 07 21:19:14 IST 2015, 3, 17, Copy Of Existinf FC Project, Pass, , Mon Dec 07 21:19:15 IST 2015, 3, 18, Copy Of Existinf FC Project, Pass, , Mon Dec 07 21:19:15 IST 2015, 3, 19, Copy Of Existinf FC Project, Pass, , Mon Dec 07 21:19:16 IST 2015, 3, 20, Copy Of Existinf FC Project, Pass, , Mon Dec 07 21:19:21 IST 2015, 3, 21, Copy Of Existinf FC Project, Pass, , Mon Dec 07 21:19:24 IST 2015, 3, 42, Copy Of Existinf FC Project, Pass, , Mon Dec 07 21:19:25 IST 2015]
[INFO ][2015-12-07 21:19:25,007][com.java.SeleniumDriver] [ 1239] - End time is-------5 min 1 sec
[INFO ][2015-12-07 21:19:25,007][com.java.SeleniumDriver] [ 1240] - The results are-------------------[3, 1, Copy Of Existinf FC Project, Pass, , Mon Dec 07 21:18:17 IST 2015, 3, 3, Copy Of Existinf FC Project, Pass, , Mon Dec 07 21:18:22 IST 2015, 3, 4, Copy Of Existinf FC Project, Pass, , Mon Dec 07 21:18:42 IST 2015, 3, 5, Copy Of Existinf FC Project, Pass, , Mon Dec 07 21:18:47 IST 2015, 3, 6, Copy Of Existinf FC Project, Pass, , Mon Dec 07 21:18:59 IST 2015, 3, 7, Copy Of Existinf FC Project, Pass, , Mon Dec 07 21:19:01 IST 2015, 3, 8, Copy Of Existinf FC Project, Pass, , Mon Dec 07 21:19:01 IST 2015, 3, 9, Copy Of Existinf FC Project, Pass, , Mon Dec 07 21:19:03 IST 2015, 3, 10, Copy Of Existinf FC Project, Pass, , Mon Dec 07 21:19:05 IST 2015, 3, 11, Copy Of Existinf FC Project, Pass, , Mon Dec 07 21:19:07 IST 2015, 3, 12, Copy Of Existinf FC Project, Pass, , Mon Dec 07 21:19:08 IST 2015, 3, 13, Copy Of Existinf FC Project, Pass, , Mon Dec 07 21:19:12 IST 2015, 3, 14, Copy Of Existinf FC Project, Pass, , Mon Dec 07 21:19:14 IST 2015, 3, 15, Copy Of Existinf FC Project, Pass, , Mon Dec 07 21:19:14 IST 2015, 3, 16, Copy Of Existinf FC Project, Pass, , Mon Dec 07 21:19:14 IST 2015, 3, 17, Copy Of Existinf FC Project, Pass, , Mon Dec 07 21:19:15 IST 2015, 3, 18, Copy Of Existinf FC Project, Pass, , Mon Dec 07 21:19:15 IST 2015, 3, 19, Copy Of Existinf FC Project, Pass, , Mon Dec 07 21:19:16 IST 2015, 3, 20, Copy Of Existinf FC Project, Pass, , Mon Dec 07 21:19:21 IST 2015, 3, 21, Copy Of Existinf FC Project, Pass, , Mon Dec 07 21:19:24 IST 2015, 3, 42, Copy Of Existinf FC Project, Pass, , Mon Dec 07 21:19:25 IST 2015]
[DEBUG][2015-12-07 21:19:25,007][com.java.ImportnExport.ExportTestResultsExcel] [  222] - testResultPath = D:\BankersDashboard/TestReports/Test Results_BankersDashBoard_120715_211443_IE10_Simmons First National Bank.xls
[DEBUG][2015-12-07 21:19:25,007][com.java.ImportnExport.ExportTestResultsExcel] [  223] - browser is------------IE10
[DEBUG][2015-12-07 21:19:25,010][com.java.ImportnExport.ExportTestResultsExcel] [  270] - result.size() = 126
[DEBUG][2015-12-07 21:19:25,010][com.java.ImportnExport.ExportTestResultsExcel] [  274] - No of rows in sheet=3
[DEBUG][2015-12-07 21:19:25,010][com.java.ImportnExport.ExportTestResultsExcel] [  301] - ..in export..3
[DEBUG][2015-12-07 21:19:25,010][com.java.ImportnExport.ExportTestResultsExcel] [  301] - ..in export..Copy Of Existinf FC Project
[DEBUG][2015-12-07 21:19:25,010][com.java.ImportnExport.ExportTestResultsExcel] [  301] - ..in export..Pass
[DEBUG][2015-12-07 21:19:25,010][com.java.ImportnExport.ExportTestResultsExcel] [  301] - ..in export..
[DEBUG][2015-12-07 21:19:25,011][com.java.ImportnExport.ExportTestResultsExcel] [  301] - ..in export..Mon Dec 07 21:18:17 IST 2015
[INFO ][2015-12-07 21:19:25,012][com.java.SeleniumDriver] [ 1298] - out loop:2 size:12 TestCases:[1, 2, 3, 4, 5, 6, 7, 8, 9, 10, 11, 12] testcases:[1, 2, 3, 4, 5, 6, 7, 8, 9, 10, 11, 12]
[INFO ][2015-12-07 21:19:25,012][com.java.ImportnExport.ImportTestDataDetailsExcel] [   49] - test data details path===== D:\BankersDashboard\TestInputs\TestData.xls
[DEBUG][2015-12-07 21:19:50,756][com.java.TestType] [ 6347] - //td[text()='Consolidated']   :: Element not Found
[INFO ][2015-12-07 21:20:00,757][com.java.SeleniumDriver] [  820] - ------------------------------------------
[INFO ][2015-12-07 21:20:00,757][com.java.SeleniumDriver] [  821] - Test case being Executed: 4
[INFO ][2015-12-07 21:20:00,757][com.java.SeleniumDriver] [  832] - Test step:1
[INFO ][2015-12-07 21:20:00,757][com.java.SeleniumDriver] [  844] - Datavalue is----------Logout
[INFO ][2015-12-07 21:20:00,757][com.java.SeleniumDriver] [  868] - DataField : BTN
[INFO ][2015-12-07 21:20:00,757][com.java.SeleniumDriver] [  870] - DataValue : Logout
[INFO ][2015-12-07 21:20:00,757][com.java.SeleniumDriver] [  876] - <In Set values of the page>
[INFO ][2015-12-07 21:20:00,757][com.java.SeleniumDriver] [  879] - {Data Fields & Data Values Exist}
[INFO ][2015-12-07 21:20:00,757][com.java.SeleniumDriver] [  881] - --------------------------setting values-----------------------------
[INFO ][2015-12-07 21:20:00,757][com.java.SeleniumDriver] [  884] - Action Type : Verify
[INFO ][2015-12-07 21:20:00,757][com.java.TestType] [ 6659] - field= BTN value= Logout
[INFO ][2015-12-07 21:20:00,757][com.java.TestType] [ 5431] - value = Logout
[INFO ][2015-12-07 21:20:00,858][com.java.SeleniumDriver] [  893] -  RESULT true
[INFO ][2015-12-07 21:20:00,858][com.java.SeleniumDriver] [ 1099] - ?   P A S S   ?
[INFO ][2015-12-07 21:20:00,858][com.java.SeleniumDriver] [ 1141] - step change to 3
[INFO ][2015-12-07 21:20:00,858][com.java.SeleniumDriver] [  820] - ------------------------------------------
[INFO ][2015-12-07 21:20:00,858][com.java.SeleniumDriver] [  821] - Test case being Executed: 4
[INFO ][2015-12-07 21:20:00,858][com.java.SeleniumDriver] [  832] - Test step:3
[INFO ][2015-12-07 21:20:00,859][com.java.SeleniumDriver] [  844] - Datavalue is----------Concept#2:1-2
[INFO ][2015-12-07 21:20:00,859][com.java.SeleniumDriver] [  868] - DataField : test
[INFO ][2015-12-07 21:20:00,859][com.java.SeleniumDriver] [  870] - DataValue : Concept#2:1-2
[INFO ][2015-12-07 21:20:00,859][com.java.SeleniumDriver] [  876] - <In Set values of the page>
[INFO ][2015-12-07 21:20:00,859][com.java.SeleniumDriver] [  879] - {Data Fields & Data Values Exist}
[INFO ][2015-12-07 21:20:00,859][com.java.SeleniumDriver] [  881] - --------------------------setting values-----------------------------
[INFO ][2015-12-07 21:20:00,859][com.java.SeleniumDriver] [  884] - Action Type : ExecuteTestCase
[INFO ][2015-12-07 21:20:00,859][com.java.TestType] [  436] - The Concept sheet name is ---------- Concept
[INFO ][2015-12-07 21:20:00,859][com.java.TestType] [  439] - The Concept ID  is ---------- 2
[DEBUG][2015-12-07 21:20:00,859][com.java.TestType] [  443] - Steps being executted in the Concept are: 1:2
[INFO ][2015-12-07 21:20:00,859][com.java.TestType] [  450] - Test data details path ---------- D:\BankersDashboard\TestInputs\TestData.xls
[INFO ][2015-12-07 21:20:00,895][com.java.TestType] [  481] -  str(1) = 2
[INFO ][2015-12-07 21:20:00,895][com.java.TestType] [  484] - Test case Id is---2
[INFO ][2015-12-07 21:20:00,895][com.java.TestType] [  486] - 2
[INFO ][2015-12-07 21:20:00,895][com.java.TestType] [  481] -  str(2) = 1
[INFO ][2015-12-07 21:20:00,897][com.java.TestType] [  533] - row values are--------{1=com.java.Objects.TestDataDetails@1748874}
[INFO ][2015-12-07 21:20:00,897][com.java.TestType] [  481] -  str(1) = 2
[INFO ][2015-12-07 21:20:00,897][com.java.TestType] [  484] - Test case Id is---2
[INFO ][2015-12-07 21:20:00,897][com.java.TestType] [  486] - 2
[INFO ][2015-12-07 21:20:00,897][com.java.TestType] [  481] -  str(2) = 2
[INFO ][2015-12-07 21:20:00,899][com.java.TestType] [  533] - row values are--------{1=com.java.Objects.TestDataDetails@1748874, 2=com.java.Objects.TestDataDetails@b32c3e}
[INFO ][2015-12-07 21:20:00,899][com.java.TestType] [  481] -  str(1) = 2
[INFO ][2015-12-07 21:20:00,899][com.java.TestType] [  484] - Test case Id is---2
[INFO ][2015-12-07 21:20:00,899][com.java.TestType] [  486] - 2
[INFO ][2015-12-07 21:20:00,899][com.java.TestType] [  481] -  str(2) = 3
[INFO ][2015-12-07 21:20:00,900][com.java.TestType] [  533] - row values are--------{1=com.java.Objects.TestDataDetails@1748874, 2=com.java.Objects.TestDataDetails@b32c3e, 3=com.java.Objects.TestDataDetails@38b290}
[INFO ][2015-12-07 21:20:00,900][com.java.TestType] [ 9967] - Looping 1TCID = 2
[DEBUG][2015-12-07 21:20:00,900][com.java.TestType] [10008] - Concept ID:2 :: Step being Executed: 2::1
[INFO ][2015-12-07 21:20:00,900][com.java.TestType] [10046] - dataFields : BNK//select[@id='bank']
[DEBUG][2015-12-07 21:20:00,900][com.java.TestType] [10052] - <In Set values of the page>
[DEBUG][2015-12-07 21:20:00,900][com.java.TestType] [10057] - {Data Fields & Data Values Exist}
[INFO ][2015-12-07 21:20:00,900][com.java.TestType] [10063] - --------------------------setting values-----------------------------
[INFO ][2015-12-07 21:20:00,900][com.java.TestType] [10066] - Action Type : Select
[INFO ][2015-12-07 21:20:00,900][com.java.TestType] [ 5431] - value = PFC
[INFO ][2015-12-07 21:20:01,150][com.java.TestType] [10085] -  RESULT true
[INFO ][2015-12-07 21:20:01,151][com.java.TestType] [10202] - ?   P A S S   ?
[DEBUG][2015-12-07 21:20:01,151][com.java.TestType] [10008] - Concept ID:2 :: Step being Executed: 2::2
[INFO ][2015-12-07 21:20:01,151][com.java.TestType] [10046] - dataFields : LNKLogout
[DEBUG][2015-12-07 21:20:01,151][com.java.TestType] [10052] - <In Set values of the page>
[DEBUG][2015-12-07 21:20:01,151][com.java.TestType] [10057] - {Data Fields & Data Values Exist}
[INFO ][2015-12-07 21:20:01,151][com.java.TestType] [10063] - --------------------------setting values-----------------------------
[INFO ][2015-12-07 21:20:01,151][com.java.TestType] [10066] - Action Type : WaitTime
[DEBUG][2015-12-07 21:20:01,151][com.java.TestType] [ 5251] - sleepTime: 5000
[INFO ][2015-12-07 21:20:06,152][com.java.TestType] [10085] -  RESULT true
[INFO ][2015-12-07 21:20:06,152][com.java.TestType] [10202] - ?   P A S S   ?
[INFO ][2015-12-07 21:20:06,152][com.java.TestType] [10273] - Looping End......
[INFO ][2015-12-07 21:20:06,156][com.java.SeleniumDriver] [  893] -  RESULT true
[INFO ][2015-12-07 21:20:06,156][com.java.SeleniumDriver] [ 1099] - ?   P A S S   ?
[INFO ][2015-12-07 21:20:06,156][com.java.SeleniumDriver] [  820] - ------------------------------------------
[INFO ][2015-12-07 21:20:06,156][com.java.SeleniumDriver] [  821] - Test case being Executed: 4
[INFO ][2015-12-07 21:20:06,156][com.java.SeleniumDriver] [  832] - Test step:4
[INFO ][2015-12-07 21:20:06,156][com.java.SeleniumDriver] [  844] - Datavalue is----------3
[INFO ][2015-12-07 21:20:06,157][com.java.SeleniumDriver] [  868] - DataField : XPH//img[@id='loading']
[INFO ][2015-12-07 21:20:06,157][com.java.SeleniumDriver] [  870] - DataValue : 3
[INFO ][2015-12-07 21:20:06,157][com.java.SeleniumDriver] [  876] - <In Set values of the page>
[INFO ][2015-12-07 21:20:06,157][com.java.SeleniumDriver] [  879] - {Data Fields & Data Values Exist}
[INFO ][2015-12-07 21:20:06,157][com.java.SeleniumDriver] [  881] - --------------------------setting values-----------------------------
[INFO ][2015-12-07 21:20:06,157][com.java.SeleniumDriver] [  884] - Action Type : WaitForElement
[INFO ][2015-12-07 21:20:06,217][com.java.SeleniumDriver] [  893] -  RESULT true
[INFO ][2015-12-07 21:20:06,217][com.java.SeleniumDriver] [ 1099] - ?   P A S S   ?
[INFO ][2015-12-07 21:20:06,217][com.java.SeleniumDriver] [  820] - ------------------------------------------
[INFO ][2015-12-07 21:20:06,217][com.java.SeleniumDriver] [  821] - Test case being Executed: 4
[INFO ][2015-12-07 21:20:06,218][com.java.SeleniumDriver] [  832] - Test step:5
[INFO ][2015-12-07 21:20:06,218][com.java.SeleniumDriver] [  844] - Datavalue is----------90
[INFO ][2015-12-07 21:20:06,218][com.java.SeleniumDriver] [  868] - DataField : XPH//img[@id='loading']
[INFO ][2015-12-07 21:20:06,218][com.java.SeleniumDriver] [  870] - DataValue : 90
[INFO ][2015-12-07 21:20:06,218][com.java.SeleniumDriver] [  876] - <In Set values of the page>
[INFO ][2015-12-07 21:20:06,218][com.java.SeleniumDriver] [  879] - {Data Fields & Data Values Exist}
[INFO ][2015-12-07 21:20:06,218][com.java.SeleniumDriver] [  881] - --------------------------setting values-----------------------------
[INFO ][2015-12-07 21:20:06,218][com.java.SeleniumDriver] [  884] - Action Type : waitForElementNotPresent
[INFO ][2015-12-07 21:20:06,338][com.java.SeleniumDriver] [  893] -  RESULT true
[INFO ][2015-12-07 21:20:06,338][com.java.SeleniumDriver] [ 1099] - ?   P A S S   ?
[INFO ][2015-12-07 21:20:06,338][com.java.SeleniumDriver] [  820] - ------------------------------------------
[INFO ][2015-12-07 21:20:06,338][com.java.SeleniumDriver] [  821] - Test case being Executed: 4
[INFO ][2015-12-07 21:20:06,338][com.java.SeleniumDriver] [  832] - Test step:6
[INFO ][2015-12-07 21:20:06,338][com.java.SeleniumDriver] [  844] - Datavalue is----------null
[DEBUG][2015-12-07 21:20:06,338][com.java.SeleniumDriver] [  862] - Exception: null
[INFO ][2015-12-07 21:20:06,338][com.java.SeleniumDriver] [  868] - DataField : //span[@class='icon-stats']&&//a[@data-id="Forecasting"]
[INFO ][2015-12-07 21:20:06,338][com.java.SeleniumDriver] [  870] - DataValue : 
[INFO ][2015-12-07 21:20:06,338][com.java.SeleniumDriver] [  876] - <In Set values of the page>
[INFO ][2015-12-07 21:20:06,338][com.java.SeleniumDriver] [  879] - {Data Fields & Data Values Exist}
[INFO ][2015-12-07 21:20:06,338][com.java.SeleniumDriver] [  881] - --------------------------setting values-----------------------------
[INFO ][2015-12-07 21:20:06,338][com.java.SeleniumDriver] [  884] - Action Type : MOUSEOVER
[INFO ][2015-12-07 21:20:26,454][com.java.SeleniumDriver] [  893] -  RESULT true
[INFO ][2015-12-07 21:20:26,454][com.java.SeleniumDriver] [ 1099] - ?   P A S S   ?
[INFO ][2015-12-07 21:20:26,454][com.java.SeleniumDriver] [  820] - ------------------------------------------
[INFO ][2015-12-07 21:20:26,454][com.java.SeleniumDriver] [  821] - Test case being Executed: 4
[INFO ][2015-12-07 21:20:26,454][com.java.SeleniumDriver] [  832] - Test step:7
[INFO ][2015-12-07 21:20:26,454][com.java.SeleniumDriver] [  844] - Datavalue is----------5
[INFO ][2015-12-07 21:20:26,454][com.java.SeleniumDriver] [  868] - DataField : null
[INFO ][2015-12-07 21:20:26,454][com.java.SeleniumDriver] [  870] - DataValue : 5
[INFO ][2015-12-07 21:20:26,454][com.java.SeleniumDriver] [  876] - <In Set values of the page>
[INFO ][2015-12-07 21:20:26,454][com.java.SeleniumDriver] [  879] - {Data Fields & Data Values Exist}
[INFO ][2015-12-07 21:20:26,454][com.java.SeleniumDriver] [  881] - --------------------------setting values-----------------------------
[INFO ][2015-12-07 21:20:26,454][com.java.SeleniumDriver] [  884] - Action Type : WAITTIME
[DEBUG][2015-12-07 21:20:26,454][com.java.TestType] [ 5251] - sleepTime: 5000
[INFO ][2015-12-07 21:20:31,455][com.java.SeleniumDriver] [  893] -  RESULT true
[INFO ][2015-12-07 21:20:31,455][com.java.SeleniumDriver] [ 1099] - ?   P A S S   ?
[INFO ][2015-12-07 21:20:31,455][com.java.SeleniumDriver] [  820] - ------------------------------------------
[INFO ][2015-12-07 21:20:31,455][com.java.SeleniumDriver] [  821] - Test case being Executed: 4
[INFO ][2015-12-07 21:20:31,455][com.java.SeleniumDriver] [  832] - Test step:8
[INFO ][2015-12-07 21:20:31,455][com.java.SeleniumDriver] [  844] - Datavalue is----------Forecasting 
[INFO ][2015-12-07 21:20:31,455][com.java.SeleniumDriver] [  868] - DataField : TTL
[INFO ][2015-12-07 21:20:31,455][com.java.SeleniumDriver] [  870] - DataValue : Forecasting 
[INFO ][2015-12-07 21:20:31,455][com.java.SeleniumDriver] [  876] - <In Set values of the page>
[INFO ][2015-12-07 21:20:31,455][com.java.SeleniumDriver] [  879] - {Data Fields & Data Values Exist}
[INFO ][2015-12-07 21:20:31,455][com.java.SeleniumDriver] [  881] - --------------------------setting values-----------------------------
[INFO ][2015-12-07 21:20:31,455][com.java.SeleniumDriver] [  884] - Action Type : SELECTWINDOW
[INFO ][2015-12-07 21:20:43,875][com.java.SeleniumDriver] [  893] -  RESULT true
[INFO ][2015-12-07 21:20:43,875][com.java.SeleniumDriver] [ 1099] - ?   P A S S   ?
[INFO ][2015-12-07 21:20:43,875][com.java.SeleniumDriver] [  820] - ------------------------------------------
[INFO ][2015-12-07 21:20:43,875][com.java.SeleniumDriver] [  821] - Test case being Executed: 4
[INFO ][2015-12-07 21:20:43,875][com.java.SeleniumDriver] [  832] - Test step:9
[INFO ][2015-12-07 21:20:43,875][com.java.SeleniumDriver] [  844] - Datavalue is----------10
[INFO ][2015-12-07 21:20:43,875][com.java.SeleniumDriver] [  868] - DataField : DSP//span[contains(text(),'Forecasting')]
[INFO ][2015-12-07 21:20:43,876][com.java.SeleniumDriver] [  870] - DataValue : 10
[INFO ][2015-12-07 21:20:43,876][com.java.SeleniumDriver] [  876] - <In Set values of the page>
[INFO ][2015-12-07 21:20:43,876][com.java.SeleniumDriver] [  879] - {Data Fields & Data Values Exist}
[INFO ][2015-12-07 21:20:43,876][com.java.SeleniumDriver] [  881] - --------------------------setting values-----------------------------
[INFO ][2015-12-07 21:20:43,876][com.java.SeleniumDriver] [  884] - Action Type : WAITFORELEMENT
[INFO ][2015-12-07 21:20:44,035][com.java.SeleniumDriver] [  893] -  RESULT true
[INFO ][2015-12-07 21:20:44,035][com.java.SeleniumDriver] [ 1099] - ?   P A S S   ?
[INFO ][2015-12-07 21:20:44,036][com.java.SeleniumDriver] [  820] - ------------------------------------------
[INFO ][2015-12-07 21:20:44,036][com.java.SeleniumDriver] [  821] - Test case being Executed: 4
[INFO ][2015-12-07 21:20:44,036][com.java.SeleniumDriver] [  832] - Test step:10
[INFO ][2015-12-07 21:20:44,036][com.java.SeleniumDriver] [  844] - Datavalue is----------Forecasting 
[INFO ][2015-12-07 21:20:44,036][com.java.SeleniumDriver] [  868] - DataField : XPH//span[contains(text(),'Forecasting')]
[INFO ][2015-12-07 21:20:44,036][com.java.SeleniumDriver] [  870] - DataValue : Forecasting 
[INFO ][2015-12-07 21:20:44,036][com.java.SeleniumDriver] [  876] - <In Set values of the page>
[INFO ][2015-12-07 21:20:44,036][com.java.SeleniumDriver] [  879] - {Data Fields & Data Values Exist}
[INFO ][2015-12-07 21:20:44,036][com.java.SeleniumDriver] [  881] - --------------------------setting values-----------------------------
[INFO ][2015-12-07 21:20:44,036][com.java.SeleniumDriver] [  884] - Action Type : VERIFY
[INFO ][2015-12-07 21:20:44,036][com.java.TestType] [ 6659] - field= XPH//span[contains(text(),'Forecasting')] value= Forecasting 
[INFO ][2015-12-07 21:20:44,036][com.java.TestType] [ 5431] - value = Forecasting 
[INFO ][2015-12-07 21:20:44,182][com.java.SeleniumDriver] [  893] -  RESULT true
[INFO ][2015-12-07 21:20:44,182][com.java.SeleniumDriver] [ 1099] - ?   P A S S   ?
[INFO ][2015-12-07 21:20:44,182][com.java.SeleniumDriver] [  820] - ------------------------------------------
[INFO ][2015-12-07 21:20:44,182][com.java.SeleniumDriver] [  821] - Test case being Executed: 4
[INFO ][2015-12-07 21:20:44,182][com.java.SeleniumDriver] [  832] - Test step:11
[INFO ][2015-12-07 21:20:44,182][com.java.SeleniumDriver] [  844] - Datavalue is----------null
[DEBUG][2015-12-07 21:20:44,182][com.java.SeleniumDriver] [  862] - Exception: null
[INFO ][2015-12-07 21:20:44,182][com.java.SeleniumDriver] [  868] - DataField : BTNframeDialogContent
[INFO ][2015-12-07 21:20:44,182][com.java.SeleniumDriver] [  870] - DataValue : 
[INFO ][2015-12-07 21:20:44,182][com.java.SeleniumDriver] [  876] - <In Set values of the page>
[INFO ][2015-12-07 21:20:44,182][com.java.SeleniumDriver] [  879] - {Data Fields & Data Values Exist}
[INFO ][2015-12-07 21:20:44,182][com.java.SeleniumDriver] [  881] - --------------------------setting values-----------------------------
[INFO ][2015-12-07 21:20:44,182][com.java.SeleniumDriver] [  884] - Action Type : SELECTFRAME
[INFO ][2015-12-07 21:20:45,946][com.java.SeleniumDriver] [  893] -  RESULT true
[INFO ][2015-12-07 21:20:45,946][com.java.SeleniumDriver] [ 1099] - ?   P A S S   ?
[INFO ][2015-12-07 21:20:45,946][com.java.SeleniumDriver] [  820] - ------------------------------------------
[INFO ][2015-12-07 21:20:45,946][com.java.SeleniumDriver] [  821] - Test case being Executed: 4
[INFO ][2015-12-07 21:20:45,946][com.java.SeleniumDriver] [  832] - Test step:12
[INFO ][2015-12-07 21:20:45,947][com.java.SeleniumDriver] [  844] - Datavalue is----------10
[INFO ][2015-12-07 21:20:45,947][com.java.SeleniumDriver] [  868] - DataField : DSPddlProjects
[INFO ][2015-12-07 21:20:45,947][com.java.SeleniumDriver] [  870] - DataValue : 10
[INFO ][2015-12-07 21:20:45,947][com.java.SeleniumDriver] [  876] - <In Set values of the page>
[INFO ][2015-12-07 21:20:45,947][com.java.SeleniumDriver] [  879] - {Data Fields & Data Values Exist}
[INFO ][2015-12-07 21:20:45,947][com.java.SeleniumDriver] [  881] - --------------------------setting values-----------------------------
[INFO ][2015-12-07 21:20:45,947][com.java.SeleniumDriver] [  884] - Action Type : WAITFORELEMENT
[INFO ][2015-12-07 21:20:47,621][com.java.SeleniumDriver] [  893] -  RESULT true
[INFO ][2015-12-07 21:20:47,622][com.java.SeleniumDriver] [ 1099] - ?   P A S S   ?
[INFO ][2015-12-07 21:20:47,622][com.java.SeleniumDriver] [  820] - ------------------------------------------
[INFO ][2015-12-07 21:20:47,622][com.java.SeleniumDriver] [  821] - Test case being Executed: 4
[INFO ][2015-12-07 21:20:47,622][com.java.SeleniumDriver] [  832] - Test step:13
[INFO ][2015-12-07 21:20:47,622][com.java.SeleniumDriver] [  844] - Datavalue is----------index:1
[INFO ][2015-12-07 21:20:47,622][com.java.SeleniumDriver] [  868] - DataField : COBddlProjects
[INFO ][2015-12-07 21:20:47,622][com.java.SeleniumDriver] [  870] - DataValue : index:1
[INFO ][2015-12-07 21:20:47,622][com.java.SeleniumDriver] [  876] - <In Set values of the page>
[INFO ][2015-12-07 21:20:47,622][com.java.SeleniumDriver] [  879] - {Data Fields & Data Values Exist}
[INFO ][2015-12-07 21:20:47,622][com.java.SeleniumDriver] [  881] - --------------------------setting values-----------------------------
[INFO ][2015-12-07 21:20:47,622][com.java.SeleniumDriver] [  884] - Action Type : SELECT
[INFO ][2015-12-07 21:20:47,622][com.java.TestType] [ 5431] - value = 1
[INFO ][2015-12-07 21:20:49,342][com.java.TestType] [ 5549] -  In COB ddlProjects : 1
[INFO ][2015-12-07 21:20:49,504][com.java.SeleniumDriver] [  893] -  RESULT true
[INFO ][2015-12-07 21:20:49,505][com.java.SeleniumDriver] [ 1099] - ?   P A S S   ?
[INFO ][2015-12-07 21:20:49,505][com.java.SeleniumDriver] [ 1136] - Continue next step...
[INFO ][2015-12-07 21:20:49,505][com.java.SeleniumDriver] [  820] - ------------------------------------------
[INFO ][2015-12-07 21:20:49,505][com.java.SeleniumDriver] [  821] - Test case being Executed: 4
[INFO ][2015-12-07 21:20:49,505][com.java.SeleniumDriver] [  832] - Test step:14
[INFO ][2015-12-07 21:20:49,505][com.java.SeleniumDriver] [  844] - Datavalue is----------CurrentProject
[INFO ][2015-12-07 21:20:49,505][com.java.SeleniumDriver] [  868] - DataField : SLBddlProjects
[INFO ][2015-12-07 21:20:49,505][com.java.SeleniumDriver] [  870] - DataValue : CurrentProject
[INFO ][2015-12-07 21:20:49,505][com.java.SeleniumDriver] [  876] - <In Set values of the page>
[INFO ][2015-12-07 21:20:49,505][com.java.SeleniumDriver] [  879] - {Data Fields & Data Values Exist}
[INFO ][2015-12-07 21:20:49,505][com.java.SeleniumDriver] [  881] - --------------------------setting values-----------------------------
[INFO ][2015-12-07 21:20:49,505][com.java.SeleniumDriver] [  884] - Action Type : storevalue
[INFO ][2015-12-07 21:20:49,506][com.java.TestType] [ 7837] - field= SLBddlProjects
[INFO ][2015-12-07 21:20:51,298][com.java.SeleniumDriver] [  893] -  RESULT true
[INFO ][2015-12-07 21:20:51,298][com.java.SeleniumDriver] [ 1099] - ?   P A S S   ?
[INFO ][2015-12-07 21:20:51,298][com.java.SeleniumDriver] [  820] - ------------------------------------------
[INFO ][2015-12-07 21:20:51,298][com.java.SeleniumDriver] [  821] - Test case being Executed: 4
[INFO ][2015-12-07 21:20:51,298][com.java.SeleniumDriver] [  832] - Test step:15
[INFO ][2015-12-07 21:20:51,298][com.java.SeleniumDriver] [  844] - Datavalue is----------null
[DEBUG][2015-12-07 21:20:51,298][com.java.SeleniumDriver] [  862] - Exception: null
[INFO ][2015-12-07 21:20:51,298][com.java.SeleniumDriver] [  868] - DataField : HDNbtnOpenProject
[INFO ][2015-12-07 21:20:51,298][com.java.SeleniumDriver] [  870] - DataValue : 
[INFO ][2015-12-07 21:20:51,298][com.java.SeleniumDriver] [  876] - <In Set values of the page>
[INFO ][2015-12-07 21:20:51,298][com.java.SeleniumDriver] [  879] - {Data Fields & Data Values Exist}
[INFO ][2015-12-07 21:20:51,298][com.java.SeleniumDriver] [  881] - --------------------------setting values-----------------------------
[INFO ][2015-12-07 21:20:51,299][com.java.SeleniumDriver] [  884] - Action Type : CLICK
[INFO ][2015-12-07 21:20:51,299][com.java.TestType] [ 5759] - Field ::HDNbtnOpenProject
[INFO ][2015-12-07 21:20:54,861][com.java.SeleniumDriver] [  893] -  RESULT true
[INFO ][2015-12-07 21:20:54,861][com.java.SeleniumDriver] [ 1099] - ?   P A S S   ?
[INFO ][2015-12-07 21:20:54,861][com.java.SeleniumDriver] [  820] - ------------------------------------------
[INFO ][2015-12-07 21:20:54,861][com.java.SeleniumDriver] [  821] - Test case being Executed: 4
[INFO ][2015-12-07 21:20:54,861][com.java.SeleniumDriver] [  832] - Test step:16
[INFO ][2015-12-07 21:20:54,861][com.java.SeleniumDriver] [  844] - Datavalue is----------2
[INFO ][2015-12-07 21:20:54,861][com.java.SeleniumDriver] [  868] - DataField : null
[INFO ][2015-12-07 21:20:54,861][com.java.SeleniumDriver] [  870] - DataValue : 2
[INFO ][2015-12-07 21:20:54,861][com.java.SeleniumDriver] [  876] - <In Set values of the page>
[INFO ][2015-12-07 21:20:54,861][com.java.SeleniumDriver] [  879] - {Data Fields & Data Values Exist}
[INFO ][2015-12-07 21:20:54,861][com.java.SeleniumDriver] [  881] - --------------------------setting values-----------------------------
[INFO ][2015-12-07 21:20:54,861][com.java.SeleniumDriver] [  884] - Action Type : WAITTIME
[DEBUG][2015-12-07 21:20:54,861][com.java.TestType] [ 5251] - sleepTime: 2000
[INFO ][2015-12-07 21:20:56,861][com.java.SeleniumDriver] [  893] -  RESULT true
[INFO ][2015-12-07 21:20:56,861][com.java.SeleniumDriver] [ 1099] - ?   P A S S   ?
[INFO ][2015-12-07 21:20:56,861][com.java.SeleniumDriver] [  820] - ------------------------------------------
[INFO ][2015-12-07 21:20:56,861][com.java.SeleniumDriver] [  821] - Test case being Executed: 4
[INFO ][2015-12-07 21:20:56,861][com.java.SeleniumDriver] [  832] - Test step:17
[INFO ][2015-12-07 21:20:56,861][com.java.SeleniumDriver] [  844] - Datavalue is----------null
[DEBUG][2015-12-07 21:20:56,861][com.java.SeleniumDriver] [  862] - Exception: null
[INFO ][2015-12-07 21:20:56,861][com.java.SeleniumDriver] [  868] - DataField : BTNParent
[INFO ][2015-12-07 21:20:56,861][com.java.SeleniumDriver] [  870] - DataValue : 
[INFO ][2015-12-07 21:20:56,861][com.java.SeleniumDriver] [  876] - <In Set values of the page>
[INFO ][2015-12-07 21:20:56,861][com.java.SeleniumDriver] [  879] - {Data Fields & Data Values Exist}
[INFO ][2015-12-07 21:20:56,862][com.java.SeleniumDriver] [  881] - --------------------------setting values-----------------------------
[INFO ][2015-12-07 21:20:56,862][com.java.SeleniumDriver] [  884] - Action Type : SELECTFRAME
[INFO ][2015-12-07 21:20:56,882][com.java.SeleniumDriver] [  893] -  RESULT true
[INFO ][2015-12-07 21:20:56,882][com.java.SeleniumDriver] [ 1099] - ?   P A S S   ?
[INFO ][2015-12-07 21:20:56,882][com.java.SeleniumDriver] [  820] - ------------------------------------------
[INFO ][2015-12-07 21:20:56,882][com.java.SeleniumDriver] [  821] - Test case being Executed: 4
[INFO ][2015-12-07 21:20:56,882][com.java.SeleniumDriver] [  832] - Test step:18
[INFO ][2015-12-07 21:20:56,882][com.java.SeleniumDriver] [  844] - Datavalue is----------10
[INFO ][2015-12-07 21:20:56,882][com.java.SeleniumDriver] [  868] - DataField : DSPFile
[INFO ][2015-12-07 21:20:56,882][com.java.SeleniumDriver] [  870] - DataValue : 10
[INFO ][2015-12-07 21:20:56,882][com.java.SeleniumDriver] [  876] - <In Set values of the page>
[INFO ][2015-12-07 21:20:56,882][com.java.SeleniumDriver] [  879] - {Data Fields & Data Values Exist}
[INFO ][2015-12-07 21:20:56,883][com.java.SeleniumDriver] [  881] - --------------------------setting values-----------------------------
[INFO ][2015-12-07 21:20:56,883][com.java.SeleniumDriver] [  884] - Action Type : WAITFORELEMENT
[INFO ][2015-12-07 21:20:57,054][com.java.SeleniumDriver] [  893] -  RESULT true
[INFO ][2015-12-07 21:20:57,054][com.java.SeleniumDriver] [ 1099] - ?   P A S S   ?
[INFO ][2015-12-07 21:20:57,055][com.java.SeleniumDriver] [  820] - ------------------------------------------
[INFO ][2015-12-07 21:20:57,055][com.java.SeleniumDriver] [  821] - Test case being Executed: 4
[INFO ][2015-12-07 21:20:57,055][com.java.SeleniumDriver] [  832] - Test step:19
[INFO ][2015-12-07 21:20:57,055][com.java.SeleniumDriver] [  844] - Datavalue is----------10
[INFO ][2015-12-07 21:20:57,055][com.java.SeleniumDriver] [  868] - DataField : null
[INFO ][2015-12-07 21:20:57,055][com.java.SeleniumDriver] [  870] - DataValue : 10
[INFO ][2015-12-07 21:20:57,055][com.java.SeleniumDriver] [  876] - <In Set values of the page>
[INFO ][2015-12-07 21:20:57,055][com.java.SeleniumDriver] [  879] - {Data Fields & Data Values Exist}
[INFO ][2015-12-07 21:20:57,055][com.java.SeleniumDriver] [  881] - --------------------------setting values-----------------------------
[INFO ][2015-12-07 21:20:57,055][com.java.SeleniumDriver] [  884] - Action Type : WAITTIME
[DEBUG][2015-12-07 21:20:57,055][com.java.TestType] [ 5251] - sleepTime: 10000
[INFO ][2015-12-07 21:21:07,056][com.java.SeleniumDriver] [  893] -  RESULT true
[INFO ][2015-12-07 21:21:07,056][com.java.SeleniumDriver] [ 1099] - ?   P A S S   ?
[INFO ][2015-12-07 21:21:07,056][com.java.SeleniumDriver] [  820] - ------------------------------------------
[INFO ][2015-12-07 21:21:07,056][com.java.SeleniumDriver] [  821] - Test case being Executed: 4
[INFO ][2015-12-07 21:21:07,056][com.java.SeleniumDriver] [  832] - Test step:20
[INFO ][2015-12-07 21:21:07,056][com.java.SeleniumDriver] [  844] - Datavalue is----------HMVCurrentProject
[INFO ][2015-12-07 21:21:07,056][com.java.SeleniumDriver] [  868] - DataField : XPH//span[@id='lblProject']
[INFO ][2015-12-07 21:21:07,056][com.java.SeleniumDriver] [  870] - DataValue : HMVCurrentProject
[INFO ][2015-12-07 21:21:07,056][com.java.SeleniumDriver] [  876] - <In Set values of the page>
[INFO ][2015-12-07 21:21:07,059][com.java.SeleniumDriver] [  879] - {Data Fields & Data Values Exist}
[INFO ][2015-12-07 21:21:07,059][com.java.SeleniumDriver] [  881] - --------------------------setting values-----------------------------
[INFO ][2015-12-07 21:21:07,059][com.java.SeleniumDriver] [  884] - Action Type : VERIFY
[INFO ][2015-12-07 21:21:07,059][com.java.TestType] [ 6659] - field= XPH//span[@id='lblProject'] value= HMVCurrentProject
[INFO ][2015-12-07 21:21:07,059][com.java.TestType] [ 5431] - value = SFNB 2016 Budget
[INFO ][2015-12-07 21:21:07,250][com.java.SeleniumDriver] [  893] -  RESULT true
[INFO ][2015-12-07 21:21:07,250][com.java.SeleniumDriver] [ 1099] - ?   P A S S   ?
[INFO ][2015-12-07 21:21:07,250][com.java.SeleniumDriver] [  820] - ------------------------------------------
[INFO ][2015-12-07 21:21:07,250][com.java.SeleniumDriver] [  821] - Test case being Executed: 4
[INFO ][2015-12-07 21:21:07,250][com.java.SeleniumDriver] [  832] - Test step:21
[INFO ][2015-12-07 21:21:07,250][com.java.SeleniumDriver] [  844] - Datavalue is----------null
[DEBUG][2015-12-07 21:21:07,250][com.java.SeleniumDriver] [  862] - Exception: null
[INFO ][2015-12-07 21:21:07,250][com.java.SeleniumDriver] [  868] - DataField : HDNmenuTools
[INFO ][2015-12-07 21:21:07,250][com.java.SeleniumDriver] [  870] - DataValue : 
[INFO ][2015-12-07 21:21:07,250][com.java.SeleniumDriver] [  876] - <In Set values of the page>
[INFO ][2015-12-07 21:21:07,250][com.java.SeleniumDriver] [  879] - {Data Fields & Data Values Exist}
[INFO ][2015-12-07 21:21:07,250][com.java.SeleniumDriver] [  881] - --------------------------setting values-----------------------------
[INFO ][2015-12-07 21:21:07,250][com.java.SeleniumDriver] [  884] - Action Type : CLICK
[INFO ][2015-12-07 21:21:07,250][com.java.TestType] [ 5759] - Field ::HDNmenuTools
[INFO ][2015-12-07 21:21:10,065][com.java.SeleniumDriver] [  893] -  RESULT true
[INFO ][2015-12-07 21:21:10,066][com.java.SeleniumDriver] [ 1099] - ?   P A S S   ?
[INFO ][2015-12-07 21:21:10,066][com.java.SeleniumDriver] [  820] - ------------------------------------------
[INFO ][2015-12-07 21:21:10,066][com.java.SeleniumDriver] [  821] - Test case being Executed: 4
[INFO ][2015-12-07 21:21:10,066][com.java.SeleniumDriver] [  832] - Test step:22
[INFO ][2015-12-07 21:21:10,066][com.java.SeleniumDriver] [  844] - Datavalue is----------10
[INFO ][2015-12-07 21:21:10,066][com.java.SeleniumDriver] [  868] - DataField : DSPmenuCopyToForecast
[INFO ][2015-12-07 21:21:10,066][com.java.SeleniumDriver] [  870] - DataValue : 10
[INFO ][2015-12-07 21:21:10,066][com.java.SeleniumDriver] [  876] - <In Set values of the page>
[INFO ][2015-12-07 21:21:10,066][com.java.SeleniumDriver] [  879] - {Data Fields & Data Values Exist}
[INFO ][2015-12-07 21:21:10,066][com.java.SeleniumDriver] [  881] - --------------------------setting values-----------------------------
[INFO ][2015-12-07 21:21:10,066][com.java.SeleniumDriver] [  884] - Action Type : WAITFORELEMENT
[INFO ][2015-12-07 21:21:11,935][com.java.SeleniumDriver] [  893] -  RESULT true
[INFO ][2015-12-07 21:21:11,936][com.java.SeleniumDriver] [ 1099] - ?   P A S S   ?
[INFO ][2015-12-07 21:21:11,936][com.java.SeleniumDriver] [  820] - ------------------------------------------
[INFO ][2015-12-07 21:21:11,936][com.java.SeleniumDriver] [  821] - Test case being Executed: 4
[INFO ][2015-12-07 21:21:11,936][com.java.SeleniumDriver] [  832] - Test step:23
[INFO ][2015-12-07 21:21:11,936][com.java.SeleniumDriver] [  844] - Datavalue is----------null
[DEBUG][2015-12-07 21:21:11,936][com.java.SeleniumDriver] [  862] - Exception: null
[INFO ][2015-12-07 21:21:11,936][com.java.SeleniumDriver] [  868] - DataField : HDNmenuCopyToForecast
[INFO ][2015-12-07 21:21:11,936][com.java.SeleniumDriver] [  870] - DataValue : 
[INFO ][2015-12-07 21:21:11,936][com.java.SeleniumDriver] [  876] - <In Set values of the page>
[INFO ][2015-12-07 21:21:11,936][com.java.SeleniumDriver] [  879] - {Data Fields & Data Values Exist}
[INFO ][2015-12-07 21:21:11,936][com.java.SeleniumDriver] [  881] - --------------------------setting values-----------------------------
[INFO ][2015-12-07 21:21:11,936][com.java.SeleniumDriver] [  884] - Action Type : CLICK
[INFO ][2015-12-07 21:21:11,936][com.java.TestType] [ 5759] - Field ::HDNmenuCopyToForecast
[INFO ][2015-12-07 21:21:14,743][com.java.SeleniumDriver] [  893] -  RESULT true
[INFO ][2015-12-07 21:21:14,743][com.java.SeleniumDriver] [ 1099] - ?   P A S S   ?
[INFO ][2015-12-07 21:21:14,744][com.java.SeleniumDriver] [  820] - ------------------------------------------
[INFO ][2015-12-07 21:21:14,744][com.java.SeleniumDriver] [  821] - Test case being Executed: 4
[INFO ][2015-12-07 21:21:14,744][com.java.SeleniumDriver] [  832] - Test step:24
[INFO ][2015-12-07 21:21:14,744][com.java.SeleniumDriver] [  844] - Datavalue is----------2
[INFO ][2015-12-07 21:21:14,744][com.java.SeleniumDriver] [  868] - DataField : null
[INFO ][2015-12-07 21:21:14,744][com.java.SeleniumDriver] [  870] - DataValue : 2
[INFO ][2015-12-07 21:21:14,744][com.java.SeleniumDriver] [  876] - <In Set values of the page>
[INFO ][2015-12-07 21:21:14,744][com.java.SeleniumDriver] [  879] - {Data Fields & Data Values Exist}
[INFO ][2015-12-07 21:21:14,744][com.java.SeleniumDriver] [  881] - --------------------------setting values-----------------------------
[INFO ][2015-12-07 21:21:14,744][com.java.SeleniumDriver] [  884] - Action Type : WAITTIME
[DEBUG][2015-12-07 21:21:14,744][com.java.TestType] [ 5251] - sleepTime: 2000
[INFO ][2015-12-07 21:21:16,744][com.java.SeleniumDriver] [  893] -  RESULT true
[INFO ][2015-12-07 21:21:16,744][com.java.SeleniumDriver] [ 1099] - ?   P A S S   ?
[INFO ][2015-12-07 21:21:16,744][com.java.SeleniumDriver] [  820] - ------------------------------------------
[INFO ][2015-12-07 21:21:16,744][com.java.SeleniumDriver] [  821] - Test case being Executed: 4
[INFO ][2015-12-07 21:21:16,744][com.java.SeleniumDriver] [  832] - Test step:25
[INFO ][2015-12-07 21:21:16,744][com.java.SeleniumDriver] [  844] - Datavalue is----------Forecasting
[INFO ][2015-12-07 21:21:16,744][com.java.SeleniumDriver] [  868] - DataField : XPH//span[@id='ui-dialog-title-mdDialog']
[INFO ][2015-12-07 21:21:16,744][com.java.SeleniumDriver] [  870] - DataValue : Forecasting
[INFO ][2015-12-07 21:21:16,744][com.java.SeleniumDriver] [  876] - <In Set values of the page>
[INFO ][2015-12-07 21:21:16,744][com.java.SeleniumDriver] [  879] - {Data Fields & Data Values Exist}
[INFO ][2015-12-07 21:21:16,744][com.java.SeleniumDriver] [  881] - --------------------------setting values-----------------------------
[INFO ][2015-12-07 21:21:16,744][com.java.SeleniumDriver] [  884] - Action Type : VERIFY
[INFO ][2015-12-07 21:21:16,744][com.java.TestType] [ 6659] - field= XPH//span[@id='ui-dialog-title-mdDialog'] value= Forecasting
[INFO ][2015-12-07 21:21:16,745][com.java.TestType] [ 5431] - value = Forecasting
[INFO ][2015-12-07 21:21:16,944][com.java.SeleniumDriver] [  893] -  RESULT true
[INFO ][2015-12-07 21:21:16,945][com.java.SeleniumDriver] [ 1099] - ?   P A S S   ?
[INFO ][2015-12-07 21:21:16,945][com.java.SeleniumDriver] [  820] - ------------------------------------------
[INFO ][2015-12-07 21:21:16,945][com.java.SeleniumDriver] [  821] - Test case being Executed: 4
[INFO ][2015-12-07 21:21:16,945][com.java.SeleniumDriver] [  832] - Test step:26
[INFO ][2015-12-07 21:21:16,945][com.java.SeleniumDriver] [  844] - Datavalue is----------null
[DEBUG][2015-12-07 21:21:16,945][com.java.SeleniumDriver] [  862] - Exception: null
[INFO ][2015-12-07 21:21:16,945][com.java.SeleniumDriver] [  868] - DataField : BTNframeDialogContent
[INFO ][2015-12-07 21:21:16,945][com.java.SeleniumDriver] [  870] - DataValue : 
[INFO ][2015-12-07 21:21:16,945][com.java.SeleniumDriver] [  876] - <In Set values of the page>
[INFO ][2015-12-07 21:21:16,945][com.java.SeleniumDriver] [  879] - {Data Fields & Data Values Exist}
[INFO ][2015-12-07 21:21:16,945][com.java.SeleniumDriver] [  881] - --------------------------setting values-----------------------------
[INFO ][2015-12-07 21:21:16,945][com.java.SeleniumDriver] [  884] - Action Type : SELECTFRAME
[INFO ][2015-12-07 21:21:18,707][com.java.SeleniumDriver] [  893] -  RESULT true
[INFO ][2015-12-07 21:21:18,707][com.java.SeleniumDriver] [ 1099] - ?   P A S S   ?
[INFO ][2015-12-07 21:21:18,707][com.java.SeleniumDriver] [  820] - ------------------------------------------
[INFO ][2015-12-07 21:21:18,707][com.java.SeleniumDriver] [  821] - Test case being Executed: 4
[INFO ][2015-12-07 21:21:18,707][com.java.SeleniumDriver] [  832] - Test step:27
[INFO ][2015-12-07 21:21:18,707][com.java.SeleniumDriver] [  844] - Datavalue is----------Copying Project
[INFO ][2015-12-07 21:21:18,707][com.java.SeleniumDriver] [  868] - DataField : XPH//td[@class='dlg_Label']
[INFO ][2015-12-07 21:21:18,707][com.java.SeleniumDriver] [  870] - DataValue : Copying Project
[INFO ][2015-12-07 21:21:18,707][com.java.SeleniumDriver] [  876] - <In Set values of the page>
[INFO ][2015-12-07 21:21:18,707][com.java.SeleniumDriver] [  879] - {Data Fields & Data Values Exist}
[INFO ][2015-12-07 21:21:18,708][com.java.SeleniumDriver] [  881] - --------------------------setting values-----------------------------
[INFO ][2015-12-07 21:21:18,708][com.java.SeleniumDriver] [  884] - Action Type : VERIFY
[INFO ][2015-12-07 21:21:18,708][com.java.TestType] [ 6659] - field= XPH//td[@class='dlg_Label'] value= Copying Project
[INFO ][2015-12-07 21:21:18,708][com.java.TestType] [ 5431] - value = Copying Project
[INFO ][2015-12-07 21:21:18,804][com.java.SeleniumDriver] [  893] -  RESULT true
[INFO ][2015-12-07 21:21:18,805][com.java.SeleniumDriver] [ 1099] - ?   P A S S   ?
[INFO ][2015-12-07 21:21:18,805][com.java.SeleniumDriver] [  820] - ------------------------------------------
[INFO ][2015-12-07 21:21:18,805][com.java.SeleniumDriver] [  821] - Test case being Executed: 4
[INFO ][2015-12-07 21:21:18,805][com.java.SeleniumDriver] [  832] - Test step:28
[INFO ][2015-12-07 21:21:18,805][com.java.SeleniumDriver] [  844] - Datavalue is----------Your project is now being processed.
[INFO ][2015-12-07 21:21:18,805][com.java.SeleniumDriver] [  868] - DataField : XPH//TD[@ID='lblEmail']
[INFO ][2015-12-07 21:21:18,805][com.java.SeleniumDriver] [  870] - DataValue : Your project is now being processed.
[INFO ][2015-12-07 21:21:18,807][com.java.SeleniumDriver] [  876] - <In Set values of the page>
[INFO ][2015-12-07 21:21:18,807][com.java.SeleniumDriver] [  879] - {Data Fields & Data Values Exist}
[INFO ][2015-12-07 21:21:18,807][com.java.SeleniumDriver] [  881] - --------------------------setting values-----------------------------
[INFO ][2015-12-07 21:21:18,807][com.java.SeleniumDriver] [  884] - Action Type : VERIFY
[INFO ][2015-12-07 21:21:18,807][com.java.TestType] [ 6659] - field= XPH//TD[@ID='lblEmail'] value= Your project is now being processed.
[INFO ][2015-12-07 21:21:18,807][com.java.TestType] [ 5431] - value = Your project is now being processed.
[INFO ][2015-12-07 21:21:18,895][com.java.SeleniumDriver] [  893] -  RESULT true
[INFO ][2015-12-07 21:21:18,895][com.java.SeleniumDriver] [ 1099] - ?   P A S S   ?
[INFO ][2015-12-07 21:21:18,896][com.java.SeleniumDriver] [  820] - ------------------------------------------
[INFO ][2015-12-07 21:21:18,896][com.java.SeleniumDriver] [  821] - Test case being Executed: 4
[INFO ][2015-12-07 21:21:18,896][com.java.SeleniumDriver] [  832] - Test step:29
[INFO ][2015-12-07 21:21:18,896][com.java.SeleniumDriver] [  844] - Datavalue is----------null
[DEBUG][2015-12-07 21:21:18,896][com.java.SeleniumDriver] [  862] - Exception: null
[INFO ][2015-12-07 21:21:18,896][com.java.SeleniumDriver] [  868] - DataField : BTNParent
[INFO ][2015-12-07 21:21:18,896][com.java.SeleniumDriver] [  870] - DataValue : 
[INFO ][2015-12-07 21:21:18,896][com.java.SeleniumDriver] [  876] - <In Set values of the page>
[INFO ][2015-12-07 21:21:18,896][com.java.SeleniumDriver] [  879] - {Data Fields & Data Values Exist}
[INFO ][2015-12-07 21:21:18,896][com.java.SeleniumDriver] [  881] - --------------------------setting values-----------------------------
[INFO ][2015-12-07 21:21:18,896][com.java.SeleniumDriver] [  884] - Action Type : SELECTFRAME
[INFO ][2015-12-07 21:21:18,913][com.java.SeleniumDriver] [  893] -  RESULT true
[INFO ][2015-12-07 21:21:18,914][com.java.SeleniumDriver] [ 1099] - ?   P A S S   ?
[INFO ][2015-12-07 21:21:18,914][com.java.SeleniumDriver] [  820] - ------------------------------------------
[INFO ][2015-12-07 21:21:18,914][com.java.SeleniumDriver] [  821] - Test case being Executed: 4
[INFO ][2015-12-07 21:21:18,914][com.java.SeleniumDriver] [  832] - Test step:30
[INFO ][2015-12-07 21:21:18,914][com.java.SeleniumDriver] [  844] - Datavalue is----------null
[DEBUG][2015-12-07 21:21:18,914][com.java.SeleniumDriver] [  862] - Exception: null
[INFO ][2015-12-07 21:21:18,914][com.java.SeleniumDriver] [  868] - DataField : HDN//span[text()='close']
[INFO ][2015-12-07 21:21:18,914][com.java.SeleniumDriver] [  870] - DataValue : 
[INFO ][2015-12-07 21:21:18,914][com.java.SeleniumDriver] [  876] - <In Set values of the page>
[INFO ][2015-12-07 21:21:18,914][com.java.SeleniumDriver] [  879] - {Data Fields & Data Values Exist}
[INFO ][2015-12-07 21:21:18,914][com.java.SeleniumDriver] [  881] - --------------------------setting values-----------------------------
[INFO ][2015-12-07 21:21:18,914][com.java.SeleniumDriver] [  884] - Action Type : CLICK
[INFO ][2015-12-07 21:21:18,914][com.java.TestType] [ 5759] - Field ::HDN//span[text()='close']
[INFO ][2015-12-07 21:21:20,037][com.java.SeleniumDriver] [  893] -  RESULT true
[INFO ][2015-12-07 21:21:20,037][com.java.SeleniumDriver] [ 1099] - ?   P A S S   ?
[INFO ][2015-12-07 21:21:20,037][com.java.SeleniumDriver] [  820] - ------------------------------------------
[INFO ][2015-12-07 21:21:20,037][com.java.SeleniumDriver] [  821] - Test case being Executed: 4
[INFO ][2015-12-07 21:21:20,037][com.java.SeleniumDriver] [  832] - Test step:31
[INFO ][2015-12-07 21:21:20,037][com.java.SeleniumDriver] [  844] - Datavalue is----------null
[DEBUG][2015-12-07 21:21:20,037][com.java.SeleniumDriver] [  862] - Exception: null
[INFO ][2015-12-07 21:21:20,038][com.java.SeleniumDriver] [  868] - DataField : HDNmenuTools
[INFO ][2015-12-07 21:21:20,038][com.java.SeleniumDriver] [  870] - DataValue : 
[INFO ][2015-12-07 21:21:20,038][com.java.SeleniumDriver] [  876] - <In Set values of the page>
[INFO ][2015-12-07 21:21:20,038][com.java.SeleniumDriver] [  879] - {Data Fields & Data Values Exist}
[INFO ][2015-12-07 21:21:20,038][com.java.SeleniumDriver] [  881] - --------------------------setting values-----------------------------
[INFO ][2015-12-07 21:21:20,038][com.java.SeleniumDriver] [  884] - Action Type : CLICK
[INFO ][2015-12-07 21:21:20,038][com.java.TestType] [ 5759] - Field ::HDNmenuTools
[INFO ][2015-12-07 21:21:22,842][com.java.SeleniumDriver] [  893] -  RESULT true
[INFO ][2015-12-07 21:21:22,842][com.java.SeleniumDriver] [ 1099] - ?   P A S S   ?
[INFO ][2015-12-07 21:21:22,842][com.java.SeleniumDriver] [  820] - ------------------------------------------
[INFO ][2015-12-07 21:21:22,842][com.java.SeleniumDriver] [  821] - Test case being Executed: 4
[INFO ][2015-12-07 21:21:22,842][com.java.SeleniumDriver] [  832] - Test step:32
[INFO ][2015-12-07 21:21:22,842][com.java.SeleniumDriver] [  844] - Datavalue is----------10
[INFO ][2015-12-07 21:21:22,842][com.java.SeleniumDriver] [  868] - DataField : DSPmenuProjectOptions
[INFO ][2015-12-07 21:21:22,842][com.java.SeleniumDriver] [  870] - DataValue : 10
[INFO ][2015-12-07 21:21:22,842][com.java.SeleniumDriver] [  876] - <In Set values of the page>
[INFO ][2015-12-07 21:21:22,842][com.java.SeleniumDriver] [  879] - {Data Fields & Data Values Exist}
[INFO ][2015-12-07 21:21:22,842][com.java.SeleniumDriver] [  881] - --------------------------setting values-----------------------------
[INFO ][2015-12-07 21:21:22,842][com.java.SeleniumDriver] [  884] - Action Type : WAITFORELEMENT
[INFO ][2015-12-07 21:21:24,674][com.java.SeleniumDriver] [  893] -  RESULT true
[INFO ][2015-12-07 21:21:24,674][com.java.SeleniumDriver] [ 1099] - ?   P A S S   ?
[INFO ][2015-12-07 21:21:24,674][com.java.SeleniumDriver] [  820] - ------------------------------------------
[INFO ][2015-12-07 21:21:24,674][com.java.SeleniumDriver] [  821] - Test case being Executed: 4
[INFO ][2015-12-07 21:21:24,674][com.java.SeleniumDriver] [  832] - Test step:33
[INFO ][2015-12-07 21:21:24,674][com.java.SeleniumDriver] [  844] - Datavalue is----------null
[DEBUG][2015-12-07 21:21:24,675][com.java.SeleniumDriver] [  862] - Exception: null
[INFO ][2015-12-07 21:21:24,675][com.java.SeleniumDriver] [  868] - DataField : BTNmenuProjectOptions
[INFO ][2015-12-07 21:21:24,675][com.java.SeleniumDriver] [  870] - DataValue : 
[INFO ][2015-12-07 21:21:24,675][com.java.SeleniumDriver] [  876] - <In Set values of the page>
[INFO ][2015-12-07 21:21:24,675][com.java.SeleniumDriver] [  879] - {Data Fields & Data Values Exist}
[INFO ][2015-12-07 21:21:24,675][com.java.SeleniumDriver] [  881] - --------------------------setting values-----------------------------
[INFO ][2015-12-07 21:21:24,675][com.java.SeleniumDriver] [  884] - Action Type : CLICK
[INFO ][2015-12-07 21:21:24,675][com.java.TestType] [ 5759] - Field ::BTNmenuProjectOptions
[INFO ][2015-12-07 21:21:25,675][com.java.TestType] [ 5832] - BEFORE CLICK
[INFO ][2015-12-07 21:21:29,151][com.java.TestType] [ 5839] - Unable to click the object ProjectOptions
[INFO ][2015-12-07 21:21:29,151][com.java.SeleniumDriver] [  893] -  RESULT true
[INFO ][2015-12-07 21:21:29,151][com.java.SeleniumDriver] [ 1099] - ?   P A S S   ?
[INFO ][2015-12-07 21:21:29,151][com.java.SeleniumDriver] [  820] - ------------------------------------------
[INFO ][2015-12-07 21:21:29,151][com.java.SeleniumDriver] [  821] - Test case being Executed: 4
[INFO ][2015-12-07 21:21:29,151][com.java.SeleniumDriver] [  832] - Test step:34
[INFO ][2015-12-07 21:21:29,151][com.java.SeleniumDriver] [  844] - Datavalue is----------null
[DEBUG][2015-12-07 21:21:29,151][com.java.SeleniumDriver] [  862] - Exception: null
[INFO ][2015-12-07 21:21:29,151][com.java.SeleniumDriver] [  868] - DataField : BTNframeDialogContent
[INFO ][2015-12-07 21:21:29,151][com.java.SeleniumDriver] [  870] - DataValue : 
[INFO ][2015-12-07 21:21:29,152][com.java.SeleniumDriver] [  876] - <In Set values of the page>
[INFO ][2015-12-07 21:21:29,152][com.java.SeleniumDriver] [  879] - {Data Fields & Data Values Exist}
[INFO ][2015-12-07 21:21:29,152][com.java.SeleniumDriver] [  881] - --------------------------setting values-----------------------------
[INFO ][2015-12-07 21:21:29,152][com.java.SeleniumDriver] [  884] - Action Type : SELECTFRAME
[INFO ][2015-12-07 21:21:30,940][com.java.SeleniumDriver] [  893] -  RESULT true
[INFO ][2015-12-07 21:21:30,940][com.java.SeleniumDriver] [ 1099] - ?   P A S S   ?
[INFO ][2015-12-07 21:21:30,941][com.java.SeleniumDriver] [  820] - ------------------------------------------
[INFO ][2015-12-07 21:21:30,941][com.java.SeleniumDriver] [  821] - Test case being Executed: 4
[INFO ][2015-12-07 21:21:30,941][com.java.SeleniumDriver] [  832] - Test step:35
[INFO ][2015-12-07 21:21:30,941][com.java.SeleniumDriver] [  844] - Datavalue is----------10
[INFO ][2015-12-07 21:21:30,941][com.java.SeleniumDriver] [  868] - DataField : DSP//li[text()='Project History']
[INFO ][2015-12-07 21:21:30,941][com.java.SeleniumDriver] [  870] - DataValue : 10
[INFO ][2015-12-07 21:21:30,941][com.java.SeleniumDriver] [  876] - <In Set values of the page>
[INFO ][2015-12-07 21:21:30,941][com.java.SeleniumDriver] [  879] - {Data Fields & Data Values Exist}
[INFO ][2015-12-07 21:21:30,941][com.java.SeleniumDriver] [  881] - --------------------------setting values-----------------------------
[INFO ][2015-12-07 21:21:30,941][com.java.SeleniumDriver] [  884] - Action Type : WAITFORELEMENT
[INFO ][2015-12-07 21:21:31,037][com.java.SeleniumDriver] [  893] -  RESULT true
[INFO ][2015-12-07 21:21:31,037][com.java.SeleniumDriver] [ 1099] - ?   P A S S   ?
[INFO ][2015-12-07 21:21:31,037][com.java.SeleniumDriver] [  820] - ------------------------------------------
[INFO ][2015-12-07 21:21:31,037][com.java.SeleniumDriver] [  821] - Test case being Executed: 4
[INFO ][2015-12-07 21:21:31,037][com.java.SeleniumDriver] [  832] - Test step:36
[INFO ][2015-12-07 21:21:31,037][com.java.SeleniumDriver] [  844] - Datavalue is----------null
[DEBUG][2015-12-07 21:21:31,038][com.java.SeleniumDriver] [  862] - Exception: null
[INFO ][2015-12-07 21:21:31,038][com.java.SeleniumDriver] [  868] - DataField : XPH//li[text()='Project History']
[INFO ][2015-12-07 21:21:31,038][com.java.SeleniumDriver] [  870] - DataValue : 
[INFO ][2015-12-07 21:21:31,038][com.java.SeleniumDriver] [  876] - <In Set values of the page>
[INFO ][2015-12-07 21:21:31,038][com.java.SeleniumDriver] [  879] - {Data Fields & Data Values Exist}
[INFO ][2015-12-07 21:21:31,038][com.java.SeleniumDriver] [  881] - --------------------------setting values-----------------------------
[INFO ][2015-12-07 21:21:31,038][com.java.SeleniumDriver] [  884] - Action Type : CLICK
[INFO ][2015-12-07 21:21:31,038][com.java.TestType] [ 5759] - Field ::XPH//li[text()='Project History']
[INFO ][2015-12-07 21:21:32,039][com.java.TestType] [ 5853] - BEFORE CLICK
[INFO ][2015-12-07 21:21:32,813][com.java.TestType] [ 5861] - Unable to click the object ProjectHistory
[INFO ][2015-12-07 21:21:32,813][com.java.SeleniumDriver] [  893] -  RESULT true
[INFO ][2015-12-07 21:21:32,813][com.java.SeleniumDriver] [ 1099] - ?   P A S S   ?
[INFO ][2015-12-07 21:21:32,813][com.java.SeleniumDriver] [  820] - ------------------------------------------
[INFO ][2015-12-07 21:21:32,813][com.java.SeleniumDriver] [  821] - Test case being Executed: 4
[INFO ][2015-12-07 21:21:32,813][com.java.SeleniumDriver] [  832] - Test step:37
[INFO ][2015-12-07 21:21:32,813][com.java.SeleniumDriver] [  844] - Datavalue is----------//span[text()='Copy to Forecast']
[INFO ][2015-12-07 21:21:32,813][com.java.SeleniumDriver] [  868] - DataField : BTN
[INFO ][2015-12-07 21:21:32,813][com.java.SeleniumDriver] [  870] - DataValue : //span[text()='Copy to Forecast']
[INFO ][2015-12-07 21:21:32,813][com.java.SeleniumDriver] [  876] - <In Set values of the page>
[INFO ][2015-12-07 21:21:32,813][com.java.SeleniumDriver] [  879] - {Data Fields & Data Values Exist}
[INFO ][2015-12-07 21:21:32,813][com.java.SeleniumDriver] [  881] - --------------------------setting values-----------------------------
[INFO ][2015-12-07 21:21:32,813][com.java.SeleniumDriver] [  884] - Action Type : VERIFY
[INFO ][2015-12-07 21:21:32,813][com.java.TestType] [ 6659] - field= BTN value= //span[text()='Copy to Forecast']
[INFO ][2015-12-07 21:21:32,814][com.java.TestType] [ 5431] - value = //span[text()='Copy to Forecast']
[INFO ][2015-12-07 21:21:32,880][com.java.SeleniumDriver] [  893] -  RESULT true
[INFO ][2015-12-07 21:21:32,880][com.java.SeleniumDriver] [ 1099] - ?   P A S S   ?
[INFO ][2015-12-07 21:21:32,881][com.java.SeleniumDriver] [  820] - ------------------------------------------
[INFO ][2015-12-07 21:21:32,881][com.java.SeleniumDriver] [  821] - Test case being Executed: 4
[INFO ][2015-12-07 21:21:32,881][com.java.SeleniumDriver] [  832] - Test step:38
[INFO ][2015-12-07 21:21:32,881][com.java.SeleniumDriver] [  844] - Datavalue is----------null
[DEBUG][2015-12-07 21:21:32,881][com.java.SeleniumDriver] [  862] - Exception: null
[INFO ][2015-12-07 21:21:32,881][com.java.SeleniumDriver] [  868] - DataField : BTNparent
[INFO ][2015-12-07 21:21:32,881][com.java.SeleniumDriver] [  870] - DataValue : 
[INFO ][2015-12-07 21:21:32,881][com.java.SeleniumDriver] [  876] - <In Set values of the page>
[INFO ][2015-12-07 21:21:32,881][com.java.SeleniumDriver] [  879] - {Data Fields & Data Values Exist}
[INFO ][2015-12-07 21:21:32,881][com.java.SeleniumDriver] [  881] - --------------------------setting values-----------------------------
[INFO ][2015-12-07 21:21:32,881][com.java.SeleniumDriver] [  884] - Action Type : SELECTFRAME
[INFO ][2015-12-07 21:21:32,899][com.java.SeleniumDriver] [  893] -  RESULT true
[INFO ][2015-12-07 21:21:32,899][com.java.SeleniumDriver] [ 1099] - ?   P A S S   ?
[INFO ][2015-12-07 21:21:32,899][com.java.SeleniumDriver] [  820] - ------------------------------------------
[INFO ][2015-12-07 21:21:32,899][com.java.SeleniumDriver] [  821] - Test case being Executed: 4
[INFO ][2015-12-07 21:21:32,899][com.java.SeleniumDriver] [  832] - Test step:39
[INFO ][2015-12-07 21:21:32,899][com.java.SeleniumDriver] [  844] - Datavalue is----------Forecasting 
[INFO ][2015-12-07 21:21:32,899][com.java.SeleniumDriver] [  868] - DataField : TTL
[INFO ][2015-12-07 21:21:32,899][com.java.SeleniumDriver] [  870] - DataValue : Forecasting 
[INFO ][2015-12-07 21:21:32,899][com.java.SeleniumDriver] [  876] - <In Set values of the page>
[INFO ][2015-12-07 21:21:32,899][com.java.SeleniumDriver] [  879] - {Data Fields & Data Values Exist}
[INFO ][2015-12-07 21:21:32,899][com.java.SeleniumDriver] [  881] - --------------------------setting values-----------------------------
[INFO ][2015-12-07 21:21:32,899][com.java.SeleniumDriver] [  884] - Action Type : CLOSEWINDOW
[INFO ][2015-12-07 21:21:33,289][com.java.SeleniumDriver] [  893] -  RESULT true
[INFO ][2015-12-07 21:21:33,289][com.java.SeleniumDriver] [ 1099] - ?   P A S S   ?
[INFO ][2015-12-07 21:21:33,289][com.java.SeleniumDriver] [  820] - ------------------------------------------
[INFO ][2015-12-07 21:21:33,290][com.java.SeleniumDriver] [  821] - Test case being Executed: 4
[INFO ][2015-12-07 21:21:33,290][com.java.SeleniumDriver] [  832] - Test step:40
[INFO ][2015-12-07 21:21:33,290][com.java.SeleniumDriver] [  844] - Datavalue is----------Banker'sDashboard
[INFO ][2015-12-07 21:21:33,290][com.java.SeleniumDriver] [  868] - DataField : TTL
[INFO ][2015-12-07 21:21:33,290][com.java.SeleniumDriver] [  870] - DataValue : Banker'sDashboard
[INFO ][2015-12-07 21:21:33,290][com.java.SeleniumDriver] [  876] - <In Set values of the page>
[INFO ][2015-12-07 21:21:33,290][com.java.SeleniumDriver] [  879] - {Data Fields & Data Values Exist}
[INFO ][2015-12-07 21:21:33,290][com.java.SeleniumDriver] [  881] - --------------------------setting values-----------------------------
[INFO ][2015-12-07 21:21:33,291][com.java.SeleniumDriver] [  884] - Action Type : SelectWindow
[INFO ][2015-12-07 21:21:45,502][com.java.SeleniumDriver] [  893] -  RESULT true
[INFO ][2015-12-07 21:21:45,502][com.java.SeleniumDriver] [ 1099] - ?   P A S S   ?
[INFO ][2015-12-07 21:21:45,502][com.java.SeleniumDriver] [  820] - ------------------------------------------
[INFO ][2015-12-07 21:21:45,503][com.java.SeleniumDriver] [  821] - Test case being Executed: 4
[INFO ][2015-12-07 21:21:45,503][com.java.SeleniumDriver] [  832] - Test step:41
[INFO ][2015-12-07 21:21:45,503][com.java.SeleniumDriver] [  844] - Datavalue is----------1
[INFO ][2015-12-07 21:21:45,503][com.java.SeleniumDriver] [  868] - DataField : null
[INFO ][2015-12-07 21:21:45,503][com.java.SeleniumDriver] [  870] - DataValue : 1
[INFO ][2015-12-07 21:21:45,503][com.java.SeleniumDriver] [  876] - <In Set values of the page>
[INFO ][2015-12-07 21:21:45,503][com.java.SeleniumDriver] [  879] - {Data Fields & Data Values Exist}
[INFO ][2015-12-07 21:21:45,503][com.java.SeleniumDriver] [  881] - --------------------------setting values-----------------------------
[INFO ][2015-12-07 21:21:45,503][com.java.SeleniumDriver] [  884] - Action Type : WAITTIME
[DEBUG][2015-12-07 21:21:45,503][com.java.TestType] [ 5251] - sleepTime: 1000
[INFO ][2015-12-07 21:21:46,503][com.java.SeleniumDriver] [  893] -  RESULT true
[INFO ][2015-12-07 21:21:46,503][com.java.SeleniumDriver] [ 1099] - ?   P A S S   ?
[DEBUG][2015-12-07 21:21:46,503][com.java.SeleniumDriver] [ 1211] - Case found
[DEBUG][2015-12-07 21:21:46,503][com.java.SeleniumDriver] [ 1216] - Incrementing ReportCounters[0]:4
[INFO ][2015-12-07 21:21:46,503][com.java.SeleniumDriver] [ 1235] - The results are-------------------[4, 1, Copy to Forecast project, Pass, , Mon Dec 07 21:20:00 IST 2015, 4, 3, Copy to Forecast project, Pass, , Mon Dec 07 21:20:06 IST 2015, 4, 4, Copy to Forecast project, Pass, , Mon Dec 07 21:20:06 IST 2015, 4, 5, Copy to Forecast project, Pass, , Mon Dec 07 21:20:06 IST 2015, 4, 6, Copy to Forecast project, Pass, , Mon Dec 07 21:20:26 IST 2015, 4, 7, Copy to Forecast project, Pass, , Mon Dec 07 21:20:31 IST 2015, 4, 8, Copy to Forecast project, Pass, , Mon Dec 07 21:20:43 IST 2015, 4, 9, Copy to Forecast project, Pass, , Mon Dec 07 21:20:44 IST 2015, 4, 10, Copy to Forecast project, Pass, , Mon Dec 07 21:20:44 IST 2015, 4, 11, Copy to Forecast project, Pass, , Mon Dec 07 21:20:45 IST 2015, 4, 12, Copy to Forecast project, Pass, , Mon Dec 07 21:20:47 IST 2015, 4, 13, Copy to Forecast project, Pass, , Mon Dec 07 21:20:49 IST 2015, 4, 14, Copy to Forecast project, Pass, , Mon Dec 07 21:20:51 IST 2015, 4, 15, Copy to Forecast project, Pass, , Mon Dec 07 21:20:54 IST 2015, 4, 16, Copy to Forecast project, Pass, , Mon Dec 07 21:20:56 IST 2015, 4, 17, Copy to Forecast project, Pass, , Mon Dec 07 21:20:56 IST 2015, 4, 18, Copy to Forecast project, Pass, , Mon Dec 07 21:20:57 IST 2015, 4, 19, Copy to Forecast project, Pass, , Mon Dec 07 21:21:07 IST 2015, 4, 20, Copy to Forecast project, Pass, , Mon Dec 07 21:21:07 IST 2015, 4, 21, Copy to Forecast project, Pass, , Mon Dec 07 21:21:10 IST 2015, 4, 22, Copy to Forecast project, Pass, , Mon Dec 07 21:21:11 IST 2015, 4, 23, Copy to Forecast project, Pass, , Mon Dec 07 21:21:14 IST 2015, 4, 24, Copy to Forecast project, Pass, , Mon Dec 07 21:21:16 IST 2015, 4, 25, Copy to Forecast project, Pass, , Mon Dec 07 21:21:16 IST 2015, 4, 26, Copy to Forecast project, Pass, , Mon Dec 07 21:21:18 IST 2015, 4, 27, Copy to Forecast project, Pass, , Mon Dec 07 21:21:18 IST 2015, 4, 28, Copy to Forecast project, Pass, , Mon Dec 07 21:21:18 IST 2015, 4, 29, Copy to Forecast project, Pass, , Mon Dec 07 21:21:18 IST 2015, 4, 30, Copy to Forecast project, Pass, , Mon Dec 07 21:21:20 IST 2015, 4, 31, Copy to Forecast project, Pass, , Mon Dec 07 21:21:22 IST 2015, 4, 32, Copy to Forecast project, Pass, , Mon Dec 07 21:21:24 IST 2015, 4, 33, Copy to Forecast project, Pass, , Mon Dec 07 21:21:29 IST 2015, 4, 34, Copy to Forecast project, Pass, , Mon Dec 07 21:21:30 IST 2015, 4, 35, Copy to Forecast project, Pass, , Mon Dec 07 21:21:31 IST 2015, 4, 36, Copy to Forecast project, Pass, , Mon Dec 07 21:21:32 IST 2015, 4, 37, Copy to Forecast project, Pass, , Mon Dec 07 21:21:32 IST 2015, 4, 38, Copy to Forecast project, Pass, , Mon Dec 07 21:21:32 IST 2015, 4, 39, Copy to Forecast project, Pass, , Mon Dec 07 21:21:33 IST 2015, 4, 40, Copy to Forecast project, Pass, , Mon Dec 07 21:21:45 IST 2015, 4, 41, Copy to Forecast project, Pass, , Mon Dec 07 21:21:46 IST 2015]
[INFO ][2015-12-07 21:21:46,503][com.java.SeleniumDriver] [ 1239] - End time is-------7 min 23 sec
[INFO ][2015-12-07 21:21:46,503][com.java.SeleniumDriver] [ 1240] - The results are-------------------[4, 1, Copy to Forecast project, Pass, , Mon Dec 07 21:20:00 IST 2015, 4, 3, Copy to Forecast project, Pass, , Mon Dec 07 21:20:06 IST 2015, 4, 4, Copy to Forecast project, Pass, , Mon Dec 07 21:20:06 IST 2015, 4, 5, Copy to Forecast project, Pass, , Mon Dec 07 21:20:06 IST 2015, 4, 6, Copy to Forecast project, Pass, , Mon Dec 07 21:20:26 IST 2015, 4, 7, Copy to Forecast project, Pass, , Mon Dec 07 21:20:31 IST 2015, 4, 8, Copy to Forecast project, Pass, , Mon Dec 07 21:20:43 IST 2015, 4, 9, Copy to Forecast project, Pass, , Mon Dec 07 21:20:44 IST 2015, 4, 10, Copy to Forecast project, Pass, , Mon Dec 07 21:20:44 IST 2015, 4, 11, Copy to Forecast project, Pass, , Mon Dec 07 21:20:45 IST 2015, 4, 12, Copy to Forecast project, Pass, , Mon Dec 07 21:20:47 IST 2015, 4, 13, Copy to Forecast project, Pass, , Mon Dec 07 21:20:49 IST 2015, 4, 14, Copy to Forecast project, Pass, , Mon Dec 07 21:20:51 IST 2015, 4, 15, Copy to Forecast project, Pass, , Mon Dec 07 21:20:54 IST 2015, 4, 16, Copy to Forecast project, Pass, , Mon Dec 07 21:20:56 IST 2015, 4, 17, Copy to Forecast project, Pass, , Mon Dec 07 21:20:56 IST 2015, 4, 18, Copy to Forecast project, Pass, , Mon Dec 07 21:20:57 IST 2015, 4, 19, Copy to Forecast project, Pass, , Mon Dec 07 21:21:07 IST 2015, 4, 20, Copy to Forecast project, Pass, , Mon Dec 07 21:21:07 IST 2015, 4, 21, Copy to Forecast project, Pass, , Mon Dec 07 21:21:10 IST 2015, 4, 22, Copy to Forecast project, Pass, , Mon Dec 07 21:21:11 IST 2015, 4, 23, Copy to Forecast project, Pass, , Mon Dec 07 21:21:14 IST 2015, 4, 24, Copy to Forecast project, Pass, , Mon Dec 07 21:21:16 IST 2015, 4, 25, Copy to Forecast project, Pass, , Mon Dec 07 21:21:16 IST 2015, 4, 26, Copy to Forecast project, Pass, , Mon Dec 07 21:21:18 IST 2015, 4, 27, Copy to Forecast project, Pass, , Mon Dec 07 21:21:18 IST 2015, 4, 28, Copy to Forecast project, Pass, , Mon Dec 07 21:21:18 IST 2015, 4, 29, Copy to Forecast project, Pass, , Mon Dec 07 21:21:18 IST 2015, 4, 30, Copy to Forecast project, Pass, , Mon Dec 07 21:21:20 IST 2015, 4, 31, Copy to Forecast project, Pass, , Mon Dec 07 21:21:22 IST 2015, 4, 32, Copy to Forecast project, Pass, , Mon Dec 07 21:21:24 IST 2015, 4, 33, Copy to Forecast project, Pass, , Mon Dec 07 21:21:29 IST 2015, 4, 34, Copy to Forecast project, Pass, , Mon Dec 07 21:21:30 IST 2015, 4, 35, Copy to Forecast project, Pass, , Mon Dec 07 21:21:31 IST 2015, 4, 36, Copy to Forecast project, Pass, , Mon Dec 07 21:21:32 IST 2015, 4, 37, Copy to Forecast project, Pass, , Mon Dec 07 21:21:32 IST 2015, 4, 38, Copy to Forecast project, Pass, , Mon Dec 07 21:21:32 IST 2015, 4, 39, Copy to Forecast project, Pass, , Mon Dec 07 21:21:33 IST 2015, 4, 40, Copy to Forecast project, Pass, , Mon Dec 07 21:21:45 IST 2015, 4, 41, Copy to Forecast project, Pass, , Mon Dec 07 21:21:46 IST 2015]
[DEBUG][2015-12-07 21:21:46,503][com.java.ImportnExport.ExportTestResultsExcel] [  222] - testResultPath = D:\BankersDashboard/TestReports/Test Results_BankersDashBoard_120715_211443_IE10_Simmons First National Bank.xls
[DEBUG][2015-12-07 21:21:46,503][com.java.ImportnExport.ExportTestResultsExcel] [  223] - browser is------------IE10
[DEBUG][2015-12-07 21:21:46,506][com.java.ImportnExport.ExportTestResultsExcel] [  270] - result.size() = 240
[DEBUG][2015-12-07 21:21:46,506][com.java.ImportnExport.ExportTestResultsExcel] [  274] - No of rows in sheet=4
[DEBUG][2015-12-07 21:21:46,506][com.java.ImportnExport.ExportTestResultsExcel] [  301] - ..in export..4
[DEBUG][2015-12-07 21:21:46,506][com.java.ImportnExport.ExportTestResultsExcel] [  301] - ..in export..Copy to Forecast project
[DEBUG][2015-12-07 21:21:46,506][com.java.ImportnExport.ExportTestResultsExcel] [  301] - ..in export..Pass
[DEBUG][2015-12-07 21:21:46,506][com.java.ImportnExport.ExportTestResultsExcel] [  301] - ..in export..
[DEBUG][2015-12-07 21:21:46,506][com.java.ImportnExport.ExportTestResultsExcel] [  301] - ..in export..Mon Dec 07 21:20:00 IST 2015
[INFO ][2015-12-07 21:21:46,507][com.java.SeleniumDriver] [ 1298] - out loop:3 size:12 TestCases:[1, 2, 3, 4, 5, 6, 7, 8, 9, 10, 11, 12] testcases:[1, 2, 3, 4, 5, 6, 7, 8, 9, 10, 11, 12]
[INFO ][2015-12-07 21:21:46,507][com.java.ImportnExport.ImportTestDataDetailsExcel] [   49] - test data details path===== D:\BankersDashboard\TestInputs\TestData.xls
