[INFO ][2015-11-09 10:52:11,177][com.java.SeleniumDriver] [  213] - Execute Failed Casesfalse
[INFO ][2015-11-09 10:52:11,178][com.java.SeleniumDriver] [  214] - Browser: IE11
[INFO ][2015-11-09 10:52:11,178][com.java.SeleniumDriver] [  215] - [1, 7]
[INFO ][2015-11-09 10:52:11,178][com.java.SeleniumDriver] [  216] - Total TestCases:2
[INFO ][2015-11-09 10:52:11,178][com.java.SeleniumDriver] [  217] -  Reading Properties from Property File 
[DEBUG][2015-11-09 10:52:11,179][com.java.SeleniumDriver] [  238] - url : https://clients-xuat.bankersdashboard.com
[INFO ][2015-11-09 10:52:11,181][com.java.ImportnExport.ExportTestResultsExcel] [  116] - Time Stamp Mon Nov 09 10:52:11 IST 2015
[INFO ][2015-11-09 10:52:11,182][com.java.ImportnExport.ExportTestResultsExcel] [  175] - OUT FILE : D:\BankersDashboard/TestReports/Test Results_BankersDashBoard_110915_105211_IE11_Simmons First National Bank.xls
[INFO ][2015-11-09 10:52:11,230][com.java.ImportnExport.ExportTestResultsExcel] [  180] - Test Result file is created
[DEBUG][2015-11-09 10:52:11,398][com.java.SeleniumDriver] [  425] - Hub ip address is-------172.17.68.34
[INFO ][2015-11-09 10:52:11,399][com.java.SeleniumDriver] [  451] - Grid URL:http://172.17.68.34:4444/wd/hub
[INFO ][2015-11-09 10:52:11,400][com.java.SeleniumDriver] [  452] - Capability:Capabilities [{platform=ANY, ensureCleanSession=true, ignoreProtectedModeSettings=true, acceptSslCerts=true, ignoreZoomSetting=true, browserName=internet explorer, browserstack.ie.noFlash=true, version=Node1}]
[ERROR][2015-11-09 10:52:13,169][com.java.SeleniumDriver] [  496] - Unable invoke browser in grid:Could not start a new session. Possible causes are invalid address of the remote server or browser start-up failure.
Build info: version: '2.48.2', revision: '41bccdd', time: '2015-10-09 19:59:12'
System info: host: 'FVTIII438F1D', ip: '172.17.68.34', os.name: 'Windows 7', os.arch: 'x86', os.version: '6.1', java.version: '1.7.0_55'
Driver info: driver.version: SeleniumDriver
[INFO ][2015-11-09 10:52:13,169][com.java.SeleniumDriver] [  498] - Executing on local machine
[INFO ][2015-11-09 10:52:24,173][com.java.SeleniumDriver] [  248] - IE11is opened
[INFO ][2015-11-09 10:52:25,009][com.java.SeleniumDriver] [  752] - Test cases to be executed are: [1, 7]
[INFO ][2015-11-09 10:52:25,009][com.java.ImportnExport.ImportTestDataDetailsExcel] [   49] - test data details path===== D:\BankersDashboard\TestInputs\TestData.xls
[INFO ][2015-11-09 10:52:36,019][com.java.SeleniumDriver] [  788] - ------------------------------------------
[INFO ][2015-11-09 10:52:36,019][com.java.SeleniumDriver] [  789] - Test case being Executed: 1
[INFO ][2015-11-09 10:52:36,037][com.java.SeleniumDriver] [  800] - Test step:1
[INFO ][2015-11-09 10:52:36,037][com.java.SeleniumDriver] [  812] - Datavalue is----------Concept#1:1-14
[INFO ][2015-11-09 10:52:36,037][com.java.SeleniumDriver] [  836] - DataField : test
[INFO ][2015-11-09 10:52:36,037][com.java.SeleniumDriver] [  838] - DataValue : Concept#1:1-14
[INFO ][2015-11-09 10:52:36,037][com.java.SeleniumDriver] [  844] - <In Set values of the page>
[INFO ][2015-11-09 10:52:36,037][com.java.SeleniumDriver] [  847] - {Data Fields & Data Values Exist}
[INFO ][2015-11-09 10:52:36,038][com.java.SeleniumDriver] [  849] - --------------------------setting values-----------------------------
[INFO ][2015-11-09 10:52:36,038][com.java.SeleniumDriver] [  852] - Action Type : ExecuteTestCase
[INFO ][2015-11-09 10:52:36,105][com.java.TestType] [  420] - The Concept sheet name is ---------- Concept
[INFO ][2015-11-09 10:52:36,105][com.java.TestType] [  423] - The Concept ID  is ---------- 1
[DEBUG][2015-11-09 10:52:36,105][com.java.TestType] [  427] - Steps being executted in the Concept are: 1:14
[INFO ][2015-11-09 10:52:36,105][com.java.TestType] [  434] - Test data details path ---------- D:\BankersDashboard\TestInputs\TestData.xls
[INFO ][2015-11-09 10:52:36,137][com.java.TestType] [  465] -  str(1) = 1
[INFO ][2015-11-09 10:52:36,137][com.java.TestType] [  468] - Test case Id is---1
[INFO ][2015-11-09 10:52:36,137][com.java.TestType] [  470] - 1
[INFO ][2015-11-09 10:52:36,137][com.java.TestType] [  465] -  str(2) = 1
[INFO ][2015-11-09 10:52:36,140][com.java.TestType] [  517] - row values are--------{1=com.java.Objects.TestDataDetails@e12609}
[INFO ][2015-11-09 10:52:36,140][com.java.TestType] [  465] -  str(1) = 1
[INFO ][2015-11-09 10:52:36,140][com.java.TestType] [  468] - Test case Id is---1
[INFO ][2015-11-09 10:52:36,140][com.java.TestType] [  470] - 1
[INFO ][2015-11-09 10:52:36,140][com.java.TestType] [  465] -  str(2) = 2
[INFO ][2015-11-09 10:52:36,143][com.java.TestType] [  517] - row values are--------{1=com.java.Objects.TestDataDetails@e12609, 2=com.java.Objects.TestDataDetails@10c266e}
[INFO ][2015-11-09 10:52:36,143][com.java.TestType] [  465] -  str(1) = 1
[INFO ][2015-11-09 10:52:36,143][com.java.TestType] [  468] - Test case Id is---1
[INFO ][2015-11-09 10:52:36,143][com.java.TestType] [  470] - 1
[INFO ][2015-11-09 10:52:36,143][com.java.TestType] [  465] -  str(2) = 3
[INFO ][2015-11-09 10:52:36,145][com.java.TestType] [  517] - row values are--------{1=com.java.Objects.TestDataDetails@e12609, 2=com.java.Objects.TestDataDetails@10c266e, 3=com.java.Objects.TestDataDetails@47b1b9}
[INFO ][2015-11-09 10:52:36,145][com.java.TestType] [  465] -  str(1) = 1
[INFO ][2015-11-09 10:52:36,145][com.java.TestType] [  468] - Test case Id is---1
[INFO ][2015-11-09 10:52:36,145][com.java.TestType] [  470] - 1
[INFO ][2015-11-09 10:52:36,145][com.java.TestType] [  465] -  str(2) = 4
[INFO ][2015-11-09 10:52:36,146][com.java.TestType] [  517] - row values are--------{1=com.java.Objects.TestDataDetails@e12609, 2=com.java.Objects.TestDataDetails@10c266e, 3=com.java.Objects.TestDataDetails@47b1b9, 4=com.java.Objects.TestDataDetails@551dea}
[INFO ][2015-11-09 10:52:36,146][com.java.TestType] [  465] -  str(1) = 1
[INFO ][2015-11-09 10:52:36,147][com.java.TestType] [  468] - Test case Id is---1
[INFO ][2015-11-09 10:52:36,147][com.java.TestType] [  470] - 1
[INFO ][2015-11-09 10:52:36,147][com.java.TestType] [  465] -  str(2) = 5
[INFO ][2015-11-09 10:52:36,148][com.java.TestType] [  517] - row values are--------{1=com.java.Objects.TestDataDetails@e12609, 2=com.java.Objects.TestDataDetails@10c266e, 3=com.java.Objects.TestDataDetails@47b1b9, 4=com.java.Objects.TestDataDetails@551dea, 5=com.java.Objects.TestDataDetails@41201a}
[INFO ][2015-11-09 10:52:36,148][com.java.TestType] [  465] -  str(1) = 1
[INFO ][2015-11-09 10:52:36,148][com.java.TestType] [  468] - Test case Id is---1
[INFO ][2015-11-09 10:52:36,148][com.java.TestType] [  470] - 1
[INFO ][2015-11-09 10:52:36,148][com.java.TestType] [  465] -  str(2) = 6
[INFO ][2015-11-09 10:52:36,149][com.java.TestType] [  517] - row values are--------{1=com.java.Objects.TestDataDetails@e12609, 2=com.java.Objects.TestDataDetails@10c266e, 3=com.java.Objects.TestDataDetails@47b1b9, 4=com.java.Objects.TestDataDetails@551dea, 5=com.java.Objects.TestDataDetails@41201a, 6=com.java.Objects.TestDataDetails@d27196}
[INFO ][2015-11-09 10:52:36,149][com.java.TestType] [  465] -  str(1) = 1
[INFO ][2015-11-09 10:52:36,149][com.java.TestType] [  468] - Test case Id is---1
[INFO ][2015-11-09 10:52:36,150][com.java.TestType] [  470] - 1
[INFO ][2015-11-09 10:52:36,150][com.java.TestType] [  465] -  str(2) = 7
[INFO ][2015-11-09 10:52:36,150][com.java.TestType] [  517] - row values are--------{1=com.java.Objects.TestDataDetails@e12609, 2=com.java.Objects.TestDataDetails@10c266e, 3=com.java.Objects.TestDataDetails@47b1b9, 4=com.java.Objects.TestDataDetails@551dea, 5=com.java.Objects.TestDataDetails@41201a, 6=com.java.Objects.TestDataDetails@d27196, 7=com.java.Objects.TestDataDetails@1390ce1}
[INFO ][2015-11-09 10:52:36,151][com.java.TestType] [  465] -  str(1) = 1
[INFO ][2015-11-09 10:52:36,151][com.java.TestType] [  468] - Test case Id is---1
[INFO ][2015-11-09 10:52:36,151][com.java.TestType] [  470] - 1
[INFO ][2015-11-09 10:52:36,151][com.java.TestType] [  465] -  str(2) = 8
[INFO ][2015-11-09 10:52:36,154][com.java.TestType] [  517] - row values are--------{1=com.java.Objects.TestDataDetails@e12609, 2=com.java.Objects.TestDataDetails@10c266e, 3=com.java.Objects.TestDataDetails@47b1b9, 4=com.java.Objects.TestDataDetails@551dea, 5=com.java.Objects.TestDataDetails@41201a, 6=com.java.Objects.TestDataDetails@d27196, 7=com.java.Objects.TestDataDetails@1390ce1, 8=com.java.Objects.TestDataDetails@10c9d49}
[INFO ][2015-11-09 10:52:36,154][com.java.TestType] [  465] -  str(1) = 1
[INFO ][2015-11-09 10:52:36,154][com.java.TestType] [  468] - Test case Id is---1
[INFO ][2015-11-09 10:52:36,155][com.java.TestType] [  470] - 1
[INFO ][2015-11-09 10:52:36,155][com.java.TestType] [  465] -  str(2) = 9
[INFO ][2015-11-09 10:52:36,155][com.java.TestType] [  517] - row values are--------{1=com.java.Objects.TestDataDetails@e12609, 2=com.java.Objects.TestDataDetails@10c266e, 3=com.java.Objects.TestDataDetails@47b1b9, 4=com.java.Objects.TestDataDetails@551dea, 5=com.java.Objects.TestDataDetails@41201a, 6=com.java.Objects.TestDataDetails@d27196, 7=com.java.Objects.TestDataDetails@1390ce1, 8=com.java.Objects.TestDataDetails@10c9d49, 9=com.java.Objects.TestDataDetails@205b65}
[INFO ][2015-11-09 10:52:36,156][com.java.TestType] [  465] -  str(1) = 1
[INFO ][2015-11-09 10:52:36,156][com.java.TestType] [  468] - Test case Id is---1
[INFO ][2015-11-09 10:52:36,156][com.java.TestType] [  470] - 1
[INFO ][2015-11-09 10:52:36,156][com.java.TestType] [  465] -  str(2) = 10
[INFO ][2015-11-09 10:52:36,157][com.java.TestType] [  517] - row values are--------{1=com.java.Objects.TestDataDetails@e12609, 2=com.java.Objects.TestDataDetails@10c266e, 3=com.java.Objects.TestDataDetails@47b1b9, 4=com.java.Objects.TestDataDetails@551dea, 5=com.java.Objects.TestDataDetails@41201a, 6=com.java.Objects.TestDataDetails@d27196, 7=com.java.Objects.TestDataDetails@1390ce1, 8=com.java.Objects.TestDataDetails@10c9d49, 9=com.java.Objects.TestDataDetails@205b65, 10=com.java.Objects.TestDataDetails@19662a5}
[INFO ][2015-11-09 10:52:36,157][com.java.TestType] [  465] -  str(1) = 1
[INFO ][2015-11-09 10:52:36,157][com.java.TestType] [  468] - Test case Id is---1
[INFO ][2015-11-09 10:52:36,157][com.java.TestType] [  470] - 1
[INFO ][2015-11-09 10:52:36,157][com.java.TestType] [  465] -  str(2) = 11
[INFO ][2015-11-09 10:52:36,158][com.java.TestType] [  517] - row values are--------{1=com.java.Objects.TestDataDetails@e12609, 2=com.java.Objects.TestDataDetails@10c266e, 3=com.java.Objects.TestDataDetails@47b1b9, 4=com.java.Objects.TestDataDetails@551dea, 5=com.java.Objects.TestDataDetails@41201a, 6=com.java.Objects.TestDataDetails@d27196, 7=com.java.Objects.TestDataDetails@1390ce1, 8=com.java.Objects.TestDataDetails@10c9d49, 9=com.java.Objects.TestDataDetails@205b65, 10=com.java.Objects.TestDataDetails@19662a5, 11=com.java.Objects.TestDataDetails@4996ea}
[INFO ][2015-11-09 10:52:36,158][com.java.TestType] [  465] -  str(1) = 1
[INFO ][2015-11-09 10:52:36,158][com.java.TestType] [  468] - Test case Id is---1
[INFO ][2015-11-09 10:52:36,158][com.java.TestType] [  470] - 1
[INFO ][2015-11-09 10:52:36,158][com.java.TestType] [  465] -  str(2) = 12
[INFO ][2015-11-09 10:52:36,159][com.java.TestType] [  517] - row values are--------{1=com.java.Objects.TestDataDetails@e12609, 2=com.java.Objects.TestDataDetails@10c266e, 3=com.java.Objects.TestDataDetails@47b1b9, 4=com.java.Objects.TestDataDetails@551dea, 5=com.java.Objects.TestDataDetails@41201a, 6=com.java.Objects.TestDataDetails@d27196, 7=com.java.Objects.TestDataDetails@1390ce1, 8=com.java.Objects.TestDataDetails@10c9d49, 9=com.java.Objects.TestDataDetails@205b65, 10=com.java.Objects.TestDataDetails@19662a5, 11=com.java.Objects.TestDataDetails@4996ea, 12=com.java.Objects.TestDataDetails@19fbe63}
[INFO ][2015-11-09 10:52:36,159][com.java.TestType] [  465] -  str(1) = 1
[INFO ][2015-11-09 10:52:36,159][com.java.TestType] [  468] - Test case Id is---1
[INFO ][2015-11-09 10:52:36,159][com.java.TestType] [  470] - 1
[INFO ][2015-11-09 10:52:36,159][com.java.TestType] [  465] -  str(2) = 13
[INFO ][2015-11-09 10:52:36,160][com.java.TestType] [  517] - row values are--------{1=com.java.Objects.TestDataDetails@e12609, 2=com.java.Objects.TestDataDetails@10c266e, 3=com.java.Objects.TestDataDetails@47b1b9, 4=com.java.Objects.TestDataDetails@551dea, 5=com.java.Objects.TestDataDetails@41201a, 6=com.java.Objects.TestDataDetails@d27196, 7=com.java.Objects.TestDataDetails@1390ce1, 8=com.java.Objects.TestDataDetails@10c9d49, 9=com.java.Objects.TestDataDetails@205b65, 10=com.java.Objects.TestDataDetails@19662a5, 11=com.java.Objects.TestDataDetails@4996ea, 12=com.java.Objects.TestDataDetails@19fbe63, 13=com.java.Objects.TestDataDetails@130d29e}
[INFO ][2015-11-09 10:52:36,160][com.java.TestType] [  465] -  str(1) = 1
[INFO ][2015-11-09 10:52:36,160][com.java.TestType] [  468] - Test case Id is---1
[INFO ][2015-11-09 10:52:36,160][com.java.TestType] [  470] - 1
[INFO ][2015-11-09 10:52:36,160][com.java.TestType] [  465] -  str(2) = 14
[INFO ][2015-11-09 10:52:36,161][com.java.TestType] [  517] - row values are--------{1=com.java.Objects.TestDataDetails@e12609, 2=com.java.Objects.TestDataDetails@10c266e, 3=com.java.Objects.TestDataDetails@47b1b9, 4=com.java.Objects.TestDataDetails@551dea, 5=com.java.Objects.TestDataDetails@41201a, 6=com.java.Objects.TestDataDetails@d27196, 7=com.java.Objects.TestDataDetails@1390ce1, 8=com.java.Objects.TestDataDetails@10c9d49, 9=com.java.Objects.TestDataDetails@205b65, 10=com.java.Objects.TestDataDetails@19662a5, 11=com.java.Objects.TestDataDetails@4996ea, 12=com.java.Objects.TestDataDetails@19fbe63, 13=com.java.Objects.TestDataDetails@130d29e, 14=com.java.Objects.TestDataDetails@e7a7f2}
[INFO ][2015-11-09 10:52:36,161][com.java.TestType] [ 8225] - Looping 1TCID = 1
[DEBUG][2015-11-09 10:52:36,161][com.java.TestType] [ 8266] - Concept ID:1 :: Step being Executed: 1::1
[INFO ][2015-11-09 10:52:36,162][com.java.TestType] [ 8304] - dataFields : TXTusername
[DEBUG][2015-11-09 10:52:36,162][com.java.TestType] [ 8310] - <In Set values of the page>
[DEBUG][2015-11-09 10:52:36,162][com.java.TestType] [ 8315] - {Data Fields & Data Values Exist}
[INFO ][2015-11-09 10:52:36,164][com.java.TestType] [ 8321] - --------------------------setting values-----------------------------
[INFO ][2015-11-09 10:52:36,164][com.java.TestType] [ 8324] - Action Type : CLEARANDENTER
[INFO ][2015-11-09 10:52:36,164][com.java.TestType] [ 4075] - value = valuelabs.ie11.03890
[INFO ][2015-11-09 10:52:41,022][com.java.TestType] [ 8343] -  RESULT true
[INFO ][2015-11-09 10:52:41,022][com.java.TestType] [ 8460] - ?   P A S S   ?
[DEBUG][2015-11-09 10:52:41,022][com.java.TestType] [ 8266] - Concept ID:1 :: Step being Executed: 1::2
[INFO ][2015-11-09 10:52:41,022][com.java.TestType] [ 8304] - dataFields : TXTpassword
[DEBUG][2015-11-09 10:52:41,022][com.java.TestType] [ 8310] - <In Set values of the page>
[DEBUG][2015-11-09 10:52:41,022][com.java.TestType] [ 8315] - {Data Fields & Data Values Exist}
[INFO ][2015-11-09 10:52:41,023][com.java.TestType] [ 8321] - --------------------------setting values-----------------------------
[INFO ][2015-11-09 10:52:41,023][com.java.TestType] [ 8324] - Action Type : CLEARANDENTER
[INFO ][2015-11-09 10:52:41,023][com.java.TestType] [ 4075] - value = Password1*
[INFO ][2015-11-09 10:52:45,933][com.java.TestType] [ 8343] -  RESULT true
[INFO ][2015-11-09 10:52:45,933][com.java.TestType] [ 8460] - ?   P A S S   ?
[DEBUG][2015-11-09 10:52:45,933][com.java.TestType] [ 8266] - Concept ID:1 :: Step being Executed: 1::3
[ERROR][2015-11-09 10:52:45,933][com.java.TestType] [ 8299] - Exception: null
[INFO ][2015-11-09 10:52:45,933][com.java.TestType] [ 8304] - dataFields : XPH//button[@type='submit']
[DEBUG][2015-11-09 10:52:45,933][com.java.TestType] [ 8310] - <In Set values of the page>
[DEBUG][2015-11-09 10:52:45,933][com.java.TestType] [ 8315] - {Data Fields & Data Values Exist}
[INFO ][2015-11-09 10:52:45,934][com.java.TestType] [ 8321] - --------------------------setting values-----------------------------
[INFO ][2015-11-09 10:52:45,934][com.java.TestType] [ 8324] - Action Type : Click
[INFO ][2015-11-09 10:52:45,934][com.java.TestType] [ 4388] - Field ::XPH//button[@type='submit']
[INFO ][2015-11-09 10:52:46,935][com.java.TestType] [ 4447] - BEFORE CLICK
[INFO ][2015-11-09 10:52:47,795][com.java.TestType] [ 4455] - Unable to click the object Login
[INFO ][2015-11-09 10:52:47,795][com.java.TestType] [ 8343] -  RESULT true
[INFO ][2015-11-09 10:52:47,795][com.java.TestType] [ 8460] - ?   P A S S   ?
[DEBUG][2015-11-09 10:52:47,795][com.java.TestType] [ 8266] - Concept ID:1 :: Step being Executed: 1::4
[INFO ][2015-11-09 10:52:47,795][com.java.TestType] [ 8304] - dataFields : LNKLogout
[DEBUG][2015-11-09 10:52:47,795][com.java.TestType] [ 8310] - <In Set values of the page>
[DEBUG][2015-11-09 10:52:47,795][com.java.TestType] [ 8315] - {Data Fields & Data Values Exist}
[INFO ][2015-11-09 10:52:47,795][com.java.TestType] [ 8321] - --------------------------setting values-----------------------------
[INFO ][2015-11-09 10:52:47,795][com.java.TestType] [ 8324] - Action Type : WaitForElement
[INFO ][2015-11-09 10:52:55,724][com.java.TestType] [ 8343] -  RESULT true
[INFO ][2015-11-09 10:52:55,725][com.java.TestType] [ 8460] - ?   P A S S   ?
[DEBUG][2015-11-09 10:52:55,725][com.java.TestType] [ 8266] - Concept ID:1 :: Step being Executed: 1::13
[INFO ][2015-11-09 10:52:55,725][com.java.TestType] [ 8304] - dataFields : LNK
[DEBUG][2015-11-09 10:52:55,725][com.java.TestType] [ 8310] - <In Set values of the page>
[DEBUG][2015-11-09 10:52:55,725][com.java.TestType] [ 8315] - {Data Fields & Data Values Exist}
[INFO ][2015-11-09 10:52:55,725][com.java.TestType] [ 8321] - --------------------------setting values-----------------------------
[INFO ][2015-11-09 10:52:55,725][com.java.TestType] [ 8324] - Action Type : Verify
[INFO ][2015-11-09 10:52:55,725][com.java.TestType] [ 5201] - field= LNK value= Logout
[INFO ][2015-11-09 10:52:55,728][com.java.TestType] [ 4075] - value = Logout
[INFO ][2015-11-09 10:52:55,762][com.java.TestType] [ 8343] -  RESULT true
[INFO ][2015-11-09 10:52:55,762][com.java.TestType] [ 8460] - ?   P A S S   ?
[DEBUG][2015-11-09 10:52:55,762][com.java.TestType] [ 8266] - Concept ID:1 :: Step being Executed: 1::14
[INFO ][2015-11-09 10:52:55,762][com.java.TestType] [ 8304] - dataFields : BTN
[DEBUG][2015-11-09 10:52:55,762][com.java.TestType] [ 8310] - <In Set values of the page>
[DEBUG][2015-11-09 10:52:55,762][com.java.TestType] [ 8315] - {Data Fields & Data Values Exist}
[INFO ][2015-11-09 10:52:55,762][com.java.TestType] [ 8321] - --------------------------setting values-----------------------------
[INFO ][2015-11-09 10:52:55,763][com.java.TestType] [ 8324] - Action Type : Verify
[INFO ][2015-11-09 10:52:55,763][com.java.TestType] [ 5201] - field= BTN value= //img[contains(@src,'bdlogo.jpg')]
[INFO ][2015-11-09 10:52:55,763][com.java.TestType] [ 4075] - value = //img[contains(@src,'bdlogo.jpg')]
[INFO ][2015-11-09 10:52:55,817][com.java.TestType] [ 8343] -  RESULT true
[INFO ][2015-11-09 10:52:55,817][com.java.TestType] [ 8460] - ?   P A S S   ?
[INFO ][2015-11-09 10:52:55,817][com.java.TestType] [ 8531] - Looping End......
[INFO ][2015-11-09 10:52:55,821][com.java.SeleniumDriver] [  861] -  RESULT true
[INFO ][2015-11-09 10:52:55,821][com.java.SeleniumDriver] [ 1066] - ?   P A S S   ?
[INFO ][2015-11-09 10:52:55,821][com.java.SeleniumDriver] [  788] - ------------------------------------------
[INFO ][2015-11-09 10:52:55,821][com.java.SeleniumDriver] [  789] - Test case being Executed: 1
[INFO ][2015-11-09 10:52:55,821][com.java.SeleniumDriver] [  800] - Test step:2
[INFO ][2015-11-09 10:52:55,821][com.java.SeleniumDriver] [  812] - Datavalue is----------Concept#2:1-2
[INFO ][2015-11-09 10:52:55,821][com.java.SeleniumDriver] [  836] - DataField : test
[INFO ][2015-11-09 10:52:55,822][com.java.SeleniumDriver] [  838] - DataValue : Concept#2:1-2
[INFO ][2015-11-09 10:52:55,822][com.java.SeleniumDriver] [  844] - <In Set values of the page>
[INFO ][2015-11-09 10:52:55,822][com.java.SeleniumDriver] [  847] - {Data Fields & Data Values Exist}
[INFO ][2015-11-09 10:52:55,822][com.java.SeleniumDriver] [  849] - --------------------------setting values-----------------------------
[INFO ][2015-11-09 10:52:55,822][com.java.SeleniumDriver] [  852] - Action Type : ExecuteTestCase
[INFO ][2015-11-09 10:52:55,822][com.java.TestType] [  420] - The Concept sheet name is ---------- Concept
[INFO ][2015-11-09 10:52:55,822][com.java.TestType] [  423] - The Concept ID  is ---------- 2
[DEBUG][2015-11-09 10:52:55,822][com.java.TestType] [  427] - Steps being executted in the Concept are: 1:2
[INFO ][2015-11-09 10:52:55,823][com.java.TestType] [  434] - Test data details path ---------- D:\BankersDashboard\TestInputs\TestData.xls
[INFO ][2015-11-09 10:52:55,855][com.java.TestType] [  465] -  str(1) = 2
[INFO ][2015-11-09 10:52:55,855][com.java.TestType] [  468] - Test case Id is---2
[INFO ][2015-11-09 10:52:55,855][com.java.TestType] [  470] - 2
[INFO ][2015-11-09 10:52:55,855][com.java.TestType] [  465] -  str(2) = 1
[INFO ][2015-11-09 10:52:55,857][com.java.TestType] [  517] - row values are--------{1=com.java.Objects.TestDataDetails@da5107}
[INFO ][2015-11-09 10:52:55,857][com.java.TestType] [  465] -  str(1) = 2
[INFO ][2015-11-09 10:52:55,857][com.java.TestType] [  468] - Test case Id is---2
[INFO ][2015-11-09 10:52:55,857][com.java.TestType] [  470] - 2
[INFO ][2015-11-09 10:52:55,857][com.java.TestType] [  465] -  str(2) = 2
[INFO ][2015-11-09 10:52:55,858][com.java.TestType] [  517] - row values are--------{1=com.java.Objects.TestDataDetails@da5107, 2=com.java.Objects.TestDataDetails@6ba2ed}
[INFO ][2015-11-09 10:52:55,858][com.java.TestType] [  465] -  str(1) = 2
[INFO ][2015-11-09 10:52:55,859][com.java.TestType] [  468] - Test case Id is---2
[INFO ][2015-11-09 10:52:55,859][com.java.TestType] [  470] - 2
[INFO ][2015-11-09 10:52:55,859][com.java.TestType] [  465] -  str(2) = 3
[INFO ][2015-11-09 10:52:55,860][com.java.TestType] [  517] - row values are--------{1=com.java.Objects.TestDataDetails@da5107, 2=com.java.Objects.TestDataDetails@6ba2ed, 3=com.java.Objects.TestDataDetails@13a1ea1}
[INFO ][2015-11-09 10:52:55,860][com.java.TestType] [ 8225] - Looping 1TCID = 2
[DEBUG][2015-11-09 10:52:55,860][com.java.TestType] [ 8266] - Concept ID:2 :: Step being Executed: 2::1
[INFO ][2015-11-09 10:52:55,860][com.java.TestType] [ 8304] - dataFields : BNK//select[@id='bank']
[DEBUG][2015-11-09 10:52:55,860][com.java.TestType] [ 8310] - <In Set values of the page>
[DEBUG][2015-11-09 10:52:55,860][com.java.TestType] [ 8315] - {Data Fields & Data Values Exist}
[INFO ][2015-11-09 10:52:55,860][com.java.TestType] [ 8321] - --------------------------setting values-----------------------------
[INFO ][2015-11-09 10:52:55,860][com.java.TestType] [ 8324] - Action Type : Select
[INFO ][2015-11-09 10:52:55,860][com.java.TestType] [ 4075] - value = PFC
[INFO ][2015-11-09 10:52:56,059][com.java.TestType] [ 8343] -  RESULT true
[INFO ][2015-11-09 10:52:56,059][com.java.TestType] [ 8460] - ?   P A S S   ?
[DEBUG][2015-11-09 10:52:56,059][com.java.TestType] [ 8266] - Concept ID:2 :: Step being Executed: 2::2
[INFO ][2015-11-09 10:52:56,059][com.java.TestType] [ 8304] - dataFields : LNKLogout
[DEBUG][2015-11-09 10:52:56,059][com.java.TestType] [ 8310] - <In Set values of the page>
[DEBUG][2015-11-09 10:52:56,059][com.java.TestType] [ 8315] - {Data Fields & Data Values Exist}
[INFO ][2015-11-09 10:52:56,059][com.java.TestType] [ 8321] - --------------------------setting values-----------------------------
[INFO ][2015-11-09 10:52:56,059][com.java.TestType] [ 8324] - Action Type : WaitTime
[DEBUG][2015-11-09 10:52:56,060][com.java.TestType] [ 3911] - sleepTime: 5000
[INFO ][2015-11-09 10:53:01,060][com.java.TestType] [ 8343] -  RESULT true
[INFO ][2015-11-09 10:53:01,060][com.java.TestType] [ 8460] - ?   P A S S   ?
[INFO ][2015-11-09 10:53:01,060][com.java.TestType] [ 8531] - Looping End......
[INFO ][2015-11-09 10:53:01,064][com.java.SeleniumDriver] [  861] -  RESULT true
[INFO ][2015-11-09 10:53:01,064][com.java.SeleniumDriver] [ 1066] - ?   P A S S   ?
[INFO ][2015-11-09 10:53:01,064][com.java.SeleniumDriver] [  788] - ------------------------------------------
[INFO ][2015-11-09 10:53:01,064][com.java.SeleniumDriver] [  789] - Test case being Executed: 1
[INFO ][2015-11-09 10:53:01,064][com.java.SeleniumDriver] [  800] - Test step:3
[INFO ][2015-11-09 10:53:01,064][com.java.SeleniumDriver] [  812] - Datavalue is----------2
[INFO ][2015-11-09 10:53:01,064][com.java.SeleniumDriver] [  836] - DataField : XPH//button[contains(text(),'Add Content')]
[INFO ][2015-11-09 10:53:01,064][com.java.SeleniumDriver] [  838] - DataValue : 2
[INFO ][2015-11-09 10:53:01,064][com.java.SeleniumDriver] [  844] - <In Set values of the page>
[INFO ][2015-11-09 10:53:01,065][com.java.SeleniumDriver] [  847] - {Data Fields & Data Values Exist}
[INFO ][2015-11-09 10:53:01,065][com.java.SeleniumDriver] [  849] - --------------------------setting values-----------------------------
[INFO ][2015-11-09 10:53:01,065][com.java.SeleniumDriver] [  852] - Action Type : WAITFORELEMENT
[INFO ][2015-11-09 10:53:01,099][com.java.SeleniumDriver] [  861] -  RESULT true
[INFO ][2015-11-09 10:53:01,099][com.java.SeleniumDriver] [ 1066] - ?   P A S S   ?
[DEBUG][2015-11-09 10:53:01,099][com.java.SeleniumDriver] [ 1168] - Case found
[DEBUG][2015-11-09 10:53:01,099][com.java.SeleniumDriver] [ 1173] - Incrementing ReportCounters[0]:1
[INFO ][2015-11-09 10:53:01,099][com.java.SeleniumDriver] [ 1192] - The results are-------------------[1, 1, Valid Login, Pass, , Mon Nov 09 10:52:55 IST 2015, 1, 2, Valid Login, Pass, , Mon Nov 09 10:53:01 IST 2015, 1, 3, Valid Login, Pass, , Mon Nov 09 10:53:01 IST 2015]
[INFO ][2015-11-09 10:53:01,099][com.java.SeleniumDriver] [ 1196] - End time is-------52 sec
[INFO ][2015-11-09 10:53:01,099][com.java.SeleniumDriver] [ 1197] - The results are-------------------[1, 1, Valid Login, Pass, , Mon Nov 09 10:52:55 IST 2015, 1, 2, Valid Login, Pass, , Mon Nov 09 10:53:01 IST 2015, 1, 3, Valid Login, Pass, , Mon Nov 09 10:53:01 IST 2015]
[DEBUG][2015-11-09 10:53:01,099][com.java.ImportnExport.ExportTestResultsExcel] [  222] - testResultPath = D:\BankersDashboard/TestReports/Test Results_BankersDashBoard_110915_105211_IE11_Simmons First National Bank.xls
[DEBUG][2015-11-09 10:53:01,099][com.java.ImportnExport.ExportTestResultsExcel] [  223] - browser is------------IE11
[DEBUG][2015-11-09 10:53:01,149][com.java.ImportnExport.ExportTestResultsExcel] [  270] - result.size() = 18
[DEBUG][2015-11-09 10:53:01,149][com.java.ImportnExport.ExportTestResultsExcel] [  274] - No of rows in sheet=1
[DEBUG][2015-11-09 10:53:01,149][com.java.ImportnExport.ExportTestResultsExcel] [  301] - ..in export..1
[DEBUG][2015-11-09 10:53:01,149][com.java.ImportnExport.ExportTestResultsExcel] [  301] - ..in export..Valid Login
[DEBUG][2015-11-09 10:53:01,149][com.java.ImportnExport.ExportTestResultsExcel] [  301] - ..in export..Pass
[DEBUG][2015-11-09 10:53:01,149][com.java.ImportnExport.ExportTestResultsExcel] [  301] - ..in export..
[DEBUG][2015-11-09 10:53:01,149][com.java.ImportnExport.ExportTestResultsExcel] [  301] - ..in export..Mon Nov 09 10:52:55 IST 2015
[INFO ][2015-11-09 10:53:01,151][com.java.SeleniumDriver] [ 1255] - out loop:0 size:2 TestCases:[1, 7] testcases:[1, 7]
[INFO ][2015-11-09 10:53:01,151][com.java.ImportnExport.ImportTestDataDetailsExcel] [   49] - test data details path===== D:\BankersDashboard\TestInputs\TestData.xls
[INFO ][2015-11-09 10:54:26,126][com.java.SeleniumDriver] [  788] - ------------------------------------------
[INFO ][2015-11-09 10:54:26,126][com.java.SeleniumDriver] [  789] - Test case being Executed: 7
[INFO ][2015-11-09 10:54:26,126][com.java.SeleniumDriver] [  800] - Test step:1
[INFO ][2015-11-09 10:54:26,126][com.java.SeleniumDriver] [  812] - Datavalue is----------Logout
[INFO ][2015-11-09 10:54:26,126][com.java.SeleniumDriver] [  836] - DataField : BTN
[INFO ][2015-11-09 10:54:26,126][com.java.SeleniumDriver] [  838] - DataValue : Logout
[INFO ][2015-11-09 10:54:26,126][com.java.SeleniumDriver] [  844] - <In Set values of the page>
[INFO ][2015-11-09 10:54:26,126][com.java.SeleniumDriver] [  847] - {Data Fields & Data Values Exist}
[INFO ][2015-11-09 10:54:26,126][com.java.SeleniumDriver] [  849] - --------------------------setting values-----------------------------
[INFO ][2015-11-09 10:54:26,126][com.java.SeleniumDriver] [  852] - Action Type : Verify
[INFO ][2015-11-09 10:54:26,126][com.java.TestType] [ 5201] - field= BTN value= Logout
[INFO ][2015-11-09 10:54:26,127][com.java.TestType] [ 4075] - value = Logout
[INFO ][2015-11-09 10:54:26,161][com.java.SeleniumDriver] [  861] -  RESULT true
[INFO ][2015-11-09 10:54:26,161][com.java.SeleniumDriver] [ 1066] - ?   P A S S   ?
[INFO ][2015-11-09 10:54:26,161][com.java.SeleniumDriver] [ 1108] - step change to 3
[INFO ][2015-11-09 10:54:26,161][com.java.SeleniumDriver] [  788] - ------------------------------------------
[INFO ][2015-11-09 10:54:26,161][com.java.SeleniumDriver] [  789] - Test case being Executed: 7
[INFO ][2015-11-09 10:54:26,161][com.java.SeleniumDriver] [  800] - Test step:3
[INFO ][2015-11-09 10:54:26,161][com.java.SeleniumDriver] [  812] - Datavalue is----------Concept#2:1-2
[INFO ][2015-11-09 10:54:26,161][com.java.SeleniumDriver] [  836] - DataField : test
[INFO ][2015-11-09 10:54:26,161][com.java.SeleniumDriver] [  838] - DataValue : Concept#2:1-2
[INFO ][2015-11-09 10:54:26,162][com.java.SeleniumDriver] [  844] - <In Set values of the page>
[INFO ][2015-11-09 10:54:26,162][com.java.SeleniumDriver] [  847] - {Data Fields & Data Values Exist}
[INFO ][2015-11-09 10:54:26,162][com.java.SeleniumDriver] [  849] - --------------------------setting values-----------------------------
[INFO ][2015-11-09 10:54:26,162][com.java.SeleniumDriver] [  852] - Action Type : ExecuteTestCase
[INFO ][2015-11-09 10:54:26,162][com.java.TestType] [  420] - The Concept sheet name is ---------- Concept
[INFO ][2015-11-09 10:54:26,162][com.java.TestType] [  423] - The Concept ID  is ---------- 2
[DEBUG][2015-11-09 10:54:26,162][com.java.TestType] [  427] - Steps being executted in the Concept are: 1:2
[INFO ][2015-11-09 10:54:26,162][com.java.TestType] [  434] - Test data details path ---------- D:\BankersDashboard\TestInputs\TestData.xls
[INFO ][2015-11-09 10:54:26,192][com.java.TestType] [  465] -  str(1) = 2
[INFO ][2015-11-09 10:54:26,192][com.java.TestType] [  468] - Test case Id is---2
[INFO ][2015-11-09 10:54:26,192][com.java.TestType] [  470] - 2
[INFO ][2015-11-09 10:54:26,192][com.java.TestType] [  465] -  str(2) = 1
[INFO ][2015-11-09 10:54:26,194][com.java.TestType] [  517] - row values are--------{1=com.java.Objects.TestDataDetails@425173}
[INFO ][2015-11-09 10:54:26,194][com.java.TestType] [  465] -  str(1) = 2
[INFO ][2015-11-09 10:54:26,194][com.java.TestType] [  468] - Test case Id is---2
[INFO ][2015-11-09 10:54:26,194][com.java.TestType] [  470] - 2
[INFO ][2015-11-09 10:54:26,194][com.java.TestType] [  465] -  str(2) = 2
[INFO ][2015-11-09 10:54:26,195][com.java.TestType] [  517] - row values are--------{1=com.java.Objects.TestDataDetails@425173, 2=com.java.Objects.TestDataDetails@dec2ac}
[INFO ][2015-11-09 10:54:26,195][com.java.TestType] [  465] -  str(1) = 2
[INFO ][2015-11-09 10:54:26,195][com.java.TestType] [  468] - Test case Id is---2
[INFO ][2015-11-09 10:54:26,195][com.java.TestType] [  470] - 2
[INFO ][2015-11-09 10:54:26,195][com.java.TestType] [  465] -  str(2) = 3
[INFO ][2015-11-09 10:54:26,196][com.java.TestType] [  517] - row values are--------{1=com.java.Objects.TestDataDetails@425173, 2=com.java.Objects.TestDataDetails@dec2ac, 3=com.java.Objects.TestDataDetails@eaf91d}
[INFO ][2015-11-09 10:54:26,196][com.java.TestType] [ 8225] - Looping 1TCID = 2
[DEBUG][2015-11-09 10:54:26,196][com.java.TestType] [ 8266] - Concept ID:2 :: Step being Executed: 2::1
[INFO ][2015-11-09 10:54:26,196][com.java.TestType] [ 8304] - dataFields : BNK//select[@id='bank']
[DEBUG][2015-11-09 10:54:26,196][com.java.TestType] [ 8310] - <In Set values of the page>
[DEBUG][2015-11-09 10:54:26,196][com.java.TestType] [ 8315] - {Data Fields & Data Values Exist}
[INFO ][2015-11-09 10:54:26,196][com.java.TestType] [ 8321] - --------------------------setting values-----------------------------
[INFO ][2015-11-09 10:54:26,196][com.java.TestType] [ 8324] - Action Type : Select
[INFO ][2015-11-09 10:54:26,196][com.java.TestType] [ 4075] - value = PFC
[INFO ][2015-11-09 10:54:26,386][com.java.TestType] [ 8343] -  RESULT true
[INFO ][2015-11-09 10:54:26,386][com.java.TestType] [ 8460] - ?   P A S S   ?
[DEBUG][2015-11-09 10:54:26,386][com.java.TestType] [ 8266] - Concept ID:2 :: Step being Executed: 2::2
[INFO ][2015-11-09 10:54:26,386][com.java.TestType] [ 8304] - dataFields : LNKLogout
[DEBUG][2015-11-09 10:54:26,386][com.java.TestType] [ 8310] - <In Set values of the page>
[DEBUG][2015-11-09 10:54:26,386][com.java.TestType] [ 8315] - {Data Fields & Data Values Exist}
[INFO ][2015-11-09 10:54:26,386][com.java.TestType] [ 8321] - --------------------------setting values-----------------------------
[INFO ][2015-11-09 10:54:26,386][com.java.TestType] [ 8324] - Action Type : WaitTime
[DEBUG][2015-11-09 10:54:26,387][com.java.TestType] [ 3911] - sleepTime: 5000
[INFO ][2015-11-09 10:54:31,387][com.java.TestType] [ 8343] -  RESULT true
[INFO ][2015-11-09 10:54:31,387][com.java.TestType] [ 8460] - ?   P A S S   ?
[INFO ][2015-11-09 10:54:31,387][com.java.TestType] [ 8531] - Looping End......
[INFO ][2015-11-09 10:54:31,391][com.java.SeleniumDriver] [  861] -  RESULT true
[INFO ][2015-11-09 10:54:31,391][com.java.SeleniumDriver] [ 1066] - ?   P A S S   ?
[INFO ][2015-11-09 10:54:31,391][com.java.SeleniumDriver] [  788] - ------------------------------------------
[INFO ][2015-11-09 10:54:31,391][com.java.SeleniumDriver] [  789] - Test case being Executed: 7
[INFO ][2015-11-09 10:54:31,391][com.java.SeleniumDriver] [  800] - Test step:4
[INFO ][2015-11-09 10:54:31,391][com.java.SeleniumDriver] [  812] - Datavalue is----------null
[DEBUG][2015-11-09 10:54:31,391][com.java.SeleniumDriver] [  830] - Exception: null
[INFO ][2015-11-09 10:54:31,391][com.java.SeleniumDriver] [  836] - DataField : //span[@class='icon-user4']&&//a[text()='Users']&&//a[@data-id="ModifyUsers"]
[INFO ][2015-11-09 10:54:31,391][com.java.SeleniumDriver] [  838] - DataValue : 
[INFO ][2015-11-09 10:54:31,391][com.java.SeleniumDriver] [  844] - <In Set values of the page>
[INFO ][2015-11-09 10:54:31,392][com.java.SeleniumDriver] [  847] - {Data Fields & Data Values Exist}
[INFO ][2015-11-09 10:54:31,392][com.java.SeleniumDriver] [  849] - --------------------------setting values-----------------------------
[INFO ][2015-11-09 10:54:31,392][com.java.SeleniumDriver] [  852] - Action Type : MouseOver
[INFO ][2015-11-09 10:55:17,872][com.java.SeleniumDriver] [  861] -  RESULT true
[INFO ][2015-11-09 10:55:17,872][com.java.SeleniumDriver] [ 1066] - ?   P A S S   ?
[INFO ][2015-11-09 10:55:17,872][com.java.SeleniumDriver] [  788] - ------------------------------------------
[INFO ][2015-11-09 10:55:17,872][com.java.SeleniumDriver] [  789] - Test case being Executed: 7
[INFO ][2015-11-09 10:55:17,872][com.java.SeleniumDriver] [  800] - Test step:5
[INFO ][2015-11-09 10:55:17,872][com.java.SeleniumDriver] [  812] - Datavalue is----------2
[INFO ][2015-11-09 10:55:17,872][com.java.SeleniumDriver] [  836] - DataField : BTNframeDialogContent
[INFO ][2015-11-09 10:55:17,874][com.java.SeleniumDriver] [  838] - DataValue : 2
[INFO ][2015-11-09 10:55:17,874][com.java.SeleniumDriver] [  844] - <In Set values of the page>
[INFO ][2015-11-09 10:55:17,874][com.java.SeleniumDriver] [  847] - {Data Fields & Data Values Exist}
[INFO ][2015-11-09 10:55:17,874][com.java.SeleniumDriver] [  849] - --------------------------setting values-----------------------------
[INFO ][2015-11-09 10:55:17,874][com.java.SeleniumDriver] [  852] - Action Type : WaitForElement
[INFO ][2015-11-09 10:55:22,987][com.java.SeleniumDriver] [  861] -  RESULT true
[INFO ][2015-11-09 10:55:22,987][com.java.SeleniumDriver] [ 1066] - ?   P A S S   ?
[INFO ][2015-11-09 10:55:22,987][com.java.SeleniumDriver] [  788] - ------------------------------------------
[INFO ][2015-11-09 10:55:22,987][com.java.SeleniumDriver] [  789] - Test case being Executed: 7
[INFO ][2015-11-09 10:55:22,987][com.java.SeleniumDriver] [  800] - Test step:6
[INFO ][2015-11-09 10:55:22,987][com.java.SeleniumDriver] [  812] - Datavalue is----------null
[DEBUG][2015-11-09 10:55:22,987][com.java.SeleniumDriver] [  830] - Exception: null
[INFO ][2015-11-09 10:55:22,988][com.java.SeleniumDriver] [  836] - DataField : BTNframeDialogContent
[INFO ][2015-11-09 10:55:22,988][com.java.SeleniumDriver] [  838] - DataValue : 
[INFO ][2015-11-09 10:55:22,988][com.java.SeleniumDriver] [  844] - <In Set values of the page>
[INFO ][2015-11-09 10:55:22,988][com.java.SeleniumDriver] [  847] - {Data Fields & Data Values Exist}
[INFO ][2015-11-09 10:55:22,988][com.java.SeleniumDriver] [  849] - --------------------------setting values-----------------------------
[INFO ][2015-11-09 10:55:22,988][com.java.SeleniumDriver] [  852] - Action Type : SelectFrame
[INFO ][2015-11-09 10:55:24,236][com.java.SeleniumDriver] [  861] -  RESULT true
[INFO ][2015-11-09 10:55:24,237][com.java.SeleniumDriver] [ 1066] - ?   P A S S   ?
[INFO ][2015-11-09 10:55:24,237][com.java.SeleniumDriver] [  788] - ------------------------------------------
[INFO ][2015-11-09 10:55:24,237][com.java.SeleniumDriver] [  789] - Test case being Executed: 7
[INFO ][2015-11-09 10:55:24,237][com.java.SeleniumDriver] [  800] - Test step:7
[INFO ][2015-11-09 10:55:24,237][com.java.SeleniumDriver] [  812] - Datavalue is----------2
[INFO ][2015-11-09 10:55:24,237][com.java.SeleniumDriver] [  836] - DataField : BTNbtnAddUser
[INFO ][2015-11-09 10:55:24,237][com.java.SeleniumDriver] [  838] - DataValue : 2
[INFO ][2015-11-09 10:55:24,237][com.java.SeleniumDriver] [  844] - <In Set values of the page>
[INFO ][2015-11-09 10:55:24,237][com.java.SeleniumDriver] [  847] - {Data Fields & Data Values Exist}
[INFO ][2015-11-09 10:55:24,237][com.java.SeleniumDriver] [  849] - --------------------------setting values-----------------------------
[INFO ][2015-11-09 10:55:24,237][com.java.SeleniumDriver] [  852] - Action Type : WaitForElement
[INFO ][2015-11-09 10:55:26,126][com.java.SeleniumDriver] [  861] -  RESULT true
[INFO ][2015-11-09 10:55:26,126][com.java.SeleniumDriver] [ 1066] - ?   P A S S   ?
[INFO ][2015-11-09 10:55:26,126][com.java.SeleniumDriver] [  788] - ------------------------------------------
[INFO ][2015-11-09 10:55:26,126][com.java.SeleniumDriver] [  789] - Test case being Executed: 7
[INFO ][2015-11-09 10:55:26,126][com.java.SeleniumDriver] [  800] - Test step:8
[INFO ][2015-11-09 10:55:26,126][com.java.SeleniumDriver] [  812] - Datavalue is----------null
[DEBUG][2015-11-09 10:55:26,126][com.java.SeleniumDriver] [  830] - Exception: null
[INFO ][2015-11-09 10:55:26,126][com.java.SeleniumDriver] [  836] - DataField : BTNbtnAddUser
[INFO ][2015-11-09 10:55:26,127][com.java.SeleniumDriver] [  838] - DataValue : 
[INFO ][2015-11-09 10:55:26,127][com.java.SeleniumDriver] [  844] - <In Set values of the page>
[INFO ][2015-11-09 10:55:26,127][com.java.SeleniumDriver] [  847] - {Data Fields & Data Values Exist}
[INFO ][2015-11-09 10:55:26,127][com.java.SeleniumDriver] [  849] - --------------------------setting values-----------------------------
[INFO ][2015-11-09 10:55:26,127][com.java.SeleniumDriver] [  852] - Action Type : Click
[INFO ][2015-11-09 10:55:26,127][com.java.TestType] [ 4388] - Field ::BTNbtnAddUser
[INFO ][2015-11-09 10:55:27,127][com.java.TestType] [ 4426] - BEFORE CLICK
[INFO ][2015-11-09 10:55:29,174][com.java.TestType] [ 4433] - Unable to click the object Add user button
[INFO ][2015-11-09 10:55:29,174][com.java.SeleniumDriver] [  861] -  RESULT true
[INFO ][2015-11-09 10:55:29,174][com.java.SeleniumDriver] [ 1066] - ?   P A S S   ?
[INFO ][2015-11-09 10:55:29,174][com.java.SeleniumDriver] [  788] - ------------------------------------------
[INFO ][2015-11-09 10:55:29,174][com.java.SeleniumDriver] [  789] - Test case being Executed: 7
[INFO ][2015-11-09 10:55:29,174][com.java.SeleniumDriver] [  800] - Test step:9
[INFO ][2015-11-09 10:55:29,174][com.java.SeleniumDriver] [  812] - Datavalue is----------2
[INFO ][2015-11-09 10:55:29,174][com.java.SeleniumDriver] [  836] - DataField : BTNtxtUserName
[INFO ][2015-11-09 10:55:29,174][com.java.SeleniumDriver] [  838] - DataValue : 2
[INFO ][2015-11-09 10:55:29,174][com.java.SeleniumDriver] [  844] - <In Set values of the page>
[INFO ][2015-11-09 10:55:29,174][com.java.SeleniumDriver] [  847] - {Data Fields & Data Values Exist}
[INFO ][2015-11-09 10:55:29,174][com.java.SeleniumDriver] [  849] - --------------------------setting values-----------------------------
[INFO ][2015-11-09 10:55:29,174][com.java.SeleniumDriver] [  852] - Action Type : WaitForElement
[INFO ][2015-11-09 10:55:37,310][com.java.SeleniumDriver] [  861] -  RESULT true
[INFO ][2015-11-09 10:55:37,310][com.java.SeleniumDriver] [ 1066] - ?   P A S S   ?
[INFO ][2015-11-09 10:55:37,310][com.java.SeleniumDriver] [  788] - ------------------------------------------
[INFO ][2015-11-09 10:55:37,310][com.java.SeleniumDriver] [  789] - Test case being Executed: 7
[INFO ][2015-11-09 10:55:37,310][com.java.SeleniumDriver] [  800] - Test step:10
[INFO ][2015-11-09 10:55:37,310][com.java.SeleniumDriver] [  812] - Datavalue is----------dt:NewUserName
[INFO ][2015-11-09 10:55:37,310][com.java.SeleniumDriver] [  836] - DataField : TXTtxtUserName
[INFO ][2015-11-09 10:55:37,310][com.java.SeleniumDriver] [  838] - DataValue : dt:NewUserName
[INFO ][2015-11-09 10:55:37,310][com.java.SeleniumDriver] [  844] - <In Set values of the page>
[INFO ][2015-11-09 10:55:37,310][com.java.SeleniumDriver] [  847] - {Data Fields & Data Values Exist}
[INFO ][2015-11-09 10:55:37,311][com.java.SeleniumDriver] [  849] - --------------------------setting values-----------------------------
[INFO ][2015-11-09 10:55:37,311][com.java.SeleniumDriver] [  852] - Action Type : Enter
[INFO ][2015-11-09 10:55:37,311][com.java.TestType] [ 4708] - field = txtUserName
[INFO ][2015-11-09 10:55:37,312][com.java.TestType] [ 4075] - value = vltest.robot
[INFO ][2015-11-09 10:55:40,074][com.java.SeleniumDriver] [  861] -  RESULT true
[INFO ][2015-11-09 10:55:40,074][com.java.SeleniumDriver] [ 1066] - ?   P A S S   ?
[INFO ][2015-11-09 10:55:40,074][com.java.SeleniumDriver] [  788] - ------------------------------------------
[INFO ][2015-11-09 10:55:40,074][com.java.SeleniumDriver] [  789] - Test case being Executed: 7
[INFO ][2015-11-09 10:55:40,074][com.java.SeleniumDriver] [  800] - Test step:11
[INFO ][2015-11-09 10:55:40,074][com.java.SeleniumDriver] [  812] - Datavalue is----------VLTest
[INFO ][2015-11-09 10:55:40,074][com.java.SeleniumDriver] [  836] - DataField : TXTtxtFirstName
[INFO ][2015-11-09 10:55:40,074][com.java.SeleniumDriver] [  838] - DataValue : VLTest
[INFO ][2015-11-09 10:55:40,074][com.java.SeleniumDriver] [  844] - <In Set values of the page>
[INFO ][2015-11-09 10:55:40,074][com.java.SeleniumDriver] [  847] - {Data Fields & Data Values Exist}
[INFO ][2015-11-09 10:55:40,074][com.java.SeleniumDriver] [  849] - --------------------------setting values-----------------------------
[INFO ][2015-11-09 10:55:40,074][com.java.SeleniumDriver] [  852] - Action Type : Enter
[INFO ][2015-11-09 10:55:40,075][com.java.TestType] [ 4708] - field = txtFirstName
[INFO ][2015-11-09 10:55:40,075][com.java.TestType] [ 4075] - value = VLTest
[INFO ][2015-11-09 10:55:43,097][com.java.SeleniumDriver] [  861] -  RESULT true
[INFO ][2015-11-09 10:55:43,098][com.java.SeleniumDriver] [ 1066] - ?   P A S S   ?
[INFO ][2015-11-09 10:55:43,098][com.java.SeleniumDriver] [  788] - ------------------------------------------
[INFO ][2015-11-09 10:55:43,098][com.java.SeleniumDriver] [  789] - Test case being Executed: 7
[INFO ][2015-11-09 10:55:43,098][com.java.SeleniumDriver] [  800] - Test step:12
[INFO ][2015-11-09 10:55:43,098][com.java.SeleniumDriver] [  812] - Datavalue is----------Robot
[INFO ][2015-11-09 10:55:43,098][com.java.SeleniumDriver] [  836] - DataField : TXTtxtLastName
[INFO ][2015-11-09 10:55:43,098][com.java.SeleniumDriver] [  838] - DataValue : Robot
[INFO ][2015-11-09 10:55:43,098][com.java.SeleniumDriver] [  844] - <In Set values of the page>
[INFO ][2015-11-09 10:55:43,098][com.java.SeleniumDriver] [  847] - {Data Fields & Data Values Exist}
[INFO ][2015-11-09 10:55:43,100][com.java.SeleniumDriver] [  849] - --------------------------setting values-----------------------------
[INFO ][2015-11-09 10:55:43,100][com.java.SeleniumDriver] [  852] - Action Type : Enter
[INFO ][2015-11-09 10:55:43,100][com.java.TestType] [ 4708] - field = txtLastName
[INFO ][2015-11-09 10:55:43,100][com.java.TestType] [ 4075] - value = Robot
[INFO ][2015-11-09 10:55:45,910][com.java.SeleniumDriver] [  861] -  RESULT true
[INFO ][2015-11-09 10:55:45,910][com.java.SeleniumDriver] [ 1066] - ?   P A S S   ?
[INFO ][2015-11-09 10:55:45,910][com.java.SeleniumDriver] [  788] - ------------------------------------------
[INFO ][2015-11-09 10:55:45,910][com.java.SeleniumDriver] [  789] - Test case being Executed: 7
[INFO ][2015-11-09 10:55:45,910][com.java.SeleniumDriver] [  800] - Test step:13
[INFO ][2015-11-09 10:55:45,910][com.java.SeleniumDriver] [  812] - Datavalue is----------ValueLabs
[INFO ][2015-11-09 10:55:45,910][com.java.SeleniumDriver] [  836] - DataField : TXTtxtCompany
[INFO ][2015-11-09 10:55:45,910][com.java.SeleniumDriver] [  838] - DataValue : ValueLabs
[INFO ][2015-11-09 10:55:45,910][com.java.SeleniumDriver] [  844] - <In Set values of the page>
[INFO ][2015-11-09 10:55:45,910][com.java.SeleniumDriver] [  847] - {Data Fields & Data Values Exist}
[INFO ][2015-11-09 10:55:45,910][com.java.SeleniumDriver] [  849] - --------------------------setting values-----------------------------
[INFO ][2015-11-09 10:55:45,910][com.java.SeleniumDriver] [  852] - Action Type : Enter
[INFO ][2015-11-09 10:55:45,910][com.java.TestType] [ 4708] - field = txtCompany
[INFO ][2015-11-09 10:55:45,911][com.java.TestType] [ 4075] - value = ValueLabs
[INFO ][2015-11-09 10:55:48,847][com.java.SeleniumDriver] [  861] -  RESULT true
[INFO ][2015-11-09 10:55:48,847][com.java.SeleniumDriver] [ 1066] - ?   P A S S   ?
[INFO ][2015-11-09 10:55:48,847][com.java.SeleniumDriver] [  788] - ------------------------------------------
[INFO ][2015-11-09 10:55:48,847][com.java.SeleniumDriver] [  789] - Test case being Executed: 7
[INFO ][2015-11-09 10:55:48,847][com.java.SeleniumDriver] [  800] - Test step:14
[INFO ][2015-11-09 10:55:48,849][com.java.SeleniumDriver] [  812] - Datavalue is----------India
[INFO ][2015-11-09 10:55:48,849][com.java.SeleniumDriver] [  836] - DataField : TXTtxtLocation
[INFO ][2015-11-09 10:55:48,849][com.java.SeleniumDriver] [  838] - DataValue : India
[INFO ][2015-11-09 10:55:48,849][com.java.SeleniumDriver] [  844] - <In Set values of the page>
[INFO ][2015-11-09 10:55:48,849][com.java.SeleniumDriver] [  847] - {Data Fields & Data Values Exist}
[INFO ][2015-11-09 10:55:48,849][com.java.SeleniumDriver] [  849] - --------------------------setting values-----------------------------
[INFO ][2015-11-09 10:55:48,849][com.java.SeleniumDriver] [  852] - Action Type : Enter
[INFO ][2015-11-09 10:55:48,849][com.java.TestType] [ 4708] - field = txtLocation
[INFO ][2015-11-09 10:55:48,849][com.java.TestType] [ 4075] - value = India
[INFO ][2015-11-09 10:55:51,660][com.java.SeleniumDriver] [  861] -  RESULT true
[INFO ][2015-11-09 10:55:51,661][com.java.SeleniumDriver] [ 1066] - ?   P A S S   ?
[INFO ][2015-11-09 10:55:51,661][com.java.SeleniumDriver] [  788] - ------------------------------------------
[INFO ][2015-11-09 10:55:51,661][com.java.SeleniumDriver] [  789] - Test case being Executed: 7
[INFO ][2015-11-09 10:55:51,661][com.java.SeleniumDriver] [  800] - Test step:15
[INFO ][2015-11-09 10:55:51,661][com.java.SeleniumDriver] [  812] - Datavalue is----------vltest.robot@valuelabs.com
[INFO ][2015-11-09 10:55:51,661][com.java.SeleniumDriver] [  836] - DataField : TXTtxtEMail
[INFO ][2015-11-09 10:55:51,661][com.java.SeleniumDriver] [  838] - DataValue : vltest.robot@valuelabs.com
[INFO ][2015-11-09 10:55:51,661][com.java.SeleniumDriver] [  844] - <In Set values of the page>
[INFO ][2015-11-09 10:55:51,661][com.java.SeleniumDriver] [  847] - {Data Fields & Data Values Exist}
[INFO ][2015-11-09 10:55:51,661][com.java.SeleniumDriver] [  849] - --------------------------setting values-----------------------------
[INFO ][2015-11-09 10:55:51,661][com.java.SeleniumDriver] [  852] - Action Type : Enter
[INFO ][2015-11-09 10:55:51,661][com.java.TestType] [ 4708] - field = txtEMail
[INFO ][2015-11-09 10:55:51,662][com.java.TestType] [ 4075] - value = vltest.robot@valuelabs.com
[INFO ][2015-11-09 10:55:54,594][com.java.SeleniumDriver] [  861] -  RESULT true
[INFO ][2015-11-09 10:55:54,594][com.java.SeleniumDriver] [ 1066] - ?   P A S S   ?
[INFO ][2015-11-09 10:55:54,594][com.java.SeleniumDriver] [  788] - ------------------------------------------
[INFO ][2015-11-09 10:55:54,594][com.java.SeleniumDriver] [  789] - Test case being Executed: 7
[INFO ][2015-11-09 10:55:54,594][com.java.SeleniumDriver] [  800] - Test step:16
[INFO ][2015-11-09 10:55:54,594][com.java.SeleniumDriver] [  812] - Datavalue is----------12345678901
[INFO ][2015-11-09 10:55:54,594][com.java.SeleniumDriver] [  836] - DataField : TXTtxtPhone
[INFO ][2015-11-09 10:55:54,594][com.java.SeleniumDriver] [  838] - DataValue : 12345678901
[INFO ][2015-11-09 10:55:54,594][com.java.SeleniumDriver] [  844] - <In Set values of the page>
[INFO ][2015-11-09 10:55:54,594][com.java.SeleniumDriver] [  847] - {Data Fields & Data Values Exist}
[INFO ][2015-11-09 10:55:54,594][com.java.SeleniumDriver] [  849] - --------------------------setting values-----------------------------
[INFO ][2015-11-09 10:55:54,594][com.java.SeleniumDriver] [  852] - Action Type : Enter
[INFO ][2015-11-09 10:55:54,594][com.java.TestType] [ 4708] - field = txtPhone
[INFO ][2015-11-09 10:55:54,595][com.java.TestType] [ 4075] - value = 12345678901
[INFO ][2015-11-09 10:55:57,350][com.java.SeleniumDriver] [  861] -  RESULT true
[INFO ][2015-11-09 10:55:57,350][com.java.SeleniumDriver] [ 1066] - ?   P A S S   ?
[INFO ][2015-11-09 10:55:57,350][com.java.SeleniumDriver] [  788] - ------------------------------------------
[INFO ][2015-11-09 10:55:57,350][com.java.SeleniumDriver] [  789] - Test case being Executed: 7
[INFO ][2015-11-09 10:55:57,350][com.java.SeleniumDriver] [  800] - Test step:17
[INFO ][2015-11-09 10:55:57,350][com.java.SeleniumDriver] [  812] - Datavalue is----------dt:NewUserPswd
[INFO ][2015-11-09 10:55:57,351][com.java.SeleniumDriver] [  836] - DataField : TXTtxtPassword
[INFO ][2015-11-09 10:55:57,351][com.java.SeleniumDriver] [  838] - DataValue : dt:NewUserPswd
[INFO ][2015-11-09 10:55:57,351][com.java.SeleniumDriver] [  844] - <In Set values of the page>
[INFO ][2015-11-09 10:55:57,351][com.java.SeleniumDriver] [  847] - {Data Fields & Data Values Exist}
[INFO ][2015-11-09 10:55:57,351][com.java.SeleniumDriver] [  849] - --------------------------setting values-----------------------------
[INFO ][2015-11-09 10:55:57,351][com.java.SeleniumDriver] [  852] - Action Type : Enter
[INFO ][2015-11-09 10:55:57,351][com.java.TestType] [ 4708] - field = txtPassword
[INFO ][2015-11-09 10:55:57,351][com.java.TestType] [ 4075] - value = Password1*
[INFO ][2015-11-09 10:56:00,292][com.java.SeleniumDriver] [  861] -  RESULT true
[INFO ][2015-11-09 10:56:00,293][com.java.SeleniumDriver] [ 1066] - ?   P A S S   ?
[INFO ][2015-11-09 10:56:00,293][com.java.SeleniumDriver] [  788] - ------------------------------------------
[INFO ][2015-11-09 10:56:00,293][com.java.SeleniumDriver] [  789] - Test case being Executed: 7
[INFO ][2015-11-09 10:56:00,293][com.java.SeleniumDriver] [  800] - Test step:18
[INFO ][2015-11-09 10:56:00,293][com.java.SeleniumDriver] [  812] - Datavalue is----------dt:NewUserPswd
[INFO ][2015-11-09 10:56:00,293][com.java.SeleniumDriver] [  836] - DataField : TXTtxtPasswordConfirm
[INFO ][2015-11-09 10:56:00,293][com.java.SeleniumDriver] [  838] - DataValue : dt:NewUserPswd
[INFO ][2015-11-09 10:56:00,293][com.java.SeleniumDriver] [  844] - <In Set values of the page>
[INFO ][2015-11-09 10:56:00,293][com.java.SeleniumDriver] [  847] - {Data Fields & Data Values Exist}
[INFO ][2015-11-09 10:56:00,293][com.java.SeleniumDriver] [  849] - --------------------------setting values-----------------------------
[INFO ][2015-11-09 10:56:00,293][com.java.SeleniumDriver] [  852] - Action Type : Enter
[INFO ][2015-11-09 10:56:00,293][com.java.TestType] [ 4708] - field = txtPasswordConfirm
[INFO ][2015-11-09 10:56:00,294][com.java.TestType] [ 4075] - value = Password1*
[INFO ][2015-11-09 10:56:03,242][com.java.SeleniumDriver] [  861] -  RESULT true
[INFO ][2015-11-09 10:56:03,243][com.java.SeleniumDriver] [ 1066] - ?   P A S S   ?
[INFO ][2015-11-09 10:56:03,243][com.java.SeleniumDriver] [  788] - ------------------------------------------
[INFO ][2015-11-09 10:56:03,243][com.java.SeleniumDriver] [  789] - Test case being Executed: 7
[INFO ][2015-11-09 10:56:03,243][com.java.SeleniumDriver] [  800] - Test step:19
[INFO ][2015-11-09 10:56:03,243][com.java.SeleniumDriver] [  812] - Datavalue is----------null
[DEBUG][2015-11-09 10:56:03,243][com.java.SeleniumDriver] [  830] - Exception: null
[INFO ][2015-11-09 10:56:03,243][com.java.SeleniumDriver] [  836] - DataField : BTNparent
[INFO ][2015-11-09 10:56:03,243][com.java.SeleniumDriver] [  838] - DataValue : 
[INFO ][2015-11-09 10:56:03,243][com.java.SeleniumDriver] [  844] - <In Set values of the page>
[INFO ][2015-11-09 10:56:03,243][com.java.SeleniumDriver] [  847] - {Data Fields & Data Values Exist}
[INFO ][2015-11-09 10:56:03,243][com.java.SeleniumDriver] [  849] - --------------------------setting values-----------------------------
[INFO ][2015-11-09 10:56:03,243][com.java.SeleniumDriver] [  852] - Action Type : SelectFrame
[INFO ][2015-11-09 10:56:03,255][com.java.SeleniumDriver] [  861] -  RESULT true
[INFO ][2015-11-09 10:56:03,256][com.java.SeleniumDriver] [ 1066] - ?   P A S S   ?
[INFO ][2015-11-09 10:56:03,256][com.java.SeleniumDriver] [  788] - ------------------------------------------
[INFO ][2015-11-09 10:56:03,256][com.java.SeleniumDriver] [  789] - Test case being Executed: 7
[INFO ][2015-11-09 10:56:03,256][com.java.SeleniumDriver] [  800] - Test step:20
[INFO ][2015-11-09 10:56:03,256][com.java.SeleniumDriver] [  812] - Datavalue is----------5
[INFO ][2015-11-09 10:56:03,256][com.java.SeleniumDriver] [  836] - DataField : test
[INFO ][2015-11-09 10:56:03,256][com.java.SeleniumDriver] [  838] - DataValue : 5
[INFO ][2015-11-09 10:56:03,256][com.java.SeleniumDriver] [  844] - <In Set values of the page>
[INFO ][2015-11-09 10:56:03,256][com.java.SeleniumDriver] [  847] - {Data Fields & Data Values Exist}
[INFO ][2015-11-09 10:56:03,256][com.java.SeleniumDriver] [  849] - --------------------------setting values-----------------------------
[INFO ][2015-11-09 10:56:03,256][com.java.SeleniumDriver] [  852] - Action Type : WaitTime
[DEBUG][2015-11-09 10:56:03,256][com.java.TestType] [ 3911] - sleepTime: 5000
[INFO ][2015-11-09 10:56:08,257][com.java.SeleniumDriver] [  861] -  RESULT true
[INFO ][2015-11-09 10:56:08,257][com.java.SeleniumDriver] [ 1066] - ?   P A S S   ?
[INFO ][2015-11-09 10:56:08,257][com.java.SeleniumDriver] [  788] - ------------------------------------------
[INFO ][2015-11-09 10:56:08,257][com.java.SeleniumDriver] [  789] - Test case being Executed: 7
[INFO ][2015-11-09 10:56:08,257][com.java.SeleniumDriver] [  800] - Test step:21
[INFO ][2015-11-09 10:56:08,257][com.java.SeleniumDriver] [  812] - Datavalue is----------null
[DEBUG][2015-11-09 10:56:08,257][com.java.SeleniumDriver] [  830] - Exception: null
[INFO ][2015-11-09 10:56:08,257][com.java.SeleniumDriver] [  836] - DataField : XPH//span[contains(text(), 'Finished')]
[INFO ][2015-11-09 10:56:08,257][com.java.SeleniumDriver] [  838] - DataValue : 
[INFO ][2015-11-09 10:56:08,257][com.java.SeleniumDriver] [  844] - <In Set values of the page>
[INFO ][2015-11-09 10:56:08,258][com.java.SeleniumDriver] [  847] - {Data Fields & Data Values Exist}
[INFO ][2015-11-09 10:56:08,258][com.java.SeleniumDriver] [  849] - --------------------------setting values-----------------------------
[INFO ][2015-11-09 10:56:08,258][com.java.SeleniumDriver] [  852] - Action Type : Click
[INFO ][2015-11-09 10:56:08,258][com.java.TestType] [ 4388] - Field ::XPH//span[contains(text(), 'Finished')]
[INFO ][2015-11-09 10:56:09,258][com.java.TestType] [ 4447] - BEFORE CLICK
[INFO ][2015-11-09 10:56:10,755][com.java.TestType] [ 4455] - Unable to click the object Finished button
[INFO ][2015-11-09 10:56:10,755][com.java.SeleniumDriver] [  861] -  RESULT true
[INFO ][2015-11-09 10:56:10,755][com.java.SeleniumDriver] [ 1066] - ?   P A S S   ?
[INFO ][2015-11-09 10:56:10,755][com.java.SeleniumDriver] [  788] - ------------------------------------------
[INFO ][2015-11-09 10:56:10,755][com.java.SeleniumDriver] [  789] - Test case being Executed: 7
[INFO ][2015-11-09 10:56:10,755][com.java.SeleniumDriver] [  800] - Test step:22
[INFO ][2015-11-09 10:56:10,755][com.java.SeleniumDriver] [  812] - Datavalue is----------null
[DEBUG][2015-11-09 10:56:10,755][com.java.SeleniumDriver] [  830] - Exception: null
[INFO ][2015-11-09 10:56:10,755][com.java.SeleniumDriver] [  836] - DataField : XPH//span[contains(text(), 'Finished')]
[INFO ][2015-11-09 10:56:10,755][com.java.SeleniumDriver] [  838] - DataValue : 
[INFO ][2015-11-09 10:56:10,755][com.java.SeleniumDriver] [  844] - <In Set values of the page>
[INFO ][2015-11-09 10:56:10,755][com.java.SeleniumDriver] [  847] - {Data Fields & Data Values Exist}
[INFO ][2015-11-09 10:56:10,756][com.java.SeleniumDriver] [  849] - --------------------------setting values-----------------------------
[INFO ][2015-11-09 10:56:10,756][com.java.SeleniumDriver] [  852] - Action Type : WaitForElement
[INFO ][2015-11-09 10:56:10,789][com.java.SeleniumDriver] [  861] -  RESULT true
[INFO ][2015-11-09 10:56:10,789][com.java.SeleniumDriver] [ 1066] - ?   P A S S   ?
[INFO ][2015-11-09 10:56:10,789][com.java.SeleniumDriver] [  788] - ------------------------------------------
[INFO ][2015-11-09 10:56:10,789][com.java.SeleniumDriver] [  789] - Test case being Executed: 7
[INFO ][2015-11-09 10:56:10,789][com.java.SeleniumDriver] [  800] - Test step:23
[INFO ][2015-11-09 10:56:10,789][com.java.SeleniumDriver] [  812] - Datavalue is----------null
[DEBUG][2015-11-09 10:56:10,789][com.java.SeleniumDriver] [  830] - Exception: null
[INFO ][2015-11-09 10:56:10,789][com.java.SeleniumDriver] [  836] - DataField : BTNframeDialogContent
[INFO ][2015-11-09 10:56:10,790][com.java.SeleniumDriver] [  838] - DataValue : 
[INFO ][2015-11-09 10:56:10,790][com.java.SeleniumDriver] [  844] - <In Set values of the page>
[INFO ][2015-11-09 10:56:10,790][com.java.SeleniumDriver] [  847] - {Data Fields & Data Values Exist}
[INFO ][2015-11-09 10:56:10,790][com.java.SeleniumDriver] [  849] - --------------------------setting values-----------------------------
[INFO ][2015-11-09 10:56:10,790][com.java.SeleniumDriver] [  852] - Action Type : SelectFrame
[INFO ][2015-11-09 10:56:12,063][com.java.SeleniumDriver] [  861] -  RESULT true
[INFO ][2015-11-09 10:56:12,064][com.java.SeleniumDriver] [ 1066] - ?   P A S S   ?
[INFO ][2015-11-09 10:56:12,064][com.java.SeleniumDriver] [  788] - ------------------------------------------
[INFO ][2015-11-09 10:56:12,064][com.java.SeleniumDriver] [  789] - Test case being Executed: 7
[INFO ][2015-11-09 10:56:12,064][com.java.SeleniumDriver] [  800] - Test step:24
[INFO ][2015-11-09 10:56:12,064][com.java.SeleniumDriver] [  812] - Datavalue is----------null
[DEBUG][2015-11-09 10:56:12,064][com.java.SeleniumDriver] [  830] - Exception: null
[INFO ][2015-11-09 10:56:12,064][com.java.SeleniumDriver] [  836] - DataField : BTNchkGlobalPrivsUserAdmin
[INFO ][2015-11-09 10:56:12,064][com.java.SeleniumDriver] [  838] - DataValue : 
[INFO ][2015-11-09 10:56:12,064][com.java.SeleniumDriver] [  844] - <In Set values of the page>
[INFO ][2015-11-09 10:56:12,064][com.java.SeleniumDriver] [  847] - {Data Fields & Data Values Exist}
[INFO ][2015-11-09 10:56:12,064][com.java.SeleniumDriver] [  849] - --------------------------setting values-----------------------------
[INFO ][2015-11-09 10:56:12,064][com.java.SeleniumDriver] [  852] - Action Type : Click
[INFO ][2015-11-09 10:56:12,065][com.java.TestType] [ 4388] - Field ::BTNchkGlobalPrivsUserAdmin
[INFO ][2015-11-09 10:56:13,065][com.java.TestType] [ 4426] - BEFORE CLICK
[INFO ][2015-11-09 10:56:14,424][com.java.TestType] [ 4433] - Unable to click the object User Admin check box
[INFO ][2015-11-09 10:56:14,424][com.java.SeleniumDriver] [  861] -  RESULT true
[INFO ][2015-11-09 10:56:14,424][com.java.SeleniumDriver] [ 1066] - ?   P A S S   ?
[INFO ][2015-11-09 10:56:14,424][com.java.SeleniumDriver] [  788] - ------------------------------------------
[INFO ][2015-11-09 10:56:14,424][com.java.SeleniumDriver] [  789] - Test case being Executed: 7
[INFO ][2015-11-09 10:56:14,424][com.java.SeleniumDriver] [  800] - Test step:25
[INFO ][2015-11-09 10:56:14,424][com.java.SeleniumDriver] [  812] - Datavalue is----------null
[DEBUG][2015-11-09 10:56:14,424][com.java.SeleniumDriver] [  830] - Exception: null
[INFO ][2015-11-09 10:56:14,424][com.java.SeleniumDriver] [  836] - DataField : BTNrdoEnableEntity_Enable
[INFO ][2015-11-09 10:56:14,424][com.java.SeleniumDriver] [  838] - DataValue : 
[INFO ][2015-11-09 10:56:14,424][com.java.SeleniumDriver] [  844] - <In Set values of the page>
[INFO ][2015-11-09 10:56:14,425][com.java.SeleniumDriver] [  847] - {Data Fields & Data Values Exist}
[INFO ][2015-11-09 10:56:14,425][com.java.SeleniumDriver] [  849] - --------------------------setting values-----------------------------
[INFO ][2015-11-09 10:56:14,425][com.java.SeleniumDriver] [  852] - Action Type : Click
[INFO ][2015-11-09 10:56:14,425][com.java.TestType] [ 4388] - Field ::BTNrdoEnableEntity_Enable
[INFO ][2015-11-09 10:56:15,425][com.java.TestType] [ 4426] - BEFORE CLICK
[INFO ][2015-11-09 10:56:16,769][com.java.TestType] [ 4433] - Unable to click the object Enable radio button
[INFO ][2015-11-09 10:56:16,769][com.java.SeleniumDriver] [  861] -  RESULT true
[INFO ][2015-11-09 10:56:16,769][com.java.SeleniumDriver] [ 1066] - ?   P A S S   ?
[INFO ][2015-11-09 10:56:16,769][com.java.SeleniumDriver] [  788] - ------------------------------------------
[INFO ][2015-11-09 10:56:16,769][com.java.SeleniumDriver] [  789] - Test case being Executed: 7
[INFO ][2015-11-09 10:56:16,769][com.java.SeleniumDriver] [  800] - Test step:26
[INFO ][2015-11-09 10:56:16,769][com.java.SeleniumDriver] [  812] - Datavalue is----------null
[DEBUG][2015-11-09 10:56:16,769][com.java.SeleniumDriver] [  830] - Exception: null
[INFO ][2015-11-09 10:56:16,769][com.java.SeleniumDriver] [  836] - DataField : BTNchkProfitCenterAll
[INFO ][2015-11-09 10:56:16,769][com.java.SeleniumDriver] [  838] - DataValue : 
[INFO ][2015-11-09 10:56:16,769][com.java.SeleniumDriver] [  844] - <In Set values of the page>
[INFO ][2015-11-09 10:56:16,769][com.java.SeleniumDriver] [  847] - {Data Fields & Data Values Exist}
[INFO ][2015-11-09 10:56:16,770][com.java.SeleniumDriver] [  849] - --------------------------setting values-----------------------------
[INFO ][2015-11-09 10:56:16,770][com.java.SeleniumDriver] [  852] - Action Type : Click
[INFO ][2015-11-09 10:56:16,770][com.java.TestType] [ 4388] - Field ::BTNchkProfitCenterAll
[INFO ][2015-11-09 10:56:17,770][com.java.TestType] [ 4426] - BEFORE CLICK
[INFO ][2015-11-09 10:56:19,107][com.java.TestType] [ 4433] - Unable to click the object All Check box
[INFO ][2015-11-09 10:56:19,107][com.java.SeleniumDriver] [  861] -  RESULT true
[INFO ][2015-11-09 10:56:19,107][com.java.SeleniumDriver] [ 1066] - ?   P A S S   ?
[INFO ][2015-11-09 10:56:19,107][com.java.SeleniumDriver] [  788] - ------------------------------------------
[INFO ][2015-11-09 10:56:19,107][com.java.SeleniumDriver] [  789] - Test case being Executed: 7
[INFO ][2015-11-09 10:56:19,107][com.java.SeleniumDriver] [  800] - Test step:27
[INFO ][2015-11-09 10:56:19,107][com.java.SeleniumDriver] [  812] - Datavalue is----------null
[DEBUG][2015-11-09 10:56:19,109][com.java.SeleniumDriver] [  830] - Exception: null
[INFO ][2015-11-09 10:56:19,109][com.java.SeleniumDriver] [  836] - DataField : BTNchkPrivsAccessGL
[INFO ][2015-11-09 10:56:19,109][com.java.SeleniumDriver] [  838] - DataValue : 
[INFO ][2015-11-09 10:56:19,109][com.java.SeleniumDriver] [  844] - <In Set values of the page>
[INFO ][2015-11-09 10:56:19,109][com.java.SeleniumDriver] [  847] - {Data Fields & Data Values Exist}
[INFO ][2015-11-09 10:56:19,109][com.java.SeleniumDriver] [  849] - --------------------------setting values-----------------------------
[INFO ][2015-11-09 10:56:19,109][com.java.SeleniumDriver] [  852] - Action Type : Click
[INFO ][2015-11-09 10:56:19,109][com.java.TestType] [ 4388] - Field ::BTNchkPrivsAccessGL
[INFO ][2015-11-09 10:56:20,109][com.java.TestType] [ 4426] - BEFORE CLICK
[INFO ][2015-11-09 10:56:21,438][com.java.TestType] [ 4433] - Unable to click the object GL check box
[INFO ][2015-11-09 10:56:21,438][com.java.SeleniumDriver] [  861] -  RESULT true
[INFO ][2015-11-09 10:56:21,438][com.java.SeleniumDriver] [ 1066] - ?   P A S S   ?
[INFO ][2015-11-09 10:56:21,438][com.java.SeleniumDriver] [  788] - ------------------------------------------
[INFO ][2015-11-09 10:56:21,438][com.java.SeleniumDriver] [  789] - Test case being Executed: 7
[INFO ][2015-11-09 10:56:21,438][com.java.SeleniumDriver] [  800] - Test step:28
[INFO ][2015-11-09 10:56:21,438][com.java.SeleniumDriver] [  812] - Datavalue is----------null
[DEBUG][2015-11-09 10:56:21,438][com.java.SeleniumDriver] [  830] - Exception: null
[INFO ][2015-11-09 10:56:21,438][com.java.SeleniumDriver] [  836] - DataField : BTNparent
[INFO ][2015-11-09 10:56:21,438][com.java.SeleniumDriver] [  838] - DataValue : 
[INFO ][2015-11-09 10:56:21,438][com.java.SeleniumDriver] [  844] - <In Set values of the page>
[INFO ][2015-11-09 10:56:21,438][com.java.SeleniumDriver] [  847] - {Data Fields & Data Values Exist}
[INFO ][2015-11-09 10:56:21,439][com.java.SeleniumDriver] [  849] - --------------------------setting values-----------------------------
[INFO ][2015-11-09 10:56:21,439][com.java.SeleniumDriver] [  852] - Action Type : SelectFrame
[INFO ][2015-11-09 10:56:21,451][com.java.SeleniumDriver] [  861] -  RESULT true
[INFO ][2015-11-09 10:56:21,451][com.java.SeleniumDriver] [ 1066] - ?   P A S S   ?
[INFO ][2015-11-09 10:56:21,451][com.java.SeleniumDriver] [  788] - ------------------------------------------
[INFO ][2015-11-09 10:56:21,451][com.java.SeleniumDriver] [  789] - Test case being Executed: 7
[INFO ][2015-11-09 10:56:21,451][com.java.SeleniumDriver] [  800] - Test step:29
[INFO ][2015-11-09 10:56:21,451][com.java.SeleniumDriver] [  812] - Datavalue is----------5
[INFO ][2015-11-09 10:56:21,451][com.java.SeleniumDriver] [  836] - DataField : test
[INFO ][2015-11-09 10:56:21,451][com.java.SeleniumDriver] [  838] - DataValue : 5
[INFO ][2015-11-09 10:56:21,451][com.java.SeleniumDriver] [  844] - <In Set values of the page>
[INFO ][2015-11-09 10:56:21,451][com.java.SeleniumDriver] [  847] - {Data Fields & Data Values Exist}
[INFO ][2015-11-09 10:56:21,451][com.java.SeleniumDriver] [  849] - --------------------------setting values-----------------------------
[INFO ][2015-11-09 10:56:21,451][com.java.SeleniumDriver] [  852] - Action Type : WaitTime
[DEBUG][2015-11-09 10:56:21,451][com.java.TestType] [ 3911] - sleepTime: 5000
[INFO ][2015-11-09 10:56:26,452][com.java.SeleniumDriver] [  861] -  RESULT true
[INFO ][2015-11-09 10:56:26,452][com.java.SeleniumDriver] [ 1066] - ?   P A S S   ?
[INFO ][2015-11-09 10:56:26,452][com.java.SeleniumDriver] [  788] - ------------------------------------------
[INFO ][2015-11-09 10:56:26,452][com.java.SeleniumDriver] [  789] - Test case being Executed: 7
[INFO ][2015-11-09 10:56:26,452][com.java.SeleniumDriver] [  800] - Test step:30
[INFO ][2015-11-09 10:56:26,452][com.java.SeleniumDriver] [  812] - Datavalue is----------null
[DEBUG][2015-11-09 10:56:26,452][com.java.SeleniumDriver] [  830] - Exception: null
[INFO ][2015-11-09 10:56:26,452][com.java.SeleniumDriver] [  836] - DataField : XPH//span[contains(text(), 'Finished')]
[INFO ][2015-11-09 10:56:26,452][com.java.SeleniumDriver] [  838] - DataValue : 
[INFO ][2015-11-09 10:56:26,452][com.java.SeleniumDriver] [  844] - <In Set values of the page>
[INFO ][2015-11-09 10:56:26,452][com.java.SeleniumDriver] [  847] - {Data Fields & Data Values Exist}
[INFO ][2015-11-09 10:56:26,452][com.java.SeleniumDriver] [  849] - --------------------------setting values-----------------------------
[INFO ][2015-11-09 10:56:26,453][com.java.SeleniumDriver] [  852] - Action Type : Click
[INFO ][2015-11-09 10:56:26,453][com.java.TestType] [ 4388] - Field ::XPH//span[contains(text(), 'Finished')]
[INFO ][2015-11-09 10:56:27,453][com.java.TestType] [ 4447] - BEFORE CLICK
[INFO ][2015-11-09 10:56:36,207][com.java.TestType] [ 4455] - Unable to click the object Finished button
[INFO ][2015-11-09 10:56:36,207][com.java.SeleniumDriver] [  861] -  RESULT true
[INFO ][2015-11-09 10:56:36,207][com.java.SeleniumDriver] [ 1066] - ?   P A S S   ?
[INFO ][2015-11-09 10:56:36,207][com.java.SeleniumDriver] [  788] - ------------------------------------------
[INFO ][2015-11-09 10:56:36,207][com.java.SeleniumDriver] [  789] - Test case being Executed: 7
[INFO ][2015-11-09 10:56:36,207][com.java.SeleniumDriver] [  800] - Test step:31
[INFO ][2015-11-09 10:56:36,207][com.java.SeleniumDriver] [  812] - Datavalue is----------5
[INFO ][2015-11-09 10:56:36,207][com.java.SeleniumDriver] [  836] - DataField : BTNframeDialogContent
[INFO ][2015-11-09 10:56:36,207][com.java.SeleniumDriver] [  838] - DataValue : 5
[INFO ][2015-11-09 10:56:36,207][com.java.SeleniumDriver] [  844] - <In Set values of the page>
[INFO ][2015-11-09 10:56:36,207][com.java.SeleniumDriver] [  847] - {Data Fields & Data Values Exist}
[INFO ][2015-11-09 10:56:36,207][com.java.SeleniumDriver] [  849] - --------------------------setting values-----------------------------
[INFO ][2015-11-09 10:56:36,208][com.java.SeleniumDriver] [  852] - Action Type : WaitForElement
[INFO ][2015-11-09 10:56:37,429][com.java.SeleniumDriver] [  861] -  RESULT true
[INFO ][2015-11-09 10:56:37,429][com.java.SeleniumDriver] [ 1066] - ?   P A S S   ?
[INFO ][2015-11-09 10:56:37,429][com.java.SeleniumDriver] [  788] - ------------------------------------------
[INFO ][2015-11-09 10:56:37,429][com.java.SeleniumDriver] [  789] - Test case being Executed: 7
[INFO ][2015-11-09 10:56:37,429][com.java.SeleniumDriver] [  800] - Test step:32
[INFO ][2015-11-09 10:56:37,429][com.java.SeleniumDriver] [  812] - Datavalue is----------null
[DEBUG][2015-11-09 10:56:37,429][com.java.SeleniumDriver] [  830] - Exception: null
[INFO ][2015-11-09 10:56:37,429][com.java.SeleniumDriver] [  836] - DataField : BTNframeDialogContent
[INFO ][2015-11-09 10:56:37,429][com.java.SeleniumDriver] [  838] - DataValue : 
[INFO ][2015-11-09 10:56:37,430][com.java.SeleniumDriver] [  844] - <In Set values of the page>
[INFO ][2015-11-09 10:56:37,430][com.java.SeleniumDriver] [  847] - {Data Fields & Data Values Exist}
[INFO ][2015-11-09 10:56:37,430][com.java.SeleniumDriver] [  849] - --------------------------setting values-----------------------------
[INFO ][2015-11-09 10:56:37,430][com.java.SeleniumDriver] [  852] - Action Type : SelectFrame
[INFO ][2015-11-09 10:56:38,685][com.java.SeleniumDriver] [  861] -  RESULT true
[INFO ][2015-11-09 10:56:38,685][com.java.SeleniumDriver] [ 1066] - ?   P A S S   ?
[INFO ][2015-11-09 10:56:38,685][com.java.SeleniumDriver] [  788] - ------------------------------------------
[INFO ][2015-11-09 10:56:38,685][com.java.SeleniumDriver] [  789] - Test case being Executed: 7
[INFO ][2015-11-09 10:56:38,685][com.java.SeleniumDriver] [  800] - Test step:33
[INFO ][2015-11-09 10:56:38,685][com.java.SeleniumDriver] [  812] - Datavalue is----------null
[DEBUG][2015-11-09 10:56:38,685][com.java.SeleniumDriver] [  830] - Exception: null
[INFO ][2015-11-09 10:56:38,685][com.java.SeleniumDriver] [  836] - DataField : XPH//table[@id="tblUserListing"]//td[contains(text(),'vltest.robot')]
[INFO ][2015-11-09 10:56:38,685][com.java.SeleniumDriver] [  838] - DataValue : 
[INFO ][2015-11-09 10:56:38,685][com.java.SeleniumDriver] [  844] - <In Set values of the page>
[INFO ][2015-11-09 10:56:38,685][com.java.SeleniumDriver] [  847] - {Data Fields & Data Values Exist}
[INFO ][2015-11-09 10:56:38,685][com.java.SeleniumDriver] [  849] - --------------------------setting values-----------------------------
[INFO ][2015-11-09 10:56:38,685][com.java.SeleniumDriver] [  852] - Action Type : WaitForElement
[INFO ][2015-11-09 10:56:38,748][com.java.SeleniumDriver] [  861] -  RESULT true
[INFO ][2015-11-09 10:56:38,748][com.java.SeleniumDriver] [ 1066] - ?   P A S S   ?
[INFO ][2015-11-09 10:56:38,748][com.java.SeleniumDriver] [  788] - ------------------------------------------
[INFO ][2015-11-09 10:56:38,748][com.java.SeleniumDriver] [  789] - Test case being Executed: 7
[INFO ][2015-11-09 10:56:38,748][com.java.SeleniumDriver] [  800] - Test step:34
[INFO ][2015-11-09 10:56:38,748][com.java.SeleniumDriver] [  812] - Datavalue is----------dt:NewUserName
[INFO ][2015-11-09 10:56:38,748][com.java.SeleniumDriver] [  836] - DataField : USR
[INFO ][2015-11-09 10:56:38,748][com.java.SeleniumDriver] [  838] - DataValue : dt:NewUserName
[INFO ][2015-11-09 10:56:38,749][com.java.SeleniumDriver] [  844] - <In Set values of the page>
[INFO ][2015-11-09 10:56:38,749][com.java.SeleniumDriver] [  847] - {Data Fields & Data Values Exist}
[INFO ][2015-11-09 10:56:38,749][com.java.SeleniumDriver] [  849] - --------------------------setting values-----------------------------
[INFO ][2015-11-09 10:56:38,749][com.java.SeleniumDriver] [  852] - Action Type : Verify
[INFO ][2015-11-09 10:56:38,749][com.java.TestType] [ 5201] - field= USR value= dt:NewUserName
[INFO ][2015-11-09 10:56:38,749][com.java.TestType] [ 4075] - value = vltest.robot
[INFO ][2015-11-09 10:56:38,814][com.java.SeleniumDriver] [  861] -  RESULT true
[INFO ][2015-11-09 10:56:38,814][com.java.SeleniumDriver] [ 1066] - ?   P A S S   ?
[INFO ][2015-11-09 10:56:38,814][com.java.SeleniumDriver] [  788] - ------------------------------------------
[INFO ][2015-11-09 10:56:38,814][com.java.SeleniumDriver] [  789] - Test case being Executed: 7
[INFO ][2015-11-09 10:56:38,814][com.java.SeleniumDriver] [  800] - Test step:35
[INFO ][2015-11-09 10:56:38,814][com.java.SeleniumDriver] [  812] - Datavalue is----------Login_username
[INFO ][2015-11-09 10:56:38,814][com.java.SeleniumDriver] [  836] - DataField : XPH//table[@id="tblUserListing"]//td[contains(text(),'vltest.robot')]
[INFO ][2015-11-09 10:56:38,814][com.java.SeleniumDriver] [  838] - DataValue : Login_username
[INFO ][2015-11-09 10:56:38,814][com.java.SeleniumDriver] [  844] - <In Set values of the page>
[INFO ][2015-11-09 10:56:38,814][com.java.SeleniumDriver] [  847] - {Data Fields & Data Values Exist}
[INFO ][2015-11-09 10:56:38,814][com.java.SeleniumDriver] [  849] - --------------------------setting values-----------------------------
[INFO ][2015-11-09 10:56:38,815][com.java.SeleniumDriver] [  852] - Action Type : STOREVALUE
[INFO ][2015-11-09 10:56:38,816][com.java.TestType] [ 6135] - field= XPH//table[@id="tblUserListing"]//td[contains(text(),'vltest.robot')]
[DEBUG][2015-11-09 10:56:38,923][com.java.TestType] [ 6187] - Key:: Login_username   Value:: vltest.robot.03890
[INFO ][2015-11-09 10:56:38,923][com.java.SeleniumDriver] [  861] -  RESULT true
[INFO ][2015-11-09 10:56:38,923][com.java.SeleniumDriver] [ 1066] - ?   P A S S   ?
[INFO ][2015-11-09 10:56:38,923][com.java.SeleniumDriver] [  788] - ------------------------------------------
[INFO ][2015-11-09 10:56:38,923][com.java.SeleniumDriver] [  789] - Test case being Executed: 7
[INFO ][2015-11-09 10:56:38,923][com.java.SeleniumDriver] [  800] - Test step:36
[INFO ][2015-11-09 10:56:38,923][com.java.SeleniumDriver] [  812] - Datavalue is----------null
[DEBUG][2015-11-09 10:56:38,923][com.java.SeleniumDriver] [  830] - Exception: null
[INFO ][2015-11-09 10:56:38,923][com.java.SeleniumDriver] [  836] - DataField : BTNparent
[INFO ][2015-11-09 10:56:38,923][com.java.SeleniumDriver] [  838] - DataValue : 
[INFO ][2015-11-09 10:56:38,923][com.java.SeleniumDriver] [  844] - <In Set values of the page>
[INFO ][2015-11-09 10:56:38,924][com.java.SeleniumDriver] [  847] - {Data Fields & Data Values Exist}
[INFO ][2015-11-09 10:56:38,924][com.java.SeleniumDriver] [  849] - --------------------------setting values-----------------------------
[INFO ][2015-11-09 10:56:38,924][com.java.SeleniumDriver] [  852] - Action Type : SelectFrame
[INFO ][2015-11-09 10:56:38,937][com.java.SeleniumDriver] [  861] -  RESULT true
[INFO ][2015-11-09 10:56:38,937][com.java.SeleniumDriver] [ 1066] - ?   P A S S   ?
[INFO ][2015-11-09 10:56:38,937][com.java.SeleniumDriver] [  788] - ------------------------------------------
[INFO ][2015-11-09 10:56:38,937][com.java.SeleniumDriver] [  789] - Test case being Executed: 7
[INFO ][2015-11-09 10:56:38,937][com.java.SeleniumDriver] [  800] - Test step:37
[INFO ][2015-11-09 10:56:38,937][com.java.SeleniumDriver] [  812] - Datavalue is----------null
[DEBUG][2015-11-09 10:56:38,937][com.java.SeleniumDriver] [  830] - Exception: null
[INFO ][2015-11-09 10:56:38,937][com.java.SeleniumDriver] [  836] - DataField : XPH//span[contains(text(), 'Finished')]
[INFO ][2015-11-09 10:56:38,937][com.java.SeleniumDriver] [  838] - DataValue : 
[INFO ][2015-11-09 10:56:38,937][com.java.SeleniumDriver] [  844] - <In Set values of the page>
[INFO ][2015-11-09 10:56:38,937][com.java.SeleniumDriver] [  847] - {Data Fields & Data Values Exist}
[INFO ][2015-11-09 10:56:38,937][com.java.SeleniumDriver] [  849] - --------------------------setting values-----------------------------
[INFO ][2015-11-09 10:56:38,938][com.java.SeleniumDriver] [  852] - Action Type : Click
[INFO ][2015-11-09 10:56:38,938][com.java.TestType] [ 4388] - Field ::XPH//span[contains(text(), 'Finished')]
[INFO ][2015-11-09 10:56:39,938][com.java.TestType] [ 4447] - BEFORE CLICK
[INFO ][2015-11-09 10:56:41,066][com.java.TestType] [ 4455] - Unable to click the object Finished button
[INFO ][2015-11-09 10:56:41,066][com.java.SeleniumDriver] [  861] -  RESULT true
[INFO ][2015-11-09 10:56:41,066][com.java.SeleniumDriver] [ 1066] - ?   P A S S   ?
[INFO ][2015-11-09 10:56:41,066][com.java.SeleniumDriver] [  788] - ------------------------------------------
[INFO ][2015-11-09 10:56:41,066][com.java.SeleniumDriver] [  789] - Test case being Executed: 7
[INFO ][2015-11-09 10:56:41,066][com.java.SeleniumDriver] [  800] - Test step:38
[INFO ][2015-11-09 10:56:41,066][com.java.SeleniumDriver] [  812] - Datavalue is----------Concept#3:1-2
[INFO ][2015-11-09 10:56:41,066][com.java.SeleniumDriver] [  836] - DataField : test
[INFO ][2015-11-09 10:56:41,066][com.java.SeleniumDriver] [  838] - DataValue : Concept#3:1-2
[INFO ][2015-11-09 10:56:41,066][com.java.SeleniumDriver] [  844] - <In Set values of the page>
[INFO ][2015-11-09 10:56:41,066][com.java.SeleniumDriver] [  847] - {Data Fields & Data Values Exist}
[INFO ][2015-11-09 10:56:41,066][com.java.SeleniumDriver] [  849] - --------------------------setting values-----------------------------
[INFO ][2015-11-09 10:56:41,066][com.java.SeleniumDriver] [  852] - Action Type : ExecuteTestCase
[INFO ][2015-11-09 10:56:41,067][com.java.TestType] [  420] - The Concept sheet name is ---------- Concept
[INFO ][2015-11-09 10:56:41,067][com.java.TestType] [  423] - The Concept ID  is ---------- 3
[DEBUG][2015-11-09 10:56:41,067][com.java.TestType] [  427] - Steps being executted in the Concept are: 1:2
[INFO ][2015-11-09 10:56:41,067][com.java.TestType] [  434] - Test data details path ---------- D:\BankersDashboard\TestInputs\TestData.xls
[INFO ][2015-11-09 10:56:41,097][com.java.TestType] [  465] -  str(1) = 3
[INFO ][2015-11-09 10:56:41,097][com.java.TestType] [  468] - Test case Id is---3
[INFO ][2015-11-09 10:56:41,097][com.java.TestType] [  470] - 3
[INFO ][2015-11-09 10:56:41,097][com.java.TestType] [  465] -  str(2) = 1
[INFO ][2015-11-09 10:56:41,099][com.java.TestType] [  517] - row values are--------{1=com.java.Objects.TestDataDetails@45836a}
[INFO ][2015-11-09 10:56:41,099][com.java.TestType] [  465] -  str(1) = 3
[INFO ][2015-11-09 10:56:41,099][com.java.TestType] [  468] - Test case Id is---3
[INFO ][2015-11-09 10:56:41,099][com.java.TestType] [  470] - 3
[INFO ][2015-11-09 10:56:41,099][com.java.TestType] [  465] -  str(2) = 2
[INFO ][2015-11-09 10:56:41,100][com.java.TestType] [  517] - row values are--------{1=com.java.Objects.TestDataDetails@45836a, 2=com.java.Objects.TestDataDetails@82af41}
[INFO ][2015-11-09 10:56:41,100][com.java.TestType] [ 8225] - Looping 1TCID = 3
[DEBUG][2015-11-09 10:56:41,100][com.java.TestType] [ 8266] - Concept ID:3 :: Step being Executed: 3::1
[INFO ][2015-11-09 10:56:41,100][com.java.TestType] [ 8304] - dataFields : test
[DEBUG][2015-11-09 10:56:41,100][com.java.TestType] [ 8310] - <In Set values of the page>
[DEBUG][2015-11-09 10:56:41,101][com.java.TestType] [ 8315] - {Data Fields & Data Values Exist}
[INFO ][2015-11-09 10:56:41,101][com.java.TestType] [ 8321] - --------------------------setting values-----------------------------
[INFO ][2015-11-09 10:56:41,101][com.java.TestType] [ 8324] - Action Type : Logout
[INFO ][2015-11-09 10:56:43,286][com.java.TestType] [ 4388] - Field ::CNF
[INFO ][2015-11-09 10:56:45,593][com.java.TestType] [ 4443] - Click the object confirmation
[INFO ][2015-11-09 10:56:45,593][com.java.TestType] [ 4444] - Unable to click the object confirmation
[DEBUG][2015-11-09 10:56:45,596][com.java.SeleniumDriver] [  425] - Hub ip address is-------172.17.68.34
[INFO ][2015-11-09 10:56:45,596][com.java.SeleniumDriver] [  451] - Grid URL:http://172.17.68.34:4444/wd/hub
[INFO ][2015-11-09 10:56:45,597][com.java.SeleniumDriver] [  452] - Capability:Capabilities [{platform=ANY, ensureCleanSession=true, ignoreProtectedModeSettings=true, acceptSslCerts=true, ignoreZoomSetting=true, browserName=internet explorer, browserstack.ie.noFlash=true, version=Node1}]
[ERROR][2015-11-09 10:56:46,692][com.java.SeleniumDriver] [  496] - Unable invoke browser in grid:Could not start a new session. Possible causes are invalid address of the remote server or browser start-up failure.
Build info: version: '2.48.2', revision: '41bccdd', time: '2015-10-09 19:59:12'
System info: host: 'FVTIII438F1D', ip: '172.17.68.34', os.name: 'Windows 7', os.arch: 'x86', os.version: '6.1', java.version: '1.7.0_55'
Driver info: driver.version: SeleniumDriver
[INFO ][2015-11-09 10:56:46,693][com.java.SeleniumDriver] [  498] - Executing on local machine
[INFO ][2015-11-09 10:56:55,973][com.java.TestType] [ 8343] -  RESULT true
[INFO ][2015-11-09 10:56:55,974][com.java.TestType] [ 8460] - ?   P A S S   ?
[DEBUG][2015-11-09 10:56:55,974][com.java.TestType] [ 8266] - Concept ID:3 :: Step being Executed: 3::2
[INFO ][2015-11-09 10:56:55,974][com.java.TestType] [ 8304] - dataFields : test
[DEBUG][2015-11-09 10:56:55,974][com.java.TestType] [ 8310] - <In Set values of the page>
[DEBUG][2015-11-09 10:56:55,974][com.java.TestType] [ 8315] - {Data Fields & Data Values Exist}
[INFO ][2015-11-09 10:56:55,974][com.java.TestType] [ 8321] - --------------------------setting values-----------------------------
[INFO ][2015-11-09 10:56:55,974][com.java.TestType] [ 8324] - Action Type : WaitTime
[DEBUG][2015-11-09 10:56:55,974][com.java.TestType] [ 3911] - sleepTime: 2000
[INFO ][2015-11-09 10:56:57,974][com.java.TestType] [ 8343] -  RESULT true
[INFO ][2015-11-09 10:56:57,974][com.java.TestType] [ 8460] - ?   P A S S   ?
[INFO ][2015-11-09 10:56:57,974][com.java.TestType] [ 8531] - Looping End......
[INFO ][2015-11-09 10:56:57,978][com.java.SeleniumDriver] [  861] -  RESULT true
[INFO ][2015-11-09 10:56:57,978][com.java.SeleniumDriver] [ 1066] - ?   P A S S   ?
[INFO ][2015-11-09 10:56:57,978][com.java.SeleniumDriver] [  788] - ------------------------------------------
[INFO ][2015-11-09 10:56:57,978][com.java.SeleniumDriver] [  789] - Test case being Executed: 7
[INFO ][2015-11-09 10:56:57,978][com.java.SeleniumDriver] [  800] - Test step:39
[INFO ][2015-11-09 10:56:57,978][com.java.SeleniumDriver] [  812] - Datavalue is----------HMVLogin_username
[INFO ][2015-11-09 10:56:57,978][com.java.SeleniumDriver] [  836] - DataField : TXTusername
[INFO ][2015-11-09 10:56:57,978][com.java.SeleniumDriver] [  838] - DataValue : HMVLogin_username
[INFO ][2015-11-09 10:56:57,979][com.java.SeleniumDriver] [  844] - <In Set values of the page>
[INFO ][2015-11-09 10:56:57,979][com.java.SeleniumDriver] [  847] - {Data Fields & Data Values Exist}
[INFO ][2015-11-09 10:56:57,979][com.java.SeleniumDriver] [  849] - --------------------------setting values-----------------------------
[INFO ][2015-11-09 10:56:57,979][com.java.SeleniumDriver] [  852] - Action Type : CLEARANDENTER
[INFO ][2015-11-09 10:56:57,979][com.java.TestType] [ 4075] - value = vltest.robot.03890
[INFO ][2015-11-09 10:57:02,765][com.java.SeleniumDriver] [  861] -  RESULT true
[INFO ][2015-11-09 10:57:02,765][com.java.SeleniumDriver] [ 1066] - ?   P A S S   ?
[INFO ][2015-11-09 10:57:02,765][com.java.SeleniumDriver] [  788] - ------------------------------------------
[INFO ][2015-11-09 10:57:02,765][com.java.SeleniumDriver] [  789] - Test case being Executed: 7
[INFO ][2015-11-09 10:57:02,765][com.java.SeleniumDriver] [  800] - Test step:40
[INFO ][2015-11-09 10:57:02,765][com.java.SeleniumDriver] [  812] - Datavalue is----------dt:NewUserPswd
[INFO ][2015-11-09 10:57:02,765][com.java.SeleniumDriver] [  836] - DataField : TXTpassword
[INFO ][2015-11-09 10:57:02,765][com.java.SeleniumDriver] [  838] - DataValue : dt:NewUserPswd
[INFO ][2015-11-09 10:57:02,765][com.java.SeleniumDriver] [  844] - <In Set values of the page>
[INFO ][2015-11-09 10:57:02,765][com.java.SeleniumDriver] [  847] - {Data Fields & Data Values Exist}
[INFO ][2015-11-09 10:57:02,765][com.java.SeleniumDriver] [  849] - --------------------------setting values-----------------------------
[INFO ][2015-11-09 10:57:02,766][com.java.SeleniumDriver] [  852] - Action Type : CLEARANDENTER
[INFO ][2015-11-09 10:57:02,766][com.java.TestType] [ 4075] - value = Password1*
[INFO ][2015-11-09 10:57:07,678][com.java.SeleniumDriver] [  861] -  RESULT true
[INFO ][2015-11-09 10:57:07,678][com.java.SeleniumDriver] [ 1066] - ?   P A S S   ?
[INFO ][2015-11-09 10:57:07,678][com.java.SeleniumDriver] [  788] - ------------------------------------------
[INFO ][2015-11-09 10:57:07,678][com.java.SeleniumDriver] [  789] - Test case being Executed: 7
[INFO ][2015-11-09 10:57:07,678][com.java.SeleniumDriver] [  800] - Test step:41
[INFO ][2015-11-09 10:57:07,679][com.java.SeleniumDriver] [  812] - Datavalue is----------null
[DEBUG][2015-11-09 10:57:07,679][com.java.SeleniumDriver] [  830] - Exception: null
[INFO ][2015-11-09 10:57:07,679][com.java.SeleniumDriver] [  836] - DataField : XPH//button[@type='submit']
[INFO ][2015-11-09 10:57:07,679][com.java.SeleniumDriver] [  838] - DataValue : 
[INFO ][2015-11-09 10:57:07,679][com.java.SeleniumDriver] [  844] - <In Set values of the page>
[INFO ][2015-11-09 10:57:07,679][com.java.SeleniumDriver] [  847] - {Data Fields & Data Values Exist}
[INFO ][2015-11-09 10:57:07,679][com.java.SeleniumDriver] [  849] - --------------------------setting values-----------------------------
[INFO ][2015-11-09 10:57:07,679][com.java.SeleniumDriver] [  852] - Action Type : Click
[INFO ][2015-11-09 10:57:07,679][com.java.TestType] [ 4388] - Field ::XPH//button[@type='submit']
[INFO ][2015-11-09 10:57:08,679][com.java.TestType] [ 4447] - BEFORE CLICK
[INFO ][2015-11-09 10:57:09,622][com.java.TestType] [ 4455] - Unable to click the object Login
[INFO ][2015-11-09 10:57:09,622][com.java.SeleniumDriver] [  861] -  RESULT true
[INFO ][2015-11-09 10:57:09,622][com.java.SeleniumDriver] [ 1066] - ?   P A S S   ?
[INFO ][2015-11-09 10:57:09,622][com.java.SeleniumDriver] [  788] - ------------------------------------------
[INFO ][2015-11-09 10:57:09,622][com.java.SeleniumDriver] [  789] - Test case being Executed: 7
[INFO ][2015-11-09 10:57:09,622][com.java.SeleniumDriver] [  800] - Test step:42
[INFO ][2015-11-09 10:57:09,622][com.java.SeleniumDriver] [  812] - Datavalue is----------null
[DEBUG][2015-11-09 10:57:09,622][com.java.SeleniumDriver] [  830] - Exception: null
[INFO ][2015-11-09 10:57:09,622][com.java.SeleniumDriver] [  836] - DataField : test
[INFO ][2015-11-09 10:57:09,622][com.java.SeleniumDriver] [  838] - DataValue : 
[INFO ][2015-11-09 10:57:09,622][com.java.SeleniumDriver] [  844] - <In Set values of the page>
[INFO ][2015-11-09 10:57:09,622][com.java.SeleniumDriver] [  847] - {Data Fields & Data Values Exist}
[INFO ][2015-11-09 10:57:09,622][com.java.SeleniumDriver] [  849] - --------------------------setting values-----------------------------
[INFO ][2015-11-09 10:57:09,623][com.java.SeleniumDriver] [  852] - Action Type : WaitTime
[DEBUG][2015-11-09 10:57:09,623][com.java.TestType] [ 3911] - sleepTime: 10000
[INFO ][2015-11-09 10:57:19,623][com.java.SeleniumDriver] [  861] -  RESULT true
[INFO ][2015-11-09 10:57:19,623][com.java.SeleniumDriver] [ 1066] - ?   P A S S   ?
[INFO ][2015-11-09 10:57:19,623][com.java.SeleniumDriver] [  788] - ------------------------------------------
[INFO ][2015-11-09 10:57:19,623][com.java.SeleniumDriver] [  789] - Test case being Executed: 7
[INFO ][2015-11-09 10:57:19,623][com.java.SeleniumDriver] [  800] - Test step:43
[INFO ][2015-11-09 10:57:19,623][com.java.SeleniumDriver] [  812] - Datavalue is----------Banker'sDashboard
[INFO ][2015-11-09 10:57:19,623][com.java.SeleniumDriver] [  836] - DataField : TTL
[INFO ][2015-11-09 10:57:19,623][com.java.SeleniumDriver] [  838] - DataValue : Banker'sDashboard
[INFO ][2015-11-09 10:57:19,623][com.java.SeleniumDriver] [  844] - <In Set values of the page>
[INFO ][2015-11-09 10:57:19,623][com.java.SeleniumDriver] [  847] - {Data Fields & Data Values Exist}
[INFO ][2015-11-09 10:57:19,623][com.java.SeleniumDriver] [  849] - --------------------------setting values-----------------------------
[INFO ][2015-11-09 10:57:19,623][com.java.SeleniumDriver] [  852] - Action Type : SelectWindow
[INFO ][2015-11-09 10:57:32,214][com.java.SeleniumDriver] [  861] -  RESULT true
[INFO ][2015-11-09 10:57:32,214][com.java.SeleniumDriver] [ 1066] - ?   P A S S   ?
[INFO ][2015-11-09 10:57:32,214][com.java.SeleniumDriver] [  788] - ------------------------------------------
[INFO ][2015-11-09 10:57:32,214][com.java.SeleniumDriver] [  789] - Test case being Executed: 7
[INFO ][2015-11-09 10:57:32,214][com.java.SeleniumDriver] [  800] - Test step:44
[INFO ][2015-11-09 10:57:32,214][com.java.SeleniumDriver] [  812] - Datavalue is----------20
[INFO ][2015-11-09 10:57:32,214][com.java.SeleniumDriver] [  836] - DataField : test
[INFO ][2015-11-09 10:57:32,214][com.java.SeleniumDriver] [  838] - DataValue : 20
[INFO ][2015-11-09 10:57:32,214][com.java.SeleniumDriver] [  844] - <In Set values of the page>
[INFO ][2015-11-09 10:57:32,214][com.java.SeleniumDriver] [  847] - {Data Fields & Data Values Exist}
[INFO ][2015-11-09 10:57:32,214][com.java.SeleniumDriver] [  849] - --------------------------setting values-----------------------------
[INFO ][2015-11-09 10:57:32,215][com.java.SeleniumDriver] [  852] - Action Type : WaitTime
[DEBUG][2015-11-09 10:57:32,215][com.java.TestType] [ 3911] - sleepTime: 20000
[INFO ][2015-11-09 10:57:52,214][com.java.SeleniumDriver] [  861] -  RESULT true
[INFO ][2015-11-09 10:57:52,214][com.java.SeleniumDriver] [ 1066] - ?   P A S S   ?
[INFO ][2015-11-09 10:57:52,214][com.java.SeleniumDriver] [  788] - ------------------------------------------
[INFO ][2015-11-09 10:57:52,214][com.java.SeleniumDriver] [  789] - Test case being Executed: 7
[INFO ][2015-11-09 10:57:52,214][com.java.SeleniumDriver] [  800] - Test step:45
[INFO ][2015-11-09 10:57:52,214][com.java.SeleniumDriver] [  812] - Datavalue is----------null
[DEBUG][2015-11-09 10:57:52,214][com.java.SeleniumDriver] [  830] - Exception: null
[INFO ][2015-11-09 10:57:52,214][com.java.SeleniumDriver] [  836] - DataField : //span[@class='icon-cog2']&&//a[@data-id="UserSettings"]
[INFO ][2015-11-09 10:57:52,214][com.java.SeleniumDriver] [  838] - DataValue : 
[INFO ][2015-11-09 10:57:52,214][com.java.SeleniumDriver] [  844] - <In Set values of the page>
[INFO ][2015-11-09 10:57:52,214][com.java.SeleniumDriver] [  847] - {Data Fields & Data Values Exist}
[INFO ][2015-11-09 10:57:52,214][com.java.SeleniumDriver] [  849] - --------------------------setting values-----------------------------
[INFO ][2015-11-09 10:57:52,215][com.java.SeleniumDriver] [  852] - Action Type : MouseOver
[INFO ][2015-11-09 10:58:54,106][com.java.SeleniumDriver] [  861] -  RESULT true
[INFO ][2015-11-09 10:58:54,107][com.java.SeleniumDriver] [ 1066] - ?   P A S S   ?
[INFO ][2015-11-09 10:58:54,107][com.java.SeleniumDriver] [  788] - ------------------------------------------
[INFO ][2015-11-09 10:58:54,107][com.java.SeleniumDriver] [  789] - Test case being Executed: 7
[INFO ][2015-11-09 10:58:54,107][com.java.SeleniumDriver] [  800] - Test step:46
[INFO ][2015-11-09 10:58:54,107][com.java.SeleniumDriver] [  812] - Datavalue is----------null
[DEBUG][2015-11-09 10:58:54,108][com.java.SeleniumDriver] [  830] - Exception: null
[INFO ][2015-11-09 10:58:54,108][com.java.SeleniumDriver] [  836] - DataField : BTNframeDialogContent
[INFO ][2015-11-09 10:58:54,108][com.java.SeleniumDriver] [  838] - DataValue : 
[INFO ][2015-11-09 10:58:54,108][com.java.SeleniumDriver] [  844] - <In Set values of the page>
[INFO ][2015-11-09 10:58:54,108][com.java.SeleniumDriver] [  847] - {Data Fields & Data Values Exist}
[INFO ][2015-11-09 10:58:54,108][com.java.SeleniumDriver] [  849] - --------------------------setting values-----------------------------
[INFO ][2015-11-09 10:58:54,108][com.java.SeleniumDriver] [  852] - Action Type : WaitForElement
[INFO ][2015-11-09 10:58:55,296][com.java.SeleniumDriver] [  861] -  RESULT true
[INFO ][2015-11-09 10:58:55,297][com.java.SeleniumDriver] [ 1066] - ?   P A S S   ?
[INFO ][2015-11-09 10:58:55,297][com.java.SeleniumDriver] [  788] - ------------------------------------------
[INFO ][2015-11-09 10:58:55,297][com.java.SeleniumDriver] [  789] - Test case being Executed: 7
[INFO ][2015-11-09 10:58:55,297][com.java.SeleniumDriver] [  800] - Test step:47
[INFO ][2015-11-09 10:58:55,297][com.java.SeleniumDriver] [  812] - Datavalue is----------frameDialogContent
[INFO ][2015-11-09 10:58:55,297][com.java.SeleniumDriver] [  836] - DataField : BTN
[INFO ][2015-11-09 10:58:55,297][com.java.SeleniumDriver] [  838] - DataValue : frameDialogContent
[INFO ][2015-11-09 10:58:55,297][com.java.SeleniumDriver] [  844] - <In Set values of the page>
[INFO ][2015-11-09 10:58:55,297][com.java.SeleniumDriver] [  847] - {Data Fields & Data Values Exist}
[INFO ][2015-11-09 10:58:55,297][com.java.SeleniumDriver] [  849] - --------------------------setting values-----------------------------
[INFO ][2015-11-09 10:58:55,297][com.java.SeleniumDriver] [  852] - Action Type : SELECTFRAMEBYNAME
[INFO ][2015-11-09 10:58:55,297][com.java.TestType] [ 4075] - value = frameDialogContent
[INFO ][2015-11-09 10:58:55,363][com.java.SeleniumDriver] [  861] -  RESULT true
[INFO ][2015-11-09 10:58:55,363][com.java.SeleniumDriver] [ 1066] - ?   P A S S   ?
[INFO ][2015-11-09 10:58:55,363][com.java.SeleniumDriver] [  788] - ------------------------------------------
[INFO ][2015-11-09 10:58:55,363][com.java.SeleniumDriver] [  789] - Test case being Executed: 7
[INFO ][2015-11-09 10:58:55,363][com.java.SeleniumDriver] [  800] - Test step:48
[INFO ][2015-11-09 10:58:55,363][com.java.SeleniumDriver] [  812] - Datavalue is----------No
[INFO ][2015-11-09 10:58:55,363][com.java.SeleniumDriver] [  836] - DataField : SLBddlOpenBDInNewWindow
[INFO ][2015-11-09 10:58:55,363][com.java.SeleniumDriver] [  838] - DataValue : No
[INFO ][2015-11-09 10:58:55,363][com.java.SeleniumDriver] [  844] - <In Set values of the page>
[INFO ][2015-11-09 10:58:55,363][com.java.SeleniumDriver] [  847] - {Data Fields & Data Values Exist}
[INFO ][2015-11-09 10:58:55,363][com.java.SeleniumDriver] [  849] - --------------------------setting values-----------------------------
[INFO ][2015-11-09 10:58:55,364][com.java.SeleniumDriver] [  852] - Action Type : Select
[INFO ][2015-11-09 10:58:55,364][com.java.TestType] [ 4075] - value = No
[INFO ][2015-11-09 10:58:57,632][com.java.SeleniumDriver] [  861] -  RESULT true
[INFO ][2015-11-09 10:58:57,632][com.java.SeleniumDriver] [ 1066] - ?   P A S S   ?
[INFO ][2015-11-09 10:58:57,633][com.java.SeleniumDriver] [  788] - ------------------------------------------
[INFO ][2015-11-09 10:58:57,633][com.java.SeleniumDriver] [  789] - Test case being Executed: 7
[INFO ][2015-11-09 10:58:57,633][com.java.SeleniumDriver] [  800] - Test step:49
[INFO ][2015-11-09 10:58:57,633][com.java.SeleniumDriver] [  812] - Datavalue is----------null
[DEBUG][2015-11-09 10:58:57,634][com.java.SeleniumDriver] [  830] - Exception: null
[INFO ][2015-11-09 10:58:57,634][com.java.SeleniumDriver] [  836] - DataField : BTNparent
[INFO ][2015-11-09 10:58:57,634][com.java.SeleniumDriver] [  838] - DataValue : 
[INFO ][2015-11-09 10:58:57,634][com.java.SeleniumDriver] [  844] - <In Set values of the page>
[INFO ][2015-11-09 10:58:57,634][com.java.SeleniumDriver] [  847] - {Data Fields & Data Values Exist}
[INFO ][2015-11-09 10:58:57,634][com.java.SeleniumDriver] [  849] - --------------------------setting values-----------------------------
[INFO ][2015-11-09 10:58:57,634][com.java.SeleniumDriver] [  852] - Action Type : SELECTFRAME
[INFO ][2015-11-09 10:58:57,657][com.java.SeleniumDriver] [  861] -  RESULT true
[INFO ][2015-11-09 10:58:57,657][com.java.SeleniumDriver] [ 1066] - ?   P A S S   ?
[INFO ][2015-11-09 10:58:57,657][com.java.SeleniumDriver] [  788] - ------------------------------------------
[INFO ][2015-11-09 10:58:57,657][com.java.SeleniumDriver] [  789] - Test case being Executed: 7
[INFO ][2015-11-09 10:58:57,657][com.java.SeleniumDriver] [  800] - Test step:50
[INFO ][2015-11-09 10:58:57,657][com.java.SeleniumDriver] [  812] - Datavalue is----------null
[DEBUG][2015-11-09 10:58:57,657][com.java.SeleniumDriver] [  830] - Exception: null
[INFO ][2015-11-09 10:58:57,657][com.java.SeleniumDriver] [  836] - DataField : BTN//span[text()='Finished']
[INFO ][2015-11-09 10:58:57,657][com.java.SeleniumDriver] [  838] - DataValue : 
[INFO ][2015-11-09 10:58:57,657][com.java.SeleniumDriver] [  844] - <In Set values of the page>
[INFO ][2015-11-09 10:58:57,657][com.java.SeleniumDriver] [  847] - {Data Fields & Data Values Exist}
[INFO ][2015-11-09 10:58:57,657][com.java.SeleniumDriver] [  849] - --------------------------setting values-----------------------------
[INFO ][2015-11-09 10:58:57,657][com.java.SeleniumDriver] [  852] - Action Type : Click
[INFO ][2015-11-09 10:58:57,658][com.java.TestType] [ 4388] - Field ::BTN//span[text()='Finished']
[INFO ][2015-11-09 10:58:58,658][com.java.TestType] [ 4426] - BEFORE CLICK
[INFO ][2015-11-09 10:58:58,883][com.java.TestType] [ 4433] - Unable to click the object Finished button
[INFO ][2015-11-09 10:58:58,883][com.java.SeleniumDriver] [  861] -  RESULT true
[INFO ][2015-11-09 10:58:58,883][com.java.SeleniumDriver] [ 1066] - ?   P A S S   ?
[INFO ][2015-11-09 10:58:58,883][com.java.SeleniumDriver] [  788] - ------------------------------------------
[INFO ][2015-11-09 10:58:58,883][com.java.SeleniumDriver] [  789] - Test case being Executed: 7
[INFO ][2015-11-09 10:58:58,883][com.java.SeleniumDriver] [  800] - Test step:51
[INFO ][2015-11-09 10:58:58,883][com.java.SeleniumDriver] [  812] - Datavalue is----------Logout
[INFO ][2015-11-09 10:58:58,883][com.java.SeleniumDriver] [  836] - DataField : LNK
[INFO ][2015-11-09 10:58:58,883][com.java.SeleniumDriver] [  838] - DataValue : Logout
[INFO ][2015-11-09 10:58:58,883][com.java.SeleniumDriver] [  844] - <In Set values of the page>
[INFO ][2015-11-09 10:58:58,883][com.java.SeleniumDriver] [  847] - {Data Fields & Data Values Exist}
[INFO ][2015-11-09 10:58:58,883][com.java.SeleniumDriver] [  849] - --------------------------setting values-----------------------------
[INFO ][2015-11-09 10:58:58,883][com.java.SeleniumDriver] [  852] - Action Type : Verify
[INFO ][2015-11-09 10:58:58,884][com.java.TestType] [ 5201] - field= LNK value= Logout
[INFO ][2015-11-09 10:58:58,884][com.java.TestType] [ 4075] - value = Logout
[INFO ][2015-11-09 10:58:58,926][com.java.SeleniumDriver] [  861] -  RESULT true
[INFO ][2015-11-09 10:58:58,926][com.java.SeleniumDriver] [ 1066] - ?   P A S S   ?
[INFO ][2015-11-09 10:58:58,926][com.java.SeleniumDriver] [  788] - ------------------------------------------
[INFO ][2015-11-09 10:58:58,926][com.java.SeleniumDriver] [  789] - Test case being Executed: 7
[INFO ][2015-11-09 10:58:58,926][com.java.SeleniumDriver] [  800] - Test step:52
[INFO ][2015-11-09 10:58:58,926][com.java.SeleniumDriver] [  812] - Datavalue is----------//img[contains(@src,'bdlogo.jpg')]
[INFO ][2015-11-09 10:58:58,926][com.java.SeleniumDriver] [  836] - DataField : BTN
[INFO ][2015-11-09 10:58:58,926][com.java.SeleniumDriver] [  838] - DataValue : //img[contains(@src,'bdlogo.jpg')]
[INFO ][2015-11-09 10:58:58,926][com.java.SeleniumDriver] [  844] - <In Set values of the page>
[INFO ][2015-11-09 10:58:58,926][com.java.SeleniumDriver] [  847] - {Data Fields & Data Values Exist}
[INFO ][2015-11-09 10:58:58,927][com.java.SeleniumDriver] [  849] - --------------------------setting values-----------------------------
[INFO ][2015-11-09 10:58:58,927][com.java.SeleniumDriver] [  852] - Action Type : Verify
[INFO ][2015-11-09 10:58:58,927][com.java.TestType] [ 5201] - field= BTN value= //img[contains(@src,'bdlogo.jpg')]
[INFO ][2015-11-09 10:58:58,927][com.java.TestType] [ 4075] - value = //img[contains(@src,'bdlogo.jpg')]
[INFO ][2015-11-09 10:58:58,969][com.java.SeleniumDriver] [  861] -  RESULT true
[INFO ][2015-11-09 10:58:58,969][com.java.SeleniumDriver] [ 1066] - ?   P A S S   ?
[INFO ][2015-11-09 10:58:58,969][com.java.SeleniumDriver] [  788] - ------------------------------------------
[INFO ][2015-11-09 10:58:58,969][com.java.SeleniumDriver] [  789] - Test case being Executed: 7
[INFO ][2015-11-09 10:58:58,969][com.java.SeleniumDriver] [  800] - Test step:53
[INFO ][2015-11-09 10:58:58,969][com.java.SeleniumDriver] [  812] - Datavalue is----------null
[DEBUG][2015-11-09 10:58:58,969][com.java.SeleniumDriver] [  830] - Exception: null
[INFO ][2015-11-09 10:58:58,969][com.java.SeleniumDriver] [  836] - DataField : null
[INFO ][2015-11-09 10:58:58,969][com.java.SeleniumDriver] [  838] - DataValue : 
[INFO ][2015-11-09 10:58:58,970][com.java.SeleniumDriver] [  844] - <In Set values of the page>
[INFO ][2015-11-09 10:58:58,970][com.java.SeleniumDriver] [  847] - {Data Fields & Data Values Exist}
[INFO ][2015-11-09 10:58:58,970][com.java.SeleniumDriver] [  849] - --------------------------setting values-----------------------------
[INFO ][2015-11-09 10:58:58,970][com.java.SeleniumDriver] [  852] - Action Type : OPENNEWBROWSER
[DEBUG][2015-11-09 10:59:04,452][com.java.SeleniumDriver] [  425] - Hub ip address is-------172.17.68.34
[INFO ][2015-11-09 10:59:04,452][com.java.SeleniumDriver] [  451] - Grid URL:http://172.17.68.34:4444/wd/hub
[INFO ][2015-11-09 10:59:04,452][com.java.SeleniumDriver] [  452] - Capability:Capabilities [{platform=ANY, ensureCleanSession=true, ignoreProtectedModeSettings=true, acceptSslCerts=true, ignoreZoomSetting=true, browserName=internet explorer, browserstack.ie.noFlash=true, version=Node1}]
[ERROR][2015-11-09 10:59:05,456][com.java.SeleniumDriver] [  496] - Unable invoke browser in grid:Could not start a new session. Possible causes are invalid address of the remote server or browser start-up failure.
Build info: version: '2.48.2', revision: '41bccdd', time: '2015-10-09 19:59:12'
System info: host: 'FVTIII438F1D', ip: '172.17.68.34', os.name: 'Windows 7', os.arch: 'x86', os.version: '6.1', java.version: '1.7.0_55'
Driver info: driver.version: SeleniumDriver
[INFO ][2015-11-09 10:59:05,457][com.java.SeleniumDriver] [  498] - Executing on local machine
[INFO ][2015-11-09 10:59:14,743][com.java.SeleniumDriver] [  861] -  RESULT true
[INFO ][2015-11-09 10:59:14,743][com.java.SeleniumDriver] [ 1066] - ?   P A S S   ?
[INFO ][2015-11-09 10:59:14,743][com.java.SeleniumDriver] [  788] - ------------------------------------------
[INFO ][2015-11-09 10:59:14,744][com.java.SeleniumDriver] [  789] - Test case being Executed: 7
[INFO ][2015-11-09 10:59:14,744][com.java.SeleniumDriver] [  800] - Test step:54
[INFO ][2015-11-09 10:59:14,744][com.java.SeleniumDriver] [  812] - Datavalue is----------Concept#1:1-14
[INFO ][2015-11-09 10:59:14,744][com.java.SeleniumDriver] [  836] - DataField : test
[INFO ][2015-11-09 10:59:14,744][com.java.SeleniumDriver] [  838] - DataValue : Concept#1:1-14
[INFO ][2015-11-09 10:59:14,744][com.java.SeleniumDriver] [  844] - <In Set values of the page>
[INFO ][2015-11-09 10:59:14,744][com.java.SeleniumDriver] [  847] - {Data Fields & Data Values Exist}
[INFO ][2015-11-09 10:59:14,744][com.java.SeleniumDriver] [  849] - --------------------------setting values-----------------------------
[INFO ][2015-11-09 10:59:14,744][com.java.SeleniumDriver] [  852] - Action Type : ExecuteTestCase
[INFO ][2015-11-09 10:59:14,744][com.java.TestType] [  420] - The Concept sheet name is ---------- Concept
[INFO ][2015-11-09 10:59:14,744][com.java.TestType] [  423] - The Concept ID  is ---------- 1
[DEBUG][2015-11-09 10:59:14,744][com.java.TestType] [  427] - Steps being executted in the Concept are: 1:14
[INFO ][2015-11-09 10:59:14,744][com.java.TestType] [  434] - Test data details path ---------- D:\BankersDashboard\TestInputs\TestData.xls
[INFO ][2015-11-09 10:59:14,776][com.java.TestType] [  465] -  str(1) = 1
[INFO ][2015-11-09 10:59:14,776][com.java.TestType] [  468] - Test case Id is---1
[INFO ][2015-11-09 10:59:14,776][com.java.TestType] [  470] - 1
[INFO ][2015-11-09 10:59:14,777][com.java.TestType] [  465] -  str(2) = 1
[INFO ][2015-11-09 10:59:14,778][com.java.TestType] [  517] - row values are--------{1=com.java.Objects.TestDataDetails@146dbd4}
[INFO ][2015-11-09 10:59:14,778][com.java.TestType] [  465] -  str(1) = 1
[INFO ][2015-11-09 10:59:14,778][com.java.TestType] [  468] - Test case Id is---1
[INFO ][2015-11-09 10:59:14,778][com.java.TestType] [  470] - 1
[INFO ][2015-11-09 10:59:14,778][com.java.TestType] [  465] -  str(2) = 2
[INFO ][2015-11-09 10:59:14,779][com.java.TestType] [  517] - row values are--------{1=com.java.Objects.TestDataDetails@146dbd4, 2=com.java.Objects.TestDataDetails@3256ca}
[INFO ][2015-11-09 10:59:14,779][com.java.TestType] [  465] -  str(1) = 1
[INFO ][2015-11-09 10:59:14,779][com.java.TestType] [  468] - Test case Id is---1
[INFO ][2015-11-09 10:59:14,779][com.java.TestType] [  470] - 1
[INFO ][2015-11-09 10:59:14,779][com.java.TestType] [  465] -  str(2) = 3
[INFO ][2015-11-09 10:59:14,779][com.java.TestType] [  517] - row values are--------{1=com.java.Objects.TestDataDetails@146dbd4, 2=com.java.Objects.TestDataDetails@3256ca, 3=com.java.Objects.TestDataDetails@107fb94}
[INFO ][2015-11-09 10:59:14,780][com.java.TestType] [  465] -  str(1) = 1
[INFO ][2015-11-09 10:59:14,780][com.java.TestType] [  468] - Test case Id is---1
[INFO ][2015-11-09 10:59:14,780][com.java.TestType] [  470] - 1
[INFO ][2015-11-09 10:59:14,780][com.java.TestType] [  465] -  str(2) = 4
[INFO ][2015-11-09 10:59:14,780][com.java.TestType] [  517] - row values are--------{1=com.java.Objects.TestDataDetails@146dbd4, 2=com.java.Objects.TestDataDetails@3256ca, 3=com.java.Objects.TestDataDetails@107fb94, 4=com.java.Objects.TestDataDetails@dd7bee}
[INFO ][2015-11-09 10:59:14,780][com.java.TestType] [  465] -  str(1) = 1
[INFO ][2015-11-09 10:59:14,780][com.java.TestType] [  468] - Test case Id is---1
[INFO ][2015-11-09 10:59:14,781][com.java.TestType] [  470] - 1
[INFO ][2015-11-09 10:59:14,781][com.java.TestType] [  465] -  str(2) = 5
[INFO ][2015-11-09 10:59:14,781][com.java.TestType] [  517] - row values are--------{1=com.java.Objects.TestDataDetails@146dbd4, 2=com.java.Objects.TestDataDetails@3256ca, 3=com.java.Objects.TestDataDetails@107fb94, 4=com.java.Objects.TestDataDetails@dd7bee, 5=com.java.Objects.TestDataDetails@f6a16b}
[INFO ][2015-11-09 10:59:14,781][com.java.TestType] [  465] -  str(1) = 1
[INFO ][2015-11-09 10:59:14,781][com.java.TestType] [  468] - Test case Id is---1
[INFO ][2015-11-09 10:59:14,781][com.java.TestType] [  470] - 1
[INFO ][2015-11-09 10:59:14,781][com.java.TestType] [  465] -  str(2) = 6
[INFO ][2015-11-09 10:59:14,782][com.java.TestType] [  517] - row values are--------{1=com.java.Objects.TestDataDetails@146dbd4, 2=com.java.Objects.TestDataDetails@3256ca, 3=com.java.Objects.TestDataDetails@107fb94, 4=com.java.Objects.TestDataDetails@dd7bee, 5=com.java.Objects.TestDataDetails@f6a16b, 6=com.java.Objects.TestDataDetails@8c9e8d}
[INFO ][2015-11-09 10:59:14,782][com.java.TestType] [  465] -  str(1) = 1
[INFO ][2015-11-09 10:59:14,782][com.java.TestType] [  468] - Test case Id is---1
[INFO ][2015-11-09 10:59:14,782][com.java.TestType] [  470] - 1
[INFO ][2015-11-09 10:59:14,782][com.java.TestType] [  465] -  str(2) = 7
[INFO ][2015-11-09 10:59:14,784][com.java.TestType] [  517] - row values are--------{1=com.java.Objects.TestDataDetails@146dbd4, 2=com.java.Objects.TestDataDetails@3256ca, 3=com.java.Objects.TestDataDetails@107fb94, 4=com.java.Objects.TestDataDetails@dd7bee, 5=com.java.Objects.TestDataDetails@f6a16b, 6=com.java.Objects.TestDataDetails@8c9e8d, 7=com.java.Objects.TestDataDetails@80a54a}
[INFO ][2015-11-09 10:59:14,784][com.java.TestType] [  465] -  str(1) = 1
[INFO ][2015-11-09 10:59:14,784][com.java.TestType] [  468] - Test case Id is---1
[INFO ][2015-11-09 10:59:14,784][com.java.TestType] [  470] - 1
[INFO ][2015-11-09 10:59:14,784][com.java.TestType] [  465] -  str(2) = 8
[INFO ][2015-11-09 10:59:14,784][com.java.TestType] [  517] - row values are--------{1=com.java.Objects.TestDataDetails@146dbd4, 2=com.java.Objects.TestDataDetails@3256ca, 3=com.java.Objects.TestDataDetails@107fb94, 4=com.java.Objects.TestDataDetails@dd7bee, 5=com.java.Objects.TestDataDetails@f6a16b, 6=com.java.Objects.TestDataDetails@8c9e8d, 7=com.java.Objects.TestDataDetails@80a54a, 8=com.java.Objects.TestDataDetails@1abec22}
[INFO ][2015-11-09 10:59:14,785][com.java.TestType] [  465] -  str(1) = 1
[INFO ][2015-11-09 10:59:14,785][com.java.TestType] [  468] - Test case Id is---1
[INFO ][2015-11-09 10:59:14,785][com.java.TestType] [  470] - 1
[INFO ][2015-11-09 10:59:14,785][com.java.TestType] [  465] -  str(2) = 9
[INFO ][2015-11-09 10:59:14,785][com.java.TestType] [  517] - row values are--------{1=com.java.Objects.TestDataDetails@146dbd4, 2=com.java.Objects.TestDataDetails@3256ca, 3=com.java.Objects.TestDataDetails@107fb94, 4=com.java.Objects.TestDataDetails@dd7bee, 5=com.java.Objects.TestDataDetails@f6a16b, 6=com.java.Objects.TestDataDetails@8c9e8d, 7=com.java.Objects.TestDataDetails@80a54a, 8=com.java.Objects.TestDataDetails@1abec22, 9=com.java.Objects.TestDataDetails@12429cc}
[INFO ][2015-11-09 10:59:14,785][com.java.TestType] [  465] -  str(1) = 1
[INFO ][2015-11-09 10:59:14,785][com.java.TestType] [  468] - Test case Id is---1
[INFO ][2015-11-09 10:59:14,786][com.java.TestType] [  470] - 1
[INFO ][2015-11-09 10:59:14,786][com.java.TestType] [  465] -  str(2) = 10
[INFO ][2015-11-09 10:59:14,786][com.java.TestType] [  517] - row values are--------{1=com.java.Objects.TestDataDetails@146dbd4, 2=com.java.Objects.TestDataDetails@3256ca, 3=com.java.Objects.TestDataDetails@107fb94, 4=com.java.Objects.TestDataDetails@dd7bee, 5=com.java.Objects.TestDataDetails@f6a16b, 6=com.java.Objects.TestDataDetails@8c9e8d, 7=com.java.Objects.TestDataDetails@80a54a, 8=com.java.Objects.TestDataDetails@1abec22, 9=com.java.Objects.TestDataDetails@12429cc, 10=com.java.Objects.TestDataDetails@196e0b0}
[INFO ][2015-11-09 10:59:14,786][com.java.TestType] [  465] -  str(1) = 1
[INFO ][2015-11-09 10:59:14,786][com.java.TestType] [  468] - Test case Id is---1
[INFO ][2015-11-09 10:59:14,786][com.java.TestType] [  470] - 1
[INFO ][2015-11-09 10:59:14,786][com.java.TestType] [  465] -  str(2) = 11
[INFO ][2015-11-09 10:59:14,787][com.java.TestType] [  517] - row values are--------{1=com.java.Objects.TestDataDetails@146dbd4, 2=com.java.Objects.TestDataDetails@3256ca, 3=com.java.Objects.TestDataDetails@107fb94, 4=com.java.Objects.TestDataDetails@dd7bee, 5=com.java.Objects.TestDataDetails@f6a16b, 6=com.java.Objects.TestDataDetails@8c9e8d, 7=com.java.Objects.TestDataDetails@80a54a, 8=com.java.Objects.TestDataDetails@1abec22, 9=com.java.Objects.TestDataDetails@12429cc, 10=com.java.Objects.TestDataDetails@196e0b0, 11=com.java.Objects.TestDataDetails@193db5c}
[INFO ][2015-11-09 10:59:14,787][com.java.TestType] [  465] -  str(1) = 1
[INFO ][2015-11-09 10:59:14,787][com.java.TestType] [  468] - Test case Id is---1
[INFO ][2015-11-09 10:59:14,787][com.java.TestType] [  470] - 1
[INFO ][2015-11-09 10:59:14,787][com.java.TestType] [  465] -  str(2) = 12
[INFO ][2015-11-09 10:59:14,788][com.java.TestType] [  517] - row values are--------{1=com.java.Objects.TestDataDetails@146dbd4, 2=com.java.Objects.TestDataDetails@3256ca, 3=com.java.Objects.TestDataDetails@107fb94, 4=com.java.Objects.TestDataDetails@dd7bee, 5=com.java.Objects.TestDataDetails@f6a16b, 6=com.java.Objects.TestDataDetails@8c9e8d, 7=com.java.Objects.TestDataDetails@80a54a, 8=com.java.Objects.TestDataDetails@1abec22, 9=com.java.Objects.TestDataDetails@12429cc, 10=com.java.Objects.TestDataDetails@196e0b0, 11=com.java.Objects.TestDataDetails@193db5c, 12=com.java.Objects.TestDataDetails@1c64057}
[INFO ][2015-11-09 10:59:14,788][com.java.TestType] [  465] -  str(1) = 1
[INFO ][2015-11-09 10:59:14,788][com.java.TestType] [  468] - Test case Id is---1
[INFO ][2015-11-09 10:59:14,788][com.java.TestType] [  470] - 1
[INFO ][2015-11-09 10:59:14,788][com.java.TestType] [  465] -  str(2) = 13
[INFO ][2015-11-09 10:59:14,789][com.java.TestType] [  517] - row values are--------{1=com.java.Objects.TestDataDetails@146dbd4, 2=com.java.Objects.TestDataDetails@3256ca, 3=com.java.Objects.TestDataDetails@107fb94, 4=com.java.Objects.TestDataDetails@dd7bee, 5=com.java.Objects.TestDataDetails@f6a16b, 6=com.java.Objects.TestDataDetails@8c9e8d, 7=com.java.Objects.TestDataDetails@80a54a, 8=com.java.Objects.TestDataDetails@1abec22, 9=com.java.Objects.TestDataDetails@12429cc, 10=com.java.Objects.TestDataDetails@196e0b0, 11=com.java.Objects.TestDataDetails@193db5c, 12=com.java.Objects.TestDataDetails@1c64057, 13=com.java.Objects.TestDataDetails@19d05e}
[INFO ][2015-11-09 10:59:14,789][com.java.TestType] [  465] -  str(1) = 1
[INFO ][2015-11-09 10:59:14,789][com.java.TestType] [  468] - Test case Id is---1
[INFO ][2015-11-09 10:59:14,789][com.java.TestType] [  470] - 1
[INFO ][2015-11-09 10:59:14,789][com.java.TestType] [  465] -  str(2) = 14
[INFO ][2015-11-09 10:59:14,790][com.java.TestType] [  517] - row values are--------{1=com.java.Objects.TestDataDetails@146dbd4, 2=com.java.Objects.TestDataDetails@3256ca, 3=com.java.Objects.TestDataDetails@107fb94, 4=com.java.Objects.TestDataDetails@dd7bee, 5=com.java.Objects.TestDataDetails@f6a16b, 6=com.java.Objects.TestDataDetails@8c9e8d, 7=com.java.Objects.TestDataDetails@80a54a, 8=com.java.Objects.TestDataDetails@1abec22, 9=com.java.Objects.TestDataDetails@12429cc, 10=com.java.Objects.TestDataDetails@196e0b0, 11=com.java.Objects.TestDataDetails@193db5c, 12=com.java.Objects.TestDataDetails@1c64057, 13=com.java.Objects.TestDataDetails@19d05e, 14=com.java.Objects.TestDataDetails@f7b2f4}
[INFO ][2015-11-09 10:59:14,790][com.java.TestType] [ 8225] - Looping 1TCID = 1
[DEBUG][2015-11-09 10:59:14,790][com.java.TestType] [ 8266] - Concept ID:1 :: Step being Executed: 1::1
[INFO ][2015-11-09 10:59:14,790][com.java.TestType] [ 8304] - dataFields : TXTusername
[DEBUG][2015-11-09 10:59:14,790][com.java.TestType] [ 8310] - <In Set values of the page>
[DEBUG][2015-11-09 10:59:14,790][com.java.TestType] [ 8315] - {Data Fields & Data Values Exist}
[INFO ][2015-11-09 10:59:14,790][com.java.TestType] [ 8321] - --------------------------setting values-----------------------------
[INFO ][2015-11-09 10:59:14,790][com.java.TestType] [ 8324] - Action Type : CLEARANDENTER
[INFO ][2015-11-09 10:59:14,790][com.java.TestType] [ 4075] - value = valuelabs.ie11.03890
[INFO ][2015-11-09 10:59:19,614][com.java.TestType] [ 8343] -  RESULT true
[INFO ][2015-11-09 10:59:19,614][com.java.TestType] [ 8460] - ?   P A S S   ?
[DEBUG][2015-11-09 10:59:19,614][com.java.TestType] [ 8266] - Concept ID:1 :: Step being Executed: 1::2
[INFO ][2015-11-09 10:59:19,614][com.java.TestType] [ 8304] - dataFields : TXTpassword
[DEBUG][2015-11-09 10:59:19,615][com.java.TestType] [ 8310] - <In Set values of the page>
[DEBUG][2015-11-09 10:59:19,615][com.java.TestType] [ 8315] - {Data Fields & Data Values Exist}
[INFO ][2015-11-09 10:59:19,615][com.java.TestType] [ 8321] - --------------------------setting values-----------------------------
[INFO ][2015-11-09 10:59:19,615][com.java.TestType] [ 8324] - Action Type : CLEARANDENTER
[INFO ][2015-11-09 10:59:19,615][com.java.TestType] [ 4075] - value = Password1*
[INFO ][2015-11-09 10:59:24,529][com.java.TestType] [ 8343] -  RESULT true
[INFO ][2015-11-09 10:59:24,529][com.java.TestType] [ 8460] - ?   P A S S   ?
[DEBUG][2015-11-09 10:59:24,529][com.java.TestType] [ 8266] - Concept ID:1 :: Step being Executed: 1::3
[ERROR][2015-11-09 10:59:24,529][com.java.TestType] [ 8299] - Exception: null
[INFO ][2015-11-09 10:59:24,529][com.java.TestType] [ 8304] - dataFields : XPH//button[@type='submit']
[DEBUG][2015-11-09 10:59:24,529][com.java.TestType] [ 8310] - <In Set values of the page>
[DEBUG][2015-11-09 10:59:24,529][com.java.TestType] [ 8315] - {Data Fields & Data Values Exist}
[INFO ][2015-11-09 10:59:24,529][com.java.TestType] [ 8321] - --------------------------setting values-----------------------------
[INFO ][2015-11-09 10:59:24,529][com.java.TestType] [ 8324] - Action Type : Click
[INFO ][2015-11-09 10:59:24,530][com.java.TestType] [ 4388] - Field ::XPH//button[@type='submit']
[INFO ][2015-11-09 10:59:25,530][com.java.TestType] [ 4447] - BEFORE CLICK
[INFO ][2015-11-09 10:59:40,414][com.java.TestType] [ 4455] - Unable to click the object Login
[INFO ][2015-11-09 10:59:40,414][com.java.TestType] [ 8343] -  RESULT true
[INFO ][2015-11-09 10:59:40,414][com.java.TestType] [ 8460] - ?   P A S S   ?
[DEBUG][2015-11-09 10:59:40,414][com.java.TestType] [ 8266] - Concept ID:1 :: Step being Executed: 1::4
[INFO ][2015-11-09 10:59:40,414][com.java.TestType] [ 8304] - dataFields : LNKLogout
[DEBUG][2015-11-09 10:59:40,414][com.java.TestType] [ 8310] - <In Set values of the page>
[DEBUG][2015-11-09 10:59:40,414][com.java.TestType] [ 8315] - {Data Fields & Data Values Exist}
[INFO ][2015-11-09 10:59:40,414][com.java.TestType] [ 8321] - --------------------------setting values-----------------------------
[INFO ][2015-11-09 10:59:40,414][com.java.TestType] [ 8324] - Action Type : WaitForElement
[INFO ][2015-11-09 10:59:40,449][com.java.TestType] [ 8343] -  RESULT true
[INFO ][2015-11-09 10:59:40,449][com.java.TestType] [ 8460] - ?   P A S S   ?
[DEBUG][2015-11-09 10:59:40,449][com.java.TestType] [ 8266] - Concept ID:1 :: Step being Executed: 1::13
[INFO ][2015-11-09 10:59:40,449][com.java.TestType] [ 8304] - dataFields : LNK
[DEBUG][2015-11-09 10:59:40,449][com.java.TestType] [ 8310] - <In Set values of the page>
[DEBUG][2015-11-09 10:59:40,449][com.java.TestType] [ 8315] - {Data Fields & Data Values Exist}
[INFO ][2015-11-09 10:59:40,449][com.java.TestType] [ 8321] - --------------------------setting values-----------------------------
[INFO ][2015-11-09 10:59:40,449][com.java.TestType] [ 8324] - Action Type : Verify
[INFO ][2015-11-09 10:59:40,450][com.java.TestType] [ 5201] - field= LNK value= Logout
[INFO ][2015-11-09 10:59:40,450][com.java.TestType] [ 4075] - value = Logout
[INFO ][2015-11-09 10:59:40,482][com.java.TestType] [ 8343] -  RESULT true
[INFO ][2015-11-09 10:59:40,482][com.java.TestType] [ 8460] - ?   P A S S   ?
[DEBUG][2015-11-09 10:59:40,482][com.java.TestType] [ 8266] - Concept ID:1 :: Step being Executed: 1::14
[INFO ][2015-11-09 10:59:40,482][com.java.TestType] [ 8304] - dataFields : BTN
[DEBUG][2015-11-09 10:59:40,482][com.java.TestType] [ 8310] - <In Set values of the page>
[DEBUG][2015-11-09 10:59:40,482][com.java.TestType] [ 8315] - {Data Fields & Data Values Exist}
[INFO ][2015-11-09 10:59:40,482][com.java.TestType] [ 8321] - --------------------------setting values-----------------------------
[INFO ][2015-11-09 10:59:40,482][com.java.TestType] [ 8324] - Action Type : Verify
[INFO ][2015-11-09 10:59:40,483][com.java.TestType] [ 5201] - field= BTN value= //img[contains(@src,'bdlogo.jpg')]
[INFO ][2015-11-09 10:59:40,483][com.java.TestType] [ 4075] - value = //img[contains(@src,'bdlogo.jpg')]
[INFO ][2015-11-09 10:59:40,515][com.java.TestType] [ 8343] -  RESULT true
[INFO ][2015-11-09 10:59:40,515][com.java.TestType] [ 8460] - ?   P A S S   ?
[INFO ][2015-11-09 10:59:40,515][com.java.TestType] [ 8531] - Looping End......
[INFO ][2015-11-09 10:59:40,519][com.java.SeleniumDriver] [  861] -  RESULT true
[INFO ][2015-11-09 10:59:40,519][com.java.SeleniumDriver] [ 1066] - ?   P A S S   ?
[INFO ][2015-11-09 10:59:40,519][com.java.SeleniumDriver] [  788] - ------------------------------------------
[INFO ][2015-11-09 10:59:40,519][com.java.SeleniumDriver] [  789] - Test case being Executed: 7
[INFO ][2015-11-09 10:59:40,519][com.java.SeleniumDriver] [  800] - Test step:55
[INFO ][2015-11-09 10:59:40,519][com.java.SeleniumDriver] [  812] - Datavalue is----------null
[DEBUG][2015-11-09 10:59:40,519][com.java.SeleniumDriver] [  830] - Exception: null
[INFO ][2015-11-09 10:59:40,520][com.java.SeleniumDriver] [  836] - DataField : //span[@class='icon-user4']&&//a[text()='Users']&&//a[@data-id="ModifyUsers"]
[INFO ][2015-11-09 10:59:40,520][com.java.SeleniumDriver] [  838] - DataValue : 
[INFO ][2015-11-09 10:59:40,520][com.java.SeleniumDriver] [  844] - <In Set values of the page>
[INFO ][2015-11-09 10:59:40,520][com.java.SeleniumDriver] [  847] - {Data Fields & Data Values Exist}
[INFO ][2015-11-09 10:59:40,520][com.java.SeleniumDriver] [  849] - --------------------------setting values-----------------------------
[INFO ][2015-11-09 10:59:40,520][com.java.SeleniumDriver] [  852] - Action Type : MouseOver
[INFO ][2015-11-09 11:00:27,261][com.java.SeleniumDriver] [  861] -  RESULT true
[INFO ][2015-11-09 11:00:27,261][com.java.SeleniumDriver] [ 1066] - ?   P A S S   ?
[INFO ][2015-11-09 11:00:27,261][com.java.SeleniumDriver] [  788] - ------------------------------------------
[INFO ][2015-11-09 11:00:27,261][com.java.SeleniumDriver] [  789] - Test case being Executed: 7
[INFO ][2015-11-09 11:00:27,261][com.java.SeleniumDriver] [  800] - Test step:56
[INFO ][2015-11-09 11:00:27,261][com.java.SeleniumDriver] [  812] - Datavalue is----------null
[DEBUG][2015-11-09 11:00:27,261][com.java.SeleniumDriver] [  830] - Exception: null
[INFO ][2015-11-09 11:00:27,261][com.java.SeleniumDriver] [  836] - DataField : BTNframeDialogContent
[INFO ][2015-11-09 11:00:27,261][com.java.SeleniumDriver] [  838] - DataValue : 
[INFO ][2015-11-09 11:00:27,261][com.java.SeleniumDriver] [  844] - <In Set values of the page>
[INFO ][2015-11-09 11:00:27,262][com.java.SeleniumDriver] [  847] - {Data Fields & Data Values Exist}
[INFO ][2015-11-09 11:00:27,262][com.java.SeleniumDriver] [  849] - --------------------------setting values-----------------------------
[INFO ][2015-11-09 11:00:27,262][com.java.SeleniumDriver] [  852] - Action Type : WaitForElement
[INFO ][2015-11-09 11:00:28,530][com.java.SeleniumDriver] [  861] -  RESULT true
[INFO ][2015-11-09 11:00:28,530][com.java.SeleniumDriver] [ 1066] - ?   P A S S   ?
[INFO ][2015-11-09 11:00:28,530][com.java.SeleniumDriver] [  788] - ------------------------------------------
[INFO ][2015-11-09 11:00:28,530][com.java.SeleniumDriver] [  789] - Test case being Executed: 7
[INFO ][2015-11-09 11:00:28,530][com.java.SeleniumDriver] [  800] - Test step:57
[INFO ][2015-11-09 11:00:28,530][com.java.SeleniumDriver] [  812] - Datavalue is----------null
[DEBUG][2015-11-09 11:00:28,530][com.java.SeleniumDriver] [  830] - Exception: null
[INFO ][2015-11-09 11:00:28,530][com.java.SeleniumDriver] [  836] - DataField : BTNframeDialogContent
[INFO ][2015-11-09 11:00:28,530][com.java.SeleniumDriver] [  838] - DataValue : 
[INFO ][2015-11-09 11:00:28,530][com.java.SeleniumDriver] [  844] - <In Set values of the page>
[INFO ][2015-11-09 11:00:28,531][com.java.SeleniumDriver] [  847] - {Data Fields & Data Values Exist}
[INFO ][2015-11-09 11:00:28,531][com.java.SeleniumDriver] [  849] - --------------------------setting values-----------------------------
[INFO ][2015-11-09 11:00:28,531][com.java.SeleniumDriver] [  852] - Action Type : SelectFrame
[INFO ][2015-11-09 11:00:29,794][com.java.SeleniumDriver] [  861] -  RESULT true
[INFO ][2015-11-09 11:00:29,794][com.java.SeleniumDriver] [ 1066] - ?   P A S S   ?
[INFO ][2015-11-09 11:00:29,794][com.java.SeleniumDriver] [  788] - ------------------------------------------
[INFO ][2015-11-09 11:00:29,794][com.java.SeleniumDriver] [  789] - Test case being Executed: 7
[INFO ][2015-11-09 11:00:29,794][com.java.SeleniumDriver] [  800] - Test step:58
[INFO ][2015-11-09 11:00:29,794][com.java.SeleniumDriver] [  812] - Datavalue is----------dt:NewUserName
[INFO ][2015-11-09 11:00:29,794][com.java.SeleniumDriver] [  836] - DataField : test
[INFO ][2015-11-09 11:00:29,794][com.java.SeleniumDriver] [  838] - DataValue : dt:NewUserName
[INFO ][2015-11-09 11:00:29,794][com.java.SeleniumDriver] [  844] - <In Set values of the page>
[INFO ][2015-11-09 11:00:29,794][com.java.SeleniumDriver] [  847] - {Data Fields & Data Values Exist}
[INFO ][2015-11-09 11:00:29,794][com.java.SeleniumDriver] [  849] - --------------------------setting values-----------------------------
[INFO ][2015-11-09 11:00:29,794][com.java.SeleniumDriver] [  852] - Action Type : DelUser
[INFO ][2015-11-09 11:00:29,795][com.java.TestType] [ 4075] - value = vltest.robot
[INFO ][2015-11-09 11:00:33,289][com.java.TestType] [ 4388] - Field ::CNF
[INFO ][2015-11-09 11:00:34,652][com.java.TestType] [ 4443] - Click the object AcceptAlert
[INFO ][2015-11-09 11:00:34,652][com.java.TestType] [ 4444] - Unable to click the object AcceptAlert
[INFO ][2015-11-09 11:00:34,652][com.java.SeleniumDriver] [  861] -  RESULT true
[INFO ][2015-11-09 11:00:34,652][com.java.SeleniumDriver] [ 1066] - ?   P A S S   ?
[INFO ][2015-11-09 11:00:34,652][com.java.SeleniumDriver] [  788] - ------------------------------------------
[INFO ][2015-11-09 11:00:34,652][com.java.SeleniumDriver] [  789] - Test case being Executed: 7
[INFO ][2015-11-09 11:00:34,652][com.java.SeleniumDriver] [  800] - Test step:59
[INFO ][2015-11-09 11:00:34,652][com.java.SeleniumDriver] [  812] - Datavalue is----------null
[DEBUG][2015-11-09 11:00:34,652][com.java.SeleniumDriver] [  830] - Exception: null
[INFO ][2015-11-09 11:00:34,652][com.java.SeleniumDriver] [  836] - DataField : BTNbtnAddUser
[INFO ][2015-11-09 11:00:34,653][com.java.SeleniumDriver] [  838] - DataValue : 
[INFO ][2015-11-09 11:00:34,653][com.java.SeleniumDriver] [  844] - <In Set values of the page>
[INFO ][2015-11-09 11:00:34,653][com.java.SeleniumDriver] [  847] - {Data Fields & Data Values Exist}
[INFO ][2015-11-09 11:00:34,653][com.java.SeleniumDriver] [  849] - --------------------------setting values-----------------------------
[INFO ][2015-11-09 11:00:34,653][com.java.SeleniumDriver] [  852] - Action Type : WaitForElement
[INFO ][2015-11-09 11:00:36,709][com.java.SeleniumDriver] [  861] -  RESULT true
[INFO ][2015-11-09 11:00:36,709][com.java.SeleniumDriver] [ 1066] - ?   P A S S   ?
[INFO ][2015-11-09 11:00:36,709][com.java.SeleniumDriver] [  788] - ------------------------------------------
[INFO ][2015-11-09 11:00:36,709][com.java.SeleniumDriver] [  789] - Test case being Executed: 7
[INFO ][2015-11-09 11:00:36,709][com.java.SeleniumDriver] [  800] - Test step:60
[INFO ][2015-11-09 11:00:36,709][com.java.SeleniumDriver] [  812] - Datavalue is----------HMVLogin_username
[INFO ][2015-11-09 11:00:36,709][com.java.SeleniumDriver] [  836] - DataField : MSG
[INFO ][2015-11-09 11:00:36,709][com.java.SeleniumDriver] [  838] - DataValue : HMVLogin_username
[INFO ][2015-11-09 11:00:36,709][com.java.SeleniumDriver] [  844] - <In Set values of the page>
[INFO ][2015-11-09 11:00:36,710][com.java.SeleniumDriver] [  847] - {Data Fields & Data Values Exist}
[INFO ][2015-11-09 11:00:36,710][com.java.SeleniumDriver] [  849] - --------------------------setting values-----------------------------
[INFO ][2015-11-09 11:00:36,710][com.java.SeleniumDriver] [  852] - Action Type : VERIFYNOTPRESENT
[INFO ][2015-11-09 11:00:36,710][com.java.TestType] [ 6389] - field= MSG value= HMVLogin_username
[DEBUG][2015-11-09 11:00:36,744][com.java.TestType] [ 6405] - Text :: +vltest.robot.03890   :: found which is NOT expected.
[INFO ][2015-11-09 11:00:36,744][com.java.SeleniumDriver] [  861] -  RESULT false
[INFO ][2015-11-09 11:00:36,744][com.java.SeleniumDriver] [  908] - ?   F A I L   ?
[INFO ][2015-11-09 11:00:36,745][com.java.SeleniumDriver] [  916] - Browser Type : IE11
[INFO ][2015-11-09 11:00:36,745][com.java.SeleniumDriver] [  917] - Adding Failed case7
[INFO ][2015-11-09 11:00:36,745][com.java.SeleniumDriver] [  935] - Directory Created
[INFO ][2015-11-09 11:00:37,530][com.java.SeleniumDriver] [ 1030] - failedCases = 7
[ERROR][2015-11-09 11:00:37,532][com.java.SeleniumDriver] [ 1516] - Platform Errors : Our apologies...::We have encountered an issue with your request.::Our apologies?:We encountered an issue with your request.
[INFO ][2015-11-09 11:00:37,532][com.java.SeleniumDriver] [ 1520] - Length =3
[ERROR][2015-11-09 11:00:37,532][com.java.SeleniumDriver] [ 1523] - Error 0 = Our apologies...
[ERROR][2015-11-09 11:00:37,583][com.java.SeleniumDriver] [ 1523] - Error 1 = We have encountered an issue with your request.
[ERROR][2015-11-09 11:00:37,615][com.java.SeleniumDriver] [ 1523] - Error 2 = Our apologies?:We encountered an issue with your request.
[DEBUG][2015-11-09 11:00:37,661][com.java.SeleniumDriver] [ 1168] - Case found
[DEBUG][2015-11-09 11:00:37,661][com.java.SeleniumDriver] [ 1173] - Incrementing ReportCounters[0]:2
[INFO ][2015-11-09 11:00:37,661][com.java.SeleniumDriver] [ 1192] - The results are-------------------[7, 60, Manage Users: Add User, Fail, 
Test case failed at Step No. :: 60   Error Message ::  Text :: +vltest.robot.03890   :: found which is NOT expected.. Screen Shot : D:\BankersDashboard\TestReports\110915\7_110915_110036_IE11.png, Mon Nov 09 11:00:37 IST 2015]
[INFO ][2015-11-09 11:00:37,661][com.java.SeleniumDriver] [ 1196] - End time is-------8 min 28 sec
[INFO ][2015-11-09 11:00:37,661][com.java.SeleniumDriver] [ 1197] - The results are-------------------[7, 60, Manage Users: Add User, Fail, 
Test case failed at Step No. :: 60   Error Message ::  Text :: +vltest.robot.03890   :: found which is NOT expected.. Screen Shot : D:\BankersDashboard\TestReports\110915\7_110915_110036_IE11.png, Mon Nov 09 11:00:37 IST 2015]
[DEBUG][2015-11-09 11:00:37,661][com.java.ImportnExport.ExportTestResultsExcel] [  222] - testResultPath = D:\BankersDashboard/TestReports/Test Results_BankersDashBoard_110915_105211_IE11_Simmons First National Bank.xls
[DEBUG][2015-11-09 11:00:37,661][com.java.ImportnExport.ExportTestResultsExcel] [  223] - browser is------------IE11
[DEBUG][2015-11-09 11:00:37,663][com.java.ImportnExport.ExportTestResultsExcel] [  270] - result.size() = 6
[DEBUG][2015-11-09 11:00:37,663][com.java.ImportnExport.ExportTestResultsExcel] [  274] - No of rows in sheet=2
[DEBUG][2015-11-09 11:00:37,663][com.java.ImportnExport.ExportTestResultsExcel] [  301] - ..in export..7
[DEBUG][2015-11-09 11:00:37,663][com.java.ImportnExport.ExportTestResultsExcel] [  301] - ..in export..Manage Users: Add User
[DEBUG][2015-11-09 11:00:37,664][com.java.ImportnExport.ExportTestResultsExcel] [  301] - ..in export..Fail
[DEBUG][2015-11-09 11:00:37,664][com.java.ImportnExport.ExportTestResultsExcel] [  301] - ..in export..
Test case failed at Step No. :: 60   Error Message ::  Text :: +vltest.robot.03890   :: found which is NOT expected.. Screen Shot : D:\BankersDashboard\TestReports\110915\7_110915_110036_IE11.png
[DEBUG][2015-11-09 11:00:37,664][com.java.ImportnExport.ExportTestResultsExcel] [  301] - ..in export..Mon Nov 09 11:00:37 IST 2015
[INFO ][2015-11-09 11:00:37,665][com.java.SeleniumDriver] [ 1255] - out loop:1 size:2 TestCases:[1, 7] testcases:[1, 7]
[INFO ][2015-11-09 11:00:39,673][com.java.SeleniumDriver] [ 1297] - Total Number of Cases:2
[INFO ][2015-11-09 11:00:39,673][com.java.TemplateGenerator] [  302] - Executed:2
[INFO ][2015-11-09 11:00:39,673][com.java.TemplateGenerator] [  303] - Passed:1
[INFO ][2015-11-09 11:00:39,673][com.java.TemplateGenerator] [  304] - Failed:1
[INFO ][2015-11-09 11:00:39,673][com.java.TemplateGenerator] [  305] - Skipeed:0
[INFO ][2015-11-09 11:00:39,673][com.java.TemplateGenerator] [  306] - Application URL:https://clients-xuat.bankersdashboard.com
[INFO ][2015-11-09 11:00:39,673][com.java.TemplateGenerator] [  307] - Start Time:110915_105211
[INFO ][2015-11-09 11:00:39,673][com.java.TemplateGenerator] [  308] -  Creating HTML Report 
[ERROR][2015-11-09 11:00:39,674][com.java.TemplateGenerator] [  409] - Unparseable date: "Mon Nov 09 10:52:11 IST 2015"
[INFO ][2015-11-09 11:00:39,674][com.java.TemplateGenerator] [  654] -  Exporting case :: 1
[INFO ][2015-11-09 11:00:39,675][com.java.TemplateGenerator] [  654] -  Exporting case :: 7
[INFO ][2015-11-09 11:00:39,679][com.java.SeleniumDriver] [ 1346] - End Time:110915_110039
[INFO ][2015-11-09 11:00:39,679][com.java.SeleniumDriver] [ 1349] - Data in Test Execution Details:{1=PASS, 7=FAILTest case failed at Step No. :: 60   Error Message ::  Text :: +vltest.robot.03890   :: found which is NOT expected.}
[INFO ][2015-11-09 11:00:39,679][com.java.SeleniumDriver] [ 1350] - Data in Failed Execution Deatils:{}
[INFO ][2015-11-09 11:00:39,681][com.java.SeleniumDriver] [ 1352] - ReportCounter:Total:2 :: PASS: 1 ::FAIL: 1
[INFO ][2015-11-09 11:00:39,681][com.java.SeleniumDriver] [ 1353] - FailedReportCounter:Total:0 :: PASS: 0 ::FAIL: 0
[INFO ][2015-11-09 11:00:39,709][com.java.EmailTestReport] [   63] - Sending report mail details:
[INFO ][2015-11-09 11:00:39,709][com.java.EmailTestReport] [   80] - Excel Report Path:D:\BankersDashboard/TestReports/Test Results_BankersDashBoard_110915_105211_IE11_Simmons First National Bank.xls
[INFO ][2015-11-09 11:00:39,709][com.java.EmailTestReport] [   81] - HTML Report Path:D:\BankersDashboard//TestReports//Test Results_BankersDashBoard_110915_105211_IE11_Simmons First National Bank.html
[INFO ][2015-11-09 11:00:39,709][com.java.EmailTestReport] [   82] - smtpHostName:mail01.valuelabs.com
[INFO ][2015-11-09 11:00:39,709][com.java.EmailTestReport] [   83] - Recipient:venkateswararao.gubbala@valuelabs.com
[INFO ][2015-11-09 11:00:39,709][com.java.EmailTestReport] [   84] - From:venkateswararao.gubbala@valuelabs.com
[INFO ][2015-11-09 11:00:39,709][com.java.EmailTestReport] [   85] - Subject:Deluxe Corp Bankers Dashboard Automation Test Report - Simmons First National Bank - IE11
[INFO ][2015-11-09 11:00:39,725][com.java.EmailTestReport] [  143] -  Added venkateswararao.gubbala@valuelabs.com
[INFO ][2015-11-09 11:00:43,387][com.java.SeleniumDriver] [  719] - quitting the browser 
[INFO ][2015-11-09 11:00:44,562][com.java.SeleniumDriver] [  263] - Execution Completed Stopping the thread
