[INFO ][2016-02-09 19:36:06,525][com.java.SeleniumDriver] [  213] - Execute Failed Casesfalse
[INFO ][2016-02-09 19:36:06,525][com.java.SeleniumDriver] [  214] - Browser: IE10
[INFO ][2016-02-09 19:36:06,530][com.java.SeleniumDriver] [  215] - [1, 8]
[INFO ][2016-02-09 19:36:06,530][com.java.SeleniumDriver] [  216] - Total TestCases:2
[INFO ][2016-02-09 19:36:06,530][com.java.SeleniumDriver] [  217] -  Reading Properties from Property File 
[DEBUG][2016-02-09 19:36:06,531][com.java.SeleniumDriver] [  238] - url : https://clients-xuat.bankersdashboard.com
[INFO ][2016-02-09 19:36:06,532][com.java.ImportnExport.ExportTestResultsExcel] [  116] - Time Stamp Tue Feb 09 07:36:06 IST 2016
[INFO ][2016-02-09 19:36:06,532][com.java.ImportnExport.ExportTestResultsExcel] [  175] - OUT FILE : D:\BankersDashboard/TestReports/Test Results_BankersDashBoard_020916_193606_IE10_United Bank.xls
[INFO ][2016-02-09 19:36:06,568][com.java.ImportnExport.ExportTestResultsExcel] [  180] - Test Result file is created
[DEBUG][2016-02-09 19:36:06,660][com.java.SeleniumDriver] [  426] - Hub ip address is-------172.17.68.34
[INFO ][2016-02-09 19:36:06,661][com.java.SeleniumDriver] [  452] - Grid URL:http://172.17.68.34:4444/wd/hub
[INFO ][2016-02-09 19:36:06,661][com.java.SeleniumDriver] [  453] - Capability:Capabilities [{platform=ANY, ensureCleanSession=true, ignoreProtectedModeSettings=true, acceptSslCerts=true, ignoreZoomSetting=true, browserName=internet explorer, browserstack.ie.noFlash=true, version=null}]
[ERROR][2016-02-09 19:36:08,005][com.java.SeleniumDriver] [  498] - Unable invoke browser in grid:Could not start a new session. Possible causes are invalid address of the remote server or browser start-up failure.
Build info: version: '2.48.2', revision: '41bccdd', time: '2015-10-09 19:59:12'
System info: host: 'FVTIII438F1D', ip: '172.17.68.34', os.name: 'Windows 7', os.arch: 'x86', os.version: '6.1', java.version: '1.7.0_55'
Driver info: driver.version: SeleniumDriver
[INFO ][2016-02-09 19:36:08,005][com.java.SeleniumDriver] [  500] - Executing on local machine
[INFO ][2016-02-09 19:36:18,721][com.java.SeleniumDriver] [  248] - IE10is opened
[INFO ][2016-02-09 19:36:19,382][com.java.SeleniumDriver] [  756] - Test cases to be executed are: [1, 8]
[INFO ][2016-02-09 19:36:19,408][com.java.ImportnExport.ImportTestDataDetailsExcel] [   49] - test data details path===== D:\BankersDashboard\TestInputs\TestData.xls
[INFO ][2016-02-09 19:36:19,485][com.java.SeleniumDriver] [  856] - ------------------------------------------
[INFO ][2016-02-09 19:36:19,485][com.java.SeleniumDriver] [  857] - Test case being Executed: 1
[INFO ][2016-02-09 19:36:19,485][com.java.SeleniumDriver] [  869] - Test step:1
[INFO ][2016-02-09 19:36:19,485][com.java.SeleniumDriver] [  881] - Datavalue is----------Concept#1:1-16
[INFO ][2016-02-09 19:36:19,486][com.java.SeleniumDriver] [  905] - DataField : test
[INFO ][2016-02-09 19:36:19,486][com.java.SeleniumDriver] [  907] - DataValue : Concept#1:1-16
[INFO ][2016-02-09 19:36:19,486][com.java.SeleniumDriver] [  913] - <In Set values of the page>
[INFO ][2016-02-09 19:36:19,486][com.java.SeleniumDriver] [  916] - {Data Fields & Data Values Exist}
[INFO ][2016-02-09 19:36:19,486][com.java.SeleniumDriver] [  918] - --------------------------setting values-----------------------------
[INFO ][2016-02-09 19:36:19,486][com.java.SeleniumDriver] [  921] - Action Type : ExecuteTestCase
[INFO ][2016-02-09 19:36:19,520][com.java.TestType] [  448] - The Concept sheet name is ---------- Concept
[INFO ][2016-02-09 19:36:19,521][com.java.TestType] [  451] - The Concept ID  is ---------- 1
[DEBUG][2016-02-09 19:36:19,521][com.java.TestType] [  455] - Steps being executted in the Concept are: 1:16
[INFO ][2016-02-09 19:36:19,521][com.java.TestType] [  462] - Test data details path ---------- D:\BankersDashboard\TestInputs\TestData.xls
[INFO ][2016-02-09 19:36:19,542][com.java.TestType] [  493] -  str(1) = 1
[INFO ][2016-02-09 19:36:19,542][com.java.TestType] [  496] - Test case Id is---1
[INFO ][2016-02-09 19:36:19,544][com.java.TestType] [  498] - 1
[INFO ][2016-02-09 19:36:19,544][com.java.TestType] [  493] -  str(2) = 1
[INFO ][2016-02-09 19:36:19,547][com.java.TestType] [  493] -  str(1) = 1
[INFO ][2016-02-09 19:36:19,547][com.java.TestType] [  496] - Test case Id is---1
[INFO ][2016-02-09 19:36:19,547][com.java.TestType] [  498] - 1
[INFO ][2016-02-09 19:36:19,547][com.java.TestType] [  493] -  str(2) = 2
[INFO ][2016-02-09 19:36:19,548][com.java.TestType] [  493] -  str(1) = 1
[INFO ][2016-02-09 19:36:19,548][com.java.TestType] [  496] - Test case Id is---1
[INFO ][2016-02-09 19:36:19,548][com.java.TestType] [  498] - 1
[INFO ][2016-02-09 19:36:19,548][com.java.TestType] [  493] -  str(2) = 3
[INFO ][2016-02-09 19:36:19,549][com.java.TestType] [  493] -  str(1) = 1
[INFO ][2016-02-09 19:36:19,550][com.java.TestType] [  496] - Test case Id is---1
[INFO ][2016-02-09 19:36:19,550][com.java.TestType] [  498] - 1
[INFO ][2016-02-09 19:36:19,550][com.java.TestType] [  493] -  str(2) = 4
[INFO ][2016-02-09 19:36:19,551][com.java.TestType] [  493] -  str(1) = 1
[INFO ][2016-02-09 19:36:19,551][com.java.TestType] [  496] - Test case Id is---1
[INFO ][2016-02-09 19:36:19,551][com.java.TestType] [  498] - 1
[INFO ][2016-02-09 19:36:19,551][com.java.TestType] [  493] -  str(2) = 5
[INFO ][2016-02-09 19:36:19,552][com.java.TestType] [  493] -  str(1) = 1
[INFO ][2016-02-09 19:36:19,552][com.java.TestType] [  496] - Test case Id is---1
[INFO ][2016-02-09 19:36:19,552][com.java.TestType] [  498] - 1
[INFO ][2016-02-09 19:36:19,553][com.java.TestType] [  493] -  str(2) = 6
[INFO ][2016-02-09 19:36:19,556][com.java.TestType] [  493] -  str(1) = 1
[INFO ][2016-02-09 19:36:19,556][com.java.TestType] [  496] - Test case Id is---1
[INFO ][2016-02-09 19:36:19,556][com.java.TestType] [  498] - 1
[INFO ][2016-02-09 19:36:19,556][com.java.TestType] [  493] -  str(2) = 7
[INFO ][2016-02-09 19:36:19,557][com.java.TestType] [  493] -  str(1) = 1
[INFO ][2016-02-09 19:36:19,557][com.java.TestType] [  496] - Test case Id is---1
[INFO ][2016-02-09 19:36:19,557][com.java.TestType] [  498] - 1
[INFO ][2016-02-09 19:36:19,557][com.java.TestType] [  493] -  str(2) = 8
[INFO ][2016-02-09 19:36:19,558][com.java.TestType] [  493] -  str(1) = 1
[INFO ][2016-02-09 19:36:19,558][com.java.TestType] [  496] - Test case Id is---1
[INFO ][2016-02-09 19:36:19,558][com.java.TestType] [  498] - 1
[INFO ][2016-02-09 19:36:19,558][com.java.TestType] [  493] -  str(2) = 9
[INFO ][2016-02-09 19:36:19,559][com.java.TestType] [  493] -  str(1) = 1
[INFO ][2016-02-09 19:36:19,559][com.java.TestType] [  496] - Test case Id is---1
[INFO ][2016-02-09 19:36:19,559][com.java.TestType] [  498] - 1
[INFO ][2016-02-09 19:36:19,559][com.java.TestType] [  493] -  str(2) = 10
[INFO ][2016-02-09 19:36:19,560][com.java.TestType] [  493] -  str(1) = 1
[INFO ][2016-02-09 19:36:19,560][com.java.TestType] [  496] - Test case Id is---1
[INFO ][2016-02-09 19:36:19,560][com.java.TestType] [  498] - 1
[INFO ][2016-02-09 19:36:19,560][com.java.TestType] [  493] -  str(2) = 11
[INFO ][2016-02-09 19:36:19,561][com.java.TestType] [  493] -  str(1) = 1
[INFO ][2016-02-09 19:36:19,561][com.java.TestType] [  496] - Test case Id is---1
[INFO ][2016-02-09 19:36:19,561][com.java.TestType] [  498] - 1
[INFO ][2016-02-09 19:36:19,561][com.java.TestType] [  493] -  str(2) = 12
[INFO ][2016-02-09 19:36:19,562][com.java.TestType] [  493] -  str(1) = 1
[INFO ][2016-02-09 19:36:19,562][com.java.TestType] [  496] - Test case Id is---1
[INFO ][2016-02-09 19:36:19,562][com.java.TestType] [  498] - 1
[INFO ][2016-02-09 19:36:19,562][com.java.TestType] [  493] -  str(2) = 13
[INFO ][2016-02-09 19:36:19,563][com.java.TestType] [  493] -  str(1) = 1
[INFO ][2016-02-09 19:36:19,563][com.java.TestType] [  496] - Test case Id is---1
[INFO ][2016-02-09 19:36:19,563][com.java.TestType] [  498] - 1
[INFO ][2016-02-09 19:36:19,563][com.java.TestType] [  493] -  str(2) = 14
[INFO ][2016-02-09 19:36:19,564][com.java.TestType] [  493] -  str(1) = 1
[INFO ][2016-02-09 19:36:19,566][com.java.TestType] [  496] - Test case Id is---1
[INFO ][2016-02-09 19:36:19,566][com.java.TestType] [  498] - 1
[INFO ][2016-02-09 19:36:19,566][com.java.TestType] [  493] -  str(2) = 15
[INFO ][2016-02-09 19:36:19,567][com.java.TestType] [  493] -  str(1) = 1
[INFO ][2016-02-09 19:36:19,567][com.java.TestType] [  496] - Test case Id is---1
[INFO ][2016-02-09 19:36:19,567][com.java.TestType] [  498] - 1
[INFO ][2016-02-09 19:36:19,567][com.java.TestType] [  493] -  str(2) = 16
[INFO ][2016-02-09 19:36:19,568][com.java.TestType] [12106] - Looping 1TCID = 1
[DEBUG][2016-02-09 19:36:19,568][com.java.TestType] [12147] - Concept ID:1 :: Step being Executed: 1::1
[INFO ][2016-02-09 19:36:19,568][com.java.TestType] [12185] - dataFields : TXTusername
[DEBUG][2016-02-09 19:36:19,568][com.java.TestType] [12191] - <In Set values of the page>
[DEBUG][2016-02-09 19:36:19,568][com.java.TestType] [12196] - {Data Fields & Data Values Exist}
[INFO ][2016-02-09 19:36:19,568][com.java.TestType] [12202] - --------------------------setting values-----------------------------
[INFO ][2016-02-09 19:36:19,568][com.java.TestType] [12205] - Action Type : CLEARANDENTER
[INFO ][2016-02-09 19:36:21,890][com.java.TestType] [ 6747] - value = valuelabs.ie10.00058
[INFO ][2016-02-09 19:36:24,326][com.java.TestType] [12224] -  RESULT true
[INFO ][2016-02-09 19:36:24,326][com.java.TestType] [12341] - ?   P A S S   ?
[DEBUG][2016-02-09 19:36:24,326][com.java.TestType] [12147] - Concept ID:1 :: Step being Executed: 1::2
[INFO ][2016-02-09 19:36:24,326][com.java.TestType] [12185] - dataFields : TXTpassword
[DEBUG][2016-02-09 19:36:24,326][com.java.TestType] [12191] - <In Set values of the page>
[DEBUG][2016-02-09 19:36:24,327][com.java.TestType] [12196] - {Data Fields & Data Values Exist}
[INFO ][2016-02-09 19:36:24,327][com.java.TestType] [12202] - --------------------------setting values-----------------------------
[INFO ][2016-02-09 19:36:24,327][com.java.TestType] [12205] - Action Type : CLEARANDENTER
[INFO ][2016-02-09 19:36:26,625][com.java.TestType] [ 6747] - value = Password1*
[INFO ][2016-02-09 19:36:29,177][com.java.TestType] [12224] -  RESULT true
[INFO ][2016-02-09 19:36:29,178][com.java.TestType] [12341] - ?   P A S S   ?
[DEBUG][2016-02-09 19:36:29,178][com.java.TestType] [12147] - Concept ID:1 :: Step being Executed: 1::3
[ERROR][2016-02-09 19:36:29,178][com.java.TestType] [12180] - Exception: null
[INFO ][2016-02-09 19:36:29,178][com.java.TestType] [12185] - dataFields : XPH//button[@type='submit']
[DEBUG][2016-02-09 19:36:29,178][com.java.TestType] [12191] - <In Set values of the page>
[DEBUG][2016-02-09 19:36:29,178][com.java.TestType] [12196] - {Data Fields & Data Values Exist}
[INFO ][2016-02-09 19:36:29,178][com.java.TestType] [12202] - --------------------------setting values-----------------------------
[INFO ][2016-02-09 19:36:29,178][com.java.TestType] [12205] - Action Type : Click
[INFO ][2016-02-09 19:36:29,179][com.java.TestType] [ 7148] - Field ::XPH//button[@type='submit']
[INFO ][2016-02-09 19:36:29,179][com.java.TestType] [ 6747] - value = 
[INFO ][2016-02-09 19:36:30,179][com.java.TestType] [ 7325] - BEFORE CLICK
[INFO ][2016-02-09 19:36:31,038][com.java.TestType] [ 7333] - Unable to click the object Login
[INFO ][2016-02-09 19:36:31,038][com.java.TestType] [12224] -  RESULT true
[INFO ][2016-02-09 19:36:31,038][com.java.TestType] [12341] - ?   P A S S   ?
[DEBUG][2016-02-09 19:36:31,038][com.java.TestType] [12147] - Concept ID:1 :: Step being Executed: 1::4
[INFO ][2016-02-09 19:36:31,038][com.java.TestType] [12185] - dataFields : LNKLogout
[DEBUG][2016-02-09 19:36:31,038][com.java.TestType] [12191] - <In Set values of the page>
[DEBUG][2016-02-09 19:36:31,038][com.java.TestType] [12196] - {Data Fields & Data Values Exist}
[INFO ][2016-02-09 19:36:31,038][com.java.TestType] [12202] - --------------------------setting values-----------------------------
[INFO ][2016-02-09 19:36:31,039][com.java.TestType] [12205] - Action Type : WaitForElement
[INFO ][2016-02-09 19:36:34,573][com.java.TestType] [12224] -  RESULT true
[INFO ][2016-02-09 19:36:34,573][com.java.TestType] [12341] - ?   P A S S   ?
[DEBUG][2016-02-09 19:36:34,573][com.java.TestType] [12147] - Concept ID:1 :: Step being Executed: 1::15
[INFO ][2016-02-09 19:36:34,573][com.java.TestType] [12185] - dataFields : LNK
[DEBUG][2016-02-09 19:36:34,573][com.java.TestType] [12191] - <In Set values of the page>
[DEBUG][2016-02-09 19:36:34,573][com.java.TestType] [12196] - {Data Fields & Data Values Exist}
[INFO ][2016-02-09 19:36:34,574][com.java.TestType] [12202] - --------------------------setting values-----------------------------
[INFO ][2016-02-09 19:36:34,574][com.java.TestType] [12205] - Action Type : Verify
[INFO ][2016-02-09 19:36:34,574][com.java.TestType] [ 8381] - field= LNK value= Logout
[INFO ][2016-02-09 19:36:34,575][com.java.TestType] [ 6747] - value = Logout
[INFO ][2016-02-09 19:36:34,611][com.java.TestType] [12224] -  RESULT true
[INFO ][2016-02-09 19:36:34,611][com.java.TestType] [12341] - ?   P A S S   ?
[DEBUG][2016-02-09 19:36:34,611][com.java.TestType] [12147] - Concept ID:1 :: Step being Executed: 1::16
[INFO ][2016-02-09 19:36:34,613][com.java.TestType] [12185] - dataFields : BTN
[DEBUG][2016-02-09 19:36:34,613][com.java.TestType] [12191] - <In Set values of the page>
[DEBUG][2016-02-09 19:36:34,613][com.java.TestType] [12196] - {Data Fields & Data Values Exist}
[INFO ][2016-02-09 19:36:34,613][com.java.TestType] [12202] - --------------------------setting values-----------------------------
[INFO ][2016-02-09 19:36:34,613][com.java.TestType] [12205] - Action Type : Verify
[INFO ][2016-02-09 19:36:34,613][com.java.TestType] [ 8381] - field= BTN value= //img[contains(@src,'bdlogo.jpg')]
[INFO ][2016-02-09 19:36:34,613][com.java.TestType] [ 6747] - value = //img[contains(@src,'bdlogo.jpg')]
[INFO ][2016-02-09 19:36:34,686][com.java.TestType] [12224] -  RESULT true
[INFO ][2016-02-09 19:36:34,686][com.java.TestType] [12341] - ?   P A S S   ?
[INFO ][2016-02-09 19:36:34,686][com.java.TestType] [12412] - Looping End......
[INFO ][2016-02-09 19:36:34,688][com.java.SeleniumDriver] [  930] -  RESULT true
[INFO ][2016-02-09 19:36:34,688][com.java.SeleniumDriver] [ 1136] - ?   P A S S   ?
[INFO ][2016-02-09 19:36:34,688][com.java.SeleniumDriver] [  856] - ------------------------------------------
[INFO ][2016-02-09 19:36:34,688][com.java.SeleniumDriver] [  857] - Test case being Executed: 1
[INFO ][2016-02-09 19:36:34,688][com.java.SeleniumDriver] [  869] - Test step:2
[INFO ][2016-02-09 19:36:34,688][com.java.SeleniumDriver] [  881] - Datavalue is----------Concept#2:1-2
[INFO ][2016-02-09 19:36:34,688][com.java.SeleniumDriver] [  905] - DataField : test
[INFO ][2016-02-09 19:36:34,688][com.java.SeleniumDriver] [  907] - DataValue : Concept#2:1-2
[INFO ][2016-02-09 19:36:34,688][com.java.SeleniumDriver] [  913] - <In Set values of the page>
[INFO ][2016-02-09 19:36:34,688][com.java.SeleniumDriver] [  916] - {Data Fields & Data Values Exist}
[INFO ][2016-02-09 19:36:34,688][com.java.SeleniumDriver] [  918] - --------------------------setting values-----------------------------
[INFO ][2016-02-09 19:36:34,689][com.java.SeleniumDriver] [  921] - Action Type : ExecuteTestCase
[INFO ][2016-02-09 19:36:34,689][com.java.TestType] [  448] - The Concept sheet name is ---------- Concept
[INFO ][2016-02-09 19:36:34,689][com.java.TestType] [  451] - The Concept ID  is ---------- 2
[DEBUG][2016-02-09 19:36:34,689][com.java.TestType] [  455] - Steps being executted in the Concept are: 1:2
[INFO ][2016-02-09 19:36:34,689][com.java.TestType] [  462] - Test data details path ---------- D:\BankersDashboard\TestInputs\TestData.xls
[INFO ][2016-02-09 19:36:34,708][com.java.TestType] [  493] -  str(1) = 2
[INFO ][2016-02-09 19:36:34,708][com.java.TestType] [  496] - Test case Id is---2
[INFO ][2016-02-09 19:36:34,708][com.java.TestType] [  498] - 2
[INFO ][2016-02-09 19:36:34,708][com.java.TestType] [  493] -  str(2) = 1
[INFO ][2016-02-09 19:36:34,710][com.java.TestType] [  493] -  str(1) = 2
[INFO ][2016-02-09 19:36:34,710][com.java.TestType] [  496] - Test case Id is---2
[INFO ][2016-02-09 19:36:34,710][com.java.TestType] [  498] - 2
[INFO ][2016-02-09 19:36:34,710][com.java.TestType] [  493] -  str(2) = 2
[INFO ][2016-02-09 19:36:34,711][com.java.TestType] [  493] -  str(1) = 2
[INFO ][2016-02-09 19:36:34,711][com.java.TestType] [  496] - Test case Id is---2
[INFO ][2016-02-09 19:36:34,711][com.java.TestType] [  498] - 2
[INFO ][2016-02-09 19:36:34,711][com.java.TestType] [  493] -  str(2) = 3
[INFO ][2016-02-09 19:36:34,712][com.java.TestType] [12106] - Looping 1TCID = 2
[DEBUG][2016-02-09 19:36:34,712][com.java.TestType] [12147] - Concept ID:2 :: Step being Executed: 2::1
[INFO ][2016-02-09 19:36:34,712][com.java.TestType] [12185] - dataFields : BNK//select[@id='bank']
[DEBUG][2016-02-09 19:36:34,712][com.java.TestType] [12191] - <In Set values of the page>
[DEBUG][2016-02-09 19:36:34,712][com.java.TestType] [12196] - {Data Fields & Data Values Exist}
[INFO ][2016-02-09 19:36:34,712][com.java.TestType] [12202] - --------------------------setting values-----------------------------
[INFO ][2016-02-09 19:36:34,712][com.java.TestType] [12205] - Action Type : Select
[INFO ][2016-02-09 19:36:34,712][com.java.TestType] [ 6747] - value = PFC
[INFO ][2016-02-09 19:36:35,109][com.java.TestType] [12224] -  RESULT true
[INFO ][2016-02-09 19:36:35,109][com.java.TestType] [12341] - ?   P A S S   ?
[DEBUG][2016-02-09 19:36:35,109][com.java.TestType] [12147] - Concept ID:2 :: Step being Executed: 2::2
[INFO ][2016-02-09 19:36:35,109][com.java.TestType] [12185] - dataFields : LNKLogout
[DEBUG][2016-02-09 19:36:35,109][com.java.TestType] [12191] - <In Set values of the page>
[DEBUG][2016-02-09 19:36:35,109][com.java.TestType] [12196] - {Data Fields & Data Values Exist}
[INFO ][2016-02-09 19:36:35,109][com.java.TestType] [12202] - --------------------------setting values-----------------------------
[INFO ][2016-02-09 19:36:35,109][com.java.TestType] [12205] - Action Type : WaitTime
[DEBUG][2016-02-09 19:36:35,110][com.java.TestType] [ 6561] - sleepTime: 5000
[INFO ][2016-02-09 19:36:40,111][com.java.TestType] [12224] -  RESULT true
[INFO ][2016-02-09 19:36:40,111][com.java.TestType] [12341] - ?   P A S S   ?
[INFO ][2016-02-09 19:36:40,111][com.java.TestType] [12412] - Looping End......
[INFO ][2016-02-09 19:36:40,112][com.java.SeleniumDriver] [  930] -  RESULT true
[INFO ][2016-02-09 19:36:40,112][com.java.SeleniumDriver] [ 1136] - ?   P A S S   ?
[INFO ][2016-02-09 19:36:40,112][com.java.SeleniumDriver] [  856] - ------------------------------------------
[INFO ][2016-02-09 19:36:40,113][com.java.SeleniumDriver] [  857] - Test case being Executed: 1
[INFO ][2016-02-09 19:36:40,113][com.java.SeleniumDriver] [  869] - Test step:3
[INFO ][2016-02-09 19:36:40,113][com.java.SeleniumDriver] [  881] - Datavalue is----------2
[INFO ][2016-02-09 19:36:40,113][com.java.SeleniumDriver] [  905] - DataField : XPH//button[contains(text(),'Add Content')]
[INFO ][2016-02-09 19:36:40,113][com.java.SeleniumDriver] [  907] - DataValue : 2
[INFO ][2016-02-09 19:36:40,113][com.java.SeleniumDriver] [  913] - <In Set values of the page>
[INFO ][2016-02-09 19:36:40,113][com.java.SeleniumDriver] [  916] - {Data Fields & Data Values Exist}
[INFO ][2016-02-09 19:36:40,113][com.java.SeleniumDriver] [  918] - --------------------------setting values-----------------------------
[INFO ][2016-02-09 19:36:40,113][com.java.SeleniumDriver] [  921] - Action Type : WAITFORELEMENT
[INFO ][2016-02-09 19:36:40,151][com.java.SeleniumDriver] [  930] -  RESULT true
[INFO ][2016-02-09 19:36:40,151][com.java.SeleniumDriver] [ 1136] - ?   P A S S   ?
[DEBUG][2016-02-09 19:36:40,151][com.java.SeleniumDriver] [ 1248] - Case found
[DEBUG][2016-02-09 19:36:40,151][com.java.SeleniumDriver] [ 1253] - Incrementing ReportCounters[0]:1
[INFO ][2016-02-09 19:36:40,151][com.java.SeleniumDriver] [ 1272] - The results are-------------------[1, 1, Valid Login, Pass, , Tue Feb 09 19:36:34 IST 2016, 1, 2, Valid Login, Pass, , Tue Feb 09 19:36:40 IST 2016, 1, 3, Valid Login, Pass, , Tue Feb 09 19:36:40 IST 2016]
[INFO ][2016-02-09 19:36:40,151][com.java.SeleniumDriver] [ 1276] - End time is-------35 sec
[INFO ][2016-02-09 19:36:40,152][com.java.SeleniumDriver] [ 1277] - The results are-------------------[1, 1, Valid Login, Pass, , Tue Feb 09 19:36:34 IST 2016, 1, 2, Valid Login, Pass, , Tue Feb 09 19:36:40 IST 2016, 1, 3, Valid Login, Pass, , Tue Feb 09 19:36:40 IST 2016]
[DEBUG][2016-02-09 19:36:40,152][com.java.ImportnExport.ExportTestResultsExcel] [  222] - testResultPath = D:\BankersDashboard/TestReports/Test Results_BankersDashBoard_020916_193606_IE10_United Bank.xls
[DEBUG][2016-02-09 19:36:40,152][com.java.ImportnExport.ExportTestResultsExcel] [  223] - browser is------------IE10
[DEBUG][2016-02-09 19:36:40,197][com.java.ImportnExport.ExportTestResultsExcel] [  270] - result.size() = 18
[DEBUG][2016-02-09 19:36:40,197][com.java.ImportnExport.ExportTestResultsExcel] [  274] - No of rows in sheet=1
[DEBUG][2016-02-09 19:36:40,197][com.java.ImportnExport.ExportTestResultsExcel] [  301] - ..in export..1
[DEBUG][2016-02-09 19:36:40,197][com.java.ImportnExport.ExportTestResultsExcel] [  301] - ..in export..Valid Login
[DEBUG][2016-02-09 19:36:40,198][com.java.ImportnExport.ExportTestResultsExcel] [  301] - ..in export..Pass
[DEBUG][2016-02-09 19:36:40,198][com.java.ImportnExport.ExportTestResultsExcel] [  301] - ..in export..
[DEBUG][2016-02-09 19:36:40,198][com.java.ImportnExport.ExportTestResultsExcel] [  301] - ..in export..Tue Feb 09 19:36:34 IST 2016
[INFO ][2016-02-09 19:36:40,199][com.java.SeleniumDriver] [ 1337] - out loop:0 size:2 TestCases:[1, 8] testcases:[1, 8]
[INFO ][2016-02-09 19:36:40,199][com.java.ImportnExport.ImportTestDataDetailsExcel] [   49] - test data details path===== D:\BankersDashboard\TestInputs\TestData.xls
[INFO ][2016-02-09 19:36:57,615][com.java.SeleniumDriver] [  856] - ------------------------------------------
[INFO ][2016-02-09 19:36:57,615][com.java.SeleniumDriver] [  857] - Test case being Executed: 8
[INFO ][2016-02-09 19:36:57,615][com.java.SeleniumDriver] [  869] - Test step:1
[INFO ][2016-02-09 19:36:57,615][com.java.SeleniumDriver] [  881] - Datavalue is----------Logout
[INFO ][2016-02-09 19:36:57,615][com.java.SeleniumDriver] [  905] - DataField : BTN
[INFO ][2016-02-09 19:36:57,615][com.java.SeleniumDriver] [  907] - DataValue : Logout
[INFO ][2016-02-09 19:36:57,615][com.java.SeleniumDriver] [  913] - <In Set values of the page>
[INFO ][2016-02-09 19:36:57,615][com.java.SeleniumDriver] [  916] - {Data Fields & Data Values Exist}
[INFO ][2016-02-09 19:36:57,615][com.java.SeleniumDriver] [  918] - --------------------------setting values-----------------------------
[INFO ][2016-02-09 19:36:57,615][com.java.SeleniumDriver] [  921] - Action Type : Verify
[INFO ][2016-02-09 19:36:57,615][com.java.TestType] [ 8381] - field= BTN value= Logout
[INFO ][2016-02-09 19:36:57,616][com.java.TestType] [ 6747] - value = Logout
[INFO ][2016-02-09 19:36:57,691][com.java.SeleniumDriver] [  930] -  RESULT true
[INFO ][2016-02-09 19:36:57,691][com.java.SeleniumDriver] [ 1136] - ?   P A S S   ?
[INFO ][2016-02-09 19:36:57,691][com.java.SeleniumDriver] [ 1178] - step change to 3
[INFO ][2016-02-09 19:36:57,691][com.java.SeleniumDriver] [  856] - ------------------------------------------
[INFO ][2016-02-09 19:36:57,691][com.java.SeleniumDriver] [  857] - Test case being Executed: 8
[INFO ][2016-02-09 19:36:57,691][com.java.SeleniumDriver] [  869] - Test step:3
[INFO ][2016-02-09 19:36:57,691][com.java.SeleniumDriver] [  881] - Datavalue is----------Concept#2:1-3
[INFO ][2016-02-09 19:36:57,691][com.java.SeleniumDriver] [  905] - DataField : test
[INFO ][2016-02-09 19:36:57,691][com.java.SeleniumDriver] [  907] - DataValue : Concept#2:1-3
[INFO ][2016-02-09 19:36:57,691][com.java.SeleniumDriver] [  913] - <In Set values of the page>
[INFO ][2016-02-09 19:36:57,692][com.java.SeleniumDriver] [  916] - {Data Fields & Data Values Exist}
[INFO ][2016-02-09 19:36:57,692][com.java.SeleniumDriver] [  918] - --------------------------setting values-----------------------------
[INFO ][2016-02-09 19:36:57,692][com.java.SeleniumDriver] [  921] - Action Type : ExecuteTestCase
[INFO ][2016-02-09 19:36:57,692][com.java.TestType] [  448] - The Concept sheet name is ---------- Concept
[INFO ][2016-02-09 19:36:57,692][com.java.TestType] [  451] - The Concept ID  is ---------- 2
[DEBUG][2016-02-09 19:36:57,692][com.java.TestType] [  455] - Steps being executted in the Concept are: 1:3
[INFO ][2016-02-09 19:36:57,692][com.java.TestType] [  462] - Test data details path ---------- D:\BankersDashboard\TestInputs\TestData.xls
[INFO ][2016-02-09 19:36:57,709][com.java.TestType] [  493] -  str(1) = 2
[INFO ][2016-02-09 19:36:57,709][com.java.TestType] [  496] - Test case Id is---2
[INFO ][2016-02-09 19:36:57,709][com.java.TestType] [  498] - 2
[INFO ][2016-02-09 19:36:57,709][com.java.TestType] [  493] -  str(2) = 1
[INFO ][2016-02-09 19:36:57,711][com.java.TestType] [  493] -  str(1) = 2
[INFO ][2016-02-09 19:36:57,711][com.java.TestType] [  496] - Test case Id is---2
[INFO ][2016-02-09 19:36:57,711][com.java.TestType] [  498] - 2
[INFO ][2016-02-09 19:36:57,711][com.java.TestType] [  493] -  str(2) = 2
[INFO ][2016-02-09 19:36:57,711][com.java.TestType] [  493] -  str(1) = 2
[INFO ][2016-02-09 19:36:57,711][com.java.TestType] [  496] - Test case Id is---2
[INFO ][2016-02-09 19:36:57,711][com.java.TestType] [  498] - 2
[INFO ][2016-02-09 19:36:57,712][com.java.TestType] [  493] -  str(2) = 3
[INFO ][2016-02-09 19:36:57,713][com.java.TestType] [12106] - Looping 1TCID = 2
[DEBUG][2016-02-09 19:36:57,713][com.java.TestType] [12147] - Concept ID:2 :: Step being Executed: 2::1
[INFO ][2016-02-09 19:36:57,713][com.java.TestType] [12185] - dataFields : BNK//select[@id='bank']
[DEBUG][2016-02-09 19:36:57,713][com.java.TestType] [12191] - <In Set values of the page>
[DEBUG][2016-02-09 19:36:57,713][com.java.TestType] [12196] - {Data Fields & Data Values Exist}
[INFO ][2016-02-09 19:36:57,713][com.java.TestType] [12202] - --------------------------setting values-----------------------------
[INFO ][2016-02-09 19:36:57,713][com.java.TestType] [12205] - Action Type : Select
[INFO ][2016-02-09 19:36:57,713][com.java.TestType] [ 6747] - value = PFC
[INFO ][2016-02-09 19:36:57,957][com.java.TestType] [12224] -  RESULT true
[INFO ][2016-02-09 19:36:57,958][com.java.TestType] [12341] - ?   P A S S   ?
[DEBUG][2016-02-09 19:36:57,958][com.java.TestType] [12147] - Concept ID:2 :: Step being Executed: 2::2
[INFO ][2016-02-09 19:36:57,958][com.java.TestType] [12185] - dataFields : LNKLogout
[DEBUG][2016-02-09 19:36:57,958][com.java.TestType] [12191] - <In Set values of the page>
[DEBUG][2016-02-09 19:36:57,958][com.java.TestType] [12196] - {Data Fields & Data Values Exist}
[INFO ][2016-02-09 19:36:57,958][com.java.TestType] [12202] - --------------------------setting values-----------------------------
[INFO ][2016-02-09 19:36:57,958][com.java.TestType] [12205] - Action Type : WaitTime
[DEBUG][2016-02-09 19:36:57,958][com.java.TestType] [ 6561] - sleepTime: 5000
[INFO ][2016-02-09 19:37:02,959][com.java.TestType] [12224] -  RESULT true
[INFO ][2016-02-09 19:37:02,959][com.java.TestType] [12341] - ?   P A S S   ?
[DEBUG][2016-02-09 19:37:02,959][com.java.TestType] [12147] - Concept ID:2 :: Step being Executed: 2::3
[INFO ][2016-02-09 19:37:02,959][com.java.TestType] [12185] - dataFields : LNKLogout
[DEBUG][2016-02-09 19:37:02,959][com.java.TestType] [12191] - <In Set values of the page>
[DEBUG][2016-02-09 19:37:02,959][com.java.TestType] [12196] - {Data Fields & Data Values Exist}
[INFO ][2016-02-09 19:37:02,959][com.java.TestType] [12202] - --------------------------setting values-----------------------------
[INFO ][2016-02-09 19:37:02,959][com.java.TestType] [12205] - Action Type : WaitForElement
[INFO ][2016-02-09 19:37:02,997][com.java.TestType] [12224] -  RESULT true
[INFO ][2016-02-09 19:37:02,997][com.java.TestType] [12341] - ?   P A S S   ?
[INFO ][2016-02-09 19:37:02,997][com.java.TestType] [12412] - Looping End......
[INFO ][2016-02-09 19:37:02,999][com.java.SeleniumDriver] [  930] -  RESULT true
[INFO ][2016-02-09 19:37:02,999][com.java.SeleniumDriver] [ 1136] - ?   P A S S   ?
[INFO ][2016-02-09 19:37:02,999][com.java.SeleniumDriver] [  856] - ------------------------------------------
[INFO ][2016-02-09 19:37:03,001][com.java.SeleniumDriver] [  857] - Test case being Executed: 8
[INFO ][2016-02-09 19:37:03,001][com.java.SeleniumDriver] [  869] - Test step:4
[INFO ][2016-02-09 19:37:03,001][com.java.SeleniumDriver] [  881] - Datavalue is----------null
[DEBUG][2016-02-09 19:37:03,001][com.java.SeleniumDriver] [  899] - Exception: null
[INFO ][2016-02-09 19:37:03,001][com.java.SeleniumDriver] [  905] - DataField : //span[@class="icon-cog2"]&&//a[text()='Customize']&&//a[@data-id="TabletAlerts"]
[INFO ][2016-02-09 19:37:03,001][com.java.SeleniumDriver] [  907] - DataValue : 
[INFO ][2016-02-09 19:37:03,001][com.java.SeleniumDriver] [  913] - <In Set values of the page>
[INFO ][2016-02-09 19:37:03,001][com.java.SeleniumDriver] [  916] - {Data Fields & Data Values Exist}
[INFO ][2016-02-09 19:37:03,001][com.java.SeleniumDriver] [  918] - --------------------------setting values-----------------------------
[INFO ][2016-02-09 19:37:03,001][com.java.SeleniumDriver] [  921] - Action Type : MOUSEOVER
[INFO ][2016-02-09 19:37:47,822][com.java.SeleniumDriver] [  930] -  RESULT true
[INFO ][2016-02-09 19:37:47,822][com.java.SeleniumDriver] [ 1136] - ?   P A S S   ?
[INFO ][2016-02-09 19:37:47,822][com.java.SeleniumDriver] [  856] - ------------------------------------------
[INFO ][2016-02-09 19:37:47,823][com.java.SeleniumDriver] [  857] - Test case being Executed: 8
[INFO ][2016-02-09 19:37:47,823][com.java.SeleniumDriver] [  869] - Test step:5
[INFO ][2016-02-09 19:37:47,823][com.java.SeleniumDriver] [  881] - Datavalue is----------My Alerts
[INFO ][2016-02-09 19:37:47,823][com.java.SeleniumDriver] [  905] - DataField : XPH//span[@class='ui-dialog-title']
[INFO ][2016-02-09 19:37:47,823][com.java.SeleniumDriver] [  907] - DataValue : My Alerts
[INFO ][2016-02-09 19:37:47,823][com.java.SeleniumDriver] [  913] - <In Set values of the page>
[INFO ][2016-02-09 19:37:47,823][com.java.SeleniumDriver] [  916] - {Data Fields & Data Values Exist}
[INFO ][2016-02-09 19:37:47,823][com.java.SeleniumDriver] [  918] - --------------------------setting values-----------------------------
[INFO ][2016-02-09 19:37:47,823][com.java.SeleniumDriver] [  921] - Action Type : verify
[INFO ][2016-02-09 19:37:47,823][com.java.TestType] [ 8381] - field= XPH//span[@class='ui-dialog-title'] value= My Alerts
[INFO ][2016-02-09 19:37:47,823][com.java.TestType] [ 6747] - value = My Alerts
[INFO ][2016-02-09 19:37:48,009][com.java.SeleniumDriver] [  930] -  RESULT true
[INFO ][2016-02-09 19:37:48,009][com.java.SeleniumDriver] [ 1136] - ?   P A S S   ?
[INFO ][2016-02-09 19:37:48,009][com.java.SeleniumDriver] [  856] - ------------------------------------------
[INFO ][2016-02-09 19:37:48,009][com.java.SeleniumDriver] [  857] - Test case being Executed: 8
[INFO ][2016-02-09 19:37:48,009][com.java.SeleniumDriver] [  869] - Test step:6
[INFO ][2016-02-09 19:37:48,009][com.java.SeleniumDriver] [  881] - Datavalue is----------null
[DEBUG][2016-02-09 19:37:48,009][com.java.SeleniumDriver] [  899] - Exception: null
[INFO ][2016-02-09 19:37:48,009][com.java.SeleniumDriver] [  905] - DataField : BTNframeDialogContent
[INFO ][2016-02-09 19:37:48,010][com.java.SeleniumDriver] [  907] - DataValue : 
[INFO ][2016-02-09 19:37:48,010][com.java.SeleniumDriver] [  913] - <In Set values of the page>
[INFO ][2016-02-09 19:37:48,010][com.java.SeleniumDriver] [  916] - {Data Fields & Data Values Exist}
[INFO ][2016-02-09 19:37:48,010][com.java.SeleniumDriver] [  918] - --------------------------setting values-----------------------------
[INFO ][2016-02-09 19:37:48,010][com.java.SeleniumDriver] [  921] - Action Type : SELECTFRAME
[INFO ][2016-02-09 19:37:49,406][com.java.SeleniumDriver] [  930] -  RESULT true
[INFO ][2016-02-09 19:37:49,406][com.java.SeleniumDriver] [ 1136] - ?   P A S S   ?
[INFO ][2016-02-09 19:37:49,406][com.java.SeleniumDriver] [  856] - ------------------------------------------
[INFO ][2016-02-09 19:37:49,406][com.java.SeleniumDriver] [  857] - Test case being Executed: 8
[INFO ][2016-02-09 19:37:49,406][com.java.SeleniumDriver] [  869] - Test step:7
[INFO ][2016-02-09 19:37:49,406][com.java.SeleniumDriver] [  881] - Datavalue is----------null
[DEBUG][2016-02-09 19:37:49,406][com.java.SeleniumDriver] [  899] - Exception: null
[INFO ][2016-02-09 19:37:49,407][com.java.SeleniumDriver] [  905] - DataField : XPH//span[contains(text(),'Balance Sheet')]
[INFO ][2016-02-09 19:37:49,407][com.java.SeleniumDriver] [  907] - DataValue : 
[INFO ][2016-02-09 19:37:49,407][com.java.SeleniumDriver] [  913] - <In Set values of the page>
[INFO ][2016-02-09 19:37:49,407][com.java.SeleniumDriver] [  916] - {Data Fields & Data Values Exist}
[INFO ][2016-02-09 19:37:49,407][com.java.SeleniumDriver] [  918] - --------------------------setting values-----------------------------
[INFO ][2016-02-09 19:37:49,407][com.java.SeleniumDriver] [  921] - Action Type : CLICK
[INFO ][2016-02-09 19:37:49,407][com.java.TestType] [ 7148] - Field ::XPH//span[contains(text(),'Balance Sheet')]
[INFO ][2016-02-09 19:37:49,407][com.java.TestType] [ 6747] - value = 
[INFO ][2016-02-09 19:37:50,407][com.java.TestType] [ 7325] - BEFORE CLICK
[INFO ][2016-02-09 19:37:51,222][com.java.TestType] [ 7333] - Unable to click the object Balance Sheet
[INFO ][2016-02-09 19:37:51,222][com.java.SeleniumDriver] [  930] -  RESULT true
[INFO ][2016-02-09 19:37:51,222][com.java.SeleniumDriver] [ 1136] - ?   P A S S   ?
[INFO ][2016-02-09 19:37:51,222][com.java.SeleniumDriver] [  856] - ------------------------------------------
[INFO ][2016-02-09 19:37:51,222][com.java.SeleniumDriver] [  857] - Test case being Executed: 8
[INFO ][2016-02-09 19:37:51,222][com.java.SeleniumDriver] [  869] - Test step:8
[INFO ][2016-02-09 19:37:51,222][com.java.SeleniumDriver] [  881] - Datavalue is----------5
[INFO ][2016-02-09 19:37:51,222][com.java.SeleniumDriver] [  905] - DataField : test
[INFO ][2016-02-09 19:37:51,222][com.java.SeleniumDriver] [  907] - DataValue : 5
[INFO ][2016-02-09 19:37:51,222][com.java.SeleniumDriver] [  913] - <In Set values of the page>
[INFO ][2016-02-09 19:37:51,222][com.java.SeleniumDriver] [  916] - {Data Fields & Data Values Exist}
[INFO ][2016-02-09 19:37:51,222][com.java.SeleniumDriver] [  918] - --------------------------setting values-----------------------------
[INFO ][2016-02-09 19:37:51,223][com.java.SeleniumDriver] [  921] - Action Type : WAITTIME
[DEBUG][2016-02-09 19:37:51,223][com.java.TestType] [ 6561] - sleepTime: 5000
[INFO ][2016-02-09 19:37:56,223][com.java.SeleniumDriver] [  930] -  RESULT true
[INFO ][2016-02-09 19:37:56,223][com.java.SeleniumDriver] [ 1136] - ?   P A S S   ?
[INFO ][2016-02-09 19:37:56,223][com.java.SeleniumDriver] [  856] - ------------------------------------------
[INFO ][2016-02-09 19:37:56,223][com.java.SeleniumDriver] [  857] - Test case being Executed: 8
[INFO ][2016-02-09 19:37:56,223][com.java.SeleniumDriver] [  869] - Test step:9
[INFO ][2016-02-09 19:37:56,223][com.java.SeleniumDriver] [  881] - Datavalue is----------RTD0
[INFO ][2016-02-09 19:37:56,223][com.java.SeleniumDriver] [  905] - DataField : TXT//table[@id="BalSheetTbl"]/tbody//td[4]/input[@class="perVal"]
[INFO ][2016-02-09 19:37:56,223][com.java.SeleniumDriver] [  907] - DataValue : RTD0
[INFO ][2016-02-09 19:37:56,223][com.java.SeleniumDriver] [  913] - <In Set values of the page>
[INFO ][2016-02-09 19:37:56,223][com.java.SeleniumDriver] [  916] - {Data Fields & Data Values Exist}
[INFO ][2016-02-09 19:37:56,223][com.java.SeleniumDriver] [  918] - --------------------------setting values-----------------------------
[INFO ][2016-02-09 19:37:56,223][com.java.SeleniumDriver] [  921] - Action Type : CLEARANDENTER
[INFO ][2016-02-09 19:37:56,357][com.java.TestType] [ 6747] - value = 043
[INFO ][2016-02-09 19:37:56,502][com.java.SeleniumDriver] [  930] -  RESULT true
[INFO ][2016-02-09 19:37:56,502][com.java.SeleniumDriver] [ 1136] - ?   P A S S   ?
[INFO ][2016-02-09 19:37:56,502][com.java.SeleniumDriver] [  856] - ------------------------------------------
[INFO ][2016-02-09 19:37:56,503][com.java.SeleniumDriver] [  857] - Test case being Executed: 8
[INFO ][2016-02-09 19:37:56,503][com.java.SeleniumDriver] [  869] - Test step:10
[INFO ][2016-02-09 19:37:56,503][com.java.SeleniumDriver] [  881] - Datavalue is----------null
[DEBUG][2016-02-09 19:37:56,503][com.java.SeleniumDriver] [  899] - Exception: null
[INFO ][2016-02-09 19:37:56,503][com.java.SeleniumDriver] [  905] - DataField : BTNparent
[INFO ][2016-02-09 19:37:56,503][com.java.SeleniumDriver] [  907] - DataValue : 
[INFO ][2016-02-09 19:37:56,503][com.java.SeleniumDriver] [  913] - <In Set values of the page>
[INFO ][2016-02-09 19:37:56,503][com.java.SeleniumDriver] [  916] - {Data Fields & Data Values Exist}
[INFO ][2016-02-09 19:37:56,503][com.java.SeleniumDriver] [  918] - --------------------------setting values-----------------------------
[INFO ][2016-02-09 19:37:56,503][com.java.SeleniumDriver] [  921] - Action Type : SELECTFRAME
[INFO ][2016-02-09 19:37:56,519][com.java.SeleniumDriver] [  930] -  RESULT true
[INFO ][2016-02-09 19:37:56,519][com.java.SeleniumDriver] [ 1136] - ?   P A S S   ?
[INFO ][2016-02-09 19:37:56,519][com.java.SeleniumDriver] [  856] - ------------------------------------------
[INFO ][2016-02-09 19:37:56,519][com.java.SeleniumDriver] [  857] - Test case being Executed: 8
[INFO ][2016-02-09 19:37:56,519][com.java.SeleniumDriver] [  869] - Test step:11
[INFO ][2016-02-09 19:37:56,519][com.java.SeleniumDriver] [  881] - Datavalue is----------null
[DEBUG][2016-02-09 19:37:56,519][com.java.SeleniumDriver] [  899] - Exception: null
[INFO ][2016-02-09 19:37:56,519][com.java.SeleniumDriver] [  905] - DataField : HDN//span[contains(text(),'Save')]
[INFO ][2016-02-09 19:37:56,520][com.java.SeleniumDriver] [  907] - DataValue : 
[INFO ][2016-02-09 19:37:56,520][com.java.SeleniumDriver] [  913] - <In Set values of the page>
[INFO ][2016-02-09 19:37:56,520][com.java.SeleniumDriver] [  916] - {Data Fields & Data Values Exist}
[INFO ][2016-02-09 19:37:56,520][com.java.SeleniumDriver] [  918] - --------------------------setting values-----------------------------
[INFO ][2016-02-09 19:37:56,520][com.java.SeleniumDriver] [  921] - Action Type : CLICK
[INFO ][2016-02-09 19:37:56,520][com.java.TestType] [ 7148] - Field ::HDN//span[contains(text(),'Save')]
[INFO ][2016-02-09 19:37:56,520][com.java.TestType] [ 6747] - value = 
[INFO ][2016-02-09 19:37:57,839][com.java.SeleniumDriver] [  930] -  RESULT true
[INFO ][2016-02-09 19:37:57,840][com.java.SeleniumDriver] [ 1136] - ?   P A S S   ?
[INFO ][2016-02-09 19:37:57,840][com.java.SeleniumDriver] [  856] - ------------------------------------------
[INFO ][2016-02-09 19:37:57,840][com.java.SeleniumDriver] [  857] - Test case being Executed: 8
[INFO ][2016-02-09 19:37:57,840][com.java.SeleniumDriver] [  869] - Test step:12
[INFO ][2016-02-09 19:37:57,841][com.java.SeleniumDriver] [  881] - Datavalue is----------null
[DEBUG][2016-02-09 19:37:57,841][com.java.SeleniumDriver] [  899] - Exception: null
[INFO ][2016-02-09 19:37:57,841][com.java.SeleniumDriver] [  905] - DataField : XPH//div[@class="menu"]//span[@class='glyphicon glyphicon-bell']
[INFO ][2016-02-09 19:37:57,841][com.java.SeleniumDriver] [  907] - DataValue : 
[INFO ][2016-02-09 19:37:57,841][com.java.SeleniumDriver] [  913] - <In Set values of the page>
[INFO ][2016-02-09 19:37:57,841][com.java.SeleniumDriver] [  916] - {Data Fields & Data Values Exist}
[INFO ][2016-02-09 19:37:57,841][com.java.SeleniumDriver] [  918] - --------------------------setting values-----------------------------
[INFO ][2016-02-09 19:37:57,841][com.java.SeleniumDriver] [  921] - Action Type : CLICK
[INFO ][2016-02-09 19:37:57,841][com.java.TestType] [ 7148] - Field ::XPH//div[@class="menu"]//span[@class='glyphicon glyphicon-bell']
[INFO ][2016-02-09 19:37:57,841][com.java.TestType] [ 6747] - value = 
[INFO ][2016-02-09 19:37:58,841][com.java.TestType] [ 7325] - BEFORE CLICK
[INFO ][2016-02-09 19:38:00,246][com.java.TestType] [ 7333] - Unable to click the object Click on  bell symbol
[INFO ][2016-02-09 19:38:00,246][com.java.SeleniumDriver] [  930] -  RESULT true
[INFO ][2016-02-09 19:38:00,246][com.java.SeleniumDriver] [ 1136] - ?   P A S S   ?
[INFO ][2016-02-09 19:38:00,246][com.java.SeleniumDriver] [  856] - ------------------------------------------
[INFO ][2016-02-09 19:38:00,246][com.java.SeleniumDriver] [  857] - Test case being Executed: 8
[INFO ][2016-02-09 19:38:00,246][com.java.SeleniumDriver] [  869] - Test step:13
[INFO ][2016-02-09 19:38:00,246][com.java.SeleniumDriver] [  881] - Datavalue is----------null
[DEBUG][2016-02-09 19:38:00,246][com.java.SeleniumDriver] [  899] - Exception: null
[INFO ][2016-02-09 19:38:00,246][com.java.SeleniumDriver] [  905] - DataField : XPH//div[contains(@class,'rightMenuContainer')]//div[@class="menu-drawer"]
[INFO ][2016-02-09 19:38:00,246][com.java.SeleniumDriver] [  907] - DataValue : 
[INFO ][2016-02-09 19:38:00,246][com.java.SeleniumDriver] [  913] - <In Set values of the page>
[INFO ][2016-02-09 19:38:00,247][com.java.SeleniumDriver] [  916] - {Data Fields & Data Values Exist}
[INFO ][2016-02-09 19:38:00,247][com.java.SeleniumDriver] [  918] - --------------------------setting values-----------------------------
[INFO ][2016-02-09 19:38:00,247][com.java.SeleniumDriver] [  921] - Action Type : CLICK
[INFO ][2016-02-09 19:38:00,247][com.java.TestType] [ 7148] - Field ::XPH//div[contains(@class,'rightMenuContainer')]//div[@class="menu-drawer"]
[INFO ][2016-02-09 19:38:00,247][com.java.TestType] [ 6747] - value = 
[INFO ][2016-02-09 19:38:01,247][com.java.TestType] [ 7325] - BEFORE CLICK
[INFO ][2016-02-09 19:38:02,190][com.java.TestType] [ 7333] - Unable to click the object Click on the Today's Alert Page
[INFO ][2016-02-09 19:38:02,190][com.java.SeleniumDriver] [  930] -  RESULT true
[INFO ][2016-02-09 19:38:02,190][com.java.SeleniumDriver] [ 1136] - ?   P A S S   ?
[INFO ][2016-02-09 19:38:02,190][com.java.SeleniumDriver] [  856] - ------------------------------------------
[INFO ][2016-02-09 19:38:02,190][com.java.SeleniumDriver] [  857] - Test case being Executed: 8
[INFO ][2016-02-09 19:38:02,190][com.java.SeleniumDriver] [  869] - Test step:14
[INFO ][2016-02-09 19:38:02,190][com.java.SeleniumDriver] [  881] - Datavalue is----------//div[@class="menu-drawer"]//span
[INFO ][2016-02-09 19:38:02,190][com.java.SeleniumDriver] [  905] - DataField : BTN
[INFO ][2016-02-09 19:38:02,190][com.java.SeleniumDriver] [  907] - DataValue : //div[@class="menu-drawer"]//span
[INFO ][2016-02-09 19:38:02,190][com.java.SeleniumDriver] [  913] - <In Set values of the page>
[INFO ][2016-02-09 19:38:02,190][com.java.SeleniumDriver] [  916] - {Data Fields & Data Values Exist}
[INFO ][2016-02-09 19:38:02,190][com.java.SeleniumDriver] [  918] - --------------------------setting values-----------------------------
[INFO ][2016-02-09 19:38:02,190][com.java.SeleniumDriver] [  921] - Action Type : VERIFY
[INFO ][2016-02-09 19:38:02,191][com.java.TestType] [ 8381] - field= BTN value= //div[@class="menu-drawer"]//span
[INFO ][2016-02-09 19:38:02,191][com.java.TestType] [ 6747] - value = //div[@class="menu-drawer"]//span
[INFO ][2016-02-09 19:38:02,284][com.java.SeleniumDriver] [  930] -  RESULT true
[INFO ][2016-02-09 19:38:02,284][com.java.SeleniumDriver] [ 1136] - ?   P A S S   ?
[INFO ][2016-02-09 19:38:02,284][com.java.SeleniumDriver] [  856] - ------------------------------------------
[INFO ][2016-02-09 19:38:02,284][com.java.SeleniumDriver] [  857] - Test case being Executed: 8
[INFO ][2016-02-09 19:38:02,284][com.java.SeleniumDriver] [  869] - Test step:15
[INFO ][2016-02-09 19:38:02,284][com.java.SeleniumDriver] [  881] - Datavalue is----------//div[@id='isAlertsHeading']/h4
[INFO ][2016-02-09 19:38:02,284][com.java.SeleniumDriver] [  905] - DataField : BTN
[INFO ][2016-02-09 19:38:02,285][com.java.SeleniumDriver] [  907] - DataValue : //div[@id='isAlertsHeading']/h4
[INFO ][2016-02-09 19:38:02,285][com.java.SeleniumDriver] [  913] - <In Set values of the page>
[INFO ][2016-02-09 19:38:02,285][com.java.SeleniumDriver] [  916] - {Data Fields & Data Values Exist}
[INFO ][2016-02-09 19:38:02,285][com.java.SeleniumDriver] [  918] - --------------------------setting values-----------------------------
[INFO ][2016-02-09 19:38:02,285][com.java.SeleniumDriver] [  921] - Action Type : VERIFY
[INFO ][2016-02-09 19:38:02,285][com.java.TestType] [ 8381] - field= BTN value= //div[@id='isAlertsHeading']/h4
[INFO ][2016-02-09 19:38:02,285][com.java.TestType] [ 6747] - value = //div[@id='isAlertsHeading']/h4
[INFO ][2016-02-09 19:38:02,358][com.java.SeleniumDriver] [  930] -  RESULT true
[INFO ][2016-02-09 19:38:02,358][com.java.SeleniumDriver] [ 1136] - ?   P A S S   ?
[INFO ][2016-02-09 19:38:02,358][com.java.SeleniumDriver] [  856] - ------------------------------------------
[INFO ][2016-02-09 19:38:02,358][com.java.SeleniumDriver] [  857] - Test case being Executed: 8
[INFO ][2016-02-09 19:38:02,358][com.java.SeleniumDriver] [  869] - Test step:16
[INFO ][2016-02-09 19:38:02,358][com.java.SeleniumDriver] [  881] - Datavalue is----------null
[DEBUG][2016-02-09 19:38:02,359][com.java.SeleniumDriver] [  899] - Exception: null
[INFO ][2016-02-09 19:38:02,359][com.java.SeleniumDriver] [  905] - DataField : XPH//div[@class="panel panel-default ng-scope"]/div[@id='bsAlertsHeading']/h4
[INFO ][2016-02-09 19:38:02,359][com.java.SeleniumDriver] [  907] - DataValue : 
[INFO ][2016-02-09 19:38:02,359][com.java.SeleniumDriver] [  913] - <In Set values of the page>
[INFO ][2016-02-09 19:38:02,359][com.java.SeleniumDriver] [  916] - {Data Fields & Data Values Exist}
[INFO ][2016-02-09 19:38:02,359][com.java.SeleniumDriver] [  918] - --------------------------setting values-----------------------------
[INFO ][2016-02-09 19:38:02,359][com.java.SeleniumDriver] [  921] - Action Type : CLICK
[INFO ][2016-02-09 19:38:02,359][com.java.TestType] [ 7148] - Field ::XPH//div[@class="panel panel-default ng-scope"]/div[@id='bsAlertsHeading']/h4
[INFO ][2016-02-09 19:38:02,359][com.java.TestType] [ 6747] - value = 
[INFO ][2016-02-09 19:38:03,359][com.java.TestType] [ 7325] - BEFORE CLICK
[INFO ][2016-02-09 19:38:04,307][com.java.TestType] [ 7333] - Unable to click the object Click on Income Statement tab
[INFO ][2016-02-09 19:38:04,307][com.java.SeleniumDriver] [  930] -  RESULT true
[INFO ][2016-02-09 19:38:04,307][com.java.SeleniumDriver] [ 1136] - ?   P A S S   ?
[INFO ][2016-02-09 19:38:04,307][com.java.SeleniumDriver] [  856] - ------------------------------------------
[INFO ][2016-02-09 19:38:04,307][com.java.SeleniumDriver] [  857] - Test case being Executed: 8
[INFO ][2016-02-09 19:38:04,307][com.java.SeleniumDriver] [  869] - Test step:17
[INFO ][2016-02-09 19:38:04,307][com.java.SeleniumDriver] [  881] - Datavalue is----------5
[INFO ][2016-02-09 19:38:04,307][com.java.SeleniumDriver] [  905] - DataField : null
[INFO ][2016-02-09 19:38:04,307][com.java.SeleniumDriver] [  907] - DataValue : 5
[INFO ][2016-02-09 19:38:04,307][com.java.SeleniumDriver] [  913] - <In Set values of the page>
[INFO ][2016-02-09 19:38:04,307][com.java.SeleniumDriver] [  916] - {Data Fields & Data Values Exist}
[INFO ][2016-02-09 19:38:04,307][com.java.SeleniumDriver] [  918] - --------------------------setting values-----------------------------
[INFO ][2016-02-09 19:38:04,307][com.java.SeleniumDriver] [  921] - Action Type : WAITTIME
[DEBUG][2016-02-09 19:38:04,308][com.java.TestType] [ 6561] - sleepTime: 5000
[INFO ][2016-02-09 19:38:09,309][com.java.SeleniumDriver] [  930] -  RESULT true
[INFO ][2016-02-09 19:38:09,309][com.java.SeleniumDriver] [ 1136] - ?   P A S S   ?
[INFO ][2016-02-09 19:38:09,309][com.java.SeleniumDriver] [  856] - ------------------------------------------
[INFO ][2016-02-09 19:38:09,309][com.java.SeleniumDriver] [  857] - Test case being Executed: 8
[INFO ][2016-02-09 19:38:09,309][com.java.SeleniumDriver] [  869] - Test step:18
[INFO ][2016-02-09 19:38:09,309][com.java.SeleniumDriver] [  881] - Datavalue is----------//div[@id='bsAlertsContent']//div[@class="ng-binding"]
[INFO ][2016-02-09 19:38:09,309][com.java.SeleniumDriver] [  905] - DataField : BTN
[INFO ][2016-02-09 19:38:09,309][com.java.SeleniumDriver] [  907] - DataValue : //div[@id='bsAlertsContent']//div[@class="ng-binding"]
[INFO ][2016-02-09 19:38:09,309][com.java.SeleniumDriver] [  913] - <In Set values of the page>
[INFO ][2016-02-09 19:38:09,309][com.java.SeleniumDriver] [  916] - {Data Fields & Data Values Exist}
[INFO ][2016-02-09 19:38:09,309][com.java.SeleniumDriver] [  918] - --------------------------setting values-----------------------------
[INFO ][2016-02-09 19:38:09,309][com.java.SeleniumDriver] [  921] - Action Type : VERIFY
[INFO ][2016-02-09 19:38:09,309][com.java.TestType] [ 8381] - field= BTN value= //div[@id='bsAlertsContent']//div[@class="ng-binding"]
[INFO ][2016-02-09 19:38:09,310][com.java.TestType] [ 6747] - value = //div[@id='bsAlertsContent']//div[@class="ng-binding"]
[INFO ][2016-02-09 19:38:09,383][com.java.SeleniumDriver] [  930] -  RESULT true
[INFO ][2016-02-09 19:38:09,383][com.java.SeleniumDriver] [ 1136] - ?   P A S S   ?
[INFO ][2016-02-09 19:38:09,383][com.java.SeleniumDriver] [  856] - ------------------------------------------
[INFO ][2016-02-09 19:38:09,383][com.java.SeleniumDriver] [  857] - Test case being Executed: 8
[INFO ][2016-02-09 19:38:09,383][com.java.SeleniumDriver] [  869] - Test step:19
[INFO ][2016-02-09 19:38:09,383][com.java.SeleniumDriver] [  881] - Datavalue is----------null
[DEBUG][2016-02-09 19:38:09,383][com.java.SeleniumDriver] [  899] - Exception: null
[INFO ][2016-02-09 19:38:09,385][com.java.SeleniumDriver] [  905] - DataField : XPH//div[@class="panel panel-default ng-scope"]/div[@id='bsAlertsHeading']/h4
[INFO ][2016-02-09 19:38:09,385][com.java.SeleniumDriver] [  907] - DataValue : 
[INFO ][2016-02-09 19:38:09,385][com.java.SeleniumDriver] [  913] - <In Set values of the page>
[INFO ][2016-02-09 19:38:09,385][com.java.SeleniumDriver] [  916] - {Data Fields & Data Values Exist}
[INFO ][2016-02-09 19:38:09,385][com.java.SeleniumDriver] [  918] - --------------------------setting values-----------------------------
[INFO ][2016-02-09 19:38:09,385][com.java.SeleniumDriver] [  921] - Action Type : CLICK
[INFO ][2016-02-09 19:38:09,386][com.java.TestType] [ 7148] - Field ::XPH//div[@class="panel panel-default ng-scope"]/div[@id='bsAlertsHeading']/h4
[INFO ][2016-02-09 19:38:09,386][com.java.TestType] [ 6747] - value = 
[INFO ][2016-02-09 19:38:10,386][com.java.TestType] [ 7325] - BEFORE CLICK
[INFO ][2016-02-09 19:38:11,318][com.java.TestType] [ 7333] - Unable to click the object Click on Income Statement tab
[INFO ][2016-02-09 19:38:11,318][com.java.SeleniumDriver] [  930] -  RESULT true
[INFO ][2016-02-09 19:38:11,318][com.java.SeleniumDriver] [ 1136] - ?   P A S S   ?
[INFO ][2016-02-09 19:38:11,318][com.java.SeleniumDriver] [  856] - ------------------------------------------
[INFO ][2016-02-09 19:38:11,318][com.java.SeleniumDriver] [  857] - Test case being Executed: 8
[INFO ][2016-02-09 19:38:11,318][com.java.SeleniumDriver] [  869] - Test step:20
[INFO ][2016-02-09 19:38:11,318][com.java.SeleniumDriver] [  881] - Datavalue is----------//*[@id='bsAlertsContent']/div/div[1]/div[1]
[INFO ][2016-02-09 19:38:11,320][com.java.SeleniumDriver] [  905] - DataField : MSG
[INFO ][2016-02-09 19:38:11,320][com.java.SeleniumDriver] [  907] - DataValue : //*[@id='bsAlertsContent']/div/div[1]/div[1]
[INFO ][2016-02-09 19:38:11,320][com.java.SeleniumDriver] [  913] - <In Set values of the page>
[INFO ][2016-02-09 19:38:11,320][com.java.SeleniumDriver] [  916] - {Data Fields & Data Values Exist}
[INFO ][2016-02-09 19:38:11,320][com.java.SeleniumDriver] [  918] - --------------------------setting values-----------------------------
[INFO ][2016-02-09 19:38:11,320][com.java.SeleniumDriver] [  921] - Action Type : VERIFYNOTPRESENT
[INFO ][2016-02-09 19:38:11,320][com.java.TestType] [10190] - field= MSG value= //*[@id='bsAlertsContent']/div/div[1]/div[1]
[INFO ][2016-02-09 19:38:11,476][com.java.SeleniumDriver] [  930] -  RESULT true
[INFO ][2016-02-09 19:38:11,477][com.java.SeleniumDriver] [ 1136] - ?   P A S S   ?
[INFO ][2016-02-09 19:38:11,477][com.java.SeleniumDriver] [  856] - ------------------------------------------
[INFO ][2016-02-09 19:38:11,477][com.java.SeleniumDriver] [  857] - Test case being Executed: 8
[INFO ][2016-02-09 19:38:11,477][com.java.SeleniumDriver] [  869] - Test step:21
[INFO ][2016-02-09 19:38:11,477][com.java.SeleniumDriver] [  881] - Datavalue is----------5
[INFO ][2016-02-09 19:38:11,477][com.java.SeleniumDriver] [  905] - DataField : null
[INFO ][2016-02-09 19:38:11,477][com.java.SeleniumDriver] [  907] - DataValue : 5
[INFO ][2016-02-09 19:38:11,477][com.java.SeleniumDriver] [  913] - <In Set values of the page>
[INFO ][2016-02-09 19:38:11,477][com.java.SeleniumDriver] [  916] - {Data Fields & Data Values Exist}
[INFO ][2016-02-09 19:38:11,477][com.java.SeleniumDriver] [  918] - --------------------------setting values-----------------------------
[INFO ][2016-02-09 19:38:11,477][com.java.SeleniumDriver] [  921] - Action Type : WAITTIME
[DEBUG][2016-02-09 19:38:11,478][com.java.TestType] [ 6561] - sleepTime: 5000
[INFO ][2016-02-09 19:38:16,478][com.java.SeleniumDriver] [  930] -  RESULT true
[INFO ][2016-02-09 19:38:16,478][com.java.SeleniumDriver] [ 1136] - ?   P A S S   ?
[INFO ][2016-02-09 19:38:16,478][com.java.SeleniumDriver] [  856] - ------------------------------------------
[INFO ][2016-02-09 19:38:16,478][com.java.SeleniumDriver] [  857] - Test case being Executed: 8
[INFO ][2016-02-09 19:38:16,478][com.java.SeleniumDriver] [  869] - Test step:22
[INFO ][2016-02-09 19:38:16,478][com.java.SeleniumDriver] [  881] - Datavalue is----------null
[DEBUG][2016-02-09 19:38:16,478][com.java.SeleniumDriver] [  899] - Exception: null
[INFO ][2016-02-09 19:38:16,478][com.java.SeleniumDriver] [  905] - DataField : HDN//span[@class='glyphicon glyphicon-refresh ng-scope']
[INFO ][2016-02-09 19:38:16,478][com.java.SeleniumDriver] [  907] - DataValue : 
[INFO ][2016-02-09 19:38:16,478][com.java.SeleniumDriver] [  913] - <In Set values of the page>
[INFO ][2016-02-09 19:38:16,478][com.java.SeleniumDriver] [  916] - {Data Fields & Data Values Exist}
[INFO ][2016-02-09 19:38:16,478][com.java.SeleniumDriver] [  918] - --------------------------setting values-----------------------------
[INFO ][2016-02-09 19:38:16,478][com.java.SeleniumDriver] [  921] - Action Type : CLICK
[INFO ][2016-02-09 19:38:16,479][com.java.TestType] [ 7148] - Field ::HDN//span[@class='glyphicon glyphicon-refresh ng-scope']
[INFO ][2016-02-09 19:38:16,479][com.java.TestType] [ 6747] - value = 
[INFO ][2016-02-09 19:38:17,658][com.java.SeleniumDriver] [  930] -  RESULT true
[INFO ][2016-02-09 19:38:17,658][com.java.SeleniumDriver] [ 1136] - ?   P A S S   ?
[INFO ][2016-02-09 19:38:17,658][com.java.SeleniumDriver] [  856] - ------------------------------------------
[INFO ][2016-02-09 19:38:17,659][com.java.SeleniumDriver] [  857] - Test case being Executed: 8
[INFO ][2016-02-09 19:38:17,659][com.java.SeleniumDriver] [  869] - Test step:23
[INFO ][2016-02-09 19:38:17,659][com.java.SeleniumDriver] [  881] - Datavalue is----------15
[INFO ][2016-02-09 19:38:17,659][com.java.SeleniumDriver] [  905] - DataField : null
[INFO ][2016-02-09 19:38:17,659][com.java.SeleniumDriver] [  907] - DataValue : 15
[INFO ][2016-02-09 19:38:17,659][com.java.SeleniumDriver] [  913] - <In Set values of the page>
[INFO ][2016-02-09 19:38:17,659][com.java.SeleniumDriver] [  916] - {Data Fields & Data Values Exist}
[INFO ][2016-02-09 19:38:17,659][com.java.SeleniumDriver] [  918] - --------------------------setting values-----------------------------
[INFO ][2016-02-09 19:38:17,659][com.java.SeleniumDriver] [  921] - Action Type : WAITTIME
[DEBUG][2016-02-09 19:38:17,659][com.java.TestType] [ 6561] - sleepTime: 15000
[INFO ][2016-02-09 19:38:32,660][com.java.SeleniumDriver] [  930] -  RESULT true
[INFO ][2016-02-09 19:38:32,660][com.java.SeleniumDriver] [ 1136] - ?   P A S S   ?
[INFO ][2016-02-09 19:38:32,660][com.java.SeleniumDriver] [  856] - ------------------------------------------
[INFO ][2016-02-09 19:38:32,660][com.java.SeleniumDriver] [  857] - Test case being Executed: 8
[INFO ][2016-02-09 19:38:32,660][com.java.SeleniumDriver] [  869] - Test step:24
[INFO ][2016-02-09 19:38:32,660][com.java.SeleniumDriver] [  881] - Datavalue is----------numberofupdatesbeforerefreshing
[INFO ][2016-02-09 19:38:32,660][com.java.SeleniumDriver] [  905] - DataField : XPH//div[@id="bsAlertsHeading"]//span[@class="badge pull-right ng-binding"]
[INFO ][2016-02-09 19:38:32,660][com.java.SeleniumDriver] [  907] - DataValue : numberofupdatesbeforerefreshing
[INFO ][2016-02-09 19:38:32,660][com.java.SeleniumDriver] [  913] - <In Set values of the page>
[INFO ][2016-02-09 19:38:32,660][com.java.SeleniumDriver] [  916] - {Data Fields & Data Values Exist}
[INFO ][2016-02-09 19:38:32,660][com.java.SeleniumDriver] [  918] - --------------------------setting values-----------------------------
[INFO ][2016-02-09 19:38:32,660][com.java.SeleniumDriver] [  921] - Action Type : STOREVALUE
[INFO ][2016-02-09 19:38:32,661][com.java.TestType] [ 9871] - field= XPH//div[@id="bsAlertsHeading"]//span[@class="badge pull-right ng-binding"]
[DEBUG][2016-02-09 19:38:32,836][com.java.TestType] [ 9926] - Key:: numberofupdatesbeforerefreshing   Value:: 1
[INFO ][2016-02-09 19:38:32,836][com.java.SeleniumDriver] [  930] -  RESULT true
[INFO ][2016-02-09 19:38:32,836][com.java.SeleniumDriver] [ 1136] - ?   P A S S   ?
[INFO ][2016-02-09 19:38:32,836][com.java.SeleniumDriver] [  856] - ------------------------------------------
[INFO ][2016-02-09 19:38:32,836][com.java.SeleniumDriver] [  857] - Test case being Executed: 8
[INFO ][2016-02-09 19:38:32,836][com.java.SeleniumDriver] [  869] - Test step:25
[INFO ][2016-02-09 19:38:32,836][com.java.SeleniumDriver] [  881] - Datavalue is----------HMVnumberofupdatesbeforerefreshing
[INFO ][2016-02-09 19:38:32,836][com.java.SeleniumDriver] [  905] - DataField : TAL//div[@id="bsAlertsContent"]//div[@class="bd-alert ng-scope"]
[INFO ][2016-02-09 19:38:32,836][com.java.SeleniumDriver] [  907] - DataValue : HMVnumberofupdatesbeforerefreshing
[INFO ][2016-02-09 19:38:32,836][com.java.SeleniumDriver] [  913] - <In Set values of the page>
[INFO ][2016-02-09 19:38:32,836][com.java.SeleniumDriver] [  916] - {Data Fields & Data Values Exist}
[INFO ][2016-02-09 19:38:32,837][com.java.SeleniumDriver] [  918] - --------------------------setting values-----------------------------
[INFO ][2016-02-09 19:38:32,837][com.java.SeleniumDriver] [  921] - Action Type : VERIFY
[INFO ][2016-02-09 19:38:32,837][com.java.TestType] [ 8381] - field= TAL//div[@id="bsAlertsContent"]//div[@class="bd-alert ng-scope"] value= HMVnumberofupdatesbeforerefreshing
[INFO ][2016-02-09 19:38:32,837][com.java.TestType] [ 6747] - value = 1
[INFO ][2016-02-09 19:38:32,874][com.java.SeleniumDriver] [  930] -  RESULT true
[INFO ][2016-02-09 19:38:32,874][com.java.SeleniumDriver] [ 1136] - ?   P A S S   ?
[INFO ][2016-02-09 19:38:32,874][com.java.SeleniumDriver] [  856] - ------------------------------------------
[INFO ][2016-02-09 19:38:32,874][com.java.SeleniumDriver] [  857] - Test case being Executed: 8
[INFO ][2016-02-09 19:38:32,874][com.java.SeleniumDriver] [  869] - Test step:26
[INFO ][2016-02-09 19:38:32,874][com.java.SeleniumDriver] [  881] - Datavalue is----------BalanceSheet
[INFO ][2016-02-09 19:38:32,874][com.java.SeleniumDriver] [  905] - DataField : XPH//div[@id="bsAlertsContent"]//div[@class="bd-alert ng-scope"][1]/div[@class="ng-binding"]
[INFO ][2016-02-09 19:38:32,874][com.java.SeleniumDriver] [  907] - DataValue : BalanceSheet
[INFO ][2016-02-09 19:38:32,874][com.java.SeleniumDriver] [  913] - <In Set values of the page>
[INFO ][2016-02-09 19:38:32,875][com.java.SeleniumDriver] [  916] - {Data Fields & Data Values Exist}
[INFO ][2016-02-09 19:38:32,875][com.java.SeleniumDriver] [  918] - --------------------------setting values-----------------------------
[INFO ][2016-02-09 19:38:32,875][com.java.SeleniumDriver] [  921] - Action Type : STOREVALUE
[INFO ][2016-02-09 19:38:32,875][com.java.TestType] [ 9871] - field= XPH//div[@id="bsAlertsContent"]//div[@class="bd-alert ng-scope"][1]/div[@class="ng-binding"]
[DEBUG][2016-02-09 19:38:32,991][com.java.TestType] [ 9926] - Key:: BalanceSheet   Value:: Mortgage loans held for sale
[INFO ][2016-02-09 19:38:32,991][com.java.SeleniumDriver] [  930] -  RESULT true
[INFO ][2016-02-09 19:38:32,991][com.java.SeleniumDriver] [ 1136] - ?   P A S S   ?
[INFO ][2016-02-09 19:38:32,991][com.java.SeleniumDriver] [  856] - ------------------------------------------
[INFO ][2016-02-09 19:38:32,991][com.java.SeleniumDriver] [  857] - Test case being Executed: 8
[INFO ][2016-02-09 19:38:32,991][com.java.SeleniumDriver] [  869] - Test step:27
[INFO ][2016-02-09 19:38:32,991][com.java.SeleniumDriver] [  881] - Datavalue is----------Change
[INFO ][2016-02-09 19:38:32,991][com.java.SeleniumDriver] [  905] - DataField : XPH//div[@id="bsAlertsContent"]//div[@class="bd-alert ng-scope"][1]//span[@ class="ng-binding"]
[INFO ][2016-02-09 19:38:32,991][com.java.SeleniumDriver] [  907] - DataValue : Change
[INFO ][2016-02-09 19:38:32,992][com.java.SeleniumDriver] [  913] - <In Set values of the page>
[INFO ][2016-02-09 19:38:32,992][com.java.SeleniumDriver] [  916] - {Data Fields & Data Values Exist}
[INFO ][2016-02-09 19:38:32,992][com.java.SeleniumDriver] [  918] - --------------------------setting values-----------------------------
[INFO ][2016-02-09 19:38:32,992][com.java.SeleniumDriver] [  921] - Action Type : STOREVALUE
[INFO ][2016-02-09 19:38:32,992][com.java.TestType] [ 9871] - field= XPH//div[@id="bsAlertsContent"]//div[@class="bd-alert ng-scope"][1]//span[@ class="ng-binding"]
[DEBUG][2016-02-09 19:38:33,149][com.java.TestType] [ 9926] - Key:: Change   Value:: $114,646
[INFO ][2016-02-09 19:38:33,149][com.java.SeleniumDriver] [  930] -  RESULT true
[INFO ][2016-02-09 19:38:33,149][com.java.SeleniumDriver] [ 1136] - ?   P A S S   ?
[INFO ][2016-02-09 19:38:33,149][com.java.SeleniumDriver] [  856] - ------------------------------------------
[INFO ][2016-02-09 19:38:33,149][com.java.SeleniumDriver] [  857] - Test case being Executed: 8
[INFO ][2016-02-09 19:38:33,149][com.java.SeleniumDriver] [  869] - Test step:28
[INFO ][2016-02-09 19:38:33,149][com.java.SeleniumDriver] [  881] - Datavalue is----------Percentage
[INFO ][2016-02-09 19:38:33,149][com.java.SeleniumDriver] [  905] - DataField : XPH//div[@id="bsAlertsContent"]//div[@class="bd-alert ng-scope"][1]//span[@class="pull-right ng-binding"]
[INFO ][2016-02-09 19:38:33,150][com.java.SeleniumDriver] [  907] - DataValue : Percentage
[INFO ][2016-02-09 19:38:33,150][com.java.SeleniumDriver] [  913] - <In Set values of the page>
[INFO ][2016-02-09 19:38:33,150][com.java.SeleniumDriver] [  916] - {Data Fields & Data Values Exist}
[INFO ][2016-02-09 19:38:33,150][com.java.SeleniumDriver] [  918] - --------------------------setting values-----------------------------
[INFO ][2016-02-09 19:38:33,150][com.java.SeleniumDriver] [  921] - Action Type : STOREVALUE
[INFO ][2016-02-09 19:38:33,150][com.java.TestType] [ 9871] - field= XPH//div[@id="bsAlertsContent"]//div[@class="bd-alert ng-scope"][1]//span[@class="pull-right ng-binding"]
[DEBUG][2016-02-09 19:38:33,264][com.java.TestType] [ 9926] - Key:: Percentage   Value:: 107.92%
[INFO ][2016-02-09 19:38:33,264][com.java.SeleniumDriver] [  930] -  RESULT true
[INFO ][2016-02-09 19:38:33,264][com.java.SeleniumDriver] [ 1136] - ?   P A S S   ?
[INFO ][2016-02-09 19:38:33,264][com.java.SeleniumDriver] [  856] - ------------------------------------------
[INFO ][2016-02-09 19:38:33,264][com.java.SeleniumDriver] [  857] - Test case being Executed: 8
[INFO ][2016-02-09 19:38:33,264][com.java.SeleniumDriver] [  869] - Test step:29
[INFO ][2016-02-09 19:38:33,264][com.java.SeleniumDriver] [  881] - Datavalue is----------null
[DEBUG][2016-02-09 19:38:33,264][com.java.SeleniumDriver] [  899] - Exception: null
[INFO ][2016-02-09 19:38:33,264][com.java.SeleniumDriver] [  905] - DataField : XPH//span[@class="glyphicon glyphicon-list-alt"]
[INFO ][2016-02-09 19:38:33,265][com.java.SeleniumDriver] [  907] - DataValue : 
[INFO ][2016-02-09 19:38:33,265][com.java.SeleniumDriver] [  913] - <In Set values of the page>
[INFO ][2016-02-09 19:38:33,265][com.java.SeleniumDriver] [  916] - {Data Fields & Data Values Exist}
[INFO ][2016-02-09 19:38:33,265][com.java.SeleniumDriver] [  918] - --------------------------setting values-----------------------------
[INFO ][2016-02-09 19:38:33,265][com.java.SeleniumDriver] [  921] - Action Type : CLICK
[INFO ][2016-02-09 19:38:33,265][com.java.TestType] [ 7148] - Field ::XPH//span[@class="glyphicon glyphicon-list-alt"]
[INFO ][2016-02-09 19:38:33,265][com.java.TestType] [ 6747] - value = 
[INFO ][2016-02-09 19:38:34,265][com.java.TestType] [ 7325] - BEFORE CLICK
[INFO ][2016-02-09 19:38:35,501][com.java.TestType] [ 7333] - Unable to click the object Click on the report button
[INFO ][2016-02-09 19:38:35,501][com.java.SeleniumDriver] [  930] -  RESULT true
[INFO ][2016-02-09 19:38:35,501][com.java.SeleniumDriver] [ 1136] - ?   P A S S   ?
[INFO ][2016-02-09 19:38:35,501][com.java.SeleniumDriver] [  856] - ------------------------------------------
[INFO ][2016-02-09 19:38:35,501][com.java.SeleniumDriver] [  857] - Test case being Executed: 8
[INFO ][2016-02-09 19:38:35,501][com.java.SeleniumDriver] [  869] - Test step:30
[INFO ][2016-02-09 19:38:35,501][com.java.SeleniumDriver] [  881] - Datavalue is----------10
[INFO ][2016-02-09 19:38:35,501][com.java.SeleniumDriver] [  905] - DataField : XPH//img[@id='loading']
[INFO ][2016-02-09 19:38:35,501][com.java.SeleniumDriver] [  907] - DataValue : 10
[INFO ][2016-02-09 19:38:35,501][com.java.SeleniumDriver] [  913] - <In Set values of the page>
[INFO ][2016-02-09 19:38:35,501][com.java.SeleniumDriver] [  916] - {Data Fields & Data Values Exist}
[INFO ][2016-02-09 19:38:35,501][com.java.SeleniumDriver] [  918] - --------------------------setting values-----------------------------
[INFO ][2016-02-09 19:38:35,501][com.java.SeleniumDriver] [  921] - Action Type : WaitForElement
[INFO ][2016-02-09 19:38:35,548][com.java.SeleniumDriver] [  930] -  RESULT true
[INFO ][2016-02-09 19:38:35,548][com.java.SeleniumDriver] [ 1136] - ?   P A S S   ?
[INFO ][2016-02-09 19:38:35,548][com.java.SeleniumDriver] [  856] - ------------------------------------------
[INFO ][2016-02-09 19:38:35,548][com.java.SeleniumDriver] [  857] - Test case being Executed: 8
[INFO ][2016-02-09 19:38:35,548][com.java.SeleniumDriver] [  869] - Test step:31
[INFO ][2016-02-09 19:38:35,548][com.java.SeleniumDriver] [  881] - Datavalue is----------90
[INFO ][2016-02-09 19:38:35,548][com.java.SeleniumDriver] [  905] - DataField : XPH//img[@id='loading']
[INFO ][2016-02-09 19:38:35,548][com.java.SeleniumDriver] [  907] - DataValue : 90
[INFO ][2016-02-09 19:38:35,549][com.java.SeleniumDriver] [  913] - <In Set values of the page>
[INFO ][2016-02-09 19:38:35,549][com.java.SeleniumDriver] [  916] - {Data Fields & Data Values Exist}
[INFO ][2016-02-09 19:38:35,549][com.java.SeleniumDriver] [  918] - --------------------------setting values-----------------------------
[INFO ][2016-02-09 19:38:35,549][com.java.SeleniumDriver] [  921] - Action Type : waitForElementNotPresent
[INFO ][2016-02-09 19:38:36,737][com.java.SeleniumDriver] [  930] -  RESULT true
[INFO ][2016-02-09 19:38:36,738][com.java.SeleniumDriver] [ 1136] - ?   P A S S   ?
[INFO ][2016-02-09 19:38:36,738][com.java.SeleniumDriver] [  856] - ------------------------------------------
[INFO ][2016-02-09 19:38:36,738][com.java.SeleniumDriver] [  857] - Test case being Executed: 8
[INFO ][2016-02-09 19:38:36,738][com.java.SeleniumDriver] [  869] - Test step:32
[INFO ][2016-02-09 19:38:36,738][com.java.SeleniumDriver] [  881] - Datavalue is----------15
[INFO ][2016-02-09 19:38:36,738][com.java.SeleniumDriver] [  905] - DataField : null
[INFO ][2016-02-09 19:38:36,738][com.java.SeleniumDriver] [  907] - DataValue : 15
[INFO ][2016-02-09 19:38:36,738][com.java.SeleniumDriver] [  913] - <In Set values of the page>
[INFO ][2016-02-09 19:38:36,738][com.java.SeleniumDriver] [  916] - {Data Fields & Data Values Exist}
[INFO ][2016-02-09 19:38:36,738][com.java.SeleniumDriver] [  918] - --------------------------setting values-----------------------------
[INFO ][2016-02-09 19:38:36,738][com.java.SeleniumDriver] [  921] - Action Type : WAITTIME
[DEBUG][2016-02-09 19:38:36,738][com.java.TestType] [ 6561] - sleepTime: 15000
[INFO ][2016-02-09 19:38:51,741][com.java.SeleniumDriver] [  930] -  RESULT true
[INFO ][2016-02-09 19:38:51,741][com.java.SeleniumDriver] [ 1136] - ?   P A S S   ?
[INFO ][2016-02-09 19:38:51,741][com.java.SeleniumDriver] [  856] - ------------------------------------------
[INFO ][2016-02-09 19:38:51,741][com.java.SeleniumDriver] [  857] - Test case being Executed: 8
[INFO ][2016-02-09 19:38:51,741][com.java.SeleniumDriver] [  869] - Test step:33
[INFO ][2016-02-09 19:38:51,742][com.java.SeleniumDriver] [  881] - Datavalue is----------BalanceSheet::Change
[INFO ][2016-02-09 19:38:51,742][com.java.SeleniumDriver] [  905] - DataField : PVP//div[contains(text(),'mytext')]/following::td[3]/div
[INFO ][2016-02-09 19:38:51,742][com.java.SeleniumDriver] [  907] - DataValue : BalanceSheet::Change
[INFO ][2016-02-09 19:38:51,742][com.java.SeleniumDriver] [  913] - <In Set values of the page>
[INFO ][2016-02-09 19:38:51,742][com.java.SeleniumDriver] [  916] - {Data Fields & Data Values Exist}
[INFO ][2016-02-09 19:38:51,742][com.java.SeleniumDriver] [  918] - --------------------------setting values-----------------------------
[INFO ][2016-02-09 19:38:51,742][com.java.SeleniumDriver] [  921] - Action Type : VERIFY
[INFO ][2016-02-09 19:38:51,742][com.java.TestType] [ 8381] - field= PVP//div[contains(text(),'mytext')]/following::td[3]/div value= BalanceSheet::Change
[INFO ][2016-02-09 19:38:51,742][com.java.TestType] [ 6747] - value = BalanceSheet::Change
[INFO ][2016-02-09 19:38:51,960][com.java.SeleniumDriver] [  930] -  RESULT false
[INFO ][2016-02-09 19:38:51,960][com.java.SeleniumDriver] [  977] - ?   F A I L   ?
[INFO ][2016-02-09 19:38:51,960][com.java.SeleniumDriver] [  985] - Browser Type : IE10
[INFO ][2016-02-09 19:38:51,960][com.java.SeleniumDriver] [  986] - Adding Failed case8
[INFO ][2016-02-09 19:38:52,204][com.java.SeleniumDriver] [ 1100] - failedCases = 8
[ERROR][2016-02-09 19:38:52,204][com.java.SeleniumDriver] [ 1599] - Platform Errors : Our apologies...::We have encountered an issue with your request.::Our apologies?:We encountered an issue with your request.
[INFO ][2016-02-09 19:38:52,204][com.java.SeleniumDriver] [ 1603] - Length =3
[ERROR][2016-02-09 19:38:52,204][com.java.SeleniumDriver] [ 1606] - Error 0 = Our apologies...
[ERROR][2016-02-09 19:38:52,359][com.java.SeleniumDriver] [ 1606] - Error 1 = We have encountered an issue with your request.
[ERROR][2016-02-09 19:38:52,444][com.java.SeleniumDriver] [ 1606] - Error 2 = Our apologies?:We encountered an issue with your request.
[INFO ][2016-02-09 19:38:52,547][com.java.SeleniumDriver] [ 1617] - strError:
[DEBUG][2016-02-09 19:38:52,562][com.java.SeleniumDriver] [ 1248] - Case found
[DEBUG][2016-02-09 19:38:52,562][com.java.SeleniumDriver] [ 1253] - Incrementing ReportCounters[0]:2
[INFO ][2016-02-09 19:38:52,562][com.java.SeleniumDriver] [ 1272] - The results are-------------------[8, 33, Right Hand Menu: BS Alerts-BS Alerts data correctness, Fail, 
Test case failed at Step No. :: 33. Screen Shot : D:\BankersDashboard\TestReports\020916\8_020916_193851_IE10.png, Tue Feb 09 19:38:52 IST 2016]
[INFO ][2016-02-09 19:38:52,562][com.java.SeleniumDriver] [ 1276] - End time is-------2 min 48 sec
[INFO ][2016-02-09 19:38:52,562][com.java.SeleniumDriver] [ 1277] - The results are-------------------[8, 33, Right Hand Menu: BS Alerts-BS Alerts data correctness, Fail, 
Test case failed at Step No. :: 33. Screen Shot : D:\BankersDashboard\TestReports\020916\8_020916_193851_IE10.png, Tue Feb 09 19:38:52 IST 2016]
[DEBUG][2016-02-09 19:38:52,562][com.java.ImportnExport.ExportTestResultsExcel] [  222] - testResultPath = D:\BankersDashboard/TestReports/Test Results_BankersDashBoard_020916_193606_IE10_United Bank.xls
[DEBUG][2016-02-09 19:38:52,562][com.java.ImportnExport.ExportTestResultsExcel] [  223] - browser is------------IE10
[DEBUG][2016-02-09 19:38:52,565][com.java.ImportnExport.ExportTestResultsExcel] [  270] - result.size() = 6
[DEBUG][2016-02-09 19:38:52,565][com.java.ImportnExport.ExportTestResultsExcel] [  274] - No of rows in sheet=2
[DEBUG][2016-02-09 19:38:52,565][com.java.ImportnExport.ExportTestResultsExcel] [  301] - ..in export..8
[DEBUG][2016-02-09 19:38:52,565][com.java.ImportnExport.ExportTestResultsExcel] [  301] - ..in export..Right Hand Menu: BS Alerts-BS Alerts data correctness
[DEBUG][2016-02-09 19:38:52,565][com.java.ImportnExport.ExportTestResultsExcel] [  301] - ..in export..Fail
[DEBUG][2016-02-09 19:38:52,565][com.java.ImportnExport.ExportTestResultsExcel] [  301] - ..in export..
Test case failed at Step No. :: 33. Screen Shot : D:\BankersDashboard\TestReports\020916\8_020916_193851_IE10.png
[DEBUG][2016-02-09 19:38:52,565][com.java.ImportnExport.ExportTestResultsExcel] [  301] - ..in export..Tue Feb 09 19:38:52 IST 2016
[INFO ][2016-02-09 19:38:52,566][com.java.SeleniumDriver] [ 1337] - out loop:1 size:2 TestCases:[1, 8] testcases:[1, 8]
[INFO ][2016-02-09 19:38:54,566][com.java.SeleniumDriver] [ 1380] - Total Number of Cases:2
[INFO ][2016-02-09 19:38:54,566][com.java.TemplateGenerator] [  302] - Executed:2
[INFO ][2016-02-09 19:38:54,566][com.java.TemplateGenerator] [  303] - Passed:1
[INFO ][2016-02-09 19:38:54,566][com.java.TemplateGenerator] [  304] - Failed:1
[INFO ][2016-02-09 19:38:54,566][com.java.TemplateGenerator] [  305] - Skipeed:0
[INFO ][2016-02-09 19:38:54,566][com.java.TemplateGenerator] [  306] - Application URL:https://clients-xuat.bankersdashboard.com
[INFO ][2016-02-09 19:38:54,566][com.java.TemplateGenerator] [  307] - Start Time:020916_193606
[INFO ][2016-02-09 19:38:54,566][com.java.TemplateGenerator] [  308] -  Creating HTML Report 
[ERROR][2016-02-09 19:38:54,567][com.java.TemplateGenerator] [  409] - Unparseable date: "Tue Feb 09 07:36:06 IST 2016"
[INFO ][2016-02-09 19:38:54,567][com.java.TemplateGenerator] [  654] -  Exporting case :: 1
[INFO ][2016-02-09 19:38:54,567][com.java.TemplateGenerator] [  654] -  Exporting case :: 8
[INFO ][2016-02-09 19:38:54,572][com.java.SeleniumDriver] [ 1429] - End Time:020916_193854
[INFO ][2016-02-09 19:38:54,572][com.java.SeleniumDriver] [ 1432] - Data in Test Execution Details:{1=PASS, 8=FAILTest case failed at Step No. :: 33}
[INFO ][2016-02-09 19:38:54,572][com.java.SeleniumDriver] [ 1433] - Data in Failed Execution Deatils:{}
[INFO ][2016-02-09 19:38:54,572][com.java.SeleniumDriver] [ 1435] - ReportCounter:Total:2 :: PASS: 1 ::FAIL: 1
[INFO ][2016-02-09 19:38:54,572][com.java.SeleniumDriver] [ 1436] - FailedReportCounter:Total:0 :: PASS: 0 ::FAIL: 0
[INFO ][2016-02-09 19:38:54,580][com.java.EmailTestReport] [   63] - Sending report mail details:
[INFO ][2016-02-09 19:38:54,580][com.java.EmailTestReport] [   80] - Excel Report Path:D:\BankersDashboard/TestReports/Test Results_BankersDashBoard_020916_193606_IE10_United Bank.xls
[INFO ][2016-02-09 19:38:54,580][com.java.EmailTestReport] [   81] - HTML Report Path:D:\BankersDashboard//TestReports//Test Results_BankersDashBoard_020916_193606_IE10_United Bank.html
[INFO ][2016-02-09 19:38:54,580][com.java.EmailTestReport] [   82] - smtpHostName:mail01.valuelabs.com
[INFO ][2016-02-09 19:38:54,580][com.java.EmailTestReport] [   83] - Recipient:venkateswararao.gubbala@valuelabs.com;
[INFO ][2016-02-09 19:38:54,580][com.java.EmailTestReport] [   84] - From:venkateswararao.gubbala@valuelabs.com;
[INFO ][2016-02-09 19:38:54,580][com.java.EmailTestReport] [   85] - Subject:Deluxe Corp Bankers Dashboard Automation Test Report - United Bank - IE10
[INFO ][2016-02-09 19:38:54,597][com.java.EmailTestReport] [  143] -  Added venkateswararao.gubbala@valuelabs.com
[INFO ][2016-02-09 19:38:57,714][com.java.SeleniumDriver] [  722] - quitting the browser 
[INFO ][2016-02-09 19:38:59,476][com.java.SeleniumDriver] [  264] - Execution Completed Stopping the thread
