[INFO ][2015-12-07 19:08:50,847][com.java.SeleniumDriver] [  213] - Execute Failed Casesfalse
[INFO ][2015-12-07 19:08:50,847][com.java.SeleniumDriver] [  214] - Browser: IE10
[INFO ][2015-12-07 19:08:50,847][com.java.SeleniumDriver] [  215] - [1, 6]
[INFO ][2015-12-07 19:08:50,847][com.java.SeleniumDriver] [  216] - Total TestCases:2
[INFO ][2015-12-07 19:08:50,847][com.java.SeleniumDriver] [  217] -  Reading Properties from Property File 
[DEBUG][2015-12-07 19:08:50,847][com.java.SeleniumDriver] [  238] - url : https://clients-xuat.bankersdashboard.com
[INFO ][2015-12-07 19:08:50,857][com.java.ImportnExport.ExportTestResultsExcel] [  116] - Time Stamp Mon Dec 07 07:08:50 IST 2015
[INFO ][2015-12-07 19:08:50,857][com.java.ImportnExport.ExportTestResultsExcel] [  175] - OUT FILE : D:\BankersDashboard/TestReports/Test Results_BankersDashBoard_120715_190850_IE10_Any Bank USA.xls
[INFO ][2015-12-07 19:08:50,888][com.java.ImportnExport.ExportTestResultsExcel] [  180] - Test Result file is created
[DEBUG][2015-12-07 19:08:50,998][com.java.SeleniumDriver] [  426] - Hub ip address is-------172.17.68.34
[INFO ][2015-12-07 19:08:50,998][com.java.SeleniumDriver] [  452] - Grid URL:http://172.17.68.34:4444/wd/hub
[INFO ][2015-12-07 19:08:50,998][com.java.SeleniumDriver] [  453] - Capability:Capabilities [{platform=ANY, ensureCleanSession=true, ignoreProtectedModeSettings=true, acceptSslCerts=true, ignoreZoomSetting=true, browserName=internet explorer, browserstack.ie.noFlash=true, version=null}]
[ERROR][2015-12-07 19:08:52,288][com.java.SeleniumDriver] [  497] - Unable invoke browser in grid:Could not start a new session. Possible causes are invalid address of the remote server or browser start-up failure.
Build info: version: '2.48.2', revision: '41bccdd', time: '2015-10-09 19:59:12'
System info: host: 'FVTIII438F1D', ip: '172.17.68.34', os.name: 'Windows 7', os.arch: 'x86', os.version: '6.1', java.version: '1.7.0_55'
Driver info: driver.version: SeleniumDriver
[INFO ][2015-12-07 19:08:52,288][com.java.SeleniumDriver] [  499] - Executing on local machine
[INFO ][2015-12-07 19:09:02,878][com.java.SeleniumDriver] [  248] - IE10is opened
[INFO ][2015-12-07 19:09:04,168][com.java.SeleniumDriver] [  754] - Test cases to be executed are: [1, 6]
[INFO ][2015-12-07 19:09:04,189][com.java.ImportnExport.ImportTestDataDetailsExcel] [   49] - test data details path===== D:\BankersDashboard\TestInputs\TestData.xls
[INFO ][2015-12-07 19:09:04,259][com.java.SeleniumDriver] [  820] - ------------------------------------------
[INFO ][2015-12-07 19:09:04,259][com.java.SeleniumDriver] [  821] - Test case being Executed: 1
[INFO ][2015-12-07 19:09:04,259][com.java.SeleniumDriver] [  832] - Test step:1
[INFO ][2015-12-07 19:09:04,259][com.java.SeleniumDriver] [  844] - Datavalue is----------Concept#1:1-16
[INFO ][2015-12-07 19:09:04,259][com.java.SeleniumDriver] [  868] - DataField : test
[INFO ][2015-12-07 19:09:04,259][com.java.SeleniumDriver] [  870] - DataValue : Concept#1:1-16
[INFO ][2015-12-07 19:09:04,259][com.java.SeleniumDriver] [  876] - <In Set values of the page>
[INFO ][2015-12-07 19:09:04,259][com.java.SeleniumDriver] [  879] - {Data Fields & Data Values Exist}
[INFO ][2015-12-07 19:09:04,259][com.java.SeleniumDriver] [  881] - --------------------------setting values-----------------------------
[INFO ][2015-12-07 19:09:04,259][com.java.SeleniumDriver] [  884] - Action Type : ExecuteTestCase
[INFO ][2015-12-07 19:09:04,269][com.java.TestType] [  436] - The Concept sheet name is ---------- Concept
[INFO ][2015-12-07 19:09:04,279][com.java.TestType] [  439] - The Concept ID  is ---------- 1
[DEBUG][2015-12-07 19:09:04,279][com.java.TestType] [  443] - Steps being executted in the Concept are: 1:16
[INFO ][2015-12-07 19:09:04,279][com.java.TestType] [  450] - Test data details path ---------- D:\BankersDashboard\TestInputs\TestData.xls
[INFO ][2015-12-07 19:09:04,309][com.java.TestType] [  481] -  str(1) = 1
[INFO ][2015-12-07 19:09:04,309][com.java.TestType] [  484] - Test case Id is---1
[INFO ][2015-12-07 19:09:04,309][com.java.TestType] [  486] - 1
[INFO ][2015-12-07 19:09:04,309][com.java.TestType] [  481] -  str(2) = 1
[INFO ][2015-12-07 19:09:04,309][com.java.TestType] [  533] - row values are--------{1=com.java.Objects.TestDataDetails@fafe96}
[INFO ][2015-12-07 19:09:04,309][com.java.TestType] [  481] -  str(1) = 1
[INFO ][2015-12-07 19:09:04,309][com.java.TestType] [  484] - Test case Id is---1
[INFO ][2015-12-07 19:09:04,309][com.java.TestType] [  486] - 1
[INFO ][2015-12-07 19:09:04,309][com.java.TestType] [  481] -  str(2) = 2
[INFO ][2015-12-07 19:09:04,319][com.java.TestType] [  533] - row values are--------{1=com.java.Objects.TestDataDetails@fafe96, 2=com.java.Objects.TestDataDetails@1a33470}
[INFO ][2015-12-07 19:09:04,319][com.java.TestType] [  481] -  str(1) = 1
[INFO ][2015-12-07 19:09:04,319][com.java.TestType] [  484] - Test case Id is---1
[INFO ][2015-12-07 19:09:04,319][com.java.TestType] [  486] - 1
[INFO ][2015-12-07 19:09:04,319][com.java.TestType] [  481] -  str(2) = 3
[INFO ][2015-12-07 19:09:04,319][com.java.TestType] [  533] - row values are--------{1=com.java.Objects.TestDataDetails@fafe96, 2=com.java.Objects.TestDataDetails@1a33470, 3=com.java.Objects.TestDataDetails@1490eab}
[INFO ][2015-12-07 19:09:04,319][com.java.TestType] [  481] -  str(1) = 1
[INFO ][2015-12-07 19:09:04,319][com.java.TestType] [  484] - Test case Id is---1
[INFO ][2015-12-07 19:09:04,319][com.java.TestType] [  486] - 1
[INFO ][2015-12-07 19:09:04,319][com.java.TestType] [  481] -  str(2) = 4
[INFO ][2015-12-07 19:09:04,319][com.java.TestType] [  533] - row values are--------{1=com.java.Objects.TestDataDetails@fafe96, 2=com.java.Objects.TestDataDetails@1a33470, 3=com.java.Objects.TestDataDetails@1490eab, 4=com.java.Objects.TestDataDetails@5db277}
[INFO ][2015-12-07 19:09:04,319][com.java.TestType] [  481] -  str(1) = 1
[INFO ][2015-12-07 19:09:04,319][com.java.TestType] [  484] - Test case Id is---1
[INFO ][2015-12-07 19:09:04,319][com.java.TestType] [  486] - 1
[INFO ][2015-12-07 19:09:04,319][com.java.TestType] [  481] -  str(2) = 5
[INFO ][2015-12-07 19:09:04,319][com.java.TestType] [  533] - row values are--------{1=com.java.Objects.TestDataDetails@fafe96, 2=com.java.Objects.TestDataDetails@1a33470, 3=com.java.Objects.TestDataDetails@1490eab, 4=com.java.Objects.TestDataDetails@5db277, 5=com.java.Objects.TestDataDetails@f61e2}
[INFO ][2015-12-07 19:09:04,319][com.java.TestType] [  481] -  str(1) = 1
[INFO ][2015-12-07 19:09:04,319][com.java.TestType] [  484] - Test case Id is---1
[INFO ][2015-12-07 19:09:04,319][com.java.TestType] [  486] - 1
[INFO ][2015-12-07 19:09:04,319][com.java.TestType] [  481] -  str(2) = 6
[INFO ][2015-12-07 19:09:04,319][com.java.TestType] [  533] - row values are--------{1=com.java.Objects.TestDataDetails@fafe96, 2=com.java.Objects.TestDataDetails@1a33470, 3=com.java.Objects.TestDataDetails@1490eab, 4=com.java.Objects.TestDataDetails@5db277, 5=com.java.Objects.TestDataDetails@f61e2, 6=com.java.Objects.TestDataDetails@238a4d}
[INFO ][2015-12-07 19:09:04,319][com.java.TestType] [  481] -  str(1) = 1
[INFO ][2015-12-07 19:09:04,319][com.java.TestType] [  484] - Test case Id is---1
[INFO ][2015-12-07 19:09:04,319][com.java.TestType] [  486] - 1
[INFO ][2015-12-07 19:09:04,329][com.java.TestType] [  481] -  str(2) = 7
[INFO ][2015-12-07 19:09:04,329][com.java.TestType] [  533] - row values are--------{1=com.java.Objects.TestDataDetails@fafe96, 2=com.java.Objects.TestDataDetails@1a33470, 3=com.java.Objects.TestDataDetails@1490eab, 4=com.java.Objects.TestDataDetails@5db277, 5=com.java.Objects.TestDataDetails@f61e2, 6=com.java.Objects.TestDataDetails@238a4d, 7=com.java.Objects.TestDataDetails@7393a2}
[INFO ][2015-12-07 19:09:04,329][com.java.TestType] [  481] -  str(1) = 1
[INFO ][2015-12-07 19:09:04,329][com.java.TestType] [  484] - Test case Id is---1
[INFO ][2015-12-07 19:09:04,329][com.java.TestType] [  486] - 1
[INFO ][2015-12-07 19:09:04,329][com.java.TestType] [  481] -  str(2) = 8
[INFO ][2015-12-07 19:09:04,329][com.java.TestType] [  533] - row values are--------{1=com.java.Objects.TestDataDetails@fafe96, 2=com.java.Objects.TestDataDetails@1a33470, 3=com.java.Objects.TestDataDetails@1490eab, 4=com.java.Objects.TestDataDetails@5db277, 5=com.java.Objects.TestDataDetails@f61e2, 6=com.java.Objects.TestDataDetails@238a4d, 7=com.java.Objects.TestDataDetails@7393a2, 8=com.java.Objects.TestDataDetails@104bc9}
[INFO ][2015-12-07 19:09:04,329][com.java.TestType] [  481] -  str(1) = 1
[INFO ][2015-12-07 19:09:04,329][com.java.TestType] [  484] - Test case Id is---1
[INFO ][2015-12-07 19:09:04,329][com.java.TestType] [  486] - 1
[INFO ][2015-12-07 19:09:04,329][com.java.TestType] [  481] -  str(2) = 9
[INFO ][2015-12-07 19:09:04,329][com.java.TestType] [  533] - row values are--------{1=com.java.Objects.TestDataDetails@fafe96, 2=com.java.Objects.TestDataDetails@1a33470, 3=com.java.Objects.TestDataDetails@1490eab, 4=com.java.Objects.TestDataDetails@5db277, 5=com.java.Objects.TestDataDetails@f61e2, 6=com.java.Objects.TestDataDetails@238a4d, 7=com.java.Objects.TestDataDetails@7393a2, 8=com.java.Objects.TestDataDetails@104bc9, 9=com.java.Objects.TestDataDetails@1f7057}
[INFO ][2015-12-07 19:09:04,329][com.java.TestType] [  481] -  str(1) = 1
[INFO ][2015-12-07 19:09:04,329][com.java.TestType] [  484] - Test case Id is---1
[INFO ][2015-12-07 19:09:04,329][com.java.TestType] [  486] - 1
[INFO ][2015-12-07 19:09:04,329][com.java.TestType] [  481] -  str(2) = 10
[INFO ][2015-12-07 19:09:04,329][com.java.TestType] [  533] - row values are--------{1=com.java.Objects.TestDataDetails@fafe96, 2=com.java.Objects.TestDataDetails@1a33470, 3=com.java.Objects.TestDataDetails@1490eab, 4=com.java.Objects.TestDataDetails@5db277, 5=com.java.Objects.TestDataDetails@f61e2, 6=com.java.Objects.TestDataDetails@238a4d, 7=com.java.Objects.TestDataDetails@7393a2, 8=com.java.Objects.TestDataDetails@104bc9, 9=com.java.Objects.TestDataDetails@1f7057, 10=com.java.Objects.TestDataDetails@11be9d4}
[INFO ][2015-12-07 19:09:04,329][com.java.TestType] [  481] -  str(1) = 1
[INFO ][2015-12-07 19:09:04,329][com.java.TestType] [  484] - Test case Id is---1
[INFO ][2015-12-07 19:09:04,329][com.java.TestType] [  486] - 1
[INFO ][2015-12-07 19:09:04,329][com.java.TestType] [  481] -  str(2) = 11
[INFO ][2015-12-07 19:09:04,329][com.java.TestType] [  533] - row values are--------{1=com.java.Objects.TestDataDetails@fafe96, 2=com.java.Objects.TestDataDetails@1a33470, 3=com.java.Objects.TestDataDetails@1490eab, 4=com.java.Objects.TestDataDetails@5db277, 5=com.java.Objects.TestDataDetails@f61e2, 6=com.java.Objects.TestDataDetails@238a4d, 7=com.java.Objects.TestDataDetails@7393a2, 8=com.java.Objects.TestDataDetails@104bc9, 9=com.java.Objects.TestDataDetails@1f7057, 10=com.java.Objects.TestDataDetails@11be9d4, 11=com.java.Objects.TestDataDetails@665fb2}
[INFO ][2015-12-07 19:09:04,329][com.java.TestType] [  481] -  str(1) = 1
[INFO ][2015-12-07 19:09:04,329][com.java.TestType] [  484] - Test case Id is---1
[INFO ][2015-12-07 19:09:04,329][com.java.TestType] [  486] - 1
[INFO ][2015-12-07 19:09:04,329][com.java.TestType] [  481] -  str(2) = 12
[INFO ][2015-12-07 19:09:04,329][com.java.TestType] [  533] - row values are--------{1=com.java.Objects.TestDataDetails@fafe96, 2=com.java.Objects.TestDataDetails@1a33470, 3=com.java.Objects.TestDataDetails@1490eab, 4=com.java.Objects.TestDataDetails@5db277, 5=com.java.Objects.TestDataDetails@f61e2, 6=com.java.Objects.TestDataDetails@238a4d, 7=com.java.Objects.TestDataDetails@7393a2, 8=com.java.Objects.TestDataDetails@104bc9, 9=com.java.Objects.TestDataDetails@1f7057, 10=com.java.Objects.TestDataDetails@11be9d4, 11=com.java.Objects.TestDataDetails@665fb2, 12=com.java.Objects.TestDataDetails@16c25eb}
[INFO ][2015-12-07 19:09:04,329][com.java.TestType] [  481] -  str(1) = 1
[INFO ][2015-12-07 19:09:04,329][com.java.TestType] [  484] - Test case Id is---1
[INFO ][2015-12-07 19:09:04,329][com.java.TestType] [  486] - 1
[INFO ][2015-12-07 19:09:04,329][com.java.TestType] [  481] -  str(2) = 13
[INFO ][2015-12-07 19:09:04,339][com.java.TestType] [  533] - row values are--------{1=com.java.Objects.TestDataDetails@fafe96, 2=com.java.Objects.TestDataDetails@1a33470, 3=com.java.Objects.TestDataDetails@1490eab, 4=com.java.Objects.TestDataDetails@5db277, 5=com.java.Objects.TestDataDetails@f61e2, 6=com.java.Objects.TestDataDetails@238a4d, 7=com.java.Objects.TestDataDetails@7393a2, 8=com.java.Objects.TestDataDetails@104bc9, 9=com.java.Objects.TestDataDetails@1f7057, 10=com.java.Objects.TestDataDetails@11be9d4, 11=com.java.Objects.TestDataDetails@665fb2, 12=com.java.Objects.TestDataDetails@16c25eb, 13=com.java.Objects.TestDataDetails@59e710}
[INFO ][2015-12-07 19:09:04,339][com.java.TestType] [  481] -  str(1) = 1
[INFO ][2015-12-07 19:09:04,339][com.java.TestType] [  484] - Test case Id is---1
[INFO ][2015-12-07 19:09:04,339][com.java.TestType] [  486] - 1
[INFO ][2015-12-07 19:09:04,339][com.java.TestType] [  481] -  str(2) = 14
[INFO ][2015-12-07 19:09:04,339][com.java.TestType] [  533] - row values are--------{1=com.java.Objects.TestDataDetails@fafe96, 2=com.java.Objects.TestDataDetails@1a33470, 3=com.java.Objects.TestDataDetails@1490eab, 4=com.java.Objects.TestDataDetails@5db277, 5=com.java.Objects.TestDataDetails@f61e2, 6=com.java.Objects.TestDataDetails@238a4d, 7=com.java.Objects.TestDataDetails@7393a2, 8=com.java.Objects.TestDataDetails@104bc9, 9=com.java.Objects.TestDataDetails@1f7057, 10=com.java.Objects.TestDataDetails@11be9d4, 11=com.java.Objects.TestDataDetails@665fb2, 12=com.java.Objects.TestDataDetails@16c25eb, 13=com.java.Objects.TestDataDetails@59e710, 14=com.java.Objects.TestDataDetails@2abdb}
[INFO ][2015-12-07 19:09:04,339][com.java.TestType] [  481] -  str(1) = 1
[INFO ][2015-12-07 19:09:04,339][com.java.TestType] [  484] - Test case Id is---1
[INFO ][2015-12-07 19:09:04,339][com.java.TestType] [  486] - 1
[INFO ][2015-12-07 19:09:04,339][com.java.TestType] [  481] -  str(2) = 15
[INFO ][2015-12-07 19:09:04,339][com.java.TestType] [  533] - row values are--------{1=com.java.Objects.TestDataDetails@fafe96, 2=com.java.Objects.TestDataDetails@1a33470, 3=com.java.Objects.TestDataDetails@1490eab, 4=com.java.Objects.TestDataDetails@5db277, 5=com.java.Objects.TestDataDetails@f61e2, 6=com.java.Objects.TestDataDetails@238a4d, 7=com.java.Objects.TestDataDetails@7393a2, 8=com.java.Objects.TestDataDetails@104bc9, 9=com.java.Objects.TestDataDetails@1f7057, 10=com.java.Objects.TestDataDetails@11be9d4, 11=com.java.Objects.TestDataDetails@665fb2, 12=com.java.Objects.TestDataDetails@16c25eb, 13=com.java.Objects.TestDataDetails@59e710, 14=com.java.Objects.TestDataDetails@2abdb, 15=com.java.Objects.TestDataDetails@265f7f}
[INFO ][2015-12-07 19:09:04,339][com.java.TestType] [  481] -  str(1) = 1
[INFO ][2015-12-07 19:09:04,339][com.java.TestType] [  484] - Test case Id is---1
[INFO ][2015-12-07 19:09:04,339][com.java.TestType] [  486] - 1
[INFO ][2015-12-07 19:09:04,339][com.java.TestType] [  481] -  str(2) = 16
[INFO ][2015-12-07 19:09:04,339][com.java.TestType] [  533] - row values are--------{1=com.java.Objects.TestDataDetails@fafe96, 2=com.java.Objects.TestDataDetails@1a33470, 3=com.java.Objects.TestDataDetails@1490eab, 4=com.java.Objects.TestDataDetails@5db277, 5=com.java.Objects.TestDataDetails@f61e2, 6=com.java.Objects.TestDataDetails@238a4d, 7=com.java.Objects.TestDataDetails@7393a2, 8=com.java.Objects.TestDataDetails@104bc9, 9=com.java.Objects.TestDataDetails@1f7057, 10=com.java.Objects.TestDataDetails@11be9d4, 11=com.java.Objects.TestDataDetails@665fb2, 12=com.java.Objects.TestDataDetails@16c25eb, 13=com.java.Objects.TestDataDetails@59e710, 14=com.java.Objects.TestDataDetails@2abdb, 15=com.java.Objects.TestDataDetails@265f7f, 16=com.java.Objects.TestDataDetails@13033a}
[INFO ][2015-12-07 19:09:04,339][com.java.TestType] [ 9944] - Looping 1TCID = 1
[DEBUG][2015-12-07 19:09:04,339][com.java.TestType] [ 9985] - Concept ID:1 :: Step being Executed: 1::1
[INFO ][2015-12-07 19:09:04,339][com.java.TestType] [10023] - dataFields : TXTusername
[DEBUG][2015-12-07 19:09:04,339][com.java.TestType] [10029] - <In Set values of the page>
[DEBUG][2015-12-07 19:09:04,339][com.java.TestType] [10034] - {Data Fields & Data Values Exist}
[INFO ][2015-12-07 19:09:04,339][com.java.TestType] [10040] - --------------------------setting values-----------------------------
[INFO ][2015-12-07 19:09:04,339][com.java.TestType] [10043] - Action Type : CLEARANDENTER
[INFO ][2015-12-07 19:09:04,339][com.java.TestType] [ 5430] - value = naresh.nayini.00000
[INFO ][2015-12-07 19:09:09,291][com.java.TestType] [10062] -  RESULT true
[INFO ][2015-12-07 19:09:09,291][com.java.TestType] [10179] - ?   P A S S   ?
[DEBUG][2015-12-07 19:09:09,291][com.java.TestType] [ 9985] - Concept ID:1 :: Step being Executed: 1::2
[INFO ][2015-12-07 19:09:09,291][com.java.TestType] [10023] - dataFields : TXTpassword
[DEBUG][2015-12-07 19:09:09,291][com.java.TestType] [10029] - <In Set values of the page>
[DEBUG][2015-12-07 19:09:09,291][com.java.TestType] [10034] - {Data Fields & Data Values Exist}
[INFO ][2015-12-07 19:09:09,291][com.java.TestType] [10040] - --------------------------setting values-----------------------------
[INFO ][2015-12-07 19:09:09,291][com.java.TestType] [10043] - Action Type : CLEARANDENTER
[INFO ][2015-12-07 19:09:09,291][com.java.TestType] [ 5430] - value = Password1*
[INFO ][2015-12-07 19:09:14,150][com.java.TestType] [10062] -  RESULT true
[INFO ][2015-12-07 19:09:14,150][com.java.TestType] [10179] - ?   P A S S   ?
[DEBUG][2015-12-07 19:09:14,150][com.java.TestType] [ 9985] - Concept ID:1 :: Step being Executed: 1::3
[ERROR][2015-12-07 19:09:14,150][com.java.TestType] [10018] - Exception: null
[INFO ][2015-12-07 19:09:14,150][com.java.TestType] [10023] - dataFields : XPH//button[@type='submit']
[DEBUG][2015-12-07 19:09:14,150][com.java.TestType] [10029] - <In Set values of the page>
[DEBUG][2015-12-07 19:09:14,150][com.java.TestType] [10034] - {Data Fields & Data Values Exist}
[INFO ][2015-12-07 19:09:14,150][com.java.TestType] [10040] - --------------------------setting values-----------------------------
[INFO ][2015-12-07 19:09:14,150][com.java.TestType] [10043] - Action Type : Click
[INFO ][2015-12-07 19:09:14,150][com.java.TestType] [ 5758] - Field ::XPH//button[@type='submit']
[INFO ][2015-12-07 19:09:15,150][com.java.TestType] [ 5852] - BEFORE CLICK
[INFO ][2015-12-07 19:09:15,985][com.java.TestType] [ 5860] - Unable to click the object Login
[INFO ][2015-12-07 19:09:15,985][com.java.TestType] [10062] -  RESULT true
[INFO ][2015-12-07 19:09:15,985][com.java.TestType] [10179] - ?   P A S S   ?
[DEBUG][2015-12-07 19:09:15,985][com.java.TestType] [ 9985] - Concept ID:1 :: Step being Executed: 1::4
[INFO ][2015-12-07 19:09:15,985][com.java.TestType] [10023] - dataFields : LNKLogout
[DEBUG][2015-12-07 19:09:15,985][com.java.TestType] [10029] - <In Set values of the page>
[DEBUG][2015-12-07 19:09:15,985][com.java.TestType] [10034] - {Data Fields & Data Values Exist}
[INFO ][2015-12-07 19:09:15,985][com.java.TestType] [10040] - --------------------------setting values-----------------------------
[INFO ][2015-12-07 19:09:15,985][com.java.TestType] [10043] - Action Type : WaitForElement
[INFO ][2015-12-07 19:09:19,342][com.java.TestType] [10062] -  RESULT true
[INFO ][2015-12-07 19:09:19,342][com.java.TestType] [10179] - ?   P A S S   ?
[DEBUG][2015-12-07 19:09:19,342][com.java.TestType] [ 9985] - Concept ID:1 :: Step being Executed: 1::15
[INFO ][2015-12-07 19:09:19,342][com.java.TestType] [10023] - dataFields : LNK
[DEBUG][2015-12-07 19:09:19,342][com.java.TestType] [10029] - <In Set values of the page>
[DEBUG][2015-12-07 19:09:19,342][com.java.TestType] [10034] - {Data Fields & Data Values Exist}
[INFO ][2015-12-07 19:09:19,342][com.java.TestType] [10040] - --------------------------setting values-----------------------------
[INFO ][2015-12-07 19:09:19,342][com.java.TestType] [10043] - Action Type : Verify
[INFO ][2015-12-07 19:09:19,342][com.java.TestType] [ 6636] - field= LNK value= Logout
[INFO ][2015-12-07 19:09:19,342][com.java.TestType] [ 5430] - value = Logout
[INFO ][2015-12-07 19:09:19,373][com.java.TestType] [10062] -  RESULT true
[INFO ][2015-12-07 19:09:19,373][com.java.TestType] [10179] - ?   P A S S   ?
[DEBUG][2015-12-07 19:09:19,373][com.java.TestType] [ 9985] - Concept ID:1 :: Step being Executed: 1::16
[INFO ][2015-12-07 19:09:19,373][com.java.TestType] [10023] - dataFields : BTN
[DEBUG][2015-12-07 19:09:19,373][com.java.TestType] [10029] - <In Set values of the page>
[DEBUG][2015-12-07 19:09:19,373][com.java.TestType] [10034] - {Data Fields & Data Values Exist}
[INFO ][2015-12-07 19:09:19,373][com.java.TestType] [10040] - --------------------------setting values-----------------------------
[INFO ][2015-12-07 19:09:19,373][com.java.TestType] [10043] - Action Type : Verify
[INFO ][2015-12-07 19:09:19,373][com.java.TestType] [ 6636] - field= BTN value= //img[contains(@src,'bdlogo.jpg')]
[INFO ][2015-12-07 19:09:19,373][com.java.TestType] [ 5430] - value = //img[contains(@src,'bdlogo.jpg')]
[INFO ][2015-12-07 19:09:19,453][com.java.TestType] [10062] -  RESULT true
[INFO ][2015-12-07 19:09:19,453][com.java.TestType] [10179] - ?   P A S S   ?
[INFO ][2015-12-07 19:09:19,453][com.java.TestType] [10250] - Looping End......
[INFO ][2015-12-07 19:09:19,453][com.java.SeleniumDriver] [  893] -  RESULT true
[INFO ][2015-12-07 19:09:19,453][com.java.SeleniumDriver] [ 1099] - ?   P A S S   ?
[INFO ][2015-12-07 19:09:19,453][com.java.SeleniumDriver] [  820] - ------------------------------------------
[INFO ][2015-12-07 19:09:19,453][com.java.SeleniumDriver] [  821] - Test case being Executed: 1
[INFO ][2015-12-07 19:09:19,453][com.java.SeleniumDriver] [  832] - Test step:2
[INFO ][2015-12-07 19:09:19,453][com.java.SeleniumDriver] [  844] - Datavalue is----------Concept#2:1-2
[INFO ][2015-12-07 19:09:19,453][com.java.SeleniumDriver] [  868] - DataField : test
[INFO ][2015-12-07 19:09:19,453][com.java.SeleniumDriver] [  870] - DataValue : Concept#2:1-2
[INFO ][2015-12-07 19:09:19,453][com.java.SeleniumDriver] [  876] - <In Set values of the page>
[INFO ][2015-12-07 19:09:19,453][com.java.SeleniumDriver] [  879] - {Data Fields & Data Values Exist}
[INFO ][2015-12-07 19:09:19,453][com.java.SeleniumDriver] [  881] - --------------------------setting values-----------------------------
[INFO ][2015-12-07 19:09:19,453][com.java.SeleniumDriver] [  884] - Action Type : ExecuteTestCase
[INFO ][2015-12-07 19:09:19,453][com.java.TestType] [  436] - The Concept sheet name is ---------- Concept
[INFO ][2015-12-07 19:09:19,453][com.java.TestType] [  439] - The Concept ID  is ---------- 2
[DEBUG][2015-12-07 19:09:19,453][com.java.TestType] [  443] - Steps being executted in the Concept are: 1:2
[INFO ][2015-12-07 19:09:19,453][com.java.TestType] [  450] - Test data details path ---------- D:\BankersDashboard\TestInputs\TestData.xls
[INFO ][2015-12-07 19:09:19,483][com.java.TestType] [  481] -  str(1) = 2
[INFO ][2015-12-07 19:09:19,483][com.java.TestType] [  484] - Test case Id is---2
[INFO ][2015-12-07 19:09:19,483][com.java.TestType] [  486] - 2
[INFO ][2015-12-07 19:09:19,483][com.java.TestType] [  481] -  str(2) = 1
[INFO ][2015-12-07 19:09:19,493][com.java.TestType] [  533] - row values are--------{1=com.java.Objects.TestDataDetails@12ebb84}
[INFO ][2015-12-07 19:09:19,493][com.java.TestType] [  481] -  str(1) = 2
[INFO ][2015-12-07 19:09:19,493][com.java.TestType] [  484] - Test case Id is---2
[INFO ][2015-12-07 19:09:19,493][com.java.TestType] [  486] - 2
[INFO ][2015-12-07 19:09:19,493][com.java.TestType] [  481] -  str(2) = 2
[INFO ][2015-12-07 19:09:19,493][com.java.TestType] [  533] - row values are--------{1=com.java.Objects.TestDataDetails@12ebb84, 2=com.java.Objects.TestDataDetails@140022f}
[INFO ][2015-12-07 19:09:19,493][com.java.TestType] [  481] -  str(1) = 2
[INFO ][2015-12-07 19:09:19,493][com.java.TestType] [  484] - Test case Id is---2
[INFO ][2015-12-07 19:09:19,493][com.java.TestType] [  486] - 2
[INFO ][2015-12-07 19:09:19,493][com.java.TestType] [  481] -  str(2) = 3
[INFO ][2015-12-07 19:09:19,493][com.java.TestType] [  533] - row values are--------{1=com.java.Objects.TestDataDetails@12ebb84, 2=com.java.Objects.TestDataDetails@140022f, 3=com.java.Objects.TestDataDetails@1c3cbc4}
[INFO ][2015-12-07 19:09:19,493][com.java.TestType] [ 9944] - Looping 1TCID = 2
[DEBUG][2015-12-07 19:09:19,493][com.java.TestType] [ 9985] - Concept ID:2 :: Step being Executed: 2::1
[INFO ][2015-12-07 19:09:19,493][com.java.TestType] [10023] - dataFields : BNK//select[@id='bank']
[DEBUG][2015-12-07 19:09:19,493][com.java.TestType] [10029] - <In Set values of the page>
[DEBUG][2015-12-07 19:09:19,493][com.java.TestType] [10034] - {Data Fields & Data Values Exist}
[INFO ][2015-12-07 19:09:19,493][com.java.TestType] [10040] - --------------------------setting values-----------------------------
[INFO ][2015-12-07 19:09:19,493][com.java.TestType] [10043] - Action Type : Select
[INFO ][2015-12-07 19:09:19,493][com.java.TestType] [ 5430] - value = PFC
[INFO ][2015-12-07 19:09:19,663][com.java.TestType] [10062] -  RESULT true
[INFO ][2015-12-07 19:09:19,663][com.java.TestType] [10179] - ?   P A S S   ?
[DEBUG][2015-12-07 19:09:19,663][com.java.TestType] [ 9985] - Concept ID:2 :: Step being Executed: 2::2
[INFO ][2015-12-07 19:09:19,663][com.java.TestType] [10023] - dataFields : LNKLogout
[DEBUG][2015-12-07 19:09:19,663][com.java.TestType] [10029] - <In Set values of the page>
[DEBUG][2015-12-07 19:09:19,663][com.java.TestType] [10034] - {Data Fields & Data Values Exist}
[INFO ][2015-12-07 19:09:19,663][com.java.TestType] [10040] - --------------------------setting values-----------------------------
[INFO ][2015-12-07 19:09:19,663][com.java.TestType] [10043] - Action Type : WaitTime
[DEBUG][2015-12-07 19:09:19,663][com.java.TestType] [ 5250] - sleepTime: 5000
[INFO ][2015-12-07 19:09:24,665][com.java.TestType] [10062] -  RESULT true
[INFO ][2015-12-07 19:09:24,665][com.java.TestType] [10179] - ?   P A S S   ?
[INFO ][2015-12-07 19:09:24,665][com.java.TestType] [10250] - Looping End......
[INFO ][2015-12-07 19:09:24,665][com.java.SeleniumDriver] [  893] -  RESULT true
[INFO ][2015-12-07 19:09:24,665][com.java.SeleniumDriver] [ 1099] - ?   P A S S   ?
[INFO ][2015-12-07 19:09:24,665][com.java.SeleniumDriver] [  820] - ------------------------------------------
[INFO ][2015-12-07 19:09:24,665][com.java.SeleniumDriver] [  821] - Test case being Executed: 1
[INFO ][2015-12-07 19:09:24,665][com.java.SeleniumDriver] [  832] - Test step:3
[INFO ][2015-12-07 19:09:24,665][com.java.SeleniumDriver] [  844] - Datavalue is----------2
[INFO ][2015-12-07 19:09:24,665][com.java.SeleniumDriver] [  868] - DataField : XPH//button[contains(text(),'Add Content')]
[INFO ][2015-12-07 19:09:24,665][com.java.SeleniumDriver] [  870] - DataValue : 2
[INFO ][2015-12-07 19:09:24,665][com.java.SeleniumDriver] [  876] - <In Set values of the page>
[INFO ][2015-12-07 19:09:24,665][com.java.SeleniumDriver] [  879] - {Data Fields & Data Values Exist}
[INFO ][2015-12-07 19:09:24,665][com.java.SeleniumDriver] [  881] - --------------------------setting values-----------------------------
[INFO ][2015-12-07 19:09:24,665][com.java.SeleniumDriver] [  884] - Action Type : WAITFORELEMENT
[INFO ][2015-12-07 19:09:24,706][com.java.SeleniumDriver] [  893] -  RESULT true
[INFO ][2015-12-07 19:09:24,706][com.java.SeleniumDriver] [ 1099] - ?   P A S S   ?
[DEBUG][2015-12-07 19:09:24,706][com.java.SeleniumDriver] [ 1211] - Case found
[DEBUG][2015-12-07 19:09:24,706][com.java.SeleniumDriver] [ 1216] - Incrementing ReportCounters[0]:1
[INFO ][2015-12-07 19:09:24,706][com.java.SeleniumDriver] [ 1235] - The results are-------------------[1, 1, Valid Login, Pass, , Mon Dec 07 19:09:19 IST 2015, 1, 2, Valid Login, Pass, , Mon Dec 07 19:09:24 IST 2015, 1, 3, Valid Login, Pass, , Mon Dec 07 19:09:24 IST 2015]
[INFO ][2015-12-07 19:09:24,706][com.java.SeleniumDriver] [ 1239] - End time is-------36 sec
[INFO ][2015-12-07 19:09:24,706][com.java.SeleniumDriver] [ 1240] - The results are-------------------[1, 1, Valid Login, Pass, , Mon Dec 07 19:09:19 IST 2015, 1, 2, Valid Login, Pass, , Mon Dec 07 19:09:24 IST 2015, 1, 3, Valid Login, Pass, , Mon Dec 07 19:09:24 IST 2015]
[DEBUG][2015-12-07 19:09:24,706][com.java.ImportnExport.ExportTestResultsExcel] [  222] - testResultPath = D:\BankersDashboard/TestReports/Test Results_BankersDashBoard_120715_190850_IE10_Any Bank USA.xls
[DEBUG][2015-12-07 19:09:24,706][com.java.ImportnExport.ExportTestResultsExcel] [  223] - browser is------------IE10
[DEBUG][2015-12-07 19:09:24,746][com.java.ImportnExport.ExportTestResultsExcel] [  270] - result.size() = 18
[DEBUG][2015-12-07 19:09:24,746][com.java.ImportnExport.ExportTestResultsExcel] [  274] - No of rows in sheet=1
[DEBUG][2015-12-07 19:09:24,746][com.java.ImportnExport.ExportTestResultsExcel] [  301] - ..in export..1
[DEBUG][2015-12-07 19:09:24,746][com.java.ImportnExport.ExportTestResultsExcel] [  301] - ..in export..Valid Login
[DEBUG][2015-12-07 19:09:24,746][com.java.ImportnExport.ExportTestResultsExcel] [  301] - ..in export..Pass
[DEBUG][2015-12-07 19:09:24,746][com.java.ImportnExport.ExportTestResultsExcel] [  301] - ..in export..
[DEBUG][2015-12-07 19:09:24,746][com.java.ImportnExport.ExportTestResultsExcel] [  301] - ..in export..Mon Dec 07 19:09:19 IST 2015
[INFO ][2015-12-07 19:09:24,746][com.java.SeleniumDriver] [ 1298] - out loop:0 size:2 TestCases:[1, 6] testcases:[1, 6]
[INFO ][2015-12-07 19:09:24,746][com.java.ImportnExport.ImportTestDataDetailsExcel] [   49] - test data details path===== D:\BankersDashboard\TestInputs\TestData.xls
[INFO ][2015-12-07 19:09:39,592][com.java.SeleniumDriver] [  820] - ------------------------------------------
[INFO ][2015-12-07 19:09:39,592][com.java.SeleniumDriver] [  821] - Test case being Executed: 6
[INFO ][2015-12-07 19:09:39,592][com.java.SeleniumDriver] [  832] - Test step:1
[INFO ][2015-12-07 19:09:39,592][com.java.SeleniumDriver] [  844] - Datavalue is----------Logout
[INFO ][2015-12-07 19:09:39,592][com.java.SeleniumDriver] [  868] - DataField : BTN
[INFO ][2015-12-07 19:09:39,592][com.java.SeleniumDriver] [  870] - DataValue : Logout
[INFO ][2015-12-07 19:09:39,592][com.java.SeleniumDriver] [  876] - <In Set values of the page>
[INFO ][2015-12-07 19:09:39,592][com.java.SeleniumDriver] [  879] - {Data Fields & Data Values Exist}
[INFO ][2015-12-07 19:09:39,592][com.java.SeleniumDriver] [  881] - --------------------------setting values-----------------------------
[INFO ][2015-12-07 19:09:39,592][com.java.SeleniumDriver] [  884] - Action Type : Verify
[INFO ][2015-12-07 19:09:39,592][com.java.TestType] [ 6636] - field= BTN value= Logout
[INFO ][2015-12-07 19:09:39,592][com.java.TestType] [ 5430] - value = Logout
[INFO ][2015-12-07 19:09:39,653][com.java.SeleniumDriver] [  893] -  RESULT true
[INFO ][2015-12-07 19:09:39,653][com.java.SeleniumDriver] [ 1099] - ?   P A S S   ?
[INFO ][2015-12-07 19:09:39,653][com.java.SeleniumDriver] [ 1141] - step change to 3
[INFO ][2015-12-07 19:09:39,653][com.java.SeleniumDriver] [  820] - ------------------------------------------
[INFO ][2015-12-07 19:09:39,653][com.java.SeleniumDriver] [  821] - Test case being Executed: 6
[INFO ][2015-12-07 19:09:39,653][com.java.SeleniumDriver] [  832] - Test step:3
[INFO ][2015-12-07 19:09:39,653][com.java.SeleniumDriver] [  844] - Datavalue is----------Concept#2:1-2
[INFO ][2015-12-07 19:09:39,653][com.java.SeleniumDriver] [  868] - DataField : test
[INFO ][2015-12-07 19:09:39,653][com.java.SeleniumDriver] [  870] - DataValue : Concept#2:1-2
[INFO ][2015-12-07 19:09:39,653][com.java.SeleniumDriver] [  876] - <In Set values of the page>
[INFO ][2015-12-07 19:09:39,653][com.java.SeleniumDriver] [  879] - {Data Fields & Data Values Exist}
[INFO ][2015-12-07 19:09:39,653][com.java.SeleniumDriver] [  881] - --------------------------setting values-----------------------------
[INFO ][2015-12-07 19:09:39,653][com.java.SeleniumDriver] [  884] - Action Type : ExecuteTestCase
[INFO ][2015-12-07 19:09:39,653][com.java.TestType] [  436] - The Concept sheet name is ---------- Concept
[INFO ][2015-12-07 19:09:39,653][com.java.TestType] [  439] - The Concept ID  is ---------- 2
[DEBUG][2015-12-07 19:09:39,653][com.java.TestType] [  443] - Steps being executted in the Concept are: 1:2
[INFO ][2015-12-07 19:09:39,653][com.java.TestType] [  450] - Test data details path ---------- D:\BankersDashboard\TestInputs\TestData.xls
[INFO ][2015-12-07 19:09:39,683][com.java.TestType] [  481] -  str(1) = 2
[INFO ][2015-12-07 19:09:39,683][com.java.TestType] [  484] - Test case Id is---2
[INFO ][2015-12-07 19:09:39,683][com.java.TestType] [  486] - 2
[INFO ][2015-12-07 19:09:39,683][com.java.TestType] [  481] -  str(2) = 1
[INFO ][2015-12-07 19:09:39,683][com.java.TestType] [  533] - row values are--------{1=com.java.Objects.TestDataDetails@768854}
[INFO ][2015-12-07 19:09:39,683][com.java.TestType] [  481] -  str(1) = 2
[INFO ][2015-12-07 19:09:39,683][com.java.TestType] [  484] - Test case Id is---2
[INFO ][2015-12-07 19:09:39,683][com.java.TestType] [  486] - 2
[INFO ][2015-12-07 19:09:39,683][com.java.TestType] [  481] -  str(2) = 2
[INFO ][2015-12-07 19:09:39,683][com.java.TestType] [  533] - row values are--------{1=com.java.Objects.TestDataDetails@768854, 2=com.java.Objects.TestDataDetails@1197422}
[INFO ][2015-12-07 19:09:39,683][com.java.TestType] [  481] -  str(1) = 2
[INFO ][2015-12-07 19:09:39,683][com.java.TestType] [  484] - Test case Id is---2
[INFO ][2015-12-07 19:09:39,683][com.java.TestType] [  486] - 2
[INFO ][2015-12-07 19:09:39,683][com.java.TestType] [  481] -  str(2) = 3
[INFO ][2015-12-07 19:09:39,683][com.java.TestType] [  533] - row values are--------{1=com.java.Objects.TestDataDetails@768854, 2=com.java.Objects.TestDataDetails@1197422, 3=com.java.Objects.TestDataDetails@111fce}
[INFO ][2015-12-07 19:09:39,693][com.java.TestType] [ 9944] - Looping 1TCID = 2
[DEBUG][2015-12-07 19:09:39,693][com.java.TestType] [ 9985] - Concept ID:2 :: Step being Executed: 2::1
[INFO ][2015-12-07 19:09:39,693][com.java.TestType] [10023] - dataFields : BNK//select[@id='bank']
[DEBUG][2015-12-07 19:09:39,693][com.java.TestType] [10029] - <In Set values of the page>
[DEBUG][2015-12-07 19:09:39,693][com.java.TestType] [10034] - {Data Fields & Data Values Exist}
[INFO ][2015-12-07 19:09:39,693][com.java.TestType] [10040] - --------------------------setting values-----------------------------
[INFO ][2015-12-07 19:09:39,693][com.java.TestType] [10043] - Action Type : Select
[INFO ][2015-12-07 19:09:39,693][com.java.TestType] [ 5430] - value = PFC
[INFO ][2015-12-07 19:09:39,873][com.java.TestType] [10062] -  RESULT true
[INFO ][2015-12-07 19:09:39,873][com.java.TestType] [10179] - ?   P A S S   ?
[DEBUG][2015-12-07 19:09:39,873][com.java.TestType] [ 9985] - Concept ID:2 :: Step being Executed: 2::2
[INFO ][2015-12-07 19:09:39,873][com.java.TestType] [10023] - dataFields : LNKLogout
[DEBUG][2015-12-07 19:09:39,873][com.java.TestType] [10029] - <In Set values of the page>
[DEBUG][2015-12-07 19:09:39,873][com.java.TestType] [10034] - {Data Fields & Data Values Exist}
[INFO ][2015-12-07 19:09:39,873][com.java.TestType] [10040] - --------------------------setting values-----------------------------
[INFO ][2015-12-07 19:09:39,873][com.java.TestType] [10043] - Action Type : WaitTime
[DEBUG][2015-12-07 19:09:39,873][com.java.TestType] [ 5250] - sleepTime: 5000
[INFO ][2015-12-07 19:09:44,874][com.java.TestType] [10062] -  RESULT true
[INFO ][2015-12-07 19:09:44,874][com.java.TestType] [10179] - ?   P A S S   ?
[INFO ][2015-12-07 19:09:44,874][com.java.TestType] [10250] - Looping End......
[INFO ][2015-12-07 19:09:44,874][com.java.SeleniumDriver] [  893] -  RESULT true
[INFO ][2015-12-07 19:09:44,874][com.java.SeleniumDriver] [ 1099] - ?   P A S S   ?
[INFO ][2015-12-07 19:09:44,874][com.java.SeleniumDriver] [  820] - ------------------------------------------
[INFO ][2015-12-07 19:09:44,874][com.java.SeleniumDriver] [  821] - Test case being Executed: 6
[INFO ][2015-12-07 19:09:44,874][com.java.SeleniumDriver] [  832] - Test step:4
[INFO ][2015-12-07 19:09:44,874][com.java.SeleniumDriver] [  844] - Datavalue is----------null
[DEBUG][2015-12-07 19:09:44,874][com.java.SeleniumDriver] [  862] - Exception: null
[INFO ][2015-12-07 19:09:44,874][com.java.SeleniumDriver] [  868] - DataField : //span[@class='icon-stats']&&//a[@data-id="Forecasting"]
[INFO ][2015-12-07 19:09:44,874][com.java.SeleniumDriver] [  870] - DataValue : 
[INFO ][2015-12-07 19:09:44,874][com.java.SeleniumDriver] [  876] - <In Set values of the page>
[INFO ][2015-12-07 19:09:44,874][com.java.SeleniumDriver] [  879] - {Data Fields & Data Values Exist}
[INFO ][2015-12-07 19:09:44,874][com.java.SeleniumDriver] [  881] - --------------------------setting values-----------------------------
[INFO ][2015-12-07 19:09:44,874][com.java.SeleniumDriver] [  884] - Action Type : MOUSEOVER
[INFO ][2015-12-07 19:10:07,900][com.java.SeleniumDriver] [  893] -  RESULT true
[INFO ][2015-12-07 19:10:07,900][com.java.SeleniumDriver] [ 1099] - ?   P A S S   ?
[INFO ][2015-12-07 19:10:07,900][com.java.SeleniumDriver] [  820] - ------------------------------------------
[INFO ][2015-12-07 19:10:07,900][com.java.SeleniumDriver] [  821] - Test case being Executed: 6
[INFO ][2015-12-07 19:10:07,900][com.java.SeleniumDriver] [  832] - Test step:5
[INFO ][2015-12-07 19:10:07,900][com.java.SeleniumDriver] [  844] - Datavalue is----------5
[INFO ][2015-12-07 19:10:07,900][com.java.SeleniumDriver] [  868] - DataField : null
[INFO ][2015-12-07 19:10:07,900][com.java.SeleniumDriver] [  870] - DataValue : 5
[INFO ][2015-12-07 19:10:07,900][com.java.SeleniumDriver] [  876] - <In Set values of the page>
[INFO ][2015-12-07 19:10:07,900][com.java.SeleniumDriver] [  879] - {Data Fields & Data Values Exist}
[INFO ][2015-12-07 19:10:07,900][com.java.SeleniumDriver] [  881] - --------------------------setting values-----------------------------
[INFO ][2015-12-07 19:10:07,900][com.java.SeleniumDriver] [  884] - Action Type : WAITTIME
[DEBUG][2015-12-07 19:10:07,900][com.java.TestType] [ 5250] - sleepTime: 5000
[INFO ][2015-12-07 19:10:12,901][com.java.SeleniumDriver] [  893] -  RESULT true
[INFO ][2015-12-07 19:10:12,901][com.java.SeleniumDriver] [ 1099] - ?   P A S S   ?
[INFO ][2015-12-07 19:10:12,901][com.java.SeleniumDriver] [  820] - ------------------------------------------
[INFO ][2015-12-07 19:10:12,901][com.java.SeleniumDriver] [  821] - Test case being Executed: 6
[INFO ][2015-12-07 19:10:12,901][com.java.SeleniumDriver] [  832] - Test step:6
[INFO ][2015-12-07 19:10:12,901][com.java.SeleniumDriver] [  844] - Datavalue is----------Forecasting 
[INFO ][2015-12-07 19:10:12,901][com.java.SeleniumDriver] [  868] - DataField : TTL
[INFO ][2015-12-07 19:10:12,901][com.java.SeleniumDriver] [  870] - DataValue : Forecasting 
[INFO ][2015-12-07 19:10:12,901][com.java.SeleniumDriver] [  876] - <In Set values of the page>
[INFO ][2015-12-07 19:10:12,901][com.java.SeleniumDriver] [  879] - {Data Fields & Data Values Exist}
[INFO ][2015-12-07 19:10:12,901][com.java.SeleniumDriver] [  881] - --------------------------setting values-----------------------------
[INFO ][2015-12-07 19:10:12,901][com.java.SeleniumDriver] [  884] - Action Type : SELECTWINDOW
[INFO ][2015-12-07 19:10:25,481][com.java.SeleniumDriver] [  893] -  RESULT true
[INFO ][2015-12-07 19:10:25,481][com.java.SeleniumDriver] [ 1099] - ?   P A S S   ?
[INFO ][2015-12-07 19:10:25,481][com.java.SeleniumDriver] [  820] - ------------------------------------------
[INFO ][2015-12-07 19:10:25,481][com.java.SeleniumDriver] [  821] - Test case being Executed: 6
[INFO ][2015-12-07 19:10:25,481][com.java.SeleniumDriver] [  832] - Test step:7
[INFO ][2015-12-07 19:10:25,481][com.java.SeleniumDriver] [  844] - Datavalue is----------null
[DEBUG][2015-12-07 19:10:25,481][com.java.SeleniumDriver] [  862] - Exception: null
[INFO ][2015-12-07 19:10:25,481][com.java.SeleniumDriver] [  868] - DataField : BTNframeDialogContent
[INFO ][2015-12-07 19:10:25,481][com.java.SeleniumDriver] [  870] - DataValue : 
[INFO ][2015-12-07 19:10:25,481][com.java.SeleniumDriver] [  876] - <In Set values of the page>
[INFO ][2015-12-07 19:10:25,481][com.java.SeleniumDriver] [  879] - {Data Fields & Data Values Exist}
[INFO ][2015-12-07 19:10:25,481][com.java.SeleniumDriver] [  881] - --------------------------setting values-----------------------------
[INFO ][2015-12-07 19:10:25,481][com.java.SeleniumDriver] [  884] - Action Type : SELECTFRAME
[INFO ][2015-12-07 19:10:26,612][com.java.SeleniumDriver] [  893] -  RESULT true
[INFO ][2015-12-07 19:10:26,612][com.java.SeleniumDriver] [ 1099] - ?   P A S S   ?
[INFO ][2015-12-07 19:10:26,612][com.java.SeleniumDriver] [  820] - ------------------------------------------
[INFO ][2015-12-07 19:10:26,612][com.java.SeleniumDriver] [  821] - Test case being Executed: 6
[INFO ][2015-12-07 19:10:26,612][com.java.SeleniumDriver] [  832] - Test step:8
[INFO ][2015-12-07 19:10:26,612][com.java.SeleniumDriver] [  844] - Datavalue is----------10
[INFO ][2015-12-07 19:10:26,612][com.java.SeleniumDriver] [  868] - DataField : DSPddlProjects
[INFO ][2015-12-07 19:10:26,612][com.java.SeleniumDriver] [  870] - DataValue : 10
[INFO ][2015-12-07 19:10:26,612][com.java.SeleniumDriver] [  876] - <In Set values of the page>
[INFO ][2015-12-07 19:10:26,612][com.java.SeleniumDriver] [  879] - {Data Fields & Data Values Exist}
[INFO ][2015-12-07 19:10:26,612][com.java.SeleniumDriver] [  881] - --------------------------setting values-----------------------------
[INFO ][2015-12-07 19:10:26,612][com.java.SeleniumDriver] [  884] - Action Type : WAITFORELEMENT
[INFO ][2015-12-07 19:10:27,713][com.java.SeleniumDriver] [  893] -  RESULT true
[INFO ][2015-12-07 19:10:27,713][com.java.SeleniumDriver] [ 1099] - ?   P A S S   ?
[INFO ][2015-12-07 19:10:27,713][com.java.SeleniumDriver] [  820] - ------------------------------------------
[INFO ][2015-12-07 19:10:27,713][com.java.SeleniumDriver] [  821] - Test case being Executed: 6
[INFO ][2015-12-07 19:10:27,713][com.java.SeleniumDriver] [  832] - Test step:9
[INFO ][2015-12-07 19:10:27,713][com.java.SeleniumDriver] [  844] - Datavalue is----------index:1
[INFO ][2015-12-07 19:10:27,713][com.java.SeleniumDriver] [  868] - DataField : COBddlProjects
[INFO ][2015-12-07 19:10:27,713][com.java.SeleniumDriver] [  870] - DataValue : index:1
[INFO ][2015-12-07 19:10:27,713][com.java.SeleniumDriver] [  876] - <In Set values of the page>
[INFO ][2015-12-07 19:10:27,713][com.java.SeleniumDriver] [  879] - {Data Fields & Data Values Exist}
[INFO ][2015-12-07 19:10:27,713][com.java.SeleniumDriver] [  881] - --------------------------setting values-----------------------------
[INFO ][2015-12-07 19:10:27,713][com.java.SeleniumDriver] [  884] - Action Type : SELECT
[INFO ][2015-12-07 19:10:27,713][com.java.TestType] [ 5430] - value = 1
[INFO ][2015-12-07 19:10:28,804][com.java.TestType] [ 5548] -  In COB ddlProjects : 1
[INFO ][2015-12-07 19:10:28,944][com.java.SeleniumDriver] [  893] -  RESULT true
[INFO ][2015-12-07 19:10:28,944][com.java.SeleniumDriver] [ 1099] - ?   P A S S   ?
[INFO ][2015-12-07 19:10:28,944][com.java.SeleniumDriver] [ 1136] - Continue next step...
[INFO ][2015-12-07 19:10:28,944][com.java.SeleniumDriver] [  820] - ------------------------------------------
[INFO ][2015-12-07 19:10:28,944][com.java.SeleniumDriver] [  821] - Test case being Executed: 6
[INFO ][2015-12-07 19:10:28,944][com.java.SeleniumDriver] [  832] - Test step:10
[INFO ][2015-12-07 19:10:28,944][com.java.SeleniumDriver] [  844] - Datavalue is----------CurrentProject
[INFO ][2015-12-07 19:10:28,944][com.java.SeleniumDriver] [  868] - DataField : SLBddlProjects
[INFO ][2015-12-07 19:10:28,944][com.java.SeleniumDriver] [  870] - DataValue : CurrentProject
[INFO ][2015-12-07 19:10:28,944][com.java.SeleniumDriver] [  876] - <In Set values of the page>
[INFO ][2015-12-07 19:10:28,944][com.java.SeleniumDriver] [  879] - {Data Fields & Data Values Exist}
[INFO ][2015-12-07 19:10:28,944][com.java.SeleniumDriver] [  881] - --------------------------setting values-----------------------------
[INFO ][2015-12-07 19:10:28,944][com.java.SeleniumDriver] [  884] - Action Type : storevalue
[INFO ][2015-12-07 19:10:28,944][com.java.TestType] [ 7814] - field= SLBddlProjects
[INFO ][2015-12-07 19:10:30,115][com.java.SeleniumDriver] [  893] -  RESULT true
[INFO ][2015-12-07 19:10:30,115][com.java.SeleniumDriver] [ 1099] - ?   P A S S   ?
[INFO ][2015-12-07 19:10:30,115][com.java.SeleniumDriver] [  820] - ------------------------------------------
[INFO ][2015-12-07 19:10:30,115][com.java.SeleniumDriver] [  821] - Test case being Executed: 6
[INFO ][2015-12-07 19:10:30,115][com.java.SeleniumDriver] [  832] - Test step:11
[INFO ][2015-12-07 19:10:30,115][com.java.SeleniumDriver] [  844] - Datavalue is----------null
[DEBUG][2015-12-07 19:10:30,115][com.java.SeleniumDriver] [  862] - Exception: null
[INFO ][2015-12-07 19:10:30,115][com.java.SeleniumDriver] [  868] - DataField : HDNbtnOpenProject
[INFO ][2015-12-07 19:10:30,115][com.java.SeleniumDriver] [  870] - DataValue : 
[INFO ][2015-12-07 19:10:30,115][com.java.SeleniumDriver] [  876] - <In Set values of the page>
[INFO ][2015-12-07 19:10:30,115][com.java.SeleniumDriver] [  879] - {Data Fields & Data Values Exist}
[INFO ][2015-12-07 19:10:30,115][com.java.SeleniumDriver] [  881] - --------------------------setting values-----------------------------
[INFO ][2015-12-07 19:10:30,115][com.java.SeleniumDriver] [  884] - Action Type : CLICK
[INFO ][2015-12-07 19:10:30,115][com.java.TestType] [ 5758] - Field ::HDNbtnOpenProject
[INFO ][2015-12-07 19:10:33,287][com.java.SeleniumDriver] [  893] -  RESULT true
[INFO ][2015-12-07 19:10:33,287][com.java.SeleniumDriver] [ 1099] - ?   P A S S   ?
[INFO ][2015-12-07 19:10:33,287][com.java.SeleniumDriver] [  820] - ------------------------------------------
[INFO ][2015-12-07 19:10:33,287][com.java.SeleniumDriver] [  821] - Test case being Executed: 6
[INFO ][2015-12-07 19:10:33,287][com.java.SeleniumDriver] [  832] - Test step:12
[INFO ][2015-12-07 19:10:33,287][com.java.SeleniumDriver] [  844] - Datavalue is----------2
[INFO ][2015-12-07 19:10:33,287][com.java.SeleniumDriver] [  868] - DataField : null
[INFO ][2015-12-07 19:10:33,287][com.java.SeleniumDriver] [  870] - DataValue : 2
[INFO ][2015-12-07 19:10:33,287][com.java.SeleniumDriver] [  876] - <In Set values of the page>
[INFO ][2015-12-07 19:10:33,287][com.java.SeleniumDriver] [  879] - {Data Fields & Data Values Exist}
[INFO ][2015-12-07 19:10:33,287][com.java.SeleniumDriver] [  881] - --------------------------setting values-----------------------------
[INFO ][2015-12-07 19:10:33,287][com.java.SeleniumDriver] [  884] - Action Type : WAITTIME
[DEBUG][2015-12-07 19:10:33,287][com.java.TestType] [ 5250] - sleepTime: 2000
[INFO ][2015-12-07 19:10:35,288][com.java.SeleniumDriver] [  893] -  RESULT true
[INFO ][2015-12-07 19:10:35,288][com.java.SeleniumDriver] [ 1099] - ?   P A S S   ?
[INFO ][2015-12-07 19:10:35,288][com.java.SeleniumDriver] [  820] - ------------------------------------------
[INFO ][2015-12-07 19:10:35,288][com.java.SeleniumDriver] [  821] - Test case being Executed: 6
[INFO ][2015-12-07 19:10:35,288][com.java.SeleniumDriver] [  832] - Test step:13
[INFO ][2015-12-07 19:10:35,288][com.java.SeleniumDriver] [  844] - Datavalue is----------null
[DEBUG][2015-12-07 19:10:35,288][com.java.SeleniumDriver] [  862] - Exception: null
[INFO ][2015-12-07 19:10:35,288][com.java.SeleniumDriver] [  868] - DataField : BTNParent
[INFO ][2015-12-07 19:10:35,288][com.java.SeleniumDriver] [  870] - DataValue : 
[INFO ][2015-12-07 19:10:35,288][com.java.SeleniumDriver] [  876] - <In Set values of the page>
[INFO ][2015-12-07 19:10:35,288][com.java.SeleniumDriver] [  879] - {Data Fields & Data Values Exist}
[INFO ][2015-12-07 19:10:35,288][com.java.SeleniumDriver] [  881] - --------------------------setting values-----------------------------
[INFO ][2015-12-07 19:10:35,288][com.java.SeleniumDriver] [  884] - Action Type : SELECTFRAME
[INFO ][2015-12-07 19:10:35,289][com.java.SeleniumDriver] [  893] -  RESULT true
[INFO ][2015-12-07 19:10:35,289][com.java.SeleniumDriver] [ 1099] - ?   P A S S   ?
[INFO ][2015-12-07 19:10:35,289][com.java.SeleniumDriver] [  820] - ------------------------------------------
[INFO ][2015-12-07 19:10:35,289][com.java.SeleniumDriver] [  821] - Test case being Executed: 6
[INFO ][2015-12-07 19:10:35,289][com.java.SeleniumDriver] [  832] - Test step:14
[INFO ][2015-12-07 19:10:35,289][com.java.SeleniumDriver] [  844] - Datavalue is----------10
[INFO ][2015-12-07 19:10:35,289][com.java.SeleniumDriver] [  868] - DataField : DSPFile
[INFO ][2015-12-07 19:10:35,289][com.java.SeleniumDriver] [  870] - DataValue : 10
[INFO ][2015-12-07 19:10:35,289][com.java.SeleniumDriver] [  876] - <In Set values of the page>
[INFO ][2015-12-07 19:10:35,289][com.java.SeleniumDriver] [  879] - {Data Fields & Data Values Exist}
[INFO ][2015-12-07 19:10:35,289][com.java.SeleniumDriver] [  881] - --------------------------setting values-----------------------------
[INFO ][2015-12-07 19:10:35,289][com.java.SeleniumDriver] [  884] - Action Type : WAITFORELEMENT
[INFO ][2015-12-07 19:10:35,419][com.java.SeleniumDriver] [  893] -  RESULT true
[INFO ][2015-12-07 19:10:35,419][com.java.SeleniumDriver] [ 1099] - ?   P A S S   ?
[INFO ][2015-12-07 19:10:35,419][com.java.SeleniumDriver] [  820] - ------------------------------------------
[INFO ][2015-12-07 19:10:35,419][com.java.SeleniumDriver] [  821] - Test case being Executed: 6
[INFO ][2015-12-07 19:10:35,419][com.java.SeleniumDriver] [  832] - Test step:15
[INFO ][2015-12-07 19:10:35,419][com.java.SeleniumDriver] [  844] - Datavalue is----------10
[INFO ][2015-12-07 19:10:35,419][com.java.SeleniumDriver] [  868] - DataField : null
[INFO ][2015-12-07 19:10:35,419][com.java.SeleniumDriver] [  870] - DataValue : 10
[INFO ][2015-12-07 19:10:35,419][com.java.SeleniumDriver] [  876] - <In Set values of the page>
[INFO ][2015-12-07 19:10:35,419][com.java.SeleniumDriver] [  879] - {Data Fields & Data Values Exist}
[INFO ][2015-12-07 19:10:35,419][com.java.SeleniumDriver] [  881] - --------------------------setting values-----------------------------
[INFO ][2015-12-07 19:10:35,419][com.java.SeleniumDriver] [  884] - Action Type : WAITTIME
[DEBUG][2015-12-07 19:10:35,419][com.java.TestType] [ 5250] - sleepTime: 10000
[INFO ][2015-12-07 19:10:45,420][com.java.SeleniumDriver] [  893] -  RESULT true
[INFO ][2015-12-07 19:10:45,420][com.java.SeleniumDriver] [ 1099] - ?   P A S S   ?
[INFO ][2015-12-07 19:10:45,420][com.java.SeleniumDriver] [  820] - ------------------------------------------
[INFO ][2015-12-07 19:10:45,420][com.java.SeleniumDriver] [  821] - Test case being Executed: 6
[INFO ][2015-12-07 19:10:45,420][com.java.SeleniumDriver] [  832] - Test step:16
[INFO ][2015-12-07 19:10:45,420][com.java.SeleniumDriver] [  844] - Datavalue is----------HMVCurrentProject
[INFO ][2015-12-07 19:10:45,420][com.java.SeleniumDriver] [  868] - DataField : XPH//span[@id='lblProject']
[INFO ][2015-12-07 19:10:45,420][com.java.SeleniumDriver] [  870] - DataValue : HMVCurrentProject
[INFO ][2015-12-07 19:10:45,420][com.java.SeleniumDriver] [  876] - <In Set values of the page>
[INFO ][2015-12-07 19:10:45,420][com.java.SeleniumDriver] [  879] - {Data Fields & Data Values Exist}
[INFO ][2015-12-07 19:10:45,420][com.java.SeleniumDriver] [  881] - --------------------------setting values-----------------------------
[INFO ][2015-12-07 19:10:45,420][com.java.SeleniumDriver] [  884] - Action Type : VERIFY
[INFO ][2015-12-07 19:10:45,420][com.java.TestType] [ 6636] - field= XPH//span[@id='lblProject'] value= HMVCurrentProject
[INFO ][2015-12-07 19:10:45,420][com.java.TestType] [ 5430] - value = Dallas User Group
[INFO ][2015-12-07 19:10:45,551][com.java.SeleniumDriver] [  893] -  RESULT true
[INFO ][2015-12-07 19:10:45,551][com.java.SeleniumDriver] [ 1099] - ?   P A S S   ?
[INFO ][2015-12-07 19:10:45,551][com.java.SeleniumDriver] [  820] - ------------------------------------------
[INFO ][2015-12-07 19:10:45,551][com.java.SeleniumDriver] [  821] - Test case being Executed: 6
[INFO ][2015-12-07 19:10:45,551][com.java.SeleniumDriver] [  832] - Test step:17
[INFO ][2015-12-07 19:10:45,551][com.java.SeleniumDriver] [  844] - Datavalue is----------null
[DEBUG][2015-12-07 19:10:45,551][com.java.SeleniumDriver] [  862] - Exception: null
[INFO ][2015-12-07 19:10:45,551][com.java.SeleniumDriver] [  868] - DataField : HDNmenuTools
[INFO ][2015-12-07 19:10:45,551][com.java.SeleniumDriver] [  870] - DataValue : 
[INFO ][2015-12-07 19:10:45,551][com.java.SeleniumDriver] [  876] - <In Set values of the page>
[INFO ][2015-12-07 19:10:45,551][com.java.SeleniumDriver] [  879] - {Data Fields & Data Values Exist}
[INFO ][2015-12-07 19:10:45,551][com.java.SeleniumDriver] [  881] - --------------------------setting values-----------------------------
[INFO ][2015-12-07 19:10:45,551][com.java.SeleniumDriver] [  884] - Action Type : CLICK
[INFO ][2015-12-07 19:10:45,551][com.java.TestType] [ 5758] - Field ::HDNmenuTools
[INFO ][2015-12-07 19:10:47,682][com.java.SeleniumDriver] [  893] -  RESULT true
[INFO ][2015-12-07 19:10:47,682][com.java.SeleniumDriver] [ 1099] - ?   P A S S   ?
[INFO ][2015-12-07 19:10:47,682][com.java.SeleniumDriver] [  820] - ------------------------------------------
[INFO ][2015-12-07 19:10:47,682][com.java.SeleniumDriver] [  821] - Test case being Executed: 6
[INFO ][2015-12-07 19:10:47,682][com.java.SeleniumDriver] [  832] - Test step:18
[INFO ][2015-12-07 19:10:47,682][com.java.SeleniumDriver] [  844] - Datavalue is----------10
[INFO ][2015-12-07 19:10:47,682][com.java.SeleniumDriver] [  868] - DataField : DSPmenuSyncProject
[INFO ][2015-12-07 19:10:47,682][com.java.SeleniumDriver] [  870] - DataValue : 10
[INFO ][2015-12-07 19:10:47,682][com.java.SeleniumDriver] [  876] - <In Set values of the page>
[INFO ][2015-12-07 19:10:47,682][com.java.SeleniumDriver] [  879] - {Data Fields & Data Values Exist}
[INFO ][2015-12-07 19:10:47,682][com.java.SeleniumDriver] [  881] - --------------------------setting values-----------------------------
[INFO ][2015-12-07 19:10:47,682][com.java.SeleniumDriver] [  884] - Action Type : WAITFORELEMENT
[INFO ][2015-12-07 19:10:48,883][com.java.SeleniumDriver] [  893] -  RESULT true
[INFO ][2015-12-07 19:10:48,883][com.java.SeleniumDriver] [ 1099] - ?   P A S S   ?
[INFO ][2015-12-07 19:10:48,883][com.java.SeleniumDriver] [  820] - ------------------------------------------
[INFO ][2015-12-07 19:10:48,883][com.java.SeleniumDriver] [  821] - Test case being Executed: 6
[INFO ][2015-12-07 19:10:48,883][com.java.SeleniumDriver] [  832] - Test step:19
[INFO ][2015-12-07 19:10:48,883][com.java.SeleniumDriver] [  844] - Datavalue is----------null
[DEBUG][2015-12-07 19:10:48,883][com.java.SeleniumDriver] [  862] - Exception: null
[INFO ][2015-12-07 19:10:48,883][com.java.SeleniumDriver] [  868] - DataField : HDNmenuSyncProject
[INFO ][2015-12-07 19:10:48,883][com.java.SeleniumDriver] [  870] - DataValue : 
[INFO ][2015-12-07 19:10:48,883][com.java.SeleniumDriver] [  876] - <In Set values of the page>
[INFO ][2015-12-07 19:10:48,883][com.java.SeleniumDriver] [  879] - {Data Fields & Data Values Exist}
[INFO ][2015-12-07 19:10:48,883][com.java.SeleniumDriver] [  881] - --------------------------setting values-----------------------------
[INFO ][2015-12-07 19:10:48,883][com.java.SeleniumDriver] [  884] - Action Type : CLICK
[INFO ][2015-12-07 19:10:48,883][com.java.TestType] [ 5758] - Field ::HDNmenuSyncProject
[INFO ][2015-12-07 19:10:51,029][com.java.SeleniumDriver] [  893] -  RESULT true
[INFO ][2015-12-07 19:10:51,029][com.java.SeleniumDriver] [ 1099] - ?   P A S S   ?
[INFO ][2015-12-07 19:10:51,029][com.java.SeleniumDriver] [  820] - ------------------------------------------
[INFO ][2015-12-07 19:10:51,029][com.java.SeleniumDriver] [  821] - Test case being Executed: 6
[INFO ][2015-12-07 19:10:51,029][com.java.SeleniumDriver] [  832] - Test step:20
[INFO ][2015-12-07 19:10:51,039][com.java.SeleniumDriver] [  844] - Datavalue is----------2
[INFO ][2015-12-07 19:10:51,039][com.java.SeleniumDriver] [  868] - DataField : null
[INFO ][2015-12-07 19:10:51,039][com.java.SeleniumDriver] [  870] - DataValue : 2
[INFO ][2015-12-07 19:10:51,039][com.java.SeleniumDriver] [  876] - <In Set values of the page>
[INFO ][2015-12-07 19:10:51,039][com.java.SeleniumDriver] [  879] - {Data Fields & Data Values Exist}
[INFO ][2015-12-07 19:10:51,039][com.java.SeleniumDriver] [  881] - --------------------------setting values-----------------------------
[INFO ][2015-12-07 19:10:51,039][com.java.SeleniumDriver] [  884] - Action Type : WAITTIME
[DEBUG][2015-12-07 19:10:51,039][com.java.TestType] [ 5250] - sleepTime: 2000
[INFO ][2015-12-07 19:10:53,049][com.java.SeleniumDriver] [  893] -  RESULT true
[INFO ][2015-12-07 19:10:53,049][com.java.SeleniumDriver] [ 1099] - ?   P A S S   ?
[INFO ][2015-12-07 19:10:53,049][com.java.SeleniumDriver] [  820] - ------------------------------------------
[INFO ][2015-12-07 19:10:53,049][com.java.SeleniumDriver] [  821] - Test case being Executed: 6
[INFO ][2015-12-07 19:10:53,049][com.java.SeleniumDriver] [  832] - Test step:21
[INFO ][2015-12-07 19:10:53,049][com.java.SeleniumDriver] [  844] - Datavalue is----------Synchronize Historical
[INFO ][2015-12-07 19:10:53,049][com.java.SeleniumDriver] [  868] - DataField : XPH//span[@id='ui-dialog-title-mdDialog']
[INFO ][2015-12-07 19:10:53,049][com.java.SeleniumDriver] [  870] - DataValue : Synchronize Historical
[INFO ][2015-12-07 19:10:53,049][com.java.SeleniumDriver] [  876] - <In Set values of the page>
[INFO ][2015-12-07 19:10:53,049][com.java.SeleniumDriver] [  879] - {Data Fields & Data Values Exist}
[INFO ][2015-12-07 19:10:53,049][com.java.SeleniumDriver] [  881] - --------------------------setting values-----------------------------
[INFO ][2015-12-07 19:10:53,049][com.java.SeleniumDriver] [  884] - Action Type : VERIFY
[INFO ][2015-12-07 19:10:53,049][com.java.TestType] [ 6636] - field= XPH//span[@id='ui-dialog-title-mdDialog'] value= Synchronize Historical
[INFO ][2015-12-07 19:10:53,049][com.java.TestType] [ 5430] - value = Synchronize Historical
[INFO ][2015-12-07 19:10:53,170][com.java.SeleniumDriver] [  893] -  RESULT true
[INFO ][2015-12-07 19:10:53,170][com.java.SeleniumDriver] [ 1099] - ?   P A S S   ?
[INFO ][2015-12-07 19:10:53,170][com.java.SeleniumDriver] [  820] - ------------------------------------------
[INFO ][2015-12-07 19:10:53,170][com.java.SeleniumDriver] [  821] - Test case being Executed: 6
[INFO ][2015-12-07 19:10:53,170][com.java.SeleniumDriver] [  832] - Test step:22
[INFO ][2015-12-07 19:10:53,170][com.java.SeleniumDriver] [  844] - Datavalue is----------null
[DEBUG][2015-12-07 19:10:53,170][com.java.SeleniumDriver] [  862] - Exception: null
[INFO ][2015-12-07 19:10:53,170][com.java.SeleniumDriver] [  868] - DataField : BTNframeDialogContent
[INFO ][2015-12-07 19:10:53,170][com.java.SeleniumDriver] [  870] - DataValue : 
[INFO ][2015-12-07 19:10:53,170][com.java.SeleniumDriver] [  876] - <In Set values of the page>
[INFO ][2015-12-07 19:10:53,170][com.java.SeleniumDriver] [  879] - {Data Fields & Data Values Exist}
[INFO ][2015-12-07 19:10:53,170][com.java.SeleniumDriver] [  881] - --------------------------setting values-----------------------------
[INFO ][2015-12-07 19:10:53,170][com.java.SeleniumDriver] [  884] - Action Type : SELECTFRAME
[INFO ][2015-12-07 19:10:54,311][com.java.SeleniumDriver] [  893] -  RESULT true
[INFO ][2015-12-07 19:10:54,311][com.java.SeleniumDriver] [ 1099] - ?   P A S S   ?
[INFO ][2015-12-07 19:10:54,311][com.java.SeleniumDriver] [  820] - ------------------------------------------
[INFO ][2015-12-07 19:10:54,311][com.java.SeleniumDriver] [  821] - Test case being Executed: 6
[INFO ][2015-12-07 19:10:54,311][com.java.SeleniumDriver] [  832] - Test step:23
[INFO ][2015-12-07 19:10:54,311][com.java.SeleniumDriver] [  844] - Datavalue is----------index:1
[INFO ][2015-12-07 19:10:54,311][com.java.SeleniumDriver] [  868] - DataField : COBddlSyncThruDate
[INFO ][2015-12-07 19:10:54,311][com.java.SeleniumDriver] [  870] - DataValue : index:1
[INFO ][2015-12-07 19:10:54,311][com.java.SeleniumDriver] [  876] - <In Set values of the page>
[INFO ][2015-12-07 19:10:54,311][com.java.SeleniumDriver] [  879] - {Data Fields & Data Values Exist}
[INFO ][2015-12-07 19:10:54,311][com.java.SeleniumDriver] [  881] - --------------------------setting values-----------------------------
[INFO ][2015-12-07 19:10:54,311][com.java.SeleniumDriver] [  884] - Action Type : SELECT
[INFO ][2015-12-07 19:10:54,311][com.java.TestType] [ 5430] - value = 1
[INFO ][2015-12-07 19:10:55,394][com.java.TestType] [ 5548] -  In COB ddlSyncThruDate : 1
[INFO ][2015-12-07 19:10:55,544][com.java.SeleniumDriver] [  893] -  RESULT true
[INFO ][2015-12-07 19:10:55,544][com.java.SeleniumDriver] [ 1099] - ?   P A S S   ?
[INFO ][2015-12-07 19:10:55,544][com.java.SeleniumDriver] [  820] - ------------------------------------------
[INFO ][2015-12-07 19:10:55,544][com.java.SeleniumDriver] [  821] - Test case being Executed: 6
[INFO ][2015-12-07 19:10:55,544][com.java.SeleniumDriver] [  832] - Test step:24
[INFO ][2015-12-07 19:10:55,544][com.java.SeleniumDriver] [  844] - Datavalue is----------null
[DEBUG][2015-12-07 19:10:55,544][com.java.SeleniumDriver] [  862] - Exception: null
[INFO ][2015-12-07 19:10:55,544][com.java.SeleniumDriver] [  868] - DataField : HDNrdoLLABS
[INFO ][2015-12-07 19:10:55,544][com.java.SeleniumDriver] [  870] - DataValue : 
[INFO ][2015-12-07 19:10:55,544][com.java.SeleniumDriver] [  876] - <In Set values of the page>
[INFO ][2015-12-07 19:10:55,544][com.java.SeleniumDriver] [  879] - {Data Fields & Data Values Exist}
[INFO ][2015-12-07 19:10:55,544][com.java.SeleniumDriver] [  881] - --------------------------setting values-----------------------------
[INFO ][2015-12-07 19:10:55,544][com.java.SeleniumDriver] [  884] - Action Type : CLICK
[INFO ][2015-12-07 19:10:55,544][com.java.TestType] [ 5758] - Field ::HDNrdoLLABS
[INFO ][2015-12-07 19:10:57,616][com.java.SeleniumDriver] [  893] -  RESULT true
[INFO ][2015-12-07 19:10:57,616][com.java.SeleniumDriver] [ 1099] - ?   P A S S   ?
[INFO ][2015-12-07 19:10:57,616][com.java.SeleniumDriver] [  820] - ------------------------------------------
[INFO ][2015-12-07 19:10:57,616][com.java.SeleniumDriver] [  821] - Test case being Executed: 6
[INFO ][2015-12-07 19:10:57,616][com.java.SeleniumDriver] [  832] - Test step:25
[INFO ][2015-12-07 19:10:57,616][com.java.SeleniumDriver] [  844] - Datavalue is----------null
[DEBUG][2015-12-07 19:10:57,616][com.java.SeleniumDriver] [  862] - Exception: null
[INFO ][2015-12-07 19:10:57,616][com.java.SeleniumDriver] [  868] - DataField : HDNbtnSynchronize
[INFO ][2015-12-07 19:10:57,616][com.java.SeleniumDriver] [  870] - DataValue : 
[INFO ][2015-12-07 19:10:57,616][com.java.SeleniumDriver] [  876] - <In Set values of the page>
[INFO ][2015-12-07 19:10:57,616][com.java.SeleniumDriver] [  879] - {Data Fields & Data Values Exist}
[INFO ][2015-12-07 19:10:57,616][com.java.SeleniumDriver] [  881] - --------------------------setting values-----------------------------
[INFO ][2015-12-07 19:10:57,616][com.java.SeleniumDriver] [  884] - Action Type : CLICK
[INFO ][2015-12-07 19:10:57,616][com.java.TestType] [ 5758] - Field ::HDNbtnSynchronize
[INFO ][2015-12-07 19:10:59,972][com.java.SeleniumDriver] [  893] -  RESULT true
[INFO ][2015-12-07 19:10:59,972][com.java.SeleniumDriver] [ 1099] - ?   P A S S   ?
[INFO ][2015-12-07 19:10:59,972][com.java.SeleniumDriver] [  820] - ------------------------------------------
[INFO ][2015-12-07 19:10:59,972][com.java.SeleniumDriver] [  821] - Test case being Executed: 6
[INFO ][2015-12-07 19:10:59,972][com.java.SeleniumDriver] [  832] - Test step:26
[INFO ][2015-12-07 19:10:59,972][com.java.SeleniumDriver] [  844] - Datavalue is----------OK
[INFO ][2015-12-07 19:10:59,972][com.java.SeleniumDriver] [  868] - DataField : CNF
[INFO ][2015-12-07 19:10:59,972][com.java.SeleniumDriver] [  870] - DataValue : OK
[INFO ][2015-12-07 19:10:59,972][com.java.SeleniumDriver] [  876] - <In Set values of the page>
[INFO ][2015-12-07 19:10:59,972][com.java.SeleniumDriver] [  879] - {Data Fields & Data Values Exist}
[INFO ][2015-12-07 19:10:59,974][com.java.SeleniumDriver] [  881] - --------------------------setting values-----------------------------
[INFO ][2015-12-07 19:10:59,974][com.java.SeleniumDriver] [  884] - Action Type : Click
[INFO ][2015-12-07 19:10:59,974][com.java.TestType] [ 5758] - Field ::CNF
[ERROR][2015-12-07 19:11:01,097][com.java.TestType] [ 6026] - Exception in click:: No alert is active (WARNING: The server did not provide any stacktrace information)
Command duration or timeout: 100 milliseconds
Build info: version: '2.48.2', revision: '41bccdd', time: '2015-10-09 19:59:12'
System info: host: 'FVTIII438F1D', ip: '172.17.68.34', os.name: 'Windows 7', os.arch: 'x86', os.version: '6.1', java.version: '1.7.0_55'
Session ID: 8d300e44-6382-4ca2-bb20-8137f7b5b1fb
Driver info: org.openqa.selenium.ie.InternetExplorerDriver
Capabilities [{platform=WINDOWS, javascriptEnabled=true, elementScrollBehavior=0, ignoreZoomSetting=false, enablePersistentHover=true, ie.ensureCleanSession=false, browserName=internet explorer, enableElementCacheCleanup=true, unexpectedAlertBehaviour=dismiss, version=10, ie.usePerProcessProxy=false, ignoreProtectedModeSettings=true, cssSelectorsEnabled=true, requireWindowFocus=false, initialBrowserUrl=http://localhost:47301/, handlesAlerts=true, ie.forceCreateProcessApi=false, nativeEvents=true, browserAttachTimeout=0, ie.browserCommandLineSwitches=, takesScreenshot=true}]
[INFO ][2015-12-07 19:11:01,097][com.java.TestType] [ 6030] - Element :::: not found
[INFO ][2015-12-07 19:11:01,097][com.java.SeleniumDriver] [  893] -  RESULT false
[INFO ][2015-12-07 19:11:01,097][com.java.SeleniumDriver] [  940] - ?   F A I L   ?
[INFO ][2015-12-07 19:11:01,097][com.java.SeleniumDriver] [  948] - Browser Type : IE10
[INFO ][2015-12-07 19:11:01,097][com.java.SeleniumDriver] [  949] - Adding Failed case6
[DEBUG][2015-12-07 19:11:09,278][com.java.SeleniumDriver] [ 1017] -  tdd.getCondition() IF:69:Next
[INFO ][2015-12-07 19:11:09,278][com.java.SeleniumDriver] [ 1021] - Continue next step...
[INFO ][2015-12-07 19:11:09,278][com.java.SeleniumDriver] [  820] - ------------------------------------------
[INFO ][2015-12-07 19:11:09,278][com.java.SeleniumDriver] [  821] - Test case being Executed: 6
[INFO ][2015-12-07 19:11:09,278][com.java.SeleniumDriver] [  832] - Test step:27
[INFO ][2015-12-07 19:11:09,278][com.java.SeleniumDriver] [  844] - Datavalue is----------null
[DEBUG][2015-12-07 19:11:09,278][com.java.SeleniumDriver] [  862] - Exception: null
[INFO ][2015-12-07 19:11:09,278][com.java.SeleniumDriver] [  868] - DataField : BTNParent
[INFO ][2015-12-07 19:11:09,278][com.java.SeleniumDriver] [  870] - DataValue : 
[INFO ][2015-12-07 19:11:09,278][com.java.SeleniumDriver] [  876] - <In Set values of the page>
[INFO ][2015-12-07 19:11:09,278][com.java.SeleniumDriver] [  879] - {Data Fields & Data Values Exist}
[INFO ][2015-12-07 19:11:09,278][com.java.SeleniumDriver] [  881] - --------------------------setting values-----------------------------
[INFO ][2015-12-07 19:11:09,278][com.java.SeleniumDriver] [  884] - Action Type : SELECTFRAME
[INFO ][2015-12-07 19:11:09,279][com.java.SeleniumDriver] [  893] -  RESULT true
[INFO ][2015-12-07 19:11:09,279][com.java.SeleniumDriver] [ 1099] - ?   P A S S   ?
[INFO ][2015-12-07 19:11:09,279][com.java.SeleniumDriver] [  820] - ------------------------------------------
[INFO ][2015-12-07 19:11:09,279][com.java.SeleniumDriver] [  821] - Test case being Executed: 6
[INFO ][2015-12-07 19:11:09,279][com.java.SeleniumDriver] [  832] - Test step:28
[INFO ][2015-12-07 19:11:09,279][com.java.SeleniumDriver] [  844] - Datavalue is----------Synchronize in Progress
[INFO ][2015-12-07 19:11:09,279][com.java.SeleniumDriver] [  868] - DataField : XPH//span[@id='ui-dialog-title-mdDialog']
[INFO ][2015-12-07 19:11:09,279][com.java.SeleniumDriver] [  870] - DataValue : Synchronize in Progress
[INFO ][2015-12-07 19:11:09,279][com.java.SeleniumDriver] [  876] - <In Set values of the page>
[INFO ][2015-12-07 19:11:09,279][com.java.SeleniumDriver] [  879] - {Data Fields & Data Values Exist}
[INFO ][2015-12-07 19:11:09,279][com.java.SeleniumDriver] [  881] - --------------------------setting values-----------------------------
[INFO ][2015-12-07 19:11:09,279][com.java.SeleniumDriver] [  884] - Action Type : VERIFY
[INFO ][2015-12-07 19:11:09,279][com.java.TestType] [ 6636] - field= XPH//span[@id='ui-dialog-title-mdDialog'] value= Synchronize in Progress
[INFO ][2015-12-07 19:11:09,279][com.java.TestType] [ 5430] - value = Synchronize in Progress
[INFO ][2015-12-07 19:11:09,419][com.java.SeleniumDriver] [  893] -  RESULT true
[INFO ][2015-12-07 19:11:09,419][com.java.SeleniumDriver] [ 1099] - ?   P A S S   ?
[INFO ][2015-12-07 19:11:09,419][com.java.SeleniumDriver] [  820] - ------------------------------------------
[INFO ][2015-12-07 19:11:09,419][com.java.SeleniumDriver] [  821] - Test case being Executed: 6
[INFO ][2015-12-07 19:11:09,419][com.java.SeleniumDriver] [  832] - Test step:29
[INFO ][2015-12-07 19:11:09,419][com.java.SeleniumDriver] [  844] - Datavalue is----------null
[DEBUG][2015-12-07 19:11:09,419][com.java.SeleniumDriver] [  862] - Exception: null
[INFO ][2015-12-07 19:11:09,419][com.java.SeleniumDriver] [  868] - DataField : BTNframeDialogContent
[INFO ][2015-12-07 19:11:09,419][com.java.SeleniumDriver] [  870] - DataValue : 
[INFO ][2015-12-07 19:11:09,419][com.java.SeleniumDriver] [  876] - <In Set values of the page>
[INFO ][2015-12-07 19:11:09,419][com.java.SeleniumDriver] [  879] - {Data Fields & Data Values Exist}
[INFO ][2015-12-07 19:11:09,419][com.java.SeleniumDriver] [  881] - --------------------------setting values-----------------------------
[INFO ][2015-12-07 19:11:09,419][com.java.SeleniumDriver] [  884] - Action Type : SELECTFRAME
[INFO ][2015-12-07 19:11:10,550][com.java.SeleniumDriver] [  893] -  RESULT true
[INFO ][2015-12-07 19:11:10,550][com.java.SeleniumDriver] [ 1099] - ?   P A S S   ?
[INFO ][2015-12-07 19:11:10,550][com.java.SeleniumDriver] [  820] - ------------------------------------------
[INFO ][2015-12-07 19:11:10,550][com.java.SeleniumDriver] [  821] - Test case being Executed: 6
[INFO ][2015-12-07 19:11:10,550][com.java.SeleniumDriver] [  832] - Test step:30
[INFO ][2015-12-07 19:11:10,550][com.java.SeleniumDriver] [  844] - Datavalue is----------Your project is now being resynchronized.
[INFO ][2015-12-07 19:11:10,550][com.java.SeleniumDriver] [  868] - DataField : XPH//td[@id='lblEmail']
[INFO ][2015-12-07 19:11:10,550][com.java.SeleniumDriver] [  870] - DataValue : Your project is now being resynchronized.
[INFO ][2015-12-07 19:11:10,550][com.java.SeleniumDriver] [  876] - <In Set values of the page>
[INFO ][2015-12-07 19:11:10,550][com.java.SeleniumDriver] [  879] - {Data Fields & Data Values Exist}
[INFO ][2015-12-07 19:11:10,550][com.java.SeleniumDriver] [  881] - --------------------------setting values-----------------------------
[INFO ][2015-12-07 19:11:10,550][com.java.SeleniumDriver] [  884] - Action Type : VERIFY
[INFO ][2015-12-07 19:11:10,550][com.java.TestType] [ 6636] - field= XPH//td[@id='lblEmail'] value= Your project is now being resynchronized.
[INFO ][2015-12-07 19:11:10,550][com.java.TestType] [ 5430] - value = Your project is now being resynchronized.
[INFO ][2015-12-07 19:11:10,650][com.java.SeleniumDriver] [  893] -  RESULT true
[INFO ][2015-12-07 19:11:10,650][com.java.SeleniumDriver] [ 1099] - ?   P A S S   ?
[INFO ][2015-12-07 19:11:10,650][com.java.SeleniumDriver] [  820] - ------------------------------------------
[INFO ][2015-12-07 19:11:10,650][com.java.SeleniumDriver] [  821] - Test case being Executed: 6
[INFO ][2015-12-07 19:11:10,650][com.java.SeleniumDriver] [  832] - Test step:31
[INFO ][2015-12-07 19:11:10,650][com.java.SeleniumDriver] [  844] - Datavalue is----------null
[DEBUG][2015-12-07 19:11:10,650][com.java.SeleniumDriver] [  862] - Exception: null
[INFO ][2015-12-07 19:11:10,650][com.java.SeleniumDriver] [  868] - DataField : HDNbtnClose
[INFO ][2015-12-07 19:11:10,650][com.java.SeleniumDriver] [  870] - DataValue : 
[INFO ][2015-12-07 19:11:10,650][com.java.SeleniumDriver] [  876] - <In Set values of the page>
[INFO ][2015-12-07 19:11:10,650][com.java.SeleniumDriver] [  879] - {Data Fields & Data Values Exist}
[INFO ][2015-12-07 19:11:10,650][com.java.SeleniumDriver] [  881] - --------------------------setting values-----------------------------
[INFO ][2015-12-07 19:11:10,650][com.java.SeleniumDriver] [  884] - Action Type : CLICK
[INFO ][2015-12-07 19:11:10,650][com.java.TestType] [ 5758] - Field ::HDNbtnClose
[INFO ][2015-12-07 19:11:12,981][com.java.SeleniumDriver] [  893] -  RESULT true
[INFO ][2015-12-07 19:11:12,981][com.java.SeleniumDriver] [ 1099] - ?   P A S S   ?
[INFO ][2015-12-07 19:11:12,981][com.java.SeleniumDriver] [  820] - ------------------------------------------
[INFO ][2015-12-07 19:11:12,981][com.java.SeleniumDriver] [  821] - Test case being Executed: 6
[INFO ][2015-12-07 19:11:12,981][com.java.SeleniumDriver] [  832] - Test step:32
[INFO ][2015-12-07 19:11:12,981][com.java.SeleniumDriver] [  844] - Datavalue is----------Banker'sDashboard
[INFO ][2015-12-07 19:11:12,981][com.java.SeleniumDriver] [  868] - DataField : TTL
[INFO ][2015-12-07 19:11:12,981][com.java.SeleniumDriver] [  870] - DataValue : Banker'sDashboard
[INFO ][2015-12-07 19:11:12,981][com.java.SeleniumDriver] [  876] - <In Set values of the page>
[INFO ][2015-12-07 19:11:12,981][com.java.SeleniumDriver] [  879] - {Data Fields & Data Values Exist}
[INFO ][2015-12-07 19:11:12,981][com.java.SeleniumDriver] [  881] - --------------------------setting values-----------------------------
[INFO ][2015-12-07 19:11:12,981][com.java.SeleniumDriver] [  884] - Action Type : SelectWindow
[INFO ][2015-12-07 19:11:25,416][com.java.SeleniumDriver] [  893] -  RESULT true
[INFO ][2015-12-07 19:11:25,416][com.java.SeleniumDriver] [ 1099] - ?   P A S S   ?
[INFO ][2015-12-07 19:11:25,416][com.java.SeleniumDriver] [  820] - ------------------------------------------
[INFO ][2015-12-07 19:11:25,416][com.java.SeleniumDriver] [  821] - Test case being Executed: 6
[INFO ][2015-12-07 19:11:25,416][com.java.SeleniumDriver] [  832] - Test step:33
[INFO ][2015-12-07 19:11:25,416][com.java.SeleniumDriver] [  844] - Datavalue is----------5
[INFO ][2015-12-07 19:11:25,416][com.java.SeleniumDriver] [  868] - DataField : null
[INFO ][2015-12-07 19:11:25,416][com.java.SeleniumDriver] [  870] - DataValue : 5
[INFO ][2015-12-07 19:11:25,416][com.java.SeleniumDriver] [  876] - <In Set values of the page>
[INFO ][2015-12-07 19:11:25,416][com.java.SeleniumDriver] [  879] - {Data Fields & Data Values Exist}
[INFO ][2015-12-07 19:11:25,416][com.java.SeleniumDriver] [  881] - --------------------------setting values-----------------------------
[INFO ][2015-12-07 19:11:25,416][com.java.SeleniumDriver] [  884] - Action Type : WAITTIME
[DEBUG][2015-12-07 19:11:25,416][com.java.TestType] [ 5250] - sleepTime: 5000
[INFO ][2015-12-07 19:11:30,422][com.java.SeleniumDriver] [  893] -  RESULT true
[INFO ][2015-12-07 19:11:30,422][com.java.SeleniumDriver] [ 1099] - ?   P A S S   ?
[INFO ][2015-12-07 19:11:30,422][com.java.SeleniumDriver] [  820] - ------------------------------------------
[INFO ][2015-12-07 19:11:30,422][com.java.SeleniumDriver] [  821] - Test case being Executed: 6
[INFO ][2015-12-07 19:11:30,422][com.java.SeleniumDriver] [  832] - Test step:34
[INFO ][2015-12-07 19:11:30,422][com.java.SeleniumDriver] [  844] - Datavalue is----------null
[DEBUG][2015-12-07 19:11:30,422][com.java.SeleniumDriver] [  862] - Exception: null
[INFO ][2015-12-07 19:11:30,422][com.java.SeleniumDriver] [  868] - DataField : //span[@class='icon-stats']&&//a[@data-id="Forecasting"]
[INFO ][2015-12-07 19:11:30,422][com.java.SeleniumDriver] [  870] - DataValue : 
[INFO ][2015-12-07 19:11:30,422][com.java.SeleniumDriver] [  876] - <In Set values of the page>
[INFO ][2015-12-07 19:11:30,422][com.java.SeleniumDriver] [  879] - {Data Fields & Data Values Exist}
[INFO ][2015-12-07 19:11:30,422][com.java.SeleniumDriver] [  881] - --------------------------setting values-----------------------------
[INFO ][2015-12-07 19:11:30,422][com.java.SeleniumDriver] [  884] - Action Type : MOUSEOVER
[INFO ][2015-12-07 19:11:53,547][com.java.SeleniumDriver] [  893] -  RESULT true
[INFO ][2015-12-07 19:11:53,547][com.java.SeleniumDriver] [ 1099] - ?   P A S S   ?
[INFO ][2015-12-07 19:11:53,547][com.java.SeleniumDriver] [  820] - ------------------------------------------
[INFO ][2015-12-07 19:11:53,547][com.java.SeleniumDriver] [  821] - Test case being Executed: 6
[INFO ][2015-12-07 19:11:53,547][com.java.SeleniumDriver] [  832] - Test step:35
[INFO ][2015-12-07 19:11:53,547][com.java.SeleniumDriver] [  844] - Datavalue is----------5
[INFO ][2015-12-07 19:11:53,547][com.java.SeleniumDriver] [  868] - DataField : null
[INFO ][2015-12-07 19:11:53,547][com.java.SeleniumDriver] [  870] - DataValue : 5
[INFO ][2015-12-07 19:11:53,547][com.java.SeleniumDriver] [  876] - <In Set values of the page>
[INFO ][2015-12-07 19:11:53,547][com.java.SeleniumDriver] [  879] - {Data Fields & Data Values Exist}
[INFO ][2015-12-07 19:11:53,547][com.java.SeleniumDriver] [  881] - --------------------------setting values-----------------------------
[INFO ][2015-12-07 19:11:53,547][com.java.SeleniumDriver] [  884] - Action Type : WAITTIME
[DEBUG][2015-12-07 19:11:53,547][com.java.TestType] [ 5250] - sleepTime: 5000
[INFO ][2015-12-07 19:11:58,548][com.java.SeleniumDriver] [  893] -  RESULT true
[INFO ][2015-12-07 19:11:58,548][com.java.SeleniumDriver] [ 1099] - ?   P A S S   ?
[INFO ][2015-12-07 19:11:58,548][com.java.SeleniumDriver] [  820] - ------------------------------------------
[INFO ][2015-12-07 19:11:58,548][com.java.SeleniumDriver] [  821] - Test case being Executed: 6
[INFO ][2015-12-07 19:11:58,548][com.java.SeleniumDriver] [  832] - Test step:36
[INFO ][2015-12-07 19:11:58,548][com.java.SeleniumDriver] [  844] - Datavalue is----------Forecasting 
[INFO ][2015-12-07 19:11:58,548][com.java.SeleniumDriver] [  868] - DataField : TTL
[INFO ][2015-12-07 19:11:58,548][com.java.SeleniumDriver] [  870] - DataValue : Forecasting 
[INFO ][2015-12-07 19:11:58,548][com.java.SeleniumDriver] [  876] - <In Set values of the page>
[INFO ][2015-12-07 19:11:58,548][com.java.SeleniumDriver] [  879] - {Data Fields & Data Values Exist}
[INFO ][2015-12-07 19:11:58,548][com.java.SeleniumDriver] [  881] - --------------------------setting values-----------------------------
[INFO ][2015-12-07 19:11:58,548][com.java.SeleniumDriver] [  884] - Action Type : SELECTWINDOW
[INFO ][2015-12-07 19:12:11,120][com.java.SeleniumDriver] [  893] -  RESULT true
[INFO ][2015-12-07 19:12:11,120][com.java.SeleniumDriver] [ 1099] - ?   P A S S   ?
[INFO ][2015-12-07 19:12:11,120][com.java.SeleniumDriver] [  820] - ------------------------------------------
[INFO ][2015-12-07 19:12:11,120][com.java.SeleniumDriver] [  821] - Test case being Executed: 6
[INFO ][2015-12-07 19:12:11,120][com.java.SeleniumDriver] [  832] - Test step:37
[INFO ][2015-12-07 19:12:11,120][com.java.SeleniumDriver] [  844] - Datavalue is----------null
[DEBUG][2015-12-07 19:12:11,120][com.java.SeleniumDriver] [  862] - Exception: null
[INFO ][2015-12-07 19:12:11,120][com.java.SeleniumDriver] [  868] - DataField : BTNframeDialogContent
[INFO ][2015-12-07 19:12:11,120][com.java.SeleniumDriver] [  870] - DataValue : 
[INFO ][2015-12-07 19:12:11,120][com.java.SeleniumDriver] [  876] - <In Set values of the page>
[INFO ][2015-12-07 19:12:11,120][com.java.SeleniumDriver] [  879] - {Data Fields & Data Values Exist}
[INFO ][2015-12-07 19:12:11,120][com.java.SeleniumDriver] [  881] - --------------------------setting values-----------------------------
[INFO ][2015-12-07 19:12:11,120][com.java.SeleniumDriver] [  884] - Action Type : SELECTFRAME
[INFO ][2015-12-07 19:12:12,241][com.java.SeleniumDriver] [  893] -  RESULT true
[INFO ][2015-12-07 19:12:12,241][com.java.SeleniumDriver] [ 1099] - ?   P A S S   ?
[INFO ][2015-12-07 19:12:12,241][com.java.SeleniumDriver] [  820] - ------------------------------------------
[INFO ][2015-12-07 19:12:12,241][com.java.SeleniumDriver] [  821] - Test case being Executed: 6
[INFO ][2015-12-07 19:12:12,241][com.java.SeleniumDriver] [  832] - Test step:38
[INFO ][2015-12-07 19:12:12,241][com.java.SeleniumDriver] [  844] - Datavalue is----------10
[INFO ][2015-12-07 19:12:12,241][com.java.SeleniumDriver] [  868] - DataField : DSPddlProjects
[INFO ][2015-12-07 19:12:12,241][com.java.SeleniumDriver] [  870] - DataValue : 10
[INFO ][2015-12-07 19:12:12,241][com.java.SeleniumDriver] [  876] - <In Set values of the page>
[INFO ][2015-12-07 19:12:12,241][com.java.SeleniumDriver] [  879] - {Data Fields & Data Values Exist}
[INFO ][2015-12-07 19:12:12,241][com.java.SeleniumDriver] [  881] - --------------------------setting values-----------------------------
[INFO ][2015-12-07 19:12:12,241][com.java.SeleniumDriver] [  884] - Action Type : WAITFORELEMENT
[INFO ][2015-12-07 19:12:13,332][com.java.SeleniumDriver] [  893] -  RESULT true
[INFO ][2015-12-07 19:12:13,332][com.java.SeleniumDriver] [ 1099] - ?   P A S S   ?
[INFO ][2015-12-07 19:12:13,332][com.java.SeleniumDriver] [  820] - ------------------------------------------
[INFO ][2015-12-07 19:12:13,332][com.java.SeleniumDriver] [  821] - Test case being Executed: 6
[INFO ][2015-12-07 19:12:13,332][com.java.SeleniumDriver] [  832] - Test step:39
[INFO ][2015-12-07 19:12:13,332][com.java.SeleniumDriver] [  844] - Datavalue is----------HMVCurrentProject
[INFO ][2015-12-07 19:12:13,332][com.java.SeleniumDriver] [  868] - DataField : XPHddlProjects
[INFO ][2015-12-07 19:12:13,332][com.java.SeleniumDriver] [  870] - DataValue : HMVCurrentProject
[INFO ][2015-12-07 19:12:13,332][com.java.SeleniumDriver] [  876] - <In Set values of the page>
[INFO ][2015-12-07 19:12:13,332][com.java.SeleniumDriver] [  879] - {Data Fields & Data Values Exist}
[INFO ][2015-12-07 19:12:13,332][com.java.SeleniumDriver] [  881] - --------------------------setting values-----------------------------
[INFO ][2015-12-07 19:12:13,332][com.java.SeleniumDriver] [  884] - Action Type : VERIFYNOTPRESENT
[INFO ][2015-12-07 19:12:13,332][com.java.TestType] [ 8090] - field= XPHddlProjects value= HMVCurrentProject
[INFO ][2015-12-07 19:12:14,443][com.java.SeleniumDriver] [  893] -  RESULT true
[INFO ][2015-12-07 19:12:14,443][com.java.SeleniumDriver] [ 1099] - ?   P A S S   ?
[INFO ][2015-12-07 19:12:14,443][com.java.SeleniumDriver] [  820] - ------------------------------------------
[INFO ][2015-12-07 19:12:14,443][com.java.SeleniumDriver] [  821] - Test case being Executed: 6
[INFO ][2015-12-07 19:12:14,443][com.java.SeleniumDriver] [  832] - Test step:40
[INFO ][2015-12-07 19:12:14,443][com.java.SeleniumDriver] [  844] - Datavalue is----------null
[DEBUG][2015-12-07 19:12:14,443][com.java.SeleniumDriver] [  862] - Exception: null
[INFO ][2015-12-07 19:12:14,443][com.java.SeleniumDriver] [  868] - DataField : BTNParent
[INFO ][2015-12-07 19:12:14,443][com.java.SeleniumDriver] [  870] - DataValue : 
[INFO ][2015-12-07 19:12:14,443][com.java.SeleniumDriver] [  876] - <In Set values of the page>
[INFO ][2015-12-07 19:12:14,443][com.java.SeleniumDriver] [  879] - {Data Fields & Data Values Exist}
[INFO ][2015-12-07 19:12:14,443][com.java.SeleniumDriver] [  881] - --------------------------setting values-----------------------------
[INFO ][2015-12-07 19:12:14,443][com.java.SeleniumDriver] [  884] - Action Type : SELECTFRAME
[INFO ][2015-12-07 19:12:14,453][com.java.SeleniumDriver] [  893] -  RESULT true
[INFO ][2015-12-07 19:12:14,453][com.java.SeleniumDriver] [ 1099] - ?   P A S S   ?
[INFO ][2015-12-07 19:12:14,453][com.java.SeleniumDriver] [  820] - ------------------------------------------
[INFO ][2015-12-07 19:12:14,453][com.java.SeleniumDriver] [  821] - Test case being Executed: 6
[INFO ][2015-12-07 19:12:14,453][com.java.SeleniumDriver] [  832] - Test step:41
[INFO ][2015-12-07 19:12:14,453][com.java.SeleniumDriver] [  844] - Datavalue is----------Forecasting 
[INFO ][2015-12-07 19:12:14,453][com.java.SeleniumDriver] [  868] - DataField : TTL
[INFO ][2015-12-07 19:12:14,453][com.java.SeleniumDriver] [  870] - DataValue : Forecasting 
[INFO ][2015-12-07 19:12:14,453][com.java.SeleniumDriver] [  876] - <In Set values of the page>
[INFO ][2015-12-07 19:12:14,453][com.java.SeleniumDriver] [  879] - {Data Fields & Data Values Exist}
[INFO ][2015-12-07 19:12:14,453][com.java.SeleniumDriver] [  881] - --------------------------setting values-----------------------------
[INFO ][2015-12-07 19:12:14,453][com.java.SeleniumDriver] [  884] - Action Type : CLOSEWINDOW
[INFO ][2015-12-07 19:12:14,743][com.java.SeleniumDriver] [  893] -  RESULT true
[INFO ][2015-12-07 19:12:14,743][com.java.SeleniumDriver] [ 1099] - ?   P A S S   ?
[INFO ][2015-12-07 19:12:14,743][com.java.SeleniumDriver] [  820] - ------------------------------------------
[INFO ][2015-12-07 19:12:14,743][com.java.SeleniumDriver] [  821] - Test case being Executed: 6
[INFO ][2015-12-07 19:12:14,743][com.java.SeleniumDriver] [  832] - Test step:42
[INFO ][2015-12-07 19:12:14,743][com.java.SeleniumDriver] [  844] - Datavalue is----------5
[INFO ][2015-12-07 19:12:14,743][com.java.SeleniumDriver] [  868] - DataField : null
[INFO ][2015-12-07 19:12:14,743][com.java.SeleniumDriver] [  870] - DataValue : 5
[INFO ][2015-12-07 19:12:14,743][com.java.SeleniumDriver] [  876] - <In Set values of the page>
[INFO ][2015-12-07 19:12:14,743][com.java.SeleniumDriver] [  879] - {Data Fields & Data Values Exist}
[INFO ][2015-12-07 19:12:14,743][com.java.SeleniumDriver] [  881] - --------------------------setting values-----------------------------
[INFO ][2015-12-07 19:12:14,743][com.java.SeleniumDriver] [  884] - Action Type : WAITTIME
[DEBUG][2015-12-07 19:12:14,743][com.java.TestType] [ 5250] - sleepTime: 5000
[INFO ][2015-12-07 19:12:19,743][com.java.SeleniumDriver] [  893] -  RESULT true
[INFO ][2015-12-07 19:12:19,743][com.java.SeleniumDriver] [ 1099] - ?   P A S S   ?
[INFO ][2015-12-07 19:12:19,743][com.java.SeleniumDriver] [  820] - ------------------------------------------
[INFO ][2015-12-07 19:12:19,743][com.java.SeleniumDriver] [  821] - Test case being Executed: 6
[INFO ][2015-12-07 19:12:19,743][com.java.SeleniumDriver] [  832] - Test step:43
[INFO ][2015-12-07 19:12:19,743][com.java.SeleniumDriver] [  844] - Datavalue is----------Banker'sDashboard
[INFO ][2015-12-07 19:12:19,743][com.java.SeleniumDriver] [  868] - DataField : TTL
[INFO ][2015-12-07 19:12:19,743][com.java.SeleniumDriver] [  870] - DataValue : Banker'sDashboard
[INFO ][2015-12-07 19:12:19,743][com.java.SeleniumDriver] [  876] - <In Set values of the page>
[INFO ][2015-12-07 19:12:19,743][com.java.SeleniumDriver] [  879] - {Data Fields & Data Values Exist}
[INFO ][2015-12-07 19:12:19,743][com.java.SeleniumDriver] [  881] - --------------------------setting values-----------------------------
[INFO ][2015-12-07 19:12:19,743][com.java.SeleniumDriver] [  884] - Action Type : SelectWindow
[INFO ][2015-12-07 19:12:31,935][com.java.SeleniumDriver] [  893] -  RESULT true
[INFO ][2015-12-07 19:12:31,935][com.java.SeleniumDriver] [ 1099] - ?   P A S S   ?
[INFO ][2015-12-07 19:12:31,935][com.java.SeleniumDriver] [  820] - ------------------------------------------
[INFO ][2015-12-07 19:12:31,935][com.java.SeleniumDriver] [  821] - Test case being Executed: 6
[INFO ][2015-12-07 19:12:31,935][com.java.SeleniumDriver] [  832] - Test step:44
[INFO ][2015-12-07 19:12:31,935][com.java.SeleniumDriver] [  844] - Datavalue is----------Logout
[INFO ][2015-12-07 19:12:31,935][com.java.SeleniumDriver] [  868] - DataField : test
[INFO ][2015-12-07 19:12:31,935][com.java.SeleniumDriver] [  870] - DataValue : Logout
[INFO ][2015-12-07 19:12:31,935][com.java.SeleniumDriver] [  876] - <In Set values of the page>
[INFO ][2015-12-07 19:12:31,935][com.java.SeleniumDriver] [  879] - {Data Fields & Data Values Exist}
[INFO ][2015-12-07 19:12:31,935][com.java.SeleniumDriver] [  881] - --------------------------setting values-----------------------------
[INFO ][2015-12-07 19:12:31,935][com.java.SeleniumDriver] [  884] - Action Type : Logout
[INFO ][2015-12-07 19:12:34,260][com.java.TestType] [ 5758] - Field ::CNF
[INFO ][2015-12-07 19:12:36,563][com.java.TestType] [ 5848] - Click the object confirmation
[INFO ][2015-12-07 19:12:36,563][com.java.TestType] [ 5849] - Unable to click the object confirmation
[DEBUG][2015-12-07 19:12:37,773][com.java.SeleniumDriver] [  426] - Hub ip address is-------172.17.68.34
[INFO ][2015-12-07 19:12:37,773][com.java.SeleniumDriver] [  452] - Grid URL:http://172.17.68.34:4444/wd/hub
[INFO ][2015-12-07 19:12:37,773][com.java.SeleniumDriver] [  453] - Capability:Capabilities [{platform=ANY, ensureCleanSession=true, ignoreProtectedModeSettings=true, acceptSslCerts=true, ignoreZoomSetting=true, browserName=internet explorer, browserstack.ie.noFlash=true, version=null}]
[ERROR][2015-12-07 19:12:38,792][com.java.SeleniumDriver] [  497] - Unable invoke browser in grid:Could not start a new session. Possible causes are invalid address of the remote server or browser start-up failure.
Build info: version: '2.48.2', revision: '41bccdd', time: '2015-10-09 19:59:12'
System info: host: 'FVTIII438F1D', ip: '172.17.68.34', os.name: 'Windows 7', os.arch: 'x86', os.version: '6.1', java.version: '1.7.0_55'
Driver info: driver.version: SeleniumDriver
[INFO ][2015-12-07 19:12:38,792][com.java.SeleniumDriver] [  499] - Executing on local machine
[INFO ][2015-12-07 19:12:48,333][com.java.SeleniumDriver] [  893] -  RESULT true
[INFO ][2015-12-07 19:12:48,333][com.java.SeleniumDriver] [ 1099] - ?   P A S S   ?
[INFO ][2015-12-07 19:12:48,333][com.java.SeleniumDriver] [  820] - ------------------------------------------
[INFO ][2015-12-07 19:12:48,333][com.java.SeleniumDriver] [  821] - Test case being Executed: 6
[INFO ][2015-12-07 19:12:48,333][com.java.SeleniumDriver] [  832] - Test step:45
[INFO ][2015-12-07 19:12:48,333][com.java.SeleniumDriver] [  844] - Datavalue is----------Logout
[INFO ][2015-12-07 19:12:48,333][com.java.SeleniumDriver] [  868] - DataField : BTN
[INFO ][2015-12-07 19:12:48,333][com.java.SeleniumDriver] [  870] - DataValue : Logout
[INFO ][2015-12-07 19:12:48,333][com.java.SeleniumDriver] [  876] - <In Set values of the page>
[INFO ][2015-12-07 19:12:48,333][com.java.SeleniumDriver] [  879] - {Data Fields & Data Values Exist}
[INFO ][2015-12-07 19:12:48,333][com.java.SeleniumDriver] [  881] - --------------------------setting values-----------------------------
[INFO ][2015-12-07 19:12:48,333][com.java.SeleniumDriver] [  884] - Action Type : Verify
[INFO ][2015-12-07 19:12:48,333][com.java.TestType] [ 6636] - field= BTN value= Logout
[INFO ][2015-12-07 19:12:48,333][com.java.TestType] [ 5430] - value = Logout
[DEBUG][2015-12-07 19:13:24,323][com.java.TestType] [ 6346] - Logout   :: Element not Found
[ERROR][2015-12-07 19:13:41,311][com.java.TestType] [ 7347] - Assertion Error: 
[INFO ][2015-12-07 19:13:41,311][com.java.SeleniumDriver] [  893] -  RESULT false
[INFO ][2015-12-07 19:13:41,311][com.java.SeleniumDriver] [  940] - ?   F A I L   ?
[INFO ][2015-12-07 19:13:41,311][com.java.SeleniumDriver] [  948] - Browser Type : IE10
[INFO ][2015-12-07 19:13:41,311][com.java.SeleniumDriver] [  949] - Adding Failed case6
[DEBUG][2015-12-07 19:13:41,922][com.java.SeleniumDriver] [ 1017] -  tdd.getCondition() IF:49:Next
[INFO ][2015-12-07 19:13:41,922][com.java.SeleniumDriver] [ 1021] - Continue next step...
[INFO ][2015-12-07 19:13:41,922][com.java.SeleniumDriver] [  820] - ------------------------------------------
[INFO ][2015-12-07 19:13:41,922][com.java.SeleniumDriver] [  821] - Test case being Executed: 6
[INFO ][2015-12-07 19:13:41,922][com.java.SeleniumDriver] [  832] - Test step:46
[INFO ][2015-12-07 19:13:41,922][com.java.SeleniumDriver] [  844] - Datavalue is----------Concept#1:1-14
[INFO ][2015-12-07 19:13:41,922][com.java.SeleniumDriver] [  868] - DataField : test
[INFO ][2015-12-07 19:13:41,922][com.java.SeleniumDriver] [  870] - DataValue : Concept#1:1-14
[INFO ][2015-12-07 19:13:41,922][com.java.SeleniumDriver] [  876] - <In Set values of the page>
[INFO ][2015-12-07 19:13:41,922][com.java.SeleniumDriver] [  879] - {Data Fields & Data Values Exist}
[INFO ][2015-12-07 19:13:41,922][com.java.SeleniumDriver] [  881] - --------------------------setting values-----------------------------
[INFO ][2015-12-07 19:13:41,922][com.java.SeleniumDriver] [  884] - Action Type : ExecuteTestCase
[INFO ][2015-12-07 19:13:41,922][com.java.TestType] [  436] - The Concept sheet name is ---------- Concept
[INFO ][2015-12-07 19:13:41,922][com.java.TestType] [  439] - The Concept ID  is ---------- 1
[DEBUG][2015-12-07 19:13:41,922][com.java.TestType] [  443] - Steps being executted in the Concept are: 1:14
[INFO ][2015-12-07 19:13:41,922][com.java.TestType] [  450] - Test data details path ---------- D:\BankersDashboard\TestInputs\TestData.xls
[INFO ][2015-12-07 19:13:41,952][com.java.TestType] [  481] -  str(1) = 1
[INFO ][2015-12-07 19:13:41,952][com.java.TestType] [  484] - Test case Id is---1
[INFO ][2015-12-07 19:13:41,952][com.java.TestType] [  486] - 1
[INFO ][2015-12-07 19:13:41,952][com.java.TestType] [  481] -  str(2) = 1
[INFO ][2015-12-07 19:13:41,952][com.java.TestType] [  533] - row values are--------{1=com.java.Objects.TestDataDetails@d3359d}
[INFO ][2015-12-07 19:13:41,952][com.java.TestType] [  481] -  str(1) = 1
[INFO ][2015-12-07 19:13:41,952][com.java.TestType] [  484] - Test case Id is---1
[INFO ][2015-12-07 19:13:41,952][com.java.TestType] [  486] - 1
[INFO ][2015-12-07 19:13:41,952][com.java.TestType] [  481] -  str(2) = 2
[INFO ][2015-12-07 19:13:41,952][com.java.TestType] [  533] - row values are--------{1=com.java.Objects.TestDataDetails@d3359d, 2=com.java.Objects.TestDataDetails@373822}
[INFO ][2015-12-07 19:13:41,952][com.java.TestType] [  481] -  str(1) = 1
[INFO ][2015-12-07 19:13:41,952][com.java.TestType] [  484] - Test case Id is---1
[INFO ][2015-12-07 19:13:41,952][com.java.TestType] [  486] - 1
[INFO ][2015-12-07 19:13:41,952][com.java.TestType] [  481] -  str(2) = 3
[INFO ][2015-12-07 19:13:41,962][com.java.TestType] [  533] - row values are--------{1=com.java.Objects.TestDataDetails@d3359d, 2=com.java.Objects.TestDataDetails@373822, 3=com.java.Objects.TestDataDetails@ac8a06}
[INFO ][2015-12-07 19:13:41,962][com.java.TestType] [  481] -  str(1) = 1
[INFO ][2015-12-07 19:13:41,962][com.java.TestType] [  484] - Test case Id is---1
[INFO ][2015-12-07 19:13:41,962][com.java.TestType] [  486] - 1
[INFO ][2015-12-07 19:13:41,962][com.java.TestType] [  481] -  str(2) = 4
[INFO ][2015-12-07 19:13:41,962][com.java.TestType] [  533] - row values are--------{1=com.java.Objects.TestDataDetails@d3359d, 2=com.java.Objects.TestDataDetails@373822, 3=com.java.Objects.TestDataDetails@ac8a06, 4=com.java.Objects.TestDataDetails@16449e1}
[INFO ][2015-12-07 19:13:41,962][com.java.TestType] [  481] -  str(1) = 1
[INFO ][2015-12-07 19:13:41,962][com.java.TestType] [  484] - Test case Id is---1
[INFO ][2015-12-07 19:13:41,962][com.java.TestType] [  486] - 1
[INFO ][2015-12-07 19:13:41,962][com.java.TestType] [  481] -  str(2) = 5
[INFO ][2015-12-07 19:13:41,962][com.java.TestType] [  533] - row values are--------{1=com.java.Objects.TestDataDetails@d3359d, 2=com.java.Objects.TestDataDetails@373822, 3=com.java.Objects.TestDataDetails@ac8a06, 4=com.java.Objects.TestDataDetails@16449e1, 5=com.java.Objects.TestDataDetails@e9cba5}
[INFO ][2015-12-07 19:13:41,962][com.java.TestType] [  481] -  str(1) = 1
[INFO ][2015-12-07 19:13:41,962][com.java.TestType] [  484] - Test case Id is---1
[INFO ][2015-12-07 19:13:41,962][com.java.TestType] [  486] - 1
[INFO ][2015-12-07 19:13:41,962][com.java.TestType] [  481] -  str(2) = 6
[INFO ][2015-12-07 19:13:41,962][com.java.TestType] [  533] - row values are--------{1=com.java.Objects.TestDataDetails@d3359d, 2=com.java.Objects.TestDataDetails@373822, 3=com.java.Objects.TestDataDetails@ac8a06, 4=com.java.Objects.TestDataDetails@16449e1, 5=com.java.Objects.TestDataDetails@e9cba5, 6=com.java.Objects.TestDataDetails@28bbf6}
[INFO ][2015-12-07 19:13:41,962][com.java.TestType] [  481] -  str(1) = 1
[INFO ][2015-12-07 19:13:41,962][com.java.TestType] [  484] - Test case Id is---1
[INFO ][2015-12-07 19:13:41,962][com.java.TestType] [  486] - 1
[INFO ][2015-12-07 19:13:41,962][com.java.TestType] [  481] -  str(2) = 7
[INFO ][2015-12-07 19:13:41,962][com.java.TestType] [  533] - row values are--------{1=com.java.Objects.TestDataDetails@d3359d, 2=com.java.Objects.TestDataDetails@373822, 3=com.java.Objects.TestDataDetails@ac8a06, 4=com.java.Objects.TestDataDetails@16449e1, 5=com.java.Objects.TestDataDetails@e9cba5, 6=com.java.Objects.TestDataDetails@28bbf6, 7=com.java.Objects.TestDataDetails@b0f62e}
[INFO ][2015-12-07 19:13:41,962][com.java.TestType] [  481] -  str(1) = 1
[INFO ][2015-12-07 19:13:41,962][com.java.TestType] [  484] - Test case Id is---1
[INFO ][2015-12-07 19:13:41,962][com.java.TestType] [  486] - 1
[INFO ][2015-12-07 19:13:41,962][com.java.TestType] [  481] -  str(2) = 8
[INFO ][2015-12-07 19:13:41,962][com.java.TestType] [  533] - row values are--------{1=com.java.Objects.TestDataDetails@d3359d, 2=com.java.Objects.TestDataDetails@373822, 3=com.java.Objects.TestDataDetails@ac8a06, 4=com.java.Objects.TestDataDetails@16449e1, 5=com.java.Objects.TestDataDetails@e9cba5, 6=com.java.Objects.TestDataDetails@28bbf6, 7=com.java.Objects.TestDataDetails@b0f62e, 8=com.java.Objects.TestDataDetails@1704837}
[INFO ][2015-12-07 19:13:41,962][com.java.TestType] [  481] -  str(1) = 1
[INFO ][2015-12-07 19:13:41,962][com.java.TestType] [  484] - Test case Id is---1
[INFO ][2015-12-07 19:13:41,962][com.java.TestType] [  486] - 1
[INFO ][2015-12-07 19:13:41,962][com.java.TestType] [  481] -  str(2) = 9
[INFO ][2015-12-07 19:13:41,962][com.java.TestType] [  533] - row values are--------{1=com.java.Objects.TestDataDetails@d3359d, 2=com.java.Objects.TestDataDetails@373822, 3=com.java.Objects.TestDataDetails@ac8a06, 4=com.java.Objects.TestDataDetails@16449e1, 5=com.java.Objects.TestDataDetails@e9cba5, 6=com.java.Objects.TestDataDetails@28bbf6, 7=com.java.Objects.TestDataDetails@b0f62e, 8=com.java.Objects.TestDataDetails@1704837, 9=com.java.Objects.TestDataDetails@d551e1}
[INFO ][2015-12-07 19:13:41,962][com.java.TestType] [  481] -  str(1) = 1
[INFO ][2015-12-07 19:13:41,962][com.java.TestType] [  484] - Test case Id is---1
[INFO ][2015-12-07 19:13:41,962][com.java.TestType] [  486] - 1
[INFO ][2015-12-07 19:13:41,962][com.java.TestType] [  481] -  str(2) = 10
[INFO ][2015-12-07 19:13:41,962][com.java.TestType] [  533] - row values are--------{1=com.java.Objects.TestDataDetails@d3359d, 2=com.java.Objects.TestDataDetails@373822, 3=com.java.Objects.TestDataDetails@ac8a06, 4=com.java.Objects.TestDataDetails@16449e1, 5=com.java.Objects.TestDataDetails@e9cba5, 6=com.java.Objects.TestDataDetails@28bbf6, 7=com.java.Objects.TestDataDetails@b0f62e, 8=com.java.Objects.TestDataDetails@1704837, 9=com.java.Objects.TestDataDetails@d551e1, 10=com.java.Objects.TestDataDetails@1d6471d}
[INFO ][2015-12-07 19:13:41,962][com.java.TestType] [  481] -  str(1) = 1
[INFO ][2015-12-07 19:13:41,962][com.java.TestType] [  484] - Test case Id is---1
[INFO ][2015-12-07 19:13:41,962][com.java.TestType] [  486] - 1
[INFO ][2015-12-07 19:13:41,962][com.java.TestType] [  481] -  str(2) = 11
[INFO ][2015-12-07 19:13:41,962][com.java.TestType] [  533] - row values are--------{1=com.java.Objects.TestDataDetails@d3359d, 2=com.java.Objects.TestDataDetails@373822, 3=com.java.Objects.TestDataDetails@ac8a06, 4=com.java.Objects.TestDataDetails@16449e1, 5=com.java.Objects.TestDataDetails@e9cba5, 6=com.java.Objects.TestDataDetails@28bbf6, 7=com.java.Objects.TestDataDetails@b0f62e, 8=com.java.Objects.TestDataDetails@1704837, 9=com.java.Objects.TestDataDetails@d551e1, 10=com.java.Objects.TestDataDetails@1d6471d, 11=com.java.Objects.TestDataDetails@16fb8f8}
[INFO ][2015-12-07 19:13:41,962][com.java.TestType] [  481] -  str(1) = 1
[INFO ][2015-12-07 19:13:41,962][com.java.TestType] [  484] - Test case Id is---1
[INFO ][2015-12-07 19:13:41,962][com.java.TestType] [  486] - 1
[INFO ][2015-12-07 19:13:41,962][com.java.TestType] [  481] -  str(2) = 12
[INFO ][2015-12-07 19:13:41,962][com.java.TestType] [  533] - row values are--------{1=com.java.Objects.TestDataDetails@d3359d, 2=com.java.Objects.TestDataDetails@373822, 3=com.java.Objects.TestDataDetails@ac8a06, 4=com.java.Objects.TestDataDetails@16449e1, 5=com.java.Objects.TestDataDetails@e9cba5, 6=com.java.Objects.TestDataDetails@28bbf6, 7=com.java.Objects.TestDataDetails@b0f62e, 8=com.java.Objects.TestDataDetails@1704837, 9=com.java.Objects.TestDataDetails@d551e1, 10=com.java.Objects.TestDataDetails@1d6471d, 11=com.java.Objects.TestDataDetails@16fb8f8, 12=com.java.Objects.TestDataDetails@1723556}
[INFO ][2015-12-07 19:13:41,962][com.java.TestType] [  481] -  str(1) = 1
[INFO ][2015-12-07 19:13:41,962][com.java.TestType] [  484] - Test case Id is---1
[INFO ][2015-12-07 19:13:41,962][com.java.TestType] [  486] - 1
[INFO ][2015-12-07 19:13:41,962][com.java.TestType] [  481] -  str(2) = 13
[INFO ][2015-12-07 19:13:41,972][com.java.TestType] [  533] - row values are--------{1=com.java.Objects.TestDataDetails@d3359d, 2=com.java.Objects.TestDataDetails@373822, 3=com.java.Objects.TestDataDetails@ac8a06, 4=com.java.Objects.TestDataDetails@16449e1, 5=com.java.Objects.TestDataDetails@e9cba5, 6=com.java.Objects.TestDataDetails@28bbf6, 7=com.java.Objects.TestDataDetails@b0f62e, 8=com.java.Objects.TestDataDetails@1704837, 9=com.java.Objects.TestDataDetails@d551e1, 10=com.java.Objects.TestDataDetails@1d6471d, 11=com.java.Objects.TestDataDetails@16fb8f8, 12=com.java.Objects.TestDataDetails@1723556, 13=com.java.Objects.TestDataDetails@75986a}
[INFO ][2015-12-07 19:13:41,972][com.java.TestType] [  481] -  str(1) = 1
[INFO ][2015-12-07 19:13:41,972][com.java.TestType] [  484] - Test case Id is---1
[INFO ][2015-12-07 19:13:41,972][com.java.TestType] [  486] - 1
[INFO ][2015-12-07 19:13:41,972][com.java.TestType] [  481] -  str(2) = 14
[INFO ][2015-12-07 19:13:41,972][com.java.TestType] [  533] - row values are--------{1=com.java.Objects.TestDataDetails@d3359d, 2=com.java.Objects.TestDataDetails@373822, 3=com.java.Objects.TestDataDetails@ac8a06, 4=com.java.Objects.TestDataDetails@16449e1, 5=com.java.Objects.TestDataDetails@e9cba5, 6=com.java.Objects.TestDataDetails@28bbf6, 7=com.java.Objects.TestDataDetails@b0f62e, 8=com.java.Objects.TestDataDetails@1704837, 9=com.java.Objects.TestDataDetails@d551e1, 10=com.java.Objects.TestDataDetails@1d6471d, 11=com.java.Objects.TestDataDetails@16fb8f8, 12=com.java.Objects.TestDataDetails@1723556, 13=com.java.Objects.TestDataDetails@75986a, 14=com.java.Objects.TestDataDetails@2103fb}
[INFO ][2015-12-07 19:13:41,972][com.java.TestType] [  481] -  str(1) = 1
[INFO ][2015-12-07 19:13:41,972][com.java.TestType] [  484] - Test case Id is---1
[INFO ][2015-12-07 19:13:41,972][com.java.TestType] [  486] - 1
[INFO ][2015-12-07 19:13:41,972][com.java.TestType] [  481] -  str(2) = 15
[INFO ][2015-12-07 19:13:41,972][com.java.TestType] [  533] - row values are--------{1=com.java.Objects.TestDataDetails@d3359d, 2=com.java.Objects.TestDataDetails@373822, 3=com.java.Objects.TestDataDetails@ac8a06, 4=com.java.Objects.TestDataDetails@16449e1, 5=com.java.Objects.TestDataDetails@e9cba5, 6=com.java.Objects.TestDataDetails@28bbf6, 7=com.java.Objects.TestDataDetails@b0f62e, 8=com.java.Objects.TestDataDetails@1704837, 9=com.java.Objects.TestDataDetails@d551e1, 10=com.java.Objects.TestDataDetails@1d6471d, 11=com.java.Objects.TestDataDetails@16fb8f8, 12=com.java.Objects.TestDataDetails@1723556, 13=com.java.Objects.TestDataDetails@75986a, 14=com.java.Objects.TestDataDetails@2103fb, 15=com.java.Objects.TestDataDetails@10c78e3}
[INFO ][2015-12-07 19:13:41,972][com.java.TestType] [  481] -  str(1) = 1
[INFO ][2015-12-07 19:13:41,972][com.java.TestType] [  484] - Test case Id is---1
[INFO ][2015-12-07 19:13:41,972][com.java.TestType] [  486] - 1
[INFO ][2015-12-07 19:13:41,972][com.java.TestType] [  481] -  str(2) = 16
[INFO ][2015-12-07 19:13:41,972][com.java.TestType] [  533] - row values are--------{1=com.java.Objects.TestDataDetails@d3359d, 2=com.java.Objects.TestDataDetails@373822, 3=com.java.Objects.TestDataDetails@ac8a06, 4=com.java.Objects.TestDataDetails@16449e1, 5=com.java.Objects.TestDataDetails@e9cba5, 6=com.java.Objects.TestDataDetails@28bbf6, 7=com.java.Objects.TestDataDetails@b0f62e, 8=com.java.Objects.TestDataDetails@1704837, 9=com.java.Objects.TestDataDetails@d551e1, 10=com.java.Objects.TestDataDetails@1d6471d, 11=com.java.Objects.TestDataDetails@16fb8f8, 12=com.java.Objects.TestDataDetails@1723556, 13=com.java.Objects.TestDataDetails@75986a, 14=com.java.Objects.TestDataDetails@2103fb, 15=com.java.Objects.TestDataDetails@10c78e3, 16=com.java.Objects.TestDataDetails@21e316}
[INFO ][2015-12-07 19:13:41,972][com.java.TestType] [ 9944] - Looping 1TCID = 1
[DEBUG][2015-12-07 19:13:41,972][com.java.TestType] [ 9985] - Concept ID:1 :: Step being Executed: 1::1
[INFO ][2015-12-07 19:13:41,972][com.java.TestType] [10023] - dataFields : TXTusername
[DEBUG][2015-12-07 19:13:41,972][com.java.TestType] [10029] - <In Set values of the page>
[DEBUG][2015-12-07 19:13:41,972][com.java.TestType] [10034] - {Data Fields & Data Values Exist}
[INFO ][2015-12-07 19:13:41,972][com.java.TestType] [10040] - --------------------------setting values-----------------------------
[INFO ][2015-12-07 19:13:41,972][com.java.TestType] [10043] - Action Type : CLEARANDENTER
[INFO ][2015-12-07 19:13:41,972][com.java.TestType] [ 5430] - value = naresh.nayini.00000
[INFO ][2015-12-07 19:13:46,735][com.java.TestType] [10062] -  RESULT true
[INFO ][2015-12-07 19:13:46,735][com.java.TestType] [10179] - ?   P A S S   ?
[DEBUG][2015-12-07 19:13:46,735][com.java.TestType] [ 9985] - Concept ID:1 :: Step being Executed: 1::2
[INFO ][2015-12-07 19:13:46,735][com.java.TestType] [10023] - dataFields : TXTpassword
[DEBUG][2015-12-07 19:13:46,735][com.java.TestType] [10029] - <In Set values of the page>
[DEBUG][2015-12-07 19:13:46,735][com.java.TestType] [10034] - {Data Fields & Data Values Exist}
[INFO ][2015-12-07 19:13:46,735][com.java.TestType] [10040] - --------------------------setting values-----------------------------
[INFO ][2015-12-07 19:13:46,735][com.java.TestType] [10043] - Action Type : CLEARANDENTER
[INFO ][2015-12-07 19:13:46,735][com.java.TestType] [ 5430] - value = Password1*
[INFO ][2015-12-07 19:13:51,607][com.java.TestType] [10062] -  RESULT true
[INFO ][2015-12-07 19:13:51,607][com.java.TestType] [10179] - ?   P A S S   ?
[DEBUG][2015-12-07 19:13:51,607][com.java.TestType] [ 9985] - Concept ID:1 :: Step being Executed: 1::3
[ERROR][2015-12-07 19:13:51,607][com.java.TestType] [10018] - Exception: null
[INFO ][2015-12-07 19:13:51,607][com.java.TestType] [10023] - dataFields : XPH//button[@type='submit']
[DEBUG][2015-12-07 19:13:51,607][com.java.TestType] [10029] - <In Set values of the page>
[DEBUG][2015-12-07 19:13:51,607][com.java.TestType] [10034] - {Data Fields & Data Values Exist}
[INFO ][2015-12-07 19:13:51,607][com.java.TestType] [10040] - --------------------------setting values-----------------------------
[INFO ][2015-12-07 19:13:51,607][com.java.TestType] [10043] - Action Type : Click
[INFO ][2015-12-07 19:13:51,607][com.java.TestType] [ 5758] - Field ::XPH//button[@type='submit']
[INFO ][2015-12-07 19:13:52,607][com.java.TestType] [ 5852] - BEFORE CLICK
[INFO ][2015-12-07 19:13:53,407][com.java.TestType] [ 5860] - Unable to click the object Login
[INFO ][2015-12-07 19:13:53,407][com.java.TestType] [10062] -  RESULT true
[INFO ][2015-12-07 19:13:53,407][com.java.TestType] [10179] - ?   P A S S   ?
[DEBUG][2015-12-07 19:13:53,407][com.java.TestType] [ 9985] - Concept ID:1 :: Step being Executed: 1::4
[INFO ][2015-12-07 19:13:53,407][com.java.TestType] [10023] - dataFields : LNKLogout
[DEBUG][2015-12-07 19:13:53,407][com.java.TestType] [10029] - <In Set values of the page>
[DEBUG][2015-12-07 19:13:53,407][com.java.TestType] [10034] - {Data Fields & Data Values Exist}
[INFO ][2015-12-07 19:13:53,407][com.java.TestType] [10040] - --------------------------setting values-----------------------------
[INFO ][2015-12-07 19:13:53,407][com.java.TestType] [10043] - Action Type : WaitForElement
[INFO ][2015-12-07 19:14:01,053][com.java.TestType] [10062] -  RESULT true
[INFO ][2015-12-07 19:14:01,053][com.java.TestType] [10179] - ?   P A S S   ?
[INFO ][2015-12-07 19:14:01,053][com.java.TestType] [10250] - Looping End......
[INFO ][2015-12-07 19:14:01,053][com.java.SeleniumDriver] [  893] -  RESULT true
[INFO ][2015-12-07 19:14:01,053][com.java.SeleniumDriver] [ 1099] - ?   P A S S   ?
[INFO ][2015-12-07 19:14:01,053][com.java.SeleniumDriver] [  820] - ------------------------------------------
[INFO ][2015-12-07 19:14:01,053][com.java.SeleniumDriver] [  821] - Test case being Executed: 6
[INFO ][2015-12-07 19:14:01,053][com.java.SeleniumDriver] [  832] - Test step:47
[INFO ][2015-12-07 19:14:01,053][com.java.SeleniumDriver] [  844] - Datavalue is----------Concept#2:1-2
[INFO ][2015-12-07 19:14:01,053][com.java.SeleniumDriver] [  868] - DataField : test
[INFO ][2015-12-07 19:14:01,053][com.java.SeleniumDriver] [  870] - DataValue : Concept#2:1-2
[INFO ][2015-12-07 19:14:01,053][com.java.SeleniumDriver] [  876] - <In Set values of the page>
[INFO ][2015-12-07 19:14:01,053][com.java.SeleniumDriver] [  879] - {Data Fields & Data Values Exist}
[INFO ][2015-12-07 19:14:01,053][com.java.SeleniumDriver] [  881] - --------------------------setting values-----------------------------
[INFO ][2015-12-07 19:14:01,053][com.java.SeleniumDriver] [  884] - Action Type : ExecuteTestCase
[INFO ][2015-12-07 19:14:01,053][com.java.TestType] [  436] - The Concept sheet name is ---------- Concept
[INFO ][2015-12-07 19:14:01,053][com.java.TestType] [  439] - The Concept ID  is ---------- 2
[DEBUG][2015-12-07 19:14:01,053][com.java.TestType] [  443] - Steps being executted in the Concept are: 1:2
[INFO ][2015-12-07 19:14:01,053][com.java.TestType] [  450] - Test data details path ---------- D:\BankersDashboard\TestInputs\TestData.xls
[INFO ][2015-12-07 19:14:01,084][com.java.TestType] [  481] -  str(1) = 2
[INFO ][2015-12-07 19:14:01,084][com.java.TestType] [  484] - Test case Id is---2
[INFO ][2015-12-07 19:14:01,084][com.java.TestType] [  486] - 2
[INFO ][2015-12-07 19:14:01,084][com.java.TestType] [  481] -  str(2) = 1
[INFO ][2015-12-07 19:14:01,094][com.java.TestType] [  533] - row values are--------{1=com.java.Objects.TestDataDetails@e24d9c}
[INFO ][2015-12-07 19:14:01,094][com.java.TestType] [  481] -  str(1) = 2
[INFO ][2015-12-07 19:14:01,094][com.java.TestType] [  484] - Test case Id is---2
[INFO ][2015-12-07 19:14:01,094][com.java.TestType] [  486] - 2
[INFO ][2015-12-07 19:14:01,094][com.java.TestType] [  481] -  str(2) = 2
[INFO ][2015-12-07 19:14:01,094][com.java.TestType] [  533] - row values are--------{1=com.java.Objects.TestDataDetails@e24d9c, 2=com.java.Objects.TestDataDetails@ed9010}
[INFO ][2015-12-07 19:14:01,094][com.java.TestType] [  481] -  str(1) = 2
[INFO ][2015-12-07 19:14:01,094][com.java.TestType] [  484] - Test case Id is---2
[INFO ][2015-12-07 19:14:01,094][com.java.TestType] [  486] - 2
[INFO ][2015-12-07 19:14:01,094][com.java.TestType] [  481] -  str(2) = 3
[INFO ][2015-12-07 19:14:01,094][com.java.TestType] [  533] - row values are--------{1=com.java.Objects.TestDataDetails@e24d9c, 2=com.java.Objects.TestDataDetails@ed9010, 3=com.java.Objects.TestDataDetails@1eebb95}
[INFO ][2015-12-07 19:14:01,094][com.java.TestType] [ 9944] - Looping 1TCID = 2
[DEBUG][2015-12-07 19:14:01,094][com.java.TestType] [ 9985] - Concept ID:2 :: Step being Executed: 2::1
[INFO ][2015-12-07 19:14:01,094][com.java.TestType] [10023] - dataFields : BNK//select[@id='bank']
[DEBUG][2015-12-07 19:14:01,094][com.java.TestType] [10029] - <In Set values of the page>
[DEBUG][2015-12-07 19:14:01,094][com.java.TestType] [10034] - {Data Fields & Data Values Exist}
[INFO ][2015-12-07 19:14:01,094][com.java.TestType] [10040] - --------------------------setting values-----------------------------
[INFO ][2015-12-07 19:14:01,094][com.java.TestType] [10043] - Action Type : Select
[INFO ][2015-12-07 19:14:01,094][com.java.TestType] [ 5430] - value = PFC
[INFO ][2015-12-07 19:14:01,274][com.java.TestType] [10062] -  RESULT true
[INFO ][2015-12-07 19:14:01,274][com.java.TestType] [10179] - ?   P A S S   ?
[DEBUG][2015-12-07 19:14:01,274][com.java.TestType] [ 9985] - Concept ID:2 :: Step being Executed: 2::2
[INFO ][2015-12-07 19:14:01,274][com.java.TestType] [10023] - dataFields : LNKLogout
[DEBUG][2015-12-07 19:14:01,274][com.java.TestType] [10029] - <In Set values of the page>
[DEBUG][2015-12-07 19:14:01,274][com.java.TestType] [10034] - {Data Fields & Data Values Exist}
[INFO ][2015-12-07 19:14:01,274][com.java.TestType] [10040] - --------------------------setting values-----------------------------
[INFO ][2015-12-07 19:14:01,274][com.java.TestType] [10043] - Action Type : WaitTime
[DEBUG][2015-12-07 19:14:01,274][com.java.TestType] [ 5250] - sleepTime: 5000
[INFO ][2015-12-07 19:14:06,274][com.java.TestType] [10062] -  RESULT true
[INFO ][2015-12-07 19:14:06,274][com.java.TestType] [10179] - ?   P A S S   ?
[INFO ][2015-12-07 19:14:06,274][com.java.TestType] [10250] - Looping End......
[INFO ][2015-12-07 19:14:06,274][com.java.SeleniumDriver] [  893] -  RESULT true
[INFO ][2015-12-07 19:14:06,274][com.java.SeleniumDriver] [ 1099] - ?   P A S S   ?
[INFO ][2015-12-07 19:14:06,274][com.java.SeleniumDriver] [  820] - ------------------------------------------
[INFO ][2015-12-07 19:14:06,274][com.java.SeleniumDriver] [  821] - Test case being Executed: 6
[INFO ][2015-12-07 19:14:06,274][com.java.SeleniumDriver] [  832] - Test step:48
[INFO ][2015-12-07 19:14:06,274][com.java.SeleniumDriver] [  844] - Datavalue is----------null
[DEBUG][2015-12-07 19:14:06,274][com.java.SeleniumDriver] [  862] - Exception: null
[INFO ][2015-12-07 19:14:06,274][com.java.SeleniumDriver] [  868] - DataField : //span[@class='icon-stats']&&//a[@data-id="Forecasting"]
[INFO ][2015-12-07 19:14:06,274][com.java.SeleniumDriver] [  870] - DataValue : 
[INFO ][2015-12-07 19:14:06,274][com.java.SeleniumDriver] [  876] - <In Set values of the page>
[INFO ][2015-12-07 19:14:06,274][com.java.SeleniumDriver] [  879] - {Data Fields & Data Values Exist}
[INFO ][2015-12-07 19:14:06,274][com.java.SeleniumDriver] [  881] - --------------------------setting values-----------------------------
[INFO ][2015-12-07 19:14:06,274][com.java.SeleniumDriver] [  884] - Action Type : MOUSEOVER
[INFO ][2015-12-07 19:14:29,570][com.java.SeleniumDriver] [  893] -  RESULT true
[INFO ][2015-12-07 19:14:29,570][com.java.SeleniumDriver] [ 1099] - ?   P A S S   ?
[INFO ][2015-12-07 19:14:29,570][com.java.SeleniumDriver] [  820] - ------------------------------------------
[INFO ][2015-12-07 19:14:29,570][com.java.SeleniumDriver] [  821] - Test case being Executed: 6
[INFO ][2015-12-07 19:14:29,570][com.java.SeleniumDriver] [  832] - Test step:49
[INFO ][2015-12-07 19:14:29,570][com.java.SeleniumDriver] [  844] - Datavalue is----------5
[INFO ][2015-12-07 19:14:29,570][com.java.SeleniumDriver] [  868] - DataField : null
[INFO ][2015-12-07 19:14:29,570][com.java.SeleniumDriver] [  870] - DataValue : 5
[INFO ][2015-12-07 19:14:29,570][com.java.SeleniumDriver] [  876] - <In Set values of the page>
[INFO ][2015-12-07 19:14:29,570][com.java.SeleniumDriver] [  879] - {Data Fields & Data Values Exist}
[INFO ][2015-12-07 19:14:29,570][com.java.SeleniumDriver] [  881] - --------------------------setting values-----------------------------
[INFO ][2015-12-07 19:14:29,570][com.java.SeleniumDriver] [  884] - Action Type : WAITTIME
[DEBUG][2015-12-07 19:14:29,570][com.java.TestType] [ 5250] - sleepTime: 5000
[INFO ][2015-12-07 19:14:34,571][com.java.SeleniumDriver] [  893] -  RESULT true
[INFO ][2015-12-07 19:14:34,571][com.java.SeleniumDriver] [ 1099] - ?   P A S S   ?
[INFO ][2015-12-07 19:14:34,571][com.java.SeleniumDriver] [  820] - ------------------------------------------
[INFO ][2015-12-07 19:14:34,571][com.java.SeleniumDriver] [  821] - Test case being Executed: 6
[INFO ][2015-12-07 19:14:34,571][com.java.SeleniumDriver] [  832] - Test step:50
[INFO ][2015-12-07 19:14:34,571][com.java.SeleniumDriver] [  844] - Datavalue is----------Forecasting 
[INFO ][2015-12-07 19:14:34,571][com.java.SeleniumDriver] [  868] - DataField : TTL
[INFO ][2015-12-07 19:14:34,571][com.java.SeleniumDriver] [  870] - DataValue : Forecasting 
[INFO ][2015-12-07 19:14:34,571][com.java.SeleniumDriver] [  876] - <In Set values of the page>
[INFO ][2015-12-07 19:14:34,571][com.java.SeleniumDriver] [  879] - {Data Fields & Data Values Exist}
[INFO ][2015-12-07 19:14:34,571][com.java.SeleniumDriver] [  881] - --------------------------setting values-----------------------------
[INFO ][2015-12-07 19:14:34,571][com.java.SeleniumDriver] [  884] - Action Type : SELECTWINDOW
[INFO ][2015-12-07 19:14:47,134][com.java.SeleniumDriver] [  893] -  RESULT true
[INFO ][2015-12-07 19:14:47,134][com.java.SeleniumDriver] [ 1099] - ?   P A S S   ?
[INFO ][2015-12-07 19:14:47,134][com.java.SeleniumDriver] [  820] - ------------------------------------------
[INFO ][2015-12-07 19:14:47,134][com.java.SeleniumDriver] [  821] - Test case being Executed: 6
[INFO ][2015-12-07 19:14:47,134][com.java.SeleniumDriver] [  832] - Test step:51
[INFO ][2015-12-07 19:14:47,134][com.java.SeleniumDriver] [  844] - Datavalue is----------10
[INFO ][2015-12-07 19:14:47,134][com.java.SeleniumDriver] [  868] - DataField : DSP//span[contains(text(),'Forecasting')]
[INFO ][2015-12-07 19:14:47,134][com.java.SeleniumDriver] [  870] - DataValue : 10
[INFO ][2015-12-07 19:14:47,134][com.java.SeleniumDriver] [  876] - <In Set values of the page>
[INFO ][2015-12-07 19:14:47,134][com.java.SeleniumDriver] [  879] - {Data Fields & Data Values Exist}
[INFO ][2015-12-07 19:14:47,134][com.java.SeleniumDriver] [  881] - --------------------------setting values-----------------------------
[INFO ][2015-12-07 19:14:47,134][com.java.SeleniumDriver] [  884] - Action Type : WAITFORELEMENT
[INFO ][2015-12-07 19:14:47,254][com.java.SeleniumDriver] [  893] -  RESULT true
[INFO ][2015-12-07 19:14:47,254][com.java.SeleniumDriver] [ 1099] - ?   P A S S   ?
[INFO ][2015-12-07 19:14:47,254][com.java.SeleniumDriver] [  820] - ------------------------------------------
[INFO ][2015-12-07 19:14:47,254][com.java.SeleniumDriver] [  821] - Test case being Executed: 6
[INFO ][2015-12-07 19:14:47,254][com.java.SeleniumDriver] [  832] - Test step:52
[INFO ][2015-12-07 19:14:47,254][com.java.SeleniumDriver] [  844] - Datavalue is----------null
[DEBUG][2015-12-07 19:14:47,254][com.java.SeleniumDriver] [  862] - Exception: null
[INFO ][2015-12-07 19:14:47,254][com.java.SeleniumDriver] [  868] - DataField : BTNframeDialogContent
[INFO ][2015-12-07 19:14:47,254][com.java.SeleniumDriver] [  870] - DataValue : 
[INFO ][2015-12-07 19:14:47,254][com.java.SeleniumDriver] [  876] - <In Set values of the page>
[INFO ][2015-12-07 19:14:47,254][com.java.SeleniumDriver] [  879] - {Data Fields & Data Values Exist}
[INFO ][2015-12-07 19:14:47,254][com.java.SeleniumDriver] [  881] - --------------------------setting values-----------------------------
[INFO ][2015-12-07 19:14:47,254][com.java.SeleniumDriver] [  884] - Action Type : SELECTFRAME
[INFO ][2015-12-07 19:14:48,375][com.java.SeleniumDriver] [  893] -  RESULT true
[INFO ][2015-12-07 19:14:48,375][com.java.SeleniumDriver] [ 1099] - ?   P A S S   ?
[INFO ][2015-12-07 19:14:48,375][com.java.SeleniumDriver] [  820] - ------------------------------------------
[INFO ][2015-12-07 19:14:48,375][com.java.SeleniumDriver] [  821] - Test case being Executed: 6
[INFO ][2015-12-07 19:14:48,375][com.java.SeleniumDriver] [  832] - Test step:53
[INFO ][2015-12-07 19:14:48,375][com.java.SeleniumDriver] [  844] - Datavalue is----------10
[INFO ][2015-12-07 19:14:48,375][com.java.SeleniumDriver] [  868] - DataField : DSPddlProjects
[INFO ][2015-12-07 19:14:48,375][com.java.SeleniumDriver] [  870] - DataValue : 10
[INFO ][2015-12-07 19:14:48,375][com.java.SeleniumDriver] [  876] - <In Set values of the page>
[INFO ][2015-12-07 19:14:48,375][com.java.SeleniumDriver] [  879] - {Data Fields & Data Values Exist}
[INFO ][2015-12-07 19:14:48,375][com.java.SeleniumDriver] [  881] - --------------------------setting values-----------------------------
[INFO ][2015-12-07 19:14:48,375][com.java.SeleniumDriver] [  884] - Action Type : WAITFORELEMENT
[INFO ][2015-12-07 19:14:49,480][com.java.SeleniumDriver] [  893] -  RESULT true
[INFO ][2015-12-07 19:14:49,480][com.java.SeleniumDriver] [ 1099] - ?   P A S S   ?
[INFO ][2015-12-07 19:14:49,480][com.java.SeleniumDriver] [  820] - ------------------------------------------
[INFO ][2015-12-07 19:14:49,480][com.java.SeleniumDriver] [  821] - Test case being Executed: 6
[INFO ][2015-12-07 19:14:49,480][com.java.SeleniumDriver] [  832] - Test step:54
[INFO ][2015-12-07 19:14:49,480][com.java.SeleniumDriver] [  844] - Datavalue is----------HMVCurrentProject
[INFO ][2015-12-07 19:14:49,480][com.java.SeleniumDriver] [  868] - DataField : COBddlProjects
[INFO ][2015-12-07 19:14:49,480][com.java.SeleniumDriver] [  870] - DataValue : HMVCurrentProject
[INFO ][2015-12-07 19:14:49,480][com.java.SeleniumDriver] [  876] - <In Set values of the page>
[INFO ][2015-12-07 19:14:49,480][com.java.SeleniumDriver] [  879] - {Data Fields & Data Values Exist}
[INFO ][2015-12-07 19:14:49,480][com.java.SeleniumDriver] [  881] - --------------------------setting values-----------------------------
[INFO ][2015-12-07 19:14:49,480][com.java.SeleniumDriver] [  884] - Action Type : SELECT
[INFO ][2015-12-07 19:14:49,480][com.java.TestType] [ 5430] - value = Dallas User Group
[INFO ][2015-12-07 19:14:50,561][com.java.TestType] [ 5548] -  In COB ddlProjects : Dallas User Group
[DEBUG][2015-12-07 19:14:51,642][com.java.TestType] [ 5573] - Java Script : javascript:var s = document.getElementById('ddlProjects');for (i = 0; i< s.options.length; i++){   if (s.options[i].text.trim().toUpperCase() == 'DALLAS USER GROUP'){      s.options[i].selected = true;      s.click();      break;   }}
[INFO ][2015-12-07 19:14:53,652][com.java.SeleniumDriver] [  893] -  RESULT true
[INFO ][2015-12-07 19:14:53,652][com.java.SeleniumDriver] [ 1099] - ?   P A S S   ?
[INFO ][2015-12-07 19:14:53,652][com.java.SeleniumDriver] [  820] - ------------------------------------------
[INFO ][2015-12-07 19:14:53,652][com.java.SeleniumDriver] [  821] - Test case being Executed: 6
[INFO ][2015-12-07 19:14:53,652][com.java.SeleniumDriver] [  832] - Test step:55
[INFO ][2015-12-07 19:14:53,652][com.java.SeleniumDriver] [  844] - Datavalue is----------null
[DEBUG][2015-12-07 19:14:53,652][com.java.SeleniumDriver] [  862] - Exception: null
[INFO ][2015-12-07 19:14:53,652][com.java.SeleniumDriver] [  868] - DataField : HDNbtnOpenProject
[INFO ][2015-12-07 19:14:53,652][com.java.SeleniumDriver] [  870] - DataValue : 
[INFO ][2015-12-07 19:14:53,652][com.java.SeleniumDriver] [  876] - <In Set values of the page>
[INFO ][2015-12-07 19:14:53,652][com.java.SeleniumDriver] [  879] - {Data Fields & Data Values Exist}
[INFO ][2015-12-07 19:14:53,652][com.java.SeleniumDriver] [  881] - --------------------------setting values-----------------------------
[INFO ][2015-12-07 19:14:53,652][com.java.SeleniumDriver] [  884] - Action Type : CLICK
[INFO ][2015-12-07 19:14:53,652][com.java.TestType] [ 5758] - Field ::HDNbtnOpenProject
[INFO ][2015-12-07 19:14:56,247][com.java.SeleniumDriver] [  893] -  RESULT true
[INFO ][2015-12-07 19:14:56,247][com.java.SeleniumDriver] [ 1099] - ?   P A S S   ?
[INFO ][2015-12-07 19:14:56,247][com.java.SeleniumDriver] [  820] - ------------------------------------------
[INFO ][2015-12-07 19:14:56,247][com.java.SeleniumDriver] [  821] - Test case being Executed: 6
[INFO ][2015-12-07 19:14:56,247][com.java.SeleniumDriver] [  832] - Test step:56
[INFO ][2015-12-07 19:14:56,247][com.java.SeleniumDriver] [  844] - Datavalue is----------5
[INFO ][2015-12-07 19:14:56,247][com.java.SeleniumDriver] [  868] - DataField : XPH//div[@class="blockUI blockOverlay"]
[INFO ][2015-12-07 19:14:56,247][com.java.SeleniumDriver] [  870] - DataValue : 5
[INFO ][2015-12-07 19:14:56,247][com.java.SeleniumDriver] [  876] - <In Set values of the page>
[INFO ][2015-12-07 19:14:56,247][com.java.SeleniumDriver] [  879] - {Data Fields & Data Values Exist}
[INFO ][2015-12-07 19:14:56,247][com.java.SeleniumDriver] [  881] - --------------------------setting values-----------------------------
[INFO ][2015-12-07 19:14:56,247][com.java.SeleniumDriver] [  884] - Action Type : Waittime
[DEBUG][2015-12-07 19:14:56,247][com.java.TestType] [ 5250] - sleepTime: 5000
[INFO ][2015-12-07 19:15:01,247][com.java.SeleniumDriver] [  893] -  RESULT true
[INFO ][2015-12-07 19:15:01,247][com.java.SeleniumDriver] [ 1099] - ?   P A S S   ?
[INFO ][2015-12-07 19:15:01,247][com.java.SeleniumDriver] [  820] - ------------------------------------------
[INFO ][2015-12-07 19:15:01,247][com.java.SeleniumDriver] [  821] - Test case being Executed: 6
[INFO ][2015-12-07 19:15:01,247][com.java.SeleniumDriver] [  832] - Test step:57
[INFO ][2015-12-07 19:15:01,247][com.java.SeleniumDriver] [  844] - Datavalue is----------90
[INFO ][2015-12-07 19:15:01,247][com.java.SeleniumDriver] [  868] - DataField : XPH//div[@class="blockUI blockOverlay"]
[INFO ][2015-12-07 19:15:01,247][com.java.SeleniumDriver] [  870] - DataValue : 90
[INFO ][2015-12-07 19:15:01,247][com.java.SeleniumDriver] [  876] - <In Set values of the page>
[INFO ][2015-12-07 19:15:01,247][com.java.SeleniumDriver] [  879] - {Data Fields & Data Values Exist}
[INFO ][2015-12-07 19:15:01,247][com.java.SeleniumDriver] [  881] - --------------------------setting values-----------------------------
[INFO ][2015-12-07 19:15:01,247][com.java.SeleniumDriver] [  884] - Action Type : waitForElementNotPresent
[INFO ][2015-12-07 19:33:32,738][com.java.SeleniumDriver] [  893] -  RESULT true
[INFO ][2015-12-07 19:33:32,738][com.java.SeleniumDriver] [ 1099] - ?   P A S S   ?
[INFO ][2015-12-07 19:33:32,738][com.java.SeleniumDriver] [  820] - ------------------------------------------
[INFO ][2015-12-07 19:33:32,738][com.java.SeleniumDriver] [  821] - Test case being Executed: 6
[INFO ][2015-12-07 19:33:32,738][com.java.SeleniumDriver] [  832] - Test step:58
[INFO ][2015-12-07 19:33:32,738][com.java.SeleniumDriver] [  844] - Datavalue is----------null
[DEBUG][2015-12-07 19:33:32,738][com.java.SeleniumDriver] [  862] - Exception: null
[INFO ][2015-12-07 19:33:32,738][com.java.SeleniumDriver] [  868] - DataField : BTNParent
[INFO ][2015-12-07 19:33:32,738][com.java.SeleniumDriver] [  870] - DataValue : 
[INFO ][2015-12-07 19:33:32,738][com.java.SeleniumDriver] [  876] - <In Set values of the page>
[INFO ][2015-12-07 19:33:32,738][com.java.SeleniumDriver] [  879] - {Data Fields & Data Values Exist}
[INFO ][2015-12-07 19:33:32,738][com.java.SeleniumDriver] [  881] - --------------------------setting values-----------------------------
[INFO ][2015-12-07 19:33:32,738][com.java.SeleniumDriver] [  884] - Action Type : SELECTFRAME
[ERROR][2015-12-07 19:33:34,740][com.java.TestType] [ 5680] - Exception: Error communicating with the remote browser. It may have died.
Build info: version: '2.48.2', revision: '41bccdd', time: '2015-10-09 19:59:12'
System info: host: 'FVTIII438F1D', ip: '172.17.68.34', os.name: 'Windows 7', os.arch: 'x86', os.version: '6.1', java.version: '1.7.0_55'
Driver info: driver.version: SeleniumDriver
[INFO ][2015-12-07 19:33:34,740][com.java.SeleniumDriver] [  893] -  RESULT false
[INFO ][2015-12-07 19:33:34,740][com.java.SeleniumDriver] [  940] - ?   F A I L   ?
[INFO ][2015-12-07 19:33:34,740][com.java.SeleniumDriver] [  948] - Browser Type : IE10
[INFO ][2015-12-07 19:33:34,740][com.java.SeleniumDriver] [  949] - Adding Failed case6
[WARN ][2015-12-07 19:33:36,811][com.java.SeleniumDriver] [ 1009] - Source 'D:\BankersDashboard\TestReports\120715' exists but is a directory
[INFO ][2015-12-07 19:33:36,811][com.java.SeleniumDriver] [ 1063] - failedCases = 6
[ERROR][2015-12-07 19:33:36,811][com.java.SeleniumDriver] [ 1560] - Platform Errors : Our apologies...::We have encountered an issue with your request.::Our apologies?:We encountered an issue with your request.
[INFO ][2015-12-07 19:33:36,811][com.java.SeleniumDriver] [ 1564] - Length =3
[ERROR][2015-12-07 19:33:36,811][com.java.SeleniumDriver] [ 1567] - Error 0 = Our apologies...
[ERROR][2015-12-07 19:33:38,818][com.java.SeleniumDriver] [ 1581] - Error communicating with the remote browser. It may have died.
Build info: version: '2.48.2', revision: '41bccdd', time: '2015-10-09 19:59:12'
System info: host: 'FVTIII438F1D', ip: '172.17.68.34', os.name: 'Windows 7', os.arch: 'x86', os.version: '6.1', java.version: '1.7.0_55'
Driver info: driver.version: SeleniumDriver
[INFO ][2015-12-07 19:33:38,818][com.java.SeleniumDriver] [ 1583] - FindPlatformErrors exception: Error communicating with the remote browser. It may have died.
Build info: version: '2.48.2', revision: '41bccdd', time: '2015-10-09 19:59:12'
System info: host: 'FVTIII438F1D', ip: '172.17.68.34', os.name: 'Windows 7', os.arch: 'x86', os.version: '6.1', java.version: '1.7.0_55'
Driver info: driver.version: SeleniumDriver
[DEBUG][2015-12-07 19:33:38,818][com.java.SeleniumDriver] [ 1585] - Unable to get the Platform Error list from Hash Map.
[ERROR][2015-12-07 19:33:40,839][com.java.SeleniumDriver] [ 1181] - Error communicating with the remote browser. It may have died.
Build info: version: '2.48.2', revision: '41bccdd', time: '2015-10-09 19:59:12'
System info: host: 'FVTIII438F1D', ip: '172.17.68.34', os.name: 'Windows 7', os.arch: 'x86', os.version: '6.1', java.version: '1.7.0_55'
Driver info: driver.version: SeleniumDriver
[INFO ][2015-12-07 19:33:40,839][com.java.SeleniumDriver] [  820] - ------------------------------------------
[INFO ][2015-12-07 19:33:40,839][com.java.SeleniumDriver] [  821] - Test case being Executed: 6
[INFO ][2015-12-07 19:33:40,839][com.java.SeleniumDriver] [  832] - Test step:59
[INFO ][2015-12-07 19:33:40,839][com.java.SeleniumDriver] [  844] - Datavalue is----------null
[DEBUG][2015-12-07 19:33:40,839][com.java.SeleniumDriver] [  862] - Exception: null
[INFO ][2015-12-07 19:33:40,839][com.java.SeleniumDriver] [  868] - DataField : HDNmenuTools
[INFO ][2015-12-07 19:33:40,839][com.java.SeleniumDriver] [  870] - DataValue : 
[INFO ][2015-12-07 19:33:40,839][com.java.SeleniumDriver] [  876] - <In Set values of the page>
[INFO ][2015-12-07 19:33:40,839][com.java.SeleniumDriver] [  879] - {Data Fields & Data Values Exist}
[INFO ][2015-12-07 19:33:40,839][com.java.SeleniumDriver] [  881] - --------------------------setting values-----------------------------
[INFO ][2015-12-07 19:33:40,839][com.java.SeleniumDriver] [  884] - Action Type : CLICK
[INFO ][2015-12-07 19:33:40,839][com.java.TestType] [ 5758] - Field ::HDNmenuTools
[INFO ][2015-12-07 19:33:43,841][com.java.SeleniumDriver] [  893] -  RESULT false
[INFO ][2015-12-07 19:33:43,841][com.java.SeleniumDriver] [  940] - ?   F A I L   ?
[INFO ][2015-12-07 19:33:43,841][com.java.SeleniumDriver] [  948] - Browser Type : IE10
[INFO ][2015-12-07 19:33:43,841][com.java.SeleniumDriver] [  949] - Adding Failed case6
[WARN ][2015-12-07 19:33:45,853][com.java.SeleniumDriver] [ 1009] - Source 'D:\BankersDashboard\TestReports\120715' exists but is a directory
[INFO ][2015-12-07 19:33:45,853][com.java.SeleniumDriver] [ 1063] - failedCases = 6,6
[ERROR][2015-12-07 19:33:45,853][com.java.SeleniumDriver] [ 1560] - Platform Errors : Our apologies...::We have encountered an issue with your request.::Our apologies?:We encountered an issue with your request.
[INFO ][2015-12-07 19:33:45,853][com.java.SeleniumDriver] [ 1564] - Length =3
[ERROR][2015-12-07 19:33:45,853][com.java.SeleniumDriver] [ 1567] - Error 0 = Our apologies...
[ERROR][2015-12-07 19:33:47,864][com.java.SeleniumDriver] [ 1581] - Error communicating with the remote browser. It may have died.
Build info: version: '2.48.2', revision: '41bccdd', time: '2015-10-09 19:59:12'
System info: host: 'FVTIII438F1D', ip: '172.17.68.34', os.name: 'Windows 7', os.arch: 'x86', os.version: '6.1', java.version: '1.7.0_55'
Driver info: driver.version: SeleniumDriver
[INFO ][2015-12-07 19:33:47,864][com.java.SeleniumDriver] [ 1583] - FindPlatformErrors exception: Error communicating with the remote browser. It may have died.
Build info: version: '2.48.2', revision: '41bccdd', time: '2015-10-09 19:59:12'
System info: host: 'FVTIII438F1D', ip: '172.17.68.34', os.name: 'Windows 7', os.arch: 'x86', os.version: '6.1', java.version: '1.7.0_55'
Driver info: driver.version: SeleniumDriver
[DEBUG][2015-12-07 19:33:47,864][com.java.SeleniumDriver] [ 1585] - Unable to get the Platform Error list from Hash Map.
[ERROR][2015-12-07 19:33:49,935][com.java.SeleniumDriver] [ 1181] - Error communicating with the remote browser. It may have died.
Build info: version: '2.48.2', revision: '41bccdd', time: '2015-10-09 19:59:12'
System info: host: 'FVTIII438F1D', ip: '172.17.68.34', os.name: 'Windows 7', os.arch: 'x86', os.version: '6.1', java.version: '1.7.0_55'
Driver info: driver.version: SeleniumDriver
[INFO ][2015-12-07 19:33:49,935][com.java.SeleniumDriver] [  820] - ------------------------------------------
[INFO ][2015-12-07 19:33:49,935][com.java.SeleniumDriver] [  821] - Test case being Executed: 6
[INFO ][2015-12-07 19:33:49,935][com.java.SeleniumDriver] [  832] - Test step:60
[INFO ][2015-12-07 19:33:49,935][com.java.SeleniumDriver] [  844] - Datavalue is----------2
[INFO ][2015-12-07 19:33:49,935][com.java.SeleniumDriver] [  868] - DataField : DSPmenuProjectOptions
[INFO ][2015-12-07 19:33:49,935][com.java.SeleniumDriver] [  870] - DataValue : 2
[INFO ][2015-12-07 19:33:49,935][com.java.SeleniumDriver] [  876] - <In Set values of the page>
[INFO ][2015-12-07 19:33:49,935][com.java.SeleniumDriver] [  879] - {Data Fields & Data Values Exist}
[INFO ][2015-12-07 19:33:49,935][com.java.SeleniumDriver] [  881] - --------------------------setting values-----------------------------
[INFO ][2015-12-07 19:33:49,935][com.java.SeleniumDriver] [  884] - Action Type : WAITFORELEMENT
