[INFO ][2015-11-12 11:45:38,814][com.java.SeleniumDriver] [  213] - Execute Failed Casesfalse
[INFO ][2015-11-12 11:45:38,814][com.java.SeleniumDriver] [  214] - Browser: IE11
[INFO ][2015-11-12 11:45:38,814][com.java.SeleniumDriver] [  215] - [1, 3]
[INFO ][2015-11-12 11:45:38,814][com.java.SeleniumDriver] [  216] - Total TestCases:2
[INFO ][2015-11-12 11:45:38,814][com.java.SeleniumDriver] [  217] -  Reading Properties from Property File 
[DEBUG][2015-11-12 11:45:38,814][com.java.SeleniumDriver] [  238] - url : https://clients-xuat.bankersdashboard.com
[INFO ][2015-11-12 11:45:38,817][com.java.ImportnExport.ExportTestResultsExcel] [  116] - Time Stamp Thu Nov 12 11:45:38 IST 2015
[INFO ][2015-11-12 11:45:38,817][com.java.ImportnExport.ExportTestResultsExcel] [  175] - OUT FILE : D:\BankersDashboard/TestReports/Test Results_BankersDashBoard_111215_114538_IE11_Any Bank USA.xls
[INFO ][2015-11-12 11:45:38,847][com.java.ImportnExport.ExportTestResultsExcel] [  180] - Test Result file is created
[DEBUG][2015-11-12 11:45:38,954][com.java.SeleniumDriver] [  425] - Hub ip address is-------172.17.68.34
[INFO ][2015-11-12 11:45:38,954][com.java.SeleniumDriver] [  451] - Grid URL:http://172.17.68.34:4444/wd/hub
[INFO ][2015-11-12 11:45:38,955][com.java.SeleniumDriver] [  452] - Capability:Capabilities [{platform=ANY, ensureCleanSession=true, ignoreProtectedModeSettings=true, acceptSslCerts=true, ignoreZoomSetting=true, browserName=internet explorer, browserstack.ie.noFlash=true, version=Node1}]
[ERROR][2015-11-12 11:45:40,322][com.java.SeleniumDriver] [  496] - Unable invoke browser in grid:Could not start a new session. Possible causes are invalid address of the remote server or browser start-up failure.
Build info: version: '2.48.2', revision: '41bccdd', time: '2015-10-09 19:59:12'
System info: host: 'FVTIII438F1D', ip: '172.17.68.34', os.name: 'Windows 7', os.arch: 'x86', os.version: '6.1', java.version: '1.7.0_55'
Driver info: driver.version: SeleniumDriver
[INFO ][2015-11-12 11:45:40,322][com.java.SeleniumDriver] [  498] - Executing on local machine
[INFO ][2015-11-12 11:45:49,664][com.java.SeleniumDriver] [  248] - IE11is opened
[INFO ][2015-11-12 11:45:50,284][com.java.SeleniumDriver] [  753] - Test cases to be executed are: [1, 3]
[INFO ][2015-11-12 11:45:50,325][com.java.ImportnExport.ImportTestDataDetailsExcel] [   49] - test data details path===== D:\BankersDashboard\TestInputs\TestData.xls
[INFO ][2015-11-12 11:45:50,375][com.java.SeleniumDriver] [  796] - ------------------------------------------
[INFO ][2015-11-12 11:45:50,375][com.java.SeleniumDriver] [  797] - Test case being Executed: 1
[INFO ][2015-11-12 11:45:50,375][com.java.SeleniumDriver] [  808] - Test step:1
[INFO ][2015-11-12 11:45:50,375][com.java.SeleniumDriver] [  820] - Datavalue is----------Concept#1:1-14
[INFO ][2015-11-12 11:45:50,375][com.java.SeleniumDriver] [  844] - DataField : test
[INFO ][2015-11-12 11:45:50,375][com.java.SeleniumDriver] [  846] - DataValue : Concept#1:1-14
[INFO ][2015-11-12 11:45:50,375][com.java.SeleniumDriver] [  852] - <In Set values of the page>
[INFO ][2015-11-12 11:45:50,375][com.java.SeleniumDriver] [  855] - {Data Fields & Data Values Exist}
[INFO ][2015-11-12 11:45:50,375][com.java.SeleniumDriver] [  857] - --------------------------setting values-----------------------------
[INFO ][2015-11-12 11:45:50,375][com.java.SeleniumDriver] [  860] - Action Type : ExecuteTestCase
[INFO ][2015-11-12 11:45:50,445][com.java.TestType] [  423] - The Concept sheet name is ---------- Concept
[INFO ][2015-11-12 11:45:50,445][com.java.TestType] [  426] - The Concept ID  is ---------- 1
[DEBUG][2015-11-12 11:45:50,445][com.java.TestType] [  430] - Steps being executted in the Concept are: 1:14
[INFO ][2015-11-12 11:45:50,445][com.java.TestType] [  437] - Test data details path ---------- D:\BankersDashboard\TestInputs\TestData.xls
[INFO ][2015-11-12 11:45:50,475][com.java.TestType] [  468] -  str(1) = 1
[INFO ][2015-11-12 11:45:50,475][com.java.TestType] [  471] - Test case Id is---1
[INFO ][2015-11-12 11:45:50,475][com.java.TestType] [  473] - 1
[INFO ][2015-11-12 11:45:50,475][com.java.TestType] [  468] -  str(2) = 1
[INFO ][2015-11-12 11:45:50,475][com.java.TestType] [  520] - row values are--------{1=com.java.Objects.TestDataDetails@887276}
[INFO ][2015-11-12 11:45:50,475][com.java.TestType] [  468] -  str(1) = 1
[INFO ][2015-11-12 11:45:50,475][com.java.TestType] [  471] - Test case Id is---1
[INFO ][2015-11-12 11:45:50,475][com.java.TestType] [  473] - 1
[INFO ][2015-11-12 11:45:50,475][com.java.TestType] [  468] -  str(2) = 2
[INFO ][2015-11-12 11:45:50,485][com.java.TestType] [  520] - row values are--------{1=com.java.Objects.TestDataDetails@887276, 2=com.java.Objects.TestDataDetails@179c7f7}
[INFO ][2015-11-12 11:45:50,485][com.java.TestType] [  468] -  str(1) = 1
[INFO ][2015-11-12 11:45:50,485][com.java.TestType] [  471] - Test case Id is---1
[INFO ][2015-11-12 11:45:50,485][com.java.TestType] [  473] - 1
[INFO ][2015-11-12 11:45:50,485][com.java.TestType] [  468] -  str(2) = 3
[INFO ][2015-11-12 11:45:50,485][com.java.TestType] [  520] - row values are--------{1=com.java.Objects.TestDataDetails@887276, 2=com.java.Objects.TestDataDetails@179c7f7, 3=com.java.Objects.TestDataDetails@1bd3d6c}
[INFO ][2015-11-12 11:45:50,485][com.java.TestType] [  468] -  str(1) = 1
[INFO ][2015-11-12 11:45:50,485][com.java.TestType] [  471] - Test case Id is---1
[INFO ][2015-11-12 11:45:50,485][com.java.TestType] [  473] - 1
[INFO ][2015-11-12 11:45:50,485][com.java.TestType] [  468] -  str(2) = 4
[INFO ][2015-11-12 11:45:50,485][com.java.TestType] [  520] - row values are--------{1=com.java.Objects.TestDataDetails@887276, 2=com.java.Objects.TestDataDetails@179c7f7, 3=com.java.Objects.TestDataDetails@1bd3d6c, 4=com.java.Objects.TestDataDetails@1b7418}
[INFO ][2015-11-12 11:45:50,485][com.java.TestType] [  468] -  str(1) = 1
[INFO ][2015-11-12 11:45:50,485][com.java.TestType] [  471] - Test case Id is---1
[INFO ][2015-11-12 11:45:50,485][com.java.TestType] [  473] - 1
[INFO ][2015-11-12 11:45:50,485][com.java.TestType] [  468] -  str(2) = 5
[INFO ][2015-11-12 11:45:50,485][com.java.TestType] [  520] - row values are--------{1=com.java.Objects.TestDataDetails@887276, 2=com.java.Objects.TestDataDetails@179c7f7, 3=com.java.Objects.TestDataDetails@1bd3d6c, 4=com.java.Objects.TestDataDetails@1b7418, 5=com.java.Objects.TestDataDetails@88ee2}
[INFO ][2015-11-12 11:45:50,485][com.java.TestType] [  468] -  str(1) = 1
[INFO ][2015-11-12 11:45:50,485][com.java.TestType] [  471] - Test case Id is---1
[INFO ][2015-11-12 11:45:50,485][com.java.TestType] [  473] - 1
[INFO ][2015-11-12 11:45:50,485][com.java.TestType] [  468] -  str(2) = 6
[INFO ][2015-11-12 11:45:50,485][com.java.TestType] [  520] - row values are--------{1=com.java.Objects.TestDataDetails@887276, 2=com.java.Objects.TestDataDetails@179c7f7, 3=com.java.Objects.TestDataDetails@1bd3d6c, 4=com.java.Objects.TestDataDetails@1b7418, 5=com.java.Objects.TestDataDetails@88ee2, 6=com.java.Objects.TestDataDetails@1fbfd3a}
[INFO ][2015-11-12 11:45:50,485][com.java.TestType] [  468] -  str(1) = 1
[INFO ][2015-11-12 11:45:50,495][com.java.TestType] [  471] - Test case Id is---1
[INFO ][2015-11-12 11:45:50,495][com.java.TestType] [  473] - 1
[INFO ][2015-11-12 11:45:50,495][com.java.TestType] [  468] -  str(2) = 7
[INFO ][2015-11-12 11:45:50,495][com.java.TestType] [  520] - row values are--------{1=com.java.Objects.TestDataDetails@887276, 2=com.java.Objects.TestDataDetails@179c7f7, 3=com.java.Objects.TestDataDetails@1bd3d6c, 4=com.java.Objects.TestDataDetails@1b7418, 5=com.java.Objects.TestDataDetails@88ee2, 6=com.java.Objects.TestDataDetails@1fbfd3a, 7=com.java.Objects.TestDataDetails@18dbcee}
[INFO ][2015-11-12 11:45:50,495][com.java.TestType] [  468] -  str(1) = 1
[INFO ][2015-11-12 11:45:50,495][com.java.TestType] [  471] - Test case Id is---1
[INFO ][2015-11-12 11:45:50,495][com.java.TestType] [  473] - 1
[INFO ][2015-11-12 11:45:50,495][com.java.TestType] [  468] -  str(2) = 8
[INFO ][2015-11-12 11:45:50,495][com.java.TestType] [  520] - row values are--------{1=com.java.Objects.TestDataDetails@887276, 2=com.java.Objects.TestDataDetails@179c7f7, 3=com.java.Objects.TestDataDetails@1bd3d6c, 4=com.java.Objects.TestDataDetails@1b7418, 5=com.java.Objects.TestDataDetails@88ee2, 6=com.java.Objects.TestDataDetails@1fbfd3a, 7=com.java.Objects.TestDataDetails@18dbcee, 8=com.java.Objects.TestDataDetails@19bd330}
[INFO ][2015-11-12 11:45:50,495][com.java.TestType] [  468] -  str(1) = 1
[INFO ][2015-11-12 11:45:50,495][com.java.TestType] [  471] - Test case Id is---1
[INFO ][2015-11-12 11:45:50,495][com.java.TestType] [  473] - 1
[INFO ][2015-11-12 11:45:50,495][com.java.TestType] [  468] -  str(2) = 9
[INFO ][2015-11-12 11:45:50,495][com.java.TestType] [  520] - row values are--------{1=com.java.Objects.TestDataDetails@887276, 2=com.java.Objects.TestDataDetails@179c7f7, 3=com.java.Objects.TestDataDetails@1bd3d6c, 4=com.java.Objects.TestDataDetails@1b7418, 5=com.java.Objects.TestDataDetails@88ee2, 6=com.java.Objects.TestDataDetails@1fbfd3a, 7=com.java.Objects.TestDataDetails@18dbcee, 8=com.java.Objects.TestDataDetails@19bd330, 9=com.java.Objects.TestDataDetails@52c029}
[INFO ][2015-11-12 11:45:50,495][com.java.TestType] [  468] -  str(1) = 1
[INFO ][2015-11-12 11:45:50,495][com.java.TestType] [  471] - Test case Id is---1
[INFO ][2015-11-12 11:45:50,495][com.java.TestType] [  473] - 1
[INFO ][2015-11-12 11:45:50,495][com.java.TestType] [  468] -  str(2) = 10
[INFO ][2015-11-12 11:45:50,495][com.java.TestType] [  520] - row values are--------{1=com.java.Objects.TestDataDetails@887276, 2=com.java.Objects.TestDataDetails@179c7f7, 3=com.java.Objects.TestDataDetails@1bd3d6c, 4=com.java.Objects.TestDataDetails@1b7418, 5=com.java.Objects.TestDataDetails@88ee2, 6=com.java.Objects.TestDataDetails@1fbfd3a, 7=com.java.Objects.TestDataDetails@18dbcee, 8=com.java.Objects.TestDataDetails@19bd330, 9=com.java.Objects.TestDataDetails@52c029, 10=com.java.Objects.TestDataDetails@7b106}
[INFO ][2015-11-12 11:45:50,495][com.java.TestType] [  468] -  str(1) = 1
[INFO ][2015-11-12 11:45:50,495][com.java.TestType] [  471] - Test case Id is---1
[INFO ][2015-11-12 11:45:50,495][com.java.TestType] [  473] - 1
[INFO ][2015-11-12 11:45:50,495][com.java.TestType] [  468] -  str(2) = 11
[INFO ][2015-11-12 11:45:50,495][com.java.TestType] [  520] - row values are--------{1=com.java.Objects.TestDataDetails@887276, 2=com.java.Objects.TestDataDetails@179c7f7, 3=com.java.Objects.TestDataDetails@1bd3d6c, 4=com.java.Objects.TestDataDetails@1b7418, 5=com.java.Objects.TestDataDetails@88ee2, 6=com.java.Objects.TestDataDetails@1fbfd3a, 7=com.java.Objects.TestDataDetails@18dbcee, 8=com.java.Objects.TestDataDetails@19bd330, 9=com.java.Objects.TestDataDetails@52c029, 10=com.java.Objects.TestDataDetails@7b106, 11=com.java.Objects.TestDataDetails@1e8ce84}
[INFO ][2015-11-12 11:45:50,495][com.java.TestType] [  468] -  str(1) = 1
[INFO ][2015-11-12 11:45:50,495][com.java.TestType] [  471] - Test case Id is---1
[INFO ][2015-11-12 11:45:50,495][com.java.TestType] [  473] - 1
[INFO ][2015-11-12 11:45:50,495][com.java.TestType] [  468] -  str(2) = 12
[INFO ][2015-11-12 11:45:50,495][com.java.TestType] [  520] - row values are--------{1=com.java.Objects.TestDataDetails@887276, 2=com.java.Objects.TestDataDetails@179c7f7, 3=com.java.Objects.TestDataDetails@1bd3d6c, 4=com.java.Objects.TestDataDetails@1b7418, 5=com.java.Objects.TestDataDetails@88ee2, 6=com.java.Objects.TestDataDetails@1fbfd3a, 7=com.java.Objects.TestDataDetails@18dbcee, 8=com.java.Objects.TestDataDetails@19bd330, 9=com.java.Objects.TestDataDetails@52c029, 10=com.java.Objects.TestDataDetails@7b106, 11=com.java.Objects.TestDataDetails@1e8ce84, 12=com.java.Objects.TestDataDetails@1963cd1}
[INFO ][2015-11-12 11:45:50,495][com.java.TestType] [  468] -  str(1) = 1
[INFO ][2015-11-12 11:45:50,495][com.java.TestType] [  471] - Test case Id is---1
[INFO ][2015-11-12 11:45:50,495][com.java.TestType] [  473] - 1
[INFO ][2015-11-12 11:45:50,495][com.java.TestType] [  468] -  str(2) = 13
[INFO ][2015-11-12 11:45:50,495][com.java.TestType] [  520] - row values are--------{1=com.java.Objects.TestDataDetails@887276, 2=com.java.Objects.TestDataDetails@179c7f7, 3=com.java.Objects.TestDataDetails@1bd3d6c, 4=com.java.Objects.TestDataDetails@1b7418, 5=com.java.Objects.TestDataDetails@88ee2, 6=com.java.Objects.TestDataDetails@1fbfd3a, 7=com.java.Objects.TestDataDetails@18dbcee, 8=com.java.Objects.TestDataDetails@19bd330, 9=com.java.Objects.TestDataDetails@52c029, 10=com.java.Objects.TestDataDetails@7b106, 11=com.java.Objects.TestDataDetails@1e8ce84, 12=com.java.Objects.TestDataDetails@1963cd1, 13=com.java.Objects.TestDataDetails@9c66d2}
[INFO ][2015-11-12 11:45:50,495][com.java.TestType] [  468] -  str(1) = 1
[INFO ][2015-11-12 11:45:50,495][com.java.TestType] [  471] - Test case Id is---1
[INFO ][2015-11-12 11:45:50,495][com.java.TestType] [  473] - 1
[INFO ][2015-11-12 11:45:50,495][com.java.TestType] [  468] -  str(2) = 14
[INFO ][2015-11-12 11:45:50,495][com.java.TestType] [  520] - row values are--------{1=com.java.Objects.TestDataDetails@887276, 2=com.java.Objects.TestDataDetails@179c7f7, 3=com.java.Objects.TestDataDetails@1bd3d6c, 4=com.java.Objects.TestDataDetails@1b7418, 5=com.java.Objects.TestDataDetails@88ee2, 6=com.java.Objects.TestDataDetails@1fbfd3a, 7=com.java.Objects.TestDataDetails@18dbcee, 8=com.java.Objects.TestDataDetails@19bd330, 9=com.java.Objects.TestDataDetails@52c029, 10=com.java.Objects.TestDataDetails@7b106, 11=com.java.Objects.TestDataDetails@1e8ce84, 12=com.java.Objects.TestDataDetails@1963cd1, 13=com.java.Objects.TestDataDetails@9c66d2, 14=com.java.Objects.TestDataDetails@1a201ec}
[INFO ][2015-11-12 11:45:50,495][com.java.TestType] [ 8350] - Looping 1TCID = 1
[DEBUG][2015-11-12 11:45:50,495][com.java.TestType] [ 8391] - Concept ID:1 :: Step being Executed: 1::1
[INFO ][2015-11-12 11:45:50,495][com.java.TestType] [ 8429] - dataFields : TXTusername
[DEBUG][2015-11-12 11:45:50,495][com.java.TestType] [ 8435] - <In Set values of the page>
[DEBUG][2015-11-12 11:45:50,495][com.java.TestType] [ 8440] - {Data Fields & Data Values Exist}
[INFO ][2015-11-12 11:45:50,495][com.java.TestType] [ 8446] - --------------------------setting values-----------------------------
[INFO ][2015-11-12 11:45:50,495][com.java.TestType] [ 8449] - Action Type : CLEARANDENTER
[INFO ][2015-11-12 11:45:50,495][com.java.TestType] [ 4140] - value = naresh.nayini.00000
[INFO ][2015-11-12 11:45:55,317][com.java.TestType] [ 8468] -  RESULT true
[INFO ][2015-11-12 11:45:55,317][com.java.TestType] [ 8585] - ?   P A S S   ?
[DEBUG][2015-11-12 11:45:55,317][com.java.TestType] [ 8391] - Concept ID:1 :: Step being Executed: 1::2
[INFO ][2015-11-12 11:45:55,317][com.java.TestType] [ 8429] - dataFields : TXTpassword
[DEBUG][2015-11-12 11:45:55,317][com.java.TestType] [ 8435] - <In Set values of the page>
[DEBUG][2015-11-12 11:45:55,317][com.java.TestType] [ 8440] - {Data Fields & Data Values Exist}
[INFO ][2015-11-12 11:45:55,317][com.java.TestType] [ 8446] - --------------------------setting values-----------------------------
[INFO ][2015-11-12 11:45:55,317][com.java.TestType] [ 8449] - Action Type : CLEARANDENTER
[INFO ][2015-11-12 11:45:55,317][com.java.TestType] [ 4140] - value = Password1*
[INFO ][2015-11-12 11:46:00,234][com.java.TestType] [ 8468] -  RESULT true
[INFO ][2015-11-12 11:46:00,234][com.java.TestType] [ 8585] - ?   P A S S   ?
[DEBUG][2015-11-12 11:46:00,234][com.java.TestType] [ 8391] - Concept ID:1 :: Step being Executed: 1::3
[ERROR][2015-11-12 11:46:00,234][com.java.TestType] [ 8424] - Exception: null
[INFO ][2015-11-12 11:46:00,234][com.java.TestType] [ 8429] - dataFields : XPH//button[@type='submit']
[DEBUG][2015-11-12 11:46:00,234][com.java.TestType] [ 8435] - <In Set values of the page>
[DEBUG][2015-11-12 11:46:00,234][com.java.TestType] [ 8440] - {Data Fields & Data Values Exist}
[INFO ][2015-11-12 11:46:00,234][com.java.TestType] [ 8446] - --------------------------setting values-----------------------------
[INFO ][2015-11-12 11:46:00,234][com.java.TestType] [ 8449] - Action Type : Click
[INFO ][2015-11-12 11:46:00,234][com.java.TestType] [ 4453] - Field ::XPH//button[@type='submit']
[INFO ][2015-11-12 11:46:01,234][com.java.TestType] [ 4512] - BEFORE CLICK
[INFO ][2015-11-12 11:46:02,087][com.java.TestType] [ 4520] - Unable to click the object Login
[INFO ][2015-11-12 11:46:02,087][com.java.TestType] [ 8468] -  RESULT true
[INFO ][2015-11-12 11:46:02,087][com.java.TestType] [ 8585] - ?   P A S S   ?
[DEBUG][2015-11-12 11:46:02,087][com.java.TestType] [ 8391] - Concept ID:1 :: Step being Executed: 1::4
[INFO ][2015-11-12 11:46:02,087][com.java.TestType] [ 8429] - dataFields : LNKLogout
[DEBUG][2015-11-12 11:46:02,087][com.java.TestType] [ 8435] - <In Set values of the page>
[DEBUG][2015-11-12 11:46:02,087][com.java.TestType] [ 8440] - {Data Fields & Data Values Exist}
[INFO ][2015-11-12 11:46:02,087][com.java.TestType] [ 8446] - --------------------------setting values-----------------------------
[INFO ][2015-11-12 11:46:02,087][com.java.TestType] [ 8449] - Action Type : WaitForElement
[INFO ][2015-11-12 11:46:10,120][com.java.TestType] [ 8468] -  RESULT true
[INFO ][2015-11-12 11:46:10,120][com.java.TestType] [ 8585] - ?   P A S S   ?
[DEBUG][2015-11-12 11:46:10,120][com.java.TestType] [ 8391] - Concept ID:1 :: Step being Executed: 1::13
[INFO ][2015-11-12 11:46:10,120][com.java.TestType] [ 8429] - dataFields : LNK
[DEBUG][2015-11-12 11:46:10,120][com.java.TestType] [ 8435] - <In Set values of the page>
[DEBUG][2015-11-12 11:46:10,120][com.java.TestType] [ 8440] - {Data Fields & Data Values Exist}
[INFO ][2015-11-12 11:46:10,120][com.java.TestType] [ 8446] - --------------------------setting values-----------------------------
[INFO ][2015-11-12 11:46:10,120][com.java.TestType] [ 8449] - Action Type : Verify
[INFO ][2015-11-12 11:46:10,120][com.java.TestType] [ 5247] - field= LNK value= Logout
[INFO ][2015-11-12 11:46:10,120][com.java.TestType] [ 4140] - value = Logout
[INFO ][2015-11-12 11:46:10,161][com.java.TestType] [ 8468] -  RESULT true
[INFO ][2015-11-12 11:46:10,161][com.java.TestType] [ 8585] - ?   P A S S   ?
[DEBUG][2015-11-12 11:46:10,161][com.java.TestType] [ 8391] - Concept ID:1 :: Step being Executed: 1::14
[INFO ][2015-11-12 11:46:10,161][com.java.TestType] [ 8429] - dataFields : BTN
[DEBUG][2015-11-12 11:46:10,161][com.java.TestType] [ 8435] - <In Set values of the page>
[DEBUG][2015-11-12 11:46:10,161][com.java.TestType] [ 8440] - {Data Fields & Data Values Exist}
[INFO ][2015-11-12 11:46:10,161][com.java.TestType] [ 8446] - --------------------------setting values-----------------------------
[INFO ][2015-11-12 11:46:10,161][com.java.TestType] [ 8449] - Action Type : Verify
[INFO ][2015-11-12 11:46:10,161][com.java.TestType] [ 5247] - field= BTN value= //img[contains(@src,'bdlogo.jpg')]
[INFO ][2015-11-12 11:46:10,161][com.java.TestType] [ 4140] - value = //img[contains(@src,'bdlogo.jpg')]
[INFO ][2015-11-12 11:46:10,191][com.java.TestType] [ 8468] -  RESULT true
[INFO ][2015-11-12 11:46:10,191][com.java.TestType] [ 8585] - ?   P A S S   ?
[INFO ][2015-11-12 11:46:10,191][com.java.TestType] [ 8656] - Looping End......
[INFO ][2015-11-12 11:46:10,191][com.java.SeleniumDriver] [  869] -  RESULT true
[INFO ][2015-11-12 11:46:10,191][com.java.SeleniumDriver] [ 1074] - ?   P A S S   ?
[INFO ][2015-11-12 11:46:10,191][com.java.SeleniumDriver] [  796] - ------------------------------------------
[INFO ][2015-11-12 11:46:10,191][com.java.SeleniumDriver] [  797] - Test case being Executed: 1
[INFO ][2015-11-12 11:46:10,191][com.java.SeleniumDriver] [  808] - Test step:2
[INFO ][2015-11-12 11:46:10,191][com.java.SeleniumDriver] [  820] - Datavalue is----------Concept#2:1-2
[INFO ][2015-11-12 11:46:10,191][com.java.SeleniumDriver] [  844] - DataField : test
[INFO ][2015-11-12 11:46:10,191][com.java.SeleniumDriver] [  846] - DataValue : Concept#2:1-2
[INFO ][2015-11-12 11:46:10,191][com.java.SeleniumDriver] [  852] - <In Set values of the page>
[INFO ][2015-11-12 11:46:10,191][com.java.SeleniumDriver] [  855] - {Data Fields & Data Values Exist}
[INFO ][2015-11-12 11:46:10,191][com.java.SeleniumDriver] [  857] - --------------------------setting values-----------------------------
[INFO ][2015-11-12 11:46:10,191][com.java.SeleniumDriver] [  860] - Action Type : ExecuteTestCase
[INFO ][2015-11-12 11:46:10,191][com.java.TestType] [  423] - The Concept sheet name is ---------- Concept
[INFO ][2015-11-12 11:46:10,191][com.java.TestType] [  426] - The Concept ID  is ---------- 2
[DEBUG][2015-11-12 11:46:10,191][com.java.TestType] [  430] - Steps being executted in the Concept are: 1:2
[INFO ][2015-11-12 11:46:10,191][com.java.TestType] [  437] - Test data details path ---------- D:\BankersDashboard\TestInputs\TestData.xls
[INFO ][2015-11-12 11:46:10,221][com.java.TestType] [  468] -  str(1) = 2
[INFO ][2015-11-12 11:46:10,221][com.java.TestType] [  471] - Test case Id is---2
[INFO ][2015-11-12 11:46:10,221][com.java.TestType] [  473] - 2
[INFO ][2015-11-12 11:46:10,221][com.java.TestType] [  468] -  str(2) = 1
[INFO ][2015-11-12 11:46:10,221][com.java.TestType] [  520] - row values are--------{1=com.java.Objects.TestDataDetails@bc5203}
[INFO ][2015-11-12 11:46:10,221][com.java.TestType] [  468] -  str(1) = 2
[INFO ][2015-11-12 11:46:10,221][com.java.TestType] [  471] - Test case Id is---2
[INFO ][2015-11-12 11:46:10,221][com.java.TestType] [  473] - 2
[INFO ][2015-11-12 11:46:10,221][com.java.TestType] [  468] -  str(2) = 2
[INFO ][2015-11-12 11:46:10,221][com.java.TestType] [  520] - row values are--------{1=com.java.Objects.TestDataDetails@bc5203, 2=com.java.Objects.TestDataDetails@9812a3}
[INFO ][2015-11-12 11:46:10,221][com.java.TestType] [  468] -  str(1) = 2
[INFO ][2015-11-12 11:46:10,221][com.java.TestType] [  471] - Test case Id is---2
[INFO ][2015-11-12 11:46:10,221][com.java.TestType] [  473] - 2
[INFO ][2015-11-12 11:46:10,221][com.java.TestType] [  468] -  str(2) = 3
[INFO ][2015-11-12 11:46:10,221][com.java.TestType] [  520] - row values are--------{1=com.java.Objects.TestDataDetails@bc5203, 2=com.java.Objects.TestDataDetails@9812a3, 3=com.java.Objects.TestDataDetails@1d656be}
[INFO ][2015-11-12 11:46:10,221][com.java.TestType] [ 8350] - Looping 1TCID = 2
[DEBUG][2015-11-12 11:46:10,221][com.java.TestType] [ 8391] - Concept ID:2 :: Step being Executed: 2::1
[INFO ][2015-11-12 11:46:10,221][com.java.TestType] [ 8429] - dataFields : BNK//select[@id='bank']
[DEBUG][2015-11-12 11:46:10,221][com.java.TestType] [ 8435] - <In Set values of the page>
[DEBUG][2015-11-12 11:46:10,221][com.java.TestType] [ 8440] - {Data Fields & Data Values Exist}
[INFO ][2015-11-12 11:46:10,221][com.java.TestType] [ 8446] - --------------------------setting values-----------------------------
[INFO ][2015-11-12 11:46:10,221][com.java.TestType] [ 8449] - Action Type : Select
[INFO ][2015-11-12 11:46:10,221][com.java.TestType] [ 4140] - value = PFC
[INFO ][2015-11-12 11:46:10,411][com.java.TestType] [ 8468] -  RESULT true
[INFO ][2015-11-12 11:46:10,411][com.java.TestType] [ 8585] - ?   P A S S   ?
[DEBUG][2015-11-12 11:46:10,411][com.java.TestType] [ 8391] - Concept ID:2 :: Step being Executed: 2::2
[INFO ][2015-11-12 11:46:10,411][com.java.TestType] [ 8429] - dataFields : LNKLogout
[DEBUG][2015-11-12 11:46:10,411][com.java.TestType] [ 8435] - <In Set values of the page>
[DEBUG][2015-11-12 11:46:10,411][com.java.TestType] [ 8440] - {Data Fields & Data Values Exist}
[INFO ][2015-11-12 11:46:10,411][com.java.TestType] [ 8446] - --------------------------setting values-----------------------------
[INFO ][2015-11-12 11:46:10,411][com.java.TestType] [ 8449] - Action Type : WaitTime
[DEBUG][2015-11-12 11:46:10,411][com.java.TestType] [ 3975] - sleepTime: 5000
[INFO ][2015-11-12 11:46:15,414][com.java.TestType] [ 8468] -  RESULT true
[INFO ][2015-11-12 11:46:15,414][com.java.TestType] [ 8585] - ?   P A S S   ?
[INFO ][2015-11-12 11:46:15,414][com.java.TestType] [ 8656] - Looping End......
[INFO ][2015-11-12 11:46:15,414][com.java.SeleniumDriver] [  869] -  RESULT true
[INFO ][2015-11-12 11:46:15,414][com.java.SeleniumDriver] [ 1074] - ?   P A S S   ?
[INFO ][2015-11-12 11:46:15,414][com.java.SeleniumDriver] [  796] - ------------------------------------------
[INFO ][2015-11-12 11:46:15,414][com.java.SeleniumDriver] [  797] - Test case being Executed: 1
[INFO ][2015-11-12 11:46:15,414][com.java.SeleniumDriver] [  808] - Test step:3
[INFO ][2015-11-12 11:46:15,414][com.java.SeleniumDriver] [  820] - Datavalue is----------2
[INFO ][2015-11-12 11:46:15,414][com.java.SeleniumDriver] [  844] - DataField : XPH//button[contains(text(),'Add Content')]
[INFO ][2015-11-12 11:46:15,414][com.java.SeleniumDriver] [  846] - DataValue : 2
[INFO ][2015-11-12 11:46:15,414][com.java.SeleniumDriver] [  852] - <In Set values of the page>
[INFO ][2015-11-12 11:46:15,414][com.java.SeleniumDriver] [  855] - {Data Fields & Data Values Exist}
[INFO ][2015-11-12 11:46:15,414][com.java.SeleniumDriver] [  857] - --------------------------setting values-----------------------------
[INFO ][2015-11-12 11:46:15,414][com.java.SeleniumDriver] [  860] - Action Type : WAITFORELEMENT
[INFO ][2015-11-12 11:46:15,455][com.java.SeleniumDriver] [  869] -  RESULT true
[INFO ][2015-11-12 11:46:15,455][com.java.SeleniumDriver] [ 1074] - ?   P A S S   ?
[DEBUG][2015-11-12 11:46:15,455][com.java.SeleniumDriver] [ 1176] - Case found
[DEBUG][2015-11-12 11:46:15,455][com.java.SeleniumDriver] [ 1181] - Incrementing ReportCounters[0]:1
[INFO ][2015-11-12 11:46:15,455][com.java.SeleniumDriver] [ 1200] - The results are-------------------[1, 1, Valid Login, Pass, , Thu Nov 12 11:46:10 IST 2015, 1, 2, Valid Login, Pass, , Thu Nov 12 11:46:15 IST 2015, 1, 3, Valid Login, Pass, , Thu Nov 12 11:46:15 IST 2015]
[INFO ][2015-11-12 11:46:15,455][com.java.SeleniumDriver] [ 1204] - End time is-------38 sec
[INFO ][2015-11-12 11:46:15,455][com.java.SeleniumDriver] [ 1205] - The results are-------------------[1, 1, Valid Login, Pass, , Thu Nov 12 11:46:10 IST 2015, 1, 2, Valid Login, Pass, , Thu Nov 12 11:46:15 IST 2015, 1, 3, Valid Login, Pass, , Thu Nov 12 11:46:15 IST 2015]
[DEBUG][2015-11-12 11:46:15,455][com.java.ImportnExport.ExportTestResultsExcel] [  222] - testResultPath = D:\BankersDashboard/TestReports/Test Results_BankersDashBoard_111215_114538_IE11_Any Bank USA.xls
[DEBUG][2015-11-12 11:46:15,455][com.java.ImportnExport.ExportTestResultsExcel] [  223] - browser is------------IE11
[DEBUG][2015-11-12 11:46:15,505][com.java.ImportnExport.ExportTestResultsExcel] [  270] - result.size() = 18
[DEBUG][2015-11-12 11:46:15,505][com.java.ImportnExport.ExportTestResultsExcel] [  274] - No of rows in sheet=1
[DEBUG][2015-11-12 11:46:15,505][com.java.ImportnExport.ExportTestResultsExcel] [  301] - ..in export..1
[DEBUG][2015-11-12 11:46:15,505][com.java.ImportnExport.ExportTestResultsExcel] [  301] - ..in export..Valid Login
[DEBUG][2015-11-12 11:46:15,505][com.java.ImportnExport.ExportTestResultsExcel] [  301] - ..in export..Pass
[DEBUG][2015-11-12 11:46:15,505][com.java.ImportnExport.ExportTestResultsExcel] [  301] - ..in export..
[DEBUG][2015-11-12 11:46:15,505][com.java.ImportnExport.ExportTestResultsExcel] [  301] - ..in export..Thu Nov 12 11:46:10 IST 2015
[INFO ][2015-11-12 11:46:15,505][com.java.SeleniumDriver] [ 1263] - out loop:0 size:2 TestCases:[1, 3] testcases:[1, 3]
[INFO ][2015-11-12 11:46:15,505][com.java.ImportnExport.ImportTestDataDetailsExcel] [   49] - test data details path===== D:\BankersDashboard\TestInputs\TestData.xls
[INFO ][2015-11-12 11:46:38,021][com.java.SeleniumDriver] [  796] - ------------------------------------------
[INFO ][2015-11-12 11:46:38,021][com.java.SeleniumDriver] [  797] - Test case being Executed: 3
[INFO ][2015-11-12 11:46:38,021][com.java.SeleniumDriver] [  808] - Test step:1
[INFO ][2015-11-12 11:46:38,021][com.java.SeleniumDriver] [  820] - Datavalue is----------Logout
[INFO ][2015-11-12 11:46:38,021][com.java.SeleniumDriver] [  844] - DataField : BTN
[INFO ][2015-11-12 11:46:38,021][com.java.SeleniumDriver] [  846] - DataValue : Logout
[INFO ][2015-11-12 11:46:38,021][com.java.SeleniumDriver] [  852] - <In Set values of the page>
[INFO ][2015-11-12 11:46:38,021][com.java.SeleniumDriver] [  855] - {Data Fields & Data Values Exist}
[INFO ][2015-11-12 11:46:38,021][com.java.SeleniumDriver] [  857] - --------------------------setting values-----------------------------
[INFO ][2015-11-12 11:46:38,021][com.java.SeleniumDriver] [  860] - Action Type : Verify
[INFO ][2015-11-12 11:46:38,021][com.java.TestType] [ 5247] - field= BTN value= Logout
[INFO ][2015-11-12 11:46:38,021][com.java.TestType] [ 4140] - value = Logout
[INFO ][2015-11-12 11:46:38,052][com.java.SeleniumDriver] [  869] -  RESULT true
[INFO ][2015-11-12 11:46:38,052][com.java.SeleniumDriver] [ 1074] - ?   P A S S   ?
[INFO ][2015-11-12 11:46:38,052][com.java.SeleniumDriver] [ 1116] - step change to 3
[INFO ][2015-11-12 11:46:38,052][com.java.SeleniumDriver] [  796] - ------------------------------------------
[INFO ][2015-11-12 11:46:38,052][com.java.SeleniumDriver] [  797] - Test case being Executed: 3
[INFO ][2015-11-12 11:46:38,052][com.java.SeleniumDriver] [  808] - Test step:3
[INFO ][2015-11-12 11:46:38,052][com.java.SeleniumDriver] [  820] - Datavalue is----------Concept#2:1-2
[INFO ][2015-11-12 11:46:38,052][com.java.SeleniumDriver] [  844] - DataField : test
[INFO ][2015-11-12 11:46:38,052][com.java.SeleniumDriver] [  846] - DataValue : Concept#2:1-2
[INFO ][2015-11-12 11:46:38,052][com.java.SeleniumDriver] [  852] - <In Set values of the page>
[INFO ][2015-11-12 11:46:38,052][com.java.SeleniumDriver] [  855] - {Data Fields & Data Values Exist}
[INFO ][2015-11-12 11:46:38,052][com.java.SeleniumDriver] [  857] - --------------------------setting values-----------------------------
[INFO ][2015-11-12 11:46:38,052][com.java.SeleniumDriver] [  860] - Action Type : ExecuteTestCase
[INFO ][2015-11-12 11:46:38,052][com.java.TestType] [  423] - The Concept sheet name is ---------- Concept
[INFO ][2015-11-12 11:46:38,052][com.java.TestType] [  426] - The Concept ID  is ---------- 2
[DEBUG][2015-11-12 11:46:38,052][com.java.TestType] [  430] - Steps being executted in the Concept are: 1:2
[INFO ][2015-11-12 11:46:38,052][com.java.TestType] [  437] - Test data details path ---------- D:\BankersDashboard\TestInputs\TestData.xls
[INFO ][2015-11-12 11:46:38,082][com.java.TestType] [  468] -  str(1) = 2
[INFO ][2015-11-12 11:46:38,082][com.java.TestType] [  471] - Test case Id is---2
[INFO ][2015-11-12 11:46:38,082][com.java.TestType] [  473] - 2
[INFO ][2015-11-12 11:46:38,082][com.java.TestType] [  468] -  str(2) = 1
[INFO ][2015-11-12 11:46:38,082][com.java.TestType] [  520] - row values are--------{1=com.java.Objects.TestDataDetails@1d23619}
[INFO ][2015-11-12 11:46:38,082][com.java.TestType] [  468] -  str(1) = 2
[INFO ][2015-11-12 11:46:38,082][com.java.TestType] [  471] - Test case Id is---2
[INFO ][2015-11-12 11:46:38,082][com.java.TestType] [  473] - 2
[INFO ][2015-11-12 11:46:38,082][com.java.TestType] [  468] -  str(2) = 2
[INFO ][2015-11-12 11:46:38,082][com.java.TestType] [  520] - row values are--------{1=com.java.Objects.TestDataDetails@1d23619, 2=com.java.Objects.TestDataDetails@46708a}
[INFO ][2015-11-12 11:46:38,082][com.java.TestType] [  468] -  str(1) = 2
[INFO ][2015-11-12 11:46:38,082][com.java.TestType] [  471] - Test case Id is---2
[INFO ][2015-11-12 11:46:38,082][com.java.TestType] [  473] - 2
[INFO ][2015-11-12 11:46:38,082][com.java.TestType] [  468] -  str(2) = 3
[INFO ][2015-11-12 11:46:38,082][com.java.TestType] [  520] - row values are--------{1=com.java.Objects.TestDataDetails@1d23619, 2=com.java.Objects.TestDataDetails@46708a, 3=com.java.Objects.TestDataDetails@1cea4cc}
[INFO ][2015-11-12 11:46:38,082][com.java.TestType] [ 8350] - Looping 1TCID = 2
[DEBUG][2015-11-12 11:46:38,082][com.java.TestType] [ 8391] - Concept ID:2 :: Step being Executed: 2::1
[INFO ][2015-11-12 11:46:38,082][com.java.TestType] [ 8429] - dataFields : BNK//select[@id='bank']
[DEBUG][2015-11-12 11:46:38,082][com.java.TestType] [ 8435] - <In Set values of the page>
[DEBUG][2015-11-12 11:46:38,082][com.java.TestType] [ 8440] - {Data Fields & Data Values Exist}
[INFO ][2015-11-12 11:46:38,082][com.java.TestType] [ 8446] - --------------------------setting values-----------------------------
[INFO ][2015-11-12 11:46:38,082][com.java.TestType] [ 8449] - Action Type : Select
[INFO ][2015-11-12 11:46:38,082][com.java.TestType] [ 4140] - value = PFC
[INFO ][2015-11-12 11:46:38,272][com.java.TestType] [ 8468] -  RESULT true
[INFO ][2015-11-12 11:46:38,272][com.java.TestType] [ 8585] - ?   P A S S   ?
[DEBUG][2015-11-12 11:46:38,272][com.java.TestType] [ 8391] - Concept ID:2 :: Step being Executed: 2::2
[INFO ][2015-11-12 11:46:38,272][com.java.TestType] [ 8429] - dataFields : LNKLogout
[DEBUG][2015-11-12 11:46:38,272][com.java.TestType] [ 8435] - <In Set values of the page>
[DEBUG][2015-11-12 11:46:38,272][com.java.TestType] [ 8440] - {Data Fields & Data Values Exist}
[INFO ][2015-11-12 11:46:38,272][com.java.TestType] [ 8446] - --------------------------setting values-----------------------------
[INFO ][2015-11-12 11:46:38,272][com.java.TestType] [ 8449] - Action Type : WaitTime
[DEBUG][2015-11-12 11:46:38,272][com.java.TestType] [ 3975] - sleepTime: 5000
[INFO ][2015-11-12 11:46:43,272][com.java.TestType] [ 8468] -  RESULT true
[INFO ][2015-11-12 11:46:43,272][com.java.TestType] [ 8585] - ?   P A S S   ?
[INFO ][2015-11-12 11:46:43,272][com.java.TestType] [ 8656] - Looping End......
[INFO ][2015-11-12 11:46:43,272][com.java.SeleniumDriver] [  869] -  RESULT true
[INFO ][2015-11-12 11:46:43,272][com.java.SeleniumDriver] [ 1074] - ?   P A S S   ?
[INFO ][2015-11-12 11:46:43,272][com.java.SeleniumDriver] [  796] - ------------------------------------------
[INFO ][2015-11-12 11:46:43,272][com.java.SeleniumDriver] [  797] - Test case being Executed: 3
[INFO ][2015-11-12 11:46:43,272][com.java.SeleniumDriver] [  808] - Test step:4
[INFO ][2015-11-12 11:46:43,272][com.java.SeleniumDriver] [  820] - Datavalue is----------2
[INFO ][2015-11-12 11:46:43,272][com.java.SeleniumDriver] [  844] - DataField : BTNG/L
[INFO ][2015-11-12 11:46:43,272][com.java.SeleniumDriver] [  846] - DataValue : 2
[INFO ][2015-11-12 11:46:43,272][com.java.SeleniumDriver] [  852] - <In Set values of the page>
[INFO ][2015-11-12 11:46:43,272][com.java.SeleniumDriver] [  855] - {Data Fields & Data Values Exist}
[INFO ][2015-11-12 11:46:43,272][com.java.SeleniumDriver] [  857] - --------------------------setting values-----------------------------
[INFO ][2015-11-12 11:46:43,272][com.java.SeleniumDriver] [  860] - Action Type : WAITFORELEMENT
[INFO ][2015-11-12 11:46:43,323][com.java.SeleniumDriver] [  869] -  RESULT true
[INFO ][2015-11-12 11:46:43,323][com.java.SeleniumDriver] [ 1074] - ?   P A S S   ?
[INFO ][2015-11-12 11:46:43,323][com.java.SeleniumDriver] [  796] - ------------------------------------------
[INFO ][2015-11-12 11:46:43,323][com.java.SeleniumDriver] [  797] - Test case being Executed: 3
[INFO ][2015-11-12 11:46:43,323][com.java.SeleniumDriver] [  808] - Test step:5
[INFO ][2015-11-12 11:46:43,323][com.java.SeleniumDriver] [  820] - Datavalue is----------null
[DEBUG][2015-11-12 11:46:43,323][com.java.SeleniumDriver] [  838] - Exception: null
[INFO ][2015-11-12 11:46:43,323][com.java.SeleniumDriver] [  844] - DataField : //span[@class="icon-coin"]&&//a[text()='Summaries']&&//a[@data-id="ExecutiveSummary"]
[INFO ][2015-11-12 11:46:43,323][com.java.SeleniumDriver] [  846] - DataValue : 
[INFO ][2015-11-12 11:46:43,323][com.java.SeleniumDriver] [  852] - <In Set values of the page>
[INFO ][2015-11-12 11:46:43,323][com.java.SeleniumDriver] [  855] - {Data Fields & Data Values Exist}
[INFO ][2015-11-12 11:46:43,323][com.java.SeleniumDriver] [  857] - --------------------------setting values-----------------------------
[INFO ][2015-11-12 11:46:43,323][com.java.SeleniumDriver] [  860] - Action Type : MOUSEOVER
[INFO ][2015-11-12 11:47:15,537][com.java.SeleniumDriver] [  869] -  RESULT true
[INFO ][2015-11-12 11:47:15,537][com.java.SeleniumDriver] [ 1074] - ?   P A S S   ?
[INFO ][2015-11-12 11:47:15,537][com.java.SeleniumDriver] [  796] - ------------------------------------------
[INFO ][2015-11-12 11:47:15,537][com.java.SeleniumDriver] [  797] - Test case being Executed: 3
[INFO ][2015-11-12 11:47:15,537][com.java.SeleniumDriver] [  808] - Test step:6
[INFO ][2015-11-12 11:47:15,537][com.java.SeleniumDriver] [  820] - Datavalue is----------3
[INFO ][2015-11-12 11:47:15,537][com.java.SeleniumDriver] [  844] - DataField : XPH//span[contains(text(),'Show Report')]
[INFO ][2015-11-12 11:47:15,537][com.java.SeleniumDriver] [  846] - DataValue : 3
[INFO ][2015-11-12 11:47:15,537][com.java.SeleniumDriver] [  852] - <In Set values of the page>
[INFO ][2015-11-12 11:47:15,537][com.java.SeleniumDriver] [  855] - {Data Fields & Data Values Exist}
[INFO ][2015-11-12 11:47:15,537][com.java.SeleniumDriver] [  857] - --------------------------setting values-----------------------------
[INFO ][2015-11-12 11:47:15,537][com.java.SeleniumDriver] [  860] - Action Type : WAITFORELEMENT
[INFO ][2015-11-12 11:47:15,568][com.java.SeleniumDriver] [  869] -  RESULT true
[INFO ][2015-11-12 11:47:15,568][com.java.SeleniumDriver] [ 1074] - ?   P A S S   ?
[INFO ][2015-11-12 11:47:15,568][com.java.SeleniumDriver] [  796] - ------------------------------------------
[INFO ][2015-11-12 11:47:15,568][com.java.SeleniumDriver] [  797] - Test case being Executed: 3
[INFO ][2015-11-12 11:47:15,568][com.java.SeleniumDriver] [  808] - Test step:7
[INFO ][2015-11-12 11:47:15,568][com.java.SeleniumDriver] [  820] - Datavalue is----------3
[INFO ][2015-11-12 11:47:15,568][com.java.SeleniumDriver] [  844] - DataField : BTNframeDialogContent
[INFO ][2015-11-12 11:47:15,568][com.java.SeleniumDriver] [  846] - DataValue : 3
[INFO ][2015-11-12 11:47:15,568][com.java.SeleniumDriver] [  852] - <In Set values of the page>
[INFO ][2015-11-12 11:47:15,568][com.java.SeleniumDriver] [  855] - {Data Fields & Data Values Exist}
[INFO ][2015-11-12 11:47:15,568][com.java.SeleniumDriver] [  857] - --------------------------setting values-----------------------------
[INFO ][2015-11-12 11:47:15,568][com.java.SeleniumDriver] [  860] - Action Type : WAITFORELEMENT
[INFO ][2015-11-12 11:47:16,758][com.java.SeleniumDriver] [  869] -  RESULT true
[INFO ][2015-11-12 11:47:16,758][com.java.SeleniumDriver] [ 1074] - ?   P A S S   ?
[INFO ][2015-11-12 11:47:16,758][com.java.SeleniumDriver] [  796] - ------------------------------------------
[INFO ][2015-11-12 11:47:16,758][com.java.SeleniumDriver] [  797] - Test case being Executed: 3
[INFO ][2015-11-12 11:47:16,758][com.java.SeleniumDriver] [  808] - Test step:8
[INFO ][2015-11-12 11:47:16,758][com.java.SeleniumDriver] [  820] - Datavalue is----------Executive Summary
[INFO ][2015-11-12 11:47:16,758][com.java.SeleniumDriver] [  844] - DataField : XPH//div[contains(@class,'ui-dialog-titlebar')]/span[@class="ui-dialog-title"]
[INFO ][2015-11-12 11:47:16,758][com.java.SeleniumDriver] [  846] - DataValue : Executive Summary
[INFO ][2015-11-12 11:47:16,758][com.java.SeleniumDriver] [  852] - <In Set values of the page>
[INFO ][2015-11-12 11:47:16,758][com.java.SeleniumDriver] [  855] - {Data Fields & Data Values Exist}
[INFO ][2015-11-12 11:47:16,758][com.java.SeleniumDriver] [  857] - --------------------------setting values-----------------------------
[INFO ][2015-11-12 11:47:16,758][com.java.SeleniumDriver] [  860] - Action Type : VERIFY
[INFO ][2015-11-12 11:47:16,758][com.java.TestType] [ 5247] - field= XPH//div[contains(@class,'ui-dialog-titlebar')]/span[@class="ui-dialog-title"] value= Executive Summary
[INFO ][2015-11-12 11:47:16,758][com.java.TestType] [ 4140] - value = Executive Summary
