[INFO ][2015-12-22 17:33:37,048][com.java.SeleniumDriver] [  213] - Execute Failed Casesfalse
[INFO ][2015-12-22 17:33:37,048][com.java.SeleniumDriver] [  214] - Browser: IE10
[INFO ][2015-12-22 17:33:37,048][com.java.SeleniumDriver] [  215] - [17]
[INFO ][2015-12-22 17:33:37,048][com.java.SeleniumDriver] [  216] - Total TestCases:1
[INFO ][2015-12-22 17:33:37,049][com.java.SeleniumDriver] [  217] -  Reading Properties from Property File 
[DEBUG][2015-12-22 17:33:37,049][com.java.SeleniumDriver] [  238] - url : https://clients-xuat.bankersdashboard.com
[INFO ][2015-12-22 17:33:37,050][com.java.ImportnExport.ExportTestResultsExcel] [  116] - Time Stamp Tue Dec 22 05:33:37 IST 2015
[INFO ][2015-12-22 17:33:37,050][com.java.ImportnExport.ExportTestResultsExcel] [  175] - OUT FILE : D:\BankersDashboard/TestReports/Test Results_BankersDashBoard_122215_173337_IE10_Bank of North Carolina.xls
[INFO ][2015-12-22 17:33:37,081][com.java.ImportnExport.ExportTestResultsExcel] [  180] - Test Result file is created
[DEBUG][2015-12-22 17:33:37,186][com.java.SeleniumDriver] [  426] - Hub ip address is-------172.17.68.34
[INFO ][2015-12-22 17:33:37,187][com.java.SeleniumDriver] [  452] - Grid URL:http://172.17.68.34:4444/wd/hub
[INFO ][2015-12-22 17:33:37,187][com.java.SeleniumDriver] [  453] - Capability:Capabilities [{platform=ANY, ensureCleanSession=true, ignoreProtectedModeSettings=true, acceptSslCerts=true, ignoreZoomSetting=true, browserName=internet explorer, browserstack.ie.noFlash=true, version=null}]
[ERROR][2015-12-22 17:33:38,510][com.java.SeleniumDriver] [  497] - Unable invoke browser in grid:Could not start a new session. Possible causes are invalid address of the remote server or browser start-up failure.
Build info: version: '2.48.2', revision: '41bccdd', time: '2015-10-09 19:59:12'
System info: host: 'FVTIII438F1D', ip: '172.17.68.34', os.name: 'Windows 7', os.arch: 'x86', os.version: '6.1', java.version: '1.7.0_55'
Driver info: driver.version: SeleniumDriver
[INFO ][2015-12-22 17:33:38,510][com.java.SeleniumDriver] [  499] - Executing on local machine
[INFO ][2015-12-22 17:33:48,984][com.java.SeleniumDriver] [  248] - IE10is opened
[INFO ][2015-12-22 17:33:49,825][com.java.SeleniumDriver] [  754] - Test cases to be executed are: [17]
[INFO ][2015-12-22 17:33:49,849][com.java.ImportnExport.ImportTestDataDetailsExcel] [   49] - test data details path===== D:\BankersDashboard\TestInputs\TestData.xls
[INFO ][2015-12-22 17:33:49,944][com.java.SeleniumDriver] [  821] - ------------------------------------------
[INFO ][2015-12-22 17:33:49,945][com.java.SeleniumDriver] [  822] - Test case being Executed: 17
[INFO ][2015-12-22 17:33:49,945][com.java.SeleniumDriver] [  833] - Test step:1
[INFO ][2015-12-22 17:33:49,945][com.java.SeleniumDriver] [  845] - Datavalue is----------Logout
[INFO ][2015-12-22 17:33:49,945][com.java.SeleniumDriver] [  869] - DataField : BTN
[INFO ][2015-12-22 17:33:49,945][com.java.SeleniumDriver] [  871] - DataValue : Logout
[INFO ][2015-12-22 17:33:49,945][com.java.SeleniumDriver] [  877] - <In Set values of the page>
[INFO ][2015-12-22 17:33:49,945][com.java.SeleniumDriver] [  880] - {Data Fields & Data Values Exist}
[INFO ][2015-12-22 17:33:49,945][com.java.SeleniumDriver] [  882] - --------------------------setting values-----------------------------
[INFO ][2015-12-22 17:33:49,946][com.java.SeleniumDriver] [  885] - Action Type : Verify
[INFO ][2015-12-22 17:33:49,964][com.java.TestType] [ 6946] - field= BTN value= Logout
[INFO ][2015-12-22 17:33:49,966][com.java.TestType] [ 5596] - value = Logout
[DEBUG][2015-12-22 17:34:26,079][com.java.TestType] [ 6607] - Logout   :: Element not Found
[ERROR][2015-12-22 17:34:43,132][com.java.TestType] [ 7659] - Assertion Error: 
[INFO ][2015-12-22 17:34:43,133][com.java.SeleniumDriver] [  894] -  RESULT false
[INFO ][2015-12-22 17:34:43,133][com.java.SeleniumDriver] [  941] - ?   F A I L   ?
[INFO ][2015-12-22 17:34:43,133][com.java.SeleniumDriver] [  949] - Browser Type : IE10
[INFO ][2015-12-22 17:34:43,133][com.java.SeleniumDriver] [  950] - Adding Failed case17
[DEBUG][2015-12-22 17:34:43,743][com.java.SeleniumDriver] [ 1018] -  tdd.getCondition() IF:Next:3
[INFO ][2015-12-22 17:34:43,743][com.java.SeleniumDriver] [ 1027] - step change to 3
[INFO ][2015-12-22 17:34:43,744][com.java.SeleniumDriver] [  821] - ------------------------------------------
[INFO ][2015-12-22 17:34:43,744][com.java.SeleniumDriver] [  822] - Test case being Executed: 17
[INFO ][2015-12-22 17:34:43,744][com.java.SeleniumDriver] [  833] - Test step:3
[INFO ][2015-12-22 17:34:43,744][com.java.SeleniumDriver] [  845] - Datavalue is----------Concept#1:1-2
[INFO ][2015-12-22 17:34:43,744][com.java.SeleniumDriver] [  869] - DataField : test
[INFO ][2015-12-22 17:34:43,744][com.java.SeleniumDriver] [  871] - DataValue : Concept#1:1-2
[INFO ][2015-12-22 17:34:43,744][com.java.SeleniumDriver] [  877] - <In Set values of the page>
[INFO ][2015-12-22 17:34:43,744][com.java.SeleniumDriver] [  880] - {Data Fields & Data Values Exist}
[INFO ][2015-12-22 17:34:43,744][com.java.SeleniumDriver] [  882] - --------------------------setting values-----------------------------
[INFO ][2015-12-22 17:34:43,744][com.java.SeleniumDriver] [  885] - Action Type : ExecuteTestCase
[INFO ][2015-12-22 17:34:43,745][com.java.TestType] [  437] - The Concept sheet name is ---------- Concept
[INFO ][2015-12-22 17:34:43,745][com.java.TestType] [  440] - The Concept ID  is ---------- 1
[DEBUG][2015-12-22 17:34:43,745][com.java.TestType] [  444] - Steps being executted in the Concept are: 1:2
[INFO ][2015-12-22 17:34:43,745][com.java.TestType] [  451] - Test data details path ---------- D:\BankersDashboard\TestInputs\TestData.xls
[INFO ][2015-12-22 17:34:43,774][com.java.TestType] [  482] -  str(1) = 1
[INFO ][2015-12-22 17:34:43,774][com.java.TestType] [  485] - Test case Id is---1
[INFO ][2015-12-22 17:34:43,775][com.java.TestType] [  487] - 1
[INFO ][2015-12-22 17:34:43,775][com.java.TestType] [  482] -  str(2) = 1
[INFO ][2015-12-22 17:34:43,777][com.java.TestType] [  534] - row values are--------{1=com.java.Objects.TestDataDetails@1780b07}
[INFO ][2015-12-22 17:34:43,777][com.java.TestType] [  482] -  str(1) = 1
[INFO ][2015-12-22 17:34:43,777][com.java.TestType] [  485] - Test case Id is---1
[INFO ][2015-12-22 17:34:43,777][com.java.TestType] [  487] - 1
[INFO ][2015-12-22 17:34:43,777][com.java.TestType] [  482] -  str(2) = 2
[INFO ][2015-12-22 17:34:43,779][com.java.TestType] [  534] - row values are--------{1=com.java.Objects.TestDataDetails@1780b07, 2=com.java.Objects.TestDataDetails@1684e94}
[INFO ][2015-12-22 17:34:43,779][com.java.TestType] [  482] -  str(1) = 1
[INFO ][2015-12-22 17:34:43,779][com.java.TestType] [  485] - Test case Id is---1
[INFO ][2015-12-22 17:34:43,780][com.java.TestType] [  487] - 1
[INFO ][2015-12-22 17:34:43,780][com.java.TestType] [  482] -  str(2) = 3
[INFO ][2015-12-22 17:34:43,780][com.java.TestType] [  534] - row values are--------{1=com.java.Objects.TestDataDetails@1780b07, 2=com.java.Objects.TestDataDetails@1684e94, 3=com.java.Objects.TestDataDetails@1f22b2c}
[INFO ][2015-12-22 17:34:43,781][com.java.TestType] [  482] -  str(1) = 1
[INFO ][2015-12-22 17:34:43,781][com.java.TestType] [  485] - Test case Id is---1
[INFO ][2015-12-22 17:34:43,781][com.java.TestType] [  487] - 1
[INFO ][2015-12-22 17:34:43,781][com.java.TestType] [  482] -  str(2) = 4
[INFO ][2015-12-22 17:34:43,782][com.java.TestType] [  534] - row values are--------{1=com.java.Objects.TestDataDetails@1780b07, 2=com.java.Objects.TestDataDetails@1684e94, 3=com.java.Objects.TestDataDetails@1f22b2c, 4=com.java.Objects.TestDataDetails@1ddcf4e}
[INFO ][2015-12-22 17:34:43,782][com.java.TestType] [  482] -  str(1) = 1
[INFO ][2015-12-22 17:34:43,782][com.java.TestType] [  485] - Test case Id is---1
[INFO ][2015-12-22 17:34:43,782][com.java.TestType] [  487] - 1
[INFO ][2015-12-22 17:34:43,782][com.java.TestType] [  482] -  str(2) = 5
[INFO ][2015-12-22 17:34:43,783][com.java.TestType] [  534] - row values are--------{1=com.java.Objects.TestDataDetails@1780b07, 2=com.java.Objects.TestDataDetails@1684e94, 3=com.java.Objects.TestDataDetails@1f22b2c, 4=com.java.Objects.TestDataDetails@1ddcf4e, 5=com.java.Objects.TestDataDetails@21767f}
[INFO ][2015-12-22 17:34:43,783][com.java.TestType] [  482] -  str(1) = 1
[INFO ][2015-12-22 17:34:43,783][com.java.TestType] [  485] - Test case Id is---1
[INFO ][2015-12-22 17:34:43,783][com.java.TestType] [  487] - 1
[INFO ][2015-12-22 17:34:43,783][com.java.TestType] [  482] -  str(2) = 6
[INFO ][2015-12-22 17:34:43,784][com.java.TestType] [  534] - row values are--------{1=com.java.Objects.TestDataDetails@1780b07, 2=com.java.Objects.TestDataDetails@1684e94, 3=com.java.Objects.TestDataDetails@1f22b2c, 4=com.java.Objects.TestDataDetails@1ddcf4e, 5=com.java.Objects.TestDataDetails@21767f, 6=com.java.Objects.TestDataDetails@1e0f13a}
[INFO ][2015-12-22 17:34:43,784][com.java.TestType] [  482] -  str(1) = 1
[INFO ][2015-12-22 17:34:43,784][com.java.TestType] [  485] - Test case Id is---1
[INFO ][2015-12-22 17:34:43,784][com.java.TestType] [  487] - 1
[INFO ][2015-12-22 17:34:43,784][com.java.TestType] [  482] -  str(2) = 7
[INFO ][2015-12-22 17:34:43,785][com.java.TestType] [  534] - row values are--------{1=com.java.Objects.TestDataDetails@1780b07, 2=com.java.Objects.TestDataDetails@1684e94, 3=com.java.Objects.TestDataDetails@1f22b2c, 4=com.java.Objects.TestDataDetails@1ddcf4e, 5=com.java.Objects.TestDataDetails@21767f, 6=com.java.Objects.TestDataDetails@1e0f13a, 7=com.java.Objects.TestDataDetails@83e733}
[INFO ][2015-12-22 17:34:43,785][com.java.TestType] [  482] -  str(1) = 1
[INFO ][2015-12-22 17:34:43,785][com.java.TestType] [  485] - Test case Id is---1
[INFO ][2015-12-22 17:34:43,785][com.java.TestType] [  487] - 1
[INFO ][2015-12-22 17:34:43,785][com.java.TestType] [  482] -  str(2) = 8
[INFO ][2015-12-22 17:34:43,786][com.java.TestType] [  534] - row values are--------{1=com.java.Objects.TestDataDetails@1780b07, 2=com.java.Objects.TestDataDetails@1684e94, 3=com.java.Objects.TestDataDetails@1f22b2c, 4=com.java.Objects.TestDataDetails@1ddcf4e, 5=com.java.Objects.TestDataDetails@21767f, 6=com.java.Objects.TestDataDetails@1e0f13a, 7=com.java.Objects.TestDataDetails@83e733, 8=com.java.Objects.TestDataDetails@bdcad4}
[INFO ][2015-12-22 17:34:43,786][com.java.TestType] [  482] -  str(1) = 1
[INFO ][2015-12-22 17:34:43,786][com.java.TestType] [  485] - Test case Id is---1
[INFO ][2015-12-22 17:34:43,786][com.java.TestType] [  487] - 1
[INFO ][2015-12-22 17:34:43,787][com.java.TestType] [  482] -  str(2) = 9
[INFO ][2015-12-22 17:34:43,788][com.java.TestType] [  534] - row values are--------{1=com.java.Objects.TestDataDetails@1780b07, 2=com.java.Objects.TestDataDetails@1684e94, 3=com.java.Objects.TestDataDetails@1f22b2c, 4=com.java.Objects.TestDataDetails@1ddcf4e, 5=com.java.Objects.TestDataDetails@21767f, 6=com.java.Objects.TestDataDetails@1e0f13a, 7=com.java.Objects.TestDataDetails@83e733, 8=com.java.Objects.TestDataDetails@bdcad4, 9=com.java.Objects.TestDataDetails@1a44394}
[INFO ][2015-12-22 17:34:43,788][com.java.TestType] [  482] -  str(1) = 1
[INFO ][2015-12-22 17:34:43,788][com.java.TestType] [  485] - Test case Id is---1
[INFO ][2015-12-22 17:34:43,788][com.java.TestType] [  487] - 1
[INFO ][2015-12-22 17:34:43,788][com.java.TestType] [  482] -  str(2) = 10
[INFO ][2015-12-22 17:34:43,789][com.java.TestType] [  534] - row values are--------{1=com.java.Objects.TestDataDetails@1780b07, 2=com.java.Objects.TestDataDetails@1684e94, 3=com.java.Objects.TestDataDetails@1f22b2c, 4=com.java.Objects.TestDataDetails@1ddcf4e, 5=com.java.Objects.TestDataDetails@21767f, 6=com.java.Objects.TestDataDetails@1e0f13a, 7=com.java.Objects.TestDataDetails@83e733, 8=com.java.Objects.TestDataDetails@bdcad4, 9=com.java.Objects.TestDataDetails@1a44394, 10=com.java.Objects.TestDataDetails@18b2a9a}
[INFO ][2015-12-22 17:34:43,789][com.java.TestType] [  482] -  str(1) = 1
[INFO ][2015-12-22 17:34:43,789][com.java.TestType] [  485] - Test case Id is---1
[INFO ][2015-12-22 17:34:43,789][com.java.TestType] [  487] - 1
[INFO ][2015-12-22 17:34:43,789][com.java.TestType] [  482] -  str(2) = 11
[INFO ][2015-12-22 17:34:43,790][com.java.TestType] [  534] - row values are--------{1=com.java.Objects.TestDataDetails@1780b07, 2=com.java.Objects.TestDataDetails@1684e94, 3=com.java.Objects.TestDataDetails@1f22b2c, 4=com.java.Objects.TestDataDetails@1ddcf4e, 5=com.java.Objects.TestDataDetails@21767f, 6=com.java.Objects.TestDataDetails@1e0f13a, 7=com.java.Objects.TestDataDetails@83e733, 8=com.java.Objects.TestDataDetails@bdcad4, 9=com.java.Objects.TestDataDetails@1a44394, 10=com.java.Objects.TestDataDetails@18b2a9a, 11=com.java.Objects.TestDataDetails@135f282}
[INFO ][2015-12-22 17:34:43,790][com.java.TestType] [  482] -  str(1) = 1
[INFO ][2015-12-22 17:34:43,790][com.java.TestType] [  485] - Test case Id is---1
[INFO ][2015-12-22 17:34:43,790][com.java.TestType] [  487] - 1
[INFO ][2015-12-22 17:34:43,790][com.java.TestType] [  482] -  str(2) = 12
[INFO ][2015-12-22 17:34:43,791][com.java.TestType] [  534] - row values are--------{1=com.java.Objects.TestDataDetails@1780b07, 2=com.java.Objects.TestDataDetails@1684e94, 3=com.java.Objects.TestDataDetails@1f22b2c, 4=com.java.Objects.TestDataDetails@1ddcf4e, 5=com.java.Objects.TestDataDetails@21767f, 6=com.java.Objects.TestDataDetails@1e0f13a, 7=com.java.Objects.TestDataDetails@83e733, 8=com.java.Objects.TestDataDetails@bdcad4, 9=com.java.Objects.TestDataDetails@1a44394, 10=com.java.Objects.TestDataDetails@18b2a9a, 11=com.java.Objects.TestDataDetails@135f282, 12=com.java.Objects.TestDataDetails@1acd90a}
[INFO ][2015-12-22 17:34:43,791][com.java.TestType] [  482] -  str(1) = 1
[INFO ][2015-12-22 17:34:43,791][com.java.TestType] [  485] - Test case Id is---1
[INFO ][2015-12-22 17:34:43,791][com.java.TestType] [  487] - 1
[INFO ][2015-12-22 17:34:43,792][com.java.TestType] [  482] -  str(2) = 13
[INFO ][2015-12-22 17:34:43,793][com.java.TestType] [  534] - row values are--------{1=com.java.Objects.TestDataDetails@1780b07, 2=com.java.Objects.TestDataDetails@1684e94, 3=com.java.Objects.TestDataDetails@1f22b2c, 4=com.java.Objects.TestDataDetails@1ddcf4e, 5=com.java.Objects.TestDataDetails@21767f, 6=com.java.Objects.TestDataDetails@1e0f13a, 7=com.java.Objects.TestDataDetails@83e733, 8=com.java.Objects.TestDataDetails@bdcad4, 9=com.java.Objects.TestDataDetails@1a44394, 10=com.java.Objects.TestDataDetails@18b2a9a, 11=com.java.Objects.TestDataDetails@135f282, 12=com.java.Objects.TestDataDetails@1acd90a, 13=com.java.Objects.TestDataDetails@185576}
[INFO ][2015-12-22 17:34:43,793][com.java.TestType] [  482] -  str(1) = 1
[INFO ][2015-12-22 17:34:43,793][com.java.TestType] [  485] - Test case Id is---1
[INFO ][2015-12-22 17:34:43,793][com.java.TestType] [  487] - 1
[INFO ][2015-12-22 17:34:43,794][com.java.TestType] [  482] -  str(2) = 14
[INFO ][2015-12-22 17:34:43,794][com.java.TestType] [  534] - row values are--------{1=com.java.Objects.TestDataDetails@1780b07, 2=com.java.Objects.TestDataDetails@1684e94, 3=com.java.Objects.TestDataDetails@1f22b2c, 4=com.java.Objects.TestDataDetails@1ddcf4e, 5=com.java.Objects.TestDataDetails@21767f, 6=com.java.Objects.TestDataDetails@1e0f13a, 7=com.java.Objects.TestDataDetails@83e733, 8=com.java.Objects.TestDataDetails@bdcad4, 9=com.java.Objects.TestDataDetails@1a44394, 10=com.java.Objects.TestDataDetails@18b2a9a, 11=com.java.Objects.TestDataDetails@135f282, 12=com.java.Objects.TestDataDetails@1acd90a, 13=com.java.Objects.TestDataDetails@185576, 14=com.java.Objects.TestDataDetails@1d3dd34}
[INFO ][2015-12-22 17:34:43,794][com.java.TestType] [  482] -  str(1) = 1
[INFO ][2015-12-22 17:34:43,795][com.java.TestType] [  485] - Test case Id is---1
[INFO ][2015-12-22 17:34:43,795][com.java.TestType] [  487] - 1
[INFO ][2015-12-22 17:34:43,795][com.java.TestType] [  482] -  str(2) = 15
[INFO ][2015-12-22 17:34:43,796][com.java.TestType] [  534] - row values are--------{1=com.java.Objects.TestDataDetails@1780b07, 2=com.java.Objects.TestDataDetails@1684e94, 3=com.java.Objects.TestDataDetails@1f22b2c, 4=com.java.Objects.TestDataDetails@1ddcf4e, 5=com.java.Objects.TestDataDetails@21767f, 6=com.java.Objects.TestDataDetails@1e0f13a, 7=com.java.Objects.TestDataDetails@83e733, 8=com.java.Objects.TestDataDetails@bdcad4, 9=com.java.Objects.TestDataDetails@1a44394, 10=com.java.Objects.TestDataDetails@18b2a9a, 11=com.java.Objects.TestDataDetails@135f282, 12=com.java.Objects.TestDataDetails@1acd90a, 13=com.java.Objects.TestDataDetails@185576, 14=com.java.Objects.TestDataDetails@1d3dd34, 15=com.java.Objects.TestDataDetails@1c7f72d}
[INFO ][2015-12-22 17:34:43,796][com.java.TestType] [  482] -  str(1) = 1
[INFO ][2015-12-22 17:34:43,796][com.java.TestType] [  485] - Test case Id is---1
[INFO ][2015-12-22 17:34:43,796][com.java.TestType] [  487] - 1
[INFO ][2015-12-22 17:34:43,798][com.java.TestType] [  482] -  str(2) = 16
[INFO ][2015-12-22 17:34:43,799][com.java.TestType] [  534] - row values are--------{1=com.java.Objects.TestDataDetails@1780b07, 2=com.java.Objects.TestDataDetails@1684e94, 3=com.java.Objects.TestDataDetails@1f22b2c, 4=com.java.Objects.TestDataDetails@1ddcf4e, 5=com.java.Objects.TestDataDetails@21767f, 6=com.java.Objects.TestDataDetails@1e0f13a, 7=com.java.Objects.TestDataDetails@83e733, 8=com.java.Objects.TestDataDetails@bdcad4, 9=com.java.Objects.TestDataDetails@1a44394, 10=com.java.Objects.TestDataDetails@18b2a9a, 11=com.java.Objects.TestDataDetails@135f282, 12=com.java.Objects.TestDataDetails@1acd90a, 13=com.java.Objects.TestDataDetails@185576, 14=com.java.Objects.TestDataDetails@1d3dd34, 15=com.java.Objects.TestDataDetails@1c7f72d, 16=com.java.Objects.TestDataDetails@8aa935}
[INFO ][2015-12-22 17:34:43,799][com.java.TestType] [10274] - Looping 1TCID = 1
[DEBUG][2015-12-22 17:34:43,799][com.java.TestType] [10315] - Concept ID:1 :: Step being Executed: 1::1
[INFO ][2015-12-22 17:34:43,799][com.java.TestType] [10353] - dataFields : TXTusername
[DEBUG][2015-12-22 17:34:43,799][com.java.TestType] [10359] - <In Set values of the page>
[DEBUG][2015-12-22 17:34:43,799][com.java.TestType] [10364] - {Data Fields & Data Values Exist}
[INFO ][2015-12-22 17:34:43,799][com.java.TestType] [10370] - --------------------------setting values-----------------------------
[INFO ][2015-12-22 17:34:43,800][com.java.TestType] [10373] - Action Type : CLEARANDENTER
[INFO ][2015-12-22 17:34:43,800][com.java.TestType] [ 5596] - value = valuelabs.ie10.33527
[INFO ][2015-12-22 17:34:48,466][com.java.TestType] [10392] -  RESULT true
[INFO ][2015-12-22 17:34:48,466][com.java.TestType] [10509] - ?   P A S S   ?
[DEBUG][2015-12-22 17:34:48,466][com.java.TestType] [10315] - Concept ID:1 :: Step being Executed: 1::2
[INFO ][2015-12-22 17:34:48,466][com.java.TestType] [10353] - dataFields : TXTpassword
[DEBUG][2015-12-22 17:34:48,466][com.java.TestType] [10359] - <In Set values of the page>
[DEBUG][2015-12-22 17:34:48,466][com.java.TestType] [10364] - {Data Fields & Data Values Exist}
[INFO ][2015-12-22 17:34:48,466][com.java.TestType] [10370] - --------------------------setting values-----------------------------
[INFO ][2015-12-22 17:34:48,467][com.java.TestType] [10373] - Action Type : CLEARANDENTER
[INFO ][2015-12-22 17:34:48,467][com.java.TestType] [ 5596] - value = Password1*
[INFO ][2015-12-22 17:34:53,283][com.java.TestType] [10392] -  RESULT true
[INFO ][2015-12-22 17:34:53,284][com.java.TestType] [10509] - ?   P A S S   ?
[INFO ][2015-12-22 17:34:53,284][com.java.TestType] [10580] - Looping End......
[INFO ][2015-12-22 17:34:53,287][com.java.SeleniumDriver] [  894] -  RESULT true
[INFO ][2015-12-22 17:34:53,288][com.java.SeleniumDriver] [ 1100] - ?   P A S S   ?
[INFO ][2015-12-22 17:34:53,288][com.java.SeleniumDriver] [  821] - ------------------------------------------
[INFO ][2015-12-22 17:34:53,288][com.java.SeleniumDriver] [  822] - Test case being Executed: 17
[INFO ][2015-12-22 17:34:53,288][com.java.SeleniumDriver] [  833] - Test step:4
[INFO ][2015-12-22 17:34:53,288][com.java.SeleniumDriver] [  845] - Datavalue is----------null
[DEBUG][2015-12-22 17:34:53,288][com.java.SeleniumDriver] [  863] - Exception: null
[INFO ][2015-12-22 17:34:53,288][com.java.SeleniumDriver] [  869] - DataField : CHK//div[@id="loginbox"]//input[@ng-click='vm.rememberMe()']
[INFO ][2015-12-22 17:34:53,288][com.java.SeleniumDriver] [  871] - DataValue : 
[INFO ][2015-12-22 17:34:53,288][com.java.SeleniumDriver] [  877] - <In Set values of the page>
[INFO ][2015-12-22 17:34:53,288][com.java.SeleniumDriver] [  880] - {Data Fields & Data Values Exist}
[INFO ][2015-12-22 17:34:53,288][com.java.SeleniumDriver] [  882] - --------------------------setting values-----------------------------
[INFO ][2015-12-22 17:34:53,288][com.java.SeleniumDriver] [  885] - Action Type : Check
[INFO ][2015-12-22 17:34:54,595][com.java.SeleniumDriver] [  894] -  RESULT true
[INFO ][2015-12-22 17:34:54,595][com.java.SeleniumDriver] [ 1100] - ?   P A S S   ?
[INFO ][2015-12-22 17:34:54,595][com.java.SeleniumDriver] [  821] - ------------------------------------------
[INFO ][2015-12-22 17:34:54,595][com.java.SeleniumDriver] [  822] - Test case being Executed: 17
[INFO ][2015-12-22 17:34:54,595][com.java.SeleniumDriver] [  833] - Test step:5
[INFO ][2015-12-22 17:34:54,595][com.java.SeleniumDriver] [  845] - Datavalue is----------null
[DEBUG][2015-12-22 17:34:54,595][com.java.SeleniumDriver] [  863] - Exception: null
[INFO ][2015-12-22 17:34:54,595][com.java.SeleniumDriver] [  869] - DataField : XPH//button[@type='submit']
[INFO ][2015-12-22 17:34:54,595][com.java.SeleniumDriver] [  871] - DataValue : 
[INFO ][2015-12-22 17:34:54,595][com.java.SeleniumDriver] [  877] - <In Set values of the page>
[INFO ][2015-12-22 17:34:54,595][com.java.SeleniumDriver] [  880] - {Data Fields & Data Values Exist}
[INFO ][2015-12-22 17:34:54,595][com.java.SeleniumDriver] [  882] - --------------------------setting values-----------------------------
[INFO ][2015-12-22 17:34:54,596][com.java.SeleniumDriver] [  885] - Action Type : Click
[INFO ][2015-12-22 17:34:54,596][com.java.TestType] [ 5975] - Field ::XPH//button[@type='submit']
[INFO ][2015-12-22 17:34:54,596][com.java.TestType] [ 5596] - value = 
[INFO ][2015-12-22 17:34:55,598][com.java.TestType] [ 6112] - BEFORE CLICK
[INFO ][2015-12-22 17:34:56,447][com.java.TestType] [ 6120] - Unable to click the object Login
[INFO ][2015-12-22 17:34:56,447][com.java.SeleniumDriver] [  894] -  RESULT true
[INFO ][2015-12-22 17:34:56,447][com.java.SeleniumDriver] [ 1100] - ?   P A S S   ?
[INFO ][2015-12-22 17:34:56,447][com.java.SeleniumDriver] [  821] - ------------------------------------------
[INFO ][2015-12-22 17:34:56,447][com.java.SeleniumDriver] [  822] - Test case being Executed: 17
[INFO ][2015-12-22 17:34:56,447][com.java.SeleniumDriver] [  833] - Test step:6
[INFO ][2015-12-22 17:34:56,447][com.java.SeleniumDriver] [  845] - Datavalue is----------10
[INFO ][2015-12-22 17:34:56,447][com.java.SeleniumDriver] [  869] - DataField : LNKLogout
[INFO ][2015-12-22 17:34:56,447][com.java.SeleniumDriver] [  871] - DataValue : 10
[INFO ][2015-12-22 17:34:56,447][com.java.SeleniumDriver] [  877] - <In Set values of the page>
[INFO ][2015-12-22 17:34:56,447][com.java.SeleniumDriver] [  880] - {Data Fields & Data Values Exist}
[INFO ][2015-12-22 17:34:56,447][com.java.SeleniumDriver] [  882] - --------------------------setting values-----------------------------
[INFO ][2015-12-22 17:34:56,448][com.java.SeleniumDriver] [  885] - Action Type : WaitTime
[DEBUG][2015-12-22 17:34:56,448][com.java.TestType] [ 5416] - sleepTime: 10000
[INFO ][2015-12-22 17:35:06,449][com.java.SeleniumDriver] [  894] -  RESULT true
[INFO ][2015-12-22 17:35:06,449][com.java.SeleniumDriver] [ 1100] - ?   P A S S   ?
[INFO ][2015-12-22 17:35:06,449][com.java.SeleniumDriver] [  821] - ------------------------------------------
[INFO ][2015-12-22 17:35:06,449][com.java.SeleniumDriver] [  822] - Test case being Executed: 17
[INFO ][2015-12-22 17:35:06,449][com.java.SeleniumDriver] [  833] - Test step:7
[INFO ][2015-12-22 17:35:06,449][com.java.SeleniumDriver] [  845] - Datavalue is----------Banker's Dashboard
[INFO ][2015-12-22 17:35:06,449][com.java.SeleniumDriver] [  869] - DataField : TTL
[INFO ][2015-12-22 17:35:06,449][com.java.SeleniumDriver] [  871] - DataValue : Banker's Dashboard
[INFO ][2015-12-22 17:35:06,449][com.java.SeleniumDriver] [  877] - <In Set values of the page>
[INFO ][2015-12-22 17:35:06,449][com.java.SeleniumDriver] [  880] - {Data Fields & Data Values Exist}
[INFO ][2015-12-22 17:35:06,449][com.java.SeleniumDriver] [  882] - --------------------------setting values-----------------------------
[INFO ][2015-12-22 17:35:06,449][com.java.SeleniumDriver] [  885] - Action Type : SelectWindow
[INFO ][2015-12-22 17:35:18,642][com.java.SeleniumDriver] [  894] -  RESULT true
[INFO ][2015-12-22 17:35:18,642][com.java.SeleniumDriver] [ 1100] - ?   P A S S   ?
[INFO ][2015-12-22 17:35:18,642][com.java.SeleniumDriver] [  821] - ------------------------------------------
[INFO ][2015-12-22 17:35:18,642][com.java.SeleniumDriver] [  822] - Test case being Executed: 17
[INFO ][2015-12-22 17:35:18,642][com.java.SeleniumDriver] [  833] - Test step:8
[INFO ][2015-12-22 17:35:18,642][com.java.SeleniumDriver] [  845] - Datavalue is----------null
[DEBUG][2015-12-22 17:35:18,642][com.java.SeleniumDriver] [  863] - Exception: null
[INFO ][2015-12-22 17:35:18,643][com.java.SeleniumDriver] [  869] - DataField : //span[@class='icon-cog2']&&//a[@data-id="UserSettings"]
[INFO ][2015-12-22 17:35:18,643][com.java.SeleniumDriver] [  871] - DataValue : 
[INFO ][2015-12-22 17:35:18,643][com.java.SeleniumDriver] [  877] - <In Set values of the page>
[INFO ][2015-12-22 17:35:18,643][com.java.SeleniumDriver] [  880] - {Data Fields & Data Values Exist}
[INFO ][2015-12-22 17:35:18,643][com.java.SeleniumDriver] [  882] - --------------------------setting values-----------------------------
[INFO ][2015-12-22 17:35:18,643][com.java.SeleniumDriver] [  885] - Action Type : MouseOver
[INFO ][2015-12-22 17:35:41,697][com.java.SeleniumDriver] [  894] -  RESULT true
[INFO ][2015-12-22 17:35:41,697][com.java.SeleniumDriver] [ 1100] - ?   P A S S   ?
[INFO ][2015-12-22 17:35:41,697][com.java.SeleniumDriver] [  821] - ------------------------------------------
[INFO ][2015-12-22 17:35:41,697][com.java.SeleniumDriver] [  822] - Test case being Executed: 17
[INFO ][2015-12-22 17:35:41,697][com.java.SeleniumDriver] [  833] - Test step:9
[INFO ][2015-12-22 17:35:41,697][com.java.SeleniumDriver] [  845] - Datavalue is----------1
[INFO ][2015-12-22 17:35:41,697][com.java.SeleniumDriver] [  869] - DataField : BTNframeDialogContent
[INFO ][2015-12-22 17:35:41,697][com.java.SeleniumDriver] [  871] - DataValue : 1
[INFO ][2015-12-22 17:35:41,697][com.java.SeleniumDriver] [  877] - <In Set values of the page>
[INFO ][2015-12-22 17:35:41,697][com.java.SeleniumDriver] [  880] - {Data Fields & Data Values Exist}
[INFO ][2015-12-22 17:35:41,697][com.java.SeleniumDriver] [  882] - --------------------------setting values-----------------------------
[INFO ][2015-12-22 17:35:41,697][com.java.SeleniumDriver] [  885] - Action Type : WaitForElement
[INFO ][2015-12-22 17:35:42,912][com.java.SeleniumDriver] [  894] -  RESULT true
[INFO ][2015-12-22 17:35:42,912][com.java.SeleniumDriver] [ 1100] - ?   P A S S   ?
[INFO ][2015-12-22 17:35:42,912][com.java.SeleniumDriver] [  821] - ------------------------------------------
[INFO ][2015-12-22 17:35:42,912][com.java.SeleniumDriver] [  822] - Test case being Executed: 17
[INFO ][2015-12-22 17:35:42,913][com.java.SeleniumDriver] [  833] - Test step:10
[INFO ][2015-12-22 17:35:42,913][com.java.SeleniumDriver] [  845] - Datavalue is----------frameDialogContent
[INFO ][2015-12-22 17:35:42,913][com.java.SeleniumDriver] [  869] - DataField : BTN
[INFO ][2015-12-22 17:35:42,913][com.java.SeleniumDriver] [  871] - DataValue : frameDialogContent
[INFO ][2015-12-22 17:35:42,913][com.java.SeleniumDriver] [  877] - <In Set values of the page>
[INFO ][2015-12-22 17:35:42,913][com.java.SeleniumDriver] [  880] - {Data Fields & Data Values Exist}
[INFO ][2015-12-22 17:35:42,913][com.java.SeleniumDriver] [  882] - --------------------------setting values-----------------------------
[INFO ][2015-12-22 17:35:42,913][com.java.SeleniumDriver] [  885] - Action Type : SELECTFRAMEBYNAME
[INFO ][2015-12-22 17:35:42,913][com.java.TestType] [ 5596] - value = frameDialogContent
[INFO ][2015-12-22 17:35:42,984][com.java.SeleniumDriver] [  894] -  RESULT true
[INFO ][2015-12-22 17:35:42,985][com.java.SeleniumDriver] [ 1100] - ?   P A S S   ?
[INFO ][2015-12-22 17:35:42,985][com.java.SeleniumDriver] [  821] - ------------------------------------------
[INFO ][2015-12-22 17:35:42,985][com.java.SeleniumDriver] [  822] - Test case being Executed: 17
[INFO ][2015-12-22 17:35:42,985][com.java.SeleniumDriver] [  833] - Test step:11
[INFO ][2015-12-22 17:35:42,985][com.java.SeleniumDriver] [  845] - Datavalue is----------Yes
[INFO ][2015-12-22 17:35:42,985][com.java.SeleniumDriver] [  869] - DataField : COBddlOpenBDInNewWindow
[INFO ][2015-12-22 17:35:42,985][com.java.SeleniumDriver] [  871] - DataValue : Yes
[INFO ][2015-12-22 17:35:42,985][com.java.SeleniumDriver] [  877] - <In Set values of the page>
[INFO ][2015-12-22 17:35:42,985][com.java.SeleniumDriver] [  880] - {Data Fields & Data Values Exist}
[INFO ][2015-12-22 17:35:42,985][com.java.SeleniumDriver] [  882] - --------------------------setting values-----------------------------
[INFO ][2015-12-22 17:35:42,985][com.java.SeleniumDriver] [  885] - Action Type : Verify
[INFO ][2015-12-22 17:35:42,985][com.java.TestType] [ 6946] - field= COBddlOpenBDInNewWindow value= Yes
[INFO ][2015-12-22 17:35:42,986][com.java.TestType] [ 5596] - value = Yes
[ERROR][2015-12-22 17:35:43,188][com.java.TestType] [ 7477] - Assertion error: expected:<Yes> but was:<No>
[INFO ][2015-12-22 17:35:43,188][com.java.SeleniumDriver] [  894] -  RESULT false
[INFO ][2015-12-22 17:35:43,188][com.java.SeleniumDriver] [  941] - ?   F A I L   ?
[INFO ][2015-12-22 17:35:43,188][com.java.SeleniumDriver] [  949] - Browser Type : IE10
[INFO ][2015-12-22 17:35:43,188][com.java.SeleniumDriver] [  950] - Adding Failed case17
[DEBUG][2015-12-22 17:35:43,867][com.java.SeleniumDriver] [ 1018] -  tdd.getCondition() IF:19:Next
[INFO ][2015-12-22 17:35:43,867][com.java.SeleniumDriver] [ 1022] - Continue next step...
[INFO ][2015-12-22 17:35:43,867][com.java.SeleniumDriver] [  821] - ------------------------------------------
[INFO ][2015-12-22 17:35:43,867][com.java.SeleniumDriver] [  822] - Test case being Executed: 17
[INFO ][2015-12-22 17:35:43,867][com.java.SeleniumDriver] [  833] - Test step:12
[INFO ][2015-12-22 17:35:43,867][com.java.SeleniumDriver] [  845] - Datavalue is----------Yes
[INFO ][2015-12-22 17:35:43,867][com.java.SeleniumDriver] [  869] - DataField : SLBddlOpenBDInNewWindow
[INFO ][2015-12-22 17:35:43,867][com.java.SeleniumDriver] [  871] - DataValue : Yes
[INFO ][2015-12-22 17:35:43,867][com.java.SeleniumDriver] [  877] - <In Set values of the page>
[INFO ][2015-12-22 17:35:43,868][com.java.SeleniumDriver] [  880] - {Data Fields & Data Values Exist}
[INFO ][2015-12-22 17:35:43,868][com.java.SeleniumDriver] [  882] - --------------------------setting values-----------------------------
[INFO ][2015-12-22 17:35:43,868][com.java.SeleniumDriver] [  885] - Action Type : Select
[INFO ][2015-12-22 17:35:43,868][com.java.TestType] [ 5596] - value = Yes
[INFO ][2015-12-22 17:35:46,287][com.java.SeleniumDriver] [  894] -  RESULT true
[INFO ][2015-12-22 17:35:46,287][com.java.SeleniumDriver] [ 1100] - ?   P A S S   ?
[INFO ][2015-12-22 17:35:46,287][com.java.SeleniumDriver] [  821] - ------------------------------------------
[INFO ][2015-12-22 17:35:46,287][com.java.SeleniumDriver] [  822] - Test case being Executed: 17
[INFO ][2015-12-22 17:35:46,287][com.java.SeleniumDriver] [  833] - Test step:13
[INFO ][2015-12-22 17:35:46,287][com.java.SeleniumDriver] [  845] - Datavalue is----------null
[DEBUG][2015-12-22 17:35:46,288][com.java.SeleniumDriver] [  863] - Exception: null
[INFO ][2015-12-22 17:35:46,288][com.java.SeleniumDriver] [  869] - DataField : BTNparent
[INFO ][2015-12-22 17:35:46,288][com.java.SeleniumDriver] [  871] - DataValue : 
[INFO ][2015-12-22 17:35:46,288][com.java.SeleniumDriver] [  877] - <In Set values of the page>
[INFO ][2015-12-22 17:35:46,288][com.java.SeleniumDriver] [  880] - {Data Fields & Data Values Exist}
[INFO ][2015-12-22 17:35:46,288][com.java.SeleniumDriver] [  882] - --------------------------setting values-----------------------------
[INFO ][2015-12-22 17:35:46,288][com.java.SeleniumDriver] [  885] - Action Type : SELECTFRAME
[INFO ][2015-12-22 17:35:46,304][com.java.SeleniumDriver] [  894] -  RESULT true
[INFO ][2015-12-22 17:35:46,305][com.java.SeleniumDriver] [ 1100] - ?   P A S S   ?
[INFO ][2015-12-22 17:35:46,305][com.java.SeleniumDriver] [  821] - ------------------------------------------
[INFO ][2015-12-22 17:35:46,305][com.java.SeleniumDriver] [  822] - Test case being Executed: 17
[INFO ][2015-12-22 17:35:46,305][com.java.SeleniumDriver] [  833] - Test step:14
[INFO ][2015-12-22 17:35:46,305][com.java.SeleniumDriver] [  845] - Datavalue is----------null
[DEBUG][2015-12-22 17:35:46,305][com.java.SeleniumDriver] [  863] - Exception: null
[INFO ][2015-12-22 17:35:46,305][com.java.SeleniumDriver] [  869] - DataField : BTN//span[text()='Finished']
[INFO ][2015-12-22 17:35:46,305][com.java.SeleniumDriver] [  871] - DataValue : 
[INFO ][2015-12-22 17:35:46,305][com.java.SeleniumDriver] [  877] - <In Set values of the page>
[INFO ][2015-12-22 17:35:46,305][com.java.SeleniumDriver] [  880] - {Data Fields & Data Values Exist}
[INFO ][2015-12-22 17:35:46,305][com.java.SeleniumDriver] [  882] - --------------------------setting values-----------------------------
[INFO ][2015-12-22 17:35:46,305][com.java.SeleniumDriver] [  885] - Action Type : Click
[INFO ][2015-12-22 17:35:46,306][com.java.TestType] [ 5975] - Field ::BTN//span[text()='Finished']
[INFO ][2015-12-22 17:35:46,306][com.java.TestType] [ 5596] - value = 
[INFO ][2015-12-22 17:35:47,306][com.java.TestType] [ 6091] - BEFORE CLICK
[INFO ][2015-12-22 17:35:47,632][com.java.TestType] [ 6098] - Unable to click the object Finished button
[INFO ][2015-12-22 17:35:47,632][com.java.SeleniumDriver] [  894] -  RESULT true
[INFO ][2015-12-22 17:35:47,632][com.java.SeleniumDriver] [ 1100] - ?   P A S S   ?
[INFO ][2015-12-22 17:35:47,632][com.java.SeleniumDriver] [  821] - ------------------------------------------
[INFO ][2015-12-22 17:35:47,632][com.java.SeleniumDriver] [  822] - Test case being Executed: 17
[INFO ][2015-12-22 17:35:47,632][com.java.SeleniumDriver] [  833] - Test step:15
[INFO ][2015-12-22 17:35:47,632][com.java.SeleniumDriver] [  845] - Datavalue is----------Logout
[INFO ][2015-12-22 17:35:47,632][com.java.SeleniumDriver] [  869] - DataField : LNK
[INFO ][2015-12-22 17:35:47,632][com.java.SeleniumDriver] [  871] - DataValue : Logout
[INFO ][2015-12-22 17:35:47,633][com.java.SeleniumDriver] [  877] - <In Set values of the page>
[INFO ][2015-12-22 17:35:47,633][com.java.SeleniumDriver] [  880] - {Data Fields & Data Values Exist}
[INFO ][2015-12-22 17:35:47,633][com.java.SeleniumDriver] [  882] - --------------------------setting values-----------------------------
[INFO ][2015-12-22 17:35:47,633][com.java.SeleniumDriver] [  885] - Action Type : Verify
[INFO ][2015-12-22 17:35:47,633][com.java.TestType] [ 6946] - field= LNK value= Logout
[INFO ][2015-12-22 17:35:47,633][com.java.TestType] [ 5596] - value = Logout
[INFO ][2015-12-22 17:35:47,718][com.java.SeleniumDriver] [  894] -  RESULT true
[INFO ][2015-12-22 17:35:47,718][com.java.SeleniumDriver] [ 1100] - ?   P A S S   ?
[INFO ][2015-12-22 17:35:47,718][com.java.SeleniumDriver] [  821] - ------------------------------------------
[INFO ][2015-12-22 17:35:47,718][com.java.SeleniumDriver] [  822] - Test case being Executed: 17
[INFO ][2015-12-22 17:35:47,718][com.java.SeleniumDriver] [  833] - Test step:16
[INFO ][2015-12-22 17:35:47,718][com.java.SeleniumDriver] [  845] - Datavalue is----------//img[contains(@src,'bdlogo.jpg')]
[INFO ][2015-12-22 17:35:47,718][com.java.SeleniumDriver] [  869] - DataField : BTN
[INFO ][2015-12-22 17:35:47,719][com.java.SeleniumDriver] [  871] - DataValue : //img[contains(@src,'bdlogo.jpg')]
[INFO ][2015-12-22 17:35:47,719][com.java.SeleniumDriver] [  877] - <In Set values of the page>
[INFO ][2015-12-22 17:35:47,719][com.java.SeleniumDriver] [  880] - {Data Fields & Data Values Exist}
[INFO ][2015-12-22 17:35:47,719][com.java.SeleniumDriver] [  882] - --------------------------setting values-----------------------------
[INFO ][2015-12-22 17:35:47,719][com.java.SeleniumDriver] [  885] - Action Type : Verify
[INFO ][2015-12-22 17:35:47,719][com.java.TestType] [ 6946] - field= BTN value= //img[contains(@src,'bdlogo.jpg')]
[INFO ][2015-12-22 17:35:47,719][com.java.TestType] [ 5596] - value = //img[contains(@src,'bdlogo.jpg')]
[INFO ][2015-12-22 17:35:47,787][com.java.SeleniumDriver] [  894] -  RESULT true
[INFO ][2015-12-22 17:35:47,787][com.java.SeleniumDriver] [ 1100] - ?   P A S S   ?
[INFO ][2015-12-22 17:35:47,787][com.java.SeleniumDriver] [  821] - ------------------------------------------
[INFO ][2015-12-22 17:35:47,787][com.java.SeleniumDriver] [  822] - Test case being Executed: 17
[INFO ][2015-12-22 17:35:47,787][com.java.SeleniumDriver] [  833] - Test step:17
[INFO ][2015-12-22 17:35:47,787][com.java.SeleniumDriver] [  845] - Datavalue is----------close
[INFO ][2015-12-22 17:35:47,787][com.java.SeleniumDriver] [  869] - DataField : test
[INFO ][2015-12-22 17:35:47,788][com.java.SeleniumDriver] [  871] - DataValue : close
[INFO ][2015-12-22 17:35:47,788][com.java.SeleniumDriver] [  877] - <In Set values of the page>
[INFO ][2015-12-22 17:35:47,788][com.java.SeleniumDriver] [  880] - {Data Fields & Data Values Exist}
[INFO ][2015-12-22 17:35:47,788][com.java.SeleniumDriver] [  882] - --------------------------setting values-----------------------------
[INFO ][2015-12-22 17:35:47,788][com.java.SeleniumDriver] [  885] - Action Type : Logout
[INFO ][2015-12-22 17:35:50,273][com.java.TestType] [ 5975] - Field ::CNF
[INFO ][2015-12-22 17:35:50,273][com.java.TestType] [ 5596] - value = OK
[INFO ][2015-12-22 17:35:52,586][com.java.TestType] [ 6108] - Click the object confirmation
[INFO ][2015-12-22 17:35:52,587][com.java.TestType] [ 6109] - Unable to click the object confirmation
[DEBUG][2015-12-22 17:35:52,611][com.java.SeleniumDriver] [  426] - Hub ip address is-------172.17.68.34
[INFO ][2015-12-22 17:35:52,611][com.java.SeleniumDriver] [  452] - Grid URL:http://172.17.68.34:4444/wd/hub
[INFO ][2015-12-22 17:35:52,612][com.java.SeleniumDriver] [  453] - Capability:Capabilities [{platform=ANY, ensureCleanSession=true, ignoreProtectedModeSettings=true, acceptSslCerts=true, ignoreZoomSetting=true, browserName=internet explorer, browserstack.ie.noFlash=true, version=null}]
[ERROR][2015-12-22 17:35:53,636][com.java.SeleniumDriver] [  497] - Unable invoke browser in grid:Could not start a new session. Possible causes are invalid address of the remote server or browser start-up failure.
Build info: version: '2.48.2', revision: '41bccdd', time: '2015-10-09 19:59:12'
System info: host: 'FVTIII438F1D', ip: '172.17.68.34', os.name: 'Windows 7', os.arch: 'x86', os.version: '6.1', java.version: '1.7.0_55'
Driver info: driver.version: SeleniumDriver
[INFO ][2015-12-22 17:35:53,636][com.java.SeleniumDriver] [  499] - Executing on local machine
[INFO ][2015-12-22 17:36:03,971][com.java.SeleniumDriver] [  894] -  RESULT true
[INFO ][2015-12-22 17:36:03,971][com.java.SeleniumDriver] [ 1100] - ?   P A S S   ?
[INFO ][2015-12-22 17:36:03,971][com.java.SeleniumDriver] [  821] - ------------------------------------------
[INFO ][2015-12-22 17:36:03,971][com.java.SeleniumDriver] [  822] - Test case being Executed: 17
[INFO ][2015-12-22 17:36:03,971][com.java.SeleniumDriver] [  833] - Test step:18
[INFO ][2015-12-22 17:36:03,971][com.java.SeleniumDriver] [  845] - Datavalue is----------Concept#1:1-4
[INFO ][2015-12-22 17:36:03,971][com.java.SeleniumDriver] [  869] - DataField : test
[INFO ][2015-12-22 17:36:03,972][com.java.SeleniumDriver] [  871] - DataValue : Concept#1:1-4
[INFO ][2015-12-22 17:36:03,972][com.java.SeleniumDriver] [  877] - <In Set values of the page>
[INFO ][2015-12-22 17:36:03,972][com.java.SeleniumDriver] [  880] - {Data Fields & Data Values Exist}
[INFO ][2015-12-22 17:36:03,972][com.java.SeleniumDriver] [  882] - --------------------------setting values-----------------------------
[INFO ][2015-12-22 17:36:03,972][com.java.SeleniumDriver] [  885] - Action Type : ExecuteTestCase
[INFO ][2015-12-22 17:36:03,972][com.java.TestType] [  437] - The Concept sheet name is ---------- Concept
[INFO ][2015-12-22 17:36:03,972][com.java.TestType] [  440] - The Concept ID  is ---------- 1
[DEBUG][2015-12-22 17:36:03,973][com.java.TestType] [  444] - Steps being executted in the Concept are: 1:4
[INFO ][2015-12-22 17:36:03,973][com.java.TestType] [  451] - Test data details path ---------- D:\BankersDashboard\TestInputs\TestData.xls
[INFO ][2015-12-22 17:36:04,003][com.java.TestType] [  482] -  str(1) = 1
[INFO ][2015-12-22 17:36:04,003][com.java.TestType] [  485] - Test case Id is---1
[INFO ][2015-12-22 17:36:04,003][com.java.TestType] [  487] - 1
[INFO ][2015-12-22 17:36:04,003][com.java.TestType] [  482] -  str(2) = 1
[INFO ][2015-12-22 17:36:04,005][com.java.TestType] [  534] - row values are--------{1=com.java.Objects.TestDataDetails@108dce1}
[INFO ][2015-12-22 17:36:04,005][com.java.TestType] [  482] -  str(1) = 1
[INFO ][2015-12-22 17:36:04,005][com.java.TestType] [  485] - Test case Id is---1
[INFO ][2015-12-22 17:36:04,005][com.java.TestType] [  487] - 1
[INFO ][2015-12-22 17:36:04,005][com.java.TestType] [  482] -  str(2) = 2
[INFO ][2015-12-22 17:36:04,006][com.java.TestType] [  534] - row values are--------{1=com.java.Objects.TestDataDetails@108dce1, 2=com.java.Objects.TestDataDetails@1464ca6}
[INFO ][2015-12-22 17:36:04,006][com.java.TestType] [  482] -  str(1) = 1
[INFO ][2015-12-22 17:36:04,006][com.java.TestType] [  485] - Test case Id is---1
[INFO ][2015-12-22 17:36:04,006][com.java.TestType] [  487] - 1
[INFO ][2015-12-22 17:36:04,006][com.java.TestType] [  482] -  str(2) = 3
[INFO ][2015-12-22 17:36:04,007][com.java.TestType] [  534] - row values are--------{1=com.java.Objects.TestDataDetails@108dce1, 2=com.java.Objects.TestDataDetails@1464ca6, 3=com.java.Objects.TestDataDetails@27886}
[INFO ][2015-12-22 17:36:04,007][com.java.TestType] [  482] -  str(1) = 1
[INFO ][2015-12-22 17:36:04,007][com.java.TestType] [  485] - Test case Id is---1
[INFO ][2015-12-22 17:36:04,007][com.java.TestType] [  487] - 1
[INFO ][2015-12-22 17:36:04,007][com.java.TestType] [  482] -  str(2) = 4
[INFO ][2015-12-22 17:36:04,008][com.java.TestType] [  534] - row values are--------{1=com.java.Objects.TestDataDetails@108dce1, 2=com.java.Objects.TestDataDetails@1464ca6, 3=com.java.Objects.TestDataDetails@27886, 4=com.java.Objects.TestDataDetails@178aa3f}
[INFO ][2015-12-22 17:36:04,008][com.java.TestType] [  482] -  str(1) = 1
[INFO ][2015-12-22 17:36:04,008][com.java.TestType] [  485] - Test case Id is---1
[INFO ][2015-12-22 17:36:04,008][com.java.TestType] [  487] - 1
[INFO ][2015-12-22 17:36:04,008][com.java.TestType] [  482] -  str(2) = 5
[INFO ][2015-12-22 17:36:04,008][com.java.TestType] [  534] - row values are--------{1=com.java.Objects.TestDataDetails@108dce1, 2=com.java.Objects.TestDataDetails@1464ca6, 3=com.java.Objects.TestDataDetails@27886, 4=com.java.Objects.TestDataDetails@178aa3f, 5=com.java.Objects.TestDataDetails@16096f9}
[INFO ][2015-12-22 17:36:04,009][com.java.TestType] [  482] -  str(1) = 1
[INFO ][2015-12-22 17:36:04,009][com.java.TestType] [  485] - Test case Id is---1
[INFO ][2015-12-22 17:36:04,009][com.java.TestType] [  487] - 1
[INFO ][2015-12-22 17:36:04,009][com.java.TestType] [  482] -  str(2) = 6
[INFO ][2015-12-22 17:36:04,010][com.java.TestType] [  534] - row values are--------{1=com.java.Objects.TestDataDetails@108dce1, 2=com.java.Objects.TestDataDetails@1464ca6, 3=com.java.Objects.TestDataDetails@27886, 4=com.java.Objects.TestDataDetails@178aa3f, 5=com.java.Objects.TestDataDetails@16096f9, 6=com.java.Objects.TestDataDetails@d3b21a}
[INFO ][2015-12-22 17:36:04,010][com.java.TestType] [  482] -  str(1) = 1
[INFO ][2015-12-22 17:36:04,010][com.java.TestType] [  485] - Test case Id is---1
[INFO ][2015-12-22 17:36:04,010][com.java.TestType] [  487] - 1
[INFO ][2015-12-22 17:36:04,010][com.java.TestType] [  482] -  str(2) = 7
[INFO ][2015-12-22 17:36:04,011][com.java.TestType] [  534] - row values are--------{1=com.java.Objects.TestDataDetails@108dce1, 2=com.java.Objects.TestDataDetails@1464ca6, 3=com.java.Objects.TestDataDetails@27886, 4=com.java.Objects.TestDataDetails@178aa3f, 5=com.java.Objects.TestDataDetails@16096f9, 6=com.java.Objects.TestDataDetails@d3b21a, 7=com.java.Objects.TestDataDetails@ac3d9a}
[INFO ][2015-12-22 17:36:04,011][com.java.TestType] [  482] -  str(1) = 1
[INFO ][2015-12-22 17:36:04,011][com.java.TestType] [  485] - Test case Id is---1
[INFO ][2015-12-22 17:36:04,011][com.java.TestType] [  487] - 1
[INFO ][2015-12-22 17:36:04,011][com.java.TestType] [  482] -  str(2) = 8
[INFO ][2015-12-22 17:36:04,012][com.java.TestType] [  534] - row values are--------{1=com.java.Objects.TestDataDetails@108dce1, 2=com.java.Objects.TestDataDetails@1464ca6, 3=com.java.Objects.TestDataDetails@27886, 4=com.java.Objects.TestDataDetails@178aa3f, 5=com.java.Objects.TestDataDetails@16096f9, 6=com.java.Objects.TestDataDetails@d3b21a, 7=com.java.Objects.TestDataDetails@ac3d9a, 8=com.java.Objects.TestDataDetails@1b9a879}
[INFO ][2015-12-22 17:36:04,012][com.java.TestType] [  482] -  str(1) = 1
[INFO ][2015-12-22 17:36:04,012][com.java.TestType] [  485] - Test case Id is---1
[INFO ][2015-12-22 17:36:04,012][com.java.TestType] [  487] - 1
[INFO ][2015-12-22 17:36:04,012][com.java.TestType] [  482] -  str(2) = 9
[INFO ][2015-12-22 17:36:04,013][com.java.TestType] [  534] - row values are--------{1=com.java.Objects.TestDataDetails@108dce1, 2=com.java.Objects.TestDataDetails@1464ca6, 3=com.java.Objects.TestDataDetails@27886, 4=com.java.Objects.TestDataDetails@178aa3f, 5=com.java.Objects.TestDataDetails@16096f9, 6=com.java.Objects.TestDataDetails@d3b21a, 7=com.java.Objects.TestDataDetails@ac3d9a, 8=com.java.Objects.TestDataDetails@1b9a879, 9=com.java.Objects.TestDataDetails@8a8aa3}
[INFO ][2015-12-22 17:36:04,013][com.java.TestType] [  482] -  str(1) = 1
[INFO ][2015-12-22 17:36:04,013][com.java.TestType] [  485] - Test case Id is---1
[INFO ][2015-12-22 17:36:04,013][com.java.TestType] [  487] - 1
[INFO ][2015-12-22 17:36:04,013][com.java.TestType] [  482] -  str(2) = 10
[INFO ][2015-12-22 17:36:04,014][com.java.TestType] [  534] - row values are--------{1=com.java.Objects.TestDataDetails@108dce1, 2=com.java.Objects.TestDataDetails@1464ca6, 3=com.java.Objects.TestDataDetails@27886, 4=com.java.Objects.TestDataDetails@178aa3f, 5=com.java.Objects.TestDataDetails@16096f9, 6=com.java.Objects.TestDataDetails@d3b21a, 7=com.java.Objects.TestDataDetails@ac3d9a, 8=com.java.Objects.TestDataDetails@1b9a879, 9=com.java.Objects.TestDataDetails@8a8aa3, 10=com.java.Objects.TestDataDetails@1100e15}
[INFO ][2015-12-22 17:36:04,014][com.java.TestType] [  482] -  str(1) = 1
[INFO ][2015-12-22 17:36:04,014][com.java.TestType] [  485] - Test case Id is---1
[INFO ][2015-12-22 17:36:04,014][com.java.TestType] [  487] - 1
[INFO ][2015-12-22 17:36:04,014][com.java.TestType] [  482] -  str(2) = 11
[INFO ][2015-12-22 17:36:04,015][com.java.TestType] [  534] - row values are--------{1=com.java.Objects.TestDataDetails@108dce1, 2=com.java.Objects.TestDataDetails@1464ca6, 3=com.java.Objects.TestDataDetails@27886, 4=com.java.Objects.TestDataDetails@178aa3f, 5=com.java.Objects.TestDataDetails@16096f9, 6=com.java.Objects.TestDataDetails@d3b21a, 7=com.java.Objects.TestDataDetails@ac3d9a, 8=com.java.Objects.TestDataDetails@1b9a879, 9=com.java.Objects.TestDataDetails@8a8aa3, 10=com.java.Objects.TestDataDetails@1100e15, 11=com.java.Objects.TestDataDetails@65aa9c}
[INFO ][2015-12-22 17:36:04,015][com.java.TestType] [  482] -  str(1) = 1
[INFO ][2015-12-22 17:36:04,015][com.java.TestType] [  485] - Test case Id is---1
[INFO ][2015-12-22 17:36:04,015][com.java.TestType] [  487] - 1
[INFO ][2015-12-22 17:36:04,015][com.java.TestType] [  482] -  str(2) = 12
[INFO ][2015-12-22 17:36:04,016][com.java.TestType] [  534] - row values are--------{1=com.java.Objects.TestDataDetails@108dce1, 2=com.java.Objects.TestDataDetails@1464ca6, 3=com.java.Objects.TestDataDetails@27886, 4=com.java.Objects.TestDataDetails@178aa3f, 5=com.java.Objects.TestDataDetails@16096f9, 6=com.java.Objects.TestDataDetails@d3b21a, 7=com.java.Objects.TestDataDetails@ac3d9a, 8=com.java.Objects.TestDataDetails@1b9a879, 9=com.java.Objects.TestDataDetails@8a8aa3, 10=com.java.Objects.TestDataDetails@1100e15, 11=com.java.Objects.TestDataDetails@65aa9c, 12=com.java.Objects.TestDataDetails@1852491}
[INFO ][2015-12-22 17:36:04,016][com.java.TestType] [  482] -  str(1) = 1
[INFO ][2015-12-22 17:36:04,016][com.java.TestType] [  485] - Test case Id is---1
[INFO ][2015-12-22 17:36:04,016][com.java.TestType] [  487] - 1
[INFO ][2015-12-22 17:36:04,016][com.java.TestType] [  482] -  str(2) = 13
[INFO ][2015-12-22 17:36:04,017][com.java.TestType] [  534] - row values are--------{1=com.java.Objects.TestDataDetails@108dce1, 2=com.java.Objects.TestDataDetails@1464ca6, 3=com.java.Objects.TestDataDetails@27886, 4=com.java.Objects.TestDataDetails@178aa3f, 5=com.java.Objects.TestDataDetails@16096f9, 6=com.java.Objects.TestDataDetails@d3b21a, 7=com.java.Objects.TestDataDetails@ac3d9a, 8=com.java.Objects.TestDataDetails@1b9a879, 9=com.java.Objects.TestDataDetails@8a8aa3, 10=com.java.Objects.TestDataDetails@1100e15, 11=com.java.Objects.TestDataDetails@65aa9c, 12=com.java.Objects.TestDataDetails@1852491, 13=com.java.Objects.TestDataDetails@c89b0a}
[INFO ][2015-12-22 17:36:04,017][com.java.TestType] [  482] -  str(1) = 1
[INFO ][2015-12-22 17:36:04,017][com.java.TestType] [  485] - Test case Id is---1
[INFO ][2015-12-22 17:36:04,017][com.java.TestType] [  487] - 1
[INFO ][2015-12-22 17:36:04,017][com.java.TestType] [  482] -  str(2) = 14
[INFO ][2015-12-22 17:36:04,017][com.java.TestType] [  534] - row values are--------{1=com.java.Objects.TestDataDetails@108dce1, 2=com.java.Objects.TestDataDetails@1464ca6, 3=com.java.Objects.TestDataDetails@27886, 4=com.java.Objects.TestDataDetails@178aa3f, 5=com.java.Objects.TestDataDetails@16096f9, 6=com.java.Objects.TestDataDetails@d3b21a, 7=com.java.Objects.TestDataDetails@ac3d9a, 8=com.java.Objects.TestDataDetails@1b9a879, 9=com.java.Objects.TestDataDetails@8a8aa3, 10=com.java.Objects.TestDataDetails@1100e15, 11=com.java.Objects.TestDataDetails@65aa9c, 12=com.java.Objects.TestDataDetails@1852491, 13=com.java.Objects.TestDataDetails@c89b0a, 14=com.java.Objects.TestDataDetails@be4fd5}
[INFO ][2015-12-22 17:36:04,018][com.java.TestType] [  482] -  str(1) = 1
[INFO ][2015-12-22 17:36:04,018][com.java.TestType] [  485] - Test case Id is---1
[INFO ][2015-12-22 17:36:04,018][com.java.TestType] [  487] - 1
[INFO ][2015-12-22 17:36:04,018][com.java.TestType] [  482] -  str(2) = 15
[INFO ][2015-12-22 17:36:04,019][com.java.TestType] [  534] - row values are--------{1=com.java.Objects.TestDataDetails@108dce1, 2=com.java.Objects.TestDataDetails@1464ca6, 3=com.java.Objects.TestDataDetails@27886, 4=com.java.Objects.TestDataDetails@178aa3f, 5=com.java.Objects.TestDataDetails@16096f9, 6=com.java.Objects.TestDataDetails@d3b21a, 7=com.java.Objects.TestDataDetails@ac3d9a, 8=com.java.Objects.TestDataDetails@1b9a879, 9=com.java.Objects.TestDataDetails@8a8aa3, 10=com.java.Objects.TestDataDetails@1100e15, 11=com.java.Objects.TestDataDetails@65aa9c, 12=com.java.Objects.TestDataDetails@1852491, 13=com.java.Objects.TestDataDetails@c89b0a, 14=com.java.Objects.TestDataDetails@be4fd5, 15=com.java.Objects.TestDataDetails@97cdfc}
[INFO ][2015-12-22 17:36:04,019][com.java.TestType] [  482] -  str(1) = 1
[INFO ][2015-12-22 17:36:04,019][com.java.TestType] [  485] - Test case Id is---1
[INFO ][2015-12-22 17:36:04,019][com.java.TestType] [  487] - 1
[INFO ][2015-12-22 17:36:04,019][com.java.TestType] [  482] -  str(2) = 16
[INFO ][2015-12-22 17:36:04,020][com.java.TestType] [  534] - row values are--------{1=com.java.Objects.TestDataDetails@108dce1, 2=com.java.Objects.TestDataDetails@1464ca6, 3=com.java.Objects.TestDataDetails@27886, 4=com.java.Objects.TestDataDetails@178aa3f, 5=com.java.Objects.TestDataDetails@16096f9, 6=com.java.Objects.TestDataDetails@d3b21a, 7=com.java.Objects.TestDataDetails@ac3d9a, 8=com.java.Objects.TestDataDetails@1b9a879, 9=com.java.Objects.TestDataDetails@8a8aa3, 10=com.java.Objects.TestDataDetails@1100e15, 11=com.java.Objects.TestDataDetails@65aa9c, 12=com.java.Objects.TestDataDetails@1852491, 13=com.java.Objects.TestDataDetails@c89b0a, 14=com.java.Objects.TestDataDetails@be4fd5, 15=com.java.Objects.TestDataDetails@97cdfc, 16=com.java.Objects.TestDataDetails@18f0acd}
[INFO ][2015-12-22 17:36:04,020][com.java.TestType] [10274] - Looping 1TCID = 1
[DEBUG][2015-12-22 17:36:04,020][com.java.TestType] [10315] - Concept ID:1 :: Step being Executed: 1::1
[INFO ][2015-12-22 17:36:04,020][com.java.TestType] [10353] - dataFields : TXTusername
[DEBUG][2015-12-22 17:36:04,020][com.java.TestType] [10359] - <In Set values of the page>
[DEBUG][2015-12-22 17:36:04,020][com.java.TestType] [10364] - {Data Fields & Data Values Exist}
[INFO ][2015-12-22 17:36:04,021][com.java.TestType] [10370] - --------------------------setting values-----------------------------
[INFO ][2015-12-22 17:36:04,021][com.java.TestType] [10373] - Action Type : CLEARANDENTER
[INFO ][2015-12-22 17:36:04,021][com.java.TestType] [ 5596] - value = valuelabs.ie10.33527
[INFO ][2015-12-22 17:36:08,715][com.java.TestType] [10392] -  RESULT true
[INFO ][2015-12-22 17:36:08,715][com.java.TestType] [10509] - ?   P A S S   ?
[DEBUG][2015-12-22 17:36:08,715][com.java.TestType] [10315] - Concept ID:1 :: Step being Executed: 1::2
[INFO ][2015-12-22 17:36:08,715][com.java.TestType] [10353] - dataFields : TXTpassword
[DEBUG][2015-12-22 17:36:08,715][com.java.TestType] [10359] - <In Set values of the page>
[DEBUG][2015-12-22 17:36:08,715][com.java.TestType] [10364] - {Data Fields & Data Values Exist}
[INFO ][2015-12-22 17:36:08,715][com.java.TestType] [10370] - --------------------------setting values-----------------------------
[INFO ][2015-12-22 17:36:08,715][com.java.TestType] [10373] - Action Type : CLEARANDENTER
[INFO ][2015-12-22 17:36:08,716][com.java.TestType] [ 5596] - value = Password1*
[INFO ][2015-12-22 17:36:13,526][com.java.TestType] [10392] -  RESULT true
[INFO ][2015-12-22 17:36:13,526][com.java.TestType] [10509] - ?   P A S S   ?
[DEBUG][2015-12-22 17:36:13,527][com.java.TestType] [10315] - Concept ID:1 :: Step being Executed: 1::3
[ERROR][2015-12-22 17:36:13,527][com.java.TestType] [10348] - Exception: null
[INFO ][2015-12-22 17:36:13,527][com.java.TestType] [10353] - dataFields : XPH//button[@type='submit']
[DEBUG][2015-12-22 17:36:13,527][com.java.TestType] [10359] - <In Set values of the page>
[DEBUG][2015-12-22 17:36:13,527][com.java.TestType] [10364] - {Data Fields & Data Values Exist}
[INFO ][2015-12-22 17:36:13,527][com.java.TestType] [10370] - --------------------------setting values-----------------------------
[INFO ][2015-12-22 17:36:13,527][com.java.TestType] [10373] - Action Type : Click
[INFO ][2015-12-22 17:36:13,528][com.java.TestType] [ 5975] - Field ::XPH//button[@type='submit']
[INFO ][2015-12-22 17:36:13,528][com.java.TestType] [ 5596] - value = 
[INFO ][2015-12-22 17:36:14,528][com.java.TestType] [ 6112] - BEFORE CLICK
[INFO ][2015-12-22 17:36:15,339][com.java.TestType] [ 6120] - Unable to click the object Login
[INFO ][2015-12-22 17:36:15,339][com.java.TestType] [10392] -  RESULT true
[INFO ][2015-12-22 17:36:15,339][com.java.TestType] [10509] - ?   P A S S   ?
[DEBUG][2015-12-22 17:36:15,339][com.java.TestType] [10315] - Concept ID:1 :: Step being Executed: 1::4
[INFO ][2015-12-22 17:36:15,339][com.java.TestType] [10353] - dataFields : LNKLogout
[DEBUG][2015-12-22 17:36:15,339][com.java.TestType] [10359] - <In Set values of the page>
[DEBUG][2015-12-22 17:36:15,339][com.java.TestType] [10364] - {Data Fields & Data Values Exist}
[INFO ][2015-12-22 17:36:15,339][com.java.TestType] [10370] - --------------------------setting values-----------------------------
[INFO ][2015-12-22 17:36:15,339][com.java.TestType] [10373] - Action Type : WaitForElement
[DEBUG][2015-12-22 17:37:49,038][com.java.TestType] [ 6631] - link=Logout   :: Link not Found
[INFO ][2015-12-22 17:37:49,038][com.java.TestType] [10392] -  RESULT false
[INFO ][2015-12-22 17:37:49,038][com.java.TestType] [10430] - ?   F A I L   ?
[DEBUG][2015-12-22 17:37:49,038][com.java.TestType] [10433] - Browser Type : IE10
[INFO ][2015-12-22 17:37:49,038][com.java.TestType] [10580] - Looping End......
[INFO ][2015-12-22 17:37:49,042][com.java.SeleniumDriver] [  894] -  RESULT true
[INFO ][2015-12-22 17:37:49,042][com.java.SeleniumDriver] [ 1100] - ?   P A S S   ?
[INFO ][2015-12-22 17:37:49,043][com.java.SeleniumDriver] [  821] - ------------------------------------------
[INFO ][2015-12-22 17:37:49,043][com.java.SeleniumDriver] [  822] - Test case being Executed: 17
[INFO ][2015-12-22 17:37:49,043][com.java.SeleniumDriver] [  833] - Test step:19
[INFO ][2015-12-22 17:37:49,043][com.java.SeleniumDriver] [  845] - Datavalue is----------appurl
[INFO ][2015-12-22 17:37:49,043][com.java.SeleniumDriver] [  869] - DataField : test
[INFO ][2015-12-22 17:37:49,043][com.java.SeleniumDriver] [  871] - DataValue : https://clients-xuat.bankersdashboard.com
[INFO ][2015-12-22 17:37:49,043][com.java.SeleniumDriver] [  877] - <In Set values of the page>
[INFO ][2015-12-22 17:37:49,043][com.java.SeleniumDriver] [  880] - {Data Fields & Data Values Exist}
[INFO ][2015-12-22 17:37:49,043][com.java.SeleniumDriver] [  882] - --------------------------setting values-----------------------------
[INFO ][2015-12-22 17:37:49,043][com.java.SeleniumDriver] [  885] - Action Type : OPENURL
[INFO ][2015-12-22 17:37:49,043][com.java.TestType] [ 5596] - value = https://clients-xuat.bankersdashboard.com
[INFO ][2015-12-22 17:37:49,044][com.java.TestType] [  353] - Open URL : https://clients-xuat.bankersdashboard.com
[INFO ][2015-12-22 17:37:52,751][com.java.SeleniumDriver] [  894] -  RESULT true
[INFO ][2015-12-22 17:37:52,751][com.java.SeleniumDriver] [ 1100] - ?   P A S S   ?
[INFO ][2015-12-22 17:37:52,751][com.java.SeleniumDriver] [  821] - ------------------------------------------
[INFO ][2015-12-22 17:37:52,751][com.java.SeleniumDriver] [  822] - Test case being Executed: 17
[INFO ][2015-12-22 17:37:52,751][com.java.SeleniumDriver] [  833] - Test step:20
[INFO ][2015-12-22 17:37:52,751][com.java.SeleniumDriver] [  845] - Datavalue is----------Concept#1:6-16
[INFO ][2015-12-22 17:37:52,751][com.java.SeleniumDriver] [  869] - DataField : test
[INFO ][2015-12-22 17:37:52,751][com.java.SeleniumDriver] [  871] - DataValue : Concept#1:6-16
[INFO ][2015-12-22 17:37:52,751][com.java.SeleniumDriver] [  877] - <In Set values of the page>
[INFO ][2015-12-22 17:37:52,752][com.java.SeleniumDriver] [  880] - {Data Fields & Data Values Exist}
[INFO ][2015-12-22 17:37:52,752][com.java.SeleniumDriver] [  882] - --------------------------setting values-----------------------------
[INFO ][2015-12-22 17:37:52,752][com.java.SeleniumDriver] [  885] - Action Type : ExecuteTestCase
[INFO ][2015-12-22 17:37:52,752][com.java.TestType] [  437] - The Concept sheet name is ---------- Concept
[INFO ][2015-12-22 17:37:52,752][com.java.TestType] [  440] - The Concept ID  is ---------- 1
[DEBUG][2015-12-22 17:37:52,752][com.java.TestType] [  444] - Steps being executted in the Concept are: 6:16
[INFO ][2015-12-22 17:37:52,752][com.java.TestType] [  451] - Test data details path ---------- D:\BankersDashboard\TestInputs\TestData.xls
[INFO ][2015-12-22 17:37:52,782][com.java.TestType] [  482] -  str(1) = 1
[INFO ][2015-12-22 17:37:52,782][com.java.TestType] [  485] - Test case Id is---1
[INFO ][2015-12-22 17:37:52,782][com.java.TestType] [  487] - 1
[INFO ][2015-12-22 17:37:52,782][com.java.TestType] [  482] -  str(2) = 1
[INFO ][2015-12-22 17:37:52,784][com.java.TestType] [  534] - row values are--------{1=com.java.Objects.TestDataDetails@1ad9c6f}
[INFO ][2015-12-22 17:37:52,784][com.java.TestType] [  482] -  str(1) = 1
[INFO ][2015-12-22 17:37:52,784][com.java.TestType] [  485] - Test case Id is---1
[INFO ][2015-12-22 17:37:52,784][com.java.TestType] [  487] - 1
[INFO ][2015-12-22 17:37:52,784][com.java.TestType] [  482] -  str(2) = 2
[INFO ][2015-12-22 17:37:52,785][com.java.TestType] [  534] - row values are--------{1=com.java.Objects.TestDataDetails@1ad9c6f, 2=com.java.Objects.TestDataDetails@1c5321a}
[INFO ][2015-12-22 17:37:52,785][com.java.TestType] [  482] -  str(1) = 1
[INFO ][2015-12-22 17:37:52,785][com.java.TestType] [  485] - Test case Id is---1
[INFO ][2015-12-22 17:37:52,785][com.java.TestType] [  487] - 1
[INFO ][2015-12-22 17:37:52,785][com.java.TestType] [  482] -  str(2) = 3
[INFO ][2015-12-22 17:37:52,786][com.java.TestType] [  534] - row values are--------{1=com.java.Objects.TestDataDetails@1ad9c6f, 2=com.java.Objects.TestDataDetails@1c5321a, 3=com.java.Objects.TestDataDetails@89b125}
[INFO ][2015-12-22 17:37:52,786][com.java.TestType] [  482] -  str(1) = 1
[INFO ][2015-12-22 17:37:52,786][com.java.TestType] [  485] - Test case Id is---1
[INFO ][2015-12-22 17:37:52,786][com.java.TestType] [  487] - 1
[INFO ][2015-12-22 17:37:52,786][com.java.TestType] [  482] -  str(2) = 4
[INFO ][2015-12-22 17:37:52,787][com.java.TestType] [  534] - row values are--------{1=com.java.Objects.TestDataDetails@1ad9c6f, 2=com.java.Objects.TestDataDetails@1c5321a, 3=com.java.Objects.TestDataDetails@89b125, 4=com.java.Objects.TestDataDetails@1287ab4}
[INFO ][2015-12-22 17:37:52,787][com.java.TestType] [  482] -  str(1) = 1
[INFO ][2015-12-22 17:37:52,787][com.java.TestType] [  485] - Test case Id is---1
[INFO ][2015-12-22 17:37:52,787][com.java.TestType] [  487] - 1
[INFO ][2015-12-22 17:37:52,787][com.java.TestType] [  482] -  str(2) = 5
[INFO ][2015-12-22 17:37:52,787][com.java.TestType] [  534] - row values are--------{1=com.java.Objects.TestDataDetails@1ad9c6f, 2=com.java.Objects.TestDataDetails@1c5321a, 3=com.java.Objects.TestDataDetails@89b125, 4=com.java.Objects.TestDataDetails@1287ab4, 5=com.java.Objects.TestDataDetails@197c609}
[INFO ][2015-12-22 17:37:52,788][com.java.TestType] [  482] -  str(1) = 1
[INFO ][2015-12-22 17:37:52,788][com.java.TestType] [  485] - Test case Id is---1
[INFO ][2015-12-22 17:37:52,788][com.java.TestType] [  487] - 1
[INFO ][2015-12-22 17:37:52,788][com.java.TestType] [  482] -  str(2) = 6
[INFO ][2015-12-22 17:37:52,788][com.java.TestType] [  534] - row values are--------{1=com.java.Objects.TestDataDetails@1ad9c6f, 2=com.java.Objects.TestDataDetails@1c5321a, 3=com.java.Objects.TestDataDetails@89b125, 4=com.java.Objects.TestDataDetails@1287ab4, 5=com.java.Objects.TestDataDetails@197c609, 6=com.java.Objects.TestDataDetails@19bfbe0}
[INFO ][2015-12-22 17:37:52,788][com.java.TestType] [  482] -  str(1) = 1
[INFO ][2015-12-22 17:37:52,789][com.java.TestType] [  485] - Test case Id is---1
[INFO ][2015-12-22 17:37:52,789][com.java.TestType] [  487] - 1
[INFO ][2015-12-22 17:37:52,789][com.java.TestType] [  482] -  str(2) = 7
[INFO ][2015-12-22 17:37:52,789][com.java.TestType] [  534] - row values are--------{1=com.java.Objects.TestDataDetails@1ad9c6f, 2=com.java.Objects.TestDataDetails@1c5321a, 3=com.java.Objects.TestDataDetails@89b125, 4=com.java.Objects.TestDataDetails@1287ab4, 5=com.java.Objects.TestDataDetails@197c609, 6=com.java.Objects.TestDataDetails@19bfbe0, 7=com.java.Objects.TestDataDetails@493280}
[INFO ][2015-12-22 17:37:52,789][com.java.TestType] [  482] -  str(1) = 1
[INFO ][2015-12-22 17:37:52,789][com.java.TestType] [  485] - Test case Id is---1
[INFO ][2015-12-22 17:37:52,790][com.java.TestType] [  487] - 1
[INFO ][2015-12-22 17:37:52,790][com.java.TestType] [  482] -  str(2) = 8
[INFO ][2015-12-22 17:37:52,791][com.java.TestType] [  534] - row values are--------{1=com.java.Objects.TestDataDetails@1ad9c6f, 2=com.java.Objects.TestDataDetails@1c5321a, 3=com.java.Objects.TestDataDetails@89b125, 4=com.java.Objects.TestDataDetails@1287ab4, 5=com.java.Objects.TestDataDetails@197c609, 6=com.java.Objects.TestDataDetails@19bfbe0, 7=com.java.Objects.TestDataDetails@493280, 8=com.java.Objects.TestDataDetails@17c016e}
[INFO ][2015-12-22 17:37:52,791][com.java.TestType] [  482] -  str(1) = 1
[INFO ][2015-12-22 17:37:52,791][com.java.TestType] [  485] - Test case Id is---1
[INFO ][2015-12-22 17:37:52,791][com.java.TestType] [  487] - 1
[INFO ][2015-12-22 17:37:52,791][com.java.TestType] [  482] -  str(2) = 9
[INFO ][2015-12-22 17:37:52,792][com.java.TestType] [  534] - row values are--------{1=com.java.Objects.TestDataDetails@1ad9c6f, 2=com.java.Objects.TestDataDetails@1c5321a, 3=com.java.Objects.TestDataDetails@89b125, 4=com.java.Objects.TestDataDetails@1287ab4, 5=com.java.Objects.TestDataDetails@197c609, 6=com.java.Objects.TestDataDetails@19bfbe0, 7=com.java.Objects.TestDataDetails@493280, 8=com.java.Objects.TestDataDetails@17c016e, 9=com.java.Objects.TestDataDetails@d2e2e6}
[INFO ][2015-12-22 17:37:52,792][com.java.TestType] [  482] -  str(1) = 1
[INFO ][2015-12-22 17:37:52,792][com.java.TestType] [  485] - Test case Id is---1
[INFO ][2015-12-22 17:37:52,792][com.java.TestType] [  487] - 1
[INFO ][2015-12-22 17:37:52,792][com.java.TestType] [  482] -  str(2) = 10
[INFO ][2015-12-22 17:37:52,793][com.java.TestType] [  534] - row values are--------{1=com.java.Objects.TestDataDetails@1ad9c6f, 2=com.java.Objects.TestDataDetails@1c5321a, 3=com.java.Objects.TestDataDetails@89b125, 4=com.java.Objects.TestDataDetails@1287ab4, 5=com.java.Objects.TestDataDetails@197c609, 6=com.java.Objects.TestDataDetails@19bfbe0, 7=com.java.Objects.TestDataDetails@493280, 8=com.java.Objects.TestDataDetails@17c016e, 9=com.java.Objects.TestDataDetails@d2e2e6, 10=com.java.Objects.TestDataDetails@9c0c8b}
[INFO ][2015-12-22 17:37:52,793][com.java.TestType] [  482] -  str(1) = 1
[INFO ][2015-12-22 17:37:52,793][com.java.TestType] [  485] - Test case Id is---1
[INFO ][2015-12-22 17:37:52,793][com.java.TestType] [  487] - 1
[INFO ][2015-12-22 17:37:52,793][com.java.TestType] [  482] -  str(2) = 11
[INFO ][2015-12-22 17:37:52,794][com.java.TestType] [  534] - row values are--------{1=com.java.Objects.TestDataDetails@1ad9c6f, 2=com.java.Objects.TestDataDetails@1c5321a, 3=com.java.Objects.TestDataDetails@89b125, 4=com.java.Objects.TestDataDetails@1287ab4, 5=com.java.Objects.TestDataDetails@197c609, 6=com.java.Objects.TestDataDetails@19bfbe0, 7=com.java.Objects.TestDataDetails@493280, 8=com.java.Objects.TestDataDetails@17c016e, 9=com.java.Objects.TestDataDetails@d2e2e6, 10=com.java.Objects.TestDataDetails@9c0c8b, 11=com.java.Objects.TestDataDetails@4e5ea5}
[INFO ][2015-12-22 17:37:52,794][com.java.TestType] [  482] -  str(1) = 1
[INFO ][2015-12-22 17:37:52,794][com.java.TestType] [  485] - Test case Id is---1
[INFO ][2015-12-22 17:37:52,794][com.java.TestType] [  487] - 1
[INFO ][2015-12-22 17:37:52,794][com.java.TestType] [  482] -  str(2) = 12
[INFO ][2015-12-22 17:37:52,795][com.java.TestType] [  534] - row values are--------{1=com.java.Objects.TestDataDetails@1ad9c6f, 2=com.java.Objects.TestDataDetails@1c5321a, 3=com.java.Objects.TestDataDetails@89b125, 4=com.java.Objects.TestDataDetails@1287ab4, 5=com.java.Objects.TestDataDetails@197c609, 6=com.java.Objects.TestDataDetails@19bfbe0, 7=com.java.Objects.TestDataDetails@493280, 8=com.java.Objects.TestDataDetails@17c016e, 9=com.java.Objects.TestDataDetails@d2e2e6, 10=com.java.Objects.TestDataDetails@9c0c8b, 11=com.java.Objects.TestDataDetails@4e5ea5, 12=com.java.Objects.TestDataDetails@22adfd}
[INFO ][2015-12-22 17:37:52,795][com.java.TestType] [  482] -  str(1) = 1
[INFO ][2015-12-22 17:37:52,795][com.java.TestType] [  485] - Test case Id is---1
[INFO ][2015-12-22 17:37:52,795][com.java.TestType] [  487] - 1
[INFO ][2015-12-22 17:37:52,795][com.java.TestType] [  482] -  str(2) = 13
[INFO ][2015-12-22 17:37:52,795][com.java.TestType] [  534] - row values are--------{1=com.java.Objects.TestDataDetails@1ad9c6f, 2=com.java.Objects.TestDataDetails@1c5321a, 3=com.java.Objects.TestDataDetails@89b125, 4=com.java.Objects.TestDataDetails@1287ab4, 5=com.java.Objects.TestDataDetails@197c609, 6=com.java.Objects.TestDataDetails@19bfbe0, 7=com.java.Objects.TestDataDetails@493280, 8=com.java.Objects.TestDataDetails@17c016e, 9=com.java.Objects.TestDataDetails@d2e2e6, 10=com.java.Objects.TestDataDetails@9c0c8b, 11=com.java.Objects.TestDataDetails@4e5ea5, 12=com.java.Objects.TestDataDetails@22adfd, 13=com.java.Objects.TestDataDetails@ac3714}
[INFO ][2015-12-22 17:37:52,795][com.java.TestType] [  482] -  str(1) = 1
[INFO ][2015-12-22 17:37:52,796][com.java.TestType] [  485] - Test case Id is---1
[INFO ][2015-12-22 17:37:52,796][com.java.TestType] [  487] - 1
[INFO ][2015-12-22 17:37:52,796][com.java.TestType] [  482] -  str(2) = 14
[INFO ][2015-12-22 17:37:52,796][com.java.TestType] [  534] - row values are--------{1=com.java.Objects.TestDataDetails@1ad9c6f, 2=com.java.Objects.TestDataDetails@1c5321a, 3=com.java.Objects.TestDataDetails@89b125, 4=com.java.Objects.TestDataDetails@1287ab4, 5=com.java.Objects.TestDataDetails@197c609, 6=com.java.Objects.TestDataDetails@19bfbe0, 7=com.java.Objects.TestDataDetails@493280, 8=com.java.Objects.TestDataDetails@17c016e, 9=com.java.Objects.TestDataDetails@d2e2e6, 10=com.java.Objects.TestDataDetails@9c0c8b, 11=com.java.Objects.TestDataDetails@4e5ea5, 12=com.java.Objects.TestDataDetails@22adfd, 13=com.java.Objects.TestDataDetails@ac3714, 14=com.java.Objects.TestDataDetails@1d03291}
[INFO ][2015-12-22 17:37:52,796][com.java.TestType] [  482] -  str(1) = 1
[INFO ][2015-12-22 17:37:52,796][com.java.TestType] [  485] - Test case Id is---1
[INFO ][2015-12-22 17:37:52,797][com.java.TestType] [  487] - 1
[INFO ][2015-12-22 17:37:52,797][com.java.TestType] [  482] -  str(2) = 15
[INFO ][2015-12-22 17:37:52,797][com.java.TestType] [  534] - row values are--------{1=com.java.Objects.TestDataDetails@1ad9c6f, 2=com.java.Objects.TestDataDetails@1c5321a, 3=com.java.Objects.TestDataDetails@89b125, 4=com.java.Objects.TestDataDetails@1287ab4, 5=com.java.Objects.TestDataDetails@197c609, 6=com.java.Objects.TestDataDetails@19bfbe0, 7=com.java.Objects.TestDataDetails@493280, 8=com.java.Objects.TestDataDetails@17c016e, 9=com.java.Objects.TestDataDetails@d2e2e6, 10=com.java.Objects.TestDataDetails@9c0c8b, 11=com.java.Objects.TestDataDetails@4e5ea5, 12=com.java.Objects.TestDataDetails@22adfd, 13=com.java.Objects.TestDataDetails@ac3714, 14=com.java.Objects.TestDataDetails@1d03291, 15=com.java.Objects.TestDataDetails@4830f6}
[INFO ][2015-12-22 17:37:52,797][com.java.TestType] [  482] -  str(1) = 1
[INFO ][2015-12-22 17:37:52,797][com.java.TestType] [  485] - Test case Id is---1
[INFO ][2015-12-22 17:37:52,798][com.java.TestType] [  487] - 1
[INFO ][2015-12-22 17:37:52,798][com.java.TestType] [  482] -  str(2) = 16
[INFO ][2015-12-22 17:37:52,799][com.java.TestType] [  534] - row values are--------{1=com.java.Objects.TestDataDetails@1ad9c6f, 2=com.java.Objects.TestDataDetails@1c5321a, 3=com.java.Objects.TestDataDetails@89b125, 4=com.java.Objects.TestDataDetails@1287ab4, 5=com.java.Objects.TestDataDetails@197c609, 6=com.java.Objects.TestDataDetails@19bfbe0, 7=com.java.Objects.TestDataDetails@493280, 8=com.java.Objects.TestDataDetails@17c016e, 9=com.java.Objects.TestDataDetails@d2e2e6, 10=com.java.Objects.TestDataDetails@9c0c8b, 11=com.java.Objects.TestDataDetails@4e5ea5, 12=com.java.Objects.TestDataDetails@22adfd, 13=com.java.Objects.TestDataDetails@ac3714, 14=com.java.Objects.TestDataDetails@1d03291, 15=com.java.Objects.TestDataDetails@4830f6, 16=com.java.Objects.TestDataDetails@433c6}
[INFO ][2015-12-22 17:37:52,799][com.java.TestType] [10274] - Looping 1TCID = 1
[DEBUG][2015-12-22 17:37:52,799][com.java.TestType] [10315] - Concept ID:1 :: Step being Executed: 1::6
[INFO ][2015-12-22 17:37:52,799][com.java.TestType] [10353] - dataFields : LNKLogout
[DEBUG][2015-12-22 17:37:52,799][com.java.TestType] [10359] - <In Set values of the page>
[DEBUG][2015-12-22 17:37:52,799][com.java.TestType] [10364] - {Data Fields & Data Values Exist}
[INFO ][2015-12-22 17:37:52,799][com.java.TestType] [10370] - --------------------------setting values-----------------------------
[INFO ][2015-12-22 17:37:52,799][com.java.TestType] [10373] - Action Type : WaitTime
[DEBUG][2015-12-22 17:37:52,800][com.java.TestType] [ 5416] - sleepTime: 3000
[INFO ][2015-12-22 17:37:55,800][com.java.TestType] [10392] -  RESULT true
[INFO ][2015-12-22 17:37:55,800][com.java.TestType] [10509] - ?   P A S S   ?
[DEBUG][2015-12-22 17:37:55,800][com.java.TestType] [10315] - Concept ID:1 :: Step being Executed: 1::7
[INFO ][2015-12-22 17:37:55,800][com.java.TestType] [10353] - dataFields : TTL
[DEBUG][2015-12-22 17:37:55,800][com.java.TestType] [10359] - <In Set values of the page>
[DEBUG][2015-12-22 17:37:55,800][com.java.TestType] [10364] - {Data Fields & Data Values Exist}
[INFO ][2015-12-22 17:37:55,800][com.java.TestType] [10370] - --------------------------setting values-----------------------------
[INFO ][2015-12-22 17:37:55,800][com.java.TestType] [10373] - Action Type : SelectWindow
[INFO ][2015-12-22 17:38:08,410][com.java.TestType] [10392] -  RESULT true
[INFO ][2015-12-22 17:38:08,410][com.java.TestType] [10509] - ?   P A S S   ?
[DEBUG][2015-12-22 17:38:08,410][com.java.TestType] [10315] - Concept ID:1 :: Step being Executed: 1::8
[INFO ][2015-12-22 17:38:08,411][com.java.TestType] [10353] - dataFields : test
[DEBUG][2015-12-22 17:38:08,411][com.java.TestType] [10359] - <In Set values of the page>
[DEBUG][2015-12-22 17:38:08,411][com.java.TestType] [10364] - {Data Fields & Data Values Exist}
[INFO ][2015-12-22 17:38:08,411][com.java.TestType] [10370] - --------------------------setting values-----------------------------
[INFO ][2015-12-22 17:38:08,411][com.java.TestType] [10373] - Action Type : WaitTime
[DEBUG][2015-12-22 17:38:08,411][com.java.TestType] [ 5416] - sleepTime: 20000
[INFO ][2015-12-22 17:38:28,412][com.java.TestType] [10392] -  RESULT true
[INFO ][2015-12-22 17:38:28,412][com.java.TestType] [10509] - ?   P A S S   ?
[DEBUG][2015-12-22 17:38:28,412][com.java.TestType] [10315] - Concept ID:1 :: Step being Executed: 1::9
[ERROR][2015-12-22 17:38:28,412][com.java.TestType] [10348] - Exception: null
[INFO ][2015-12-22 17:38:28,412][com.java.TestType] [10353] - dataFields : //span[@class='icon-cog2']&&//a[@data-id="UserSettings"]
[DEBUG][2015-12-22 17:38:28,412][com.java.TestType] [10359] - <In Set values of the page>
[DEBUG][2015-12-22 17:38:28,412][com.java.TestType] [10364] - {Data Fields & Data Values Exist}
[INFO ][2015-12-22 17:38:28,412][com.java.TestType] [10370] - --------------------------setting values-----------------------------
[INFO ][2015-12-22 17:38:28,412][com.java.TestType] [10373] - Action Type : MouseOver
[INFO ][2015-12-22 17:38:51,787][com.java.TestType] [10392] -  RESULT true
[INFO ][2015-12-22 17:38:51,787][com.java.TestType] [10509] - ?   P A S S   ?
[DEBUG][2015-12-22 17:38:51,787][com.java.TestType] [10315] - Concept ID:1 :: Step being Executed: 1::10
[INFO ][2015-12-22 17:38:51,787][com.java.TestType] [10353] - dataFields : BTNframeDialogContent
[DEBUG][2015-12-22 17:38:51,787][com.java.TestType] [10359] - <In Set values of the page>
[DEBUG][2015-12-22 17:38:51,787][com.java.TestType] [10364] - {Data Fields & Data Values Exist}
[INFO ][2015-12-22 17:38:51,787][com.java.TestType] [10370] - --------------------------setting values-----------------------------
[INFO ][2015-12-22 17:38:51,787][com.java.TestType] [10373] - Action Type : WaitForElement
[INFO ][2015-12-22 17:38:52,998][com.java.TestType] [10392] -  RESULT true
[INFO ][2015-12-22 17:38:52,998][com.java.TestType] [10509] - ?   P A S S   ?
[DEBUG][2015-12-22 17:38:52,998][com.java.TestType] [10315] - Concept ID:1 :: Step being Executed: 1::11
[INFO ][2015-12-22 17:38:52,998][com.java.TestType] [10353] - dataFields : BTN
[DEBUG][2015-12-22 17:38:52,998][com.java.TestType] [10359] - <In Set values of the page>
[DEBUG][2015-12-22 17:38:52,999][com.java.TestType] [10364] - {Data Fields & Data Values Exist}
[INFO ][2015-12-22 17:38:52,999][com.java.TestType] [10370] - --------------------------setting values-----------------------------
[INFO ][2015-12-22 17:38:52,999][com.java.TestType] [10373] - Action Type : SELECTFRAMEBYNAME
[INFO ][2015-12-22 17:38:52,999][com.java.TestType] [ 5596] - value = frameDialogContent
[INFO ][2015-12-22 17:38:53,070][com.java.TestType] [10392] -  RESULT true
[INFO ][2015-12-22 17:38:53,070][com.java.TestType] [10509] - ?   P A S S   ?
[DEBUG][2015-12-22 17:38:53,070][com.java.TestType] [10315] - Concept ID:1 :: Step being Executed: 1::12
[INFO ][2015-12-22 17:38:53,070][com.java.TestType] [10353] - dataFields : SLBddlOpenBDInNewWindow
[DEBUG][2015-12-22 17:38:53,070][com.java.TestType] [10359] - <In Set values of the page>
[DEBUG][2015-12-22 17:38:53,070][com.java.TestType] [10364] - {Data Fields & Data Values Exist}
[INFO ][2015-12-22 17:38:53,070][com.java.TestType] [10370] - --------------------------setting values-----------------------------
[INFO ][2015-12-22 17:38:53,070][com.java.TestType] [10373] - Action Type : Select
[INFO ][2015-12-22 17:38:53,071][com.java.TestType] [ 5596] - value = No
[INFO ][2015-12-22 17:38:55,400][com.java.TestType] [10392] -  RESULT true
[INFO ][2015-12-22 17:38:55,400][com.java.TestType] [10509] - ?   P A S S   ?
[DEBUG][2015-12-22 17:38:55,400][com.java.TestType] [10315] - Concept ID:1 :: Step being Executed: 1::13
[ERROR][2015-12-22 17:38:55,400][com.java.TestType] [10348] - Exception: null
[INFO ][2015-12-22 17:38:55,400][com.java.TestType] [10353] - dataFields : BTNparent
[DEBUG][2015-12-22 17:38:55,400][com.java.TestType] [10359] - <In Set values of the page>
[DEBUG][2015-12-22 17:38:55,401][com.java.TestType] [10364] - {Data Fields & Data Values Exist}
[INFO ][2015-12-22 17:38:55,401][com.java.TestType] [10370] - --------------------------setting values-----------------------------
[INFO ][2015-12-22 17:38:55,401][com.java.TestType] [10373] - Action Type : SELECTFRAME
[INFO ][2015-12-22 17:38:55,417][com.java.TestType] [10392] -  RESULT true
[INFO ][2015-12-22 17:38:55,418][com.java.TestType] [10509] - ?   P A S S   ?
[DEBUG][2015-12-22 17:38:55,418][com.java.TestType] [10315] - Concept ID:1 :: Step being Executed: 1::14
[ERROR][2015-12-22 17:38:55,418][com.java.TestType] [10348] - Exception: null
[INFO ][2015-12-22 17:38:55,418][com.java.TestType] [10353] - dataFields : BTN//span[text()='Finished']
[DEBUG][2015-12-22 17:38:55,418][com.java.TestType] [10359] - <In Set values of the page>
[DEBUG][2015-12-22 17:38:55,418][com.java.TestType] [10364] - {Data Fields & Data Values Exist}
[INFO ][2015-12-22 17:38:55,418][com.java.TestType] [10370] - --------------------------setting values-----------------------------
[INFO ][2015-12-22 17:38:55,418][com.java.TestType] [10373] - Action Type : Click
[INFO ][2015-12-22 17:38:55,418][com.java.TestType] [ 5975] - Field ::BTN//span[text()='Finished']
[INFO ][2015-12-22 17:38:55,418][com.java.TestType] [ 5596] - value = 
[INFO ][2015-12-22 17:38:56,418][com.java.TestType] [ 6091] - BEFORE CLICK
[INFO ][2015-12-22 17:38:56,807][com.java.TestType] [ 6098] - Unable to click the object Finished button
[INFO ][2015-12-22 17:38:56,807][com.java.TestType] [10392] -  RESULT true
[INFO ][2015-12-22 17:38:56,807][com.java.TestType] [10509] - ?   P A S S   ?
[DEBUG][2015-12-22 17:38:56,807][com.java.TestType] [10315] - Concept ID:1 :: Step being Executed: 1::15
[INFO ][2015-12-22 17:38:56,807][com.java.TestType] [10353] - dataFields : LNK
[DEBUG][2015-12-22 17:38:56,807][com.java.TestType] [10359] - <In Set values of the page>
[DEBUG][2015-12-22 17:38:56,808][com.java.TestType] [10364] - {Data Fields & Data Values Exist}
[INFO ][2015-12-22 17:38:56,808][com.java.TestType] [10370] - --------------------------setting values-----------------------------
[INFO ][2015-12-22 17:38:56,808][com.java.TestType] [10373] - Action Type : Verify
[INFO ][2015-12-22 17:38:56,809][com.java.TestType] [ 6946] - field= LNK value= Logout
[INFO ][2015-12-22 17:38:56,809][com.java.TestType] [ 5596] - value = Logout
[INFO ][2015-12-22 17:38:56,934][com.java.TestType] [10392] -  RESULT true
[INFO ][2015-12-22 17:38:56,935][com.java.TestType] [10509] - ?   P A S S   ?
[DEBUG][2015-12-22 17:38:56,935][com.java.TestType] [10315] - Concept ID:1 :: Step being Executed: 1::16
[INFO ][2015-12-22 17:38:56,935][com.java.TestType] [10353] - dataFields : BTN
[DEBUG][2015-12-22 17:38:56,935][com.java.TestType] [10359] - <In Set values of the page>
[DEBUG][2015-12-22 17:38:56,935][com.java.TestType] [10364] - {Data Fields & Data Values Exist}
[INFO ][2015-12-22 17:38:56,935][com.java.TestType] [10370] - --------------------------setting values-----------------------------
[INFO ][2015-12-22 17:38:56,935][com.java.TestType] [10373] - Action Type : Verify
[INFO ][2015-12-22 17:38:56,935][com.java.TestType] [ 6946] - field= BTN value= //img[contains(@src,'bdlogo.jpg')]
[INFO ][2015-12-22 17:38:56,935][com.java.TestType] [ 5596] - value = //img[contains(@src,'bdlogo.jpg')]
[INFO ][2015-12-22 17:38:57,130][com.java.TestType] [10392] -  RESULT true
[INFO ][2015-12-22 17:38:57,130][com.java.TestType] [10509] - ?   P A S S   ?
[INFO ][2015-12-22 17:38:57,130][com.java.TestType] [10580] - Looping End......
[INFO ][2015-12-22 17:38:57,134][com.java.SeleniumDriver] [  894] -  RESULT true
[INFO ][2015-12-22 17:38:57,134][com.java.SeleniumDriver] [ 1100] - ?   P A S S   ?
[INFO ][2015-12-22 17:38:57,134][com.java.SeleniumDriver] [  821] - ------------------------------------------
[INFO ][2015-12-22 17:38:57,134][com.java.SeleniumDriver] [  822] - Test case being Executed: 17
[INFO ][2015-12-22 17:38:57,134][com.java.SeleniumDriver] [  833] - Test step:21
[INFO ][2015-12-22 17:38:57,134][com.java.SeleniumDriver] [  845] - Datavalue is----------close
[INFO ][2015-12-22 17:38:57,134][com.java.SeleniumDriver] [  869] - DataField : test
[INFO ][2015-12-22 17:38:57,136][com.java.SeleniumDriver] [  871] - DataValue : close
[INFO ][2015-12-22 17:38:57,136][com.java.SeleniumDriver] [  877] - <In Set values of the page>
[INFO ][2015-12-22 17:38:57,136][com.java.SeleniumDriver] [  880] - {Data Fields & Data Values Exist}
[INFO ][2015-12-22 17:38:57,136][com.java.SeleniumDriver] [  882] - --------------------------setting values-----------------------------
[INFO ][2015-12-22 17:38:57,136][com.java.SeleniumDriver] [  885] - Action Type : Logout
[INFO ][2015-12-22 17:38:59,937][com.java.TestType] [ 5975] - Field ::CNF
[INFO ][2015-12-22 17:38:59,937][com.java.TestType] [ 5596] - value = OK
[ERROR][2015-12-22 17:39:00,952][com.java.TestType] [ 6286] - Exception in click:: Unable to get browser (WARNING: The server did not provide any stacktrace information)
Command duration or timeout: 14 milliseconds
Build info: version: '2.48.2', revision: '41bccdd', time: '2015-10-09 19:59:12'
System info: host: 'FVTIII438F1D', ip: '172.17.68.34', os.name: 'Windows 7', os.arch: 'x86', os.version: '6.1', java.version: '1.7.0_55'
Session ID: 55f058c8-3498-4671-9c87-838a73832b22
Driver info: org.openqa.selenium.ie.InternetExplorerDriver
Capabilities [{platform=WINDOWS, javascriptEnabled=true, elementScrollBehavior=0, ignoreZoomSetting=false, enablePersistentHover=true, ie.ensureCleanSession=false, browserName=internet explorer, enableElementCacheCleanup=true, unexpectedAlertBehaviour=dismiss, version=10, ie.usePerProcessProxy=false, ignoreProtectedModeSettings=true, cssSelectorsEnabled=true, requireWindowFocus=false, initialBrowserUrl=http://localhost:8945/, handlesAlerts=true, ie.forceCreateProcessApi=false, nativeEvents=true, browserAttachTimeout=0, ie.browserCommandLineSwitches=, takesScreenshot=true}]
[INFO ][2015-12-22 17:39:00,952][com.java.TestType] [ 6290] - Element :::: not found
[DEBUG][2015-12-22 17:39:00,969][com.java.SeleniumDriver] [  426] - Hub ip address is-------172.17.68.34
[INFO ][2015-12-22 17:39:00,969][com.java.SeleniumDriver] [  452] - Grid URL:http://172.17.68.34:4444/wd/hub
[INFO ][2015-12-22 17:39:00,969][com.java.SeleniumDriver] [  453] - Capability:Capabilities [{platform=ANY, ensureCleanSession=true, ignoreProtectedModeSettings=true, acceptSslCerts=true, ignoreZoomSetting=true, browserName=internet explorer, browserstack.ie.noFlash=true, version=null}]
[ERROR][2015-12-22 17:39:01,973][com.java.SeleniumDriver] [  497] - Unable invoke browser in grid:Could not start a new session. Possible causes are invalid address of the remote server or browser start-up failure.
Build info: version: '2.48.2', revision: '41bccdd', time: '2015-10-09 19:59:12'
System info: host: 'FVTIII438F1D', ip: '172.17.68.34', os.name: 'Windows 7', os.arch: 'x86', os.version: '6.1', java.version: '1.7.0_55'
Driver info: driver.version: SeleniumDriver
[INFO ][2015-12-22 17:39:01,974][com.java.SeleniumDriver] [  499] - Executing on local machine
[INFO ][2015-12-22 17:39:12,356][com.java.SeleniumDriver] [  894] -  RESULT true
[INFO ][2015-12-22 17:39:12,356][com.java.SeleniumDriver] [ 1100] - ?   P A S S   ?
[INFO ][2015-12-22 17:39:12,356][com.java.SeleniumDriver] [  821] - ------------------------------------------
[INFO ][2015-12-22 17:39:12,356][com.java.SeleniumDriver] [  822] - Test case being Executed: 17
[INFO ][2015-12-22 17:39:12,356][com.java.SeleniumDriver] [  833] - Test step:22
[INFO ][2015-12-22 17:39:12,356][com.java.SeleniumDriver] [  845] - Datavalue is----------10
[INFO ][2015-12-22 17:39:12,356][com.java.SeleniumDriver] [  869] - DataField : LNKLogout
[INFO ][2015-12-22 17:39:12,357][com.java.SeleniumDriver] [  871] - DataValue : 10
[INFO ][2015-12-22 17:39:12,357][com.java.SeleniumDriver] [  877] - <In Set values of the page>
[INFO ][2015-12-22 17:39:12,357][com.java.SeleniumDriver] [  880] - {Data Fields & Data Values Exist}
[INFO ][2015-12-22 17:39:12,357][com.java.SeleniumDriver] [  882] - --------------------------setting values-----------------------------
[INFO ][2015-12-22 17:39:12,357][com.java.SeleniumDriver] [  885] - Action Type : WaitTime
[DEBUG][2015-12-22 17:39:12,357][com.java.TestType] [ 5416] - sleepTime: 10000
[INFO ][2015-12-22 17:39:22,358][com.java.SeleniumDriver] [  894] -  RESULT true
[INFO ][2015-12-22 17:39:22,358][com.java.SeleniumDriver] [ 1100] - ?   P A S S   ?
[INFO ][2015-12-22 17:39:22,358][com.java.SeleniumDriver] [  821] - ------------------------------------------
[INFO ][2015-12-22 17:39:22,358][com.java.SeleniumDriver] [  822] - Test case being Executed: 17
[INFO ][2015-12-22 17:39:22,358][com.java.SeleniumDriver] [  833] - Test step:23
[INFO ][2015-12-22 17:39:22,358][com.java.SeleniumDriver] [  845] - Datavalue is----------null
[DEBUG][2015-12-22 17:39:22,358][com.java.SeleniumDriver] [  863] - Exception: null
[INFO ][2015-12-22 17:39:22,358][com.java.SeleniumDriver] [  869] - DataField : CHK//div[@id="loginbox"]//input[@ng-click='vm.rememberMe()']
[INFO ][2015-12-22 17:39:22,359][com.java.SeleniumDriver] [  871] - DataValue : 
[INFO ][2015-12-22 17:39:22,359][com.java.SeleniumDriver] [  877] - <In Set values of the page>
[INFO ][2015-12-22 17:39:22,359][com.java.SeleniumDriver] [  880] - {Data Fields & Data Values Exist}
[INFO ][2015-12-22 17:39:22,359][com.java.SeleniumDriver] [  882] - --------------------------setting values-----------------------------
[INFO ][2015-12-22 17:39:22,359][com.java.SeleniumDriver] [  885] - Action Type : Check
[INFO ][2015-12-22 17:39:23,527][com.java.SeleniumDriver] [  894] -  RESULT true
[INFO ][2015-12-22 17:39:23,527][com.java.SeleniumDriver] [ 1100] - ?   P A S S   ?
[INFO ][2015-12-22 17:39:23,527][com.java.SeleniumDriver] [  821] - ------------------------------------------
[INFO ][2015-12-22 17:39:23,527][com.java.SeleniumDriver] [  822] - Test case being Executed: 17
[INFO ][2015-12-22 17:39:23,527][com.java.SeleniumDriver] [  833] - Test step:24
[INFO ][2015-12-22 17:39:23,527][com.java.SeleniumDriver] [  845] - Datavalue is----------Concept#1:2-4
[INFO ][2015-12-22 17:39:23,527][com.java.SeleniumDriver] [  869] - DataField : test
[INFO ][2015-12-22 17:39:23,527][com.java.SeleniumDriver] [  871] - DataValue : Concept#1:2-4
[INFO ][2015-12-22 17:39:23,527][com.java.SeleniumDriver] [  877] - <In Set values of the page>
[INFO ][2015-12-22 17:39:23,527][com.java.SeleniumDriver] [  880] - {Data Fields & Data Values Exist}
[INFO ][2015-12-22 17:39:23,527][com.java.SeleniumDriver] [  882] - --------------------------setting values-----------------------------
[INFO ][2015-12-22 17:39:23,527][com.java.SeleniumDriver] [  885] - Action Type : ExecuteTestCase
[INFO ][2015-12-22 17:39:23,528][com.java.TestType] [  437] - The Concept sheet name is ---------- Concept
[INFO ][2015-12-22 17:39:23,528][com.java.TestType] [  440] - The Concept ID  is ---------- 1
[DEBUG][2015-12-22 17:39:23,528][com.java.TestType] [  444] - Steps being executted in the Concept are: 2:4
[INFO ][2015-12-22 17:39:23,528][com.java.TestType] [  451] - Test data details path ---------- D:\BankersDashboard\TestInputs\TestData.xls
[INFO ][2015-12-22 17:39:23,558][com.java.TestType] [  482] -  str(1) = 1
[INFO ][2015-12-22 17:39:23,558][com.java.TestType] [  485] - Test case Id is---1
[INFO ][2015-12-22 17:39:23,558][com.java.TestType] [  487] - 1
[INFO ][2015-12-22 17:39:23,558][com.java.TestType] [  482] -  str(2) = 1
[INFO ][2015-12-22 17:39:23,560][com.java.TestType] [  534] - row values are--------{1=com.java.Objects.TestDataDetails@de96e1}
[INFO ][2015-12-22 17:39:23,560][com.java.TestType] [  482] -  str(1) = 1
[INFO ][2015-12-22 17:39:23,560][com.java.TestType] [  485] - Test case Id is---1
[INFO ][2015-12-22 17:39:23,560][com.java.TestType] [  487] - 1
[INFO ][2015-12-22 17:39:23,560][com.java.TestType] [  482] -  str(2) = 2
[INFO ][2015-12-22 17:39:23,561][com.java.TestType] [  534] - row values are--------{1=com.java.Objects.TestDataDetails@de96e1, 2=com.java.Objects.TestDataDetails@7c489b}
[INFO ][2015-12-22 17:39:23,561][com.java.TestType] [  482] -  str(1) = 1
[INFO ][2015-12-22 17:39:23,561][com.java.TestType] [  485] - Test case Id is---1
[INFO ][2015-12-22 17:39:23,561][com.java.TestType] [  487] - 1
[INFO ][2015-12-22 17:39:23,561][com.java.TestType] [  482] -  str(2) = 3
[INFO ][2015-12-22 17:39:23,562][com.java.TestType] [  534] - row values are--------{1=com.java.Objects.TestDataDetails@de96e1, 2=com.java.Objects.TestDataDetails@7c489b, 3=com.java.Objects.TestDataDetails@2e365e}
[INFO ][2015-12-22 17:39:23,562][com.java.TestType] [  482] -  str(1) = 1
[INFO ][2015-12-22 17:39:23,562][com.java.TestType] [  485] - Test case Id is---1
[INFO ][2015-12-22 17:39:23,562][com.java.TestType] [  487] - 1
[INFO ][2015-12-22 17:39:23,562][com.java.TestType] [  482] -  str(2) = 4
[INFO ][2015-12-22 17:39:23,563][com.java.TestType] [  534] - row values are--------{1=com.java.Objects.TestDataDetails@de96e1, 2=com.java.Objects.TestDataDetails@7c489b, 3=com.java.Objects.TestDataDetails@2e365e, 4=com.java.Objects.TestDataDetails@12aa33d}
[INFO ][2015-12-22 17:39:23,563][com.java.TestType] [  482] -  str(1) = 1
[INFO ][2015-12-22 17:39:23,563][com.java.TestType] [  485] - Test case Id is---1
[INFO ][2015-12-22 17:39:23,563][com.java.TestType] [  487] - 1
[INFO ][2015-12-22 17:39:23,563][com.java.TestType] [  482] -  str(2) = 5
[INFO ][2015-12-22 17:39:23,564][com.java.TestType] [  534] - row values are--------{1=com.java.Objects.TestDataDetails@de96e1, 2=com.java.Objects.TestDataDetails@7c489b, 3=com.java.Objects.TestDataDetails@2e365e, 4=com.java.Objects.TestDataDetails@12aa33d, 5=com.java.Objects.TestDataDetails@1e2cae3}
[INFO ][2015-12-22 17:39:23,564][com.java.TestType] [  482] -  str(1) = 1
[INFO ][2015-12-22 17:39:23,564][com.java.TestType] [  485] - Test case Id is---1
[INFO ][2015-12-22 17:39:23,564][com.java.TestType] [  487] - 1
[INFO ][2015-12-22 17:39:23,564][com.java.TestType] [  482] -  str(2) = 6
[INFO ][2015-12-22 17:39:23,565][com.java.TestType] [  534] - row values are--------{1=com.java.Objects.TestDataDetails@de96e1, 2=com.java.Objects.TestDataDetails@7c489b, 3=com.java.Objects.TestDataDetails@2e365e, 4=com.java.Objects.TestDataDetails@12aa33d, 5=com.java.Objects.TestDataDetails@1e2cae3, 6=com.java.Objects.TestDataDetails@448e3f}
[INFO ][2015-12-22 17:39:23,565][com.java.TestType] [  482] -  str(1) = 1
[INFO ][2015-12-22 17:39:23,565][com.java.TestType] [  485] - Test case Id is---1
[INFO ][2015-12-22 17:39:23,565][com.java.TestType] [  487] - 1
[INFO ][2015-12-22 17:39:23,565][com.java.TestType] [  482] -  str(2) = 7
[INFO ][2015-12-22 17:39:23,565][com.java.TestType] [  534] - row values are--------{1=com.java.Objects.TestDataDetails@de96e1, 2=com.java.Objects.TestDataDetails@7c489b, 3=com.java.Objects.TestDataDetails@2e365e, 4=com.java.Objects.TestDataDetails@12aa33d, 5=com.java.Objects.TestDataDetails@1e2cae3, 6=com.java.Objects.TestDataDetails@448e3f, 7=com.java.Objects.TestDataDetails@19c92e2}
[INFO ][2015-12-22 17:39:23,566][com.java.TestType] [  482] -  str(1) = 1
[INFO ][2015-12-22 17:39:23,566][com.java.TestType] [  485] - Test case Id is---1
[INFO ][2015-12-22 17:39:23,566][com.java.TestType] [  487] - 1
[INFO ][2015-12-22 17:39:23,566][com.java.TestType] [  482] -  str(2) = 8
[INFO ][2015-12-22 17:39:23,566][com.java.TestType] [  534] - row values are--------{1=com.java.Objects.TestDataDetails@de96e1, 2=com.java.Objects.TestDataDetails@7c489b, 3=com.java.Objects.TestDataDetails@2e365e, 4=com.java.Objects.TestDataDetails@12aa33d, 5=com.java.Objects.TestDataDetails@1e2cae3, 6=com.java.Objects.TestDataDetails@448e3f, 7=com.java.Objects.TestDataDetails@19c92e2, 8=com.java.Objects.TestDataDetails@1c41350}
[INFO ][2015-12-22 17:39:23,567][com.java.TestType] [  482] -  str(1) = 1
[INFO ][2015-12-22 17:39:23,567][com.java.TestType] [  485] - Test case Id is---1
[INFO ][2015-12-22 17:39:23,567][com.java.TestType] [  487] - 1
[INFO ][2015-12-22 17:39:23,567][com.java.TestType] [  482] -  str(2) = 9
[INFO ][2015-12-22 17:39:23,567][com.java.TestType] [  534] - row values are--------{1=com.java.Objects.TestDataDetails@de96e1, 2=com.java.Objects.TestDataDetails@7c489b, 3=com.java.Objects.TestDataDetails@2e365e, 4=com.java.Objects.TestDataDetails@12aa33d, 5=com.java.Objects.TestDataDetails@1e2cae3, 6=com.java.Objects.TestDataDetails@448e3f, 7=com.java.Objects.TestDataDetails@19c92e2, 8=com.java.Objects.TestDataDetails@1c41350, 9=com.java.Objects.TestDataDetails@11672b8}
[INFO ][2015-12-22 17:39:23,568][com.java.TestType] [  482] -  str(1) = 1
[INFO ][2015-12-22 17:39:23,568][com.java.TestType] [  485] - Test case Id is---1
[INFO ][2015-12-22 17:39:23,568][com.java.TestType] [  487] - 1
[INFO ][2015-12-22 17:39:23,568][com.java.TestType] [  482] -  str(2) = 10
[INFO ][2015-12-22 17:39:23,569][com.java.TestType] [  534] - row values are--------{1=com.java.Objects.TestDataDetails@de96e1, 2=com.java.Objects.TestDataDetails@7c489b, 3=com.java.Objects.TestDataDetails@2e365e, 4=com.java.Objects.TestDataDetails@12aa33d, 5=com.java.Objects.TestDataDetails@1e2cae3, 6=com.java.Objects.TestDataDetails@448e3f, 7=com.java.Objects.TestDataDetails@19c92e2, 8=com.java.Objects.TestDataDetails@1c41350, 9=com.java.Objects.TestDataDetails@11672b8, 10=com.java.Objects.TestDataDetails@104628c}
[INFO ][2015-12-22 17:39:23,569][com.java.TestType] [  482] -  str(1) = 1
[INFO ][2015-12-22 17:39:23,569][com.java.TestType] [  485] - Test case Id is---1
[INFO ][2015-12-22 17:39:23,569][com.java.TestType] [  487] - 1
[INFO ][2015-12-22 17:39:23,569][com.java.TestType] [  482] -  str(2) = 11
[INFO ][2015-12-22 17:39:23,570][com.java.TestType] [  534] - row values are--------{1=com.java.Objects.TestDataDetails@de96e1, 2=com.java.Objects.TestDataDetails@7c489b, 3=com.java.Objects.TestDataDetails@2e365e, 4=com.java.Objects.TestDataDetails@12aa33d, 5=com.java.Objects.TestDataDetails@1e2cae3, 6=com.java.Objects.TestDataDetails@448e3f, 7=com.java.Objects.TestDataDetails@19c92e2, 8=com.java.Objects.TestDataDetails@1c41350, 9=com.java.Objects.TestDataDetails@11672b8, 10=com.java.Objects.TestDataDetails@104628c, 11=com.java.Objects.TestDataDetails@d938e0}
[INFO ][2015-12-22 17:39:23,570][com.java.TestType] [  482] -  str(1) = 1
[INFO ][2015-12-22 17:39:23,570][com.java.TestType] [  485] - Test case Id is---1
[INFO ][2015-12-22 17:39:23,570][com.java.TestType] [  487] - 1
[INFO ][2015-12-22 17:39:23,570][com.java.TestType] [  482] -  str(2) = 12
[INFO ][2015-12-22 17:39:23,571][com.java.TestType] [  534] - row values are--------{1=com.java.Objects.TestDataDetails@de96e1, 2=com.java.Objects.TestDataDetails@7c489b, 3=com.java.Objects.TestDataDetails@2e365e, 4=com.java.Objects.TestDataDetails@12aa33d, 5=com.java.Objects.TestDataDetails@1e2cae3, 6=com.java.Objects.TestDataDetails@448e3f, 7=com.java.Objects.TestDataDetails@19c92e2, 8=com.java.Objects.TestDataDetails@1c41350, 9=com.java.Objects.TestDataDetails@11672b8, 10=com.java.Objects.TestDataDetails@104628c, 11=com.java.Objects.TestDataDetails@d938e0, 12=com.java.Objects.TestDataDetails@1e4c806}
[INFO ][2015-12-22 17:39:23,571][com.java.TestType] [  482] -  str(1) = 1
[INFO ][2015-12-22 17:39:23,571][com.java.TestType] [  485] - Test case Id is---1
[INFO ][2015-12-22 17:39:23,571][com.java.TestType] [  487] - 1
[INFO ][2015-12-22 17:39:23,571][com.java.TestType] [  482] -  str(2) = 13
[INFO ][2015-12-22 17:39:23,572][com.java.TestType] [  534] - row values are--------{1=com.java.Objects.TestDataDetails@de96e1, 2=com.java.Objects.TestDataDetails@7c489b, 3=com.java.Objects.TestDataDetails@2e365e, 4=com.java.Objects.TestDataDetails@12aa33d, 5=com.java.Objects.TestDataDetails@1e2cae3, 6=com.java.Objects.TestDataDetails@448e3f, 7=com.java.Objects.TestDataDetails@19c92e2, 8=com.java.Objects.TestDataDetails@1c41350, 9=com.java.Objects.TestDataDetails@11672b8, 10=com.java.Objects.TestDataDetails@104628c, 11=com.java.Objects.TestDataDetails@d938e0, 12=com.java.Objects.TestDataDetails@1e4c806, 13=com.java.Objects.TestDataDetails@221872}
[INFO ][2015-12-22 17:39:23,572][com.java.TestType] [  482] -  str(1) = 1
[INFO ][2015-12-22 17:39:23,572][com.java.TestType] [  485] - Test case Id is---1
[INFO ][2015-12-22 17:39:23,572][com.java.TestType] [  487] - 1
[INFO ][2015-12-22 17:39:23,572][com.java.TestType] [  482] -  str(2) = 14
[INFO ][2015-12-22 17:39:23,573][com.java.TestType] [  534] - row values are--------{1=com.java.Objects.TestDataDetails@de96e1, 2=com.java.Objects.TestDataDetails@7c489b, 3=com.java.Objects.TestDataDetails@2e365e, 4=com.java.Objects.TestDataDetails@12aa33d, 5=com.java.Objects.TestDataDetails@1e2cae3, 6=com.java.Objects.TestDataDetails@448e3f, 7=com.java.Objects.TestDataDetails@19c92e2, 8=com.java.Objects.TestDataDetails@1c41350, 9=com.java.Objects.TestDataDetails@11672b8, 10=com.java.Objects.TestDataDetails@104628c, 11=com.java.Objects.TestDataDetails@d938e0, 12=com.java.Objects.TestDataDetails@1e4c806, 13=com.java.Objects.TestDataDetails@221872, 14=com.java.Objects.TestDataDetails@aa3647}
[INFO ][2015-12-22 17:39:23,573][com.java.TestType] [  482] -  str(1) = 1
[INFO ][2015-12-22 17:39:23,573][com.java.TestType] [  485] - Test case Id is---1
[INFO ][2015-12-22 17:39:23,573][com.java.TestType] [  487] - 1
[INFO ][2015-12-22 17:39:23,573][com.java.TestType] [  482] -  str(2) = 15
[INFO ][2015-12-22 17:39:23,574][com.java.TestType] [  534] - row values are--------{1=com.java.Objects.TestDataDetails@de96e1, 2=com.java.Objects.TestDataDetails@7c489b, 3=com.java.Objects.TestDataDetails@2e365e, 4=com.java.Objects.TestDataDetails@12aa33d, 5=com.java.Objects.TestDataDetails@1e2cae3, 6=com.java.Objects.TestDataDetails@448e3f, 7=com.java.Objects.TestDataDetails@19c92e2, 8=com.java.Objects.TestDataDetails@1c41350, 9=com.java.Objects.TestDataDetails@11672b8, 10=com.java.Objects.TestDataDetails@104628c, 11=com.java.Objects.TestDataDetails@d938e0, 12=com.java.Objects.TestDataDetails@1e4c806, 13=com.java.Objects.TestDataDetails@221872, 14=com.java.Objects.TestDataDetails@aa3647, 15=com.java.Objects.TestDataDetails@145222c}
[INFO ][2015-12-22 17:39:23,574][com.java.TestType] [  482] -  str(1) = 1
[INFO ][2015-12-22 17:39:23,574][com.java.TestType] [  485] - Test case Id is---1
[INFO ][2015-12-22 17:39:23,574][com.java.TestType] [  487] - 1
[INFO ][2015-12-22 17:39:23,574][com.java.TestType] [  482] -  str(2) = 16
[INFO ][2015-12-22 17:39:23,575][com.java.TestType] [  534] - row values are--------{1=com.java.Objects.TestDataDetails@de96e1, 2=com.java.Objects.TestDataDetails@7c489b, 3=com.java.Objects.TestDataDetails@2e365e, 4=com.java.Objects.TestDataDetails@12aa33d, 5=com.java.Objects.TestDataDetails@1e2cae3, 6=com.java.Objects.TestDataDetails@448e3f, 7=com.java.Objects.TestDataDetails@19c92e2, 8=com.java.Objects.TestDataDetails@1c41350, 9=com.java.Objects.TestDataDetails@11672b8, 10=com.java.Objects.TestDataDetails@104628c, 11=com.java.Objects.TestDataDetails@d938e0, 12=com.java.Objects.TestDataDetails@1e4c806, 13=com.java.Objects.TestDataDetails@221872, 14=com.java.Objects.TestDataDetails@aa3647, 15=com.java.Objects.TestDataDetails@145222c, 16=com.java.Objects.TestDataDetails@10f6d29}
[INFO ][2015-12-22 17:39:23,575][com.java.TestType] [10274] - Looping 1TCID = 1
[DEBUG][2015-12-22 17:39:23,575][com.java.TestType] [10315] - Concept ID:1 :: Step being Executed: 1::2
[INFO ][2015-12-22 17:39:23,575][com.java.TestType] [10353] - dataFields : TXTpassword
[DEBUG][2015-12-22 17:39:23,575][com.java.TestType] [10359] - <In Set values of the page>
[DEBUG][2015-12-22 17:39:23,575][com.java.TestType] [10364] - {Data Fields & Data Values Exist}
[INFO ][2015-12-22 17:39:23,575][com.java.TestType] [10370] - --------------------------setting values-----------------------------
[INFO ][2015-12-22 17:39:23,575][com.java.TestType] [10373] - Action Type : CLEARANDENTER
[INFO ][2015-12-22 17:39:23,575][com.java.TestType] [ 5596] - value = Password1*
[INFO ][2015-12-22 17:39:28,387][com.java.TestType] [10392] -  RESULT true
[INFO ][2015-12-22 17:39:28,387][com.java.TestType] [10509] - ?   P A S S   ?
[DEBUG][2015-12-22 17:39:28,387][com.java.TestType] [10315] - Concept ID:1 :: Step being Executed: 1::3
[ERROR][2015-12-22 17:39:28,388][com.java.TestType] [10348] - Exception: null
[INFO ][2015-12-22 17:39:28,388][com.java.TestType] [10353] - dataFields : XPH//button[@type='submit']
[DEBUG][2015-12-22 17:39:28,388][com.java.TestType] [10359] - <In Set values of the page>
[DEBUG][2015-12-22 17:39:28,388][com.java.TestType] [10364] - {Data Fields & Data Values Exist}
[INFO ][2015-12-22 17:39:28,388][com.java.TestType] [10370] - --------------------------setting values-----------------------------
[INFO ][2015-12-22 17:39:28,388][com.java.TestType] [10373] - Action Type : Click
[INFO ][2015-12-22 17:39:28,388][com.java.TestType] [ 5975] - Field ::XPH//button[@type='submit']
[INFO ][2015-12-22 17:39:28,388][com.java.TestType] [ 5596] - value = 
[INFO ][2015-12-22 17:39:29,389][com.java.TestType] [ 6112] - BEFORE CLICK
[INFO ][2015-12-22 17:39:33,550][com.java.TestType] [ 6120] - Unable to click the object Login
[INFO ][2015-12-22 17:39:33,550][com.java.TestType] [10392] -  RESULT true
[INFO ][2015-12-22 17:39:33,550][com.java.TestType] [10509] - ?   P A S S   ?
[DEBUG][2015-12-22 17:39:33,550][com.java.TestType] [10315] - Concept ID:1 :: Step being Executed: 1::4
[INFO ][2015-12-22 17:39:33,550][com.java.TestType] [10353] - dataFields : LNKLogout
[DEBUG][2015-12-22 17:39:33,550][com.java.TestType] [10359] - <In Set values of the page>
[DEBUG][2015-12-22 17:39:33,550][com.java.TestType] [10364] - {Data Fields & Data Values Exist}
[INFO ][2015-12-22 17:39:33,550][com.java.TestType] [10370] - --------------------------setting values-----------------------------
[INFO ][2015-12-22 17:39:33,550][com.java.TestType] [10373] - Action Type : WaitForElement
[INFO ][2015-12-22 17:39:33,586][com.java.TestType] [10392] -  RESULT true
[INFO ][2015-12-22 17:39:33,586][com.java.TestType] [10509] - ?   P A S S   ?
[INFO ][2015-12-22 17:39:33,587][com.java.TestType] [10580] - Looping End......
[INFO ][2015-12-22 17:39:33,590][com.java.SeleniumDriver] [  894] -  RESULT true
[INFO ][2015-12-22 17:39:33,590][com.java.SeleniumDriver] [ 1100] - ?   P A S S   ?
[INFO ][2015-12-22 17:39:33,590][com.java.SeleniumDriver] [  821] - ------------------------------------------
[INFO ][2015-12-22 17:39:33,590][com.java.SeleniumDriver] [  822] - Test case being Executed: 17
[INFO ][2015-12-22 17:39:33,591][com.java.SeleniumDriver] [  833] - Test step:25
[INFO ][2015-12-22 17:39:33,591][com.java.SeleniumDriver] [  845] - Datavalue is----------10
[INFO ][2015-12-22 17:39:33,591][com.java.SeleniumDriver] [  869] - DataField : LNKLogout
[INFO ][2015-12-22 17:39:33,591][com.java.SeleniumDriver] [  871] - DataValue : 10
[INFO ][2015-12-22 17:39:33,591][com.java.SeleniumDriver] [  877] - <In Set values of the page>
[INFO ][2015-12-22 17:39:33,591][com.java.SeleniumDriver] [  880] - {Data Fields & Data Values Exist}
[INFO ][2015-12-22 17:39:33,591][com.java.SeleniumDriver] [  882] - --------------------------setting values-----------------------------
[INFO ][2015-12-22 17:39:33,591][com.java.SeleniumDriver] [  885] - Action Type : WaitTime
[DEBUG][2015-12-22 17:39:33,591][com.java.TestType] [ 5416] - sleepTime: 10000
[INFO ][2015-12-22 17:39:43,592][com.java.SeleniumDriver] [  894] -  RESULT true
[INFO ][2015-12-22 17:39:43,592][com.java.SeleniumDriver] [ 1100] - ?   P A S S   ?
[INFO ][2015-12-22 17:39:43,592][com.java.SeleniumDriver] [  821] - ------------------------------------------
[INFO ][2015-12-22 17:39:43,592][com.java.SeleniumDriver] [  822] - Test case being Executed: 17
[INFO ][2015-12-22 17:39:43,592][com.java.SeleniumDriver] [  833] - Test step:26
[INFO ][2015-12-22 17:39:43,592][com.java.SeleniumDriver] [  845] - Datavalue is----------Banker's Dashboard
[INFO ][2015-12-22 17:39:43,592][com.java.SeleniumDriver] [  869] - DataField : TTL
[INFO ][2015-12-22 17:39:43,592][com.java.SeleniumDriver] [  871] - DataValue : Banker's Dashboard
[INFO ][2015-12-22 17:39:43,592][com.java.SeleniumDriver] [  877] - <In Set values of the page>
[INFO ][2015-12-22 17:39:43,592][com.java.SeleniumDriver] [  880] - {Data Fields & Data Values Exist}
[INFO ][2015-12-22 17:39:43,592][com.java.SeleniumDriver] [  882] - --------------------------setting values-----------------------------
[INFO ][2015-12-22 17:39:43,592][com.java.SeleniumDriver] [  885] - Action Type : SelectWindow
[INFO ][2015-12-22 17:39:55,786][com.java.SeleniumDriver] [  894] -  RESULT true
[INFO ][2015-12-22 17:39:55,786][com.java.SeleniumDriver] [ 1100] - ?   P A S S   ?
[INFO ][2015-12-22 17:39:55,786][com.java.SeleniumDriver] [  821] - ------------------------------------------
[INFO ][2015-12-22 17:39:55,786][com.java.SeleniumDriver] [  822] - Test case being Executed: 17
[INFO ][2015-12-22 17:39:55,786][com.java.SeleniumDriver] [  833] - Test step:27
[INFO ][2015-12-22 17:39:55,788][com.java.SeleniumDriver] [  845] - Datavalue is----------test
[INFO ][2015-12-22 17:39:55,788][com.java.SeleniumDriver] [  869] - DataField : test
[INFO ][2015-12-22 17:39:55,788][com.java.SeleniumDriver] [  871] - DataValue : test
[INFO ][2015-12-22 17:39:55,788][com.java.SeleniumDriver] [  877] - <In Set values of the page>
[INFO ][2015-12-22 17:39:55,788][com.java.SeleniumDriver] [  880] - {Data Fields & Data Values Exist}
[INFO ][2015-12-22 17:39:55,788][com.java.SeleniumDriver] [  882] - --------------------------setting values-----------------------------
[INFO ][2015-12-22 17:39:55,788][com.java.SeleniumDriver] [  885] - Action Type : CLEARBROWSERCACHE
[INFO ][2015-12-22 17:40:00,894][com.java.SeleniumDriver] [  894] -  RESULT true
[INFO ][2015-12-22 17:40:00,894][com.java.SeleniumDriver] [ 1100] - ?   P A S S   ?
[INFO ][2015-12-22 17:40:00,894][com.java.SeleniumDriver] [  821] - ------------------------------------------
[INFO ][2015-12-22 17:40:00,894][com.java.SeleniumDriver] [  822] - Test case being Executed: 17
[INFO ][2015-12-22 17:40:00,894][com.java.SeleniumDriver] [  833] - Test step:28
[INFO ][2015-12-22 17:40:00,894][com.java.SeleniumDriver] [  845] - Datavalue is----------close
[INFO ][2015-12-22 17:40:00,894][com.java.SeleniumDriver] [  869] - DataField : test
[INFO ][2015-12-22 17:40:00,894][com.java.SeleniumDriver] [  871] - DataValue : close
[INFO ][2015-12-22 17:40:00,894][com.java.SeleniumDriver] [  877] - <In Set values of the page>
[INFO ][2015-12-22 17:40:00,894][com.java.SeleniumDriver] [  880] - {Data Fields & Data Values Exist}
[INFO ][2015-12-22 17:40:00,894][com.java.SeleniumDriver] [  882] - --------------------------setting values-----------------------------
[INFO ][2015-12-22 17:40:00,894][com.java.SeleniumDriver] [  885] - Action Type : Logout
[INFO ][2015-12-22 17:40:03,223][com.java.TestType] [ 5975] - Field ::CNF
[INFO ][2015-12-22 17:40:03,223][com.java.TestType] [ 5596] - value = OK
[INFO ][2015-12-22 17:40:05,535][com.java.TestType] [ 6108] - Click the object confirmation
[INFO ][2015-12-22 17:40:05,535][com.java.TestType] [ 6109] - Unable to click the object confirmation
[DEBUG][2015-12-22 17:40:05,557][com.java.SeleniumDriver] [  426] - Hub ip address is-------172.17.68.34
[INFO ][2015-12-22 17:40:05,557][com.java.SeleniumDriver] [  452] - Grid URL:http://172.17.68.34:4444/wd/hub
[INFO ][2015-12-22 17:40:05,557][com.java.SeleniumDriver] [  453] - Capability:Capabilities [{platform=ANY, ensureCleanSession=true, ignoreProtectedModeSettings=true, acceptSslCerts=true, ignoreZoomSetting=true, browserName=internet explorer, browserstack.ie.noFlash=true, version=null}]
[ERROR][2015-12-22 17:40:06,569][com.java.SeleniumDriver] [  497] - Unable invoke browser in grid:Could not start a new session. Possible causes are invalid address of the remote server or browser start-up failure.
Build info: version: '2.48.2', revision: '41bccdd', time: '2015-10-09 19:59:12'
System info: host: 'FVTIII438F1D', ip: '172.17.68.34', os.name: 'Windows 7', os.arch: 'x86', os.version: '6.1', java.version: '1.7.0_55'
Driver info: driver.version: SeleniumDriver
[INFO ][2015-12-22 17:40:06,569][com.java.SeleniumDriver] [  499] - Executing on local machine
