[INFO ][2015-12-07 21:14:33,509][com.java.SeleniumDriver] [  213] - Execute Failed Casesfalse
[INFO ][2015-12-07 21:14:33,509][com.java.SeleniumDriver] [  214] - Browser: IE9
[INFO ][2015-12-07 21:14:33,509][com.java.SeleniumDriver] [  215] - [1, 2, 3, 4, 5, 6, 7, 8, 9, 10, 11, 12]
[INFO ][2015-12-07 21:14:33,509][com.java.SeleniumDriver] [  216] - Total TestCases:12
[INFO ][2015-12-07 21:14:33,510][com.java.SeleniumDriver] [  217] -  Reading Properties from Property File 
[DEBUG][2015-12-07 21:14:33,510][com.java.SeleniumDriver] [  238] - url : https://clients-xuat.bankersdashboard.com
[INFO ][2015-12-07 21:14:33,512][com.java.ImportnExport.ExportTestResultsExcel] [  116] - Time Stamp Mon Dec 07 09:14:33 IST 2015
[INFO ][2015-12-07 21:14:33,512][com.java.ImportnExport.ExportTestResultsExcel] [  175] - OUT FILE : D:\BankersDashboard/TestReports/Test Results_BankersDashBoard_120715_211433_IE9_Simmons First National Bank.xls
[INFO ][2015-12-07 21:14:33,551][com.java.ImportnExport.ExportTestResultsExcel] [  180] - Test Result file is created
[DEBUG][2015-12-07 21:14:33,670][com.java.SeleniumDriver] [  426] - Hub ip address is-------172.17.68.34
[INFO ][2015-12-07 21:14:33,671][com.java.SeleniumDriver] [  452] - Grid URL:http://172.17.68.34:4444/wd/hub
[INFO ][2015-12-07 21:14:33,671][com.java.SeleniumDriver] [  453] - Capability:Capabilities [{platform=ANY, ensureCleanSession=true, ignoreProtectedModeSettings=true, acceptSslCerts=true, ignoreZoomSetting=true, browserName=internet explorer, browserstack.ie.noFlash=true, version=null}]
[INFO ][2015-12-07 21:14:41,370][com.java.SeleniumDriver] [  469] - Executing on  GRID
[INFO ][2015-12-07 21:14:41,371][com.java.SeleniumDriver] [  471] - Executing in Grid
[INFO ][2015-12-07 21:14:41,371][com.java.SeleniumDriver] [  472] - The node to be executed is------null
[INFO ][2015-12-07 21:14:41,371][com.java.SeleniumDriver] [  477] - Hub IPAddress is---------172.17.68.34
[INFO ][2015-12-07 21:14:41,372][com.java.SeleniumDriver] [  479] - PortNumber is---------172.17.68.34
[INFO ][2015-12-07 21:14:41,372][com.java.SeleniumDriver] [  481] - HOST---------http://172.17.68.34:4444
[INFO ][2015-12-07 21:14:41,381][com.java.SeleniumDriver] [  485] - The session url is---------http://172.17.68.34:4444/grid/api/testsession?session=e50af5c6-55f6-4a06-93f0-db89337a5888
[INFO ][2015-12-07 21:14:41,477][com.java.SeleniumDriver] [  493] - Node ip address172.17.68.69
[INFO ][2015-12-07 21:14:41,477][com.java.SeleniumDriver] [  248] - IE9is opened
[INFO ][2015-12-07 21:14:42,600][com.java.SeleniumDriver] [  754] - Test cases to be executed are: [1, 2, 3, 4, 5, 6, 7, 8, 9, 10, 11, 12]
[INFO ][2015-12-07 21:14:42,632][com.java.ImportnExport.ImportTestDataDetailsExcel] [   49] - test data details path===== D:\BankersDashboard\TestInputs\TestData.xls
[INFO ][2015-12-07 21:14:42,765][com.java.SeleniumDriver] [  820] - ------------------------------------------
[INFO ][2015-12-07 21:14:42,766][com.java.SeleniumDriver] [  821] - Test case being Executed: 1
[INFO ][2015-12-07 21:14:42,766][com.java.SeleniumDriver] [  832] - Test step:1
[INFO ][2015-12-07 21:14:42,766][com.java.SeleniumDriver] [  844] - Datavalue is----------Concept#1:1-16
[INFO ][2015-12-07 21:14:42,766][com.java.SeleniumDriver] [  868] - DataField : test
[INFO ][2015-12-07 21:14:42,767][com.java.SeleniumDriver] [  870] - DataValue : Concept#1:1-16
[INFO ][2015-12-07 21:14:42,767][com.java.SeleniumDriver] [  876] - <In Set values of the page>
[INFO ][2015-12-07 21:14:42,767][com.java.SeleniumDriver] [  879] - {Data Fields & Data Values Exist}
[INFO ][2015-12-07 21:14:42,767][com.java.SeleniumDriver] [  881] - --------------------------setting values-----------------------------
[INFO ][2015-12-07 21:14:42,767][com.java.SeleniumDriver] [  884] - Action Type : ExecuteTestCase
[INFO ][2015-12-07 21:14:42,796][com.java.TestType] [  436] - The Concept sheet name is ---------- Concept
[INFO ][2015-12-07 21:14:42,796][com.java.TestType] [  439] - The Concept ID  is ---------- 1
[DEBUG][2015-12-07 21:14:42,796][com.java.TestType] [  443] - Steps being executted in the Concept are: 1:16
[INFO ][2015-12-07 21:14:42,796][com.java.TestType] [  450] - Test data details path ---------- D:\BankersDashboard\TestInputs\TestData.xls
[INFO ][2015-12-07 21:14:42,846][com.java.TestType] [  481] -  str(1) = 1
[INFO ][2015-12-07 21:14:42,846][com.java.TestType] [  484] - Test case Id is---1
[INFO ][2015-12-07 21:14:42,846][com.java.TestType] [  486] - 1
[INFO ][2015-12-07 21:14:42,847][com.java.TestType] [  481] -  str(2) = 1
[INFO ][2015-12-07 21:14:42,850][com.java.TestType] [  533] - row values are--------{1=com.java.Objects.TestDataDetails@11094c4}
[INFO ][2015-12-07 21:14:42,850][com.java.TestType] [  481] -  str(1) = 1
[INFO ][2015-12-07 21:14:42,850][com.java.TestType] [  484] - Test case Id is---1
[INFO ][2015-12-07 21:14:42,850][com.java.TestType] [  486] - 1
[INFO ][2015-12-07 21:14:42,850][com.java.TestType] [  481] -  str(2) = 2
[INFO ][2015-12-07 21:14:42,852][com.java.TestType] [  533] - row values are--------{1=com.java.Objects.TestDataDetails@11094c4, 2=com.java.Objects.TestDataDetails@4d21f4}
[INFO ][2015-12-07 21:14:42,852][com.java.TestType] [  481] -  str(1) = 1
[INFO ][2015-12-07 21:14:42,852][com.java.TestType] [  484] - Test case Id is---1
[INFO ][2015-12-07 21:14:42,853][com.java.TestType] [  486] - 1
[INFO ][2015-12-07 21:14:42,853][com.java.TestType] [  481] -  str(2) = 3
[INFO ][2015-12-07 21:14:42,855][com.java.TestType] [  533] - row values are--------{1=com.java.Objects.TestDataDetails@11094c4, 2=com.java.Objects.TestDataDetails@4d21f4, 3=com.java.Objects.TestDataDetails@2771f8}
[INFO ][2015-12-07 21:14:42,855][com.java.TestType] [  481] -  str(1) = 1
[INFO ][2015-12-07 21:14:42,855][com.java.TestType] [  484] - Test case Id is---1
[INFO ][2015-12-07 21:14:42,855][com.java.TestType] [  486] - 1
[INFO ][2015-12-07 21:14:42,855][com.java.TestType] [  481] -  str(2) = 4
[INFO ][2015-12-07 21:14:42,857][com.java.TestType] [  533] - row values are--------{1=com.java.Objects.TestDataDetails@11094c4, 2=com.java.Objects.TestDataDetails@4d21f4, 3=com.java.Objects.TestDataDetails@2771f8, 4=com.java.Objects.TestDataDetails@1ba4a2f}
[INFO ][2015-12-07 21:14:42,857][com.java.TestType] [  481] -  str(1) = 1
[INFO ][2015-12-07 21:14:42,857][com.java.TestType] [  484] - Test case Id is---1
[INFO ][2015-12-07 21:14:42,857][com.java.TestType] [  486] - 1
[INFO ][2015-12-07 21:14:42,857][com.java.TestType] [  481] -  str(2) = 5
[INFO ][2015-12-07 21:14:42,859][com.java.TestType] [  533] - row values are--------{1=com.java.Objects.TestDataDetails@11094c4, 2=com.java.Objects.TestDataDetails@4d21f4, 3=com.java.Objects.TestDataDetails@2771f8, 4=com.java.Objects.TestDataDetails@1ba4a2f, 5=com.java.Objects.TestDataDetails@141928f}
[INFO ][2015-12-07 21:14:42,859][com.java.TestType] [  481] -  str(1) = 1
[INFO ][2015-12-07 21:14:42,859][com.java.TestType] [  484] - Test case Id is---1
[INFO ][2015-12-07 21:14:42,859][com.java.TestType] [  486] - 1
[INFO ][2015-12-07 21:14:42,860][com.java.TestType] [  481] -  str(2) = 6
[INFO ][2015-12-07 21:14:42,861][com.java.TestType] [  533] - row values are--------{1=com.java.Objects.TestDataDetails@11094c4, 2=com.java.Objects.TestDataDetails@4d21f4, 3=com.java.Objects.TestDataDetails@2771f8, 4=com.java.Objects.TestDataDetails@1ba4a2f, 5=com.java.Objects.TestDataDetails@141928f, 6=com.java.Objects.TestDataDetails@12cf7bc}
[INFO ][2015-12-07 21:14:42,861][com.java.TestType] [  481] -  str(1) = 1
[INFO ][2015-12-07 21:14:42,861][com.java.TestType] [  484] - Test case Id is---1
[INFO ][2015-12-07 21:14:42,861][com.java.TestType] [  486] - 1
[INFO ][2015-12-07 21:14:42,861][com.java.TestType] [  481] -  str(2) = 7
[INFO ][2015-12-07 21:14:42,863][com.java.TestType] [  533] - row values are--------{1=com.java.Objects.TestDataDetails@11094c4, 2=com.java.Objects.TestDataDetails@4d21f4, 3=com.java.Objects.TestDataDetails@2771f8, 4=com.java.Objects.TestDataDetails@1ba4a2f, 5=com.java.Objects.TestDataDetails@141928f, 6=com.java.Objects.TestDataDetails@12cf7bc, 7=com.java.Objects.TestDataDetails@97dadf}
[INFO ][2015-12-07 21:14:42,863][com.java.TestType] [  481] -  str(1) = 1
[INFO ][2015-12-07 21:14:42,863][com.java.TestType] [  484] - Test case Id is---1
[INFO ][2015-12-07 21:14:42,863][com.java.TestType] [  486] - 1
[INFO ][2015-12-07 21:14:42,863][com.java.TestType] [  481] -  str(2) = 8
[INFO ][2015-12-07 21:14:42,865][com.java.TestType] [  533] - row values are--------{1=com.java.Objects.TestDataDetails@11094c4, 2=com.java.Objects.TestDataDetails@4d21f4, 3=com.java.Objects.TestDataDetails@2771f8, 4=com.java.Objects.TestDataDetails@1ba4a2f, 5=com.java.Objects.TestDataDetails@141928f, 6=com.java.Objects.TestDataDetails@12cf7bc, 7=com.java.Objects.TestDataDetails@97dadf, 8=com.java.Objects.TestDataDetails@f52ce5}
[INFO ][2015-12-07 21:14:42,865][com.java.TestType] [  481] -  str(1) = 1
[INFO ][2015-12-07 21:14:42,865][com.java.TestType] [  484] - Test case Id is---1
[INFO ][2015-12-07 21:14:42,865][com.java.TestType] [  486] - 1
[INFO ][2015-12-07 21:14:42,865][com.java.TestType] [  481] -  str(2) = 9
[INFO ][2015-12-07 21:14:42,866][com.java.TestType] [  533] - row values are--------{1=com.java.Objects.TestDataDetails@11094c4, 2=com.java.Objects.TestDataDetails@4d21f4, 3=com.java.Objects.TestDataDetails@2771f8, 4=com.java.Objects.TestDataDetails@1ba4a2f, 5=com.java.Objects.TestDataDetails@141928f, 6=com.java.Objects.TestDataDetails@12cf7bc, 7=com.java.Objects.TestDataDetails@97dadf, 8=com.java.Objects.TestDataDetails@f52ce5, 9=com.java.Objects.TestDataDetails@de0c98}
[INFO ][2015-12-07 21:14:42,866][com.java.TestType] [  481] -  str(1) = 1
[INFO ][2015-12-07 21:14:42,866][com.java.TestType] [  484] - Test case Id is---1
[INFO ][2015-12-07 21:14:42,866][com.java.TestType] [  486] - 1
[INFO ][2015-12-07 21:14:42,867][com.java.TestType] [  481] -  str(2) = 10
[INFO ][2015-12-07 21:14:42,867][com.java.TestType] [  533] - row values are--------{1=com.java.Objects.TestDataDetails@11094c4, 2=com.java.Objects.TestDataDetails@4d21f4, 3=com.java.Objects.TestDataDetails@2771f8, 4=com.java.Objects.TestDataDetails@1ba4a2f, 5=com.java.Objects.TestDataDetails@141928f, 6=com.java.Objects.TestDataDetails@12cf7bc, 7=com.java.Objects.TestDataDetails@97dadf, 8=com.java.Objects.TestDataDetails@f52ce5, 9=com.java.Objects.TestDataDetails@de0c98, 10=com.java.Objects.TestDataDetails@e692db}
[INFO ][2015-12-07 21:14:42,868][com.java.TestType] [  481] -  str(1) = 1
[INFO ][2015-12-07 21:14:42,868][com.java.TestType] [  484] - Test case Id is---1
[INFO ][2015-12-07 21:14:42,868][com.java.TestType] [  486] - 1
[INFO ][2015-12-07 21:14:42,868][com.java.TestType] [  481] -  str(2) = 11
[INFO ][2015-12-07 21:14:42,869][com.java.TestType] [  533] - row values are--------{1=com.java.Objects.TestDataDetails@11094c4, 2=com.java.Objects.TestDataDetails@4d21f4, 3=com.java.Objects.TestDataDetails@2771f8, 4=com.java.Objects.TestDataDetails@1ba4a2f, 5=com.java.Objects.TestDataDetails@141928f, 6=com.java.Objects.TestDataDetails@12cf7bc, 7=com.java.Objects.TestDataDetails@97dadf, 8=com.java.Objects.TestDataDetails@f52ce5, 9=com.java.Objects.TestDataDetails@de0c98, 10=com.java.Objects.TestDataDetails@e692db, 11=com.java.Objects.TestDataDetails@b9ac0c}
[INFO ][2015-12-07 21:14:42,869][com.java.TestType] [  481] -  str(1) = 1
[INFO ][2015-12-07 21:14:42,869][com.java.TestType] [  484] - Test case Id is---1
[INFO ][2015-12-07 21:14:42,869][com.java.TestType] [  486] - 1
[INFO ][2015-12-07 21:14:42,869][com.java.TestType] [  481] -  str(2) = 12
[INFO ][2015-12-07 21:14:42,870][com.java.TestType] [  533] - row values are--------{1=com.java.Objects.TestDataDetails@11094c4, 2=com.java.Objects.TestDataDetails@4d21f4, 3=com.java.Objects.TestDataDetails@2771f8, 4=com.java.Objects.TestDataDetails@1ba4a2f, 5=com.java.Objects.TestDataDetails@141928f, 6=com.java.Objects.TestDataDetails@12cf7bc, 7=com.java.Objects.TestDataDetails@97dadf, 8=com.java.Objects.TestDataDetails@f52ce5, 9=com.java.Objects.TestDataDetails@de0c98, 10=com.java.Objects.TestDataDetails@e692db, 11=com.java.Objects.TestDataDetails@b9ac0c, 12=com.java.Objects.TestDataDetails@1f5ad1c}
[INFO ][2015-12-07 21:14:42,870][com.java.TestType] [  481] -  str(1) = 1
[INFO ][2015-12-07 21:14:42,870][com.java.TestType] [  484] - Test case Id is---1
[INFO ][2015-12-07 21:14:42,870][com.java.TestType] [  486] - 1
[INFO ][2015-12-07 21:14:42,870][com.java.TestType] [  481] -  str(2) = 13
[INFO ][2015-12-07 21:14:42,871][com.java.TestType] [  533] - row values are--------{1=com.java.Objects.TestDataDetails@11094c4, 2=com.java.Objects.TestDataDetails@4d21f4, 3=com.java.Objects.TestDataDetails@2771f8, 4=com.java.Objects.TestDataDetails@1ba4a2f, 5=com.java.Objects.TestDataDetails@141928f, 6=com.java.Objects.TestDataDetails@12cf7bc, 7=com.java.Objects.TestDataDetails@97dadf, 8=com.java.Objects.TestDataDetails@f52ce5, 9=com.java.Objects.TestDataDetails@de0c98, 10=com.java.Objects.TestDataDetails@e692db, 11=com.java.Objects.TestDataDetails@b9ac0c, 12=com.java.Objects.TestDataDetails@1f5ad1c, 13=com.java.Objects.TestDataDetails@c0f78f}
[INFO ][2015-12-07 21:14:42,871][com.java.TestType] [  481] -  str(1) = 1
[INFO ][2015-12-07 21:14:42,871][com.java.TestType] [  484] - Test case Id is---1
[INFO ][2015-12-07 21:14:42,871][com.java.TestType] [  486] - 1
[INFO ][2015-12-07 21:14:42,871][com.java.TestType] [  481] -  str(2) = 14
[INFO ][2015-12-07 21:14:42,872][com.java.TestType] [  533] - row values are--------{1=com.java.Objects.TestDataDetails@11094c4, 2=com.java.Objects.TestDataDetails@4d21f4, 3=com.java.Objects.TestDataDetails@2771f8, 4=com.java.Objects.TestDataDetails@1ba4a2f, 5=com.java.Objects.TestDataDetails@141928f, 6=com.java.Objects.TestDataDetails@12cf7bc, 7=com.java.Objects.TestDataDetails@97dadf, 8=com.java.Objects.TestDataDetails@f52ce5, 9=com.java.Objects.TestDataDetails@de0c98, 10=com.java.Objects.TestDataDetails@e692db, 11=com.java.Objects.TestDataDetails@b9ac0c, 12=com.java.Objects.TestDataDetails@1f5ad1c, 13=com.java.Objects.TestDataDetails@c0f78f, 14=com.java.Objects.TestDataDetails@1768063}
[INFO ][2015-12-07 21:14:42,872][com.java.TestType] [  481] -  str(1) = 1
[INFO ][2015-12-07 21:14:42,872][com.java.TestType] [  484] - Test case Id is---1
[INFO ][2015-12-07 21:14:42,872][com.java.TestType] [  486] - 1
[INFO ][2015-12-07 21:14:42,872][com.java.TestType] [  481] -  str(2) = 15
[INFO ][2015-12-07 21:14:42,873][com.java.TestType] [  533] - row values are--------{1=com.java.Objects.TestDataDetails@11094c4, 2=com.java.Objects.TestDataDetails@4d21f4, 3=com.java.Objects.TestDataDetails@2771f8, 4=com.java.Objects.TestDataDetails@1ba4a2f, 5=com.java.Objects.TestDataDetails@141928f, 6=com.java.Objects.TestDataDetails@12cf7bc, 7=com.java.Objects.TestDataDetails@97dadf, 8=com.java.Objects.TestDataDetails@f52ce5, 9=com.java.Objects.TestDataDetails@de0c98, 10=com.java.Objects.TestDataDetails@e692db, 11=com.java.Objects.TestDataDetails@b9ac0c, 12=com.java.Objects.TestDataDetails@1f5ad1c, 13=com.java.Objects.TestDataDetails@c0f78f, 14=com.java.Objects.TestDataDetails@1768063, 15=com.java.Objects.TestDataDetails@235ad8}
[INFO ][2015-12-07 21:14:42,873][com.java.TestType] [  481] -  str(1) = 1
[INFO ][2015-12-07 21:14:42,873][com.java.TestType] [  484] - Test case Id is---1
[INFO ][2015-12-07 21:14:42,873][com.java.TestType] [  486] - 1
[INFO ][2015-12-07 21:14:42,877][com.java.TestType] [  481] -  str(2) = 16
[INFO ][2015-12-07 21:14:42,878][com.java.TestType] [  533] - row values are--------{1=com.java.Objects.TestDataDetails@11094c4, 2=com.java.Objects.TestDataDetails@4d21f4, 3=com.java.Objects.TestDataDetails@2771f8, 4=com.java.Objects.TestDataDetails@1ba4a2f, 5=com.java.Objects.TestDataDetails@141928f, 6=com.java.Objects.TestDataDetails@12cf7bc, 7=com.java.Objects.TestDataDetails@97dadf, 8=com.java.Objects.TestDataDetails@f52ce5, 9=com.java.Objects.TestDataDetails@de0c98, 10=com.java.Objects.TestDataDetails@e692db, 11=com.java.Objects.TestDataDetails@b9ac0c, 12=com.java.Objects.TestDataDetails@1f5ad1c, 13=com.java.Objects.TestDataDetails@c0f78f, 14=com.java.Objects.TestDataDetails@1768063, 15=com.java.Objects.TestDataDetails@235ad8, 16=com.java.Objects.TestDataDetails@233c17}
[INFO ][2015-12-07 21:14:42,878][com.java.TestType] [ 9967] - Looping 1TCID = 1
[DEBUG][2015-12-07 21:14:42,878][com.java.TestType] [10008] - Concept ID:1 :: Step being Executed: 1::1
[INFO ][2015-12-07 21:14:42,878][com.java.TestType] [10046] - dataFields : TXTusername
[DEBUG][2015-12-07 21:14:42,878][com.java.TestType] [10052] - <In Set values of the page>
[DEBUG][2015-12-07 21:14:42,879][com.java.TestType] [10057] - {Data Fields & Data Values Exist}
[INFO ][2015-12-07 21:14:42,879][com.java.TestType] [10063] - --------------------------setting values-----------------------------
[INFO ][2015-12-07 21:14:42,879][com.java.TestType] [10066] - Action Type : CLEARANDENTER
[INFO ][2015-12-07 21:14:42,879][com.java.TestType] [ 5431] - value = valuelabs.ie9.03890
[INFO ][2015-12-07 21:14:49,306][com.java.TestType] [10085] -  RESULT true
[INFO ][2015-12-07 21:14:49,306][com.java.TestType] [10202] - ?   P A S S   ?
[DEBUG][2015-12-07 21:14:49,307][com.java.TestType] [10008] - Concept ID:1 :: Step being Executed: 1::2
[INFO ][2015-12-07 21:14:49,307][com.java.TestType] [10046] - dataFields : TXTpassword
[DEBUG][2015-12-07 21:14:49,307][com.java.TestType] [10052] - <In Set values of the page>
[DEBUG][2015-12-07 21:14:49,307][com.java.TestType] [10057] - {Data Fields & Data Values Exist}
[INFO ][2015-12-07 21:14:49,307][com.java.TestType] [10063] - --------------------------setting values-----------------------------
[INFO ][2015-12-07 21:14:49,307][com.java.TestType] [10066] - Action Type : CLEARANDENTER
[INFO ][2015-12-07 21:14:49,308][com.java.TestType] [ 5431] - value = Password1*
[INFO ][2015-12-07 21:14:55,662][com.java.TestType] [10085] -  RESULT true
[INFO ][2015-12-07 21:14:55,663][com.java.TestType] [10202] - ?   P A S S   ?
[DEBUG][2015-12-07 21:14:55,663][com.java.TestType] [10008] - Concept ID:1 :: Step being Executed: 1::3
[ERROR][2015-12-07 21:14:55,663][com.java.TestType] [10041] - Exception: null
[INFO ][2015-12-07 21:14:55,664][com.java.TestType] [10046] - dataFields : XPH//button[@type='submit']
[DEBUG][2015-12-07 21:14:55,664][com.java.TestType] [10052] - <In Set values of the page>
[DEBUG][2015-12-07 21:14:55,664][com.java.TestType] [10057] - {Data Fields & Data Values Exist}
[INFO ][2015-12-07 21:14:55,664][com.java.TestType] [10063] - --------------------------setting values-----------------------------
[INFO ][2015-12-07 21:14:55,664][com.java.TestType] [10066] - Action Type : Click
[INFO ][2015-12-07 21:14:55,664][com.java.TestType] [ 5759] - Field ::XPH//button[@type='submit']
[INFO ][2015-12-07 21:14:56,666][com.java.TestType] [ 5853] - BEFORE CLICK
[INFO ][2015-12-07 21:15:00,743][com.java.TestType] [ 5861] - Unable to click the object Login
[INFO ][2015-12-07 21:15:00,743][com.java.TestType] [10085] -  RESULT true
[INFO ][2015-12-07 21:15:00,743][com.java.TestType] [10202] - ?   P A S S   ?
[DEBUG][2015-12-07 21:15:00,743][com.java.TestType] [10008] - Concept ID:1 :: Step being Executed: 1::4
[INFO ][2015-12-07 21:15:00,743][com.java.TestType] [10046] - dataFields : LNKLogout
[DEBUG][2015-12-07 21:15:00,744][com.java.TestType] [10052] - <In Set values of the page>
[DEBUG][2015-12-07 21:15:00,744][com.java.TestType] [10057] - {Data Fields & Data Values Exist}
[INFO ][2015-12-07 21:15:00,744][com.java.TestType] [10063] - --------------------------setting values-----------------------------
[INFO ][2015-12-07 21:15:00,744][com.java.TestType] [10066] - Action Type : WaitForElement
[INFO ][2015-12-07 21:15:00,839][com.java.TestType] [10085] -  RESULT true
[INFO ][2015-12-07 21:15:00,840][com.java.TestType] [10202] - ?   P A S S   ?
[DEBUG][2015-12-07 21:15:00,840][com.java.TestType] [10008] - Concept ID:1 :: Step being Executed: 1::15
[INFO ][2015-12-07 21:15:00,840][com.java.TestType] [10046] - dataFields : LNK
[DEBUG][2015-12-07 21:15:00,840][com.java.TestType] [10052] - <In Set values of the page>
[DEBUG][2015-12-07 21:15:00,840][com.java.TestType] [10057] - {Data Fields & Data Values Exist}
[INFO ][2015-12-07 21:15:00,840][com.java.TestType] [10063] - --------------------------setting values-----------------------------
[INFO ][2015-12-07 21:15:00,841][com.java.TestType] [10066] - Action Type : Verify
[INFO ][2015-12-07 21:15:00,841][com.java.TestType] [ 6659] - field= LNK value= Logout
[INFO ][2015-12-07 21:15:00,845][com.java.TestType] [ 5431] - value = Logout
[INFO ][2015-12-07 21:15:00,933][com.java.TestType] [10085] -  RESULT true
[INFO ][2015-12-07 21:15:00,933][com.java.TestType] [10202] - ?   P A S S   ?
[DEBUG][2015-12-07 21:15:00,933][com.java.TestType] [10008] - Concept ID:1 :: Step being Executed: 1::16
[INFO ][2015-12-07 21:15:00,933][com.java.TestType] [10046] - dataFields : BTN
[DEBUG][2015-12-07 21:15:00,934][com.java.TestType] [10052] - <In Set values of the page>
[DEBUG][2015-12-07 21:15:00,934][com.java.TestType] [10057] - {Data Fields & Data Values Exist}
[INFO ][2015-12-07 21:15:00,934][com.java.TestType] [10063] - --------------------------setting values-----------------------------
[INFO ][2015-12-07 21:15:00,934][com.java.TestType] [10066] - Action Type : Verify
[INFO ][2015-12-07 21:15:01,160][com.java.TestType] [ 6659] - field= BTN value= //img[contains(@src,'bdlogo.jpg')]
[INFO ][2015-12-07 21:15:01,160][com.java.TestType] [ 5431] - value = //img[contains(@src,'bdlogo.jpg')]
[INFO ][2015-12-07 21:15:01,330][com.java.TestType] [10085] -  RESULT true
[INFO ][2015-12-07 21:15:01,330][com.java.TestType] [10202] - ?   P A S S   ?
[INFO ][2015-12-07 21:15:01,330][com.java.TestType] [10273] - Looping End......
[INFO ][2015-12-07 21:15:01,331][com.java.SeleniumDriver] [  893] -  RESULT true
[INFO ][2015-12-07 21:15:01,331][com.java.SeleniumDriver] [ 1099] - ?   P A S S   ?
[INFO ][2015-12-07 21:15:01,331][com.java.SeleniumDriver] [  820] - ------------------------------------------
[INFO ][2015-12-07 21:15:01,332][com.java.SeleniumDriver] [  821] - Test case being Executed: 1
[INFO ][2015-12-07 21:15:01,332][com.java.SeleniumDriver] [  832] - Test step:2
[INFO ][2015-12-07 21:15:01,332][com.java.SeleniumDriver] [  844] - Datavalue is----------Concept#2:1-2
[INFO ][2015-12-07 21:15:01,332][com.java.SeleniumDriver] [  868] - DataField : test
[INFO ][2015-12-07 21:15:01,332][com.java.SeleniumDriver] [  870] - DataValue : Concept#2:1-2
[INFO ][2015-12-07 21:15:01,332][com.java.SeleniumDriver] [  876] - <In Set values of the page>
[INFO ][2015-12-07 21:15:01,332][com.java.SeleniumDriver] [  879] - {Data Fields & Data Values Exist}
[INFO ][2015-12-07 21:15:01,332][com.java.SeleniumDriver] [  881] - --------------------------setting values-----------------------------
[INFO ][2015-12-07 21:15:01,332][com.java.SeleniumDriver] [  884] - Action Type : ExecuteTestCase
[INFO ][2015-12-07 21:15:01,333][com.java.TestType] [  436] - The Concept sheet name is ---------- Concept
[INFO ][2015-12-07 21:15:01,333][com.java.TestType] [  439] - The Concept ID  is ---------- 2
[DEBUG][2015-12-07 21:15:01,333][com.java.TestType] [  443] - Steps being executted in the Concept are: 1:2
[INFO ][2015-12-07 21:15:01,333][com.java.TestType] [  450] - Test data details path ---------- D:\BankersDashboard\TestInputs\TestData.xls
[INFO ][2015-12-07 21:15:01,353][com.java.TestType] [  481] -  str(1) = 2
[INFO ][2015-12-07 21:15:01,353][com.java.TestType] [  484] - Test case Id is---2
[INFO ][2015-12-07 21:15:01,353][com.java.TestType] [  486] - 2
[INFO ][2015-12-07 21:15:01,354][com.java.TestType] [  481] -  str(2) = 1
[INFO ][2015-12-07 21:15:01,356][com.java.TestType] [  533] - row values are--------{1=com.java.Objects.TestDataDetails@62ef09}
[INFO ][2015-12-07 21:15:01,356][com.java.TestType] [  481] -  str(1) = 2
[INFO ][2015-12-07 21:15:01,356][com.java.TestType] [  484] - Test case Id is---2
[INFO ][2015-12-07 21:15:01,357][com.java.TestType] [  486] - 2
[INFO ][2015-12-07 21:15:01,357][com.java.TestType] [  481] -  str(2) = 2
[INFO ][2015-12-07 21:15:01,358][com.java.TestType] [  533] - row values are--------{1=com.java.Objects.TestDataDetails@62ef09, 2=com.java.Objects.TestDataDetails@e4804a}
[INFO ][2015-12-07 21:15:01,358][com.java.TestType] [  481] -  str(1) = 2
[INFO ][2015-12-07 21:15:01,358][com.java.TestType] [  484] - Test case Id is---2
[INFO ][2015-12-07 21:15:01,358][com.java.TestType] [  486] - 2
[INFO ][2015-12-07 21:15:01,359][com.java.TestType] [  481] -  str(2) = 3
[INFO ][2015-12-07 21:15:01,360][com.java.TestType] [  533] - row values are--------{1=com.java.Objects.TestDataDetails@62ef09, 2=com.java.Objects.TestDataDetails@e4804a, 3=com.java.Objects.TestDataDetails@196a109}
[INFO ][2015-12-07 21:15:01,360][com.java.TestType] [ 9967] - Looping 1TCID = 2
[DEBUG][2015-12-07 21:15:01,360][com.java.TestType] [10008] - Concept ID:2 :: Step being Executed: 2::1
[INFO ][2015-12-07 21:15:01,361][com.java.TestType] [10046] - dataFields : BNK//select[@id='bank']
[DEBUG][2015-12-07 21:15:01,361][com.java.TestType] [10052] - <In Set values of the page>
[DEBUG][2015-12-07 21:15:01,361][com.java.TestType] [10057] - {Data Fields & Data Values Exist}
[INFO ][2015-12-07 21:15:01,361][com.java.TestType] [10063] - --------------------------setting values-----------------------------
[INFO ][2015-12-07 21:15:01,361][com.java.TestType] [10066] - Action Type : Select
[INFO ][2015-12-07 21:15:01,361][com.java.TestType] [ 5431] - value = PFC
[INFO ][2015-12-07 21:15:02,040][com.java.TestType] [10085] -  RESULT true
[INFO ][2015-12-07 21:15:02,041][com.java.TestType] [10202] - ?   P A S S   ?
[DEBUG][2015-12-07 21:15:02,041][com.java.TestType] [10008] - Concept ID:2 :: Step being Executed: 2::2
[INFO ][2015-12-07 21:15:02,041][com.java.TestType] [10046] - dataFields : LNKLogout
[DEBUG][2015-12-07 21:15:02,041][com.java.TestType] [10052] - <In Set values of the page>
[DEBUG][2015-12-07 21:15:02,041][com.java.TestType] [10057] - {Data Fields & Data Values Exist}
[INFO ][2015-12-07 21:15:02,042][com.java.TestType] [10063] - --------------------------setting values-----------------------------
[INFO ][2015-12-07 21:15:02,042][com.java.TestType] [10066] - Action Type : WaitTime
[DEBUG][2015-12-07 21:15:02,042][com.java.TestType] [ 5251] - sleepTime: 5000
[INFO ][2015-12-07 21:15:07,042][com.java.TestType] [10085] -  RESULT true
[INFO ][2015-12-07 21:15:07,042][com.java.TestType] [10202] - ?   P A S S   ?
[INFO ][2015-12-07 21:15:07,042][com.java.TestType] [10273] - Looping End......
[INFO ][2015-12-07 21:15:07,042][com.java.SeleniumDriver] [  893] -  RESULT true
[INFO ][2015-12-07 21:15:07,043][com.java.SeleniumDriver] [ 1099] - ?   P A S S   ?
[INFO ][2015-12-07 21:15:07,043][com.java.SeleniumDriver] [  820] - ------------------------------------------
[INFO ][2015-12-07 21:15:07,043][com.java.SeleniumDriver] [  821] - Test case being Executed: 1
[INFO ][2015-12-07 21:15:07,043][com.java.SeleniumDriver] [  832] - Test step:3
[INFO ][2015-12-07 21:15:07,043][com.java.SeleniumDriver] [  844] - Datavalue is----------2
[INFO ][2015-12-07 21:15:07,043][com.java.SeleniumDriver] [  868] - DataField : XPH//button[contains(text(),'Add Content')]
[INFO ][2015-12-07 21:15:07,043][com.java.SeleniumDriver] [  870] - DataValue : 2
[INFO ][2015-12-07 21:15:07,043][com.java.SeleniumDriver] [  876] - <In Set values of the page>
[INFO ][2015-12-07 21:15:07,043][com.java.SeleniumDriver] [  879] - {Data Fields & Data Values Exist}
[INFO ][2015-12-07 21:15:07,043][com.java.SeleniumDriver] [  881] - --------------------------setting values-----------------------------
[INFO ][2015-12-07 21:15:07,043][com.java.SeleniumDriver] [  884] - Action Type : WAITFORELEMENT
[INFO ][2015-12-07 21:15:07,149][com.java.SeleniumDriver] [  893] -  RESULT true
[INFO ][2015-12-07 21:15:07,149][com.java.SeleniumDriver] [ 1099] - ?   P A S S   ?
[DEBUG][2015-12-07 21:15:07,149][com.java.SeleniumDriver] [ 1211] - Case found
[DEBUG][2015-12-07 21:15:07,149][com.java.SeleniumDriver] [ 1216] - Incrementing ReportCounters[0]:1
[INFO ][2015-12-07 21:15:07,149][com.java.SeleniumDriver] [ 1235] - The results are-------------------[1, 1, Valid Login, Pass, , Mon Dec 07 21:15:01 IST 2015, 1, 2, Valid Login, Pass, , Mon Dec 07 21:15:07 IST 2015, 1, 3, Valid Login, Pass, , Mon Dec 07 21:15:07 IST 2015]
[INFO ][2015-12-07 21:15:07,150][com.java.SeleniumDriver] [ 1239] - End time is-------43 sec
[INFO ][2015-12-07 21:15:07,150][com.java.SeleniumDriver] [ 1240] - The results are-------------------[1, 1, Valid Login, Pass, , Mon Dec 07 21:15:01 IST 2015, 1, 2, Valid Login, Pass, , Mon Dec 07 21:15:07 IST 2015, 1, 3, Valid Login, Pass, , Mon Dec 07 21:15:07 IST 2015]
[DEBUG][2015-12-07 21:15:07,150][com.java.ImportnExport.ExportTestResultsExcel] [  222] - testResultPath = D:\BankersDashboard/TestReports/Test Results_BankersDashBoard_120715_211433_IE9_Simmons First National Bank.xls
[DEBUG][2015-12-07 21:15:07,150][com.java.ImportnExport.ExportTestResultsExcel] [  223] - browser is------------IE9
[DEBUG][2015-12-07 21:15:07,202][com.java.ImportnExport.ExportTestResultsExcel] [  270] - result.size() = 18
[DEBUG][2015-12-07 21:15:07,202][com.java.ImportnExport.ExportTestResultsExcel] [  274] - No of rows in sheet=1
[DEBUG][2015-12-07 21:15:07,202][com.java.ImportnExport.ExportTestResultsExcel] [  301] - ..in export..1
[DEBUG][2015-12-07 21:15:07,202][com.java.ImportnExport.ExportTestResultsExcel] [  301] - ..in export..Valid Login
[DEBUG][2015-12-07 21:15:07,202][com.java.ImportnExport.ExportTestResultsExcel] [  301] - ..in export..Pass
[DEBUG][2015-12-07 21:15:07,202][com.java.ImportnExport.ExportTestResultsExcel] [  301] - ..in export..
[DEBUG][2015-12-07 21:15:07,202][com.java.ImportnExport.ExportTestResultsExcel] [  301] - ..in export..Mon Dec 07 21:15:01 IST 2015
[INFO ][2015-12-07 21:15:07,205][com.java.SeleniumDriver] [ 1298] - out loop:0 size:12 TestCases:[1, 2, 3, 4, 5, 6, 7, 8, 9, 10, 11, 12] testcases:[1, 2, 3, 4, 5, 6, 7, 8, 9, 10, 11, 12]
[INFO ][2015-12-07 21:15:07,205][com.java.ImportnExport.ImportTestDataDetailsExcel] [   49] - test data details path===== D:\BankersDashboard\TestInputs\TestData.xls
[DEBUG][2015-12-07 21:15:49,907][com.java.TestType] [ 6347] - //td[text()='Consolidated']   :: Element not Found
[INFO ][2015-12-07 21:15:59,908][com.java.SeleniumDriver] [  820] - ------------------------------------------
[INFO ][2015-12-07 21:15:59,908][com.java.SeleniumDriver] [  821] - Test case being Executed: 2
[INFO ][2015-12-07 21:15:59,908][com.java.SeleniumDriver] [  832] - Test step:1
[INFO ][2015-12-07 21:15:59,908][com.java.SeleniumDriver] [  844] - Datavalue is----------Logout
[INFO ][2015-12-07 21:15:59,908][com.java.SeleniumDriver] [  868] - DataField : BTN
[INFO ][2015-12-07 21:15:59,908][com.java.SeleniumDriver] [  870] - DataValue : Logout
[INFO ][2015-12-07 21:15:59,908][com.java.SeleniumDriver] [  876] - <In Set values of the page>
[INFO ][2015-12-07 21:15:59,908][com.java.SeleniumDriver] [  879] - {Data Fields & Data Values Exist}
[INFO ][2015-12-07 21:15:59,908][com.java.SeleniumDriver] [  881] - --------------------------setting values-----------------------------
[INFO ][2015-12-07 21:15:59,908][com.java.SeleniumDriver] [  884] - Action Type : Verify
[INFO ][2015-12-07 21:15:59,909][com.java.TestType] [ 6659] - field= BTN value= Logout
[INFO ][2015-12-07 21:15:59,909][com.java.TestType] [ 5431] - value = Logout
[INFO ][2015-12-07 21:16:00,098][com.java.SeleniumDriver] [  893] -  RESULT true
[INFO ][2015-12-07 21:16:00,098][com.java.SeleniumDriver] [ 1099] - ?   P A S S   ?
[INFO ][2015-12-07 21:16:00,098][com.java.SeleniumDriver] [ 1141] - step change to 3
[INFO ][2015-12-07 21:16:00,099][com.java.SeleniumDriver] [  820] - ------------------------------------------
[INFO ][2015-12-07 21:16:00,099][com.java.SeleniumDriver] [  821] - Test case being Executed: 2
[INFO ][2015-12-07 21:16:00,099][com.java.SeleniumDriver] [  832] - Test step:3
[INFO ][2015-12-07 21:16:00,099][com.java.SeleniumDriver] [  844] - Datavalue is----------Concept#2:1-2
[INFO ][2015-12-07 21:16:00,099][com.java.SeleniumDriver] [  868] - DataField : test
[INFO ][2015-12-07 21:16:00,099][com.java.SeleniumDriver] [  870] - DataValue : Concept#2:1-2
[INFO ][2015-12-07 21:16:00,099][com.java.SeleniumDriver] [  876] - <In Set values of the page>
[INFO ][2015-12-07 21:16:00,099][com.java.SeleniumDriver] [  879] - {Data Fields & Data Values Exist}
[INFO ][2015-12-07 21:16:00,099][com.java.SeleniumDriver] [  881] - --------------------------setting values-----------------------------
[INFO ][2015-12-07 21:16:00,099][com.java.SeleniumDriver] [  884] - Action Type : ExecuteTestCase
[INFO ][2015-12-07 21:16:00,099][com.java.TestType] [  436] - The Concept sheet name is ---------- Concept
[INFO ][2015-12-07 21:16:00,099][com.java.TestType] [  439] - The Concept ID  is ---------- 2
[DEBUG][2015-12-07 21:16:00,099][com.java.TestType] [  443] - Steps being executted in the Concept are: 1:2
[INFO ][2015-12-07 21:16:00,100][com.java.TestType] [  450] - Test data details path ---------- D:\BankersDashboard\TestInputs\TestData.xls
[INFO ][2015-12-07 21:16:00,131][com.java.TestType] [  481] -  str(1) = 2
[INFO ][2015-12-07 21:16:00,131][com.java.TestType] [  484] - Test case Id is---2
[INFO ][2015-12-07 21:16:00,131][com.java.TestType] [  486] - 2
[INFO ][2015-12-07 21:16:00,131][com.java.TestType] [  481] -  str(2) = 1
[INFO ][2015-12-07 21:16:00,133][com.java.TestType] [  533] - row values are--------{1=com.java.Objects.TestDataDetails@c0bb03}
[INFO ][2015-12-07 21:16:00,133][com.java.TestType] [  481] -  str(1) = 2
[INFO ][2015-12-07 21:16:00,133][com.java.TestType] [  484] - Test case Id is---2
[INFO ][2015-12-07 21:16:00,133][com.java.TestType] [  486] - 2
[INFO ][2015-12-07 21:16:00,133][com.java.TestType] [  481] -  str(2) = 2
[INFO ][2015-12-07 21:16:00,133][com.java.TestType] [  533] - row values are--------{1=com.java.Objects.TestDataDetails@c0bb03, 2=com.java.Objects.TestDataDetails@15f2dd4}
[INFO ][2015-12-07 21:16:00,134][com.java.TestType] [  481] -  str(1) = 2
[INFO ][2015-12-07 21:16:00,134][com.java.TestType] [  484] - Test case Id is---2
[INFO ][2015-12-07 21:16:00,134][com.java.TestType] [  486] - 2
[INFO ][2015-12-07 21:16:00,134][com.java.TestType] [  481] -  str(2) = 3
[INFO ][2015-12-07 21:16:00,134][com.java.TestType] [  533] - row values are--------{1=com.java.Objects.TestDataDetails@c0bb03, 2=com.java.Objects.TestDataDetails@15f2dd4, 3=com.java.Objects.TestDataDetails@c8ba50}
[INFO ][2015-12-07 21:16:00,134][com.java.TestType] [ 9967] - Looping 1TCID = 2
[DEBUG][2015-12-07 21:16:00,135][com.java.TestType] [10008] - Concept ID:2 :: Step being Executed: 2::1
[INFO ][2015-12-07 21:16:00,135][com.java.TestType] [10046] - dataFields : BNK//select[@id='bank']
[DEBUG][2015-12-07 21:16:00,135][com.java.TestType] [10052] - <In Set values of the page>
[DEBUG][2015-12-07 21:16:00,135][com.java.TestType] [10057] - {Data Fields & Data Values Exist}
[INFO ][2015-12-07 21:16:00,135][com.java.TestType] [10063] - --------------------------setting values-----------------------------
[INFO ][2015-12-07 21:16:00,135][com.java.TestType] [10066] - Action Type : Select
[INFO ][2015-12-07 21:16:00,135][com.java.TestType] [ 5431] - value = PFC
[INFO ][2015-12-07 21:16:00,531][com.java.TestType] [10085] -  RESULT true
[INFO ][2015-12-07 21:16:00,531][com.java.TestType] [10202] - ?   P A S S   ?
[DEBUG][2015-12-07 21:16:00,531][com.java.TestType] [10008] - Concept ID:2 :: Step being Executed: 2::2
[INFO ][2015-12-07 21:16:00,531][com.java.TestType] [10046] - dataFields : LNKLogout
[DEBUG][2015-12-07 21:16:00,531][com.java.TestType] [10052] - <In Set values of the page>
[DEBUG][2015-12-07 21:16:00,531][com.java.TestType] [10057] - {Data Fields & Data Values Exist}
[INFO ][2015-12-07 21:16:00,532][com.java.TestType] [10063] - --------------------------setting values-----------------------------
[INFO ][2015-12-07 21:16:00,532][com.java.TestType] [10066] - Action Type : WaitTime
[DEBUG][2015-12-07 21:16:00,532][com.java.TestType] [ 5251] - sleepTime: 5000
[INFO ][2015-12-07 21:16:05,533][com.java.TestType] [10085] -  RESULT true
[INFO ][2015-12-07 21:16:05,533][com.java.TestType] [10202] - ?   P A S S   ?
[INFO ][2015-12-07 21:16:05,533][com.java.TestType] [10273] - Looping End......
[INFO ][2015-12-07 21:16:05,537][com.java.SeleniumDriver] [  893] -  RESULT true
[INFO ][2015-12-07 21:16:05,537][com.java.SeleniumDriver] [ 1099] - ?   P A S S   ?
[INFO ][2015-12-07 21:16:05,537][com.java.SeleniumDriver] [  820] - ------------------------------------------
[INFO ][2015-12-07 21:16:05,538][com.java.SeleniumDriver] [  821] - Test case being Executed: 2
[INFO ][2015-12-07 21:16:05,538][com.java.SeleniumDriver] [  832] - Test step:4
[INFO ][2015-12-07 21:16:05,538][com.java.SeleniumDriver] [  844] - Datavalue is----------null
[DEBUG][2015-12-07 21:16:05,538][com.java.SeleniumDriver] [  862] - Exception: null
[INFO ][2015-12-07 21:16:05,538][com.java.SeleniumDriver] [  868] - DataField : //span[@class='icon-stats']&&//a[@data-id="Forecasting"]
[INFO ][2015-12-07 21:16:05,538][com.java.SeleniumDriver] [  870] - DataValue : 
[INFO ][2015-12-07 21:16:05,538][com.java.SeleniumDriver] [  876] - <In Set values of the page>
[INFO ][2015-12-07 21:16:05,538][com.java.SeleniumDriver] [  879] - {Data Fields & Data Values Exist}
[INFO ][2015-12-07 21:16:05,538][com.java.SeleniumDriver] [  881] - --------------------------setting values-----------------------------
[INFO ][2015-12-07 21:16:05,538][com.java.SeleniumDriver] [  884] - Action Type : MOUSEOVER
[INFO ][2015-12-07 21:16:26,163][com.java.SeleniumDriver] [  893] -  RESULT true
[INFO ][2015-12-07 21:16:26,163][com.java.SeleniumDriver] [ 1099] - ?   P A S S   ?
[INFO ][2015-12-07 21:16:26,163][com.java.SeleniumDriver] [  820] - ------------------------------------------
[INFO ][2015-12-07 21:16:26,163][com.java.SeleniumDriver] [  821] - Test case being Executed: 2
[INFO ][2015-12-07 21:16:26,163][com.java.SeleniumDriver] [  832] - Test step:5
[INFO ][2015-12-07 21:16:26,163][com.java.SeleniumDriver] [  844] - Datavalue is----------5
[INFO ][2015-12-07 21:16:26,163][com.java.SeleniumDriver] [  868] - DataField : null
[INFO ][2015-12-07 21:16:26,163][com.java.SeleniumDriver] [  870] - DataValue : 5
[INFO ][2015-12-07 21:16:26,163][com.java.SeleniumDriver] [  876] - <In Set values of the page>
[INFO ][2015-12-07 21:16:26,163][com.java.SeleniumDriver] [  879] - {Data Fields & Data Values Exist}
[INFO ][2015-12-07 21:16:26,163][com.java.SeleniumDriver] [  881] - --------------------------setting values-----------------------------
[INFO ][2015-12-07 21:16:26,163][com.java.SeleniumDriver] [  884] - Action Type : WAITTIME
[DEBUG][2015-12-07 21:16:26,163][com.java.TestType] [ 5251] - sleepTime: 5000
[INFO ][2015-12-07 21:16:31,164][com.java.SeleniumDriver] [  893] -  RESULT true
[INFO ][2015-12-07 21:16:31,164][com.java.SeleniumDriver] [ 1099] - ?   P A S S   ?
[INFO ][2015-12-07 21:16:31,164][com.java.SeleniumDriver] [  820] - ------------------------------------------
[INFO ][2015-12-07 21:16:31,164][com.java.SeleniumDriver] [  821] - Test case being Executed: 2
[INFO ][2015-12-07 21:16:31,164][com.java.SeleniumDriver] [  832] - Test step:6
[INFO ][2015-12-07 21:16:31,164][com.java.SeleniumDriver] [  844] - Datavalue is----------Forecasting 
[INFO ][2015-12-07 21:16:31,164][com.java.SeleniumDriver] [  868] - DataField : TTL
[INFO ][2015-12-07 21:16:31,164][com.java.SeleniumDriver] [  870] - DataValue : Forecasting 
[INFO ][2015-12-07 21:16:31,164][com.java.SeleniumDriver] [  876] - <In Set values of the page>
[INFO ][2015-12-07 21:16:31,165][com.java.SeleniumDriver] [  879] - {Data Fields & Data Values Exist}
[INFO ][2015-12-07 21:16:31,165][com.java.SeleniumDriver] [  881] - --------------------------setting values-----------------------------
[INFO ][2015-12-07 21:16:31,165][com.java.SeleniumDriver] [  884] - Action Type : SELECTWINDOW
[INFO ][2015-12-07 21:16:43,862][com.java.SeleniumDriver] [  893] -  RESULT true
[INFO ][2015-12-07 21:16:43,863][com.java.SeleniumDriver] [ 1099] - ?   P A S S   ?
[INFO ][2015-12-07 21:16:43,863][com.java.SeleniumDriver] [  820] - ------------------------------------------
[INFO ][2015-12-07 21:16:43,863][com.java.SeleniumDriver] [  821] - Test case being Executed: 2
[INFO ][2015-12-07 21:16:43,863][com.java.SeleniumDriver] [  832] - Test step:7
[INFO ][2015-12-07 21:16:43,863][com.java.SeleniumDriver] [  844] - Datavalue is----------2
[INFO ][2015-12-07 21:16:43,863][com.java.SeleniumDriver] [  868] - DataField : BTNframeDialogContent
[INFO ][2015-12-07 21:16:43,863][com.java.SeleniumDriver] [  870] - DataValue : 2
[INFO ][2015-12-07 21:16:43,863][com.java.SeleniumDriver] [  876] - <In Set values of the page>
[INFO ][2015-12-07 21:16:43,863][com.java.SeleniumDriver] [  879] - {Data Fields & Data Values Exist}
[INFO ][2015-12-07 21:16:43,863][com.java.SeleniumDriver] [  881] - --------------------------setting values-----------------------------
[INFO ][2015-12-07 21:16:43,863][com.java.SeleniumDriver] [  884] - Action Type : WAITFORELEMENT
[INFO ][2015-12-07 21:16:45,299][com.java.SeleniumDriver] [  893] -  RESULT true
[INFO ][2015-12-07 21:16:45,299][com.java.SeleniumDriver] [ 1099] - ?   P A S S   ?
[INFO ][2015-12-07 21:16:45,299][com.java.SeleniumDriver] [  820] - ------------------------------------------
[INFO ][2015-12-07 21:16:45,299][com.java.SeleniumDriver] [  821] - Test case being Executed: 2
[INFO ][2015-12-07 21:16:45,299][com.java.SeleniumDriver] [  832] - Test step:8
[INFO ][2015-12-07 21:16:45,299][com.java.SeleniumDriver] [  844] - Datavalue is----------Forecasting 
[INFO ][2015-12-07 21:16:45,299][com.java.SeleniumDriver] [  868] - DataField : XPH//span[@class='ui-dialog-title']
[INFO ][2015-12-07 21:16:45,299][com.java.SeleniumDriver] [  870] - DataValue : Forecasting 
[INFO ][2015-12-07 21:16:45,299][com.java.SeleniumDriver] [  876] - <In Set values of the page>
[INFO ][2015-12-07 21:16:45,299][com.java.SeleniumDriver] [  879] - {Data Fields & Data Values Exist}
[INFO ][2015-12-07 21:16:45,299][com.java.SeleniumDriver] [  881] - --------------------------setting values-----------------------------
[INFO ][2015-12-07 21:16:45,299][com.java.SeleniumDriver] [  884] - Action Type : VERIFY
[INFO ][2015-12-07 21:16:45,300][com.java.TestType] [ 6659] - field= XPH//span[@class='ui-dialog-title'] value= Forecasting 
[INFO ][2015-12-07 21:16:45,300][com.java.TestType] [ 5431] - value = Forecasting 
[INFO ][2015-12-07 21:16:45,492][com.java.SeleniumDriver] [  893] -  RESULT true
[INFO ][2015-12-07 21:16:45,492][com.java.SeleniumDriver] [ 1099] - ?   P A S S   ?
[INFO ][2015-12-07 21:16:45,493][com.java.SeleniumDriver] [  820] - ------------------------------------------
[INFO ][2015-12-07 21:16:45,493][com.java.SeleniumDriver] [  821] - Test case being Executed: 2
[INFO ][2015-12-07 21:16:45,494][com.java.SeleniumDriver] [  832] - Test step:9
[INFO ][2015-12-07 21:16:45,494][com.java.SeleniumDriver] [  844] - Datavalue is----------2
[INFO ][2015-12-07 21:16:45,494][com.java.SeleniumDriver] [  868] - DataField : DSP//span[contains(text(),'Forecasting')]
[INFO ][2015-12-07 21:16:45,494][com.java.SeleniumDriver] [  870] - DataValue : 2
[INFO ][2015-12-07 21:16:45,495][com.java.SeleniumDriver] [  876] - <In Set values of the page>
[INFO ][2015-12-07 21:16:45,495][com.java.SeleniumDriver] [  879] - {Data Fields & Data Values Exist}
[INFO ][2015-12-07 21:16:45,495][com.java.SeleniumDriver] [  881] - --------------------------setting values-----------------------------
[INFO ][2015-12-07 21:16:45,495][com.java.SeleniumDriver] [  884] - Action Type : WAITFORELEMENT
[INFO ][2015-12-07 21:16:45,669][com.java.SeleniumDriver] [  893] -  RESULT true
[INFO ][2015-12-07 21:16:45,670][com.java.SeleniumDriver] [ 1099] - ?   P A S S   ?
[INFO ][2015-12-07 21:16:45,670][com.java.SeleniumDriver] [  820] - ------------------------------------------
[INFO ][2015-12-07 21:16:45,670][com.java.SeleniumDriver] [  821] - Test case being Executed: 2
[INFO ][2015-12-07 21:16:45,670][com.java.SeleniumDriver] [  832] - Test step:10
[INFO ][2015-12-07 21:16:45,670][com.java.SeleniumDriver] [  844] - Datavalue is----------null
[DEBUG][2015-12-07 21:16:45,670][com.java.SeleniumDriver] [  862] - Exception: null
[INFO ][2015-12-07 21:16:45,670][com.java.SeleniumDriver] [  868] - DataField : BTNframeDialogContent
[INFO ][2015-12-07 21:16:45,670][com.java.SeleniumDriver] [  870] - DataValue : 
[INFO ][2015-12-07 21:16:45,670][com.java.SeleniumDriver] [  876] - <In Set values of the page>
[INFO ][2015-12-07 21:16:45,670][com.java.SeleniumDriver] [  879] - {Data Fields & Data Values Exist}
[INFO ][2015-12-07 21:16:45,670][com.java.SeleniumDriver] [  881] - --------------------------setting values-----------------------------
[INFO ][2015-12-07 21:16:45,670][com.java.SeleniumDriver] [  884] - Action Type : SELECTFRAME
[INFO ][2015-12-07 21:16:47,203][com.java.SeleniumDriver] [  893] -  RESULT true
[INFO ][2015-12-07 21:16:47,203][com.java.SeleniumDriver] [ 1099] - ?   P A S S   ?
[INFO ][2015-12-07 21:16:47,203][com.java.SeleniumDriver] [  820] - ------------------------------------------
[INFO ][2015-12-07 21:16:47,203][com.java.SeleniumDriver] [  821] - Test case being Executed: 2
[INFO ][2015-12-07 21:16:47,203][com.java.SeleniumDriver] [  832] - Test step:11
[INFO ][2015-12-07 21:16:47,204][com.java.SeleniumDriver] [  844] - Datavalue is----------10
[INFO ][2015-12-07 21:16:47,204][com.java.SeleniumDriver] [  868] - DataField : DSPddlProjects
[INFO ][2015-12-07 21:16:47,204][com.java.SeleniumDriver] [  870] - DataValue : 10
[INFO ][2015-12-07 21:16:47,204][com.java.SeleniumDriver] [  876] - <In Set values of the page>
[INFO ][2015-12-07 21:16:47,204][com.java.SeleniumDriver] [  879] - {Data Fields & Data Values Exist}
[INFO ][2015-12-07 21:16:47,204][com.java.SeleniumDriver] [  881] - --------------------------setting values-----------------------------
[INFO ][2015-12-07 21:16:47,204][com.java.SeleniumDriver] [  884] - Action Type : WAITFORELEMENT
[INFO ][2015-12-07 21:16:48,624][com.java.SeleniumDriver] [  893] -  RESULT true
[INFO ][2015-12-07 21:16:48,624][com.java.SeleniumDriver] [ 1099] - ?   P A S S   ?
[INFO ][2015-12-07 21:16:48,624][com.java.SeleniumDriver] [  820] - ------------------------------------------
[INFO ][2015-12-07 21:16:48,624][com.java.SeleniumDriver] [  821] - Test case being Executed: 2
[INFO ][2015-12-07 21:16:48,625][com.java.SeleniumDriver] [  832] - Test step:12
[INFO ][2015-12-07 21:16:48,625][com.java.SeleniumDriver] [  844] - Datavalue is----------index:1
[INFO ][2015-12-07 21:16:48,625][com.java.SeleniumDriver] [  868] - DataField : COBddlProjects
[INFO ][2015-12-07 21:16:48,625][com.java.SeleniumDriver] [  870] - DataValue : index:1
[INFO ][2015-12-07 21:16:48,625][com.java.SeleniumDriver] [  876] - <In Set values of the page>
[INFO ][2015-12-07 21:16:48,625][com.java.SeleniumDriver] [  879] - {Data Fields & Data Values Exist}
[INFO ][2015-12-07 21:16:48,625][com.java.SeleniumDriver] [  881] - --------------------------setting values-----------------------------
[INFO ][2015-12-07 21:16:48,625][com.java.SeleniumDriver] [  884] - Action Type : SELECT
[INFO ][2015-12-07 21:16:48,625][com.java.TestType] [ 5431] - value = 1
[INFO ][2015-12-07 21:16:50,071][com.java.TestType] [ 5549] -  In COB ddlProjects : 1
[INFO ][2015-12-07 21:16:50,244][com.java.SeleniumDriver] [  893] -  RESULT true
[INFO ][2015-12-07 21:16:50,244][com.java.SeleniumDriver] [ 1099] - ?   P A S S   ?
[INFO ][2015-12-07 21:16:50,244][com.java.SeleniumDriver] [ 1136] - Continue next step...
[INFO ][2015-12-07 21:16:50,244][com.java.SeleniumDriver] [  820] - ------------------------------------------
[INFO ][2015-12-07 21:16:50,244][com.java.SeleniumDriver] [  821] - Test case being Executed: 2
[INFO ][2015-12-07 21:16:50,245][com.java.SeleniumDriver] [  832] - Test step:13
[INFO ][2015-12-07 21:16:50,245][com.java.SeleniumDriver] [  844] - Datavalue is----------null
[DEBUG][2015-12-07 21:16:50,245][com.java.SeleniumDriver] [  862] - Exception: null
[INFO ][2015-12-07 21:16:50,245][com.java.SeleniumDriver] [  868] - DataField : HDNbtnOpenProject
[INFO ][2015-12-07 21:16:50,245][com.java.SeleniumDriver] [  870] - DataValue : 
[INFO ][2015-12-07 21:16:50,245][com.java.SeleniumDriver] [  876] - <In Set values of the page>
[INFO ][2015-12-07 21:16:50,245][com.java.SeleniumDriver] [  879] - {Data Fields & Data Values Exist}
[INFO ][2015-12-07 21:16:50,245][com.java.SeleniumDriver] [  881] - --------------------------setting values-----------------------------
[INFO ][2015-12-07 21:16:50,245][com.java.SeleniumDriver] [  884] - Action Type : CLICK
[INFO ][2015-12-07 21:16:50,245][com.java.TestType] [ 5759] - Field ::HDNbtnOpenProject
[INFO ][2015-12-07 21:16:53,125][com.java.SeleniumDriver] [  893] -  RESULT true
[INFO ][2015-12-07 21:16:53,125][com.java.SeleniumDriver] [ 1099] - ?   P A S S   ?
[INFO ][2015-12-07 21:16:53,125][com.java.SeleniumDriver] [  820] - ------------------------------------------
[INFO ][2015-12-07 21:16:53,125][com.java.SeleniumDriver] [  821] - Test case being Executed: 2
[INFO ][2015-12-07 21:16:53,125][com.java.SeleniumDriver] [  832] - Test step:14
[INFO ][2015-12-07 21:16:53,125][com.java.SeleniumDriver] [  844] - Datavalue is----------null
[DEBUG][2015-12-07 21:16:53,125][com.java.SeleniumDriver] [  862] - Exception: null
[INFO ][2015-12-07 21:16:53,126][com.java.SeleniumDriver] [  868] - DataField : BTNParent
[INFO ][2015-12-07 21:16:53,126][com.java.SeleniumDriver] [  870] - DataValue : 
[INFO ][2015-12-07 21:16:53,126][com.java.SeleniumDriver] [  876] - <In Set values of the page>
[INFO ][2015-12-07 21:16:53,126][com.java.SeleniumDriver] [  879] - {Data Fields & Data Values Exist}
[INFO ][2015-12-07 21:16:53,126][com.java.SeleniumDriver] [  881] - --------------------------setting values-----------------------------
[INFO ][2015-12-07 21:16:53,126][com.java.SeleniumDriver] [  884] - Action Type : SELECTFRAME
[INFO ][2015-12-07 21:16:53,150][com.java.SeleniumDriver] [  893] -  RESULT true
[INFO ][2015-12-07 21:16:53,150][com.java.SeleniumDriver] [ 1099] - ?   P A S S   ?
[INFO ][2015-12-07 21:16:53,150][com.java.SeleniumDriver] [  820] - ------------------------------------------
[INFO ][2015-12-07 21:16:53,150][com.java.SeleniumDriver] [  821] - Test case being Executed: 2
[INFO ][2015-12-07 21:16:53,150][com.java.SeleniumDriver] [  832] - Test step:15
[INFO ][2015-12-07 21:16:53,150][com.java.SeleniumDriver] [  844] - Datavalue is----------null
[DEBUG][2015-12-07 21:16:53,150][com.java.SeleniumDriver] [  862] - Exception: null
[INFO ][2015-12-07 21:16:53,150][com.java.SeleniumDriver] [  868] - DataField : HDN//span[@class="ui-icon ui-icon-closethick"]
[INFO ][2015-12-07 21:16:53,150][com.java.SeleniumDriver] [  870] - DataValue : 
[INFO ][2015-12-07 21:16:53,150][com.java.SeleniumDriver] [  876] - <In Set values of the page>
[INFO ][2015-12-07 21:16:53,150][com.java.SeleniumDriver] [  879] - {Data Fields & Data Values Exist}
[INFO ][2015-12-07 21:16:53,150][com.java.SeleniumDriver] [  881] - --------------------------setting values-----------------------------
[INFO ][2015-12-07 21:16:53,150][com.java.SeleniumDriver] [  884] - Action Type : Click
[INFO ][2015-12-07 21:16:53,150][com.java.TestType] [ 5759] - Field ::HDN//span[@class="ui-icon ui-icon-closethick"]
[INFO ][2015-12-07 21:17:15,074][com.java.SeleniumDriver] [  893] -  RESULT false
[INFO ][2015-12-07 21:17:15,074][com.java.SeleniumDriver] [  940] - ?   F A I L   ?
[INFO ][2015-12-07 21:17:15,074][com.java.SeleniumDriver] [  948] - Browser Type : IE9
[INFO ][2015-12-07 21:17:15,074][com.java.SeleniumDriver] [  949] - Adding Failed case2
[DEBUG][2015-12-07 21:17:15,224][com.java.SeleniumDriver] [ 1017] -  tdd.getCondition() IF:Next:Next
[INFO ][2015-12-07 21:17:15,224][com.java.SeleniumDriver] [ 1021] - Continue next step...
[INFO ][2015-12-07 21:17:15,224][com.java.SeleniumDriver] [  820] - ------------------------------------------
[INFO ][2015-12-07 21:17:15,225][com.java.SeleniumDriver] [  821] - Test case being Executed: 2
[INFO ][2015-12-07 21:17:15,225][com.java.SeleniumDriver] [  832] - Test step:16
[INFO ][2015-12-07 21:17:15,225][com.java.SeleniumDriver] [  844] - Datavalue is----------5
[INFO ][2015-12-07 21:17:15,225][com.java.SeleniumDriver] [  868] - DataField : null
[INFO ][2015-12-07 21:17:15,225][com.java.SeleniumDriver] [  870] - DataValue : 5
[INFO ][2015-12-07 21:17:15,225][com.java.SeleniumDriver] [  876] - <In Set values of the page>
[INFO ][2015-12-07 21:17:15,225][com.java.SeleniumDriver] [  879] - {Data Fields & Data Values Exist}
[INFO ][2015-12-07 21:17:15,225][com.java.SeleniumDriver] [  881] - --------------------------setting values-----------------------------
[INFO ][2015-12-07 21:17:15,225][com.java.SeleniumDriver] [  884] - Action Type : WAITTIME
[DEBUG][2015-12-07 21:17:15,225][com.java.TestType] [ 5251] - sleepTime: 5000
[INFO ][2015-12-07 21:17:20,225][com.java.SeleniumDriver] [  893] -  RESULT true
[INFO ][2015-12-07 21:17:20,225][com.java.SeleniumDriver] [ 1099] - ?   P A S S   ?
[INFO ][2015-12-07 21:17:20,225][com.java.SeleniumDriver] [  820] - ------------------------------------------
[INFO ][2015-12-07 21:17:20,225][com.java.SeleniumDriver] [  821] - Test case being Executed: 2
[INFO ][2015-12-07 21:17:20,225][com.java.SeleniumDriver] [  832] - Test step:17
[INFO ][2015-12-07 21:17:20,225][com.java.SeleniumDriver] [  844] - Datavalue is----------10
[INFO ][2015-12-07 21:17:20,225][com.java.SeleniumDriver] [  868] - DataField : DSPFile
[INFO ][2015-12-07 21:17:20,225][com.java.SeleniumDriver] [  870] - DataValue : 10
[INFO ][2015-12-07 21:17:20,225][com.java.SeleniumDriver] [  876] - <In Set values of the page>
[INFO ][2015-12-07 21:17:20,225][com.java.SeleniumDriver] [  879] - {Data Fields & Data Values Exist}
[INFO ][2015-12-07 21:17:20,225][com.java.SeleniumDriver] [  881] - --------------------------setting values-----------------------------
[INFO ][2015-12-07 21:17:20,225][com.java.SeleniumDriver] [  884] - Action Type : WAITFORELEMENT
[INFO ][2015-12-07 21:17:20,514][com.java.SeleniumDriver] [  893] -  RESULT true
[INFO ][2015-12-07 21:17:20,515][com.java.SeleniumDriver] [ 1099] - ?   P A S S   ?
[INFO ][2015-12-07 21:17:20,516][com.java.SeleniumDriver] [  820] - ------------------------------------------
[INFO ][2015-12-07 21:17:20,516][com.java.SeleniumDriver] [  821] - Test case being Executed: 2
[INFO ][2015-12-07 21:17:20,516][com.java.SeleniumDriver] [  832] - Test step:18
[INFO ][2015-12-07 21:17:20,516][com.java.SeleniumDriver] [  844] - Datavalue is----------null
[DEBUG][2015-12-07 21:17:20,516][com.java.SeleniumDriver] [  862] - Exception: null
[INFO ][2015-12-07 21:17:20,517][com.java.SeleniumDriver] [  868] - DataField : HDNFile
[INFO ][2015-12-07 21:17:20,517][com.java.SeleniumDriver] [  870] - DataValue : 
[INFO ][2015-12-07 21:17:20,517][com.java.SeleniumDriver] [  876] - <In Set values of the page>
[INFO ][2015-12-07 21:17:20,517][com.java.SeleniumDriver] [  879] - {Data Fields & Data Values Exist}
[INFO ][2015-12-07 21:17:20,517][com.java.SeleniumDriver] [  881] - --------------------------setting values-----------------------------
[INFO ][2015-12-07 21:17:20,517][com.java.SeleniumDriver] [  884] - Action Type : Click
[INFO ][2015-12-07 21:17:20,517][com.java.TestType] [ 5759] - Field ::HDNFile
[INFO ][2015-12-07 21:17:21,758][com.java.SeleniumDriver] [  893] -  RESULT true
[INFO ][2015-12-07 21:17:21,759][com.java.SeleniumDriver] [ 1099] - ?   P A S S   ?
[INFO ][2015-12-07 21:17:21,759][com.java.SeleniumDriver] [  820] - ------------------------------------------
[INFO ][2015-12-07 21:17:21,759][com.java.SeleniumDriver] [  821] - Test case being Executed: 2
[INFO ][2015-12-07 21:17:21,759][com.java.SeleniumDriver] [  832] - Test step:19
[INFO ][2015-12-07 21:17:21,759][com.java.SeleniumDriver] [  844] - Datavalue is----------10
[INFO ][2015-12-07 21:17:21,759][com.java.SeleniumDriver] [  868] - DataField : DSP//a[@id='menuNewProject']
[INFO ][2015-12-07 21:17:21,759][com.java.SeleniumDriver] [  870] - DataValue : 10
[INFO ][2015-12-07 21:17:21,759][com.java.SeleniumDriver] [  876] - <In Set values of the page>
[INFO ][2015-12-07 21:17:21,759][com.java.SeleniumDriver] [  879] - {Data Fields & Data Values Exist}
[INFO ][2015-12-07 21:17:21,759][com.java.SeleniumDriver] [  881] - --------------------------setting values-----------------------------
[INFO ][2015-12-07 21:17:21,759][com.java.SeleniumDriver] [  884] - Action Type : WAITFORELEMENT
[INFO ][2015-12-07 21:17:21,943][com.java.SeleniumDriver] [  893] -  RESULT true
[INFO ][2015-12-07 21:17:21,943][com.java.SeleniumDriver] [ 1099] - ?   P A S S   ?
[INFO ][2015-12-07 21:17:21,943][com.java.SeleniumDriver] [  820] - ------------------------------------------
[INFO ][2015-12-07 21:17:21,943][com.java.SeleniumDriver] [  821] - Test case being Executed: 2
[INFO ][2015-12-07 21:17:21,943][com.java.SeleniumDriver] [  832] - Test step:20
[INFO ][2015-12-07 21:17:21,943][com.java.SeleniumDriver] [  844] - Datavalue is----------null
[DEBUG][2015-12-07 21:17:21,943][com.java.SeleniumDriver] [  862] - Exception: null
[INFO ][2015-12-07 21:17:21,943][com.java.SeleniumDriver] [  868] - DataField : HDN//a[@id='menuNewProject']
[INFO ][2015-12-07 21:17:21,944][com.java.SeleniumDriver] [  870] - DataValue : 
[INFO ][2015-12-07 21:17:21,944][com.java.SeleniumDriver] [  876] - <In Set values of the page>
[INFO ][2015-12-07 21:17:21,944][com.java.SeleniumDriver] [  879] - {Data Fields & Data Values Exist}
[INFO ][2015-12-07 21:17:21,944][com.java.SeleniumDriver] [  881] - --------------------------setting values-----------------------------
[INFO ][2015-12-07 21:17:21,944][com.java.SeleniumDriver] [  884] - Action Type : Click
[INFO ][2015-12-07 21:17:21,944][com.java.TestType] [ 5759] - Field ::HDN//a[@id='menuNewProject']
[INFO ][2015-12-07 21:17:23,138][com.java.SeleniumDriver] [  893] -  RESULT true
[INFO ][2015-12-07 21:17:23,138][com.java.SeleniumDriver] [ 1099] - ?   P A S S   ?
[INFO ][2015-12-07 21:17:23,139][com.java.SeleniumDriver] [  820] - ------------------------------------------
[INFO ][2015-12-07 21:17:23,139][com.java.SeleniumDriver] [  821] - Test case being Executed: 2
[INFO ][2015-12-07 21:17:23,139][com.java.SeleniumDriver] [  832] - Test step:21
[INFO ][2015-12-07 21:17:23,139][com.java.SeleniumDriver] [  844] - Datavalue is----------5
[INFO ][2015-12-07 21:17:23,139][com.java.SeleniumDriver] [  868] - DataField : null
[INFO ][2015-12-07 21:17:23,139][com.java.SeleniumDriver] [  870] - DataValue : 5
[INFO ][2015-12-07 21:17:23,139][com.java.SeleniumDriver] [  876] - <In Set values of the page>
[INFO ][2015-12-07 21:17:23,139][com.java.SeleniumDriver] [  879] - {Data Fields & Data Values Exist}
[INFO ][2015-12-07 21:17:23,139][com.java.SeleniumDriver] [  881] - --------------------------setting values-----------------------------
[INFO ][2015-12-07 21:17:23,139][com.java.SeleniumDriver] [  884] - Action Type : WAITTIME
[DEBUG][2015-12-07 21:17:23,139][com.java.TestType] [ 5251] - sleepTime: 5000
[INFO ][2015-12-07 21:17:28,139][com.java.SeleniumDriver] [  893] -  RESULT true
[INFO ][2015-12-07 21:17:28,139][com.java.SeleniumDriver] [ 1099] - ?   P A S S   ?
[INFO ][2015-12-07 21:17:28,139][com.java.SeleniumDriver] [  820] - ------------------------------------------
[INFO ][2015-12-07 21:17:28,139][com.java.SeleniumDriver] [  821] - Test case being Executed: 2
[INFO ][2015-12-07 21:17:28,139][com.java.SeleniumDriver] [  832] - Test step:22
[INFO ][2015-12-07 21:17:28,139][com.java.SeleniumDriver] [  844] - Datavalue is----------OK
[INFO ][2015-12-07 21:17:28,139][com.java.SeleniumDriver] [  868] - DataField : CNF
[INFO ][2015-12-07 21:17:28,139][com.java.SeleniumDriver] [  870] - DataValue : OK
[INFO ][2015-12-07 21:17:28,139][com.java.SeleniumDriver] [  876] - <In Set values of the page>
[INFO ][2015-12-07 21:17:28,139][com.java.SeleniumDriver] [  879] - {Data Fields & Data Values Exist}
[INFO ][2015-12-07 21:17:28,139][com.java.SeleniumDriver] [  881] - --------------------------setting values-----------------------------
[INFO ][2015-12-07 21:17:28,139][com.java.SeleniumDriver] [  884] - Action Type : Click
[INFO ][2015-12-07 21:17:28,139][com.java.TestType] [ 5759] - Field ::CNF
[INFO ][2015-12-07 21:17:30,252][com.java.TestType] [ 5849] - Click the object Only one project create dialog
[INFO ][2015-12-07 21:17:30,253][com.java.TestType] [ 5850] - Unable to click the object Only one project create dialog
[INFO ][2015-12-07 21:17:30,253][com.java.SeleniumDriver] [  893] -  RESULT true
[INFO ][2015-12-07 21:17:30,253][com.java.SeleniumDriver] [ 1099] - ?   P A S S   ?
[INFO ][2015-12-07 21:17:30,253][com.java.SeleniumDriver] [ 1141] - step change to 113
[INFO ][2015-12-07 21:17:30,253][com.java.SeleniumDriver] [  820] - ------------------------------------------
[INFO ][2015-12-07 21:17:30,253][com.java.SeleniumDriver] [  821] - Test case being Executed: 2
[INFO ][2015-12-07 21:17:30,253][com.java.SeleniumDriver] [  832] - Test step:113
[INFO ][2015-12-07 21:17:30,253][com.java.SeleniumDriver] [  844] - Datavalue is----------1
[INFO ][2015-12-07 21:17:30,253][com.java.SeleniumDriver] [  868] - DataField : null
[INFO ][2015-12-07 21:17:30,253][com.java.SeleniumDriver] [  870] - DataValue : 1
[INFO ][2015-12-07 21:17:30,253][com.java.SeleniumDriver] [  876] - <In Set values of the page>
[INFO ][2015-12-07 21:17:30,253][com.java.SeleniumDriver] [  879] - {Data Fields & Data Values Exist}
[INFO ][2015-12-07 21:17:30,253][com.java.SeleniumDriver] [  881] - --------------------------setting values-----------------------------
[INFO ][2015-12-07 21:17:30,253][com.java.SeleniumDriver] [  884] - Action Type : WAITTIME
[DEBUG][2015-12-07 21:17:30,254][com.java.TestType] [ 5251] - sleepTime: 1000
[INFO ][2015-12-07 21:17:31,254][com.java.SeleniumDriver] [  893] -  RESULT true
[INFO ][2015-12-07 21:17:31,254][com.java.SeleniumDriver] [ 1099] - ?   P A S S   ?
[DEBUG][2015-12-07 21:17:31,254][com.java.SeleniumDriver] [ 1211] - Case found
[DEBUG][2015-12-07 21:17:31,254][com.java.SeleniumDriver] [ 1216] - Incrementing ReportCounters[0]:2
[INFO ][2015-12-07 21:17:31,254][com.java.SeleniumDriver] [ 1235] - The results are-------------------[2, 1, Projectioans: Forecasting, Pass, , Mon Dec 07 21:16:00 IST 2015, 2, 3, Projectioans: Forecasting, Pass, , Mon Dec 07 21:16:05 IST 2015, 2, 4, Projectioans: Forecasting, Pass, , Mon Dec 07 21:16:26 IST 2015, 2, 5, Projectioans: Forecasting, Pass, , Mon Dec 07 21:16:31 IST 2015, 2, 6, Projectioans: Forecasting, Pass, , Mon Dec 07 21:16:43 IST 2015, 2, 7, Projectioans: Forecasting, Pass, , Mon Dec 07 21:16:45 IST 2015, 2, 8, Projectioans: Forecasting, Pass, , Mon Dec 07 21:16:45 IST 2015, 2, 9, Projectioans: Forecasting, Pass, , Mon Dec 07 21:16:45 IST 2015, 2, 10, Projectioans: Forecasting, Pass, , Mon Dec 07 21:16:47 IST 2015, 2, 11, Projectioans: Forecasting, Pass, , Mon Dec 07 21:16:48 IST 2015, 2, 12, Projectioans: Forecasting, Pass, , Mon Dec 07 21:16:50 IST 2015, 2, 13, Projectioans: Forecasting, Pass, , Mon Dec 07 21:16:53 IST 2015, 2, 14, Projectioans: Forecasting, Pass, , Mon Dec 07 21:16:53 IST 2015, 2, 15, Projectioans: Forecasting, Pass, , Mon Dec 07 21:17:15 IST 2015, 2, 16, Projectioans: Forecasting, Pass, , Mon Dec 07 21:17:20 IST 2015, 2, 17, Projectioans: Forecasting, Pass, , Mon Dec 07 21:17:20 IST 2015, 2, 18, Projectioans: Forecasting, Pass, , Mon Dec 07 21:17:21 IST 2015, 2, 19, Projectioans: Forecasting, Pass, , Mon Dec 07 21:17:21 IST 2015, 2, 20, Projectioans: Forecasting, Pass, , Mon Dec 07 21:17:23 IST 2015, 2, 21, Projectioans: Forecasting, Pass, , Mon Dec 07 21:17:28 IST 2015, 2, 22, Projectioans: Forecasting, Pass, , Mon Dec 07 21:17:30 IST 2015, 2, 113, Projectioans: Forecasting, Pass, , Mon Dec 07 21:17:31 IST 2015]
[INFO ][2015-12-07 21:17:31,254][com.java.SeleniumDriver] [ 1239] - End time is-------3 min 8 sec
[INFO ][2015-12-07 21:17:31,254][com.java.SeleniumDriver] [ 1240] - The results are-------------------[2, 1, Projectioans: Forecasting, Pass, , Mon Dec 07 21:16:00 IST 2015, 2, 3, Projectioans: Forecasting, Pass, , Mon Dec 07 21:16:05 IST 2015, 2, 4, Projectioans: Forecasting, Pass, , Mon Dec 07 21:16:26 IST 2015, 2, 5, Projectioans: Forecasting, Pass, , Mon Dec 07 21:16:31 IST 2015, 2, 6, Projectioans: Forecasting, Pass, , Mon Dec 07 21:16:43 IST 2015, 2, 7, Projectioans: Forecasting, Pass, , Mon Dec 07 21:16:45 IST 2015, 2, 8, Projectioans: Forecasting, Pass, , Mon Dec 07 21:16:45 IST 2015, 2, 9, Projectioans: Forecasting, Pass, , Mon Dec 07 21:16:45 IST 2015, 2, 10, Projectioans: Forecasting, Pass, , Mon Dec 07 21:16:47 IST 2015, 2, 11, Projectioans: Forecasting, Pass, , Mon Dec 07 21:16:48 IST 2015, 2, 12, Projectioans: Forecasting, Pass, , Mon Dec 07 21:16:50 IST 2015, 2, 13, Projectioans: Forecasting, Pass, , Mon Dec 07 21:16:53 IST 2015, 2, 14, Projectioans: Forecasting, Pass, , Mon Dec 07 21:16:53 IST 2015, 2, 15, Projectioans: Forecasting, Pass, , Mon Dec 07 21:17:15 IST 2015, 2, 16, Projectioans: Forecasting, Pass, , Mon Dec 07 21:17:20 IST 2015, 2, 17, Projectioans: Forecasting, Pass, , Mon Dec 07 21:17:20 IST 2015, 2, 18, Projectioans: Forecasting, Pass, , Mon Dec 07 21:17:21 IST 2015, 2, 19, Projectioans: Forecasting, Pass, , Mon Dec 07 21:17:21 IST 2015, 2, 20, Projectioans: Forecasting, Pass, , Mon Dec 07 21:17:23 IST 2015, 2, 21, Projectioans: Forecasting, Pass, , Mon Dec 07 21:17:28 IST 2015, 2, 22, Projectioans: Forecasting, Pass, , Mon Dec 07 21:17:30 IST 2015, 2, 113, Projectioans: Forecasting, Pass, , Mon Dec 07 21:17:31 IST 2015]
[DEBUG][2015-12-07 21:17:31,254][com.java.ImportnExport.ExportTestResultsExcel] [  222] - testResultPath = D:\BankersDashboard/TestReports/Test Results_BankersDashBoard_120715_211433_IE9_Simmons First National Bank.xls
[DEBUG][2015-12-07 21:17:31,254][com.java.ImportnExport.ExportTestResultsExcel] [  223] - browser is------------IE9
[DEBUG][2015-12-07 21:17:31,257][com.java.ImportnExport.ExportTestResultsExcel] [  270] - result.size() = 132
[DEBUG][2015-12-07 21:17:31,257][com.java.ImportnExport.ExportTestResultsExcel] [  274] - No of rows in sheet=2
[DEBUG][2015-12-07 21:17:31,257][com.java.ImportnExport.ExportTestResultsExcel] [  301] - ..in export..2
[DEBUG][2015-12-07 21:17:31,257][com.java.ImportnExport.ExportTestResultsExcel] [  301] - ..in export..Projectioans: Forecasting
[DEBUG][2015-12-07 21:17:31,257][com.java.ImportnExport.ExportTestResultsExcel] [  301] - ..in export..Pass
[DEBUG][2015-12-07 21:17:31,258][com.java.ImportnExport.ExportTestResultsExcel] [  301] - ..in export..
[DEBUG][2015-12-07 21:17:31,258][com.java.ImportnExport.ExportTestResultsExcel] [  301] - ..in export..Mon Dec 07 21:16:00 IST 2015
[INFO ][2015-12-07 21:17:31,259][com.java.SeleniumDriver] [ 1298] - out loop:1 size:12 TestCases:[1, 2, 3, 4, 5, 6, 7, 8, 9, 10, 11, 12] testcases:[1, 2, 3, 4, 5, 6, 7, 8, 9, 10, 11, 12]
[INFO ][2015-12-07 21:17:31,259][com.java.ImportnExport.ImportTestDataDetailsExcel] [   49] - test data details path===== D:\BankersDashboard\TestInputs\TestData.xls
[DEBUG][2015-12-07 21:17:58,979][com.java.TestType] [ 6347] - //td[text()='Consolidated']   :: Element not Found
[INFO ][2015-12-07 21:18:08,980][com.java.SeleniumDriver] [  820] - ------------------------------------------
[INFO ][2015-12-07 21:18:08,980][com.java.SeleniumDriver] [  821] - Test case being Executed: 3
[INFO ][2015-12-07 21:18:08,980][com.java.SeleniumDriver] [  832] - Test step:1
[INFO ][2015-12-07 21:18:08,980][com.java.SeleniumDriver] [  844] - Datavalue is----------Logout
[INFO ][2015-12-07 21:18:08,980][com.java.SeleniumDriver] [  868] - DataField : BTN
[INFO ][2015-12-07 21:18:08,980][com.java.SeleniumDriver] [  870] - DataValue : Logout
[INFO ][2015-12-07 21:18:08,980][com.java.SeleniumDriver] [  876] - <In Set values of the page>
[INFO ][2015-12-07 21:18:08,980][com.java.SeleniumDriver] [  879] - {Data Fields & Data Values Exist}
[INFO ][2015-12-07 21:18:08,980][com.java.SeleniumDriver] [  881] - --------------------------setting values-----------------------------
[INFO ][2015-12-07 21:18:08,980][com.java.SeleniumDriver] [  884] - Action Type : Verify
[INFO ][2015-12-07 21:18:08,980][com.java.TestType] [ 6659] - field= BTN value= Logout
[INFO ][2015-12-07 21:18:08,980][com.java.TestType] [ 5431] - value = Logout
[INFO ][2015-12-07 21:18:09,175][com.java.SeleniumDriver] [  893] -  RESULT true
[INFO ][2015-12-07 21:18:09,175][com.java.SeleniumDriver] [ 1099] - ?   P A S S   ?
[INFO ][2015-12-07 21:18:09,175][com.java.SeleniumDriver] [ 1141] - step change to 3
[INFO ][2015-12-07 21:18:09,175][com.java.SeleniumDriver] [  820] - ------------------------------------------
[INFO ][2015-12-07 21:18:09,175][com.java.SeleniumDriver] [  821] - Test case being Executed: 3
[INFO ][2015-12-07 21:18:09,175][com.java.SeleniumDriver] [  832] - Test step:3
[INFO ][2015-12-07 21:18:09,175][com.java.SeleniumDriver] [  844] - Datavalue is----------Concept#2:1-2
[INFO ][2015-12-07 21:18:09,175][com.java.SeleniumDriver] [  868] - DataField : test
[INFO ][2015-12-07 21:18:09,175][com.java.SeleniumDriver] [  870] - DataValue : Concept#2:1-2
[INFO ][2015-12-07 21:18:09,175][com.java.SeleniumDriver] [  876] - <In Set values of the page>
[INFO ][2015-12-07 21:18:09,175][com.java.SeleniumDriver] [  879] - {Data Fields & Data Values Exist}
[INFO ][2015-12-07 21:18:09,175][com.java.SeleniumDriver] [  881] - --------------------------setting values-----------------------------
[INFO ][2015-12-07 21:18:09,175][com.java.SeleniumDriver] [  884] - Action Type : ExecuteTestCase
[INFO ][2015-12-07 21:18:09,176][com.java.TestType] [  436] - The Concept sheet name is ---------- Concept
[INFO ][2015-12-07 21:18:09,176][com.java.TestType] [  439] - The Concept ID  is ---------- 2
[DEBUG][2015-12-07 21:18:09,176][com.java.TestType] [  443] - Steps being executted in the Concept are: 1:2
[INFO ][2015-12-07 21:18:09,176][com.java.TestType] [  450] - Test data details path ---------- D:\BankersDashboard\TestInputs\TestData.xls
[INFO ][2015-12-07 21:18:09,207][com.java.TestType] [  481] -  str(1) = 2
[INFO ][2015-12-07 21:18:09,207][com.java.TestType] [  484] - Test case Id is---2
[INFO ][2015-12-07 21:18:09,207][com.java.TestType] [  486] - 2
[INFO ][2015-12-07 21:18:09,207][com.java.TestType] [  481] -  str(2) = 1
[INFO ][2015-12-07 21:18:09,209][com.java.TestType] [  533] - row values are--------{1=com.java.Objects.TestDataDetails@768fd2}
[INFO ][2015-12-07 21:18:09,209][com.java.TestType] [  481] -  str(1) = 2
[INFO ][2015-12-07 21:18:09,209][com.java.TestType] [  484] - Test case Id is---2
[INFO ][2015-12-07 21:18:09,209][com.java.TestType] [  486] - 2
[INFO ][2015-12-07 21:18:09,209][com.java.TestType] [  481] -  str(2) = 2
[INFO ][2015-12-07 21:18:09,210][com.java.TestType] [  533] - row values are--------{1=com.java.Objects.TestDataDetails@768fd2, 2=com.java.Objects.TestDataDetails@154d30d}
[INFO ][2015-12-07 21:18:09,210][com.java.TestType] [  481] -  str(1) = 2
[INFO ][2015-12-07 21:18:09,210][com.java.TestType] [  484] - Test case Id is---2
[INFO ][2015-12-07 21:18:09,210][com.java.TestType] [  486] - 2
[INFO ][2015-12-07 21:18:09,210][com.java.TestType] [  481] -  str(2) = 3
[INFO ][2015-12-07 21:18:09,210][com.java.TestType] [  533] - row values are--------{1=com.java.Objects.TestDataDetails@768fd2, 2=com.java.Objects.TestDataDetails@154d30d, 3=com.java.Objects.TestDataDetails@176fec}
[INFO ][2015-12-07 21:18:09,211][com.java.TestType] [ 9967] - Looping 1TCID = 2
[DEBUG][2015-12-07 21:18:09,211][com.java.TestType] [10008] - Concept ID:2 :: Step being Executed: 2::1
[INFO ][2015-12-07 21:18:09,211][com.java.TestType] [10046] - dataFields : BNK//select[@id='bank']
[DEBUG][2015-12-07 21:18:09,211][com.java.TestType] [10052] - <In Set values of the page>
[DEBUG][2015-12-07 21:18:09,212][com.java.TestType] [10057] - {Data Fields & Data Values Exist}
[INFO ][2015-12-07 21:18:09,212][com.java.TestType] [10063] - --------------------------setting values-----------------------------
[INFO ][2015-12-07 21:18:09,212][com.java.TestType] [10066] - Action Type : Select
[INFO ][2015-12-07 21:18:09,212][com.java.TestType] [ 5431] - value = PFC
[INFO ][2015-12-07 21:18:09,622][com.java.TestType] [10085] -  RESULT true
[INFO ][2015-12-07 21:18:09,622][com.java.TestType] [10202] - ?   P A S S   ?
[DEBUG][2015-12-07 21:18:09,622][com.java.TestType] [10008] - Concept ID:2 :: Step being Executed: 2::2
[INFO ][2015-12-07 21:18:09,622][com.java.TestType] [10046] - dataFields : LNKLogout
[DEBUG][2015-12-07 21:18:09,622][com.java.TestType] [10052] - <In Set values of the page>
[DEBUG][2015-12-07 21:18:09,622][com.java.TestType] [10057] - {Data Fields & Data Values Exist}
[INFO ][2015-12-07 21:18:09,622][com.java.TestType] [10063] - --------------------------setting values-----------------------------
[INFO ][2015-12-07 21:18:09,622][com.java.TestType] [10066] - Action Type : WaitTime
[DEBUG][2015-12-07 21:18:09,622][com.java.TestType] [ 5251] - sleepTime: 5000
[INFO ][2015-12-07 21:18:14,624][com.java.TestType] [10085] -  RESULT true
[INFO ][2015-12-07 21:18:14,624][com.java.TestType] [10202] - ?   P A S S   ?
[INFO ][2015-12-07 21:18:14,624][com.java.TestType] [10273] - Looping End......
[INFO ][2015-12-07 21:18:14,628][com.java.SeleniumDriver] [  893] -  RESULT true
[INFO ][2015-12-07 21:18:14,628][com.java.SeleniumDriver] [ 1099] - ?   P A S S   ?
[INFO ][2015-12-07 21:18:14,628][com.java.SeleniumDriver] [  820] - ------------------------------------------
[INFO ][2015-12-07 21:18:14,628][com.java.SeleniumDriver] [  821] - Test case being Executed: 3
[INFO ][2015-12-07 21:18:14,628][com.java.SeleniumDriver] [  832] - Test step:4
[INFO ][2015-12-07 21:18:14,628][com.java.SeleniumDriver] [  844] - Datavalue is----------null
[DEBUG][2015-12-07 21:18:14,629][com.java.SeleniumDriver] [  862] - Exception: null
[INFO ][2015-12-07 21:18:14,629][com.java.SeleniumDriver] [  868] - DataField : //span[@class='icon-stats']&&//a[@data-id="Forecasting"]
[INFO ][2015-12-07 21:18:14,629][com.java.SeleniumDriver] [  870] - DataValue : 
[INFO ][2015-12-07 21:18:14,629][com.java.SeleniumDriver] [  876] - <In Set values of the page>
[INFO ][2015-12-07 21:18:14,629][com.java.SeleniumDriver] [  879] - {Data Fields & Data Values Exist}
[INFO ][2015-12-07 21:18:14,629][com.java.SeleniumDriver] [  881] - --------------------------setting values-----------------------------
[INFO ][2015-12-07 21:18:14,629][com.java.SeleniumDriver] [  884] - Action Type : MOUSEOVER
[INFO ][2015-12-07 21:18:35,239][com.java.SeleniumDriver] [  893] -  RESULT true
[INFO ][2015-12-07 21:18:35,239][com.java.SeleniumDriver] [ 1099] - ?   P A S S   ?
[INFO ][2015-12-07 21:18:35,239][com.java.SeleniumDriver] [  820] - ------------------------------------------
[INFO ][2015-12-07 21:18:35,239][com.java.SeleniumDriver] [  821] - Test case being Executed: 3
[INFO ][2015-12-07 21:18:35,239][com.java.SeleniumDriver] [  832] - Test step:5
[INFO ][2015-12-07 21:18:35,239][com.java.SeleniumDriver] [  844] - Datavalue is----------5
[INFO ][2015-12-07 21:18:35,239][com.java.SeleniumDriver] [  868] - DataField : null
[INFO ][2015-12-07 21:18:35,239][com.java.SeleniumDriver] [  870] - DataValue : 5
[INFO ][2015-12-07 21:18:35,239][com.java.SeleniumDriver] [  876] - <In Set values of the page>
[INFO ][2015-12-07 21:18:35,239][com.java.SeleniumDriver] [  879] - {Data Fields & Data Values Exist}
[INFO ][2015-12-07 21:18:35,239][com.java.SeleniumDriver] [  881] - --------------------------setting values-----------------------------
[INFO ][2015-12-07 21:18:35,239][com.java.SeleniumDriver] [  884] - Action Type : WAITTIME
[DEBUG][2015-12-07 21:18:35,239][com.java.TestType] [ 5251] - sleepTime: 5000
[INFO ][2015-12-07 21:18:40,240][com.java.SeleniumDriver] [  893] -  RESULT true
[INFO ][2015-12-07 21:18:40,240][com.java.SeleniumDriver] [ 1099] - ?   P A S S   ?
[INFO ][2015-12-07 21:18:40,240][com.java.SeleniumDriver] [  820] - ------------------------------------------
[INFO ][2015-12-07 21:18:40,240][com.java.SeleniumDriver] [  821] - Test case being Executed: 3
[INFO ][2015-12-07 21:18:40,240][com.java.SeleniumDriver] [  832] - Test step:6
[INFO ][2015-12-07 21:18:40,240][com.java.SeleniumDriver] [  844] - Datavalue is----------Forecasting 
[INFO ][2015-12-07 21:18:40,240][com.java.SeleniumDriver] [  868] - DataField : TTL
[INFO ][2015-12-07 21:18:40,240][com.java.SeleniumDriver] [  870] - DataValue : Forecasting 
[INFO ][2015-12-07 21:18:40,240][com.java.SeleniumDriver] [  876] - <In Set values of the page>
[INFO ][2015-12-07 21:18:40,240][com.java.SeleniumDriver] [  879] - {Data Fields & Data Values Exist}
[INFO ][2015-12-07 21:18:40,240][com.java.SeleniumDriver] [  881] - --------------------------setting values-----------------------------
[INFO ][2015-12-07 21:18:40,240][com.java.SeleniumDriver] [  884] - Action Type : SELECTWINDOW
[INFO ][2015-12-07 21:18:52,873][com.java.SeleniumDriver] [  893] -  RESULT true
[INFO ][2015-12-07 21:18:52,873][com.java.SeleniumDriver] [ 1099] - ?   P A S S   ?
[INFO ][2015-12-07 21:18:52,873][com.java.SeleniumDriver] [  820] - ------------------------------------------
[INFO ][2015-12-07 21:18:52,873][com.java.SeleniumDriver] [  821] - Test case being Executed: 3
[INFO ][2015-12-07 21:18:52,874][com.java.SeleniumDriver] [  832] - Test step:7
[INFO ][2015-12-07 21:18:52,874][com.java.SeleniumDriver] [  844] - Datavalue is----------2
[INFO ][2015-12-07 21:18:52,874][com.java.SeleniumDriver] [  868] - DataField : DSPframeDialogContent
[INFO ][2015-12-07 21:18:52,874][com.java.SeleniumDriver] [  870] - DataValue : 2
[INFO ][2015-12-07 21:18:52,874][com.java.SeleniumDriver] [  876] - <In Set values of the page>
[INFO ][2015-12-07 21:18:52,874][com.java.SeleniumDriver] [  879] - {Data Fields & Data Values Exist}
[INFO ][2015-12-07 21:18:52,874][com.java.SeleniumDriver] [  881] - --------------------------setting values-----------------------------
[INFO ][2015-12-07 21:18:52,874][com.java.SeleniumDriver] [  884] - Action Type : WAITFORELEMENT
[INFO ][2015-12-07 21:18:54,447][com.java.SeleniumDriver] [  893] -  RESULT true
[INFO ][2015-12-07 21:18:54,448][com.java.SeleniumDriver] [ 1099] - ?   P A S S   ?
[INFO ][2015-12-07 21:18:54,448][com.java.SeleniumDriver] [  820] - ------------------------------------------
[INFO ][2015-12-07 21:18:54,448][com.java.SeleniumDriver] [  821] - Test case being Executed: 3
[INFO ][2015-12-07 21:18:54,448][com.java.SeleniumDriver] [  832] - Test step:8
[INFO ][2015-12-07 21:18:54,448][com.java.SeleniumDriver] [  844] - Datavalue is----------Forecasting 
[INFO ][2015-12-07 21:18:54,448][com.java.SeleniumDriver] [  868] - DataField : XPH//span[contains(text(),'Forecasting')]
[INFO ][2015-12-07 21:18:54,448][com.java.SeleniumDriver] [  870] - DataValue : Forecasting 
[INFO ][2015-12-07 21:18:54,448][com.java.SeleniumDriver] [  876] - <In Set values of the page>
[INFO ][2015-12-07 21:18:54,448][com.java.SeleniumDriver] [  879] - {Data Fields & Data Values Exist}
[INFO ][2015-12-07 21:18:54,448][com.java.SeleniumDriver] [  881] - --------------------------setting values-----------------------------
[INFO ][2015-12-07 21:18:54,448][com.java.SeleniumDriver] [  884] - Action Type : VERIFY
[INFO ][2015-12-07 21:18:54,448][com.java.TestType] [ 6659] - field= XPH//span[contains(text(),'Forecasting')] value= Forecasting 
[INFO ][2015-12-07 21:18:54,448][com.java.TestType] [ 5431] - value = Forecasting 
[INFO ][2015-12-07 21:18:54,654][com.java.SeleniumDriver] [  893] -  RESULT true
[INFO ][2015-12-07 21:18:54,654][com.java.SeleniumDriver] [ 1099] - ?   P A S S   ?
[INFO ][2015-12-07 21:18:54,654][com.java.SeleniumDriver] [  820] - ------------------------------------------
[INFO ][2015-12-07 21:18:54,654][com.java.SeleniumDriver] [  821] - Test case being Executed: 3
[INFO ][2015-12-07 21:18:54,654][com.java.SeleniumDriver] [  832] - Test step:9
[INFO ][2015-12-07 21:18:54,654][com.java.SeleniumDriver] [  844] - Datavalue is----------null
[DEBUG][2015-12-07 21:18:54,654][com.java.SeleniumDriver] [  862] - Exception: null
[INFO ][2015-12-07 21:18:54,654][com.java.SeleniumDriver] [  868] - DataField : BTNframeDialogContent
[INFO ][2015-12-07 21:18:54,654][com.java.SeleniumDriver] [  870] - DataValue : 
[INFO ][2015-12-07 21:18:54,654][com.java.SeleniumDriver] [  876] - <In Set values of the page>
[INFO ][2015-12-07 21:18:54,654][com.java.SeleniumDriver] [  879] - {Data Fields & Data Values Exist}
[INFO ][2015-12-07 21:18:54,654][com.java.SeleniumDriver] [  881] - --------------------------setting values-----------------------------
[INFO ][2015-12-07 21:18:54,654][com.java.SeleniumDriver] [  884] - Action Type : SELECTFRAME
[INFO ][2015-12-07 21:18:56,165][com.java.SeleniumDriver] [  893] -  RESULT true
[INFO ][2015-12-07 21:18:56,165][com.java.SeleniumDriver] [ 1099] - ?   P A S S   ?
[INFO ][2015-12-07 21:18:56,165][com.java.SeleniumDriver] [  820] - ------------------------------------------
[INFO ][2015-12-07 21:18:56,165][com.java.SeleniumDriver] [  821] - Test case being Executed: 3
[INFO ][2015-12-07 21:18:56,165][com.java.SeleniumDriver] [  832] - Test step:10
[INFO ][2015-12-07 21:18:56,165][com.java.SeleniumDriver] [  844] - Datavalue is----------10
[INFO ][2015-12-07 21:18:56,165][com.java.SeleniumDriver] [  868] - DataField : DSPddlProjects
[INFO ][2015-12-07 21:18:56,165][com.java.SeleniumDriver] [  870] - DataValue : 10
[INFO ][2015-12-07 21:18:56,165][com.java.SeleniumDriver] [  876] - <In Set values of the page>
[INFO ][2015-12-07 21:18:56,165][com.java.SeleniumDriver] [  879] - {Data Fields & Data Values Exist}
[INFO ][2015-12-07 21:18:56,166][com.java.SeleniumDriver] [  881] - --------------------------setting values-----------------------------
[INFO ][2015-12-07 21:18:56,166][com.java.SeleniumDriver] [  884] - Action Type : WAITFORELEMENT
[INFO ][2015-12-07 21:18:57,613][com.java.SeleniumDriver] [  893] -  RESULT true
[INFO ][2015-12-07 21:18:57,613][com.java.SeleniumDriver] [ 1099] - ?   P A S S   ?
[INFO ][2015-12-07 21:18:57,613][com.java.SeleniumDriver] [  820] - ------------------------------------------
[INFO ][2015-12-07 21:18:57,613][com.java.SeleniumDriver] [  821] - Test case being Executed: 3
[INFO ][2015-12-07 21:18:57,613][com.java.SeleniumDriver] [  832] - Test step:11
[INFO ][2015-12-07 21:18:57,613][com.java.SeleniumDriver] [  844] - Datavalue is----------index:1
[INFO ][2015-12-07 21:18:57,613][com.java.SeleniumDriver] [  868] - DataField : COBddlProjects
[INFO ][2015-12-07 21:18:57,613][com.java.SeleniumDriver] [  870] - DataValue : index:1
[INFO ][2015-12-07 21:18:57,613][com.java.SeleniumDriver] [  876] - <In Set values of the page>
[INFO ][2015-12-07 21:18:57,613][com.java.SeleniumDriver] [  879] - {Data Fields & Data Values Exist}
[INFO ][2015-12-07 21:18:57,613][com.java.SeleniumDriver] [  881] - --------------------------setting values-----------------------------
[INFO ][2015-12-07 21:18:57,613][com.java.SeleniumDriver] [  884] - Action Type : SELECT
[INFO ][2015-12-07 21:18:57,614][com.java.TestType] [ 5431] - value = 1
[INFO ][2015-12-07 21:18:59,037][com.java.TestType] [ 5549] -  In COB ddlProjects : 1
[INFO ][2015-12-07 21:18:59,208][com.java.SeleniumDriver] [  893] -  RESULT true
[INFO ][2015-12-07 21:18:59,208][com.java.SeleniumDriver] [ 1099] - ?   P A S S   ?
[INFO ][2015-12-07 21:18:59,209][com.java.SeleniumDriver] [ 1136] - Continue next step...
[INFO ][2015-12-07 21:18:59,209][com.java.SeleniumDriver] [  820] - ------------------------------------------
[INFO ][2015-12-07 21:18:59,210][com.java.SeleniumDriver] [  821] - Test case being Executed: 3
[INFO ][2015-12-07 21:18:59,210][com.java.SeleniumDriver] [  832] - Test step:12
[INFO ][2015-12-07 21:18:59,210][com.java.SeleniumDriver] [  844] - Datavalue is----------CurrentProject
[INFO ][2015-12-07 21:18:59,210][com.java.SeleniumDriver] [  868] - DataField : SLBddlProjects
[INFO ][2015-12-07 21:18:59,210][com.java.SeleniumDriver] [  870] - DataValue : CurrentProject
[INFO ][2015-12-07 21:18:59,210][com.java.SeleniumDriver] [  876] - <In Set values of the page>
[INFO ][2015-12-07 21:18:59,210][com.java.SeleniumDriver] [  879] - {Data Fields & Data Values Exist}
[INFO ][2015-12-07 21:18:59,210][com.java.SeleniumDriver] [  881] - --------------------------setting values-----------------------------
[INFO ][2015-12-07 21:18:59,210][com.java.SeleniumDriver] [  884] - Action Type : storevalue
[INFO ][2015-12-07 21:18:59,210][com.java.TestType] [ 7837] - field= SLBddlProjects
[INFO ][2015-12-07 21:19:00,771][com.java.SeleniumDriver] [  893] -  RESULT true
[INFO ][2015-12-07 21:19:00,771][com.java.SeleniumDriver] [ 1099] - ?   P A S S   ?
[INFO ][2015-12-07 21:19:00,771][com.java.SeleniumDriver] [  820] - ------------------------------------------
[INFO ][2015-12-07 21:19:00,771][com.java.SeleniumDriver] [  821] - Test case being Executed: 3
[INFO ][2015-12-07 21:19:00,773][com.java.SeleniumDriver] [  832] - Test step:13
[INFO ][2015-12-07 21:19:00,773][com.java.SeleniumDriver] [  844] - Datavalue is----------null
[DEBUG][2015-12-07 21:19:00,773][com.java.SeleniumDriver] [  862] - Exception: null
[INFO ][2015-12-07 21:19:00,773][com.java.SeleniumDriver] [  868] - DataField : BTNbtnOpenProject
[INFO ][2015-12-07 21:19:00,773][com.java.SeleniumDriver] [  870] - DataValue : 
[INFO ][2015-12-07 21:19:00,773][com.java.SeleniumDriver] [  876] - <In Set values of the page>
[INFO ][2015-12-07 21:19:00,773][com.java.SeleniumDriver] [  879] - {Data Fields & Data Values Exist}
[INFO ][2015-12-07 21:19:00,773][com.java.SeleniumDriver] [  881] - --------------------------setting values-----------------------------
[INFO ][2015-12-07 21:19:00,773][com.java.SeleniumDriver] [  884] - Action Type : CLICK
[INFO ][2015-12-07 21:19:00,773][com.java.TestType] [ 5759] - Field ::BTNbtnOpenProject
[INFO ][2015-12-07 21:19:01,774][com.java.TestType] [ 5832] - BEFORE CLICK
[INFO ][2015-12-07 21:19:03,944][com.java.TestType] [ 5839] - Unable to click the object Open Project button
[INFO ][2015-12-07 21:19:03,944][com.java.SeleniumDriver] [  893] -  RESULT true
[INFO ][2015-12-07 21:19:03,944][com.java.SeleniumDriver] [ 1099] - ?   P A S S   ?
[INFO ][2015-12-07 21:19:03,944][com.java.SeleniumDriver] [  820] - ------------------------------------------
[INFO ][2015-12-07 21:19:03,945][com.java.SeleniumDriver] [  821] - Test case being Executed: 3
[INFO ][2015-12-07 21:19:03,945][com.java.SeleniumDriver] [  832] - Test step:14
[INFO ][2015-12-07 21:19:03,945][com.java.SeleniumDriver] [  844] - Datavalue is----------2
[INFO ][2015-12-07 21:19:03,945][com.java.SeleniumDriver] [  868] - DataField : null
[INFO ][2015-12-07 21:19:03,945][com.java.SeleniumDriver] [  870] - DataValue : 2
[INFO ][2015-12-07 21:19:03,945][com.java.SeleniumDriver] [  876] - <In Set values of the page>
[INFO ][2015-12-07 21:19:03,945][com.java.SeleniumDriver] [  879] - {Data Fields & Data Values Exist}
[INFO ][2015-12-07 21:19:03,945][com.java.SeleniumDriver] [  881] - --------------------------setting values-----------------------------
[INFO ][2015-12-07 21:19:03,945][com.java.SeleniumDriver] [  884] - Action Type : WAITTIME
[DEBUG][2015-12-07 21:19:03,945][com.java.TestType] [ 5251] - sleepTime: 2000
[INFO ][2015-12-07 21:19:05,945][com.java.SeleniumDriver] [  893] -  RESULT true
[INFO ][2015-12-07 21:19:05,945][com.java.SeleniumDriver] [ 1099] - ?   P A S S   ?
[INFO ][2015-12-07 21:19:05,945][com.java.SeleniumDriver] [  820] - ------------------------------------------
[INFO ][2015-12-07 21:19:05,945][com.java.SeleniumDriver] [  821] - Test case being Executed: 3
[INFO ][2015-12-07 21:19:05,945][com.java.SeleniumDriver] [  832] - Test step:15
[INFO ][2015-12-07 21:19:05,945][com.java.SeleniumDriver] [  844] - Datavalue is----------null
[DEBUG][2015-12-07 21:19:05,945][com.java.SeleniumDriver] [  862] - Exception: null
[INFO ][2015-12-07 21:19:05,945][com.java.SeleniumDriver] [  868] - DataField : BTNParent
[INFO ][2015-12-07 21:19:05,945][com.java.SeleniumDriver] [  870] - DataValue : 
[INFO ][2015-12-07 21:19:05,945][com.java.SeleniumDriver] [  876] - <In Set values of the page>
[INFO ][2015-12-07 21:19:05,945][com.java.SeleniumDriver] [  879] - {Data Fields & Data Values Exist}
[INFO ][2015-12-07 21:19:05,945][com.java.SeleniumDriver] [  881] - --------------------------setting values-----------------------------
[INFO ][2015-12-07 21:19:05,945][com.java.SeleniumDriver] [  884] - Action Type : SELECTFRAME
[INFO ][2015-12-07 21:19:05,986][com.java.SeleniumDriver] [  893] -  RESULT true
[INFO ][2015-12-07 21:19:05,986][com.java.SeleniumDriver] [ 1099] - ?   P A S S   ?
[INFO ][2015-12-07 21:19:05,986][com.java.SeleniumDriver] [  820] - ------------------------------------------
[INFO ][2015-12-07 21:19:05,986][com.java.SeleniumDriver] [  821] - Test case being Executed: 3
[INFO ][2015-12-07 21:19:05,986][com.java.SeleniumDriver] [  832] - Test step:16
[INFO ][2015-12-07 21:19:05,986][com.java.SeleniumDriver] [  844] - Datavalue is----------10
[INFO ][2015-12-07 21:19:05,986][com.java.SeleniumDriver] [  868] - DataField : DSPFile
[INFO ][2015-12-07 21:19:05,986][com.java.SeleniumDriver] [  870] - DataValue : 10
[INFO ][2015-12-07 21:19:05,986][com.java.SeleniumDriver] [  876] - <In Set values of the page>
[INFO ][2015-12-07 21:19:05,986][com.java.SeleniumDriver] [  879] - {Data Fields & Data Values Exist}
[INFO ][2015-12-07 21:19:05,986][com.java.SeleniumDriver] [  881] - --------------------------setting values-----------------------------
[INFO ][2015-12-07 21:19:05,986][com.java.SeleniumDriver] [  884] - Action Type : WAITFORELEMENT
[INFO ][2015-12-07 21:19:06,361][com.java.SeleniumDriver] [  893] -  RESULT true
[INFO ][2015-12-07 21:19:06,361][com.java.SeleniumDriver] [ 1099] - ?   P A S S   ?
[INFO ][2015-12-07 21:19:06,361][com.java.SeleniumDriver] [  820] - ------------------------------------------
[INFO ][2015-12-07 21:19:06,361][com.java.SeleniumDriver] [  821] - Test case being Executed: 3
[INFO ][2015-12-07 21:19:06,361][com.java.SeleniumDriver] [  832] - Test step:17
[INFO ][2015-12-07 21:19:06,361][com.java.SeleniumDriver] [  844] - Datavalue is----------null
[DEBUG][2015-12-07 21:19:06,361][com.java.SeleniumDriver] [  862] - Exception: null
[INFO ][2015-12-07 21:19:06,361][com.java.SeleniumDriver] [  868] - DataField : HDNFile
[INFO ][2015-12-07 21:19:06,361][com.java.SeleniumDriver] [  870] - DataValue : 
[INFO ][2015-12-07 21:19:06,361][com.java.SeleniumDriver] [  876] - <In Set values of the page>
[INFO ][2015-12-07 21:19:06,361][com.java.SeleniumDriver] [  879] - {Data Fields & Data Values Exist}
[INFO ][2015-12-07 21:19:06,361][com.java.SeleniumDriver] [  881] - --------------------------setting values-----------------------------
[INFO ][2015-12-07 21:19:06,361][com.java.SeleniumDriver] [  884] - Action Type : Click
[INFO ][2015-12-07 21:19:06,362][com.java.TestType] [ 5759] - Field ::HDNFile
[INFO ][2015-12-07 21:19:07,611][com.java.SeleniumDriver] [  893] -  RESULT true
[INFO ][2015-12-07 21:19:07,612][com.java.SeleniumDriver] [ 1099] - ?   P A S S   ?
[INFO ][2015-12-07 21:19:07,612][com.java.SeleniumDriver] [  820] - ------------------------------------------
[INFO ][2015-12-07 21:19:07,612][com.java.SeleniumDriver] [  821] - Test case being Executed: 3
[INFO ][2015-12-07 21:19:07,612][com.java.SeleniumDriver] [  832] - Test step:18
[INFO ][2015-12-07 21:19:07,612][com.java.SeleniumDriver] [  844] - Datavalue is----------10
[INFO ][2015-12-07 21:19:07,612][com.java.SeleniumDriver] [  868] - DataField : DSP//a[@id='menuNewProject']
[INFO ][2015-12-07 21:19:07,612][com.java.SeleniumDriver] [  870] - DataValue : 10
[INFO ][2015-12-07 21:19:07,612][com.java.SeleniumDriver] [  876] - <In Set values of the page>
[INFO ][2015-12-07 21:19:07,612][com.java.SeleniumDriver] [  879] - {Data Fields & Data Values Exist}
[INFO ][2015-12-07 21:19:07,612][com.java.SeleniumDriver] [  881] - --------------------------setting values-----------------------------
[INFO ][2015-12-07 21:19:07,612][com.java.SeleniumDriver] [  884] - Action Type : WAITFORELEMENT
[INFO ][2015-12-07 21:19:07,782][com.java.SeleniumDriver] [  893] -  RESULT true
[INFO ][2015-12-07 21:19:07,783][com.java.SeleniumDriver] [ 1099] - ?   P A S S   ?
[INFO ][2015-12-07 21:19:07,783][com.java.SeleniumDriver] [  820] - ------------------------------------------
[INFO ][2015-12-07 21:19:07,783][com.java.SeleniumDriver] [  821] - Test case being Executed: 3
[INFO ][2015-12-07 21:19:07,783][com.java.SeleniumDriver] [  832] - Test step:19
[INFO ][2015-12-07 21:19:07,783][com.java.SeleniumDriver] [  844] - Datavalue is----------null
[DEBUG][2015-12-07 21:19:07,783][com.java.SeleniumDriver] [  862] - Exception: null
[INFO ][2015-12-07 21:19:07,783][com.java.SeleniumDriver] [  868] - DataField : HDN//a[@id='menuNewProject']
[INFO ][2015-12-07 21:19:07,783][com.java.SeleniumDriver] [  870] - DataValue : 
[INFO ][2015-12-07 21:19:07,783][com.java.SeleniumDriver] [  876] - <In Set values of the page>
[INFO ][2015-12-07 21:19:07,783][com.java.SeleniumDriver] [  879] - {Data Fields & Data Values Exist}
[INFO ][2015-12-07 21:19:07,783][com.java.SeleniumDriver] [  881] - --------------------------setting values-----------------------------
[INFO ][2015-12-07 21:19:07,783][com.java.SeleniumDriver] [  884] - Action Type : Click
[INFO ][2015-12-07 21:19:07,783][com.java.TestType] [ 5759] - Field ::HDN//a[@id='menuNewProject']
[INFO ][2015-12-07 21:19:08,972][com.java.SeleniumDriver] [  893] -  RESULT true
[INFO ][2015-12-07 21:19:08,972][com.java.SeleniumDriver] [ 1099] - ?   P A S S   ?
[INFO ][2015-12-07 21:19:08,972][com.java.SeleniumDriver] [  820] - ------------------------------------------
[INFO ][2015-12-07 21:19:08,972][com.java.SeleniumDriver] [  821] - Test case being Executed: 3
[INFO ][2015-12-07 21:19:08,972][com.java.SeleniumDriver] [  832] - Test step:20
[INFO ][2015-12-07 21:19:08,972][com.java.SeleniumDriver] [  844] - Datavalue is----------5
[INFO ][2015-12-07 21:19:08,972][com.java.SeleniumDriver] [  868] - DataField : null
[INFO ][2015-12-07 21:19:08,972][com.java.SeleniumDriver] [  870] - DataValue : 5
[INFO ][2015-12-07 21:19:08,972][com.java.SeleniumDriver] [  876] - <In Set values of the page>
[INFO ][2015-12-07 21:19:08,972][com.java.SeleniumDriver] [  879] - {Data Fields & Data Values Exist}
[INFO ][2015-12-07 21:19:08,972][com.java.SeleniumDriver] [  881] - --------------------------setting values-----------------------------
[INFO ][2015-12-07 21:19:08,972][com.java.SeleniumDriver] [  884] - Action Type : WAITTIME
[DEBUG][2015-12-07 21:19:08,972][com.java.TestType] [ 5251] - sleepTime: 5000
[INFO ][2015-12-07 21:19:13,973][com.java.SeleniumDriver] [  893] -  RESULT true
[INFO ][2015-12-07 21:19:13,973][com.java.SeleniumDriver] [ 1099] - ?   P A S S   ?
[INFO ][2015-12-07 21:19:13,973][com.java.SeleniumDriver] [  820] - ------------------------------------------
[INFO ][2015-12-07 21:19:13,973][com.java.SeleniumDriver] [  821] - Test case being Executed: 3
[INFO ][2015-12-07 21:19:13,973][com.java.SeleniumDriver] [  832] - Test step:21
[INFO ][2015-12-07 21:19:13,973][com.java.SeleniumDriver] [  844] - Datavalue is----------OK
[INFO ][2015-12-07 21:19:13,973][com.java.SeleniumDriver] [  868] - DataField : CNF
[INFO ][2015-12-07 21:19:13,973][com.java.SeleniumDriver] [  870] - DataValue : OK
[INFO ][2015-12-07 21:19:13,973][com.java.SeleniumDriver] [  876] - <In Set values of the page>
[INFO ][2015-12-07 21:19:13,973][com.java.SeleniumDriver] [  879] - {Data Fields & Data Values Exist}
[INFO ][2015-12-07 21:19:13,973][com.java.SeleniumDriver] [  881] - --------------------------setting values-----------------------------
[INFO ][2015-12-07 21:19:13,973][com.java.SeleniumDriver] [  884] - Action Type : Click
[INFO ][2015-12-07 21:19:13,973][com.java.TestType] [ 5759] - Field ::CNF
[INFO ][2015-12-07 21:19:16,080][com.java.TestType] [ 5849] - Click the object Only one project create dialog
[INFO ][2015-12-07 21:19:16,080][com.java.TestType] [ 5850] - Unable to click the object Only one project create dialog
[INFO ][2015-12-07 21:19:16,080][com.java.SeleniumDriver] [  893] -  RESULT true
[INFO ][2015-12-07 21:19:16,080][com.java.SeleniumDriver] [ 1099] - ?   P A S S   ?
[INFO ][2015-12-07 21:19:16,080][com.java.SeleniumDriver] [ 1141] - step change to 42
[INFO ][2015-12-07 21:19:16,080][com.java.SeleniumDriver] [  820] - ------------------------------------------
[INFO ][2015-12-07 21:19:16,080][com.java.SeleniumDriver] [  821] - Test case being Executed: 3
[INFO ][2015-12-07 21:19:16,080][com.java.SeleniumDriver] [  832] - Test step:42
[INFO ][2015-12-07 21:19:16,080][com.java.SeleniumDriver] [  844] - Datavalue is----------1
[INFO ][2015-12-07 21:19:16,081][com.java.SeleniumDriver] [  868] - DataField : null
[INFO ][2015-12-07 21:19:16,081][com.java.SeleniumDriver] [  870] - DataValue : 1
[INFO ][2015-12-07 21:19:16,081][com.java.SeleniumDriver] [  876] - <In Set values of the page>
[INFO ][2015-12-07 21:19:16,081][com.java.SeleniumDriver] [  879] - {Data Fields & Data Values Exist}
[INFO ][2015-12-07 21:19:16,081][com.java.SeleniumDriver] [  881] - --------------------------setting values-----------------------------
[INFO ][2015-12-07 21:19:16,081][com.java.SeleniumDriver] [  884] - Action Type : WAITTIME
[DEBUG][2015-12-07 21:19:16,081][com.java.TestType] [ 5251] - sleepTime: 1000
[INFO ][2015-12-07 21:19:17,081][com.java.SeleniumDriver] [  893] -  RESULT true
[INFO ][2015-12-07 21:19:17,081][com.java.SeleniumDriver] [ 1099] - ?   P A S S   ?
[DEBUG][2015-12-07 21:19:17,081][com.java.SeleniumDriver] [ 1211] - Case found
[DEBUG][2015-12-07 21:19:17,081][com.java.SeleniumDriver] [ 1216] - Incrementing ReportCounters[0]:3
[INFO ][2015-12-07 21:19:17,081][com.java.SeleniumDriver] [ 1235] - The results are-------------------[3, 1, Copy Of Existinf FC Project, Pass, , Mon Dec 07 21:18:09 IST 2015, 3, 3, Copy Of Existinf FC Project, Pass, , Mon Dec 07 21:18:14 IST 2015, 3, 4, Copy Of Existinf FC Project, Pass, , Mon Dec 07 21:18:35 IST 2015, 3, 5, Copy Of Existinf FC Project, Pass, , Mon Dec 07 21:18:40 IST 2015, 3, 6, Copy Of Existinf FC Project, Pass, , Mon Dec 07 21:18:52 IST 2015, 3, 7, Copy Of Existinf FC Project, Pass, , Mon Dec 07 21:18:54 IST 2015, 3, 8, Copy Of Existinf FC Project, Pass, , Mon Dec 07 21:18:54 IST 2015, 3, 9, Copy Of Existinf FC Project, Pass, , Mon Dec 07 21:18:56 IST 2015, 3, 10, Copy Of Existinf FC Project, Pass, , Mon Dec 07 21:18:57 IST 2015, 3, 11, Copy Of Existinf FC Project, Pass, , Mon Dec 07 21:18:59 IST 2015, 3, 12, Copy Of Existinf FC Project, Pass, , Mon Dec 07 21:19:00 IST 2015, 3, 13, Copy Of Existinf FC Project, Pass, , Mon Dec 07 21:19:03 IST 2015, 3, 14, Copy Of Existinf FC Project, Pass, , Mon Dec 07 21:19:05 IST 2015, 3, 15, Copy Of Existinf FC Project, Pass, , Mon Dec 07 21:19:05 IST 2015, 3, 16, Copy Of Existinf FC Project, Pass, , Mon Dec 07 21:19:06 IST 2015, 3, 17, Copy Of Existinf FC Project, Pass, , Mon Dec 07 21:19:07 IST 2015, 3, 18, Copy Of Existinf FC Project, Pass, , Mon Dec 07 21:19:07 IST 2015, 3, 19, Copy Of Existinf FC Project, Pass, , Mon Dec 07 21:19:08 IST 2015, 3, 20, Copy Of Existinf FC Project, Pass, , Mon Dec 07 21:19:13 IST 2015, 3, 21, Copy Of Existinf FC Project, Pass, , Mon Dec 07 21:19:16 IST 2015, 3, 42, Copy Of Existinf FC Project, Pass, , Mon Dec 07 21:19:17 IST 2015]
[INFO ][2015-12-07 21:19:17,081][com.java.SeleniumDriver] [ 1239] - End time is-------4 min 53 sec
[INFO ][2015-12-07 21:19:17,081][com.java.SeleniumDriver] [ 1240] - The results are-------------------[3, 1, Copy Of Existinf FC Project, Pass, , Mon Dec 07 21:18:09 IST 2015, 3, 3, Copy Of Existinf FC Project, Pass, , Mon Dec 07 21:18:14 IST 2015, 3, 4, Copy Of Existinf FC Project, Pass, , Mon Dec 07 21:18:35 IST 2015, 3, 5, Copy Of Existinf FC Project, Pass, , Mon Dec 07 21:18:40 IST 2015, 3, 6, Copy Of Existinf FC Project, Pass, , Mon Dec 07 21:18:52 IST 2015, 3, 7, Copy Of Existinf FC Project, Pass, , Mon Dec 07 21:18:54 IST 2015, 3, 8, Copy Of Existinf FC Project, Pass, , Mon Dec 07 21:18:54 IST 2015, 3, 9, Copy Of Existinf FC Project, Pass, , Mon Dec 07 21:18:56 IST 2015, 3, 10, Copy Of Existinf FC Project, Pass, , Mon Dec 07 21:18:57 IST 2015, 3, 11, Copy Of Existinf FC Project, Pass, , Mon Dec 07 21:18:59 IST 2015, 3, 12, Copy Of Existinf FC Project, Pass, , Mon Dec 07 21:19:00 IST 2015, 3, 13, Copy Of Existinf FC Project, Pass, , Mon Dec 07 21:19:03 IST 2015, 3, 14, Copy Of Existinf FC Project, Pass, , Mon Dec 07 21:19:05 IST 2015, 3, 15, Copy Of Existinf FC Project, Pass, , Mon Dec 07 21:19:05 IST 2015, 3, 16, Copy Of Existinf FC Project, Pass, , Mon Dec 07 21:19:06 IST 2015, 3, 17, Copy Of Existinf FC Project, Pass, , Mon Dec 07 21:19:07 IST 2015, 3, 18, Copy Of Existinf FC Project, Pass, , Mon Dec 07 21:19:07 IST 2015, 3, 19, Copy Of Existinf FC Project, Pass, , Mon Dec 07 21:19:08 IST 2015, 3, 20, Copy Of Existinf FC Project, Pass, , Mon Dec 07 21:19:13 IST 2015, 3, 21, Copy Of Existinf FC Project, Pass, , Mon Dec 07 21:19:16 IST 2015, 3, 42, Copy Of Existinf FC Project, Pass, , Mon Dec 07 21:19:17 IST 2015]
[DEBUG][2015-12-07 21:19:17,081][com.java.ImportnExport.ExportTestResultsExcel] [  222] - testResultPath = D:\BankersDashboard/TestReports/Test Results_BankersDashBoard_120715_211433_IE9_Simmons First National Bank.xls
[DEBUG][2015-12-07 21:19:17,081][com.java.ImportnExport.ExportTestResultsExcel] [  223] - browser is------------IE9
[DEBUG][2015-12-07 21:19:17,085][com.java.ImportnExport.ExportTestResultsExcel] [  270] - result.size() = 126
[DEBUG][2015-12-07 21:19:17,085][com.java.ImportnExport.ExportTestResultsExcel] [  274] - No of rows in sheet=3
[DEBUG][2015-12-07 21:19:17,085][com.java.ImportnExport.ExportTestResultsExcel] [  301] - ..in export..3
[DEBUG][2015-12-07 21:19:17,085][com.java.ImportnExport.ExportTestResultsExcel] [  301] - ..in export..Copy Of Existinf FC Project
[DEBUG][2015-12-07 21:19:17,085][com.java.ImportnExport.ExportTestResultsExcel] [  301] - ..in export..Pass
[DEBUG][2015-12-07 21:19:17,085][com.java.ImportnExport.ExportTestResultsExcel] [  301] - ..in export..
[DEBUG][2015-12-07 21:19:17,085][com.java.ImportnExport.ExportTestResultsExcel] [  301] - ..in export..Mon Dec 07 21:18:09 IST 2015
[INFO ][2015-12-07 21:19:17,086][com.java.SeleniumDriver] [ 1298] - out loop:2 size:12 TestCases:[1, 2, 3, 4, 5, 6, 7, 8, 9, 10, 11, 12] testcases:[1, 2, 3, 4, 5, 6, 7, 8, 9, 10, 11, 12]
[INFO ][2015-12-07 21:19:17,087][com.java.ImportnExport.ImportTestDataDetailsExcel] [   49] - test data details path===== D:\BankersDashboard\TestInputs\TestData.xls
[DEBUG][2015-12-07 21:19:44,885][com.java.TestType] [ 6347] - //td[text()='Consolidated']   :: Element not Found
[INFO ][2015-12-07 21:19:54,886][com.java.SeleniumDriver] [  820] - ------------------------------------------
[INFO ][2015-12-07 21:19:54,886][com.java.SeleniumDriver] [  821] - Test case being Executed: 4
[INFO ][2015-12-07 21:19:54,886][com.java.SeleniumDriver] [  832] - Test step:1
[INFO ][2015-12-07 21:19:54,886][com.java.SeleniumDriver] [  844] - Datavalue is----------Logout
[INFO ][2015-12-07 21:19:54,886][com.java.SeleniumDriver] [  868] - DataField : BTN
[INFO ][2015-12-07 21:19:54,886][com.java.SeleniumDriver] [  870] - DataValue : Logout
[INFO ][2015-12-07 21:19:54,886][com.java.SeleniumDriver] [  876] - <In Set values of the page>
[INFO ][2015-12-07 21:19:54,886][com.java.SeleniumDriver] [  879] - {Data Fields & Data Values Exist}
[INFO ][2015-12-07 21:19:54,886][com.java.SeleniumDriver] [  881] - --------------------------setting values-----------------------------
[INFO ][2015-12-07 21:19:54,886][com.java.SeleniumDriver] [  884] - Action Type : Verify
[INFO ][2015-12-07 21:19:54,886][com.java.TestType] [ 6659] - field= BTN value= Logout
[INFO ][2015-12-07 21:19:54,886][com.java.TestType] [ 5431] - value = Logout
[INFO ][2015-12-07 21:19:55,090][com.java.SeleniumDriver] [  893] -  RESULT true
[INFO ][2015-12-07 21:19:55,090][com.java.SeleniumDriver] [ 1099] - ?   P A S S   ?
[INFO ][2015-12-07 21:19:55,090][com.java.SeleniumDriver] [ 1141] - step change to 3
[INFO ][2015-12-07 21:19:55,090][com.java.SeleniumDriver] [  820] - ------------------------------------------
[INFO ][2015-12-07 21:19:55,090][com.java.SeleniumDriver] [  821] - Test case being Executed: 4
[INFO ][2015-12-07 21:19:55,090][com.java.SeleniumDriver] [  832] - Test step:3
[INFO ][2015-12-07 21:19:55,090][com.java.SeleniumDriver] [  844] - Datavalue is----------Concept#2:1-2
[INFO ][2015-12-07 21:19:55,090][com.java.SeleniumDriver] [  868] - DataField : test
[INFO ][2015-12-07 21:19:55,091][com.java.SeleniumDriver] [  870] - DataValue : Concept#2:1-2
[INFO ][2015-12-07 21:19:55,091][com.java.SeleniumDriver] [  876] - <In Set values of the page>
[INFO ][2015-12-07 21:19:55,091][com.java.SeleniumDriver] [  879] - {Data Fields & Data Values Exist}
[INFO ][2015-12-07 21:19:55,091][com.java.SeleniumDriver] [  881] - --------------------------setting values-----------------------------
[INFO ][2015-12-07 21:19:55,091][com.java.SeleniumDriver] [  884] - Action Type : ExecuteTestCase
[INFO ][2015-12-07 21:19:55,091][com.java.TestType] [  436] - The Concept sheet name is ---------- Concept
[INFO ][2015-12-07 21:19:55,091][com.java.TestType] [  439] - The Concept ID  is ---------- 2
[DEBUG][2015-12-07 21:19:55,091][com.java.TestType] [  443] - Steps being executted in the Concept are: 1:2
[INFO ][2015-12-07 21:19:55,091][com.java.TestType] [  450] - Test data details path ---------- D:\BankersDashboard\TestInputs\TestData.xls
[INFO ][2015-12-07 21:19:55,123][com.java.TestType] [  481] -  str(1) = 2
[INFO ][2015-12-07 21:19:55,123][com.java.TestType] [  484] - Test case Id is---2
[INFO ][2015-12-07 21:19:55,123][com.java.TestType] [  486] - 2
[INFO ][2015-12-07 21:19:55,123][com.java.TestType] [  481] -  str(2) = 1
[INFO ][2015-12-07 21:19:55,124][com.java.TestType] [  533] - row values are--------{1=com.java.Objects.TestDataDetails@6cf054}
[INFO ][2015-12-07 21:19:55,124][com.java.TestType] [  481] -  str(1) = 2
[INFO ][2015-12-07 21:19:55,124][com.java.TestType] [  484] - Test case Id is---2
[INFO ][2015-12-07 21:19:55,125][com.java.TestType] [  486] - 2
[INFO ][2015-12-07 21:19:55,125][com.java.TestType] [  481] -  str(2) = 2
[INFO ][2015-12-07 21:19:55,125][com.java.TestType] [  533] - row values are--------{1=com.java.Objects.TestDataDetails@6cf054, 2=com.java.Objects.TestDataDetails@98b5ca}
[INFO ][2015-12-07 21:19:55,125][com.java.TestType] [  481] -  str(1) = 2
[INFO ][2015-12-07 21:19:55,125][com.java.TestType] [  484] - Test case Id is---2
[INFO ][2015-12-07 21:19:55,125][com.java.TestType] [  486] - 2
[INFO ][2015-12-07 21:19:55,125][com.java.TestType] [  481] -  str(2) = 3
[INFO ][2015-12-07 21:19:55,126][com.java.TestType] [  533] - row values are--------{1=com.java.Objects.TestDataDetails@6cf054, 2=com.java.Objects.TestDataDetails@98b5ca, 3=com.java.Objects.TestDataDetails@16d0290}
[INFO ][2015-12-07 21:19:55,126][com.java.TestType] [ 9967] - Looping 1TCID = 2
[DEBUG][2015-12-07 21:19:55,126][com.java.TestType] [10008] - Concept ID:2 :: Step being Executed: 2::1
[INFO ][2015-12-07 21:19:55,126][com.java.TestType] [10046] - dataFields : BNK//select[@id='bank']
[DEBUG][2015-12-07 21:19:55,126][com.java.TestType] [10052] - <In Set values of the page>
[DEBUG][2015-12-07 21:19:55,126][com.java.TestType] [10057] - {Data Fields & Data Values Exist}
[INFO ][2015-12-07 21:19:55,127][com.java.TestType] [10063] - --------------------------setting values-----------------------------
[INFO ][2015-12-07 21:19:55,127][com.java.TestType] [10066] - Action Type : Select
[INFO ][2015-12-07 21:19:55,127][com.java.TestType] [ 5431] - value = PFC
[INFO ][2015-12-07 21:19:55,534][com.java.TestType] [10085] -  RESULT true
[INFO ][2015-12-07 21:19:55,534][com.java.TestType] [10202] - ?   P A S S   ?
[DEBUG][2015-12-07 21:19:55,534][com.java.TestType] [10008] - Concept ID:2 :: Step being Executed: 2::2
[INFO ][2015-12-07 21:19:55,534][com.java.TestType] [10046] - dataFields : LNKLogout
[DEBUG][2015-12-07 21:19:55,534][com.java.TestType] [10052] - <In Set values of the page>
[DEBUG][2015-12-07 21:19:55,534][com.java.TestType] [10057] - {Data Fields & Data Values Exist}
[INFO ][2015-12-07 21:19:55,534][com.java.TestType] [10063] - --------------------------setting values-----------------------------
[INFO ][2015-12-07 21:19:55,534][com.java.TestType] [10066] - Action Type : WaitTime
[DEBUG][2015-12-07 21:19:55,534][com.java.TestType] [ 5251] - sleepTime: 5000
[INFO ][2015-12-07 21:20:00,534][com.java.TestType] [10085] -  RESULT true
[INFO ][2015-12-07 21:20:00,535][com.java.TestType] [10202] - ?   P A S S   ?
[INFO ][2015-12-07 21:20:00,535][com.java.TestType] [10273] - Looping End......
[INFO ][2015-12-07 21:20:00,539][com.java.SeleniumDriver] [  893] -  RESULT true
[INFO ][2015-12-07 21:20:00,539][com.java.SeleniumDriver] [ 1099] - ?   P A S S   ?
[INFO ][2015-12-07 21:20:00,540][com.java.SeleniumDriver] [  820] - ------------------------------------------
[INFO ][2015-12-07 21:20:00,540][com.java.SeleniumDriver] [  821] - Test case being Executed: 4
[INFO ][2015-12-07 21:20:00,540][com.java.SeleniumDriver] [  832] - Test step:4
[INFO ][2015-12-07 21:20:00,540][com.java.SeleniumDriver] [  844] - Datavalue is----------3
[INFO ][2015-12-07 21:20:00,540][com.java.SeleniumDriver] [  868] - DataField : XPH//img[@id='loading']
[INFO ][2015-12-07 21:20:00,540][com.java.SeleniumDriver] [  870] - DataValue : 3
[INFO ][2015-12-07 21:20:00,540][com.java.SeleniumDriver] [  876] - <In Set values of the page>
[INFO ][2015-12-07 21:20:00,540][com.java.SeleniumDriver] [  879] - {Data Fields & Data Values Exist}
[INFO ][2015-12-07 21:20:00,540][com.java.SeleniumDriver] [  881] - --------------------------setting values-----------------------------
[INFO ][2015-12-07 21:20:00,540][com.java.SeleniumDriver] [  884] - Action Type : WaitForElement
[INFO ][2015-12-07 21:20:00,650][com.java.SeleniumDriver] [  893] -  RESULT true
[INFO ][2015-12-07 21:20:00,650][com.java.SeleniumDriver] [ 1099] - ?   P A S S   ?
[INFO ][2015-12-07 21:20:00,650][com.java.SeleniumDriver] [  820] - ------------------------------------------
[INFO ][2015-12-07 21:20:00,650][com.java.SeleniumDriver] [  821] - Test case being Executed: 4
[INFO ][2015-12-07 21:20:00,650][com.java.SeleniumDriver] [  832] - Test step:5
[INFO ][2015-12-07 21:20:00,650][com.java.SeleniumDriver] [  844] - Datavalue is----------90
[INFO ][2015-12-07 21:20:00,650][com.java.SeleniumDriver] [  868] - DataField : XPH//img[@id='loading']
[INFO ][2015-12-07 21:20:00,650][com.java.SeleniumDriver] [  870] - DataValue : 90
[INFO ][2015-12-07 21:20:00,650][com.java.SeleniumDriver] [  876] - <In Set values of the page>
[INFO ][2015-12-07 21:20:00,650][com.java.SeleniumDriver] [  879] - {Data Fields & Data Values Exist}
[INFO ][2015-12-07 21:20:00,650][com.java.SeleniumDriver] [  881] - --------------------------setting values-----------------------------
[INFO ][2015-12-07 21:20:00,651][com.java.SeleniumDriver] [  884] - Action Type : waitForElementNotPresent
[INFO ][2015-12-07 21:20:00,802][com.java.SeleniumDriver] [  893] -  RESULT true
[INFO ][2015-12-07 21:20:00,803][com.java.SeleniumDriver] [ 1099] - ?   P A S S   ?
[INFO ][2015-12-07 21:20:00,803][com.java.SeleniumDriver] [  820] - ------------------------------------------
[INFO ][2015-12-07 21:20:00,803][com.java.SeleniumDriver] [  821] - Test case being Executed: 4
[INFO ][2015-12-07 21:20:00,803][com.java.SeleniumDriver] [  832] - Test step:6
[INFO ][2015-12-07 21:20:00,803][com.java.SeleniumDriver] [  844] - Datavalue is----------null
[DEBUG][2015-12-07 21:20:00,803][com.java.SeleniumDriver] [  862] - Exception: null
[INFO ][2015-12-07 21:20:00,803][com.java.SeleniumDriver] [  868] - DataField : //span[@class='icon-stats']&&//a[@data-id="Forecasting"]
[INFO ][2015-12-07 21:20:00,803][com.java.SeleniumDriver] [  870] - DataValue : 
[INFO ][2015-12-07 21:20:00,803][com.java.SeleniumDriver] [  876] - <In Set values of the page>
[INFO ][2015-12-07 21:20:00,803][com.java.SeleniumDriver] [  879] - {Data Fields & Data Values Exist}
[INFO ][2015-12-07 21:20:00,803][com.java.SeleniumDriver] [  881] - --------------------------setting values-----------------------------
[INFO ][2015-12-07 21:20:00,803][com.java.SeleniumDriver] [  884] - Action Type : MOUSEOVER
[INFO ][2015-12-07 21:20:21,392][com.java.SeleniumDriver] [  893] -  RESULT true
[INFO ][2015-12-07 21:20:21,392][com.java.SeleniumDriver] [ 1099] - ?   P A S S   ?
[INFO ][2015-12-07 21:20:21,392][com.java.SeleniumDriver] [  820] - ------------------------------------------
[INFO ][2015-12-07 21:20:21,392][com.java.SeleniumDriver] [  821] - Test case being Executed: 4
[INFO ][2015-12-07 21:20:21,392][com.java.SeleniumDriver] [  832] - Test step:7
[INFO ][2015-12-07 21:20:21,392][com.java.SeleniumDriver] [  844] - Datavalue is----------5
[INFO ][2015-12-07 21:20:21,392][com.java.SeleniumDriver] [  868] - DataField : null
[INFO ][2015-12-07 21:20:21,392][com.java.SeleniumDriver] [  870] - DataValue : 5
[INFO ][2015-12-07 21:20:21,392][com.java.SeleniumDriver] [  876] - <In Set values of the page>
[INFO ][2015-12-07 21:20:21,393][com.java.SeleniumDriver] [  879] - {Data Fields & Data Values Exist}
[INFO ][2015-12-07 21:20:21,394][com.java.SeleniumDriver] [  881] - --------------------------setting values-----------------------------
[INFO ][2015-12-07 21:20:21,394][com.java.SeleniumDriver] [  884] - Action Type : WAITTIME
[DEBUG][2015-12-07 21:20:21,395][com.java.TestType] [ 5251] - sleepTime: 5000
[INFO ][2015-12-07 21:20:26,396][com.java.SeleniumDriver] [  893] -  RESULT true
[INFO ][2015-12-07 21:20:26,396][com.java.SeleniumDriver] [ 1099] - ?   P A S S   ?
[INFO ][2015-12-07 21:20:26,396][com.java.SeleniumDriver] [  820] - ------------------------------------------
[INFO ][2015-12-07 21:20:26,396][com.java.SeleniumDriver] [  821] - Test case being Executed: 4
[INFO ][2015-12-07 21:20:26,396][com.java.SeleniumDriver] [  832] - Test step:8
[INFO ][2015-12-07 21:20:26,396][com.java.SeleniumDriver] [  844] - Datavalue is----------Forecasting 
[INFO ][2015-12-07 21:20:26,396][com.java.SeleniumDriver] [  868] - DataField : TTL
[INFO ][2015-12-07 21:20:26,396][com.java.SeleniumDriver] [  870] - DataValue : Forecasting 
[INFO ][2015-12-07 21:20:26,396][com.java.SeleniumDriver] [  876] - <In Set values of the page>
[INFO ][2015-12-07 21:20:26,396][com.java.SeleniumDriver] [  879] - {Data Fields & Data Values Exist}
[INFO ][2015-12-07 21:20:26,396][com.java.SeleniumDriver] [  881] - --------------------------setting values-----------------------------
[INFO ][2015-12-07 21:20:26,396][com.java.SeleniumDriver] [  884] - Action Type : SELECTWINDOW
[INFO ][2015-12-07 21:20:39,077][com.java.SeleniumDriver] [  893] -  RESULT true
[INFO ][2015-12-07 21:20:39,077][com.java.SeleniumDriver] [ 1099] - ?   P A S S   ?
[INFO ][2015-12-07 21:20:39,077][com.java.SeleniumDriver] [  820] - ------------------------------------------
[INFO ][2015-12-07 21:20:39,077][com.java.SeleniumDriver] [  821] - Test case being Executed: 4
[INFO ][2015-12-07 21:20:39,077][com.java.SeleniumDriver] [  832] - Test step:9
[INFO ][2015-12-07 21:20:39,077][com.java.SeleniumDriver] [  844] - Datavalue is----------10
[INFO ][2015-12-07 21:20:39,077][com.java.SeleniumDriver] [  868] - DataField : DSP//span[contains(text(),'Forecasting')]
[INFO ][2015-12-07 21:20:39,077][com.java.SeleniumDriver] [  870] - DataValue : 10
[INFO ][2015-12-07 21:20:39,077][com.java.SeleniumDriver] [  876] - <In Set values of the page>
[INFO ][2015-12-07 21:20:39,077][com.java.SeleniumDriver] [  879] - {Data Fields & Data Values Exist}
[INFO ][2015-12-07 21:20:39,077][com.java.SeleniumDriver] [  881] - --------------------------setting values-----------------------------
[INFO ][2015-12-07 21:20:39,077][com.java.SeleniumDriver] [  884] - Action Type : WAITFORELEMENT
[INFO ][2015-12-07 21:20:39,273][com.java.SeleniumDriver] [  893] -  RESULT true
[INFO ][2015-12-07 21:20:39,273][com.java.SeleniumDriver] [ 1099] - ?   P A S S   ?
[INFO ][2015-12-07 21:20:39,273][com.java.SeleniumDriver] [  820] - ------------------------------------------
[INFO ][2015-12-07 21:20:39,273][com.java.SeleniumDriver] [  821] - Test case being Executed: 4
[INFO ][2015-12-07 21:20:39,273][com.java.SeleniumDriver] [  832] - Test step:10
[INFO ][2015-12-07 21:20:39,273][com.java.SeleniumDriver] [  844] - Datavalue is----------Forecasting 
[INFO ][2015-12-07 21:20:39,273][com.java.SeleniumDriver] [  868] - DataField : XPH//span[contains(text(),'Forecasting')]
[INFO ][2015-12-07 21:20:39,273][com.java.SeleniumDriver] [  870] - DataValue : Forecasting 
[INFO ][2015-12-07 21:20:39,273][com.java.SeleniumDriver] [  876] - <In Set values of the page>
[INFO ][2015-12-07 21:20:39,273][com.java.SeleniumDriver] [  879] - {Data Fields & Data Values Exist}
[INFO ][2015-12-07 21:20:39,273][com.java.SeleniumDriver] [  881] - --------------------------setting values-----------------------------
[INFO ][2015-12-07 21:20:39,273][com.java.SeleniumDriver] [  884] - Action Type : VERIFY
[INFO ][2015-12-07 21:20:39,273][com.java.TestType] [ 6659] - field= XPH//span[contains(text(),'Forecasting')] value= Forecasting 
[INFO ][2015-12-07 21:20:39,274][com.java.TestType] [ 5431] - value = Forecasting 
[INFO ][2015-12-07 21:20:39,474][com.java.SeleniumDriver] [  893] -  RESULT true
[INFO ][2015-12-07 21:20:39,474][com.java.SeleniumDriver] [ 1099] - ?   P A S S   ?
[INFO ][2015-12-07 21:20:39,474][com.java.SeleniumDriver] [  820] - ------------------------------------------
[INFO ][2015-12-07 21:20:39,474][com.java.SeleniumDriver] [  821] - Test case being Executed: 4
[INFO ][2015-12-07 21:20:39,474][com.java.SeleniumDriver] [  832] - Test step:11
[INFO ][2015-12-07 21:20:39,474][com.java.SeleniumDriver] [  844] - Datavalue is----------null
[DEBUG][2015-12-07 21:20:39,474][com.java.SeleniumDriver] [  862] - Exception: null
[INFO ][2015-12-07 21:20:39,474][com.java.SeleniumDriver] [  868] - DataField : BTNframeDialogContent
[INFO ][2015-12-07 21:20:39,474][com.java.SeleniumDriver] [  870] - DataValue : 
[INFO ][2015-12-07 21:20:39,474][com.java.SeleniumDriver] [  876] - <In Set values of the page>
[INFO ][2015-12-07 21:20:39,474][com.java.SeleniumDriver] [  879] - {Data Fields & Data Values Exist}
[INFO ][2015-12-07 21:20:39,474][com.java.SeleniumDriver] [  881] - --------------------------setting values-----------------------------
[INFO ][2015-12-07 21:20:39,474][com.java.SeleniumDriver] [  884] - Action Type : SELECTFRAME
[INFO ][2015-12-07 21:20:40,978][com.java.SeleniumDriver] [  893] -  RESULT true
[INFO ][2015-12-07 21:20:40,979][com.java.SeleniumDriver] [ 1099] - ?   P A S S   ?
[INFO ][2015-12-07 21:20:40,979][com.java.SeleniumDriver] [  820] - ------------------------------------------
[INFO ][2015-12-07 21:20:40,979][com.java.SeleniumDriver] [  821] - Test case being Executed: 4
[INFO ][2015-12-07 21:20:40,979][com.java.SeleniumDriver] [  832] - Test step:12
[INFO ][2015-12-07 21:20:40,979][com.java.SeleniumDriver] [  844] - Datavalue is----------10
[INFO ][2015-12-07 21:20:40,979][com.java.SeleniumDriver] [  868] - DataField : DSPddlProjects
[INFO ][2015-12-07 21:20:40,979][com.java.SeleniumDriver] [  870] - DataValue : 10
[INFO ][2015-12-07 21:20:40,979][com.java.SeleniumDriver] [  876] - <In Set values of the page>
[INFO ][2015-12-07 21:20:40,979][com.java.SeleniumDriver] [  879] - {Data Fields & Data Values Exist}
[INFO ][2015-12-07 21:20:40,979][com.java.SeleniumDriver] [  881] - --------------------------setting values-----------------------------
[INFO ][2015-12-07 21:20:40,979][com.java.SeleniumDriver] [  884] - Action Type : WAITFORELEMENT
[INFO ][2015-12-07 21:20:42,440][com.java.SeleniumDriver] [  893] -  RESULT true
[INFO ][2015-12-07 21:20:42,441][com.java.SeleniumDriver] [ 1099] - ?   P A S S   ?
[INFO ][2015-12-07 21:20:42,441][com.java.SeleniumDriver] [  820] - ------------------------------------------
[INFO ][2015-12-07 21:20:42,441][com.java.SeleniumDriver] [  821] - Test case being Executed: 4
[INFO ][2015-12-07 21:20:42,441][com.java.SeleniumDriver] [  832] - Test step:13
[INFO ][2015-12-07 21:20:42,441][com.java.SeleniumDriver] [  844] - Datavalue is----------index:1
[INFO ][2015-12-07 21:20:42,441][com.java.SeleniumDriver] [  868] - DataField : COBddlProjects
[INFO ][2015-12-07 21:20:42,441][com.java.SeleniumDriver] [  870] - DataValue : index:1
[INFO ][2015-12-07 21:20:42,441][com.java.SeleniumDriver] [  876] - <In Set values of the page>
[INFO ][2015-12-07 21:20:42,441][com.java.SeleniumDriver] [  879] - {Data Fields & Data Values Exist}
[INFO ][2015-12-07 21:20:42,441][com.java.SeleniumDriver] [  881] - --------------------------setting values-----------------------------
[INFO ][2015-12-07 21:20:42,441][com.java.SeleniumDriver] [  884] - Action Type : SELECT
[INFO ][2015-12-07 21:20:42,441][com.java.TestType] [ 5431] - value = 1
[INFO ][2015-12-07 21:20:43,851][com.java.TestType] [ 5549] -  In COB ddlProjects : 1
[INFO ][2015-12-07 21:20:44,044][com.java.SeleniumDriver] [  893] -  RESULT true
[INFO ][2015-12-07 21:20:44,044][com.java.SeleniumDriver] [ 1099] - ?   P A S S   ?
[INFO ][2015-12-07 21:20:44,044][com.java.SeleniumDriver] [ 1136] - Continue next step...
[INFO ][2015-12-07 21:20:44,044][com.java.SeleniumDriver] [  820] - ------------------------------------------
[INFO ][2015-12-07 21:20:44,044][com.java.SeleniumDriver] [  821] - Test case being Executed: 4
[INFO ][2015-12-07 21:20:44,044][com.java.SeleniumDriver] [  832] - Test step:14
[INFO ][2015-12-07 21:20:44,044][com.java.SeleniumDriver] [  844] - Datavalue is----------CurrentProject
[INFO ][2015-12-07 21:20:44,044][com.java.SeleniumDriver] [  868] - DataField : SLBddlProjects
[INFO ][2015-12-07 21:20:44,044][com.java.SeleniumDriver] [  870] - DataValue : CurrentProject
[INFO ][2015-12-07 21:20:44,044][com.java.SeleniumDriver] [  876] - <In Set values of the page>
[INFO ][2015-12-07 21:20:44,044][com.java.SeleniumDriver] [  879] - {Data Fields & Data Values Exist}
[INFO ][2015-12-07 21:20:44,044][com.java.SeleniumDriver] [  881] - --------------------------setting values-----------------------------
[INFO ][2015-12-07 21:20:44,044][com.java.SeleniumDriver] [  884] - Action Type : storevalue
[INFO ][2015-12-07 21:20:44,045][com.java.TestType] [ 7837] - field= SLBddlProjects
[INFO ][2015-12-07 21:20:45,590][com.java.SeleniumDriver] [  893] -  RESULT true
[INFO ][2015-12-07 21:20:45,591][com.java.SeleniumDriver] [ 1099] - ?   P A S S   ?
[INFO ][2015-12-07 21:20:45,591][com.java.SeleniumDriver] [  820] - ------------------------------------------
[INFO ][2015-12-07 21:20:45,591][com.java.SeleniumDriver] [  821] - Test case being Executed: 4
[INFO ][2015-12-07 21:20:45,591][com.java.SeleniumDriver] [  832] - Test step:15
[INFO ][2015-12-07 21:20:45,591][com.java.SeleniumDriver] [  844] - Datavalue is----------null
[DEBUG][2015-12-07 21:20:45,591][com.java.SeleniumDriver] [  862] - Exception: null
[INFO ][2015-12-07 21:20:45,591][com.java.SeleniumDriver] [  868] - DataField : HDNbtnOpenProject
[INFO ][2015-12-07 21:20:45,591][com.java.SeleniumDriver] [  870] - DataValue : 
[INFO ][2015-12-07 21:20:45,591][com.java.SeleniumDriver] [  876] - <In Set values of the page>
[INFO ][2015-12-07 21:20:45,591][com.java.SeleniumDriver] [  879] - {Data Fields & Data Values Exist}
[INFO ][2015-12-07 21:20:45,591][com.java.SeleniumDriver] [  881] - --------------------------setting values-----------------------------
[INFO ][2015-12-07 21:20:45,591][com.java.SeleniumDriver] [  884] - Action Type : CLICK
[INFO ][2015-12-07 21:20:45,592][com.java.TestType] [ 5759] - Field ::HDNbtnOpenProject
[INFO ][2015-12-07 21:20:48,402][com.java.SeleniumDriver] [  893] -  RESULT true
[INFO ][2015-12-07 21:20:48,402][com.java.SeleniumDriver] [ 1099] - ?   P A S S   ?
[INFO ][2015-12-07 21:20:48,402][com.java.SeleniumDriver] [  820] - ------------------------------------------
[INFO ][2015-12-07 21:20:48,402][com.java.SeleniumDriver] [  821] - Test case being Executed: 4
[INFO ][2015-12-07 21:20:48,403][com.java.SeleniumDriver] [  832] - Test step:16
[INFO ][2015-12-07 21:20:48,403][com.java.SeleniumDriver] [  844] - Datavalue is----------2
[INFO ][2015-12-07 21:20:48,403][com.java.SeleniumDriver] [  868] - DataField : null
[INFO ][2015-12-07 21:20:48,403][com.java.SeleniumDriver] [  870] - DataValue : 2
[INFO ][2015-12-07 21:20:48,403][com.java.SeleniumDriver] [  876] - <In Set values of the page>
[INFO ][2015-12-07 21:20:48,403][com.java.SeleniumDriver] [  879] - {Data Fields & Data Values Exist}
[INFO ][2015-12-07 21:20:48,403][com.java.SeleniumDriver] [  881] - --------------------------setting values-----------------------------
[INFO ][2015-12-07 21:20:48,403][com.java.SeleniumDriver] [  884] - Action Type : WAITTIME
[DEBUG][2015-12-07 21:20:48,403][com.java.TestType] [ 5251] - sleepTime: 2000
[INFO ][2015-12-07 21:20:50,403][com.java.SeleniumDriver] [  893] -  RESULT true
[INFO ][2015-12-07 21:20:50,403][com.java.SeleniumDriver] [ 1099] - ?   P A S S   ?
[INFO ][2015-12-07 21:20:50,403][com.java.SeleniumDriver] [  820] - ------------------------------------------
[INFO ][2015-12-07 21:20:50,403][com.java.SeleniumDriver] [  821] - Test case being Executed: 4
[INFO ][2015-12-07 21:20:50,403][com.java.SeleniumDriver] [  832] - Test step:17
[INFO ][2015-12-07 21:20:50,403][com.java.SeleniumDriver] [  844] - Datavalue is----------null
[DEBUG][2015-12-07 21:20:50,403][com.java.SeleniumDriver] [  862] - Exception: null
[INFO ][2015-12-07 21:20:50,403][com.java.SeleniumDriver] [  868] - DataField : BTNParent
[INFO ][2015-12-07 21:20:50,403][com.java.SeleniumDriver] [  870] - DataValue : 
[INFO ][2015-12-07 21:20:50,403][com.java.SeleniumDriver] [  876] - <In Set values of the page>
[INFO ][2015-12-07 21:20:50,403][com.java.SeleniumDriver] [  879] - {Data Fields & Data Values Exist}
[INFO ][2015-12-07 21:20:50,403][com.java.SeleniumDriver] [  881] - --------------------------setting values-----------------------------
[INFO ][2015-12-07 21:20:50,403][com.java.SeleniumDriver] [  884] - Action Type : SELECTFRAME
[INFO ][2015-12-07 21:20:50,445][com.java.SeleniumDriver] [  893] -  RESULT true
[INFO ][2015-12-07 21:20:50,445][com.java.SeleniumDriver] [ 1099] - ?   P A S S   ?
[INFO ][2015-12-07 21:20:50,445][com.java.SeleniumDriver] [  820] - ------------------------------------------
[INFO ][2015-12-07 21:20:50,445][com.java.SeleniumDriver] [  821] - Test case being Executed: 4
[INFO ][2015-12-07 21:20:50,446][com.java.SeleniumDriver] [  832] - Test step:18
[INFO ][2015-12-07 21:20:50,446][com.java.SeleniumDriver] [  844] - Datavalue is----------10
[INFO ][2015-12-07 21:20:50,446][com.java.SeleniumDriver] [  868] - DataField : DSPFile
[INFO ][2015-12-07 21:20:50,446][com.java.SeleniumDriver] [  870] - DataValue : 10
[INFO ][2015-12-07 21:20:50,446][com.java.SeleniumDriver] [  876] - <In Set values of the page>
[INFO ][2015-12-07 21:20:50,446][com.java.SeleniumDriver] [  879] - {Data Fields & Data Values Exist}
[INFO ][2015-12-07 21:20:50,446][com.java.SeleniumDriver] [  881] - --------------------------setting values-----------------------------
[INFO ][2015-12-07 21:20:50,446][com.java.SeleniumDriver] [  884] - Action Type : WAITFORELEMENT
[INFO ][2015-12-07 21:20:50,717][com.java.SeleniumDriver] [  893] -  RESULT true
[INFO ][2015-12-07 21:20:50,717][com.java.SeleniumDriver] [ 1099] - ?   P A S S   ?
[INFO ][2015-12-07 21:20:50,717][com.java.SeleniumDriver] [  820] - ------------------------------------------
[INFO ][2015-12-07 21:20:50,718][com.java.SeleniumDriver] [  821] - Test case being Executed: 4
[INFO ][2015-12-07 21:20:50,718][com.java.SeleniumDriver] [  832] - Test step:19
[INFO ][2015-12-07 21:20:50,718][com.java.SeleniumDriver] [  844] - Datavalue is----------10
[INFO ][2015-12-07 21:20:50,718][com.java.SeleniumDriver] [  868] - DataField : null
[INFO ][2015-12-07 21:20:50,718][com.java.SeleniumDriver] [  870] - DataValue : 10
[INFO ][2015-12-07 21:20:50,718][com.java.SeleniumDriver] [  876] - <In Set values of the page>
[INFO ][2015-12-07 21:20:50,718][com.java.SeleniumDriver] [  879] - {Data Fields & Data Values Exist}
[INFO ][2015-12-07 21:20:50,718][com.java.SeleniumDriver] [  881] - --------------------------setting values-----------------------------
[INFO ][2015-12-07 21:20:50,718][com.java.SeleniumDriver] [  884] - Action Type : WAITTIME
[DEBUG][2015-12-07 21:20:50,719][com.java.TestType] [ 5251] - sleepTime: 10000
[INFO ][2015-12-07 21:21:00,720][com.java.SeleniumDriver] [  893] -  RESULT true
[INFO ][2015-12-07 21:21:00,720][com.java.SeleniumDriver] [ 1099] - ?   P A S S   ?
[INFO ][2015-12-07 21:21:00,720][com.java.SeleniumDriver] [  820] - ------------------------------------------
[INFO ][2015-12-07 21:21:00,720][com.java.SeleniumDriver] [  821] - Test case being Executed: 4
[INFO ][2015-12-07 21:21:00,720][com.java.SeleniumDriver] [  832] - Test step:20
[INFO ][2015-12-07 21:21:00,720][com.java.SeleniumDriver] [  844] - Datavalue is----------HMVCurrentProject
[INFO ][2015-12-07 21:21:00,720][com.java.SeleniumDriver] [  868] - DataField : XPH//span[@id='lblProject']
[INFO ][2015-12-07 21:21:00,720][com.java.SeleniumDriver] [  870] - DataValue : HMVCurrentProject
[INFO ][2015-12-07 21:21:00,720][com.java.SeleniumDriver] [  876] - <In Set values of the page>
[INFO ][2015-12-07 21:21:00,720][com.java.SeleniumDriver] [  879] - {Data Fields & Data Values Exist}
[INFO ][2015-12-07 21:21:00,720][com.java.SeleniumDriver] [  881] - --------------------------setting values-----------------------------
[INFO ][2015-12-07 21:21:00,720][com.java.SeleniumDriver] [  884] - Action Type : VERIFY
[INFO ][2015-12-07 21:21:00,721][com.java.TestType] [ 6659] - field= XPH//span[@id='lblProject'] value= HMVCurrentProject
[INFO ][2015-12-07 21:21:00,721][com.java.TestType] [ 5431] - value = SFNB 2016 Budget
[INFO ][2015-12-07 21:21:00,944][com.java.SeleniumDriver] [  893] -  RESULT true
[INFO ][2015-12-07 21:21:00,945][com.java.SeleniumDriver] [ 1099] - ?   P A S S   ?
[INFO ][2015-12-07 21:21:00,945][com.java.SeleniumDriver] [  820] - ------------------------------------------
[INFO ][2015-12-07 21:21:00,945][com.java.SeleniumDriver] [  821] - Test case being Executed: 4
[INFO ][2015-12-07 21:21:00,945][com.java.SeleniumDriver] [  832] - Test step:21
[INFO ][2015-12-07 21:21:00,945][com.java.SeleniumDriver] [  844] - Datavalue is----------null
[DEBUG][2015-12-07 21:21:00,945][com.java.SeleniumDriver] [  862] - Exception: null
[INFO ][2015-12-07 21:21:00,945][com.java.SeleniumDriver] [  868] - DataField : HDNmenuTools
[INFO ][2015-12-07 21:21:00,945][com.java.SeleniumDriver] [  870] - DataValue : 
[INFO ][2015-12-07 21:21:00,945][com.java.SeleniumDriver] [  876] - <In Set values of the page>
[INFO ][2015-12-07 21:21:00,945][com.java.SeleniumDriver] [  879] - {Data Fields & Data Values Exist}
[INFO ][2015-12-07 21:21:00,945][com.java.SeleniumDriver] [  881] - --------------------------setting values-----------------------------
[INFO ][2015-12-07 21:21:00,945][com.java.SeleniumDriver] [  884] - Action Type : CLICK
[INFO ][2015-12-07 21:21:00,945][com.java.TestType] [ 5759] - Field ::HDNmenuTools
[INFO ][2015-12-07 21:21:03,543][com.java.SeleniumDriver] [  893] -  RESULT true
[INFO ][2015-12-07 21:21:03,544][com.java.SeleniumDriver] [ 1099] - ?   P A S S   ?
[INFO ][2015-12-07 21:21:03,544][com.java.SeleniumDriver] [  820] - ------------------------------------------
[INFO ][2015-12-07 21:21:03,544][com.java.SeleniumDriver] [  821] - Test case being Executed: 4
[INFO ][2015-12-07 21:21:03,544][com.java.SeleniumDriver] [  832] - Test step:22
[INFO ][2015-12-07 21:21:03,544][com.java.SeleniumDriver] [  844] - Datavalue is----------10
[INFO ][2015-12-07 21:21:03,544][com.java.SeleniumDriver] [  868] - DataField : DSPmenuCopyToForecast
[INFO ][2015-12-07 21:21:03,544][com.java.SeleniumDriver] [  870] - DataValue : 10
[INFO ][2015-12-07 21:21:03,544][com.java.SeleniumDriver] [  876] - <In Set values of the page>
[INFO ][2015-12-07 21:21:03,544][com.java.SeleniumDriver] [  879] - {Data Fields & Data Values Exist}
[INFO ][2015-12-07 21:21:03,544][com.java.SeleniumDriver] [  881] - --------------------------setting values-----------------------------
[INFO ][2015-12-07 21:21:03,544][com.java.SeleniumDriver] [  884] - Action Type : WAITFORELEMENT
[INFO ][2015-12-07 21:21:05,154][com.java.SeleniumDriver] [  893] -  RESULT true
[INFO ][2015-12-07 21:21:05,154][com.java.SeleniumDriver] [ 1099] - ?   P A S S   ?
[INFO ][2015-12-07 21:21:05,154][com.java.SeleniumDriver] [  820] - ------------------------------------------
[INFO ][2015-12-07 21:21:05,154][com.java.SeleniumDriver] [  821] - Test case being Executed: 4
[INFO ][2015-12-07 21:21:05,154][com.java.SeleniumDriver] [  832] - Test step:23
[INFO ][2015-12-07 21:21:05,154][com.java.SeleniumDriver] [  844] - Datavalue is----------null
[DEBUG][2015-12-07 21:21:05,154][com.java.SeleniumDriver] [  862] - Exception: null
[INFO ][2015-12-07 21:21:05,154][com.java.SeleniumDriver] [  868] - DataField : HDNmenuCopyToForecast
[INFO ][2015-12-07 21:21:05,154][com.java.SeleniumDriver] [  870] - DataValue : 
[INFO ][2015-12-07 21:21:05,154][com.java.SeleniumDriver] [  876] - <In Set values of the page>
[INFO ][2015-12-07 21:21:05,154][com.java.SeleniumDriver] [  879] - {Data Fields & Data Values Exist}
[INFO ][2015-12-07 21:21:05,154][com.java.SeleniumDriver] [  881] - --------------------------setting values-----------------------------
[INFO ][2015-12-07 21:21:05,154][com.java.SeleniumDriver] [  884] - Action Type : CLICK
[INFO ][2015-12-07 21:21:05,155][com.java.TestType] [ 5759] - Field ::HDNmenuCopyToForecast
[INFO ][2015-12-07 21:21:07,787][com.java.SeleniumDriver] [  893] -  RESULT true
[INFO ][2015-12-07 21:21:07,787][com.java.SeleniumDriver] [ 1099] - ?   P A S S   ?
[INFO ][2015-12-07 21:21:07,787][com.java.SeleniumDriver] [  820] - ------------------------------------------
[INFO ][2015-12-07 21:21:07,787][com.java.SeleniumDriver] [  821] - Test case being Executed: 4
[INFO ][2015-12-07 21:21:07,787][com.java.SeleniumDriver] [  832] - Test step:24
[INFO ][2015-12-07 21:21:07,787][com.java.SeleniumDriver] [  844] - Datavalue is----------2
[INFO ][2015-12-07 21:21:07,787][com.java.SeleniumDriver] [  868] - DataField : null
[INFO ][2015-12-07 21:21:07,787][com.java.SeleniumDriver] [  870] - DataValue : 2
[INFO ][2015-12-07 21:21:07,787][com.java.SeleniumDriver] [  876] - <In Set values of the page>
[INFO ][2015-12-07 21:21:07,787][com.java.SeleniumDriver] [  879] - {Data Fields & Data Values Exist}
[INFO ][2015-12-07 21:21:07,787][com.java.SeleniumDriver] [  881] - --------------------------setting values-----------------------------
[INFO ][2015-12-07 21:21:07,788][com.java.SeleniumDriver] [  884] - Action Type : WAITTIME
[DEBUG][2015-12-07 21:21:07,789][com.java.TestType] [ 5251] - sleepTime: 2000
[INFO ][2015-12-07 21:21:09,789][com.java.SeleniumDriver] [  893] -  RESULT true
[INFO ][2015-12-07 21:21:09,789][com.java.SeleniumDriver] [ 1099] - ?   P A S S   ?
[INFO ][2015-12-07 21:21:09,789][com.java.SeleniumDriver] [  820] - ------------------------------------------
[INFO ][2015-12-07 21:21:09,789][com.java.SeleniumDriver] [  821] - Test case being Executed: 4
[INFO ][2015-12-07 21:21:09,789][com.java.SeleniumDriver] [  832] - Test step:25
[INFO ][2015-12-07 21:21:09,789][com.java.SeleniumDriver] [  844] - Datavalue is----------Forecasting
[INFO ][2015-12-07 21:21:09,789][com.java.SeleniumDriver] [  868] - DataField : XPH//span[@id='ui-dialog-title-mdDialog']
[INFO ][2015-12-07 21:21:09,789][com.java.SeleniumDriver] [  870] - DataValue : Forecasting
[INFO ][2015-12-07 21:21:09,789][com.java.SeleniumDriver] [  876] - <In Set values of the page>
[INFO ][2015-12-07 21:21:09,789][com.java.SeleniumDriver] [  879] - {Data Fields & Data Values Exist}
[INFO ][2015-12-07 21:21:09,789][com.java.SeleniumDriver] [  881] - --------------------------setting values-----------------------------
[INFO ][2015-12-07 21:21:09,789][com.java.SeleniumDriver] [  884] - Action Type : VERIFY
[INFO ][2015-12-07 21:21:09,789][com.java.TestType] [ 6659] - field= XPH//span[@id='ui-dialog-title-mdDialog'] value= Forecasting
[INFO ][2015-12-07 21:21:09,790][com.java.TestType] [ 5431] - value = Forecasting
[INFO ][2015-12-07 21:21:10,066][com.java.SeleniumDriver] [  893] -  RESULT true
[INFO ][2015-12-07 21:21:10,066][com.java.SeleniumDriver] [ 1099] - ?   P A S S   ?
[INFO ][2015-12-07 21:21:10,068][com.java.SeleniumDriver] [  820] - ------------------------------------------
[INFO ][2015-12-07 21:21:10,068][com.java.SeleniumDriver] [  821] - Test case being Executed: 4
[INFO ][2015-12-07 21:21:10,068][com.java.SeleniumDriver] [  832] - Test step:26
[INFO ][2015-12-07 21:21:10,068][com.java.SeleniumDriver] [  844] - Datavalue is----------null
[DEBUG][2015-12-07 21:21:10,068][com.java.SeleniumDriver] [  862] - Exception: null
[INFO ][2015-12-07 21:21:10,068][com.java.SeleniumDriver] [  868] - DataField : BTNframeDialogContent
[INFO ][2015-12-07 21:21:10,068][com.java.SeleniumDriver] [  870] - DataValue : 
[INFO ][2015-12-07 21:21:10,068][com.java.SeleniumDriver] [  876] - <In Set values of the page>
[INFO ][2015-12-07 21:21:10,068][com.java.SeleniumDriver] [  879] - {Data Fields & Data Values Exist}
[INFO ][2015-12-07 21:21:10,069][com.java.SeleniumDriver] [  881] - --------------------------setting values-----------------------------
[INFO ][2015-12-07 21:21:10,069][com.java.SeleniumDriver] [  884] - Action Type : SELECTFRAME
[INFO ][2015-12-07 21:21:11,588][com.java.SeleniumDriver] [  893] -  RESULT true
[INFO ][2015-12-07 21:21:11,589][com.java.SeleniumDriver] [ 1099] - ?   P A S S   ?
[INFO ][2015-12-07 21:21:11,589][com.java.SeleniumDriver] [  820] - ------------------------------------------
[INFO ][2015-12-07 21:21:11,589][com.java.SeleniumDriver] [  821] - Test case being Executed: 4
[INFO ][2015-12-07 21:21:11,589][com.java.SeleniumDriver] [  832] - Test step:27
[INFO ][2015-12-07 21:21:11,589][com.java.SeleniumDriver] [  844] - Datavalue is----------Copying Project
[INFO ][2015-12-07 21:21:11,589][com.java.SeleniumDriver] [  868] - DataField : XPH//td[@class='dlg_Label']
[INFO ][2015-12-07 21:21:11,589][com.java.SeleniumDriver] [  870] - DataValue : Copying Project
[INFO ][2015-12-07 21:21:11,589][com.java.SeleniumDriver] [  876] - <In Set values of the page>
[INFO ][2015-12-07 21:21:11,589][com.java.SeleniumDriver] [  879] - {Data Fields & Data Values Exist}
[INFO ][2015-12-07 21:21:11,589][com.java.SeleniumDriver] [  881] - --------------------------setting values-----------------------------
[INFO ][2015-12-07 21:21:11,589][com.java.SeleniumDriver] [  884] - Action Type : VERIFY
[INFO ][2015-12-07 21:21:11,589][com.java.TestType] [ 6659] - field= XPH//td[@class='dlg_Label'] value= Copying Project
[INFO ][2015-12-07 21:21:11,589][com.java.TestType] [ 5431] - value = Copying Project
[INFO ][2015-12-07 21:21:11,709][com.java.SeleniumDriver] [  893] -  RESULT true
[INFO ][2015-12-07 21:21:11,709][com.java.SeleniumDriver] [ 1099] - ?   P A S S   ?
[INFO ][2015-12-07 21:21:11,709][com.java.SeleniumDriver] [  820] - ------------------------------------------
[INFO ][2015-12-07 21:21:11,709][com.java.SeleniumDriver] [  821] - Test case being Executed: 4
[INFO ][2015-12-07 21:21:11,709][com.java.SeleniumDriver] [  832] - Test step:28
[INFO ][2015-12-07 21:21:11,709][com.java.SeleniumDriver] [  844] - Datavalue is----------Your project is now being processed.
[INFO ][2015-12-07 21:21:11,709][com.java.SeleniumDriver] [  868] - DataField : XPH//TD[@ID='lblEmail']
[INFO ][2015-12-07 21:21:11,709][com.java.SeleniumDriver] [  870] - DataValue : Your project is now being processed.
[INFO ][2015-12-07 21:21:11,709][com.java.SeleniumDriver] [  876] - <In Set values of the page>
[INFO ][2015-12-07 21:21:11,709][com.java.SeleniumDriver] [  879] - {Data Fields & Data Values Exist}
[INFO ][2015-12-07 21:21:11,709][com.java.SeleniumDriver] [  881] - --------------------------setting values-----------------------------
[INFO ][2015-12-07 21:21:11,709][com.java.SeleniumDriver] [  884] - Action Type : VERIFY
[INFO ][2015-12-07 21:21:11,709][com.java.TestType] [ 6659] - field= XPH//TD[@ID='lblEmail'] value= Your project is now being processed.
[INFO ][2015-12-07 21:21:11,710][com.java.TestType] [ 5431] - value = Your project is now being processed.
[INFO ][2015-12-07 21:21:11,834][com.java.SeleniumDriver] [  893] -  RESULT true
[INFO ][2015-12-07 21:21:11,835][com.java.SeleniumDriver] [ 1099] - ?   P A S S   ?
[INFO ][2015-12-07 21:21:11,835][com.java.SeleniumDriver] [  820] - ------------------------------------------
[INFO ][2015-12-07 21:21:11,835][com.java.SeleniumDriver] [  821] - Test case being Executed: 4
[INFO ][2015-12-07 21:21:11,835][com.java.SeleniumDriver] [  832] - Test step:29
[INFO ][2015-12-07 21:21:11,835][com.java.SeleniumDriver] [  844] - Datavalue is----------null
[DEBUG][2015-12-07 21:21:11,835][com.java.SeleniumDriver] [  862] - Exception: null
[INFO ][2015-12-07 21:21:11,835][com.java.SeleniumDriver] [  868] - DataField : BTNParent
[INFO ][2015-12-07 21:21:11,835][com.java.SeleniumDriver] [  870] - DataValue : 
[INFO ][2015-12-07 21:21:11,835][com.java.SeleniumDriver] [  876] - <In Set values of the page>
[INFO ][2015-12-07 21:21:11,835][com.java.SeleniumDriver] [  879] - {Data Fields & Data Values Exist}
[INFO ][2015-12-07 21:21:11,835][com.java.SeleniumDriver] [  881] - --------------------------setting values-----------------------------
[INFO ][2015-12-07 21:21:11,835][com.java.SeleniumDriver] [  884] - Action Type : SELECTFRAME
[INFO ][2015-12-07 21:21:11,860][com.java.SeleniumDriver] [  893] -  RESULT true
[INFO ][2015-12-07 21:21:11,861][com.java.SeleniumDriver] [ 1099] - ?   P A S S   ?
[INFO ][2015-12-07 21:21:11,861][com.java.SeleniumDriver] [  820] - ------------------------------------------
[INFO ][2015-12-07 21:21:11,861][com.java.SeleniumDriver] [  821] - Test case being Executed: 4
[INFO ][2015-12-07 21:21:11,861][com.java.SeleniumDriver] [  832] - Test step:30
[INFO ][2015-12-07 21:21:11,862][com.java.SeleniumDriver] [  844] - Datavalue is----------null
[DEBUG][2015-12-07 21:21:11,862][com.java.SeleniumDriver] [  862] - Exception: null
[INFO ][2015-12-07 21:21:11,862][com.java.SeleniumDriver] [  868] - DataField : HDN//span[text()='close']
[INFO ][2015-12-07 21:21:11,862][com.java.SeleniumDriver] [  870] - DataValue : 
[INFO ][2015-12-07 21:21:11,862][com.java.SeleniumDriver] [  876] - <In Set values of the page>
[INFO ][2015-12-07 21:21:11,862][com.java.SeleniumDriver] [  879] - {Data Fields & Data Values Exist}
[INFO ][2015-12-07 21:21:11,862][com.java.SeleniumDriver] [  881] - --------------------------setting values-----------------------------
[INFO ][2015-12-07 21:21:11,862][com.java.SeleniumDriver] [  884] - Action Type : CLICK
[INFO ][2015-12-07 21:21:11,862][com.java.TestType] [ 5759] - Field ::HDN//span[text()='close']
[INFO ][2015-12-07 21:21:13,109][com.java.SeleniumDriver] [  893] -  RESULT true
[INFO ][2015-12-07 21:21:13,109][com.java.SeleniumDriver] [ 1099] - ?   P A S S   ?
[INFO ][2015-12-07 21:21:13,109][com.java.SeleniumDriver] [  820] - ------------------------------------------
[INFO ][2015-12-07 21:21:13,109][com.java.SeleniumDriver] [  821] - Test case being Executed: 4
[INFO ][2015-12-07 21:21:13,109][com.java.SeleniumDriver] [  832] - Test step:31
[INFO ][2015-12-07 21:21:13,109][com.java.SeleniumDriver] [  844] - Datavalue is----------null
[DEBUG][2015-12-07 21:21:13,109][com.java.SeleniumDriver] [  862] - Exception: null
[INFO ][2015-12-07 21:21:13,110][com.java.SeleniumDriver] [  868] - DataField : HDNmenuTools
[INFO ][2015-12-07 21:21:13,110][com.java.SeleniumDriver] [  870] - DataValue : 
[INFO ][2015-12-07 21:21:13,110][com.java.SeleniumDriver] [  876] - <In Set values of the page>
[INFO ][2015-12-07 21:21:13,110][com.java.SeleniumDriver] [  879] - {Data Fields & Data Values Exist}
[INFO ][2015-12-07 21:21:13,110][com.java.SeleniumDriver] [  881] - --------------------------setting values-----------------------------
[INFO ][2015-12-07 21:21:13,110][com.java.SeleniumDriver] [  884] - Action Type : CLICK
[INFO ][2015-12-07 21:21:13,110][com.java.TestType] [ 5759] - Field ::HDNmenuTools
[INFO ][2015-12-07 21:21:15,783][com.java.SeleniumDriver] [  893] -  RESULT true
[INFO ][2015-12-07 21:21:15,783][com.java.SeleniumDriver] [ 1099] - ?   P A S S   ?
[INFO ][2015-12-07 21:21:15,783][com.java.SeleniumDriver] [  820] - ------------------------------------------
[INFO ][2015-12-07 21:21:15,783][com.java.SeleniumDriver] [  821] - Test case being Executed: 4
[INFO ][2015-12-07 21:21:15,783][com.java.SeleniumDriver] [  832] - Test step:32
[INFO ][2015-12-07 21:21:15,783][com.java.SeleniumDriver] [  844] - Datavalue is----------10
[INFO ][2015-12-07 21:21:15,783][com.java.SeleniumDriver] [  868] - DataField : DSPmenuProjectOptions
[INFO ][2015-12-07 21:21:15,783][com.java.SeleniumDriver] [  870] - DataValue : 10
[INFO ][2015-12-07 21:21:15,783][com.java.SeleniumDriver] [  876] - <In Set values of the page>
[INFO ][2015-12-07 21:21:15,783][com.java.SeleniumDriver] [  879] - {Data Fields & Data Values Exist}
[INFO ][2015-12-07 21:21:15,783][com.java.SeleniumDriver] [  881] - --------------------------setting values-----------------------------
[INFO ][2015-12-07 21:21:15,783][com.java.SeleniumDriver] [  884] - Action Type : WAITFORELEMENT
[INFO ][2015-12-07 21:21:17,434][com.java.SeleniumDriver] [  893] -  RESULT true
[INFO ][2015-12-07 21:21:17,434][com.java.SeleniumDriver] [ 1099] - ?   P A S S   ?
[INFO ][2015-12-07 21:21:17,434][com.java.SeleniumDriver] [  820] - ------------------------------------------
[INFO ][2015-12-07 21:21:17,434][com.java.SeleniumDriver] [  821] - Test case being Executed: 4
[INFO ][2015-12-07 21:21:17,434][com.java.SeleniumDriver] [  832] - Test step:33
[INFO ][2015-12-07 21:21:17,434][com.java.SeleniumDriver] [  844] - Datavalue is----------null
[DEBUG][2015-12-07 21:21:17,434][com.java.SeleniumDriver] [  862] - Exception: null
[INFO ][2015-12-07 21:21:17,434][com.java.SeleniumDriver] [  868] - DataField : BTNmenuProjectOptions
[INFO ][2015-12-07 21:21:17,434][com.java.SeleniumDriver] [  870] - DataValue : 
[INFO ][2015-12-07 21:21:17,434][com.java.SeleniumDriver] [  876] - <In Set values of the page>
[INFO ][2015-12-07 21:21:17,434][com.java.SeleniumDriver] [  879] - {Data Fields & Data Values Exist}
[INFO ][2015-12-07 21:21:17,434][com.java.SeleniumDriver] [  881] - --------------------------setting values-----------------------------
[INFO ][2015-12-07 21:21:17,435][com.java.SeleniumDriver] [  884] - Action Type : CLICK
[INFO ][2015-12-07 21:21:17,435][com.java.TestType] [ 5759] - Field ::BTNmenuProjectOptions
[INFO ][2015-12-07 21:21:18,435][com.java.TestType] [ 5832] - BEFORE CLICK
[INFO ][2015-12-07 21:21:22,132][com.java.TestType] [ 5839] - Unable to click the object ProjectOptions
[INFO ][2015-12-07 21:21:22,132][com.java.SeleniumDriver] [  893] -  RESULT true
[INFO ][2015-12-07 21:21:22,132][com.java.SeleniumDriver] [ 1099] - ?   P A S S   ?
[INFO ][2015-12-07 21:21:22,132][com.java.SeleniumDriver] [  820] - ------------------------------------------
[INFO ][2015-12-07 21:21:22,132][com.java.SeleniumDriver] [  821] - Test case being Executed: 4
[INFO ][2015-12-07 21:21:22,132][com.java.SeleniumDriver] [  832] - Test step:34
[INFO ][2015-12-07 21:21:22,132][com.java.SeleniumDriver] [  844] - Datavalue is----------null
[DEBUG][2015-12-07 21:21:22,132][com.java.SeleniumDriver] [  862] - Exception: null
[INFO ][2015-12-07 21:21:22,132][com.java.SeleniumDriver] [  868] - DataField : BTNframeDialogContent
[INFO ][2015-12-07 21:21:22,132][com.java.SeleniumDriver] [  870] - DataValue : 
[INFO ][2015-12-07 21:21:22,132][com.java.SeleniumDriver] [  876] - <In Set values of the page>
[INFO ][2015-12-07 21:21:22,132][com.java.SeleniumDriver] [  879] - {Data Fields & Data Values Exist}
[INFO ][2015-12-07 21:21:22,133][com.java.SeleniumDriver] [  881] - --------------------------setting values-----------------------------
[INFO ][2015-12-07 21:21:22,133][com.java.SeleniumDriver] [  884] - Action Type : SELECTFRAME
[INFO ][2015-12-07 21:21:23,657][com.java.SeleniumDriver] [  893] -  RESULT true
[INFO ][2015-12-07 21:21:23,657][com.java.SeleniumDriver] [ 1099] - ?   P A S S   ?
[INFO ][2015-12-07 21:21:23,657][com.java.SeleniumDriver] [  820] - ------------------------------------------
[INFO ][2015-12-07 21:21:23,657][com.java.SeleniumDriver] [  821] - Test case being Executed: 4
[INFO ][2015-12-07 21:21:23,658][com.java.SeleniumDriver] [  832] - Test step:35
[INFO ][2015-12-07 21:21:23,658][com.java.SeleniumDriver] [  844] - Datavalue is----------10
[INFO ][2015-12-07 21:21:23,658][com.java.SeleniumDriver] [  868] - DataField : DSP//li[text()='Project History']
[INFO ][2015-12-07 21:21:23,658][com.java.SeleniumDriver] [  870] - DataValue : 10
[INFO ][2015-12-07 21:21:23,658][com.java.SeleniumDriver] [  876] - <In Set values of the page>
[INFO ][2015-12-07 21:21:23,658][com.java.SeleniumDriver] [  879] - {Data Fields & Data Values Exist}
[INFO ][2015-12-07 21:21:23,658][com.java.SeleniumDriver] [  881] - --------------------------setting values-----------------------------
[INFO ][2015-12-07 21:21:23,658][com.java.SeleniumDriver] [  884] - Action Type : WAITFORELEMENT
[INFO ][2015-12-07 21:21:23,769][com.java.SeleniumDriver] [  893] -  RESULT true
[INFO ][2015-12-07 21:21:23,769][com.java.SeleniumDriver] [ 1099] - ?   P A S S   ?
[INFO ][2015-12-07 21:21:23,769][com.java.SeleniumDriver] [  820] - ------------------------------------------
[INFO ][2015-12-07 21:21:23,769][com.java.SeleniumDriver] [  821] - Test case being Executed: 4
[INFO ][2015-12-07 21:21:23,769][com.java.SeleniumDriver] [  832] - Test step:36
[INFO ][2015-12-07 21:21:23,769][com.java.SeleniumDriver] [  844] - Datavalue is----------null
[DEBUG][2015-12-07 21:21:23,769][com.java.SeleniumDriver] [  862] - Exception: null
[INFO ][2015-12-07 21:21:23,769][com.java.SeleniumDriver] [  868] - DataField : XPH//li[text()='Project History']
[INFO ][2015-12-07 21:21:23,769][com.java.SeleniumDriver] [  870] - DataValue : 
[INFO ][2015-12-07 21:21:23,769][com.java.SeleniumDriver] [  876] - <In Set values of the page>
[INFO ][2015-12-07 21:21:23,769][com.java.SeleniumDriver] [  879] - {Data Fields & Data Values Exist}
[INFO ][2015-12-07 21:21:23,769][com.java.SeleniumDriver] [  881] - --------------------------setting values-----------------------------
[INFO ][2015-12-07 21:21:23,770][com.java.SeleniumDriver] [  884] - Action Type : CLICK
[INFO ][2015-12-07 21:21:23,770][com.java.TestType] [ 5759] - Field ::XPH//li[text()='Project History']
[INFO ][2015-12-07 21:21:24,770][com.java.TestType] [ 5853] - BEFORE CLICK
[INFO ][2015-12-07 21:21:25,684][com.java.TestType] [ 5861] - Unable to click the object ProjectHistory
[INFO ][2015-12-07 21:21:25,684][com.java.SeleniumDriver] [  893] -  RESULT true
[INFO ][2015-12-07 21:21:25,684][com.java.SeleniumDriver] [ 1099] - ?   P A S S   ?
[INFO ][2015-12-07 21:21:25,684][com.java.SeleniumDriver] [  820] - ------------------------------------------
[INFO ][2015-12-07 21:21:25,684][com.java.SeleniumDriver] [  821] - Test case being Executed: 4
[INFO ][2015-12-07 21:21:25,684][com.java.SeleniumDriver] [  832] - Test step:37
[INFO ][2015-12-07 21:21:25,684][com.java.SeleniumDriver] [  844] - Datavalue is----------//span[text()='Copy to Forecast']
[INFO ][2015-12-07 21:21:25,684][com.java.SeleniumDriver] [  868] - DataField : BTN
[INFO ][2015-12-07 21:21:25,684][com.java.SeleniumDriver] [  870] - DataValue : //span[text()='Copy to Forecast']
[INFO ][2015-12-07 21:21:25,684][com.java.SeleniumDriver] [  876] - <In Set values of the page>
[INFO ][2015-12-07 21:21:25,685][com.java.SeleniumDriver] [  879] - {Data Fields & Data Values Exist}
[INFO ][2015-12-07 21:21:25,685][com.java.SeleniumDriver] [  881] - --------------------------setting values-----------------------------
[INFO ][2015-12-07 21:21:25,685][com.java.SeleniumDriver] [  884] - Action Type : VERIFY
[INFO ][2015-12-07 21:21:25,686][com.java.TestType] [ 6659] - field= BTN value= //span[text()='Copy to Forecast']
[INFO ][2015-12-07 21:21:25,686][com.java.TestType] [ 5431] - value = //span[text()='Copy to Forecast']
[INFO ][2015-12-07 21:21:25,782][com.java.SeleniumDriver] [  893] -  RESULT true
[INFO ][2015-12-07 21:21:25,782][com.java.SeleniumDriver] [ 1099] - ?   P A S S   ?
[INFO ][2015-12-07 21:21:25,783][com.java.SeleniumDriver] [  820] - ------------------------------------------
[INFO ][2015-12-07 21:21:25,783][com.java.SeleniumDriver] [  821] - Test case being Executed: 4
[INFO ][2015-12-07 21:21:25,783][com.java.SeleniumDriver] [  832] - Test step:38
[INFO ][2015-12-07 21:21:25,783][com.java.SeleniumDriver] [  844] - Datavalue is----------null
[DEBUG][2015-12-07 21:21:25,783][com.java.SeleniumDriver] [  862] - Exception: null
[INFO ][2015-12-07 21:21:25,783][com.java.SeleniumDriver] [  868] - DataField : BTNparent
[INFO ][2015-12-07 21:21:25,783][com.java.SeleniumDriver] [  870] - DataValue : 
[INFO ][2015-12-07 21:21:25,783][com.java.SeleniumDriver] [  876] - <In Set values of the page>
[INFO ][2015-12-07 21:21:25,783][com.java.SeleniumDriver] [  879] - {Data Fields & Data Values Exist}
[INFO ][2015-12-07 21:21:25,783][com.java.SeleniumDriver] [  881] - --------------------------setting values-----------------------------
[INFO ][2015-12-07 21:21:25,783][com.java.SeleniumDriver] [  884] - Action Type : SELECTFRAME
[INFO ][2015-12-07 21:21:25,810][com.java.SeleniumDriver] [  893] -  RESULT true
[INFO ][2015-12-07 21:21:25,810][com.java.SeleniumDriver] [ 1099] - ?   P A S S   ?
[INFO ][2015-12-07 21:21:25,811][com.java.SeleniumDriver] [  820] - ------------------------------------------
[INFO ][2015-12-07 21:21:25,811][com.java.SeleniumDriver] [  821] - Test case being Executed: 4
[INFO ][2015-12-07 21:21:25,811][com.java.SeleniumDriver] [  832] - Test step:39
[INFO ][2015-12-07 21:21:25,811][com.java.SeleniumDriver] [  844] - Datavalue is----------Forecasting 
[INFO ][2015-12-07 21:21:25,811][com.java.SeleniumDriver] [  868] - DataField : TTL
[INFO ][2015-12-07 21:21:25,811][com.java.SeleniumDriver] [  870] - DataValue : Forecasting 
[INFO ][2015-12-07 21:21:25,811][com.java.SeleniumDriver] [  876] - <In Set values of the page>
[INFO ][2015-12-07 21:21:25,811][com.java.SeleniumDriver] [  879] - {Data Fields & Data Values Exist}
[INFO ][2015-12-07 21:21:25,811][com.java.SeleniumDriver] [  881] - --------------------------setting values-----------------------------
[INFO ][2015-12-07 21:21:25,811][com.java.SeleniumDriver] [  884] - Action Type : CLOSEWINDOW
[INFO ][2015-12-07 21:21:26,344][com.java.SeleniumDriver] [  893] -  RESULT true
[INFO ][2015-12-07 21:21:26,344][com.java.SeleniumDriver] [ 1099] - ?   P A S S   ?
[INFO ][2015-12-07 21:21:26,344][com.java.SeleniumDriver] [  820] - ------------------------------------------
[INFO ][2015-12-07 21:21:26,344][com.java.SeleniumDriver] [  821] - Test case being Executed: 4
[INFO ][2015-12-07 21:21:26,344][com.java.SeleniumDriver] [  832] - Test step:40
[INFO ][2015-12-07 21:21:26,344][com.java.SeleniumDriver] [  844] - Datavalue is----------Banker'sDashboard
[INFO ][2015-12-07 21:21:26,344][com.java.SeleniumDriver] [  868] - DataField : TTL
[INFO ][2015-12-07 21:21:26,344][com.java.SeleniumDriver] [  870] - DataValue : Banker'sDashboard
[INFO ][2015-12-07 21:21:26,344][com.java.SeleniumDriver] [  876] - <In Set values of the page>
[INFO ][2015-12-07 21:21:26,344][com.java.SeleniumDriver] [  879] - {Data Fields & Data Values Exist}
[INFO ][2015-12-07 21:21:26,345][com.java.SeleniumDriver] [  881] - --------------------------setting values-----------------------------
[INFO ][2015-12-07 21:21:26,345][com.java.SeleniumDriver] [  884] - Action Type : SelectWindow
[INFO ][2015-12-07 21:21:38,687][com.java.SeleniumDriver] [  893] -  RESULT true
[INFO ][2015-12-07 21:21:38,688][com.java.SeleniumDriver] [ 1099] - ?   P A S S   ?
[INFO ][2015-12-07 21:21:38,688][com.java.SeleniumDriver] [  820] - ------------------------------------------
[INFO ][2015-12-07 21:21:38,688][com.java.SeleniumDriver] [  821] - Test case being Executed: 4
[INFO ][2015-12-07 21:21:38,688][com.java.SeleniumDriver] [  832] - Test step:41
[INFO ][2015-12-07 21:21:38,688][com.java.SeleniumDriver] [  844] - Datavalue is----------1
[INFO ][2015-12-07 21:21:38,688][com.java.SeleniumDriver] [  868] - DataField : null
[INFO ][2015-12-07 21:21:38,688][com.java.SeleniumDriver] [  870] - DataValue : 1
[INFO ][2015-12-07 21:21:38,688][com.java.SeleniumDriver] [  876] - <In Set values of the page>
[INFO ][2015-12-07 21:21:38,688][com.java.SeleniumDriver] [  879] - {Data Fields & Data Values Exist}
[INFO ][2015-12-07 21:21:38,690][com.java.SeleniumDriver] [  881] - --------------------------setting values-----------------------------
[INFO ][2015-12-07 21:21:38,690][com.java.SeleniumDriver] [  884] - Action Type : WAITTIME
[DEBUG][2015-12-07 21:21:38,690][com.java.TestType] [ 5251] - sleepTime: 1000
[INFO ][2015-12-07 21:21:39,690][com.java.SeleniumDriver] [  893] -  RESULT true
[INFO ][2015-12-07 21:21:39,690][com.java.SeleniumDriver] [ 1099] - ?   P A S S   ?
[DEBUG][2015-12-07 21:21:39,690][com.java.SeleniumDriver] [ 1211] - Case found
[DEBUG][2015-12-07 21:21:39,690][com.java.SeleniumDriver] [ 1216] - Incrementing ReportCounters[0]:4
[INFO ][2015-12-07 21:21:39,690][com.java.SeleniumDriver] [ 1235] - The results are-------------------[4, 1, Copy to Forecast project, Pass, , Mon Dec 07 21:19:55 IST 2015, 4, 3, Copy to Forecast project, Pass, , Mon Dec 07 21:20:00 IST 2015, 4, 4, Copy to Forecast project, Pass, , Mon Dec 07 21:20:00 IST 2015, 4, 5, Copy to Forecast project, Pass, , Mon Dec 07 21:20:00 IST 2015, 4, 6, Copy to Forecast project, Pass, , Mon Dec 07 21:20:21 IST 2015, 4, 7, Copy to Forecast project, Pass, , Mon Dec 07 21:20:26 IST 2015, 4, 8, Copy to Forecast project, Pass, , Mon Dec 07 21:20:39 IST 2015, 4, 9, Copy to Forecast project, Pass, , Mon Dec 07 21:20:39 IST 2015, 4, 10, Copy to Forecast project, Pass, , Mon Dec 07 21:20:39 IST 2015, 4, 11, Copy to Forecast project, Pass, , Mon Dec 07 21:20:40 IST 2015, 4, 12, Copy to Forecast project, Pass, , Mon Dec 07 21:20:42 IST 2015, 4, 13, Copy to Forecast project, Pass, , Mon Dec 07 21:20:44 IST 2015, 4, 14, Copy to Forecast project, Pass, , Mon Dec 07 21:20:45 IST 2015, 4, 15, Copy to Forecast project, Pass, , Mon Dec 07 21:20:48 IST 2015, 4, 16, Copy to Forecast project, Pass, , Mon Dec 07 21:20:50 IST 2015, 4, 17, Copy to Forecast project, Pass, , Mon Dec 07 21:20:50 IST 2015, 4, 18, Copy to Forecast project, Pass, , Mon Dec 07 21:20:50 IST 2015, 4, 19, Copy to Forecast project, Pass, , Mon Dec 07 21:21:00 IST 2015, 4, 20, Copy to Forecast project, Pass, , Mon Dec 07 21:21:00 IST 2015, 4, 21, Copy to Forecast project, Pass, , Mon Dec 07 21:21:03 IST 2015, 4, 22, Copy to Forecast project, Pass, , Mon Dec 07 21:21:05 IST 2015, 4, 23, Copy to Forecast project, Pass, , Mon Dec 07 21:21:07 IST 2015, 4, 24, Copy to Forecast project, Pass, , Mon Dec 07 21:21:09 IST 2015, 4, 25, Copy to Forecast project, Pass, , Mon Dec 07 21:21:10 IST 2015, 4, 26, Copy to Forecast project, Pass, , Mon Dec 07 21:21:11 IST 2015, 4, 27, Copy to Forecast project, Pass, , Mon Dec 07 21:21:11 IST 2015, 4, 28, Copy to Forecast project, Pass, , Mon Dec 07 21:21:11 IST 2015, 4, 29, Copy to Forecast project, Pass, , Mon Dec 07 21:21:11 IST 2015, 4, 30, Copy to Forecast project, Pass, , Mon Dec 07 21:21:13 IST 2015, 4, 31, Copy to Forecast project, Pass, , Mon Dec 07 21:21:15 IST 2015, 4, 32, Copy to Forecast project, Pass, , Mon Dec 07 21:21:17 IST 2015, 4, 33, Copy to Forecast project, Pass, , Mon Dec 07 21:21:22 IST 2015, 4, 34, Copy to Forecast project, Pass, , Mon Dec 07 21:21:23 IST 2015, 4, 35, Copy to Forecast project, Pass, , Mon Dec 07 21:21:23 IST 2015, 4, 36, Copy to Forecast project, Pass, , Mon Dec 07 21:21:25 IST 2015, 4, 37, Copy to Forecast project, Pass, , Mon Dec 07 21:21:25 IST 2015, 4, 38, Copy to Forecast project, Pass, , Mon Dec 07 21:21:25 IST 2015, 4, 39, Copy to Forecast project, Pass, , Mon Dec 07 21:21:26 IST 2015, 4, 40, Copy to Forecast project, Pass, , Mon Dec 07 21:21:38 IST 2015, 4, 41, Copy to Forecast project, Pass, , Mon Dec 07 21:21:39 IST 2015]
[INFO ][2015-12-07 21:21:39,690][com.java.SeleniumDriver] [ 1239] - End time is-------7 min 16 sec
[INFO ][2015-12-07 21:21:39,690][com.java.SeleniumDriver] [ 1240] - The results are-------------------[4, 1, Copy to Forecast project, Pass, , Mon Dec 07 21:19:55 IST 2015, 4, 3, Copy to Forecast project, Pass, , Mon Dec 07 21:20:00 IST 2015, 4, 4, Copy to Forecast project, Pass, , Mon Dec 07 21:20:00 IST 2015, 4, 5, Copy to Forecast project, Pass, , Mon Dec 07 21:20:00 IST 2015, 4, 6, Copy to Forecast project, Pass, , Mon Dec 07 21:20:21 IST 2015, 4, 7, Copy to Forecast project, Pass, , Mon Dec 07 21:20:26 IST 2015, 4, 8, Copy to Forecast project, Pass, , Mon Dec 07 21:20:39 IST 2015, 4, 9, Copy to Forecast project, Pass, , Mon Dec 07 21:20:39 IST 2015, 4, 10, Copy to Forecast project, Pass, , Mon Dec 07 21:20:39 IST 2015, 4, 11, Copy to Forecast project, Pass, , Mon Dec 07 21:20:40 IST 2015, 4, 12, Copy to Forecast project, Pass, , Mon Dec 07 21:20:42 IST 2015, 4, 13, Copy to Forecast project, Pass, , Mon Dec 07 21:20:44 IST 2015, 4, 14, Copy to Forecast project, Pass, , Mon Dec 07 21:20:45 IST 2015, 4, 15, Copy to Forecast project, Pass, , Mon Dec 07 21:20:48 IST 2015, 4, 16, Copy to Forecast project, Pass, , Mon Dec 07 21:20:50 IST 2015, 4, 17, Copy to Forecast project, Pass, , Mon Dec 07 21:20:50 IST 2015, 4, 18, Copy to Forecast project, Pass, , Mon Dec 07 21:20:50 IST 2015, 4, 19, Copy to Forecast project, Pass, , Mon Dec 07 21:21:00 IST 2015, 4, 20, Copy to Forecast project, Pass, , Mon Dec 07 21:21:00 IST 2015, 4, 21, Copy to Forecast project, Pass, , Mon Dec 07 21:21:03 IST 2015, 4, 22, Copy to Forecast project, Pass, , Mon Dec 07 21:21:05 IST 2015, 4, 23, Copy to Forecast project, Pass, , Mon Dec 07 21:21:07 IST 2015, 4, 24, Copy to Forecast project, Pass, , Mon Dec 07 21:21:09 IST 2015, 4, 25, Copy to Forecast project, Pass, , Mon Dec 07 21:21:10 IST 2015, 4, 26, Copy to Forecast project, Pass, , Mon Dec 07 21:21:11 IST 2015, 4, 27, Copy to Forecast project, Pass, , Mon Dec 07 21:21:11 IST 2015, 4, 28, Copy to Forecast project, Pass, , Mon Dec 07 21:21:11 IST 2015, 4, 29, Copy to Forecast project, Pass, , Mon Dec 07 21:21:11 IST 2015, 4, 30, Copy to Forecast project, Pass, , Mon Dec 07 21:21:13 IST 2015, 4, 31, Copy to Forecast project, Pass, , Mon Dec 07 21:21:15 IST 2015, 4, 32, Copy to Forecast project, Pass, , Mon Dec 07 21:21:17 IST 2015, 4, 33, Copy to Forecast project, Pass, , Mon Dec 07 21:21:22 IST 2015, 4, 34, Copy to Forecast project, Pass, , Mon Dec 07 21:21:23 IST 2015, 4, 35, Copy to Forecast project, Pass, , Mon Dec 07 21:21:23 IST 2015, 4, 36, Copy to Forecast project, Pass, , Mon Dec 07 21:21:25 IST 2015, 4, 37, Copy to Forecast project, Pass, , Mon Dec 07 21:21:25 IST 2015, 4, 38, Copy to Forecast project, Pass, , Mon Dec 07 21:21:25 IST 2015, 4, 39, Copy to Forecast project, Pass, , Mon Dec 07 21:21:26 IST 2015, 4, 40, Copy to Forecast project, Pass, , Mon Dec 07 21:21:38 IST 2015, 4, 41, Copy to Forecast project, Pass, , Mon Dec 07 21:21:39 IST 2015]
[DEBUG][2015-12-07 21:21:39,690][com.java.ImportnExport.ExportTestResultsExcel] [  222] - testResultPath = D:\BankersDashboard/TestReports/Test Results_BankersDashBoard_120715_211433_IE9_Simmons First National Bank.xls
[DEBUG][2015-12-07 21:21:39,690][com.java.ImportnExport.ExportTestResultsExcel] [  223] - browser is------------IE9
[DEBUG][2015-12-07 21:21:39,693][com.java.ImportnExport.ExportTestResultsExcel] [  270] - result.size() = 240
[DEBUG][2015-12-07 21:21:39,693][com.java.ImportnExport.ExportTestResultsExcel] [  274] - No of rows in sheet=4
[DEBUG][2015-12-07 21:21:39,693][com.java.ImportnExport.ExportTestResultsExcel] [  301] - ..in export..4
[DEBUG][2015-12-07 21:21:39,693][com.java.ImportnExport.ExportTestResultsExcel] [  301] - ..in export..Copy to Forecast project
[DEBUG][2015-12-07 21:21:39,693][com.java.ImportnExport.ExportTestResultsExcel] [  301] - ..in export..Pass
[DEBUG][2015-12-07 21:21:39,693][com.java.ImportnExport.ExportTestResultsExcel] [  301] - ..in export..
[DEBUG][2015-12-07 21:21:39,693][com.java.ImportnExport.ExportTestResultsExcel] [  301] - ..in export..Mon Dec 07 21:19:55 IST 2015
[INFO ][2015-12-07 21:21:39,695][com.java.SeleniumDriver] [ 1298] - out loop:3 size:12 TestCases:[1, 2, 3, 4, 5, 6, 7, 8, 9, 10, 11, 12] testcases:[1, 2, 3, 4, 5, 6, 7, 8, 9, 10, 11, 12]
[INFO ][2015-12-07 21:21:39,695][com.java.ImportnExport.ImportTestDataDetailsExcel] [   49] - test data details path===== D:\BankersDashboard\TestInputs\TestData.xls
