[INFO ][2015-12-04 16:59:16,539][com.java.SeleniumDriver] [  213] - Execute Failed Casesfalse
[INFO ][2015-12-04 16:59:16,539][com.java.SeleniumDriver] [  214] - Browser: IE10
[INFO ][2015-12-04 16:59:16,539][com.java.SeleniumDriver] [  215] - [1, 7]
[INFO ][2015-12-04 16:59:16,539][com.java.SeleniumDriver] [  216] - Total TestCases:2
[INFO ][2015-12-04 16:59:16,539][com.java.SeleniumDriver] [  217] -  Reading Properties from Property File 
[DEBUG][2015-12-04 16:59:16,549][com.java.SeleniumDriver] [  238] - url : https://clients-xuat.bankersdashboard.com
[INFO ][2015-12-04 16:59:16,549][com.java.ImportnExport.ExportTestResultsExcel] [  116] - Time Stamp Fri Dec 04 04:59:16 IST 2015
[INFO ][2015-12-04 16:59:16,549][com.java.ImportnExport.ExportTestResultsExcel] [  175] - OUT FILE : D:\BankersDashboard/TestReports/Test Results_BankersDashBoard_120415_165916_IE10_Any Bank USA.xls
[INFO ][2015-12-04 16:59:16,569][com.java.ImportnExport.ExportTestResultsExcel] [  180] - Test Result file is created
[DEBUG][2015-12-04 16:59:16,660][com.java.SeleniumDriver] [  426] - Hub ip address is-------172.17.68.34
[INFO ][2015-12-04 16:59:16,660][com.java.SeleniumDriver] [  452] - Grid URL:http://172.17.68.34:4444/wd/hub
[INFO ][2015-12-04 16:59:16,660][com.java.SeleniumDriver] [  453] - Capability:Capabilities [{platform=ANY, ensureCleanSession=true, ignoreProtectedModeSettings=true, acceptSslCerts=true, ignoreZoomSetting=true, browserName=internet explorer, browserstack.ie.noFlash=true, version=null}]
[ERROR][2015-12-04 16:59:17,960][com.java.SeleniumDriver] [  497] - Unable invoke browser in grid:Could not start a new session. Possible causes are invalid address of the remote server or browser start-up failure.
Build info: version: '2.48.2', revision: '41bccdd', time: '2015-10-09 19:59:12'
System info: host: 'FVTIII438F1D', ip: '172.17.68.34', os.name: 'Windows 7', os.arch: 'x86', os.version: '6.1', java.version: '1.7.0_55'
Driver info: driver.version: SeleniumDriver
[INFO ][2015-12-04 16:59:17,960][com.java.SeleniumDriver] [  499] - Executing on local machine
[INFO ][2015-12-04 16:59:27,742][com.java.SeleniumDriver] [  248] - IE10is opened
[INFO ][2015-12-04 16:59:29,009][com.java.SeleniumDriver] [  754] - Test cases to be executed are: [1, 7]
[INFO ][2015-12-04 16:59:29,019][com.java.ImportnExport.ImportTestDataDetailsExcel] [   49] - test data details path===== D:\BankersDashboard\TestInputs\TestData.xls
[INFO ][2015-12-04 16:59:29,070][com.java.SeleniumDriver] [  804] - ------------------------------------------
[INFO ][2015-12-04 16:59:29,070][com.java.SeleniumDriver] [  805] - Test case being Executed: 1
[INFO ][2015-12-04 16:59:29,070][com.java.SeleniumDriver] [  816] - Test step:1
[INFO ][2015-12-04 16:59:29,070][com.java.SeleniumDriver] [  828] - Datavalue is----------Concept#1:1-14
[INFO ][2015-12-04 16:59:29,070][com.java.SeleniumDriver] [  852] - DataField : test
[INFO ][2015-12-04 16:59:29,070][com.java.SeleniumDriver] [  854] - DataValue : Concept#1:1-14
[INFO ][2015-12-04 16:59:29,070][com.java.SeleniumDriver] [  860] - <In Set values of the page>
[INFO ][2015-12-04 16:59:29,070][com.java.SeleniumDriver] [  863] - {Data Fields & Data Values Exist}
[INFO ][2015-12-04 16:59:29,070][com.java.SeleniumDriver] [  865] - --------------------------setting values-----------------------------
[INFO ][2015-12-04 16:59:29,070][com.java.SeleniumDriver] [  868] - Action Type : ExecuteTestCase
[INFO ][2015-12-04 16:59:29,090][com.java.TestType] [  436] - The Concept sheet name is ---------- Concept
[INFO ][2015-12-04 16:59:29,090][com.java.TestType] [  439] - The Concept ID  is ---------- 1
[DEBUG][2015-12-04 16:59:29,090][com.java.TestType] [  443] - Steps being executted in the Concept are: 1:14
[INFO ][2015-12-04 16:59:29,090][com.java.TestType] [  450] - Test data details path ---------- D:\BankersDashboard\TestInputs\TestData.xls
[INFO ][2015-12-04 16:59:29,110][com.java.TestType] [  481] -  str(1) = 1
[INFO ][2015-12-04 16:59:29,110][com.java.TestType] [  484] - Test case Id is---1
[INFO ][2015-12-04 16:59:29,110][com.java.TestType] [  486] - 1
[INFO ][2015-12-04 16:59:29,110][com.java.TestType] [  481] -  str(2) = 1
[INFO ][2015-12-04 16:59:29,110][com.java.TestType] [  533] - row values are--------{1=com.java.Objects.TestDataDetails@1119f9e}
[INFO ][2015-12-04 16:59:29,110][com.java.TestType] [  481] -  str(1) = 1
[INFO ][2015-12-04 16:59:29,110][com.java.TestType] [  484] - Test case Id is---1
[INFO ][2015-12-04 16:59:29,110][com.java.TestType] [  486] - 1
[INFO ][2015-12-04 16:59:29,110][com.java.TestType] [  481] -  str(2) = 2
[INFO ][2015-12-04 16:59:29,110][com.java.TestType] [  533] - row values are--------{1=com.java.Objects.TestDataDetails@1119f9e, 2=com.java.Objects.TestDataDetails@57b188}
[INFO ][2015-12-04 16:59:29,110][com.java.TestType] [  481] -  str(1) = 1
[INFO ][2015-12-04 16:59:29,110][com.java.TestType] [  484] - Test case Id is---1
[INFO ][2015-12-04 16:59:29,110][com.java.TestType] [  486] - 1
[INFO ][2015-12-04 16:59:29,110][com.java.TestType] [  481] -  str(2) = 3
[INFO ][2015-12-04 16:59:29,110][com.java.TestType] [  533] - row values are--------{1=com.java.Objects.TestDataDetails@1119f9e, 2=com.java.Objects.TestDataDetails@57b188, 3=com.java.Objects.TestDataDetails@b790d8}
[INFO ][2015-12-04 16:59:29,110][com.java.TestType] [  481] -  str(1) = 1
[INFO ][2015-12-04 16:59:29,110][com.java.TestType] [  484] - Test case Id is---1
[INFO ][2015-12-04 16:59:29,110][com.java.TestType] [  486] - 1
[INFO ][2015-12-04 16:59:29,110][com.java.TestType] [  481] -  str(2) = 4
[INFO ][2015-12-04 16:59:29,110][com.java.TestType] [  533] - row values are--------{1=com.java.Objects.TestDataDetails@1119f9e, 2=com.java.Objects.TestDataDetails@57b188, 3=com.java.Objects.TestDataDetails@b790d8, 4=com.java.Objects.TestDataDetails@2d40bf}
[INFO ][2015-12-04 16:59:29,110][com.java.TestType] [  481] -  str(1) = 1
[INFO ][2015-12-04 16:59:29,110][com.java.TestType] [  484] - Test case Id is---1
[INFO ][2015-12-04 16:59:29,110][com.java.TestType] [  486] - 1
[INFO ][2015-12-04 16:59:29,110][com.java.TestType] [  481] -  str(2) = 5
[INFO ][2015-12-04 16:59:29,120][com.java.TestType] [  533] - row values are--------{1=com.java.Objects.TestDataDetails@1119f9e, 2=com.java.Objects.TestDataDetails@57b188, 3=com.java.Objects.TestDataDetails@b790d8, 4=com.java.Objects.TestDataDetails@2d40bf, 5=com.java.Objects.TestDataDetails@abee72}
[INFO ][2015-12-04 16:59:29,120][com.java.TestType] [  481] -  str(1) = 1
[INFO ][2015-12-04 16:59:29,120][com.java.TestType] [  484] - Test case Id is---1
[INFO ][2015-12-04 16:59:29,120][com.java.TestType] [  486] - 1
[INFO ][2015-12-04 16:59:29,120][com.java.TestType] [  481] -  str(2) = 6
[INFO ][2015-12-04 16:59:29,120][com.java.TestType] [  533] - row values are--------{1=com.java.Objects.TestDataDetails@1119f9e, 2=com.java.Objects.TestDataDetails@57b188, 3=com.java.Objects.TestDataDetails@b790d8, 4=com.java.Objects.TestDataDetails@2d40bf, 5=com.java.Objects.TestDataDetails@abee72, 6=com.java.Objects.TestDataDetails@157a65f}
[INFO ][2015-12-04 16:59:29,120][com.java.TestType] [  481] -  str(1) = 1
[INFO ][2015-12-04 16:59:29,120][com.java.TestType] [  484] - Test case Id is---1
[INFO ][2015-12-04 16:59:29,120][com.java.TestType] [  486] - 1
[INFO ][2015-12-04 16:59:29,120][com.java.TestType] [  481] -  str(2) = 7
[INFO ][2015-12-04 16:59:29,120][com.java.TestType] [  533] - row values are--------{1=com.java.Objects.TestDataDetails@1119f9e, 2=com.java.Objects.TestDataDetails@57b188, 3=com.java.Objects.TestDataDetails@b790d8, 4=com.java.Objects.TestDataDetails@2d40bf, 5=com.java.Objects.TestDataDetails@abee72, 6=com.java.Objects.TestDataDetails@157a65f, 7=com.java.Objects.TestDataDetails@f28c1f}
[INFO ][2015-12-04 16:59:29,120][com.java.TestType] [  481] -  str(1) = 1
[INFO ][2015-12-04 16:59:29,120][com.java.TestType] [  484] - Test case Id is---1
[INFO ][2015-12-04 16:59:29,120][com.java.TestType] [  486] - 1
[INFO ][2015-12-04 16:59:29,120][com.java.TestType] [  481] -  str(2) = 8
[INFO ][2015-12-04 16:59:29,120][com.java.TestType] [  533] - row values are--------{1=com.java.Objects.TestDataDetails@1119f9e, 2=com.java.Objects.TestDataDetails@57b188, 3=com.java.Objects.TestDataDetails@b790d8, 4=com.java.Objects.TestDataDetails@2d40bf, 5=com.java.Objects.TestDataDetails@abee72, 6=com.java.Objects.TestDataDetails@157a65f, 7=com.java.Objects.TestDataDetails@f28c1f, 8=com.java.Objects.TestDataDetails@23796f}
[INFO ][2015-12-04 16:59:29,120][com.java.TestType] [  481] -  str(1) = 1
[INFO ][2015-12-04 16:59:29,120][com.java.TestType] [  484] - Test case Id is---1
[INFO ][2015-12-04 16:59:29,120][com.java.TestType] [  486] - 1
[INFO ][2015-12-04 16:59:29,120][com.java.TestType] [  481] -  str(2) = 9
[INFO ][2015-12-04 16:59:29,120][com.java.TestType] [  533] - row values are--------{1=com.java.Objects.TestDataDetails@1119f9e, 2=com.java.Objects.TestDataDetails@57b188, 3=com.java.Objects.TestDataDetails@b790d8, 4=com.java.Objects.TestDataDetails@2d40bf, 5=com.java.Objects.TestDataDetails@abee72, 6=com.java.Objects.TestDataDetails@157a65f, 7=com.java.Objects.TestDataDetails@f28c1f, 8=com.java.Objects.TestDataDetails@23796f, 9=com.java.Objects.TestDataDetails@834d8d}
[INFO ][2015-12-04 16:59:29,120][com.java.TestType] [  481] -  str(1) = 1
[INFO ][2015-12-04 16:59:29,120][com.java.TestType] [  484] - Test case Id is---1
[INFO ][2015-12-04 16:59:29,120][com.java.TestType] [  486] - 1
[INFO ][2015-12-04 16:59:29,120][com.java.TestType] [  481] -  str(2) = 10
[INFO ][2015-12-04 16:59:29,120][com.java.TestType] [  533] - row values are--------{1=com.java.Objects.TestDataDetails@1119f9e, 2=com.java.Objects.TestDataDetails@57b188, 3=com.java.Objects.TestDataDetails@b790d8, 4=com.java.Objects.TestDataDetails@2d40bf, 5=com.java.Objects.TestDataDetails@abee72, 6=com.java.Objects.TestDataDetails@157a65f, 7=com.java.Objects.TestDataDetails@f28c1f, 8=com.java.Objects.TestDataDetails@23796f, 9=com.java.Objects.TestDataDetails@834d8d, 10=com.java.Objects.TestDataDetails@da95c1}
[INFO ][2015-12-04 16:59:29,120][com.java.TestType] [  481] -  str(1) = 1
[INFO ][2015-12-04 16:59:29,120][com.java.TestType] [  484] - Test case Id is---1
[INFO ][2015-12-04 16:59:29,120][com.java.TestType] [  486] - 1
[INFO ][2015-12-04 16:59:29,120][com.java.TestType] [  481] -  str(2) = 11
[INFO ][2015-12-04 16:59:29,120][com.java.TestType] [  533] - row values are--------{1=com.java.Objects.TestDataDetails@1119f9e, 2=com.java.Objects.TestDataDetails@57b188, 3=com.java.Objects.TestDataDetails@b790d8, 4=com.java.Objects.TestDataDetails@2d40bf, 5=com.java.Objects.TestDataDetails@abee72, 6=com.java.Objects.TestDataDetails@157a65f, 7=com.java.Objects.TestDataDetails@f28c1f, 8=com.java.Objects.TestDataDetails@23796f, 9=com.java.Objects.TestDataDetails@834d8d, 10=com.java.Objects.TestDataDetails@da95c1, 11=com.java.Objects.TestDataDetails@1c3599d}
[INFO ][2015-12-04 16:59:29,130][com.java.TestType] [  481] -  str(1) = 1
[INFO ][2015-12-04 16:59:29,130][com.java.TestType] [  484] - Test case Id is---1
[INFO ][2015-12-04 16:59:29,130][com.java.TestType] [  486] - 1
[INFO ][2015-12-04 16:59:29,130][com.java.TestType] [  481] -  str(2) = 12
[INFO ][2015-12-04 16:59:29,130][com.java.TestType] [  533] - row values are--------{1=com.java.Objects.TestDataDetails@1119f9e, 2=com.java.Objects.TestDataDetails@57b188, 3=com.java.Objects.TestDataDetails@b790d8, 4=com.java.Objects.TestDataDetails@2d40bf, 5=com.java.Objects.TestDataDetails@abee72, 6=com.java.Objects.TestDataDetails@157a65f, 7=com.java.Objects.TestDataDetails@f28c1f, 8=com.java.Objects.TestDataDetails@23796f, 9=com.java.Objects.TestDataDetails@834d8d, 10=com.java.Objects.TestDataDetails@da95c1, 11=com.java.Objects.TestDataDetails@1c3599d, 12=com.java.Objects.TestDataDetails@121304c}
[INFO ][2015-12-04 16:59:29,130][com.java.TestType] [  481] -  str(1) = 1
[INFO ][2015-12-04 16:59:29,130][com.java.TestType] [  484] - Test case Id is---1
[INFO ][2015-12-04 16:59:29,130][com.java.TestType] [  486] - 1
[INFO ][2015-12-04 16:59:29,130][com.java.TestType] [  481] -  str(2) = 13
[INFO ][2015-12-04 16:59:29,130][com.java.TestType] [  533] - row values are--------{1=com.java.Objects.TestDataDetails@1119f9e, 2=com.java.Objects.TestDataDetails@57b188, 3=com.java.Objects.TestDataDetails@b790d8, 4=com.java.Objects.TestDataDetails@2d40bf, 5=com.java.Objects.TestDataDetails@abee72, 6=com.java.Objects.TestDataDetails@157a65f, 7=com.java.Objects.TestDataDetails@f28c1f, 8=com.java.Objects.TestDataDetails@23796f, 9=com.java.Objects.TestDataDetails@834d8d, 10=com.java.Objects.TestDataDetails@da95c1, 11=com.java.Objects.TestDataDetails@1c3599d, 12=com.java.Objects.TestDataDetails@121304c, 13=com.java.Objects.TestDataDetails@1d7e9cb}
[INFO ][2015-12-04 16:59:29,130][com.java.TestType] [  481] -  str(1) = 1
[INFO ][2015-12-04 16:59:29,130][com.java.TestType] [  484] - Test case Id is---1
[INFO ][2015-12-04 16:59:29,130][com.java.TestType] [  486] - 1
[INFO ][2015-12-04 16:59:29,130][com.java.TestType] [  481] -  str(2) = 14
[INFO ][2015-12-04 16:59:29,130][com.java.TestType] [  533] - row values are--------{1=com.java.Objects.TestDataDetails@1119f9e, 2=com.java.Objects.TestDataDetails@57b188, 3=com.java.Objects.TestDataDetails@b790d8, 4=com.java.Objects.TestDataDetails@2d40bf, 5=com.java.Objects.TestDataDetails@abee72, 6=com.java.Objects.TestDataDetails@157a65f, 7=com.java.Objects.TestDataDetails@f28c1f, 8=com.java.Objects.TestDataDetails@23796f, 9=com.java.Objects.TestDataDetails@834d8d, 10=com.java.Objects.TestDataDetails@da95c1, 11=com.java.Objects.TestDataDetails@1c3599d, 12=com.java.Objects.TestDataDetails@121304c, 13=com.java.Objects.TestDataDetails@1d7e9cb, 14=com.java.Objects.TestDataDetails@183e1ad}
[INFO ][2015-12-04 16:59:29,130][com.java.TestType] [ 9916] - Looping 1TCID = 1
[DEBUG][2015-12-04 16:59:29,130][com.java.TestType] [ 9957] - Concept ID:1 :: Step being Executed: 1::1
[INFO ][2015-12-04 16:59:29,130][com.java.TestType] [ 9995] - dataFields : TXTusername
[DEBUG][2015-12-04 16:59:29,130][com.java.TestType] [10001] - <In Set values of the page>
[DEBUG][2015-12-04 16:59:29,130][com.java.TestType] [10006] - {Data Fields & Data Values Exist}
[INFO ][2015-12-04 16:59:29,130][com.java.TestType] [10012] - --------------------------setting values-----------------------------
[INFO ][2015-12-04 16:59:29,130][com.java.TestType] [10015] - Action Type : CLEARANDENTER
[INFO ][2015-12-04 16:59:29,130][com.java.TestType] [ 5417] - value = naresh.nayini.00000
[INFO ][2015-12-04 16:59:33,925][com.java.TestType] [10034] -  RESULT true
[INFO ][2015-12-04 16:59:33,925][com.java.TestType] [10151] - ?   P A S S   ?
[DEBUG][2015-12-04 16:59:33,925][com.java.TestType] [ 9957] - Concept ID:1 :: Step being Executed: 1::2
[INFO ][2015-12-04 16:59:33,925][com.java.TestType] [ 9995] - dataFields : TXTpassword
[DEBUG][2015-12-04 16:59:33,925][com.java.TestType] [10001] - <In Set values of the page>
[DEBUG][2015-12-04 16:59:33,925][com.java.TestType] [10006] - {Data Fields & Data Values Exist}
[INFO ][2015-12-04 16:59:33,925][com.java.TestType] [10012] - --------------------------setting values-----------------------------
[INFO ][2015-12-04 16:59:33,925][com.java.TestType] [10015] - Action Type : CLEARANDENTER
[INFO ][2015-12-04 16:59:33,925][com.java.TestType] [ 5417] - value = Password1*
[INFO ][2015-12-04 16:59:38,828][com.java.TestType] [10034] -  RESULT true
[INFO ][2015-12-04 16:59:38,828][com.java.TestType] [10151] - ?   P A S S   ?
[DEBUG][2015-12-04 16:59:38,828][com.java.TestType] [ 9957] - Concept ID:1 :: Step being Executed: 1::3
[ERROR][2015-12-04 16:59:38,828][com.java.TestType] [ 9990] - Exception: null
[INFO ][2015-12-04 16:59:38,828][com.java.TestType] [ 9995] - dataFields : XPH//button[@type='submit']
[DEBUG][2015-12-04 16:59:38,828][com.java.TestType] [10001] - <In Set values of the page>
[DEBUG][2015-12-04 16:59:38,828][com.java.TestType] [10006] - {Data Fields & Data Values Exist}
[INFO ][2015-12-04 16:59:38,828][com.java.TestType] [10012] - --------------------------setting values-----------------------------
[INFO ][2015-12-04 16:59:38,828][com.java.TestType] [10015] - Action Type : Click
[INFO ][2015-12-04 16:59:38,828][com.java.TestType] [ 5745] - Field ::XPH//button[@type='submit']
[INFO ][2015-12-04 16:59:39,828][com.java.TestType] [ 5832] - BEFORE CLICK
[INFO ][2015-12-04 16:59:40,693][com.java.TestType] [ 5840] - Unable to click the object Login
[INFO ][2015-12-04 16:59:40,693][com.java.TestType] [10034] -  RESULT true
[INFO ][2015-12-04 16:59:40,693][com.java.TestType] [10151] - ?   P A S S   ?
[DEBUG][2015-12-04 16:59:40,693][com.java.TestType] [ 9957] - Concept ID:1 :: Step being Executed: 1::4
[INFO ][2015-12-04 16:59:40,693][com.java.TestType] [ 9995] - dataFields : LNKLogout
[DEBUG][2015-12-04 16:59:40,693][com.java.TestType] [10001] - <In Set values of the page>
[DEBUG][2015-12-04 16:59:40,693][com.java.TestType] [10006] - {Data Fields & Data Values Exist}
[INFO ][2015-12-04 16:59:40,693][com.java.TestType] [10012] - --------------------------setting values-----------------------------
[INFO ][2015-12-04 16:59:40,693][com.java.TestType] [10015] - Action Type : WaitForElement
[INFO ][2015-12-04 16:59:44,033][com.java.TestType] [10034] -  RESULT true
[INFO ][2015-12-04 16:59:44,033][com.java.TestType] [10151] - ?   P A S S   ?
[DEBUG][2015-12-04 16:59:44,033][com.java.TestType] [ 9957] - Concept ID:1 :: Step being Executed: 1::13
[INFO ][2015-12-04 16:59:44,033][com.java.TestType] [ 9995] - dataFields : LNK
[DEBUG][2015-12-04 16:59:44,033][com.java.TestType] [10001] - <In Set values of the page>
[DEBUG][2015-12-04 16:59:44,033][com.java.TestType] [10006] - {Data Fields & Data Values Exist}
[INFO ][2015-12-04 16:59:44,033][com.java.TestType] [10012] - --------------------------setting values-----------------------------
[INFO ][2015-12-04 16:59:44,033][com.java.TestType] [10015] - Action Type : Verify
[INFO ][2015-12-04 16:59:44,033][com.java.TestType] [ 6608] - field= LNK value= Logout
[INFO ][2015-12-04 16:59:44,033][com.java.TestType] [ 5417] - value = Logout
[INFO ][2015-12-04 16:59:44,064][com.java.TestType] [10034] -  RESULT true
[INFO ][2015-12-04 16:59:44,064][com.java.TestType] [10151] - ?   P A S S   ?
[DEBUG][2015-12-04 16:59:44,064][com.java.TestType] [ 9957] - Concept ID:1 :: Step being Executed: 1::14
[INFO ][2015-12-04 16:59:44,064][com.java.TestType] [ 9995] - dataFields : BTN
[DEBUG][2015-12-04 16:59:44,064][com.java.TestType] [10001] - <In Set values of the page>
[DEBUG][2015-12-04 16:59:44,064][com.java.TestType] [10006] - {Data Fields & Data Values Exist}
[INFO ][2015-12-04 16:59:44,064][com.java.TestType] [10012] - --------------------------setting values-----------------------------
[INFO ][2015-12-04 16:59:44,064][com.java.TestType] [10015] - Action Type : Verify
[INFO ][2015-12-04 16:59:44,064][com.java.TestType] [ 6608] - field= BTN value= //img[contains(@src,'bdlogo.jpg')]
[INFO ][2015-12-04 16:59:44,064][com.java.TestType] [ 5417] - value = //img[contains(@src,'bdlogo.jpg')]
[INFO ][2015-12-04 16:59:44,134][com.java.TestType] [10034] -  RESULT true
[INFO ][2015-12-04 16:59:44,134][com.java.TestType] [10151] - ?   P A S S   ?
[INFO ][2015-12-04 16:59:44,134][com.java.TestType] [10222] - Looping End......
[INFO ][2015-12-04 16:59:44,134][com.java.SeleniumDriver] [  877] -  RESULT true
[INFO ][2015-12-04 16:59:44,134][com.java.SeleniumDriver] [ 1083] - ?   P A S S   ?
[INFO ][2015-12-04 16:59:44,134][com.java.SeleniumDriver] [  804] - ------------------------------------------
[INFO ][2015-12-04 16:59:44,134][com.java.SeleniumDriver] [  805] - Test case being Executed: 1
[INFO ][2015-12-04 16:59:44,134][com.java.SeleniumDriver] [  816] - Test step:2
[INFO ][2015-12-04 16:59:44,134][com.java.SeleniumDriver] [  828] - Datavalue is----------Concept#2:1-2
[INFO ][2015-12-04 16:59:44,134][com.java.SeleniumDriver] [  852] - DataField : test
[INFO ][2015-12-04 16:59:44,134][com.java.SeleniumDriver] [  854] - DataValue : Concept#2:1-2
[INFO ][2015-12-04 16:59:44,134][com.java.SeleniumDriver] [  860] - <In Set values of the page>
[INFO ][2015-12-04 16:59:44,134][com.java.SeleniumDriver] [  863] - {Data Fields & Data Values Exist}
[INFO ][2015-12-04 16:59:44,134][com.java.SeleniumDriver] [  865] - --------------------------setting values-----------------------------
[INFO ][2015-12-04 16:59:44,134][com.java.SeleniumDriver] [  868] - Action Type : ExecuteTestCase
[INFO ][2015-12-04 16:59:44,134][com.java.TestType] [  436] - The Concept sheet name is ---------- Concept
[INFO ][2015-12-04 16:59:44,134][com.java.TestType] [  439] - The Concept ID  is ---------- 2
[DEBUG][2015-12-04 16:59:44,134][com.java.TestType] [  443] - Steps being executted in the Concept are: 1:2
[INFO ][2015-12-04 16:59:44,134][com.java.TestType] [  450] - Test data details path ---------- D:\BankersDashboard\TestInputs\TestData.xls
[INFO ][2015-12-04 16:59:44,154][com.java.TestType] [  481] -  str(1) = 2
[INFO ][2015-12-04 16:59:44,154][com.java.TestType] [  484] - Test case Id is---2
[INFO ][2015-12-04 16:59:44,154][com.java.TestType] [  486] - 2
[INFO ][2015-12-04 16:59:44,154][com.java.TestType] [  481] -  str(2) = 1
[INFO ][2015-12-04 16:59:44,154][com.java.TestType] [  533] - row values are--------{1=com.java.Objects.TestDataDetails@1938886}
[INFO ][2015-12-04 16:59:44,154][com.java.TestType] [  481] -  str(1) = 2
[INFO ][2015-12-04 16:59:44,154][com.java.TestType] [  484] - Test case Id is---2
[INFO ][2015-12-04 16:59:44,154][com.java.TestType] [  486] - 2
[INFO ][2015-12-04 16:59:44,154][com.java.TestType] [  481] -  str(2) = 2
[INFO ][2015-12-04 16:59:44,154][com.java.TestType] [  533] - row values are--------{1=com.java.Objects.TestDataDetails@1938886, 2=com.java.Objects.TestDataDetails@192bb70}
[INFO ][2015-12-04 16:59:44,154][com.java.TestType] [  481] -  str(1) = 2
[INFO ][2015-12-04 16:59:44,154][com.java.TestType] [  484] - Test case Id is---2
[INFO ][2015-12-04 16:59:44,154][com.java.TestType] [  486] - 2
[INFO ][2015-12-04 16:59:44,154][com.java.TestType] [  481] -  str(2) = 3
[INFO ][2015-12-04 16:59:44,154][com.java.TestType] [  533] - row values are--------{1=com.java.Objects.TestDataDetails@1938886, 2=com.java.Objects.TestDataDetails@192bb70, 3=com.java.Objects.TestDataDetails@14a74b1}
[INFO ][2015-12-04 16:59:44,154][com.java.TestType] [ 9916] - Looping 1TCID = 2
[DEBUG][2015-12-04 16:59:44,154][com.java.TestType] [ 9957] - Concept ID:2 :: Step being Executed: 2::1
[INFO ][2015-12-04 16:59:44,154][com.java.TestType] [ 9995] - dataFields : BNK//select[@id='bank']
[DEBUG][2015-12-04 16:59:44,154][com.java.TestType] [10001] - <In Set values of the page>
[DEBUG][2015-12-04 16:59:44,154][com.java.TestType] [10006] - {Data Fields & Data Values Exist}
[INFO ][2015-12-04 16:59:44,154][com.java.TestType] [10012] - --------------------------setting values-----------------------------
[INFO ][2015-12-04 16:59:44,154][com.java.TestType] [10015] - Action Type : Select
[INFO ][2015-12-04 16:59:44,154][com.java.TestType] [ 5417] - value = PFC
[INFO ][2015-12-04 16:59:44,344][com.java.TestType] [10034] -  RESULT true
[INFO ][2015-12-04 16:59:44,344][com.java.TestType] [10151] - ?   P A S S   ?
[DEBUG][2015-12-04 16:59:44,344][com.java.TestType] [ 9957] - Concept ID:2 :: Step being Executed: 2::2
[INFO ][2015-12-04 16:59:44,344][com.java.TestType] [ 9995] - dataFields : LNKLogout
[DEBUG][2015-12-04 16:59:44,344][com.java.TestType] [10001] - <In Set values of the page>
[DEBUG][2015-12-04 16:59:44,344][com.java.TestType] [10006] - {Data Fields & Data Values Exist}
[INFO ][2015-12-04 16:59:44,344][com.java.TestType] [10012] - --------------------------setting values-----------------------------
[INFO ][2015-12-04 16:59:44,344][com.java.TestType] [10015] - Action Type : WaitTime
[DEBUG][2015-12-04 16:59:44,344][com.java.TestType] [ 5237] - sleepTime: 5000
[INFO ][2015-12-04 16:59:49,344][com.java.TestType] [10034] -  RESULT true
[INFO ][2015-12-04 16:59:49,344][com.java.TestType] [10151] - ?   P A S S   ?
[INFO ][2015-12-04 16:59:49,344][com.java.TestType] [10222] - Looping End......
[INFO ][2015-12-04 16:59:49,344][com.java.SeleniumDriver] [  877] -  RESULT true
[INFO ][2015-12-04 16:59:49,344][com.java.SeleniumDriver] [ 1083] - ?   P A S S   ?
[INFO ][2015-12-04 16:59:49,344][com.java.SeleniumDriver] [  804] - ------------------------------------------
[INFO ][2015-12-04 16:59:49,344][com.java.SeleniumDriver] [  805] - Test case being Executed: 1
[INFO ][2015-12-04 16:59:49,344][com.java.SeleniumDriver] [  816] - Test step:3
[INFO ][2015-12-04 16:59:49,344][com.java.SeleniumDriver] [  828] - Datavalue is----------2
[INFO ][2015-12-04 16:59:49,344][com.java.SeleniumDriver] [  852] - DataField : XPH//button[contains(text(),'Add Content')]
[INFO ][2015-12-04 16:59:49,344][com.java.SeleniumDriver] [  854] - DataValue : 2
[INFO ][2015-12-04 16:59:49,344][com.java.SeleniumDriver] [  860] - <In Set values of the page>
[INFO ][2015-12-04 16:59:49,344][com.java.SeleniumDriver] [  863] - {Data Fields & Data Values Exist}
[INFO ][2015-12-04 16:59:49,344][com.java.SeleniumDriver] [  865] - --------------------------setting values-----------------------------
[INFO ][2015-12-04 16:59:49,344][com.java.SeleniumDriver] [  868] - Action Type : WAITFORELEMENT
[INFO ][2015-12-04 16:59:49,375][com.java.SeleniumDriver] [  877] -  RESULT true
[INFO ][2015-12-04 16:59:49,375][com.java.SeleniumDriver] [ 1083] - ?   P A S S   ?
[DEBUG][2015-12-04 16:59:49,375][com.java.SeleniumDriver] [ 1195] - Case found
[DEBUG][2015-12-04 16:59:49,375][com.java.SeleniumDriver] [ 1200] - Incrementing ReportCounters[0]:1
[INFO ][2015-12-04 16:59:49,375][com.java.SeleniumDriver] [ 1219] - The results are-------------------[1, 1, Valid Login, Pass, , Fri Dec 04 16:59:44 IST 2015, 1, 2, Valid Login, Pass, , Fri Dec 04 16:59:49 IST 2015, 1, 3, Valid Login, Pass, , Fri Dec 04 16:59:49 IST 2015]
[INFO ][2015-12-04 16:59:49,375][com.java.SeleniumDriver] [ 1223] - End time is-------35 sec
[INFO ][2015-12-04 16:59:49,375][com.java.SeleniumDriver] [ 1224] - The results are-------------------[1, 1, Valid Login, Pass, , Fri Dec 04 16:59:44 IST 2015, 1, 2, Valid Login, Pass, , Fri Dec 04 16:59:49 IST 2015, 1, 3, Valid Login, Pass, , Fri Dec 04 16:59:49 IST 2015]
[DEBUG][2015-12-04 16:59:49,375][com.java.ImportnExport.ExportTestResultsExcel] [  222] - testResultPath = D:\BankersDashboard/TestReports/Test Results_BankersDashBoard_120415_165916_IE10_Any Bank USA.xls
[DEBUG][2015-12-04 16:59:49,375][com.java.ImportnExport.ExportTestResultsExcel] [  223] - browser is------------IE10
[DEBUG][2015-12-04 16:59:49,415][com.java.ImportnExport.ExportTestResultsExcel] [  270] - result.size() = 18
[DEBUG][2015-12-04 16:59:49,415][com.java.ImportnExport.ExportTestResultsExcel] [  274] - No of rows in sheet=1
[DEBUG][2015-12-04 16:59:49,415][com.java.ImportnExport.ExportTestResultsExcel] [  301] - ..in export..1
[DEBUG][2015-12-04 16:59:49,415][com.java.ImportnExport.ExportTestResultsExcel] [  301] - ..in export..Valid Login
[DEBUG][2015-12-04 16:59:49,415][com.java.ImportnExport.ExportTestResultsExcel] [  301] - ..in export..Pass
[DEBUG][2015-12-04 16:59:49,415][com.java.ImportnExport.ExportTestResultsExcel] [  301] - ..in export..
[DEBUG][2015-12-04 16:59:49,415][com.java.ImportnExport.ExportTestResultsExcel] [  301] - ..in export..Fri Dec 04 16:59:44 IST 2015
[INFO ][2015-12-04 16:59:49,415][com.java.SeleniumDriver] [ 1282] - out loop:0 size:2 TestCases:[1, 7] testcases:[1, 7]
[INFO ][2015-12-04 16:59:49,415][com.java.ImportnExport.ImportTestDataDetailsExcel] [   49] - test data details path===== D:\BankersDashboard\TestInputs\TestData.xls
[INFO ][2015-12-04 17:00:04,309][com.java.SeleniumDriver] [  804] - ------------------------------------------
[INFO ][2015-12-04 17:00:04,309][com.java.SeleniumDriver] [  805] - Test case being Executed: 7
[INFO ][2015-12-04 17:00:04,309][com.java.SeleniumDriver] [  816] - Test step:1
[INFO ][2015-12-04 17:00:04,309][com.java.SeleniumDriver] [  828] - Datavalue is----------test
[INFO ][2015-12-04 17:00:04,309][com.java.SeleniumDriver] [  852] - DataField : test
[INFO ][2015-12-04 17:00:04,309][com.java.SeleniumDriver] [  854] - DataValue : test
[INFO ][2015-12-04 17:00:04,309][com.java.SeleniumDriver] [  860] - <In Set values of the page>
[INFO ][2015-12-04 17:00:04,309][com.java.SeleniumDriver] [  863] - {Data Fields & Data Values Exist}
[INFO ][2015-12-04 17:00:04,309][com.java.SeleniumDriver] [  865] - --------------------------setting values-----------------------------
[INFO ][2015-12-04 17:00:04,309][com.java.SeleniumDriver] [  868] - Action Type : SELECTMAINWINDOWANDCLOSEOTHER
[INFO ][2015-12-04 17:00:14,446][com.java.SeleniumDriver] [  877] -  RESULT true
[INFO ][2015-12-04 17:00:14,446][com.java.SeleniumDriver] [ 1083] - ?   P A S S   ?
[INFO ][2015-12-04 17:00:14,446][com.java.SeleniumDriver] [  804] - ------------------------------------------
[INFO ][2015-12-04 17:00:14,446][com.java.SeleniumDriver] [  805] - Test case being Executed: 7
[INFO ][2015-12-04 17:00:14,446][com.java.SeleniumDriver] [  816] - Test step:2
[INFO ][2015-12-04 17:00:14,446][com.java.SeleniumDriver] [  828] - Datavalue is----------Logout
[INFO ][2015-12-04 17:00:14,446][com.java.SeleniumDriver] [  852] - DataField : BTN
[INFO ][2015-12-04 17:00:14,446][com.java.SeleniumDriver] [  854] - DataValue : Logout
[INFO ][2015-12-04 17:00:14,446][com.java.SeleniumDriver] [  860] - <In Set values of the page>
[INFO ][2015-12-04 17:00:14,446][com.java.SeleniumDriver] [  863] - {Data Fields & Data Values Exist}
[INFO ][2015-12-04 17:00:14,446][com.java.SeleniumDriver] [  865] - --------------------------setting values-----------------------------
[INFO ][2015-12-04 17:00:14,446][com.java.SeleniumDriver] [  868] - Action Type : Verify
[INFO ][2015-12-04 17:00:14,446][com.java.TestType] [ 6608] - field= BTN value= Logout
[INFO ][2015-12-04 17:00:14,446][com.java.TestType] [ 5417] - value = Logout
[INFO ][2015-12-04 17:00:14,507][com.java.SeleniumDriver] [  877] -  RESULT true
[INFO ][2015-12-04 17:00:14,507][com.java.SeleniumDriver] [ 1083] - ?   P A S S   ?
[INFO ][2015-12-04 17:00:14,507][com.java.SeleniumDriver] [ 1125] - step change to 4
[INFO ][2015-12-04 17:00:14,507][com.java.SeleniumDriver] [  804] - ------------------------------------------
[INFO ][2015-12-04 17:00:14,507][com.java.SeleniumDriver] [  805] - Test case being Executed: 7
[INFO ][2015-12-04 17:00:14,507][com.java.SeleniumDriver] [  816] - Test step:4
[INFO ][2015-12-04 17:00:14,507][com.java.SeleniumDriver] [  828] - Datavalue is----------Concept#2:1-2
[INFO ][2015-12-04 17:00:14,507][com.java.SeleniumDriver] [  852] - DataField : test
[INFO ][2015-12-04 17:00:14,507][com.java.SeleniumDriver] [  854] - DataValue : Concept#2:1-2
[INFO ][2015-12-04 17:00:14,507][com.java.SeleniumDriver] [  860] - <In Set values of the page>
[INFO ][2015-12-04 17:00:14,507][com.java.SeleniumDriver] [  863] - {Data Fields & Data Values Exist}
[INFO ][2015-12-04 17:00:14,507][com.java.SeleniumDriver] [  865] - --------------------------setting values-----------------------------
[INFO ][2015-12-04 17:00:14,507][com.java.SeleniumDriver] [  868] - Action Type : ExecuteTestCase
[INFO ][2015-12-04 17:00:14,507][com.java.TestType] [  436] - The Concept sheet name is ---------- Concept
[INFO ][2015-12-04 17:00:14,507][com.java.TestType] [  439] - The Concept ID  is ---------- 2
[DEBUG][2015-12-04 17:00:14,507][com.java.TestType] [  443] - Steps being executted in the Concept are: 1:2
[INFO ][2015-12-04 17:00:14,507][com.java.TestType] [  450] - Test data details path ---------- D:\BankersDashboard\TestInputs\TestData.xls
[INFO ][2015-12-04 17:00:14,517][com.java.TestType] [  481] -  str(1) = 2
[INFO ][2015-12-04 17:00:14,527][com.java.TestType] [  484] - Test case Id is---2
[INFO ][2015-12-04 17:00:14,527][com.java.TestType] [  486] - 2
[INFO ][2015-12-04 17:00:14,527][com.java.TestType] [  481] -  str(2) = 1
[INFO ][2015-12-04 17:00:14,527][com.java.TestType] [  533] - row values are--------{1=com.java.Objects.TestDataDetails@14807d9}
[INFO ][2015-12-04 17:00:14,527][com.java.TestType] [  481] -  str(1) = 2
[INFO ][2015-12-04 17:00:14,527][com.java.TestType] [  484] - Test case Id is---2
[INFO ][2015-12-04 17:00:14,527][com.java.TestType] [  486] - 2
[INFO ][2015-12-04 17:00:14,527][com.java.TestType] [  481] -  str(2) = 2
[INFO ][2015-12-04 17:00:14,527][com.java.TestType] [  533] - row values are--------{1=com.java.Objects.TestDataDetails@14807d9, 2=com.java.Objects.TestDataDetails@1886bfe}
[INFO ][2015-12-04 17:00:14,527][com.java.TestType] [  481] -  str(1) = 2
[INFO ][2015-12-04 17:00:14,527][com.java.TestType] [  484] - Test case Id is---2
[INFO ][2015-12-04 17:00:14,527][com.java.TestType] [  486] - 2
[INFO ][2015-12-04 17:00:14,527][com.java.TestType] [  481] -  str(2) = 3
[INFO ][2015-12-04 17:00:14,527][com.java.TestType] [  533] - row values are--------{1=com.java.Objects.TestDataDetails@14807d9, 2=com.java.Objects.TestDataDetails@1886bfe, 3=com.java.Objects.TestDataDetails@196bb71}
[INFO ][2015-12-04 17:00:14,527][com.java.TestType] [ 9916] - Looping 1TCID = 2
[DEBUG][2015-12-04 17:00:14,527][com.java.TestType] [ 9957] - Concept ID:2 :: Step being Executed: 2::1
[INFO ][2015-12-04 17:00:14,527][com.java.TestType] [ 9995] - dataFields : BNK//select[@id='bank']
[DEBUG][2015-12-04 17:00:14,527][com.java.TestType] [10001] - <In Set values of the page>
[DEBUG][2015-12-04 17:00:14,527][com.java.TestType] [10006] - {Data Fields & Data Values Exist}
[INFO ][2015-12-04 17:00:14,527][com.java.TestType] [10012] - --------------------------setting values-----------------------------
[INFO ][2015-12-04 17:00:14,527][com.java.TestType] [10015] - Action Type : Select
[INFO ][2015-12-04 17:00:14,527][com.java.TestType] [ 5417] - value = PFC
[INFO ][2015-12-04 17:00:14,707][com.java.TestType] [10034] -  RESULT true
[INFO ][2015-12-04 17:00:14,707][com.java.TestType] [10151] - ?   P A S S   ?
[DEBUG][2015-12-04 17:00:14,707][com.java.TestType] [ 9957] - Concept ID:2 :: Step being Executed: 2::2
[INFO ][2015-12-04 17:00:14,707][com.java.TestType] [ 9995] - dataFields : LNKLogout
[DEBUG][2015-12-04 17:00:14,707][com.java.TestType] [10001] - <In Set values of the page>
[DEBUG][2015-12-04 17:00:14,707][com.java.TestType] [10006] - {Data Fields & Data Values Exist}
[INFO ][2015-12-04 17:00:14,707][com.java.TestType] [10012] - --------------------------setting values-----------------------------
[INFO ][2015-12-04 17:00:14,707][com.java.TestType] [10015] - Action Type : WaitTime
[DEBUG][2015-12-04 17:00:14,707][com.java.TestType] [ 5237] - sleepTime: 5000
[INFO ][2015-12-04 17:00:19,707][com.java.TestType] [10034] -  RESULT true
[INFO ][2015-12-04 17:00:19,707][com.java.TestType] [10151] - ?   P A S S   ?
[INFO ][2015-12-04 17:00:19,707][com.java.TestType] [10222] - Looping End......
[INFO ][2015-12-04 17:00:19,707][com.java.SeleniumDriver] [  877] -  RESULT true
[INFO ][2015-12-04 17:00:19,707][com.java.SeleniumDriver] [ 1083] - ?   P A S S   ?
[INFO ][2015-12-04 17:00:19,707][com.java.SeleniumDriver] [  804] - ------------------------------------------
[INFO ][2015-12-04 17:00:19,707][com.java.SeleniumDriver] [  805] - Test case being Executed: 7
[INFO ][2015-12-04 17:00:19,707][com.java.SeleniumDriver] [  816] - Test step:5
[INFO ][2015-12-04 17:00:19,707][com.java.SeleniumDriver] [  828] - Datavalue is----------null
[DEBUG][2015-12-04 17:00:19,707][com.java.SeleniumDriver] [  846] - Exception: null
[INFO ][2015-12-04 17:00:19,707][com.java.SeleniumDriver] [  852] - DataField : //span[@class='icon-stats']&&//a[@data-id="Forecasting"]
[INFO ][2015-12-04 17:00:19,707][com.java.SeleniumDriver] [  854] - DataValue : 
[INFO ][2015-12-04 17:00:19,707][com.java.SeleniumDriver] [  860] - <In Set values of the page>
[INFO ][2015-12-04 17:00:19,707][com.java.SeleniumDriver] [  863] - {Data Fields & Data Values Exist}
[INFO ][2015-12-04 17:00:19,707][com.java.SeleniumDriver] [  865] - --------------------------setting values-----------------------------
[INFO ][2015-12-04 17:00:19,707][com.java.SeleniumDriver] [  868] - Action Type : MOUSEOVER
[INFO ][2015-12-04 17:00:42,670][com.java.SeleniumDriver] [  877] -  RESULT true
[INFO ][2015-12-04 17:00:42,670][com.java.SeleniumDriver] [ 1083] - ?   P A S S   ?
[INFO ][2015-12-04 17:00:42,670][com.java.SeleniumDriver] [  804] - ------------------------------------------
[INFO ][2015-12-04 17:00:42,670][com.java.SeleniumDriver] [  805] - Test case being Executed: 7
[INFO ][2015-12-04 17:00:42,670][com.java.SeleniumDriver] [  816] - Test step:6
[INFO ][2015-12-04 17:00:42,670][com.java.SeleniumDriver] [  828] - Datavalue is----------5
[INFO ][2015-12-04 17:00:42,670][com.java.SeleniumDriver] [  852] - DataField : null
[INFO ][2015-12-04 17:00:42,670][com.java.SeleniumDriver] [  854] - DataValue : 5
[INFO ][2015-12-04 17:00:42,670][com.java.SeleniumDriver] [  860] - <In Set values of the page>
[INFO ][2015-12-04 17:00:42,670][com.java.SeleniumDriver] [  863] - {Data Fields & Data Values Exist}
[INFO ][2015-12-04 17:00:42,670][com.java.SeleniumDriver] [  865] - --------------------------setting values-----------------------------
[INFO ][2015-12-04 17:00:42,670][com.java.SeleniumDriver] [  868] - Action Type : WAITTIME
[DEBUG][2015-12-04 17:00:42,670][com.java.TestType] [ 5237] - sleepTime: 5000
[INFO ][2015-12-04 17:00:47,676][com.java.SeleniumDriver] [  877] -  RESULT true
[INFO ][2015-12-04 17:00:47,676][com.java.SeleniumDriver] [ 1083] - ?   P A S S   ?
[INFO ][2015-12-04 17:00:47,676][com.java.SeleniumDriver] [  804] - ------------------------------------------
[INFO ][2015-12-04 17:00:47,676][com.java.SeleniumDriver] [  805] - Test case being Executed: 7
[INFO ][2015-12-04 17:00:47,676][com.java.SeleniumDriver] [  816] - Test step:7
[INFO ][2015-12-04 17:00:47,676][com.java.SeleniumDriver] [  828] - Datavalue is----------Forecasting 
[INFO ][2015-12-04 17:00:47,676][com.java.SeleniumDriver] [  852] - DataField : TTL
[INFO ][2015-12-04 17:00:47,676][com.java.SeleniumDriver] [  854] - DataValue : Forecasting 
[INFO ][2015-12-04 17:00:47,676][com.java.SeleniumDriver] [  860] - <In Set values of the page>
[INFO ][2015-12-04 17:00:47,676][com.java.SeleniumDriver] [  863] - {Data Fields & Data Values Exist}
[INFO ][2015-12-04 17:00:47,676][com.java.SeleniumDriver] [  865] - --------------------------setting values-----------------------------
[INFO ][2015-12-04 17:00:47,676][com.java.SeleniumDriver] [  868] - Action Type : SELECTWINDOW
[INFO ][2015-12-04 17:01:00,217][com.java.SeleniumDriver] [  877] -  RESULT true
[INFO ][2015-12-04 17:01:00,217][com.java.SeleniumDriver] [ 1083] - ?   P A S S   ?
[INFO ][2015-12-04 17:01:00,217][com.java.SeleniumDriver] [  804] - ------------------------------------------
[INFO ][2015-12-04 17:01:00,217][com.java.SeleniumDriver] [  805] - Test case being Executed: 7
[INFO ][2015-12-04 17:01:00,217][com.java.SeleniumDriver] [  816] - Test step:8
[INFO ][2015-12-04 17:01:00,217][com.java.SeleniumDriver] [  828] - Datavalue is----------null
[DEBUG][2015-12-04 17:01:00,217][com.java.SeleniumDriver] [  846] - Exception: null
[INFO ][2015-12-04 17:01:00,217][com.java.SeleniumDriver] [  852] - DataField : BTNframeDialogContent
[INFO ][2015-12-04 17:01:00,217][com.java.SeleniumDriver] [  854] - DataValue : 
[INFO ][2015-12-04 17:01:00,217][com.java.SeleniumDriver] [  860] - <In Set values of the page>
[INFO ][2015-12-04 17:01:00,217][com.java.SeleniumDriver] [  863] - {Data Fields & Data Values Exist}
[INFO ][2015-12-04 17:01:00,217][com.java.SeleniumDriver] [  865] - --------------------------setting values-----------------------------
[INFO ][2015-12-04 17:01:00,217][com.java.SeleniumDriver] [  868] - Action Type : SELECTFRAME
[INFO ][2015-12-04 17:01:01,349][com.java.SeleniumDriver] [  877] -  RESULT true
[INFO ][2015-12-04 17:01:01,349][com.java.SeleniumDriver] [ 1083] - ?   P A S S   ?
[INFO ][2015-12-04 17:01:01,349][com.java.SeleniumDriver] [  804] - ------------------------------------------
[INFO ][2015-12-04 17:01:01,349][com.java.SeleniumDriver] [  805] - Test case being Executed: 7
[INFO ][2015-12-04 17:01:01,349][com.java.SeleniumDriver] [  816] - Test step:9
[INFO ][2015-12-04 17:01:01,349][com.java.SeleniumDriver] [  828] - Datavalue is----------2
[INFO ][2015-12-04 17:01:01,349][com.java.SeleniumDriver] [  852] - DataField : DSPddlProjects
[INFO ][2015-12-04 17:01:01,349][com.java.SeleniumDriver] [  854] - DataValue : 2
[INFO ][2015-12-04 17:01:01,349][com.java.SeleniumDriver] [  860] - <In Set values of the page>
[INFO ][2015-12-04 17:01:01,349][com.java.SeleniumDriver] [  863] - {Data Fields & Data Values Exist}
[INFO ][2015-12-04 17:01:01,349][com.java.SeleniumDriver] [  865] - --------------------------setting values-----------------------------
[INFO ][2015-12-04 17:01:01,349][com.java.SeleniumDriver] [  868] - Action Type : WAITFORELEMENT
[INFO ][2015-12-04 17:01:02,450][com.java.SeleniumDriver] [  877] -  RESULT true
[INFO ][2015-12-04 17:01:02,450][com.java.SeleniumDriver] [ 1083] - ?   P A S S   ?
[INFO ][2015-12-04 17:01:02,450][com.java.SeleniumDriver] [  804] - ------------------------------------------
[INFO ][2015-12-04 17:01:02,450][com.java.SeleniumDriver] [  805] - Test case being Executed: 7
[INFO ][2015-12-04 17:01:02,450][com.java.SeleniumDriver] [  816] - Test step:10
[INFO ][2015-12-04 17:01:02,450][com.java.SeleniumDriver] [  828] - Datavalue is----------index:2
[INFO ][2015-12-04 17:01:02,450][com.java.SeleniumDriver] [  852] - DataField : COBddlProjects
[INFO ][2015-12-04 17:01:02,450][com.java.SeleniumDriver] [  854] - DataValue : index:2
[INFO ][2015-12-04 17:01:02,450][com.java.SeleniumDriver] [  860] - <In Set values of the page>
[INFO ][2015-12-04 17:01:02,450][com.java.SeleniumDriver] [  863] - {Data Fields & Data Values Exist}
[INFO ][2015-12-04 17:01:02,450][com.java.SeleniumDriver] [  865] - --------------------------setting values-----------------------------
[INFO ][2015-12-04 17:01:02,450][com.java.SeleniumDriver] [  868] - Action Type : SELECT
[INFO ][2015-12-04 17:01:02,450][com.java.TestType] [ 5417] - value = 2
[INFO ][2015-12-04 17:01:03,541][com.java.TestType] [ 5535] -  In COB ddlProjects : 2
[INFO ][2015-12-04 17:01:03,701][com.java.SeleniumDriver] [  877] -  RESULT true
[INFO ][2015-12-04 17:01:03,701][com.java.SeleniumDriver] [ 1083] - ?   P A S S   ?
[INFO ][2015-12-04 17:01:03,701][com.java.SeleniumDriver] [  804] - ------------------------------------------
[INFO ][2015-12-04 17:01:03,701][com.java.SeleniumDriver] [  805] - Test case being Executed: 7
[INFO ][2015-12-04 17:01:03,701][com.java.SeleniumDriver] [  816] - Test step:11
[INFO ][2015-12-04 17:01:03,701][com.java.SeleniumDriver] [  828] - Datavalue is----------CurrentProject
[INFO ][2015-12-04 17:01:03,701][com.java.SeleniumDriver] [  852] - DataField : SLBddlProjects
[INFO ][2015-12-04 17:01:03,701][com.java.SeleniumDriver] [  854] - DataValue : CurrentProject
[INFO ][2015-12-04 17:01:03,701][com.java.SeleniumDriver] [  860] - <In Set values of the page>
[INFO ][2015-12-04 17:01:03,701][com.java.SeleniumDriver] [  863] - {Data Fields & Data Values Exist}
[INFO ][2015-12-04 17:01:03,701][com.java.SeleniumDriver] [  865] - --------------------------setting values-----------------------------
[INFO ][2015-12-04 17:01:03,701][com.java.SeleniumDriver] [  868] - Action Type : storevalue
[INFO ][2015-12-04 17:01:03,701][com.java.TestType] [ 7786] - field= SLBddlProjects
[INFO ][2015-12-04 17:01:04,892][com.java.SeleniumDriver] [  877] -  RESULT true
[INFO ][2015-12-04 17:01:04,892][com.java.SeleniumDriver] [ 1083] - ?   P A S S   ?
[INFO ][2015-12-04 17:01:04,892][com.java.SeleniumDriver] [  804] - ------------------------------------------
[INFO ][2015-12-04 17:01:04,892][com.java.SeleniumDriver] [  805] - Test case being Executed: 7
[INFO ][2015-12-04 17:01:04,892][com.java.SeleniumDriver] [  816] - Test step:12
[INFO ][2015-12-04 17:01:04,892][com.java.SeleniumDriver] [  828] - Datavalue is----------null
[DEBUG][2015-12-04 17:01:04,892][com.java.SeleniumDriver] [  846] - Exception: null
[INFO ][2015-12-04 17:01:04,892][com.java.SeleniumDriver] [  852] - DataField : HDNbtnOpenProject
[INFO ][2015-12-04 17:01:04,892][com.java.SeleniumDriver] [  854] - DataValue : 
[INFO ][2015-12-04 17:01:04,892][com.java.SeleniumDriver] [  860] - <In Set values of the page>
[INFO ][2015-12-04 17:01:04,892][com.java.SeleniumDriver] [  863] - {Data Fields & Data Values Exist}
[INFO ][2015-12-04 17:01:04,892][com.java.SeleniumDriver] [  865] - --------------------------setting values-----------------------------
[INFO ][2015-12-04 17:01:04,892][com.java.SeleniumDriver] [  868] - Action Type : CLICK
[INFO ][2015-12-04 17:01:04,892][com.java.TestType] [ 5745] - Field ::HDNbtnOpenProject
[INFO ][2015-12-04 17:01:07,504][com.java.SeleniumDriver] [  877] -  RESULT true
[INFO ][2015-12-04 17:01:07,504][com.java.SeleniumDriver] [ 1083] - ?   P A S S   ?
[INFO ][2015-12-04 17:01:07,504][com.java.SeleniumDriver] [  804] - ------------------------------------------
[INFO ][2015-12-04 17:01:07,504][com.java.SeleniumDriver] [  805] - Test case being Executed: 7
[INFO ][2015-12-04 17:01:07,504][com.java.SeleniumDriver] [  816] - Test step:13
[INFO ][2015-12-04 17:01:07,504][com.java.SeleniumDriver] [  828] - Datavalue is----------2
[INFO ][2015-12-04 17:01:07,504][com.java.SeleniumDriver] [  852] - DataField : null
[INFO ][2015-12-04 17:01:07,504][com.java.SeleniumDriver] [  854] - DataValue : 2
[INFO ][2015-12-04 17:01:07,504][com.java.SeleniumDriver] [  860] - <In Set values of the page>
[INFO ][2015-12-04 17:01:07,504][com.java.SeleniumDriver] [  863] - {Data Fields & Data Values Exist}
[INFO ][2015-12-04 17:01:07,504][com.java.SeleniumDriver] [  865] - --------------------------setting values-----------------------------
[INFO ][2015-12-04 17:01:07,504][com.java.SeleniumDriver] [  868] - Action Type : WAITTIME
[DEBUG][2015-12-04 17:01:07,504][com.java.TestType] [ 5237] - sleepTime: 2000
[INFO ][2015-12-04 17:01:09,504][com.java.SeleniumDriver] [  877] -  RESULT true
[INFO ][2015-12-04 17:01:09,504][com.java.SeleniumDriver] [ 1083] - ?   P A S S   ?
[INFO ][2015-12-04 17:01:09,504][com.java.SeleniumDriver] [  804] - ------------------------------------------
[INFO ][2015-12-04 17:01:09,504][com.java.SeleniumDriver] [  805] - Test case being Executed: 7
[INFO ][2015-12-04 17:01:09,504][com.java.SeleniumDriver] [  816] - Test step:14
[INFO ][2015-12-04 17:01:09,504][com.java.SeleniumDriver] [  828] - Datavalue is----------null
[DEBUG][2015-12-04 17:01:09,504][com.java.SeleniumDriver] [  846] - Exception: null
[INFO ][2015-12-04 17:01:09,504][com.java.SeleniumDriver] [  852] - DataField : BTNParent
[INFO ][2015-12-04 17:01:09,504][com.java.SeleniumDriver] [  854] - DataValue : 
[INFO ][2015-12-04 17:01:09,504][com.java.SeleniumDriver] [  860] - <In Set values of the page>
[INFO ][2015-12-04 17:01:09,504][com.java.SeleniumDriver] [  863] - {Data Fields & Data Values Exist}
[INFO ][2015-12-04 17:01:09,504][com.java.SeleniumDriver] [  865] - --------------------------setting values-----------------------------
[INFO ][2015-12-04 17:01:09,504][com.java.SeleniumDriver] [  868] - Action Type : SELECTFRAME
[INFO ][2015-12-04 17:01:09,505][com.java.SeleniumDriver] [  877] -  RESULT true
[INFO ][2015-12-04 17:01:09,505][com.java.SeleniumDriver] [ 1083] - ?   P A S S   ?
[INFO ][2015-12-04 17:01:09,505][com.java.SeleniumDriver] [  804] - ------------------------------------------
[INFO ][2015-12-04 17:01:09,505][com.java.SeleniumDriver] [  805] - Test case being Executed: 7
[INFO ][2015-12-04 17:01:09,505][com.java.SeleniumDriver] [  816] - Test step:15
[INFO ][2015-12-04 17:01:09,505][com.java.SeleniumDriver] [  828] - Datavalue is----------2
[INFO ][2015-12-04 17:01:09,505][com.java.SeleniumDriver] [  852] - DataField : DSPFile
[INFO ][2015-12-04 17:01:09,505][com.java.SeleniumDriver] [  854] - DataValue : 2
[INFO ][2015-12-04 17:01:09,505][com.java.SeleniumDriver] [  860] - <In Set values of the page>
[INFO ][2015-12-04 17:01:09,505][com.java.SeleniumDriver] [  863] - {Data Fields & Data Values Exist}
[INFO ][2015-12-04 17:01:09,505][com.java.SeleniumDriver] [  865] - --------------------------setting values-----------------------------
[INFO ][2015-12-04 17:01:09,505][com.java.SeleniumDriver] [  868] - Action Type : WAITFORELEMENT
[INFO ][2015-12-04 17:01:09,625][com.java.SeleniumDriver] [  877] -  RESULT true
[INFO ][2015-12-04 17:01:09,625][com.java.SeleniumDriver] [ 1083] - ?   P A S S   ?
[INFO ][2015-12-04 17:01:09,625][com.java.SeleniumDriver] [  804] - ------------------------------------------
[INFO ][2015-12-04 17:01:09,625][com.java.SeleniumDriver] [  805] - Test case being Executed: 7
[INFO ][2015-12-04 17:01:09,625][com.java.SeleniumDriver] [  816] - Test step:16
[INFO ][2015-12-04 17:01:09,625][com.java.SeleniumDriver] [  828] - Datavalue is----------10
[INFO ][2015-12-04 17:01:09,625][com.java.SeleniumDriver] [  852] - DataField : null
[INFO ][2015-12-04 17:01:09,625][com.java.SeleniumDriver] [  854] - DataValue : 10
[INFO ][2015-12-04 17:01:09,625][com.java.SeleniumDriver] [  860] - <In Set values of the page>
[INFO ][2015-12-04 17:01:09,625][com.java.SeleniumDriver] [  863] - {Data Fields & Data Values Exist}
[INFO ][2015-12-04 17:01:09,625][com.java.SeleniumDriver] [  865] - --------------------------setting values-----------------------------
[INFO ][2015-12-04 17:01:09,625][com.java.SeleniumDriver] [  868] - Action Type : WAITTIME
[DEBUG][2015-12-04 17:01:09,625][com.java.TestType] [ 5237] - sleepTime: 10000
[INFO ][2015-12-04 17:01:19,627][com.java.SeleniumDriver] [  877] -  RESULT true
[INFO ][2015-12-04 17:01:19,627][com.java.SeleniumDriver] [ 1083] - ?   P A S S   ?
[INFO ][2015-12-04 17:01:19,627][com.java.SeleniumDriver] [  804] - ------------------------------------------
[INFO ][2015-12-04 17:01:19,627][com.java.SeleniumDriver] [  805] - Test case being Executed: 7
[INFO ][2015-12-04 17:01:19,627][com.java.SeleniumDriver] [  816] - Test step:17
[INFO ][2015-12-04 17:01:19,627][com.java.SeleniumDriver] [  828] - Datavalue is----------HMVCurrentProject
[INFO ][2015-12-04 17:01:19,627][com.java.SeleniumDriver] [  852] - DataField : XPH//span[@id='lblProject']
[INFO ][2015-12-04 17:01:19,627][com.java.SeleniumDriver] [  854] - DataValue : HMVCurrentProject
[INFO ][2015-12-04 17:01:19,627][com.java.SeleniumDriver] [  860] - <In Set values of the page>
[INFO ][2015-12-04 17:01:19,627][com.java.SeleniumDriver] [  863] - {Data Fields & Data Values Exist}
[INFO ][2015-12-04 17:01:19,627][com.java.SeleniumDriver] [  865] - --------------------------setting values-----------------------------
[INFO ][2015-12-04 17:01:19,627][com.java.SeleniumDriver] [  868] - Action Type : VERIFY
[INFO ][2015-12-04 17:01:19,627][com.java.TestType] [ 6608] - field= XPH//span[@id='lblProject'] value= HMVCurrentProject
[INFO ][2015-12-04 17:01:19,627][com.java.TestType] [ 5417] - value = Amiee's Budget
[INFO ][2015-12-04 17:01:19,768][com.java.SeleniumDriver] [  877] -  RESULT true
[INFO ][2015-12-04 17:01:19,768][com.java.SeleniumDriver] [ 1083] - ?   P A S S   ?
[INFO ][2015-12-04 17:01:19,768][com.java.SeleniumDriver] [  804] - ------------------------------------------
[INFO ][2015-12-04 17:01:19,768][com.java.SeleniumDriver] [  805] - Test case being Executed: 7
[INFO ][2015-12-04 17:01:19,768][com.java.SeleniumDriver] [  816] - Test step:18
[INFO ][2015-12-04 17:01:19,768][com.java.SeleniumDriver] [  828] - Datavalue is----------null
[DEBUG][2015-12-04 17:01:19,768][com.java.SeleniumDriver] [  846] - Exception: null
[INFO ][2015-12-04 17:01:19,768][com.java.SeleniumDriver] [  852] - DataField : HDNmenuTools
[INFO ][2015-12-04 17:01:19,768][com.java.SeleniumDriver] [  854] - DataValue : 
[INFO ][2015-12-04 17:01:19,768][com.java.SeleniumDriver] [  860] - <In Set values of the page>
[INFO ][2015-12-04 17:01:19,768][com.java.SeleniumDriver] [  863] - {Data Fields & Data Values Exist}
[INFO ][2015-12-04 17:01:19,768][com.java.SeleniumDriver] [  865] - --------------------------setting values-----------------------------
[INFO ][2015-12-04 17:01:19,768][com.java.SeleniumDriver] [  868] - Action Type : CLICK
[INFO ][2015-12-04 17:01:19,768][com.java.TestType] [ 5745] - Field ::HDNmenuTools
[INFO ][2015-12-04 17:01:21,923][com.java.SeleniumDriver] [  877] -  RESULT true
[INFO ][2015-12-04 17:01:21,923][com.java.SeleniumDriver] [ 1083] - ?   P A S S   ?
[INFO ][2015-12-04 17:01:21,923][com.java.SeleniumDriver] [  804] - ------------------------------------------
[INFO ][2015-12-04 17:01:21,923][com.java.SeleniumDriver] [  805] - Test case being Executed: 7
[INFO ][2015-12-04 17:01:21,923][com.java.SeleniumDriver] [  816] - Test step:19
[INFO ][2015-12-04 17:01:21,923][com.java.SeleniumDriver] [  828] - Datavalue is----------3
[INFO ][2015-12-04 17:01:21,923][com.java.SeleniumDriver] [  852] - DataField : DSPmenuBalance
[INFO ][2015-12-04 17:01:21,923][com.java.SeleniumDriver] [  854] - DataValue : 3
[INFO ][2015-12-04 17:01:21,923][com.java.SeleniumDriver] [  860] - <In Set values of the page>
[INFO ][2015-12-04 17:01:21,923][com.java.SeleniumDriver] [  863] - {Data Fields & Data Values Exist}
[INFO ][2015-12-04 17:01:21,923][com.java.SeleniumDriver] [  865] - --------------------------setting values-----------------------------
[INFO ][2015-12-04 17:01:21,923][com.java.SeleniumDriver] [  868] - Action Type : WAITFORELEMENT
[INFO ][2015-12-04 17:01:23,116][com.java.SeleniumDriver] [  877] -  RESULT true
[INFO ][2015-12-04 17:01:23,116][com.java.SeleniumDriver] [ 1083] - ?   P A S S   ?
[INFO ][2015-12-04 17:01:23,116][com.java.SeleniumDriver] [  804] - ------------------------------------------
[INFO ][2015-12-04 17:01:23,116][com.java.SeleniumDriver] [  805] - Test case being Executed: 7
[INFO ][2015-12-04 17:01:23,116][com.java.SeleniumDriver] [  816] - Test step:20
[INFO ][2015-12-04 17:01:23,116][com.java.SeleniumDriver] [  828] - Datavalue is----------null
[DEBUG][2015-12-04 17:01:23,116][com.java.SeleniumDriver] [  846] - Exception: null
[INFO ][2015-12-04 17:01:23,116][com.java.SeleniumDriver] [  852] - DataField : HDNmenuBalance
[INFO ][2015-12-04 17:01:23,116][com.java.SeleniumDriver] [  854] - DataValue : 
[INFO ][2015-12-04 17:01:23,116][com.java.SeleniumDriver] [  860] - <In Set values of the page>
[INFO ][2015-12-04 17:01:23,116][com.java.SeleniumDriver] [  863] - {Data Fields & Data Values Exist}
[INFO ][2015-12-04 17:01:23,116][com.java.SeleniumDriver] [  865] - --------------------------setting values-----------------------------
[INFO ][2015-12-04 17:01:23,116][com.java.SeleniumDriver] [  868] - Action Type : CLICK
[INFO ][2015-12-04 17:01:23,116][com.java.TestType] [ 5745] - Field ::HDNmenuBalance
[INFO ][2015-12-04 17:01:25,277][com.java.SeleniumDriver] [  877] -  RESULT true
[INFO ][2015-12-04 17:01:25,277][com.java.SeleniumDriver] [ 1083] - ?   P A S S   ?
[INFO ][2015-12-04 17:01:25,277][com.java.SeleniumDriver] [  804] - ------------------------------------------
[INFO ][2015-12-04 17:01:25,277][com.java.SeleniumDriver] [  805] - Test case being Executed: 7
[INFO ][2015-12-04 17:01:25,277][com.java.SeleniumDriver] [  816] - Test step:21
[INFO ][2015-12-04 17:01:25,277][com.java.SeleniumDriver] [  828] - Datavalue is----------6
[INFO ][2015-12-04 17:01:25,277][com.java.SeleniumDriver] [  852] - DataField : null
[INFO ][2015-12-04 17:01:25,277][com.java.SeleniumDriver] [  854] - DataValue : 6
[INFO ][2015-12-04 17:01:25,277][com.java.SeleniumDriver] [  860] - <In Set values of the page>
[INFO ][2015-12-04 17:01:25,277][com.java.SeleniumDriver] [  863] - {Data Fields & Data Values Exist}
[INFO ][2015-12-04 17:01:25,277][com.java.SeleniumDriver] [  865] - --------------------------setting values-----------------------------
[INFO ][2015-12-04 17:01:25,277][com.java.SeleniumDriver] [  868] - Action Type : WAITTIME
[DEBUG][2015-12-04 17:01:25,277][com.java.TestType] [ 5237] - sleepTime: 6000
[INFO ][2015-12-04 17:01:31,281][com.java.SeleniumDriver] [  877] -  RESULT true
[INFO ][2015-12-04 17:01:31,281][com.java.SeleniumDriver] [ 1083] - ?   P A S S   ?
[INFO ][2015-12-04 17:01:31,281][com.java.SeleniumDriver] [  804] - ------------------------------------------
[INFO ][2015-12-04 17:01:31,281][com.java.SeleniumDriver] [  805] - Test case being Executed: 7
[INFO ][2015-12-04 17:01:31,281][com.java.SeleniumDriver] [  816] - Test step:22
[INFO ][2015-12-04 17:01:31,281][com.java.SeleniumDriver] [  828] - Datavalue is---------- Forecasting 
[INFO ][2015-12-04 17:01:31,281][com.java.SeleniumDriver] [  852] - DataField : TTL
[INFO ][2015-12-04 17:01:31,281][com.java.SeleniumDriver] [  854] - DataValue :  Forecasting 
[INFO ][2015-12-04 17:01:31,281][com.java.SeleniumDriver] [  860] - <In Set values of the page>
[INFO ][2015-12-04 17:01:31,281][com.java.SeleniumDriver] [  863] - {Data Fields & Data Values Exist}
[INFO ][2015-12-04 17:01:31,281][com.java.SeleniumDriver] [  865] - --------------------------setting values-----------------------------
[INFO ][2015-12-04 17:01:31,281][com.java.SeleniumDriver] [  868] - Action Type : CLOSEWINDOW
[INFO ][2015-12-04 17:01:31,552][com.java.SeleniumDriver] [  877] -  RESULT true
[INFO ][2015-12-04 17:01:31,552][com.java.SeleniumDriver] [ 1083] - ?   P A S S   ?
[INFO ][2015-12-04 17:01:31,552][com.java.SeleniumDriver] [  804] - ------------------------------------------
[INFO ][2015-12-04 17:01:31,552][com.java.SeleniumDriver] [  805] - Test case being Executed: 7
[INFO ][2015-12-04 17:01:31,552][com.java.SeleniumDriver] [  816] - Test step:23
[INFO ][2015-12-04 17:01:31,552][com.java.SeleniumDriver] [  828] - Datavalue is----------Banker'sDashboard
[INFO ][2015-12-04 17:01:31,552][com.java.SeleniumDriver] [  852] - DataField : TTL
[INFO ][2015-12-04 17:01:31,552][com.java.SeleniumDriver] [  854] - DataValue : Banker'sDashboard
[INFO ][2015-12-04 17:01:31,552][com.java.SeleniumDriver] [  860] - <In Set values of the page>
[INFO ][2015-12-04 17:01:31,552][com.java.SeleniumDriver] [  863] - {Data Fields & Data Values Exist}
[INFO ][2015-12-04 17:01:31,552][com.java.SeleniumDriver] [  865] - --------------------------setting values-----------------------------
[INFO ][2015-12-04 17:01:31,552][com.java.SeleniumDriver] [  868] - Action Type : SelectWindow
[INFO ][2015-12-04 17:01:43,997][com.java.SeleniumDriver] [  877] -  RESULT true
[INFO ][2015-12-04 17:01:43,997][com.java.SeleniumDriver] [ 1083] - ?   P A S S   ?
[INFO ][2015-12-04 17:01:43,997][com.java.SeleniumDriver] [  804] - ------------------------------------------
[INFO ][2015-12-04 17:01:43,997][com.java.SeleniumDriver] [  805] - Test case being Executed: 7
[INFO ][2015-12-04 17:01:43,997][com.java.SeleniumDriver] [  816] - Test step:24
[INFO ][2015-12-04 17:01:43,997][com.java.SeleniumDriver] [  828] - Datavalue is----------5
[INFO ][2015-12-04 17:01:43,997][com.java.SeleniumDriver] [  852] - DataField : null
[INFO ][2015-12-04 17:01:43,997][com.java.SeleniumDriver] [  854] - DataValue : 5
[INFO ][2015-12-04 17:01:43,997][com.java.SeleniumDriver] [  860] - <In Set values of the page>
[INFO ][2015-12-04 17:01:43,997][com.java.SeleniumDriver] [  863] - {Data Fields & Data Values Exist}
[INFO ][2015-12-04 17:01:43,997][com.java.SeleniumDriver] [  865] - --------------------------setting values-----------------------------
[INFO ][2015-12-04 17:01:43,997][com.java.SeleniumDriver] [  868] - Action Type : WAITTIME
[DEBUG][2015-12-04 17:01:43,997][com.java.TestType] [ 5237] - sleepTime: 5000
[INFO ][2015-12-04 17:01:48,998][com.java.SeleniumDriver] [  877] -  RESULT true
[INFO ][2015-12-04 17:01:48,998][com.java.SeleniumDriver] [ 1083] - ?   P A S S   ?
[INFO ][2015-12-04 17:01:48,998][com.java.SeleniumDriver] [  804] - ------------------------------------------
[INFO ][2015-12-04 17:01:48,998][com.java.SeleniumDriver] [  805] - Test case being Executed: 7
[INFO ][2015-12-04 17:01:48,998][com.java.SeleniumDriver] [  816] - Test step:25
[INFO ][2015-12-04 17:01:48,998][com.java.SeleniumDriver] [  828] - Datavalue is----------null
[DEBUG][2015-12-04 17:01:48,998][com.java.SeleniumDriver] [  846] - Exception: null
[INFO ][2015-12-04 17:01:48,998][com.java.SeleniumDriver] [  852] - DataField : //span[@class='icon-stats']&&//a[@data-id="Forecasting"]
[INFO ][2015-12-04 17:01:48,998][com.java.SeleniumDriver] [  854] - DataValue : 
[INFO ][2015-12-04 17:01:48,998][com.java.SeleniumDriver] [  860] - <In Set values of the page>
[INFO ][2015-12-04 17:01:48,998][com.java.SeleniumDriver] [  863] - {Data Fields & Data Values Exist}
[INFO ][2015-12-04 17:01:48,998][com.java.SeleniumDriver] [  865] - --------------------------setting values-----------------------------
[INFO ][2015-12-04 17:01:48,998][com.java.SeleniumDriver] [  868] - Action Type : MOUSEOVER
[INFO ][2015-12-04 17:02:12,187][com.java.SeleniumDriver] [  877] -  RESULT true
[INFO ][2015-12-04 17:02:12,187][com.java.SeleniumDriver] [ 1083] - ?   P A S S   ?
[INFO ][2015-12-04 17:02:12,187][com.java.SeleniumDriver] [  804] - ------------------------------------------
[INFO ][2015-12-04 17:02:12,187][com.java.SeleniumDriver] [  805] - Test case being Executed: 7
[INFO ][2015-12-04 17:02:12,187][com.java.SeleniumDriver] [  816] - Test step:26
[INFO ][2015-12-04 17:02:12,187][com.java.SeleniumDriver] [  828] - Datavalue is----------5
[INFO ][2015-12-04 17:02:12,187][com.java.SeleniumDriver] [  852] - DataField : null
[INFO ][2015-12-04 17:02:12,187][com.java.SeleniumDriver] [  854] - DataValue : 5
[INFO ][2015-12-04 17:02:12,187][com.java.SeleniumDriver] [  860] - <In Set values of the page>
[INFO ][2015-12-04 17:02:12,187][com.java.SeleniumDriver] [  863] - {Data Fields & Data Values Exist}
[INFO ][2015-12-04 17:02:12,187][com.java.SeleniumDriver] [  865] - --------------------------setting values-----------------------------
[INFO ][2015-12-04 17:02:12,187][com.java.SeleniumDriver] [  868] - Action Type : WAITTIME
[DEBUG][2015-12-04 17:02:12,187][com.java.TestType] [ 5237] - sleepTime: 5000
[INFO ][2015-12-04 17:02:17,188][com.java.SeleniumDriver] [  877] -  RESULT true
[INFO ][2015-12-04 17:02:17,188][com.java.SeleniumDriver] [ 1083] - ?   P A S S   ?
[INFO ][2015-12-04 17:02:17,188][com.java.SeleniumDriver] [  804] - ------------------------------------------
[INFO ][2015-12-04 17:02:17,188][com.java.SeleniumDriver] [  805] - Test case being Executed: 7
[INFO ][2015-12-04 17:02:17,188][com.java.SeleniumDriver] [  816] - Test step:27
[INFO ][2015-12-04 17:02:17,188][com.java.SeleniumDriver] [  828] - Datavalue is----------Forecasting 
[INFO ][2015-12-04 17:02:17,188][com.java.SeleniumDriver] [  852] - DataField : TTL
[INFO ][2015-12-04 17:02:17,188][com.java.SeleniumDriver] [  854] - DataValue : Forecasting 
[INFO ][2015-12-04 17:02:17,188][com.java.SeleniumDriver] [  860] - <In Set values of the page>
[INFO ][2015-12-04 17:02:17,188][com.java.SeleniumDriver] [  863] - {Data Fields & Data Values Exist}
[INFO ][2015-12-04 17:02:17,188][com.java.SeleniumDriver] [  865] - --------------------------setting values-----------------------------
[INFO ][2015-12-04 17:02:17,188][com.java.SeleniumDriver] [  868] - Action Type : SELECTWINDOW
[INFO ][2015-12-04 17:02:29,753][com.java.SeleniumDriver] [  877] -  RESULT true
[INFO ][2015-12-04 17:02:29,753][com.java.SeleniumDriver] [ 1083] - ?   P A S S   ?
[INFO ][2015-12-04 17:02:29,753][com.java.SeleniumDriver] [  804] - ------------------------------------------
[INFO ][2015-12-04 17:02:29,753][com.java.SeleniumDriver] [  805] - Test case being Executed: 7
[INFO ][2015-12-04 17:02:29,753][com.java.SeleniumDriver] [  816] - Test step:28
[INFO ][2015-12-04 17:02:29,753][com.java.SeleniumDriver] [  828] - Datavalue is----------2
[INFO ][2015-12-04 17:02:29,753][com.java.SeleniumDriver] [  852] - DataField : DSP//span[@id='ui-dialog-title-mdDialog']
[INFO ][2015-12-04 17:02:29,753][com.java.SeleniumDriver] [  854] - DataValue : 2
[INFO ][2015-12-04 17:02:29,753][com.java.SeleniumDriver] [  860] - <In Set values of the page>
[INFO ][2015-12-04 17:02:29,753][com.java.SeleniumDriver] [  863] - {Data Fields & Data Values Exist}
[INFO ][2015-12-04 17:02:29,753][com.java.SeleniumDriver] [  865] - --------------------------setting values-----------------------------
[INFO ][2015-12-04 17:02:29,753][com.java.SeleniumDriver] [  868] - Action Type : WAITFORELEMENT
[INFO ][2015-12-04 17:02:29,864][com.java.SeleniumDriver] [  877] -  RESULT true
[INFO ][2015-12-04 17:02:29,864][com.java.SeleniumDriver] [ 1083] - ?   P A S S   ?
[INFO ][2015-12-04 17:02:29,864][com.java.SeleniumDriver] [  804] - ------------------------------------------
[INFO ][2015-12-04 17:02:29,864][com.java.SeleniumDriver] [  805] - Test case being Executed: 7
[INFO ][2015-12-04 17:02:29,864][com.java.SeleniumDriver] [  816] - Test step:29
[INFO ][2015-12-04 17:02:29,864][com.java.SeleniumDriver] [  828] - Datavalue is----------Forecasting 
[INFO ][2015-12-04 17:02:29,864][com.java.SeleniumDriver] [  852] - DataField : XPH//span[@id='ui-dialog-title-mdDialog']
[INFO ][2015-12-04 17:02:29,864][com.java.SeleniumDriver] [  854] - DataValue : Forecasting 
[INFO ][2015-12-04 17:02:29,864][com.java.SeleniumDriver] [  860] - <In Set values of the page>
[INFO ][2015-12-04 17:02:29,864][com.java.SeleniumDriver] [  863] - {Data Fields & Data Values Exist}
[INFO ][2015-12-04 17:02:29,864][com.java.SeleniumDriver] [  865] - --------------------------setting values-----------------------------
[INFO ][2015-12-04 17:02:29,864][com.java.SeleniumDriver] [  868] - Action Type : VERIFY
[INFO ][2015-12-04 17:02:29,864][com.java.TestType] [ 6608] - field= XPH//span[@id='ui-dialog-title-mdDialog'] value= Forecasting 
[INFO ][2015-12-04 17:02:29,864][com.java.TestType] [ 5417] - value = Forecasting 
[INFO ][2015-12-04 17:02:29,984][com.java.SeleniumDriver] [  877] -  RESULT true
[INFO ][2015-12-04 17:02:29,984][com.java.SeleniumDriver] [ 1083] - ?   P A S S   ?
[INFO ][2015-12-04 17:02:29,984][com.java.SeleniumDriver] [  804] - ------------------------------------------
[INFO ][2015-12-04 17:02:29,984][com.java.SeleniumDriver] [  805] - Test case being Executed: 7
[INFO ][2015-12-04 17:02:29,984][com.java.SeleniumDriver] [  816] - Test step:30
[INFO ][2015-12-04 17:02:29,984][com.java.SeleniumDriver] [  828] - Datavalue is----------2
[INFO ][2015-12-04 17:02:29,984][com.java.SeleniumDriver] [  852] - DataField : DSP//span[contains(text(),'Forecasting')]
[INFO ][2015-12-04 17:02:29,984][com.java.SeleniumDriver] [  854] - DataValue : 2
[INFO ][2015-12-04 17:02:29,984][com.java.SeleniumDriver] [  860] - <In Set values of the page>
[INFO ][2015-12-04 17:02:29,984][com.java.SeleniumDriver] [  863] - {Data Fields & Data Values Exist}
[INFO ][2015-12-04 17:02:29,984][com.java.SeleniumDriver] [  865] - --------------------------setting values-----------------------------
[INFO ][2015-12-04 17:02:29,984][com.java.SeleniumDriver] [  868] - Action Type : WAITFORELEMENT
[INFO ][2015-12-04 17:02:30,094][com.java.SeleniumDriver] [  877] -  RESULT true
[INFO ][2015-12-04 17:02:30,094][com.java.SeleniumDriver] [ 1083] - ?   P A S S   ?
[INFO ][2015-12-04 17:02:30,094][com.java.SeleniumDriver] [  804] - ------------------------------------------
[INFO ][2015-12-04 17:02:30,094][com.java.SeleniumDriver] [  805] - Test case being Executed: 7
[INFO ][2015-12-04 17:02:30,094][com.java.SeleniumDriver] [  816] - Test step:31
[INFO ][2015-12-04 17:02:30,094][com.java.SeleniumDriver] [  828] - Datavalue is----------null
[DEBUG][2015-12-04 17:02:30,094][com.java.SeleniumDriver] [  846] - Exception: null
[INFO ][2015-12-04 17:02:30,094][com.java.SeleniumDriver] [  852] - DataField : BTNframeDialogContent
[INFO ][2015-12-04 17:02:30,094][com.java.SeleniumDriver] [  854] - DataValue : 
[INFO ][2015-12-04 17:02:30,094][com.java.SeleniumDriver] [  860] - <In Set values of the page>
[INFO ][2015-12-04 17:02:30,094][com.java.SeleniumDriver] [  863] - {Data Fields & Data Values Exist}
[INFO ][2015-12-04 17:02:30,094][com.java.SeleniumDriver] [  865] - --------------------------setting values-----------------------------
[INFO ][2015-12-04 17:02:30,094][com.java.SeleniumDriver] [  868] - Action Type : SELECTFRAME
[INFO ][2015-12-04 17:02:31,215][com.java.SeleniumDriver] [  877] -  RESULT true
[INFO ][2015-12-04 17:02:31,215][com.java.SeleniumDriver] [ 1083] - ?   P A S S   ?
[INFO ][2015-12-04 17:02:31,215][com.java.SeleniumDriver] [  804] - ------------------------------------------
[INFO ][2015-12-04 17:02:31,215][com.java.SeleniumDriver] [  805] - Test case being Executed: 7
[INFO ][2015-12-04 17:02:31,215][com.java.SeleniumDriver] [  816] - Test step:32
[INFO ][2015-12-04 17:02:31,215][com.java.SeleniumDriver] [  828] - Datavalue is----------2
[INFO ][2015-12-04 17:02:31,215][com.java.SeleniumDriver] [  852] - DataField : DSPddlProjects
[INFO ][2015-12-04 17:02:31,215][com.java.SeleniumDriver] [  854] - DataValue : 2
[INFO ][2015-12-04 17:02:31,215][com.java.SeleniumDriver] [  860] - <In Set values of the page>
[INFO ][2015-12-04 17:02:31,215][com.java.SeleniumDriver] [  863] - {Data Fields & Data Values Exist}
[INFO ][2015-12-04 17:02:31,215][com.java.SeleniumDriver] [  865] - --------------------------setting values-----------------------------
[INFO ][2015-12-04 17:02:31,215][com.java.SeleniumDriver] [  868] - Action Type : WAITFORELEMENT
[INFO ][2015-12-04 17:02:32,316][com.java.SeleniumDriver] [  877] -  RESULT true
[INFO ][2015-12-04 17:02:32,316][com.java.SeleniumDriver] [ 1083] - ?   P A S S   ?
[INFO ][2015-12-04 17:02:32,316][com.java.SeleniumDriver] [  804] - ------------------------------------------
[INFO ][2015-12-04 17:02:32,316][com.java.SeleniumDriver] [  805] - Test case being Executed: 7
[INFO ][2015-12-04 17:02:32,316][com.java.SeleniumDriver] [  816] - Test step:33
[INFO ][2015-12-04 17:02:32,316][com.java.SeleniumDriver] [  828] - Datavalue is----------HMVCurrentProject
[INFO ][2015-12-04 17:02:32,316][com.java.SeleniumDriver] [  852] - DataField : COBddlProjects
[INFO ][2015-12-04 17:02:32,316][com.java.SeleniumDriver] [  854] - DataValue : HMVCurrentProject
[INFO ][2015-12-04 17:02:32,316][com.java.SeleniumDriver] [  860] - <In Set values of the page>
[INFO ][2015-12-04 17:02:32,316][com.java.SeleniumDriver] [  863] - {Data Fields & Data Values Exist}
[INFO ][2015-12-04 17:02:32,316][com.java.SeleniumDriver] [  865] - --------------------------setting values-----------------------------
[INFO ][2015-12-04 17:02:32,316][com.java.SeleniumDriver] [  868] - Action Type : SELECT
[INFO ][2015-12-04 17:02:32,316][com.java.TestType] [ 5417] - value = Amiee's Budget
[INFO ][2015-12-04 17:02:33,407][com.java.TestType] [ 5535] -  In COB ddlProjects : Amiee's Budget
[DEBUG][2015-12-04 17:02:34,488][com.java.TestType] [ 5560] - Java Script : javascript:var s = document.getElementById('ddlProjects');for (i = 0; i< s.options.length; i++){   if (s.options[i].text.trim().toUpperCase() == 'AMIEE'S BUDGET'){      s.options[i].selected = true;      s.click();      break;   }}
[DEBUG][2015-12-04 17:02:34,498][com.java.TestType] [ 5566] - Exception occured in select : JavaScript error (WARNING: The server did not provide any stacktrace information)
Command duration or timeout: 10 milliseconds
Build info: version: '2.48.2', revision: '41bccdd', time: '2015-10-09 19:59:12'
System info: host: 'FVTIII438F1D', ip: '172.17.68.34', os.name: 'Windows 7', os.arch: 'x86', os.version: '6.1', java.version: '1.7.0_55'
Session ID: bb2c6d7e-c2fe-4502-90f5-eca441710949
Driver info: org.openqa.selenium.ie.InternetExplorerDriver
Capabilities [{platform=WINDOWS, javascriptEnabled=true, elementScrollBehavior=0, ignoreZoomSetting=false, enablePersistentHover=true, ie.ensureCleanSession=false, browserName=internet explorer, enableElementCacheCleanup=true, unexpectedAlertBehaviour=dismiss, version=10, ie.usePerProcessProxy=false, ignoreProtectedModeSettings=true, cssSelectorsEnabled=true, requireWindowFocus=false, initialBrowserUrl=http://localhost:37829/, handlesAlerts=true, ie.forceCreateProcessApi=false, nativeEvents=true, browserAttachTimeout=0, ie.browserCommandLineSwitches=, takesScreenshot=true}]
[INFO ][2015-12-04 17:02:34,498][com.java.SeleniumDriver] [  877] -  RESULT true
[INFO ][2015-12-04 17:02:34,498][com.java.SeleniumDriver] [ 1083] - ?   P A S S   ?
[INFO ][2015-12-04 17:02:34,498][com.java.SeleniumDriver] [  804] - ------------------------------------------
[INFO ][2015-12-04 17:02:34,498][com.java.SeleniumDriver] [  805] - Test case being Executed: 7
[INFO ][2015-12-04 17:02:34,498][com.java.SeleniumDriver] [  816] - Test step:34
[INFO ][2015-12-04 17:02:34,498][com.java.SeleniumDriver] [  828] - Datavalue is----------null
[DEBUG][2015-12-04 17:02:34,498][com.java.SeleniumDriver] [  846] - Exception: null
[INFO ][2015-12-04 17:02:34,498][com.java.SeleniumDriver] [  852] - DataField : HDNbtnOpenProject
[INFO ][2015-12-04 17:02:34,498][com.java.SeleniumDriver] [  854] - DataValue : 
[INFO ][2015-12-04 17:02:34,498][com.java.SeleniumDriver] [  860] - <In Set values of the page>
[INFO ][2015-12-04 17:02:34,498][com.java.SeleniumDriver] [  863] - {Data Fields & Data Values Exist}
[INFO ][2015-12-04 17:02:34,498][com.java.SeleniumDriver] [  865] - --------------------------setting values-----------------------------
[INFO ][2015-12-04 17:02:34,498][com.java.SeleniumDriver] [  868] - Action Type : CLICK
[INFO ][2015-12-04 17:02:34,498][com.java.TestType] [ 5745] - Field ::HDNbtnOpenProject
[INFO ][2015-12-04 17:02:44,101][com.java.SeleniumDriver] [  877] -  RESULT true
[INFO ][2015-12-04 17:02:44,104][com.java.SeleniumDriver] [ 1083] - ?   P A S S   ?
[INFO ][2015-12-04 17:02:44,104][com.java.SeleniumDriver] [  804] - ------------------------------------------
[INFO ][2015-12-04 17:02:44,104][com.java.SeleniumDriver] [  805] - Test case being Executed: 7
[INFO ][2015-12-04 17:02:44,104][com.java.SeleniumDriver] [  816] - Test step:35
[INFO ][2015-12-04 17:02:44,104][com.java.SeleniumDriver] [  828] - Datavalue is----------2
[INFO ][2015-12-04 17:02:44,104][com.java.SeleniumDriver] [  852] - DataField : null
[INFO ][2015-12-04 17:02:44,104][com.java.SeleniumDriver] [  854] - DataValue : 2
[INFO ][2015-12-04 17:02:44,104][com.java.SeleniumDriver] [  860] - <In Set values of the page>
[INFO ][2015-12-04 17:02:44,104][com.java.SeleniumDriver] [  863] - {Data Fields & Data Values Exist}
[INFO ][2015-12-04 17:02:44,104][com.java.SeleniumDriver] [  865] - --------------------------setting values-----------------------------
[INFO ][2015-12-04 17:02:44,104][com.java.SeleniumDriver] [  868] - Action Type : WAITTIME
[DEBUG][2015-12-04 17:02:44,104][com.java.TestType] [ 5237] - sleepTime: 2000
[INFO ][2015-12-04 17:02:46,125][com.java.SeleniumDriver] [  877] -  RESULT true
[INFO ][2015-12-04 17:02:46,125][com.java.SeleniumDriver] [ 1083] - ?   P A S S   ?
[INFO ][2015-12-04 17:02:46,125][com.java.SeleniumDriver] [  804] - ------------------------------------------
[INFO ][2015-12-04 17:02:46,125][com.java.SeleniumDriver] [  805] - Test case being Executed: 7
[INFO ][2015-12-04 17:02:46,125][com.java.SeleniumDriver] [  816] - Test step:36
[INFO ][2015-12-04 17:02:46,125][com.java.SeleniumDriver] [  828] - Datavalue is----------null
[DEBUG][2015-12-04 17:02:46,125][com.java.SeleniumDriver] [  846] - Exception: null
[INFO ][2015-12-04 17:02:46,125][com.java.SeleniumDriver] [  852] - DataField : BTNParent
[INFO ][2015-12-04 17:02:46,125][com.java.SeleniumDriver] [  854] - DataValue : 
[INFO ][2015-12-04 17:02:46,125][com.java.SeleniumDriver] [  860] - <In Set values of the page>
[INFO ][2015-12-04 17:02:46,125][com.java.SeleniumDriver] [  863] - {Data Fields & Data Values Exist}
[INFO ][2015-12-04 17:02:46,125][com.java.SeleniumDriver] [  865] - --------------------------setting values-----------------------------
[INFO ][2015-12-04 17:02:46,125][com.java.SeleniumDriver] [  868] - Action Type : SELECTFRAME
[INFO ][2015-12-04 17:02:46,126][com.java.SeleniumDriver] [  877] -  RESULT true
[INFO ][2015-12-04 17:02:46,126][com.java.SeleniumDriver] [ 1083] - ?   P A S S   ?
[INFO ][2015-12-04 17:02:46,126][com.java.SeleniumDriver] [  804] - ------------------------------------------
[INFO ][2015-12-04 17:02:46,126][com.java.SeleniumDriver] [  805] - Test case being Executed: 7
[INFO ][2015-12-04 17:02:46,126][com.java.SeleniumDriver] [  816] - Test step:37
[INFO ][2015-12-04 17:02:46,126][com.java.SeleniumDriver] [  828] - Datavalue is----------null
[DEBUG][2015-12-04 17:02:46,126][com.java.SeleniumDriver] [  846] - Exception: null
[INFO ][2015-12-04 17:02:46,126][com.java.SeleniumDriver] [  852] - DataField : HDNmenuTools
[INFO ][2015-12-04 17:02:46,126][com.java.SeleniumDriver] [  854] - DataValue : 
[INFO ][2015-12-04 17:02:46,126][com.java.SeleniumDriver] [  860] - <In Set values of the page>
[INFO ][2015-12-04 17:02:46,126][com.java.SeleniumDriver] [  863] - {Data Fields & Data Values Exist}
[INFO ][2015-12-04 17:02:46,126][com.java.SeleniumDriver] [  865] - --------------------------setting values-----------------------------
[INFO ][2015-12-04 17:02:46,126][com.java.SeleniumDriver] [  868] - Action Type : CLICK
[INFO ][2015-12-04 17:02:46,126][com.java.TestType] [ 5745] - Field ::HDNmenuTools
[INFO ][2015-12-04 17:02:48,319][com.java.SeleniumDriver] [  877] -  RESULT true
[INFO ][2015-12-04 17:02:48,319][com.java.SeleniumDriver] [ 1083] - ?   P A S S   ?
[INFO ][2015-12-04 17:02:48,319][com.java.SeleniumDriver] [  804] - ------------------------------------------
[INFO ][2015-12-04 17:02:48,319][com.java.SeleniumDriver] [  805] - Test case being Executed: 7
[INFO ][2015-12-04 17:02:48,319][com.java.SeleniumDriver] [  816] - Test step:38
[INFO ][2015-12-04 17:02:48,319][com.java.SeleniumDriver] [  828] - Datavalue is----------2
[INFO ][2015-12-04 17:02:48,319][com.java.SeleniumDriver] [  852] - DataField : DSPmenuProjectOptions
[INFO ][2015-12-04 17:02:48,319][com.java.SeleniumDriver] [  854] - DataValue : 2
[INFO ][2015-12-04 17:02:48,319][com.java.SeleniumDriver] [  860] - <In Set values of the page>
[INFO ][2015-12-04 17:02:48,319][com.java.SeleniumDriver] [  863] - {Data Fields & Data Values Exist}
[INFO ][2015-12-04 17:02:48,319][com.java.SeleniumDriver] [  865] - --------------------------setting values-----------------------------
[INFO ][2015-12-04 17:02:48,319][com.java.SeleniumDriver] [  868] - Action Type : WAITFORELEMENT
[INFO ][2015-12-04 17:02:50,629][com.java.SeleniumDriver] [  877] -  RESULT true
[INFO ][2015-12-04 17:02:50,629][com.java.SeleniumDriver] [ 1083] - ?   P A S S   ?
[INFO ][2015-12-04 17:02:50,629][com.java.SeleniumDriver] [  804] - ------------------------------------------
[INFO ][2015-12-04 17:02:50,629][com.java.SeleniumDriver] [  805] - Test case being Executed: 7
[INFO ][2015-12-04 17:02:50,629][com.java.SeleniumDriver] [  816] - Test step:39
[INFO ][2015-12-04 17:02:50,629][com.java.SeleniumDriver] [  828] - Datavalue is----------null
[DEBUG][2015-12-04 17:02:50,629][com.java.SeleniumDriver] [  846] - Exception: null
[INFO ][2015-12-04 17:02:50,629][com.java.SeleniumDriver] [  852] - DataField : HDNmenuProjectOptions
[INFO ][2015-12-04 17:02:50,629][com.java.SeleniumDriver] [  854] - DataValue : 
[INFO ][2015-12-04 17:02:50,629][com.java.SeleniumDriver] [  860] - <In Set values of the page>
[INFO ][2015-12-04 17:02:50,629][com.java.SeleniumDriver] [  863] - {Data Fields & Data Values Exist}
[INFO ][2015-12-04 17:02:50,629][com.java.SeleniumDriver] [  865] - --------------------------setting values-----------------------------
[INFO ][2015-12-04 17:02:50,629][com.java.SeleniumDriver] [  868] - Action Type : CLICK
[INFO ][2015-12-04 17:02:50,629][com.java.TestType] [ 5745] - Field ::HDNmenuProjectOptions
[ERROR][2015-12-04 17:02:51,709][com.java.TestType] [ 6006] - Exception in click:: null
[INFO ][2015-12-04 17:02:51,709][com.java.TestType] [ 6010] - Element ::menuProjectOptions:: not found
[INFO ][2015-12-04 17:02:51,709][com.java.SeleniumDriver] [  877] -  RESULT false
[INFO ][2015-12-04 17:02:51,709][com.java.SeleniumDriver] [  924] - ?   F A I L   ?
[INFO ][2015-12-04 17:02:51,709][com.java.SeleniumDriver] [  932] - Browser Type : IE10
[INFO ][2015-12-04 17:02:51,709][com.java.SeleniumDriver] [  933] - Adding Failed case7
[INFO ][2015-12-04 17:02:52,317][com.java.SeleniumDriver] [ 1047] - failedCases = 7
[ERROR][2015-12-04 17:02:52,317][com.java.SeleniumDriver] [ 1544] - Platform Errors : Our apologies...::We have encountered an issue with your request.::Our apologies?:We encountered an issue with your request.
[INFO ][2015-12-04 17:02:52,317][com.java.SeleniumDriver] [ 1548] - Length =3
[ERROR][2015-12-04 17:02:52,317][com.java.SeleniumDriver] [ 1551] - Error 0 = Our apologies...
[ERROR][2015-12-04 17:02:52,347][com.java.SeleniumDriver] [ 1551] - Error 1 = We have encountered an issue with your request.
[ERROR][2015-12-04 17:02:52,377][com.java.SeleniumDriver] [ 1551] - Error 2 = Our apologies?:We encountered an issue with your request.
[INFO ][2015-12-04 17:02:52,407][com.java.SeleniumDriver] [ 1562] - strError:
[DEBUG][2015-12-04 17:02:52,427][com.java.SeleniumDriver] [ 1195] - Case found
[DEBUG][2015-12-04 17:02:52,427][com.java.SeleniumDriver] [ 1200] - Incrementing ReportCounters[0]:2
[INFO ][2015-12-04 17:02:52,427][com.java.SeleniumDriver] [ 1219] - The results are-------------------[7, 39, Reconcile option, Fail, 
Test case failed at Step No. :: 39   Error Message ::  Element ::menuProjectOptions:: not found. Screen Shot : D:\BankersDashboard\TestReports\120415\7_120415_170251_IE10.png, Fri Dec 04 17:02:52 IST 2015]
[INFO ][2015-12-04 17:02:52,427][com.java.SeleniumDriver] [ 1223] - End time is-------3 min 38 sec
[INFO ][2015-12-04 17:02:52,427][com.java.SeleniumDriver] [ 1224] - The results are-------------------[7, 39, Reconcile option, Fail, 
Test case failed at Step No. :: 39   Error Message ::  Element ::menuProjectOptions:: not found. Screen Shot : D:\BankersDashboard\TestReports\120415\7_120415_170251_IE10.png, Fri Dec 04 17:02:52 IST 2015]
[DEBUG][2015-12-04 17:02:52,427][com.java.ImportnExport.ExportTestResultsExcel] [  222] - testResultPath = D:\BankersDashboard/TestReports/Test Results_BankersDashBoard_120415_165916_IE10_Any Bank USA.xls
[DEBUG][2015-12-04 17:02:52,427][com.java.ImportnExport.ExportTestResultsExcel] [  223] - browser is------------IE10
[DEBUG][2015-12-04 17:02:52,427][com.java.ImportnExport.ExportTestResultsExcel] [  270] - result.size() = 6
[DEBUG][2015-12-04 17:02:52,427][com.java.ImportnExport.ExportTestResultsExcel] [  274] - No of rows in sheet=2
[DEBUG][2015-12-04 17:02:52,427][com.java.ImportnExport.ExportTestResultsExcel] [  301] - ..in export..7
[DEBUG][2015-12-04 17:02:52,427][com.java.ImportnExport.ExportTestResultsExcel] [  301] - ..in export..Reconcile option
[DEBUG][2015-12-04 17:02:52,427][com.java.ImportnExport.ExportTestResultsExcel] [  301] - ..in export..Fail
[DEBUG][2015-12-04 17:02:52,427][com.java.ImportnExport.ExportTestResultsExcel] [  301] - ..in export..
Test case failed at Step No. :: 39   Error Message ::  Element ::menuProjectOptions:: not found. Screen Shot : D:\BankersDashboard\TestReports\120415\7_120415_170251_IE10.png
[DEBUG][2015-12-04 17:02:52,427][com.java.ImportnExport.ExportTestResultsExcel] [  301] - ..in export..Fri Dec 04 17:02:52 IST 2015
[INFO ][2015-12-04 17:02:52,427][com.java.SeleniumDriver] [ 1282] - out loop:1 size:2 TestCases:[1, 7] testcases:[1, 7]
[INFO ][2015-12-04 17:02:54,427][com.java.SeleniumDriver] [ 1325] - Total Number of Cases:2
[INFO ][2015-12-04 17:02:54,427][com.java.TemplateGenerator] [  302] - Executed:2
[INFO ][2015-12-04 17:02:54,427][com.java.TemplateGenerator] [  303] - Passed:1
[INFO ][2015-12-04 17:02:54,427][com.java.TemplateGenerator] [  304] - Failed:1
[INFO ][2015-12-04 17:02:54,427][com.java.TemplateGenerator] [  305] - Skipeed:0
[INFO ][2015-12-04 17:02:54,427][com.java.TemplateGenerator] [  306] - Application URL:https://clients-xuat.bankersdashboard.com
[INFO ][2015-12-04 17:02:54,427][com.java.TemplateGenerator] [  307] - Start Time:120415_165916
[INFO ][2015-12-04 17:02:54,427][com.java.TemplateGenerator] [  308] -  Creating HTML Report 
[ERROR][2015-12-04 17:02:54,427][com.java.TemplateGenerator] [  409] - Unparseable date: "Fri Dec 04 04:59:16 IST 2015"
[INFO ][2015-12-04 17:02:54,427][com.java.TemplateGenerator] [  654] -  Exporting case :: 1
[INFO ][2015-12-04 17:02:54,427][com.java.TemplateGenerator] [  654] -  Exporting case :: 7
[INFO ][2015-12-04 17:02:54,427][com.java.SeleniumDriver] [ 1374] - End Time:120415_170254
[INFO ][2015-12-04 17:02:54,427][com.java.SeleniumDriver] [ 1377] - Data in Test Execution Details:{1=PASS, 7=FAILTest case failed at Step No. :: 39   Error Message ::  Element ::menuProjectOptions:: not found}
[INFO ][2015-12-04 17:02:54,427][com.java.SeleniumDriver] [ 1378] - Data in Failed Execution Deatils:{}
[INFO ][2015-12-04 17:02:54,427][com.java.SeleniumDriver] [ 1380] - ReportCounter:Total:2 :: PASS: 1 ::FAIL: 1
[INFO ][2015-12-04 17:02:54,427][com.java.SeleniumDriver] [ 1381] - FailedReportCounter:Total:0 :: PASS: 0 ::FAIL: 0
[INFO ][2015-12-04 17:02:54,428][com.java.EmailTestReport] [   63] - Sending report mail details:
[INFO ][2015-12-04 17:02:54,428][com.java.EmailTestReport] [   80] - Excel Report Path:D:\BankersDashboard/TestReports/Test Results_BankersDashBoard_120415_165916_IE10_Any Bank USA.xls
[INFO ][2015-12-04 17:02:54,428][com.java.EmailTestReport] [   81] - HTML Report Path:D:\BankersDashboard//TestReports//Test Results_BankersDashBoard_120415_165916_IE10_Any Bank USA.html
[INFO ][2015-12-04 17:02:54,428][com.java.EmailTestReport] [   82] - smtpHostName:mail01.valuelabs.com
[INFO ][2015-12-04 17:02:54,428][com.java.EmailTestReport] [   83] - Recipient:venkateswararao.gubbala@valuelabs.com;
[INFO ][2015-12-04 17:02:54,428][com.java.EmailTestReport] [   84] - From:venkateswararao.gubbala@valuelabs.com;
[INFO ][2015-12-04 17:02:54,428][com.java.EmailTestReport] [   85] - Subject:Deluxe Corp Bankers Dashboard Automation Test Report - Any Bank USA - IE10
[INFO ][2015-12-04 17:02:54,448][com.java.EmailTestReport] [  143] -  Added venkateswararao.gubbala@valuelabs.com
[INFO ][2015-12-04 17:02:57,571][com.java.SeleniumDriver] [  720] - quitting the browser 
[INFO ][2015-12-04 17:02:59,308][com.java.SeleniumDriver] [  264] - Execution Completed Stopping the thread
