[INFO ][2015-12-21 18:41:51,830][com.java.SeleniumDriver] [  213] - Execute Failed Casesfalse
[INFO ][2015-12-21 18:41:51,830][com.java.SeleniumDriver] [  214] - Browser: IE10
[INFO ][2015-12-21 18:41:51,830][com.java.SeleniumDriver] [  215] - [1, 26]
[INFO ][2015-12-21 18:41:51,830][com.java.SeleniumDriver] [  216] - Total TestCases:2
[INFO ][2015-12-21 18:41:51,840][com.java.SeleniumDriver] [  217] -  Reading Properties from Property File 
[DEBUG][2015-12-21 18:41:51,840][com.java.SeleniumDriver] [  238] - url : https://clients-xuat.bankersdashboard.com
[INFO ][2015-12-21 18:41:51,840][com.java.ImportnExport.ExportTestResultsExcel] [  116] - Time Stamp Mon Dec 21 06:41:51 IST 2015
[INFO ][2015-12-21 18:41:51,840][com.java.ImportnExport.ExportTestResultsExcel] [  175] - OUT FILE : D:\BankersDashboard/TestReports/Test Results_BankersDashBoard_122115_184151_IE10_Bank of North Carolina.xls
[INFO ][2015-12-21 18:41:51,871][com.java.ImportnExport.ExportTestResultsExcel] [  180] - Test Result file is created
[DEBUG][2015-12-21 18:41:51,982][com.java.SeleniumDriver] [  426] - Hub ip address is-------172.17.68.34
[INFO ][2015-12-21 18:41:51,982][com.java.SeleniumDriver] [  452] - Grid URL:http://172.17.68.34:4444/wd/hub
[INFO ][2015-12-21 18:41:51,982][com.java.SeleniumDriver] [  453] - Capability:Capabilities [{platform=ANY, ensureCleanSession=true, ignoreProtectedModeSettings=true, acceptSslCerts=true, ignoreZoomSetting=true, browserName=internet explorer, browserstack.ie.noFlash=true, version=null}]
[ERROR][2015-12-21 18:41:53,362][com.java.SeleniumDriver] [  497] - Unable invoke browser in grid:Could not start a new session. Possible causes are invalid address of the remote server or browser start-up failure.
Build info: version: '2.48.2', revision: '41bccdd', time: '2015-10-09 19:59:12'
System info: host: 'FVTIII438F1D', ip: '172.17.68.34', os.name: 'Windows 7', os.arch: 'x86', os.version: '6.1', java.version: '1.7.0_55'
Driver info: driver.version: SeleniumDriver
[INFO ][2015-12-21 18:41:53,362][com.java.SeleniumDriver] [  499] - Executing on local machine
[INFO ][2015-12-21 18:42:04,112][com.java.SeleniumDriver] [  248] - IE10is opened
[INFO ][2015-12-21 18:42:04,934][com.java.SeleniumDriver] [  754] - Test cases to be executed are: [1, 26]
[INFO ][2015-12-21 18:42:04,995][com.java.ImportnExport.ImportTestDataDetailsExcel] [   49] - test data details path===== D:\BankersDashboard\TestInputs\TestData.xls
[INFO ][2015-12-21 18:42:05,065][com.java.SeleniumDriver] [  821] - ------------------------------------------
[INFO ][2015-12-21 18:42:05,065][com.java.SeleniumDriver] [  822] - Test case being Executed: 1
[INFO ][2015-12-21 18:42:05,065][com.java.SeleniumDriver] [  833] - Test step:1
[INFO ][2015-12-21 18:42:05,065][com.java.SeleniumDriver] [  845] - Datavalue is----------Concept#1:1-16
[INFO ][2015-12-21 18:42:05,065][com.java.SeleniumDriver] [  869] - DataField : test
[INFO ][2015-12-21 18:42:05,065][com.java.SeleniumDriver] [  871] - DataValue : Concept#1:1-16
[INFO ][2015-12-21 18:42:05,065][com.java.SeleniumDriver] [  877] - <In Set values of the page>
[INFO ][2015-12-21 18:42:05,065][com.java.SeleniumDriver] [  880] - {Data Fields & Data Values Exist}
[INFO ][2015-12-21 18:42:05,065][com.java.SeleniumDriver] [  882] - --------------------------setting values-----------------------------
[INFO ][2015-12-21 18:42:05,065][com.java.SeleniumDriver] [  885] - Action Type : ExecuteTestCase
[INFO ][2015-12-21 18:42:05,095][com.java.TestType] [  437] - The Concept sheet name is ---------- Concept
[INFO ][2015-12-21 18:42:05,095][com.java.TestType] [  440] - The Concept ID  is ---------- 1
[DEBUG][2015-12-21 18:42:05,095][com.java.TestType] [  444] - Steps being executted in the Concept are: 1:16
[INFO ][2015-12-21 18:42:05,095][com.java.TestType] [  451] - Test data details path ---------- D:\BankersDashboard\TestInputs\TestData.xls
[INFO ][2015-12-21 18:42:05,135][com.java.TestType] [  482] -  str(1) = 1
[INFO ][2015-12-21 18:42:05,135][com.java.TestType] [  485] - Test case Id is---1
[INFO ][2015-12-21 18:42:05,135][com.java.TestType] [  487] - 1
[INFO ][2015-12-21 18:42:05,135][com.java.TestType] [  482] -  str(2) = 1
[INFO ][2015-12-21 18:42:05,135][com.java.TestType] [  534] - row values are--------{1=com.java.Objects.TestDataDetails@e6570a}
[INFO ][2015-12-21 18:42:05,135][com.java.TestType] [  482] -  str(1) = 1
[INFO ][2015-12-21 18:42:05,135][com.java.TestType] [  485] - Test case Id is---1
[INFO ][2015-12-21 18:42:05,135][com.java.TestType] [  487] - 1
[INFO ][2015-12-21 18:42:05,135][com.java.TestType] [  482] -  str(2) = 2
[INFO ][2015-12-21 18:42:05,135][com.java.TestType] [  534] - row values are--------{1=com.java.Objects.TestDataDetails@e6570a, 2=com.java.Objects.TestDataDetails@164976a}
[INFO ][2015-12-21 18:42:05,135][com.java.TestType] [  482] -  str(1) = 1
[INFO ][2015-12-21 18:42:05,135][com.java.TestType] [  485] - Test case Id is---1
[INFO ][2015-12-21 18:42:05,135][com.java.TestType] [  487] - 1
[INFO ][2015-12-21 18:42:05,135][com.java.TestType] [  482] -  str(2) = 3
[INFO ][2015-12-21 18:42:05,135][com.java.TestType] [  534] - row values are--------{1=com.java.Objects.TestDataDetails@e6570a, 2=com.java.Objects.TestDataDetails@164976a, 3=com.java.Objects.TestDataDetails@182e2d1}
[INFO ][2015-12-21 18:42:05,135][com.java.TestType] [  482] -  str(1) = 1
[INFO ][2015-12-21 18:42:05,135][com.java.TestType] [  485] - Test case Id is---1
[INFO ][2015-12-21 18:42:05,135][com.java.TestType] [  487] - 1
[INFO ][2015-12-21 18:42:05,135][com.java.TestType] [  482] -  str(2) = 4
[INFO ][2015-12-21 18:42:05,145][com.java.TestType] [  534] - row values are--------{1=com.java.Objects.TestDataDetails@e6570a, 2=com.java.Objects.TestDataDetails@164976a, 3=com.java.Objects.TestDataDetails@182e2d1, 4=com.java.Objects.TestDataDetails@1c51a2b}
[INFO ][2015-12-21 18:42:05,145][com.java.TestType] [  482] -  str(1) = 1
[INFO ][2015-12-21 18:42:05,145][com.java.TestType] [  485] - Test case Id is---1
[INFO ][2015-12-21 18:42:05,145][com.java.TestType] [  487] - 1
[INFO ][2015-12-21 18:42:05,145][com.java.TestType] [  482] -  str(2) = 5
[INFO ][2015-12-21 18:42:05,145][com.java.TestType] [  534] - row values are--------{1=com.java.Objects.TestDataDetails@e6570a, 2=com.java.Objects.TestDataDetails@164976a, 3=com.java.Objects.TestDataDetails@182e2d1, 4=com.java.Objects.TestDataDetails@1c51a2b, 5=com.java.Objects.TestDataDetails@1e16eb2}
[INFO ][2015-12-21 18:42:05,145][com.java.TestType] [  482] -  str(1) = 1
[INFO ][2015-12-21 18:42:05,145][com.java.TestType] [  485] - Test case Id is---1
[INFO ][2015-12-21 18:42:05,145][com.java.TestType] [  487] - 1
[INFO ][2015-12-21 18:42:05,145][com.java.TestType] [  482] -  str(2) = 6
[INFO ][2015-12-21 18:42:05,145][com.java.TestType] [  534] - row values are--------{1=com.java.Objects.TestDataDetails@e6570a, 2=com.java.Objects.TestDataDetails@164976a, 3=com.java.Objects.TestDataDetails@182e2d1, 4=com.java.Objects.TestDataDetails@1c51a2b, 5=com.java.Objects.TestDataDetails@1e16eb2, 6=com.java.Objects.TestDataDetails@1aa9431}
[INFO ][2015-12-21 18:42:05,145][com.java.TestType] [  482] -  str(1) = 1
[INFO ][2015-12-21 18:42:05,145][com.java.TestType] [  485] - Test case Id is---1
[INFO ][2015-12-21 18:42:05,145][com.java.TestType] [  487] - 1
[INFO ][2015-12-21 18:42:05,145][com.java.TestType] [  482] -  str(2) = 7
[INFO ][2015-12-21 18:42:05,145][com.java.TestType] [  534] - row values are--------{1=com.java.Objects.TestDataDetails@e6570a, 2=com.java.Objects.TestDataDetails@164976a, 3=com.java.Objects.TestDataDetails@182e2d1, 4=com.java.Objects.TestDataDetails@1c51a2b, 5=com.java.Objects.TestDataDetails@1e16eb2, 6=com.java.Objects.TestDataDetails@1aa9431, 7=com.java.Objects.TestDataDetails@11dd4ca}
[INFO ][2015-12-21 18:42:05,145][com.java.TestType] [  482] -  str(1) = 1
[INFO ][2015-12-21 18:42:05,145][com.java.TestType] [  485] - Test case Id is---1
[INFO ][2015-12-21 18:42:05,145][com.java.TestType] [  487] - 1
[INFO ][2015-12-21 18:42:05,145][com.java.TestType] [  482] -  str(2) = 8
[INFO ][2015-12-21 18:42:05,145][com.java.TestType] [  534] - row values are--------{1=com.java.Objects.TestDataDetails@e6570a, 2=com.java.Objects.TestDataDetails@164976a, 3=com.java.Objects.TestDataDetails@182e2d1, 4=com.java.Objects.TestDataDetails@1c51a2b, 5=com.java.Objects.TestDataDetails@1e16eb2, 6=com.java.Objects.TestDataDetails@1aa9431, 7=com.java.Objects.TestDataDetails@11dd4ca, 8=com.java.Objects.TestDataDetails@c18e14}
[INFO ][2015-12-21 18:42:05,145][com.java.TestType] [  482] -  str(1) = 1
[INFO ][2015-12-21 18:42:05,145][com.java.TestType] [  485] - Test case Id is---1
[INFO ][2015-12-21 18:42:05,145][com.java.TestType] [  487] - 1
[INFO ][2015-12-21 18:42:05,145][com.java.TestType] [  482] -  str(2) = 9
[INFO ][2015-12-21 18:42:05,145][com.java.TestType] [  534] - row values are--------{1=com.java.Objects.TestDataDetails@e6570a, 2=com.java.Objects.TestDataDetails@164976a, 3=com.java.Objects.TestDataDetails@182e2d1, 4=com.java.Objects.TestDataDetails@1c51a2b, 5=com.java.Objects.TestDataDetails@1e16eb2, 6=com.java.Objects.TestDataDetails@1aa9431, 7=com.java.Objects.TestDataDetails@11dd4ca, 8=com.java.Objects.TestDataDetails@c18e14, 9=com.java.Objects.TestDataDetails@e8dfb1}
[INFO ][2015-12-21 18:42:05,145][com.java.TestType] [  482] -  str(1) = 1
[INFO ][2015-12-21 18:42:05,145][com.java.TestType] [  485] - Test case Id is---1
[INFO ][2015-12-21 18:42:05,145][com.java.TestType] [  487] - 1
[INFO ][2015-12-21 18:42:05,145][com.java.TestType] [  482] -  str(2) = 10
[INFO ][2015-12-21 18:42:05,155][com.java.TestType] [  534] - row values are--------{1=com.java.Objects.TestDataDetails@e6570a, 2=com.java.Objects.TestDataDetails@164976a, 3=com.java.Objects.TestDataDetails@182e2d1, 4=com.java.Objects.TestDataDetails@1c51a2b, 5=com.java.Objects.TestDataDetails@1e16eb2, 6=com.java.Objects.TestDataDetails@1aa9431, 7=com.java.Objects.TestDataDetails@11dd4ca, 8=com.java.Objects.TestDataDetails@c18e14, 9=com.java.Objects.TestDataDetails@e8dfb1, 10=com.java.Objects.TestDataDetails@18a0b71}
[INFO ][2015-12-21 18:42:05,155][com.java.TestType] [  482] -  str(1) = 1
[INFO ][2015-12-21 18:42:05,155][com.java.TestType] [  485] - Test case Id is---1
[INFO ][2015-12-21 18:42:05,155][com.java.TestType] [  487] - 1
[INFO ][2015-12-21 18:42:05,155][com.java.TestType] [  482] -  str(2) = 11
[INFO ][2015-12-21 18:42:05,155][com.java.TestType] [  534] - row values are--------{1=com.java.Objects.TestDataDetails@e6570a, 2=com.java.Objects.TestDataDetails@164976a, 3=com.java.Objects.TestDataDetails@182e2d1, 4=com.java.Objects.TestDataDetails@1c51a2b, 5=com.java.Objects.TestDataDetails@1e16eb2, 6=com.java.Objects.TestDataDetails@1aa9431, 7=com.java.Objects.TestDataDetails@11dd4ca, 8=com.java.Objects.TestDataDetails@c18e14, 9=com.java.Objects.TestDataDetails@e8dfb1, 10=com.java.Objects.TestDataDetails@18a0b71, 11=com.java.Objects.TestDataDetails@1f9a828}
[INFO ][2015-12-21 18:42:05,155][com.java.TestType] [  482] -  str(1) = 1
[INFO ][2015-12-21 18:42:05,155][com.java.TestType] [  485] - Test case Id is---1
[INFO ][2015-12-21 18:42:05,155][com.java.TestType] [  487] - 1
[INFO ][2015-12-21 18:42:05,155][com.java.TestType] [  482] -  str(2) = 12
[INFO ][2015-12-21 18:42:05,155][com.java.TestType] [  534] - row values are--------{1=com.java.Objects.TestDataDetails@e6570a, 2=com.java.Objects.TestDataDetails@164976a, 3=com.java.Objects.TestDataDetails@182e2d1, 4=com.java.Objects.TestDataDetails@1c51a2b, 5=com.java.Objects.TestDataDetails@1e16eb2, 6=com.java.Objects.TestDataDetails@1aa9431, 7=com.java.Objects.TestDataDetails@11dd4ca, 8=com.java.Objects.TestDataDetails@c18e14, 9=com.java.Objects.TestDataDetails@e8dfb1, 10=com.java.Objects.TestDataDetails@18a0b71, 11=com.java.Objects.TestDataDetails@1f9a828, 12=com.java.Objects.TestDataDetails@14d8b8d}
[INFO ][2015-12-21 18:42:05,155][com.java.TestType] [  482] -  str(1) = 1
[INFO ][2015-12-21 18:42:05,155][com.java.TestType] [  485] - Test case Id is---1
[INFO ][2015-12-21 18:42:05,155][com.java.TestType] [  487] - 1
[INFO ][2015-12-21 18:42:05,155][com.java.TestType] [  482] -  str(2) = 13
[INFO ][2015-12-21 18:42:05,155][com.java.TestType] [  534] - row values are--------{1=com.java.Objects.TestDataDetails@e6570a, 2=com.java.Objects.TestDataDetails@164976a, 3=com.java.Objects.TestDataDetails@182e2d1, 4=com.java.Objects.TestDataDetails@1c51a2b, 5=com.java.Objects.TestDataDetails@1e16eb2, 6=com.java.Objects.TestDataDetails@1aa9431, 7=com.java.Objects.TestDataDetails@11dd4ca, 8=com.java.Objects.TestDataDetails@c18e14, 9=com.java.Objects.TestDataDetails@e8dfb1, 10=com.java.Objects.TestDataDetails@18a0b71, 11=com.java.Objects.TestDataDetails@1f9a828, 12=com.java.Objects.TestDataDetails@14d8b8d, 13=com.java.Objects.TestDataDetails@1361707}
[INFO ][2015-12-21 18:42:05,155][com.java.TestType] [  482] -  str(1) = 1
[INFO ][2015-12-21 18:42:05,155][com.java.TestType] [  485] - Test case Id is---1
[INFO ][2015-12-21 18:42:05,155][com.java.TestType] [  487] - 1
[INFO ][2015-12-21 18:42:05,155][com.java.TestType] [  482] -  str(2) = 14
[INFO ][2015-12-21 18:42:05,155][com.java.TestType] [  534] - row values are--------{1=com.java.Objects.TestDataDetails@e6570a, 2=com.java.Objects.TestDataDetails@164976a, 3=com.java.Objects.TestDataDetails@182e2d1, 4=com.java.Objects.TestDataDetails@1c51a2b, 5=com.java.Objects.TestDataDetails@1e16eb2, 6=com.java.Objects.TestDataDetails@1aa9431, 7=com.java.Objects.TestDataDetails@11dd4ca, 8=com.java.Objects.TestDataDetails@c18e14, 9=com.java.Objects.TestDataDetails@e8dfb1, 10=com.java.Objects.TestDataDetails@18a0b71, 11=com.java.Objects.TestDataDetails@1f9a828, 12=com.java.Objects.TestDataDetails@14d8b8d, 13=com.java.Objects.TestDataDetails@1361707, 14=com.java.Objects.TestDataDetails@dd7463}
[INFO ][2015-12-21 18:42:05,155][com.java.TestType] [  482] -  str(1) = 1
[INFO ][2015-12-21 18:42:05,155][com.java.TestType] [  485] - Test case Id is---1
[INFO ][2015-12-21 18:42:05,155][com.java.TestType] [  487] - 1
[INFO ][2015-12-21 18:42:05,155][com.java.TestType] [  482] -  str(2) = 15
[INFO ][2015-12-21 18:42:05,155][com.java.TestType] [  534] - row values are--------{1=com.java.Objects.TestDataDetails@e6570a, 2=com.java.Objects.TestDataDetails@164976a, 3=com.java.Objects.TestDataDetails@182e2d1, 4=com.java.Objects.TestDataDetails@1c51a2b, 5=com.java.Objects.TestDataDetails@1e16eb2, 6=com.java.Objects.TestDataDetails@1aa9431, 7=com.java.Objects.TestDataDetails@11dd4ca, 8=com.java.Objects.TestDataDetails@c18e14, 9=com.java.Objects.TestDataDetails@e8dfb1, 10=com.java.Objects.TestDataDetails@18a0b71, 11=com.java.Objects.TestDataDetails@1f9a828, 12=com.java.Objects.TestDataDetails@14d8b8d, 13=com.java.Objects.TestDataDetails@1361707, 14=com.java.Objects.TestDataDetails@dd7463, 15=com.java.Objects.TestDataDetails@1f5784f}
[INFO ][2015-12-21 18:42:05,155][com.java.TestType] [  482] -  str(1) = 1
[INFO ][2015-12-21 18:42:05,155][com.java.TestType] [  485] - Test case Id is---1
[INFO ][2015-12-21 18:42:05,155][com.java.TestType] [  487] - 1
[INFO ][2015-12-21 18:42:05,155][com.java.TestType] [  482] -  str(2) = 16
[INFO ][2015-12-21 18:42:05,155][com.java.TestType] [  534] - row values are--------{1=com.java.Objects.TestDataDetails@e6570a, 2=com.java.Objects.TestDataDetails@164976a, 3=com.java.Objects.TestDataDetails@182e2d1, 4=com.java.Objects.TestDataDetails@1c51a2b, 5=com.java.Objects.TestDataDetails@1e16eb2, 6=com.java.Objects.TestDataDetails@1aa9431, 7=com.java.Objects.TestDataDetails@11dd4ca, 8=com.java.Objects.TestDataDetails@c18e14, 9=com.java.Objects.TestDataDetails@e8dfb1, 10=com.java.Objects.TestDataDetails@18a0b71, 11=com.java.Objects.TestDataDetails@1f9a828, 12=com.java.Objects.TestDataDetails@14d8b8d, 13=com.java.Objects.TestDataDetails@1361707, 14=com.java.Objects.TestDataDetails@dd7463, 15=com.java.Objects.TestDataDetails@1f5784f, 16=com.java.Objects.TestDataDetails@191d0d1}
[INFO ][2015-12-21 18:42:05,155][com.java.TestType] [10240] - Looping 1TCID = 1
[DEBUG][2015-12-21 18:42:05,155][com.java.TestType] [10281] - Concept ID:1 :: Step being Executed: 1::1
[INFO ][2015-12-21 18:42:05,155][com.java.TestType] [10319] - dataFields : TXTusername
[DEBUG][2015-12-21 18:42:05,155][com.java.TestType] [10325] - <In Set values of the page>
[DEBUG][2015-12-21 18:42:05,165][com.java.TestType] [10330] - {Data Fields & Data Values Exist}
[INFO ][2015-12-21 18:42:05,165][com.java.TestType] [10336] - --------------------------setting values-----------------------------
[INFO ][2015-12-21 18:42:05,165][com.java.TestType] [10339] - Action Type : CLEARANDENTER
[INFO ][2015-12-21 18:42:05,165][com.java.TestType] [ 5577] - value = valuelabs.ie10.33527
[INFO ][2015-12-21 18:42:09,930][com.java.TestType] [10358] -  RESULT true
[INFO ][2015-12-21 18:42:09,930][com.java.TestType] [10475] - ?   P A S S   ?
[DEBUG][2015-12-21 18:42:09,930][com.java.TestType] [10281] - Concept ID:1 :: Step being Executed: 1::2
[INFO ][2015-12-21 18:42:09,930][com.java.TestType] [10319] - dataFields : TXTpassword
[DEBUG][2015-12-21 18:42:09,930][com.java.TestType] [10325] - <In Set values of the page>
[DEBUG][2015-12-21 18:42:09,930][com.java.TestType] [10330] - {Data Fields & Data Values Exist}
[INFO ][2015-12-21 18:42:09,930][com.java.TestType] [10336] - --------------------------setting values-----------------------------
[INFO ][2015-12-21 18:42:09,930][com.java.TestType] [10339] - Action Type : CLEARANDENTER
[INFO ][2015-12-21 18:42:09,930][com.java.TestType] [ 5577] - value = Password1*
[INFO ][2015-12-21 18:42:14,747][com.java.TestType] [10358] -  RESULT true
[INFO ][2015-12-21 18:42:14,747][com.java.TestType] [10475] - ?   P A S S   ?
[DEBUG][2015-12-21 18:42:14,747][com.java.TestType] [10281] - Concept ID:1 :: Step being Executed: 1::3
[ERROR][2015-12-21 18:42:14,747][com.java.TestType] [10314] - Exception: null
[INFO ][2015-12-21 18:42:14,747][com.java.TestType] [10319] - dataFields : XPH//button[@type='submit']
[DEBUG][2015-12-21 18:42:14,747][com.java.TestType] [10325] - <In Set values of the page>
[DEBUG][2015-12-21 18:42:14,747][com.java.TestType] [10330] - {Data Fields & Data Values Exist}
[INFO ][2015-12-21 18:42:14,747][com.java.TestType] [10336] - --------------------------setting values-----------------------------
[INFO ][2015-12-21 18:42:14,747][com.java.TestType] [10339] - Action Type : Click
[INFO ][2015-12-21 18:42:14,747][com.java.TestType] [ 5956] - Field ::XPH//button[@type='submit']
[INFO ][2015-12-21 18:42:14,747][com.java.TestType] [ 5577] - value = 
[INFO ][2015-12-21 18:42:15,747][com.java.TestType] [ 6093] - BEFORE CLICK
[INFO ][2015-12-21 18:42:16,589][com.java.TestType] [ 6101] - Unable to click the object Login
[INFO ][2015-12-21 18:42:16,589][com.java.TestType] [10358] -  RESULT true
[INFO ][2015-12-21 18:42:16,589][com.java.TestType] [10475] - ?   P A S S   ?
[DEBUG][2015-12-21 18:42:16,589][com.java.TestType] [10281] - Concept ID:1 :: Step being Executed: 1::4
[INFO ][2015-12-21 18:42:16,589][com.java.TestType] [10319] - dataFields : LNKLogout
[DEBUG][2015-12-21 18:42:16,589][com.java.TestType] [10325] - <In Set values of the page>
[DEBUG][2015-12-21 18:42:16,589][com.java.TestType] [10330] - {Data Fields & Data Values Exist}
[INFO ][2015-12-21 18:42:16,589][com.java.TestType] [10336] - --------------------------setting values-----------------------------
[INFO ][2015-12-21 18:42:16,589][com.java.TestType] [10339] - Action Type : WaitForElement
[INFO ][2015-12-21 18:42:20,015][com.java.TestType] [10358] -  RESULT true
[INFO ][2015-12-21 18:42:20,015][com.java.TestType] [10475] - ?   P A S S   ?
[DEBUG][2015-12-21 18:42:20,015][com.java.TestType] [10281] - Concept ID:1 :: Step being Executed: 1::15
[INFO ][2015-12-21 18:42:20,015][com.java.TestType] [10319] - dataFields : LNK
[DEBUG][2015-12-21 18:42:20,015][com.java.TestType] [10325] - <In Set values of the page>
[DEBUG][2015-12-21 18:42:20,015][com.java.TestType] [10330] - {Data Fields & Data Values Exist}
[INFO ][2015-12-21 18:42:20,015][com.java.TestType] [10336] - --------------------------setting values-----------------------------
[INFO ][2015-12-21 18:42:20,015][com.java.TestType] [10339] - Action Type : Verify
[INFO ][2015-12-21 18:42:20,015][com.java.TestType] [ 6926] - field= LNK value= Logout
[INFO ][2015-12-21 18:42:20,015][com.java.TestType] [ 5577] - value = Logout
[INFO ][2015-12-21 18:42:20,056][com.java.TestType] [10358] -  RESULT true
[INFO ][2015-12-21 18:42:20,056][com.java.TestType] [10475] - ?   P A S S   ?
[DEBUG][2015-12-21 18:42:20,056][com.java.TestType] [10281] - Concept ID:1 :: Step being Executed: 1::16
[INFO ][2015-12-21 18:42:20,056][com.java.TestType] [10319] - dataFields : BTN
[DEBUG][2015-12-21 18:42:20,056][com.java.TestType] [10325] - <In Set values of the page>
[DEBUG][2015-12-21 18:42:20,056][com.java.TestType] [10330] - {Data Fields & Data Values Exist}
[INFO ][2015-12-21 18:42:20,056][com.java.TestType] [10336] - --------------------------setting values-----------------------------
[INFO ][2015-12-21 18:42:20,056][com.java.TestType] [10339] - Action Type : Verify
[INFO ][2015-12-21 18:42:20,056][com.java.TestType] [ 6926] - field= BTN value= //img[contains(@src,'bdlogo.jpg')]
[INFO ][2015-12-21 18:42:20,056][com.java.TestType] [ 5577] - value = //img[contains(@src,'bdlogo.jpg')]
[INFO ][2015-12-21 18:42:20,174][com.java.TestType] [10358] -  RESULT true
[INFO ][2015-12-21 18:42:20,174][com.java.TestType] [10475] - ?   P A S S   ?
[INFO ][2015-12-21 18:42:20,174][com.java.TestType] [10546] - Looping End......
[INFO ][2015-12-21 18:42:20,174][com.java.SeleniumDriver] [  894] -  RESULT true
[INFO ][2015-12-21 18:42:20,174][com.java.SeleniumDriver] [ 1100] - ?   P A S S   ?
[INFO ][2015-12-21 18:42:20,174][com.java.SeleniumDriver] [  821] - ------------------------------------------
[INFO ][2015-12-21 18:42:20,174][com.java.SeleniumDriver] [  822] - Test case being Executed: 1
[INFO ][2015-12-21 18:42:20,174][com.java.SeleniumDriver] [  833] - Test step:2
[INFO ][2015-12-21 18:42:20,174][com.java.SeleniumDriver] [  845] - Datavalue is----------Concept#2:1-2
[INFO ][2015-12-21 18:42:20,174][com.java.SeleniumDriver] [  869] - DataField : test
[INFO ][2015-12-21 18:42:20,174][com.java.SeleniumDriver] [  871] - DataValue : Concept#2:1-2
[INFO ][2015-12-21 18:42:20,174][com.java.SeleniumDriver] [  877] - <In Set values of the page>
[INFO ][2015-12-21 18:42:20,174][com.java.SeleniumDriver] [  880] - {Data Fields & Data Values Exist}
[INFO ][2015-12-21 18:42:20,174][com.java.SeleniumDriver] [  882] - --------------------------setting values-----------------------------
[INFO ][2015-12-21 18:42:20,174][com.java.SeleniumDriver] [  885] - Action Type : ExecuteTestCase
[INFO ][2015-12-21 18:42:20,174][com.java.TestType] [  437] - The Concept sheet name is ---------- Concept
[INFO ][2015-12-21 18:42:20,174][com.java.TestType] [  440] - The Concept ID  is ---------- 2
[DEBUG][2015-12-21 18:42:20,174][com.java.TestType] [  444] - Steps being executted in the Concept are: 1:2
[INFO ][2015-12-21 18:42:20,174][com.java.TestType] [  451] - Test data details path ---------- D:\BankersDashboard\TestInputs\TestData.xls
[INFO ][2015-12-21 18:42:20,204][com.java.TestType] [  482] -  str(1) = 2
[INFO ][2015-12-21 18:42:20,204][com.java.TestType] [  485] - Test case Id is---2
[INFO ][2015-12-21 18:42:20,204][com.java.TestType] [  487] - 2
[INFO ][2015-12-21 18:42:20,204][com.java.TestType] [  482] -  str(2) = 1
[INFO ][2015-12-21 18:42:20,204][com.java.TestType] [  534] - row values are--------{1=com.java.Objects.TestDataDetails@18cdf2}
[INFO ][2015-12-21 18:42:20,204][com.java.TestType] [  482] -  str(1) = 2
[INFO ][2015-12-21 18:42:20,204][com.java.TestType] [  485] - Test case Id is---2
[INFO ][2015-12-21 18:42:20,204][com.java.TestType] [  487] - 2
[INFO ][2015-12-21 18:42:20,204][com.java.TestType] [  482] -  str(2) = 2
[INFO ][2015-12-21 18:42:20,214][com.java.TestType] [  534] - row values are--------{1=com.java.Objects.TestDataDetails@18cdf2, 2=com.java.Objects.TestDataDetails@635e35}
[INFO ][2015-12-21 18:42:20,214][com.java.TestType] [  482] -  str(1) = 2
[INFO ][2015-12-21 18:42:20,214][com.java.TestType] [  485] - Test case Id is---2
[INFO ][2015-12-21 18:42:20,214][com.java.TestType] [  487] - 2
[INFO ][2015-12-21 18:42:20,214][com.java.TestType] [  482] -  str(2) = 3
[INFO ][2015-12-21 18:42:20,214][com.java.TestType] [  534] - row values are--------{1=com.java.Objects.TestDataDetails@18cdf2, 2=com.java.Objects.TestDataDetails@635e35, 3=com.java.Objects.TestDataDetails@11f741a}
[INFO ][2015-12-21 18:42:20,214][com.java.TestType] [10240] - Looping 1TCID = 2
[DEBUG][2015-12-21 18:42:20,214][com.java.TestType] [10281] - Concept ID:2 :: Step being Executed: 2::1
[INFO ][2015-12-21 18:42:20,214][com.java.TestType] [10319] - dataFields : BNK//select[@id='bank']
[DEBUG][2015-12-21 18:42:20,214][com.java.TestType] [10325] - <In Set values of the page>
[DEBUG][2015-12-21 18:42:20,214][com.java.TestType] [10330] - {Data Fields & Data Values Exist}
[INFO ][2015-12-21 18:42:20,214][com.java.TestType] [10336] - --------------------------setting values-----------------------------
[INFO ][2015-12-21 18:42:20,214][com.java.TestType] [10339] - Action Type : Select
[INFO ][2015-12-21 18:42:20,214][com.java.TestType] [ 5577] - value = PFC
[INFO ][2015-12-21 18:42:20,404][com.java.TestType] [10358] -  RESULT true
[INFO ][2015-12-21 18:42:20,404][com.java.TestType] [10475] - ?   P A S S   ?
[DEBUG][2015-12-21 18:42:20,404][com.java.TestType] [10281] - Concept ID:2 :: Step being Executed: 2::2
[INFO ][2015-12-21 18:42:20,404][com.java.TestType] [10319] - dataFields : LNKLogout
[DEBUG][2015-12-21 18:42:20,404][com.java.TestType] [10325] - <In Set values of the page>
[DEBUG][2015-12-21 18:42:20,404][com.java.TestType] [10330] - {Data Fields & Data Values Exist}
[INFO ][2015-12-21 18:42:20,404][com.java.TestType] [10336] - --------------------------setting values-----------------------------
[INFO ][2015-12-21 18:42:20,404][com.java.TestType] [10339] - Action Type : WaitTime
[DEBUG][2015-12-21 18:42:20,404][com.java.TestType] [ 5397] - sleepTime: 5000
[INFO ][2015-12-21 18:42:25,409][com.java.TestType] [10358] -  RESULT true
[INFO ][2015-12-21 18:42:25,409][com.java.TestType] [10475] - ?   P A S S   ?
[INFO ][2015-12-21 18:42:25,409][com.java.TestType] [10546] - Looping End......
[INFO ][2015-12-21 18:42:25,409][com.java.SeleniumDriver] [  894] -  RESULT true
[INFO ][2015-12-21 18:42:25,409][com.java.SeleniumDriver] [ 1100] - ?   P A S S   ?
[INFO ][2015-12-21 18:42:25,409][com.java.SeleniumDriver] [  821] - ------------------------------------------
[INFO ][2015-12-21 18:42:25,409][com.java.SeleniumDriver] [  822] - Test case being Executed: 1
[INFO ][2015-12-21 18:42:25,409][com.java.SeleniumDriver] [  833] - Test step:3
[INFO ][2015-12-21 18:42:25,409][com.java.SeleniumDriver] [  845] - Datavalue is----------2
[INFO ][2015-12-21 18:42:25,409][com.java.SeleniumDriver] [  869] - DataField : XPH//button[contains(text(),'Add Content')]
[INFO ][2015-12-21 18:42:25,409][com.java.SeleniumDriver] [  871] - DataValue : 2
[INFO ][2015-12-21 18:42:25,409][com.java.SeleniumDriver] [  877] - <In Set values of the page>
[INFO ][2015-12-21 18:42:25,409][com.java.SeleniumDriver] [  880] - {Data Fields & Data Values Exist}
[INFO ][2015-12-21 18:42:25,409][com.java.SeleniumDriver] [  882] - --------------------------setting values-----------------------------
[INFO ][2015-12-21 18:42:25,409][com.java.SeleniumDriver] [  885] - Action Type : WAITFORELEMENT
[INFO ][2015-12-21 18:42:25,450][com.java.SeleniumDriver] [  894] -  RESULT true
[INFO ][2015-12-21 18:42:25,450][com.java.SeleniumDriver] [ 1100] - ?   P A S S   ?
[DEBUG][2015-12-21 18:42:25,450][com.java.SeleniumDriver] [ 1212] - Case found
[DEBUG][2015-12-21 18:42:25,450][com.java.SeleniumDriver] [ 1217] - Incrementing ReportCounters[0]:1
[INFO ][2015-12-21 18:42:25,450][com.java.SeleniumDriver] [ 1236] - The results are-------------------[1, 1, Valid Login, Pass, , Mon Dec 21 18:42:20 IST 2015, 1, 2, Valid Login, Pass, , Mon Dec 21 18:42:25 IST 2015, 1, 3, Valid Login, Pass, , Mon Dec 21 18:42:25 IST 2015]
[INFO ][2015-12-21 18:42:25,450][com.java.SeleniumDriver] [ 1240] - End time is-------35 sec
[INFO ][2015-12-21 18:42:25,450][com.java.SeleniumDriver] [ 1241] - The results are-------------------[1, 1, Valid Login, Pass, , Mon Dec 21 18:42:20 IST 2015, 1, 2, Valid Login, Pass, , Mon Dec 21 18:42:25 IST 2015, 1, 3, Valid Login, Pass, , Mon Dec 21 18:42:25 IST 2015]
[DEBUG][2015-12-21 18:42:25,450][com.java.ImportnExport.ExportTestResultsExcel] [  222] - testResultPath = D:\BankersDashboard/TestReports/Test Results_BankersDashBoard_122115_184151_IE10_Bank of North Carolina.xls
[DEBUG][2015-12-21 18:42:25,450][com.java.ImportnExport.ExportTestResultsExcel] [  223] - browser is------------IE10
[DEBUG][2015-12-21 18:42:25,500][com.java.ImportnExport.ExportTestResultsExcel] [  270] - result.size() = 18
[DEBUG][2015-12-21 18:42:25,500][com.java.ImportnExport.ExportTestResultsExcel] [  274] - No of rows in sheet=1
[DEBUG][2015-12-21 18:42:25,500][com.java.ImportnExport.ExportTestResultsExcel] [  301] - ..in export..1
[DEBUG][2015-12-21 18:42:25,500][com.java.ImportnExport.ExportTestResultsExcel] [  301] - ..in export..Valid Login
[DEBUG][2015-12-21 18:42:25,500][com.java.ImportnExport.ExportTestResultsExcel] [  301] - ..in export..Pass
[DEBUG][2015-12-21 18:42:25,500][com.java.ImportnExport.ExportTestResultsExcel] [  301] - ..in export..
[DEBUG][2015-12-21 18:42:25,500][com.java.ImportnExport.ExportTestResultsExcel] [  301] - ..in export..Mon Dec 21 18:42:20 IST 2015
[INFO ][2015-12-21 18:42:25,510][com.java.SeleniumDriver] [ 1299] - out loop:0 size:2 TestCases:[1, 26] testcases:[1, 26]
[INFO ][2015-12-21 18:42:25,510][com.java.ImportnExport.ImportTestDataDetailsExcel] [   49] - test data details path===== D:\BankersDashboard\TestInputs\TestData.xls
[INFO ][2015-12-21 18:42:46,374][com.java.SeleniumDriver] [  821] - ------------------------------------------
[INFO ][2015-12-21 18:42:46,374][com.java.SeleniumDriver] [  822] - Test case being Executed: 26
[INFO ][2015-12-21 18:42:46,374][com.java.SeleniumDriver] [  833] - Test step:1
[INFO ][2015-12-21 18:42:46,374][com.java.SeleniumDriver] [  845] - Datavalue is----------Logout
[INFO ][2015-12-21 18:42:46,374][com.java.SeleniumDriver] [  869] - DataField : BTN
[INFO ][2015-12-21 18:42:46,374][com.java.SeleniumDriver] [  871] - DataValue : Logout
[INFO ][2015-12-21 18:42:46,374][com.java.SeleniumDriver] [  877] - <In Set values of the page>
[INFO ][2015-12-21 18:42:46,374][com.java.SeleniumDriver] [  880] - {Data Fields & Data Values Exist}
[INFO ][2015-12-21 18:42:46,374][com.java.SeleniumDriver] [  882] - --------------------------setting values-----------------------------
[INFO ][2015-12-21 18:42:46,374][com.java.SeleniumDriver] [  885] - Action Type : Verify
[INFO ][2015-12-21 18:42:46,374][com.java.TestType] [ 6926] - field= BTN value= Logout
[INFO ][2015-12-21 18:42:46,374][com.java.TestType] [ 5577] - value = Logout
[INFO ][2015-12-21 18:42:46,445][com.java.SeleniumDriver] [  894] -  RESULT true
[INFO ][2015-12-21 18:42:46,445][com.java.SeleniumDriver] [ 1100] - ?   P A S S   ?
[INFO ][2015-12-21 18:42:46,445][com.java.SeleniumDriver] [ 1142] - step change to 3
[INFO ][2015-12-21 18:42:46,445][com.java.SeleniumDriver] [  821] - ------------------------------------------
[INFO ][2015-12-21 18:42:46,445][com.java.SeleniumDriver] [  822] - Test case being Executed: 26
[INFO ][2015-12-21 18:42:46,445][com.java.SeleniumDriver] [  833] - Test step:3
[INFO ][2015-12-21 18:42:46,445][com.java.SeleniumDriver] [  845] - Datavalue is----------Concept#2:1-2
[INFO ][2015-12-21 18:42:46,445][com.java.SeleniumDriver] [  869] - DataField : test
[INFO ][2015-12-21 18:42:46,445][com.java.SeleniumDriver] [  871] - DataValue : Concept#2:1-2
[INFO ][2015-12-21 18:42:46,445][com.java.SeleniumDriver] [  877] - <In Set values of the page>
[INFO ][2015-12-21 18:42:46,445][com.java.SeleniumDriver] [  880] - {Data Fields & Data Values Exist}
[INFO ][2015-12-21 18:42:46,445][com.java.SeleniumDriver] [  882] - --------------------------setting values-----------------------------
[INFO ][2015-12-21 18:42:46,445][com.java.SeleniumDriver] [  885] - Action Type : ExecuteTestCase
[INFO ][2015-12-21 18:42:46,445][com.java.TestType] [  437] - The Concept sheet name is ---------- Concept
[INFO ][2015-12-21 18:42:46,445][com.java.TestType] [  440] - The Concept ID  is ---------- 2
[DEBUG][2015-12-21 18:42:46,445][com.java.TestType] [  444] - Steps being executted in the Concept are: 1:2
[INFO ][2015-12-21 18:42:46,445][com.java.TestType] [  451] - Test data details path ---------- D:\BankersDashboard\TestInputs\TestData.xls
[INFO ][2015-12-21 18:42:46,475][com.java.TestType] [  482] -  str(1) = 2
[INFO ][2015-12-21 18:42:46,475][com.java.TestType] [  485] - Test case Id is---2
[INFO ][2015-12-21 18:42:46,475][com.java.TestType] [  487] - 2
[INFO ][2015-12-21 18:42:46,475][com.java.TestType] [  482] -  str(2) = 1
[INFO ][2015-12-21 18:42:46,475][com.java.TestType] [  534] - row values are--------{1=com.java.Objects.TestDataDetails@154dd88}
[INFO ][2015-12-21 18:42:46,475][com.java.TestType] [  482] -  str(1) = 2
[INFO ][2015-12-21 18:42:46,475][com.java.TestType] [  485] - Test case Id is---2
[INFO ][2015-12-21 18:42:46,475][com.java.TestType] [  487] - 2
[INFO ][2015-12-21 18:42:46,475][com.java.TestType] [  482] -  str(2) = 2
[INFO ][2015-12-21 18:42:46,475][com.java.TestType] [  534] - row values are--------{1=com.java.Objects.TestDataDetails@154dd88, 2=com.java.Objects.TestDataDetails@d6ef}
[INFO ][2015-12-21 18:42:46,475][com.java.TestType] [  482] -  str(1) = 2
[INFO ][2015-12-21 18:42:46,475][com.java.TestType] [  485] - Test case Id is---2
[INFO ][2015-12-21 18:42:46,475][com.java.TestType] [  487] - 2
[INFO ][2015-12-21 18:42:46,475][com.java.TestType] [  482] -  str(2) = 3
[INFO ][2015-12-21 18:42:46,475][com.java.TestType] [  534] - row values are--------{1=com.java.Objects.TestDataDetails@154dd88, 2=com.java.Objects.TestDataDetails@d6ef, 3=com.java.Objects.TestDataDetails@1dea872}
[INFO ][2015-12-21 18:42:46,475][com.java.TestType] [10240] - Looping 1TCID = 2
[DEBUG][2015-12-21 18:42:46,475][com.java.TestType] [10281] - Concept ID:2 :: Step being Executed: 2::1
[INFO ][2015-12-21 18:42:46,475][com.java.TestType] [10319] - dataFields : BNK//select[@id='bank']
[DEBUG][2015-12-21 18:42:46,475][com.java.TestType] [10325] - <In Set values of the page>
[DEBUG][2015-12-21 18:42:46,475][com.java.TestType] [10330] - {Data Fields & Data Values Exist}
[INFO ][2015-12-21 18:42:46,475][com.java.TestType] [10336] - --------------------------setting values-----------------------------
[INFO ][2015-12-21 18:42:46,475][com.java.TestType] [10339] - Action Type : Select
[INFO ][2015-12-21 18:42:46,475][com.java.TestType] [ 5577] - value = PFC
[INFO ][2015-12-21 18:42:46,665][com.java.TestType] [10358] -  RESULT true
[INFO ][2015-12-21 18:42:46,665][com.java.TestType] [10475] - ?   P A S S   ?
[DEBUG][2015-12-21 18:42:46,665][com.java.TestType] [10281] - Concept ID:2 :: Step being Executed: 2::2
[INFO ][2015-12-21 18:42:46,665][com.java.TestType] [10319] - dataFields : LNKLogout
[DEBUG][2015-12-21 18:42:46,665][com.java.TestType] [10325] - <In Set values of the page>
[DEBUG][2015-12-21 18:42:46,665][com.java.TestType] [10330] - {Data Fields & Data Values Exist}
[INFO ][2015-12-21 18:42:46,665][com.java.TestType] [10336] - --------------------------setting values-----------------------------
[INFO ][2015-12-21 18:42:46,665][com.java.TestType] [10339] - Action Type : WaitTime
[DEBUG][2015-12-21 18:42:46,665][com.java.TestType] [ 5397] - sleepTime: 5000
[INFO ][2015-12-21 18:42:51,665][com.java.TestType] [10358] -  RESULT true
[INFO ][2015-12-21 18:42:51,665][com.java.TestType] [10475] - ?   P A S S   ?
[INFO ][2015-12-21 18:42:51,665][com.java.TestType] [10546] - Looping End......
[INFO ][2015-12-21 18:42:51,665][com.java.SeleniumDriver] [  894] -  RESULT true
[INFO ][2015-12-21 18:42:51,665][com.java.SeleniumDriver] [ 1100] - ?   P A S S   ?
[INFO ][2015-12-21 18:42:51,665][com.java.SeleniumDriver] [  821] - ------------------------------------------
[INFO ][2015-12-21 18:42:51,665][com.java.SeleniumDriver] [  822] - Test case being Executed: 26
[INFO ][2015-12-21 18:42:51,665][com.java.SeleniumDriver] [  833] - Test step:4
[INFO ][2015-12-21 18:42:51,665][com.java.SeleniumDriver] [  845] - Datavalue is----------null
[DEBUG][2015-12-21 18:42:51,665][com.java.SeleniumDriver] [  863] - Exception: null
[INFO ][2015-12-21 18:42:51,665][com.java.SeleniumDriver] [  869] - DataField : //span[@class='icon-cog2']&&//a[@data-id="UserSettings"]
[INFO ][2015-12-21 18:42:51,665][com.java.SeleniumDriver] [  871] - DataValue : 
[INFO ][2015-12-21 18:42:51,665][com.java.SeleniumDriver] [  877] - <In Set values of the page>
[INFO ][2015-12-21 18:42:51,665][com.java.SeleniumDriver] [  880] - {Data Fields & Data Values Exist}
[INFO ][2015-12-21 18:42:51,665][com.java.SeleniumDriver] [  882] - --------------------------setting values-----------------------------
[INFO ][2015-12-21 18:42:51,665][com.java.SeleniumDriver] [  885] - Action Type : MOUSEOVER
[INFO ][2015-12-21 18:43:14,722][com.java.SeleniumDriver] [  894] -  RESULT true
[INFO ][2015-12-21 18:43:14,722][com.java.SeleniumDriver] [ 1100] - ?   P A S S   ?
[INFO ][2015-12-21 18:43:14,722][com.java.SeleniumDriver] [  821] - ------------------------------------------
[INFO ][2015-12-21 18:43:14,722][com.java.SeleniumDriver] [  822] - Test case being Executed: 26
[INFO ][2015-12-21 18:43:14,722][com.java.SeleniumDriver] [  833] - Test step:5
[INFO ][2015-12-21 18:43:14,722][com.java.SeleniumDriver] [  845] - Datavalue is----------2
[INFO ][2015-12-21 18:43:14,722][com.java.SeleniumDriver] [  869] - DataField : BTNframeDialogContent
[INFO ][2015-12-21 18:43:14,722][com.java.SeleniumDriver] [  871] - DataValue : 2
[INFO ][2015-12-21 18:43:14,722][com.java.SeleniumDriver] [  877] - <In Set values of the page>
[INFO ][2015-12-21 18:43:14,722][com.java.SeleniumDriver] [  880] - {Data Fields & Data Values Exist}
[INFO ][2015-12-21 18:43:14,722][com.java.SeleniumDriver] [  882] - --------------------------setting values-----------------------------
[INFO ][2015-12-21 18:43:14,722][com.java.SeleniumDriver] [  885] - Action Type : WAITFORELEMENT
[INFO ][2015-12-21 18:43:15,923][com.java.SeleniumDriver] [  894] -  RESULT true
[INFO ][2015-12-21 18:43:15,923][com.java.SeleniumDriver] [ 1100] - ?   P A S S   ?
[INFO ][2015-12-21 18:43:15,923][com.java.SeleniumDriver] [  821] - ------------------------------------------
[INFO ][2015-12-21 18:43:15,923][com.java.SeleniumDriver] [  822] - Test case being Executed: 26
[INFO ][2015-12-21 18:43:15,923][com.java.SeleniumDriver] [  833] - Test step:6
[INFO ][2015-12-21 18:43:15,923][com.java.SeleniumDriver] [  845] - Datavalue is----------User Settings
[INFO ][2015-12-21 18:43:15,923][com.java.SeleniumDriver] [  869] - DataField : XPH//span[@class="ui-dialog-title"]
[INFO ][2015-12-21 18:43:15,923][com.java.SeleniumDriver] [  871] - DataValue : User Settings
[INFO ][2015-12-21 18:43:15,923][com.java.SeleniumDriver] [  877] - <In Set values of the page>
[INFO ][2015-12-21 18:43:15,923][com.java.SeleniumDriver] [  880] - {Data Fields & Data Values Exist}
[INFO ][2015-12-21 18:43:15,923][com.java.SeleniumDriver] [  882] - --------------------------setting values-----------------------------
[INFO ][2015-12-21 18:43:15,923][com.java.SeleniumDriver] [  885] - Action Type : VERIFY
[INFO ][2015-12-21 18:43:15,923][com.java.TestType] [ 6926] - field= XPH//span[@class="ui-dialog-title"] value= User Settings
[INFO ][2015-12-21 18:43:15,923][com.java.TestType] [ 5577] - value = User Settings
[INFO ][2015-12-21 18:43:16,074][com.java.SeleniumDriver] [  894] -  RESULT true
[INFO ][2015-12-21 18:43:16,074][com.java.SeleniumDriver] [ 1100] - ?   P A S S   ?
[INFO ][2015-12-21 18:43:16,074][com.java.SeleniumDriver] [  821] - ------------------------------------------
[INFO ][2015-12-21 18:43:16,074][com.java.SeleniumDriver] [  822] - Test case being Executed: 26
[INFO ][2015-12-21 18:43:16,074][com.java.SeleniumDriver] [  833] - Test step:7
[INFO ][2015-12-21 18:43:16,074][com.java.SeleniumDriver] [  845] - Datavalue is----------null
[DEBUG][2015-12-21 18:43:16,074][com.java.SeleniumDriver] [  863] - Exception: null
[INFO ][2015-12-21 18:43:16,074][com.java.SeleniumDriver] [  869] - DataField : BTNframeDialogContent
[INFO ][2015-12-21 18:43:16,074][com.java.SeleniumDriver] [  871] - DataValue : 
[INFO ][2015-12-21 18:43:16,074][com.java.SeleniumDriver] [  877] - <In Set values of the page>
[INFO ][2015-12-21 18:43:16,074][com.java.SeleniumDriver] [  880] - {Data Fields & Data Values Exist}
[INFO ][2015-12-21 18:43:16,074][com.java.SeleniumDriver] [  882] - --------------------------setting values-----------------------------
[INFO ][2015-12-21 18:43:16,074][com.java.SeleniumDriver] [  885] - Action Type : SELECTFRAME
[INFO ][2015-12-21 18:43:17,315][com.java.SeleniumDriver] [  894] -  RESULT true
[INFO ][2015-12-21 18:43:17,315][com.java.SeleniumDriver] [ 1100] - ?   P A S S   ?
[INFO ][2015-12-21 18:43:17,315][com.java.SeleniumDriver] [  821] - ------------------------------------------
[INFO ][2015-12-21 18:43:17,315][com.java.SeleniumDriver] [  822] - Test case being Executed: 26
[INFO ][2015-12-21 18:43:17,315][com.java.SeleniumDriver] [  833] - Test step:8
[INFO ][2015-12-21 18:43:17,315][com.java.SeleniumDriver] [  845] - Datavalue is----------No
[INFO ][2015-12-21 18:43:17,315][com.java.SeleniumDriver] [  869] - DataField : SLBddlPDFToScreen
[INFO ][2015-12-21 18:43:17,315][com.java.SeleniumDriver] [  871] - DataValue : No
[INFO ][2015-12-21 18:43:17,315][com.java.SeleniumDriver] [  877] - <In Set values of the page>
[INFO ][2015-12-21 18:43:17,315][com.java.SeleniumDriver] [  880] - {Data Fields & Data Values Exist}
[INFO ][2015-12-21 18:43:17,315][com.java.SeleniumDriver] [  882] - --------------------------setting values-----------------------------
[INFO ][2015-12-21 18:43:17,315][com.java.SeleniumDriver] [  885] - Action Type : SELECT
[INFO ][2015-12-21 18:43:17,315][com.java.TestType] [ 5577] - value = No
[INFO ][2015-12-21 18:43:19,620][com.java.SeleniumDriver] [  894] -  RESULT true
[INFO ][2015-12-21 18:43:19,620][com.java.SeleniumDriver] [ 1100] - ?   P A S S   ?
[INFO ][2015-12-21 18:43:19,620][com.java.SeleniumDriver] [  821] - ------------------------------------------
[INFO ][2015-12-21 18:43:19,620][com.java.SeleniumDriver] [  822] - Test case being Executed: 26
[INFO ][2015-12-21 18:43:19,620][com.java.SeleniumDriver] [  833] - Test step:9
[INFO ][2015-12-21 18:43:19,620][com.java.SeleniumDriver] [  845] - Datavalue is----------null
[DEBUG][2015-12-21 18:43:19,620][com.java.SeleniumDriver] [  863] - Exception: null
[INFO ][2015-12-21 18:43:19,620][com.java.SeleniumDriver] [  869] - DataField : BTNparent
[INFO ][2015-12-21 18:43:19,620][com.java.SeleniumDriver] [  871] - DataValue : 
[INFO ][2015-12-21 18:43:19,620][com.java.SeleniumDriver] [  877] - <In Set values of the page>
[INFO ][2015-12-21 18:43:19,620][com.java.SeleniumDriver] [  880] - {Data Fields & Data Values Exist}
[INFO ][2015-12-21 18:43:19,620][com.java.SeleniumDriver] [  882] - --------------------------setting values-----------------------------
[INFO ][2015-12-21 18:43:19,620][com.java.SeleniumDriver] [  885] - Action Type : SELECTFRAME
[INFO ][2015-12-21 18:43:19,630][com.java.SeleniumDriver] [  894] -  RESULT true
[INFO ][2015-12-21 18:43:19,630][com.java.SeleniumDriver] [ 1100] - ?   P A S S   ?
[INFO ][2015-12-21 18:43:19,630][com.java.SeleniumDriver] [  821] - ------------------------------------------
[INFO ][2015-12-21 18:43:19,630][com.java.SeleniumDriver] [  822] - Test case being Executed: 26
[INFO ][2015-12-21 18:43:19,630][com.java.SeleniumDriver] [  833] - Test step:10
[INFO ][2015-12-21 18:43:19,630][com.java.SeleniumDriver] [  845] - Datavalue is----------null
[DEBUG][2015-12-21 18:43:19,630][com.java.SeleniumDriver] [  863] - Exception: null
[INFO ][2015-12-21 18:43:19,630][com.java.SeleniumDriver] [  869] - DataField : XPH//span[@class="ui-button-text" and contains(text(),'Finished')]
[INFO ][2015-12-21 18:43:19,630][com.java.SeleniumDriver] [  871] - DataValue : 
[INFO ][2015-12-21 18:43:19,630][com.java.SeleniumDriver] [  877] - <In Set values of the page>
[INFO ][2015-12-21 18:43:19,630][com.java.SeleniumDriver] [  880] - {Data Fields & Data Values Exist}
[INFO ][2015-12-21 18:43:19,630][com.java.SeleniumDriver] [  882] - --------------------------setting values-----------------------------
[INFO ][2015-12-21 18:43:19,630][com.java.SeleniumDriver] [  885] - Action Type : CLICK
[INFO ][2015-12-21 18:43:19,630][com.java.TestType] [ 5956] - Field ::XPH//span[@class="ui-button-text" and contains(text(),'Finished')]
[INFO ][2015-12-21 18:43:19,630][com.java.TestType] [ 5577] - value = 
[INFO ][2015-12-21 18:43:20,630][com.java.TestType] [ 6093] - BEFORE CLICK
[INFO ][2015-12-21 18:43:21,570][com.java.TestType] [ 6101] - Unable to click the object Finish Button
[INFO ][2015-12-21 18:43:21,570][com.java.SeleniumDriver] [  894] -  RESULT true
[INFO ][2015-12-21 18:43:21,570][com.java.SeleniumDriver] [ 1100] - ?   P A S S   ?
[INFO ][2015-12-21 18:43:21,570][com.java.SeleniumDriver] [  821] - ------------------------------------------
[INFO ][2015-12-21 18:43:21,570][com.java.SeleniumDriver] [  822] - Test case being Executed: 26
[INFO ][2015-12-21 18:43:21,570][com.java.SeleniumDriver] [  833] - Test step:11
[INFO ][2015-12-21 18:43:21,570][com.java.SeleniumDriver] [  845] - Datavalue is----------null
[DEBUG][2015-12-21 18:43:21,570][com.java.SeleniumDriver] [  863] - Exception: null
[INFO ][2015-12-21 18:43:21,570][com.java.SeleniumDriver] [  869] - DataField : BTNcloseAllTabs
[INFO ][2015-12-21 18:43:21,570][com.java.SeleniumDriver] [  871] - DataValue : 
[INFO ][2015-12-21 18:43:21,570][com.java.SeleniumDriver] [  877] - <In Set values of the page>
[INFO ][2015-12-21 18:43:21,570][com.java.SeleniumDriver] [  880] - {Data Fields & Data Values Exist}
[INFO ][2015-12-21 18:43:21,570][com.java.SeleniumDriver] [  882] - --------------------------setting values-----------------------------
[INFO ][2015-12-21 18:43:21,570][com.java.SeleniumDriver] [  885] - Action Type : CLICK
[INFO ][2015-12-21 18:43:21,570][com.java.TestType] [ 5956] - Field ::BTNcloseAllTabs
[INFO ][2015-12-21 18:43:21,570][com.java.TestType] [ 5577] - value = 
[INFO ][2015-12-21 18:43:22,571][com.java.TestType] [ 6072] - BEFORE CLICK
[INFO ][2015-12-21 18:43:23,967][com.java.TestType] [ 6079] - Unable to click the object Close all tabs
[INFO ][2015-12-21 18:43:23,967][com.java.SeleniumDriver] [  894] -  RESULT true
[INFO ][2015-12-21 18:43:23,967][com.java.SeleniumDriver] [ 1100] - ?   P A S S   ?
[INFO ][2015-12-21 18:43:23,967][com.java.SeleniumDriver] [  821] - ------------------------------------------
[INFO ][2015-12-21 18:43:23,967][com.java.SeleniumDriver] [  822] - Test case being Executed: 26
[INFO ][2015-12-21 18:43:23,967][com.java.SeleniumDriver] [  833] - Test step:12
[INFO ][2015-12-21 18:43:23,967][com.java.SeleniumDriver] [  845] - Datavalue is----------5
[INFO ][2015-12-21 18:43:23,967][com.java.SeleniumDriver] [  869] - DataField : XPH//span[@class="icon-coin"]
[INFO ][2015-12-21 18:43:23,967][com.java.SeleniumDriver] [  871] - DataValue : 5
[INFO ][2015-12-21 18:43:23,967][com.java.SeleniumDriver] [  877] - <In Set values of the page>
[INFO ][2015-12-21 18:43:23,967][com.java.SeleniumDriver] [  880] - {Data Fields & Data Values Exist}
[INFO ][2015-12-21 18:43:23,967][com.java.SeleniumDriver] [  882] - --------------------------setting values-----------------------------
[INFO ][2015-12-21 18:43:23,967][com.java.SeleniumDriver] [  885] - Action Type : WAITFORELEMENT
[INFO ][2015-12-21 18:43:24,007][com.java.SeleniumDriver] [  894] -  RESULT true
[INFO ][2015-12-21 18:43:24,007][com.java.SeleniumDriver] [ 1100] - ?   P A S S   ?
[INFO ][2015-12-21 18:43:24,007][com.java.SeleniumDriver] [  821] - ------------------------------------------
[INFO ][2015-12-21 18:43:24,007][com.java.SeleniumDriver] [  822] - Test case being Executed: 26
[INFO ][2015-12-21 18:43:24,007][com.java.SeleniumDriver] [  833] - Test step:13
[INFO ][2015-12-21 18:43:24,007][com.java.SeleniumDriver] [  845] - Datavalue is----------null
[DEBUG][2015-12-21 18:43:24,007][com.java.SeleniumDriver] [  863] - Exception: null
[INFO ][2015-12-21 18:43:24,007][com.java.SeleniumDriver] [  869] - DataField : //span[@class="icon-coin"]&&//a[text()='Balance Sheet']&&//a[@data-id="BSCompare"]
[INFO ][2015-12-21 18:43:24,007][com.java.SeleniumDriver] [  871] - DataValue : 
[INFO ][2015-12-21 18:43:24,007][com.java.SeleniumDriver] [  877] - <In Set values of the page>
[INFO ][2015-12-21 18:43:24,007][com.java.SeleniumDriver] [  880] - {Data Fields & Data Values Exist}
[INFO ][2015-12-21 18:43:24,007][com.java.SeleniumDriver] [  882] - --------------------------setting values-----------------------------
[INFO ][2015-12-21 18:43:24,007][com.java.SeleniumDriver] [  885] - Action Type : MOUSEOVER
[INFO ][2015-12-21 18:43:50,760][com.java.SeleniumDriver] [  894] -  RESULT true
[INFO ][2015-12-21 18:43:50,760][com.java.SeleniumDriver] [ 1100] - ?   P A S S   ?
[INFO ][2015-12-21 18:43:50,760][com.java.SeleniumDriver] [  821] - ------------------------------------------
[INFO ][2015-12-21 18:43:50,760][com.java.SeleniumDriver] [  822] - Test case being Executed: 26
[INFO ][2015-12-21 18:43:50,760][com.java.SeleniumDriver] [  833] - Test step:14
[INFO ][2015-12-21 18:43:50,760][com.java.SeleniumDriver] [  845] - Datavalue is----------4
[INFO ][2015-12-21 18:43:50,760][com.java.SeleniumDriver] [  869] - DataField : XPH//span[contains(text(),'Show Report')]
[INFO ][2015-12-21 18:43:50,760][com.java.SeleniumDriver] [  871] - DataValue : 4
[INFO ][2015-12-21 18:43:50,760][com.java.SeleniumDriver] [  877] - <In Set values of the page>
[INFO ][2015-12-21 18:43:50,760][com.java.SeleniumDriver] [  880] - {Data Fields & Data Values Exist}
[INFO ][2015-12-21 18:43:50,760][com.java.SeleniumDriver] [  882] - --------------------------setting values-----------------------------
[INFO ][2015-12-21 18:43:50,760][com.java.SeleniumDriver] [  885] - Action Type : WAITFORELEMENT
[INFO ][2015-12-21 18:43:50,791][com.java.SeleniumDriver] [  894] -  RESULT true
[INFO ][2015-12-21 18:43:50,791][com.java.SeleniumDriver] [ 1100] - ?   P A S S   ?
[INFO ][2015-12-21 18:43:50,791][com.java.SeleniumDriver] [  821] - ------------------------------------------
[INFO ][2015-12-21 18:43:50,791][com.java.SeleniumDriver] [  822] - Test case being Executed: 26
[INFO ][2015-12-21 18:43:50,791][com.java.SeleniumDriver] [  833] - Test step:15
[INFO ][2015-12-21 18:43:50,791][com.java.SeleniumDriver] [  845] - Datavalue is----------2
[INFO ][2015-12-21 18:43:50,791][com.java.SeleniumDriver] [  869] - DataField : BTNframeDialogContent
[INFO ][2015-12-21 18:43:50,791][com.java.SeleniumDriver] [  871] - DataValue : 2
[INFO ][2015-12-21 18:43:50,791][com.java.SeleniumDriver] [  877] - <In Set values of the page>
[INFO ][2015-12-21 18:43:50,791][com.java.SeleniumDriver] [  880] - {Data Fields & Data Values Exist}
[INFO ][2015-12-21 18:43:50,791][com.java.SeleniumDriver] [  882] - --------------------------setting values-----------------------------
[INFO ][2015-12-21 18:43:50,791][com.java.SeleniumDriver] [  885] - Action Type : WAITFORELEMENT
[INFO ][2015-12-21 18:43:51,991][com.java.SeleniumDriver] [  894] -  RESULT true
[INFO ][2015-12-21 18:43:51,991][com.java.SeleniumDriver] [ 1100] - ?   P A S S   ?
[INFO ][2015-12-21 18:43:51,991][com.java.SeleniumDriver] [  821] - ------------------------------------------
[INFO ][2015-12-21 18:43:51,991][com.java.SeleniumDriver] [  822] - Test case being Executed: 26
[INFO ][2015-12-21 18:43:51,991][com.java.SeleniumDriver] [  833] - Test step:16
[INFO ][2015-12-21 18:43:51,991][com.java.SeleniumDriver] [  845] - Datavalue is----------dt:BSCompare
[INFO ][2015-12-21 18:43:51,991][com.java.SeleniumDriver] [  869] - DataField : XPH//span[@class="ui-dialog-title"]
[INFO ][2015-12-21 18:43:51,991][com.java.SeleniumDriver] [  871] - DataValue : dt:BSCompare
[INFO ][2015-12-21 18:43:51,991][com.java.SeleniumDriver] [  877] - <In Set values of the page>
[INFO ][2015-12-21 18:43:51,991][com.java.SeleniumDriver] [  880] - {Data Fields & Data Values Exist}
[INFO ][2015-12-21 18:43:51,991][com.java.SeleniumDriver] [  882] - --------------------------setting values-----------------------------
[INFO ][2015-12-21 18:43:51,991][com.java.SeleniumDriver] [  885] - Action Type : VERIFY
[INFO ][2015-12-21 18:43:51,991][com.java.TestType] [ 6926] - field= XPH//span[@class="ui-dialog-title"] value= dt:BSCompare
[INFO ][2015-12-21 18:43:51,991][com.java.TestType] [ 5577] - value = Balance Sheet Compare
[INFO ][2015-12-21 18:43:52,142][com.java.SeleniumDriver] [  894] -  RESULT true
[INFO ][2015-12-21 18:43:52,142][com.java.SeleniumDriver] [ 1100] - ?   P A S S   ?
[INFO ][2015-12-21 18:43:52,142][com.java.SeleniumDriver] [  821] - ------------------------------------------
[INFO ][2015-12-21 18:43:52,142][com.java.SeleniumDriver] [  822] - Test case being Executed: 26
[INFO ][2015-12-21 18:43:52,142][com.java.SeleniumDriver] [  833] - Test step:17
[INFO ][2015-12-21 18:43:52,142][com.java.SeleniumDriver] [  845] - Datavalue is----------null
[DEBUG][2015-12-21 18:43:52,142][com.java.SeleniumDriver] [  863] - Exception: null
[INFO ][2015-12-21 18:43:52,142][com.java.SeleniumDriver] [  869] - DataField : BTNframeDialogContent
[INFO ][2015-12-21 18:43:52,142][com.java.SeleniumDriver] [  871] - DataValue : 
[INFO ][2015-12-21 18:43:52,142][com.java.SeleniumDriver] [  877] - <In Set values of the page>
[INFO ][2015-12-21 18:43:52,142][com.java.SeleniumDriver] [  880] - {Data Fields & Data Values Exist}
[INFO ][2015-12-21 18:43:52,142][com.java.SeleniumDriver] [  882] - --------------------------setting values-----------------------------
[INFO ][2015-12-21 18:43:52,142][com.java.SeleniumDriver] [  885] - Action Type : SELECTFRAME
[INFO ][2015-12-21 18:43:53,373][com.java.SeleniumDriver] [  894] -  RESULT true
[INFO ][2015-12-21 18:43:53,373][com.java.SeleniumDriver] [ 1100] - ?   P A S S   ?
[INFO ][2015-12-21 18:43:53,373][com.java.SeleniumDriver] [  821] - ------------------------------------------
[INFO ][2015-12-21 18:43:53,373][com.java.SeleniumDriver] [  822] - Test case being Executed: 26
[INFO ][2015-12-21 18:43:53,373][com.java.SeleniumDriver] [  833] - Test step:18
[INFO ][2015-12-21 18:43:53,373][com.java.SeleniumDriver] [  845] - Datavalue is----------4
[INFO ][2015-12-21 18:43:53,373][com.java.SeleniumDriver] [  869] - DataField : BTNcbExpandCenters
[INFO ][2015-12-21 18:43:53,373][com.java.SeleniumDriver] [  871] - DataValue : 4
[INFO ][2015-12-21 18:43:53,373][com.java.SeleniumDriver] [  877] - <In Set values of the page>
[INFO ][2015-12-21 18:43:53,373][com.java.SeleniumDriver] [  880] - {Data Fields & Data Values Exist}
[INFO ][2015-12-21 18:43:53,373][com.java.SeleniumDriver] [  882] - --------------------------setting values-----------------------------
[INFO ][2015-12-21 18:43:53,373][com.java.SeleniumDriver] [  885] - Action Type : WAITFORELEMENT
[INFO ][2015-12-21 18:43:54,413][com.java.SeleniumDriver] [  894] -  RESULT true
[INFO ][2015-12-21 18:43:54,413][com.java.SeleniumDriver] [ 1100] - ?   P A S S   ?
[INFO ][2015-12-21 18:43:54,413][com.java.SeleniumDriver] [  821] - ------------------------------------------
[INFO ][2015-12-21 18:43:54,413][com.java.SeleniumDriver] [  822] - Test case being Executed: 26
[INFO ][2015-12-21 18:43:54,413][com.java.SeleniumDriver] [  833] - Test step:19
[INFO ][2015-12-21 18:43:54,413][com.java.SeleniumDriver] [  845] - Datavalue is----------index:1
[INFO ][2015-12-21 18:43:54,413][com.java.SeleniumDriver] [  869] - DataField : COBddlView
[INFO ][2015-12-21 18:43:54,413][com.java.SeleniumDriver] [  871] - DataValue : index:1
[INFO ][2015-12-21 18:43:54,413][com.java.SeleniumDriver] [  877] - <In Set values of the page>
[INFO ][2015-12-21 18:43:54,413][com.java.SeleniumDriver] [  880] - {Data Fields & Data Values Exist}
[INFO ][2015-12-21 18:43:54,413][com.java.SeleniumDriver] [  882] - --------------------------setting values-----------------------------
[INFO ][2015-12-21 18:43:54,413][com.java.SeleniumDriver] [  885] - Action Type : SELECT
[INFO ][2015-12-21 18:43:54,413][com.java.TestType] [ 5577] - value = 1
[INFO ][2015-12-21 18:43:55,515][com.java.TestType] [ 5695] -  In COB ddlView : 1
[INFO ][2015-12-21 18:43:55,665][com.java.SeleniumDriver] [  894] -  RESULT true
[INFO ][2015-12-21 18:43:55,665][com.java.SeleniumDriver] [ 1100] - ?   P A S S   ?
[INFO ][2015-12-21 18:43:55,665][com.java.SeleniumDriver] [  821] - ------------------------------------------
[INFO ][2015-12-21 18:43:55,665][com.java.SeleniumDriver] [  822] - Test case being Executed: 26
[INFO ][2015-12-21 18:43:55,665][com.java.SeleniumDriver] [  833] - Test step:20
[INFO ][2015-12-21 18:43:55,665][com.java.SeleniumDriver] [  845] - Datavalue is----------index:0
[INFO ][2015-12-21 18:43:55,665][com.java.SeleniumDriver] [  869] - DataField : COBddlProfitCenter
[INFO ][2015-12-21 18:43:55,665][com.java.SeleniumDriver] [  871] - DataValue : index:0
[INFO ][2015-12-21 18:43:55,665][com.java.SeleniumDriver] [  877] - <In Set values of the page>
[INFO ][2015-12-21 18:43:55,665][com.java.SeleniumDriver] [  880] - {Data Fields & Data Values Exist}
[INFO ][2015-12-21 18:43:55,665][com.java.SeleniumDriver] [  882] - --------------------------setting values-----------------------------
[INFO ][2015-12-21 18:43:55,665][com.java.SeleniumDriver] [  885] - Action Type : SELECT
[INFO ][2015-12-21 18:43:55,665][com.java.TestType] [ 5577] - value = 0
[INFO ][2015-12-21 18:43:56,759][com.java.TestType] [ 5695] -  In COB ddlProfitCenter : 0
[INFO ][2015-12-21 18:43:56,839][com.java.SeleniumDriver] [  894] -  RESULT true
[INFO ][2015-12-21 18:43:56,839][com.java.SeleniumDriver] [ 1100] - ?   P A S S   ?
[INFO ][2015-12-21 18:43:56,839][com.java.SeleniumDriver] [  821] - ------------------------------------------
[INFO ][2015-12-21 18:43:56,839][com.java.SeleniumDriver] [  822] - Test case being Executed: 26
[INFO ][2015-12-21 18:43:56,839][com.java.SeleniumDriver] [  833] - Test step:21
[INFO ][2015-12-21 18:43:56,839][com.java.SeleniumDriver] [  845] - Datavalue is----------null
[DEBUG][2015-12-21 18:43:56,839][com.java.SeleniumDriver] [  863] - Exception: null
[INFO ][2015-12-21 18:43:56,839][com.java.SeleniumDriver] [  869] - DataField : HDNcbExpandCenters
[INFO ][2015-12-21 18:43:56,839][com.java.SeleniumDriver] [  871] - DataValue : 
[INFO ][2015-12-21 18:43:56,839][com.java.SeleniumDriver] [  877] - <In Set values of the page>
[INFO ][2015-12-21 18:43:56,839][com.java.SeleniumDriver] [  880] - {Data Fields & Data Values Exist}
[INFO ][2015-12-21 18:43:56,839][com.java.SeleniumDriver] [  882] - --------------------------setting values-----------------------------
[INFO ][2015-12-21 18:43:56,839][com.java.SeleniumDriver] [  885] - Action Type : CLICK
[INFO ][2015-12-21 18:43:56,839][com.java.TestType] [ 5956] - Field ::HDNcbExpandCenters
[INFO ][2015-12-21 18:43:56,839][com.java.TestType] [ 5577] - value = 
[INFO ][2015-12-21 18:43:58,920][com.java.SeleniumDriver] [  894] -  RESULT true
[INFO ][2015-12-21 18:43:58,920][com.java.SeleniumDriver] [ 1100] - ?   P A S S   ?
[INFO ][2015-12-21 18:43:58,920][com.java.SeleniumDriver] [  821] - ------------------------------------------
[INFO ][2015-12-21 18:43:58,920][com.java.SeleniumDriver] [  822] - Test case being Executed: 26
[INFO ][2015-12-21 18:43:58,920][com.java.SeleniumDriver] [  833] - Test step:22
[INFO ][2015-12-21 18:43:58,920][com.java.SeleniumDriver] [  845] - Datavalue is----------null
[DEBUG][2015-12-21 18:43:58,920][com.java.SeleniumDriver] [  863] - Exception: null
[INFO ][2015-12-21 18:43:58,920][com.java.SeleniumDriver] [  869] - DataField : BTNparent
[INFO ][2015-12-21 18:43:58,920][com.java.SeleniumDriver] [  871] - DataValue : 
[INFO ][2015-12-21 18:43:58,920][com.java.SeleniumDriver] [  877] - <In Set values of the page>
[INFO ][2015-12-21 18:43:58,920][com.java.SeleniumDriver] [  880] - {Data Fields & Data Values Exist}
[INFO ][2015-12-21 18:43:58,920][com.java.SeleniumDriver] [  882] - --------------------------setting values-----------------------------
[INFO ][2015-12-21 18:43:58,920][com.java.SeleniumDriver] [  885] - Action Type : SELECTFRAME
[INFO ][2015-12-21 18:43:58,930][com.java.SeleniumDriver] [  894] -  RESULT true
[INFO ][2015-12-21 18:43:58,930][com.java.SeleniumDriver] [ 1100] - ?   P A S S   ?
[INFO ][2015-12-21 18:43:58,930][com.java.SeleniumDriver] [  821] - ------------------------------------------
[INFO ][2015-12-21 18:43:58,930][com.java.SeleniumDriver] [  822] - Test case being Executed: 26
[INFO ][2015-12-21 18:43:58,930][com.java.SeleniumDriver] [  833] - Test step:23
[INFO ][2015-12-21 18:43:58,930][com.java.SeleniumDriver] [  845] - Datavalue is----------null
[DEBUG][2015-12-21 18:43:58,930][com.java.SeleniumDriver] [  863] - Exception: null
[INFO ][2015-12-21 18:43:58,930][com.java.SeleniumDriver] [  869] - DataField : XPH//span[contains(text(),'Show Report')]
[INFO ][2015-12-21 18:43:58,930][com.java.SeleniumDriver] [  871] - DataValue : 
[INFO ][2015-12-21 18:43:58,930][com.java.SeleniumDriver] [  877] - <In Set values of the page>
[INFO ][2015-12-21 18:43:58,930][com.java.SeleniumDriver] [  880] - {Data Fields & Data Values Exist}
[INFO ][2015-12-21 18:43:58,930][com.java.SeleniumDriver] [  882] - --------------------------setting values-----------------------------
[INFO ][2015-12-21 18:43:58,930][com.java.SeleniumDriver] [  885] - Action Type : CLICK
[INFO ][2015-12-21 18:43:58,930][com.java.TestType] [ 5956] - Field ::XPH//span[contains(text(),'Show Report')]
[INFO ][2015-12-21 18:43:58,930][com.java.TestType] [ 5577] - value = 
[INFO ][2015-12-21 18:43:59,930][com.java.TestType] [ 6093] - BEFORE CLICK
[INFO ][2015-12-21 18:44:01,402][com.java.TestType] [ 6101] - Unable to click the object Show Report button
[INFO ][2015-12-21 18:44:01,402][com.java.SeleniumDriver] [  894] -  RESULT true
[INFO ][2015-12-21 18:44:01,402][com.java.SeleniumDriver] [ 1100] - ?   P A S S   ?
[INFO ][2015-12-21 18:44:01,402][com.java.SeleniumDriver] [  821] - ------------------------------------------
[INFO ][2015-12-21 18:44:01,402][com.java.SeleniumDriver] [  822] - Test case being Executed: 26
[INFO ][2015-12-21 18:44:01,402][com.java.SeleniumDriver] [  833] - Test step:24
[INFO ][2015-12-21 18:44:01,402][com.java.SeleniumDriver] [  845] - Datavalue is----------3
[INFO ][2015-12-21 18:44:01,402][com.java.SeleniumDriver] [  869] - DataField : XPH//img[@id='loading']
[INFO ][2015-12-21 18:44:01,402][com.java.SeleniumDriver] [  871] - DataValue : 3
[INFO ][2015-12-21 18:44:01,402][com.java.SeleniumDriver] [  877] - <In Set values of the page>
[INFO ][2015-12-21 18:44:01,402][com.java.SeleniumDriver] [  880] - {Data Fields & Data Values Exist}
[INFO ][2015-12-21 18:44:01,402][com.java.SeleniumDriver] [  882] - --------------------------setting values-----------------------------
[INFO ][2015-12-21 18:44:01,402][com.java.SeleniumDriver] [  885] - Action Type : WaitForElement
[INFO ][2015-12-21 18:44:01,433][com.java.SeleniumDriver] [  894] -  RESULT true
[INFO ][2015-12-21 18:44:01,433][com.java.SeleniumDriver] [ 1100] - ?   P A S S   ?
[INFO ][2015-12-21 18:44:01,433][com.java.SeleniumDriver] [  821] - ------------------------------------------
[INFO ][2015-12-21 18:44:01,433][com.java.SeleniumDriver] [  822] - Test case being Executed: 26
[INFO ][2015-12-21 18:44:01,433][com.java.SeleniumDriver] [  833] - Test step:25
[INFO ][2015-12-21 18:44:01,433][com.java.SeleniumDriver] [  845] - Datavalue is----------90
[INFO ][2015-12-21 18:44:01,433][com.java.SeleniumDriver] [  869] - DataField : XPH//img[@id='loading']
[INFO ][2015-12-21 18:44:01,433][com.java.SeleniumDriver] [  871] - DataValue : 90
[INFO ][2015-12-21 18:44:01,433][com.java.SeleniumDriver] [  877] - <In Set values of the page>
[INFO ][2015-12-21 18:44:01,433][com.java.SeleniumDriver] [  880] - {Data Fields & Data Values Exist}
[INFO ][2015-12-21 18:44:01,433][com.java.SeleniumDriver] [  882] - --------------------------setting values-----------------------------
[INFO ][2015-12-21 18:44:01,433][com.java.SeleniumDriver] [  885] - Action Type : waitForElementNotPresent
[INFO ][2015-12-21 18:44:03,659][com.java.SeleniumDriver] [  894] -  RESULT true
[INFO ][2015-12-21 18:44:03,659][com.java.SeleniumDriver] [ 1100] - ?   P A S S   ?
[INFO ][2015-12-21 18:44:03,659][com.java.SeleniumDriver] [  821] - ------------------------------------------
[INFO ][2015-12-21 18:44:03,659][com.java.SeleniumDriver] [  822] - Test case being Executed: 26
[INFO ][2015-12-21 18:44:03,659][com.java.SeleniumDriver] [  833] - Test step:26
[INFO ][2015-12-21 18:44:03,659][com.java.SeleniumDriver] [  845] - Datavalue is----------dt:BSCompare
[INFO ][2015-12-21 18:44:03,659][com.java.SeleniumDriver] [  869] - DataField : XPH//td[@class="ReportTitle"]
[INFO ][2015-12-21 18:44:03,659][com.java.SeleniumDriver] [  871] - DataValue : dt:BSCompare
[INFO ][2015-12-21 18:44:03,659][com.java.SeleniumDriver] [  877] - <In Set values of the page>
[INFO ][2015-12-21 18:44:03,659][com.java.SeleniumDriver] [  880] - {Data Fields & Data Values Exist}
[INFO ][2015-12-21 18:44:03,659][com.java.SeleniumDriver] [  882] - --------------------------setting values-----------------------------
[INFO ][2015-12-21 18:44:03,659][com.java.SeleniumDriver] [  885] - Action Type : VERIFY
[INFO ][2015-12-21 18:44:03,659][com.java.TestType] [ 6926] - field= XPH//td[@class="ReportTitle"] value= dt:BSCompare
[INFO ][2015-12-21 18:44:03,659][com.java.TestType] [ 5577] - value = Balance Sheet Compare
[INFO ][2015-12-21 18:44:03,800][com.java.SeleniumDriver] [  894] -  RESULT true
[INFO ][2015-12-21 18:44:03,800][com.java.SeleniumDriver] [ 1100] - ?   P A S S   ?
[INFO ][2015-12-21 18:44:03,800][com.java.SeleniumDriver] [  821] - ------------------------------------------
[INFO ][2015-12-21 18:44:03,800][com.java.SeleniumDriver] [  822] - Test case being Executed: 26
[INFO ][2015-12-21 18:44:03,800][com.java.SeleniumDriver] [  833] - Test step:27
[INFO ][2015-12-21 18:44:03,800][com.java.SeleniumDriver] [  845] - Datavalue is----------null
[DEBUG][2015-12-21 18:44:03,800][com.java.SeleniumDriver] [  863] - Exception: null
[INFO ][2015-12-21 18:44:03,800][com.java.SeleniumDriver] [  869] - DataField : HDN//div[@class="menu"]//span[@class="icon-file-pdf"]
[INFO ][2015-12-21 18:44:03,800][com.java.SeleniumDriver] [  871] - DataValue : 
[INFO ][2015-12-21 18:44:03,800][com.java.SeleniumDriver] [  877] - <In Set values of the page>
[INFO ][2015-12-21 18:44:03,800][com.java.SeleniumDriver] [  880] - {Data Fields & Data Values Exist}
[INFO ][2015-12-21 18:44:03,800][com.java.SeleniumDriver] [  882] - --------------------------setting values-----------------------------
[INFO ][2015-12-21 18:44:03,800][com.java.SeleniumDriver] [  885] - Action Type : CLICK
[INFO ][2015-12-21 18:44:03,800][com.java.TestType] [ 5956] - Field ::HDN//div[@class="menu"]//span[@class="icon-file-pdf"]
[INFO ][2015-12-21 18:44:03,800][com.java.TestType] [ 5577] - value = 
[INFO ][2015-12-21 18:44:05,330][com.java.SeleniumDriver] [  894] -  RESULT true
[INFO ][2015-12-21 18:44:05,330][com.java.SeleniumDriver] [ 1100] - ?   P A S S   ?
[INFO ][2015-12-21 18:44:05,330][com.java.SeleniumDriver] [  821] - ------------------------------------------
[INFO ][2015-12-21 18:44:05,330][com.java.SeleniumDriver] [  822] - Test case being Executed: 26
[INFO ][2015-12-21 18:44:05,330][com.java.SeleniumDriver] [  833] - Test step:28
[INFO ][2015-12-21 18:44:05,330][com.java.SeleniumDriver] [  845] - Datavalue is----------3
[INFO ][2015-12-21 18:44:05,330][com.java.SeleniumDriver] [  869] - DataField : XPH//img[@id='loading']
[INFO ][2015-12-21 18:44:05,330][com.java.SeleniumDriver] [  871] - DataValue : 3
[INFO ][2015-12-21 18:44:05,330][com.java.SeleniumDriver] [  877] - <In Set values of the page>
[INFO ][2015-12-21 18:44:05,330][com.java.SeleniumDriver] [  880] - {Data Fields & Data Values Exist}
[INFO ][2015-12-21 18:44:05,330][com.java.SeleniumDriver] [  882] - --------------------------setting values-----------------------------
[INFO ][2015-12-21 18:44:05,330][com.java.SeleniumDriver] [  885] - Action Type : WaitForElement
[INFO ][2015-12-21 18:44:05,410][com.java.SeleniumDriver] [  894] -  RESULT true
[INFO ][2015-12-21 18:44:05,410][com.java.SeleniumDriver] [ 1100] - ?   P A S S   ?
[INFO ][2015-12-21 18:44:05,410][com.java.SeleniumDriver] [  821] - ------------------------------------------
[INFO ][2015-12-21 18:44:05,410][com.java.SeleniumDriver] [  822] - Test case being Executed: 26
[INFO ][2015-12-21 18:44:05,410][com.java.SeleniumDriver] [  833] - Test step:29
[INFO ][2015-12-21 18:44:05,410][com.java.SeleniumDriver] [  845] - Datavalue is----------90
[INFO ][2015-12-21 18:44:05,410][com.java.SeleniumDriver] [  869] - DataField : XPH//img[@id='loading']
[INFO ][2015-12-21 18:44:05,410][com.java.SeleniumDriver] [  871] - DataValue : 90
[INFO ][2015-12-21 18:44:05,410][com.java.SeleniumDriver] [  877] - <In Set values of the page>
[INFO ][2015-12-21 18:44:05,410][com.java.SeleniumDriver] [  880] - {Data Fields & Data Values Exist}
[INFO ][2015-12-21 18:44:05,410][com.java.SeleniumDriver] [  882] - --------------------------setting values-----------------------------
[INFO ][2015-12-21 18:44:05,410][com.java.SeleniumDriver] [  885] - Action Type : waitForElementNotPresent
[INFO ][2015-12-21 18:44:09,808][com.java.SeleniumDriver] [  894] -  RESULT true
[INFO ][2015-12-21 18:44:09,808][com.java.SeleniumDriver] [ 1100] - ?   P A S S   ?
[INFO ][2015-12-21 18:44:09,808][com.java.SeleniumDriver] [  821] - ------------------------------------------
[INFO ][2015-12-21 18:44:09,808][com.java.SeleniumDriver] [  822] - Test case being Executed: 26
[INFO ][2015-12-21 18:44:09,808][com.java.SeleniumDriver] [  833] - Test step:30
[INFO ][2015-12-21 18:44:09,808][com.java.SeleniumDriver] [  845] - Datavalue is----------dt:BSCompare
[INFO ][2015-12-21 18:44:09,808][com.java.SeleniumDriver] [  869] - DataField : XPH//td[@class="ReportTitle"]
[INFO ][2015-12-21 18:44:09,808][com.java.SeleniumDriver] [  871] - DataValue : dt:BSCompare
[INFO ][2015-12-21 18:44:09,808][com.java.SeleniumDriver] [  877] - <In Set values of the page>
[INFO ][2015-12-21 18:44:09,808][com.java.SeleniumDriver] [  880] - {Data Fields & Data Values Exist}
[INFO ][2015-12-21 18:44:09,808][com.java.SeleniumDriver] [  882] - --------------------------setting values-----------------------------
[INFO ][2015-12-21 18:44:09,808][com.java.SeleniumDriver] [  885] - Action Type : VERIFY
[INFO ][2015-12-21 18:44:09,808][com.java.TestType] [ 6926] - field= XPH//td[@class="ReportTitle"] value= dt:BSCompare
[INFO ][2015-12-21 18:44:09,808][com.java.TestType] [ 5577] - value = Balance Sheet Compare
[INFO ][2015-12-21 18:44:09,949][com.java.SeleniumDriver] [  894] -  RESULT true
[INFO ][2015-12-21 18:44:09,949][com.java.SeleniumDriver] [ 1100] - ?   P A S S   ?
[INFO ][2015-12-21 18:44:09,949][com.java.SeleniumDriver] [  821] - ------------------------------------------
[INFO ][2015-12-21 18:44:09,949][com.java.SeleniumDriver] [  822] - Test case being Executed: 26
[INFO ][2015-12-21 18:44:09,949][com.java.SeleniumDriver] [  833] - Test step:31
[INFO ][2015-12-21 18:44:09,949][com.java.SeleniumDriver] [  845] - Datavalue is----------null
[DEBUG][2015-12-21 18:44:09,949][com.java.SeleniumDriver] [  863] - Exception: null
[INFO ][2015-12-21 18:44:09,949][com.java.SeleniumDriver] [  869] - DataField : //span[@class='icon-cog2']&&//a[@data-id="UserSettings"]
[INFO ][2015-12-21 18:44:09,949][com.java.SeleniumDriver] [  871] - DataValue : 
[INFO ][2015-12-21 18:44:09,949][com.java.SeleniumDriver] [  877] - <In Set values of the page>
[INFO ][2015-12-21 18:44:09,949][com.java.SeleniumDriver] [  880] - {Data Fields & Data Values Exist}
[INFO ][2015-12-21 18:44:09,949][com.java.SeleniumDriver] [  882] - --------------------------setting values-----------------------------
[INFO ][2015-12-21 18:44:09,949][com.java.SeleniumDriver] [  885] - Action Type : MOUSEOVER
[INFO ][2015-12-21 18:44:32,891][com.java.SeleniumDriver] [  894] -  RESULT true
[INFO ][2015-12-21 18:44:32,891][com.java.SeleniumDriver] [ 1100] - ?   P A S S   ?
[INFO ][2015-12-21 18:44:32,891][com.java.SeleniumDriver] [  821] - ------------------------------------------
[INFO ][2015-12-21 18:44:32,891][com.java.SeleniumDriver] [  822] - Test case being Executed: 26
[INFO ][2015-12-21 18:44:32,891][com.java.SeleniumDriver] [  833] - Test step:32
[INFO ][2015-12-21 18:44:32,891][com.java.SeleniumDriver] [  845] - Datavalue is----------2
[INFO ][2015-12-21 18:44:32,891][com.java.SeleniumDriver] [  869] - DataField : BTNframeDialogContent
[INFO ][2015-12-21 18:44:32,891][com.java.SeleniumDriver] [  871] - DataValue : 2
[INFO ][2015-12-21 18:44:32,891][com.java.SeleniumDriver] [  877] - <In Set values of the page>
[INFO ][2015-12-21 18:44:32,891][com.java.SeleniumDriver] [  880] - {Data Fields & Data Values Exist}
[INFO ][2015-12-21 18:44:32,891][com.java.SeleniumDriver] [  882] - --------------------------setting values-----------------------------
[INFO ][2015-12-21 18:44:32,891][com.java.SeleniumDriver] [  885] - Action Type : WAITFORELEMENT
[INFO ][2015-12-21 18:44:34,082][com.java.SeleniumDriver] [  894] -  RESULT true
[INFO ][2015-12-21 18:44:34,082][com.java.SeleniumDriver] [ 1100] - ?   P A S S   ?
[INFO ][2015-12-21 18:44:34,082][com.java.SeleniumDriver] [  821] - ------------------------------------------
[INFO ][2015-12-21 18:44:34,082][com.java.SeleniumDriver] [  822] - Test case being Executed: 26
[INFO ][2015-12-21 18:44:34,082][com.java.SeleniumDriver] [  833] - Test step:33
[INFO ][2015-12-21 18:44:34,082][com.java.SeleniumDriver] [  845] - Datavalue is----------User Settings
[INFO ][2015-12-21 18:44:34,082][com.java.SeleniumDriver] [  869] - DataField : XPH//span[@class="ui-dialog-title"]
[INFO ][2015-12-21 18:44:34,082][com.java.SeleniumDriver] [  871] - DataValue : User Settings
[INFO ][2015-12-21 18:44:34,082][com.java.SeleniumDriver] [  877] - <In Set values of the page>
[INFO ][2015-12-21 18:44:34,082][com.java.SeleniumDriver] [  880] - {Data Fields & Data Values Exist}
[INFO ][2015-12-21 18:44:34,082][com.java.SeleniumDriver] [  882] - --------------------------setting values-----------------------------
[INFO ][2015-12-21 18:44:34,082][com.java.SeleniumDriver] [  885] - Action Type : VERIFY
[INFO ][2015-12-21 18:44:34,082][com.java.TestType] [ 6926] - field= XPH//span[@class="ui-dialog-title"] value= User Settings
[INFO ][2015-12-21 18:44:34,082][com.java.TestType] [ 5577] - value = User Settings
[INFO ][2015-12-21 18:44:34,223][com.java.SeleniumDriver] [  894] -  RESULT true
[INFO ][2015-12-21 18:44:34,223][com.java.SeleniumDriver] [ 1100] - ?   P A S S   ?
[INFO ][2015-12-21 18:44:34,223][com.java.SeleniumDriver] [  821] - ------------------------------------------
[INFO ][2015-12-21 18:44:34,223][com.java.SeleniumDriver] [  822] - Test case being Executed: 26
[INFO ][2015-12-21 18:44:34,223][com.java.SeleniumDriver] [  833] - Test step:34
[INFO ][2015-12-21 18:44:34,223][com.java.SeleniumDriver] [  845] - Datavalue is----------null
[DEBUG][2015-12-21 18:44:34,223][com.java.SeleniumDriver] [  863] - Exception: null
[INFO ][2015-12-21 18:44:34,223][com.java.SeleniumDriver] [  869] - DataField : BTNframeDialogContent
[INFO ][2015-12-21 18:44:34,223][com.java.SeleniumDriver] [  871] - DataValue : 
[INFO ][2015-12-21 18:44:34,223][com.java.SeleniumDriver] [  877] - <In Set values of the page>
[INFO ][2015-12-21 18:44:34,223][com.java.SeleniumDriver] [  880] - {Data Fields & Data Values Exist}
[INFO ][2015-12-21 18:44:34,223][com.java.SeleniumDriver] [  882] - --------------------------setting values-----------------------------
[INFO ][2015-12-21 18:44:34,223][com.java.SeleniumDriver] [  885] - Action Type : SELECTFRAME
[INFO ][2015-12-21 18:44:35,454][com.java.SeleniumDriver] [  894] -  RESULT true
[INFO ][2015-12-21 18:44:35,454][com.java.SeleniumDriver] [ 1100] - ?   P A S S   ?
[INFO ][2015-12-21 18:44:35,454][com.java.SeleniumDriver] [  821] - ------------------------------------------
[INFO ][2015-12-21 18:44:35,454][com.java.SeleniumDriver] [  822] - Test case being Executed: 26
[INFO ][2015-12-21 18:44:35,454][com.java.SeleniumDriver] [  833] - Test step:35
[INFO ][2015-12-21 18:44:35,454][com.java.SeleniumDriver] [  845] - Datavalue is----------Yes
[INFO ][2015-12-21 18:44:35,454][com.java.SeleniumDriver] [  869] - DataField : SLBddlPDFToScreen
[INFO ][2015-12-21 18:44:35,454][com.java.SeleniumDriver] [  871] - DataValue : Yes
[INFO ][2015-12-21 18:44:35,454][com.java.SeleniumDriver] [  877] - <In Set values of the page>
[INFO ][2015-12-21 18:44:35,454][com.java.SeleniumDriver] [  880] - {Data Fields & Data Values Exist}
[INFO ][2015-12-21 18:44:35,454][com.java.SeleniumDriver] [  882] - --------------------------setting values-----------------------------
[INFO ][2015-12-21 18:44:35,454][com.java.SeleniumDriver] [  885] - Action Type : SELECT
[INFO ][2015-12-21 18:44:35,454][com.java.TestType] [ 5577] - value = Yes
[INFO ][2015-12-21 18:44:37,766][com.java.SeleniumDriver] [  894] -  RESULT true
[INFO ][2015-12-21 18:44:37,766][com.java.SeleniumDriver] [ 1100] - ?   P A S S   ?
[INFO ][2015-12-21 18:44:37,766][com.java.SeleniumDriver] [  821] - ------------------------------------------
[INFO ][2015-12-21 18:44:37,766][com.java.SeleniumDriver] [  822] - Test case being Executed: 26
[INFO ][2015-12-21 18:44:37,766][com.java.SeleniumDriver] [  833] - Test step:36
[INFO ][2015-12-21 18:44:37,766][com.java.SeleniumDriver] [  845] - Datavalue is----------null
[DEBUG][2015-12-21 18:44:37,766][com.java.SeleniumDriver] [  863] - Exception: null
[INFO ][2015-12-21 18:44:37,766][com.java.SeleniumDriver] [  869] - DataField : BTNparent
[INFO ][2015-12-21 18:44:37,766][com.java.SeleniumDriver] [  871] - DataValue : 
[INFO ][2015-12-21 18:44:37,766][com.java.SeleniumDriver] [  877] - <In Set values of the page>
[INFO ][2015-12-21 18:44:37,766][com.java.SeleniumDriver] [  880] - {Data Fields & Data Values Exist}
[INFO ][2015-12-21 18:44:37,766][com.java.SeleniumDriver] [  882] - --------------------------setting values-----------------------------
[INFO ][2015-12-21 18:44:37,766][com.java.SeleniumDriver] [  885] - Action Type : SELECTFRAME
[INFO ][2015-12-21 18:44:37,786][com.java.SeleniumDriver] [  894] -  RESULT true
[INFO ][2015-12-21 18:44:37,786][com.java.SeleniumDriver] [ 1100] - ?   P A S S   ?
[INFO ][2015-12-21 18:44:37,786][com.java.SeleniumDriver] [  821] - ------------------------------------------
[INFO ][2015-12-21 18:44:37,786][com.java.SeleniumDriver] [  822] - Test case being Executed: 26
[INFO ][2015-12-21 18:44:37,786][com.java.SeleniumDriver] [  833] - Test step:37
[INFO ][2015-12-21 18:44:37,786][com.java.SeleniumDriver] [  845] - Datavalue is----------null
[DEBUG][2015-12-21 18:44:37,786][com.java.SeleniumDriver] [  863] - Exception: null
[INFO ][2015-12-21 18:44:37,786][com.java.SeleniumDriver] [  869] - DataField : XPH//span[@class="ui-button-text" and contains(text(),'Finished')]
[INFO ][2015-12-21 18:44:37,786][com.java.SeleniumDriver] [  871] - DataValue : 
[INFO ][2015-12-21 18:44:37,786][com.java.SeleniumDriver] [  877] - <In Set values of the page>
[INFO ][2015-12-21 18:44:37,786][com.java.SeleniumDriver] [  880] - {Data Fields & Data Values Exist}
[INFO ][2015-12-21 18:44:37,786][com.java.SeleniumDriver] [  882] - --------------------------setting values-----------------------------
[INFO ][2015-12-21 18:44:37,786][com.java.SeleniumDriver] [  885] - Action Type : CLICK
[INFO ][2015-12-21 18:44:37,786][com.java.TestType] [ 5956] - Field ::XPH//span[@class="ui-button-text" and contains(text(),'Finished')]
[INFO ][2015-12-21 18:44:37,786][com.java.TestType] [ 5577] - value = 
[INFO ][2015-12-21 18:44:38,788][com.java.TestType] [ 6093] - BEFORE CLICK
[INFO ][2015-12-21 18:44:39,828][com.java.TestType] [ 6101] - Unable to click the object Finish Button
[INFO ][2015-12-21 18:44:39,828][com.java.SeleniumDriver] [  894] -  RESULT true
[INFO ][2015-12-21 18:44:39,828][com.java.SeleniumDriver] [ 1100] - ?   P A S S   ?
[INFO ][2015-12-21 18:44:39,828][com.java.SeleniumDriver] [  821] - ------------------------------------------
[INFO ][2015-12-21 18:44:39,828][com.java.SeleniumDriver] [  822] - Test case being Executed: 26
[INFO ][2015-12-21 18:44:39,828][com.java.SeleniumDriver] [  833] - Test step:38
[INFO ][2015-12-21 18:44:39,828][com.java.SeleniumDriver] [  845] - Datavalue is----------5
[INFO ][2015-12-21 18:44:39,828][com.java.SeleniumDriver] [  869] - DataField : XPH//span[@class="icon-coin"]
[INFO ][2015-12-21 18:44:39,828][com.java.SeleniumDriver] [  871] - DataValue : 5
[INFO ][2015-12-21 18:44:39,828][com.java.SeleniumDriver] [  877] - <In Set values of the page>
[INFO ][2015-12-21 18:44:39,828][com.java.SeleniumDriver] [  880] - {Data Fields & Data Values Exist}
[INFO ][2015-12-21 18:44:39,828][com.java.SeleniumDriver] [  882] - --------------------------setting values-----------------------------
[INFO ][2015-12-21 18:44:39,828][com.java.SeleniumDriver] [  885] - Action Type : WAITFORELEMENT
[INFO ][2015-12-21 18:44:39,859][com.java.SeleniumDriver] [  894] -  RESULT true
[INFO ][2015-12-21 18:44:39,859][com.java.SeleniumDriver] [ 1100] - ?   P A S S   ?
[INFO ][2015-12-21 18:44:39,859][com.java.SeleniumDriver] [  821] - ------------------------------------------
[INFO ][2015-12-21 18:44:39,859][com.java.SeleniumDriver] [  822] - Test case being Executed: 26
[INFO ][2015-12-21 18:44:39,859][com.java.SeleniumDriver] [  833] - Test step:39
[INFO ][2015-12-21 18:44:39,859][com.java.SeleniumDriver] [  845] - Datavalue is----------null
[DEBUG][2015-12-21 18:44:39,859][com.java.SeleniumDriver] [  863] - Exception: null
[INFO ][2015-12-21 18:44:39,859][com.java.SeleniumDriver] [  869] - DataField : HDN//div[@class="menu"]//span[@class="icon-file-pdf"]
[INFO ][2015-12-21 18:44:39,859][com.java.SeleniumDriver] [  871] - DataValue : 
[INFO ][2015-12-21 18:44:39,859][com.java.SeleniumDriver] [  877] - <In Set values of the page>
[INFO ][2015-12-21 18:44:39,859][com.java.SeleniumDriver] [  880] - {Data Fields & Data Values Exist}
[INFO ][2015-12-21 18:44:39,859][com.java.SeleniumDriver] [  882] - --------------------------setting values-----------------------------
[INFO ][2015-12-21 18:44:39,859][com.java.SeleniumDriver] [  885] - Action Type : CLICK
[INFO ][2015-12-21 18:44:39,859][com.java.TestType] [ 5956] - Field ::HDN//div[@class="menu"]//span[@class="icon-file-pdf"]
[INFO ][2015-12-21 18:44:39,859][com.java.TestType] [ 5577] - value = 
[INFO ][2015-12-21 18:44:44,959][com.java.SeleniumDriver] [  894] -  RESULT true
[INFO ][2015-12-21 18:44:44,959][com.java.SeleniumDriver] [ 1100] - ?   P A S S   ?
[INFO ][2015-12-21 18:44:44,959][com.java.SeleniumDriver] [  821] - ------------------------------------------
[INFO ][2015-12-21 18:44:44,959][com.java.SeleniumDriver] [  822] - Test case being Executed: 26
[INFO ][2015-12-21 18:44:44,959][com.java.SeleniumDriver] [  833] - Test step:40
[INFO ][2015-12-21 18:44:44,959][com.java.SeleniumDriver] [  845] - Datavalue is----------3
[INFO ][2015-12-21 18:44:44,959][com.java.SeleniumDriver] [  869] - DataField : XPH//img[@id='loading']
[INFO ][2015-12-21 18:44:44,959][com.java.SeleniumDriver] [  871] - DataValue : 3
[INFO ][2015-12-21 18:44:44,959][com.java.SeleniumDriver] [  877] - <In Set values of the page>
[INFO ][2015-12-21 18:44:44,959][com.java.SeleniumDriver] [  880] - {Data Fields & Data Values Exist}
[INFO ][2015-12-21 18:44:44,959][com.java.SeleniumDriver] [  882] - --------------------------setting values-----------------------------
[INFO ][2015-12-21 18:44:44,959][com.java.SeleniumDriver] [  885] - Action Type : WaitForElement
[INFO ][2015-12-21 18:44:45,000][com.java.SeleniumDriver] [  894] -  RESULT true
[INFO ][2015-12-21 18:44:45,000][com.java.SeleniumDriver] [ 1100] - ?   P A S S   ?
[INFO ][2015-12-21 18:44:45,000][com.java.SeleniumDriver] [  821] - ------------------------------------------
[INFO ][2015-12-21 18:44:45,000][com.java.SeleniumDriver] [  822] - Test case being Executed: 26
[INFO ][2015-12-21 18:44:45,000][com.java.SeleniumDriver] [  833] - Test step:41
[INFO ][2015-12-21 18:44:45,000][com.java.SeleniumDriver] [  845] - Datavalue is----------90
[INFO ][2015-12-21 18:44:45,000][com.java.SeleniumDriver] [  869] - DataField : XPH//img[@id='loading']
[INFO ][2015-12-21 18:44:45,000][com.java.SeleniumDriver] [  871] - DataValue : 90
[INFO ][2015-12-21 18:44:45,000][com.java.SeleniumDriver] [  877] - <In Set values of the page>
[INFO ][2015-12-21 18:44:45,000][com.java.SeleniumDriver] [  880] - {Data Fields & Data Values Exist}
[INFO ][2015-12-21 18:44:45,000][com.java.SeleniumDriver] [  882] - --------------------------setting values-----------------------------
[INFO ][2015-12-21 18:44:45,000][com.java.SeleniumDriver] [  885] - Action Type : waitForElementNotPresent
[INFO ][2015-12-21 18:44:49,449][com.java.SeleniumDriver] [  894] -  RESULT true
[INFO ][2015-12-21 18:44:49,449][com.java.SeleniumDriver] [ 1100] - ?   P A S S   ?
[INFO ][2015-12-21 18:44:49,449][com.java.SeleniumDriver] [  821] - ------------------------------------------
[INFO ][2015-12-21 18:44:49,449][com.java.SeleniumDriver] [  822] - Test case being Executed: 26
[INFO ][2015-12-21 18:44:49,449][com.java.SeleniumDriver] [  833] - Test step:42
[INFO ][2015-12-21 18:44:49,449][com.java.SeleniumDriver] [  845] - Datavalue is----------15
[INFO ][2015-12-21 18:44:49,449][com.java.SeleniumDriver] [  869] - DataField : test
[INFO ][2015-12-21 18:44:49,449][com.java.SeleniumDriver] [  871] - DataValue : 15
[INFO ][2015-12-21 18:44:49,449][com.java.SeleniumDriver] [  877] - <In Set values of the page>
[INFO ][2015-12-21 18:44:49,449][com.java.SeleniumDriver] [  880] - {Data Fields & Data Values Exist}
[INFO ][2015-12-21 18:44:49,449][com.java.SeleniumDriver] [  882] - --------------------------setting values-----------------------------
[INFO ][2015-12-21 18:44:49,449][com.java.SeleniumDriver] [  885] - Action Type : WaitTime
[DEBUG][2015-12-21 18:44:49,449][com.java.TestType] [ 5397] - sleepTime: 15000
[INFO ][2015-12-21 18:45:04,450][com.java.SeleniumDriver] [  894] -  RESULT true
[INFO ][2015-12-21 18:45:04,450][com.java.SeleniumDriver] [ 1100] - ?   P A S S   ?
[INFO ][2015-12-21 18:45:04,450][com.java.SeleniumDriver] [  821] - ------------------------------------------
[INFO ][2015-12-21 18:45:04,450][com.java.SeleniumDriver] [  822] - Test case being Executed: 26
[INFO ][2015-12-21 18:45:04,450][com.java.SeleniumDriver] [  833] - Test step:43
[INFO ][2015-12-21 18:45:04,450][com.java.SeleniumDriver] [  845] - Datavalue is----------Banker'sDashboard
[INFO ][2015-12-21 18:45:04,450][com.java.SeleniumDriver] [  869] - DataField : DYN
[INFO ][2015-12-21 18:45:04,450][com.java.SeleniumDriver] [  871] - DataValue : Banker'sDashboard
[INFO ][2015-12-21 18:45:04,450][com.java.SeleniumDriver] [  877] - <In Set values of the page>
[INFO ][2015-12-21 18:45:04,450][com.java.SeleniumDriver] [  880] - {Data Fields & Data Values Exist}
[INFO ][2015-12-21 18:45:04,450][com.java.SeleniumDriver] [  882] - --------------------------setting values-----------------------------
[INFO ][2015-12-21 18:45:04,450][com.java.SeleniumDriver] [  885] - Action Type : SelectWindow
[DEBUG][2015-12-21 18:47:56,469][com.java.TestType] [ 6808] - Window with title   ::+Banker'sDashboard:: not Found
[INFO ][2015-12-21 18:48:00,479][com.java.SeleniumDriver] [  894] -  RESULT false
[INFO ][2015-12-21 18:48:02,519][com.java.SeleniumDriver] [  941] - ?   F A I L   ?
[INFO ][2015-12-21 18:48:02,519][com.java.SeleniumDriver] [  949] - Browser Type : IE10
[INFO ][2015-12-21 18:48:02,519][com.java.SeleniumDriver] [  950] - Adding Failed case26
[WARN ][2015-12-21 18:48:02,520][com.java.SeleniumDriver] [ 1010] - Source 'D:\BankersDashboard\TestReports\122115' exists but is a directory
[INFO ][2015-12-21 18:48:02,520][com.java.SeleniumDriver] [ 1064] - failedCases = 26
[ERROR][2015-12-21 18:48:02,520][com.java.SeleniumDriver] [ 1561] - Platform Errors : Our apologies...::We have encountered an issue with your request.::Our apologies?:We encountered an issue with your request.
[INFO ][2015-12-21 18:48:02,520][com.java.SeleniumDriver] [ 1565] - Length =3
[ERROR][2015-12-21 18:48:02,520][com.java.SeleniumDriver] [ 1568] - Error 0 = Our apologies...
[ERROR][2015-12-21 18:48:02,523][com.java.SeleniumDriver] [ 1582] - Unable to get browser (WARNING: The server did not provide any stacktrace information)
Command duration or timeout: 2 milliseconds
Build info: version: '2.48.2', revision: '41bccdd', time: '2015-10-09 19:59:12'
System info: host: 'FVTIII438F1D', ip: '172.17.68.34', os.name: 'Windows 7', os.arch: 'x86', os.version: '6.1', java.version: '1.7.0_55'
Session ID: 71114cd4-96a0-40da-bfd8-2d969621eb15
Driver info: org.openqa.selenium.ie.InternetExplorerDriver
Capabilities [{platform=WINDOWS, javascriptEnabled=true, elementScrollBehavior=0, ignoreZoomSetting=false, enablePersistentHover=true, ie.ensureCleanSession=false, browserName=internet explorer, enableElementCacheCleanup=true, unexpectedAlertBehaviour=dismiss, version=10, ie.usePerProcessProxy=false, ignoreProtectedModeSettings=true, cssSelectorsEnabled=true, requireWindowFocus=false, initialBrowserUrl=http://localhost:27614/, handlesAlerts=true, ie.forceCreateProcessApi=false, nativeEvents=true, browserAttachTimeout=0, ie.browserCommandLineSwitches=, takesScreenshot=true}]
[INFO ][2015-12-21 18:48:02,525][com.java.SeleniumDriver] [ 1584] - FindPlatformErrors exception: Unable to get browser (WARNING: The server did not provide any stacktrace information)
Command duration or timeout: 2 milliseconds
Build info: version: '2.48.2', revision: '41bccdd', time: '2015-10-09 19:59:12'
System info: host: 'FVTIII438F1D', ip: '172.17.68.34', os.name: 'Windows 7', os.arch: 'x86', os.version: '6.1', java.version: '1.7.0_55'
Session ID: 71114cd4-96a0-40da-bfd8-2d969621eb15
Driver info: org.openqa.selenium.ie.InternetExplorerDriver
Capabilities [{platform=WINDOWS, javascriptEnabled=true, elementScrollBehavior=0, ignoreZoomSetting=false, enablePersistentHover=true, ie.ensureCleanSession=false, browserName=internet explorer, enableElementCacheCleanup=true, unexpectedAlertBehaviour=dismiss, version=10, ie.usePerProcessProxy=false, ignoreProtectedModeSettings=true, cssSelectorsEnabled=true, requireWindowFocus=false, initialBrowserUrl=http://localhost:27614/, handlesAlerts=true, ie.forceCreateProcessApi=false, nativeEvents=true, browserAttachTimeout=0, ie.browserCommandLineSwitches=, takesScreenshot=true}]
[DEBUG][2015-12-21 18:48:02,525][com.java.SeleniumDriver] [ 1586] - Unable to get the Platform Error list from Hash Map.
[ERROR][2015-12-21 18:48:02,525][com.java.SeleniumDriver] [ 1182] - 
[INFO ][2015-12-21 18:48:02,526][com.java.SeleniumDriver] [  821] - ------------------------------------------
[INFO ][2015-12-21 18:48:02,526][com.java.SeleniumDriver] [  822] - Test case being Executed: 26
[INFO ][2015-12-21 18:48:02,526][com.java.SeleniumDriver] [  833] - Test step:44
[INFO ][2015-12-21 18:48:02,526][com.java.SeleniumDriver] [  845] - Datavalue is----------10
[INFO ][2015-12-21 18:48:02,526][com.java.SeleniumDriver] [  869] - DataField : test
[INFO ][2015-12-21 18:48:02,526][com.java.SeleniumDriver] [  871] - DataValue : 10
[INFO ][2015-12-21 18:48:02,526][com.java.SeleniumDriver] [  877] - <In Set values of the page>
[INFO ][2015-12-21 18:48:02,526][com.java.SeleniumDriver] [  880] - {Data Fields & Data Values Exist}
[INFO ][2015-12-21 18:48:02,526][com.java.SeleniumDriver] [  882] - --------------------------setting values-----------------------------
[INFO ][2015-12-21 18:48:02,526][com.java.SeleniumDriver] [  885] - Action Type : WaitTime
[DEBUG][2015-12-21 18:48:02,526][com.java.TestType] [ 5397] - sleepTime: 10000
[INFO ][2015-12-21 18:48:12,548][com.java.SeleniumDriver] [  894] -  RESULT true
[INFO ][2015-12-21 18:48:12,548][com.java.SeleniumDriver] [ 1100] - ?   P A S S   ?
[DEBUG][2015-12-21 18:48:12,548][com.java.SeleniumDriver] [ 1212] - Case found
[DEBUG][2015-12-21 18:48:12,548][com.java.SeleniumDriver] [ 1217] - Incrementing ReportCounters[0]:2
[INFO ][2015-12-21 18:48:12,548][com.java.SeleniumDriver] [ 1236] - The results are-------------------[26, 43, Settings : User Settings : Output PDF to screen, Fail, 
Test case failed at Step No. :: 43   Error Message ::  Window with title   ::+Banker'sDashboard:: not FoundException. Screen Shot : D:\BankersDashboard\TestReports\122115\26_122115_184802_IE10.png, Mon Dec 21 18:48:02 IST 2015]
[INFO ][2015-12-21 18:48:12,548][com.java.SeleniumDriver] [ 1240] - End time is-------6 min 22 sec
[INFO ][2015-12-21 18:48:12,548][com.java.SeleniumDriver] [ 1241] - The results are-------------------[26, 43, Settings : User Settings : Output PDF to screen, Fail, 
Test case failed at Step No. :: 43   Error Message ::  Window with title   ::+Banker'sDashboard:: not FoundException. Screen Shot : D:\BankersDashboard\TestReports\122115\26_122115_184802_IE10.png, Mon Dec 21 18:48:02 IST 2015]
[DEBUG][2015-12-21 18:48:12,548][com.java.ImportnExport.ExportTestResultsExcel] [  222] - testResultPath = D:\BankersDashboard/TestReports/Test Results_BankersDashBoard_122115_184151_IE10_Bank of North Carolina.xls
[DEBUG][2015-12-21 18:48:12,548][com.java.ImportnExport.ExportTestResultsExcel] [  223] - browser is------------IE10
[DEBUG][2015-12-21 18:48:12,548][com.java.ImportnExport.ExportTestResultsExcel] [  270] - result.size() = 6
[DEBUG][2015-12-21 18:48:12,548][com.java.ImportnExport.ExportTestResultsExcel] [  274] - No of rows in sheet=2
[DEBUG][2015-12-21 18:48:12,548][com.java.ImportnExport.ExportTestResultsExcel] [  301] - ..in export..26
[DEBUG][2015-12-21 18:48:12,548][com.java.ImportnExport.ExportTestResultsExcel] [  301] - ..in export..Settings : User Settings : Output PDF to screen
[DEBUG][2015-12-21 18:48:12,548][com.java.ImportnExport.ExportTestResultsExcel] [  301] - ..in export..Fail
[DEBUG][2015-12-21 18:48:12,548][com.java.ImportnExport.ExportTestResultsExcel] [  301] - ..in export..
Test case failed at Step No. :: 43   Error Message ::  Window with title   ::+Banker'sDashboard:: not FoundException. Screen Shot : D:\BankersDashboard\TestReports\122115\26_122115_184802_IE10.png
[DEBUG][2015-12-21 18:48:12,548][com.java.ImportnExport.ExportTestResultsExcel] [  301] - ..in export..Mon Dec 21 18:48:02 IST 2015
[INFO ][2015-12-21 18:48:12,548][com.java.SeleniumDriver] [ 1299] - out loop:1 size:2 TestCases:[1, 26] testcases:[1, 26]
[INFO ][2015-12-21 18:48:14,549][com.java.SeleniumDriver] [ 1342] - Total Number of Cases:2
[INFO ][2015-12-21 18:48:14,549][com.java.TemplateGenerator] [  302] - Executed:2
[INFO ][2015-12-21 18:48:14,549][com.java.TemplateGenerator] [  303] - Passed:1
[INFO ][2015-12-21 18:48:14,549][com.java.TemplateGenerator] [  304] - Failed:1
[INFO ][2015-12-21 18:48:14,549][com.java.TemplateGenerator] [  305] - Skipeed:0
[INFO ][2015-12-21 18:48:14,549][com.java.TemplateGenerator] [  306] - Application URL:https://clients-xuat.bankersdashboard.com
[INFO ][2015-12-21 18:48:14,549][com.java.TemplateGenerator] [  307] - Start Time:122115_184151
[INFO ][2015-12-21 18:48:14,549][com.java.TemplateGenerator] [  308] -  Creating HTML Report 
[ERROR][2015-12-21 18:48:14,549][com.java.TemplateGenerator] [  409] - Unparseable date: "Mon Dec 21 06:41:51 IST 2015"
[INFO ][2015-12-21 18:48:14,549][com.java.TemplateGenerator] [  654] -  Exporting case :: 1
[INFO ][2015-12-21 18:48:14,549][com.java.TemplateGenerator] [  654] -  Exporting case :: 26
[INFO ][2015-12-21 18:48:14,550][com.java.SeleniumDriver] [ 1391] - End Time:122115_184814
[INFO ][2015-12-21 18:48:14,550][com.java.SeleniumDriver] [ 1394] - Data in Test Execution Details:{1=PASS, 26=PASS}
[INFO ][2015-12-21 18:48:14,550][com.java.SeleniumDriver] [ 1395] - Data in Failed Execution Deatils:{}
[INFO ][2015-12-21 18:48:14,550][com.java.SeleniumDriver] [ 1397] - ReportCounter:Total:2 :: PASS: 1 ::FAIL: 1
[INFO ][2015-12-21 18:48:14,550][com.java.SeleniumDriver] [ 1398] - FailedReportCounter:Total:0 :: PASS: 0 ::FAIL: 0
[INFO ][2015-12-21 18:48:14,550][com.java.EmailTestReport] [   63] - Sending report mail details:
[INFO ][2015-12-21 18:48:14,550][com.java.EmailTestReport] [   80] - Excel Report Path:D:\BankersDashboard/TestReports/Test Results_BankersDashBoard_122115_184151_IE10_Bank of North Carolina.xls
[INFO ][2015-12-21 18:48:14,550][com.java.EmailTestReport] [   81] - HTML Report Path:D:\BankersDashboard//TestReports//Test Results_BankersDashBoard_122115_184151_IE10_Bank of North Carolina.html
[INFO ][2015-12-21 18:48:14,550][com.java.EmailTestReport] [   82] - smtpHostName:mail01.valuelabs.com
[INFO ][2015-12-21 18:48:14,550][com.java.EmailTestReport] [   83] - Recipient:venkateswararao.gubbala@valuelabs.com;
[INFO ][2015-12-21 18:48:14,550][com.java.EmailTestReport] [   84] - From:venkateswararao.gubbala@valuelabs.com;
[INFO ][2015-12-21 18:48:14,550][com.java.EmailTestReport] [   85] - Subject:Deluxe Corp Bankers Dashboard Automation Test Report - Bank of North Carolina - IE10
[INFO ][2015-12-21 18:48:14,580][com.java.EmailTestReport] [  143] -  Added venkateswararao.gubbala@valuelabs.com
[INFO ][2015-12-21 18:48:17,980][com.java.SeleniumDriver] [  720] - quitting the browser 
[INFO ][2015-12-21 18:48:19,245][com.java.SeleniumDriver] [  264] - Execution Completed Stopping the thread
