[INFO ][2015-11-18 17:52:43,031][com.java.SeleniumDriver] [  213] - Execute Failed Casesfalse
[INFO ][2015-11-18 17:52:43,031][com.java.SeleniumDriver] [  214] - Browser: IE10
[INFO ][2015-11-18 17:52:43,031][com.java.SeleniumDriver] [  215] - [1, 6]
[INFO ][2015-11-18 17:52:43,031][com.java.SeleniumDriver] [  216] - Total TestCases:2
[INFO ][2015-11-18 17:52:43,032][com.java.SeleniumDriver] [  217] -  Reading Properties from Property File 
[DEBUG][2015-11-18 17:52:43,032][com.java.SeleniumDriver] [  238] - url : https://clients-xuat.bankersdashboard.com
[INFO ][2015-11-18 17:52:43,033][com.java.ImportnExport.ExportTestResultsExcel] [  116] - Time Stamp Wed Nov 18 05:52:43 IST 2015
[INFO ][2015-11-18 17:52:43,033][com.java.ImportnExport.ExportTestResultsExcel] [  175] - OUT FILE : D:\BankersDashboard/TestReports/Test Results_BankersDashBoard_111815_175243_IE10_Mechanics & Farmers Bank.xls
[INFO ][2015-11-18 17:52:43,061][com.java.ImportnExport.ExportTestResultsExcel] [  180] - Test Result file is created
[DEBUG][2015-11-18 17:52:43,163][com.java.SeleniumDriver] [  425] - Hub ip address is-------172.17.68.34
[INFO ][2015-11-18 17:52:43,164][com.java.SeleniumDriver] [  451] - Grid URL:http://172.17.68.34:4444/wd/hub
[INFO ][2015-11-18 17:52:43,164][com.java.SeleniumDriver] [  452] - Capability:Capabilities [{platform=ANY, ensureCleanSession=true, ignoreProtectedModeSettings=true, acceptSslCerts=true, ignoreZoomSetting=true, browserName=internet explorer, browserstack.ie.noFlash=true, version=null}]
[ERROR][2015-11-18 17:52:44,467][com.java.SeleniumDriver] [  496] - Unable invoke browser in grid:Could not start a new session. Possible causes are invalid address of the remote server or browser start-up failure.
Build info: version: '2.48.2', revision: '41bccdd', time: '2015-10-09 19:59:12'
System info: host: 'FVTIII438F1D', ip: '172.17.68.34', os.name: 'Windows 7', os.arch: 'x86', os.version: '6.1', java.version: '1.7.0_55'
Driver info: driver.version: SeleniumDriver
[INFO ][2015-11-18 17:52:44,467][com.java.SeleniumDriver] [  498] - Executing on local machine
[INFO ][2015-11-18 17:52:53,965][com.java.SeleniumDriver] [  248] - IE10is opened
[INFO ][2015-11-18 17:52:54,804][com.java.SeleniumDriver] [  753] - Test cases to be executed are: [1, 6]
[INFO ][2015-11-18 17:52:54,822][com.java.ImportnExport.ImportTestDataDetailsExcel] [   49] - test data details path===== D:\BankersDashboard\TestInputs\TestData.xls
[INFO ][2015-11-18 17:52:54,870][com.java.SeleniumDriver] [  796] - ------------------------------------------
[INFO ][2015-11-18 17:52:54,871][com.java.SeleniumDriver] [  797] - Test case being Executed: 1
[INFO ][2015-11-18 17:52:54,871][com.java.SeleniumDriver] [  808] - Test step:1
[INFO ][2015-11-18 17:52:54,871][com.java.SeleniumDriver] [  820] - Datavalue is----------Concept#1:1-14
[INFO ][2015-11-18 17:52:54,871][com.java.SeleniumDriver] [  844] - DataField : test
[INFO ][2015-11-18 17:52:54,871][com.java.SeleniumDriver] [  846] - DataValue : Concept#1:1-14
[INFO ][2015-11-18 17:52:54,871][com.java.SeleniumDriver] [  852] - <In Set values of the page>
[INFO ][2015-11-18 17:52:54,871][com.java.SeleniumDriver] [  855] - {Data Fields & Data Values Exist}
[INFO ][2015-11-18 17:52:54,871][com.java.SeleniumDriver] [  857] - --------------------------setting values-----------------------------
[INFO ][2015-11-18 17:52:54,871][com.java.SeleniumDriver] [  860] - Action Type : ExecuteTestCase
[INFO ][2015-11-18 17:52:54,889][com.java.TestType] [  423] - The Concept sheet name is ---------- Concept
[INFO ][2015-11-18 17:52:54,889][com.java.TestType] [  426] - The Concept ID  is ---------- 1
[DEBUG][2015-11-18 17:52:54,889][com.java.TestType] [  430] - Steps being executted in the Concept are: 1:14
[INFO ][2015-11-18 17:52:54,889][com.java.TestType] [  437] - Test data details path ---------- D:\BankersDashboard\TestInputs\TestData.xls
[INFO ][2015-11-18 17:52:54,925][com.java.TestType] [  468] -  str(1) = 1
[INFO ][2015-11-18 17:52:54,925][com.java.TestType] [  471] - Test case Id is---1
[INFO ][2015-11-18 17:52:54,925][com.java.TestType] [  473] - 1
[INFO ][2015-11-18 17:52:54,925][com.java.TestType] [  468] -  str(2) = 1
[INFO ][2015-11-18 17:52:54,927][com.java.TestType] [  520] - row values are--------{1=com.java.Objects.TestDataDetails@1fa92be}
[INFO ][2015-11-18 17:52:54,928][com.java.TestType] [  468] -  str(1) = 1
[INFO ][2015-11-18 17:52:54,928][com.java.TestType] [  471] - Test case Id is---1
[INFO ][2015-11-18 17:52:54,928][com.java.TestType] [  473] - 1
[INFO ][2015-11-18 17:52:54,928][com.java.TestType] [  468] -  str(2) = 2
[INFO ][2015-11-18 17:52:54,931][com.java.TestType] [  520] - row values are--------{1=com.java.Objects.TestDataDetails@1fa92be, 2=com.java.Objects.TestDataDetails@1b9e6d7}
[INFO ][2015-11-18 17:52:54,931][com.java.TestType] [  468] -  str(1) = 1
[INFO ][2015-11-18 17:52:54,931][com.java.TestType] [  471] - Test case Id is---1
[INFO ][2015-11-18 17:52:54,931][com.java.TestType] [  473] - 1
[INFO ][2015-11-18 17:52:54,931][com.java.TestType] [  468] -  str(2) = 3
[INFO ][2015-11-18 17:52:54,933][com.java.TestType] [  520] - row values are--------{1=com.java.Objects.TestDataDetails@1fa92be, 2=com.java.Objects.TestDataDetails@1b9e6d7, 3=com.java.Objects.TestDataDetails@dc8b55}
[INFO ][2015-11-18 17:52:54,933][com.java.TestType] [  468] -  str(1) = 1
[INFO ][2015-11-18 17:52:54,933][com.java.TestType] [  471] - Test case Id is---1
[INFO ][2015-11-18 17:52:54,933][com.java.TestType] [  473] - 1
[INFO ][2015-11-18 17:52:54,933][com.java.TestType] [  468] -  str(2) = 4
[INFO ][2015-11-18 17:52:54,934][com.java.TestType] [  520] - row values are--------{1=com.java.Objects.TestDataDetails@1fa92be, 2=com.java.Objects.TestDataDetails@1b9e6d7, 3=com.java.Objects.TestDataDetails@dc8b55, 4=com.java.Objects.TestDataDetails@b8460f}
[INFO ][2015-11-18 17:52:54,934][com.java.TestType] [  468] -  str(1) = 1
[INFO ][2015-11-18 17:52:54,935][com.java.TestType] [  471] - Test case Id is---1
[INFO ][2015-11-18 17:52:54,935][com.java.TestType] [  473] - 1
[INFO ][2015-11-18 17:52:54,935][com.java.TestType] [  468] -  str(2) = 5
[INFO ][2015-11-18 17:52:54,936][com.java.TestType] [  520] - row values are--------{1=com.java.Objects.TestDataDetails@1fa92be, 2=com.java.Objects.TestDataDetails@1b9e6d7, 3=com.java.Objects.TestDataDetails@dc8b55, 4=com.java.Objects.TestDataDetails@b8460f, 5=com.java.Objects.TestDataDetails@1b40e7e}
[INFO ][2015-11-18 17:52:54,936][com.java.TestType] [  468] -  str(1) = 1
[INFO ][2015-11-18 17:52:54,936][com.java.TestType] [  471] - Test case Id is---1
[INFO ][2015-11-18 17:52:54,936][com.java.TestType] [  473] - 1
[INFO ][2015-11-18 17:52:54,936][com.java.TestType] [  468] -  str(2) = 6
[INFO ][2015-11-18 17:52:54,937][com.java.TestType] [  520] - row values are--------{1=com.java.Objects.TestDataDetails@1fa92be, 2=com.java.Objects.TestDataDetails@1b9e6d7, 3=com.java.Objects.TestDataDetails@dc8b55, 4=com.java.Objects.TestDataDetails@b8460f, 5=com.java.Objects.TestDataDetails@1b40e7e, 6=com.java.Objects.TestDataDetails@77d66}
[INFO ][2015-11-18 17:52:54,937][com.java.TestType] [  468] -  str(1) = 1
[INFO ][2015-11-18 17:52:54,938][com.java.TestType] [  471] - Test case Id is---1
[INFO ][2015-11-18 17:52:54,938][com.java.TestType] [  473] - 1
[INFO ][2015-11-18 17:52:54,938][com.java.TestType] [  468] -  str(2) = 7
[INFO ][2015-11-18 17:52:54,939][com.java.TestType] [  520] - row values are--------{1=com.java.Objects.TestDataDetails@1fa92be, 2=com.java.Objects.TestDataDetails@1b9e6d7, 3=com.java.Objects.TestDataDetails@dc8b55, 4=com.java.Objects.TestDataDetails@b8460f, 5=com.java.Objects.TestDataDetails@1b40e7e, 6=com.java.Objects.TestDataDetails@77d66, 7=com.java.Objects.TestDataDetails@19a12cb}
[INFO ][2015-11-18 17:52:54,939][com.java.TestType] [  468] -  str(1) = 1
[INFO ][2015-11-18 17:52:54,939][com.java.TestType] [  471] - Test case Id is---1
[INFO ][2015-11-18 17:52:54,940][com.java.TestType] [  473] - 1
[INFO ][2015-11-18 17:52:54,941][com.java.TestType] [  468] -  str(2) = 8
[INFO ][2015-11-18 17:52:54,941][com.java.TestType] [  520] - row values are--------{1=com.java.Objects.TestDataDetails@1fa92be, 2=com.java.Objects.TestDataDetails@1b9e6d7, 3=com.java.Objects.TestDataDetails@dc8b55, 4=com.java.Objects.TestDataDetails@b8460f, 5=com.java.Objects.TestDataDetails@1b40e7e, 6=com.java.Objects.TestDataDetails@77d66, 7=com.java.Objects.TestDataDetails@19a12cb, 8=com.java.Objects.TestDataDetails@1ebc96b}
[INFO ][2015-11-18 17:52:54,941][com.java.TestType] [  468] -  str(1) = 1
[INFO ][2015-11-18 17:52:54,942][com.java.TestType] [  471] - Test case Id is---1
[INFO ][2015-11-18 17:52:54,942][com.java.TestType] [  473] - 1
[INFO ][2015-11-18 17:52:54,942][com.java.TestType] [  468] -  str(2) = 9
[INFO ][2015-11-18 17:52:54,942][com.java.TestType] [  520] - row values are--------{1=com.java.Objects.TestDataDetails@1fa92be, 2=com.java.Objects.TestDataDetails@1b9e6d7, 3=com.java.Objects.TestDataDetails@dc8b55, 4=com.java.Objects.TestDataDetails@b8460f, 5=com.java.Objects.TestDataDetails@1b40e7e, 6=com.java.Objects.TestDataDetails@77d66, 7=com.java.Objects.TestDataDetails@19a12cb, 8=com.java.Objects.TestDataDetails@1ebc96b, 9=com.java.Objects.TestDataDetails@10ca790}
[INFO ][2015-11-18 17:52:54,943][com.java.TestType] [  468] -  str(1) = 1
[INFO ][2015-11-18 17:52:54,943][com.java.TestType] [  471] - Test case Id is---1
[INFO ][2015-11-18 17:52:54,943][com.java.TestType] [  473] - 1
[INFO ][2015-11-18 17:52:54,943][com.java.TestType] [  468] -  str(2) = 10
[INFO ][2015-11-18 17:52:54,944][com.java.TestType] [  520] - row values are--------{1=com.java.Objects.TestDataDetails@1fa92be, 2=com.java.Objects.TestDataDetails@1b9e6d7, 3=com.java.Objects.TestDataDetails@dc8b55, 4=com.java.Objects.TestDataDetails@b8460f, 5=com.java.Objects.TestDataDetails@1b40e7e, 6=com.java.Objects.TestDataDetails@77d66, 7=com.java.Objects.TestDataDetails@19a12cb, 8=com.java.Objects.TestDataDetails@1ebc96b, 9=com.java.Objects.TestDataDetails@10ca790, 10=com.java.Objects.TestDataDetails@f3ed4d}
[INFO ][2015-11-18 17:52:54,944][com.java.TestType] [  468] -  str(1) = 1
[INFO ][2015-11-18 17:52:54,944][com.java.TestType] [  471] - Test case Id is---1
[INFO ][2015-11-18 17:52:54,944][com.java.TestType] [  473] - 1
[INFO ][2015-11-18 17:52:54,944][com.java.TestType] [  468] -  str(2) = 11
[INFO ][2015-11-18 17:52:54,945][com.java.TestType] [  520] - row values are--------{1=com.java.Objects.TestDataDetails@1fa92be, 2=com.java.Objects.TestDataDetails@1b9e6d7, 3=com.java.Objects.TestDataDetails@dc8b55, 4=com.java.Objects.TestDataDetails@b8460f, 5=com.java.Objects.TestDataDetails@1b40e7e, 6=com.java.Objects.TestDataDetails@77d66, 7=com.java.Objects.TestDataDetails@19a12cb, 8=com.java.Objects.TestDataDetails@1ebc96b, 9=com.java.Objects.TestDataDetails@10ca790, 10=com.java.Objects.TestDataDetails@f3ed4d, 11=com.java.Objects.TestDataDetails@c9defc}
[INFO ][2015-11-18 17:52:54,946][com.java.TestType] [  468] -  str(1) = 1
[INFO ][2015-11-18 17:52:54,946][com.java.TestType] [  471] - Test case Id is---1
[INFO ][2015-11-18 17:52:54,946][com.java.TestType] [  473] - 1
[INFO ][2015-11-18 17:52:54,946][com.java.TestType] [  468] -  str(2) = 12
[INFO ][2015-11-18 17:52:54,946][com.java.TestType] [  520] - row values are--------{1=com.java.Objects.TestDataDetails@1fa92be, 2=com.java.Objects.TestDataDetails@1b9e6d7, 3=com.java.Objects.TestDataDetails@dc8b55, 4=com.java.Objects.TestDataDetails@b8460f, 5=com.java.Objects.TestDataDetails@1b40e7e, 6=com.java.Objects.TestDataDetails@77d66, 7=com.java.Objects.TestDataDetails@19a12cb, 8=com.java.Objects.TestDataDetails@1ebc96b, 9=com.java.Objects.TestDataDetails@10ca790, 10=com.java.Objects.TestDataDetails@f3ed4d, 11=com.java.Objects.TestDataDetails@c9defc, 12=com.java.Objects.TestDataDetails@f1b6e0}
[INFO ][2015-11-18 17:52:54,947][com.java.TestType] [  468] -  str(1) = 1
[INFO ][2015-11-18 17:52:54,947][com.java.TestType] [  471] - Test case Id is---1
[INFO ][2015-11-18 17:52:54,947][com.java.TestType] [  473] - 1
[INFO ][2015-11-18 17:52:54,947][com.java.TestType] [  468] -  str(2) = 13
[INFO ][2015-11-18 17:52:54,947][com.java.TestType] [  520] - row values are--------{1=com.java.Objects.TestDataDetails@1fa92be, 2=com.java.Objects.TestDataDetails@1b9e6d7, 3=com.java.Objects.TestDataDetails@dc8b55, 4=com.java.Objects.TestDataDetails@b8460f, 5=com.java.Objects.TestDataDetails@1b40e7e, 6=com.java.Objects.TestDataDetails@77d66, 7=com.java.Objects.TestDataDetails@19a12cb, 8=com.java.Objects.TestDataDetails@1ebc96b, 9=com.java.Objects.TestDataDetails@10ca790, 10=com.java.Objects.TestDataDetails@f3ed4d, 11=com.java.Objects.TestDataDetails@c9defc, 12=com.java.Objects.TestDataDetails@f1b6e0, 13=com.java.Objects.TestDataDetails@1785e0f}
[INFO ][2015-11-18 17:52:54,948][com.java.TestType] [  468] -  str(1) = 1
[INFO ][2015-11-18 17:52:54,948][com.java.TestType] [  471] - Test case Id is---1
[INFO ][2015-11-18 17:52:54,948][com.java.TestType] [  473] - 1
[INFO ][2015-11-18 17:52:54,948][com.java.TestType] [  468] -  str(2) = 14
[INFO ][2015-11-18 17:52:54,949][com.java.TestType] [  520] - row values are--------{1=com.java.Objects.TestDataDetails@1fa92be, 2=com.java.Objects.TestDataDetails@1b9e6d7, 3=com.java.Objects.TestDataDetails@dc8b55, 4=com.java.Objects.TestDataDetails@b8460f, 5=com.java.Objects.TestDataDetails@1b40e7e, 6=com.java.Objects.TestDataDetails@77d66, 7=com.java.Objects.TestDataDetails@19a12cb, 8=com.java.Objects.TestDataDetails@1ebc96b, 9=com.java.Objects.TestDataDetails@10ca790, 10=com.java.Objects.TestDataDetails@f3ed4d, 11=com.java.Objects.TestDataDetails@c9defc, 12=com.java.Objects.TestDataDetails@f1b6e0, 13=com.java.Objects.TestDataDetails@1785e0f, 14=com.java.Objects.TestDataDetails@17556a0}
[INFO ][2015-11-18 17:52:54,949][com.java.TestType] [ 8799] - Looping 1TCID = 1
[DEBUG][2015-11-18 17:52:54,949][com.java.TestType] [ 8840] - Concept ID:1 :: Step being Executed: 1::1
[INFO ][2015-11-18 17:52:54,950][com.java.TestType] [ 8878] - dataFields : TXTusername
[DEBUG][2015-11-18 17:52:54,950][com.java.TestType] [ 8884] - <In Set values of the page>
[DEBUG][2015-11-18 17:52:54,950][com.java.TestType] [ 8889] - {Data Fields & Data Values Exist}
[INFO ][2015-11-18 17:52:54,950][com.java.TestType] [ 8895] - --------------------------setting values-----------------------------
[INFO ][2015-11-18 17:52:54,950][com.java.TestType] [ 8898] - Action Type : CLEARANDENTER
[INFO ][2015-11-18 17:52:54,950][com.java.TestType] [ 4454] - value = valuelabs.ie10.30118
[INFO ][2015-11-18 17:52:59,595][com.java.TestType] [ 8917] -  RESULT true
[INFO ][2015-11-18 17:52:59,595][com.java.TestType] [ 9034] - ?   P A S S   ?
[DEBUG][2015-11-18 17:52:59,595][com.java.TestType] [ 8840] - Concept ID:1 :: Step being Executed: 1::2
[INFO ][2015-11-18 17:52:59,595][com.java.TestType] [ 8878] - dataFields : TXTpassword
[DEBUG][2015-11-18 17:52:59,595][com.java.TestType] [ 8884] - <In Set values of the page>
[DEBUG][2015-11-18 17:52:59,595][com.java.TestType] [ 8889] - {Data Fields & Data Values Exist}
[INFO ][2015-11-18 17:52:59,596][com.java.TestType] [ 8895] - --------------------------setting values-----------------------------
[INFO ][2015-11-18 17:52:59,596][com.java.TestType] [ 8898] - Action Type : CLEARANDENTER
[INFO ][2015-11-18 17:52:59,596][com.java.TestType] [ 4454] - value = Password1*
[INFO ][2015-11-18 17:53:04,347][com.java.TestType] [ 8917] -  RESULT true
[INFO ][2015-11-18 17:53:04,347][com.java.TestType] [ 9034] - ?   P A S S   ?
[DEBUG][2015-11-18 17:53:04,347][com.java.TestType] [ 8840] - Concept ID:1 :: Step being Executed: 1::3
[ERROR][2015-11-18 17:53:04,347][com.java.TestType] [ 8873] - Exception: null
[INFO ][2015-11-18 17:53:04,347][com.java.TestType] [ 8878] - dataFields : XPH//button[@type='submit']
[DEBUG][2015-11-18 17:53:04,347][com.java.TestType] [ 8884] - <In Set values of the page>
[DEBUG][2015-11-18 17:53:04,347][com.java.TestType] [ 8889] - {Data Fields & Data Values Exist}
[INFO ][2015-11-18 17:53:04,347][com.java.TestType] [ 8895] - --------------------------setting values-----------------------------
[INFO ][2015-11-18 17:53:04,348][com.java.TestType] [ 8898] - Action Type : Click
[INFO ][2015-11-18 17:53:04,348][com.java.TestType] [ 4767] - Field ::XPH//button[@type='submit']
[INFO ][2015-11-18 17:53:05,348][com.java.TestType] [ 4826] - BEFORE CLICK
[INFO ][2015-11-18 17:53:06,157][com.java.TestType] [ 4834] - Unable to click the object Login
[INFO ][2015-11-18 17:53:06,157][com.java.TestType] [ 8917] -  RESULT true
[INFO ][2015-11-18 17:53:06,157][com.java.TestType] [ 9034] - ?   P A S S   ?
[DEBUG][2015-11-18 17:53:06,157][com.java.TestType] [ 8840] - Concept ID:1 :: Step being Executed: 1::4
[INFO ][2015-11-18 17:53:06,157][com.java.TestType] [ 8878] - dataFields : LNKLogout
[DEBUG][2015-11-18 17:53:06,157][com.java.TestType] [ 8884] - <In Set values of the page>
[DEBUG][2015-11-18 17:53:06,157][com.java.TestType] [ 8889] - {Data Fields & Data Values Exist}
[INFO ][2015-11-18 17:53:06,157][com.java.TestType] [ 8895] - --------------------------setting values-----------------------------
[INFO ][2015-11-18 17:53:06,157][com.java.TestType] [ 8898] - Action Type : WaitForElement
[DEBUG][2015-11-18 17:53:25,454][com.java.TestType] [ 5344] - link=Logout   :: Link not Found
[INFO ][2015-11-18 17:53:25,454][com.java.TestType] [ 8917] -  RESULT false
[INFO ][2015-11-18 17:53:25,454][com.java.TestType] [ 8955] - ?   F A I L   ?
[DEBUG][2015-11-18 17:53:25,454][com.java.TestType] [ 8958] - Browser Type : IE10
[DEBUG][2015-11-18 17:53:25,454][com.java.TestType] [ 8840] - Concept ID:1 :: Step being Executed: 1::5
[INFO ][2015-11-18 17:53:25,455][com.java.TestType] [ 8878] - dataFields : TTL
[DEBUG][2015-11-18 17:53:25,455][com.java.TestType] [ 8884] - <In Set values of the page>
[DEBUG][2015-11-18 17:53:25,455][com.java.TestType] [ 8889] - {Data Fields & Data Values Exist}
[INFO ][2015-11-18 17:53:25,455][com.java.TestType] [ 8895] - --------------------------setting values-----------------------------
[INFO ][2015-11-18 17:53:25,455][com.java.TestType] [ 8898] - Action Type : SelectWindow
[INFO ][2015-11-18 17:53:38,025][com.java.TestType] [ 8917] -  RESULT true
[INFO ][2015-11-18 17:53:38,025][com.java.TestType] [ 9034] - ?   P A S S   ?
[DEBUG][2015-11-18 17:53:38,025][com.java.TestType] [ 8840] - Concept ID:1 :: Step being Executed: 1::6
[INFO ][2015-11-18 17:53:38,025][com.java.TestType] [ 8878] - dataFields : test
[DEBUG][2015-11-18 17:53:38,025][com.java.TestType] [ 8884] - <In Set values of the page>
[DEBUG][2015-11-18 17:53:38,026][com.java.TestType] [ 8889] - {Data Fields & Data Values Exist}
[INFO ][2015-11-18 17:53:38,026][com.java.TestType] [ 8895] - --------------------------setting values-----------------------------
[INFO ][2015-11-18 17:53:38,026][com.java.TestType] [ 8898] - Action Type : WaitTime
[DEBUG][2015-11-18 17:53:38,026][com.java.TestType] [ 4289] - sleepTime: 20000
[INFO ][2015-11-18 17:53:58,025][com.java.TestType] [ 8917] -  RESULT true
[INFO ][2015-11-18 17:53:58,025][com.java.TestType] [ 9034] - ?   P A S S   ?
[DEBUG][2015-11-18 17:53:58,025][com.java.TestType] [ 8840] - Concept ID:1 :: Step being Executed: 1::7
[ERROR][2015-11-18 17:53:58,025][com.java.TestType] [ 8873] - Exception: null
[INFO ][2015-11-18 17:53:58,025][com.java.TestType] [ 8878] - dataFields : //span[@class='icon-cog2']&&//a[@data-id="UserSettings"]
[DEBUG][2015-11-18 17:53:58,025][com.java.TestType] [ 8884] - <In Set values of the page>
[DEBUG][2015-11-18 17:53:58,025][com.java.TestType] [ 8889] - {Data Fields & Data Values Exist}
[INFO ][2015-11-18 17:53:58,025][com.java.TestType] [ 8895] - --------------------------setting values-----------------------------
[INFO ][2015-11-18 17:53:58,025][com.java.TestType] [ 8898] - Action Type : MouseOver
[INFO ][2015-11-18 17:54:26,332][com.java.TestType] [ 8917] -  RESULT true
[INFO ][2015-11-18 17:54:26,332][com.java.TestType] [ 9034] - ?   P A S S   ?
[DEBUG][2015-11-18 17:54:26,332][com.java.TestType] [ 8840] - Concept ID:1 :: Step being Executed: 1::8
[INFO ][2015-11-18 17:54:26,332][com.java.TestType] [ 8878] - dataFields : BTNframeDialogContent
[DEBUG][2015-11-18 17:54:26,332][com.java.TestType] [ 8884] - <In Set values of the page>
[DEBUG][2015-11-18 17:54:26,332][com.java.TestType] [ 8889] - {Data Fields & Data Values Exist}
[INFO ][2015-11-18 17:54:26,332][com.java.TestType] [ 8895] - --------------------------setting values-----------------------------
[INFO ][2015-11-18 17:54:26,332][com.java.TestType] [ 8898] - Action Type : WaitForElement
[INFO ][2015-11-18 17:54:27,535][com.java.TestType] [ 8917] -  RESULT true
[INFO ][2015-11-18 17:54:27,536][com.java.TestType] [ 9034] - ?   P A S S   ?
[DEBUG][2015-11-18 17:54:27,536][com.java.TestType] [ 8840] - Concept ID:1 :: Step being Executed: 1::9
[INFO ][2015-11-18 17:54:27,536][com.java.TestType] [ 8878] - dataFields : BTN
[DEBUG][2015-11-18 17:54:27,536][com.java.TestType] [ 8884] - <In Set values of the page>
[DEBUG][2015-11-18 17:54:27,536][com.java.TestType] [ 8889] - {Data Fields & Data Values Exist}
[INFO ][2015-11-18 17:54:27,536][com.java.TestType] [ 8895] - --------------------------setting values-----------------------------
[INFO ][2015-11-18 17:54:27,536][com.java.TestType] [ 8898] - Action Type : SELECTFRAMEBYNAME
[INFO ][2015-11-18 17:54:27,536][com.java.TestType] [ 4454] - value = frameDialogContent
[INFO ][2015-11-18 17:54:27,602][com.java.TestType] [ 8917] -  RESULT true
[INFO ][2015-11-18 17:54:27,602][com.java.TestType] [ 9034] - ?   P A S S   ?
[DEBUG][2015-11-18 17:54:27,602][com.java.TestType] [ 8840] - Concept ID:1 :: Step being Executed: 1::10
[INFO ][2015-11-18 17:54:27,602][com.java.TestType] [ 8878] - dataFields : SLBddlOpenBDInNewWindow
[DEBUG][2015-11-18 17:54:27,602][com.java.TestType] [ 8884] - <In Set values of the page>
[DEBUG][2015-11-18 17:54:27,602][com.java.TestType] [ 8889] - {Data Fields & Data Values Exist}
[INFO ][2015-11-18 17:54:27,602][com.java.TestType] [ 8895] - --------------------------setting values-----------------------------
[INFO ][2015-11-18 17:54:27,602][com.java.TestType] [ 8898] - Action Type : Select
[INFO ][2015-11-18 17:54:27,602][com.java.TestType] [ 4454] - value = No
[INFO ][2015-11-18 17:54:29,899][com.java.TestType] [ 8917] -  RESULT true
[INFO ][2015-11-18 17:54:29,899][com.java.TestType] [ 9034] - ?   P A S S   ?
[DEBUG][2015-11-18 17:54:29,899][com.java.TestType] [ 8840] - Concept ID:1 :: Step being Executed: 1::11
[ERROR][2015-11-18 17:54:29,899][com.java.TestType] [ 8873] - Exception: null
[INFO ][2015-11-18 17:54:29,899][com.java.TestType] [ 8878] - dataFields : BTNparent
[DEBUG][2015-11-18 17:54:29,899][com.java.TestType] [ 8884] - <In Set values of the page>
[DEBUG][2015-11-18 17:54:29,899][com.java.TestType] [ 8889] - {Data Fields & Data Values Exist}
[INFO ][2015-11-18 17:54:29,899][com.java.TestType] [ 8895] - --------------------------setting values-----------------------------
[INFO ][2015-11-18 17:54:29,900][com.java.TestType] [ 8898] - Action Type : SELECTFRAME
[INFO ][2015-11-18 17:54:29,913][com.java.TestType] [ 8917] -  RESULT true
[INFO ][2015-11-18 17:54:29,913][com.java.TestType] [ 9034] - ?   P A S S   ?
[DEBUG][2015-11-18 17:54:29,913][com.java.TestType] [ 8840] - Concept ID:1 :: Step being Executed: 1::12
[ERROR][2015-11-18 17:54:29,913][com.java.TestType] [ 8873] - Exception: null
[INFO ][2015-11-18 17:54:29,913][com.java.TestType] [ 8878] - dataFields : BTN//span[text()='Finished']
[DEBUG][2015-11-18 17:54:29,913][com.java.TestType] [ 8884] - <In Set values of the page>
[DEBUG][2015-11-18 17:54:29,913][com.java.TestType] [ 8889] - {Data Fields & Data Values Exist}
[INFO ][2015-11-18 17:54:29,913][com.java.TestType] [ 8895] - --------------------------setting values-----------------------------
[INFO ][2015-11-18 17:54:29,913][com.java.TestType] [ 8898] - Action Type : Click
[INFO ][2015-11-18 17:54:29,914][com.java.TestType] [ 4767] - Field ::BTN//span[text()='Finished']
[INFO ][2015-11-18 17:54:30,914][com.java.TestType] [ 4805] - BEFORE CLICK
[INFO ][2015-11-18 17:54:31,274][com.java.TestType] [ 4812] - Unable to click the object Finished button
[INFO ][2015-11-18 17:54:31,274][com.java.TestType] [ 8917] -  RESULT true
[INFO ][2015-11-18 17:54:31,274][com.java.TestType] [ 9034] - ?   P A S S   ?
[DEBUG][2015-11-18 17:54:31,274][com.java.TestType] [ 8840] - Concept ID:1 :: Step being Executed: 1::13
[INFO ][2015-11-18 17:54:31,274][com.java.TestType] [ 8878] - dataFields : LNK
[DEBUG][2015-11-18 17:54:31,275][com.java.TestType] [ 8884] - <In Set values of the page>
[DEBUG][2015-11-18 17:54:31,275][com.java.TestType] [ 8889] - {Data Fields & Data Values Exist}
[INFO ][2015-11-18 17:54:31,275][com.java.TestType] [ 8895] - --------------------------setting values-----------------------------
[INFO ][2015-11-18 17:54:31,275][com.java.TestType] [ 8898] - Action Type : Verify
[INFO ][2015-11-18 17:54:31,275][com.java.TestType] [ 5561] - field= LNK value= Logout
[INFO ][2015-11-18 17:54:31,276][com.java.TestType] [ 4454] - value = Logout
[INFO ][2015-11-18 17:54:31,412][com.java.TestType] [ 8917] -  RESULT true
[INFO ][2015-11-18 17:54:31,412][com.java.TestType] [ 9034] - ?   P A S S   ?
[DEBUG][2015-11-18 17:54:31,413][com.java.TestType] [ 8840] - Concept ID:1 :: Step being Executed: 1::14
[INFO ][2015-11-18 17:54:31,413][com.java.TestType] [ 8878] - dataFields : BTN
[DEBUG][2015-11-18 17:54:31,413][com.java.TestType] [ 8884] - <In Set values of the page>
[DEBUG][2015-11-18 17:54:31,413][com.java.TestType] [ 8889] - {Data Fields & Data Values Exist}
[INFO ][2015-11-18 17:54:31,413][com.java.TestType] [ 8895] - --------------------------setting values-----------------------------
[INFO ][2015-11-18 17:54:31,413][com.java.TestType] [ 8898] - Action Type : Verify
[INFO ][2015-11-18 17:54:31,413][com.java.TestType] [ 5561] - field= BTN value= //img[contains(@src,'bdlogo.jpg')]
[INFO ][2015-11-18 17:54:31,414][com.java.TestType] [ 4454] - value = //img[contains(@src,'bdlogo.jpg')]
[INFO ][2015-11-18 17:54:31,538][com.java.TestType] [ 8917] -  RESULT true
[INFO ][2015-11-18 17:54:31,538][com.java.TestType] [ 9034] - ?   P A S S   ?
[INFO ][2015-11-18 17:54:31,538][com.java.TestType] [ 9105] - Looping End......
[INFO ][2015-11-18 17:54:31,543][com.java.SeleniumDriver] [  869] -  RESULT true
[INFO ][2015-11-18 17:54:31,543][com.java.SeleniumDriver] [ 1074] - ?   P A S S   ?
[INFO ][2015-11-18 17:54:31,543][com.java.SeleniumDriver] [  796] - ------------------------------------------
[INFO ][2015-11-18 17:54:31,543][com.java.SeleniumDriver] [  797] - Test case being Executed: 1
[INFO ][2015-11-18 17:54:31,543][com.java.SeleniumDriver] [  808] - Test step:2
[INFO ][2015-11-18 17:54:31,543][com.java.SeleniumDriver] [  820] - Datavalue is----------Concept#2:1-2
[INFO ][2015-11-18 17:54:31,543][com.java.SeleniumDriver] [  844] - DataField : test
[INFO ][2015-11-18 17:54:31,543][com.java.SeleniumDriver] [  846] - DataValue : Concept#2:1-2
[INFO ][2015-11-18 17:54:31,543][com.java.SeleniumDriver] [  852] - <In Set values of the page>
[INFO ][2015-11-18 17:54:31,543][com.java.SeleniumDriver] [  855] - {Data Fields & Data Values Exist}
[INFO ][2015-11-18 17:54:31,543][com.java.SeleniumDriver] [  857] - --------------------------setting values-----------------------------
[INFO ][2015-11-18 17:54:31,543][com.java.SeleniumDriver] [  860] - Action Type : ExecuteTestCase
[INFO ][2015-11-18 17:54:31,544][com.java.TestType] [  423] - The Concept sheet name is ---------- Concept
[INFO ][2015-11-18 17:54:31,544][com.java.TestType] [  426] - The Concept ID  is ---------- 2
[DEBUG][2015-11-18 17:54:31,544][com.java.TestType] [  430] - Steps being executted in the Concept are: 1:2
[INFO ][2015-11-18 17:54:31,544][com.java.TestType] [  437] - Test data details path ---------- D:\BankersDashboard\TestInputs\TestData.xls
[INFO ][2015-11-18 17:54:31,575][com.java.TestType] [  468] -  str(1) = 2
[INFO ][2015-11-18 17:54:31,575][com.java.TestType] [  471] - Test case Id is---2
[INFO ][2015-11-18 17:54:31,575][com.java.TestType] [  473] - 2
[INFO ][2015-11-18 17:54:31,575][com.java.TestType] [  468] -  str(2) = 1
[INFO ][2015-11-18 17:54:31,578][com.java.TestType] [  520] - row values are--------{1=com.java.Objects.TestDataDetails@6d2928}
[INFO ][2015-11-18 17:54:31,578][com.java.TestType] [  468] -  str(1) = 2
[INFO ][2015-11-18 17:54:31,578][com.java.TestType] [  471] - Test case Id is---2
[INFO ][2015-11-18 17:54:31,578][com.java.TestType] [  473] - 2
[INFO ][2015-11-18 17:54:31,578][com.java.TestType] [  468] -  str(2) = 2
[INFO ][2015-11-18 17:54:31,578][com.java.TestType] [  520] - row values are--------{1=com.java.Objects.TestDataDetails@6d2928, 2=com.java.Objects.TestDataDetails@1a28b34}
[INFO ][2015-11-18 17:54:31,579][com.java.TestType] [  468] -  str(1) = 2
[INFO ][2015-11-18 17:54:31,579][com.java.TestType] [  471] - Test case Id is---2
[INFO ][2015-11-18 17:54:31,579][com.java.TestType] [  473] - 2
[INFO ][2015-11-18 17:54:31,579][com.java.TestType] [  468] -  str(2) = 3
[INFO ][2015-11-18 17:54:31,579][com.java.TestType] [  520] - row values are--------{1=com.java.Objects.TestDataDetails@6d2928, 2=com.java.Objects.TestDataDetails@1a28b34, 3=com.java.Objects.TestDataDetails@1d13604}
[INFO ][2015-11-18 17:54:31,579][com.java.TestType] [ 8799] - Looping 1TCID = 2
[DEBUG][2015-11-18 17:54:31,580][com.java.TestType] [ 8840] - Concept ID:2 :: Step being Executed: 2::1
[INFO ][2015-11-18 17:54:31,580][com.java.TestType] [ 8878] - dataFields : BNK//select[@id='bank']
[DEBUG][2015-11-18 17:54:31,580][com.java.TestType] [ 8884] - <In Set values of the page>
[DEBUG][2015-11-18 17:54:31,580][com.java.TestType] [ 8889] - {Data Fields & Data Values Exist}
[INFO ][2015-11-18 17:54:31,580][com.java.TestType] [ 8895] - --------------------------setting values-----------------------------
[INFO ][2015-11-18 17:54:31,580][com.java.TestType] [ 8898] - Action Type : Select
[INFO ][2015-11-18 17:54:31,580][com.java.TestType] [ 4454] - value = PFC
[INFO ][2015-11-18 17:54:31,774][com.java.TestType] [ 8917] -  RESULT true
[INFO ][2015-11-18 17:54:31,774][com.java.TestType] [ 9034] - ?   P A S S   ?
[DEBUG][2015-11-18 17:54:31,774][com.java.TestType] [ 8840] - Concept ID:2 :: Step being Executed: 2::2
[INFO ][2015-11-18 17:54:31,775][com.java.TestType] [ 8878] - dataFields : LNKLogout
[DEBUG][2015-11-18 17:54:31,775][com.java.TestType] [ 8884] - <In Set values of the page>
[DEBUG][2015-11-18 17:54:31,775][com.java.TestType] [ 8889] - {Data Fields & Data Values Exist}
[INFO ][2015-11-18 17:54:31,775][com.java.TestType] [ 8895] - --------------------------setting values-----------------------------
[INFO ][2015-11-18 17:54:31,775][com.java.TestType] [ 8898] - Action Type : WaitTime
[DEBUG][2015-11-18 17:54:31,775][com.java.TestType] [ 4289] - sleepTime: 5000
[INFO ][2015-11-18 17:54:36,776][com.java.TestType] [ 8917] -  RESULT true
[INFO ][2015-11-18 17:54:36,776][com.java.TestType] [ 9034] - ?   P A S S   ?
[INFO ][2015-11-18 17:54:36,776][com.java.TestType] [ 9105] - Looping End......
[INFO ][2015-11-18 17:54:36,780][com.java.SeleniumDriver] [  869] -  RESULT true
[INFO ][2015-11-18 17:54:36,780][com.java.SeleniumDriver] [ 1074] - ?   P A S S   ?
[INFO ][2015-11-18 17:54:36,780][com.java.SeleniumDriver] [  796] - ------------------------------------------
[INFO ][2015-11-18 17:54:36,780][com.java.SeleniumDriver] [  797] - Test case being Executed: 1
[INFO ][2015-11-18 17:54:36,782][com.java.SeleniumDriver] [  808] - Test step:3
[INFO ][2015-11-18 17:54:36,782][com.java.SeleniumDriver] [  820] - Datavalue is----------2
[INFO ][2015-11-18 17:54:36,782][com.java.SeleniumDriver] [  844] - DataField : XPH//button[contains(text(),'Add Content')]
[INFO ][2015-11-18 17:54:36,782][com.java.SeleniumDriver] [  846] - DataValue : 2
[INFO ][2015-11-18 17:54:36,782][com.java.SeleniumDriver] [  852] - <In Set values of the page>
[INFO ][2015-11-18 17:54:36,782][com.java.SeleniumDriver] [  855] - {Data Fields & Data Values Exist}
[INFO ][2015-11-18 17:54:36,782][com.java.SeleniumDriver] [  857] - --------------------------setting values-----------------------------
[INFO ][2015-11-18 17:54:36,782][com.java.SeleniumDriver] [  860] - Action Type : WAITFORELEMENT
[INFO ][2015-11-18 17:54:36,815][com.java.SeleniumDriver] [  869] -  RESULT true
[INFO ][2015-11-18 17:54:36,815][com.java.SeleniumDriver] [ 1074] - ?   P A S S   ?
[DEBUG][2015-11-18 17:54:36,815][com.java.SeleniumDriver] [ 1176] - Case found
[DEBUG][2015-11-18 17:54:36,815][com.java.SeleniumDriver] [ 1181] - Incrementing ReportCounters[0]:1
[INFO ][2015-11-18 17:54:36,815][com.java.SeleniumDriver] [ 1200] - The results are-------------------[1, 1, Valid Login, Pass, , Wed Nov 18 17:54:31 IST 2015, 1, 2, Valid Login, Pass, , Wed Nov 18 17:54:36 IST 2015, 1, 3, Valid Login, Pass, , Wed Nov 18 17:54:36 IST 2015]
[INFO ][2015-11-18 17:54:36,815][com.java.SeleniumDriver] [ 1204] - End time is-------1 min 56 sec
[INFO ][2015-11-18 17:54:36,815][com.java.SeleniumDriver] [ 1205] - The results are-------------------[1, 1, Valid Login, Pass, , Wed Nov 18 17:54:31 IST 2015, 1, 2, Valid Login, Pass, , Wed Nov 18 17:54:36 IST 2015, 1, 3, Valid Login, Pass, , Wed Nov 18 17:54:36 IST 2015]
[DEBUG][2015-11-18 17:54:36,816][com.java.ImportnExport.ExportTestResultsExcel] [  222] - testResultPath = D:\BankersDashboard/TestReports/Test Results_BankersDashBoard_111815_175243_IE10_Mechanics & Farmers Bank.xls
[DEBUG][2015-11-18 17:54:36,816][com.java.ImportnExport.ExportTestResultsExcel] [  223] - browser is------------IE10
[DEBUG][2015-11-18 17:54:36,859][com.java.ImportnExport.ExportTestResultsExcel] [  270] - result.size() = 18
[DEBUG][2015-11-18 17:54:36,859][com.java.ImportnExport.ExportTestResultsExcel] [  274] - No of rows in sheet=1
[DEBUG][2015-11-18 17:54:36,860][com.java.ImportnExport.ExportTestResultsExcel] [  301] - ..in export..1
[DEBUG][2015-11-18 17:54:36,860][com.java.ImportnExport.ExportTestResultsExcel] [  301] - ..in export..Valid Login
[DEBUG][2015-11-18 17:54:36,860][com.java.ImportnExport.ExportTestResultsExcel] [  301] - ..in export..Pass
[DEBUG][2015-11-18 17:54:36,860][com.java.ImportnExport.ExportTestResultsExcel] [  301] - ..in export..
[DEBUG][2015-11-18 17:54:36,860][com.java.ImportnExport.ExportTestResultsExcel] [  301] - ..in export..Wed Nov 18 17:54:31 IST 2015
[INFO ][2015-11-18 17:54:36,861][com.java.SeleniumDriver] [ 1263] - out loop:0 size:2 TestCases:[1, 6] testcases:[1, 6]
[INFO ][2015-11-18 17:54:36,862][com.java.ImportnExport.ImportTestDataDetailsExcel] [   49] - test data details path===== D:\BankersDashboard\TestInputs\TestData.xls
[INFO ][2015-11-18 17:55:06,543][com.java.SeleniumDriver] [  796] - ------------------------------------------
[INFO ][2015-11-18 17:55:06,543][com.java.SeleniumDriver] [  797] - Test case being Executed: 6
[INFO ][2015-11-18 17:55:06,543][com.java.SeleniumDriver] [  808] - Test step:1
[INFO ][2015-11-18 17:55:06,543][com.java.SeleniumDriver] [  820] - Datavalue is----------Logout
[INFO ][2015-11-18 17:55:06,543][com.java.SeleniumDriver] [  844] - DataField : BTN
[INFO ][2015-11-18 17:55:06,543][com.java.SeleniumDriver] [  846] - DataValue : Logout
[INFO ][2015-11-18 17:55:06,543][com.java.SeleniumDriver] [  852] - <In Set values of the page>
[INFO ][2015-11-18 17:55:06,543][com.java.SeleniumDriver] [  855] - {Data Fields & Data Values Exist}
[INFO ][2015-11-18 17:55:06,543][com.java.SeleniumDriver] [  857] - --------------------------setting values-----------------------------
[INFO ][2015-11-18 17:55:06,543][com.java.SeleniumDriver] [  860] - Action Type : Verify
[INFO ][2015-11-18 17:55:06,543][com.java.TestType] [ 5561] - field= BTN value= Logout
[INFO ][2015-11-18 17:55:06,543][com.java.TestType] [ 4454] - value = Logout
[INFO ][2015-11-18 17:55:06,577][com.java.SeleniumDriver] [  869] -  RESULT true
[INFO ][2015-11-18 17:55:06,577][com.java.SeleniumDriver] [ 1074] - ?   P A S S   ?
[INFO ][2015-11-18 17:55:06,577][com.java.SeleniumDriver] [ 1116] - step change to 3
[INFO ][2015-11-18 17:55:06,577][com.java.SeleniumDriver] [  796] - ------------------------------------------
[INFO ][2015-11-18 17:55:06,579][com.java.SeleniumDriver] [  797] - Test case being Executed: 6
[INFO ][2015-11-18 17:55:06,579][com.java.SeleniumDriver] [  808] - Test step:3
[INFO ][2015-11-18 17:55:06,579][com.java.SeleniumDriver] [  820] - Datavalue is----------Concept#2:1-2
[INFO ][2015-11-18 17:55:06,579][com.java.SeleniumDriver] [  844] - DataField : test
[INFO ][2015-11-18 17:55:06,579][com.java.SeleniumDriver] [  846] - DataValue : Concept#2:1-2
[INFO ][2015-11-18 17:55:06,579][com.java.SeleniumDriver] [  852] - <In Set values of the page>
[INFO ][2015-11-18 17:55:06,579][com.java.SeleniumDriver] [  855] - {Data Fields & Data Values Exist}
[INFO ][2015-11-18 17:55:06,579][com.java.SeleniumDriver] [  857] - --------------------------setting values-----------------------------
[INFO ][2015-11-18 17:55:06,579][com.java.SeleniumDriver] [  860] - Action Type : ExecuteTestCase
[INFO ][2015-11-18 17:55:06,579][com.java.TestType] [  423] - The Concept sheet name is ---------- Concept
[INFO ][2015-11-18 17:55:06,579][com.java.TestType] [  426] - The Concept ID  is ---------- 2
[DEBUG][2015-11-18 17:55:06,580][com.java.TestType] [  430] - Steps being executted in the Concept are: 1:2
[INFO ][2015-11-18 17:55:06,580][com.java.TestType] [  437] - Test data details path ---------- D:\BankersDashboard\TestInputs\TestData.xls
[INFO ][2015-11-18 17:55:06,610][com.java.TestType] [  468] -  str(1) = 2
[INFO ][2015-11-18 17:55:06,610][com.java.TestType] [  471] - Test case Id is---2
[INFO ][2015-11-18 17:55:06,611][com.java.TestType] [  473] - 2
[INFO ][2015-11-18 17:55:06,611][com.java.TestType] [  468] -  str(2) = 1
[INFO ][2015-11-18 17:55:06,612][com.java.TestType] [  520] - row values are--------{1=com.java.Objects.TestDataDetails@ca36f8}
[INFO ][2015-11-18 17:55:06,612][com.java.TestType] [  468] -  str(1) = 2
[INFO ][2015-11-18 17:55:06,612][com.java.TestType] [  471] - Test case Id is---2
[INFO ][2015-11-18 17:55:06,612][com.java.TestType] [  473] - 2
[INFO ][2015-11-18 17:55:06,612][com.java.TestType] [  468] -  str(2) = 2
[INFO ][2015-11-18 17:55:06,613][com.java.TestType] [  520] - row values are--------{1=com.java.Objects.TestDataDetails@ca36f8, 2=com.java.Objects.TestDataDetails@1888cf9}
[INFO ][2015-11-18 17:55:06,613][com.java.TestType] [  468] -  str(1) = 2
[INFO ][2015-11-18 17:55:06,613][com.java.TestType] [  471] - Test case Id is---2
[INFO ][2015-11-18 17:55:06,613][com.java.TestType] [  473] - 2
[INFO ][2015-11-18 17:55:06,614][com.java.TestType] [  468] -  str(2) = 3
[INFO ][2015-11-18 17:55:06,615][com.java.TestType] [  520] - row values are--------{1=com.java.Objects.TestDataDetails@ca36f8, 2=com.java.Objects.TestDataDetails@1888cf9, 3=com.java.Objects.TestDataDetails@709dfa}
[INFO ][2015-11-18 17:55:06,615][com.java.TestType] [ 8799] - Looping 1TCID = 2
[DEBUG][2015-11-18 17:55:06,615][com.java.TestType] [ 8840] - Concept ID:2 :: Step being Executed: 2::1
[INFO ][2015-11-18 17:55:06,615][com.java.TestType] [ 8878] - dataFields : BNK//select[@id='bank']
[DEBUG][2015-11-18 17:55:06,615][com.java.TestType] [ 8884] - <In Set values of the page>
[DEBUG][2015-11-18 17:55:06,615][com.java.TestType] [ 8889] - {Data Fields & Data Values Exist}
[INFO ][2015-11-18 17:55:06,615][com.java.TestType] [ 8895] - --------------------------setting values-----------------------------
[INFO ][2015-11-18 17:55:06,615][com.java.TestType] [ 8898] - Action Type : Select
[INFO ][2015-11-18 17:55:06,615][com.java.TestType] [ 4454] - value = PFC
[INFO ][2015-11-18 17:55:06,809][com.java.TestType] [ 8917] -  RESULT true
[INFO ][2015-11-18 17:55:06,809][com.java.TestType] [ 9034] - ?   P A S S   ?
[DEBUG][2015-11-18 17:55:06,809][com.java.TestType] [ 8840] - Concept ID:2 :: Step being Executed: 2::2
[INFO ][2015-11-18 17:55:06,809][com.java.TestType] [ 8878] - dataFields : LNKLogout
[DEBUG][2015-11-18 17:55:06,809][com.java.TestType] [ 8884] - <In Set values of the page>
[DEBUG][2015-11-18 17:55:06,809][com.java.TestType] [ 8889] - {Data Fields & Data Values Exist}
[INFO ][2015-11-18 17:55:06,809][com.java.TestType] [ 8895] - --------------------------setting values-----------------------------
[INFO ][2015-11-18 17:55:06,809][com.java.TestType] [ 8898] - Action Type : WaitTime
[DEBUG][2015-11-18 17:55:06,810][com.java.TestType] [ 4289] - sleepTime: 5000
[INFO ][2015-11-18 17:55:11,810][com.java.TestType] [ 8917] -  RESULT true
[INFO ][2015-11-18 17:55:11,810][com.java.TestType] [ 9034] - ?   P A S S   ?
[INFO ][2015-11-18 17:55:11,810][com.java.TestType] [ 9105] - Looping End......
[INFO ][2015-11-18 17:55:11,815][com.java.SeleniumDriver] [  869] -  RESULT true
[INFO ][2015-11-18 17:55:11,815][com.java.SeleniumDriver] [ 1074] - ?   P A S S   ?
[INFO ][2015-11-18 17:55:11,815][com.java.SeleniumDriver] [  796] - ------------------------------------------
[INFO ][2015-11-18 17:55:11,815][com.java.SeleniumDriver] [  797] - Test case being Executed: 6
[INFO ][2015-11-18 17:55:11,815][com.java.SeleniumDriver] [  808] - Test step:4
[INFO ][2015-11-18 17:55:11,815][com.java.SeleniumDriver] [  820] - Datavalue is----------null
[DEBUG][2015-11-18 17:55:11,815][com.java.SeleniumDriver] [  838] - Exception: null
[INFO ][2015-11-18 17:55:11,815][com.java.SeleniumDriver] [  844] - DataField : //span[@class='icon-hammer']&&//a[text()='Custom Calculations']
[INFO ][2015-11-18 17:55:11,815][com.java.SeleniumDriver] [  846] - DataValue : 
[INFO ][2015-11-18 17:55:11,815][com.java.SeleniumDriver] [  852] - <In Set values of the page>
[INFO ][2015-11-18 17:55:11,816][com.java.SeleniumDriver] [  855] - {Data Fields & Data Values Exist}
[INFO ][2015-11-18 17:55:11,816][com.java.SeleniumDriver] [  857] - --------------------------setting values-----------------------------
[INFO ][2015-11-18 17:55:11,816][com.java.SeleniumDriver] [  860] - Action Type : MOUSEOVER
[INFO ][2015-11-18 17:55:40,419][com.java.SeleniumDriver] [  869] -  RESULT true
[INFO ][2015-11-18 17:55:40,419][com.java.SeleniumDriver] [ 1074] - ?   P A S S   ?
[INFO ][2015-11-18 17:55:40,419][com.java.SeleniumDriver] [  796] - ------------------------------------------
[INFO ][2015-11-18 17:55:40,419][com.java.SeleniumDriver] [  797] - Test case being Executed: 6
[INFO ][2015-11-18 17:55:40,419][com.java.SeleniumDriver] [  808] - Test step:5
[INFO ][2015-11-18 17:55:40,419][com.java.SeleniumDriver] [  820] - Datavalue is----------5
[INFO ][2015-11-18 17:55:40,419][com.java.SeleniumDriver] [  844] - DataField : BTN//iframe[@class='frameTabContent']
[INFO ][2015-11-18 17:55:40,419][com.java.SeleniumDriver] [  846] - DataValue : 5
[INFO ][2015-11-18 17:55:40,419][com.java.SeleniumDriver] [  852] - <In Set values of the page>
[INFO ][2015-11-18 17:55:40,419][com.java.SeleniumDriver] [  855] - {Data Fields & Data Values Exist}
[INFO ][2015-11-18 17:55:40,419][com.java.SeleniumDriver] [  857] - --------------------------setting values-----------------------------
[INFO ][2015-11-18 17:55:40,420][com.java.SeleniumDriver] [  860] - Action Type : waitforelement
[INFO ][2015-11-18 17:55:40,553][com.java.SeleniumDriver] [  869] -  RESULT true
[INFO ][2015-11-18 17:55:40,553][com.java.SeleniumDriver] [ 1074] - ?   P A S S   ?
[INFO ][2015-11-18 17:55:40,553][com.java.SeleniumDriver] [  796] - ------------------------------------------
[INFO ][2015-11-18 17:55:40,553][com.java.SeleniumDriver] [  797] - Test case being Executed: 6
[INFO ][2015-11-18 17:55:40,553][com.java.SeleniumDriver] [  808] - Test step:6
[INFO ][2015-11-18 17:55:40,553][com.java.SeleniumDriver] [  820] - Datavalue is----------null
[DEBUG][2015-11-18 17:55:40,553][com.java.SeleniumDriver] [  838] - Exception: null
[INFO ][2015-11-18 17:55:40,553][com.java.SeleniumDriver] [  844] - DataField : BTN//iframe[@class='frameTabContent']
[INFO ][2015-11-18 17:55:40,553][com.java.SeleniumDriver] [  846] - DataValue : 
[INFO ][2015-11-18 17:55:40,554][com.java.SeleniumDriver] [  852] - <In Set values of the page>
[INFO ][2015-11-18 17:55:40,554][com.java.SeleniumDriver] [  855] - {Data Fields & Data Values Exist}
[INFO ][2015-11-18 17:55:40,554][com.java.SeleniumDriver] [  857] - --------------------------setting values-----------------------------
[INFO ][2015-11-18 17:55:40,554][com.java.SeleniumDriver] [  860] - Action Type : SELECTFRAME
[INFO ][2015-11-18 17:55:40,834][com.java.SeleniumDriver] [  869] -  RESULT true
[INFO ][2015-11-18 17:55:40,835][com.java.SeleniumDriver] [ 1074] - ?   P A S S   ?
[INFO ][2015-11-18 17:55:40,835][com.java.SeleniumDriver] [  796] - ------------------------------------------
[INFO ][2015-11-18 17:55:40,835][com.java.SeleniumDriver] [  797] - Test case being Executed: 6
[INFO ][2015-11-18 17:55:40,835][com.java.SeleniumDriver] [  808] - Test step:7
[INFO ][2015-11-18 17:55:40,835][com.java.SeleniumDriver] [  820] - Datavalue is----------5
[INFO ][2015-11-18 17:55:40,835][com.java.SeleniumDriver] [  844] - DataField : XPH//h1[contains(text(), 'Custom Calculations')]
[INFO ][2015-11-18 17:55:40,835][com.java.SeleniumDriver] [  846] - DataValue : 5
[INFO ][2015-11-18 17:55:40,835][com.java.SeleniumDriver] [  852] - <In Set values of the page>
[INFO ][2015-11-18 17:55:40,835][com.java.SeleniumDriver] [  855] - {Data Fields & Data Values Exist}
[INFO ][2015-11-18 17:55:40,835][com.java.SeleniumDriver] [  857] - --------------------------setting values-----------------------------
[INFO ][2015-11-18 17:55:40,835][com.java.SeleniumDriver] [  860] - Action Type : waitforelement
[INFO ][2015-11-18 17:55:40,909][com.java.SeleniumDriver] [  869] -  RESULT true
[INFO ][2015-11-18 17:55:40,909][com.java.SeleniumDriver] [ 1074] - ?   P A S S   ?
[INFO ][2015-11-18 17:55:40,909][com.java.SeleniumDriver] [  796] - ------------------------------------------
[INFO ][2015-11-18 17:55:40,909][com.java.SeleniumDriver] [  797] - Test case being Executed: 6
[INFO ][2015-11-18 17:55:40,909][com.java.SeleniumDriver] [  808] - Test step:8
[INFO ][2015-11-18 17:55:40,909][com.java.SeleniumDriver] [  820] - Datavalue is----------Custom Calculations
[INFO ][2015-11-18 17:55:40,911][com.java.SeleniumDriver] [  844] - DataField : MSG
[INFO ][2015-11-18 17:55:40,911][com.java.SeleniumDriver] [  846] - DataValue : Custom Calculations
[INFO ][2015-11-18 17:55:40,911][com.java.SeleniumDriver] [  852] - <In Set values of the page>
[INFO ][2015-11-18 17:55:40,911][com.java.SeleniumDriver] [  855] - {Data Fields & Data Values Exist}
[INFO ][2015-11-18 17:55:40,911][com.java.SeleniumDriver] [  857] - --------------------------setting values-----------------------------
[INFO ][2015-11-18 17:55:40,911][com.java.SeleniumDriver] [  860] - Action Type : Verify
[INFO ][2015-11-18 17:55:40,911][com.java.TestType] [ 5561] - field= MSG value= Custom Calculations
[INFO ][2015-11-18 17:55:40,911][com.java.TestType] [ 4454] - value = Custom Calculations
[DEBUG][2015-11-18 17:55:40,911][com.java.TestType] [ 6330] - value :: Custom Calculations
[INFO ][2015-11-18 17:55:40,955][com.java.SeleniumDriver] [  869] -  RESULT true
[INFO ][2015-11-18 17:55:40,955][com.java.SeleniumDriver] [ 1074] - ?   P A S S   ?
[INFO ][2015-11-18 17:55:40,955][com.java.SeleniumDriver] [  796] - ------------------------------------------
[INFO ][2015-11-18 17:55:40,955][com.java.SeleniumDriver] [  797] - Test case being Executed: 6
[INFO ][2015-11-18 17:55:40,955][com.java.SeleniumDriver] [  808] - Test step:9
[INFO ][2015-11-18 17:55:40,956][com.java.SeleniumDriver] [  820] - Datavalue is----------5
[INFO ][2015-11-18 17:55:40,956][com.java.SeleniumDriver] [  844] - DataField : XPH//a[contains(text(), 'Add Calculation')]
[INFO ][2015-11-18 17:55:40,956][com.java.SeleniumDriver] [  846] - DataValue : 5
[INFO ][2015-11-18 17:55:40,956][com.java.SeleniumDriver] [  852] - <In Set values of the page>
[INFO ][2015-11-18 17:55:40,956][com.java.SeleniumDriver] [  855] - {Data Fields & Data Values Exist}
[INFO ][2015-11-18 17:55:40,956][com.java.SeleniumDriver] [  857] - --------------------------setting values-----------------------------
[INFO ][2015-11-18 17:55:40,956][com.java.SeleniumDriver] [  860] - Action Type : waitforelement
[INFO ][2015-11-18 17:55:41,009][com.java.SeleniumDriver] [  869] -  RESULT true
[INFO ][2015-11-18 17:55:41,009][com.java.SeleniumDriver] [ 1074] - ?   P A S S   ?
[INFO ][2015-11-18 17:55:41,010][com.java.SeleniumDriver] [  796] - ------------------------------------------
[INFO ][2015-11-18 17:55:41,010][com.java.SeleniumDriver] [  797] - Test case being Executed: 6
[INFO ][2015-11-18 17:55:41,010][com.java.SeleniumDriver] [  808] - Test step:10
[INFO ][2015-11-18 17:55:41,010][com.java.SeleniumDriver] [  820] - Datavalue is----------null
[DEBUG][2015-11-18 17:55:41,010][com.java.SeleniumDriver] [  838] - Exception: null
[INFO ][2015-11-18 17:55:41,010][com.java.SeleniumDriver] [  844] - DataField : XPH//a[contains(text(), 'Add Calculation')]
[INFO ][2015-11-18 17:55:41,010][com.java.SeleniumDriver] [  846] - DataValue : 
[INFO ][2015-11-18 17:55:41,010][com.java.SeleniumDriver] [  852] - <In Set values of the page>
[INFO ][2015-11-18 17:55:41,010][com.java.SeleniumDriver] [  855] - {Data Fields & Data Values Exist}
[INFO ][2015-11-18 17:55:41,010][com.java.SeleniumDriver] [  857] - --------------------------setting values-----------------------------
[INFO ][2015-11-18 17:55:41,010][com.java.SeleniumDriver] [  860] - Action Type : click
[INFO ][2015-11-18 17:55:41,010][com.java.TestType] [ 4767] - Field ::XPH//a[contains(text(), 'Add Calculation')]
[INFO ][2015-11-18 17:55:42,010][com.java.TestType] [ 4826] - BEFORE CLICK
[INFO ][2015-11-18 17:55:43,548][com.java.TestType] [ 4834] - Unable to click the object click on add button
[INFO ][2015-11-18 17:55:43,548][com.java.SeleniumDriver] [  869] -  RESULT true
[INFO ][2015-11-18 17:55:43,548][com.java.SeleniumDriver] [ 1074] - ?   P A S S   ?
[INFO ][2015-11-18 17:55:43,548][com.java.SeleniumDriver] [  796] - ------------------------------------------
[INFO ][2015-11-18 17:55:43,548][com.java.SeleniumDriver] [  797] - Test case being Executed: 6
[INFO ][2015-11-18 17:55:43,548][com.java.SeleniumDriver] [  808] - Test step:11
[INFO ][2015-11-18 17:55:43,548][com.java.SeleniumDriver] [  820] - Datavalue is----------3
[INFO ][2015-11-18 17:55:43,548][com.java.SeleniumDriver] [  844] - DataField : XPH//label[contains(text(), 'Dashboard Groups:')]
[INFO ][2015-11-18 17:55:43,548][com.java.SeleniumDriver] [  846] - DataValue : 3
[INFO ][2015-11-18 17:55:43,548][com.java.SeleniumDriver] [  852] - <In Set values of the page>
[INFO ][2015-11-18 17:55:43,548][com.java.SeleniumDriver] [  855] - {Data Fields & Data Values Exist}
[INFO ][2015-11-18 17:55:43,548][com.java.SeleniumDriver] [  857] - --------------------------setting values-----------------------------
[INFO ][2015-11-18 17:55:43,549][com.java.SeleniumDriver] [  860] - Action Type : waitforelement
[INFO ][2015-11-18 17:55:43,571][com.java.SeleniumDriver] [  869] -  RESULT true
[INFO ][2015-11-18 17:55:43,571][com.java.SeleniumDriver] [ 1074] - ?   P A S S   ?
[INFO ][2015-11-18 17:55:43,571][com.java.SeleniumDriver] [  796] - ------------------------------------------
[INFO ][2015-11-18 17:55:43,571][com.java.SeleniumDriver] [  797] - Test case being Executed: 6
[INFO ][2015-11-18 17:55:43,571][com.java.SeleniumDriver] [  808] - Test step:12
[INFO ][2015-11-18 17:55:43,571][com.java.SeleniumDriver] [  820] - Datavalue is----------null
[DEBUG][2015-11-18 17:55:43,571][com.java.SeleniumDriver] [  838] - Exception: null
[INFO ][2015-11-18 17:55:43,571][com.java.SeleniumDriver] [  844] - DataField : XPH//button[contains(text(), 'Save')]
[INFO ][2015-11-18 17:55:43,572][com.java.SeleniumDriver] [  846] - DataValue : 
[INFO ][2015-11-18 17:55:43,572][com.java.SeleniumDriver] [  852] - <In Set values of the page>
[INFO ][2015-11-18 17:55:43,572][com.java.SeleniumDriver] [  855] - {Data Fields & Data Values Exist}
[INFO ][2015-11-18 17:55:43,572][com.java.SeleniumDriver] [  857] - --------------------------setting values-----------------------------
[INFO ][2015-11-18 17:55:43,572][com.java.SeleniumDriver] [  860] - Action Type : ISDISABLED
[INFO ][2015-11-18 17:55:43,572][com.java.TestType] [ 6612] - field= XPH//button[contains(text(), 'Save')]
[INFO ][2015-11-18 17:55:43,630][com.java.SeleniumDriver] [  869] -  RESULT true
[INFO ][2015-11-18 17:55:43,630][com.java.SeleniumDriver] [ 1074] - ?   P A S S   ?
[INFO ][2015-11-18 17:55:43,630][com.java.SeleniumDriver] [  796] - ------------------------------------------
[INFO ][2015-11-18 17:55:43,630][com.java.SeleniumDriver] [  797] - Test case being Executed: 6
[INFO ][2015-11-18 17:55:43,630][com.java.SeleniumDriver] [  808] - Test step:13
[INFO ][2015-11-18 17:55:43,630][com.java.SeleniumDriver] [  820] - Datavalue is----------3
[INFO ][2015-11-18 17:55:43,630][com.java.SeleniumDriver] [  844] - DataField : XPH//select[contains(@class,'mber-select form-control')]
[INFO ][2015-11-18 17:55:43,630][com.java.SeleniumDriver] [  846] - DataValue : 3
[INFO ][2015-11-18 17:55:43,630][com.java.SeleniumDriver] [  852] - <In Set values of the page>
[INFO ][2015-11-18 17:55:43,630][com.java.SeleniumDriver] [  855] - {Data Fields & Data Values Exist}
[INFO ][2015-11-18 17:55:43,630][com.java.SeleniumDriver] [  857] - --------------------------setting values-----------------------------
[INFO ][2015-11-18 17:55:43,632][com.java.SeleniumDriver] [  860] - Action Type : waitforelement
[INFO ][2015-11-18 17:55:43,654][com.java.SeleniumDriver] [  869] -  RESULT true
[INFO ][2015-11-18 17:55:43,654][com.java.SeleniumDriver] [ 1074] - ?   P A S S   ?
[INFO ][2015-11-18 17:55:43,654][com.java.SeleniumDriver] [  796] - ------------------------------------------
[INFO ][2015-11-18 17:55:43,654][com.java.SeleniumDriver] [  797] - Test case being Executed: 6
[INFO ][2015-11-18 17:55:43,654][com.java.SeleniumDriver] [  808] - Test step:14
[INFO ][2015-11-18 17:55:43,654][com.java.SeleniumDriver] [  820] - Datavalue is----------null
[DEBUG][2015-11-18 17:55:43,654][com.java.SeleniumDriver] [  838] - Exception: null
[INFO ][2015-11-18 17:55:43,654][com.java.SeleniumDriver] [  844] - DataField : XPH//select[contains(@class,'mber-select form-control')]
[INFO ][2015-11-18 17:55:43,655][com.java.SeleniumDriver] [  846] - DataValue : 
[INFO ][2015-11-18 17:55:43,655][com.java.SeleniumDriver] [  852] - <In Set values of the page>
[INFO ][2015-11-18 17:55:43,655][com.java.SeleniumDriver] [  855] - {Data Fields & Data Values Exist}
[INFO ][2015-11-18 17:55:43,655][com.java.SeleniumDriver] [  857] - --------------------------setting values-----------------------------
[INFO ][2015-11-18 17:55:43,655][com.java.SeleniumDriver] [  860] - Action Type : click
[INFO ][2015-11-18 17:55:43,655][com.java.TestType] [ 4767] - Field ::XPH//select[contains(@class,'mber-select form-control')]
[INFO ][2015-11-18 17:55:44,655][com.java.TestType] [ 4826] - BEFORE CLICK
[INFO ][2015-11-18 17:55:45,426][com.java.TestType] [ 4834] - Unable to click the object dollar value dropdown
[INFO ][2015-11-18 17:55:45,426][com.java.SeleniumDriver] [  869] -  RESULT true
[INFO ][2015-11-18 17:55:45,426][com.java.SeleniumDriver] [ 1074] - ?   P A S S   ?
[INFO ][2015-11-18 17:55:45,426][com.java.SeleniumDriver] [  796] - ------------------------------------------
[INFO ][2015-11-18 17:55:45,426][com.java.SeleniumDriver] [  797] - Test case being Executed: 6
[INFO ][2015-11-18 17:55:45,426][com.java.SeleniumDriver] [  808] - Test step:15
[INFO ][2015-11-18 17:55:45,426][com.java.SeleniumDriver] [  820] - Datavalue is----------3
[INFO ][2015-11-18 17:55:45,426][com.java.SeleniumDriver] [  844] - DataField : XPH//select/option[contains(text(), 'Dollar ($)')]
[INFO ][2015-11-18 17:55:45,426][com.java.SeleniumDriver] [  846] - DataValue : 3
[INFO ][2015-11-18 17:55:45,426][com.java.SeleniumDriver] [  852] - <In Set values of the page>
[INFO ][2015-11-18 17:55:45,426][com.java.SeleniumDriver] [  855] - {Data Fields & Data Values Exist}
[INFO ][2015-11-18 17:55:45,426][com.java.SeleniumDriver] [  857] - --------------------------setting values-----------------------------
[INFO ][2015-11-18 17:55:45,427][com.java.SeleniumDriver] [  860] - Action Type : waitforelement
[INFO ][2015-11-18 17:55:45,450][com.java.SeleniumDriver] [  869] -  RESULT true
[INFO ][2015-11-18 17:55:45,450][com.java.SeleniumDriver] [ 1074] - ?   P A S S   ?
[INFO ][2015-11-18 17:55:45,450][com.java.SeleniumDriver] [  796] - ------------------------------------------
[INFO ][2015-11-18 17:55:45,450][com.java.SeleniumDriver] [  797] - Test case being Executed: 6
[INFO ][2015-11-18 17:55:45,450][com.java.SeleniumDriver] [  808] - Test step:16
[INFO ][2015-11-18 17:55:45,450][com.java.SeleniumDriver] [  820] - Datavalue is----------null
[DEBUG][2015-11-18 17:55:45,450][com.java.SeleniumDriver] [  838] - Exception: null
[INFO ][2015-11-18 17:55:45,450][com.java.SeleniumDriver] [  844] - DataField : XPH//select/option[contains(text(), 'Dollar ($)')]
[INFO ][2015-11-18 17:55:45,450][com.java.SeleniumDriver] [  846] - DataValue : 
[INFO ][2015-11-18 17:55:45,451][com.java.SeleniumDriver] [  852] - <In Set values of the page>
[INFO ][2015-11-18 17:55:45,451][com.java.SeleniumDriver] [  855] - {Data Fields & Data Values Exist}
[INFO ][2015-11-18 17:55:45,451][com.java.SeleniumDriver] [  857] - --------------------------setting values-----------------------------
[INFO ][2015-11-18 17:55:45,451][com.java.SeleniumDriver] [  860] - Action Type : click
[INFO ][2015-11-18 17:55:45,452][com.java.TestType] [ 4767] - Field ::XPH//select/option[contains(text(), 'Dollar ($)')]
[INFO ][2015-11-18 17:55:46,452][com.java.TestType] [ 4826] - BEFORE CLICK
[INFO ][2015-11-18 17:55:47,178][com.java.TestType] [ 4834] - Unable to click the object dollar value dropdown
[INFO ][2015-11-18 17:55:47,178][com.java.SeleniumDriver] [  869] -  RESULT true
[INFO ][2015-11-18 17:55:47,178][com.java.SeleniumDriver] [ 1074] - ?   P A S S   ?
[INFO ][2015-11-18 17:55:47,178][com.java.SeleniumDriver] [  796] - ------------------------------------------
[INFO ][2015-11-18 17:55:47,178][com.java.SeleniumDriver] [  797] - Test case being Executed: 6
[INFO ][2015-11-18 17:55:47,178][com.java.SeleniumDriver] [  808] - Test step:17
[INFO ][2015-11-18 17:55:47,178][com.java.SeleniumDriver] [  820] - Datavalue is----------RNDA_VLTest
[INFO ][2015-11-18 17:55:47,178][com.java.SeleniumDriver] [  844] - DataField : TXT//input[contains(@placeholder, 'Name your Calcu')]
[INFO ][2015-11-18 17:55:47,178][com.java.SeleniumDriver] [  846] - DataValue : RNDA_VLTest
[INFO ][2015-11-18 17:55:47,178][com.java.SeleniumDriver] [  852] - <In Set values of the page>
[INFO ][2015-11-18 17:55:47,178][com.java.SeleniumDriver] [  855] - {Data Fields & Data Values Exist}
[INFO ][2015-11-18 17:55:47,178][com.java.SeleniumDriver] [  857] - --------------------------setting values-----------------------------
[INFO ][2015-11-18 17:55:47,178][com.java.SeleniumDriver] [  860] - Action Type : enter
[INFO ][2015-11-18 17:55:47,179][com.java.TestType] [ 5087] - field = //input[contains(@placeholder, 'Name your Calcu')]
[INFO ][2015-11-18 17:55:47,179][com.java.TestType] [ 4454] - value = A_VLTest52708
[INFO ][2015-11-18 17:55:48,106][com.java.SeleniumDriver] [  869] -  RESULT true
[INFO ][2015-11-18 17:55:48,106][com.java.SeleniumDriver] [ 1074] - ?   P A S S   ?
[INFO ][2015-11-18 17:55:48,106][com.java.SeleniumDriver] [  796] - ------------------------------------------
[INFO ][2015-11-18 17:55:48,106][com.java.SeleniumDriver] [  797] - Test case being Executed: 6
[INFO ][2015-11-18 17:55:48,106][com.java.SeleniumDriver] [  808] - Test step:18
[INFO ][2015-11-18 17:55:48,106][com.java.SeleniumDriver] [  820] - Datavalue is----------Calusing_Keys
[INFO ][2015-11-18 17:55:48,106][com.java.SeleniumDriver] [  844] - DataField : TXT//input[contains(@placeholder, 'Name your Calcu')]
[INFO ][2015-11-18 17:55:48,106][com.java.SeleniumDriver] [  846] - DataValue : Calusing_Keys
[INFO ][2015-11-18 17:55:48,106][com.java.SeleniumDriver] [  852] - <In Set values of the page>
[INFO ][2015-11-18 17:55:48,106][com.java.SeleniumDriver] [  855] - {Data Fields & Data Values Exist}
[INFO ][2015-11-18 17:55:48,106][com.java.SeleniumDriver] [  857] - --------------------------setting values-----------------------------
[INFO ][2015-11-18 17:55:48,107][com.java.SeleniumDriver] [  860] - Action Type : STOREVALUE
[INFO ][2015-11-18 17:55:48,107][com.java.TestType] [ 6687] - field= TXT//input[contains(@placeholder, 'Name your Calcu')]
[DEBUG][2015-11-18 17:55:48,164][com.java.TestType] [ 6701] - Key:: Calusing_Keys  Value:: A_VLTest52708
[INFO ][2015-11-18 17:55:48,164][com.java.SeleniumDriver] [  869] -  RESULT true
[INFO ][2015-11-18 17:55:48,164][com.java.SeleniumDriver] [ 1074] - ?   P A S S   ?
[INFO ][2015-11-18 17:55:48,164][com.java.SeleniumDriver] [  796] - ------------------------------------------
[INFO ][2015-11-18 17:55:48,164][com.java.SeleniumDriver] [  797] - Test case being Executed: 6
[INFO ][2015-11-18 17:55:48,164][com.java.SeleniumDriver] [  808] - Test step:19
[INFO ][2015-11-18 17:55:48,164][com.java.SeleniumDriver] [  820] - Datavalue is----------//div[@id='group-list']/ul/li//a
[INFO ][2015-11-18 17:55:48,164][com.java.SeleniumDriver] [  844] - DataField : BTN
[INFO ][2015-11-18 17:55:48,164][com.java.SeleniumDriver] [  846] - DataValue : //div[@id='group-list']/ul/li//a
[INFO ][2015-11-18 17:55:48,164][com.java.SeleniumDriver] [  852] - <In Set values of the page>
[INFO ][2015-11-18 17:55:48,164][com.java.SeleniumDriver] [  855] - {Data Fields & Data Values Exist}
[INFO ][2015-11-18 17:55:48,164][com.java.SeleniumDriver] [  857] - --------------------------setting values-----------------------------
[INFO ][2015-11-18 17:55:48,164][com.java.SeleniumDriver] [  860] - Action Type : verify
[INFO ][2015-11-18 17:55:48,165][com.java.TestType] [ 5561] - field= BTN value= //div[@id='group-list']/ul/li//a
[INFO ][2015-11-18 17:55:48,165][com.java.TestType] [ 4454] - value = //div[@id='group-list']/ul/li//a
[INFO ][2015-11-18 17:55:48,187][com.java.SeleniumDriver] [  869] -  RESULT true
[INFO ][2015-11-18 17:55:48,187][com.java.SeleniumDriver] [ 1074] - ?   P A S S   ?
[INFO ][2015-11-18 17:55:48,187][com.java.SeleniumDriver] [  796] - ------------------------------------------
[INFO ][2015-11-18 17:55:48,187][com.java.SeleniumDriver] [  797] - Test case being Executed: 6
[INFO ][2015-11-18 17:55:48,187][com.java.SeleniumDriver] [  808] - Test step:20
[INFO ][2015-11-18 17:55:48,187][com.java.SeleniumDriver] [  820] - Datavalue is----------5
[INFO ][2015-11-18 17:55:48,187][com.java.SeleniumDriver] [  844] - DataField : TXT//div[contains(@class, 'input-group btn-')]/input[contains(@class ,'ember-text-field form-')]
[INFO ][2015-11-18 17:55:48,187][com.java.SeleniumDriver] [  846] - DataValue : 5
[INFO ][2015-11-18 17:55:48,188][com.java.SeleniumDriver] [  852] - <In Set values of the page>
[INFO ][2015-11-18 17:55:48,188][com.java.SeleniumDriver] [  855] - {Data Fields & Data Values Exist}
[INFO ][2015-11-18 17:55:48,188][com.java.SeleniumDriver] [  857] - --------------------------setting values-----------------------------
[INFO ][2015-11-18 17:55:48,188][com.java.SeleniumDriver] [  860] - Action Type : enter
[INFO ][2015-11-18 17:55:48,188][com.java.TestType] [ 5087] - field = //div[contains(@class, 'input-group btn-')]/input[contains(@class ,'ember-text-field form-')]
[INFO ][2015-11-18 17:55:48,188][com.java.TestType] [ 4454] - value = 5
[INFO ][2015-11-18 17:55:48,564][com.java.SeleniumDriver] [  869] -  RESULT true
[INFO ][2015-11-18 17:55:48,564][com.java.SeleniumDriver] [ 1074] - ?   P A S S   ?
[INFO ][2015-11-18 17:55:48,564][com.java.SeleniumDriver] [  796] - ------------------------------------------
[INFO ][2015-11-18 17:55:48,564][com.java.SeleniumDriver] [  797] - Test case being Executed: 6
[INFO ][2015-11-18 17:55:48,564][com.java.SeleniumDriver] [  808] - Test step:21
[INFO ][2015-11-18 17:55:48,564][com.java.SeleniumDriver] [  820] - Datavalue is----------5
[INFO ][2015-11-18 17:55:48,565][com.java.SeleniumDriver] [  844] - DataField : XPH//button[text()='Constant']
[INFO ][2015-11-18 17:55:48,565][com.java.SeleniumDriver] [  846] - DataValue : 5
[INFO ][2015-11-18 17:55:48,565][com.java.SeleniumDriver] [  852] - <In Set values of the page>
[INFO ][2015-11-18 17:55:48,565][com.java.SeleniumDriver] [  855] - {Data Fields & Data Values Exist}
[INFO ][2015-11-18 17:55:48,565][com.java.SeleniumDriver] [  857] - --------------------------setting values-----------------------------
[INFO ][2015-11-18 17:55:48,565][com.java.SeleniumDriver] [  860] - Action Type : waitforelement
[INFO ][2015-11-18 17:55:48,588][com.java.SeleniumDriver] [  869] -  RESULT true
[INFO ][2015-11-18 17:55:48,588][com.java.SeleniumDriver] [ 1074] - ?   P A S S   ?
[INFO ][2015-11-18 17:55:48,588][com.java.SeleniumDriver] [  796] - ------------------------------------------
[INFO ][2015-11-18 17:55:48,588][com.java.SeleniumDriver] [  797] - Test case being Executed: 6
[INFO ][2015-11-18 17:55:48,588][com.java.SeleniumDriver] [  808] - Test step:22
[INFO ][2015-11-18 17:55:48,588][com.java.SeleniumDriver] [  820] - Datavalue is----------null
[DEBUG][2015-11-18 17:55:48,588][com.java.SeleniumDriver] [  838] - Exception: null
[INFO ][2015-11-18 17:55:48,588][com.java.SeleniumDriver] [  844] - DataField : XPH//button[text()='Constant']
[INFO ][2015-11-18 17:55:48,590][com.java.SeleniumDriver] [  846] - DataValue : 
[INFO ][2015-11-18 17:55:48,590][com.java.SeleniumDriver] [  852] - <In Set values of the page>
[INFO ][2015-11-18 17:55:48,590][com.java.SeleniumDriver] [  855] - {Data Fields & Data Values Exist}
[INFO ][2015-11-18 17:55:48,590][com.java.SeleniumDriver] [  857] - --------------------------setting values-----------------------------
[INFO ][2015-11-18 17:55:48,590][com.java.SeleniumDriver] [  860] - Action Type : click
[INFO ][2015-11-18 17:55:48,590][com.java.TestType] [ 4767] - Field ::XPH//button[text()='Constant']
[INFO ][2015-11-18 17:55:49,590][com.java.TestType] [ 4826] - BEFORE CLICK
[INFO ][2015-11-18 17:55:50,440][com.java.TestType] [ 4834] - Unable to click the object click on constant
[INFO ][2015-11-18 17:55:50,440][com.java.SeleniumDriver] [  869] -  RESULT true
[INFO ][2015-11-18 17:55:50,440][com.java.SeleniumDriver] [ 1074] - ?   P A S S   ?
[INFO ][2015-11-18 17:55:50,440][com.java.SeleniumDriver] [  796] - ------------------------------------------
[INFO ][2015-11-18 17:55:50,440][com.java.SeleniumDriver] [  797] - Test case being Executed: 6
[INFO ][2015-11-18 17:55:50,440][com.java.SeleniumDriver] [  808] - Test step:23
[INFO ][2015-11-18 17:55:50,440][com.java.SeleniumDriver] [  820] - Datavalue is----------3
[INFO ][2015-11-18 17:55:50,440][com.java.SeleniumDriver] [  844] - DataField : XPH//button[text()='Constant']
[INFO ][2015-11-18 17:55:50,440][com.java.SeleniumDriver] [  846] - DataValue : 3
[INFO ][2015-11-18 17:55:50,440][com.java.SeleniumDriver] [  852] - <In Set values of the page>
[INFO ][2015-11-18 17:55:50,440][com.java.SeleniumDriver] [  855] - {Data Fields & Data Values Exist}
[INFO ][2015-11-18 17:55:50,440][com.java.SeleniumDriver] [  857] - --------------------------setting values-----------------------------
[INFO ][2015-11-18 17:55:50,441][com.java.SeleniumDriver] [  860] - Action Type : waitforelement
[INFO ][2015-11-18 17:55:50,464][com.java.SeleniumDriver] [  869] -  RESULT true
[INFO ][2015-11-18 17:55:50,464][com.java.SeleniumDriver] [ 1074] - ?   P A S S   ?
[INFO ][2015-11-18 17:55:50,464][com.java.SeleniumDriver] [  796] - ------------------------------------------
[INFO ][2015-11-18 17:55:50,464][com.java.SeleniumDriver] [  797] - Test case being Executed: 6
[INFO ][2015-11-18 17:55:50,464][com.java.SeleniumDriver] [  808] - Test step:24
[INFO ][2015-11-18 17:55:50,464][com.java.SeleniumDriver] [  820] - Datavalue is----------null
[DEBUG][2015-11-18 17:55:50,464][com.java.SeleniumDriver] [  838] - Exception: null
[INFO ][2015-11-18 17:55:50,464][com.java.SeleniumDriver] [  844] - DataField : XPH//button[text()='+']
[INFO ][2015-11-18 17:55:50,465][com.java.SeleniumDriver] [  846] - DataValue : 
[INFO ][2015-11-18 17:55:50,465][com.java.SeleniumDriver] [  852] - <In Set values of the page>
[INFO ][2015-11-18 17:55:50,465][com.java.SeleniumDriver] [  855] - {Data Fields & Data Values Exist}
[INFO ][2015-11-18 17:55:50,465][com.java.SeleniumDriver] [  857] - --------------------------setting values-----------------------------
[INFO ][2015-11-18 17:55:50,465][com.java.SeleniumDriver] [  860] - Action Type : click
[INFO ][2015-11-18 17:55:50,465][com.java.TestType] [ 4767] - Field ::XPH//button[text()='+']
[INFO ][2015-11-18 17:55:51,465][com.java.TestType] [ 4826] - BEFORE CLICK
[INFO ][2015-11-18 17:55:52,237][com.java.TestType] [ 4834] - Unable to click the object enter operator
[INFO ][2015-11-18 17:55:52,237][com.java.SeleniumDriver] [  869] -  RESULT true
[INFO ][2015-11-18 17:55:52,237][com.java.SeleniumDriver] [ 1074] - ?   P A S S   ?
[INFO ][2015-11-18 17:55:52,237][com.java.SeleniumDriver] [  796] - ------------------------------------------
[INFO ][2015-11-18 17:55:52,237][com.java.SeleniumDriver] [  797] - Test case being Executed: 6
[INFO ][2015-11-18 17:55:52,237][com.java.SeleniumDriver] [  808] - Test step:25
[INFO ][2015-11-18 17:55:52,237][com.java.SeleniumDriver] [  820] - Datavalue is----------5
[INFO ][2015-11-18 17:55:52,237][com.java.SeleniumDriver] [  844] - DataField : TXT//div[contains(@class, 'input-group btn-')]/input[contains(@class ,'ember-text-field form-')]
[INFO ][2015-11-18 17:55:52,238][com.java.SeleniumDriver] [  846] - DataValue : 5
[INFO ][2015-11-18 17:55:52,238][com.java.SeleniumDriver] [  852] - <In Set values of the page>
[INFO ][2015-11-18 17:55:52,238][com.java.SeleniumDriver] [  855] - {Data Fields & Data Values Exist}
[INFO ][2015-11-18 17:55:52,238][com.java.SeleniumDriver] [  857] - --------------------------setting values-----------------------------
[INFO ][2015-11-18 17:55:52,238][com.java.SeleniumDriver] [  860] - Action Type : enter
[INFO ][2015-11-18 17:55:52,238][com.java.TestType] [ 5087] - field = //div[contains(@class, 'input-group btn-')]/input[contains(@class ,'ember-text-field form-')]
[INFO ][2015-11-18 17:55:52,238][com.java.TestType] [ 4454] - value = 5
[INFO ][2015-11-18 17:55:52,584][com.java.SeleniumDriver] [  869] -  RESULT true
[INFO ][2015-11-18 17:55:52,584][com.java.SeleniumDriver] [ 1074] - ?   P A S S   ?
[INFO ][2015-11-18 17:55:52,584][com.java.SeleniumDriver] [  796] - ------------------------------------------
[INFO ][2015-11-18 17:55:52,584][com.java.SeleniumDriver] [  797] - Test case being Executed: 6
[INFO ][2015-11-18 17:55:52,584][com.java.SeleniumDriver] [  808] - Test step:26
[INFO ][2015-11-18 17:55:52,584][com.java.SeleniumDriver] [  820] - Datavalue is----------3
[INFO ][2015-11-18 17:55:52,584][com.java.SeleniumDriver] [  844] - DataField : XPH//button[text()='Constant']
[INFO ][2015-11-18 17:55:52,584][com.java.SeleniumDriver] [  846] - DataValue : 3
[INFO ][2015-11-18 17:55:52,584][com.java.SeleniumDriver] [  852] - <In Set values of the page>
[INFO ][2015-11-18 17:55:52,584][com.java.SeleniumDriver] [  855] - {Data Fields & Data Values Exist}
[INFO ][2015-11-18 17:55:52,584][com.java.SeleniumDriver] [  857] - --------------------------setting values-----------------------------
[INFO ][2015-11-18 17:55:52,584][com.java.SeleniumDriver] [  860] - Action Type : waitforelement
[INFO ][2015-11-18 17:55:52,607][com.java.SeleniumDriver] [  869] -  RESULT true
[INFO ][2015-11-18 17:55:52,607][com.java.SeleniumDriver] [ 1074] - ?   P A S S   ?
[INFO ][2015-11-18 17:55:52,607][com.java.SeleniumDriver] [  796] - ------------------------------------------
[INFO ][2015-11-18 17:55:52,607][com.java.SeleniumDriver] [  797] - Test case being Executed: 6
[INFO ][2015-11-18 17:55:52,607][com.java.SeleniumDriver] [  808] - Test step:27
[INFO ][2015-11-18 17:55:52,607][com.java.SeleniumDriver] [  820] - Datavalue is----------null
[DEBUG][2015-11-18 17:55:52,607][com.java.SeleniumDriver] [  838] - Exception: null
[INFO ][2015-11-18 17:55:52,607][com.java.SeleniumDriver] [  844] - DataField : XPH//button[text()='Constant']
[INFO ][2015-11-18 17:55:52,607][com.java.SeleniumDriver] [  846] - DataValue : 
[INFO ][2015-11-18 17:55:52,607][com.java.SeleniumDriver] [  852] - <In Set values of the page>
[INFO ][2015-11-18 17:55:52,607][com.java.SeleniumDriver] [  855] - {Data Fields & Data Values Exist}
[INFO ][2015-11-18 17:55:52,608][com.java.SeleniumDriver] [  857] - --------------------------setting values-----------------------------
[INFO ][2015-11-18 17:55:52,608][com.java.SeleniumDriver] [  860] - Action Type : click
[INFO ][2015-11-18 17:55:52,608][com.java.TestType] [ 4767] - Field ::XPH//button[text()='Constant']
[INFO ][2015-11-18 17:55:53,608][com.java.TestType] [ 4826] - BEFORE CLICK
[INFO ][2015-11-18 17:55:54,359][com.java.TestType] [ 4834] - Unable to click the object click constant
[INFO ][2015-11-18 17:55:54,359][com.java.SeleniumDriver] [  869] -  RESULT true
[INFO ][2015-11-18 17:55:54,359][com.java.SeleniumDriver] [ 1074] - ?   P A S S   ?
[INFO ][2015-11-18 17:55:54,359][com.java.SeleniumDriver] [  796] - ------------------------------------------
[INFO ][2015-11-18 17:55:54,359][com.java.SeleniumDriver] [  797] - Test case being Executed: 6
[INFO ][2015-11-18 17:55:54,359][com.java.SeleniumDriver] [  808] - Test step:28
[INFO ][2015-11-18 17:55:54,359][com.java.SeleniumDriver] [  820] - Datavalue is----------3
[INFO ][2015-11-18 17:55:54,359][com.java.SeleniumDriver] [  844] - DataField : XPH//button[text()='-']
[INFO ][2015-11-18 17:55:54,359][com.java.SeleniumDriver] [  846] - DataValue : 3
[INFO ][2015-11-18 17:55:54,359][com.java.SeleniumDriver] [  852] - <In Set values of the page>
[INFO ][2015-11-18 17:55:54,359][com.java.SeleniumDriver] [  855] - {Data Fields & Data Values Exist}
[INFO ][2015-11-18 17:55:54,359][com.java.SeleniumDriver] [  857] - --------------------------setting values-----------------------------
[INFO ][2015-11-18 17:55:54,359][com.java.SeleniumDriver] [  860] - Action Type : waitforelement
[INFO ][2015-11-18 17:55:54,383][com.java.SeleniumDriver] [  869] -  RESULT true
[INFO ][2015-11-18 17:55:54,383][com.java.SeleniumDriver] [ 1074] - ?   P A S S   ?
[INFO ][2015-11-18 17:55:54,383][com.java.SeleniumDriver] [  796] - ------------------------------------------
[INFO ][2015-11-18 17:55:54,383][com.java.SeleniumDriver] [  797] - Test case being Executed: 6
[INFO ][2015-11-18 17:55:54,383][com.java.SeleniumDriver] [  808] - Test step:29
[INFO ][2015-11-18 17:55:54,383][com.java.SeleniumDriver] [  820] - Datavalue is----------null
[DEBUG][2015-11-18 17:55:54,383][com.java.SeleniumDriver] [  838] - Exception: null
[INFO ][2015-11-18 17:55:54,383][com.java.SeleniumDriver] [  844] - DataField : XPH//button[text()='-']
[INFO ][2015-11-18 17:55:54,383][com.java.SeleniumDriver] [  846] - DataValue : 
[INFO ][2015-11-18 17:55:54,383][com.java.SeleniumDriver] [  852] - <In Set values of the page>
[INFO ][2015-11-18 17:55:54,383][com.java.SeleniumDriver] [  855] - {Data Fields & Data Values Exist}
[INFO ][2015-11-18 17:55:54,383][com.java.SeleniumDriver] [  857] - --------------------------setting values-----------------------------
[INFO ][2015-11-18 17:55:54,383][com.java.SeleniumDriver] [  860] - Action Type : click
[INFO ][2015-11-18 17:55:54,384][com.java.TestType] [ 4767] - Field ::XPH//button[text()='-']
[INFO ][2015-11-18 17:55:55,384][com.java.TestType] [ 4826] - BEFORE CLICK
[INFO ][2015-11-18 17:55:56,153][com.java.TestType] [ 4834] - Unable to click the object enter operator
[INFO ][2015-11-18 17:55:56,153][com.java.SeleniumDriver] [  869] -  RESULT true
[INFO ][2015-11-18 17:55:56,153][com.java.SeleniumDriver] [ 1074] - ?   P A S S   ?
[INFO ][2015-11-18 17:55:56,153][com.java.SeleniumDriver] [  796] - ------------------------------------------
[INFO ][2015-11-18 17:55:56,153][com.java.SeleniumDriver] [  797] - Test case being Executed: 6
[INFO ][2015-11-18 17:55:56,153][com.java.SeleniumDriver] [  808] - Test step:30
[INFO ][2015-11-18 17:55:56,153][com.java.SeleniumDriver] [  820] - Datavalue is----------3
[INFO ][2015-11-18 17:55:56,153][com.java.SeleniumDriver] [  844] - DataField : XPH//div[contains(@class, 'input-group btn-')]/input[contains(@class ,'ember-text-field form-')]
[INFO ][2015-11-18 17:55:56,153][com.java.SeleniumDriver] [  846] - DataValue : 3
[INFO ][2015-11-18 17:55:56,153][com.java.SeleniumDriver] [  852] - <In Set values of the page>
[INFO ][2015-11-18 17:55:56,153][com.java.SeleniumDriver] [  855] - {Data Fields & Data Values Exist}
[INFO ][2015-11-18 17:55:56,153][com.java.SeleniumDriver] [  857] - --------------------------setting values-----------------------------
[INFO ][2015-11-18 17:55:56,153][com.java.SeleniumDriver] [  860] - Action Type : waitforelement
[INFO ][2015-11-18 17:55:56,167][com.java.SeleniumDriver] [  869] -  RESULT true
[INFO ][2015-11-18 17:55:56,167][com.java.SeleniumDriver] [ 1074] - ?   P A S S   ?
[INFO ][2015-11-18 17:55:56,167][com.java.SeleniumDriver] [  796] - ------------------------------------------
[INFO ][2015-11-18 17:55:56,167][com.java.SeleniumDriver] [  797] - Test case being Executed: 6
[INFO ][2015-11-18 17:55:56,167][com.java.SeleniumDriver] [  808] - Test step:31
[INFO ][2015-11-18 17:55:56,167][com.java.SeleniumDriver] [  820] - Datavalue is----------5
[INFO ][2015-11-18 17:55:56,167][com.java.SeleniumDriver] [  844] - DataField : TXT//div[contains(@class, 'input-group btn-')]/input[contains(@class ,'ember-text-field form-')]
[INFO ][2015-11-18 17:55:56,167][com.java.SeleniumDriver] [  846] - DataValue : 5
[INFO ][2015-11-18 17:55:56,167][com.java.SeleniumDriver] [  852] - <In Set values of the page>
[INFO ][2015-11-18 17:55:56,167][com.java.SeleniumDriver] [  855] - {Data Fields & Data Values Exist}
[INFO ][2015-11-18 17:55:56,168][com.java.SeleniumDriver] [  857] - --------------------------setting values-----------------------------
[INFO ][2015-11-18 17:55:56,168][com.java.SeleniumDriver] [  860] - Action Type : enter
[INFO ][2015-11-18 17:55:56,168][com.java.TestType] [ 5087] - field = //div[contains(@class, 'input-group btn-')]/input[contains(@class ,'ember-text-field form-')]
[INFO ][2015-11-18 17:55:56,168][com.java.TestType] [ 4454] - value = 5
[INFO ][2015-11-18 17:55:56,502][com.java.SeleniumDriver] [  869] -  RESULT true
[INFO ][2015-11-18 17:55:56,502][com.java.SeleniumDriver] [ 1074] - ?   P A S S   ?
[INFO ][2015-11-18 17:55:56,502][com.java.SeleniumDriver] [  796] - ------------------------------------------
[INFO ][2015-11-18 17:55:56,502][com.java.SeleniumDriver] [  797] - Test case being Executed: 6
[INFO ][2015-11-18 17:55:56,502][com.java.SeleniumDriver] [  808] - Test step:32
[INFO ][2015-11-18 17:55:56,502][com.java.SeleniumDriver] [  820] - Datavalue is----------3
[INFO ][2015-11-18 17:55:56,502][com.java.SeleniumDriver] [  844] - DataField : XPH//button[text()='Constant']
[INFO ][2015-11-18 17:55:56,502][com.java.SeleniumDriver] [  846] - DataValue : 3
[INFO ][2015-11-18 17:55:56,502][com.java.SeleniumDriver] [  852] - <In Set values of the page>
[INFO ][2015-11-18 17:55:56,502][com.java.SeleniumDriver] [  855] - {Data Fields & Data Values Exist}
[INFO ][2015-11-18 17:55:56,502][com.java.SeleniumDriver] [  857] - --------------------------setting values-----------------------------
[INFO ][2015-11-18 17:55:56,502][com.java.SeleniumDriver] [  860] - Action Type : waitforelement
[INFO ][2015-11-18 17:55:56,525][com.java.SeleniumDriver] [  869] -  RESULT true
[INFO ][2015-11-18 17:55:56,525][com.java.SeleniumDriver] [ 1074] - ?   P A S S   ?
[INFO ][2015-11-18 17:55:56,525][com.java.SeleniumDriver] [  796] - ------------------------------------------
[INFO ][2015-11-18 17:55:56,525][com.java.SeleniumDriver] [  797] - Test case being Executed: 6
[INFO ][2015-11-18 17:55:56,525][com.java.SeleniumDriver] [  808] - Test step:33
[INFO ][2015-11-18 17:55:56,525][com.java.SeleniumDriver] [  820] - Datavalue is----------null
[DEBUG][2015-11-18 17:55:56,525][com.java.SeleniumDriver] [  838] - Exception: null
[INFO ][2015-11-18 17:55:56,525][com.java.SeleniumDriver] [  844] - DataField : XPH//button[text()='Constant']
[INFO ][2015-11-18 17:55:56,525][com.java.SeleniumDriver] [  846] - DataValue : 
[INFO ][2015-11-18 17:55:56,525][com.java.SeleniumDriver] [  852] - <In Set values of the page>
[INFO ][2015-11-18 17:55:56,526][com.java.SeleniumDriver] [  855] - {Data Fields & Data Values Exist}
[INFO ][2015-11-18 17:55:56,526][com.java.SeleniumDriver] [  857] - --------------------------setting values-----------------------------
[INFO ][2015-11-18 17:55:56,526][com.java.SeleniumDriver] [  860] - Action Type : click
[INFO ][2015-11-18 17:55:56,526][com.java.TestType] [ 4767] - Field ::XPH//button[text()='Constant']
[INFO ][2015-11-18 17:55:57,526][com.java.TestType] [ 4826] - BEFORE CLICK
[INFO ][2015-11-18 17:55:58,288][com.java.TestType] [ 4834] - Unable to click the object click constant
[INFO ][2015-11-18 17:55:58,288][com.java.SeleniumDriver] [  869] -  RESULT true
[INFO ][2015-11-18 17:55:58,288][com.java.SeleniumDriver] [ 1074] - ?   P A S S   ?
[INFO ][2015-11-18 17:55:58,288][com.java.SeleniumDriver] [  796] - ------------------------------------------
[INFO ][2015-11-18 17:55:58,288][com.java.SeleniumDriver] [  797] - Test case being Executed: 6
[INFO ][2015-11-18 17:55:58,288][com.java.SeleniumDriver] [  808] - Test step:34
[INFO ][2015-11-18 17:55:58,288][com.java.SeleniumDriver] [  820] - Datavalue is----------3
[INFO ][2015-11-18 17:55:58,288][com.java.SeleniumDriver] [  844] - DataField : XPH//button[contains(text(), 'Save')]
[INFO ][2015-11-18 17:55:58,288][com.java.SeleniumDriver] [  846] - DataValue : 3
[INFO ][2015-11-18 17:55:58,288][com.java.SeleniumDriver] [  852] - <In Set values of the page>
[INFO ][2015-11-18 17:55:58,288][com.java.SeleniumDriver] [  855] - {Data Fields & Data Values Exist}
[INFO ][2015-11-18 17:55:58,288][com.java.SeleniumDriver] [  857] - --------------------------setting values-----------------------------
[INFO ][2015-11-18 17:55:58,288][com.java.SeleniumDriver] [  860] - Action Type : waitforelement
[INFO ][2015-11-18 17:55:58,312][com.java.SeleniumDriver] [  869] -  RESULT true
[INFO ][2015-11-18 17:55:58,312][com.java.SeleniumDriver] [ 1074] - ?   P A S S   ?
[INFO ][2015-11-18 17:55:58,312][com.java.SeleniumDriver] [  796] - ------------------------------------------
[INFO ][2015-11-18 17:55:58,312][com.java.SeleniumDriver] [  797] - Test case being Executed: 6
[INFO ][2015-11-18 17:55:58,312][com.java.SeleniumDriver] [  808] - Test step:35
[INFO ][2015-11-18 17:55:58,312][com.java.SeleniumDriver] [  820] - Datavalue is----------null
[DEBUG][2015-11-18 17:55:58,312][com.java.SeleniumDriver] [  838] - Exception: null
[INFO ][2015-11-18 17:55:58,312][com.java.SeleniumDriver] [  844] - DataField : XPH//button[contains(text(), 'Save')]
[INFO ][2015-11-18 17:55:58,312][com.java.SeleniumDriver] [  846] - DataValue : 
[INFO ][2015-11-18 17:55:58,312][com.java.SeleniumDriver] [  852] - <In Set values of the page>
[INFO ][2015-11-18 17:55:58,313][com.java.SeleniumDriver] [  855] - {Data Fields & Data Values Exist}
[INFO ][2015-11-18 17:55:58,313][com.java.SeleniumDriver] [  857] - --------------------------setting values-----------------------------
[INFO ][2015-11-18 17:55:58,313][com.java.SeleniumDriver] [  860] - Action Type : ISENABLED
[INFO ][2015-11-18 17:55:58,313][com.java.TestType] [ 6648] - field= XPH//button[contains(text(), 'Save')]
[INFO ][2015-11-18 17:55:58,352][com.java.SeleniumDriver] [  869] -  RESULT true
[INFO ][2015-11-18 17:55:58,352][com.java.SeleniumDriver] [ 1074] - ?   P A S S   ?
[INFO ][2015-11-18 17:55:58,352][com.java.SeleniumDriver] [  796] - ------------------------------------------
[INFO ][2015-11-18 17:55:58,352][com.java.SeleniumDriver] [  797] - Test case being Executed: 6
[INFO ][2015-11-18 17:55:58,352][com.java.SeleniumDriver] [  808] - Test step:36
[INFO ][2015-11-18 17:55:58,353][com.java.SeleniumDriver] [  820] - Datavalue is----------null
[DEBUG][2015-11-18 17:55:58,353][com.java.SeleniumDriver] [  838] - Exception: null
[INFO ][2015-11-18 17:55:58,353][com.java.SeleniumDriver] [  844] - DataField : XPH//button[contains(text(), 'Save')]
[INFO ][2015-11-18 17:55:58,353][com.java.SeleniumDriver] [  846] - DataValue : 
[INFO ][2015-11-18 17:55:58,353][com.java.SeleniumDriver] [  852] - <In Set values of the page>
[INFO ][2015-11-18 17:55:58,353][com.java.SeleniumDriver] [  855] - {Data Fields & Data Values Exist}
[INFO ][2015-11-18 17:55:58,353][com.java.SeleniumDriver] [  857] - --------------------------setting values-----------------------------
[INFO ][2015-11-18 17:55:58,353][com.java.SeleniumDriver] [  860] - Action Type : click
[INFO ][2015-11-18 17:55:58,353][com.java.TestType] [ 4767] - Field ::XPH//button[contains(text(), 'Save')]
[INFO ][2015-11-18 17:55:59,353][com.java.TestType] [ 4826] - BEFORE CLICK
[INFO ][2015-11-18 17:56:00,179][com.java.TestType] [ 4834] - Unable to click the object save button
[INFO ][2015-11-18 17:56:00,179][com.java.SeleniumDriver] [  869] -  RESULT true
[INFO ][2015-11-18 17:56:00,179][com.java.SeleniumDriver] [ 1074] - ?   P A S S   ?
[INFO ][2015-11-18 17:56:00,179][com.java.SeleniumDriver] [  796] - ------------------------------------------
[INFO ][2015-11-18 17:56:00,179][com.java.SeleniumDriver] [  797] - Test case being Executed: 6
[INFO ][2015-11-18 17:56:00,179][com.java.SeleniumDriver] [  808] - Test step:37
[INFO ][2015-11-18 17:56:00,179][com.java.SeleniumDriver] [  820] - Datavalue is----------3
[INFO ][2015-11-18 17:56:00,179][com.java.SeleniumDriver] [  844] - DataField : XPH//a[contains(text(), 'Add Calculation')]
[INFO ][2015-11-18 17:56:00,179][com.java.SeleniumDriver] [  846] - DataValue : 3
[INFO ][2015-11-18 17:56:00,179][com.java.SeleniumDriver] [  852] - <In Set values of the page>
[INFO ][2015-11-18 17:56:00,179][com.java.SeleniumDriver] [  855] - {Data Fields & Data Values Exist}
[INFO ][2015-11-18 17:56:00,179][com.java.SeleniumDriver] [  857] - --------------------------setting values-----------------------------
[INFO ][2015-11-18 17:56:00,179][com.java.SeleniumDriver] [  860] - Action Type : waitforelement
[INFO ][2015-11-18 17:56:00,202][com.java.SeleniumDriver] [  869] -  RESULT true
[INFO ][2015-11-18 17:56:00,203][com.java.SeleniumDriver] [ 1074] - ?   P A S S   ?
[INFO ][2015-11-18 17:56:00,203][com.java.SeleniumDriver] [  796] - ------------------------------------------
[INFO ][2015-11-18 17:56:00,204][com.java.SeleniumDriver] [  797] - Test case being Executed: 6
[INFO ][2015-11-18 17:56:00,204][com.java.SeleniumDriver] [  808] - Test step:38
[INFO ][2015-11-18 17:56:00,204][com.java.SeleniumDriver] [  820] - Datavalue is----------HMVCalusing_Keys
[INFO ][2015-11-18 17:56:00,204][com.java.SeleniumDriver] [  844] - DataField : MSG
[INFO ][2015-11-18 17:56:00,204][com.java.SeleniumDriver] [  846] - DataValue : HMVCalusing_Keys
[INFO ][2015-11-18 17:56:00,204][com.java.SeleniumDriver] [  852] - <In Set values of the page>
[INFO ][2015-11-18 17:56:00,204][com.java.SeleniumDriver] [  855] - {Data Fields & Data Values Exist}
[INFO ][2015-11-18 17:56:00,204][com.java.SeleniumDriver] [  857] - --------------------------setting values-----------------------------
[INFO ][2015-11-18 17:56:00,204][com.java.SeleniumDriver] [  860] - Action Type : verify
[INFO ][2015-11-18 17:56:00,204][com.java.TestType] [ 5561] - field= MSG value= HMVCalusing_Keys
[INFO ][2015-11-18 17:56:00,204][com.java.TestType] [ 4454] - value = A_VLTest52708
[DEBUG][2015-11-18 17:56:00,204][com.java.TestType] [ 6330] - value :: A_VLTest52708
[INFO ][2015-11-18 17:56:00,218][com.java.SeleniumDriver] [  869] -  RESULT true
[INFO ][2015-11-18 17:56:00,218][com.java.SeleniumDriver] [ 1074] - ?   P A S S   ?
[INFO ][2015-11-18 17:56:00,218][com.java.SeleniumDriver] [  796] - ------------------------------------------
[INFO ][2015-11-18 17:56:00,218][com.java.SeleniumDriver] [  797] - Test case being Executed: 6
[INFO ][2015-11-18 17:56:00,218][com.java.SeleniumDriver] [  808] - Test step:39
[INFO ][2015-11-18 17:56:00,218][com.java.SeleniumDriver] [  820] - Datavalue is----------null
[DEBUG][2015-11-18 17:56:00,218][com.java.SeleniumDriver] [  838] - Exception: null
[INFO ][2015-11-18 17:56:00,218][com.java.SeleniumDriver] [  844] - DataField : XPH//a[contains(text(), 'Add Calculation')]
[INFO ][2015-11-18 17:56:00,218][com.java.SeleniumDriver] [  846] - DataValue : 
[INFO ][2015-11-18 17:56:00,219][com.java.SeleniumDriver] [  852] - <In Set values of the page>
[INFO ][2015-11-18 17:56:00,219][com.java.SeleniumDriver] [  855] - {Data Fields & Data Values Exist}
[INFO ][2015-11-18 17:56:00,219][com.java.SeleniumDriver] [  857] - --------------------------setting values-----------------------------
[INFO ][2015-11-18 17:56:00,219][com.java.SeleniumDriver] [  860] - Action Type : click
[INFO ][2015-11-18 17:56:00,219][com.java.TestType] [ 4767] - Field ::XPH//a[contains(text(), 'Add Calculation')]
[INFO ][2015-11-18 17:56:01,219][com.java.TestType] [ 4826] - BEFORE CLICK
[INFO ][2015-11-18 17:56:02,259][com.java.TestType] [ 4834] - Unable to click the object click on add button
[INFO ][2015-11-18 17:56:02,259][com.java.SeleniumDriver] [  869] -  RESULT true
[INFO ][2015-11-18 17:56:02,259][com.java.SeleniumDriver] [ 1074] - ?   P A S S   ?
[INFO ][2015-11-18 17:56:02,259][com.java.SeleniumDriver] [  796] - ------------------------------------------
[INFO ][2015-11-18 17:56:02,259][com.java.SeleniumDriver] [  797] - Test case being Executed: 6
[INFO ][2015-11-18 17:56:02,260][com.java.SeleniumDriver] [  808] - Test step:40
[INFO ][2015-11-18 17:56:02,260][com.java.SeleniumDriver] [  820] - Datavalue is----------3
[INFO ][2015-11-18 17:56:02,260][com.java.SeleniumDriver] [  844] - DataField : XPH//label[contains(text(), 'Dashboard Groups:')]
[INFO ][2015-11-18 17:56:02,261][com.java.SeleniumDriver] [  846] - DataValue : 3
[INFO ][2015-11-18 17:56:02,261][com.java.SeleniumDriver] [  852] - <In Set values of the page>
[INFO ][2015-11-18 17:56:02,261][com.java.SeleniumDriver] [  855] - {Data Fields & Data Values Exist}
[INFO ][2015-11-18 17:56:02,261][com.java.SeleniumDriver] [  857] - --------------------------setting values-----------------------------
[INFO ][2015-11-18 17:56:02,261][com.java.SeleniumDriver] [  860] - Action Type : waitforelement
[INFO ][2015-11-18 17:56:02,284][com.java.SeleniumDriver] [  869] -  RESULT true
[INFO ][2015-11-18 17:56:02,284][com.java.SeleniumDriver] [ 1074] - ?   P A S S   ?
[INFO ][2015-11-18 17:56:02,284][com.java.SeleniumDriver] [  796] - ------------------------------------------
[INFO ][2015-11-18 17:56:02,284][com.java.SeleniumDriver] [  797] - Test case being Executed: 6
[INFO ][2015-11-18 17:56:02,285][com.java.SeleniumDriver] [  808] - Test step:41
[INFO ][2015-11-18 17:56:02,285][com.java.SeleniumDriver] [  820] - Datavalue is----------null
[DEBUG][2015-11-18 17:56:02,285][com.java.SeleniumDriver] [  838] - Exception: null
[INFO ][2015-11-18 17:56:02,285][com.java.SeleniumDriver] [  844] - DataField : XPH//button[contains(text(), 'Save')]
[INFO ][2015-11-18 17:56:02,285][com.java.SeleniumDriver] [  846] - DataValue : 
[INFO ][2015-11-18 17:56:02,285][com.java.SeleniumDriver] [  852] - <In Set values of the page>
[INFO ][2015-11-18 17:56:02,285][com.java.SeleniumDriver] [  855] - {Data Fields & Data Values Exist}
[INFO ][2015-11-18 17:56:02,285][com.java.SeleniumDriver] [  857] - --------------------------setting values-----------------------------
[INFO ][2015-11-18 17:56:02,285][com.java.SeleniumDriver] [  860] - Action Type : ISDISABLED
[INFO ][2015-11-18 17:56:02,285][com.java.TestType] [ 6612] - field= XPH//button[contains(text(), 'Save')]
[INFO ][2015-11-18 17:56:02,353][com.java.SeleniumDriver] [  869] -  RESULT true
[INFO ][2015-11-18 17:56:02,353][com.java.SeleniumDriver] [ 1074] - ?   P A S S   ?
[INFO ][2015-11-18 17:56:02,353][com.java.SeleniumDriver] [  796] - ------------------------------------------
[INFO ][2015-11-18 17:56:02,353][com.java.SeleniumDriver] [  797] - Test case being Executed: 6
[INFO ][2015-11-18 17:56:02,353][com.java.SeleniumDriver] [  808] - Test step:42
[INFO ][2015-11-18 17:56:02,353][com.java.SeleniumDriver] [  820] - Datavalue is----------3
[INFO ][2015-11-18 17:56:02,353][com.java.SeleniumDriver] [  844] - DataField : XPH//select[contains(@class,'mber-select form-control')]
[INFO ][2015-11-18 17:56:02,353][com.java.SeleniumDriver] [  846] - DataValue : 3
[INFO ][2015-11-18 17:56:02,353][com.java.SeleniumDriver] [  852] - <In Set values of the page>
[INFO ][2015-11-18 17:56:02,353][com.java.SeleniumDriver] [  855] - {Data Fields & Data Values Exist}
[INFO ][2015-11-18 17:56:02,353][com.java.SeleniumDriver] [  857] - --------------------------setting values-----------------------------
[INFO ][2015-11-18 17:56:02,353][com.java.SeleniumDriver] [  860] - Action Type : waitforelement
[INFO ][2015-11-18 17:56:02,376][com.java.SeleniumDriver] [  869] -  RESULT true
[INFO ][2015-11-18 17:56:02,376][com.java.SeleniumDriver] [ 1074] - ?   P A S S   ?
[INFO ][2015-11-18 17:56:02,376][com.java.SeleniumDriver] [  796] - ------------------------------------------
[INFO ][2015-11-18 17:56:02,376][com.java.SeleniumDriver] [  797] - Test case being Executed: 6
[INFO ][2015-11-18 17:56:02,376][com.java.SeleniumDriver] [  808] - Test step:43
[INFO ][2015-11-18 17:56:02,376][com.java.SeleniumDriver] [  820] - Datavalue is----------null
[DEBUG][2015-11-18 17:56:02,376][com.java.SeleniumDriver] [  838] - Exception: null
[INFO ][2015-11-18 17:56:02,377][com.java.SeleniumDriver] [  844] - DataField : XPH//select[contains(@class,'mber-select form-control')]
[INFO ][2015-11-18 17:56:02,377][com.java.SeleniumDriver] [  846] - DataValue : 
[INFO ][2015-11-18 17:56:02,377][com.java.SeleniumDriver] [  852] - <In Set values of the page>
[INFO ][2015-11-18 17:56:02,377][com.java.SeleniumDriver] [  855] - {Data Fields & Data Values Exist}
[INFO ][2015-11-18 17:56:02,377][com.java.SeleniumDriver] [  857] - --------------------------setting values-----------------------------
[INFO ][2015-11-18 17:56:02,377][com.java.SeleniumDriver] [  860] - Action Type : click
[INFO ][2015-11-18 17:56:02,377][com.java.TestType] [ 4767] - Field ::XPH//select[contains(@class,'mber-select form-control')]
[INFO ][2015-11-18 17:56:03,377][com.java.TestType] [ 4826] - BEFORE CLICK
[INFO ][2015-11-18 17:56:04,182][com.java.TestType] [ 4834] - Unable to click the object dollar value dropdown
[INFO ][2015-11-18 17:56:04,182][com.java.SeleniumDriver] [  869] -  RESULT true
[INFO ][2015-11-18 17:56:04,182][com.java.SeleniumDriver] [ 1074] - ?   P A S S   ?
[INFO ][2015-11-18 17:56:04,182][com.java.SeleniumDriver] [  796] - ------------------------------------------
[INFO ][2015-11-18 17:56:04,182][com.java.SeleniumDriver] [  797] - Test case being Executed: 6
[INFO ][2015-11-18 17:56:04,182][com.java.SeleniumDriver] [  808] - Test step:44
[INFO ][2015-11-18 17:56:04,182][com.java.SeleniumDriver] [  820] - Datavalue is----------3
[INFO ][2015-11-18 17:56:04,182][com.java.SeleniumDriver] [  844] - DataField : XPH//select/option[contains(text(), 'Dollar ($)')]
[INFO ][2015-11-18 17:56:04,182][com.java.SeleniumDriver] [  846] - DataValue : 3
[INFO ][2015-11-18 17:56:04,182][com.java.SeleniumDriver] [  852] - <In Set values of the page>
[INFO ][2015-11-18 17:56:04,182][com.java.SeleniumDriver] [  855] - {Data Fields & Data Values Exist}
[INFO ][2015-11-18 17:56:04,182][com.java.SeleniumDriver] [  857] - --------------------------setting values-----------------------------
[INFO ][2015-11-18 17:56:04,182][com.java.SeleniumDriver] [  860] - Action Type : waitforelement
[INFO ][2015-11-18 17:56:04,206][com.java.SeleniumDriver] [  869] -  RESULT true
[INFO ][2015-11-18 17:56:04,206][com.java.SeleniumDriver] [ 1074] - ?   P A S S   ?
[INFO ][2015-11-18 17:56:04,206][com.java.SeleniumDriver] [  796] - ------------------------------------------
[INFO ][2015-11-18 17:56:04,206][com.java.SeleniumDriver] [  797] - Test case being Executed: 6
[INFO ][2015-11-18 17:56:04,206][com.java.SeleniumDriver] [  808] - Test step:45
[INFO ][2015-11-18 17:56:04,206][com.java.SeleniumDriver] [  820] - Datavalue is----------null
[DEBUG][2015-11-18 17:56:04,206][com.java.SeleniumDriver] [  838] - Exception: null
[INFO ][2015-11-18 17:56:04,206][com.java.SeleniumDriver] [  844] - DataField : XPH//select/option[contains(text(), 'Dollar ($)')]
[INFO ][2015-11-18 17:56:04,206][com.java.SeleniumDriver] [  846] - DataValue : 
[INFO ][2015-11-18 17:56:04,207][com.java.SeleniumDriver] [  852] - <In Set values of the page>
[INFO ][2015-11-18 17:56:04,207][com.java.SeleniumDriver] [  855] - {Data Fields & Data Values Exist}
[INFO ][2015-11-18 17:56:04,207][com.java.SeleniumDriver] [  857] - --------------------------setting values-----------------------------
[INFO ][2015-11-18 17:56:04,207][com.java.SeleniumDriver] [  860] - Action Type : click
[INFO ][2015-11-18 17:56:04,207][com.java.TestType] [ 4767] - Field ::XPH//select/option[contains(text(), 'Dollar ($)')]
[INFO ][2015-11-18 17:56:05,207][com.java.TestType] [ 4826] - BEFORE CLICK
[INFO ][2015-11-18 17:56:05,892][com.java.TestType] [ 4834] - Unable to click the object dollar value dropdown
[INFO ][2015-11-18 17:56:05,892][com.java.SeleniumDriver] [  869] -  RESULT true
[INFO ][2015-11-18 17:56:05,892][com.java.SeleniumDriver] [ 1074] - ?   P A S S   ?
[INFO ][2015-11-18 17:56:05,892][com.java.SeleniumDriver] [  796] - ------------------------------------------
[INFO ][2015-11-18 17:56:05,892][com.java.SeleniumDriver] [  797] - Test case being Executed: 6
[INFO ][2015-11-18 17:56:05,892][com.java.SeleniumDriver] [  808] - Test step:46
[INFO ][2015-11-18 17:56:05,892][com.java.SeleniumDriver] [  820] - Datavalue is----------RNDA_VLTest
[INFO ][2015-11-18 17:56:05,892][com.java.SeleniumDriver] [  844] - DataField : TXT//input[contains(@placeholder, 'Name your Calcu')]
[INFO ][2015-11-18 17:56:05,892][com.java.SeleniumDriver] [  846] - DataValue : RNDA_VLTest
[INFO ][2015-11-18 17:56:05,892][com.java.SeleniumDriver] [  852] - <In Set values of the page>
[INFO ][2015-11-18 17:56:05,892][com.java.SeleniumDriver] [  855] - {Data Fields & Data Values Exist}
[INFO ][2015-11-18 17:56:05,892][com.java.SeleniumDriver] [  857] - --------------------------setting values-----------------------------
[INFO ][2015-11-18 17:56:05,892][com.java.SeleniumDriver] [  860] - Action Type : enter
[INFO ][2015-11-18 17:56:05,893][com.java.TestType] [ 5087] - field = //input[contains(@placeholder, 'Name your Calcu')]
[INFO ][2015-11-18 17:56:05,893][com.java.TestType] [ 4454] - value = A_VLTest46054
[INFO ][2015-11-18 17:56:06,810][com.java.SeleniumDriver] [  869] -  RESULT true
[INFO ][2015-11-18 17:56:06,810][com.java.SeleniumDriver] [ 1074] - ?   P A S S   ?
[INFO ][2015-11-18 17:56:06,810][com.java.SeleniumDriver] [  796] - ------------------------------------------
[INFO ][2015-11-18 17:56:06,810][com.java.SeleniumDriver] [  797] - Test case being Executed: 6
[INFO ][2015-11-18 17:56:06,810][com.java.SeleniumDriver] [  808] - Test step:47
[INFO ][2015-11-18 17:56:06,810][com.java.SeleniumDriver] [  820] - Datavalue is----------Cal_Using_Precustoms
[INFO ][2015-11-18 17:56:06,810][com.java.SeleniumDriver] [  844] - DataField : TXT//input[contains(@placeholder, 'Name your Calcu')]
[INFO ][2015-11-18 17:56:06,810][com.java.SeleniumDriver] [  846] - DataValue : Cal_Using_Precustoms
[INFO ][2015-11-18 17:56:06,810][com.java.SeleniumDriver] [  852] - <In Set values of the page>
[INFO ][2015-11-18 17:56:06,810][com.java.SeleniumDriver] [  855] - {Data Fields & Data Values Exist}
[INFO ][2015-11-18 17:56:06,810][com.java.SeleniumDriver] [  857] - --------------------------setting values-----------------------------
[INFO ][2015-11-18 17:56:06,810][com.java.SeleniumDriver] [  860] - Action Type : STOREVALUE
[INFO ][2015-11-18 17:56:06,811][com.java.TestType] [ 6687] - field= TXT//input[contains(@placeholder, 'Name your Calcu')]
[DEBUG][2015-11-18 17:56:06,858][com.java.TestType] [ 6701] - Key:: Cal_Using_Precustoms  Value:: A_VLTest46054
[INFO ][2015-11-18 17:56:06,858][com.java.SeleniumDriver] [  869] -  RESULT true
[INFO ][2015-11-18 17:56:06,858][com.java.SeleniumDriver] [ 1074] - ?   P A S S   ?
[INFO ][2015-11-18 17:56:06,858][com.java.SeleniumDriver] [  796] - ------------------------------------------
[INFO ][2015-11-18 17:56:06,858][com.java.SeleniumDriver] [  797] - Test case being Executed: 6
[INFO ][2015-11-18 17:56:06,858][com.java.SeleniumDriver] [  808] - Test step:48
[INFO ][2015-11-18 17:56:06,858][com.java.SeleniumDriver] [  820] - Datavalue is----------//div[@id='group-list']/ul/li[2]//a
[INFO ][2015-11-18 17:56:06,858][com.java.SeleniumDriver] [  844] - DataField : BTN
[INFO ][2015-11-18 17:56:06,858][com.java.SeleniumDriver] [  846] - DataValue : //div[@id='group-list']/ul/li[2]//a
[INFO ][2015-11-18 17:56:06,858][com.java.SeleniumDriver] [  852] - <In Set values of the page>
[INFO ][2015-11-18 17:56:06,858][com.java.SeleniumDriver] [  855] - {Data Fields & Data Values Exist}
[INFO ][2015-11-18 17:56:06,858][com.java.SeleniumDriver] [  857] - --------------------------setting values-----------------------------
[INFO ][2015-11-18 17:56:06,858][com.java.SeleniumDriver] [  860] - Action Type : verify
[INFO ][2015-11-18 17:56:06,859][com.java.TestType] [ 5561] - field= BTN value= //div[@id='group-list']/ul/li[2]//a
[INFO ][2015-11-18 17:56:06,859][com.java.TestType] [ 4454] - value = //div[@id='group-list']/ul/li[2]//a
[INFO ][2015-11-18 17:56:06,881][com.java.SeleniumDriver] [  869] -  RESULT true
[INFO ][2015-11-18 17:56:06,881][com.java.SeleniumDriver] [ 1074] - ?   P A S S   ?
[INFO ][2015-11-18 17:56:06,881][com.java.SeleniumDriver] [  796] - ------------------------------------------
[INFO ][2015-11-18 17:56:06,881][com.java.SeleniumDriver] [  797] - Test case being Executed: 6
[INFO ][2015-11-18 17:56:06,881][com.java.SeleniumDriver] [  808] - Test step:49
[INFO ][2015-11-18 17:56:06,881][com.java.SeleniumDriver] [  820] - Datavalue is----------null
[DEBUG][2015-11-18 17:56:06,881][com.java.SeleniumDriver] [  838] - Exception: null
[INFO ][2015-11-18 17:56:06,881][com.java.SeleniumDriver] [  844] - DataField : XPH//div[@id='group-list']/ul/li[2]//a
[INFO ][2015-11-18 17:56:06,882][com.java.SeleniumDriver] [  846] - DataValue : 
[INFO ][2015-11-18 17:56:06,882][com.java.SeleniumDriver] [  852] - <In Set values of the page>
[INFO ][2015-11-18 17:56:06,882][com.java.SeleniumDriver] [  855] - {Data Fields & Data Values Exist}
[INFO ][2015-11-18 17:56:06,882][com.java.SeleniumDriver] [  857] - --------------------------setting values-----------------------------
[INFO ][2015-11-18 17:56:06,882][com.java.SeleniumDriver] [  860] - Action Type : CLICK
[INFO ][2015-11-18 17:56:06,882][com.java.TestType] [ 4767] - Field ::XPH//div[@id='group-list']/ul/li[2]//a
[INFO ][2015-11-18 17:56:07,882][com.java.TestType] [ 4826] - BEFORE CLICK
[INFO ][2015-11-18 17:56:08,955][com.java.TestType] [ 4834] - Unable to click the object calculation name field
[INFO ][2015-11-18 17:56:08,955][com.java.SeleniumDriver] [  869] -  RESULT true
[INFO ][2015-11-18 17:56:08,955][com.java.SeleniumDriver] [ 1074] - ?   P A S S   ?
[INFO ][2015-11-18 17:56:08,955][com.java.SeleniumDriver] [  796] - ------------------------------------------
[INFO ][2015-11-18 17:56:08,955][com.java.SeleniumDriver] [  797] - Test case being Executed: 6
[INFO ][2015-11-18 17:56:08,955][com.java.SeleniumDriver] [  808] - Test step:50
[INFO ][2015-11-18 17:56:08,955][com.java.SeleniumDriver] [  820] - Datavalue is----------3
[INFO ][2015-11-18 17:56:08,955][com.java.SeleniumDriver] [  844] - DataField : XPH//a[contains(text(),'Non-Interest Bearing Deposits')]
[INFO ][2015-11-18 17:56:08,955][com.java.SeleniumDriver] [  846] - DataValue : 3
[INFO ][2015-11-18 17:56:08,955][com.java.SeleniumDriver] [  852] - <In Set values of the page>
[INFO ][2015-11-18 17:56:08,955][com.java.SeleniumDriver] [  855] - {Data Fields & Data Values Exist}
[INFO ][2015-11-18 17:56:08,955][com.java.SeleniumDriver] [  857] - --------------------------setting values-----------------------------
[INFO ][2015-11-18 17:56:08,955][com.java.SeleniumDriver] [  860] - Action Type : waitforelement
[INFO ][2015-11-18 17:56:09,019][com.java.SeleniumDriver] [  869] -  RESULT true
[INFO ][2015-11-18 17:56:09,019][com.java.SeleniumDriver] [ 1074] - ?   P A S S   ?
[INFO ][2015-11-18 17:56:09,019][com.java.SeleniumDriver] [  796] - ------------------------------------------
[INFO ][2015-11-18 17:56:09,019][com.java.SeleniumDriver] [  797] - Test case being Executed: 6
[INFO ][2015-11-18 17:56:09,019][com.java.SeleniumDriver] [  808] - Test step:51
[INFO ][2015-11-18 17:56:09,019][com.java.SeleniumDriver] [  820] - Datavalue is----------//div[contains(@class, 'expression ui-droppable')]/span
[INFO ][2015-11-18 17:56:09,019][com.java.SeleniumDriver] [  844] - DataField : //a[contains(text(),'Non-Interest Bearing Deposits')]
[INFO ][2015-11-18 17:56:09,019][com.java.SeleniumDriver] [  846] - DataValue : //div[contains(@class, 'expression ui-droppable')]/span
[INFO ][2015-11-18 17:56:09,019][com.java.SeleniumDriver] [  852] - <In Set values of the page>
[INFO ][2015-11-18 17:56:09,019][com.java.SeleniumDriver] [  855] - {Data Fields & Data Values Exist}
[INFO ][2015-11-18 17:56:09,019][com.java.SeleniumDriver] [  857] - --------------------------setting values-----------------------------
[INFO ][2015-11-18 17:56:09,020][com.java.SeleniumDriver] [  860] - Action Type : DRAGANDDROP
[INFO ][2015-11-18 17:56:10,106][com.java.SeleniumDriver] [  869] -  RESULT true
[INFO ][2015-11-18 17:56:10,106][com.java.SeleniumDriver] [ 1074] - ?   P A S S   ?
[INFO ][2015-11-18 17:56:10,106][com.java.SeleniumDriver] [  796] - ------------------------------------------
[INFO ][2015-11-18 17:56:10,106][com.java.SeleniumDriver] [  797] - Test case being Executed: 6
[INFO ][2015-11-18 17:56:10,106][com.java.SeleniumDriver] [  808] - Test step:52
[INFO ][2015-11-18 17:56:10,106][com.java.SeleniumDriver] [  820] - Datavalue is----------null
[DEBUG][2015-11-18 17:56:10,106][com.java.SeleniumDriver] [  838] - Exception: null
[INFO ][2015-11-18 17:56:10,108][com.java.SeleniumDriver] [  844] - DataField : XPH//button[text()='+']
[INFO ][2015-11-18 17:56:10,108][com.java.SeleniumDriver] [  846] - DataValue : 
[INFO ][2015-11-18 17:56:10,108][com.java.SeleniumDriver] [  852] - <In Set values of the page>
[INFO ][2015-11-18 17:56:10,108][com.java.SeleniumDriver] [  855] - {Data Fields & Data Values Exist}
[INFO ][2015-11-18 17:56:10,108][com.java.SeleniumDriver] [  857] - --------------------------setting values-----------------------------
[INFO ][2015-11-18 17:56:10,108][com.java.SeleniumDriver] [  860] - Action Type : click
[INFO ][2015-11-18 17:56:10,108][com.java.TestType] [ 4767] - Field ::XPH//button[text()='+']
[INFO ][2015-11-18 17:56:11,108][com.java.TestType] [ 4826] - BEFORE CLICK
[INFO ][2015-11-18 17:56:11,904][com.java.TestType] [ 4834] - Unable to click the object enter operator
[INFO ][2015-11-18 17:56:11,904][com.java.SeleniumDriver] [  869] -  RESULT true
[INFO ][2015-11-18 17:56:11,904][com.java.SeleniumDriver] [ 1074] - ?   P A S S   ?
[INFO ][2015-11-18 17:56:11,904][com.java.SeleniumDriver] [  796] - ------------------------------------------
[INFO ][2015-11-18 17:56:11,904][com.java.SeleniumDriver] [  797] - Test case being Executed: 6
[INFO ][2015-11-18 17:56:11,904][com.java.SeleniumDriver] [  808] - Test step:53
[INFO ][2015-11-18 17:56:11,904][com.java.SeleniumDriver] [  820] - Datavalue is----------//div[@class="ember-view alert alert-info expression ui-droppable"]
[INFO ][2015-11-18 17:56:11,904][com.java.SeleniumDriver] [  844] - DataField : //a[contains(text(),'Interest bearing demand deposits')]
[INFO ][2015-11-18 17:56:11,904][com.java.SeleniumDriver] [  846] - DataValue : //div[@class="ember-view alert alert-info expression ui-droppable"]
[INFO ][2015-11-18 17:56:11,904][com.java.SeleniumDriver] [  852] - <In Set values of the page>
[INFO ][2015-11-18 17:56:11,904][com.java.SeleniumDriver] [  855] - {Data Fields & Data Values Exist}
[INFO ][2015-11-18 17:56:11,904][com.java.SeleniumDriver] [  857] - --------------------------setting values-----------------------------
[INFO ][2015-11-18 17:56:11,904][com.java.SeleniumDriver] [  860] - Action Type : DRAGANDDROP
[INFO ][2015-11-18 17:56:12,760][com.java.SeleniumDriver] [  869] -  RESULT true
[INFO ][2015-11-18 17:56:12,760][com.java.SeleniumDriver] [ 1074] - ?   P A S S   ?
[INFO ][2015-11-18 17:56:12,760][com.java.SeleniumDriver] [  796] - ------------------------------------------
[INFO ][2015-11-18 17:56:12,760][com.java.SeleniumDriver] [  797] - Test case being Executed: 6
[INFO ][2015-11-18 17:56:12,760][com.java.SeleniumDriver] [  808] - Test step:54
[INFO ][2015-11-18 17:56:12,760][com.java.SeleniumDriver] [  820] - Datavalue is----------3
[INFO ][2015-11-18 17:56:12,760][com.java.SeleniumDriver] [  844] - DataField : XPH//button[contains(text(), 'Save')]
[INFO ][2015-11-18 17:56:12,760][com.java.SeleniumDriver] [  846] - DataValue : 3
[INFO ][2015-11-18 17:56:12,760][com.java.SeleniumDriver] [  852] - <In Set values of the page>
[INFO ][2015-11-18 17:56:12,760][com.java.SeleniumDriver] [  855] - {Data Fields & Data Values Exist}
[INFO ][2015-11-18 17:56:12,760][com.java.SeleniumDriver] [  857] - --------------------------setting values-----------------------------
[INFO ][2015-11-18 17:56:12,761][com.java.SeleniumDriver] [  860] - Action Type : waitforelement
[INFO ][2015-11-18 17:56:12,793][com.java.SeleniumDriver] [  869] -  RESULT true
[INFO ][2015-11-18 17:56:12,793][com.java.SeleniumDriver] [ 1074] - ?   P A S S   ?
[INFO ][2015-11-18 17:56:12,793][com.java.SeleniumDriver] [  796] - ------------------------------------------
[INFO ][2015-11-18 17:56:12,793][com.java.SeleniumDriver] [  797] - Test case being Executed: 6
[INFO ][2015-11-18 17:56:12,793][com.java.SeleniumDriver] [  808] - Test step:55
[INFO ][2015-11-18 17:56:12,793][com.java.SeleniumDriver] [  820] - Datavalue is----------null
[DEBUG][2015-11-18 17:56:12,794][com.java.SeleniumDriver] [  838] - Exception: null
[INFO ][2015-11-18 17:56:12,794][com.java.SeleniumDriver] [  844] - DataField : XPH//button[contains(text(), 'Save')]
[INFO ][2015-11-18 17:56:12,794][com.java.SeleniumDriver] [  846] - DataValue : 
[INFO ][2015-11-18 17:56:12,794][com.java.SeleniumDriver] [  852] - <In Set values of the page>
[INFO ][2015-11-18 17:56:12,794][com.java.SeleniumDriver] [  855] - {Data Fields & Data Values Exist}
[INFO ][2015-11-18 17:56:12,794][com.java.SeleniumDriver] [  857] - --------------------------setting values-----------------------------
[INFO ][2015-11-18 17:56:12,794][com.java.SeleniumDriver] [  860] - Action Type : ISENABLED
[INFO ][2015-11-18 17:56:12,794][com.java.TestType] [ 6648] - field= XPH//button[contains(text(), 'Save')]
[INFO ][2015-11-18 17:56:12,852][com.java.SeleniumDriver] [  869] -  RESULT true
[INFO ][2015-11-18 17:56:12,852][com.java.SeleniumDriver] [ 1074] - ?   P A S S   ?
[INFO ][2015-11-18 17:56:12,852][com.java.SeleniumDriver] [  796] - ------------------------------------------
[INFO ][2015-11-18 17:56:12,852][com.java.SeleniumDriver] [  797] - Test case being Executed: 6
[INFO ][2015-11-18 17:56:12,852][com.java.SeleniumDriver] [  808] - Test step:56
[INFO ][2015-11-18 17:56:12,852][com.java.SeleniumDriver] [  820] - Datavalue is----------null
[DEBUG][2015-11-18 17:56:12,852][com.java.SeleniumDriver] [  838] - Exception: null
[INFO ][2015-11-18 17:56:12,852][com.java.SeleniumDriver] [  844] - DataField : XPH//button[contains(text(), 'Save')]
[INFO ][2015-11-18 17:56:12,852][com.java.SeleniumDriver] [  846] - DataValue : 
[INFO ][2015-11-18 17:56:12,852][com.java.SeleniumDriver] [  852] - <In Set values of the page>
[INFO ][2015-11-18 17:56:12,852][com.java.SeleniumDriver] [  855] - {Data Fields & Data Values Exist}
[INFO ][2015-11-18 17:56:12,852][com.java.SeleniumDriver] [  857] - --------------------------setting values-----------------------------
[INFO ][2015-11-18 17:56:12,853][com.java.SeleniumDriver] [  860] - Action Type : click
[INFO ][2015-11-18 17:56:12,853][com.java.TestType] [ 4767] - Field ::XPH//button[contains(text(), 'Save')]
[INFO ][2015-11-18 17:56:13,853][com.java.TestType] [ 4826] - BEFORE CLICK
[INFO ][2015-11-18 17:56:14,659][com.java.TestType] [ 4834] - Unable to click the object save button
[INFO ][2015-11-18 17:56:14,659][com.java.SeleniumDriver] [  869] -  RESULT true
[INFO ][2015-11-18 17:56:14,659][com.java.SeleniumDriver] [ 1074] - ?   P A S S   ?
[INFO ][2015-11-18 17:56:14,659][com.java.SeleniumDriver] [  796] - ------------------------------------------
[INFO ][2015-11-18 17:56:14,659][com.java.SeleniumDriver] [  797] - Test case being Executed: 6
[INFO ][2015-11-18 17:56:14,659][com.java.SeleniumDriver] [  808] - Test step:57
[INFO ][2015-11-18 17:56:14,659][com.java.SeleniumDriver] [  820] - Datavalue is----------3
[INFO ][2015-11-18 17:56:14,659][com.java.SeleniumDriver] [  844] - DataField : XPH//a[contains(text(), 'Add Calculation')]
[INFO ][2015-11-18 17:56:14,659][com.java.SeleniumDriver] [  846] - DataValue : 3
[INFO ][2015-11-18 17:56:14,660][com.java.SeleniumDriver] [  852] - <In Set values of the page>
[INFO ][2015-11-18 17:56:14,660][com.java.SeleniumDriver] [  855] - {Data Fields & Data Values Exist}
[INFO ][2015-11-18 17:56:14,660][com.java.SeleniumDriver] [  857] - --------------------------setting values-----------------------------
[INFO ][2015-11-18 17:56:14,660][com.java.SeleniumDriver] [  860] - Action Type : waitforelement
[INFO ][2015-11-18 17:56:14,673][com.java.SeleniumDriver] [  869] -  RESULT true
[INFO ][2015-11-18 17:56:14,673][com.java.SeleniumDriver] [ 1074] - ?   P A S S   ?
[INFO ][2015-11-18 17:56:14,673][com.java.SeleniumDriver] [  796] - ------------------------------------------
[INFO ][2015-11-18 17:56:14,673][com.java.SeleniumDriver] [  797] - Test case being Executed: 6
[INFO ][2015-11-18 17:56:14,673][com.java.SeleniumDriver] [  808] - Test step:58
[INFO ][2015-11-18 17:56:14,673][com.java.SeleniumDriver] [  820] - Datavalue is----------HMVCal_Using_Precustoms
[INFO ][2015-11-18 17:56:14,673][com.java.SeleniumDriver] [  844] - DataField : MSG
[INFO ][2015-11-18 17:56:14,673][com.java.SeleniumDriver] [  846] - DataValue : HMVCal_Using_Precustoms
[INFO ][2015-11-18 17:56:14,673][com.java.SeleniumDriver] [  852] - <In Set values of the page>
[INFO ][2015-11-18 17:56:14,673][com.java.SeleniumDriver] [  855] - {Data Fields & Data Values Exist}
[INFO ][2015-11-18 17:56:14,673][com.java.SeleniumDriver] [  857] - --------------------------setting values-----------------------------
[INFO ][2015-11-18 17:56:14,673][com.java.SeleniumDriver] [  860] - Action Type : verify
[INFO ][2015-11-18 17:56:14,674][com.java.TestType] [ 5561] - field= MSG value= HMVCal_Using_Precustoms
[INFO ][2015-11-18 17:56:14,674][com.java.TestType] [ 4454] - value = A_VLTest46054
[DEBUG][2015-11-18 17:56:14,674][com.java.TestType] [ 6330] - value :: A_VLTest46054
[INFO ][2015-11-18 17:56:14,687][com.java.SeleniumDriver] [  869] -  RESULT true
[INFO ][2015-11-18 17:56:14,687][com.java.SeleniumDriver] [ 1074] - ?   P A S S   ?
[INFO ][2015-11-18 17:56:14,687][com.java.SeleniumDriver] [  796] - ------------------------------------------
[INFO ][2015-11-18 17:56:14,687][com.java.SeleniumDriver] [  797] - Test case being Executed: 6
[INFO ][2015-11-18 17:56:14,687][com.java.SeleniumDriver] [  808] - Test step:59
[INFO ][2015-11-18 17:56:14,687][com.java.SeleniumDriver] [  820] - Datavalue is----------null
[DEBUG][2015-11-18 17:56:14,687][com.java.SeleniumDriver] [  838] - Exception: null
[INFO ][2015-11-18 17:56:14,687][com.java.SeleniumDriver] [  844] - DataField : BTNparent
[INFO ][2015-11-18 17:56:14,687][com.java.SeleniumDriver] [  846] - DataValue : 
[INFO ][2015-11-18 17:56:14,687][com.java.SeleniumDriver] [  852] - <In Set values of the page>
[INFO ][2015-11-18 17:56:14,687][com.java.SeleniumDriver] [  855] - {Data Fields & Data Values Exist}
[INFO ][2015-11-18 17:56:14,687][com.java.SeleniumDriver] [  857] - --------------------------setting values-----------------------------
[INFO ][2015-11-18 17:56:14,688][com.java.SeleniumDriver] [  860] - Action Type : SELECTFRAME
[INFO ][2015-11-18 17:56:14,700][com.java.SeleniumDriver] [  869] -  RESULT true
[INFO ][2015-11-18 17:56:14,700][com.java.SeleniumDriver] [ 1074] - ?   P A S S   ?
[INFO ][2015-11-18 17:56:14,700][com.java.SeleniumDriver] [  796] - ------------------------------------------
[INFO ][2015-11-18 17:56:14,700][com.java.SeleniumDriver] [  797] - Test case being Executed: 6
[INFO ][2015-11-18 17:56:14,700][com.java.SeleniumDriver] [  808] - Test step:60
[INFO ][2015-11-18 17:56:14,700][com.java.SeleniumDriver] [  820] - Datavalue is----------CNS
[INFO ][2015-11-18 17:56:14,700][com.java.SeleniumDriver] [  844] - DataField : BNK//select[@id='bank']
[INFO ][2015-11-18 17:56:14,700][com.java.SeleniumDriver] [  846] - DataValue : CNS
[INFO ][2015-11-18 17:56:14,700][com.java.SeleniumDriver] [  852] - <In Set values of the page>
[INFO ][2015-11-18 17:56:14,700][com.java.SeleniumDriver] [  855] - {Data Fields & Data Values Exist}
[INFO ][2015-11-18 17:56:14,700][com.java.SeleniumDriver] [  857] - --------------------------setting values-----------------------------
[INFO ][2015-11-18 17:56:14,700][com.java.SeleniumDriver] [  860] - Action Type : SELECT
[INFO ][2015-11-18 17:56:14,701][com.java.TestType] [ 4454] - value = CNS
[INFO ][2015-11-18 17:56:15,419][com.java.SeleniumDriver] [  869] -  RESULT false
[INFO ][2015-11-18 17:56:15,419][com.java.SeleniumDriver] [  916] - ?   F A I L   ?
[INFO ][2015-11-18 17:56:15,419][com.java.SeleniumDriver] [  924] - Browser Type : IE10
[INFO ][2015-11-18 17:56:15,419][com.java.SeleniumDriver] [  925] - Adding Failed case6
[INFO ][2015-11-18 17:56:16,083][com.java.SeleniumDriver] [ 1038] - failedCases = 6
[ERROR][2015-11-18 17:56:16,083][com.java.SeleniumDriver] [ 1525] - Platform Errors : Our apologies...::We have encountered an issue with your request.::Our apologies?:We encountered an issue with your request.
[INFO ][2015-11-18 17:56:16,083][com.java.SeleniumDriver] [ 1529] - Length =3
[ERROR][2015-11-18 17:56:16,083][com.java.SeleniumDriver] [ 1532] - Error 0 = Our apologies...
[ERROR][2015-11-18 17:56:16,148][com.java.SeleniumDriver] [ 1532] - Error 1 = We have encountered an issue with your request.
[ERROR][2015-11-18 17:56:16,192][com.java.SeleniumDriver] [ 1532] - Error 2 = Our apologies?:We encountered an issue with your request.
[DEBUG][2015-11-18 17:56:16,247][com.java.SeleniumDriver] [ 1176] - Case found
[DEBUG][2015-11-18 17:56:16,248][com.java.SeleniumDriver] [ 1181] - Incrementing ReportCounters[0]:2
[INFO ][2015-11-18 17:56:16,248][com.java.SeleniumDriver] [ 1200] - The results are-------------------[6, 60, Add Custom Calculation, Fail, 
Test case failed at Step No. :: 60   Error Message ::  Failed to select item: Mechanics & Farmers Bank Corp, Inc & Subsidiary from //select[@id='bank']. Screen Shot : D:\BankersDashboard\TestReports\111815\6_111815_175615_IE10.png, Wed Nov 18 17:56:16 IST 2015]
[INFO ][2015-11-18 17:56:16,248][com.java.SeleniumDriver] [ 1204] - End time is-------3 min 35 sec
[INFO ][2015-11-18 17:56:16,248][com.java.SeleniumDriver] [ 1205] - The results are-------------------[6, 60, Add Custom Calculation, Fail, 
Test case failed at Step No. :: 60   Error Message ::  Failed to select item: Mechanics & Farmers Bank Corp, Inc & Subsidiary from //select[@id='bank']. Screen Shot : D:\BankersDashboard\TestReports\111815\6_111815_175615_IE10.png, Wed Nov 18 17:56:16 IST 2015]
[DEBUG][2015-11-18 17:56:16,248][com.java.ImportnExport.ExportTestResultsExcel] [  222] - testResultPath = D:\BankersDashboard/TestReports/Test Results_BankersDashBoard_111815_175243_IE10_Mechanics & Farmers Bank.xls
[DEBUG][2015-11-18 17:56:16,248][com.java.ImportnExport.ExportTestResultsExcel] [  223] - browser is------------IE10
[DEBUG][2015-11-18 17:56:16,250][com.java.ImportnExport.ExportTestResultsExcel] [  270] - result.size() = 6
[DEBUG][2015-11-18 17:56:16,250][com.java.ImportnExport.ExportTestResultsExcel] [  274] - No of rows in sheet=2
[DEBUG][2015-11-18 17:56:16,250][com.java.ImportnExport.ExportTestResultsExcel] [  301] - ..in export..6
[DEBUG][2015-11-18 17:56:16,250][com.java.ImportnExport.ExportTestResultsExcel] [  301] - ..in export..Add Custom Calculation
[DEBUG][2015-11-18 17:56:16,250][com.java.ImportnExport.ExportTestResultsExcel] [  301] - ..in export..Fail
[DEBUG][2015-11-18 17:56:16,251][com.java.ImportnExport.ExportTestResultsExcel] [  301] - ..in export..
Test case failed at Step No. :: 60   Error Message ::  Failed to select item: Mechanics & Farmers Bank Corp, Inc & Subsidiary from //select[@id='bank']. Screen Shot : D:\BankersDashboard\TestReports\111815\6_111815_175615_IE10.png
[DEBUG][2015-11-18 17:56:16,251][com.java.ImportnExport.ExportTestResultsExcel] [  301] - ..in export..Wed Nov 18 17:56:16 IST 2015
[INFO ][2015-11-18 17:56:16,252][com.java.SeleniumDriver] [ 1263] - out loop:1 size:2 TestCases:[1, 6] testcases:[1, 6]
[INFO ][2015-11-18 17:56:18,252][com.java.SeleniumDriver] [ 1306] - Total Number of Cases:2
[INFO ][2015-11-18 17:56:18,252][com.java.TemplateGenerator] [  302] - Executed:2
[INFO ][2015-11-18 17:56:18,252][com.java.TemplateGenerator] [  303] - Passed:1
[INFO ][2015-11-18 17:56:18,252][com.java.TemplateGenerator] [  304] - Failed:1
[INFO ][2015-11-18 17:56:18,252][com.java.TemplateGenerator] [  305] - Skipeed:0
[INFO ][2015-11-18 17:56:18,252][com.java.TemplateGenerator] [  306] - Application URL:https://clients-xuat.bankersdashboard.com
[INFO ][2015-11-18 17:56:18,252][com.java.TemplateGenerator] [  307] - Start Time:111815_175243
[INFO ][2015-11-18 17:56:18,252][com.java.TemplateGenerator] [  308] -  Creating HTML Report 
[ERROR][2015-11-18 17:56:18,253][com.java.TemplateGenerator] [  409] - Unparseable date: "Wed Nov 18 05:52:43 IST 2015"
[INFO ][2015-11-18 17:56:18,253][com.java.TemplateGenerator] [  654] -  Exporting case :: 1
[INFO ][2015-11-18 17:56:18,253][com.java.TemplateGenerator] [  654] -  Exporting case :: 6
[INFO ][2015-11-18 17:56:18,258][com.java.SeleniumDriver] [ 1355] - End Time:111815_175618
[INFO ][2015-11-18 17:56:18,258][com.java.SeleniumDriver] [ 1358] - Data in Test Execution Details:{1=PASS, 6=FAILTest case failed at Step No. :: 60   Error Message ::  Failed to select item: Mechanics & Farmers Bank Corp, Inc & Subsidiary from //select[@id='bank']}
[INFO ][2015-11-18 17:56:18,259][com.java.SeleniumDriver] [ 1359] - Data in Failed Execution Deatils:{}
[INFO ][2015-11-18 17:56:18,260][com.java.SeleniumDriver] [ 1361] - ReportCounter:Total:2 :: PASS: 1 ::FAIL: 1
[INFO ][2015-11-18 17:56:18,260][com.java.SeleniumDriver] [ 1362] - FailedReportCounter:Total:0 :: PASS: 0 ::FAIL: 0
[INFO ][2015-11-18 17:56:18,265][com.java.EmailTestReport] [   63] - Sending report mail details:
[INFO ][2015-11-18 17:56:18,265][com.java.EmailTestReport] [   80] - Excel Report Path:D:\BankersDashboard/TestReports/Test Results_BankersDashBoard_111815_175243_IE10_Mechanics & Farmers Bank.xls
[INFO ][2015-11-18 17:56:18,265][com.java.EmailTestReport] [   81] - HTML Report Path:D:\BankersDashboard//TestReports//Test Results_BankersDashBoard_111815_175243_IE10_Mechanics & Farmers Bank.html
[INFO ][2015-11-18 17:56:18,265][com.java.EmailTestReport] [   82] - smtpHostName:mail01.valuelabs.com
[INFO ][2015-11-18 17:56:18,265][com.java.EmailTestReport] [   83] - Recipient:venkateswararao.gubbala@valuelabs.com;
[INFO ][2015-11-18 17:56:18,265][com.java.EmailTestReport] [   84] - From:venkateswararao.gubbala@valuelabs.com;
[INFO ][2015-11-18 17:56:18,266][com.java.EmailTestReport] [   85] - Subject:Deluxe Corp Bankers Dashboard Automation Test Report - Mechanics & Farmers Bank - IE10
[INFO ][2015-11-18 17:56:18,282][com.java.EmailTestReport] [  143] -  Added venkateswararao.gubbala@valuelabs.com
[INFO ][2015-11-18 17:56:22,370][com.java.SeleniumDriver] [  719] - quitting the browser 
[INFO ][2015-11-18 17:56:24,169][com.java.SeleniumDriver] [  263] - Execution Completed Stopping the thread
