[INFO ][2015-11-09 17:19:05,401][com.java.SeleniumDriver] [  213] - Execute Failed Casesfalse
[INFO ][2015-11-09 17:19:05,409][com.java.SeleniumDriver] [  214] - Browser: IE11
[INFO ][2015-11-09 17:19:05,410][com.java.SeleniumDriver] [  215] - [1, 7]
[INFO ][2015-11-09 17:19:05,410][com.java.SeleniumDriver] [  216] - Total TestCases:2
[INFO ][2015-11-09 17:19:05,410][com.java.SeleniumDriver] [  217] -  Reading Properties from Property File 
[DEBUG][2015-11-09 17:19:05,411][com.java.SeleniumDriver] [  238] - url : https://clients-xuat.bankersdashboard.com
[INFO ][2015-11-09 17:19:05,413][com.java.ImportnExport.ExportTestResultsExcel] [  116] - Time Stamp Mon Nov 09 05:19:05 IST 2015
[INFO ][2015-11-09 17:19:05,413][com.java.ImportnExport.ExportTestResultsExcel] [  175] - OUT FILE : D:\BankersDashboard/TestReports/Test Results_BankersDashBoard_110915_171905_IE11_Simmons First National Bank.xls
[INFO ][2015-11-09 17:19:05,451][com.java.ImportnExport.ExportTestResultsExcel] [  180] - Test Result file is created
[DEBUG][2015-11-09 17:19:05,552][com.java.SeleniumDriver] [  425] - Hub ip address is-------172.17.68.34
[INFO ][2015-11-09 17:19:05,553][com.java.SeleniumDriver] [  451] - Grid URL:http://172.17.68.34:4444/wd/hub
[INFO ][2015-11-09 17:19:05,553][com.java.SeleniumDriver] [  452] - Capability:Capabilities [{platform=ANY, ensureCleanSession=true, ignoreProtectedModeSettings=true, acceptSslCerts=true, ignoreZoomSetting=true, browserName=internet explorer, browserstack.ie.noFlash=true, version=Node1}]
[ERROR][2015-11-09 17:19:06,873][com.java.SeleniumDriver] [  496] - Unable invoke browser in grid:Could not start a new session. Possible causes are invalid address of the remote server or browser start-up failure.
Build info: version: '2.48.2', revision: '41bccdd', time: '2015-10-09 19:59:12'
System info: host: 'FVTIII438F1D', ip: '172.17.68.34', os.name: 'Windows 7', os.arch: 'x86', os.version: '6.1', java.version: '1.7.0_55'
Driver info: driver.version: SeleniumDriver
[INFO ][2015-11-09 17:19:06,873][com.java.SeleniumDriver] [  498] - Executing on local machine
[INFO ][2015-11-09 17:19:16,319][com.java.SeleniumDriver] [  248] - IE11is opened
[INFO ][2015-11-09 17:19:17,154][com.java.SeleniumDriver] [  752] - Test cases to be executed are: [1, 7]
[INFO ][2015-11-09 17:19:17,154][com.java.ImportnExport.ImportTestDataDetailsExcel] [   49] - test data details path===== D:\BankersDashboard\TestInputs\TestData.xls
[INFO ][2015-11-09 17:19:28,148][com.java.SeleniumDriver] [  788] - ------------------------------------------
[INFO ][2015-11-09 17:19:28,148][com.java.SeleniumDriver] [  789] - Test case being Executed: 1
[INFO ][2015-11-09 17:19:28,158][com.java.SeleniumDriver] [  800] - Test step:1
[INFO ][2015-11-09 17:19:28,158][com.java.SeleniumDriver] [  812] - Datavalue is----------Concept#1:1-14
[INFO ][2015-11-09 17:19:28,158][com.java.SeleniumDriver] [  836] - DataField : test
[INFO ][2015-11-09 17:19:28,158][com.java.SeleniumDriver] [  838] - DataValue : Concept#1:1-14
[INFO ][2015-11-09 17:19:28,158][com.java.SeleniumDriver] [  844] - <In Set values of the page>
[INFO ][2015-11-09 17:19:28,158][com.java.SeleniumDriver] [  847] - {Data Fields & Data Values Exist}
[INFO ][2015-11-09 17:19:28,158][com.java.SeleniumDriver] [  849] - --------------------------setting values-----------------------------
[INFO ][2015-11-09 17:19:28,158][com.java.SeleniumDriver] [  852] - Action Type : ExecuteTestCase
[INFO ][2015-11-09 17:19:28,179][com.java.TestType] [  422] - The Concept sheet name is ---------- Concept
[INFO ][2015-11-09 17:19:28,189][com.java.TestType] [  425] - The Concept ID  is ---------- 1
[DEBUG][2015-11-09 17:19:28,189][com.java.TestType] [  429] - Steps being executted in the Concept are: 1:14
[INFO ][2015-11-09 17:19:28,189][com.java.TestType] [  436] - Test data details path ---------- D:\BankersDashboard\TestInputs\TestData.xls
[INFO ][2015-11-09 17:19:28,219][com.java.TestType] [  467] -  str(1) = 1
[INFO ][2015-11-09 17:19:28,219][com.java.TestType] [  470] - Test case Id is---1
[INFO ][2015-11-09 17:19:28,219][com.java.TestType] [  472] - 1
[INFO ][2015-11-09 17:19:28,219][com.java.TestType] [  467] -  str(2) = 1
[INFO ][2015-11-09 17:19:28,219][com.java.TestType] [  519] - row values are--------{1=com.java.Objects.TestDataDetails@1183515}
[INFO ][2015-11-09 17:19:28,219][com.java.TestType] [  467] -  str(1) = 1
[INFO ][2015-11-09 17:19:28,219][com.java.TestType] [  470] - Test case Id is---1
[INFO ][2015-11-09 17:19:28,219][com.java.TestType] [  472] - 1
[INFO ][2015-11-09 17:19:28,219][com.java.TestType] [  467] -  str(2) = 2
[INFO ][2015-11-09 17:19:28,219][com.java.TestType] [  519] - row values are--------{1=com.java.Objects.TestDataDetails@1183515, 2=com.java.Objects.TestDataDetails@15eb475}
[INFO ][2015-11-09 17:19:28,219][com.java.TestType] [  467] -  str(1) = 1
[INFO ][2015-11-09 17:19:28,219][com.java.TestType] [  470] - Test case Id is---1
[INFO ][2015-11-09 17:19:28,219][com.java.TestType] [  472] - 1
[INFO ][2015-11-09 17:19:28,219][com.java.TestType] [  467] -  str(2) = 3
[INFO ][2015-11-09 17:19:28,219][com.java.TestType] [  519] - row values are--------{1=com.java.Objects.TestDataDetails@1183515, 2=com.java.Objects.TestDataDetails@15eb475, 3=com.java.Objects.TestDataDetails@64cc1a}
[INFO ][2015-11-09 17:19:28,219][com.java.TestType] [  467] -  str(1) = 1
[INFO ][2015-11-09 17:19:28,219][com.java.TestType] [  470] - Test case Id is---1
[INFO ][2015-11-09 17:19:28,219][com.java.TestType] [  472] - 1
[INFO ][2015-11-09 17:19:28,219][com.java.TestType] [  467] -  str(2) = 4
[INFO ][2015-11-09 17:19:28,229][com.java.TestType] [  519] - row values are--------{1=com.java.Objects.TestDataDetails@1183515, 2=com.java.Objects.TestDataDetails@15eb475, 3=com.java.Objects.TestDataDetails@64cc1a, 4=com.java.Objects.TestDataDetails@1ba3e33}
[INFO ][2015-11-09 17:19:28,229][com.java.TestType] [  467] -  str(1) = 1
[INFO ][2015-11-09 17:19:28,229][com.java.TestType] [  470] - Test case Id is---1
[INFO ][2015-11-09 17:19:28,229][com.java.TestType] [  472] - 1
[INFO ][2015-11-09 17:19:28,229][com.java.TestType] [  467] -  str(2) = 5
[INFO ][2015-11-09 17:19:28,229][com.java.TestType] [  519] - row values are--------{1=com.java.Objects.TestDataDetails@1183515, 2=com.java.Objects.TestDataDetails@15eb475, 3=com.java.Objects.TestDataDetails@64cc1a, 4=com.java.Objects.TestDataDetails@1ba3e33, 5=com.java.Objects.TestDataDetails@142eb69}
[INFO ][2015-11-09 17:19:28,229][com.java.TestType] [  467] -  str(1) = 1
[INFO ][2015-11-09 17:19:28,229][com.java.TestType] [  470] - Test case Id is---1
[INFO ][2015-11-09 17:19:28,229][com.java.TestType] [  472] - 1
[INFO ][2015-11-09 17:19:28,229][com.java.TestType] [  467] -  str(2) = 6
[INFO ][2015-11-09 17:19:28,229][com.java.TestType] [  519] - row values are--------{1=com.java.Objects.TestDataDetails@1183515, 2=com.java.Objects.TestDataDetails@15eb475, 3=com.java.Objects.TestDataDetails@64cc1a, 4=com.java.Objects.TestDataDetails@1ba3e33, 5=com.java.Objects.TestDataDetails@142eb69, 6=com.java.Objects.TestDataDetails@10f5aca}
[INFO ][2015-11-09 17:19:28,229][com.java.TestType] [  467] -  str(1) = 1
[INFO ][2015-11-09 17:19:28,229][com.java.TestType] [  470] - Test case Id is---1
[INFO ][2015-11-09 17:19:28,229][com.java.TestType] [  472] - 1
[INFO ][2015-11-09 17:19:28,229][com.java.TestType] [  467] -  str(2) = 7
[INFO ][2015-11-09 17:19:28,229][com.java.TestType] [  519] - row values are--------{1=com.java.Objects.TestDataDetails@1183515, 2=com.java.Objects.TestDataDetails@15eb475, 3=com.java.Objects.TestDataDetails@64cc1a, 4=com.java.Objects.TestDataDetails@1ba3e33, 5=com.java.Objects.TestDataDetails@142eb69, 6=com.java.Objects.TestDataDetails@10f5aca, 7=com.java.Objects.TestDataDetails@1cade4}
[INFO ][2015-11-09 17:19:28,229][com.java.TestType] [  467] -  str(1) = 1
[INFO ][2015-11-09 17:19:28,229][com.java.TestType] [  470] - Test case Id is---1
[INFO ][2015-11-09 17:19:28,229][com.java.TestType] [  472] - 1
[INFO ][2015-11-09 17:19:28,229][com.java.TestType] [  467] -  str(2) = 8
[INFO ][2015-11-09 17:19:28,229][com.java.TestType] [  519] - row values are--------{1=com.java.Objects.TestDataDetails@1183515, 2=com.java.Objects.TestDataDetails@15eb475, 3=com.java.Objects.TestDataDetails@64cc1a, 4=com.java.Objects.TestDataDetails@1ba3e33, 5=com.java.Objects.TestDataDetails@142eb69, 6=com.java.Objects.TestDataDetails@10f5aca, 7=com.java.Objects.TestDataDetails@1cade4, 8=com.java.Objects.TestDataDetails@10ff6e0}
[INFO ][2015-11-09 17:19:28,229][com.java.TestType] [  467] -  str(1) = 1
[INFO ][2015-11-09 17:19:28,229][com.java.TestType] [  470] - Test case Id is---1
[INFO ][2015-11-09 17:19:28,229][com.java.TestType] [  472] - 1
[INFO ][2015-11-09 17:19:28,229][com.java.TestType] [  467] -  str(2) = 9
[INFO ][2015-11-09 17:19:28,229][com.java.TestType] [  519] - row values are--------{1=com.java.Objects.TestDataDetails@1183515, 2=com.java.Objects.TestDataDetails@15eb475, 3=com.java.Objects.TestDataDetails@64cc1a, 4=com.java.Objects.TestDataDetails@1ba3e33, 5=com.java.Objects.TestDataDetails@142eb69, 6=com.java.Objects.TestDataDetails@10f5aca, 7=com.java.Objects.TestDataDetails@1cade4, 8=com.java.Objects.TestDataDetails@10ff6e0, 9=com.java.Objects.TestDataDetails@1d4f42a}
[INFO ][2015-11-09 17:19:28,229][com.java.TestType] [  467] -  str(1) = 1
[INFO ][2015-11-09 17:19:28,229][com.java.TestType] [  470] - Test case Id is---1
[INFO ][2015-11-09 17:19:28,229][com.java.TestType] [  472] - 1
[INFO ][2015-11-09 17:19:28,229][com.java.TestType] [  467] -  str(2) = 10
[INFO ][2015-11-09 17:19:28,229][com.java.TestType] [  519] - row values are--------{1=com.java.Objects.TestDataDetails@1183515, 2=com.java.Objects.TestDataDetails@15eb475, 3=com.java.Objects.TestDataDetails@64cc1a, 4=com.java.Objects.TestDataDetails@1ba3e33, 5=com.java.Objects.TestDataDetails@142eb69, 6=com.java.Objects.TestDataDetails@10f5aca, 7=com.java.Objects.TestDataDetails@1cade4, 8=com.java.Objects.TestDataDetails@10ff6e0, 9=com.java.Objects.TestDataDetails@1d4f42a, 10=com.java.Objects.TestDataDetails@174859}
[INFO ][2015-11-09 17:19:28,239][com.java.TestType] [  467] -  str(1) = 1
[INFO ][2015-11-09 17:19:28,239][com.java.TestType] [  470] - Test case Id is---1
[INFO ][2015-11-09 17:19:28,239][com.java.TestType] [  472] - 1
[INFO ][2015-11-09 17:19:28,239][com.java.TestType] [  467] -  str(2) = 11
[INFO ][2015-11-09 17:19:28,239][com.java.TestType] [  519] - row values are--------{1=com.java.Objects.TestDataDetails@1183515, 2=com.java.Objects.TestDataDetails@15eb475, 3=com.java.Objects.TestDataDetails@64cc1a, 4=com.java.Objects.TestDataDetails@1ba3e33, 5=com.java.Objects.TestDataDetails@142eb69, 6=com.java.Objects.TestDataDetails@10f5aca, 7=com.java.Objects.TestDataDetails@1cade4, 8=com.java.Objects.TestDataDetails@10ff6e0, 9=com.java.Objects.TestDataDetails@1d4f42a, 10=com.java.Objects.TestDataDetails@174859, 11=com.java.Objects.TestDataDetails@f82888}
[INFO ][2015-11-09 17:19:28,239][com.java.TestType] [  467] -  str(1) = 1
[INFO ][2015-11-09 17:19:28,239][com.java.TestType] [  470] - Test case Id is---1
[INFO ][2015-11-09 17:19:28,239][com.java.TestType] [  472] - 1
[INFO ][2015-11-09 17:19:28,239][com.java.TestType] [  467] -  str(2) = 12
[INFO ][2015-11-09 17:19:28,239][com.java.TestType] [  519] - row values are--------{1=com.java.Objects.TestDataDetails@1183515, 2=com.java.Objects.TestDataDetails@15eb475, 3=com.java.Objects.TestDataDetails@64cc1a, 4=com.java.Objects.TestDataDetails@1ba3e33, 5=com.java.Objects.TestDataDetails@142eb69, 6=com.java.Objects.TestDataDetails@10f5aca, 7=com.java.Objects.TestDataDetails@1cade4, 8=com.java.Objects.TestDataDetails@10ff6e0, 9=com.java.Objects.TestDataDetails@1d4f42a, 10=com.java.Objects.TestDataDetails@174859, 11=com.java.Objects.TestDataDetails@f82888, 12=com.java.Objects.TestDataDetails@11d900d}
[INFO ][2015-11-09 17:19:28,239][com.java.TestType] [  467] -  str(1) = 1
[INFO ][2015-11-09 17:19:28,239][com.java.TestType] [  470] - Test case Id is---1
[INFO ][2015-11-09 17:19:28,239][com.java.TestType] [  472] - 1
[INFO ][2015-11-09 17:19:28,239][com.java.TestType] [  467] -  str(2) = 13
[INFO ][2015-11-09 17:19:28,239][com.java.TestType] [  519] - row values are--------{1=com.java.Objects.TestDataDetails@1183515, 2=com.java.Objects.TestDataDetails@15eb475, 3=com.java.Objects.TestDataDetails@64cc1a, 4=com.java.Objects.TestDataDetails@1ba3e33, 5=com.java.Objects.TestDataDetails@142eb69, 6=com.java.Objects.TestDataDetails@10f5aca, 7=com.java.Objects.TestDataDetails@1cade4, 8=com.java.Objects.TestDataDetails@10ff6e0, 9=com.java.Objects.TestDataDetails@1d4f42a, 10=com.java.Objects.TestDataDetails@174859, 11=com.java.Objects.TestDataDetails@f82888, 12=com.java.Objects.TestDataDetails@11d900d, 13=com.java.Objects.TestDataDetails@a22be9}
[INFO ][2015-11-09 17:19:28,239][com.java.TestType] [  467] -  str(1) = 1
[INFO ][2015-11-09 17:19:28,239][com.java.TestType] [  470] - Test case Id is---1
[INFO ][2015-11-09 17:19:28,239][com.java.TestType] [  472] - 1
[INFO ][2015-11-09 17:19:28,239][com.java.TestType] [  467] -  str(2) = 14
[INFO ][2015-11-09 17:19:28,239][com.java.TestType] [  519] - row values are--------{1=com.java.Objects.TestDataDetails@1183515, 2=com.java.Objects.TestDataDetails@15eb475, 3=com.java.Objects.TestDataDetails@64cc1a, 4=com.java.Objects.TestDataDetails@1ba3e33, 5=com.java.Objects.TestDataDetails@142eb69, 6=com.java.Objects.TestDataDetails@10f5aca, 7=com.java.Objects.TestDataDetails@1cade4, 8=com.java.Objects.TestDataDetails@10ff6e0, 9=com.java.Objects.TestDataDetails@1d4f42a, 10=com.java.Objects.TestDataDetails@174859, 11=com.java.Objects.TestDataDetails@f82888, 12=com.java.Objects.TestDataDetails@11d900d, 13=com.java.Objects.TestDataDetails@a22be9, 14=com.java.Objects.TestDataDetails@13115ab}
[INFO ][2015-11-09 17:19:28,239][com.java.TestType] [ 8258] - Looping 1TCID = 1
[DEBUG][2015-11-09 17:19:28,239][com.java.TestType] [ 8299] - Concept ID:1 :: Step being Executed: 1::1
[INFO ][2015-11-09 17:19:28,239][com.java.TestType] [ 8337] - dataFields : TXTusername
[DEBUG][2015-11-09 17:19:28,239][com.java.TestType] [ 8343] - <In Set values of the page>
[DEBUG][2015-11-09 17:19:28,239][com.java.TestType] [ 8348] - {Data Fields & Data Values Exist}
[INFO ][2015-11-09 17:19:28,239][com.java.TestType] [ 8354] - --------------------------setting values-----------------------------
[INFO ][2015-11-09 17:19:28,239][com.java.TestType] [ 8357] - Action Type : CLEARANDENTER
[INFO ][2015-11-09 17:19:28,239][com.java.TestType] [ 4108] - value = valuelabs.ie11.03890
[INFO ][2015-11-09 17:19:33,139][com.java.TestType] [ 8376] -  RESULT true
[INFO ][2015-11-09 17:19:33,139][com.java.TestType] [ 8493] - ?   P A S S   ?
[DEBUG][2015-11-09 17:19:33,139][com.java.TestType] [ 8299] - Concept ID:1 :: Step being Executed: 1::2
[INFO ][2015-11-09 17:19:33,139][com.java.TestType] [ 8337] - dataFields : TXTpassword
[DEBUG][2015-11-09 17:19:33,139][com.java.TestType] [ 8343] - <In Set values of the page>
[DEBUG][2015-11-09 17:19:33,139][com.java.TestType] [ 8348] - {Data Fields & Data Values Exist}
[INFO ][2015-11-09 17:19:33,139][com.java.TestType] [ 8354] - --------------------------setting values-----------------------------
[INFO ][2015-11-09 17:19:33,139][com.java.TestType] [ 8357] - Action Type : CLEARANDENTER
[INFO ][2015-11-09 17:19:33,139][com.java.TestType] [ 4108] - value = Password1*
[INFO ][2015-11-09 17:19:38,126][com.java.TestType] [ 8376] -  RESULT true
[INFO ][2015-11-09 17:19:38,126][com.java.TestType] [ 8493] - ?   P A S S   ?
[DEBUG][2015-11-09 17:19:38,126][com.java.TestType] [ 8299] - Concept ID:1 :: Step being Executed: 1::3
[ERROR][2015-11-09 17:19:38,126][com.java.TestType] [ 8332] - Exception: null
[INFO ][2015-11-09 17:19:38,126][com.java.TestType] [ 8337] - dataFields : XPH//button[@type='submit']
[DEBUG][2015-11-09 17:19:38,126][com.java.TestType] [ 8343] - <In Set values of the page>
[DEBUG][2015-11-09 17:19:38,126][com.java.TestType] [ 8348] - {Data Fields & Data Values Exist}
[INFO ][2015-11-09 17:19:38,126][com.java.TestType] [ 8354] - --------------------------setting values-----------------------------
[INFO ][2015-11-09 17:19:38,126][com.java.TestType] [ 8357] - Action Type : Click
[INFO ][2015-11-09 17:19:38,126][com.java.TestType] [ 4421] - Field ::XPH//button[@type='submit']
[INFO ][2015-11-09 17:19:39,126][com.java.TestType] [ 4480] - BEFORE CLICK
[INFO ][2015-11-09 17:19:39,988][com.java.TestType] [ 4488] - Unable to click the object Login
[INFO ][2015-11-09 17:19:39,988][com.java.TestType] [ 8376] -  RESULT true
[INFO ][2015-11-09 17:19:39,988][com.java.TestType] [ 8493] - ?   P A S S   ?
[DEBUG][2015-11-09 17:19:39,988][com.java.TestType] [ 8299] - Concept ID:1 :: Step being Executed: 1::4
[INFO ][2015-11-09 17:19:39,988][com.java.TestType] [ 8337] - dataFields : LNKLogout
[DEBUG][2015-11-09 17:19:39,988][com.java.TestType] [ 8343] - <In Set values of the page>
[DEBUG][2015-11-09 17:19:39,988][com.java.TestType] [ 8348] - {Data Fields & Data Values Exist}
[INFO ][2015-11-09 17:19:39,988][com.java.TestType] [ 8354] - --------------------------setting values-----------------------------
[INFO ][2015-11-09 17:19:39,988][com.java.TestType] [ 8357] - Action Type : WaitForElement
[INFO ][2015-11-09 17:19:54,671][com.java.TestType] [ 8376] -  RESULT true
[INFO ][2015-11-09 17:19:54,671][com.java.TestType] [ 8493] - ?   P A S S   ?
[DEBUG][2015-11-09 17:19:54,671][com.java.TestType] [ 8299] - Concept ID:1 :: Step being Executed: 1::13
[INFO ][2015-11-09 17:19:54,671][com.java.TestType] [ 8337] - dataFields : LNK
[DEBUG][2015-11-09 17:19:54,671][com.java.TestType] [ 8343] - <In Set values of the page>
[DEBUG][2015-11-09 17:19:54,671][com.java.TestType] [ 8348] - {Data Fields & Data Values Exist}
[INFO ][2015-11-09 17:19:54,671][com.java.TestType] [ 8354] - --------------------------setting values-----------------------------
[INFO ][2015-11-09 17:19:54,671][com.java.TestType] [ 8357] - Action Type : Verify
[INFO ][2015-11-09 17:19:54,671][com.java.TestType] [ 5234] - field= LNK value= Logout
[INFO ][2015-11-09 17:19:54,671][com.java.TestType] [ 4108] - value = Logout
[INFO ][2015-11-09 17:19:54,712][com.java.TestType] [ 8376] -  RESULT true
[INFO ][2015-11-09 17:19:54,712][com.java.TestType] [ 8493] - ?   P A S S   ?
[DEBUG][2015-11-09 17:19:54,712][com.java.TestType] [ 8299] - Concept ID:1 :: Step being Executed: 1::14
[INFO ][2015-11-09 17:19:54,712][com.java.TestType] [ 8337] - dataFields : BTN
[DEBUG][2015-11-09 17:19:54,712][com.java.TestType] [ 8343] - <In Set values of the page>
[DEBUG][2015-11-09 17:19:54,712][com.java.TestType] [ 8348] - {Data Fields & Data Values Exist}
[INFO ][2015-11-09 17:19:54,712][com.java.TestType] [ 8354] - --------------------------setting values-----------------------------
[INFO ][2015-11-09 17:19:54,712][com.java.TestType] [ 8357] - Action Type : Verify
[INFO ][2015-11-09 17:19:54,712][com.java.TestType] [ 5234] - field= BTN value= //img[contains(@src,'bdlogo.jpg')]
[INFO ][2015-11-09 17:19:54,712][com.java.TestType] [ 4108] - value = //img[contains(@src,'bdlogo.jpg')]
[INFO ][2015-11-09 17:19:54,752][com.java.TestType] [ 8376] -  RESULT true
[INFO ][2015-11-09 17:19:54,752][com.java.TestType] [ 8493] - ?   P A S S   ?
[INFO ][2015-11-09 17:19:54,752][com.java.TestType] [ 8564] - Looping End......
[INFO ][2015-11-09 17:19:54,752][com.java.SeleniumDriver] [  861] -  RESULT true
[INFO ][2015-11-09 17:19:54,752][com.java.SeleniumDriver] [ 1066] - ?   P A S S   ?
[INFO ][2015-11-09 17:19:54,752][com.java.SeleniumDriver] [  788] - ------------------------------------------
[INFO ][2015-11-09 17:19:54,752][com.java.SeleniumDriver] [  789] - Test case being Executed: 1
[INFO ][2015-11-09 17:19:54,752][com.java.SeleniumDriver] [  800] - Test step:2
[INFO ][2015-11-09 17:19:54,752][com.java.SeleniumDriver] [  812] - Datavalue is----------Concept#2:1-2
[INFO ][2015-11-09 17:19:54,752][com.java.SeleniumDriver] [  836] - DataField : test
[INFO ][2015-11-09 17:19:54,752][com.java.SeleniumDriver] [  838] - DataValue : Concept#2:1-2
[INFO ][2015-11-09 17:19:54,752][com.java.SeleniumDriver] [  844] - <In Set values of the page>
[INFO ][2015-11-09 17:19:54,752][com.java.SeleniumDriver] [  847] - {Data Fields & Data Values Exist}
[INFO ][2015-11-09 17:19:54,752][com.java.SeleniumDriver] [  849] - --------------------------setting values-----------------------------
[INFO ][2015-11-09 17:19:54,752][com.java.SeleniumDriver] [  852] - Action Type : ExecuteTestCase
[INFO ][2015-11-09 17:19:54,752][com.java.TestType] [  422] - The Concept sheet name is ---------- Concept
[INFO ][2015-11-09 17:19:54,752][com.java.TestType] [  425] - The Concept ID  is ---------- 2
[DEBUG][2015-11-09 17:19:54,752][com.java.TestType] [  429] - Steps being executted in the Concept are: 1:2
[INFO ][2015-11-09 17:19:54,752][com.java.TestType] [  436] - Test data details path ---------- D:\BankersDashboard\TestInputs\TestData.xls
[INFO ][2015-11-09 17:19:54,792][com.java.TestType] [  467] -  str(1) = 2
[INFO ][2015-11-09 17:19:54,792][com.java.TestType] [  470] - Test case Id is---2
[INFO ][2015-11-09 17:19:54,792][com.java.TestType] [  472] - 2
[INFO ][2015-11-09 17:19:54,792][com.java.TestType] [  467] -  str(2) = 1
[INFO ][2015-11-09 17:19:54,792][com.java.TestType] [  519] - row values are--------{1=com.java.Objects.TestDataDetails@a5061b}
[INFO ][2015-11-09 17:19:54,792][com.java.TestType] [  467] -  str(1) = 2
[INFO ][2015-11-09 17:19:54,792][com.java.TestType] [  470] - Test case Id is---2
[INFO ][2015-11-09 17:19:54,792][com.java.TestType] [  472] - 2
[INFO ][2015-11-09 17:19:54,792][com.java.TestType] [  467] -  str(2) = 2
[INFO ][2015-11-09 17:19:54,792][com.java.TestType] [  519] - row values are--------{1=com.java.Objects.TestDataDetails@a5061b, 2=com.java.Objects.TestDataDetails@e5e544}
[INFO ][2015-11-09 17:19:54,792][com.java.TestType] [  467] -  str(1) = 2
[INFO ][2015-11-09 17:19:54,792][com.java.TestType] [  470] - Test case Id is---2
[INFO ][2015-11-09 17:19:54,792][com.java.TestType] [  472] - 2
[INFO ][2015-11-09 17:19:54,792][com.java.TestType] [  467] -  str(2) = 3
[INFO ][2015-11-09 17:19:54,792][com.java.TestType] [  519] - row values are--------{1=com.java.Objects.TestDataDetails@a5061b, 2=com.java.Objects.TestDataDetails@e5e544, 3=com.java.Objects.TestDataDetails@1a31248}
[INFO ][2015-11-09 17:19:54,792][com.java.TestType] [ 8258] - Looping 1TCID = 2
[DEBUG][2015-11-09 17:19:54,792][com.java.TestType] [ 8299] - Concept ID:2 :: Step being Executed: 2::1
[INFO ][2015-11-09 17:19:54,792][com.java.TestType] [ 8337] - dataFields : BNK//select[@id='bank']
[DEBUG][2015-11-09 17:19:54,792][com.java.TestType] [ 8343] - <In Set values of the page>
[DEBUG][2015-11-09 17:19:54,792][com.java.TestType] [ 8348] - {Data Fields & Data Values Exist}
[INFO ][2015-11-09 17:19:54,792][com.java.TestType] [ 8354] - --------------------------setting values-----------------------------
[INFO ][2015-11-09 17:19:54,792][com.java.TestType] [ 8357] - Action Type : Select
[INFO ][2015-11-09 17:19:54,792][com.java.TestType] [ 4108] - value = PFC
[INFO ][2015-11-09 17:19:54,982][com.java.TestType] [ 8376] -  RESULT true
[INFO ][2015-11-09 17:19:54,982][com.java.TestType] [ 8493] - ?   P A S S   ?
[DEBUG][2015-11-09 17:19:54,982][com.java.TestType] [ 8299] - Concept ID:2 :: Step being Executed: 2::2
[INFO ][2015-11-09 17:19:54,982][com.java.TestType] [ 8337] - dataFields : LNKLogout
[DEBUG][2015-11-09 17:19:54,982][com.java.TestType] [ 8343] - <In Set values of the page>
[DEBUG][2015-11-09 17:19:54,982][com.java.TestType] [ 8348] - {Data Fields & Data Values Exist}
[INFO ][2015-11-09 17:19:54,982][com.java.TestType] [ 8354] - --------------------------setting values-----------------------------
[INFO ][2015-11-09 17:19:54,982][com.java.TestType] [ 8357] - Action Type : WaitTime
[DEBUG][2015-11-09 17:19:54,982][com.java.TestType] [ 3943] - sleepTime: 5000
[INFO ][2015-11-09 17:19:59,987][com.java.TestType] [ 8376] -  RESULT true
[INFO ][2015-11-09 17:19:59,987][com.java.TestType] [ 8493] - ?   P A S S   ?
[INFO ][2015-11-09 17:19:59,987][com.java.TestType] [ 8564] - Looping End......
[INFO ][2015-11-09 17:19:59,987][com.java.SeleniumDriver] [  861] -  RESULT true
[INFO ][2015-11-09 17:19:59,987][com.java.SeleniumDriver] [ 1066] - ?   P A S S   ?
[INFO ][2015-11-09 17:19:59,987][com.java.SeleniumDriver] [  788] - ------------------------------------------
[INFO ][2015-11-09 17:19:59,987][com.java.SeleniumDriver] [  789] - Test case being Executed: 1
[INFO ][2015-11-09 17:19:59,987][com.java.SeleniumDriver] [  800] - Test step:3
[INFO ][2015-11-09 17:19:59,987][com.java.SeleniumDriver] [  812] - Datavalue is----------2
[INFO ][2015-11-09 17:19:59,987][com.java.SeleniumDriver] [  836] - DataField : XPH//button[contains(text(),'Add Content')]
[INFO ][2015-11-09 17:19:59,987][com.java.SeleniumDriver] [  838] - DataValue : 2
[INFO ][2015-11-09 17:19:59,987][com.java.SeleniumDriver] [  844] - <In Set values of the page>
[INFO ][2015-11-09 17:19:59,987][com.java.SeleniumDriver] [  847] - {Data Fields & Data Values Exist}
[INFO ][2015-11-09 17:19:59,987][com.java.SeleniumDriver] [  849] - --------------------------setting values-----------------------------
[INFO ][2015-11-09 17:19:59,987][com.java.SeleniumDriver] [  852] - Action Type : WAITFORELEMENT
[INFO ][2015-11-09 17:20:00,028][com.java.SeleniumDriver] [  861] -  RESULT true
[INFO ][2015-11-09 17:20:00,028][com.java.SeleniumDriver] [ 1066] - ?   P A S S   ?
[DEBUG][2015-11-09 17:20:00,028][com.java.SeleniumDriver] [ 1168] - Case found
[DEBUG][2015-11-09 17:20:00,028][com.java.SeleniumDriver] [ 1173] - Incrementing ReportCounters[0]:1
[INFO ][2015-11-09 17:20:00,028][com.java.SeleniumDriver] [ 1192] - The results are-------------------[1, 1, Valid Login, Pass, , Mon Nov 09 17:19:54 IST 2015, 1, 2, Valid Login, Pass, , Mon Nov 09 17:19:59 IST 2015, 1, 3, Valid Login, Pass, , Mon Nov 09 17:20:00 IST 2015]
[INFO ][2015-11-09 17:20:00,028][com.java.SeleniumDriver] [ 1196] - End time is-------56 sec
[INFO ][2015-11-09 17:20:00,028][com.java.SeleniumDriver] [ 1197] - The results are-------------------[1, 1, Valid Login, Pass, , Mon Nov 09 17:19:54 IST 2015, 1, 2, Valid Login, Pass, , Mon Nov 09 17:19:59 IST 2015, 1, 3, Valid Login, Pass, , Mon Nov 09 17:20:00 IST 2015]
[DEBUG][2015-11-09 17:20:00,028][com.java.ImportnExport.ExportTestResultsExcel] [  222] - testResultPath = D:\BankersDashboard/TestReports/Test Results_BankersDashBoard_110915_171905_IE11_Simmons First National Bank.xls
[DEBUG][2015-11-09 17:20:00,028][com.java.ImportnExport.ExportTestResultsExcel] [  223] - browser is------------IE11
[DEBUG][2015-11-09 17:20:00,068][com.java.ImportnExport.ExportTestResultsExcel] [  270] - result.size() = 18
[DEBUG][2015-11-09 17:20:00,068][com.java.ImportnExport.ExportTestResultsExcel] [  274] - No of rows in sheet=1
[DEBUG][2015-11-09 17:20:00,068][com.java.ImportnExport.ExportTestResultsExcel] [  301] - ..in export..1
[DEBUG][2015-11-09 17:20:00,068][com.java.ImportnExport.ExportTestResultsExcel] [  301] - ..in export..Valid Login
[DEBUG][2015-11-09 17:20:00,068][com.java.ImportnExport.ExportTestResultsExcel] [  301] - ..in export..Pass
[DEBUG][2015-11-09 17:20:00,068][com.java.ImportnExport.ExportTestResultsExcel] [  301] - ..in export..
[DEBUG][2015-11-09 17:20:00,068][com.java.ImportnExport.ExportTestResultsExcel] [  301] - ..in export..Mon Nov 09 17:19:54 IST 2015
[INFO ][2015-11-09 17:20:00,068][com.java.SeleniumDriver] [ 1255] - out loop:0 size:2 TestCases:[1, 7] testcases:[1, 7]
[INFO ][2015-11-09 17:20:00,068][com.java.ImportnExport.ImportTestDataDetailsExcel] [   49] - test data details path===== D:\BankersDashboard\TestInputs\TestData.xls
[INFO ][2015-11-09 17:20:53,193][com.java.SeleniumDriver] [  788] - ------------------------------------------
[INFO ][2015-11-09 17:20:53,193][com.java.SeleniumDriver] [  789] - Test case being Executed: 7
[INFO ][2015-11-09 17:20:53,193][com.java.SeleniumDriver] [  800] - Test step:1
[INFO ][2015-11-09 17:20:53,193][com.java.SeleniumDriver] [  812] - Datavalue is----------Logout
[INFO ][2015-11-09 17:20:53,193][com.java.SeleniumDriver] [  836] - DataField : BTN
[INFO ][2015-11-09 17:20:53,193][com.java.SeleniumDriver] [  838] - DataValue : Logout
[INFO ][2015-11-09 17:20:53,193][com.java.SeleniumDriver] [  844] - <In Set values of the page>
[INFO ][2015-11-09 17:20:53,193][com.java.SeleniumDriver] [  847] - {Data Fields & Data Values Exist}
[INFO ][2015-11-09 17:20:53,193][com.java.SeleniumDriver] [  849] - --------------------------setting values-----------------------------
[INFO ][2015-11-09 17:20:53,193][com.java.SeleniumDriver] [  852] - Action Type : Verify
[INFO ][2015-11-09 17:20:53,193][com.java.TestType] [ 5234] - field= BTN value= Logout
[INFO ][2015-11-09 17:20:53,193][com.java.TestType] [ 4108] - value = Logout
[INFO ][2015-11-09 17:20:53,234][com.java.SeleniumDriver] [  861] -  RESULT true
[INFO ][2015-11-09 17:20:53,234][com.java.SeleniumDriver] [ 1066] - ?   P A S S   ?
[INFO ][2015-11-09 17:20:53,234][com.java.SeleniumDriver] [ 1108] - step change to 3
[INFO ][2015-11-09 17:20:53,234][com.java.SeleniumDriver] [  788] - ------------------------------------------
[INFO ][2015-11-09 17:20:53,234][com.java.SeleniumDriver] [  789] - Test case being Executed: 7
[INFO ][2015-11-09 17:20:53,234][com.java.SeleniumDriver] [  800] - Test step:3
[INFO ][2015-11-09 17:20:53,234][com.java.SeleniumDriver] [  812] - Datavalue is----------Concept#2:1-2
[INFO ][2015-11-09 17:20:53,234][com.java.SeleniumDriver] [  836] - DataField : test
[INFO ][2015-11-09 17:20:53,234][com.java.SeleniumDriver] [  838] - DataValue : Concept#2:1-2
[INFO ][2015-11-09 17:20:53,234][com.java.SeleniumDriver] [  844] - <In Set values of the page>
[INFO ][2015-11-09 17:20:53,234][com.java.SeleniumDriver] [  847] - {Data Fields & Data Values Exist}
[INFO ][2015-11-09 17:20:53,234][com.java.SeleniumDriver] [  849] - --------------------------setting values-----------------------------
[INFO ][2015-11-09 17:20:53,234][com.java.SeleniumDriver] [  852] - Action Type : ExecuteTestCase
[INFO ][2015-11-09 17:20:53,234][com.java.TestType] [  422] - The Concept sheet name is ---------- Concept
[INFO ][2015-11-09 17:20:53,234][com.java.TestType] [  425] - The Concept ID  is ---------- 2
[DEBUG][2015-11-09 17:20:53,234][com.java.TestType] [  429] - Steps being executted in the Concept are: 1:2
[INFO ][2015-11-09 17:20:53,234][com.java.TestType] [  436] - Test data details path ---------- D:\BankersDashboard\TestInputs\TestData.xls
[INFO ][2015-11-09 17:20:53,264][com.java.TestType] [  467] -  str(1) = 2
[INFO ][2015-11-09 17:20:53,264][com.java.TestType] [  470] - Test case Id is---2
[INFO ][2015-11-09 17:20:53,264][com.java.TestType] [  472] - 2
[INFO ][2015-11-09 17:20:53,264][com.java.TestType] [  467] -  str(2) = 1
[INFO ][2015-11-09 17:20:53,264][com.java.TestType] [  519] - row values are--------{1=com.java.Objects.TestDataDetails@dcb5eb}
[INFO ][2015-11-09 17:20:53,264][com.java.TestType] [  467] -  str(1) = 2
[INFO ][2015-11-09 17:20:53,264][com.java.TestType] [  470] - Test case Id is---2
[INFO ][2015-11-09 17:20:53,264][com.java.TestType] [  472] - 2
[INFO ][2015-11-09 17:20:53,264][com.java.TestType] [  467] -  str(2) = 2
[INFO ][2015-11-09 17:20:53,264][com.java.TestType] [  519] - row values are--------{1=com.java.Objects.TestDataDetails@dcb5eb, 2=com.java.Objects.TestDataDetails@b059ce}
[INFO ][2015-11-09 17:20:53,264][com.java.TestType] [  467] -  str(1) = 2
[INFO ][2015-11-09 17:20:53,264][com.java.TestType] [  470] - Test case Id is---2
[INFO ][2015-11-09 17:20:53,264][com.java.TestType] [  472] - 2
[INFO ][2015-11-09 17:20:53,264][com.java.TestType] [  467] -  str(2) = 3
[INFO ][2015-11-09 17:20:53,264][com.java.TestType] [  519] - row values are--------{1=com.java.Objects.TestDataDetails@dcb5eb, 2=com.java.Objects.TestDataDetails@b059ce, 3=com.java.Objects.TestDataDetails@4af1f4}
[INFO ][2015-11-09 17:20:53,264][com.java.TestType] [ 8258] - Looping 1TCID = 2
[DEBUG][2015-11-09 17:20:53,264][com.java.TestType] [ 8299] - Concept ID:2 :: Step being Executed: 2::1
[INFO ][2015-11-09 17:20:53,264][com.java.TestType] [ 8337] - dataFields : BNK//select[@id='bank']
[DEBUG][2015-11-09 17:20:53,264][com.java.TestType] [ 8343] - <In Set values of the page>
[DEBUG][2015-11-09 17:20:53,264][com.java.TestType] [ 8348] - {Data Fields & Data Values Exist}
[INFO ][2015-11-09 17:20:53,264][com.java.TestType] [ 8354] - --------------------------setting values-----------------------------
[INFO ][2015-11-09 17:20:53,264][com.java.TestType] [ 8357] - Action Type : Select
[INFO ][2015-11-09 17:20:53,264][com.java.TestType] [ 4108] - value = PFC
[INFO ][2015-11-09 17:20:53,464][com.java.TestType] [ 8376] -  RESULT true
[INFO ][2015-11-09 17:20:53,464][com.java.TestType] [ 8493] - ?   P A S S   ?
[DEBUG][2015-11-09 17:20:53,464][com.java.TestType] [ 8299] - Concept ID:2 :: Step being Executed: 2::2
[INFO ][2015-11-09 17:20:53,464][com.java.TestType] [ 8337] - dataFields : LNKLogout
[DEBUG][2015-11-09 17:20:53,464][com.java.TestType] [ 8343] - <In Set values of the page>
[DEBUG][2015-11-09 17:20:53,464][com.java.TestType] [ 8348] - {Data Fields & Data Values Exist}
[INFO ][2015-11-09 17:20:53,464][com.java.TestType] [ 8354] - --------------------------setting values-----------------------------
[INFO ][2015-11-09 17:20:53,464][com.java.TestType] [ 8357] - Action Type : WaitTime
[DEBUG][2015-11-09 17:20:53,464][com.java.TestType] [ 3943] - sleepTime: 5000
[INFO ][2015-11-09 17:20:58,464][com.java.TestType] [ 8376] -  RESULT true
[INFO ][2015-11-09 17:20:58,464][com.java.TestType] [ 8493] - ?   P A S S   ?
[INFO ][2015-11-09 17:20:58,464][com.java.TestType] [ 8564] - Looping End......
[INFO ][2015-11-09 17:20:58,464][com.java.SeleniumDriver] [  861] -  RESULT true
[INFO ][2015-11-09 17:20:58,464][com.java.SeleniumDriver] [ 1066] - ?   P A S S   ?
[INFO ][2015-11-09 17:20:58,464][com.java.SeleniumDriver] [  788] - ------------------------------------------
[INFO ][2015-11-09 17:20:58,464][com.java.SeleniumDriver] [  789] - Test case being Executed: 7
[INFO ][2015-11-09 17:20:58,464][com.java.SeleniumDriver] [  800] - Test step:4
[INFO ][2015-11-09 17:20:58,464][com.java.SeleniumDriver] [  812] - Datavalue is----------null
[DEBUG][2015-11-09 17:20:58,464][com.java.SeleniumDriver] [  830] - Exception: null
[INFO ][2015-11-09 17:20:58,464][com.java.SeleniumDriver] [  836] - DataField : //span[@class='icon-user4']&&//a[text()='Users']&&//a[@data-id="ModifyUsers"]
[INFO ][2015-11-09 17:20:58,464][com.java.SeleniumDriver] [  838] - DataValue : 
[INFO ][2015-11-09 17:20:58,464][com.java.SeleniumDriver] [  844] - <In Set values of the page>
[INFO ][2015-11-09 17:20:58,464][com.java.SeleniumDriver] [  847] - {Data Fields & Data Values Exist}
[INFO ][2015-11-09 17:20:58,464][com.java.SeleniumDriver] [  849] - --------------------------setting values-----------------------------
[INFO ][2015-11-09 17:20:58,464][com.java.SeleniumDriver] [  852] - Action Type : MouseOver
[INFO ][2015-11-09 17:21:25,936][com.java.SeleniumDriver] [  861] -  RESULT true
[INFO ][2015-11-09 17:21:25,936][com.java.SeleniumDriver] [ 1066] - ?   P A S S   ?
[INFO ][2015-11-09 17:21:25,936][com.java.SeleniumDriver] [  788] - ------------------------------------------
[INFO ][2015-11-09 17:21:25,936][com.java.SeleniumDriver] [  789] - Test case being Executed: 7
[INFO ][2015-11-09 17:21:25,936][com.java.SeleniumDriver] [  800] - Test step:5
[INFO ][2015-11-09 17:21:25,936][com.java.SeleniumDriver] [  812] - Datavalue is----------2
[INFO ][2015-11-09 17:21:25,936][com.java.SeleniumDriver] [  836] - DataField : BTNframeDialogContent
[INFO ][2015-11-09 17:21:25,936][com.java.SeleniumDriver] [  838] - DataValue : 2
[INFO ][2015-11-09 17:21:25,936][com.java.SeleniumDriver] [  844] - <In Set values of the page>
[INFO ][2015-11-09 17:21:25,936][com.java.SeleniumDriver] [  847] - {Data Fields & Data Values Exist}
[INFO ][2015-11-09 17:21:25,936][com.java.SeleniumDriver] [  849] - --------------------------setting values-----------------------------
[INFO ][2015-11-09 17:21:25,936][com.java.SeleniumDriver] [  852] - Action Type : WaitForElement
[INFO ][2015-11-09 17:21:27,146][com.java.SeleniumDriver] [  861] -  RESULT true
[INFO ][2015-11-09 17:21:27,146][com.java.SeleniumDriver] [ 1066] - ?   P A S S   ?
[INFO ][2015-11-09 17:21:27,146][com.java.SeleniumDriver] [  788] - ------------------------------------------
[INFO ][2015-11-09 17:21:27,146][com.java.SeleniumDriver] [  789] - Test case being Executed: 7
[INFO ][2015-11-09 17:21:27,146][com.java.SeleniumDriver] [  800] - Test step:6
[INFO ][2015-11-09 17:21:27,146][com.java.SeleniumDriver] [  812] - Datavalue is----------null
[DEBUG][2015-11-09 17:21:27,146][com.java.SeleniumDriver] [  830] - Exception: null
[INFO ][2015-11-09 17:21:27,146][com.java.SeleniumDriver] [  836] - DataField : BTNframeDialogContent
[INFO ][2015-11-09 17:21:27,146][com.java.SeleniumDriver] [  838] - DataValue : 
[INFO ][2015-11-09 17:21:27,146][com.java.SeleniumDriver] [  844] - <In Set values of the page>
[INFO ][2015-11-09 17:21:27,146][com.java.SeleniumDriver] [  847] - {Data Fields & Data Values Exist}
[INFO ][2015-11-09 17:21:27,146][com.java.SeleniumDriver] [  849] - --------------------------setting values-----------------------------
[INFO ][2015-11-09 17:21:27,146][com.java.SeleniumDriver] [  852] - Action Type : SelectFrame
[INFO ][2015-11-09 17:21:28,398][com.java.SeleniumDriver] [  861] -  RESULT true
[INFO ][2015-11-09 17:21:28,398][com.java.SeleniumDriver] [ 1066] - ?   P A S S   ?
[INFO ][2015-11-09 17:21:28,398][com.java.SeleniumDriver] [  788] - ------------------------------------------
[INFO ][2015-11-09 17:21:28,398][com.java.SeleniumDriver] [  789] - Test case being Executed: 7
[INFO ][2015-11-09 17:21:28,398][com.java.SeleniumDriver] [  800] - Test step:7
[INFO ][2015-11-09 17:21:28,398][com.java.SeleniumDriver] [  812] - Datavalue is----------2
[INFO ][2015-11-09 17:21:28,398][com.java.SeleniumDriver] [  836] - DataField : BTNbtnAddUser
[INFO ][2015-11-09 17:21:28,398][com.java.SeleniumDriver] [  838] - DataValue : 2
[INFO ][2015-11-09 17:21:28,398][com.java.SeleniumDriver] [  844] - <In Set values of the page>
[INFO ][2015-11-09 17:21:28,398][com.java.SeleniumDriver] [  847] - {Data Fields & Data Values Exist}
[INFO ][2015-11-09 17:21:28,398][com.java.SeleniumDriver] [  849] - --------------------------setting values-----------------------------
[INFO ][2015-11-09 17:21:28,398][com.java.SeleniumDriver] [  852] - Action Type : WaitForElement
[INFO ][2015-11-09 17:21:30,228][com.java.SeleniumDriver] [  861] -  RESULT true
[INFO ][2015-11-09 17:21:30,228][com.java.SeleniumDriver] [ 1066] - ?   P A S S   ?
[INFO ][2015-11-09 17:21:30,228][com.java.SeleniumDriver] [  788] - ------------------------------------------
[INFO ][2015-11-09 17:21:30,228][com.java.SeleniumDriver] [  789] - Test case being Executed: 7
[INFO ][2015-11-09 17:21:30,228][com.java.SeleniumDriver] [  800] - Test step:8
[INFO ][2015-11-09 17:21:30,228][com.java.SeleniumDriver] [  812] - Datavalue is----------null
[DEBUG][2015-11-09 17:21:30,228][com.java.SeleniumDriver] [  830] - Exception: null
[INFO ][2015-11-09 17:21:30,228][com.java.SeleniumDriver] [  836] - DataField : BTNbtnAddUser
[INFO ][2015-11-09 17:21:30,228][com.java.SeleniumDriver] [  838] - DataValue : 
[INFO ][2015-11-09 17:21:30,228][com.java.SeleniumDriver] [  844] - <In Set values of the page>
[INFO ][2015-11-09 17:21:30,228][com.java.SeleniumDriver] [  847] - {Data Fields & Data Values Exist}
[INFO ][2015-11-09 17:21:30,228][com.java.SeleniumDriver] [  849] - --------------------------setting values-----------------------------
[INFO ][2015-11-09 17:21:30,228][com.java.SeleniumDriver] [  852] - Action Type : Click
[INFO ][2015-11-09 17:21:30,228][com.java.TestType] [ 4421] - Field ::BTNbtnAddUser
[INFO ][2015-11-09 17:21:31,229][com.java.TestType] [ 4459] - BEFORE CLICK
[INFO ][2015-11-09 17:21:33,220][com.java.TestType] [ 4466] - Unable to click the object Add user button
[INFO ][2015-11-09 17:21:33,220][com.java.SeleniumDriver] [  861] -  RESULT true
[INFO ][2015-11-09 17:21:33,220][com.java.SeleniumDriver] [ 1066] - ?   P A S S   ?
[INFO ][2015-11-09 17:21:33,220][com.java.SeleniumDriver] [  788] - ------------------------------------------
[INFO ][2015-11-09 17:21:33,220][com.java.SeleniumDriver] [  789] - Test case being Executed: 7
[INFO ][2015-11-09 17:21:33,220][com.java.SeleniumDriver] [  800] - Test step:9
[INFO ][2015-11-09 17:21:33,220][com.java.SeleniumDriver] [  812] - Datavalue is----------2
[INFO ][2015-11-09 17:21:33,220][com.java.SeleniumDriver] [  836] - DataField : BTNtxtUserName
[INFO ][2015-11-09 17:21:33,220][com.java.SeleniumDriver] [  838] - DataValue : 2
[INFO ][2015-11-09 17:21:33,220][com.java.SeleniumDriver] [  844] - <In Set values of the page>
[INFO ][2015-11-09 17:21:33,220][com.java.SeleniumDriver] [  847] - {Data Fields & Data Values Exist}
[INFO ][2015-11-09 17:21:33,220][com.java.SeleniumDriver] [  849] - --------------------------setting values-----------------------------
[INFO ][2015-11-09 17:21:33,220][com.java.SeleniumDriver] [  852] - Action Type : WaitForElement
[INFO ][2015-11-09 17:21:41,918][com.java.SeleniumDriver] [  861] -  RESULT true
[INFO ][2015-11-09 17:21:41,918][com.java.SeleniumDriver] [ 1066] - ?   P A S S   ?
[INFO ][2015-11-09 17:21:41,918][com.java.SeleniumDriver] [  788] - ------------------------------------------
[INFO ][2015-11-09 17:21:41,918][com.java.SeleniumDriver] [  789] - Test case being Executed: 7
[INFO ][2015-11-09 17:21:41,918][com.java.SeleniumDriver] [  800] - Test step:10
[INFO ][2015-11-09 17:21:41,918][com.java.SeleniumDriver] [  812] - Datavalue is----------dt:NewUserName
[INFO ][2015-11-09 17:21:41,918][com.java.SeleniumDriver] [  836] - DataField : TXTtxtUserName
[INFO ][2015-11-09 17:21:41,918][com.java.SeleniumDriver] [  838] - DataValue : dt:NewUserName
[INFO ][2015-11-09 17:21:41,918][com.java.SeleniumDriver] [  844] - <In Set values of the page>
[INFO ][2015-11-09 17:21:41,918][com.java.SeleniumDriver] [  847] - {Data Fields & Data Values Exist}
[INFO ][2015-11-09 17:21:41,918][com.java.SeleniumDriver] [  849] - --------------------------setting values-----------------------------
[INFO ][2015-11-09 17:21:41,918][com.java.SeleniumDriver] [  852] - Action Type : Enter
[INFO ][2015-11-09 17:21:41,918][com.java.TestType] [ 4741] - field = txtUserName
[INFO ][2015-11-09 17:21:41,918][com.java.TestType] [ 4108] - value = vltest.robot
[INFO ][2015-11-09 17:21:44,701][com.java.SeleniumDriver] [  861] -  RESULT true
[INFO ][2015-11-09 17:21:44,701][com.java.SeleniumDriver] [ 1066] - ?   P A S S   ?
[INFO ][2015-11-09 17:21:44,701][com.java.SeleniumDriver] [  788] - ------------------------------------------
[INFO ][2015-11-09 17:21:44,701][com.java.SeleniumDriver] [  789] - Test case being Executed: 7
[INFO ][2015-11-09 17:21:44,701][com.java.SeleniumDriver] [  800] - Test step:11
[INFO ][2015-11-09 17:21:44,701][com.java.SeleniumDriver] [  812] - Datavalue is----------VLTest
[INFO ][2015-11-09 17:21:44,701][com.java.SeleniumDriver] [  836] - DataField : TXTtxtFirstName
[INFO ][2015-11-09 17:21:44,701][com.java.SeleniumDriver] [  838] - DataValue : VLTest
[INFO ][2015-11-09 17:21:44,701][com.java.SeleniumDriver] [  844] - <In Set values of the page>
[INFO ][2015-11-09 17:21:44,701][com.java.SeleniumDriver] [  847] - {Data Fields & Data Values Exist}
[INFO ][2015-11-09 17:21:44,701][com.java.SeleniumDriver] [  849] - --------------------------setting values-----------------------------
[INFO ][2015-11-09 17:21:44,701][com.java.SeleniumDriver] [  852] - Action Type : Enter
[INFO ][2015-11-09 17:21:44,701][com.java.TestType] [ 4741] - field = txtFirstName
[INFO ][2015-11-09 17:21:44,701][com.java.TestType] [ 4108] - value = VLTest
[INFO ][2015-11-09 17:21:47,763][com.java.SeleniumDriver] [  861] -  RESULT true
[INFO ][2015-11-09 17:21:47,763][com.java.SeleniumDriver] [ 1066] - ?   P A S S   ?
[INFO ][2015-11-09 17:21:47,763][com.java.SeleniumDriver] [  788] - ------------------------------------------
[INFO ][2015-11-09 17:21:47,763][com.java.SeleniumDriver] [  789] - Test case being Executed: 7
[INFO ][2015-11-09 17:21:47,763][com.java.SeleniumDriver] [  800] - Test step:12
[INFO ][2015-11-09 17:21:47,763][com.java.SeleniumDriver] [  812] - Datavalue is----------Robot
[INFO ][2015-11-09 17:21:47,763][com.java.SeleniumDriver] [  836] - DataField : TXTtxtLastName
[INFO ][2015-11-09 17:21:47,763][com.java.SeleniumDriver] [  838] - DataValue : Robot
[INFO ][2015-11-09 17:21:47,763][com.java.SeleniumDriver] [  844] - <In Set values of the page>
[INFO ][2015-11-09 17:21:47,763][com.java.SeleniumDriver] [  847] - {Data Fields & Data Values Exist}
[INFO ][2015-11-09 17:21:47,763][com.java.SeleniumDriver] [  849] - --------------------------setting values-----------------------------
[INFO ][2015-11-09 17:21:47,763][com.java.SeleniumDriver] [  852] - Action Type : Enter
[INFO ][2015-11-09 17:21:47,763][com.java.TestType] [ 4741] - field = txtLastName
[INFO ][2015-11-09 17:21:47,763][com.java.TestType] [ 4108] - value = Robot
[INFO ][2015-11-09 17:21:50,585][com.java.SeleniumDriver] [  861] -  RESULT true
[INFO ][2015-11-09 17:21:50,585][com.java.SeleniumDriver] [ 1066] - ?   P A S S   ?
[INFO ][2015-11-09 17:21:50,585][com.java.SeleniumDriver] [  788] - ------------------------------------------
[INFO ][2015-11-09 17:21:50,585][com.java.SeleniumDriver] [  789] - Test case being Executed: 7
[INFO ][2015-11-09 17:21:50,585][com.java.SeleniumDriver] [  800] - Test step:13
[INFO ][2015-11-09 17:21:50,585][com.java.SeleniumDriver] [  812] - Datavalue is----------ValueLabs
[INFO ][2015-11-09 17:21:50,585][com.java.SeleniumDriver] [  836] - DataField : TXTtxtCompany
[INFO ][2015-11-09 17:21:50,585][com.java.SeleniumDriver] [  838] - DataValue : ValueLabs
[INFO ][2015-11-09 17:21:50,585][com.java.SeleniumDriver] [  844] - <In Set values of the page>
[INFO ][2015-11-09 17:21:50,585][com.java.SeleniumDriver] [  847] - {Data Fields & Data Values Exist}
[INFO ][2015-11-09 17:21:50,585][com.java.SeleniumDriver] [  849] - --------------------------setting values-----------------------------
[INFO ][2015-11-09 17:21:50,585][com.java.SeleniumDriver] [  852] - Action Type : Enter
[INFO ][2015-11-09 17:21:50,585][com.java.TestType] [ 4741] - field = txtCompany
[INFO ][2015-11-09 17:21:50,585][com.java.TestType] [ 4108] - value = ValueLabs
[INFO ][2015-11-09 17:21:53,577][com.java.SeleniumDriver] [  861] -  RESULT true
[INFO ][2015-11-09 17:21:53,577][com.java.SeleniumDriver] [ 1066] - ?   P A S S   ?
[INFO ][2015-11-09 17:21:53,577][com.java.SeleniumDriver] [  788] - ------------------------------------------
[INFO ][2015-11-09 17:21:53,577][com.java.SeleniumDriver] [  789] - Test case being Executed: 7
[INFO ][2015-11-09 17:21:53,577][com.java.SeleniumDriver] [  800] - Test step:14
[INFO ][2015-11-09 17:21:53,577][com.java.SeleniumDriver] [  812] - Datavalue is----------India
[INFO ][2015-11-09 17:21:53,577][com.java.SeleniumDriver] [  836] - DataField : TXTtxtLocation
[INFO ][2015-11-09 17:21:53,577][com.java.SeleniumDriver] [  838] - DataValue : India
[INFO ][2015-11-09 17:21:53,577][com.java.SeleniumDriver] [  844] - <In Set values of the page>
[INFO ][2015-11-09 17:21:53,577][com.java.SeleniumDriver] [  847] - {Data Fields & Data Values Exist}
[INFO ][2015-11-09 17:21:53,577][com.java.SeleniumDriver] [  849] - --------------------------setting values-----------------------------
[INFO ][2015-11-09 17:21:53,577][com.java.SeleniumDriver] [  852] - Action Type : Enter
[INFO ][2015-11-09 17:21:53,577][com.java.TestType] [ 4741] - field = txtLocation
[INFO ][2015-11-09 17:21:53,577][com.java.TestType] [ 4108] - value = India
[INFO ][2015-11-09 17:21:56,399][com.java.SeleniumDriver] [  861] -  RESULT true
[INFO ][2015-11-09 17:21:56,399][com.java.SeleniumDriver] [ 1066] - ?   P A S S   ?
[INFO ][2015-11-09 17:21:56,399][com.java.SeleniumDriver] [  788] - ------------------------------------------
[INFO ][2015-11-09 17:21:56,399][com.java.SeleniumDriver] [  789] - Test case being Executed: 7
[INFO ][2015-11-09 17:21:56,399][com.java.SeleniumDriver] [  800] - Test step:15
[INFO ][2015-11-09 17:21:56,399][com.java.SeleniumDriver] [  812] - Datavalue is----------vltest.robot@valuelabs.com
[INFO ][2015-11-09 17:21:56,399][com.java.SeleniumDriver] [  836] - DataField : TXTtxtEMail
[INFO ][2015-11-09 17:21:56,399][com.java.SeleniumDriver] [  838] - DataValue : vltest.robot@valuelabs.com
[INFO ][2015-11-09 17:21:56,399][com.java.SeleniumDriver] [  844] - <In Set values of the page>
[INFO ][2015-11-09 17:21:56,399][com.java.SeleniumDriver] [  847] - {Data Fields & Data Values Exist}
[INFO ][2015-11-09 17:21:56,399][com.java.SeleniumDriver] [  849] - --------------------------setting values-----------------------------
[INFO ][2015-11-09 17:21:56,399][com.java.SeleniumDriver] [  852] - Action Type : Enter
[INFO ][2015-11-09 17:21:56,399][com.java.TestType] [ 4741] - field = txtEMail
[INFO ][2015-11-09 17:21:56,399][com.java.TestType] [ 4108] - value = vltest.robot@valuelabs.com
[INFO ][2015-11-09 17:21:59,451][com.java.SeleniumDriver] [  861] -  RESULT true
[INFO ][2015-11-09 17:21:59,451][com.java.SeleniumDriver] [ 1066] - ?   P A S S   ?
[INFO ][2015-11-09 17:21:59,451][com.java.SeleniumDriver] [  788] - ------------------------------------------
[INFO ][2015-11-09 17:21:59,451][com.java.SeleniumDriver] [  789] - Test case being Executed: 7
[INFO ][2015-11-09 17:21:59,451][com.java.SeleniumDriver] [  800] - Test step:16
[INFO ][2015-11-09 17:21:59,451][com.java.SeleniumDriver] [  812] - Datavalue is----------12345678901
[INFO ][2015-11-09 17:21:59,451][com.java.SeleniumDriver] [  836] - DataField : TXTtxtPhone
[INFO ][2015-11-09 17:21:59,451][com.java.SeleniumDriver] [  838] - DataValue : 12345678901
[INFO ][2015-11-09 17:21:59,451][com.java.SeleniumDriver] [  844] - <In Set values of the page>
[INFO ][2015-11-09 17:21:59,451][com.java.SeleniumDriver] [  847] - {Data Fields & Data Values Exist}
[INFO ][2015-11-09 17:21:59,451][com.java.SeleniumDriver] [  849] - --------------------------setting values-----------------------------
[INFO ][2015-11-09 17:21:59,451][com.java.SeleniumDriver] [  852] - Action Type : Enter
[INFO ][2015-11-09 17:21:59,451][com.java.TestType] [ 4741] - field = txtPhone
[INFO ][2015-11-09 17:21:59,451][com.java.TestType] [ 4108] - value = 12345678901
[INFO ][2015-11-09 17:22:02,243][com.java.SeleniumDriver] [  861] -  RESULT true
[INFO ][2015-11-09 17:22:02,243][com.java.SeleniumDriver] [ 1066] - ?   P A S S   ?
[INFO ][2015-11-09 17:22:02,243][com.java.SeleniumDriver] [  788] - ------------------------------------------
[INFO ][2015-11-09 17:22:02,243][com.java.SeleniumDriver] [  789] - Test case being Executed: 7
[INFO ][2015-11-09 17:22:02,243][com.java.SeleniumDriver] [  800] - Test step:17
[INFO ][2015-11-09 17:22:02,243][com.java.SeleniumDriver] [  812] - Datavalue is----------dt:NewUserPswd
[INFO ][2015-11-09 17:22:02,243][com.java.SeleniumDriver] [  836] - DataField : TXTtxtPassword
[INFO ][2015-11-09 17:22:02,243][com.java.SeleniumDriver] [  838] - DataValue : dt:NewUserPswd
[INFO ][2015-11-09 17:22:02,243][com.java.SeleniumDriver] [  844] - <In Set values of the page>
[INFO ][2015-11-09 17:22:02,243][com.java.SeleniumDriver] [  847] - {Data Fields & Data Values Exist}
[INFO ][2015-11-09 17:22:02,243][com.java.SeleniumDriver] [  849] - --------------------------setting values-----------------------------
[INFO ][2015-11-09 17:22:02,243][com.java.SeleniumDriver] [  852] - Action Type : Enter
[INFO ][2015-11-09 17:22:02,243][com.java.TestType] [ 4741] - field = txtPassword
[INFO ][2015-11-09 17:22:02,243][com.java.TestType] [ 4108] - value = Password1*
[INFO ][2015-11-09 17:22:05,256][com.java.SeleniumDriver] [  861] -  RESULT true
[INFO ][2015-11-09 17:22:05,256][com.java.SeleniumDriver] [ 1066] - ?   P A S S   ?
[INFO ][2015-11-09 17:22:05,256][com.java.SeleniumDriver] [  788] - ------------------------------------------
[INFO ][2015-11-09 17:22:05,256][com.java.SeleniumDriver] [  789] - Test case being Executed: 7
[INFO ][2015-11-09 17:22:05,256][com.java.SeleniumDriver] [  800] - Test step:18
[INFO ][2015-11-09 17:22:05,256][com.java.SeleniumDriver] [  812] - Datavalue is----------dt:NewUserPswd
[INFO ][2015-11-09 17:22:05,256][com.java.SeleniumDriver] [  836] - DataField : TXTtxtPasswordConfirm
[INFO ][2015-11-09 17:22:05,256][com.java.SeleniumDriver] [  838] - DataValue : dt:NewUserPswd
[INFO ][2015-11-09 17:22:05,256][com.java.SeleniumDriver] [  844] - <In Set values of the page>
[INFO ][2015-11-09 17:22:05,256][com.java.SeleniumDriver] [  847] - {Data Fields & Data Values Exist}
[INFO ][2015-11-09 17:22:05,256][com.java.SeleniumDriver] [  849] - --------------------------setting values-----------------------------
[INFO ][2015-11-09 17:22:05,256][com.java.SeleniumDriver] [  852] - Action Type : Enter
[INFO ][2015-11-09 17:22:05,256][com.java.TestType] [ 4741] - field = txtPasswordConfirm
[INFO ][2015-11-09 17:22:05,256][com.java.TestType] [ 4108] - value = Password1*
[INFO ][2015-11-09 17:22:08,238][com.java.SeleniumDriver] [  861] -  RESULT true
[INFO ][2015-11-09 17:22:08,238][com.java.SeleniumDriver] [ 1066] - ?   P A S S   ?
[INFO ][2015-11-09 17:22:08,238][com.java.SeleniumDriver] [  788] - ------------------------------------------
[INFO ][2015-11-09 17:22:08,238][com.java.SeleniumDriver] [  789] - Test case being Executed: 7
[INFO ][2015-11-09 17:22:08,238][com.java.SeleniumDriver] [  800] - Test step:19
[INFO ][2015-11-09 17:22:08,238][com.java.SeleniumDriver] [  812] - Datavalue is----------null
[DEBUG][2015-11-09 17:22:08,238][com.java.SeleniumDriver] [  830] - Exception: null
[INFO ][2015-11-09 17:22:08,238][com.java.SeleniumDriver] [  836] - DataField : BTNparent
[INFO ][2015-11-09 17:22:08,238][com.java.SeleniumDriver] [  838] - DataValue : 
[INFO ][2015-11-09 17:22:08,238][com.java.SeleniumDriver] [  844] - <In Set values of the page>
[INFO ][2015-11-09 17:22:08,238][com.java.SeleniumDriver] [  847] - {Data Fields & Data Values Exist}
[INFO ][2015-11-09 17:22:08,238][com.java.SeleniumDriver] [  849] - --------------------------setting values-----------------------------
[INFO ][2015-11-09 17:22:08,238][com.java.SeleniumDriver] [  852] - Action Type : SelectFrame
[INFO ][2015-11-09 17:22:08,248][com.java.SeleniumDriver] [  861] -  RESULT true
[INFO ][2015-11-09 17:22:08,248][com.java.SeleniumDriver] [ 1066] - ?   P A S S   ?
[INFO ][2015-11-09 17:22:08,248][com.java.SeleniumDriver] [  788] - ------------------------------------------
[INFO ][2015-11-09 17:22:08,248][com.java.SeleniumDriver] [  789] - Test case being Executed: 7
[INFO ][2015-11-09 17:22:08,248][com.java.SeleniumDriver] [  800] - Test step:20
[INFO ][2015-11-09 17:22:08,248][com.java.SeleniumDriver] [  812] - Datavalue is----------5
[INFO ][2015-11-09 17:22:08,248][com.java.SeleniumDriver] [  836] - DataField : test
[INFO ][2015-11-09 17:22:08,248][com.java.SeleniumDriver] [  838] - DataValue : 5
[INFO ][2015-11-09 17:22:08,248][com.java.SeleniumDriver] [  844] - <In Set values of the page>
[INFO ][2015-11-09 17:22:08,248][com.java.SeleniumDriver] [  847] - {Data Fields & Data Values Exist}
[INFO ][2015-11-09 17:22:08,248][com.java.SeleniumDriver] [  849] - --------------------------setting values-----------------------------
[INFO ][2015-11-09 17:22:08,248][com.java.SeleniumDriver] [  852] - Action Type : WaitTime
[DEBUG][2015-11-09 17:22:08,248][com.java.TestType] [ 3943] - sleepTime: 5000
[INFO ][2015-11-09 17:22:13,250][com.java.SeleniumDriver] [  861] -  RESULT true
[INFO ][2015-11-09 17:22:13,250][com.java.SeleniumDriver] [ 1066] - ?   P A S S   ?
[INFO ][2015-11-09 17:22:13,250][com.java.SeleniumDriver] [  788] - ------------------------------------------
[INFO ][2015-11-09 17:22:13,250][com.java.SeleniumDriver] [  789] - Test case being Executed: 7
[INFO ][2015-11-09 17:22:13,250][com.java.SeleniumDriver] [  800] - Test step:21
[INFO ][2015-11-09 17:22:13,250][com.java.SeleniumDriver] [  812] - Datavalue is----------null
[DEBUG][2015-11-09 17:22:13,250][com.java.SeleniumDriver] [  830] - Exception: null
[INFO ][2015-11-09 17:22:13,250][com.java.SeleniumDriver] [  836] - DataField : XPH//span[contains(text(), 'Finished')]
[INFO ][2015-11-09 17:22:13,250][com.java.SeleniumDriver] [  838] - DataValue : 
[INFO ][2015-11-09 17:22:13,250][com.java.SeleniumDriver] [  844] - <In Set values of the page>
[INFO ][2015-11-09 17:22:13,250][com.java.SeleniumDriver] [  847] - {Data Fields & Data Values Exist}
[INFO ][2015-11-09 17:22:13,250][com.java.SeleniumDriver] [  849] - --------------------------setting values-----------------------------
[INFO ][2015-11-09 17:22:13,250][com.java.SeleniumDriver] [  852] - Action Type : Click
[INFO ][2015-11-09 17:22:13,250][com.java.TestType] [ 4421] - Field ::XPH//span[contains(text(), 'Finished')]
[INFO ][2015-11-09 17:22:14,251][com.java.TestType] [ 4480] - BEFORE CLICK
[INFO ][2015-11-09 17:22:15,251][com.java.TestType] [ 4488] - Unable to click the object Finished button
[INFO ][2015-11-09 17:22:15,251][com.java.SeleniumDriver] [  861] -  RESULT true
[INFO ][2015-11-09 17:22:15,251][com.java.SeleniumDriver] [ 1066] - ?   P A S S   ?
[INFO ][2015-11-09 17:22:15,251][com.java.SeleniumDriver] [  788] - ------------------------------------------
[INFO ][2015-11-09 17:22:15,251][com.java.SeleniumDriver] [  789] - Test case being Executed: 7
[INFO ][2015-11-09 17:22:15,251][com.java.SeleniumDriver] [  800] - Test step:22
[INFO ][2015-11-09 17:22:15,251][com.java.SeleniumDriver] [  812] - Datavalue is----------null
[DEBUG][2015-11-09 17:22:15,251][com.java.SeleniumDriver] [  830] - Exception: null
[INFO ][2015-11-09 17:22:15,251][com.java.SeleniumDriver] [  836] - DataField : XPH//span[contains(text(), 'Finished')]
[INFO ][2015-11-09 17:22:15,251][com.java.SeleniumDriver] [  838] - DataValue : 
[INFO ][2015-11-09 17:22:15,251][com.java.SeleniumDriver] [  844] - <In Set values of the page>
[INFO ][2015-11-09 17:22:15,251][com.java.SeleniumDriver] [  847] - {Data Fields & Data Values Exist}
[INFO ][2015-11-09 17:22:15,251][com.java.SeleniumDriver] [  849] - --------------------------setting values-----------------------------
[INFO ][2015-11-09 17:22:15,251][com.java.SeleniumDriver] [  852] - Action Type : WaitForElement
[INFO ][2015-11-09 17:22:15,892][com.java.SeleniumDriver] [  861] -  RESULT true
[INFO ][2015-11-09 17:22:15,892][com.java.SeleniumDriver] [ 1066] - ?   P A S S   ?
[INFO ][2015-11-09 17:22:15,892][com.java.SeleniumDriver] [  788] - ------------------------------------------
[INFO ][2015-11-09 17:22:15,892][com.java.SeleniumDriver] [  789] - Test case being Executed: 7
[INFO ][2015-11-09 17:22:15,892][com.java.SeleniumDriver] [  800] - Test step:23
[INFO ][2015-11-09 17:22:15,892][com.java.SeleniumDriver] [  812] - Datavalue is----------null
[DEBUG][2015-11-09 17:22:15,892][com.java.SeleniumDriver] [  830] - Exception: null
[INFO ][2015-11-09 17:22:15,892][com.java.SeleniumDriver] [  836] - DataField : BTNframeDialogContent
[INFO ][2015-11-09 17:22:15,892][com.java.SeleniumDriver] [  838] - DataValue : 
[INFO ][2015-11-09 17:22:15,892][com.java.SeleniumDriver] [  844] - <In Set values of the page>
[INFO ][2015-11-09 17:22:15,892][com.java.SeleniumDriver] [  847] - {Data Fields & Data Values Exist}
[INFO ][2015-11-09 17:22:15,892][com.java.SeleniumDriver] [  849] - --------------------------setting values-----------------------------
[INFO ][2015-11-09 17:22:15,892][com.java.SeleniumDriver] [  852] - Action Type : SelectFrame
[INFO ][2015-11-09 17:22:17,173][com.java.SeleniumDriver] [  861] -  RESULT true
[INFO ][2015-11-09 17:22:17,173][com.java.SeleniumDriver] [ 1066] - ?   P A S S   ?
[INFO ][2015-11-09 17:22:17,173][com.java.SeleniumDriver] [  788] - ------------------------------------------
[INFO ][2015-11-09 17:22:17,173][com.java.SeleniumDriver] [  789] - Test case being Executed: 7
[INFO ][2015-11-09 17:22:17,173][com.java.SeleniumDriver] [  800] - Test step:24
[INFO ][2015-11-09 17:22:17,173][com.java.SeleniumDriver] [  812] - Datavalue is----------null
[DEBUG][2015-11-09 17:22:17,173][com.java.SeleniumDriver] [  830] - Exception: null
[INFO ][2015-11-09 17:22:17,173][com.java.SeleniumDriver] [  836] - DataField : BTNchkGlobalPrivsUserAdmin
[INFO ][2015-11-09 17:22:17,173][com.java.SeleniumDriver] [  838] - DataValue : 
[INFO ][2015-11-09 17:22:17,173][com.java.SeleniumDriver] [  844] - <In Set values of the page>
[INFO ][2015-11-09 17:22:17,173][com.java.SeleniumDriver] [  847] - {Data Fields & Data Values Exist}
[INFO ][2015-11-09 17:22:17,173][com.java.SeleniumDriver] [  849] - --------------------------setting values-----------------------------
[INFO ][2015-11-09 17:22:17,173][com.java.SeleniumDriver] [  852] - Action Type : Click
[INFO ][2015-11-09 17:22:17,173][com.java.TestType] [ 4421] - Field ::BTNchkGlobalPrivsUserAdmin
[INFO ][2015-11-09 17:22:18,173][com.java.TestType] [ 4459] - BEFORE CLICK
[INFO ][2015-11-09 17:22:19,494][com.java.TestType] [ 4466] - Unable to click the object User Admin check box
[INFO ][2015-11-09 17:22:19,494][com.java.SeleniumDriver] [  861] -  RESULT true
[INFO ][2015-11-09 17:22:19,494][com.java.SeleniumDriver] [ 1066] - ?   P A S S   ?
[INFO ][2015-11-09 17:22:19,494][com.java.SeleniumDriver] [  788] - ------------------------------------------
[INFO ][2015-11-09 17:22:19,494][com.java.SeleniumDriver] [  789] - Test case being Executed: 7
[INFO ][2015-11-09 17:22:19,494][com.java.SeleniumDriver] [  800] - Test step:25
[INFO ][2015-11-09 17:22:19,494][com.java.SeleniumDriver] [  812] - Datavalue is----------null
[DEBUG][2015-11-09 17:22:19,494][com.java.SeleniumDriver] [  830] - Exception: null
[INFO ][2015-11-09 17:22:19,494][com.java.SeleniumDriver] [  836] - DataField : BTNrdoEnableEntity_Enable
[INFO ][2015-11-09 17:22:19,494][com.java.SeleniumDriver] [  838] - DataValue : 
[INFO ][2015-11-09 17:22:19,494][com.java.SeleniumDriver] [  844] - <In Set values of the page>
[INFO ][2015-11-09 17:22:19,494][com.java.SeleniumDriver] [  847] - {Data Fields & Data Values Exist}
[INFO ][2015-11-09 17:22:19,494][com.java.SeleniumDriver] [  849] - --------------------------setting values-----------------------------
[INFO ][2015-11-09 17:22:19,494][com.java.SeleniumDriver] [  852] - Action Type : Click
[INFO ][2015-11-09 17:22:19,494][com.java.TestType] [ 4421] - Field ::BTNrdoEnableEntity_Enable
[INFO ][2015-11-09 17:22:20,494][com.java.TestType] [ 4459] - BEFORE CLICK
[INFO ][2015-11-09 17:22:21,825][com.java.TestType] [ 4466] - Unable to click the object Enable radio button
[INFO ][2015-11-09 17:22:21,825][com.java.SeleniumDriver] [  861] -  RESULT true
[INFO ][2015-11-09 17:22:21,825][com.java.SeleniumDriver] [ 1066] - ?   P A S S   ?
[INFO ][2015-11-09 17:22:21,825][com.java.SeleniumDriver] [  788] - ------------------------------------------
[INFO ][2015-11-09 17:22:21,825][com.java.SeleniumDriver] [  789] - Test case being Executed: 7
[INFO ][2015-11-09 17:22:21,825][com.java.SeleniumDriver] [  800] - Test step:26
[INFO ][2015-11-09 17:22:21,825][com.java.SeleniumDriver] [  812] - Datavalue is----------null
[DEBUG][2015-11-09 17:22:21,825][com.java.SeleniumDriver] [  830] - Exception: null
[INFO ][2015-11-09 17:22:21,825][com.java.SeleniumDriver] [  836] - DataField : BTNchkProfitCenterAll
[INFO ][2015-11-09 17:22:21,825][com.java.SeleniumDriver] [  838] - DataValue : 
[INFO ][2015-11-09 17:22:21,825][com.java.SeleniumDriver] [  844] - <In Set values of the page>
[INFO ][2015-11-09 17:22:21,825][com.java.SeleniumDriver] [  847] - {Data Fields & Data Values Exist}
[INFO ][2015-11-09 17:22:21,825][com.java.SeleniumDriver] [  849] - --------------------------setting values-----------------------------
[INFO ][2015-11-09 17:22:21,825][com.java.SeleniumDriver] [  852] - Action Type : Click
[INFO ][2015-11-09 17:22:21,825][com.java.TestType] [ 4421] - Field ::BTNchkProfitCenterAll
[INFO ][2015-11-09 17:22:22,825][com.java.TestType] [ 4459] - BEFORE CLICK
[INFO ][2015-11-09 17:22:24,136][com.java.TestType] [ 4466] - Unable to click the object All Check box
[INFO ][2015-11-09 17:22:24,136][com.java.SeleniumDriver] [  861] -  RESULT true
[INFO ][2015-11-09 17:22:24,136][com.java.SeleniumDriver] [ 1066] - ?   P A S S   ?
[INFO ][2015-11-09 17:22:24,136][com.java.SeleniumDriver] [  788] - ------------------------------------------
[INFO ][2015-11-09 17:22:24,136][com.java.SeleniumDriver] [  789] - Test case being Executed: 7
[INFO ][2015-11-09 17:22:24,136][com.java.SeleniumDriver] [  800] - Test step:27
[INFO ][2015-11-09 17:22:24,136][com.java.SeleniumDriver] [  812] - Datavalue is----------null
[DEBUG][2015-11-09 17:22:24,136][com.java.SeleniumDriver] [  830] - Exception: null
[INFO ][2015-11-09 17:22:24,136][com.java.SeleniumDriver] [  836] - DataField : BTNchkPrivsAccessGL
[INFO ][2015-11-09 17:22:24,136][com.java.SeleniumDriver] [  838] - DataValue : 
[INFO ][2015-11-09 17:22:24,136][com.java.SeleniumDriver] [  844] - <In Set values of the page>
[INFO ][2015-11-09 17:22:24,136][com.java.SeleniumDriver] [  847] - {Data Fields & Data Values Exist}
[INFO ][2015-11-09 17:22:24,136][com.java.SeleniumDriver] [  849] - --------------------------setting values-----------------------------
[INFO ][2015-11-09 17:22:24,136][com.java.SeleniumDriver] [  852] - Action Type : Click
[INFO ][2015-11-09 17:22:24,136][com.java.TestType] [ 4421] - Field ::BTNchkPrivsAccessGL
[INFO ][2015-11-09 17:22:25,136][com.java.TestType] [ 4459] - BEFORE CLICK
[INFO ][2015-11-09 17:22:26,437][com.java.TestType] [ 4466] - Unable to click the object GL check box
[INFO ][2015-11-09 17:22:26,437][com.java.SeleniumDriver] [  861] -  RESULT true
[INFO ][2015-11-09 17:22:26,437][com.java.SeleniumDriver] [ 1066] - ?   P A S S   ?
[INFO ][2015-11-09 17:22:26,437][com.java.SeleniumDriver] [  788] - ------------------------------------------
[INFO ][2015-11-09 17:22:26,437][com.java.SeleniumDriver] [  789] - Test case being Executed: 7
[INFO ][2015-11-09 17:22:26,437][com.java.SeleniumDriver] [  800] - Test step:28
[INFO ][2015-11-09 17:22:26,437][com.java.SeleniumDriver] [  812] - Datavalue is----------null
[DEBUG][2015-11-09 17:22:26,437][com.java.SeleniumDriver] [  830] - Exception: null
[INFO ][2015-11-09 17:22:26,437][com.java.SeleniumDriver] [  836] - DataField : BTNparent
[INFO ][2015-11-09 17:22:26,437][com.java.SeleniumDriver] [  838] - DataValue : 
[INFO ][2015-11-09 17:22:26,437][com.java.SeleniumDriver] [  844] - <In Set values of the page>
[INFO ][2015-11-09 17:22:26,437][com.java.SeleniumDriver] [  847] - {Data Fields & Data Values Exist}
[INFO ][2015-11-09 17:22:26,437][com.java.SeleniumDriver] [  849] - --------------------------setting values-----------------------------
[INFO ][2015-11-09 17:22:26,437][com.java.SeleniumDriver] [  852] - Action Type : SelectFrame
[INFO ][2015-11-09 17:22:26,447][com.java.SeleniumDriver] [  861] -  RESULT true
[INFO ][2015-11-09 17:22:26,447][com.java.SeleniumDriver] [ 1066] - ?   P A S S   ?
[INFO ][2015-11-09 17:22:26,447][com.java.SeleniumDriver] [  788] - ------------------------------------------
[INFO ][2015-11-09 17:22:26,447][com.java.SeleniumDriver] [  789] - Test case being Executed: 7
[INFO ][2015-11-09 17:22:26,447][com.java.SeleniumDriver] [  800] - Test step:29
[INFO ][2015-11-09 17:22:26,447][com.java.SeleniumDriver] [  812] - Datavalue is----------5
[INFO ][2015-11-09 17:22:26,447][com.java.SeleniumDriver] [  836] - DataField : test
[INFO ][2015-11-09 17:22:26,447][com.java.SeleniumDriver] [  838] - DataValue : 5
[INFO ][2015-11-09 17:22:26,447][com.java.SeleniumDriver] [  844] - <In Set values of the page>
[INFO ][2015-11-09 17:22:26,447][com.java.SeleniumDriver] [  847] - {Data Fields & Data Values Exist}
[INFO ][2015-11-09 17:22:26,447][com.java.SeleniumDriver] [  849] - --------------------------setting values-----------------------------
[INFO ][2015-11-09 17:22:26,447][com.java.SeleniumDriver] [  852] - Action Type : WaitTime
[DEBUG][2015-11-09 17:22:26,447][com.java.TestType] [ 3943] - sleepTime: 5000
[INFO ][2015-11-09 17:22:31,447][com.java.SeleniumDriver] [  861] -  RESULT true
[INFO ][2015-11-09 17:22:31,447][com.java.SeleniumDriver] [ 1066] - ?   P A S S   ?
[INFO ][2015-11-09 17:22:31,447][com.java.SeleniumDriver] [  788] - ------------------------------------------
[INFO ][2015-11-09 17:22:31,447][com.java.SeleniumDriver] [  789] - Test case being Executed: 7
[INFO ][2015-11-09 17:22:31,447][com.java.SeleniumDriver] [  800] - Test step:30
[INFO ][2015-11-09 17:22:31,447][com.java.SeleniumDriver] [  812] - Datavalue is----------null
[DEBUG][2015-11-09 17:22:31,447][com.java.SeleniumDriver] [  830] - Exception: null
[INFO ][2015-11-09 17:22:31,447][com.java.SeleniumDriver] [  836] - DataField : XPH//span[contains(text(), 'Finished')]
[INFO ][2015-11-09 17:22:31,447][com.java.SeleniumDriver] [  838] - DataValue : 
[INFO ][2015-11-09 17:22:31,447][com.java.SeleniumDriver] [  844] - <In Set values of the page>
[INFO ][2015-11-09 17:22:31,447][com.java.SeleniumDriver] [  847] - {Data Fields & Data Values Exist}
[INFO ][2015-11-09 17:22:31,447][com.java.SeleniumDriver] [  849] - --------------------------setting values-----------------------------
[INFO ][2015-11-09 17:22:31,447][com.java.SeleniumDriver] [  852] - Action Type : Click
[INFO ][2015-11-09 17:22:31,447][com.java.TestType] [ 4421] - Field ::XPH//span[contains(text(), 'Finished')]
[INFO ][2015-11-09 17:22:32,448][com.java.TestType] [ 4480] - BEFORE CLICK
[INFO ][2015-11-09 17:22:43,922][com.java.TestType] [ 4488] - Unable to click the object Finished button
[INFO ][2015-11-09 17:22:43,922][com.java.SeleniumDriver] [  861] -  RESULT true
[INFO ][2015-11-09 17:22:43,922][com.java.SeleniumDriver] [ 1066] - ?   P A S S   ?
[INFO ][2015-11-09 17:22:43,922][com.java.SeleniumDriver] [  788] - ------------------------------------------
[INFO ][2015-11-09 17:22:43,922][com.java.SeleniumDriver] [  789] - Test case being Executed: 7
[INFO ][2015-11-09 17:22:43,922][com.java.SeleniumDriver] [  800] - Test step:31
[INFO ][2015-11-09 17:22:43,922][com.java.SeleniumDriver] [  812] - Datavalue is----------5
[INFO ][2015-11-09 17:22:43,922][com.java.SeleniumDriver] [  836] - DataField : BTNframeDialogContent
[INFO ][2015-11-09 17:22:43,922][com.java.SeleniumDriver] [  838] - DataValue : 5
[INFO ][2015-11-09 17:22:43,922][com.java.SeleniumDriver] [  844] - <In Set values of the page>
[INFO ][2015-11-09 17:22:43,922][com.java.SeleniumDriver] [  847] - {Data Fields & Data Values Exist}
[INFO ][2015-11-09 17:22:43,922][com.java.SeleniumDriver] [  849] - --------------------------setting values-----------------------------
[INFO ][2015-11-09 17:22:43,922][com.java.SeleniumDriver] [  852] - Action Type : WaitForElement
[INFO ][2015-11-09 17:22:45,184][com.java.SeleniumDriver] [  861] -  RESULT true
[INFO ][2015-11-09 17:22:45,184][com.java.SeleniumDriver] [ 1066] - ?   P A S S   ?
[INFO ][2015-11-09 17:22:45,184][com.java.SeleniumDriver] [  788] - ------------------------------------------
[INFO ][2015-11-09 17:22:45,184][com.java.SeleniumDriver] [  789] - Test case being Executed: 7
[INFO ][2015-11-09 17:22:45,184][com.java.SeleniumDriver] [  800] - Test step:32
[INFO ][2015-11-09 17:22:45,184][com.java.SeleniumDriver] [  812] - Datavalue is----------null
[DEBUG][2015-11-09 17:22:45,184][com.java.SeleniumDriver] [  830] - Exception: null
[INFO ][2015-11-09 17:22:45,184][com.java.SeleniumDriver] [  836] - DataField : BTNframeDialogContent
[INFO ][2015-11-09 17:22:45,184][com.java.SeleniumDriver] [  838] - DataValue : 
[INFO ][2015-11-09 17:22:45,184][com.java.SeleniumDriver] [  844] - <In Set values of the page>
[INFO ][2015-11-09 17:22:45,184][com.java.SeleniumDriver] [  847] - {Data Fields & Data Values Exist}
[INFO ][2015-11-09 17:22:45,184][com.java.SeleniumDriver] [  849] - --------------------------setting values-----------------------------
[INFO ][2015-11-09 17:22:45,184][com.java.SeleniumDriver] [  852] - Action Type : SelectFrame
[INFO ][2015-11-09 17:22:46,446][com.java.SeleniumDriver] [  861] -  RESULT true
[INFO ][2015-11-09 17:22:46,446][com.java.SeleniumDriver] [ 1066] - ?   P A S S   ?
[INFO ][2015-11-09 17:22:46,446][com.java.SeleniumDriver] [  788] - ------------------------------------------
[INFO ][2015-11-09 17:22:46,446][com.java.SeleniumDriver] [  789] - Test case being Executed: 7
[INFO ][2015-11-09 17:22:46,446][com.java.SeleniumDriver] [  800] - Test step:33
[INFO ][2015-11-09 17:22:46,446][com.java.SeleniumDriver] [  812] - Datavalue is----------null
[DEBUG][2015-11-09 17:22:46,446][com.java.SeleniumDriver] [  830] - Exception: null
[INFO ][2015-11-09 17:22:46,446][com.java.SeleniumDriver] [  836] - DataField : XPH//table[@id="tblUserListing"]//td[contains(text(),'vltest.robot')]
[INFO ][2015-11-09 17:22:46,446][com.java.SeleniumDriver] [  838] - DataValue : 
[INFO ][2015-11-09 17:22:46,446][com.java.SeleniumDriver] [  844] - <In Set values of the page>
[INFO ][2015-11-09 17:22:46,446][com.java.SeleniumDriver] [  847] - {Data Fields & Data Values Exist}
[INFO ][2015-11-09 17:22:46,446][com.java.SeleniumDriver] [  849] - --------------------------setting values-----------------------------
[INFO ][2015-11-09 17:22:46,446][com.java.SeleniumDriver] [  852] - Action Type : WaitForElement
[INFO ][2015-11-09 17:22:46,506][com.java.SeleniumDriver] [  861] -  RESULT true
[INFO ][2015-11-09 17:22:46,506][com.java.SeleniumDriver] [ 1066] - ?   P A S S   ?
[INFO ][2015-11-09 17:22:46,506][com.java.SeleniumDriver] [  788] - ------------------------------------------
[INFO ][2015-11-09 17:22:46,506][com.java.SeleniumDriver] [  789] - Test case being Executed: 7
[INFO ][2015-11-09 17:22:46,506][com.java.SeleniumDriver] [  800] - Test step:34
[INFO ][2015-11-09 17:22:46,506][com.java.SeleniumDriver] [  812] - Datavalue is----------dt:NewUserName
[INFO ][2015-11-09 17:22:46,506][com.java.SeleniumDriver] [  836] - DataField : USR
[INFO ][2015-11-09 17:22:46,506][com.java.SeleniumDriver] [  838] - DataValue : dt:NewUserName
[INFO ][2015-11-09 17:22:46,506][com.java.SeleniumDriver] [  844] - <In Set values of the page>
[INFO ][2015-11-09 17:22:46,506][com.java.SeleniumDriver] [  847] - {Data Fields & Data Values Exist}
[INFO ][2015-11-09 17:22:46,506][com.java.SeleniumDriver] [  849] - --------------------------setting values-----------------------------
[INFO ][2015-11-09 17:22:46,506][com.java.SeleniumDriver] [  852] - Action Type : Verify
[INFO ][2015-11-09 17:22:46,506][com.java.TestType] [ 5234] - field= USR value= dt:NewUserName
[INFO ][2015-11-09 17:22:46,506][com.java.TestType] [ 4108] - value = vltest.robot
[INFO ][2015-11-09 17:22:46,566][com.java.SeleniumDriver] [  861] -  RESULT true
[INFO ][2015-11-09 17:22:46,566][com.java.SeleniumDriver] [ 1066] - ?   P A S S   ?
[INFO ][2015-11-09 17:22:46,566][com.java.SeleniumDriver] [  788] - ------------------------------------------
[INFO ][2015-11-09 17:22:46,566][com.java.SeleniumDriver] [  789] - Test case being Executed: 7
[INFO ][2015-11-09 17:22:46,566][com.java.SeleniumDriver] [  800] - Test step:35
[INFO ][2015-11-09 17:22:46,566][com.java.SeleniumDriver] [  812] - Datavalue is----------Login_username
[INFO ][2015-11-09 17:22:46,566][com.java.SeleniumDriver] [  836] - DataField : XPH//table[@id="tblUserListing"]//td[contains(text(),'vltest.robot')]
[INFO ][2015-11-09 17:22:46,566][com.java.SeleniumDriver] [  838] - DataValue : Login_username
[INFO ][2015-11-09 17:22:46,566][com.java.SeleniumDriver] [  844] - <In Set values of the page>
[INFO ][2015-11-09 17:22:46,566][com.java.SeleniumDriver] [  847] - {Data Fields & Data Values Exist}
[INFO ][2015-11-09 17:22:46,566][com.java.SeleniumDriver] [  849] - --------------------------setting values-----------------------------
[INFO ][2015-11-09 17:22:46,566][com.java.SeleniumDriver] [  852] - Action Type : STOREVALUE
[INFO ][2015-11-09 17:22:46,566][com.java.TestType] [ 6168] - field= XPH//table[@id="tblUserListing"]//td[contains(text(),'vltest.robot')]
[DEBUG][2015-11-09 17:22:46,666][com.java.TestType] [ 6220] - Key:: Login_username   Value:: vltest.robot.03890
[INFO ][2015-11-09 17:22:46,666][com.java.SeleniumDriver] [  861] -  RESULT true
[INFO ][2015-11-09 17:22:46,666][com.java.SeleniumDriver] [ 1066] - ?   P A S S   ?
[INFO ][2015-11-09 17:22:46,666][com.java.SeleniumDriver] [  788] - ------------------------------------------
[INFO ][2015-11-09 17:22:46,666][com.java.SeleniumDriver] [  789] - Test case being Executed: 7
[INFO ][2015-11-09 17:22:46,666][com.java.SeleniumDriver] [  800] - Test step:36
[INFO ][2015-11-09 17:22:46,666][com.java.SeleniumDriver] [  812] - Datavalue is----------null
[DEBUG][2015-11-09 17:22:46,666][com.java.SeleniumDriver] [  830] - Exception: null
[INFO ][2015-11-09 17:22:46,666][com.java.SeleniumDriver] [  836] - DataField : BTNparent
[INFO ][2015-11-09 17:22:46,666][com.java.SeleniumDriver] [  838] - DataValue : 
[INFO ][2015-11-09 17:22:46,666][com.java.SeleniumDriver] [  844] - <In Set values of the page>
[INFO ][2015-11-09 17:22:46,666][com.java.SeleniumDriver] [  847] - {Data Fields & Data Values Exist}
[INFO ][2015-11-09 17:22:46,666][com.java.SeleniumDriver] [  849] - --------------------------setting values-----------------------------
[INFO ][2015-11-09 17:22:46,666][com.java.SeleniumDriver] [  852] - Action Type : SelectFrame
[INFO ][2015-11-09 17:22:46,676][com.java.SeleniumDriver] [  861] -  RESULT true
[INFO ][2015-11-09 17:22:46,676][com.java.SeleniumDriver] [ 1066] - ?   P A S S   ?
[INFO ][2015-11-09 17:22:46,676][com.java.SeleniumDriver] [  788] - ------------------------------------------
[INFO ][2015-11-09 17:22:46,676][com.java.SeleniumDriver] [  789] - Test case being Executed: 7
[INFO ][2015-11-09 17:22:46,676][com.java.SeleniumDriver] [  800] - Test step:37
[INFO ][2015-11-09 17:22:46,676][com.java.SeleniumDriver] [  812] - Datavalue is----------null
[DEBUG][2015-11-09 17:22:46,676][com.java.SeleniumDriver] [  830] - Exception: null
[INFO ][2015-11-09 17:22:46,676][com.java.SeleniumDriver] [  836] - DataField : XPH//span[contains(text(), 'Finished')]
[INFO ][2015-11-09 17:22:46,676][com.java.SeleniumDriver] [  838] - DataValue : 
[INFO ][2015-11-09 17:22:46,676][com.java.SeleniumDriver] [  844] - <In Set values of the page>
[INFO ][2015-11-09 17:22:46,676][com.java.SeleniumDriver] [  847] - {Data Fields & Data Values Exist}
[INFO ][2015-11-09 17:22:46,676][com.java.SeleniumDriver] [  849] - --------------------------setting values-----------------------------
[INFO ][2015-11-09 17:22:46,676][com.java.SeleniumDriver] [  852] - Action Type : Click
[INFO ][2015-11-09 17:22:46,676][com.java.TestType] [ 4421] - Field ::XPH//span[contains(text(), 'Finished')]
[INFO ][2015-11-09 17:22:47,676][com.java.TestType] [ 4480] - BEFORE CLICK
[INFO ][2015-11-09 17:22:48,776][com.java.TestType] [ 4488] - Unable to click the object Finished button
[INFO ][2015-11-09 17:22:48,776][com.java.SeleniumDriver] [  861] -  RESULT true
[INFO ][2015-11-09 17:22:48,776][com.java.SeleniumDriver] [ 1066] - ?   P A S S   ?
[INFO ][2015-11-09 17:22:48,776][com.java.SeleniumDriver] [  788] - ------------------------------------------
[INFO ][2015-11-09 17:22:48,776][com.java.SeleniumDriver] [  789] - Test case being Executed: 7
[INFO ][2015-11-09 17:22:48,776][com.java.SeleniumDriver] [  800] - Test step:38
[INFO ][2015-11-09 17:22:48,776][com.java.SeleniumDriver] [  812] - Datavalue is----------Concept#3:1-2
[INFO ][2015-11-09 17:22:48,776][com.java.SeleniumDriver] [  836] - DataField : test
[INFO ][2015-11-09 17:22:48,776][com.java.SeleniumDriver] [  838] - DataValue : Concept#3:1-2
[INFO ][2015-11-09 17:22:48,776][com.java.SeleniumDriver] [  844] - <In Set values of the page>
[INFO ][2015-11-09 17:22:48,776][com.java.SeleniumDriver] [  847] - {Data Fields & Data Values Exist}
[INFO ][2015-11-09 17:22:48,776][com.java.SeleniumDriver] [  849] - --------------------------setting values-----------------------------
[INFO ][2015-11-09 17:22:48,776][com.java.SeleniumDriver] [  852] - Action Type : ExecuteTestCase
[INFO ][2015-11-09 17:22:48,776][com.java.TestType] [  422] - The Concept sheet name is ---------- Concept
[INFO ][2015-11-09 17:22:48,776][com.java.TestType] [  425] - The Concept ID  is ---------- 3
[DEBUG][2015-11-09 17:22:48,776][com.java.TestType] [  429] - Steps being executted in the Concept are: 1:2
[INFO ][2015-11-09 17:22:48,776][com.java.TestType] [  436] - Test data details path ---------- D:\BankersDashboard\TestInputs\TestData.xls
[INFO ][2015-11-09 17:22:48,807][com.java.TestType] [  467] -  str(1) = 3
[INFO ][2015-11-09 17:22:48,807][com.java.TestType] [  470] - Test case Id is---3
[INFO ][2015-11-09 17:22:48,807][com.java.TestType] [  472] - 3
[INFO ][2015-11-09 17:22:48,807][com.java.TestType] [  467] -  str(2) = 1
[INFO ][2015-11-09 17:22:48,807][com.java.TestType] [  519] - row values are--------{1=com.java.Objects.TestDataDetails@7527fc}
[INFO ][2015-11-09 17:22:48,807][com.java.TestType] [  467] -  str(1) = 3
[INFO ][2015-11-09 17:22:48,807][com.java.TestType] [  470] - Test case Id is---3
[INFO ][2015-11-09 17:22:48,807][com.java.TestType] [  472] - 3
[INFO ][2015-11-09 17:22:48,807][com.java.TestType] [  467] -  str(2) = 2
[INFO ][2015-11-09 17:22:48,807][com.java.TestType] [  519] - row values are--------{1=com.java.Objects.TestDataDetails@7527fc, 2=com.java.Objects.TestDataDetails@1dbe900}
[INFO ][2015-11-09 17:22:48,807][com.java.TestType] [ 8258] - Looping 1TCID = 3
[DEBUG][2015-11-09 17:22:48,807][com.java.TestType] [ 8299] - Concept ID:3 :: Step being Executed: 3::1
[INFO ][2015-11-09 17:22:48,807][com.java.TestType] [ 8337] - dataFields : test
[DEBUG][2015-11-09 17:22:48,807][com.java.TestType] [ 8343] - <In Set values of the page>
[DEBUG][2015-11-09 17:22:48,807][com.java.TestType] [ 8348] - {Data Fields & Data Values Exist}
[INFO ][2015-11-09 17:22:48,807][com.java.TestType] [ 8354] - --------------------------setting values-----------------------------
[INFO ][2015-11-09 17:22:48,807][com.java.TestType] [ 8357] - Action Type : Logout
[INFO ][2015-11-09 17:22:50,992][com.java.TestType] [ 4421] - Field ::CNF
[INFO ][2015-11-09 17:22:53,294][com.java.TestType] [ 4476] - Click the object confirmation
[INFO ][2015-11-09 17:22:53,294][com.java.TestType] [ 4477] - Unable to click the object confirmation
[DEBUG][2015-11-09 17:22:54,514][com.java.SeleniumDriver] [  425] - Hub ip address is-------172.17.68.34
[INFO ][2015-11-09 17:22:54,514][com.java.SeleniumDriver] [  451] - Grid URL:http://172.17.68.34:4444/wd/hub
[INFO ][2015-11-09 17:22:54,514][com.java.SeleniumDriver] [  452] - Capability:Capabilities [{platform=ANY, ensureCleanSession=true, ignoreProtectedModeSettings=true, acceptSslCerts=true, ignoreZoomSetting=true, browserName=internet explorer, browserstack.ie.noFlash=true, version=Node1}]
[ERROR][2015-11-09 17:22:55,525][com.java.SeleniumDriver] [  496] - Unable invoke browser in grid:Could not start a new session. Possible causes are invalid address of the remote server or browser start-up failure.
Build info: version: '2.48.2', revision: '41bccdd', time: '2015-10-09 19:59:12'
System info: host: 'FVTIII438F1D', ip: '172.17.68.34', os.name: 'Windows 7', os.arch: 'x86', os.version: '6.1', java.version: '1.7.0_55'
Driver info: driver.version: SeleniumDriver
[INFO ][2015-11-09 17:22:55,525][com.java.SeleniumDriver] [  498] - Executing on local machine
[INFO ][2015-11-09 17:23:04,886][com.java.TestType] [ 8376] -  RESULT true
[INFO ][2015-11-09 17:23:04,886][com.java.TestType] [ 8493] - ?   P A S S   ?
[DEBUG][2015-11-09 17:23:04,886][com.java.TestType] [ 8299] - Concept ID:3 :: Step being Executed: 3::2
[INFO ][2015-11-09 17:23:04,886][com.java.TestType] [ 8337] - dataFields : test
[DEBUG][2015-11-09 17:23:04,886][com.java.TestType] [ 8343] - <In Set values of the page>
[DEBUG][2015-11-09 17:23:04,886][com.java.TestType] [ 8348] - {Data Fields & Data Values Exist}
[INFO ][2015-11-09 17:23:04,886][com.java.TestType] [ 8354] - --------------------------setting values-----------------------------
[INFO ][2015-11-09 17:23:04,886][com.java.TestType] [ 8357] - Action Type : WaitTime
[DEBUG][2015-11-09 17:23:04,886][com.java.TestType] [ 3943] - sleepTime: 2000
[INFO ][2015-11-09 17:23:06,887][com.java.TestType] [ 8376] -  RESULT true
[INFO ][2015-11-09 17:23:06,887][com.java.TestType] [ 8493] - ?   P A S S   ?
[INFO ][2015-11-09 17:23:06,887][com.java.TestType] [ 8564] - Looping End......
[INFO ][2015-11-09 17:23:06,887][com.java.SeleniumDriver] [  861] -  RESULT true
[INFO ][2015-11-09 17:23:06,887][com.java.SeleniumDriver] [ 1066] - ?   P A S S   ?
[INFO ][2015-11-09 17:23:06,887][com.java.SeleniumDriver] [  788] - ------------------------------------------
[INFO ][2015-11-09 17:23:06,887][com.java.SeleniumDriver] [  789] - Test case being Executed: 7
[INFO ][2015-11-09 17:23:06,887][com.java.SeleniumDriver] [  800] - Test step:39
[INFO ][2015-11-09 17:23:06,887][com.java.SeleniumDriver] [  812] - Datavalue is----------HMVLogin_username
[INFO ][2015-11-09 17:23:06,887][com.java.SeleniumDriver] [  836] - DataField : TXTusername
[INFO ][2015-11-09 17:23:06,887][com.java.SeleniumDriver] [  838] - DataValue : HMVLogin_username
[INFO ][2015-11-09 17:23:06,887][com.java.SeleniumDriver] [  844] - <In Set values of the page>
[INFO ][2015-11-09 17:23:06,887][com.java.SeleniumDriver] [  847] - {Data Fields & Data Values Exist}
[INFO ][2015-11-09 17:23:06,887][com.java.SeleniumDriver] [  849] - --------------------------setting values-----------------------------
[INFO ][2015-11-09 17:23:06,887][com.java.SeleniumDriver] [  852] - Action Type : CLEARANDENTER
[INFO ][2015-11-09 17:23:06,887][com.java.TestType] [ 4108] - value = vltest.robot.03890
[INFO ][2015-11-09 17:23:11,742][com.java.SeleniumDriver] [  861] -  RESULT true
[INFO ][2015-11-09 17:23:11,742][com.java.SeleniumDriver] [ 1066] - ?   P A S S   ?
[INFO ][2015-11-09 17:23:11,742][com.java.SeleniumDriver] [  788] - ------------------------------------------
[INFO ][2015-11-09 17:23:11,742][com.java.SeleniumDriver] [  789] - Test case being Executed: 7
[INFO ][2015-11-09 17:23:11,742][com.java.SeleniumDriver] [  800] - Test step:40
[INFO ][2015-11-09 17:23:11,742][com.java.SeleniumDriver] [  812] - Datavalue is----------dt:NewUserPswd
[INFO ][2015-11-09 17:23:11,742][com.java.SeleniumDriver] [  836] - DataField : TXTpassword
[INFO ][2015-11-09 17:23:11,742][com.java.SeleniumDriver] [  838] - DataValue : dt:NewUserPswd
[INFO ][2015-11-09 17:23:11,742][com.java.SeleniumDriver] [  844] - <In Set values of the page>
[INFO ][2015-11-09 17:23:11,742][com.java.SeleniumDriver] [  847] - {Data Fields & Data Values Exist}
[INFO ][2015-11-09 17:23:11,742][com.java.SeleniumDriver] [  849] - --------------------------setting values-----------------------------
[INFO ][2015-11-09 17:23:11,742][com.java.SeleniumDriver] [  852] - Action Type : CLEARANDENTER
[INFO ][2015-11-09 17:23:11,742][com.java.TestType] [ 4108] - value = Password1*
[INFO ][2015-11-09 17:23:16,727][com.java.SeleniumDriver] [  861] -  RESULT true
[INFO ][2015-11-09 17:23:16,727][com.java.SeleniumDriver] [ 1066] - ?   P A S S   ?
[INFO ][2015-11-09 17:23:16,727][com.java.SeleniumDriver] [  788] - ------------------------------------------
[INFO ][2015-11-09 17:23:16,727][com.java.SeleniumDriver] [  789] - Test case being Executed: 7
[INFO ][2015-11-09 17:23:16,727][com.java.SeleniumDriver] [  800] - Test step:41
[INFO ][2015-11-09 17:23:16,727][com.java.SeleniumDriver] [  812] - Datavalue is----------null
[DEBUG][2015-11-09 17:23:16,727][com.java.SeleniumDriver] [  830] - Exception: null
[INFO ][2015-11-09 17:23:16,727][com.java.SeleniumDriver] [  836] - DataField : XPH//button[@type='submit']
[INFO ][2015-11-09 17:23:16,727][com.java.SeleniumDriver] [  838] - DataValue : 
[INFO ][2015-11-09 17:23:16,727][com.java.SeleniumDriver] [  844] - <In Set values of the page>
[INFO ][2015-11-09 17:23:16,727][com.java.SeleniumDriver] [  847] - {Data Fields & Data Values Exist}
[INFO ][2015-11-09 17:23:16,727][com.java.SeleniumDriver] [  849] - --------------------------setting values-----------------------------
[INFO ][2015-11-09 17:23:16,727][com.java.SeleniumDriver] [  852] - Action Type : Click
[INFO ][2015-11-09 17:23:16,727][com.java.TestType] [ 4421] - Field ::XPH//button[@type='submit']
[INFO ][2015-11-09 17:23:17,727][com.java.TestType] [ 4480] - BEFORE CLICK
[INFO ][2015-11-09 17:23:18,547][com.java.TestType] [ 4488] - Unable to click the object Login
[INFO ][2015-11-09 17:23:18,547][com.java.SeleniumDriver] [  861] -  RESULT true
[INFO ][2015-11-09 17:23:18,547][com.java.SeleniumDriver] [ 1066] - ?   P A S S   ?
[INFO ][2015-11-09 17:23:18,547][com.java.SeleniumDriver] [  788] - ------------------------------------------
[INFO ][2015-11-09 17:23:18,547][com.java.SeleniumDriver] [  789] - Test case being Executed: 7
[INFO ][2015-11-09 17:23:18,547][com.java.SeleniumDriver] [  800] - Test step:42
[INFO ][2015-11-09 17:23:18,547][com.java.SeleniumDriver] [  812] - Datavalue is----------null
[DEBUG][2015-11-09 17:23:18,547][com.java.SeleniumDriver] [  830] - Exception: null
[INFO ][2015-11-09 17:23:18,547][com.java.SeleniumDriver] [  836] - DataField : test
[INFO ][2015-11-09 17:23:18,547][com.java.SeleniumDriver] [  838] - DataValue : 
[INFO ][2015-11-09 17:23:18,547][com.java.SeleniumDriver] [  844] - <In Set values of the page>
[INFO ][2015-11-09 17:23:18,547][com.java.SeleniumDriver] [  847] - {Data Fields & Data Values Exist}
[INFO ][2015-11-09 17:23:18,547][com.java.SeleniumDriver] [  849] - --------------------------setting values-----------------------------
[INFO ][2015-11-09 17:23:18,547][com.java.SeleniumDriver] [  852] - Action Type : WaitTime
[DEBUG][2015-11-09 17:23:18,547][com.java.TestType] [ 3943] - sleepTime: 10000
[INFO ][2015-11-09 17:23:28,553][com.java.SeleniumDriver] [  861] -  RESULT true
[INFO ][2015-11-09 17:23:28,553][com.java.SeleniumDriver] [ 1066] - ?   P A S S   ?
[INFO ][2015-11-09 17:23:28,553][com.java.SeleniumDriver] [  788] - ------------------------------------------
[INFO ][2015-11-09 17:23:28,553][com.java.SeleniumDriver] [  789] - Test case being Executed: 7
[INFO ][2015-11-09 17:23:28,553][com.java.SeleniumDriver] [  800] - Test step:43
[INFO ][2015-11-09 17:23:28,553][com.java.SeleniumDriver] [  812] - Datavalue is----------Banker'sDashboard
[INFO ][2015-11-09 17:23:28,553][com.java.SeleniumDriver] [  836] - DataField : TTL
[INFO ][2015-11-09 17:23:28,553][com.java.SeleniumDriver] [  838] - DataValue : Banker'sDashboard
[INFO ][2015-11-09 17:23:28,553][com.java.SeleniumDriver] [  844] - <In Set values of the page>
[INFO ][2015-11-09 17:23:28,553][com.java.SeleniumDriver] [  847] - {Data Fields & Data Values Exist}
[INFO ][2015-11-09 17:23:28,553][com.java.SeleniumDriver] [  849] - --------------------------setting values-----------------------------
[INFO ][2015-11-09 17:23:28,553][com.java.SeleniumDriver] [  852] - Action Type : SelectWindow
[INFO ][2015-11-09 17:23:48,772][com.java.SeleniumDriver] [  861] -  RESULT true
[INFO ][2015-11-09 17:23:48,772][com.java.SeleniumDriver] [ 1066] - ?   P A S S   ?
[INFO ][2015-11-09 17:23:48,772][com.java.SeleniumDriver] [  788] - ------------------------------------------
[INFO ][2015-11-09 17:23:48,772][com.java.SeleniumDriver] [  789] - Test case being Executed: 7
[INFO ][2015-11-09 17:23:48,772][com.java.SeleniumDriver] [  800] - Test step:44
[INFO ][2015-11-09 17:23:48,772][com.java.SeleniumDriver] [  812] - Datavalue is----------20
[INFO ][2015-11-09 17:23:48,772][com.java.SeleniumDriver] [  836] - DataField : test
[INFO ][2015-11-09 17:23:48,772][com.java.SeleniumDriver] [  838] - DataValue : 20
[INFO ][2015-11-09 17:23:48,772][com.java.SeleniumDriver] [  844] - <In Set values of the page>
[INFO ][2015-11-09 17:23:48,772][com.java.SeleniumDriver] [  847] - {Data Fields & Data Values Exist}
[INFO ][2015-11-09 17:23:48,772][com.java.SeleniumDriver] [  849] - --------------------------setting values-----------------------------
[INFO ][2015-11-09 17:23:48,772][com.java.SeleniumDriver] [  852] - Action Type : WaitTime
[DEBUG][2015-11-09 17:23:48,772][com.java.TestType] [ 3943] - sleepTime: 20000
[INFO ][2015-11-09 17:24:08,777][com.java.SeleniumDriver] [  861] -  RESULT true
[INFO ][2015-11-09 17:24:08,777][com.java.SeleniumDriver] [ 1066] - ?   P A S S   ?
[INFO ][2015-11-09 17:24:08,777][com.java.SeleniumDriver] [  788] - ------------------------------------------
[INFO ][2015-11-09 17:24:08,777][com.java.SeleniumDriver] [  789] - Test case being Executed: 7
[INFO ][2015-11-09 17:24:08,777][com.java.SeleniumDriver] [  800] - Test step:45
[INFO ][2015-11-09 17:24:08,777][com.java.SeleniumDriver] [  812] - Datavalue is----------null
[DEBUG][2015-11-09 17:24:08,777][com.java.SeleniumDriver] [  830] - Exception: null
[INFO ][2015-11-09 17:24:08,777][com.java.SeleniumDriver] [  836] - DataField : //span[@class='icon-cog2']&&//a[@data-id="UserSettings"]
[INFO ][2015-11-09 17:24:08,777][com.java.SeleniumDriver] [  838] - DataValue : 
[INFO ][2015-11-09 17:24:08,777][com.java.SeleniumDriver] [  844] - <In Set values of the page>
[INFO ][2015-11-09 17:24:08,777][com.java.SeleniumDriver] [  847] - {Data Fields & Data Values Exist}
[INFO ][2015-11-09 17:24:08,777][com.java.SeleniumDriver] [  849] - --------------------------setting values-----------------------------
[INFO ][2015-11-09 17:24:08,777][com.java.SeleniumDriver] [  852] - Action Type : MouseOver
[INFO ][2015-11-09 17:24:35,411][com.java.SeleniumDriver] [  861] -  RESULT true
[INFO ][2015-11-09 17:24:35,411][com.java.SeleniumDriver] [ 1066] - ?   P A S S   ?
[INFO ][2015-11-09 17:24:35,411][com.java.SeleniumDriver] [  788] - ------------------------------------------
[INFO ][2015-11-09 17:24:35,411][com.java.SeleniumDriver] [  789] - Test case being Executed: 7
[INFO ][2015-11-09 17:24:35,411][com.java.SeleniumDriver] [  800] - Test step:46
[INFO ][2015-11-09 17:24:35,411][com.java.SeleniumDriver] [  812] - Datavalue is----------null
[DEBUG][2015-11-09 17:24:35,411][com.java.SeleniumDriver] [  830] - Exception: null
[INFO ][2015-11-09 17:24:35,411][com.java.SeleniumDriver] [  836] - DataField : BTNframeDialogContent
[INFO ][2015-11-09 17:24:35,411][com.java.SeleniumDriver] [  838] - DataValue : 
[INFO ][2015-11-09 17:24:35,411][com.java.SeleniumDriver] [  844] - <In Set values of the page>
[INFO ][2015-11-09 17:24:35,411][com.java.SeleniumDriver] [  847] - {Data Fields & Data Values Exist}
[INFO ][2015-11-09 17:24:35,411][com.java.SeleniumDriver] [  849] - --------------------------setting values-----------------------------
[INFO ][2015-11-09 17:24:35,411][com.java.SeleniumDriver] [  852] - Action Type : WaitForElement
[INFO ][2015-11-09 17:24:36,631][com.java.SeleniumDriver] [  861] -  RESULT true
[INFO ][2015-11-09 17:24:36,631][com.java.SeleniumDriver] [ 1066] - ?   P A S S   ?
[INFO ][2015-11-09 17:24:36,631][com.java.SeleniumDriver] [  788] - ------------------------------------------
[INFO ][2015-11-09 17:24:36,631][com.java.SeleniumDriver] [  789] - Test case being Executed: 7
[INFO ][2015-11-09 17:24:36,631][com.java.SeleniumDriver] [  800] - Test step:47
[INFO ][2015-11-09 17:24:36,631][com.java.SeleniumDriver] [  812] - Datavalue is----------frameDialogContent
[INFO ][2015-11-09 17:24:36,631][com.java.SeleniumDriver] [  836] - DataField : BTN
[INFO ][2015-11-09 17:24:36,631][com.java.SeleniumDriver] [  838] - DataValue : frameDialogContent
[INFO ][2015-11-09 17:24:36,631][com.java.SeleniumDriver] [  844] - <In Set values of the page>
[INFO ][2015-11-09 17:24:36,631][com.java.SeleniumDriver] [  847] - {Data Fields & Data Values Exist}
[INFO ][2015-11-09 17:24:36,631][com.java.SeleniumDriver] [  849] - --------------------------setting values-----------------------------
[INFO ][2015-11-09 17:24:36,631][com.java.SeleniumDriver] [  852] - Action Type : SELECTFRAMEBYNAME
[INFO ][2015-11-09 17:24:36,631][com.java.TestType] [ 4108] - value = frameDialogContent
[INFO ][2015-11-09 17:24:36,702][com.java.SeleniumDriver] [  861] -  RESULT true
[INFO ][2015-11-09 17:24:36,702][com.java.SeleniumDriver] [ 1066] - ?   P A S S   ?
[INFO ][2015-11-09 17:24:36,702][com.java.SeleniumDriver] [  788] - ------------------------------------------
[INFO ][2015-11-09 17:24:36,702][com.java.SeleniumDriver] [  789] - Test case being Executed: 7
[INFO ][2015-11-09 17:24:36,702][com.java.SeleniumDriver] [  800] - Test step:48
[INFO ][2015-11-09 17:24:36,702][com.java.SeleniumDriver] [  812] - Datavalue is----------No
[INFO ][2015-11-09 17:24:36,702][com.java.SeleniumDriver] [  836] - DataField : SLBddlOpenBDInNewWindow
[INFO ][2015-11-09 17:24:36,702][com.java.SeleniumDriver] [  838] - DataValue : No
[INFO ][2015-11-09 17:24:36,702][com.java.SeleniumDriver] [  844] - <In Set values of the page>
[INFO ][2015-11-09 17:24:36,702][com.java.SeleniumDriver] [  847] - {Data Fields & Data Values Exist}
[INFO ][2015-11-09 17:24:36,702][com.java.SeleniumDriver] [  849] - --------------------------setting values-----------------------------
[INFO ][2015-11-09 17:24:36,702][com.java.SeleniumDriver] [  852] - Action Type : Select
[INFO ][2015-11-09 17:24:36,702][com.java.TestType] [ 4108] - value = No
[INFO ][2015-11-09 17:24:38,976][com.java.SeleniumDriver] [  861] -  RESULT true
[INFO ][2015-11-09 17:24:38,976][com.java.SeleniumDriver] [ 1066] - ?   P A S S   ?
[INFO ][2015-11-09 17:24:38,976][com.java.SeleniumDriver] [  788] - ------------------------------------------
[INFO ][2015-11-09 17:24:38,976][com.java.SeleniumDriver] [  789] - Test case being Executed: 7
[INFO ][2015-11-09 17:24:38,976][com.java.SeleniumDriver] [  800] - Test step:49
[INFO ][2015-11-09 17:24:38,976][com.java.SeleniumDriver] [  812] - Datavalue is----------null
[DEBUG][2015-11-09 17:24:38,976][com.java.SeleniumDriver] [  830] - Exception: null
[INFO ][2015-11-09 17:24:38,976][com.java.SeleniumDriver] [  836] - DataField : BTNparent
[INFO ][2015-11-09 17:24:38,976][com.java.SeleniumDriver] [  838] - DataValue : 
[INFO ][2015-11-09 17:24:38,976][com.java.SeleniumDriver] [  844] - <In Set values of the page>
[INFO ][2015-11-09 17:24:38,976][com.java.SeleniumDriver] [  847] - {Data Fields & Data Values Exist}
[INFO ][2015-11-09 17:24:38,976][com.java.SeleniumDriver] [  849] - --------------------------setting values-----------------------------
[INFO ][2015-11-09 17:24:38,976][com.java.SeleniumDriver] [  852] - Action Type : SELECTFRAME
[INFO ][2015-11-09 17:24:38,996][com.java.SeleniumDriver] [  861] -  RESULT true
[INFO ][2015-11-09 17:24:38,996][com.java.SeleniumDriver] [ 1066] - ?   P A S S   ?
[INFO ][2015-11-09 17:24:38,996][com.java.SeleniumDriver] [  788] - ------------------------------------------
[INFO ][2015-11-09 17:24:38,996][com.java.SeleniumDriver] [  789] - Test case being Executed: 7
[INFO ][2015-11-09 17:24:38,996][com.java.SeleniumDriver] [  800] - Test step:50
[INFO ][2015-11-09 17:24:38,996][com.java.SeleniumDriver] [  812] - Datavalue is----------null
[DEBUG][2015-11-09 17:24:38,996][com.java.SeleniumDriver] [  830] - Exception: null
[INFO ][2015-11-09 17:24:38,996][com.java.SeleniumDriver] [  836] - DataField : BTN//span[text()='Finished']
[INFO ][2015-11-09 17:24:38,996][com.java.SeleniumDriver] [  838] - DataValue : 
[INFO ][2015-11-09 17:24:38,996][com.java.SeleniumDriver] [  844] - <In Set values of the page>
[INFO ][2015-11-09 17:24:38,996][com.java.SeleniumDriver] [  847] - {Data Fields & Data Values Exist}
[INFO ][2015-11-09 17:24:38,996][com.java.SeleniumDriver] [  849] - --------------------------setting values-----------------------------
[INFO ][2015-11-09 17:24:38,996][com.java.SeleniumDriver] [  852] - Action Type : Click
[INFO ][2015-11-09 17:24:38,996][com.java.TestType] [ 4421] - Field ::BTN//span[text()='Finished']
[INFO ][2015-11-09 17:24:39,996][com.java.TestType] [ 4459] - BEFORE CLICK
[INFO ][2015-11-09 17:24:40,267][com.java.TestType] [ 4466] - Unable to click the object Finished button
[INFO ][2015-11-09 17:24:40,267][com.java.SeleniumDriver] [  861] -  RESULT true
[INFO ][2015-11-09 17:24:40,267][com.java.SeleniumDriver] [ 1066] - ?   P A S S   ?
[INFO ][2015-11-09 17:24:40,267][com.java.SeleniumDriver] [  788] - ------------------------------------------
[INFO ][2015-11-09 17:24:40,267][com.java.SeleniumDriver] [  789] - Test case being Executed: 7
[INFO ][2015-11-09 17:24:40,267][com.java.SeleniumDriver] [  800] - Test step:51
[INFO ][2015-11-09 17:24:40,267][com.java.SeleniumDriver] [  812] - Datavalue is----------Logout
[INFO ][2015-11-09 17:24:40,267][com.java.SeleniumDriver] [  836] - DataField : LNK
[INFO ][2015-11-09 17:24:40,267][com.java.SeleniumDriver] [  838] - DataValue : Logout
[INFO ][2015-11-09 17:24:40,267][com.java.SeleniumDriver] [  844] - <In Set values of the page>
[INFO ][2015-11-09 17:24:40,267][com.java.SeleniumDriver] [  847] - {Data Fields & Data Values Exist}
[INFO ][2015-11-09 17:24:40,267][com.java.SeleniumDriver] [  849] - --------------------------setting values-----------------------------
[INFO ][2015-11-09 17:24:40,267][com.java.SeleniumDriver] [  852] - Action Type : Verify
[INFO ][2015-11-09 17:24:40,267][com.java.TestType] [ 5234] - field= LNK value= Logout
[INFO ][2015-11-09 17:24:40,267][com.java.TestType] [ 4108] - value = Logout
[INFO ][2015-11-09 17:24:40,457][com.java.SeleniumDriver] [  861] -  RESULT true
[INFO ][2015-11-09 17:24:40,457][com.java.SeleniumDriver] [ 1066] - ?   P A S S   ?
[INFO ][2015-11-09 17:24:40,457][com.java.SeleniumDriver] [  788] - ------------------------------------------
[INFO ][2015-11-09 17:24:40,457][com.java.SeleniumDriver] [  789] - Test case being Executed: 7
[INFO ][2015-11-09 17:24:40,457][com.java.SeleniumDriver] [  800] - Test step:52
[INFO ][2015-11-09 17:24:40,457][com.java.SeleniumDriver] [  812] - Datavalue is----------//img[contains(@src,'bdlogo.jpg')]
[INFO ][2015-11-09 17:24:40,457][com.java.SeleniumDriver] [  836] - DataField : BTN
[INFO ][2015-11-09 17:24:40,457][com.java.SeleniumDriver] [  838] - DataValue : //img[contains(@src,'bdlogo.jpg')]
[INFO ][2015-11-09 17:24:40,457][com.java.SeleniumDriver] [  844] - <In Set values of the page>
[INFO ][2015-11-09 17:24:40,457][com.java.SeleniumDriver] [  847] - {Data Fields & Data Values Exist}
[INFO ][2015-11-09 17:24:40,457][com.java.SeleniumDriver] [  849] - --------------------------setting values-----------------------------
[INFO ][2015-11-09 17:24:40,457][com.java.SeleniumDriver] [  852] - Action Type : Verify
[INFO ][2015-11-09 17:24:40,457][com.java.TestType] [ 5234] - field= BTN value= //img[contains(@src,'bdlogo.jpg')]
[INFO ][2015-11-09 17:24:40,457][com.java.TestType] [ 4108] - value = //img[contains(@src,'bdlogo.jpg')]
[INFO ][2015-11-09 17:24:40,557][com.java.SeleniumDriver] [  861] -  RESULT true
[INFO ][2015-11-09 17:24:40,557][com.java.SeleniumDriver] [ 1066] - ?   P A S S   ?
[INFO ][2015-11-09 17:24:40,557][com.java.SeleniumDriver] [  788] - ------------------------------------------
[INFO ][2015-11-09 17:24:40,557][com.java.SeleniumDriver] [  789] - Test case being Executed: 7
[INFO ][2015-11-09 17:24:40,557][com.java.SeleniumDriver] [  800] - Test step:53
[INFO ][2015-11-09 17:24:40,557][com.java.SeleniumDriver] [  812] - Datavalue is----------null
[DEBUG][2015-11-09 17:24:40,557][com.java.SeleniumDriver] [  830] - Exception: null
[INFO ][2015-11-09 17:24:40,557][com.java.SeleniumDriver] [  836] - DataField : null
[INFO ][2015-11-09 17:24:40,557][com.java.SeleniumDriver] [  838] - DataValue : 
[INFO ][2015-11-09 17:24:40,557][com.java.SeleniumDriver] [  844] - <In Set values of the page>
[INFO ][2015-11-09 17:24:40,557][com.java.SeleniumDriver] [  847] - {Data Fields & Data Values Exist}
[INFO ][2015-11-09 17:24:40,557][com.java.SeleniumDriver] [  849] - --------------------------setting values-----------------------------
[INFO ][2015-11-09 17:24:40,557][com.java.SeleniumDriver] [  852] - Action Type : OPENNEWBROWSER
[DEBUG][2015-11-09 17:24:45,826][com.java.SeleniumDriver] [  425] - Hub ip address is-------172.17.68.34
[INFO ][2015-11-09 17:24:45,826][com.java.SeleniumDriver] [  451] - Grid URL:http://172.17.68.34:4444/wd/hub
[INFO ][2015-11-09 17:24:45,826][com.java.SeleniumDriver] [  452] - Capability:Capabilities [{platform=ANY, ensureCleanSession=true, ignoreProtectedModeSettings=true, acceptSslCerts=true, ignoreZoomSetting=true, browserName=internet explorer, browserstack.ie.noFlash=true, version=Node1}]
[ERROR][2015-11-09 17:24:46,837][com.java.SeleniumDriver] [  496] - Unable invoke browser in grid:Could not start a new session. Possible causes are invalid address of the remote server or browser start-up failure.
Build info: version: '2.48.2', revision: '41bccdd', time: '2015-10-09 19:59:12'
System info: host: 'FVTIII438F1D', ip: '172.17.68.34', os.name: 'Windows 7', os.arch: 'x86', os.version: '6.1', java.version: '1.7.0_55'
Driver info: driver.version: SeleniumDriver
[INFO ][2015-11-09 17:24:46,837][com.java.SeleniumDriver] [  498] - Executing on local machine
[INFO ][2015-11-09 17:24:56,084][com.java.SeleniumDriver] [  861] -  RESULT true
[INFO ][2015-11-09 17:24:56,084][com.java.SeleniumDriver] [ 1066] - ?   P A S S   ?
[INFO ][2015-11-09 17:24:56,084][com.java.SeleniumDriver] [  788] - ------------------------------------------
[INFO ][2015-11-09 17:24:56,084][com.java.SeleniumDriver] [  789] - Test case being Executed: 7
[INFO ][2015-11-09 17:24:56,084][com.java.SeleniumDriver] [  800] - Test step:54
[INFO ][2015-11-09 17:24:56,084][com.java.SeleniumDriver] [  812] - Datavalue is----------Concept#1:1-14
[INFO ][2015-11-09 17:24:56,084][com.java.SeleniumDriver] [  836] - DataField : test
[INFO ][2015-11-09 17:24:56,084][com.java.SeleniumDriver] [  838] - DataValue : Concept#1:1-14
[INFO ][2015-11-09 17:24:56,084][com.java.SeleniumDriver] [  844] - <In Set values of the page>
[INFO ][2015-11-09 17:24:56,084][com.java.SeleniumDriver] [  847] - {Data Fields & Data Values Exist}
[INFO ][2015-11-09 17:24:56,084][com.java.SeleniumDriver] [  849] - --------------------------setting values-----------------------------
[INFO ][2015-11-09 17:24:56,084][com.java.SeleniumDriver] [  852] - Action Type : ExecuteTestCase
[INFO ][2015-11-09 17:24:56,084][com.java.TestType] [  422] - The Concept sheet name is ---------- Concept
[INFO ][2015-11-09 17:24:56,084][com.java.TestType] [  425] - The Concept ID  is ---------- 1
[DEBUG][2015-11-09 17:24:56,084][com.java.TestType] [  429] - Steps being executted in the Concept are: 1:14
[INFO ][2015-11-09 17:24:56,084][com.java.TestType] [  436] - Test data details path ---------- D:\BankersDashboard\TestInputs\TestData.xls
[INFO ][2015-11-09 17:24:56,115][com.java.TestType] [  467] -  str(1) = 1
[INFO ][2015-11-09 17:24:56,115][com.java.TestType] [  470] - Test case Id is---1
[INFO ][2015-11-09 17:24:56,115][com.java.TestType] [  472] - 1
[INFO ][2015-11-09 17:24:56,115][com.java.TestType] [  467] -  str(2) = 1
[INFO ][2015-11-09 17:24:56,115][com.java.TestType] [  519] - row values are--------{1=com.java.Objects.TestDataDetails@1ada224}
[INFO ][2015-11-09 17:24:56,115][com.java.TestType] [  467] -  str(1) = 1
[INFO ][2015-11-09 17:24:56,115][com.java.TestType] [  470] - Test case Id is---1
[INFO ][2015-11-09 17:24:56,115][com.java.TestType] [  472] - 1
[INFO ][2015-11-09 17:24:56,115][com.java.TestType] [  467] -  str(2) = 2
[INFO ][2015-11-09 17:24:56,115][com.java.TestType] [  519] - row values are--------{1=com.java.Objects.TestDataDetails@1ada224, 2=com.java.Objects.TestDataDetails@f2d3fd}
[INFO ][2015-11-09 17:24:56,115][com.java.TestType] [  467] -  str(1) = 1
[INFO ][2015-11-09 17:24:56,115][com.java.TestType] [  470] - Test case Id is---1
[INFO ][2015-11-09 17:24:56,115][com.java.TestType] [  472] - 1
[INFO ][2015-11-09 17:24:56,115][com.java.TestType] [  467] -  str(2) = 3
[INFO ][2015-11-09 17:24:56,115][com.java.TestType] [  519] - row values are--------{1=com.java.Objects.TestDataDetails@1ada224, 2=com.java.Objects.TestDataDetails@f2d3fd, 3=com.java.Objects.TestDataDetails@348cb8}
[INFO ][2015-11-09 17:24:56,115][com.java.TestType] [  467] -  str(1) = 1
[INFO ][2015-11-09 17:24:56,115][com.java.TestType] [  470] - Test case Id is---1
[INFO ][2015-11-09 17:24:56,115][com.java.TestType] [  472] - 1
[INFO ][2015-11-09 17:24:56,115][com.java.TestType] [  467] -  str(2) = 4
[INFO ][2015-11-09 17:24:56,115][com.java.TestType] [  519] - row values are--------{1=com.java.Objects.TestDataDetails@1ada224, 2=com.java.Objects.TestDataDetails@f2d3fd, 3=com.java.Objects.TestDataDetails@348cb8, 4=com.java.Objects.TestDataDetails@a4579e}
[INFO ][2015-11-09 17:24:56,115][com.java.TestType] [  467] -  str(1) = 1
[INFO ][2015-11-09 17:24:56,115][com.java.TestType] [  470] - Test case Id is---1
[INFO ][2015-11-09 17:24:56,115][com.java.TestType] [  472] - 1
[INFO ][2015-11-09 17:24:56,115][com.java.TestType] [  467] -  str(2) = 5
[INFO ][2015-11-09 17:24:56,115][com.java.TestType] [  519] - row values are--------{1=com.java.Objects.TestDataDetails@1ada224, 2=com.java.Objects.TestDataDetails@f2d3fd, 3=com.java.Objects.TestDataDetails@348cb8, 4=com.java.Objects.TestDataDetails@a4579e, 5=com.java.Objects.TestDataDetails@1e9bb55}
[INFO ][2015-11-09 17:24:56,115][com.java.TestType] [  467] -  str(1) = 1
[INFO ][2015-11-09 17:24:56,115][com.java.TestType] [  470] - Test case Id is---1
[INFO ][2015-11-09 17:24:56,115][com.java.TestType] [  472] - 1
[INFO ][2015-11-09 17:24:56,115][com.java.TestType] [  467] -  str(2) = 6
[INFO ][2015-11-09 17:24:56,115][com.java.TestType] [  519] - row values are--------{1=com.java.Objects.TestDataDetails@1ada224, 2=com.java.Objects.TestDataDetails@f2d3fd, 3=com.java.Objects.TestDataDetails@348cb8, 4=com.java.Objects.TestDataDetails@a4579e, 5=com.java.Objects.TestDataDetails@1e9bb55, 6=com.java.Objects.TestDataDetails@13d12bf}
[INFO ][2015-11-09 17:24:56,115][com.java.TestType] [  467] -  str(1) = 1
[INFO ][2015-11-09 17:24:56,115][com.java.TestType] [  470] - Test case Id is---1
[INFO ][2015-11-09 17:24:56,115][com.java.TestType] [  472] - 1
[INFO ][2015-11-09 17:24:56,115][com.java.TestType] [  467] -  str(2) = 7
[INFO ][2015-11-09 17:24:56,115][com.java.TestType] [  519] - row values are--------{1=com.java.Objects.TestDataDetails@1ada224, 2=com.java.Objects.TestDataDetails@f2d3fd, 3=com.java.Objects.TestDataDetails@348cb8, 4=com.java.Objects.TestDataDetails@a4579e, 5=com.java.Objects.TestDataDetails@1e9bb55, 6=com.java.Objects.TestDataDetails@13d12bf, 7=com.java.Objects.TestDataDetails@cdca7b}
[INFO ][2015-11-09 17:24:56,115][com.java.TestType] [  467] -  str(1) = 1
[INFO ][2015-11-09 17:24:56,115][com.java.TestType] [  470] - Test case Id is---1
[INFO ][2015-11-09 17:24:56,115][com.java.TestType] [  472] - 1
[INFO ][2015-11-09 17:24:56,115][com.java.TestType] [  467] -  str(2) = 8
[INFO ][2015-11-09 17:24:56,125][com.java.TestType] [  519] - row values are--------{1=com.java.Objects.TestDataDetails@1ada224, 2=com.java.Objects.TestDataDetails@f2d3fd, 3=com.java.Objects.TestDataDetails@348cb8, 4=com.java.Objects.TestDataDetails@a4579e, 5=com.java.Objects.TestDataDetails@1e9bb55, 6=com.java.Objects.TestDataDetails@13d12bf, 7=com.java.Objects.TestDataDetails@cdca7b, 8=com.java.Objects.TestDataDetails@1c0b36d}
[INFO ][2015-11-09 17:24:56,125][com.java.TestType] [  467] -  str(1) = 1
[INFO ][2015-11-09 17:24:56,125][com.java.TestType] [  470] - Test case Id is---1
[INFO ][2015-11-09 17:24:56,125][com.java.TestType] [  472] - 1
[INFO ][2015-11-09 17:24:56,125][com.java.TestType] [  467] -  str(2) = 9
[INFO ][2015-11-09 17:24:56,125][com.java.TestType] [  519] - row values are--------{1=com.java.Objects.TestDataDetails@1ada224, 2=com.java.Objects.TestDataDetails@f2d3fd, 3=com.java.Objects.TestDataDetails@348cb8, 4=com.java.Objects.TestDataDetails@a4579e, 5=com.java.Objects.TestDataDetails@1e9bb55, 6=com.java.Objects.TestDataDetails@13d12bf, 7=com.java.Objects.TestDataDetails@cdca7b, 8=com.java.Objects.TestDataDetails@1c0b36d, 9=com.java.Objects.TestDataDetails@dc471a}
[INFO ][2015-11-09 17:24:56,125][com.java.TestType] [  467] -  str(1) = 1
[INFO ][2015-11-09 17:24:56,125][com.java.TestType] [  470] - Test case Id is---1
[INFO ][2015-11-09 17:24:56,125][com.java.TestType] [  472] - 1
[INFO ][2015-11-09 17:24:56,125][com.java.TestType] [  467] -  str(2) = 10
[INFO ][2015-11-09 17:24:56,125][com.java.TestType] [  519] - row values are--------{1=com.java.Objects.TestDataDetails@1ada224, 2=com.java.Objects.TestDataDetails@f2d3fd, 3=com.java.Objects.TestDataDetails@348cb8, 4=com.java.Objects.TestDataDetails@a4579e, 5=com.java.Objects.TestDataDetails@1e9bb55, 6=com.java.Objects.TestDataDetails@13d12bf, 7=com.java.Objects.TestDataDetails@cdca7b, 8=com.java.Objects.TestDataDetails@1c0b36d, 9=com.java.Objects.TestDataDetails@dc471a, 10=com.java.Objects.TestDataDetails@1916b85}
[INFO ][2015-11-09 17:24:56,125][com.java.TestType] [  467] -  str(1) = 1
[INFO ][2015-11-09 17:24:56,125][com.java.TestType] [  470] - Test case Id is---1
[INFO ][2015-11-09 17:24:56,125][com.java.TestType] [  472] - 1
[INFO ][2015-11-09 17:24:56,125][com.java.TestType] [  467] -  str(2) = 11
[INFO ][2015-11-09 17:24:56,125][com.java.TestType] [  519] - row values are--------{1=com.java.Objects.TestDataDetails@1ada224, 2=com.java.Objects.TestDataDetails@f2d3fd, 3=com.java.Objects.TestDataDetails@348cb8, 4=com.java.Objects.TestDataDetails@a4579e, 5=com.java.Objects.TestDataDetails@1e9bb55, 6=com.java.Objects.TestDataDetails@13d12bf, 7=com.java.Objects.TestDataDetails@cdca7b, 8=com.java.Objects.TestDataDetails@1c0b36d, 9=com.java.Objects.TestDataDetails@dc471a, 10=com.java.Objects.TestDataDetails@1916b85, 11=com.java.Objects.TestDataDetails@1634b4a}
[INFO ][2015-11-09 17:24:56,125][com.java.TestType] [  467] -  str(1) = 1
[INFO ][2015-11-09 17:24:56,125][com.java.TestType] [  470] - Test case Id is---1
[INFO ][2015-11-09 17:24:56,125][com.java.TestType] [  472] - 1
[INFO ][2015-11-09 17:24:56,125][com.java.TestType] [  467] -  str(2) = 12
[INFO ][2015-11-09 17:24:56,125][com.java.TestType] [  519] - row values are--------{1=com.java.Objects.TestDataDetails@1ada224, 2=com.java.Objects.TestDataDetails@f2d3fd, 3=com.java.Objects.TestDataDetails@348cb8, 4=com.java.Objects.TestDataDetails@a4579e, 5=com.java.Objects.TestDataDetails@1e9bb55, 6=com.java.Objects.TestDataDetails@13d12bf, 7=com.java.Objects.TestDataDetails@cdca7b, 8=com.java.Objects.TestDataDetails@1c0b36d, 9=com.java.Objects.TestDataDetails@dc471a, 10=com.java.Objects.TestDataDetails@1916b85, 11=com.java.Objects.TestDataDetails@1634b4a, 12=com.java.Objects.TestDataDetails@7f3311}
[INFO ][2015-11-09 17:24:56,125][com.java.TestType] [  467] -  str(1) = 1
[INFO ][2015-11-09 17:24:56,125][com.java.TestType] [  470] - Test case Id is---1
[INFO ][2015-11-09 17:24:56,125][com.java.TestType] [  472] - 1
[INFO ][2015-11-09 17:24:56,125][com.java.TestType] [  467] -  str(2) = 13
[INFO ][2015-11-09 17:24:56,125][com.java.TestType] [  519] - row values are--------{1=com.java.Objects.TestDataDetails@1ada224, 2=com.java.Objects.TestDataDetails@f2d3fd, 3=com.java.Objects.TestDataDetails@348cb8, 4=com.java.Objects.TestDataDetails@a4579e, 5=com.java.Objects.TestDataDetails@1e9bb55, 6=com.java.Objects.TestDataDetails@13d12bf, 7=com.java.Objects.TestDataDetails@cdca7b, 8=com.java.Objects.TestDataDetails@1c0b36d, 9=com.java.Objects.TestDataDetails@dc471a, 10=com.java.Objects.TestDataDetails@1916b85, 11=com.java.Objects.TestDataDetails@1634b4a, 12=com.java.Objects.TestDataDetails@7f3311, 13=com.java.Objects.TestDataDetails@32d442}
[INFO ][2015-11-09 17:24:56,125][com.java.TestType] [  467] -  str(1) = 1
[INFO ][2015-11-09 17:24:56,125][com.java.TestType] [  470] - Test case Id is---1
[INFO ][2015-11-09 17:24:56,125][com.java.TestType] [  472] - 1
[INFO ][2015-11-09 17:24:56,125][com.java.TestType] [  467] -  str(2) = 14
[INFO ][2015-11-09 17:24:56,125][com.java.TestType] [  519] - row values are--------{1=com.java.Objects.TestDataDetails@1ada224, 2=com.java.Objects.TestDataDetails@f2d3fd, 3=com.java.Objects.TestDataDetails@348cb8, 4=com.java.Objects.TestDataDetails@a4579e, 5=com.java.Objects.TestDataDetails@1e9bb55, 6=com.java.Objects.TestDataDetails@13d12bf, 7=com.java.Objects.TestDataDetails@cdca7b, 8=com.java.Objects.TestDataDetails@1c0b36d, 9=com.java.Objects.TestDataDetails@dc471a, 10=com.java.Objects.TestDataDetails@1916b85, 11=com.java.Objects.TestDataDetails@1634b4a, 12=com.java.Objects.TestDataDetails@7f3311, 13=com.java.Objects.TestDataDetails@32d442, 14=com.java.Objects.TestDataDetails@15d7af8}
[INFO ][2015-11-09 17:24:56,125][com.java.TestType] [ 8258] - Looping 1TCID = 1
[DEBUG][2015-11-09 17:24:56,125][com.java.TestType] [ 8299] - Concept ID:1 :: Step being Executed: 1::1
[INFO ][2015-11-09 17:24:56,125][com.java.TestType] [ 8337] - dataFields : TXTusername
[DEBUG][2015-11-09 17:24:56,125][com.java.TestType] [ 8343] - <In Set values of the page>
[DEBUG][2015-11-09 17:24:56,125][com.java.TestType] [ 8348] - {Data Fields & Data Values Exist}
[INFO ][2015-11-09 17:24:56,125][com.java.TestType] [ 8354] - --------------------------setting values-----------------------------
[INFO ][2015-11-09 17:24:56,125][com.java.TestType] [ 8357] - Action Type : CLEARANDENTER
[INFO ][2015-11-09 17:24:56,125][com.java.TestType] [ 4108] - value = valuelabs.ie11.03890
[INFO ][2015-11-09 17:25:00,974][com.java.TestType] [ 8376] -  RESULT true
[INFO ][2015-11-09 17:25:00,974][com.java.TestType] [ 8493] - ?   P A S S   ?
[DEBUG][2015-11-09 17:25:00,974][com.java.TestType] [ 8299] - Concept ID:1 :: Step being Executed: 1::2
[INFO ][2015-11-09 17:25:00,974][com.java.TestType] [ 8337] - dataFields : TXTpassword
[DEBUG][2015-11-09 17:25:00,974][com.java.TestType] [ 8343] - <In Set values of the page>
[DEBUG][2015-11-09 17:25:00,984][com.java.TestType] [ 8348] - {Data Fields & Data Values Exist}
[INFO ][2015-11-09 17:25:00,984][com.java.TestType] [ 8354] - --------------------------setting values-----------------------------
[INFO ][2015-11-09 17:25:00,984][com.java.TestType] [ 8357] - Action Type : CLEARANDENTER
[INFO ][2015-11-09 17:25:00,984][com.java.TestType] [ 4108] - value = Password1*
[INFO ][2015-11-09 17:25:05,921][com.java.TestType] [ 8376] -  RESULT true
[INFO ][2015-11-09 17:25:05,921][com.java.TestType] [ 8493] - ?   P A S S   ?
[DEBUG][2015-11-09 17:25:05,921][com.java.TestType] [ 8299] - Concept ID:1 :: Step being Executed: 1::3
[ERROR][2015-11-09 17:25:05,921][com.java.TestType] [ 8332] - Exception: null
[INFO ][2015-11-09 17:25:05,921][com.java.TestType] [ 8337] - dataFields : XPH//button[@type='submit']
[DEBUG][2015-11-09 17:25:05,921][com.java.TestType] [ 8343] - <In Set values of the page>
[DEBUG][2015-11-09 17:25:05,921][com.java.TestType] [ 8348] - {Data Fields & Data Values Exist}
[INFO ][2015-11-09 17:25:05,921][com.java.TestType] [ 8354] - --------------------------setting values-----------------------------
[INFO ][2015-11-09 17:25:05,921][com.java.TestType] [ 8357] - Action Type : Click
[INFO ][2015-11-09 17:25:05,921][com.java.TestType] [ 4421] - Field ::XPH//button[@type='submit']
[INFO ][2015-11-09 17:25:06,921][com.java.TestType] [ 4480] - BEFORE CLICK
[INFO ][2015-11-09 17:25:07,759][com.java.TestType] [ 4488] - Unable to click the object Login
[INFO ][2015-11-09 17:25:07,759][com.java.TestType] [ 8376] -  RESULT true
[INFO ][2015-11-09 17:25:07,759][com.java.TestType] [ 8493] - ?   P A S S   ?
[DEBUG][2015-11-09 17:25:07,759][com.java.TestType] [ 8299] - Concept ID:1 :: Step being Executed: 1::4
[INFO ][2015-11-09 17:25:07,759][com.java.TestType] [ 8337] - dataFields : LNKLogout
[DEBUG][2015-11-09 17:25:07,759][com.java.TestType] [ 8343] - <In Set values of the page>
[DEBUG][2015-11-09 17:25:07,759][com.java.TestType] [ 8348] - {Data Fields & Data Values Exist}
[INFO ][2015-11-09 17:25:07,759][com.java.TestType] [ 8354] - --------------------------setting values-----------------------------
[INFO ][2015-11-09 17:25:07,759][com.java.TestType] [ 8357] - Action Type : WaitForElement
[INFO ][2015-11-09 17:25:22,893][com.java.TestType] [ 8376] -  RESULT true
[INFO ][2015-11-09 17:25:22,893][com.java.TestType] [ 8493] - ?   P A S S   ?
[DEBUG][2015-11-09 17:25:22,893][com.java.TestType] [ 8299] - Concept ID:1 :: Step being Executed: 1::13
[INFO ][2015-11-09 17:25:22,893][com.java.TestType] [ 8337] - dataFields : LNK
[DEBUG][2015-11-09 17:25:22,893][com.java.TestType] [ 8343] - <In Set values of the page>
[DEBUG][2015-11-09 17:25:22,893][com.java.TestType] [ 8348] - {Data Fields & Data Values Exist}
[INFO ][2015-11-09 17:25:22,893][com.java.TestType] [ 8354] - --------------------------setting values-----------------------------
[INFO ][2015-11-09 17:25:22,893][com.java.TestType] [ 8357] - Action Type : Verify
[INFO ][2015-11-09 17:25:22,893][com.java.TestType] [ 5234] - field= LNK value= Logout
[INFO ][2015-11-09 17:25:22,893][com.java.TestType] [ 4108] - value = Logout
[INFO ][2015-11-09 17:25:22,924][com.java.TestType] [ 8376] -  RESULT true
[INFO ][2015-11-09 17:25:22,924][com.java.TestType] [ 8493] - ?   P A S S   ?
[DEBUG][2015-11-09 17:25:22,924][com.java.TestType] [ 8299] - Concept ID:1 :: Step being Executed: 1::14
[INFO ][2015-11-09 17:25:22,924][com.java.TestType] [ 8337] - dataFields : BTN
[DEBUG][2015-11-09 17:25:22,924][com.java.TestType] [ 8343] - <In Set values of the page>
[DEBUG][2015-11-09 17:25:22,924][com.java.TestType] [ 8348] - {Data Fields & Data Values Exist}
[INFO ][2015-11-09 17:25:22,924][com.java.TestType] [ 8354] - --------------------------setting values-----------------------------
[INFO ][2015-11-09 17:25:22,924][com.java.TestType] [ 8357] - Action Type : Verify
[INFO ][2015-11-09 17:25:22,924][com.java.TestType] [ 5234] - field= BTN value= //img[contains(@src,'bdlogo.jpg')]
[INFO ][2015-11-09 17:25:22,924][com.java.TestType] [ 4108] - value = //img[contains(@src,'bdlogo.jpg')]
[INFO ][2015-11-09 17:25:22,954][com.java.TestType] [ 8376] -  RESULT true
[INFO ][2015-11-09 17:25:22,954][com.java.TestType] [ 8493] - ?   P A S S   ?
[INFO ][2015-11-09 17:25:22,954][com.java.TestType] [ 8564] - Looping End......
[INFO ][2015-11-09 17:25:22,954][com.java.SeleniumDriver] [  861] -  RESULT true
[INFO ][2015-11-09 17:25:22,954][com.java.SeleniumDriver] [ 1066] - ?   P A S S   ?
[INFO ][2015-11-09 17:25:22,954][com.java.SeleniumDriver] [  788] - ------------------------------------------
[INFO ][2015-11-09 17:25:22,954][com.java.SeleniumDriver] [  789] - Test case being Executed: 7
[INFO ][2015-11-09 17:25:22,954][com.java.SeleniumDriver] [  800] - Test step:55
[INFO ][2015-11-09 17:25:22,954][com.java.SeleniumDriver] [  812] - Datavalue is----------null
[DEBUG][2015-11-09 17:25:22,954][com.java.SeleniumDriver] [  830] - Exception: null
[INFO ][2015-11-09 17:25:22,954][com.java.SeleniumDriver] [  836] - DataField : //span[@class='icon-user4']&&//a[text()='Users']&&//a[@data-id="ModifyUsers"]
[INFO ][2015-11-09 17:25:22,954][com.java.SeleniumDriver] [  838] - DataValue : 
[INFO ][2015-11-09 17:25:22,954][com.java.SeleniumDriver] [  844] - <In Set values of the page>
[INFO ][2015-11-09 17:25:22,954][com.java.SeleniumDriver] [  847] - {Data Fields & Data Values Exist}
[INFO ][2015-11-09 17:25:22,954][com.java.SeleniumDriver] [  849] - --------------------------setting values-----------------------------
[INFO ][2015-11-09 17:25:22,954][com.java.SeleniumDriver] [  852] - Action Type : MouseOver
[INFO ][2015-11-09 17:26:03,455][com.java.SeleniumDriver] [  861] -  RESULT true
[INFO ][2015-11-09 17:26:03,455][com.java.SeleniumDriver] [ 1066] - ?   P A S S   ?
[INFO ][2015-11-09 17:26:03,455][com.java.SeleniumDriver] [  788] - ------------------------------------------
[INFO ][2015-11-09 17:26:03,455][com.java.SeleniumDriver] [  789] - Test case being Executed: 7
[INFO ][2015-11-09 17:26:03,455][com.java.SeleniumDriver] [  800] - Test step:56
[INFO ][2015-11-09 17:26:03,455][com.java.SeleniumDriver] [  812] - Datavalue is----------null
[DEBUG][2015-11-09 17:26:03,455][com.java.SeleniumDriver] [  830] - Exception: null
[INFO ][2015-11-09 17:26:03,455][com.java.SeleniumDriver] [  836] - DataField : BTNframeDialogContent
[INFO ][2015-11-09 17:26:03,455][com.java.SeleniumDriver] [  838] - DataValue : 
[INFO ][2015-11-09 17:26:03,455][com.java.SeleniumDriver] [  844] - <In Set values of the page>
[INFO ][2015-11-09 17:26:03,455][com.java.SeleniumDriver] [  847] - {Data Fields & Data Values Exist}
[INFO ][2015-11-09 17:26:03,455][com.java.SeleniumDriver] [  849] - --------------------------setting values-----------------------------
[INFO ][2015-11-09 17:26:03,455][com.java.SeleniumDriver] [  852] - Action Type : WaitForElement
[INFO ][2015-11-09 17:26:04,665][com.java.SeleniumDriver] [  861] -  RESULT true
[INFO ][2015-11-09 17:26:04,665][com.java.SeleniumDriver] [ 1066] - ?   P A S S   ?
[INFO ][2015-11-09 17:26:04,665][com.java.SeleniumDriver] [  788] - ------------------------------------------
[INFO ][2015-11-09 17:26:04,665][com.java.SeleniumDriver] [  789] - Test case being Executed: 7
[INFO ][2015-11-09 17:26:04,665][com.java.SeleniumDriver] [  800] - Test step:57
[INFO ][2015-11-09 17:26:04,665][com.java.SeleniumDriver] [  812] - Datavalue is----------null
[DEBUG][2015-11-09 17:26:04,665][com.java.SeleniumDriver] [  830] - Exception: null
[INFO ][2015-11-09 17:26:04,665][com.java.SeleniumDriver] [  836] - DataField : BTNframeDialogContent
[INFO ][2015-11-09 17:26:04,665][com.java.SeleniumDriver] [  838] - DataValue : 
[INFO ][2015-11-09 17:26:04,665][com.java.SeleniumDriver] [  844] - <In Set values of the page>
[INFO ][2015-11-09 17:26:04,665][com.java.SeleniumDriver] [  847] - {Data Fields & Data Values Exist}
[INFO ][2015-11-09 17:26:04,665][com.java.SeleniumDriver] [  849] - --------------------------setting values-----------------------------
[INFO ][2015-11-09 17:26:04,665][com.java.SeleniumDriver] [  852] - Action Type : SelectFrame
[INFO ][2015-11-09 17:26:05,907][com.java.SeleniumDriver] [  861] -  RESULT true
[INFO ][2015-11-09 17:26:05,907][com.java.SeleniumDriver] [ 1066] - ?   P A S S   ?
[INFO ][2015-11-09 17:26:05,907][com.java.SeleniumDriver] [  788] - ------------------------------------------
[INFO ][2015-11-09 17:26:05,907][com.java.SeleniumDriver] [  789] - Test case being Executed: 7
[INFO ][2015-11-09 17:26:05,907][com.java.SeleniumDriver] [  800] - Test step:58
[INFO ][2015-11-09 17:26:05,907][com.java.SeleniumDriver] [  812] - Datavalue is----------dt:NewUserName
[INFO ][2015-11-09 17:26:05,907][com.java.SeleniumDriver] [  836] - DataField : test
[INFO ][2015-11-09 17:26:05,907][com.java.SeleniumDriver] [  838] - DataValue : dt:NewUserName
[INFO ][2015-11-09 17:26:05,907][com.java.SeleniumDriver] [  844] - <In Set values of the page>
[INFO ][2015-11-09 17:26:05,907][com.java.SeleniumDriver] [  847] - {Data Fields & Data Values Exist}
[INFO ][2015-11-09 17:26:05,907][com.java.SeleniumDriver] [  849] - --------------------------setting values-----------------------------
[INFO ][2015-11-09 17:26:05,907][com.java.SeleniumDriver] [  852] - Action Type : DelUser
[INFO ][2015-11-09 17:26:05,907][com.java.TestType] [ 4108] - value = vltest.robot
[INFO ][2015-11-09 17:26:09,351][com.java.TestType] [ 4421] - Field ::CNF
[INFO ][2015-11-09 17:26:10,701][com.java.TestType] [ 4476] - Click the object AcceptAlert
[INFO ][2015-11-09 17:26:10,701][com.java.TestType] [ 4477] - Unable to click the object AcceptAlert
[INFO ][2015-11-09 17:26:10,701][com.java.SeleniumDriver] [  861] -  RESULT true
[INFO ][2015-11-09 17:26:10,701][com.java.SeleniumDriver] [ 1066] - ?   P A S S   ?
[INFO ][2015-11-09 17:26:10,701][com.java.SeleniumDriver] [  788] - ------------------------------------------
[INFO ][2015-11-09 17:26:10,701][com.java.SeleniumDriver] [  789] - Test case being Executed: 7
[INFO ][2015-11-09 17:26:10,701][com.java.SeleniumDriver] [  800] - Test step:59
[INFO ][2015-11-09 17:26:10,701][com.java.SeleniumDriver] [  812] - Datavalue is----------null
[DEBUG][2015-11-09 17:26:10,701][com.java.SeleniumDriver] [  830] - Exception: null
[INFO ][2015-11-09 17:26:10,701][com.java.SeleniumDriver] [  836] - DataField : test
[INFO ][2015-11-09 17:26:10,701][com.java.SeleniumDriver] [  838] - DataValue : 
[INFO ][2015-11-09 17:26:10,701][com.java.SeleniumDriver] [  844] - <In Set values of the page>
[INFO ][2015-11-09 17:26:10,701][com.java.SeleniumDriver] [  847] - {Data Fields & Data Values Exist}
[INFO ][2015-11-09 17:26:10,701][com.java.SeleniumDriver] [  849] - --------------------------setting values-----------------------------
[INFO ][2015-11-09 17:26:10,701][com.java.SeleniumDriver] [  852] - Action Type : WaitTime
[DEBUG][2015-11-09 17:26:10,701][com.java.TestType] [ 3943] - sleepTime: 10000
[INFO ][2015-11-09 17:26:20,704][com.java.SeleniumDriver] [  861] -  RESULT true
[INFO ][2015-11-09 17:26:20,704][com.java.SeleniumDriver] [ 1066] - ?   P A S S   ?
[INFO ][2015-11-09 17:26:20,704][com.java.SeleniumDriver] [  788] - ------------------------------------------
[INFO ][2015-11-09 17:26:20,704][com.java.SeleniumDriver] [  789] - Test case being Executed: 7
[INFO ][2015-11-09 17:26:20,704][com.java.SeleniumDriver] [  800] - Test step:60
[INFO ][2015-11-09 17:26:20,704][com.java.SeleniumDriver] [  812] - Datavalue is----------null
[DEBUG][2015-11-09 17:26:20,704][com.java.SeleniumDriver] [  830] - Exception: null
[INFO ][2015-11-09 17:26:20,704][com.java.SeleniumDriver] [  836] - DataField : BTNbtnAddUser
[INFO ][2015-11-09 17:26:20,704][com.java.SeleniumDriver] [  838] - DataValue : 
[INFO ][2015-11-09 17:26:20,704][com.java.SeleniumDriver] [  844] - <In Set values of the page>
[INFO ][2015-11-09 17:26:20,704][com.java.SeleniumDriver] [  847] - {Data Fields & Data Values Exist}
[INFO ][2015-11-09 17:26:20,704][com.java.SeleniumDriver] [  849] - --------------------------setting values-----------------------------
[INFO ][2015-11-09 17:26:20,704][com.java.SeleniumDriver] [  852] - Action Type : WaitForElement
[INFO ][2015-11-09 17:26:22,555][com.java.SeleniumDriver] [  861] -  RESULT true
[INFO ][2015-11-09 17:26:22,555][com.java.SeleniumDriver] [ 1066] - ?   P A S S   ?
[INFO ][2015-11-09 17:26:22,555][com.java.SeleniumDriver] [  788] - ------------------------------------------
[INFO ][2015-11-09 17:26:22,555][com.java.SeleniumDriver] [  789] - Test case being Executed: 7
[INFO ][2015-11-09 17:26:22,555][com.java.SeleniumDriver] [  800] - Test step:61
[INFO ][2015-11-09 17:26:22,555][com.java.SeleniumDriver] [  812] - Datavalue is----------HMVLogin_username
[INFO ][2015-11-09 17:26:22,555][com.java.SeleniumDriver] [  836] - DataField : LNK
[INFO ][2015-11-09 17:26:22,555][com.java.SeleniumDriver] [  838] - DataValue : HMVLogin_username
[INFO ][2015-11-09 17:26:22,555][com.java.SeleniumDriver] [  844] - <In Set values of the page>
[INFO ][2015-11-09 17:26:22,555][com.java.SeleniumDriver] [  847] - {Data Fields & Data Values Exist}
[INFO ][2015-11-09 17:26:22,555][com.java.SeleniumDriver] [  849] - --------------------------setting values-----------------------------
[INFO ][2015-11-09 17:26:22,555][com.java.SeleniumDriver] [  852] - Action Type : VERIFYNOTPRESENT
[INFO ][2015-11-09 17:26:22,555][com.java.TestType] [ 6422] - field= LNK value= HMVLogin_username
[INFO ][2015-11-09 17:26:45,464][com.java.SeleniumDriver] [  861] -  RESULT true
[INFO ][2015-11-09 17:26:45,464][com.java.SeleniumDriver] [ 1066] - ?   P A S S   ?
[INFO ][2015-11-09 17:26:45,464][com.java.SeleniumDriver] [  788] - ------------------------------------------
[INFO ][2015-11-09 17:26:45,464][com.java.SeleniumDriver] [  789] - Test case being Executed: 7
[INFO ][2015-11-09 17:26:45,464][com.java.SeleniumDriver] [  800] - Test step:62
[INFO ][2015-11-09 17:26:45,464][com.java.SeleniumDriver] [  812] - Datavalue is----------null
[DEBUG][2015-11-09 17:26:45,464][com.java.SeleniumDriver] [  830] - Exception: null
[INFO ][2015-11-09 17:26:45,464][com.java.SeleniumDriver] [  836] - DataField : BTNparent
[INFO ][2015-11-09 17:26:45,464][com.java.SeleniumDriver] [  838] - DataValue : 
[INFO ][2015-11-09 17:26:45,464][com.java.SeleniumDriver] [  844] - <In Set values of the page>
[INFO ][2015-11-09 17:26:45,464][com.java.SeleniumDriver] [  847] - {Data Fields & Data Values Exist}
[INFO ][2015-11-09 17:26:45,464][com.java.SeleniumDriver] [  849] - --------------------------setting values-----------------------------
[INFO ][2015-11-09 17:26:45,464][com.java.SeleniumDriver] [  852] - Action Type : SelectFrame
[INFO ][2015-11-09 17:26:45,465][com.java.SeleniumDriver] [  861] -  RESULT true
[INFO ][2015-11-09 17:26:45,465][com.java.SeleniumDriver] [ 1066] - ?   P A S S   ?
[INFO ][2015-11-09 17:26:45,465][com.java.SeleniumDriver] [  788] - ------------------------------------------
[INFO ][2015-11-09 17:26:45,465][com.java.SeleniumDriver] [  789] - Test case being Executed: 7
[INFO ][2015-11-09 17:26:45,465][com.java.SeleniumDriver] [  800] - Test step:63
[INFO ][2015-11-09 17:26:45,465][com.java.SeleniumDriver] [  812] - Datavalue is----------null
[DEBUG][2015-11-09 17:26:45,465][com.java.SeleniumDriver] [  830] - Exception: null
[INFO ][2015-11-09 17:26:45,465][com.java.SeleniumDriver] [  836] - DataField : BTN//span[text()='Finished']
[INFO ][2015-11-09 17:26:45,465][com.java.SeleniumDriver] [  838] - DataValue : 
[INFO ][2015-11-09 17:26:45,465][com.java.SeleniumDriver] [  844] - <In Set values of the page>
[INFO ][2015-11-09 17:26:45,465][com.java.SeleniumDriver] [  847] - {Data Fields & Data Values Exist}
[INFO ][2015-11-09 17:26:45,465][com.java.SeleniumDriver] [  849] - --------------------------setting values-----------------------------
[INFO ][2015-11-09 17:26:45,465][com.java.SeleniumDriver] [  852] - Action Type : Click
[INFO ][2015-11-09 17:26:45,465][com.java.TestType] [ 4421] - Field ::BTN//span[text()='Finished']
[INFO ][2015-11-09 17:26:46,475][com.java.TestType] [ 4459] - BEFORE CLICK
[INFO ][2015-11-09 17:26:47,013][com.java.TestType] [ 4466] - Unable to click the object Finished button
[INFO ][2015-11-09 17:26:47,013][com.java.SeleniumDriver] [  861] -  RESULT true
[INFO ][2015-11-09 17:26:47,013][com.java.SeleniumDriver] [ 1066] - ?   P A S S   ?
[DEBUG][2015-11-09 17:26:47,013][com.java.SeleniumDriver] [ 1168] - Case found
[DEBUG][2015-11-09 17:26:47,013][com.java.SeleniumDriver] [ 1173] - Incrementing ReportCounters[0]:2
[INFO ][2015-11-09 17:26:47,013][com.java.SeleniumDriver] [ 1192] - The results are-------------------[7, 1, Manage Users: Add User, Pass, , Mon Nov 09 17:20:53 IST 2015, 7, 3, Manage Users: Add User, Pass, , Mon Nov 09 17:20:58 IST 2015, 7, 4, Manage Users: Add User, Pass, , Mon Nov 09 17:21:25 IST 2015, 7, 5, Manage Users: Add User, Pass, , Mon Nov 09 17:21:27 IST 2015, 7, 6, Manage Users: Add User, Pass, , Mon Nov 09 17:21:28 IST 2015, 7, 7, Manage Users: Add User, Pass, , Mon Nov 09 17:21:30 IST 2015, 7, 8, Manage Users: Add User, Pass, , Mon Nov 09 17:21:33 IST 2015, 7, 9, Manage Users: Add User, Pass, , Mon Nov 09 17:21:41 IST 2015, 7, 10, Manage Users: Add User, Pass, , Mon Nov 09 17:21:44 IST 2015, 7, 11, Manage Users: Add User, Pass, , Mon Nov 09 17:21:47 IST 2015, 7, 12, Manage Users: Add User, Pass, , Mon Nov 09 17:21:50 IST 2015, 7, 13, Manage Users: Add User, Pass, , Mon Nov 09 17:21:53 IST 2015, 7, 14, Manage Users: Add User, Pass, , Mon Nov 09 17:21:56 IST 2015, 7, 15, Manage Users: Add User, Pass, , Mon Nov 09 17:21:59 IST 2015, 7, 16, Manage Users: Add User, Pass, , Mon Nov 09 17:22:02 IST 2015, 7, 17, Manage Users: Add User, Pass, , Mon Nov 09 17:22:05 IST 2015, 7, 18, Manage Users: Add User, Pass, , Mon Nov 09 17:22:08 IST 2015, 7, 19, Manage Users: Add User, Pass, , Mon Nov 09 17:22:08 IST 2015, 7, 20, Manage Users: Add User, Pass, , Mon Nov 09 17:22:13 IST 2015, 7, 21, Manage Users: Add User, Pass, , Mon Nov 09 17:22:15 IST 2015, 7, 22, Manage Users: Add User, Pass, , Mon Nov 09 17:22:15 IST 2015, 7, 23, Manage Users: Add User, Pass, , Mon Nov 09 17:22:17 IST 2015, 7, 24, Manage Users: Add User, Pass, , Mon Nov 09 17:22:19 IST 2015, 7, 25, Manage Users: Add User, Pass, , Mon Nov 09 17:22:21 IST 2015, 7, 26, Manage Users: Add User, Pass, , Mon Nov 09 17:22:24 IST 2015, 7, 27, Manage Users: Add User, Pass, , Mon Nov 09 17:22:26 IST 2015, 7, 28, Manage Users: Add User, Pass, , Mon Nov 09 17:22:26 IST 2015, 7, 29, Manage Users: Add User, Pass, , Mon Nov 09 17:22:31 IST 2015, 7, 30, Manage Users: Add User, Pass, , Mon Nov 09 17:22:43 IST 2015, 7, 31, Manage Users: Add User, Pass, , Mon Nov 09 17:22:45 IST 2015, 7, 32, Manage Users: Add User, Pass, , Mon Nov 09 17:22:46 IST 2015, 7, 33, Manage Users: Add User, Pass, , Mon Nov 09 17:22:46 IST 2015, 7, 34, Manage Users: Add User, Pass, , Mon Nov 09 17:22:46 IST 2015, 7, 35, Manage Users: Add User, Pass, , Mon Nov 09 17:22:46 IST 2015, 7, 36, Manage Users: Add User, Pass, , Mon Nov 09 17:22:46 IST 2015, 7, 37, Manage Users: Add User, Pass, , Mon Nov 09 17:22:48 IST 2015, 7, 38, Manage Users: Add User, Pass, , Mon Nov 09 17:23:06 IST 2015, 7, 39, Manage Users: Add User, Pass, , Mon Nov 09 17:23:11 IST 2015, 7, 40, Manage Users: Add User, Pass, , Mon Nov 09 17:23:16 IST 2015, 7, 41, Manage Users: Add User, Pass, , Mon Nov 09 17:23:18 IST 2015, 7, 42, Manage Users: Add User, Pass, , Mon Nov 09 17:23:28 IST 2015, 7, 43, Manage Users: Add User, Pass, , Mon Nov 09 17:23:48 IST 2015, 7, 44, Manage Users: Add User, Pass, , Mon Nov 09 17:24:08 IST 2015, 7, 45, Manage Users: Add User, Pass, , Mon Nov 09 17:24:35 IST 2015, 7, 46, Manage Users: Add User, Pass, , Mon Nov 09 17:24:36 IST 2015, 7, 47, Manage Users: Add User, Pass, , Mon Nov 09 17:24:36 IST 2015, 7, 48, Manage Users: Add User, Pass, , Mon Nov 09 17:24:38 IST 2015, 7, 49, Manage Users: Add User, Pass, , Mon Nov 09 17:24:38 IST 2015, 7, 50, Manage Users: Add User, Pass, , Mon Nov 09 17:24:40 IST 2015, 7, 51, Manage Users: Add User, Pass, , Mon Nov 09 17:24:40 IST 2015, 7, 52, Manage Users: Add User, Pass, , Mon Nov 09 17:24:40 IST 2015, 7, 53, Manage Users: Add User, Pass, , Mon Nov 09 17:24:56 IST 2015, 7, 54, Manage Users: Add User, Pass, , Mon Nov 09 17:25:22 IST 2015, 7, 55, Manage Users: Add User, Pass, , Mon Nov 09 17:26:03 IST 2015, 7, 56, Manage Users: Add User, Pass, , Mon Nov 09 17:26:04 IST 2015, 7, 57, Manage Users: Add User, Pass, , Mon Nov 09 17:26:05 IST 2015, 7, 58, Manage Users: Add User, Pass, , Mon Nov 09 17:26:10 IST 2015, 7, 59, Manage Users: Add User, Pass, , Mon Nov 09 17:26:20 IST 2015, 7, 60, Manage Users: Add User, Pass, , Mon Nov 09 17:26:22 IST 2015, 7, 61, Manage Users: Add User, Pass, , Mon Nov 09 17:26:45 IST 2015, 7, 62, Manage Users: Add User, Pass, , Mon Nov 09 17:26:45 IST 2015, 7, 63, Valid Login, Pass, , Mon Nov 09 17:26:47 IST 2015]
[INFO ][2015-11-09 17:26:47,013][com.java.SeleniumDriver] [ 1196] - End time is-------7 min 43 sec
[INFO ][2015-11-09 17:26:47,013][com.java.SeleniumDriver] [ 1197] - The results are-------------------[7, 1, Manage Users: Add User, Pass, , Mon Nov 09 17:20:53 IST 2015, 7, 3, Manage Users: Add User, Pass, , Mon Nov 09 17:20:58 IST 2015, 7, 4, Manage Users: Add User, Pass, , Mon Nov 09 17:21:25 IST 2015, 7, 5, Manage Users: Add User, Pass, , Mon Nov 09 17:21:27 IST 2015, 7, 6, Manage Users: Add User, Pass, , Mon Nov 09 17:21:28 IST 2015, 7, 7, Manage Users: Add User, Pass, , Mon Nov 09 17:21:30 IST 2015, 7, 8, Manage Users: Add User, Pass, , Mon Nov 09 17:21:33 IST 2015, 7, 9, Manage Users: Add User, Pass, , Mon Nov 09 17:21:41 IST 2015, 7, 10, Manage Users: Add User, Pass, , Mon Nov 09 17:21:44 IST 2015, 7, 11, Manage Users: Add User, Pass, , Mon Nov 09 17:21:47 IST 2015, 7, 12, Manage Users: Add User, Pass, , Mon Nov 09 17:21:50 IST 2015, 7, 13, Manage Users: Add User, Pass, , Mon Nov 09 17:21:53 IST 2015, 7, 14, Manage Users: Add User, Pass, , Mon Nov 09 17:21:56 IST 2015, 7, 15, Manage Users: Add User, Pass, , Mon Nov 09 17:21:59 IST 2015, 7, 16, Manage Users: Add User, Pass, , Mon Nov 09 17:22:02 IST 2015, 7, 17, Manage Users: Add User, Pass, , Mon Nov 09 17:22:05 IST 2015, 7, 18, Manage Users: Add User, Pass, , Mon Nov 09 17:22:08 IST 2015, 7, 19, Manage Users: Add User, Pass, , Mon Nov 09 17:22:08 IST 2015, 7, 20, Manage Users: Add User, Pass, , Mon Nov 09 17:22:13 IST 2015, 7, 21, Manage Users: Add User, Pass, , Mon Nov 09 17:22:15 IST 2015, 7, 22, Manage Users: Add User, Pass, , Mon Nov 09 17:22:15 IST 2015, 7, 23, Manage Users: Add User, Pass, , Mon Nov 09 17:22:17 IST 2015, 7, 24, Manage Users: Add User, Pass, , Mon Nov 09 17:22:19 IST 2015, 7, 25, Manage Users: Add User, Pass, , Mon Nov 09 17:22:21 IST 2015, 7, 26, Manage Users: Add User, Pass, , Mon Nov 09 17:22:24 IST 2015, 7, 27, Manage Users: Add User, Pass, , Mon Nov 09 17:22:26 IST 2015, 7, 28, Manage Users: Add User, Pass, , Mon Nov 09 17:22:26 IST 2015, 7, 29, Manage Users: Add User, Pass, , Mon Nov 09 17:22:31 IST 2015, 7, 30, Manage Users: Add User, Pass, , Mon Nov 09 17:22:43 IST 2015, 7, 31, Manage Users: Add User, Pass, , Mon Nov 09 17:22:45 IST 2015, 7, 32, Manage Users: Add User, Pass, , Mon Nov 09 17:22:46 IST 2015, 7, 33, Manage Users: Add User, Pass, , Mon Nov 09 17:22:46 IST 2015, 7, 34, Manage Users: Add User, Pass, , Mon Nov 09 17:22:46 IST 2015, 7, 35, Manage Users: Add User, Pass, , Mon Nov 09 17:22:46 IST 2015, 7, 36, Manage Users: Add User, Pass, , Mon Nov 09 17:22:46 IST 2015, 7, 37, Manage Users: Add User, Pass, , Mon Nov 09 17:22:48 IST 2015, 7, 38, Manage Users: Add User, Pass, , Mon Nov 09 17:23:06 IST 2015, 7, 39, Manage Users: Add User, Pass, , Mon Nov 09 17:23:11 IST 2015, 7, 40, Manage Users: Add User, Pass, , Mon Nov 09 17:23:16 IST 2015, 7, 41, Manage Users: Add User, Pass, , Mon Nov 09 17:23:18 IST 2015, 7, 42, Manage Users: Add User, Pass, , Mon Nov 09 17:23:28 IST 2015, 7, 43, Manage Users: Add User, Pass, , Mon Nov 09 17:23:48 IST 2015, 7, 44, Manage Users: Add User, Pass, , Mon Nov 09 17:24:08 IST 2015, 7, 45, Manage Users: Add User, Pass, , Mon Nov 09 17:24:35 IST 2015, 7, 46, Manage Users: Add User, Pass, , Mon Nov 09 17:24:36 IST 2015, 7, 47, Manage Users: Add User, Pass, , Mon Nov 09 17:24:36 IST 2015, 7, 48, Manage Users: Add User, Pass, , Mon Nov 09 17:24:38 IST 2015, 7, 49, Manage Users: Add User, Pass, , Mon Nov 09 17:24:38 IST 2015, 7, 50, Manage Users: Add User, Pass, , Mon Nov 09 17:24:40 IST 2015, 7, 51, Manage Users: Add User, Pass, , Mon Nov 09 17:24:40 IST 2015, 7, 52, Manage Users: Add User, Pass, , Mon Nov 09 17:24:40 IST 2015, 7, 53, Manage Users: Add User, Pass, , Mon Nov 09 17:24:56 IST 2015, 7, 54, Manage Users: Add User, Pass, , Mon Nov 09 17:25:22 IST 2015, 7, 55, Manage Users: Add User, Pass, , Mon Nov 09 17:26:03 IST 2015, 7, 56, Manage Users: Add User, Pass, , Mon Nov 09 17:26:04 IST 2015, 7, 57, Manage Users: Add User, Pass, , Mon Nov 09 17:26:05 IST 2015, 7, 58, Manage Users: Add User, Pass, , Mon Nov 09 17:26:10 IST 2015, 7, 59, Manage Users: Add User, Pass, , Mon Nov 09 17:26:20 IST 2015, 7, 60, Manage Users: Add User, Pass, , Mon Nov 09 17:26:22 IST 2015, 7, 61, Manage Users: Add User, Pass, , Mon Nov 09 17:26:45 IST 2015, 7, 62, Manage Users: Add User, Pass, , Mon Nov 09 17:26:45 IST 2015, 7, 63, Valid Login, Pass, , Mon Nov 09 17:26:47 IST 2015]
[DEBUG][2015-11-09 17:26:47,013][com.java.ImportnExport.ExportTestResultsExcel] [  222] - testResultPath = D:\BankersDashboard/TestReports/Test Results_BankersDashBoard_110915_171905_IE11_Simmons First National Bank.xls
[DEBUG][2015-11-09 17:26:47,013][com.java.ImportnExport.ExportTestResultsExcel] [  223] - browser is------------IE11
[DEBUG][2015-11-09 17:26:47,023][com.java.ImportnExport.ExportTestResultsExcel] [  270] - result.size() = 372
[DEBUG][2015-11-09 17:26:47,023][com.java.ImportnExport.ExportTestResultsExcel] [  274] - No of rows in sheet=2
[DEBUG][2015-11-09 17:26:47,023][com.java.ImportnExport.ExportTestResultsExcel] [  301] - ..in export..7
[DEBUG][2015-11-09 17:26:47,023][com.java.ImportnExport.ExportTestResultsExcel] [  301] - ..in export..Manage Users: Add User
[DEBUG][2015-11-09 17:26:47,023][com.java.ImportnExport.ExportTestResultsExcel] [  301] - ..in export..Pass
[DEBUG][2015-11-09 17:26:47,023][com.java.ImportnExport.ExportTestResultsExcel] [  301] - ..in export..
[DEBUG][2015-11-09 17:26:47,023][com.java.ImportnExport.ExportTestResultsExcel] [  301] - ..in export..Mon Nov 09 17:20:53 IST 2015
[INFO ][2015-11-09 17:26:47,023][com.java.SeleniumDriver] [ 1255] - out loop:1 size:2 TestCases:[1, 7] testcases:[1, 7]
[INFO ][2015-11-09 17:26:49,023][com.java.SeleniumDriver] [ 1297] - Total Number of Cases:2
[INFO ][2015-11-09 17:26:49,023][com.java.TemplateGenerator] [  302] - Executed:2
[INFO ][2015-11-09 17:26:49,023][com.java.TemplateGenerator] [  303] - Passed:2
[INFO ][2015-11-09 17:26:49,023][com.java.TemplateGenerator] [  304] - Failed:0
[INFO ][2015-11-09 17:26:49,023][com.java.TemplateGenerator] [  305] - Skipeed:0
[INFO ][2015-11-09 17:26:49,023][com.java.TemplateGenerator] [  306] - Application URL:https://clients-xuat.bankersdashboard.com
[INFO ][2015-11-09 17:26:49,023][com.java.TemplateGenerator] [  307] - Start Time:110915_171905
[INFO ][2015-11-09 17:26:49,023][com.java.TemplateGenerator] [  308] -  Creating HTML Report 
[ERROR][2015-11-09 17:26:49,023][com.java.TemplateGenerator] [  409] - Unparseable date: "Mon Nov 09 05:19:05 IST 2015"
[INFO ][2015-11-09 17:26:49,023][com.java.TemplateGenerator] [  654] -  Exporting case :: 1
[INFO ][2015-11-09 17:26:49,023][com.java.TemplateGenerator] [  654] -  Exporting case :: 7
[INFO ][2015-11-09 17:26:49,033][com.java.SeleniumDriver] [ 1346] - End Time:110915_172649
[INFO ][2015-11-09 17:26:49,033][com.java.SeleniumDriver] [ 1349] - Data in Test Execution Details:{1=PASS, 7=PASS}
[INFO ][2015-11-09 17:26:49,033][com.java.SeleniumDriver] [ 1350] - Data in Failed Execution Deatils:{}
[INFO ][2015-11-09 17:26:49,033][com.java.SeleniumDriver] [ 1352] - ReportCounter:Total:2 :: PASS: 2 ::FAIL: 0
[INFO ][2015-11-09 17:26:49,033][com.java.SeleniumDriver] [ 1353] - FailedReportCounter:Total:0 :: PASS: 0 ::FAIL: 0
[INFO ][2015-11-09 17:26:49,034][com.java.EmailTestReport] [   63] - Sending report mail details:
[INFO ][2015-11-09 17:26:49,034][com.java.EmailTestReport] [   80] - Excel Report Path:D:\BankersDashboard/TestReports/Test Results_BankersDashBoard_110915_171905_IE11_Simmons First National Bank.xls
[INFO ][2015-11-09 17:26:49,034][com.java.EmailTestReport] [   81] - HTML Report Path:D:\BankersDashboard//TestReports//Test Results_BankersDashBoard_110915_171905_IE11_Simmons First National Bank.html
[INFO ][2015-11-09 17:26:49,034][com.java.EmailTestReport] [   82] - smtpHostName:mail01.valuelabs.com
[INFO ][2015-11-09 17:26:49,034][com.java.EmailTestReport] [   83] - Recipient:venkateswararao.gubbala@valuelabs.com
[INFO ][2015-11-09 17:26:49,034][com.java.EmailTestReport] [   84] - From:venkateswararao.gubbala@valuelabs.com
[INFO ][2015-11-09 17:26:49,034][com.java.EmailTestReport] [   85] - Subject:Deluxe Corp Bankers Dashboard Automation Test Report - Simmons First National Bank - IE11
[INFO ][2015-11-09 17:26:49,054][com.java.EmailTestReport] [  143] -  Added venkateswararao.gubbala@valuelabs.com
[INFO ][2015-11-09 17:26:52,464][com.java.SeleniumDriver] [  719] - quitting the browser 
[INFO ][2015-11-09 17:26:53,634][com.java.SeleniumDriver] [  263] - Execution Completed Stopping the thread
