[INFO ][2015-11-09 15:30:55,988][com.java.SeleniumDriver] [  213] - Execute Failed Casesfalse
[INFO ][2015-11-09 15:30:55,988][com.java.SeleniumDriver] [  214] - Browser: IE11
[INFO ][2015-11-09 15:30:55,988][com.java.SeleniumDriver] [  215] - [11, 7, 10]
[INFO ][2015-11-09 15:30:55,988][com.java.SeleniumDriver] [  216] - Total TestCases:3
[INFO ][2015-11-09 15:30:55,988][com.java.SeleniumDriver] [  217] -  Reading Properties from Property File 
[DEBUG][2015-11-09 15:30:55,988][com.java.SeleniumDriver] [  238] - url : https://clients-xuat.bankersdashboard.com
[INFO ][2015-11-09 15:30:55,988][com.java.ImportnExport.ExportTestResultsExcel] [  116] - Time Stamp Mon Nov 09 03:30:55 IST 2015
[INFO ][2015-11-09 15:30:55,988][com.java.ImportnExport.ExportTestResultsExcel] [  175] - OUT FILE : D:\BankersDashboard/TestReports/Test Results_BankersDashBoard_110915_153055_IE11_Bank of North Carolina.xls
[INFO ][2015-11-09 15:30:56,020][com.java.ImportnExport.ExportTestResultsExcel] [  180] - Test Result file is created
[DEBUG][2015-11-09 15:30:56,114][com.java.SeleniumDriver] [  425] - Hub ip address is-------172.17.68.34
[INFO ][2015-11-09 15:30:56,114][com.java.SeleniumDriver] [  451] - Grid URL:http://172.17.68.34:4444/wd/hub
[INFO ][2015-11-09 15:30:56,114][com.java.SeleniumDriver] [  452] - Capability:Capabilities [{platform=ANY, ensureCleanSession=true, ignoreProtectedModeSettings=true, acceptSslCerts=true, ignoreZoomSetting=true, browserName=internet explorer, browserstack.ie.noFlash=true, version=Node1}]
[ERROR][2015-11-09 15:30:57,424][com.java.SeleniumDriver] [  496] - Unable invoke browser in grid:Could not start a new session. Possible causes are invalid address of the remote server or browser start-up failure.
Build info: version: '2.48.2', revision: '41bccdd', time: '2015-10-09 19:59:12'
System info: host: 'FVTIII438F1D', ip: '172.17.68.34', os.name: 'Windows 7', os.arch: 'x86', os.version: '6.1', java.version: '1.7.0_55'
Driver info: driver.version: SeleniumDriver
[INFO ][2015-11-09 15:30:57,424][com.java.SeleniumDriver] [  498] - Executing on local machine
[INFO ][2015-11-09 15:31:11,844][com.java.SeleniumDriver] [  248] - IE11is opened
[INFO ][2015-11-09 15:31:12,502][com.java.SeleniumDriver] [  752] - Test cases to be executed are: [11, 7, 10]
[INFO ][2015-11-09 15:31:12,502][com.java.ImportnExport.ImportTestDataDetailsExcel] [   49] - test data details path===== D:\BankersDashboard\TestInputs\TestData.xls
[INFO ][2015-11-09 15:31:23,519][com.java.SeleniumDriver] [  788] - ------------------------------------------
[INFO ][2015-11-09 15:31:23,519][com.java.SeleniumDriver] [  789] - Test case being Executed: 11
[INFO ][2015-11-09 15:31:23,520][com.java.SeleniumDriver] [  800] - Test step:1
[INFO ][2015-11-09 15:31:23,520][com.java.SeleniumDriver] [  812] - Datavalue is----------dt:HTTPURL
[INFO ][2015-11-09 15:31:23,520][com.java.SeleniumDriver] [  836] - DataField : null
[INFO ][2015-11-09 15:31:23,520][com.java.SeleniumDriver] [  838] - DataValue : dt:HTTPURL
[INFO ][2015-11-09 15:31:23,520][com.java.SeleniumDriver] [  844] - <In Set values of the page>
[INFO ][2015-11-09 15:31:23,520][com.java.SeleniumDriver] [  847] - {Data Fields & Data Values Exist}
[INFO ][2015-11-09 15:31:23,520][com.java.SeleniumDriver] [  849] - --------------------------setting values-----------------------------
[INFO ][2015-11-09 15:31:23,520][com.java.SeleniumDriver] [  852] - Action Type : OpenURL
[INFO ][2015-11-09 15:31:23,551][com.java.TestType] [ 4078] - value = http://clients-xuat.bankersdashboard.com
[INFO ][2015-11-09 15:31:23,551][com.java.TestType] [  340] - Open URL : http://clients-xuat.bankersdashboard.com
[INFO ][2015-11-09 15:31:24,802][com.java.SeleniumDriver] [  861] -  RESULT true
[INFO ][2015-11-09 15:31:24,802][com.java.SeleniumDriver] [ 1066] - ?   P A S S   ?
[INFO ][2015-11-09 15:31:24,802][com.java.SeleniumDriver] [  788] - ------------------------------------------
[INFO ][2015-11-09 15:31:24,802][com.java.SeleniumDriver] [  789] - Test case being Executed: 11
[INFO ][2015-11-09 15:31:24,802][com.java.SeleniumDriver] [  800] - Test step:2
[INFO ][2015-11-09 15:31:24,802][com.java.SeleniumDriver] [  812] - Datavalue is----------dt:HTTPSURL
[INFO ][2015-11-09 15:31:24,802][com.java.SeleniumDriver] [  836] - DataField : test
[INFO ][2015-11-09 15:31:24,802][com.java.SeleniumDriver] [  838] - DataValue : dt:HTTPSURL
[INFO ][2015-11-09 15:31:24,802][com.java.SeleniumDriver] [  844] - <In Set values of the page>
[INFO ][2015-11-09 15:31:24,802][com.java.SeleniumDriver] [  847] - {Data Fields & Data Values Exist}
[INFO ][2015-11-09 15:31:24,802][com.java.SeleniumDriver] [  849] - --------------------------setting values-----------------------------
[INFO ][2015-11-09 15:31:24,802][com.java.SeleniumDriver] [  852] - Action Type : VerifyURL
[INFO ][2015-11-09 15:31:24,803][com.java.TestType] [ 4078] - value = https://clients-xuat.bankersdashboard.com
[INFO ][2015-11-09 15:31:24,803][com.java.SeleniumDriver] [  861] -  RESULT true
[INFO ][2015-11-09 15:31:24,803][com.java.SeleniumDriver] [ 1066] - ?   P A S S   ?
[DEBUG][2015-11-09 15:31:24,803][com.java.SeleniumDriver] [ 1168] - Case found
[DEBUG][2015-11-09 15:31:24,803][com.java.SeleniumDriver] [ 1173] - Incrementing ReportCounters[0]:1
[INFO ][2015-11-09 15:31:24,803][com.java.SeleniumDriver] [ 1192] - The results are-------------------[11, 1, HTTP Url Redirect, Pass, , Mon Nov 09 15:31:24 IST 2015, 11, 2, HTTP Url Redirect, Pass, , Mon Nov 09 15:31:24 IST 2015]
[INFO ][2015-11-09 15:31:24,803][com.java.SeleniumDriver] [ 1196] - End time is-------31 sec
[INFO ][2015-11-09 15:31:24,803][com.java.SeleniumDriver] [ 1197] - The results are-------------------[11, 1, HTTP Url Redirect, Pass, , Mon Nov 09 15:31:24 IST 2015, 11, 2, HTTP Url Redirect, Pass, , Mon Nov 09 15:31:24 IST 2015]
[DEBUG][2015-11-09 15:31:24,803][com.java.ImportnExport.ExportTestResultsExcel] [  222] - testResultPath = D:\BankersDashboard/TestReports/Test Results_BankersDashBoard_110915_153055_IE11_Bank of North Carolina.xls
[DEBUG][2015-11-09 15:31:24,803][com.java.ImportnExport.ExportTestResultsExcel] [  223] - browser is------------IE11
[DEBUG][2015-11-09 15:31:24,850][com.java.ImportnExport.ExportTestResultsExcel] [  270] - result.size() = 12
[DEBUG][2015-11-09 15:31:24,850][com.java.ImportnExport.ExportTestResultsExcel] [  274] - No of rows in sheet=1
[DEBUG][2015-11-09 15:31:24,850][com.java.ImportnExport.ExportTestResultsExcel] [  301] - ..in export..11
[DEBUG][2015-11-09 15:31:24,850][com.java.ImportnExport.ExportTestResultsExcel] [  301] - ..in export..HTTP Url Redirect
[DEBUG][2015-11-09 15:31:24,850][com.java.ImportnExport.ExportTestResultsExcel] [  301] - ..in export..Pass
[DEBUG][2015-11-09 15:31:24,850][com.java.ImportnExport.ExportTestResultsExcel] [  301] - ..in export..
[DEBUG][2015-11-09 15:31:24,850][com.java.ImportnExport.ExportTestResultsExcel] [  301] - ..in export..Mon Nov 09 15:31:24 IST 2015
[INFO ][2015-11-09 15:31:24,865][com.java.SeleniumDriver] [ 1255] - out loop:0 size:3 TestCases:[11, 7, 10] testcases:[11, 7, 10]
[INFO ][2015-11-09 15:31:24,865][com.java.ImportnExport.ImportTestDataDetailsExcel] [   49] - test data details path===== D:\BankersDashboard\TestInputs\TestData.xls
[INFO ][2015-11-09 15:31:35,912][com.java.SeleniumDriver] [  788] - ------------------------------------------
[INFO ][2015-11-09 15:31:35,912][com.java.SeleniumDriver] [  789] - Test case being Executed: 7
[INFO ][2015-11-09 15:31:35,912][com.java.SeleniumDriver] [  800] - Test step:1
[INFO ][2015-11-09 15:31:35,912][com.java.SeleniumDriver] [  812] - Datavalue is----------Logout
[INFO ][2015-11-09 15:31:35,912][com.java.SeleniumDriver] [  836] - DataField : BTN
[INFO ][2015-11-09 15:31:35,912][com.java.SeleniumDriver] [  838] - DataValue : Logout
[INFO ][2015-11-09 15:31:35,912][com.java.SeleniumDriver] [  844] - <In Set values of the page>
[INFO ][2015-11-09 15:31:35,912][com.java.SeleniumDriver] [  847] - {Data Fields & Data Values Exist}
[INFO ][2015-11-09 15:31:35,912][com.java.SeleniumDriver] [  849] - --------------------------setting values-----------------------------
[INFO ][2015-11-09 15:31:35,912][com.java.SeleniumDriver] [  852] - Action Type : Verify
[INFO ][2015-11-09 15:31:35,912][com.java.TestType] [ 5204] - field= BTN value= Logout
[INFO ][2015-11-09 15:31:35,912][com.java.TestType] [ 4078] - value = Logout
[ERROR][2015-11-09 15:31:53,853][com.java.TestType] [ 5673] - Assertion Error: 
[INFO ][2015-11-09 15:31:53,853][com.java.SeleniumDriver] [  861] -  RESULT false
[INFO ][2015-11-09 15:31:53,853][com.java.SeleniumDriver] [  908] - ?   F A I L   ?
[INFO ][2015-11-09 15:31:53,853][com.java.SeleniumDriver] [  916] - Browser Type : IE11
[INFO ][2015-11-09 15:31:53,853][com.java.SeleniumDriver] [  917] - Adding Failed case7
[DEBUG][2015-11-09 15:31:53,948][com.java.SeleniumDriver] [  984] -  tdd.getCondition() IF:3:Next
[INFO ][2015-11-09 15:31:53,948][com.java.SeleniumDriver] [  988] - Continue next step...
[INFO ][2015-11-09 15:31:53,948][com.java.SeleniumDriver] [  788] - ------------------------------------------
[INFO ][2015-11-09 15:31:53,948][com.java.SeleniumDriver] [  789] - Test case being Executed: 7
[INFO ][2015-11-09 15:31:53,948][com.java.SeleniumDriver] [  800] - Test step:2
[INFO ][2015-11-09 15:31:53,948][com.java.SeleniumDriver] [  812] - Datavalue is----------Concept#1:1-14
[INFO ][2015-11-09 15:31:53,948][com.java.SeleniumDriver] [  836] - DataField : test
[INFO ][2015-11-09 15:31:53,948][com.java.SeleniumDriver] [  838] - DataValue : Concept#1:1-14
[INFO ][2015-11-09 15:31:53,948][com.java.SeleniumDriver] [  844] - <In Set values of the page>
[INFO ][2015-11-09 15:31:53,948][com.java.SeleniumDriver] [  847] - {Data Fields & Data Values Exist}
[INFO ][2015-11-09 15:31:53,948][com.java.SeleniumDriver] [  849] - --------------------------setting values-----------------------------
[INFO ][2015-11-09 15:31:53,948][com.java.SeleniumDriver] [  852] - Action Type : ExecuteTestCase
[INFO ][2015-11-09 15:31:53,948][com.java.TestType] [  422] - The Concept sheet name is ---------- Concept
[INFO ][2015-11-09 15:31:53,948][com.java.TestType] [  425] - The Concept ID  is ---------- 1
[DEBUG][2015-11-09 15:31:53,948][com.java.TestType] [  429] - Steps being executted in the Concept are: 1:14
[INFO ][2015-11-09 15:31:53,948][com.java.TestType] [  436] - Test data details path ---------- D:\BankersDashboard\TestInputs\TestData.xls
[INFO ][2015-11-09 15:31:53,979][com.java.TestType] [  467] -  str(1) = 1
[INFO ][2015-11-09 15:31:53,979][com.java.TestType] [  470] - Test case Id is---1
[INFO ][2015-11-09 15:31:53,979][com.java.TestType] [  472] - 1
[INFO ][2015-11-09 15:31:53,979][com.java.TestType] [  467] -  str(2) = 1
[INFO ][2015-11-09 15:31:53,979][com.java.TestType] [  519] - row values are--------{1=com.java.Objects.TestDataDetails@1bdd51d}
[INFO ][2015-11-09 15:31:53,979][com.java.TestType] [  467] -  str(1) = 1
[INFO ][2015-11-09 15:31:53,979][com.java.TestType] [  470] - Test case Id is---1
[INFO ][2015-11-09 15:31:53,979][com.java.TestType] [  472] - 1
[INFO ][2015-11-09 15:31:53,979][com.java.TestType] [  467] -  str(2) = 2
[INFO ][2015-11-09 15:31:53,979][com.java.TestType] [  519] - row values are--------{1=com.java.Objects.TestDataDetails@1bdd51d, 2=com.java.Objects.TestDataDetails@17ce10d}
[INFO ][2015-11-09 15:31:53,979][com.java.TestType] [  467] -  str(1) = 1
[INFO ][2015-11-09 15:31:53,979][com.java.TestType] [  470] - Test case Id is---1
[INFO ][2015-11-09 15:31:53,979][com.java.TestType] [  472] - 1
[INFO ][2015-11-09 15:31:53,979][com.java.TestType] [  467] -  str(2) = 3
[INFO ][2015-11-09 15:31:53,979][com.java.TestType] [  519] - row values are--------{1=com.java.Objects.TestDataDetails@1bdd51d, 2=com.java.Objects.TestDataDetails@17ce10d, 3=com.java.Objects.TestDataDetails@67e50f}
[INFO ][2015-11-09 15:31:53,979][com.java.TestType] [  467] -  str(1) = 1
[INFO ][2015-11-09 15:31:53,979][com.java.TestType] [  470] - Test case Id is---1
[INFO ][2015-11-09 15:31:53,979][com.java.TestType] [  472] - 1
[INFO ][2015-11-09 15:31:53,979][com.java.TestType] [  467] -  str(2) = 4
[INFO ][2015-11-09 15:31:53,979][com.java.TestType] [  519] - row values are--------{1=com.java.Objects.TestDataDetails@1bdd51d, 2=com.java.Objects.TestDataDetails@17ce10d, 3=com.java.Objects.TestDataDetails@67e50f, 4=com.java.Objects.TestDataDetails@1dcb92d}
[INFO ][2015-11-09 15:31:53,979][com.java.TestType] [  467] -  str(1) = 1
[INFO ][2015-11-09 15:31:53,979][com.java.TestType] [  470] - Test case Id is---1
[INFO ][2015-11-09 15:31:53,979][com.java.TestType] [  472] - 1
[INFO ][2015-11-09 15:31:53,979][com.java.TestType] [  467] -  str(2) = 5
[INFO ][2015-11-09 15:31:53,979][com.java.TestType] [  519] - row values are--------{1=com.java.Objects.TestDataDetails@1bdd51d, 2=com.java.Objects.TestDataDetails@17ce10d, 3=com.java.Objects.TestDataDetails@67e50f, 4=com.java.Objects.TestDataDetails@1dcb92d, 5=com.java.Objects.TestDataDetails@1794cb9}
[INFO ][2015-11-09 15:31:53,979][com.java.TestType] [  467] -  str(1) = 1
[INFO ][2015-11-09 15:31:53,979][com.java.TestType] [  470] - Test case Id is---1
[INFO ][2015-11-09 15:31:53,979][com.java.TestType] [  472] - 1
[INFO ][2015-11-09 15:31:53,979][com.java.TestType] [  467] -  str(2) = 6
[INFO ][2015-11-09 15:31:53,979][com.java.TestType] [  519] - row values are--------{1=com.java.Objects.TestDataDetails@1bdd51d, 2=com.java.Objects.TestDataDetails@17ce10d, 3=com.java.Objects.TestDataDetails@67e50f, 4=com.java.Objects.TestDataDetails@1dcb92d, 5=com.java.Objects.TestDataDetails@1794cb9, 6=com.java.Objects.TestDataDetails@1269718}
[INFO ][2015-11-09 15:31:53,979][com.java.TestType] [  467] -  str(1) = 1
[INFO ][2015-11-09 15:31:53,979][com.java.TestType] [  470] - Test case Id is---1
[INFO ][2015-11-09 15:31:53,979][com.java.TestType] [  472] - 1
[INFO ][2015-11-09 15:31:53,979][com.java.TestType] [  467] -  str(2) = 7
[INFO ][2015-11-09 15:31:53,979][com.java.TestType] [  519] - row values are--------{1=com.java.Objects.TestDataDetails@1bdd51d, 2=com.java.Objects.TestDataDetails@17ce10d, 3=com.java.Objects.TestDataDetails@67e50f, 4=com.java.Objects.TestDataDetails@1dcb92d, 5=com.java.Objects.TestDataDetails@1794cb9, 6=com.java.Objects.TestDataDetails@1269718, 7=com.java.Objects.TestDataDetails@14356c8}
[INFO ][2015-11-09 15:31:53,979][com.java.TestType] [  467] -  str(1) = 1
[INFO ][2015-11-09 15:31:53,979][com.java.TestType] [  470] - Test case Id is---1
[INFO ][2015-11-09 15:31:53,979][com.java.TestType] [  472] - 1
[INFO ][2015-11-09 15:31:53,979][com.java.TestType] [  467] -  str(2) = 8
[INFO ][2015-11-09 15:31:53,979][com.java.TestType] [  519] - row values are--------{1=com.java.Objects.TestDataDetails@1bdd51d, 2=com.java.Objects.TestDataDetails@17ce10d, 3=com.java.Objects.TestDataDetails@67e50f, 4=com.java.Objects.TestDataDetails@1dcb92d, 5=com.java.Objects.TestDataDetails@1794cb9, 6=com.java.Objects.TestDataDetails@1269718, 7=com.java.Objects.TestDataDetails@14356c8, 8=com.java.Objects.TestDataDetails@4d838b}
[INFO ][2015-11-09 15:31:53,979][com.java.TestType] [  467] -  str(1) = 1
[INFO ][2015-11-09 15:31:53,979][com.java.TestType] [  470] - Test case Id is---1
[INFO ][2015-11-09 15:31:53,979][com.java.TestType] [  472] - 1
[INFO ][2015-11-09 15:31:53,979][com.java.TestType] [  467] -  str(2) = 9
[INFO ][2015-11-09 15:31:53,979][com.java.TestType] [  519] - row values are--------{1=com.java.Objects.TestDataDetails@1bdd51d, 2=com.java.Objects.TestDataDetails@17ce10d, 3=com.java.Objects.TestDataDetails@67e50f, 4=com.java.Objects.TestDataDetails@1dcb92d, 5=com.java.Objects.TestDataDetails@1794cb9, 6=com.java.Objects.TestDataDetails@1269718, 7=com.java.Objects.TestDataDetails@14356c8, 8=com.java.Objects.TestDataDetails@4d838b, 9=com.java.Objects.TestDataDetails@18bcd0}
[INFO ][2015-11-09 15:31:53,979][com.java.TestType] [  467] -  str(1) = 1
[INFO ][2015-11-09 15:31:53,979][com.java.TestType] [  470] - Test case Id is---1
[INFO ][2015-11-09 15:31:53,979][com.java.TestType] [  472] - 1
[INFO ][2015-11-09 15:31:53,979][com.java.TestType] [  467] -  str(2) = 10
[INFO ][2015-11-09 15:31:53,995][com.java.TestType] [  519] - row values are--------{1=com.java.Objects.TestDataDetails@1bdd51d, 2=com.java.Objects.TestDataDetails@17ce10d, 3=com.java.Objects.TestDataDetails@67e50f, 4=com.java.Objects.TestDataDetails@1dcb92d, 5=com.java.Objects.TestDataDetails@1794cb9, 6=com.java.Objects.TestDataDetails@1269718, 7=com.java.Objects.TestDataDetails@14356c8, 8=com.java.Objects.TestDataDetails@4d838b, 9=com.java.Objects.TestDataDetails@18bcd0, 10=com.java.Objects.TestDataDetails@1631f4f}
[INFO ][2015-11-09 15:31:53,995][com.java.TestType] [  467] -  str(1) = 1
[INFO ][2015-11-09 15:31:53,995][com.java.TestType] [  470] - Test case Id is---1
[INFO ][2015-11-09 15:31:53,995][com.java.TestType] [  472] - 1
[INFO ][2015-11-09 15:31:53,995][com.java.TestType] [  467] -  str(2) = 11
[INFO ][2015-11-09 15:31:53,995][com.java.TestType] [  519] - row values are--------{1=com.java.Objects.TestDataDetails@1bdd51d, 2=com.java.Objects.TestDataDetails@17ce10d, 3=com.java.Objects.TestDataDetails@67e50f, 4=com.java.Objects.TestDataDetails@1dcb92d, 5=com.java.Objects.TestDataDetails@1794cb9, 6=com.java.Objects.TestDataDetails@1269718, 7=com.java.Objects.TestDataDetails@14356c8, 8=com.java.Objects.TestDataDetails@4d838b, 9=com.java.Objects.TestDataDetails@18bcd0, 10=com.java.Objects.TestDataDetails@1631f4f, 11=com.java.Objects.TestDataDetails@1a7b3db}
[INFO ][2015-11-09 15:31:53,995][com.java.TestType] [  467] -  str(1) = 1
[INFO ][2015-11-09 15:31:53,995][com.java.TestType] [  470] - Test case Id is---1
[INFO ][2015-11-09 15:31:53,995][com.java.TestType] [  472] - 1
[INFO ][2015-11-09 15:31:53,995][com.java.TestType] [  467] -  str(2) = 12
[INFO ][2015-11-09 15:31:53,995][com.java.TestType] [  519] - row values are--------{1=com.java.Objects.TestDataDetails@1bdd51d, 2=com.java.Objects.TestDataDetails@17ce10d, 3=com.java.Objects.TestDataDetails@67e50f, 4=com.java.Objects.TestDataDetails@1dcb92d, 5=com.java.Objects.TestDataDetails@1794cb9, 6=com.java.Objects.TestDataDetails@1269718, 7=com.java.Objects.TestDataDetails@14356c8, 8=com.java.Objects.TestDataDetails@4d838b, 9=com.java.Objects.TestDataDetails@18bcd0, 10=com.java.Objects.TestDataDetails@1631f4f, 11=com.java.Objects.TestDataDetails@1a7b3db, 12=com.java.Objects.TestDataDetails@7cf4ba}
[INFO ][2015-11-09 15:31:53,995][com.java.TestType] [  467] -  str(1) = 1
[INFO ][2015-11-09 15:31:53,995][com.java.TestType] [  470] - Test case Id is---1
[INFO ][2015-11-09 15:31:53,995][com.java.TestType] [  472] - 1
[INFO ][2015-11-09 15:31:53,995][com.java.TestType] [  467] -  str(2) = 13
[INFO ][2015-11-09 15:31:53,995][com.java.TestType] [  519] - row values are--------{1=com.java.Objects.TestDataDetails@1bdd51d, 2=com.java.Objects.TestDataDetails@17ce10d, 3=com.java.Objects.TestDataDetails@67e50f, 4=com.java.Objects.TestDataDetails@1dcb92d, 5=com.java.Objects.TestDataDetails@1794cb9, 6=com.java.Objects.TestDataDetails@1269718, 7=com.java.Objects.TestDataDetails@14356c8, 8=com.java.Objects.TestDataDetails@4d838b, 9=com.java.Objects.TestDataDetails@18bcd0, 10=com.java.Objects.TestDataDetails@1631f4f, 11=com.java.Objects.TestDataDetails@1a7b3db, 12=com.java.Objects.TestDataDetails@7cf4ba, 13=com.java.Objects.TestDataDetails@1337a10}
[INFO ][2015-11-09 15:31:53,995][com.java.TestType] [  467] -  str(1) = 1
[INFO ][2015-11-09 15:31:53,995][com.java.TestType] [  470] - Test case Id is---1
[INFO ][2015-11-09 15:31:53,995][com.java.TestType] [  472] - 1
[INFO ][2015-11-09 15:31:53,995][com.java.TestType] [  467] -  str(2) = 14
[INFO ][2015-11-09 15:31:53,995][com.java.TestType] [  519] - row values are--------{1=com.java.Objects.TestDataDetails@1bdd51d, 2=com.java.Objects.TestDataDetails@17ce10d, 3=com.java.Objects.TestDataDetails@67e50f, 4=com.java.Objects.TestDataDetails@1dcb92d, 5=com.java.Objects.TestDataDetails@1794cb9, 6=com.java.Objects.TestDataDetails@1269718, 7=com.java.Objects.TestDataDetails@14356c8, 8=com.java.Objects.TestDataDetails@4d838b, 9=com.java.Objects.TestDataDetails@18bcd0, 10=com.java.Objects.TestDataDetails@1631f4f, 11=com.java.Objects.TestDataDetails@1a7b3db, 12=com.java.Objects.TestDataDetails@7cf4ba, 13=com.java.Objects.TestDataDetails@1337a10, 14=com.java.Objects.TestDataDetails@902abb}
[INFO ][2015-11-09 15:31:53,995][com.java.TestType] [ 8228] - Looping 1TCID = 1
[DEBUG][2015-11-09 15:31:53,995][com.java.TestType] [ 8269] - Concept ID:1 :: Step being Executed: 1::1
[INFO ][2015-11-09 15:31:53,995][com.java.TestType] [ 8307] - dataFields : TXTusername
[DEBUG][2015-11-09 15:31:53,995][com.java.TestType] [ 8313] - <In Set values of the page>
[DEBUG][2015-11-09 15:31:53,995][com.java.TestType] [ 8318] - {Data Fields & Data Values Exist}
[INFO ][2015-11-09 15:31:53,995][com.java.TestType] [ 8324] - --------------------------setting values-----------------------------
[INFO ][2015-11-09 15:31:53,995][com.java.TestType] [ 8327] - Action Type : CLEARANDENTER
[INFO ][2015-11-09 15:31:53,995][com.java.TestType] [ 4078] - value = valuelabs.ie11.33527
[INFO ][2015-11-09 15:31:59,016][com.java.TestType] [ 8346] -  RESULT true
[INFO ][2015-11-09 15:31:59,016][com.java.TestType] [ 8463] - ?   P A S S   ?
[DEBUG][2015-11-09 15:31:59,016][com.java.TestType] [ 8269] - Concept ID:1 :: Step being Executed: 1::2
[INFO ][2015-11-09 15:31:59,016][com.java.TestType] [ 8307] - dataFields : TXTpassword
[DEBUG][2015-11-09 15:31:59,016][com.java.TestType] [ 8313] - <In Set values of the page>
[DEBUG][2015-11-09 15:31:59,016][com.java.TestType] [ 8318] - {Data Fields & Data Values Exist}
[INFO ][2015-11-09 15:31:59,016][com.java.TestType] [ 8324] - --------------------------setting values-----------------------------
[INFO ][2015-11-09 15:31:59,016][com.java.TestType] [ 8327] - Action Type : CLEARANDENTER
[INFO ][2015-11-09 15:31:59,016][com.java.TestType] [ 4078] - value = Password1*
[INFO ][2015-11-09 15:32:04,137][com.java.TestType] [ 8346] -  RESULT true
[INFO ][2015-11-09 15:32:04,137][com.java.TestType] [ 8463] - ?   P A S S   ?
[DEBUG][2015-11-09 15:32:04,137][com.java.TestType] [ 8269] - Concept ID:1 :: Step being Executed: 1::3
[ERROR][2015-11-09 15:32:04,137][com.java.TestType] [ 8302] - Exception: null
[INFO ][2015-11-09 15:32:04,137][com.java.TestType] [ 8307] - dataFields : XPH//button[@type='submit']
[DEBUG][2015-11-09 15:32:04,137][com.java.TestType] [ 8313] - <In Set values of the page>
[DEBUG][2015-11-09 15:32:04,137][com.java.TestType] [ 8318] - {Data Fields & Data Values Exist}
[INFO ][2015-11-09 15:32:04,137][com.java.TestType] [ 8324] - --------------------------setting values-----------------------------
[INFO ][2015-11-09 15:32:04,137][com.java.TestType] [ 8327] - Action Type : Click
[INFO ][2015-11-09 15:32:04,137][com.java.TestType] [ 4391] - Field ::XPH//button[@type='submit']
[INFO ][2015-11-09 15:32:05,151][com.java.TestType] [ 4450] - BEFORE CLICK
[INFO ][2015-11-09 15:32:06,074][com.java.TestType] [ 4458] - Unable to click the object Login
[INFO ][2015-11-09 15:32:06,074][com.java.TestType] [ 8346] -  RESULT true
[INFO ][2015-11-09 15:32:06,074][com.java.TestType] [ 8463] - ?   P A S S   ?
[DEBUG][2015-11-09 15:32:06,074][com.java.TestType] [ 8269] - Concept ID:1 :: Step being Executed: 1::4
[INFO ][2015-11-09 15:32:06,074][com.java.TestType] [ 8307] - dataFields : LNKLogout
[DEBUG][2015-11-09 15:32:06,074][com.java.TestType] [ 8313] - <In Set values of the page>
[DEBUG][2015-11-09 15:32:06,074][com.java.TestType] [ 8318] - {Data Fields & Data Values Exist}
[INFO ][2015-11-09 15:32:06,074][com.java.TestType] [ 8324] - --------------------------setting values-----------------------------
[INFO ][2015-11-09 15:32:06,074][com.java.TestType] [ 8327] - Action Type : WaitForElement
[INFO ][2015-11-09 15:32:12,713][com.java.TestType] [ 8346] -  RESULT true
[INFO ][2015-11-09 15:32:12,713][com.java.TestType] [ 8463] - ?   P A S S   ?
[DEBUG][2015-11-09 15:32:12,713][com.java.TestType] [ 8269] - Concept ID:1 :: Step being Executed: 1::13
[INFO ][2015-11-09 15:32:12,713][com.java.TestType] [ 8307] - dataFields : LNK
[DEBUG][2015-11-09 15:32:12,713][com.java.TestType] [ 8313] - <In Set values of the page>
[DEBUG][2015-11-09 15:32:12,713][com.java.TestType] [ 8318] - {Data Fields & Data Values Exist}
[INFO ][2015-11-09 15:32:12,713][com.java.TestType] [ 8324] - --------------------------setting values-----------------------------
[INFO ][2015-11-09 15:32:12,713][com.java.TestType] [ 8327] - Action Type : Verify
[INFO ][2015-11-09 15:32:12,713][com.java.TestType] [ 5204] - field= LNK value= Logout
[INFO ][2015-11-09 15:32:12,713][com.java.TestType] [ 4078] - value = Logout
[INFO ][2015-11-09 15:32:12,745][com.java.TestType] [ 8346] -  RESULT true
[INFO ][2015-11-09 15:32:12,745][com.java.TestType] [ 8463] - ?   P A S S   ?
[DEBUG][2015-11-09 15:32:12,745][com.java.TestType] [ 8269] - Concept ID:1 :: Step being Executed: 1::14
[INFO ][2015-11-09 15:32:12,745][com.java.TestType] [ 8307] - dataFields : BTN
[DEBUG][2015-11-09 15:32:12,745][com.java.TestType] [ 8313] - <In Set values of the page>
[DEBUG][2015-11-09 15:32:12,745][com.java.TestType] [ 8318] - {Data Fields & Data Values Exist}
[INFO ][2015-11-09 15:32:12,745][com.java.TestType] [ 8324] - --------------------------setting values-----------------------------
[INFO ][2015-11-09 15:32:12,745][com.java.TestType] [ 8327] - Action Type : Verify
[INFO ][2015-11-09 15:32:12,745][com.java.TestType] [ 5204] - field= BTN value= //img[contains(@src,'bdlogo.jpg')]
[INFO ][2015-11-09 15:32:12,745][com.java.TestType] [ 4078] - value = //img[contains(@src,'bdlogo.jpg')]
[INFO ][2015-11-09 15:32:12,776][com.java.TestType] [ 8346] -  RESULT true
[INFO ][2015-11-09 15:32:12,776][com.java.TestType] [ 8463] - ?   P A S S   ?
[INFO ][2015-11-09 15:32:12,776][com.java.TestType] [ 8534] - Looping End......
[INFO ][2015-11-09 15:32:12,776][com.java.SeleniumDriver] [  861] -  RESULT true
[INFO ][2015-11-09 15:32:12,776][com.java.SeleniumDriver] [ 1066] - ?   P A S S   ?
[INFO ][2015-11-09 15:32:12,776][com.java.SeleniumDriver] [  788] - ------------------------------------------
[INFO ][2015-11-09 15:32:12,776][com.java.SeleniumDriver] [  789] - Test case being Executed: 7
[INFO ][2015-11-09 15:32:12,776][com.java.SeleniumDriver] [  800] - Test step:3
[INFO ][2015-11-09 15:32:12,776][com.java.SeleniumDriver] [  812] - Datavalue is----------Concept#2:1-2
[INFO ][2015-11-09 15:32:12,776][com.java.SeleniumDriver] [  836] - DataField : test
[INFO ][2015-11-09 15:32:12,776][com.java.SeleniumDriver] [  838] - DataValue : Concept#2:1-2
[INFO ][2015-11-09 15:32:12,776][com.java.SeleniumDriver] [  844] - <In Set values of the page>
[INFO ][2015-11-09 15:32:12,776][com.java.SeleniumDriver] [  847] - {Data Fields & Data Values Exist}
[INFO ][2015-11-09 15:32:12,776][com.java.SeleniumDriver] [  849] - --------------------------setting values-----------------------------
[INFO ][2015-11-09 15:32:12,776][com.java.SeleniumDriver] [  852] - Action Type : ExecuteTestCase
[INFO ][2015-11-09 15:32:12,776][com.java.TestType] [  422] - The Concept sheet name is ---------- Concept
[INFO ][2015-11-09 15:32:12,776][com.java.TestType] [  425] - The Concept ID  is ---------- 2
[DEBUG][2015-11-09 15:32:12,776][com.java.TestType] [  429] - Steps being executted in the Concept are: 1:2
[INFO ][2015-11-09 15:32:12,776][com.java.TestType] [  436] - Test data details path ---------- D:\BankersDashboard\TestInputs\TestData.xls
[INFO ][2015-11-09 15:32:12,808][com.java.TestType] [  467] -  str(1) = 2
[INFO ][2015-11-09 15:32:12,808][com.java.TestType] [  470] - Test case Id is---2
[INFO ][2015-11-09 15:32:12,808][com.java.TestType] [  472] - 2
[INFO ][2015-11-09 15:32:12,808][com.java.TestType] [  467] -  str(2) = 1
[INFO ][2015-11-09 15:32:12,808][com.java.TestType] [  519] - row values are--------{1=com.java.Objects.TestDataDetails@837aa5}
[INFO ][2015-11-09 15:32:12,808][com.java.TestType] [  467] -  str(1) = 2
[INFO ][2015-11-09 15:32:12,808][com.java.TestType] [  470] - Test case Id is---2
[INFO ][2015-11-09 15:32:12,808][com.java.TestType] [  472] - 2
[INFO ][2015-11-09 15:32:12,808][com.java.TestType] [  467] -  str(2) = 2
[INFO ][2015-11-09 15:32:12,808][com.java.TestType] [  519] - row values are--------{1=com.java.Objects.TestDataDetails@837aa5, 2=com.java.Objects.TestDataDetails@a76583}
[INFO ][2015-11-09 15:32:12,808][com.java.TestType] [  467] -  str(1) = 2
[INFO ][2015-11-09 15:32:12,808][com.java.TestType] [  470] - Test case Id is---2
[INFO ][2015-11-09 15:32:12,808][com.java.TestType] [  472] - 2
[INFO ][2015-11-09 15:32:12,808][com.java.TestType] [  467] -  str(2) = 3
[INFO ][2015-11-09 15:32:12,808][com.java.TestType] [  519] - row values are--------{1=com.java.Objects.TestDataDetails@837aa5, 2=com.java.Objects.TestDataDetails@a76583, 3=com.java.Objects.TestDataDetails@15f18fe}
[INFO ][2015-11-09 15:32:12,808][com.java.TestType] [ 8228] - Looping 1TCID = 2
[DEBUG][2015-11-09 15:32:12,808][com.java.TestType] [ 8269] - Concept ID:2 :: Step being Executed: 2::1
[INFO ][2015-11-09 15:32:12,808][com.java.TestType] [ 8307] - dataFields : BNK//select[@id='bank']
[DEBUG][2015-11-09 15:32:12,808][com.java.TestType] [ 8313] - <In Set values of the page>
[DEBUG][2015-11-09 15:32:12,808][com.java.TestType] [ 8318] - {Data Fields & Data Values Exist}
[INFO ][2015-11-09 15:32:12,808][com.java.TestType] [ 8324] - --------------------------setting values-----------------------------
[INFO ][2015-11-09 15:32:12,808][com.java.TestType] [ 8327] - Action Type : Select
[INFO ][2015-11-09 15:32:12,808][com.java.TestType] [ 4078] - value = PFC
[INFO ][2015-11-09 15:32:13,010][com.java.TestType] [ 8346] -  RESULT true
[INFO ][2015-11-09 15:32:13,010][com.java.TestType] [ 8463] - ?   P A S S   ?
[DEBUG][2015-11-09 15:32:13,010][com.java.TestType] [ 8269] - Concept ID:2 :: Step being Executed: 2::2
[INFO ][2015-11-09 15:32:13,010][com.java.TestType] [ 8307] - dataFields : LNKLogout
[DEBUG][2015-11-09 15:32:13,010][com.java.TestType] [ 8313] - <In Set values of the page>
[DEBUG][2015-11-09 15:32:13,010][com.java.TestType] [ 8318] - {Data Fields & Data Values Exist}
[INFO ][2015-11-09 15:32:13,010][com.java.TestType] [ 8324] - --------------------------setting values-----------------------------
[INFO ][2015-11-09 15:32:13,010][com.java.TestType] [ 8327] - Action Type : WaitTime
[DEBUG][2015-11-09 15:32:13,010][com.java.TestType] [ 3913] - sleepTime: 5000
[INFO ][2015-11-09 15:32:18,014][com.java.TestType] [ 8346] -  RESULT true
[INFO ][2015-11-09 15:32:18,014][com.java.TestType] [ 8463] - ?   P A S S   ?
[INFO ][2015-11-09 15:32:18,014][com.java.TestType] [ 8534] - Looping End......
[INFO ][2015-11-09 15:32:18,014][com.java.SeleniumDriver] [  861] -  RESULT true
[INFO ][2015-11-09 15:32:18,014][com.java.SeleniumDriver] [ 1066] - ?   P A S S   ?
[INFO ][2015-11-09 15:32:18,014][com.java.SeleniumDriver] [  788] - ------------------------------------------
[INFO ][2015-11-09 15:32:18,014][com.java.SeleniumDriver] [  789] - Test case being Executed: 7
[INFO ][2015-11-09 15:32:18,014][com.java.SeleniumDriver] [  800] - Test step:4
[INFO ][2015-11-09 15:32:18,014][com.java.SeleniumDriver] [  812] - Datavalue is----------null
[DEBUG][2015-11-09 15:32:18,014][com.java.SeleniumDriver] [  830] - Exception: null
[INFO ][2015-11-09 15:32:18,014][com.java.SeleniumDriver] [  836] - DataField : //span[@class='icon-user4']&&//a[text()='Users']&&//a[@data-id="ModifyUsers"]
[INFO ][2015-11-09 15:32:18,014][com.java.SeleniumDriver] [  838] - DataValue : 
[INFO ][2015-11-09 15:32:18,014][com.java.SeleniumDriver] [  844] - <In Set values of the page>
[INFO ][2015-11-09 15:32:18,014][com.java.SeleniumDriver] [  847] - {Data Fields & Data Values Exist}
[INFO ][2015-11-09 15:32:18,014][com.java.SeleniumDriver] [  849] - --------------------------setting values-----------------------------
[INFO ][2015-11-09 15:32:18,014][com.java.SeleniumDriver] [  852] - Action Type : MouseOver
[INFO ][2015-11-09 15:32:31,823][com.java.SeleniumDriver] [  861] -  RESULT true
[INFO ][2015-11-09 15:32:31,823][com.java.SeleniumDriver] [ 1066] - ?   P A S S   ?
[INFO ][2015-11-09 15:32:31,823][com.java.SeleniumDriver] [  788] - ------------------------------------------
[INFO ][2015-11-09 15:32:31,823][com.java.SeleniumDriver] [  789] - Test case being Executed: 7
[INFO ][2015-11-09 15:32:31,823][com.java.SeleniumDriver] [  800] - Test step:5
[INFO ][2015-11-09 15:32:31,823][com.java.SeleniumDriver] [  812] - Datavalue is----------2
[INFO ][2015-11-09 15:32:31,823][com.java.SeleniumDriver] [  836] - DataField : BTNframeDialogContent
[INFO ][2015-11-09 15:32:31,823][com.java.SeleniumDriver] [  838] - DataValue : 2
[INFO ][2015-11-09 15:32:31,823][com.java.SeleniumDriver] [  844] - <In Set values of the page>
[INFO ][2015-11-09 15:32:31,823][com.java.SeleniumDriver] [  847] - {Data Fields & Data Values Exist}
[INFO ][2015-11-09 15:32:31,823][com.java.SeleniumDriver] [  849] - --------------------------setting values-----------------------------
[INFO ][2015-11-09 15:32:31,823][com.java.SeleniumDriver] [  852] - Action Type : WaitForElement
[INFO ][2015-11-09 15:32:33,064][com.java.SeleniumDriver] [  861] -  RESULT true
[INFO ][2015-11-09 15:32:33,064][com.java.SeleniumDriver] [ 1066] - ?   P A S S   ?
[INFO ][2015-11-09 15:32:33,064][com.java.SeleniumDriver] [  788] - ------------------------------------------
[INFO ][2015-11-09 15:32:33,064][com.java.SeleniumDriver] [  789] - Test case being Executed: 7
[INFO ][2015-11-09 15:32:33,064][com.java.SeleniumDriver] [  800] - Test step:6
[INFO ][2015-11-09 15:32:33,064][com.java.SeleniumDriver] [  812] - Datavalue is----------null
[DEBUG][2015-11-09 15:32:33,064][com.java.SeleniumDriver] [  830] - Exception: null
[INFO ][2015-11-09 15:32:33,064][com.java.SeleniumDriver] [  836] - DataField : BTNframeDialogContent
[INFO ][2015-11-09 15:32:33,064][com.java.SeleniumDriver] [  838] - DataValue : 
[INFO ][2015-11-09 15:32:33,064][com.java.SeleniumDriver] [  844] - <In Set values of the page>
[INFO ][2015-11-09 15:32:33,064][com.java.SeleniumDriver] [  847] - {Data Fields & Data Values Exist}
[INFO ][2015-11-09 15:32:33,064][com.java.SeleniumDriver] [  849] - --------------------------setting values-----------------------------
[INFO ][2015-11-09 15:32:33,064][com.java.SeleniumDriver] [  852] - Action Type : SelectFrame
[INFO ][2015-11-09 15:32:34,360][com.java.SeleniumDriver] [  861] -  RESULT true
[INFO ][2015-11-09 15:32:34,360][com.java.SeleniumDriver] [ 1066] - ?   P A S S   ?
[INFO ][2015-11-09 15:32:34,360][com.java.SeleniumDriver] [  788] - ------------------------------------------
[INFO ][2015-11-09 15:32:34,360][com.java.SeleniumDriver] [  789] - Test case being Executed: 7
[INFO ][2015-11-09 15:32:34,360][com.java.SeleniumDriver] [  800] - Test step:7
[INFO ][2015-11-09 15:32:34,360][com.java.SeleniumDriver] [  812] - Datavalue is----------2
[INFO ][2015-11-09 15:32:34,360][com.java.SeleniumDriver] [  836] - DataField : BTNbtnAddUser
[INFO ][2015-11-09 15:32:34,360][com.java.SeleniumDriver] [  838] - DataValue : 2
[INFO ][2015-11-09 15:32:34,360][com.java.SeleniumDriver] [  844] - <In Set values of the page>
[INFO ][2015-11-09 15:32:34,360][com.java.SeleniumDriver] [  847] - {Data Fields & Data Values Exist}
[INFO ][2015-11-09 15:32:34,360][com.java.SeleniumDriver] [  849] - --------------------------setting values-----------------------------
[INFO ][2015-11-09 15:32:34,360][com.java.SeleniumDriver] [  852] - Action Type : WaitForElement
[INFO ][2015-11-09 15:32:35,874][com.java.SeleniumDriver] [  861] -  RESULT true
[INFO ][2015-11-09 15:32:35,874][com.java.SeleniumDriver] [ 1066] - ?   P A S S   ?
[INFO ][2015-11-09 15:32:35,874][com.java.SeleniumDriver] [  788] - ------------------------------------------
[INFO ][2015-11-09 15:32:35,874][com.java.SeleniumDriver] [  789] - Test case being Executed: 7
[INFO ][2015-11-09 15:32:35,874][com.java.SeleniumDriver] [  800] - Test step:8
[INFO ][2015-11-09 15:32:35,874][com.java.SeleniumDriver] [  812] - Datavalue is----------null
[DEBUG][2015-11-09 15:32:35,874][com.java.SeleniumDriver] [  830] - Exception: null
[INFO ][2015-11-09 15:32:35,874][com.java.SeleniumDriver] [  836] - DataField : BTNbtnAddUser
[INFO ][2015-11-09 15:32:35,874][com.java.SeleniumDriver] [  838] - DataValue : 
[INFO ][2015-11-09 15:32:35,874][com.java.SeleniumDriver] [  844] - <In Set values of the page>
[INFO ][2015-11-09 15:32:35,874][com.java.SeleniumDriver] [  847] - {Data Fields & Data Values Exist}
[INFO ][2015-11-09 15:32:35,874][com.java.SeleniumDriver] [  849] - --------------------------setting values-----------------------------
[INFO ][2015-11-09 15:32:35,874][com.java.SeleniumDriver] [  852] - Action Type : Click
[INFO ][2015-11-09 15:32:35,874][com.java.TestType] [ 4391] - Field ::BTNbtnAddUser
[INFO ][2015-11-09 15:32:36,889][com.java.TestType] [ 4429] - BEFORE CLICK
[INFO ][2015-11-09 15:32:38,544][com.java.TestType] [ 4436] - Unable to click the object Add user button
[INFO ][2015-11-09 15:32:38,544][com.java.SeleniumDriver] [  861] -  RESULT true
[INFO ][2015-11-09 15:32:38,544][com.java.SeleniumDriver] [ 1066] - ?   P A S S   ?
[INFO ][2015-11-09 15:32:38,544][com.java.SeleniumDriver] [  788] - ------------------------------------------
[INFO ][2015-11-09 15:32:38,544][com.java.SeleniumDriver] [  789] - Test case being Executed: 7
[INFO ][2015-11-09 15:32:38,544][com.java.SeleniumDriver] [  800] - Test step:9
[INFO ][2015-11-09 15:32:38,544][com.java.SeleniumDriver] [  812] - Datavalue is----------2
[INFO ][2015-11-09 15:32:38,544][com.java.SeleniumDriver] [  836] - DataField : BTNtxtUserName
[INFO ][2015-11-09 15:32:38,544][com.java.SeleniumDriver] [  838] - DataValue : 2
[INFO ][2015-11-09 15:32:38,544][com.java.SeleniumDriver] [  844] - <In Set values of the page>
[INFO ][2015-11-09 15:32:38,544][com.java.SeleniumDriver] [  847] - {Data Fields & Data Values Exist}
[INFO ][2015-11-09 15:32:38,544][com.java.SeleniumDriver] [  849] - --------------------------setting values-----------------------------
[INFO ][2015-11-09 15:32:38,544][com.java.SeleniumDriver] [  852] - Action Type : WaitForElement
[INFO ][2015-11-09 15:32:48,042][com.java.SeleniumDriver] [  861] -  RESULT true
[INFO ][2015-11-09 15:32:48,042][com.java.SeleniumDriver] [ 1066] - ?   P A S S   ?
[INFO ][2015-11-09 15:32:48,042][com.java.SeleniumDriver] [  788] - ------------------------------------------
[INFO ][2015-11-09 15:32:48,042][com.java.SeleniumDriver] [  789] - Test case being Executed: 7
[INFO ][2015-11-09 15:32:48,042][com.java.SeleniumDriver] [  800] - Test step:10
[INFO ][2015-11-09 15:32:48,042][com.java.SeleniumDriver] [  812] - Datavalue is----------dt:NewUserName
[INFO ][2015-11-09 15:32:48,042][com.java.SeleniumDriver] [  836] - DataField : TXTtxtUserName
[INFO ][2015-11-09 15:32:48,042][com.java.SeleniumDriver] [  838] - DataValue : dt:NewUserName
[INFO ][2015-11-09 15:32:48,042][com.java.SeleniumDriver] [  844] - <In Set values of the page>
[INFO ][2015-11-09 15:32:48,042][com.java.SeleniumDriver] [  847] - {Data Fields & Data Values Exist}
[INFO ][2015-11-09 15:32:48,042][com.java.SeleniumDriver] [  849] - --------------------------setting values-----------------------------
[INFO ][2015-11-09 15:32:48,042][com.java.SeleniumDriver] [  852] - Action Type : Enter
[INFO ][2015-11-09 15:32:48,042][com.java.TestType] [ 4711] - field = txtUserName
[INFO ][2015-11-09 15:32:48,042][com.java.TestType] [ 4078] - value = vltest.robot
[INFO ][2015-11-09 15:32:50,901][com.java.SeleniumDriver] [  861] -  RESULT true
[INFO ][2015-11-09 15:32:50,901][com.java.SeleniumDriver] [ 1066] - ?   P A S S   ?
[INFO ][2015-11-09 15:32:50,901][com.java.SeleniumDriver] [  788] - ------------------------------------------
[INFO ][2015-11-09 15:32:50,901][com.java.SeleniumDriver] [  789] - Test case being Executed: 7
[INFO ][2015-11-09 15:32:50,901][com.java.SeleniumDriver] [  800] - Test step:11
[INFO ][2015-11-09 15:32:50,901][com.java.SeleniumDriver] [  812] - Datavalue is----------VLTest
[INFO ][2015-11-09 15:32:50,901][com.java.SeleniumDriver] [  836] - DataField : TXTtxtFirstName
[INFO ][2015-11-09 15:32:50,901][com.java.SeleniumDriver] [  838] - DataValue : VLTest
[INFO ][2015-11-09 15:32:50,901][com.java.SeleniumDriver] [  844] - <In Set values of the page>
[INFO ][2015-11-09 15:32:50,901][com.java.SeleniumDriver] [  847] - {Data Fields & Data Values Exist}
[INFO ][2015-11-09 15:32:50,901][com.java.SeleniumDriver] [  849] - --------------------------setting values-----------------------------
[INFO ][2015-11-09 15:32:50,901][com.java.SeleniumDriver] [  852] - Action Type : Enter
[INFO ][2015-11-09 15:32:50,901][com.java.TestType] [ 4711] - field = txtFirstName
[INFO ][2015-11-09 15:32:50,901][com.java.TestType] [ 4078] - value = VLTest
[INFO ][2015-11-09 15:32:54,085][com.java.SeleniumDriver] [  861] -  RESULT true
[INFO ][2015-11-09 15:32:54,085][com.java.SeleniumDriver] [ 1066] - ?   P A S S   ?
[INFO ][2015-11-09 15:32:54,085][com.java.SeleniumDriver] [  788] - ------------------------------------------
[INFO ][2015-11-09 15:32:54,085][com.java.SeleniumDriver] [  789] - Test case being Executed: 7
[INFO ][2015-11-09 15:32:54,085][com.java.SeleniumDriver] [  800] - Test step:12
[INFO ][2015-11-09 15:32:54,085][com.java.SeleniumDriver] [  812] - Datavalue is----------Robot
[INFO ][2015-11-09 15:32:54,085][com.java.SeleniumDriver] [  836] - DataField : TXTtxtLastName
[INFO ][2015-11-09 15:32:54,085][com.java.SeleniumDriver] [  838] - DataValue : Robot
[INFO ][2015-11-09 15:32:54,085][com.java.SeleniumDriver] [  844] - <In Set values of the page>
[INFO ][2015-11-09 15:32:54,085][com.java.SeleniumDriver] [  847] - {Data Fields & Data Values Exist}
[INFO ][2015-11-09 15:32:54,085][com.java.SeleniumDriver] [  849] - --------------------------setting values-----------------------------
[INFO ][2015-11-09 15:32:54,085][com.java.SeleniumDriver] [  852] - Action Type : Enter
[INFO ][2015-11-09 15:32:54,085][com.java.TestType] [ 4711] - field = txtLastName
[INFO ][2015-11-09 15:32:54,085][com.java.TestType] [ 4078] - value = Robot
[INFO ][2015-11-09 15:32:56,958][com.java.SeleniumDriver] [  861] -  RESULT true
[INFO ][2015-11-09 15:32:56,958][com.java.SeleniumDriver] [ 1066] - ?   P A S S   ?
[INFO ][2015-11-09 15:32:56,958][com.java.SeleniumDriver] [  788] - ------------------------------------------
[INFO ][2015-11-09 15:32:56,958][com.java.SeleniumDriver] [  789] - Test case being Executed: 7
[INFO ][2015-11-09 15:32:56,958][com.java.SeleniumDriver] [  800] - Test step:13
[INFO ][2015-11-09 15:32:56,958][com.java.SeleniumDriver] [  812] - Datavalue is----------ValueLabs
[INFO ][2015-11-09 15:32:56,958][com.java.SeleniumDriver] [  836] - DataField : TXTtxtCompany
[INFO ][2015-11-09 15:32:56,958][com.java.SeleniumDriver] [  838] - DataValue : ValueLabs
[INFO ][2015-11-09 15:32:56,958][com.java.SeleniumDriver] [  844] - <In Set values of the page>
[INFO ][2015-11-09 15:32:56,958][com.java.SeleniumDriver] [  847] - {Data Fields & Data Values Exist}
[INFO ][2015-11-09 15:32:56,958][com.java.SeleniumDriver] [  849] - --------------------------setting values-----------------------------
[INFO ][2015-11-09 15:32:56,958][com.java.SeleniumDriver] [  852] - Action Type : Enter
[INFO ][2015-11-09 15:32:56,958][com.java.TestType] [ 4711] - field = txtCompany
[INFO ][2015-11-09 15:32:56,958][com.java.TestType] [ 4078] - value = ValueLabs
[INFO ][2015-11-09 15:33:00,048][com.java.SeleniumDriver] [  861] -  RESULT true
[INFO ][2015-11-09 15:33:00,048][com.java.SeleniumDriver] [ 1066] - ?   P A S S   ?
[INFO ][2015-11-09 15:33:00,048][com.java.SeleniumDriver] [  788] - ------------------------------------------
[INFO ][2015-11-09 15:33:00,048][com.java.SeleniumDriver] [  789] - Test case being Executed: 7
[INFO ][2015-11-09 15:33:00,048][com.java.SeleniumDriver] [  800] - Test step:14
[INFO ][2015-11-09 15:33:00,048][com.java.SeleniumDriver] [  812] - Datavalue is----------India
[INFO ][2015-11-09 15:33:00,048][com.java.SeleniumDriver] [  836] - DataField : TXTtxtLocation
[INFO ][2015-11-09 15:33:00,048][com.java.SeleniumDriver] [  838] - DataValue : India
[INFO ][2015-11-09 15:33:00,048][com.java.SeleniumDriver] [  844] - <In Set values of the page>
[INFO ][2015-11-09 15:33:00,048][com.java.SeleniumDriver] [  847] - {Data Fields & Data Values Exist}
[INFO ][2015-11-09 15:33:00,048][com.java.SeleniumDriver] [  849] - --------------------------setting values-----------------------------
[INFO ][2015-11-09 15:33:00,048][com.java.SeleniumDriver] [  852] - Action Type : Enter
[INFO ][2015-11-09 15:33:00,048][com.java.TestType] [ 4711] - field = txtLocation
[INFO ][2015-11-09 15:33:00,048][com.java.TestType] [ 4078] - value = India
[INFO ][2015-11-09 15:33:02,921][com.java.SeleniumDriver] [  861] -  RESULT true
[INFO ][2015-11-09 15:33:02,921][com.java.SeleniumDriver] [ 1066] - ?   P A S S   ?
[INFO ][2015-11-09 15:33:02,921][com.java.SeleniumDriver] [  788] - ------------------------------------------
[INFO ][2015-11-09 15:33:02,921][com.java.SeleniumDriver] [  789] - Test case being Executed: 7
[INFO ][2015-11-09 15:33:02,921][com.java.SeleniumDriver] [  800] - Test step:15
[INFO ][2015-11-09 15:33:02,921][com.java.SeleniumDriver] [  812] - Datavalue is----------vltest.robot@valuelabs.com
[INFO ][2015-11-09 15:33:02,921][com.java.SeleniumDriver] [  836] - DataField : TXTtxtEMail
[INFO ][2015-11-09 15:33:02,921][com.java.SeleniumDriver] [  838] - DataValue : vltest.robot@valuelabs.com
[INFO ][2015-11-09 15:33:02,921][com.java.SeleniumDriver] [  844] - <In Set values of the page>
[INFO ][2015-11-09 15:33:02,921][com.java.SeleniumDriver] [  847] - {Data Fields & Data Values Exist}
[INFO ][2015-11-09 15:33:02,921][com.java.SeleniumDriver] [  849] - --------------------------setting values-----------------------------
[INFO ][2015-11-09 15:33:02,921][com.java.SeleniumDriver] [  852] - Action Type : Enter
[INFO ][2015-11-09 15:33:02,921][com.java.TestType] [ 4711] - field = txtEMail
[INFO ][2015-11-09 15:33:02,921][com.java.TestType] [ 4078] - value = vltest.robot@valuelabs.com
[INFO ][2015-11-09 15:33:06,152][com.java.SeleniumDriver] [  861] -  RESULT true
[INFO ][2015-11-09 15:33:06,152][com.java.SeleniumDriver] [ 1066] - ?   P A S S   ?
[INFO ][2015-11-09 15:33:06,152][com.java.SeleniumDriver] [  788] - ------------------------------------------
[INFO ][2015-11-09 15:33:06,152][com.java.SeleniumDriver] [  789] - Test case being Executed: 7
[INFO ][2015-11-09 15:33:06,152][com.java.SeleniumDriver] [  800] - Test step:16
[INFO ][2015-11-09 15:33:06,152][com.java.SeleniumDriver] [  812] - Datavalue is----------12345678901
[INFO ][2015-11-09 15:33:06,152][com.java.SeleniumDriver] [  836] - DataField : TXTtxtPhone
[INFO ][2015-11-09 15:33:06,152][com.java.SeleniumDriver] [  838] - DataValue : 12345678901
[INFO ][2015-11-09 15:33:06,152][com.java.SeleniumDriver] [  844] - <In Set values of the page>
[INFO ][2015-11-09 15:33:06,152][com.java.SeleniumDriver] [  847] - {Data Fields & Data Values Exist}
[INFO ][2015-11-09 15:33:06,152][com.java.SeleniumDriver] [  849] - --------------------------setting values-----------------------------
[INFO ][2015-11-09 15:33:06,152][com.java.SeleniumDriver] [  852] - Action Type : Enter
[INFO ][2015-11-09 15:33:06,152][com.java.TestType] [ 4711] - field = txtPhone
[INFO ][2015-11-09 15:33:06,152][com.java.TestType] [ 4078] - value = 12345678901
[INFO ][2015-11-09 15:33:09,009][com.java.SeleniumDriver] [  861] -  RESULT true
[INFO ][2015-11-09 15:33:09,009][com.java.SeleniumDriver] [ 1066] - ?   P A S S   ?
[INFO ][2015-11-09 15:33:09,009][com.java.SeleniumDriver] [  788] - ------------------------------------------
[INFO ][2015-11-09 15:33:09,009][com.java.SeleniumDriver] [  789] - Test case being Executed: 7
[INFO ][2015-11-09 15:33:09,009][com.java.SeleniumDriver] [  800] - Test step:17
[INFO ][2015-11-09 15:33:09,009][com.java.SeleniumDriver] [  812] - Datavalue is----------dt:NewUserPswd
[INFO ][2015-11-09 15:33:09,009][com.java.SeleniumDriver] [  836] - DataField : TXTtxtPassword
[INFO ][2015-11-09 15:33:09,009][com.java.SeleniumDriver] [  838] - DataValue : dt:NewUserPswd
[INFO ][2015-11-09 15:33:09,009][com.java.SeleniumDriver] [  844] - <In Set values of the page>
[INFO ][2015-11-09 15:33:09,009][com.java.SeleniumDriver] [  847] - {Data Fields & Data Values Exist}
[INFO ][2015-11-09 15:33:09,009][com.java.SeleniumDriver] [  849] - --------------------------setting values-----------------------------
[INFO ][2015-11-09 15:33:09,009][com.java.SeleniumDriver] [  852] - Action Type : Enter
[INFO ][2015-11-09 15:33:09,009][com.java.TestType] [ 4711] - field = txtPassword
[INFO ][2015-11-09 15:33:09,009][com.java.TestType] [ 4078] - value = Password1*
[INFO ][2015-11-09 15:33:12,100][com.java.SeleniumDriver] [  861] -  RESULT true
[INFO ][2015-11-09 15:33:12,100][com.java.SeleniumDriver] [ 1066] - ?   P A S S   ?
[INFO ][2015-11-09 15:33:12,100][com.java.SeleniumDriver] [  788] - ------------------------------------------
[INFO ][2015-11-09 15:33:12,100][com.java.SeleniumDriver] [  789] - Test case being Executed: 7
[INFO ][2015-11-09 15:33:12,100][com.java.SeleniumDriver] [  800] - Test step:18
[INFO ][2015-11-09 15:33:12,100][com.java.SeleniumDriver] [  812] - Datavalue is----------dt:NewUserPswd
[INFO ][2015-11-09 15:33:12,100][com.java.SeleniumDriver] [  836] - DataField : TXTtxtPasswordConfirm
[INFO ][2015-11-09 15:33:12,100][com.java.SeleniumDriver] [  838] - DataValue : dt:NewUserPswd
[INFO ][2015-11-09 15:33:12,100][com.java.SeleniumDriver] [  844] - <In Set values of the page>
[INFO ][2015-11-09 15:33:12,100][com.java.SeleniumDriver] [  847] - {Data Fields & Data Values Exist}
[INFO ][2015-11-09 15:33:12,100][com.java.SeleniumDriver] [  849] - --------------------------setting values-----------------------------
[INFO ][2015-11-09 15:33:12,100][com.java.SeleniumDriver] [  852] - Action Type : Enter
[INFO ][2015-11-09 15:33:12,100][com.java.TestType] [ 4711] - field = txtPasswordConfirm
[INFO ][2015-11-09 15:33:12,100][com.java.TestType] [ 4078] - value = Password1*
[INFO ][2015-11-09 15:33:15,180][com.java.SeleniumDriver] [  861] -  RESULT true
[INFO ][2015-11-09 15:33:15,180][com.java.SeleniumDriver] [ 1066] - ?   P A S S   ?
[INFO ][2015-11-09 15:33:15,180][com.java.SeleniumDriver] [  788] - ------------------------------------------
[INFO ][2015-11-09 15:33:15,180][com.java.SeleniumDriver] [  789] - Test case being Executed: 7
[INFO ][2015-11-09 15:33:15,180][com.java.SeleniumDriver] [  800] - Test step:19
[INFO ][2015-11-09 15:33:15,180][com.java.SeleniumDriver] [  812] - Datavalue is----------null
[DEBUG][2015-11-09 15:33:15,180][com.java.SeleniumDriver] [  830] - Exception: null
[INFO ][2015-11-09 15:33:15,180][com.java.SeleniumDriver] [  836] - DataField : BTNparent
[INFO ][2015-11-09 15:33:15,180][com.java.SeleniumDriver] [  838] - DataValue : 
[INFO ][2015-11-09 15:33:15,180][com.java.SeleniumDriver] [  844] - <In Set values of the page>
[INFO ][2015-11-09 15:33:15,180][com.java.SeleniumDriver] [  847] - {Data Fields & Data Values Exist}
[INFO ][2015-11-09 15:33:15,180][com.java.SeleniumDriver] [  849] - --------------------------setting values-----------------------------
[INFO ][2015-11-09 15:33:15,180][com.java.SeleniumDriver] [  852] - Action Type : SelectFrame
[INFO ][2015-11-09 15:33:15,195][com.java.SeleniumDriver] [  861] -  RESULT true
[INFO ][2015-11-09 15:33:15,195][com.java.SeleniumDriver] [ 1066] - ?   P A S S   ?
[INFO ][2015-11-09 15:33:15,195][com.java.SeleniumDriver] [  788] - ------------------------------------------
[INFO ][2015-11-09 15:33:15,195][com.java.SeleniumDriver] [  789] - Test case being Executed: 7
[INFO ][2015-11-09 15:33:15,195][com.java.SeleniumDriver] [  800] - Test step:20
[INFO ][2015-11-09 15:33:15,195][com.java.SeleniumDriver] [  812] - Datavalue is----------5
[INFO ][2015-11-09 15:33:15,195][com.java.SeleniumDriver] [  836] - DataField : test
[INFO ][2015-11-09 15:33:15,195][com.java.SeleniumDriver] [  838] - DataValue : 5
[INFO ][2015-11-09 15:33:15,195][com.java.SeleniumDriver] [  844] - <In Set values of the page>
[INFO ][2015-11-09 15:33:15,195][com.java.SeleniumDriver] [  847] - {Data Fields & Data Values Exist}
[INFO ][2015-11-09 15:33:15,195][com.java.SeleniumDriver] [  849] - --------------------------setting values-----------------------------
[INFO ][2015-11-09 15:33:15,195][com.java.SeleniumDriver] [  852] - Action Type : WaitTime
[DEBUG][2015-11-09 15:33:15,195][com.java.TestType] [ 3913] - sleepTime: 5000
[INFO ][2015-11-09 15:33:20,203][com.java.SeleniumDriver] [  861] -  RESULT true
[INFO ][2015-11-09 15:33:20,203][com.java.SeleniumDriver] [ 1066] - ?   P A S S   ?
[INFO ][2015-11-09 15:33:20,203][com.java.SeleniumDriver] [  788] - ------------------------------------------
[INFO ][2015-11-09 15:33:20,203][com.java.SeleniumDriver] [  789] - Test case being Executed: 7
[INFO ][2015-11-09 15:33:20,203][com.java.SeleniumDriver] [  800] - Test step:21
[INFO ][2015-11-09 15:33:20,203][com.java.SeleniumDriver] [  812] - Datavalue is----------null
[DEBUG][2015-11-09 15:33:20,203][com.java.SeleniumDriver] [  830] - Exception: null
[INFO ][2015-11-09 15:33:20,203][com.java.SeleniumDriver] [  836] - DataField : XPH//span[contains(text(), 'Finished')]
[INFO ][2015-11-09 15:33:20,203][com.java.SeleniumDriver] [  838] - DataValue : 
[INFO ][2015-11-09 15:33:20,203][com.java.SeleniumDriver] [  844] - <In Set values of the page>
[INFO ][2015-11-09 15:33:20,203][com.java.SeleniumDriver] [  847] - {Data Fields & Data Values Exist}
[INFO ][2015-11-09 15:33:20,203][com.java.SeleniumDriver] [  849] - --------------------------setting values-----------------------------
[INFO ][2015-11-09 15:33:20,203][com.java.SeleniumDriver] [  852] - Action Type : Click
[INFO ][2015-11-09 15:33:20,203][com.java.TestType] [ 4391] - Field ::XPH//span[contains(text(), 'Finished')]
[INFO ][2015-11-09 15:33:21,218][com.java.TestType] [ 4450] - BEFORE CLICK
[INFO ][2015-11-09 15:33:22,092][com.java.TestType] [ 4458] - Unable to click the object Finished button
[INFO ][2015-11-09 15:33:22,092][com.java.SeleniumDriver] [  861] -  RESULT true
[INFO ][2015-11-09 15:33:22,092][com.java.SeleniumDriver] [ 1066] - ?   P A S S   ?
[INFO ][2015-11-09 15:33:22,092][com.java.SeleniumDriver] [  788] - ------------------------------------------
[INFO ][2015-11-09 15:33:22,092][com.java.SeleniumDriver] [  789] - Test case being Executed: 7
[INFO ][2015-11-09 15:33:22,092][com.java.SeleniumDriver] [  800] - Test step:22
[INFO ][2015-11-09 15:33:22,092][com.java.SeleniumDriver] [  812] - Datavalue is----------null
[DEBUG][2015-11-09 15:33:22,092][com.java.SeleniumDriver] [  830] - Exception: null
[INFO ][2015-11-09 15:33:22,092][com.java.SeleniumDriver] [  836] - DataField : XPH//span[contains(text(), 'Finished')]
[INFO ][2015-11-09 15:33:22,092][com.java.SeleniumDriver] [  838] - DataValue : 
[INFO ][2015-11-09 15:33:22,092][com.java.SeleniumDriver] [  844] - <In Set values of the page>
[INFO ][2015-11-09 15:33:22,092][com.java.SeleniumDriver] [  847] - {Data Fields & Data Values Exist}
[INFO ][2015-11-09 15:33:22,092][com.java.SeleniumDriver] [  849] - --------------------------setting values-----------------------------
[INFO ][2015-11-09 15:33:22,092][com.java.SeleniumDriver] [  852] - Action Type : WaitForElement
[INFO ][2015-11-09 15:33:22,124][com.java.SeleniumDriver] [  861] -  RESULT true
[INFO ][2015-11-09 15:33:22,124][com.java.SeleniumDriver] [ 1066] - ?   P A S S   ?
[INFO ][2015-11-09 15:33:22,124][com.java.SeleniumDriver] [  788] - ------------------------------------------
[INFO ][2015-11-09 15:33:22,124][com.java.SeleniumDriver] [  789] - Test case being Executed: 7
[INFO ][2015-11-09 15:33:22,124][com.java.SeleniumDriver] [  800] - Test step:23
[INFO ][2015-11-09 15:33:22,124][com.java.SeleniumDriver] [  812] - Datavalue is----------null
[DEBUG][2015-11-09 15:33:22,124][com.java.SeleniumDriver] [  830] - Exception: null
[INFO ][2015-11-09 15:33:22,124][com.java.SeleniumDriver] [  836] - DataField : BTNframeDialogContent
[INFO ][2015-11-09 15:33:22,124][com.java.SeleniumDriver] [  838] - DataValue : 
[INFO ][2015-11-09 15:33:22,124][com.java.SeleniumDriver] [  844] - <In Set values of the page>
[INFO ][2015-11-09 15:33:22,124][com.java.SeleniumDriver] [  847] - {Data Fields & Data Values Exist}
[INFO ][2015-11-09 15:33:22,124][com.java.SeleniumDriver] [  849] - --------------------------setting values-----------------------------
[INFO ][2015-11-09 15:33:22,124][com.java.SeleniumDriver] [  852] - Action Type : SelectFrame
[INFO ][2015-11-09 15:33:23,414][com.java.SeleniumDriver] [  861] -  RESULT true
[INFO ][2015-11-09 15:33:23,414][com.java.SeleniumDriver] [ 1066] - ?   P A S S   ?
[INFO ][2015-11-09 15:33:23,414][com.java.SeleniumDriver] [  788] - ------------------------------------------
[INFO ][2015-11-09 15:33:23,414][com.java.SeleniumDriver] [  789] - Test case being Executed: 7
[INFO ][2015-11-09 15:33:23,414][com.java.SeleniumDriver] [  800] - Test step:24
[INFO ][2015-11-09 15:33:23,414][com.java.SeleniumDriver] [  812] - Datavalue is----------null
[DEBUG][2015-11-09 15:33:23,414][com.java.SeleniumDriver] [  830] - Exception: null
[INFO ][2015-11-09 15:33:23,414][com.java.SeleniumDriver] [  836] - DataField : BTNchkGlobalPrivsUserAdmin
[INFO ][2015-11-09 15:33:23,414][com.java.SeleniumDriver] [  838] - DataValue : 
[INFO ][2015-11-09 15:33:23,414][com.java.SeleniumDriver] [  844] - <In Set values of the page>
[INFO ][2015-11-09 15:33:23,414][com.java.SeleniumDriver] [  847] - {Data Fields & Data Values Exist}
[INFO ][2015-11-09 15:33:23,414][com.java.SeleniumDriver] [  849] - --------------------------setting values-----------------------------
[INFO ][2015-11-09 15:33:23,414][com.java.SeleniumDriver] [  852] - Action Type : Click
[INFO ][2015-11-09 15:33:23,414][com.java.TestType] [ 4391] - Field ::BTNchkGlobalPrivsUserAdmin
[INFO ][2015-11-09 15:33:24,428][com.java.TestType] [ 4429] - BEFORE CLICK
[INFO ][2015-11-09 15:33:25,771][com.java.TestType] [ 4436] - Unable to click the object User Admin check box
[INFO ][2015-11-09 15:33:25,771][com.java.SeleniumDriver] [  861] -  RESULT true
[INFO ][2015-11-09 15:33:25,771][com.java.SeleniumDriver] [ 1066] - ?   P A S S   ?
[INFO ][2015-11-09 15:33:25,771][com.java.SeleniumDriver] [  788] - ------------------------------------------
[INFO ][2015-11-09 15:33:25,771][com.java.SeleniumDriver] [  789] - Test case being Executed: 7
[INFO ][2015-11-09 15:33:25,771][com.java.SeleniumDriver] [  800] - Test step:25
[INFO ][2015-11-09 15:33:25,771][com.java.SeleniumDriver] [  812] - Datavalue is----------null
[DEBUG][2015-11-09 15:33:25,771][com.java.SeleniumDriver] [  830] - Exception: null
[INFO ][2015-11-09 15:33:25,771][com.java.SeleniumDriver] [  836] - DataField : BTNrdoEnableEntity_Enable
[INFO ][2015-11-09 15:33:25,771][com.java.SeleniumDriver] [  838] - DataValue : 
[INFO ][2015-11-09 15:33:25,771][com.java.SeleniumDriver] [  844] - <In Set values of the page>
[INFO ][2015-11-09 15:33:25,771][com.java.SeleniumDriver] [  847] - {Data Fields & Data Values Exist}
[INFO ][2015-11-09 15:33:25,771][com.java.SeleniumDriver] [  849] - --------------------------setting values-----------------------------
[INFO ][2015-11-09 15:33:25,771][com.java.SeleniumDriver] [  852] - Action Type : Click
[INFO ][2015-11-09 15:33:25,771][com.java.TestType] [ 4391] - Field ::BTNrdoEnableEntity_Enable
[INFO ][2015-11-09 15:33:26,785][com.java.TestType] [ 4429] - BEFORE CLICK
[INFO ][2015-11-09 15:33:28,096][com.java.TestType] [ 4436] - Unable to click the object Enable radio button
[INFO ][2015-11-09 15:33:28,096][com.java.SeleniumDriver] [  861] -  RESULT true
[INFO ][2015-11-09 15:33:28,096][com.java.SeleniumDriver] [ 1066] - ?   P A S S   ?
[INFO ][2015-11-09 15:33:28,096][com.java.SeleniumDriver] [  788] - ------------------------------------------
[INFO ][2015-11-09 15:33:28,096][com.java.SeleniumDriver] [  789] - Test case being Executed: 7
[INFO ][2015-11-09 15:33:28,096][com.java.SeleniumDriver] [  800] - Test step:26
[INFO ][2015-11-09 15:33:28,096][com.java.SeleniumDriver] [  812] - Datavalue is----------null
[DEBUG][2015-11-09 15:33:28,096][com.java.SeleniumDriver] [  830] - Exception: null
[INFO ][2015-11-09 15:33:28,096][com.java.SeleniumDriver] [  836] - DataField : BTNchkProfitCenterAll
[INFO ][2015-11-09 15:33:28,096][com.java.SeleniumDriver] [  838] - DataValue : 
[INFO ][2015-11-09 15:33:28,096][com.java.SeleniumDriver] [  844] - <In Set values of the page>
[INFO ][2015-11-09 15:33:28,096][com.java.SeleniumDriver] [  847] - {Data Fields & Data Values Exist}
[INFO ][2015-11-09 15:33:28,096][com.java.SeleniumDriver] [  849] - --------------------------setting values-----------------------------
[INFO ][2015-11-09 15:33:28,096][com.java.SeleniumDriver] [  852] - Action Type : Click
[INFO ][2015-11-09 15:33:28,096][com.java.TestType] [ 4391] - Field ::BTNchkProfitCenterAll
[INFO ][2015-11-09 15:33:29,110][com.java.TestType] [ 4429] - BEFORE CLICK
[INFO ][2015-11-09 15:33:30,421][com.java.TestType] [ 4436] - Unable to click the object All Check box
[INFO ][2015-11-09 15:33:30,421][com.java.SeleniumDriver] [  861] -  RESULT true
[INFO ][2015-11-09 15:33:30,421][com.java.SeleniumDriver] [ 1066] - ?   P A S S   ?
[INFO ][2015-11-09 15:33:30,421][com.java.SeleniumDriver] [  788] - ------------------------------------------
[INFO ][2015-11-09 15:33:30,421][com.java.SeleniumDriver] [  789] - Test case being Executed: 7
[INFO ][2015-11-09 15:33:30,421][com.java.SeleniumDriver] [  800] - Test step:27
[INFO ][2015-11-09 15:33:30,421][com.java.SeleniumDriver] [  812] - Datavalue is----------null
[DEBUG][2015-11-09 15:33:30,421][com.java.SeleniumDriver] [  830] - Exception: null
[INFO ][2015-11-09 15:33:30,421][com.java.SeleniumDriver] [  836] - DataField : BTNchkPrivsAccessGL
[INFO ][2015-11-09 15:33:30,421][com.java.SeleniumDriver] [  838] - DataValue : 
[INFO ][2015-11-09 15:33:30,421][com.java.SeleniumDriver] [  844] - <In Set values of the page>
[INFO ][2015-11-09 15:33:30,421][com.java.SeleniumDriver] [  847] - {Data Fields & Data Values Exist}
[INFO ][2015-11-09 15:33:30,421][com.java.SeleniumDriver] [  849] - --------------------------setting values-----------------------------
[INFO ][2015-11-09 15:33:30,421][com.java.SeleniumDriver] [  852] - Action Type : Click
[INFO ][2015-11-09 15:33:30,421][com.java.TestType] [ 4391] - Field ::BTNchkPrivsAccessGL
[INFO ][2015-11-09 15:33:31,435][com.java.TestType] [ 4429] - BEFORE CLICK
[INFO ][2015-11-09 15:33:32,747][com.java.TestType] [ 4436] - Unable to click the object GL check box
[INFO ][2015-11-09 15:33:32,747][com.java.SeleniumDriver] [  861] -  RESULT true
[INFO ][2015-11-09 15:33:32,747][com.java.SeleniumDriver] [ 1066] - ?   P A S S   ?
[INFO ][2015-11-09 15:33:32,747][com.java.SeleniumDriver] [  788] - ------------------------------------------
[INFO ][2015-11-09 15:33:32,747][com.java.SeleniumDriver] [  789] - Test case being Executed: 7
[INFO ][2015-11-09 15:33:32,747][com.java.SeleniumDriver] [  800] - Test step:28
[INFO ][2015-11-09 15:33:32,747][com.java.SeleniumDriver] [  812] - Datavalue is----------null
[DEBUG][2015-11-09 15:33:32,747][com.java.SeleniumDriver] [  830] - Exception: null
[INFO ][2015-11-09 15:33:32,747][com.java.SeleniumDriver] [  836] - DataField : BTNparent
[INFO ][2015-11-09 15:33:32,747][com.java.SeleniumDriver] [  838] - DataValue : 
[INFO ][2015-11-09 15:33:32,747][com.java.SeleniumDriver] [  844] - <In Set values of the page>
[INFO ][2015-11-09 15:33:32,747][com.java.SeleniumDriver] [  847] - {Data Fields & Data Values Exist}
[INFO ][2015-11-09 15:33:32,747][com.java.SeleniumDriver] [  849] - --------------------------setting values-----------------------------
[INFO ][2015-11-09 15:33:32,747][com.java.SeleniumDriver] [  852] - Action Type : SelectFrame
[INFO ][2015-11-09 15:33:32,762][com.java.SeleniumDriver] [  861] -  RESULT true
[INFO ][2015-11-09 15:33:32,762][com.java.SeleniumDriver] [ 1066] - ?   P A S S   ?
[INFO ][2015-11-09 15:33:32,762][com.java.SeleniumDriver] [  788] - ------------------------------------------
[INFO ][2015-11-09 15:33:32,762][com.java.SeleniumDriver] [  789] - Test case being Executed: 7
[INFO ][2015-11-09 15:33:32,762][com.java.SeleniumDriver] [  800] - Test step:29
[INFO ][2015-11-09 15:33:32,762][com.java.SeleniumDriver] [  812] - Datavalue is----------5
[INFO ][2015-11-09 15:33:32,762][com.java.SeleniumDriver] [  836] - DataField : test
[INFO ][2015-11-09 15:33:32,762][com.java.SeleniumDriver] [  838] - DataValue : 5
[INFO ][2015-11-09 15:33:32,762][com.java.SeleniumDriver] [  844] - <In Set values of the page>
[INFO ][2015-11-09 15:33:32,762][com.java.SeleniumDriver] [  847] - {Data Fields & Data Values Exist}
[INFO ][2015-11-09 15:33:32,762][com.java.SeleniumDriver] [  849] - --------------------------setting values-----------------------------
[INFO ][2015-11-09 15:33:32,762][com.java.SeleniumDriver] [  852] - Action Type : WaitTime
[DEBUG][2015-11-09 15:33:32,762][com.java.TestType] [ 3913] - sleepTime: 5000
[INFO ][2015-11-09 15:33:37,770][com.java.SeleniumDriver] [  861] -  RESULT true
[INFO ][2015-11-09 15:33:37,770][com.java.SeleniumDriver] [ 1066] - ?   P A S S   ?
[INFO ][2015-11-09 15:33:37,770][com.java.SeleniumDriver] [  788] - ------------------------------------------
[INFO ][2015-11-09 15:33:37,770][com.java.SeleniumDriver] [  789] - Test case being Executed: 7
[INFO ][2015-11-09 15:33:37,770][com.java.SeleniumDriver] [  800] - Test step:30
[INFO ][2015-11-09 15:33:37,770][com.java.SeleniumDriver] [  812] - Datavalue is----------null
[DEBUG][2015-11-09 15:33:37,770][com.java.SeleniumDriver] [  830] - Exception: null
[INFO ][2015-11-09 15:33:37,770][com.java.SeleniumDriver] [  836] - DataField : XPH//span[contains(text(), 'Finished')]
[INFO ][2015-11-09 15:33:37,770][com.java.SeleniumDriver] [  838] - DataValue : 
[INFO ][2015-11-09 15:33:37,770][com.java.SeleniumDriver] [  844] - <In Set values of the page>
[INFO ][2015-11-09 15:33:37,770][com.java.SeleniumDriver] [  847] - {Data Fields & Data Values Exist}
[INFO ][2015-11-09 15:33:37,770][com.java.SeleniumDriver] [  849] - --------------------------setting values-----------------------------
[INFO ][2015-11-09 15:33:37,770][com.java.SeleniumDriver] [  852] - Action Type : Click
[INFO ][2015-11-09 15:33:37,770][com.java.TestType] [ 4391] - Field ::XPH//span[contains(text(), 'Finished')]
[INFO ][2015-11-09 15:33:38,785][com.java.TestType] [ 4450] - BEFORE CLICK
[INFO ][2015-11-09 15:33:48,823][com.java.TestType] [ 4458] - Unable to click the object Finished button
[INFO ][2015-11-09 15:33:48,823][com.java.SeleniumDriver] [  861] -  RESULT true
[INFO ][2015-11-09 15:33:48,823][com.java.SeleniumDriver] [ 1066] - ?   P A S S   ?
[INFO ][2015-11-09 15:33:48,823][com.java.SeleniumDriver] [  788] - ------------------------------------------
[INFO ][2015-11-09 15:33:48,823][com.java.SeleniumDriver] [  789] - Test case being Executed: 7
[INFO ][2015-11-09 15:33:48,823][com.java.SeleniumDriver] [  800] - Test step:31
[INFO ][2015-11-09 15:33:48,823][com.java.SeleniumDriver] [  812] - Datavalue is----------5
[INFO ][2015-11-09 15:33:48,823][com.java.SeleniumDriver] [  836] - DataField : BTNframeDialogContent
[INFO ][2015-11-09 15:33:48,823][com.java.SeleniumDriver] [  838] - DataValue : 5
[INFO ][2015-11-09 15:33:48,823][com.java.SeleniumDriver] [  844] - <In Set values of the page>
[INFO ][2015-11-09 15:33:48,823][com.java.SeleniumDriver] [  847] - {Data Fields & Data Values Exist}
[INFO ][2015-11-09 15:33:48,823][com.java.SeleniumDriver] [  849] - --------------------------setting values-----------------------------
[INFO ][2015-11-09 15:33:48,823][com.java.SeleniumDriver] [  852] - Action Type : WaitForElement
[INFO ][2015-11-09 15:33:50,072][com.java.SeleniumDriver] [  861] -  RESULT true
[INFO ][2015-11-09 15:33:50,072][com.java.SeleniumDriver] [ 1066] - ?   P A S S   ?
[INFO ][2015-11-09 15:33:50,072][com.java.SeleniumDriver] [  788] - ------------------------------------------
[INFO ][2015-11-09 15:33:50,072][com.java.SeleniumDriver] [  789] - Test case being Executed: 7
[INFO ][2015-11-09 15:33:50,072][com.java.SeleniumDriver] [  800] - Test step:32
[INFO ][2015-11-09 15:33:50,072][com.java.SeleniumDriver] [  812] - Datavalue is----------null
[DEBUG][2015-11-09 15:33:50,072][com.java.SeleniumDriver] [  830] - Exception: null
[INFO ][2015-11-09 15:33:50,072][com.java.SeleniumDriver] [  836] - DataField : BTNframeDialogContent
[INFO ][2015-11-09 15:33:50,072][com.java.SeleniumDriver] [  838] - DataValue : 
[INFO ][2015-11-09 15:33:50,072][com.java.SeleniumDriver] [  844] - <In Set values of the page>
[INFO ][2015-11-09 15:33:50,072][com.java.SeleniumDriver] [  847] - {Data Fields & Data Values Exist}
[INFO ][2015-11-09 15:33:50,072][com.java.SeleniumDriver] [  849] - --------------------------setting values-----------------------------
[INFO ][2015-11-09 15:33:50,072][com.java.SeleniumDriver] [  852] - Action Type : SelectFrame
[INFO ][2015-11-09 15:33:51,339][com.java.SeleniumDriver] [  861] -  RESULT true
[INFO ][2015-11-09 15:33:51,339][com.java.SeleniumDriver] [ 1066] - ?   P A S S   ?
[INFO ][2015-11-09 15:33:51,339][com.java.SeleniumDriver] [  788] - ------------------------------------------
[INFO ][2015-11-09 15:33:51,339][com.java.SeleniumDriver] [  789] - Test case being Executed: 7
[INFO ][2015-11-09 15:33:51,339][com.java.SeleniumDriver] [  800] - Test step:33
[INFO ][2015-11-09 15:33:51,339][com.java.SeleniumDriver] [  812] - Datavalue is----------null
[DEBUG][2015-11-09 15:33:51,339][com.java.SeleniumDriver] [  830] - Exception: null
[INFO ][2015-11-09 15:33:51,339][com.java.SeleniumDriver] [  836] - DataField : XPH//table[@id="tblUserListing"]//td[contains(text(),'vltest.robot')]
[INFO ][2015-11-09 15:33:51,339][com.java.SeleniumDriver] [  838] - DataValue : 
[INFO ][2015-11-09 15:33:51,339][com.java.SeleniumDriver] [  844] - <In Set values of the page>
[INFO ][2015-11-09 15:33:51,339][com.java.SeleniumDriver] [  847] - {Data Fields & Data Values Exist}
[INFO ][2015-11-09 15:33:51,339][com.java.SeleniumDriver] [  849] - --------------------------setting values-----------------------------
[INFO ][2015-11-09 15:33:51,339][com.java.SeleniumDriver] [  852] - Action Type : WaitForElement
[INFO ][2015-11-09 15:33:51,402][com.java.SeleniumDriver] [  861] -  RESULT true
[INFO ][2015-11-09 15:33:51,402][com.java.SeleniumDriver] [ 1066] - ?   P A S S   ?
[INFO ][2015-11-09 15:33:51,402][com.java.SeleniumDriver] [  788] - ------------------------------------------
[INFO ][2015-11-09 15:33:51,402][com.java.SeleniumDriver] [  789] - Test case being Executed: 7
[INFO ][2015-11-09 15:33:51,402][com.java.SeleniumDriver] [  800] - Test step:34
[INFO ][2015-11-09 15:33:51,402][com.java.SeleniumDriver] [  812] - Datavalue is----------dt:NewUserName
[INFO ][2015-11-09 15:33:51,402][com.java.SeleniumDriver] [  836] - DataField : USR
[INFO ][2015-11-09 15:33:51,402][com.java.SeleniumDriver] [  838] - DataValue : dt:NewUserName
[INFO ][2015-11-09 15:33:51,402][com.java.SeleniumDriver] [  844] - <In Set values of the page>
[INFO ][2015-11-09 15:33:51,402][com.java.SeleniumDriver] [  847] - {Data Fields & Data Values Exist}
[INFO ][2015-11-09 15:33:51,402][com.java.SeleniumDriver] [  849] - --------------------------setting values-----------------------------
[INFO ][2015-11-09 15:33:51,402][com.java.SeleniumDriver] [  852] - Action Type : Verify
[INFO ][2015-11-09 15:33:51,402][com.java.TestType] [ 5204] - field= USR value= dt:NewUserName
[INFO ][2015-11-09 15:33:51,402][com.java.TestType] [ 4078] - value = vltest.robot
[INFO ][2015-11-09 15:33:51,464][com.java.SeleniumDriver] [  861] -  RESULT true
[INFO ][2015-11-09 15:33:51,464][com.java.SeleniumDriver] [ 1066] - ?   P A S S   ?
[INFO ][2015-11-09 15:33:51,464][com.java.SeleniumDriver] [  788] - ------------------------------------------
[INFO ][2015-11-09 15:33:51,464][com.java.SeleniumDriver] [  789] - Test case being Executed: 7
[INFO ][2015-11-09 15:33:51,464][com.java.SeleniumDriver] [  800] - Test step:35
[INFO ][2015-11-09 15:33:51,464][com.java.SeleniumDriver] [  812] - Datavalue is----------Login_username
[INFO ][2015-11-09 15:33:51,464][com.java.SeleniumDriver] [  836] - DataField : XPH//table[@id="tblUserListing"]//td[contains(text(),'vltest.robot')]
[INFO ][2015-11-09 15:33:51,464][com.java.SeleniumDriver] [  838] - DataValue : Login_username
[INFO ][2015-11-09 15:33:51,464][com.java.SeleniumDriver] [  844] - <In Set values of the page>
[INFO ][2015-11-09 15:33:51,464][com.java.SeleniumDriver] [  847] - {Data Fields & Data Values Exist}
[INFO ][2015-11-09 15:33:51,464][com.java.SeleniumDriver] [  849] - --------------------------setting values-----------------------------
[INFO ][2015-11-09 15:33:51,464][com.java.SeleniumDriver] [  852] - Action Type : STOREVALUE
[INFO ][2015-11-09 15:33:51,464][com.java.TestType] [ 6138] - field= XPH//table[@id="tblUserListing"]//td[contains(text(),'vltest.robot')]
[DEBUG][2015-11-09 15:33:51,573][com.java.TestType] [ 6190] - Key:: Login_username   Value:: vltest.robot.33527
[INFO ][2015-11-09 15:33:51,573][com.java.SeleniumDriver] [  861] -  RESULT true
[INFO ][2015-11-09 15:33:51,573][com.java.SeleniumDriver] [ 1066] - ?   P A S S   ?
[INFO ][2015-11-09 15:33:51,573][com.java.SeleniumDriver] [  788] - ------------------------------------------
[INFO ][2015-11-09 15:33:51,573][com.java.SeleniumDriver] [  789] - Test case being Executed: 7
[INFO ][2015-11-09 15:33:51,573][com.java.SeleniumDriver] [  800] - Test step:36
[INFO ][2015-11-09 15:33:51,573][com.java.SeleniumDriver] [  812] - Datavalue is----------null
[DEBUG][2015-11-09 15:33:51,573][com.java.SeleniumDriver] [  830] - Exception: null
[INFO ][2015-11-09 15:33:51,573][com.java.SeleniumDriver] [  836] - DataField : BTNparent
[INFO ][2015-11-09 15:33:51,573][com.java.SeleniumDriver] [  838] - DataValue : 
[INFO ][2015-11-09 15:33:51,573][com.java.SeleniumDriver] [  844] - <In Set values of the page>
[INFO ][2015-11-09 15:33:51,573][com.java.SeleniumDriver] [  847] - {Data Fields & Data Values Exist}
[INFO ][2015-11-09 15:33:51,573][com.java.SeleniumDriver] [  849] - --------------------------setting values-----------------------------
[INFO ][2015-11-09 15:33:51,573][com.java.SeleniumDriver] [  852] - Action Type : SelectFrame
[INFO ][2015-11-09 15:33:51,589][com.java.SeleniumDriver] [  861] -  RESULT true
[INFO ][2015-11-09 15:33:51,589][com.java.SeleniumDriver] [ 1066] - ?   P A S S   ?
[INFO ][2015-11-09 15:33:51,589][com.java.SeleniumDriver] [  788] - ------------------------------------------
[INFO ][2015-11-09 15:33:51,589][com.java.SeleniumDriver] [  789] - Test case being Executed: 7
[INFO ][2015-11-09 15:33:51,589][com.java.SeleniumDriver] [  800] - Test step:37
[INFO ][2015-11-09 15:33:51,589][com.java.SeleniumDriver] [  812] - Datavalue is----------null
[DEBUG][2015-11-09 15:33:51,589][com.java.SeleniumDriver] [  830] - Exception: null
[INFO ][2015-11-09 15:33:51,589][com.java.SeleniumDriver] [  836] - DataField : XPH//span[contains(text(), 'Finished')]
[INFO ][2015-11-09 15:33:51,589][com.java.SeleniumDriver] [  838] - DataValue : 
[INFO ][2015-11-09 15:33:51,589][com.java.SeleniumDriver] [  844] - <In Set values of the page>
[INFO ][2015-11-09 15:33:51,589][com.java.SeleniumDriver] [  847] - {Data Fields & Data Values Exist}
[INFO ][2015-11-09 15:33:51,589][com.java.SeleniumDriver] [  849] - --------------------------setting values-----------------------------
[INFO ][2015-11-09 15:33:51,589][com.java.SeleniumDriver] [  852] - Action Type : Click
[INFO ][2015-11-09 15:33:51,589][com.java.TestType] [ 4391] - Field ::XPH//span[contains(text(), 'Finished')]
[INFO ][2015-11-09 15:33:52,603][com.java.TestType] [ 4450] - BEFORE CLICK
[INFO ][2015-11-09 15:33:53,711][com.java.TestType] [ 4458] - Unable to click the object Finished button
[INFO ][2015-11-09 15:33:53,711][com.java.SeleniumDriver] [  861] -  RESULT true
[INFO ][2015-11-09 15:33:53,711][com.java.SeleniumDriver] [ 1066] - ?   P A S S   ?
[INFO ][2015-11-09 15:33:53,711][com.java.SeleniumDriver] [  788] - ------------------------------------------
[INFO ][2015-11-09 15:33:53,711][com.java.SeleniumDriver] [  789] - Test case being Executed: 7
[INFO ][2015-11-09 15:33:53,711][com.java.SeleniumDriver] [  800] - Test step:38
[INFO ][2015-11-09 15:33:53,711][com.java.SeleniumDriver] [  812] - Datavalue is----------Concept#3:1-2
[INFO ][2015-11-09 15:33:53,711][com.java.SeleniumDriver] [  836] - DataField : test
[INFO ][2015-11-09 15:33:53,711][com.java.SeleniumDriver] [  838] - DataValue : Concept#3:1-2
[INFO ][2015-11-09 15:33:53,711][com.java.SeleniumDriver] [  844] - <In Set values of the page>
[INFO ][2015-11-09 15:33:53,711][com.java.SeleniumDriver] [  847] - {Data Fields & Data Values Exist}
[INFO ][2015-11-09 15:33:53,711][com.java.SeleniumDriver] [  849] - --------------------------setting values-----------------------------
[INFO ][2015-11-09 15:33:53,711][com.java.SeleniumDriver] [  852] - Action Type : ExecuteTestCase
[INFO ][2015-11-09 15:33:53,711][com.java.TestType] [  422] - The Concept sheet name is ---------- Concept
[INFO ][2015-11-09 15:33:53,711][com.java.TestType] [  425] - The Concept ID  is ---------- 3
[DEBUG][2015-11-09 15:33:53,711][com.java.TestType] [  429] - Steps being executted in the Concept are: 1:2
[INFO ][2015-11-09 15:33:53,711][com.java.TestType] [  436] - Test data details path ---------- D:\BankersDashboard\TestInputs\TestData.xls
[INFO ][2015-11-09 15:33:53,712][com.java.TestType] [  467] -  str(1) = 3
[INFO ][2015-11-09 15:33:53,712][com.java.TestType] [  470] - Test case Id is---3
[INFO ][2015-11-09 15:33:53,712][com.java.TestType] [  472] - 3
[INFO ][2015-11-09 15:33:53,712][com.java.TestType] [  467] -  str(2) = 1
[INFO ][2015-11-09 15:33:53,727][com.java.TestType] [  519] - row values are--------{1=com.java.Objects.TestDataDetails@177ce3}
[INFO ][2015-11-09 15:33:53,727][com.java.TestType] [  467] -  str(1) = 3
[INFO ][2015-11-09 15:33:53,727][com.java.TestType] [  470] - Test case Id is---3
[INFO ][2015-11-09 15:33:53,727][com.java.TestType] [  472] - 3
[INFO ][2015-11-09 15:33:53,727][com.java.TestType] [  467] -  str(2) = 2
[INFO ][2015-11-09 15:33:53,743][com.java.TestType] [  519] - row values are--------{1=com.java.Objects.TestDataDetails@177ce3, 2=com.java.Objects.TestDataDetails@de9eea}
[INFO ][2015-11-09 15:33:53,743][com.java.TestType] [ 8228] - Looping 1TCID = 3
[DEBUG][2015-11-09 15:33:53,743][com.java.TestType] [ 8269] - Concept ID:3 :: Step being Executed: 3::1
[INFO ][2015-11-09 15:33:53,743][com.java.TestType] [ 8307] - dataFields : test
[DEBUG][2015-11-09 15:33:53,743][com.java.TestType] [ 8313] - <In Set values of the page>
[DEBUG][2015-11-09 15:33:53,743][com.java.TestType] [ 8318] - {Data Fields & Data Values Exist}
[INFO ][2015-11-09 15:33:53,743][com.java.TestType] [ 8324] - --------------------------setting values-----------------------------
[INFO ][2015-11-09 15:33:53,743][com.java.TestType] [ 8327] - Action Type : Logout
[INFO ][2015-11-09 15:33:56,138][com.java.TestType] [ 4391] - Field ::CNF
[INFO ][2015-11-09 15:33:58,440][com.java.TestType] [ 4446] - Click the object confirmation
[INFO ][2015-11-09 15:33:58,440][com.java.TestType] [ 4447] - Unable to click the object confirmation
[DEBUG][2015-11-09 15:33:58,441][com.java.SeleniumDriver] [  425] - Hub ip address is-------172.17.68.34
[INFO ][2015-11-09 15:33:58,441][com.java.SeleniumDriver] [  451] - Grid URL:http://172.17.68.34:4444/wd/hub
[INFO ][2015-11-09 15:33:58,441][com.java.SeleniumDriver] [  452] - Capability:Capabilities [{platform=ANY, ensureCleanSession=true, ignoreProtectedModeSettings=true, acceptSslCerts=true, ignoreZoomSetting=true, browserName=internet explorer, browserstack.ie.noFlash=true, version=Node1}]
[ERROR][2015-11-09 15:33:59,499][com.java.SeleniumDriver] [  496] - Unable invoke browser in grid:Could not start a new session. Possible causes are invalid address of the remote server or browser start-up failure.
Build info: version: '2.48.2', revision: '41bccdd', time: '2015-10-09 19:59:12'
System info: host: 'FVTIII438F1D', ip: '172.17.68.34', os.name: 'Windows 7', os.arch: 'x86', os.version: '6.1', java.version: '1.7.0_55'
Driver info: driver.version: SeleniumDriver
[INFO ][2015-11-09 15:33:59,499][com.java.SeleniumDriver] [  498] - Executing on local machine
[INFO ][2015-11-09 15:34:12,279][com.java.TestType] [ 8346] -  RESULT true
[INFO ][2015-11-09 15:34:12,279][com.java.TestType] [ 8463] - ?   P A S S   ?
[DEBUG][2015-11-09 15:34:12,279][com.java.TestType] [ 8269] - Concept ID:3 :: Step being Executed: 3::2
[INFO ][2015-11-09 15:34:12,279][com.java.TestType] [ 8307] - dataFields : test
[DEBUG][2015-11-09 15:34:12,279][com.java.TestType] [ 8313] - <In Set values of the page>
[DEBUG][2015-11-09 15:34:12,279][com.java.TestType] [ 8318] - {Data Fields & Data Values Exist}
[INFO ][2015-11-09 15:34:12,279][com.java.TestType] [ 8324] - --------------------------setting values-----------------------------
[INFO ][2015-11-09 15:34:12,279][com.java.TestType] [ 8327] - Action Type : WaitTime
[DEBUG][2015-11-09 15:34:12,279][com.java.TestType] [ 3913] - sleepTime: 2000
[INFO ][2015-11-09 15:34:14,293][com.java.TestType] [ 8346] -  RESULT true
[INFO ][2015-11-09 15:34:14,293][com.java.TestType] [ 8463] - ?   P A S S   ?
[INFO ][2015-11-09 15:34:14,293][com.java.TestType] [ 8534] - Looping End......
[INFO ][2015-11-09 15:34:14,293][com.java.SeleniumDriver] [  861] -  RESULT true
[INFO ][2015-11-09 15:34:14,293][com.java.SeleniumDriver] [ 1066] - ?   P A S S   ?
[INFO ][2015-11-09 15:34:14,293][com.java.SeleniumDriver] [  788] - ------------------------------------------
[INFO ][2015-11-09 15:34:14,293][com.java.SeleniumDriver] [  789] - Test case being Executed: 7
[INFO ][2015-11-09 15:34:14,293][com.java.SeleniumDriver] [  800] - Test step:39
[INFO ][2015-11-09 15:34:14,293][com.java.SeleniumDriver] [  812] - Datavalue is----------HMVLogin_username
[INFO ][2015-11-09 15:34:14,293][com.java.SeleniumDriver] [  836] - DataField : TXTusername
[INFO ][2015-11-09 15:34:14,293][com.java.SeleniumDriver] [  838] - DataValue : HMVLogin_username
[INFO ][2015-11-09 15:34:14,293][com.java.SeleniumDriver] [  844] - <In Set values of the page>
[INFO ][2015-11-09 15:34:14,293][com.java.SeleniumDriver] [  847] - {Data Fields & Data Values Exist}
[INFO ][2015-11-09 15:34:14,293][com.java.SeleniumDriver] [  849] - --------------------------setting values-----------------------------
[INFO ][2015-11-09 15:34:14,293][com.java.SeleniumDriver] [  852] - Action Type : CLEARANDENTER
[INFO ][2015-11-09 15:34:14,293][com.java.TestType] [ 4078] - value = vltest.robot.33527
[INFO ][2015-11-09 15:34:19,238][com.java.SeleniumDriver] [  861] -  RESULT true
[INFO ][2015-11-09 15:34:19,238][com.java.SeleniumDriver] [ 1066] - ?   P A S S   ?
[INFO ][2015-11-09 15:34:19,238][com.java.SeleniumDriver] [  788] - ------------------------------------------
[INFO ][2015-11-09 15:34:19,238][com.java.SeleniumDriver] [  789] - Test case being Executed: 7
[INFO ][2015-11-09 15:34:19,238][com.java.SeleniumDriver] [  800] - Test step:40
[INFO ][2015-11-09 15:34:19,238][com.java.SeleniumDriver] [  812] - Datavalue is----------dt:NewUserPswd
[INFO ][2015-11-09 15:34:19,238][com.java.SeleniumDriver] [  836] - DataField : TXTpassword
[INFO ][2015-11-09 15:34:19,238][com.java.SeleniumDriver] [  838] - DataValue : dt:NewUserPswd
[INFO ][2015-11-09 15:34:19,238][com.java.SeleniumDriver] [  844] - <In Set values of the page>
[INFO ][2015-11-09 15:34:19,238][com.java.SeleniumDriver] [  847] - {Data Fields & Data Values Exist}
[INFO ][2015-11-09 15:34:19,238][com.java.SeleniumDriver] [  849] - --------------------------setting values-----------------------------
[INFO ][2015-11-09 15:34:19,238][com.java.SeleniumDriver] [  852] - Action Type : CLEARANDENTER
[INFO ][2015-11-09 15:34:19,238][com.java.TestType] [ 4078] - value = Password1*
[INFO ][2015-11-09 15:34:24,425][com.java.SeleniumDriver] [  861] -  RESULT true
[INFO ][2015-11-09 15:34:24,425][com.java.SeleniumDriver] [ 1066] - ?   P A S S   ?
[INFO ][2015-11-09 15:34:24,425][com.java.SeleniumDriver] [  788] - ------------------------------------------
[INFO ][2015-11-09 15:34:24,425][com.java.SeleniumDriver] [  789] - Test case being Executed: 7
[INFO ][2015-11-09 15:34:24,425][com.java.SeleniumDriver] [  800] - Test step:41
[INFO ][2015-11-09 15:34:24,425][com.java.SeleniumDriver] [  812] - Datavalue is----------null
[DEBUG][2015-11-09 15:34:24,425][com.java.SeleniumDriver] [  830] - Exception: null
[INFO ][2015-11-09 15:34:24,425][com.java.SeleniumDriver] [  836] - DataField : XPH//button[@type='submit']
[INFO ][2015-11-09 15:34:24,425][com.java.SeleniumDriver] [  838] - DataValue : 
[INFO ][2015-11-09 15:34:24,425][com.java.SeleniumDriver] [  844] - <In Set values of the page>
[INFO ][2015-11-09 15:34:24,425][com.java.SeleniumDriver] [  847] - {Data Fields & Data Values Exist}
[INFO ][2015-11-09 15:34:24,425][com.java.SeleniumDriver] [  849] - --------------------------setting values-----------------------------
[INFO ][2015-11-09 15:34:24,425][com.java.SeleniumDriver] [  852] - Action Type : Click
[INFO ][2015-11-09 15:34:24,425][com.java.TestType] [ 4391] - Field ::XPH//button[@type='submit']
[INFO ][2015-11-09 15:34:25,439][com.java.TestType] [ 4450] - BEFORE CLICK
[INFO ][2015-11-09 15:34:26,329][com.java.TestType] [ 4458] - Unable to click the object Login
[INFO ][2015-11-09 15:34:26,329][com.java.SeleniumDriver] [  861] -  RESULT true
[INFO ][2015-11-09 15:34:26,329][com.java.SeleniumDriver] [ 1066] - ?   P A S S   ?
[INFO ][2015-11-09 15:34:26,329][com.java.SeleniumDriver] [  788] - ------------------------------------------
[INFO ][2015-11-09 15:34:26,329][com.java.SeleniumDriver] [  789] - Test case being Executed: 7
[INFO ][2015-11-09 15:34:26,329][com.java.SeleniumDriver] [  800] - Test step:42
[INFO ][2015-11-09 15:34:26,329][com.java.SeleniumDriver] [  812] - Datavalue is----------null
[DEBUG][2015-11-09 15:34:26,329][com.java.SeleniumDriver] [  830] - Exception: null
[INFO ][2015-11-09 15:34:26,329][com.java.SeleniumDriver] [  836] - DataField : test
[INFO ][2015-11-09 15:34:26,329][com.java.SeleniumDriver] [  838] - DataValue : 
[INFO ][2015-11-09 15:34:26,329][com.java.SeleniumDriver] [  844] - <In Set values of the page>
[INFO ][2015-11-09 15:34:26,329][com.java.SeleniumDriver] [  847] - {Data Fields & Data Values Exist}
[INFO ][2015-11-09 15:34:26,329][com.java.SeleniumDriver] [  849] - --------------------------setting values-----------------------------
[INFO ][2015-11-09 15:34:26,329][com.java.SeleniumDriver] [  852] - Action Type : WaitTime
[DEBUG][2015-11-09 15:34:26,329][com.java.TestType] [ 3913] - sleepTime: 10000
[INFO ][2015-11-09 15:34:36,325][com.java.SeleniumDriver] [  861] -  RESULT true
[INFO ][2015-11-09 15:34:36,325][com.java.SeleniumDriver] [ 1066] - ?   P A S S   ?
[INFO ][2015-11-09 15:34:36,325][com.java.SeleniumDriver] [  788] - ------------------------------------------
[INFO ][2015-11-09 15:34:36,325][com.java.SeleniumDriver] [  789] - Test case being Executed: 7
[INFO ][2015-11-09 15:34:36,325][com.java.SeleniumDriver] [  800] - Test step:43
[INFO ][2015-11-09 15:34:36,325][com.java.SeleniumDriver] [  812] - Datavalue is----------Banker'sDashboard
[INFO ][2015-11-09 15:34:36,325][com.java.SeleniumDriver] [  836] - DataField : TTL
[INFO ][2015-11-09 15:34:36,325][com.java.SeleniumDriver] [  838] - DataValue : Banker'sDashboard
[INFO ][2015-11-09 15:34:36,325][com.java.SeleniumDriver] [  844] - <In Set values of the page>
[INFO ][2015-11-09 15:34:36,325][com.java.SeleniumDriver] [  847] - {Data Fields & Data Values Exist}
[INFO ][2015-11-09 15:34:36,325][com.java.SeleniumDriver] [  849] - --------------------------setting values-----------------------------
[INFO ][2015-11-09 15:34:36,325][com.java.SeleniumDriver] [  852] - Action Type : SelectWindow
[INFO ][2015-11-09 15:34:48,881][com.java.SeleniumDriver] [  861] -  RESULT true
[INFO ][2015-11-09 15:34:48,881][com.java.SeleniumDriver] [ 1066] - ?   P A S S   ?
[INFO ][2015-11-09 15:34:48,881][com.java.SeleniumDriver] [  788] - ------------------------------------------
[INFO ][2015-11-09 15:34:48,881][com.java.SeleniumDriver] [  789] - Test case being Executed: 7
[INFO ][2015-11-09 15:34:48,881][com.java.SeleniumDriver] [  800] - Test step:44
[INFO ][2015-11-09 15:34:48,881][com.java.SeleniumDriver] [  812] - Datavalue is----------20
[INFO ][2015-11-09 15:34:48,881][com.java.SeleniumDriver] [  836] - DataField : test
[INFO ][2015-11-09 15:34:48,881][com.java.SeleniumDriver] [  838] - DataValue : 20
[INFO ][2015-11-09 15:34:48,881][com.java.SeleniumDriver] [  844] - <In Set values of the page>
[INFO ][2015-11-09 15:34:48,881][com.java.SeleniumDriver] [  847] - {Data Fields & Data Values Exist}
[INFO ][2015-11-09 15:34:48,881][com.java.SeleniumDriver] [  849] - --------------------------setting values-----------------------------
[INFO ][2015-11-09 15:34:48,881][com.java.SeleniumDriver] [  852] - Action Type : WaitTime
[DEBUG][2015-11-09 15:34:48,881][com.java.TestType] [ 3913] - sleepTime: 20000
[INFO ][2015-11-09 15:35:08,882][com.java.SeleniumDriver] [  861] -  RESULT true
[INFO ][2015-11-09 15:35:08,882][com.java.SeleniumDriver] [ 1066] - ?   P A S S   ?
[INFO ][2015-11-09 15:35:08,882][com.java.SeleniumDriver] [  788] - ------------------------------------------
[INFO ][2015-11-09 15:35:08,882][com.java.SeleniumDriver] [  789] - Test case being Executed: 7
[INFO ][2015-11-09 15:35:08,882][com.java.SeleniumDriver] [  800] - Test step:45
[INFO ][2015-11-09 15:35:08,882][com.java.SeleniumDriver] [  812] - Datavalue is----------null
[DEBUG][2015-11-09 15:35:08,882][com.java.SeleniumDriver] [  830] - Exception: null
[INFO ][2015-11-09 15:35:08,882][com.java.SeleniumDriver] [  836] - DataField : //span[@class='icon-cog2']&&//a[@data-id="UserSettings"]
[INFO ][2015-11-09 15:35:08,882][com.java.SeleniumDriver] [  838] - DataValue : 
[INFO ][2015-11-09 15:35:08,882][com.java.SeleniumDriver] [  844] - <In Set values of the page>
[INFO ][2015-11-09 15:35:08,882][com.java.SeleniumDriver] [  847] - {Data Fields & Data Values Exist}
[INFO ][2015-11-09 15:35:08,882][com.java.SeleniumDriver] [  849] - --------------------------setting values-----------------------------
[INFO ][2015-11-09 15:35:08,882][com.java.SeleniumDriver] [  852] - Action Type : MouseOver
[INFO ][2015-11-09 15:35:19,004][com.java.SeleniumDriver] [  861] -  RESULT true
[INFO ][2015-11-09 15:35:19,004][com.java.SeleniumDriver] [ 1066] - ?   P A S S   ?
[INFO ][2015-11-09 15:35:19,004][com.java.SeleniumDriver] [  788] - ------------------------------------------
[INFO ][2015-11-09 15:35:19,004][com.java.SeleniumDriver] [  789] - Test case being Executed: 7
[INFO ][2015-11-09 15:35:19,004][com.java.SeleniumDriver] [  800] - Test step:46
[INFO ][2015-11-09 15:35:19,004][com.java.SeleniumDriver] [  812] - Datavalue is----------null
[DEBUG][2015-11-09 15:35:19,004][com.java.SeleniumDriver] [  830] - Exception: null
[INFO ][2015-11-09 15:35:19,004][com.java.SeleniumDriver] [  836] - DataField : BTNframeDialogContent
[INFO ][2015-11-09 15:35:19,004][com.java.SeleniumDriver] [  838] - DataValue : 
[INFO ][2015-11-09 15:35:19,004][com.java.SeleniumDriver] [  844] - <In Set values of the page>
[INFO ][2015-11-09 15:35:19,004][com.java.SeleniumDriver] [  847] - {Data Fields & Data Values Exist}
[INFO ][2015-11-09 15:35:19,004][com.java.SeleniumDriver] [  849] - --------------------------setting values-----------------------------
[INFO ][2015-11-09 15:35:19,004][com.java.SeleniumDriver] [  852] - Action Type : WaitForElement
[INFO ][2015-11-09 15:35:20,184][com.java.SeleniumDriver] [  861] -  RESULT true
[INFO ][2015-11-09 15:35:20,184][com.java.SeleniumDriver] [ 1066] - ?   P A S S   ?
[INFO ][2015-11-09 15:35:20,184][com.java.SeleniumDriver] [  788] - ------------------------------------------
[INFO ][2015-11-09 15:35:20,184][com.java.SeleniumDriver] [  789] - Test case being Executed: 7
[INFO ][2015-11-09 15:35:20,184][com.java.SeleniumDriver] [  800] - Test step:47
[INFO ][2015-11-09 15:35:20,184][com.java.SeleniumDriver] [  812] - Datavalue is----------frameDialogContent
[INFO ][2015-11-09 15:35:20,184][com.java.SeleniumDriver] [  836] - DataField : BTN
[INFO ][2015-11-09 15:35:20,184][com.java.SeleniumDriver] [  838] - DataValue : frameDialogContent
[INFO ][2015-11-09 15:35:20,184][com.java.SeleniumDriver] [  844] - <In Set values of the page>
[INFO ][2015-11-09 15:35:20,184][com.java.SeleniumDriver] [  847] - {Data Fields & Data Values Exist}
[INFO ][2015-11-09 15:35:20,184][com.java.SeleniumDriver] [  849] - --------------------------setting values-----------------------------
[INFO ][2015-11-09 15:35:20,184][com.java.SeleniumDriver] [  852] - Action Type : SELECTFRAMEBYNAME
[INFO ][2015-11-09 15:35:20,184][com.java.TestType] [ 4078] - value = frameDialogContent
[INFO ][2015-11-09 15:35:20,245][com.java.SeleniumDriver] [  861] -  RESULT true
[INFO ][2015-11-09 15:35:20,245][com.java.SeleniumDriver] [ 1066] - ?   P A S S   ?
[INFO ][2015-11-09 15:35:20,245][com.java.SeleniumDriver] [  788] - ------------------------------------------
[INFO ][2015-11-09 15:35:20,245][com.java.SeleniumDriver] [  789] - Test case being Executed: 7
[INFO ][2015-11-09 15:35:20,245][com.java.SeleniumDriver] [  800] - Test step:48
[INFO ][2015-11-09 15:35:20,245][com.java.SeleniumDriver] [  812] - Datavalue is----------No
[INFO ][2015-11-09 15:35:20,245][com.java.SeleniumDriver] [  836] - DataField : SLBddlOpenBDInNewWindow
[INFO ][2015-11-09 15:35:20,245][com.java.SeleniumDriver] [  838] - DataValue : No
[INFO ][2015-11-09 15:35:20,245][com.java.SeleniumDriver] [  844] - <In Set values of the page>
[INFO ][2015-11-09 15:35:20,245][com.java.SeleniumDriver] [  847] - {Data Fields & Data Values Exist}
[INFO ][2015-11-09 15:35:20,245][com.java.SeleniumDriver] [  849] - --------------------------setting values-----------------------------
[INFO ][2015-11-09 15:35:20,245][com.java.SeleniumDriver] [  852] - Action Type : Select
[INFO ][2015-11-09 15:35:20,245][com.java.TestType] [ 4078] - value = No
[INFO ][2015-11-09 15:35:22,527][com.java.SeleniumDriver] [  861] -  RESULT true
[INFO ][2015-11-09 15:35:22,527][com.java.SeleniumDriver] [ 1066] - ?   P A S S   ?
[INFO ][2015-11-09 15:35:22,527][com.java.SeleniumDriver] [  788] - ------------------------------------------
[INFO ][2015-11-09 15:35:22,527][com.java.SeleniumDriver] [  789] - Test case being Executed: 7
[INFO ][2015-11-09 15:35:22,527][com.java.SeleniumDriver] [  800] - Test step:49
[INFO ][2015-11-09 15:35:22,527][com.java.SeleniumDriver] [  812] - Datavalue is----------null
[DEBUG][2015-11-09 15:35:22,527][com.java.SeleniumDriver] [  830] - Exception: null
[INFO ][2015-11-09 15:35:22,527][com.java.SeleniumDriver] [  836] - DataField : BTNparent
[INFO ][2015-11-09 15:35:22,527][com.java.SeleniumDriver] [  838] - DataValue : 
[INFO ][2015-11-09 15:35:22,527][com.java.SeleniumDriver] [  844] - <In Set values of the page>
[INFO ][2015-11-09 15:35:22,527][com.java.SeleniumDriver] [  847] - {Data Fields & Data Values Exist}
[INFO ][2015-11-09 15:35:22,527][com.java.SeleniumDriver] [  849] - --------------------------setting values-----------------------------
[INFO ][2015-11-09 15:35:22,527][com.java.SeleniumDriver] [  852] - Action Type : SELECTFRAME
[INFO ][2015-11-09 15:35:22,547][com.java.SeleniumDriver] [  861] -  RESULT true
[INFO ][2015-11-09 15:35:22,547][com.java.SeleniumDriver] [ 1066] - ?   P A S S   ?
[INFO ][2015-11-09 15:35:22,547][com.java.SeleniumDriver] [  788] - ------------------------------------------
[INFO ][2015-11-09 15:35:22,547][com.java.SeleniumDriver] [  789] - Test case being Executed: 7
[INFO ][2015-11-09 15:35:22,547][com.java.SeleniumDriver] [  800] - Test step:50
[INFO ][2015-11-09 15:35:22,547][com.java.SeleniumDriver] [  812] - Datavalue is----------null
[DEBUG][2015-11-09 15:35:22,547][com.java.SeleniumDriver] [  830] - Exception: null
[INFO ][2015-11-09 15:35:22,547][com.java.SeleniumDriver] [  836] - DataField : BTN//span[text()='Finished']
[INFO ][2015-11-09 15:35:22,547][com.java.SeleniumDriver] [  838] - DataValue : 
[INFO ][2015-11-09 15:35:22,547][com.java.SeleniumDriver] [  844] - <In Set values of the page>
[INFO ][2015-11-09 15:35:22,547][com.java.SeleniumDriver] [  847] - {Data Fields & Data Values Exist}
[INFO ][2015-11-09 15:35:22,547][com.java.SeleniumDriver] [  849] - --------------------------setting values-----------------------------
[INFO ][2015-11-09 15:35:22,547][com.java.SeleniumDriver] [  852] - Action Type : Click
[INFO ][2015-11-09 15:35:22,547][com.java.TestType] [ 4391] - Field ::BTN//span[text()='Finished']
[INFO ][2015-11-09 15:35:23,547][com.java.TestType] [ 4429] - BEFORE CLICK
[INFO ][2015-11-09 15:35:23,878][com.java.TestType] [ 4436] - Unable to click the object Finished button
[INFO ][2015-11-09 15:35:23,878][com.java.SeleniumDriver] [  861] -  RESULT true
[INFO ][2015-11-09 15:35:23,878][com.java.SeleniumDriver] [ 1066] - ?   P A S S   ?
[INFO ][2015-11-09 15:35:23,878][com.java.SeleniumDriver] [  788] - ------------------------------------------
[INFO ][2015-11-09 15:35:23,878][com.java.SeleniumDriver] [  789] - Test case being Executed: 7
[INFO ][2015-11-09 15:35:23,878][com.java.SeleniumDriver] [  800] - Test step:51
[INFO ][2015-11-09 15:35:23,878][com.java.SeleniumDriver] [  812] - Datavalue is----------Logout
[INFO ][2015-11-09 15:35:23,878][com.java.SeleniumDriver] [  836] - DataField : LNK
[INFO ][2015-11-09 15:35:23,878][com.java.SeleniumDriver] [  838] - DataValue : Logout
[INFO ][2015-11-09 15:35:23,878][com.java.SeleniumDriver] [  844] - <In Set values of the page>
[INFO ][2015-11-09 15:35:23,878][com.java.SeleniumDriver] [  847] - {Data Fields & Data Values Exist}
[INFO ][2015-11-09 15:35:23,878][com.java.SeleniumDriver] [  849] - --------------------------setting values-----------------------------
[INFO ][2015-11-09 15:35:23,878][com.java.SeleniumDriver] [  852] - Action Type : Verify
[INFO ][2015-11-09 15:35:23,878][com.java.TestType] [ 5204] - field= LNK value= Logout
[INFO ][2015-11-09 15:35:23,878][com.java.TestType] [ 4078] - value = Logout
[INFO ][2015-11-09 15:35:24,008][com.java.SeleniumDriver] [  861] -  RESULT true
[INFO ][2015-11-09 15:35:24,008][com.java.SeleniumDriver] [ 1066] - ?   P A S S   ?
[INFO ][2015-11-09 15:35:24,008][com.java.SeleniumDriver] [  788] - ------------------------------------------
[INFO ][2015-11-09 15:35:24,008][com.java.SeleniumDriver] [  789] - Test case being Executed: 7
[INFO ][2015-11-09 15:35:24,008][com.java.SeleniumDriver] [  800] - Test step:52
[INFO ][2015-11-09 15:35:24,008][com.java.SeleniumDriver] [  812] - Datavalue is----------//img[contains(@src,'bdlogo.jpg')]
[INFO ][2015-11-09 15:35:24,008][com.java.SeleniumDriver] [  836] - DataField : BTN
[INFO ][2015-11-09 15:35:24,008][com.java.SeleniumDriver] [  838] - DataValue : //img[contains(@src,'bdlogo.jpg')]
[INFO ][2015-11-09 15:35:24,008][com.java.SeleniumDriver] [  844] - <In Set values of the page>
[INFO ][2015-11-09 15:35:24,008][com.java.SeleniumDriver] [  847] - {Data Fields & Data Values Exist}
[INFO ][2015-11-09 15:35:24,008][com.java.SeleniumDriver] [  849] - --------------------------setting values-----------------------------
[INFO ][2015-11-09 15:35:24,008][com.java.SeleniumDriver] [  852] - Action Type : Verify
[INFO ][2015-11-09 15:35:24,008][com.java.TestType] [ 5204] - field= BTN value= //img[contains(@src,'bdlogo.jpg')]
[INFO ][2015-11-09 15:35:24,008][com.java.TestType] [ 4078] - value = //img[contains(@src,'bdlogo.jpg')]
[INFO ][2015-11-09 15:35:24,138][com.java.SeleniumDriver] [  861] -  RESULT true
[INFO ][2015-11-09 15:35:24,138][com.java.SeleniumDriver] [ 1066] - ?   P A S S   ?
[INFO ][2015-11-09 15:35:24,138][com.java.SeleniumDriver] [  788] - ------------------------------------------
[INFO ][2015-11-09 15:35:24,138][com.java.SeleniumDriver] [  789] - Test case being Executed: 7
[INFO ][2015-11-09 15:35:24,138][com.java.SeleniumDriver] [  800] - Test step:53
[INFO ][2015-11-09 15:35:24,138][com.java.SeleniumDriver] [  812] - Datavalue is----------null
[DEBUG][2015-11-09 15:35:24,138][com.java.SeleniumDriver] [  830] - Exception: null
[INFO ][2015-11-09 15:35:24,138][com.java.SeleniumDriver] [  836] - DataField : null
[INFO ][2015-11-09 15:35:24,138][com.java.SeleniumDriver] [  838] - DataValue : 
[INFO ][2015-11-09 15:35:24,138][com.java.SeleniumDriver] [  844] - <In Set values of the page>
[INFO ][2015-11-09 15:35:24,138][com.java.SeleniumDriver] [  847] - {Data Fields & Data Values Exist}
[INFO ][2015-11-09 15:35:24,138][com.java.SeleniumDriver] [  849] - --------------------------setting values-----------------------------
[INFO ][2015-11-09 15:35:24,138][com.java.SeleniumDriver] [  852] - Action Type : OPENNEWBROWSER
[DEBUG][2015-11-09 15:35:29,557][com.java.SeleniumDriver] [  425] - Hub ip address is-------172.17.68.34
[INFO ][2015-11-09 15:35:29,557][com.java.SeleniumDriver] [  451] - Grid URL:http://172.17.68.34:4444/wd/hub
[INFO ][2015-11-09 15:35:29,557][com.java.SeleniumDriver] [  452] - Capability:Capabilities [{platform=ANY, ensureCleanSession=true, ignoreProtectedModeSettings=true, acceptSslCerts=true, ignoreZoomSetting=true, browserName=internet explorer, browserstack.ie.noFlash=true, version=Node1}]
[ERROR][2015-11-09 15:35:30,603][com.java.SeleniumDriver] [  496] - Unable invoke browser in grid:Could not start a new session. Possible causes are invalid address of the remote server or browser start-up failure.
Build info: version: '2.48.2', revision: '41bccdd', time: '2015-10-09 19:59:12'
System info: host: 'FVTIII438F1D', ip: '172.17.68.34', os.name: 'Windows 7', os.arch: 'x86', os.version: '6.1', java.version: '1.7.0_55'
Driver info: driver.version: SeleniumDriver
[INFO ][2015-11-09 15:35:30,603][com.java.SeleniumDriver] [  498] - Executing on local machine
[INFO ][2015-11-09 15:35:41,857][com.java.SeleniumDriver] [  861] -  RESULT true
[INFO ][2015-11-09 15:35:41,857][com.java.SeleniumDriver] [ 1066] - ?   P A S S   ?
[INFO ][2015-11-09 15:35:41,857][com.java.SeleniumDriver] [  788] - ------------------------------------------
[INFO ][2015-11-09 15:35:41,857][com.java.SeleniumDriver] [  789] - Test case being Executed: 7
[INFO ][2015-11-09 15:35:41,857][com.java.SeleniumDriver] [  800] - Test step:54
[INFO ][2015-11-09 15:35:41,857][com.java.SeleniumDriver] [  812] - Datavalue is----------Concept#1:1-14
[INFO ][2015-11-09 15:35:41,857][com.java.SeleniumDriver] [  836] - DataField : test
[INFO ][2015-11-09 15:35:41,857][com.java.SeleniumDriver] [  838] - DataValue : Concept#1:1-14
[INFO ][2015-11-09 15:35:41,857][com.java.SeleniumDriver] [  844] - <In Set values of the page>
[INFO ][2015-11-09 15:35:41,857][com.java.SeleniumDriver] [  847] - {Data Fields & Data Values Exist}
[INFO ][2015-11-09 15:35:41,857][com.java.SeleniumDriver] [  849] - --------------------------setting values-----------------------------
[INFO ][2015-11-09 15:35:41,857][com.java.SeleniumDriver] [  852] - Action Type : ExecuteTestCase
[INFO ][2015-11-09 15:35:41,857][com.java.TestType] [  422] - The Concept sheet name is ---------- Concept
[INFO ][2015-11-09 15:35:41,857][com.java.TestType] [  425] - The Concept ID  is ---------- 1
[DEBUG][2015-11-09 15:35:41,857][com.java.TestType] [  429] - Steps being executted in the Concept are: 1:14
[INFO ][2015-11-09 15:35:41,857][com.java.TestType] [  436] - Test data details path ---------- D:\BankersDashboard\TestInputs\TestData.xls
[INFO ][2015-11-09 15:35:41,888][com.java.TestType] [  467] -  str(1) = 1
[INFO ][2015-11-09 15:35:41,888][com.java.TestType] [  470] - Test case Id is---1
[INFO ][2015-11-09 15:35:41,888][com.java.TestType] [  472] - 1
[INFO ][2015-11-09 15:35:41,889][com.java.TestType] [  467] -  str(2) = 1
[INFO ][2015-11-09 15:35:41,889][com.java.TestType] [  519] - row values are--------{1=com.java.Objects.TestDataDetails@5015be}
[INFO ][2015-11-09 15:35:41,889][com.java.TestType] [  467] -  str(1) = 1
[INFO ][2015-11-09 15:35:41,889][com.java.TestType] [  470] - Test case Id is---1
[INFO ][2015-11-09 15:35:41,889][com.java.TestType] [  472] - 1
[INFO ][2015-11-09 15:35:41,889][com.java.TestType] [  467] -  str(2) = 2
[INFO ][2015-11-09 15:35:41,889][com.java.TestType] [  519] - row values are--------{1=com.java.Objects.TestDataDetails@5015be, 2=com.java.Objects.TestDataDetails@1acc81b}
[INFO ][2015-11-09 15:35:41,889][com.java.TestType] [  467] -  str(1) = 1
[INFO ][2015-11-09 15:35:41,889][com.java.TestType] [  470] - Test case Id is---1
[INFO ][2015-11-09 15:35:41,889][com.java.TestType] [  472] - 1
[INFO ][2015-11-09 15:35:41,889][com.java.TestType] [  467] -  str(2) = 3
[INFO ][2015-11-09 15:35:41,889][com.java.TestType] [  519] - row values are--------{1=com.java.Objects.TestDataDetails@5015be, 2=com.java.Objects.TestDataDetails@1acc81b, 3=com.java.Objects.TestDataDetails@1c5feb5}
[INFO ][2015-11-09 15:35:41,889][com.java.TestType] [  467] -  str(1) = 1
[INFO ][2015-11-09 15:35:41,889][com.java.TestType] [  470] - Test case Id is---1
[INFO ][2015-11-09 15:35:41,889][com.java.TestType] [  472] - 1
[INFO ][2015-11-09 15:35:41,889][com.java.TestType] [  467] -  str(2) = 4
[INFO ][2015-11-09 15:35:41,889][com.java.TestType] [  519] - row values are--------{1=com.java.Objects.TestDataDetails@5015be, 2=com.java.Objects.TestDataDetails@1acc81b, 3=com.java.Objects.TestDataDetails@1c5feb5, 4=com.java.Objects.TestDataDetails@39f4d3}
[INFO ][2015-11-09 15:35:41,889][com.java.TestType] [  467] -  str(1) = 1
[INFO ][2015-11-09 15:35:41,889][com.java.TestType] [  470] - Test case Id is---1
[INFO ][2015-11-09 15:35:41,889][com.java.TestType] [  472] - 1
[INFO ][2015-11-09 15:35:41,889][com.java.TestType] [  467] -  str(2) = 5
[INFO ][2015-11-09 15:35:41,889][com.java.TestType] [  519] - row values are--------{1=com.java.Objects.TestDataDetails@5015be, 2=com.java.Objects.TestDataDetails@1acc81b, 3=com.java.Objects.TestDataDetails@1c5feb5, 4=com.java.Objects.TestDataDetails@39f4d3, 5=com.java.Objects.TestDataDetails@45ec3d}
[INFO ][2015-11-09 15:35:41,889][com.java.TestType] [  467] -  str(1) = 1
[INFO ][2015-11-09 15:35:41,889][com.java.TestType] [  470] - Test case Id is---1
[INFO ][2015-11-09 15:35:41,889][com.java.TestType] [  472] - 1
[INFO ][2015-11-09 15:35:41,889][com.java.TestType] [  467] -  str(2) = 6
[INFO ][2015-11-09 15:35:41,889][com.java.TestType] [  519] - row values are--------{1=com.java.Objects.TestDataDetails@5015be, 2=com.java.Objects.TestDataDetails@1acc81b, 3=com.java.Objects.TestDataDetails@1c5feb5, 4=com.java.Objects.TestDataDetails@39f4d3, 5=com.java.Objects.TestDataDetails@45ec3d, 6=com.java.Objects.TestDataDetails@7f7e41}
[INFO ][2015-11-09 15:35:41,889][com.java.TestType] [  467] -  str(1) = 1
[INFO ][2015-11-09 15:35:41,889][com.java.TestType] [  470] - Test case Id is---1
[INFO ][2015-11-09 15:35:41,889][com.java.TestType] [  472] - 1
[INFO ][2015-11-09 15:35:41,889][com.java.TestType] [  467] -  str(2) = 7
[INFO ][2015-11-09 15:35:41,889][com.java.TestType] [  519] - row values are--------{1=com.java.Objects.TestDataDetails@5015be, 2=com.java.Objects.TestDataDetails@1acc81b, 3=com.java.Objects.TestDataDetails@1c5feb5, 4=com.java.Objects.TestDataDetails@39f4d3, 5=com.java.Objects.TestDataDetails@45ec3d, 6=com.java.Objects.TestDataDetails@7f7e41, 7=com.java.Objects.TestDataDetails@154efe5}
[INFO ][2015-11-09 15:35:41,889][com.java.TestType] [  467] -  str(1) = 1
[INFO ][2015-11-09 15:35:41,889][com.java.TestType] [  470] - Test case Id is---1
[INFO ][2015-11-09 15:35:41,889][com.java.TestType] [  472] - 1
[INFO ][2015-11-09 15:35:41,889][com.java.TestType] [  467] -  str(2) = 8
[INFO ][2015-11-09 15:35:41,889][com.java.TestType] [  519] - row values are--------{1=com.java.Objects.TestDataDetails@5015be, 2=com.java.Objects.TestDataDetails@1acc81b, 3=com.java.Objects.TestDataDetails@1c5feb5, 4=com.java.Objects.TestDataDetails@39f4d3, 5=com.java.Objects.TestDataDetails@45ec3d, 6=com.java.Objects.TestDataDetails@7f7e41, 7=com.java.Objects.TestDataDetails@154efe5, 8=com.java.Objects.TestDataDetails@7d9cbb}
[INFO ][2015-11-09 15:35:41,889][com.java.TestType] [  467] -  str(1) = 1
[INFO ][2015-11-09 15:35:41,889][com.java.TestType] [  470] - Test case Id is---1
[INFO ][2015-11-09 15:35:41,889][com.java.TestType] [  472] - 1
[INFO ][2015-11-09 15:35:41,889][com.java.TestType] [  467] -  str(2) = 9
[INFO ][2015-11-09 15:35:41,889][com.java.TestType] [  519] - row values are--------{1=com.java.Objects.TestDataDetails@5015be, 2=com.java.Objects.TestDataDetails@1acc81b, 3=com.java.Objects.TestDataDetails@1c5feb5, 4=com.java.Objects.TestDataDetails@39f4d3, 5=com.java.Objects.TestDataDetails@45ec3d, 6=com.java.Objects.TestDataDetails@7f7e41, 7=com.java.Objects.TestDataDetails@154efe5, 8=com.java.Objects.TestDataDetails@7d9cbb, 9=com.java.Objects.TestDataDetails@ecdf40}
[INFO ][2015-11-09 15:35:41,889][com.java.TestType] [  467] -  str(1) = 1
[INFO ][2015-11-09 15:35:41,889][com.java.TestType] [  470] - Test case Id is---1
[INFO ][2015-11-09 15:35:41,889][com.java.TestType] [  472] - 1
[INFO ][2015-11-09 15:35:41,889][com.java.TestType] [  467] -  str(2) = 10
[INFO ][2015-11-09 15:35:41,889][com.java.TestType] [  519] - row values are--------{1=com.java.Objects.TestDataDetails@5015be, 2=com.java.Objects.TestDataDetails@1acc81b, 3=com.java.Objects.TestDataDetails@1c5feb5, 4=com.java.Objects.TestDataDetails@39f4d3, 5=com.java.Objects.TestDataDetails@45ec3d, 6=com.java.Objects.TestDataDetails@7f7e41, 7=com.java.Objects.TestDataDetails@154efe5, 8=com.java.Objects.TestDataDetails@7d9cbb, 9=com.java.Objects.TestDataDetails@ecdf40, 10=com.java.Objects.TestDataDetails@8122ba}
[INFO ][2015-11-09 15:35:41,889][com.java.TestType] [  467] -  str(1) = 1
[INFO ][2015-11-09 15:35:41,889][com.java.TestType] [  470] - Test case Id is---1
[INFO ][2015-11-09 15:35:41,889][com.java.TestType] [  472] - 1
[INFO ][2015-11-09 15:35:41,889][com.java.TestType] [  467] -  str(2) = 11
[INFO ][2015-11-09 15:35:41,889][com.java.TestType] [  519] - row values are--------{1=com.java.Objects.TestDataDetails@5015be, 2=com.java.Objects.TestDataDetails@1acc81b, 3=com.java.Objects.TestDataDetails@1c5feb5, 4=com.java.Objects.TestDataDetails@39f4d3, 5=com.java.Objects.TestDataDetails@45ec3d, 6=com.java.Objects.TestDataDetails@7f7e41, 7=com.java.Objects.TestDataDetails@154efe5, 8=com.java.Objects.TestDataDetails@7d9cbb, 9=com.java.Objects.TestDataDetails@ecdf40, 10=com.java.Objects.TestDataDetails@8122ba, 11=com.java.Objects.TestDataDetails@14ede02}
[INFO ][2015-11-09 15:35:41,889][com.java.TestType] [  467] -  str(1) = 1
[INFO ][2015-11-09 15:35:41,889][com.java.TestType] [  470] - Test case Id is---1
[INFO ][2015-11-09 15:35:41,889][com.java.TestType] [  472] - 1
[INFO ][2015-11-09 15:35:41,889][com.java.TestType] [  467] -  str(2) = 12
[INFO ][2015-11-09 15:35:41,889][com.java.TestType] [  519] - row values are--------{1=com.java.Objects.TestDataDetails@5015be, 2=com.java.Objects.TestDataDetails@1acc81b, 3=com.java.Objects.TestDataDetails@1c5feb5, 4=com.java.Objects.TestDataDetails@39f4d3, 5=com.java.Objects.TestDataDetails@45ec3d, 6=com.java.Objects.TestDataDetails@7f7e41, 7=com.java.Objects.TestDataDetails@154efe5, 8=com.java.Objects.TestDataDetails@7d9cbb, 9=com.java.Objects.TestDataDetails@ecdf40, 10=com.java.Objects.TestDataDetails@8122ba, 11=com.java.Objects.TestDataDetails@14ede02, 12=com.java.Objects.TestDataDetails@1c29c6d}
[INFO ][2015-11-09 15:35:41,889][com.java.TestType] [  467] -  str(1) = 1
[INFO ][2015-11-09 15:35:41,889][com.java.TestType] [  470] - Test case Id is---1
[INFO ][2015-11-09 15:35:41,889][com.java.TestType] [  472] - 1
[INFO ][2015-11-09 15:35:41,889][com.java.TestType] [  467] -  str(2) = 13
[INFO ][2015-11-09 15:35:41,889][com.java.TestType] [  519] - row values are--------{1=com.java.Objects.TestDataDetails@5015be, 2=com.java.Objects.TestDataDetails@1acc81b, 3=com.java.Objects.TestDataDetails@1c5feb5, 4=com.java.Objects.TestDataDetails@39f4d3, 5=com.java.Objects.TestDataDetails@45ec3d, 6=com.java.Objects.TestDataDetails@7f7e41, 7=com.java.Objects.TestDataDetails@154efe5, 8=com.java.Objects.TestDataDetails@7d9cbb, 9=com.java.Objects.TestDataDetails@ecdf40, 10=com.java.Objects.TestDataDetails@8122ba, 11=com.java.Objects.TestDataDetails@14ede02, 12=com.java.Objects.TestDataDetails@1c29c6d, 13=com.java.Objects.TestDataDetails@1a4f102}
[INFO ][2015-11-09 15:35:41,889][com.java.TestType] [  467] -  str(1) = 1
[INFO ][2015-11-09 15:35:41,889][com.java.TestType] [  470] - Test case Id is---1
[INFO ][2015-11-09 15:35:41,889][com.java.TestType] [  472] - 1
[INFO ][2015-11-09 15:35:41,889][com.java.TestType] [  467] -  str(2) = 14
[INFO ][2015-11-09 15:35:41,889][com.java.TestType] [  519] - row values are--------{1=com.java.Objects.TestDataDetails@5015be, 2=com.java.Objects.TestDataDetails@1acc81b, 3=com.java.Objects.TestDataDetails@1c5feb5, 4=com.java.Objects.TestDataDetails@39f4d3, 5=com.java.Objects.TestDataDetails@45ec3d, 6=com.java.Objects.TestDataDetails@7f7e41, 7=com.java.Objects.TestDataDetails@154efe5, 8=com.java.Objects.TestDataDetails@7d9cbb, 9=com.java.Objects.TestDataDetails@ecdf40, 10=com.java.Objects.TestDataDetails@8122ba, 11=com.java.Objects.TestDataDetails@14ede02, 12=com.java.Objects.TestDataDetails@1c29c6d, 13=com.java.Objects.TestDataDetails@1a4f102, 14=com.java.Objects.TestDataDetails@e4a866}
[INFO ][2015-11-09 15:35:41,889][com.java.TestType] [ 8228] - Looping 1TCID = 1
[DEBUG][2015-11-09 15:35:41,889][com.java.TestType] [ 8269] - Concept ID:1 :: Step being Executed: 1::1
[INFO ][2015-11-09 15:35:41,889][com.java.TestType] [ 8307] - dataFields : TXTusername
[DEBUG][2015-11-09 15:35:41,889][com.java.TestType] [ 8313] - <In Set values of the page>
[DEBUG][2015-11-09 15:35:41,889][com.java.TestType] [ 8318] - {Data Fields & Data Values Exist}
[INFO ][2015-11-09 15:35:41,889][com.java.TestType] [ 8324] - --------------------------setting values-----------------------------
[INFO ][2015-11-09 15:35:41,889][com.java.TestType] [ 8327] - Action Type : CLEARANDENTER
[INFO ][2015-11-09 15:35:41,889][com.java.TestType] [ 4078] - value = valuelabs.ie11.33527
[INFO ][2015-11-09 15:35:46,915][com.java.TestType] [ 8346] -  RESULT true
[INFO ][2015-11-09 15:35:46,915][com.java.TestType] [ 8463] - ?   P A S S   ?
[DEBUG][2015-11-09 15:35:46,915][com.java.TestType] [ 8269] - Concept ID:1 :: Step being Executed: 1::2
[INFO ][2015-11-09 15:35:46,915][com.java.TestType] [ 8307] - dataFields : TXTpassword
[DEBUG][2015-11-09 15:35:46,915][com.java.TestType] [ 8313] - <In Set values of the page>
[DEBUG][2015-11-09 15:35:46,915][com.java.TestType] [ 8318] - {Data Fields & Data Values Exist}
[INFO ][2015-11-09 15:35:46,915][com.java.TestType] [ 8324] - --------------------------setting values-----------------------------
[INFO ][2015-11-09 15:35:46,915][com.java.TestType] [ 8327] - Action Type : CLEARANDENTER
[INFO ][2015-11-09 15:35:46,915][com.java.TestType] [ 4078] - value = Password1*
[INFO ][2015-11-09 15:35:52,072][com.java.TestType] [ 8346] -  RESULT true
[INFO ][2015-11-09 15:35:52,072][com.java.TestType] [ 8463] - ?   P A S S   ?
[DEBUG][2015-11-09 15:35:52,072][com.java.TestType] [ 8269] - Concept ID:1 :: Step being Executed: 1::3
[ERROR][2015-11-09 15:35:52,072][com.java.TestType] [ 8302] - Exception: null
[INFO ][2015-11-09 15:35:52,072][com.java.TestType] [ 8307] - dataFields : XPH//button[@type='submit']
[DEBUG][2015-11-09 15:35:52,072][com.java.TestType] [ 8313] - <In Set values of the page>
[DEBUG][2015-11-09 15:35:52,072][com.java.TestType] [ 8318] - {Data Fields & Data Values Exist}
[INFO ][2015-11-09 15:35:52,072][com.java.TestType] [ 8324] - --------------------------setting values-----------------------------
[INFO ][2015-11-09 15:35:52,072][com.java.TestType] [ 8327] - Action Type : Click
[INFO ][2015-11-09 15:35:52,072][com.java.TestType] [ 4391] - Field ::XPH//button[@type='submit']
[INFO ][2015-11-09 15:35:53,086][com.java.TestType] [ 4450] - BEFORE CLICK
[INFO ][2015-11-09 15:35:58,518][com.java.TestType] [ 4458] - Unable to click the object Login
[INFO ][2015-11-09 15:35:58,518][com.java.TestType] [ 8346] -  RESULT true
[INFO ][2015-11-09 15:35:58,518][com.java.TestType] [ 8463] - ?   P A S S   ?
[DEBUG][2015-11-09 15:35:58,518][com.java.TestType] [ 8269] - Concept ID:1 :: Step being Executed: 1::4
[INFO ][2015-11-09 15:35:58,518][com.java.TestType] [ 8307] - dataFields : LNKLogout
[DEBUG][2015-11-09 15:35:58,518][com.java.TestType] [ 8313] - <In Set values of the page>
[DEBUG][2015-11-09 15:35:58,518][com.java.TestType] [ 8318] - {Data Fields & Data Values Exist}
[INFO ][2015-11-09 15:35:58,518][com.java.TestType] [ 8324] - --------------------------setting values-----------------------------
[INFO ][2015-11-09 15:35:58,518][com.java.TestType] [ 8327] - Action Type : WaitForElement
[INFO ][2015-11-09 15:35:58,550][com.java.TestType] [ 8346] -  RESULT true
[INFO ][2015-11-09 15:35:58,550][com.java.TestType] [ 8463] - ?   P A S S   ?
[DEBUG][2015-11-09 15:35:58,550][com.java.TestType] [ 8269] - Concept ID:1 :: Step being Executed: 1::13
[INFO ][2015-11-09 15:35:58,550][com.java.TestType] [ 8307] - dataFields : LNK
[DEBUG][2015-11-09 15:35:58,550][com.java.TestType] [ 8313] - <In Set values of the page>
[DEBUG][2015-11-09 15:35:58,550][com.java.TestType] [ 8318] - {Data Fields & Data Values Exist}
[INFO ][2015-11-09 15:35:58,550][com.java.TestType] [ 8324] - --------------------------setting values-----------------------------
[INFO ][2015-11-09 15:35:58,550][com.java.TestType] [ 8327] - Action Type : Verify
[INFO ][2015-11-09 15:35:58,550][com.java.TestType] [ 5204] - field= LNK value= Logout
[INFO ][2015-11-09 15:35:58,550][com.java.TestType] [ 4078] - value = Logout
[INFO ][2015-11-09 15:35:58,581][com.java.TestType] [ 8346] -  RESULT true
[INFO ][2015-11-09 15:35:58,581][com.java.TestType] [ 8463] - ?   P A S S   ?
[DEBUG][2015-11-09 15:35:58,581][com.java.TestType] [ 8269] - Concept ID:1 :: Step being Executed: 1::14
[INFO ][2015-11-09 15:35:58,581][com.java.TestType] [ 8307] - dataFields : BTN
[DEBUG][2015-11-09 15:35:58,581][com.java.TestType] [ 8313] - <In Set values of the page>
[DEBUG][2015-11-09 15:35:58,581][com.java.TestType] [ 8318] - {Data Fields & Data Values Exist}
[INFO ][2015-11-09 15:35:58,581][com.java.TestType] [ 8324] - --------------------------setting values-----------------------------
[INFO ][2015-11-09 15:35:58,581][com.java.TestType] [ 8327] - Action Type : Verify
[INFO ][2015-11-09 15:35:58,581][com.java.TestType] [ 5204] - field= BTN value= //img[contains(@src,'bdlogo.jpg')]
[INFO ][2015-11-09 15:35:58,581][com.java.TestType] [ 4078] - value = //img[contains(@src,'bdlogo.jpg')]
[INFO ][2015-11-09 15:35:58,613][com.java.TestType] [ 8346] -  RESULT true
[INFO ][2015-11-09 15:35:58,613][com.java.TestType] [ 8463] - ?   P A S S   ?
[INFO ][2015-11-09 15:35:58,613][com.java.TestType] [ 8534] - Looping End......
[INFO ][2015-11-09 15:35:58,613][com.java.SeleniumDriver] [  861] -  RESULT true
[INFO ][2015-11-09 15:35:58,613][com.java.SeleniumDriver] [ 1066] - ?   P A S S   ?
[INFO ][2015-11-09 15:35:58,613][com.java.SeleniumDriver] [  788] - ------------------------------------------
[INFO ][2015-11-09 15:35:58,613][com.java.SeleniumDriver] [  789] - Test case being Executed: 7
[INFO ][2015-11-09 15:35:58,613][com.java.SeleniumDriver] [  800] - Test step:55
[INFO ][2015-11-09 15:35:58,613][com.java.SeleniumDriver] [  812] - Datavalue is----------null
[DEBUG][2015-11-09 15:35:58,613][com.java.SeleniumDriver] [  830] - Exception: null
[INFO ][2015-11-09 15:35:58,613][com.java.SeleniumDriver] [  836] - DataField : //span[@class='icon-user4']&&//a[text()='Users']&&//a[@data-id="ModifyUsers"]
[INFO ][2015-11-09 15:35:58,613][com.java.SeleniumDriver] [  838] - DataValue : 
[INFO ][2015-11-09 15:35:58,613][com.java.SeleniumDriver] [  844] - <In Set values of the page>
[INFO ][2015-11-09 15:35:58,613][com.java.SeleniumDriver] [  847] - {Data Fields & Data Values Exist}
[INFO ][2015-11-09 15:35:58,613][com.java.SeleniumDriver] [  849] - --------------------------setting values-----------------------------
[INFO ][2015-11-09 15:35:58,613][com.java.SeleniumDriver] [  852] - Action Type : MouseOver
[INFO ][2015-11-09 15:36:18,586][com.java.SeleniumDriver] [  861] -  RESULT true
[INFO ][2015-11-09 15:36:18,586][com.java.SeleniumDriver] [ 1066] - ?   P A S S   ?
[INFO ][2015-11-09 15:36:18,586][com.java.SeleniumDriver] [  788] - ------------------------------------------
[INFO ][2015-11-09 15:36:18,586][com.java.SeleniumDriver] [  789] - Test case being Executed: 7
[INFO ][2015-11-09 15:36:18,586][com.java.SeleniumDriver] [  800] - Test step:56
[INFO ][2015-11-09 15:36:18,586][com.java.SeleniumDriver] [  812] - Datavalue is----------null
[DEBUG][2015-11-09 15:36:18,586][com.java.SeleniumDriver] [  830] - Exception: null
[INFO ][2015-11-09 15:36:18,586][com.java.SeleniumDriver] [  836] - DataField : BTNframeDialogContent
[INFO ][2015-11-09 15:36:18,586][com.java.SeleniumDriver] [  838] - DataValue : 
[INFO ][2015-11-09 15:36:18,586][com.java.SeleniumDriver] [  844] - <In Set values of the page>
[INFO ][2015-11-09 15:36:18,586][com.java.SeleniumDriver] [  847] - {Data Fields & Data Values Exist}
[INFO ][2015-11-09 15:36:18,586][com.java.SeleniumDriver] [  849] - --------------------------setting values-----------------------------
[INFO ][2015-11-09 15:36:18,586][com.java.SeleniumDriver] [  852] - Action Type : WaitForElement
[INFO ][2015-11-09 15:36:19,834][com.java.SeleniumDriver] [  861] -  RESULT true
[INFO ][2015-11-09 15:36:19,834][com.java.SeleniumDriver] [ 1066] - ?   P A S S   ?
[INFO ][2015-11-09 15:36:19,834][com.java.SeleniumDriver] [  788] - ------------------------------------------
[INFO ][2015-11-09 15:36:19,834][com.java.SeleniumDriver] [  789] - Test case being Executed: 7
[INFO ][2015-11-09 15:36:19,834][com.java.SeleniumDriver] [  800] - Test step:57
[INFO ][2015-11-09 15:36:19,834][com.java.SeleniumDriver] [  812] - Datavalue is----------null
[DEBUG][2015-11-09 15:36:19,834][com.java.SeleniumDriver] [  830] - Exception: null
[INFO ][2015-11-09 15:36:19,834][com.java.SeleniumDriver] [  836] - DataField : BTNframeDialogContent
[INFO ][2015-11-09 15:36:19,834][com.java.SeleniumDriver] [  838] - DataValue : 
[INFO ][2015-11-09 15:36:19,834][com.java.SeleniumDriver] [  844] - <In Set values of the page>
[INFO ][2015-11-09 15:36:19,834][com.java.SeleniumDriver] [  847] - {Data Fields & Data Values Exist}
[INFO ][2015-11-09 15:36:19,834][com.java.SeleniumDriver] [  849] - --------------------------setting values-----------------------------
[INFO ][2015-11-09 15:36:19,834][com.java.SeleniumDriver] [  852] - Action Type : SelectFrame
[INFO ][2015-11-09 15:36:21,130][com.java.SeleniumDriver] [  861] -  RESULT true
[INFO ][2015-11-09 15:36:21,130][com.java.SeleniumDriver] [ 1066] - ?   P A S S   ?
[INFO ][2015-11-09 15:36:21,130][com.java.SeleniumDriver] [  788] - ------------------------------------------
[INFO ][2015-11-09 15:36:21,130][com.java.SeleniumDriver] [  789] - Test case being Executed: 7
[INFO ][2015-11-09 15:36:21,130][com.java.SeleniumDriver] [  800] - Test step:58
[INFO ][2015-11-09 15:36:21,130][com.java.SeleniumDriver] [  812] - Datavalue is----------dt:NewUserName
[INFO ][2015-11-09 15:36:21,130][com.java.SeleniumDriver] [  836] - DataField : test
[INFO ][2015-11-09 15:36:21,130][com.java.SeleniumDriver] [  838] - DataValue : dt:NewUserName
[INFO ][2015-11-09 15:36:21,130][com.java.SeleniumDriver] [  844] - <In Set values of the page>
[INFO ][2015-11-09 15:36:21,130][com.java.SeleniumDriver] [  847] - {Data Fields & Data Values Exist}
[INFO ][2015-11-09 15:36:21,130][com.java.SeleniumDriver] [  849] - --------------------------setting values-----------------------------
[INFO ][2015-11-09 15:36:21,130][com.java.SeleniumDriver] [  852] - Action Type : DelUser
[INFO ][2015-11-09 15:36:21,130][com.java.TestType] [ 4078] - value = vltest.robot
[INFO ][2015-11-09 15:36:24,604][com.java.TestType] [ 4391] - Field ::CNF
[INFO ][2015-11-09 15:36:26,008][com.java.TestType] [ 4446] - Click the object AcceptAlert
[INFO ][2015-11-09 15:36:26,008][com.java.TestType] [ 4447] - Unable to click the object AcceptAlert
[INFO ][2015-11-09 15:36:26,008][com.java.SeleniumDriver] [  861] -  RESULT true
[INFO ][2015-11-09 15:36:26,008][com.java.SeleniumDriver] [ 1066] - ?   P A S S   ?
[INFO ][2015-11-09 15:36:26,008][com.java.SeleniumDriver] [  788] - ------------------------------------------
[INFO ][2015-11-09 15:36:26,008][com.java.SeleniumDriver] [  789] - Test case being Executed: 7
[INFO ][2015-11-09 15:36:26,008][com.java.SeleniumDriver] [  800] - Test step:59
[INFO ][2015-11-09 15:36:26,008][com.java.SeleniumDriver] [  812] - Datavalue is----------null
[DEBUG][2015-11-09 15:36:26,008][com.java.SeleniumDriver] [  830] - Exception: null
[INFO ][2015-11-09 15:36:26,008][com.java.SeleniumDriver] [  836] - DataField : test
[INFO ][2015-11-09 15:36:26,008][com.java.SeleniumDriver] [  838] - DataValue : 
[INFO ][2015-11-09 15:36:26,008][com.java.SeleniumDriver] [  844] - <In Set values of the page>
[INFO ][2015-11-09 15:36:26,008][com.java.SeleniumDriver] [  847] - {Data Fields & Data Values Exist}
[INFO ][2015-11-09 15:36:26,008][com.java.SeleniumDriver] [  849] - --------------------------setting values-----------------------------
[INFO ][2015-11-09 15:36:26,008][com.java.SeleniumDriver] [  852] - Action Type : WaitTime
[DEBUG][2015-11-09 15:36:26,008][com.java.TestType] [ 3913] - sleepTime: 10000
[INFO ][2015-11-09 15:36:36,008][com.java.SeleniumDriver] [  861] -  RESULT true
[INFO ][2015-11-09 15:36:36,008][com.java.SeleniumDriver] [ 1066] - ?   P A S S   ?
[INFO ][2015-11-09 15:36:36,008][com.java.SeleniumDriver] [  788] - ------------------------------------------
[INFO ][2015-11-09 15:36:36,008][com.java.SeleniumDriver] [  789] - Test case being Executed: 7
[INFO ][2015-11-09 15:36:36,008][com.java.SeleniumDriver] [  800] - Test step:60
[INFO ][2015-11-09 15:36:36,008][com.java.SeleniumDriver] [  812] - Datavalue is----------null
[DEBUG][2015-11-09 15:36:36,008][com.java.SeleniumDriver] [  830] - Exception: null
[INFO ][2015-11-09 15:36:36,008][com.java.SeleniumDriver] [  836] - DataField : BTNbtnAddUser
[INFO ][2015-11-09 15:36:36,008][com.java.SeleniumDriver] [  838] - DataValue : 
[INFO ][2015-11-09 15:36:36,008][com.java.SeleniumDriver] [  844] - <In Set values of the page>
[INFO ][2015-11-09 15:36:36,008][com.java.SeleniumDriver] [  847] - {Data Fields & Data Values Exist}
[INFO ][2015-11-09 15:36:36,008][com.java.SeleniumDriver] [  849] - --------------------------setting values-----------------------------
[INFO ][2015-11-09 15:36:36,008][com.java.SeleniumDriver] [  852] - Action Type : WaitForElement
[INFO ][2015-11-09 15:36:37,476][com.java.SeleniumDriver] [  861] -  RESULT true
[INFO ][2015-11-09 15:36:37,476][com.java.SeleniumDriver] [ 1066] - ?   P A S S   ?
[INFO ][2015-11-09 15:36:37,476][com.java.SeleniumDriver] [  788] - ------------------------------------------
[INFO ][2015-11-09 15:36:37,476][com.java.SeleniumDriver] [  789] - Test case being Executed: 7
[INFO ][2015-11-09 15:36:37,476][com.java.SeleniumDriver] [  800] - Test step:61
[INFO ][2015-11-09 15:36:37,476][com.java.SeleniumDriver] [  812] - Datavalue is----------HMVLogin_username
[INFO ][2015-11-09 15:36:37,476][com.java.SeleniumDriver] [  836] - DataField : LNK
[INFO ][2015-11-09 15:36:37,476][com.java.SeleniumDriver] [  838] - DataValue : HMVLogin_username
[INFO ][2015-11-09 15:36:37,476][com.java.SeleniumDriver] [  844] - <In Set values of the page>
[INFO ][2015-11-09 15:36:37,476][com.java.SeleniumDriver] [  847] - {Data Fields & Data Values Exist}
[INFO ][2015-11-09 15:36:37,476][com.java.SeleniumDriver] [  849] - --------------------------setting values-----------------------------
[INFO ][2015-11-09 15:36:37,476][com.java.SeleniumDriver] [  852] - Action Type : VERIFYNOTPRESENT
[INFO ][2015-11-09 15:36:37,476][com.java.TestType] [ 6392] - field= LNK value= HMVLogin_username
[INFO ][2015-11-09 15:36:57,526][com.java.SeleniumDriver] [  861] -  RESULT true
[INFO ][2015-11-09 15:36:57,526][com.java.SeleniumDriver] [ 1066] - ?   P A S S   ?
[INFO ][2015-11-09 15:36:57,526][com.java.SeleniumDriver] [  788] - ------------------------------------------
[INFO ][2015-11-09 15:36:57,526][com.java.SeleniumDriver] [  789] - Test case being Executed: 7
[INFO ][2015-11-09 15:36:57,526][com.java.SeleniumDriver] [  800] - Test step:62
[INFO ][2015-11-09 15:36:57,526][com.java.SeleniumDriver] [  812] - Datavalue is----------null
[DEBUG][2015-11-09 15:36:57,526][com.java.SeleniumDriver] [  830] - Exception: null
[INFO ][2015-11-09 15:36:57,526][com.java.SeleniumDriver] [  836] - DataField : BTNparent
[INFO ][2015-11-09 15:36:57,526][com.java.SeleniumDriver] [  838] - DataValue : 
[INFO ][2015-11-09 15:36:57,526][com.java.SeleniumDriver] [  844] - <In Set values of the page>
[INFO ][2015-11-09 15:36:57,526][com.java.SeleniumDriver] [  847] - {Data Fields & Data Values Exist}
[INFO ][2015-11-09 15:36:57,526][com.java.SeleniumDriver] [  849] - --------------------------setting values-----------------------------
[INFO ][2015-11-09 15:36:57,526][com.java.SeleniumDriver] [  852] - Action Type : SelectFrame
[INFO ][2015-11-09 15:36:57,527][com.java.SeleniumDriver] [  861] -  RESULT true
[INFO ][2015-11-09 15:36:57,527][com.java.SeleniumDriver] [ 1066] - ?   P A S S   ?
[INFO ][2015-11-09 15:36:57,527][com.java.SeleniumDriver] [  788] - ------------------------------------------
[INFO ][2015-11-09 15:36:57,527][com.java.SeleniumDriver] [  789] - Test case being Executed: 7
[INFO ][2015-11-09 15:36:57,527][com.java.SeleniumDriver] [  800] - Test step:63
[INFO ][2015-11-09 15:36:57,527][com.java.SeleniumDriver] [  812] - Datavalue is----------null
[DEBUG][2015-11-09 15:36:57,527][com.java.SeleniumDriver] [  830] - Exception: null
[INFO ][2015-11-09 15:36:57,527][com.java.SeleniumDriver] [  836] - DataField : BTN//span[text()='Finished']
[INFO ][2015-11-09 15:36:57,527][com.java.SeleniumDriver] [  838] - DataValue : 
[INFO ][2015-11-09 15:36:57,527][com.java.SeleniumDriver] [  844] - <In Set values of the page>
[INFO ][2015-11-09 15:36:57,527][com.java.SeleniumDriver] [  847] - {Data Fields & Data Values Exist}
[INFO ][2015-11-09 15:36:57,527][com.java.SeleniumDriver] [  849] - --------------------------setting values-----------------------------
[INFO ][2015-11-09 15:36:57,527][com.java.SeleniumDriver] [  852] - Action Type : Click
[INFO ][2015-11-09 15:36:57,527][com.java.TestType] [ 4391] - Field ::BTN//span[text()='Finished']
[INFO ][2015-11-09 15:36:58,557][com.java.TestType] [ 4429] - BEFORE CLICK
[INFO ][2015-11-09 15:36:59,135][com.java.TestType] [ 4436] - Unable to click the object Finished button
[INFO ][2015-11-09 15:36:59,135][com.java.SeleniumDriver] [  861] -  RESULT true
[INFO ][2015-11-09 15:36:59,135][com.java.SeleniumDriver] [ 1066] - ?   P A S S   ?
[DEBUG][2015-11-09 15:36:59,135][com.java.SeleniumDriver] [ 1168] - Case found
[DEBUG][2015-11-09 15:36:59,135][com.java.SeleniumDriver] [ 1173] - Incrementing ReportCounters[0]:2
[INFO ][2015-11-09 15:36:59,135][com.java.SeleniumDriver] [ 1192] - The results are-------------------[7, 1, Manage Users: Add User, Pass, , Mon Nov 09 15:31:53 IST 2015, 7, 2, Manage Users: Add User, Pass, , Mon Nov 09 15:32:12 IST 2015, 7, 3, Manage Users: Add User, Pass, , Mon Nov 09 15:32:18 IST 2015, 7, 4, Manage Users: Add User, Pass, , Mon Nov 09 15:32:31 IST 2015, 7, 5, Manage Users: Add User, Pass, , Mon Nov 09 15:32:33 IST 2015, 7, 6, Manage Users: Add User, Pass, , Mon Nov 09 15:32:34 IST 2015, 7, 7, Manage Users: Add User, Pass, , Mon Nov 09 15:32:35 IST 2015, 7, 8, Manage Users: Add User, Pass, , Mon Nov 09 15:32:38 IST 2015, 7, 9, Manage Users: Add User, Pass, , Mon Nov 09 15:32:48 IST 2015, 7, 10, Manage Users: Add User, Pass, , Mon Nov 09 15:32:50 IST 2015, 7, 11, Manage Users: Add User, Pass, , Mon Nov 09 15:32:54 IST 2015, 7, 12, Manage Users: Add User, Pass, , Mon Nov 09 15:32:56 IST 2015, 7, 13, Manage Users: Add User, Pass, , Mon Nov 09 15:33:00 IST 2015, 7, 14, Manage Users: Add User, Pass, , Mon Nov 09 15:33:02 IST 2015, 7, 15, Manage Users: Add User, Pass, , Mon Nov 09 15:33:06 IST 2015, 7, 16, Manage Users: Add User, Pass, , Mon Nov 09 15:33:09 IST 2015, 7, 17, Manage Users: Add User, Pass, , Mon Nov 09 15:33:12 IST 2015, 7, 18, Manage Users: Add User, Pass, , Mon Nov 09 15:33:15 IST 2015, 7, 19, Manage Users: Add User, Pass, , Mon Nov 09 15:33:15 IST 2015, 7, 20, Manage Users: Add User, Pass, , Mon Nov 09 15:33:20 IST 2015, 7, 21, Manage Users: Add User, Pass, , Mon Nov 09 15:33:22 IST 2015, 7, 22, Manage Users: Add User, Pass, , Mon Nov 09 15:33:22 IST 2015, 7, 23, Manage Users: Add User, Pass, , Mon Nov 09 15:33:23 IST 2015, 7, 24, Manage Users: Add User, Pass, , Mon Nov 09 15:33:25 IST 2015, 7, 25, Manage Users: Add User, Pass, , Mon Nov 09 15:33:28 IST 2015, 7, 26, Manage Users: Add User, Pass, , Mon Nov 09 15:33:30 IST 2015, 7, 27, Manage Users: Add User, Pass, , Mon Nov 09 15:33:32 IST 2015, 7, 28, Manage Users: Add User, Pass, , Mon Nov 09 15:33:32 IST 2015, 7, 29, Manage Users: Add User, Pass, , Mon Nov 09 15:33:37 IST 2015, 7, 30, Manage Users: Add User, Pass, , Mon Nov 09 15:33:48 IST 2015, 7, 31, Manage Users: Add User, Pass, , Mon Nov 09 15:33:50 IST 2015, 7, 32, Manage Users: Add User, Pass, , Mon Nov 09 15:33:51 IST 2015, 7, 33, Manage Users: Add User, Pass, , Mon Nov 09 15:33:51 IST 2015, 7, 34, Manage Users: Add User, Pass, , Mon Nov 09 15:33:51 IST 2015, 7, 35, Manage Users: Add User, Pass, , Mon Nov 09 15:33:51 IST 2015, 7, 36, Manage Users: Add User, Pass, , Mon Nov 09 15:33:51 IST 2015, 7, 37, Manage Users: Add User, Pass, , Mon Nov 09 15:33:53 IST 2015, 7, 38, Manage Users: Add User, Pass, , Mon Nov 09 15:34:14 IST 2015, 7, 39, Manage Users: Add User, Pass, , Mon Nov 09 15:34:19 IST 2015, 7, 40, Manage Users: Add User, Pass, , Mon Nov 09 15:34:24 IST 2015, 7, 41, Manage Users: Add User, Pass, , Mon Nov 09 15:34:26 IST 2015, 7, 42, Manage Users: Add User, Pass, , Mon Nov 09 15:34:36 IST 2015, 7, 43, Manage Users: Add User, Pass, , Mon Nov 09 15:34:48 IST 2015, 7, 44, Manage Users: Add User, Pass, , Mon Nov 09 15:35:08 IST 2015, 7, 45, Manage Users: Add User, Pass, , Mon Nov 09 15:35:19 IST 2015, 7, 46, Manage Users: Add User, Pass, , Mon Nov 09 15:35:20 IST 2015, 7, 47, Manage Users: Add User, Pass, , Mon Nov 09 15:35:20 IST 2015, 7, 48, Manage Users: Add User, Pass, , Mon Nov 09 15:35:22 IST 2015, 7, 49, Manage Users: Add User, Pass, , Mon Nov 09 15:35:22 IST 2015, 7, 50, Manage Users: Add User, Pass, , Mon Nov 09 15:35:23 IST 2015, 7, 51, Manage Users: Add User, Pass, , Mon Nov 09 15:35:24 IST 2015, 7, 52, Manage Users: Add User, Pass, , Mon Nov 09 15:35:24 IST 2015, 7, 53, Manage Users: Add User, Pass, , Mon Nov 09 15:35:41 IST 2015, 7, 54, Manage Users: Add User, Pass, , Mon Nov 09 15:35:58 IST 2015, 7, 55, Manage Users: Add User, Pass, , Mon Nov 09 15:36:18 IST 2015, 7, 56, Manage Users: Add User, Pass, , Mon Nov 09 15:36:19 IST 2015, 7, 57, Manage Users: Add User, Pass, , Mon Nov 09 15:36:21 IST 2015, 7, 58, Manage Users: Add User, Pass, , Mon Nov 09 15:36:26 IST 2015, 7, 59, Manage Users: Add User, Pass, , Mon Nov 09 15:36:36 IST 2015, 7, 60, Manage Users: Add User, Pass, , Mon Nov 09 15:36:37 IST 2015, 7, 61, Manage Users: Add User, Pass, , Mon Nov 09 15:36:57 IST 2015, 7, 62, Manage Users: Add User, Pass, , Mon Nov 09 15:36:57 IST 2015, 7, 63, Valid Login, Pass, , Mon Nov 09 15:36:59 IST 2015]
[INFO ][2015-11-09 15:36:59,135][com.java.SeleniumDriver] [ 1196] - End time is-------6 min 5 sec
[INFO ][2015-11-09 15:36:59,135][com.java.SeleniumDriver] [ 1197] - The results are-------------------[7, 1, Manage Users: Add User, Pass, , Mon Nov 09 15:31:53 IST 2015, 7, 2, Manage Users: Add User, Pass, , Mon Nov 09 15:32:12 IST 2015, 7, 3, Manage Users: Add User, Pass, , Mon Nov 09 15:32:18 IST 2015, 7, 4, Manage Users: Add User, Pass, , Mon Nov 09 15:32:31 IST 2015, 7, 5, Manage Users: Add User, Pass, , Mon Nov 09 15:32:33 IST 2015, 7, 6, Manage Users: Add User, Pass, , Mon Nov 09 15:32:34 IST 2015, 7, 7, Manage Users: Add User, Pass, , Mon Nov 09 15:32:35 IST 2015, 7, 8, Manage Users: Add User, Pass, , Mon Nov 09 15:32:38 IST 2015, 7, 9, Manage Users: Add User, Pass, , Mon Nov 09 15:32:48 IST 2015, 7, 10, Manage Users: Add User, Pass, , Mon Nov 09 15:32:50 IST 2015, 7, 11, Manage Users: Add User, Pass, , Mon Nov 09 15:32:54 IST 2015, 7, 12, Manage Users: Add User, Pass, , Mon Nov 09 15:32:56 IST 2015, 7, 13, Manage Users: Add User, Pass, , Mon Nov 09 15:33:00 IST 2015, 7, 14, Manage Users: Add User, Pass, , Mon Nov 09 15:33:02 IST 2015, 7, 15, Manage Users: Add User, Pass, , Mon Nov 09 15:33:06 IST 2015, 7, 16, Manage Users: Add User, Pass, , Mon Nov 09 15:33:09 IST 2015, 7, 17, Manage Users: Add User, Pass, , Mon Nov 09 15:33:12 IST 2015, 7, 18, Manage Users: Add User, Pass, , Mon Nov 09 15:33:15 IST 2015, 7, 19, Manage Users: Add User, Pass, , Mon Nov 09 15:33:15 IST 2015, 7, 20, Manage Users: Add User, Pass, , Mon Nov 09 15:33:20 IST 2015, 7, 21, Manage Users: Add User, Pass, , Mon Nov 09 15:33:22 IST 2015, 7, 22, Manage Users: Add User, Pass, , Mon Nov 09 15:33:22 IST 2015, 7, 23, Manage Users: Add User, Pass, , Mon Nov 09 15:33:23 IST 2015, 7, 24, Manage Users: Add User, Pass, , Mon Nov 09 15:33:25 IST 2015, 7, 25, Manage Users: Add User, Pass, , Mon Nov 09 15:33:28 IST 2015, 7, 26, Manage Users: Add User, Pass, , Mon Nov 09 15:33:30 IST 2015, 7, 27, Manage Users: Add User, Pass, , Mon Nov 09 15:33:32 IST 2015, 7, 28, Manage Users: Add User, Pass, , Mon Nov 09 15:33:32 IST 2015, 7, 29, Manage Users: Add User, Pass, , Mon Nov 09 15:33:37 IST 2015, 7, 30, Manage Users: Add User, Pass, , Mon Nov 09 15:33:48 IST 2015, 7, 31, Manage Users: Add User, Pass, , Mon Nov 09 15:33:50 IST 2015, 7, 32, Manage Users: Add User, Pass, , Mon Nov 09 15:33:51 IST 2015, 7, 33, Manage Users: Add User, Pass, , Mon Nov 09 15:33:51 IST 2015, 7, 34, Manage Users: Add User, Pass, , Mon Nov 09 15:33:51 IST 2015, 7, 35, Manage Users: Add User, Pass, , Mon Nov 09 15:33:51 IST 2015, 7, 36, Manage Users: Add User, Pass, , Mon Nov 09 15:33:51 IST 2015, 7, 37, Manage Users: Add User, Pass, , Mon Nov 09 15:33:53 IST 2015, 7, 38, Manage Users: Add User, Pass, , Mon Nov 09 15:34:14 IST 2015, 7, 39, Manage Users: Add User, Pass, , Mon Nov 09 15:34:19 IST 2015, 7, 40, Manage Users: Add User, Pass, , Mon Nov 09 15:34:24 IST 2015, 7, 41, Manage Users: Add User, Pass, , Mon Nov 09 15:34:26 IST 2015, 7, 42, Manage Users: Add User, Pass, , Mon Nov 09 15:34:36 IST 2015, 7, 43, Manage Users: Add User, Pass, , Mon Nov 09 15:34:48 IST 2015, 7, 44, Manage Users: Add User, Pass, , Mon Nov 09 15:35:08 IST 2015, 7, 45, Manage Users: Add User, Pass, , Mon Nov 09 15:35:19 IST 2015, 7, 46, Manage Users: Add User, Pass, , Mon Nov 09 15:35:20 IST 2015, 7, 47, Manage Users: Add User, Pass, , Mon Nov 09 15:35:20 IST 2015, 7, 48, Manage Users: Add User, Pass, , Mon Nov 09 15:35:22 IST 2015, 7, 49, Manage Users: Add User, Pass, , Mon Nov 09 15:35:22 IST 2015, 7, 50, Manage Users: Add User, Pass, , Mon Nov 09 15:35:23 IST 2015, 7, 51, Manage Users: Add User, Pass, , Mon Nov 09 15:35:24 IST 2015, 7, 52, Manage Users: Add User, Pass, , Mon Nov 09 15:35:24 IST 2015, 7, 53, Manage Users: Add User, Pass, , Mon Nov 09 15:35:41 IST 2015, 7, 54, Manage Users: Add User, Pass, , Mon Nov 09 15:35:58 IST 2015, 7, 55, Manage Users: Add User, Pass, , Mon Nov 09 15:36:18 IST 2015, 7, 56, Manage Users: Add User, Pass, , Mon Nov 09 15:36:19 IST 2015, 7, 57, Manage Users: Add User, Pass, , Mon Nov 09 15:36:21 IST 2015, 7, 58, Manage Users: Add User, Pass, , Mon Nov 09 15:36:26 IST 2015, 7, 59, Manage Users: Add User, Pass, , Mon Nov 09 15:36:36 IST 2015, 7, 60, Manage Users: Add User, Pass, , Mon Nov 09 15:36:37 IST 2015, 7, 61, Manage Users: Add User, Pass, , Mon Nov 09 15:36:57 IST 2015, 7, 62, Manage Users: Add User, Pass, , Mon Nov 09 15:36:57 IST 2015, 7, 63, Valid Login, Pass, , Mon Nov 09 15:36:59 IST 2015]
[DEBUG][2015-11-09 15:36:59,135][com.java.ImportnExport.ExportTestResultsExcel] [  222] - testResultPath = D:\BankersDashboard/TestReports/Test Results_BankersDashBoard_110915_153055_IE11_Bank of North Carolina.xls
[DEBUG][2015-11-09 15:36:59,135][com.java.ImportnExport.ExportTestResultsExcel] [  223] - browser is------------IE11
[DEBUG][2015-11-09 15:36:59,135][com.java.ImportnExport.ExportTestResultsExcel] [  270] - result.size() = 378
[DEBUG][2015-11-09 15:36:59,135][com.java.ImportnExport.ExportTestResultsExcel] [  274] - No of rows in sheet=2
[DEBUG][2015-11-09 15:36:59,135][com.java.ImportnExport.ExportTestResultsExcel] [  301] - ..in export..7
[DEBUG][2015-11-09 15:36:59,135][com.java.ImportnExport.ExportTestResultsExcel] [  301] - ..in export..Manage Users: Add User
[DEBUG][2015-11-09 15:36:59,135][com.java.ImportnExport.ExportTestResultsExcel] [  301] - ..in export..Pass
[DEBUG][2015-11-09 15:36:59,135][com.java.ImportnExport.ExportTestResultsExcel] [  301] - ..in export..
[DEBUG][2015-11-09 15:36:59,135][com.java.ImportnExport.ExportTestResultsExcel] [  301] - ..in export..Mon Nov 09 15:31:53 IST 2015
[INFO ][2015-11-09 15:36:59,135][com.java.SeleniumDriver] [ 1255] - out loop:1 size:3 TestCases:[11, 7, 10] testcases:[11, 7, 10]
[INFO ][2015-11-09 15:36:59,135][com.java.ImportnExport.ImportTestDataDetailsExcel] [   49] - test data details path===== D:\BankersDashboard\TestInputs\TestData.xls
[INFO ][2015-11-09 15:37:11,948][com.java.SeleniumDriver] [  788] - ------------------------------------------
[INFO ][2015-11-09 15:37:11,948][com.java.SeleniumDriver] [  789] - Test case being Executed: 10
[INFO ][2015-11-09 15:37:11,948][com.java.SeleniumDriver] [  800] - Test step:1
[INFO ][2015-11-09 15:37:11,948][com.java.SeleniumDriver] [  812] - Datavalue is----------Logout
[INFO ][2015-11-09 15:37:11,948][com.java.SeleniumDriver] [  836] - DataField : BTN
[INFO ][2015-11-09 15:37:11,948][com.java.SeleniumDriver] [  838] - DataValue : Logout
[INFO ][2015-11-09 15:37:11,948][com.java.SeleniumDriver] [  844] - <In Set values of the page>
[INFO ][2015-11-09 15:37:11,948][com.java.SeleniumDriver] [  847] - {Data Fields & Data Values Exist}
[INFO ][2015-11-09 15:37:11,948][com.java.SeleniumDriver] [  849] - --------------------------setting values-----------------------------
[INFO ][2015-11-09 15:37:11,948][com.java.SeleniumDriver] [  852] - Action Type : Verify
[INFO ][2015-11-09 15:37:11,948][com.java.TestType] [ 5204] - field= BTN value= Logout
[INFO ][2015-11-09 15:37:11,948][com.java.TestType] [ 4078] - value = Logout
[INFO ][2015-11-09 15:37:11,996][com.java.SeleniumDriver] [  861] -  RESULT true
[INFO ][2015-11-09 15:37:11,996][com.java.SeleniumDriver] [ 1066] - ?   P A S S   ?
[INFO ][2015-11-09 15:37:11,996][com.java.SeleniumDriver] [ 1108] - step change to 3
[INFO ][2015-11-09 15:37:11,996][com.java.SeleniumDriver] [  788] - ------------------------------------------
[INFO ][2015-11-09 15:37:11,996][com.java.SeleniumDriver] [  789] - Test case being Executed: 10
[INFO ][2015-11-09 15:37:11,996][com.java.SeleniumDriver] [  800] - Test step:3
[INFO ][2015-11-09 15:37:11,996][com.java.SeleniumDriver] [  812] - Datavalue is----------Concept#2:1-2
[INFO ][2015-11-09 15:37:11,996][com.java.SeleniumDriver] [  836] - DataField : test
[INFO ][2015-11-09 15:37:11,996][com.java.SeleniumDriver] [  838] - DataValue : Concept#2:1-2
[INFO ][2015-11-09 15:37:11,996][com.java.SeleniumDriver] [  844] - <In Set values of the page>
[INFO ][2015-11-09 15:37:11,996][com.java.SeleniumDriver] [  847] - {Data Fields & Data Values Exist}
[INFO ][2015-11-09 15:37:11,996][com.java.SeleniumDriver] [  849] - --------------------------setting values-----------------------------
[INFO ][2015-11-09 15:37:11,996][com.java.SeleniumDriver] [  852] - Action Type : ExecuteTestCase
[INFO ][2015-11-09 15:37:11,996][com.java.TestType] [  422] - The Concept sheet name is ---------- Concept
[INFO ][2015-11-09 15:37:11,996][com.java.TestType] [  425] - The Concept ID  is ---------- 2
[DEBUG][2015-11-09 15:37:11,996][com.java.TestType] [  429] - Steps being executted in the Concept are: 1:2
[INFO ][2015-11-09 15:37:11,996][com.java.TestType] [  436] - Test data details path ---------- D:\BankersDashboard\TestInputs\TestData.xls
[INFO ][2015-11-09 15:37:12,027][com.java.TestType] [  467] -  str(1) = 2
[INFO ][2015-11-09 15:37:12,027][com.java.TestType] [  470] - Test case Id is---2
[INFO ][2015-11-09 15:37:12,027][com.java.TestType] [  472] - 2
[INFO ][2015-11-09 15:37:12,027][com.java.TestType] [  467] -  str(2) = 1
[INFO ][2015-11-09 15:37:12,027][com.java.TestType] [  519] - row values are--------{1=com.java.Objects.TestDataDetails@965003}
[INFO ][2015-11-09 15:37:12,027][com.java.TestType] [  467] -  str(1) = 2
[INFO ][2015-11-09 15:37:12,027][com.java.TestType] [  470] - Test case Id is---2
[INFO ][2015-11-09 15:37:12,027][com.java.TestType] [  472] - 2
[INFO ][2015-11-09 15:37:12,027][com.java.TestType] [  467] -  str(2) = 2
[INFO ][2015-11-09 15:37:12,027][com.java.TestType] [  519] - row values are--------{1=com.java.Objects.TestDataDetails@965003, 2=com.java.Objects.TestDataDetails@14842a2}
[INFO ][2015-11-09 15:37:12,027][com.java.TestType] [  467] -  str(1) = 2
[INFO ][2015-11-09 15:37:12,027][com.java.TestType] [  470] - Test case Id is---2
[INFO ][2015-11-09 15:37:12,027][com.java.TestType] [  472] - 2
[INFO ][2015-11-09 15:37:12,027][com.java.TestType] [  467] -  str(2) = 3
[INFO ][2015-11-09 15:37:12,027][com.java.TestType] [  519] - row values are--------{1=com.java.Objects.TestDataDetails@965003, 2=com.java.Objects.TestDataDetails@14842a2, 3=com.java.Objects.TestDataDetails@1f8fdda}
[INFO ][2015-11-09 15:37:12,027][com.java.TestType] [ 8228] - Looping 1TCID = 2
[DEBUG][2015-11-09 15:37:12,027][com.java.TestType] [ 8269] - Concept ID:2 :: Step being Executed: 2::1
[INFO ][2015-11-09 15:37:12,027][com.java.TestType] [ 8307] - dataFields : BNK//select[@id='bank']
[DEBUG][2015-11-09 15:37:12,027][com.java.TestType] [ 8313] - <In Set values of the page>
[DEBUG][2015-11-09 15:37:12,027][com.java.TestType] [ 8318] - {Data Fields & Data Values Exist}
[INFO ][2015-11-09 15:37:12,027][com.java.TestType] [ 8324] - --------------------------setting values-----------------------------
[INFO ][2015-11-09 15:37:12,027][com.java.TestType] [ 8327] - Action Type : Select
[INFO ][2015-11-09 15:37:12,027][com.java.TestType] [ 4078] - value = PFC
[INFO ][2015-11-09 15:37:12,230][com.java.TestType] [ 8346] -  RESULT true
[INFO ][2015-11-09 15:37:12,230][com.java.TestType] [ 8463] - ?   P A S S   ?
[DEBUG][2015-11-09 15:37:12,230][com.java.TestType] [ 8269] - Concept ID:2 :: Step being Executed: 2::2
[INFO ][2015-11-09 15:37:12,230][com.java.TestType] [ 8307] - dataFields : LNKLogout
[DEBUG][2015-11-09 15:37:12,230][com.java.TestType] [ 8313] - <In Set values of the page>
[DEBUG][2015-11-09 15:37:12,230][com.java.TestType] [ 8318] - {Data Fields & Data Values Exist}
[INFO ][2015-11-09 15:37:12,230][com.java.TestType] [ 8324] - --------------------------setting values-----------------------------
[INFO ][2015-11-09 15:37:12,230][com.java.TestType] [ 8327] - Action Type : WaitTime
[DEBUG][2015-11-09 15:37:12,230][com.java.TestType] [ 3913] - sleepTime: 5000
[INFO ][2015-11-09 15:37:17,239][com.java.TestType] [ 8346] -  RESULT true
[INFO ][2015-11-09 15:37:17,239][com.java.TestType] [ 8463] - ?   P A S S   ?
[INFO ][2015-11-09 15:37:17,239][com.java.TestType] [ 8534] - Looping End......
[INFO ][2015-11-09 15:37:17,239][com.java.SeleniumDriver] [  861] -  RESULT true
[INFO ][2015-11-09 15:37:17,239][com.java.SeleniumDriver] [ 1066] - ?   P A S S   ?
[INFO ][2015-11-09 15:37:17,239][com.java.SeleniumDriver] [  788] - ------------------------------------------
[INFO ][2015-11-09 15:37:17,239][com.java.SeleniumDriver] [  789] - Test case being Executed: 10
[INFO ][2015-11-09 15:37:17,239][com.java.SeleniumDriver] [  800] - Test step:4
[INFO ][2015-11-09 15:37:17,239][com.java.SeleniumDriver] [  812] - Datavalue is----------2
[INFO ][2015-11-09 15:37:17,239][com.java.SeleniumDriver] [  836] - DataField : BTNG/L
[INFO ][2015-11-09 15:37:17,239][com.java.SeleniumDriver] [  838] - DataValue : 2
[INFO ][2015-11-09 15:37:17,239][com.java.SeleniumDriver] [  844] - <In Set values of the page>
[INFO ][2015-11-09 15:37:17,239][com.java.SeleniumDriver] [  847] - {Data Fields & Data Values Exist}
[INFO ][2015-11-09 15:37:17,239][com.java.SeleniumDriver] [  849] - --------------------------setting values-----------------------------
[INFO ][2015-11-09 15:37:17,239][com.java.SeleniumDriver] [  852] - Action Type : WAITFORELEMENT
[INFO ][2015-11-09 15:37:17,303][com.java.SeleniumDriver] [  861] -  RESULT true
[INFO ][2015-11-09 15:37:17,303][com.java.SeleniumDriver] [ 1066] - ?   P A S S   ?
[INFO ][2015-11-09 15:37:17,303][com.java.SeleniumDriver] [  788] - ------------------------------------------
[INFO ][2015-11-09 15:37:17,303][com.java.SeleniumDriver] [  789] - Test case being Executed: 10
[INFO ][2015-11-09 15:37:17,303][com.java.SeleniumDriver] [  800] - Test step:5
[INFO ][2015-11-09 15:37:17,303][com.java.SeleniumDriver] [  812] - Datavalue is----------CNS
[INFO ][2015-11-09 15:37:17,303][com.java.SeleniumDriver] [  836] - DataField : BNK//select[@id='bank']
[INFO ][2015-11-09 15:37:17,303][com.java.SeleniumDriver] [  838] - DataValue : CNS
[INFO ][2015-11-09 15:37:17,303][com.java.SeleniumDriver] [  844] - <In Set values of the page>
[INFO ][2015-11-09 15:37:17,303][com.java.SeleniumDriver] [  847] - {Data Fields & Data Values Exist}
[INFO ][2015-11-09 15:37:17,303][com.java.SeleniumDriver] [  849] - --------------------------setting values-----------------------------
[INFO ][2015-11-09 15:37:17,303][com.java.SeleniumDriver] [  852] - Action Type : SELECT
[INFO ][2015-11-09 15:37:17,303][com.java.TestType] [ 4078] - value = CNS
[INFO ][2015-11-09 15:37:17,554][com.java.SeleniumDriver] [  861] -  RESULT true
[INFO ][2015-11-09 15:37:17,554][com.java.SeleniumDriver] [ 1066] - ?   P A S S   ?
[INFO ][2015-11-09 15:37:17,554][com.java.SeleniumDriver] [  788] - ------------------------------------------
[INFO ][2015-11-09 15:37:17,554][com.java.SeleniumDriver] [  789] - Test case being Executed: 10
[INFO ][2015-11-09 15:37:17,554][com.java.SeleniumDriver] [  800] - Test step:6
[INFO ][2015-11-09 15:37:17,554][com.java.SeleniumDriver] [  812] - Datavalue is----------2
[INFO ][2015-11-09 15:37:17,554][com.java.SeleniumDriver] [  836] - DataField : BTNG/L
[INFO ][2015-11-09 15:37:17,554][com.java.SeleniumDriver] [  838] - DataValue : 2
[INFO ][2015-11-09 15:37:17,554][com.java.SeleniumDriver] [  844] - <In Set values of the page>
[INFO ][2015-11-09 15:37:17,554][com.java.SeleniumDriver] [  847] - {Data Fields & Data Values Exist}
[INFO ][2015-11-09 15:37:17,554][com.java.SeleniumDriver] [  849] - --------------------------setting values-----------------------------
[INFO ][2015-11-09 15:37:17,554][com.java.SeleniumDriver] [  852] - Action Type : WAITFORELEMENT
[INFO ][2015-11-09 15:37:17,626][com.java.SeleniumDriver] [  861] -  RESULT true
[INFO ][2015-11-09 15:37:17,626][com.java.SeleniumDriver] [ 1066] - ?   P A S S   ?
[INFO ][2015-11-09 15:37:17,626][com.java.SeleniumDriver] [  788] - ------------------------------------------
[INFO ][2015-11-09 15:37:17,626][com.java.SeleniumDriver] [  789] - Test case being Executed: 10
[INFO ][2015-11-09 15:37:17,626][com.java.SeleniumDriver] [  800] - Test step:7
[INFO ][2015-11-09 15:37:17,626][com.java.SeleniumDriver] [  812] - Datavalue is----------null
[DEBUG][2015-11-09 15:37:17,626][com.java.SeleniumDriver] [  830] - Exception: null
[INFO ][2015-11-09 15:37:17,626][com.java.SeleniumDriver] [  836] - DataField : //span[@class="icon-coin"]&&//a[text()='Balance Sheet']&&//a[@data-id="BSCompare"]
[INFO ][2015-11-09 15:37:17,626][com.java.SeleniumDriver] [  838] - DataValue : 
[INFO ][2015-11-09 15:37:17,626][com.java.SeleniumDriver] [  844] - <In Set values of the page>
[INFO ][2015-11-09 15:37:17,626][com.java.SeleniumDriver] [  847] - {Data Fields & Data Values Exist}
[INFO ][2015-11-09 15:37:17,626][com.java.SeleniumDriver] [  849] - --------------------------setting values-----------------------------
[INFO ][2015-11-09 15:37:17,626][com.java.SeleniumDriver] [  852] - Action Type : MOUSEOVER
[INFO ][2015-11-09 15:37:50,910][com.java.SeleniumDriver] [  861] -  RESULT true
[INFO ][2015-11-09 15:37:50,910][com.java.SeleniumDriver] [ 1066] - ?   P A S S   ?
[INFO ][2015-11-09 15:37:50,910][com.java.SeleniumDriver] [  788] - ------------------------------------------
[INFO ][2015-11-09 15:37:50,910][com.java.SeleniumDriver] [  789] - Test case being Executed: 10
[INFO ][2015-11-09 15:37:50,910][com.java.SeleniumDriver] [  800] - Test step:8
[INFO ][2015-11-09 15:37:50,910][com.java.SeleniumDriver] [  812] - Datavalue is----------2
[INFO ][2015-11-09 15:37:50,910][com.java.SeleniumDriver] [  836] - DataField : XPH//span[contains(text(),'Show Report')]
[INFO ][2015-11-09 15:37:50,910][com.java.SeleniumDriver] [  838] - DataValue : 2
[INFO ][2015-11-09 15:37:50,910][com.java.SeleniumDriver] [  844] - <In Set values of the page>
[INFO ][2015-11-09 15:37:50,910][com.java.SeleniumDriver] [  847] - {Data Fields & Data Values Exist}
[INFO ][2015-11-09 15:37:50,910][com.java.SeleniumDriver] [  849] - --------------------------setting values-----------------------------
[INFO ][2015-11-09 15:37:50,910][com.java.SeleniumDriver] [  852] - Action Type : WAITFORELEMENT
[INFO ][2015-11-09 15:37:50,957][com.java.SeleniumDriver] [  861] -  RESULT true
[INFO ][2015-11-09 15:37:50,957][com.java.SeleniumDriver] [ 1066] - ?   P A S S   ?
[INFO ][2015-11-09 15:37:50,957][com.java.SeleniumDriver] [  788] - ------------------------------------------
[INFO ][2015-11-09 15:37:50,957][com.java.SeleniumDriver] [  789] - Test case being Executed: 10
[INFO ][2015-11-09 15:37:50,957][com.java.SeleniumDriver] [  800] - Test step:9
[INFO ][2015-11-09 15:37:50,957][com.java.SeleniumDriver] [  812] - Datavalue is----------frameDialogContent
[INFO ][2015-11-09 15:37:50,957][com.java.SeleniumDriver] [  836] - DataField : BTN
[INFO ][2015-11-09 15:37:50,957][com.java.SeleniumDriver] [  838] - DataValue : frameDialogContent
[INFO ][2015-11-09 15:37:50,957][com.java.SeleniumDriver] [  844] - <In Set values of the page>
[INFO ][2015-11-09 15:37:50,957][com.java.SeleniumDriver] [  847] - {Data Fields & Data Values Exist}
[INFO ][2015-11-09 15:37:50,957][com.java.SeleniumDriver] [  849] - --------------------------setting values-----------------------------
[INFO ][2015-11-09 15:37:50,957][com.java.SeleniumDriver] [  852] - Action Type : SELECTFRAMEBYNAME
[INFO ][2015-11-09 15:37:50,957][com.java.TestType] [ 4078] - value = frameDialogContent
[INFO ][2015-11-09 15:37:51,035][com.java.SeleniumDriver] [  861] -  RESULT true
[INFO ][2015-11-09 15:37:51,035][com.java.SeleniumDriver] [ 1066] - ?   P A S S   ?
[INFO ][2015-11-09 15:37:51,035][com.java.SeleniumDriver] [  788] - ------------------------------------------
[INFO ][2015-11-09 15:37:51,035][com.java.SeleniumDriver] [  789] - Test case being Executed: 10
[INFO ][2015-11-09 15:37:51,035][com.java.SeleniumDriver] [  800] - Test step:10
[INFO ][2015-11-09 15:37:51,035][com.java.SeleniumDriver] [  812] - Datavalue is----------null
[DEBUG][2015-11-09 15:37:51,035][com.java.SeleniumDriver] [  830] - Exception: null
[INFO ][2015-11-09 15:37:51,035][com.java.SeleniumDriver] [  836] - DataField : BTNcbExpandCenters
[INFO ][2015-11-09 15:37:51,035][com.java.SeleniumDriver] [  838] - DataValue : 
[INFO ][2015-11-09 15:37:51,035][com.java.SeleniumDriver] [  844] - <In Set values of the page>
[INFO ][2015-11-09 15:37:51,035][com.java.SeleniumDriver] [  847] - {Data Fields & Data Values Exist}
[INFO ][2015-11-09 15:37:51,035][com.java.SeleniumDriver] [  849] - --------------------------setting values-----------------------------
[INFO ][2015-11-09 15:37:51,035][com.java.SeleniumDriver] [  852] - Action Type : CLICK
[INFO ][2015-11-09 15:37:51,035][com.java.TestType] [ 4391] - Field ::BTNcbExpandCenters
[INFO ][2015-11-09 15:37:52,049][com.java.TestType] [ 4429] - BEFORE CLICK
[INFO ][2015-11-09 15:37:53,314][com.java.TestType] [ 4436] - Unable to click the object Expand Columns checkbox
[INFO ][2015-11-09 15:37:53,314][com.java.SeleniumDriver] [  861] -  RESULT true
[INFO ][2015-11-09 15:37:53,314][com.java.SeleniumDriver] [ 1066] - ?   P A S S   ?
[INFO ][2015-11-09 15:37:53,314][com.java.SeleniumDriver] [  788] - ------------------------------------------
[INFO ][2015-11-09 15:37:53,314][com.java.SeleniumDriver] [  789] - Test case being Executed: 10
[INFO ][2015-11-09 15:37:53,314][com.java.SeleniumDriver] [  800] - Test step:11
[INFO ][2015-11-09 15:37:53,314][com.java.SeleniumDriver] [  812] - Datavalue is----------null
[DEBUG][2015-11-09 15:37:53,314][com.java.SeleniumDriver] [  830] - Exception: null
[INFO ][2015-11-09 15:37:53,314][com.java.SeleniumDriver] [  836] - DataField : BTNparent
[INFO ][2015-11-09 15:37:53,314][com.java.SeleniumDriver] [  838] - DataValue : 
[INFO ][2015-11-09 15:37:53,314][com.java.SeleniumDriver] [  844] - <In Set values of the page>
[INFO ][2015-11-09 15:37:53,314][com.java.SeleniumDriver] [  847] - {Data Fields & Data Values Exist}
[INFO ][2015-11-09 15:37:53,314][com.java.SeleniumDriver] [  849] - --------------------------setting values-----------------------------
[INFO ][2015-11-09 15:37:53,314][com.java.SeleniumDriver] [  852] - Action Type : SELECTFRAME
[INFO ][2015-11-09 15:37:53,329][com.java.SeleniumDriver] [  861] -  RESULT true
[INFO ][2015-11-09 15:37:53,329][com.java.SeleniumDriver] [ 1066] - ?   P A S S   ?
[INFO ][2015-11-09 15:37:53,329][com.java.SeleniumDriver] [  788] - ------------------------------------------
[INFO ][2015-11-09 15:37:53,329][com.java.SeleniumDriver] [  789] - Test case being Executed: 10
[INFO ][2015-11-09 15:37:53,329][com.java.SeleniumDriver] [  800] - Test step:12
[INFO ][2015-11-09 15:37:53,329][com.java.SeleniumDriver] [  812] - Datavalue is----------null
[DEBUG][2015-11-09 15:37:53,329][com.java.SeleniumDriver] [  830] - Exception: null
[INFO ][2015-11-09 15:37:53,329][com.java.SeleniumDriver] [  836] - DataField : XPH//span[contains(text(),'Show Report')]
[INFO ][2015-11-09 15:37:53,329][com.java.SeleniumDriver] [  838] - DataValue : 
[INFO ][2015-11-09 15:37:53,329][com.java.SeleniumDriver] [  844] - <In Set values of the page>
[INFO ][2015-11-09 15:37:53,329][com.java.SeleniumDriver] [  847] - {Data Fields & Data Values Exist}
[INFO ][2015-11-09 15:37:53,329][com.java.SeleniumDriver] [  849] - --------------------------setting values-----------------------------
[INFO ][2015-11-09 15:37:53,329][com.java.SeleniumDriver] [  852] - Action Type : CLICK
[INFO ][2015-11-09 15:37:53,329][com.java.TestType] [ 4391] - Field ::XPH//span[contains(text(),'Show Report')]
[INFO ][2015-11-09 15:37:54,343][com.java.TestType] [ 4450] - BEFORE CLICK
[INFO ][2015-11-09 15:37:55,779][com.java.TestType] [ 4458] - Unable to click the object Show Report button
[INFO ][2015-11-09 15:37:55,779][com.java.SeleniumDriver] [  861] -  RESULT true
[INFO ][2015-11-09 15:37:55,779][com.java.SeleniumDriver] [ 1066] - ?   P A S S   ?
[INFO ][2015-11-09 15:37:55,779][com.java.SeleniumDriver] [  788] - ------------------------------------------
[INFO ][2015-11-09 15:37:55,779][com.java.SeleniumDriver] [  789] - Test case being Executed: 10
[INFO ][2015-11-09 15:37:55,779][com.java.SeleniumDriver] [  800] - Test step:13
[INFO ][2015-11-09 15:37:55,779][com.java.SeleniumDriver] [  812] - Datavalue is----------2
[INFO ][2015-11-09 15:37:55,779][com.java.SeleniumDriver] [  836] - DataField : XPH//td[@class='ReportTitle']
[INFO ][2015-11-09 15:37:55,779][com.java.SeleniumDriver] [  838] - DataValue : 2
[INFO ][2015-11-09 15:37:55,779][com.java.SeleniumDriver] [  844] - <In Set values of the page>
[INFO ][2015-11-09 15:37:55,779][com.java.SeleniumDriver] [  847] - {Data Fields & Data Values Exist}
[INFO ][2015-11-09 15:37:55,779][com.java.SeleniumDriver] [  849] - --------------------------setting values-----------------------------
[INFO ][2015-11-09 15:37:55,779][com.java.SeleniumDriver] [  852] - Action Type : WAITFORELEMENT
[INFO ][2015-11-09 15:38:05,662][com.java.SeleniumDriver] [  861] -  RESULT true
[INFO ][2015-11-09 15:38:05,662][com.java.SeleniumDriver] [ 1066] - ?   P A S S   ?
[INFO ][2015-11-09 15:38:05,662][com.java.SeleniumDriver] [  788] - ------------------------------------------
[INFO ][2015-11-09 15:38:05,662][com.java.SeleniumDriver] [  789] - Test case being Executed: 10
[INFO ][2015-11-09 15:38:05,662][com.java.SeleniumDriver] [  800] - Test step:14
[INFO ][2015-11-09 15:38:05,662][com.java.SeleniumDriver] [  812] - Datavalue is----------dt:BSCompare
[INFO ][2015-11-09 15:38:05,662][com.java.SeleniumDriver] [  836] - DataField : XPH//td[@class='ReportTitle']
[INFO ][2015-11-09 15:38:05,662][com.java.SeleniumDriver] [  838] - DataValue : dt:BSCompare
[INFO ][2015-11-09 15:38:05,662][com.java.SeleniumDriver] [  844] - <In Set values of the page>
[INFO ][2015-11-09 15:38:05,662][com.java.SeleniumDriver] [  847] - {Data Fields & Data Values Exist}
[INFO ][2015-11-09 15:38:05,662][com.java.SeleniumDriver] [  849] - --------------------------setting values-----------------------------
[INFO ][2015-11-09 15:38:05,662][com.java.SeleniumDriver] [  852] - Action Type : VERIFY
[INFO ][2015-11-09 15:38:05,662][com.java.TestType] [ 5204] - field= XPH//td[@class='ReportTitle'] value= dt:BSCompare
[INFO ][2015-11-09 15:38:05,662][com.java.TestType] [ 4078] - value = Balance Sheet Compare
[INFO ][2015-11-09 15:38:05,928][com.java.SeleniumDriver] [  861] -  RESULT true
[INFO ][2015-11-09 15:38:05,928][com.java.SeleniumDriver] [ 1066] - ?   P A S S   ?
[INFO ][2015-11-09 15:38:05,928][com.java.SeleniumDriver] [  788] - ------------------------------------------
[INFO ][2015-11-09 15:38:05,928][com.java.SeleniumDriver] [  789] - Test case being Executed: 10
[INFO ][2015-11-09 15:38:05,928][com.java.SeleniumDriver] [  800] - Test step:15
[INFO ][2015-11-09 15:38:05,928][com.java.SeleniumDriver] [  812] - Datavalue is----------//table[@id='ReportTable2']/tbody/tr
[INFO ][2015-11-09 15:38:05,928][com.java.SeleniumDriver] [  836] - DataField : BTN
[INFO ][2015-11-09 15:38:05,928][com.java.SeleniumDriver] [  838] - DataValue : //table[@id='ReportTable2']/tbody/tr
[INFO ][2015-11-09 15:38:05,928][com.java.SeleniumDriver] [  844] - <In Set values of the page>
[INFO ][2015-11-09 15:38:05,928][com.java.SeleniumDriver] [  847] - {Data Fields & Data Values Exist}
[INFO ][2015-11-09 15:38:05,928][com.java.SeleniumDriver] [  849] - --------------------------setting values-----------------------------
[INFO ][2015-11-09 15:38:05,928][com.java.SeleniumDriver] [  852] - Action Type : VERIFY
[INFO ][2015-11-09 15:38:05,928][com.java.TestType] [ 5204] - field= BTN value= //table[@id='ReportTable2']/tbody/tr
[INFO ][2015-11-09 15:38:05,928][com.java.TestType] [ 4078] - value = //table[@id='ReportTable2']/tbody/tr
[INFO ][2015-11-09 15:38:05,975][com.java.SeleniumDriver] [  861] -  RESULT true
[INFO ][2015-11-09 15:38:05,975][com.java.SeleniumDriver] [ 1066] - ?   P A S S   ?
[INFO ][2015-11-09 15:38:05,975][com.java.SeleniumDriver] [  788] - ------------------------------------------
[INFO ][2015-11-09 15:38:05,975][com.java.SeleniumDriver] [  789] - Test case being Executed: 10
[INFO ][2015-11-09 15:38:05,975][com.java.SeleniumDriver] [  800] - Test step:16
[INFO ][2015-11-09 15:38:05,975][com.java.SeleniumDriver] [  812] - Datavalue is----------null
[DEBUG][2015-11-09 15:38:05,975][com.java.SeleniumDriver] [  830] - Exception: null
[INFO ][2015-11-09 15:38:05,975][com.java.SeleniumDriver] [  836] - DataField : BTNdImage2-0
[INFO ][2015-11-09 15:38:05,975][com.java.SeleniumDriver] [  838] - DataValue : 
[INFO ][2015-11-09 15:38:05,975][com.java.SeleniumDriver] [  844] - <In Set values of the page>
[INFO ][2015-11-09 15:38:05,975][com.java.SeleniumDriver] [  847] - {Data Fields & Data Values Exist}
[INFO ][2015-11-09 15:38:05,975][com.java.SeleniumDriver] [  849] - --------------------------setting values-----------------------------
[INFO ][2015-11-09 15:38:05,975][com.java.SeleniumDriver] [  852] - Action Type : CLICK
[INFO ][2015-11-09 15:38:05,975][com.java.TestType] [ 4391] - Field ::BTNdImage2-0
[INFO ][2015-11-09 15:38:06,989][com.java.TestType] [ 4429] - BEFORE CLICK
[INFO ][2015-11-09 15:38:08,472][com.java.TestType] [ 4436] - Unable to click the object Expand button
[INFO ][2015-11-09 15:38:08,472][com.java.SeleniumDriver] [  861] -  RESULT true
[INFO ][2015-11-09 15:38:08,472][com.java.SeleniumDriver] [ 1066] - ?   P A S S   ?
[INFO ][2015-11-09 15:38:08,472][com.java.SeleniumDriver] [  788] - ------------------------------------------
[INFO ][2015-11-09 15:38:08,472][com.java.SeleniumDriver] [  789] - Test case being Executed: 10
[INFO ][2015-11-09 15:38:08,472][com.java.SeleniumDriver] [  800] - Test step:17
[INFO ][2015-11-09 15:38:08,472][com.java.SeleniumDriver] [  812] - Datavalue is----------Eliminations
[INFO ][2015-11-09 15:38:08,472][com.java.SeleniumDriver] [  836] - DataField : XPH//b[text()='Eliminations']
[INFO ][2015-11-09 15:38:08,472][com.java.SeleniumDriver] [  838] - DataValue : Eliminations
[INFO ][2015-11-09 15:38:08,472][com.java.SeleniumDriver] [  844] - <In Set values of the page>
[INFO ][2015-11-09 15:38:08,472][com.java.SeleniumDriver] [  847] - {Data Fields & Data Values Exist}
[INFO ][2015-11-09 15:38:08,472][com.java.SeleniumDriver] [  849] - --------------------------setting values-----------------------------
[INFO ][2015-11-09 15:38:08,472][com.java.SeleniumDriver] [  852] - Action Type : VERIFY
[INFO ][2015-11-09 15:38:08,472][com.java.TestType] [ 5204] - field= XPH//b[text()='Eliminations'] value= Eliminations
[INFO ][2015-11-09 15:38:08,472][com.java.TestType] [ 4078] - value = Eliminations
[INFO ][2015-11-09 15:38:08,582][com.java.SeleniumDriver] [  861] -  RESULT true
[INFO ][2015-11-09 15:38:08,582][com.java.SeleniumDriver] [ 1066] - ?   P A S S   ?
[INFO ][2015-11-09 15:38:08,582][com.java.SeleniumDriver] [  788] - ------------------------------------------
[INFO ][2015-11-09 15:38:08,582][com.java.SeleniumDriver] [  789] - Test case being Executed: 10
[INFO ][2015-11-09 15:38:08,582][com.java.SeleniumDriver] [  800] - Test step:18
[INFO ][2015-11-09 15:38:08,582][com.java.SeleniumDriver] [  812] - Datavalue is----------null
[DEBUG][2015-11-09 15:38:08,582][com.java.SeleniumDriver] [  830] - Exception: null
[INFO ][2015-11-09 15:38:08,582][com.java.SeleniumDriver] [  836] - DataField : BTNdImage2-0
[INFO ][2015-11-09 15:38:08,582][com.java.SeleniumDriver] [  838] - DataValue : 
[INFO ][2015-11-09 15:38:08,582][com.java.SeleniumDriver] [  844] - <In Set values of the page>
[INFO ][2015-11-09 15:38:08,582][com.java.SeleniumDriver] [  847] - {Data Fields & Data Values Exist}
[INFO ][2015-11-09 15:38:08,582][com.java.SeleniumDriver] [  849] - --------------------------setting values-----------------------------
[INFO ][2015-11-09 15:38:08,582][com.java.SeleniumDriver] [  852] - Action Type : CLICK
[INFO ][2015-11-09 15:38:08,582][com.java.TestType] [ 4391] - Field ::BTNdImage2-0
[INFO ][2015-11-09 15:38:09,596][com.java.TestType] [ 4429] - BEFORE CLICK
[INFO ][2015-11-09 15:38:11,094][com.java.TestType] [ 4436] - Unable to click the object Collapse button
[INFO ][2015-11-09 15:38:11,094][com.java.SeleniumDriver] [  861] -  RESULT true
[INFO ][2015-11-09 15:38:11,094][com.java.SeleniumDriver] [ 1066] - ?   P A S S   ?
[INFO ][2015-11-09 15:38:11,094][com.java.SeleniumDriver] [  788] - ------------------------------------------
[INFO ][2015-11-09 15:38:11,094][com.java.SeleniumDriver] [  789] - Test case being Executed: 10
[INFO ][2015-11-09 15:38:11,094][com.java.SeleniumDriver] [  800] - Test step:19
[INFO ][2015-11-09 15:38:11,094][com.java.SeleniumDriver] [  812] - Datavalue is----------null
[DEBUG][2015-11-09 15:38:11,094][com.java.SeleniumDriver] [  830] - Exception: null
[INFO ][2015-11-09 15:38:11,094][com.java.SeleniumDriver] [  836] - DataField : BTNdImage2-1
[INFO ][2015-11-09 15:38:11,094][com.java.SeleniumDriver] [  838] - DataValue : 
[INFO ][2015-11-09 15:38:11,094][com.java.SeleniumDriver] [  844] - <In Set values of the page>
[INFO ][2015-11-09 15:38:11,094][com.java.SeleniumDriver] [  847] - {Data Fields & Data Values Exist}
[INFO ][2015-11-09 15:38:11,094][com.java.SeleniumDriver] [  849] - --------------------------setting values-----------------------------
[INFO ][2015-11-09 15:38:11,094][com.java.SeleniumDriver] [  852] - Action Type : CLICK
[INFO ][2015-11-09 15:38:11,094][com.java.TestType] [ 4391] - Field ::BTNdImage2-1
[INFO ][2015-11-09 15:38:12,108][com.java.TestType] [ 4429] - BEFORE CLICK
[INFO ][2015-11-09 15:38:13,556][com.java.TestType] [ 4436] - Unable to click the object Expand button
[INFO ][2015-11-09 15:38:13,556][com.java.SeleniumDriver] [  861] -  RESULT true
[INFO ][2015-11-09 15:38:13,556][com.java.SeleniumDriver] [ 1066] - ?   P A S S   ?
[INFO ][2015-11-09 15:38:13,556][com.java.SeleniumDriver] [  788] - ------------------------------------------
[INFO ][2015-11-09 15:38:13,556][com.java.SeleniumDriver] [  789] - Test case being Executed: 10
[INFO ][2015-11-09 15:38:13,556][com.java.SeleniumDriver] [  800] - Test step:20
[INFO ][2015-11-09 15:38:13,556][com.java.SeleniumDriver] [  812] - Datavalue is----------Eliminations
[INFO ][2015-11-09 15:38:13,556][com.java.SeleniumDriver] [  836] - DataField : LNK
[INFO ][2015-11-09 15:38:13,556][com.java.SeleniumDriver] [  838] - DataValue : Eliminations
[INFO ][2015-11-09 15:38:13,556][com.java.SeleniumDriver] [  844] - <In Set values of the page>
[INFO ][2015-11-09 15:38:13,556][com.java.SeleniumDriver] [  847] - {Data Fields & Data Values Exist}
[INFO ][2015-11-09 15:38:13,556][com.java.SeleniumDriver] [  849] - --------------------------setting values-----------------------------
[INFO ][2015-11-09 15:38:13,556][com.java.SeleniumDriver] [  852] - Action Type : VERIFY
[INFO ][2015-11-09 15:38:13,556][com.java.TestType] [ 5204] - field= LNK value= Eliminations
[INFO ][2015-11-09 15:38:13,556][com.java.TestType] [ 4078] - value = Eliminations
[ERROR][2015-11-09 15:38:31,860][com.java.TestType] [ 5730] - Assertion Error: 
[INFO ][2015-11-09 15:38:31,860][com.java.SeleniumDriver] [  861] -  RESULT false
[INFO ][2015-11-09 15:38:31,860][com.java.SeleniumDriver] [  908] - ?   F A I L   ?
[INFO ][2015-11-09 15:38:31,860][com.java.SeleniumDriver] [  916] - Browser Type : IE11
[INFO ][2015-11-09 15:38:31,860][com.java.SeleniumDriver] [  917] - Adding Failed case10
[INFO ][2015-11-09 15:38:32,626][com.java.SeleniumDriver] [ 1030] - failedCases = 10
[ERROR][2015-11-09 15:38:32,626][com.java.SeleniumDriver] [ 1516] - Platform Errors : Our apologies...::We have encountered an issue with your request.::Our apologies?:We encountered an issue with your request.
[INFO ][2015-11-09 15:38:32,626][com.java.SeleniumDriver] [ 1520] - Length =3
[ERROR][2015-11-09 15:38:32,626][com.java.SeleniumDriver] [ 1523] - Error 0 = Our apologies...
[ERROR][2015-11-09 15:38:32,766][com.java.SeleniumDriver] [ 1523] - Error 1 = We have encountered an issue with your request.
[ERROR][2015-11-09 15:38:32,844][com.java.SeleniumDriver] [ 1523] - Error 2 = Our apologies?:We encountered an issue with your request.
[DEBUG][2015-11-09 15:38:32,953][com.java.SeleniumDriver] [ 1168] - Case found
[DEBUG][2015-11-09 15:38:32,953][com.java.SeleniumDriver] [ 1173] - Incrementing ReportCounters[0]:3
[INFO ][2015-11-09 15:38:32,953][com.java.SeleniumDriver] [ 1192] - The results are-------------------[10, 20, GL: Balance Sheet: Balance Sheet Report: Eliminations Negative Test, Fail, 
Test case failed at Step No. :: 20   Error Message ::  . Screen Shot : D:\BankersDashboard\TestReports\110915\10_110915_153831_IE11.png, Mon Nov 09 15:38:32 IST 2015]
[INFO ][2015-11-09 15:38:32,953][com.java.SeleniumDriver] [ 1196] - End time is-------7 min 39 sec
[INFO ][2015-11-09 15:38:32,953][com.java.SeleniumDriver] [ 1197] - The results are-------------------[10, 20, GL: Balance Sheet: Balance Sheet Report: Eliminations Negative Test, Fail, 
Test case failed at Step No. :: 20   Error Message ::  . Screen Shot : D:\BankersDashboard\TestReports\110915\10_110915_153831_IE11.png, Mon Nov 09 15:38:32 IST 2015]
[DEBUG][2015-11-09 15:38:32,953][com.java.ImportnExport.ExportTestResultsExcel] [  222] - testResultPath = D:\BankersDashboard/TestReports/Test Results_BankersDashBoard_110915_153055_IE11_Bank of North Carolina.xls
[DEBUG][2015-11-09 15:38:32,953][com.java.ImportnExport.ExportTestResultsExcel] [  223] - browser is------------IE11
[DEBUG][2015-11-09 15:38:32,953][com.java.ImportnExport.ExportTestResultsExcel] [  270] - result.size() = 6
[DEBUG][2015-11-09 15:38:32,953][com.java.ImportnExport.ExportTestResultsExcel] [  274] - No of rows in sheet=3
[DEBUG][2015-11-09 15:38:32,953][com.java.ImportnExport.ExportTestResultsExcel] [  301] - ..in export..10
[DEBUG][2015-11-09 15:38:32,953][com.java.ImportnExport.ExportTestResultsExcel] [  301] - ..in export..GL: Balance Sheet: Balance Sheet Report: Eliminations Negative Test
[DEBUG][2015-11-09 15:38:32,953][com.java.ImportnExport.ExportTestResultsExcel] [  301] - ..in export..Fail
[DEBUG][2015-11-09 15:38:32,953][com.java.ImportnExport.ExportTestResultsExcel] [  301] - ..in export..
Test case failed at Step No. :: 20   Error Message ::  . Screen Shot : D:\BankersDashboard\TestReports\110915\10_110915_153831_IE11.png
[DEBUG][2015-11-09 15:38:32,953][com.java.ImportnExport.ExportTestResultsExcel] [  301] - ..in export..Mon Nov 09 15:38:32 IST 2015
[INFO ][2015-11-09 15:38:32,953][com.java.SeleniumDriver] [ 1255] - out loop:2 size:3 TestCases:[11, 7, 10] testcases:[11, 7, 10]
[INFO ][2015-11-09 15:38:34,967][com.java.SeleniumDriver] [ 1297] - Total Number of Cases:3
[INFO ][2015-11-09 15:38:34,967][com.java.TemplateGenerator] [  302] - Executed:3
[INFO ][2015-11-09 15:38:34,967][com.java.TemplateGenerator] [  303] - Passed:2
[INFO ][2015-11-09 15:38:34,967][com.java.TemplateGenerator] [  304] - Failed:1
[INFO ][2015-11-09 15:38:34,967][com.java.TemplateGenerator] [  305] - Skipeed:0
[INFO ][2015-11-09 15:38:34,967][com.java.TemplateGenerator] [  306] - Application URL:https://clients-xuat.bankersdashboard.com
[INFO ][2015-11-09 15:38:34,967][com.java.TemplateGenerator] [  307] - Start Time:110915_153055
[INFO ][2015-11-09 15:38:34,967][com.java.TemplateGenerator] [  308] -  Creating HTML Report 
[ERROR][2015-11-09 15:38:34,967][com.java.TemplateGenerator] [  409] - Unparseable date: "Mon Nov 09 03:30:55 IST 2015"
[INFO ][2015-11-09 15:38:34,967][com.java.TemplateGenerator] [  654] -  Exporting case :: 7
[INFO ][2015-11-09 15:38:34,967][com.java.TemplateGenerator] [  654] -  Exporting case :: 10
[INFO ][2015-11-09 15:38:34,967][com.java.TemplateGenerator] [  654] -  Exporting case :: 11
[INFO ][2015-11-09 15:38:34,967][com.java.SeleniumDriver] [ 1346] - End Time:110915_153834
[INFO ][2015-11-09 15:38:34,967][com.java.SeleniumDriver] [ 1349] - Data in Test Execution Details:{7=PASS, 10=FAILTest case failed at Step No. :: 20   Error Message ::  , 11=PASS}
[INFO ][2015-11-09 15:38:34,967][com.java.SeleniumDriver] [ 1350] - Data in Failed Execution Deatils:{}
[INFO ][2015-11-09 15:38:34,967][com.java.SeleniumDriver] [ 1352] - ReportCounter:Total:3 :: PASS: 2 ::FAIL: 1
[INFO ][2015-11-09 15:38:34,967][com.java.SeleniumDriver] [ 1353] - FailedReportCounter:Total:0 :: PASS: 0 ::FAIL: 0
[INFO ][2015-11-09 15:38:34,967][com.java.EmailTestReport] [   63] - Sending report mail details:
[INFO ][2015-11-09 15:38:34,967][com.java.EmailTestReport] [   80] - Excel Report Path:D:\BankersDashboard/TestReports/Test Results_BankersDashBoard_110915_153055_IE11_Bank of North Carolina.xls
[INFO ][2015-11-09 15:38:34,967][com.java.EmailTestReport] [   81] - HTML Report Path:D:\BankersDashboard//TestReports//Test Results_BankersDashBoard_110915_153055_IE11_Bank of North Carolina.html
[INFO ][2015-11-09 15:38:34,967][com.java.EmailTestReport] [   82] - smtpHostName:mail01.valuelabs.com
[INFO ][2015-11-09 15:38:34,967][com.java.EmailTestReport] [   83] - Recipient:venkateswararao.gubbala@valuelabs.com
[INFO ][2015-11-09 15:38:34,967][com.java.EmailTestReport] [   84] - From:venkateswararao.gubbala@valuelabs.com
[INFO ][2015-11-09 15:38:34,967][com.java.EmailTestReport] [   85] - Subject:Deluxe Corp Bankers Dashboard Automation Test Report - Bank of North Carolina - IE11
[INFO ][2015-11-09 15:38:34,968][com.java.EmailTestReport] [  143] -  Added venkateswararao.gubbala@valuelabs.com
[INFO ][2015-11-09 15:38:38,374][com.java.SeleniumDriver] [  719] - quitting the browser 
[INFO ][2015-11-09 15:38:39,606][com.java.SeleniumDriver] [  263] - Execution Completed Stopping the thread
