[INFO ][2015-12-22 17:46:30,555][com.java.SeleniumDriver] [  213] - Execute Failed Casesfalse
[INFO ][2015-12-22 17:46:30,556][com.java.SeleniumDriver] [  214] - Browser: IE10
[INFO ][2015-12-22 17:46:30,556][com.java.SeleniumDriver] [  215] - [17]
[INFO ][2015-12-22 17:46:30,556][com.java.SeleniumDriver] [  216] - Total TestCases:1
[INFO ][2015-12-22 17:46:30,556][com.java.SeleniumDriver] [  217] -  Reading Properties from Property File 
[DEBUG][2015-12-22 17:46:30,556][com.java.SeleniumDriver] [  238] - url : https://clients-xuat.bankersdashboard.com
[INFO ][2015-12-22 17:46:30,558][com.java.ImportnExport.ExportTestResultsExcel] [  116] - Time Stamp Tue Dec 22 05:46:30 IST 2015
[INFO ][2015-12-22 17:46:30,558][com.java.ImportnExport.ExportTestResultsExcel] [  175] - OUT FILE : D:\BankersDashboard/TestReports/Test Results_BankersDashBoard_122215_174630_IE10_Bank of North Carolina.xls
[INFO ][2015-12-22 17:46:30,587][com.java.ImportnExport.ExportTestResultsExcel] [  180] - Test Result file is created
[DEBUG][2015-12-22 17:46:30,689][com.java.SeleniumDriver] [  426] - Hub ip address is-------172.17.68.34
[INFO ][2015-12-22 17:46:30,690][com.java.SeleniumDriver] [  452] - Grid URL:http://172.17.68.34:4444/wd/hub
[INFO ][2015-12-22 17:46:30,690][com.java.SeleniumDriver] [  453] - Capability:Capabilities [{platform=ANY, ensureCleanSession=true, ignoreProtectedModeSettings=true, acceptSslCerts=true, ignoreZoomSetting=true, browserName=internet explorer, browserstack.ie.noFlash=true, version=null}]
[ERROR][2015-12-22 17:46:31,997][com.java.SeleniumDriver] [  497] - Unable invoke browser in grid:Could not start a new session. Possible causes are invalid address of the remote server or browser start-up failure.
Build info: version: '2.48.2', revision: '41bccdd', time: '2015-10-09 19:59:12'
System info: host: 'FVTIII438F1D', ip: '172.17.68.34', os.name: 'Windows 7', os.arch: 'x86', os.version: '6.1', java.version: '1.7.0_55'
Driver info: driver.version: SeleniumDriver
[INFO ][2015-12-22 17:46:31,998][com.java.SeleniumDriver] [  499] - Executing on local machine
[INFO ][2015-12-22 17:46:42,470][com.java.SeleniumDriver] [  248] - IE10is opened
[INFO ][2015-12-22 17:46:43,312][com.java.SeleniumDriver] [  754] - Test cases to be executed are: [17]
[INFO ][2015-12-22 17:46:43,332][com.java.ImportnExport.ImportTestDataDetailsExcel] [   49] - test data details path===== D:\BankersDashboard\TestInputs\TestData.xls
[INFO ][2015-12-22 17:46:43,438][com.java.SeleniumDriver] [  821] - ------------------------------------------
[INFO ][2015-12-22 17:46:43,439][com.java.SeleniumDriver] [  822] - Test case being Executed: 17
[INFO ][2015-12-22 17:46:43,439][com.java.SeleniumDriver] [  833] - Test step:1
[INFO ][2015-12-22 17:46:43,439][com.java.SeleniumDriver] [  845] - Datavalue is----------Logout
[INFO ][2015-12-22 17:46:43,439][com.java.SeleniumDriver] [  869] - DataField : BTN
[INFO ][2015-12-22 17:46:43,439][com.java.SeleniumDriver] [  871] - DataValue : Logout
[INFO ][2015-12-22 17:46:43,439][com.java.SeleniumDriver] [  877] - <In Set values of the page>
[INFO ][2015-12-22 17:46:43,439][com.java.SeleniumDriver] [  880] - {Data Fields & Data Values Exist}
[INFO ][2015-12-22 17:46:43,439][com.java.SeleniumDriver] [  882] - --------------------------setting values-----------------------------
[INFO ][2015-12-22 17:46:43,439][com.java.SeleniumDriver] [  885] - Action Type : Verify
[INFO ][2015-12-22 17:46:43,459][com.java.TestType] [ 6946] - field= BTN value= Logout
[INFO ][2015-12-22 17:46:43,459][com.java.TestType] [ 5596] - value = Logout
[DEBUG][2015-12-22 17:47:19,537][com.java.TestType] [ 6607] - Logout   :: Element not Found
[ERROR][2015-12-22 17:47:36,561][com.java.TestType] [ 7659] - Assertion Error: 
[INFO ][2015-12-22 17:47:36,561][com.java.SeleniumDriver] [  894] -  RESULT false
[INFO ][2015-12-22 17:47:36,561][com.java.SeleniumDriver] [  941] - ?   F A I L   ?
[INFO ][2015-12-22 17:47:36,561][com.java.SeleniumDriver] [  949] - Browser Type : IE10
[INFO ][2015-12-22 17:47:36,561][com.java.SeleniumDriver] [  950] - Adding Failed case17
[DEBUG][2015-12-22 17:47:37,181][com.java.SeleniumDriver] [ 1018] -  tdd.getCondition() IF:Next:3
[INFO ][2015-12-22 17:47:37,183][com.java.SeleniumDriver] [ 1027] - step change to 3
[INFO ][2015-12-22 17:47:37,184][com.java.SeleniumDriver] [  821] - ------------------------------------------
[INFO ][2015-12-22 17:47:37,184][com.java.SeleniumDriver] [  822] - Test case being Executed: 17
[INFO ][2015-12-22 17:47:37,184][com.java.SeleniumDriver] [  833] - Test step:3
[INFO ][2015-12-22 17:47:37,184][com.java.SeleniumDriver] [  845] - Datavalue is----------Concept#1:1-2
[INFO ][2015-12-22 17:47:37,184][com.java.SeleniumDriver] [  869] - DataField : test
[INFO ][2015-12-22 17:47:37,184][com.java.SeleniumDriver] [  871] - DataValue : Concept#1:1-2
[INFO ][2015-12-22 17:47:37,184][com.java.SeleniumDriver] [  877] - <In Set values of the page>
[INFO ][2015-12-22 17:47:37,184][com.java.SeleniumDriver] [  880] - {Data Fields & Data Values Exist}
[INFO ][2015-12-22 17:47:37,184][com.java.SeleniumDriver] [  882] - --------------------------setting values-----------------------------
[INFO ][2015-12-22 17:47:37,185][com.java.SeleniumDriver] [  885] - Action Type : ExecuteTestCase
[INFO ][2015-12-22 17:47:37,185][com.java.TestType] [  437] - The Concept sheet name is ---------- Concept
[INFO ][2015-12-22 17:47:37,185][com.java.TestType] [  440] - The Concept ID  is ---------- 1
[DEBUG][2015-12-22 17:47:37,185][com.java.TestType] [  444] - Steps being executted in the Concept are: 1:2
[INFO ][2015-12-22 17:47:37,185][com.java.TestType] [  451] - Test data details path ---------- D:\BankersDashboard\TestInputs\TestData.xls
[INFO ][2015-12-22 17:47:37,215][com.java.TestType] [  482] -  str(1) = 1
[INFO ][2015-12-22 17:47:37,215][com.java.TestType] [  485] - Test case Id is---1
[INFO ][2015-12-22 17:47:37,215][com.java.TestType] [  487] - 1
[INFO ][2015-12-22 17:47:37,215][com.java.TestType] [  482] -  str(2) = 1
[INFO ][2015-12-22 17:47:37,217][com.java.TestType] [  534] - row values are--------{1=com.java.Objects.TestDataDetails@18b246e}
[INFO ][2015-12-22 17:47:37,217][com.java.TestType] [  482] -  str(1) = 1
[INFO ][2015-12-22 17:47:37,217][com.java.TestType] [  485] - Test case Id is---1
[INFO ][2015-12-22 17:47:37,217][com.java.TestType] [  487] - 1
[INFO ][2015-12-22 17:47:37,217][com.java.TestType] [  482] -  str(2) = 2
[INFO ][2015-12-22 17:47:37,218][com.java.TestType] [  534] - row values are--------{1=com.java.Objects.TestDataDetails@18b246e, 2=com.java.Objects.TestDataDetails@d89d8c}
[INFO ][2015-12-22 17:47:37,218][com.java.TestType] [  482] -  str(1) = 1
[INFO ][2015-12-22 17:47:37,218][com.java.TestType] [  485] - Test case Id is---1
[INFO ][2015-12-22 17:47:37,218][com.java.TestType] [  487] - 1
[INFO ][2015-12-22 17:47:37,218][com.java.TestType] [  482] -  str(2) = 3
[INFO ][2015-12-22 17:47:37,219][com.java.TestType] [  534] - row values are--------{1=com.java.Objects.TestDataDetails@18b246e, 2=com.java.Objects.TestDataDetails@d89d8c, 3=com.java.Objects.TestDataDetails@41f1b5}
[INFO ][2015-12-22 17:47:37,219][com.java.TestType] [  482] -  str(1) = 1
[INFO ][2015-12-22 17:47:37,219][com.java.TestType] [  485] - Test case Id is---1
[INFO ][2015-12-22 17:47:37,219][com.java.TestType] [  487] - 1
[INFO ][2015-12-22 17:47:37,220][com.java.TestType] [  482] -  str(2) = 4
[INFO ][2015-12-22 17:47:37,220][com.java.TestType] [  534] - row values are--------{1=com.java.Objects.TestDataDetails@18b246e, 2=com.java.Objects.TestDataDetails@d89d8c, 3=com.java.Objects.TestDataDetails@41f1b5, 4=com.java.Objects.TestDataDetails@15a39a4}
[INFO ][2015-12-22 17:47:37,220][com.java.TestType] [  482] -  str(1) = 1
[INFO ][2015-12-22 17:47:37,221][com.java.TestType] [  485] - Test case Id is---1
[INFO ][2015-12-22 17:47:37,221][com.java.TestType] [  487] - 1
[INFO ][2015-12-22 17:47:37,221][com.java.TestType] [  482] -  str(2) = 5
[INFO ][2015-12-22 17:47:37,223][com.java.TestType] [  534] - row values are--------{1=com.java.Objects.TestDataDetails@18b246e, 2=com.java.Objects.TestDataDetails@d89d8c, 3=com.java.Objects.TestDataDetails@41f1b5, 4=com.java.Objects.TestDataDetails@15a39a4, 5=com.java.Objects.TestDataDetails@d02624}
[INFO ][2015-12-22 17:47:37,223][com.java.TestType] [  482] -  str(1) = 1
[INFO ][2015-12-22 17:47:37,223][com.java.TestType] [  485] - Test case Id is---1
[INFO ][2015-12-22 17:47:37,223][com.java.TestType] [  487] - 1
[INFO ][2015-12-22 17:47:37,223][com.java.TestType] [  482] -  str(2) = 6
[INFO ][2015-12-22 17:47:37,224][com.java.TestType] [  534] - row values are--------{1=com.java.Objects.TestDataDetails@18b246e, 2=com.java.Objects.TestDataDetails@d89d8c, 3=com.java.Objects.TestDataDetails@41f1b5, 4=com.java.Objects.TestDataDetails@15a39a4, 5=com.java.Objects.TestDataDetails@d02624, 6=com.java.Objects.TestDataDetails@4e90b5}
[INFO ][2015-12-22 17:47:37,224][com.java.TestType] [  482] -  str(1) = 1
[INFO ][2015-12-22 17:47:37,224][com.java.TestType] [  485] - Test case Id is---1
[INFO ][2015-12-22 17:47:37,225][com.java.TestType] [  487] - 1
[INFO ][2015-12-22 17:47:37,225][com.java.TestType] [  482] -  str(2) = 7
[INFO ][2015-12-22 17:47:37,225][com.java.TestType] [  534] - row values are--------{1=com.java.Objects.TestDataDetails@18b246e, 2=com.java.Objects.TestDataDetails@d89d8c, 3=com.java.Objects.TestDataDetails@41f1b5, 4=com.java.Objects.TestDataDetails@15a39a4, 5=com.java.Objects.TestDataDetails@d02624, 6=com.java.Objects.TestDataDetails@4e90b5, 7=com.java.Objects.TestDataDetails@11aec5c}
[INFO ][2015-12-22 17:47:37,225][com.java.TestType] [  482] -  str(1) = 1
[INFO ][2015-12-22 17:47:37,226][com.java.TestType] [  485] - Test case Id is---1
[INFO ][2015-12-22 17:47:37,226][com.java.TestType] [  487] - 1
[INFO ][2015-12-22 17:47:37,226][com.java.TestType] [  482] -  str(2) = 8
[INFO ][2015-12-22 17:47:37,227][com.java.TestType] [  534] - row values are--------{1=com.java.Objects.TestDataDetails@18b246e, 2=com.java.Objects.TestDataDetails@d89d8c, 3=com.java.Objects.TestDataDetails@41f1b5, 4=com.java.Objects.TestDataDetails@15a39a4, 5=com.java.Objects.TestDataDetails@d02624, 6=com.java.Objects.TestDataDetails@4e90b5, 7=com.java.Objects.TestDataDetails@11aec5c, 8=com.java.Objects.TestDataDetails@106fbae}
[INFO ][2015-12-22 17:47:37,227][com.java.TestType] [  482] -  str(1) = 1
[INFO ][2015-12-22 17:47:37,227][com.java.TestType] [  485] - Test case Id is---1
[INFO ][2015-12-22 17:47:37,227][com.java.TestType] [  487] - 1
[INFO ][2015-12-22 17:47:37,227][com.java.TestType] [  482] -  str(2) = 9
[INFO ][2015-12-22 17:47:37,228][com.java.TestType] [  534] - row values are--------{1=com.java.Objects.TestDataDetails@18b246e, 2=com.java.Objects.TestDataDetails@d89d8c, 3=com.java.Objects.TestDataDetails@41f1b5, 4=com.java.Objects.TestDataDetails@15a39a4, 5=com.java.Objects.TestDataDetails@d02624, 6=com.java.Objects.TestDataDetails@4e90b5, 7=com.java.Objects.TestDataDetails@11aec5c, 8=com.java.Objects.TestDataDetails@106fbae, 9=com.java.Objects.TestDataDetails@35e0ef}
[INFO ][2015-12-22 17:47:37,228][com.java.TestType] [  482] -  str(1) = 1
[INFO ][2015-12-22 17:47:37,228][com.java.TestType] [  485] - Test case Id is---1
[INFO ][2015-12-22 17:47:37,228][com.java.TestType] [  487] - 1
[INFO ][2015-12-22 17:47:37,228][com.java.TestType] [  482] -  str(2) = 10
[INFO ][2015-12-22 17:47:37,229][com.java.TestType] [  534] - row values are--------{1=com.java.Objects.TestDataDetails@18b246e, 2=com.java.Objects.TestDataDetails@d89d8c, 3=com.java.Objects.TestDataDetails@41f1b5, 4=com.java.Objects.TestDataDetails@15a39a4, 5=com.java.Objects.TestDataDetails@d02624, 6=com.java.Objects.TestDataDetails@4e90b5, 7=com.java.Objects.TestDataDetails@11aec5c, 8=com.java.Objects.TestDataDetails@106fbae, 9=com.java.Objects.TestDataDetails@35e0ef, 10=com.java.Objects.TestDataDetails@1aa1efe}
[INFO ][2015-12-22 17:47:37,229][com.java.TestType] [  482] -  str(1) = 1
[INFO ][2015-12-22 17:47:37,229][com.java.TestType] [  485] - Test case Id is---1
[INFO ][2015-12-22 17:47:37,229][com.java.TestType] [  487] - 1
[INFO ][2015-12-22 17:47:37,229][com.java.TestType] [  482] -  str(2) = 11
[INFO ][2015-12-22 17:47:37,230][com.java.TestType] [  534] - row values are--------{1=com.java.Objects.TestDataDetails@18b246e, 2=com.java.Objects.TestDataDetails@d89d8c, 3=com.java.Objects.TestDataDetails@41f1b5, 4=com.java.Objects.TestDataDetails@15a39a4, 5=com.java.Objects.TestDataDetails@d02624, 6=com.java.Objects.TestDataDetails@4e90b5, 7=com.java.Objects.TestDataDetails@11aec5c, 8=com.java.Objects.TestDataDetails@106fbae, 9=com.java.Objects.TestDataDetails@35e0ef, 10=com.java.Objects.TestDataDetails@1aa1efe, 11=com.java.Objects.TestDataDetails@df190e}
[INFO ][2015-12-22 17:47:37,230][com.java.TestType] [  482] -  str(1) = 1
[INFO ][2015-12-22 17:47:37,230][com.java.TestType] [  485] - Test case Id is---1
[INFO ][2015-12-22 17:47:37,230][com.java.TestType] [  487] - 1
[INFO ][2015-12-22 17:47:37,230][com.java.TestType] [  482] -  str(2) = 12
[INFO ][2015-12-22 17:47:37,232][com.java.TestType] [  534] - row values are--------{1=com.java.Objects.TestDataDetails@18b246e, 2=com.java.Objects.TestDataDetails@d89d8c, 3=com.java.Objects.TestDataDetails@41f1b5, 4=com.java.Objects.TestDataDetails@15a39a4, 5=com.java.Objects.TestDataDetails@d02624, 6=com.java.Objects.TestDataDetails@4e90b5, 7=com.java.Objects.TestDataDetails@11aec5c, 8=com.java.Objects.TestDataDetails@106fbae, 9=com.java.Objects.TestDataDetails@35e0ef, 10=com.java.Objects.TestDataDetails@1aa1efe, 11=com.java.Objects.TestDataDetails@df190e, 12=com.java.Objects.TestDataDetails@d059e5}
[INFO ][2015-12-22 17:47:37,232][com.java.TestType] [  482] -  str(1) = 1
[INFO ][2015-12-22 17:47:37,232][com.java.TestType] [  485] - Test case Id is---1
[INFO ][2015-12-22 17:47:37,233][com.java.TestType] [  487] - 1
[INFO ][2015-12-22 17:47:37,233][com.java.TestType] [  482] -  str(2) = 13
[INFO ][2015-12-22 17:47:37,233][com.java.TestType] [  534] - row values are--------{1=com.java.Objects.TestDataDetails@18b246e, 2=com.java.Objects.TestDataDetails@d89d8c, 3=com.java.Objects.TestDataDetails@41f1b5, 4=com.java.Objects.TestDataDetails@15a39a4, 5=com.java.Objects.TestDataDetails@d02624, 6=com.java.Objects.TestDataDetails@4e90b5, 7=com.java.Objects.TestDataDetails@11aec5c, 8=com.java.Objects.TestDataDetails@106fbae, 9=com.java.Objects.TestDataDetails@35e0ef, 10=com.java.Objects.TestDataDetails@1aa1efe, 11=com.java.Objects.TestDataDetails@df190e, 12=com.java.Objects.TestDataDetails@d059e5, 13=com.java.Objects.TestDataDetails@14ef725}
[INFO ][2015-12-22 17:47:37,234][com.java.TestType] [  482] -  str(1) = 1
[INFO ][2015-12-22 17:47:37,234][com.java.TestType] [  485] - Test case Id is---1
[INFO ][2015-12-22 17:47:37,234][com.java.TestType] [  487] - 1
[INFO ][2015-12-22 17:47:37,234][com.java.TestType] [  482] -  str(2) = 14
[INFO ][2015-12-22 17:47:37,235][com.java.TestType] [  534] - row values are--------{1=com.java.Objects.TestDataDetails@18b246e, 2=com.java.Objects.TestDataDetails@d89d8c, 3=com.java.Objects.TestDataDetails@41f1b5, 4=com.java.Objects.TestDataDetails@15a39a4, 5=com.java.Objects.TestDataDetails@d02624, 6=com.java.Objects.TestDataDetails@4e90b5, 7=com.java.Objects.TestDataDetails@11aec5c, 8=com.java.Objects.TestDataDetails@106fbae, 9=com.java.Objects.TestDataDetails@35e0ef, 10=com.java.Objects.TestDataDetails@1aa1efe, 11=com.java.Objects.TestDataDetails@df190e, 12=com.java.Objects.TestDataDetails@d059e5, 13=com.java.Objects.TestDataDetails@14ef725, 14=com.java.Objects.TestDataDetails@a1ae8d}
[INFO ][2015-12-22 17:47:37,235][com.java.TestType] [  482] -  str(1) = 1
[INFO ][2015-12-22 17:47:37,235][com.java.TestType] [  485] - Test case Id is---1
[INFO ][2015-12-22 17:47:37,235][com.java.TestType] [  487] - 1
[INFO ][2015-12-22 17:47:37,235][com.java.TestType] [  482] -  str(2) = 15
[INFO ][2015-12-22 17:47:37,236][com.java.TestType] [  534] - row values are--------{1=com.java.Objects.TestDataDetails@18b246e, 2=com.java.Objects.TestDataDetails@d89d8c, 3=com.java.Objects.TestDataDetails@41f1b5, 4=com.java.Objects.TestDataDetails@15a39a4, 5=com.java.Objects.TestDataDetails@d02624, 6=com.java.Objects.TestDataDetails@4e90b5, 7=com.java.Objects.TestDataDetails@11aec5c, 8=com.java.Objects.TestDataDetails@106fbae, 9=com.java.Objects.TestDataDetails@35e0ef, 10=com.java.Objects.TestDataDetails@1aa1efe, 11=com.java.Objects.TestDataDetails@df190e, 12=com.java.Objects.TestDataDetails@d059e5, 13=com.java.Objects.TestDataDetails@14ef725, 14=com.java.Objects.TestDataDetails@a1ae8d, 15=com.java.Objects.TestDataDetails@1aa8d4}
[INFO ][2015-12-22 17:47:37,236][com.java.TestType] [  482] -  str(1) = 1
[INFO ][2015-12-22 17:47:37,236][com.java.TestType] [  485] - Test case Id is---1
[INFO ][2015-12-22 17:47:37,236][com.java.TestType] [  487] - 1
[INFO ][2015-12-22 17:47:37,236][com.java.TestType] [  482] -  str(2) = 16
[INFO ][2015-12-22 17:47:37,237][com.java.TestType] [  534] - row values are--------{1=com.java.Objects.TestDataDetails@18b246e, 2=com.java.Objects.TestDataDetails@d89d8c, 3=com.java.Objects.TestDataDetails@41f1b5, 4=com.java.Objects.TestDataDetails@15a39a4, 5=com.java.Objects.TestDataDetails@d02624, 6=com.java.Objects.TestDataDetails@4e90b5, 7=com.java.Objects.TestDataDetails@11aec5c, 8=com.java.Objects.TestDataDetails@106fbae, 9=com.java.Objects.TestDataDetails@35e0ef, 10=com.java.Objects.TestDataDetails@1aa1efe, 11=com.java.Objects.TestDataDetails@df190e, 12=com.java.Objects.TestDataDetails@d059e5, 13=com.java.Objects.TestDataDetails@14ef725, 14=com.java.Objects.TestDataDetails@a1ae8d, 15=com.java.Objects.TestDataDetails@1aa8d4, 16=com.java.Objects.TestDataDetails@1f7562b}
[INFO ][2015-12-22 17:47:37,237][com.java.TestType] [10274] - Looping 1TCID = 1
[DEBUG][2015-12-22 17:47:37,237][com.java.TestType] [10315] - Concept ID:1 :: Step being Executed: 1::1
[INFO ][2015-12-22 17:47:37,237][com.java.TestType] [10353] - dataFields : TXTusername
[DEBUG][2015-12-22 17:47:37,237][com.java.TestType] [10359] - <In Set values of the page>
[DEBUG][2015-12-22 17:47:37,237][com.java.TestType] [10364] - {Data Fields & Data Values Exist}
[INFO ][2015-12-22 17:47:37,237][com.java.TestType] [10370] - --------------------------setting values-----------------------------
[INFO ][2015-12-22 17:47:37,237][com.java.TestType] [10373] - Action Type : CLEARANDENTER
[INFO ][2015-12-22 17:47:37,238][com.java.TestType] [ 5596] - value = valuelabs.ie10.33527
[INFO ][2015-12-22 17:47:41,931][com.java.TestType] [10392] -  RESULT true
[INFO ][2015-12-22 17:47:41,931][com.java.TestType] [10509] - ?   P A S S   ?
[DEBUG][2015-12-22 17:47:41,931][com.java.TestType] [10315] - Concept ID:1 :: Step being Executed: 1::2
[INFO ][2015-12-22 17:47:41,931][com.java.TestType] [10353] - dataFields : TXTpassword
[DEBUG][2015-12-22 17:47:41,932][com.java.TestType] [10359] - <In Set values of the page>
[DEBUG][2015-12-22 17:47:41,932][com.java.TestType] [10364] - {Data Fields & Data Values Exist}
[INFO ][2015-12-22 17:47:41,932][com.java.TestType] [10370] - --------------------------setting values-----------------------------
[INFO ][2015-12-22 17:47:41,932][com.java.TestType] [10373] - Action Type : CLEARANDENTER
[INFO ][2015-12-22 17:47:41,932][com.java.TestType] [ 5596] - value = Password1*
[INFO ][2015-12-22 17:47:46,743][com.java.TestType] [10392] -  RESULT true
[INFO ][2015-12-22 17:47:46,743][com.java.TestType] [10509] - ?   P A S S   ?
[INFO ][2015-12-22 17:47:46,743][com.java.TestType] [10580] - Looping End......
[INFO ][2015-12-22 17:47:46,746][com.java.SeleniumDriver] [  894] -  RESULT true
[INFO ][2015-12-22 17:47:46,747][com.java.SeleniumDriver] [ 1100] - ?   P A S S   ?
[INFO ][2015-12-22 17:47:46,747][com.java.SeleniumDriver] [  821] - ------------------------------------------
[INFO ][2015-12-22 17:47:46,747][com.java.SeleniumDriver] [  822] - Test case being Executed: 17
[INFO ][2015-12-22 17:47:46,747][com.java.SeleniumDriver] [  833] - Test step:4
[INFO ][2015-12-22 17:47:46,747][com.java.SeleniumDriver] [  845] - Datavalue is----------null
[DEBUG][2015-12-22 17:47:46,747][com.java.SeleniumDriver] [  863] - Exception: null
[INFO ][2015-12-22 17:47:46,747][com.java.SeleniumDriver] [  869] - DataField : CHK//div[@id="loginbox"]//input[@ng-click='vm.rememberMe()']
[INFO ][2015-12-22 17:47:46,747][com.java.SeleniumDriver] [  871] - DataValue : 
[INFO ][2015-12-22 17:47:46,747][com.java.SeleniumDriver] [  877] - <In Set values of the page>
[INFO ][2015-12-22 17:47:46,747][com.java.SeleniumDriver] [  880] - {Data Fields & Data Values Exist}
[INFO ][2015-12-22 17:47:46,747][com.java.SeleniumDriver] [  882] - --------------------------setting values-----------------------------
[INFO ][2015-12-22 17:47:46,747][com.java.SeleniumDriver] [  885] - Action Type : Check
[INFO ][2015-12-22 17:47:48,054][com.java.SeleniumDriver] [  894] -  RESULT true
[INFO ][2015-12-22 17:47:48,054][com.java.SeleniumDriver] [ 1100] - ?   P A S S   ?
[INFO ][2015-12-22 17:47:48,054][com.java.SeleniumDriver] [  821] - ------------------------------------------
[INFO ][2015-12-22 17:47:48,054][com.java.SeleniumDriver] [  822] - Test case being Executed: 17
[INFO ][2015-12-22 17:47:48,054][com.java.SeleniumDriver] [  833] - Test step:5
[INFO ][2015-12-22 17:47:48,054][com.java.SeleniumDriver] [  845] - Datavalue is----------null
[DEBUG][2015-12-22 17:47:48,054][com.java.SeleniumDriver] [  863] - Exception: null
[INFO ][2015-12-22 17:47:48,054][com.java.SeleniumDriver] [  869] - DataField : XPH//button[@type='submit']
[INFO ][2015-12-22 17:47:48,054][com.java.SeleniumDriver] [  871] - DataValue : 
[INFO ][2015-12-22 17:47:48,054][com.java.SeleniumDriver] [  877] - <In Set values of the page>
[INFO ][2015-12-22 17:47:48,054][com.java.SeleniumDriver] [  880] - {Data Fields & Data Values Exist}
[INFO ][2015-12-22 17:47:48,054][com.java.SeleniumDriver] [  882] - --------------------------setting values-----------------------------
[INFO ][2015-12-22 17:47:48,055][com.java.SeleniumDriver] [  885] - Action Type : Click
[INFO ][2015-12-22 17:47:48,055][com.java.TestType] [ 5975] - Field ::XPH//button[@type='submit']
[INFO ][2015-12-22 17:47:48,055][com.java.TestType] [ 5596] - value = 
[INFO ][2015-12-22 17:47:49,056][com.java.TestType] [ 6112] - BEFORE CLICK
[INFO ][2015-12-22 17:47:49,910][com.java.TestType] [ 6120] - Unable to click the object Login
[INFO ][2015-12-22 17:47:49,910][com.java.SeleniumDriver] [  894] -  RESULT true
[INFO ][2015-12-22 17:47:49,910][com.java.SeleniumDriver] [ 1100] - ?   P A S S   ?
[INFO ][2015-12-22 17:47:49,910][com.java.SeleniumDriver] [  821] - ------------------------------------------
[INFO ][2015-12-22 17:47:49,910][com.java.SeleniumDriver] [  822] - Test case being Executed: 17
[INFO ][2015-12-22 17:47:49,910][com.java.SeleniumDriver] [  833] - Test step:6
[INFO ][2015-12-22 17:47:49,910][com.java.SeleniumDriver] [  845] - Datavalue is----------10
[INFO ][2015-12-22 17:47:49,910][com.java.SeleniumDriver] [  869] - DataField : LNKLogout
[INFO ][2015-12-22 17:47:49,910][com.java.SeleniumDriver] [  871] - DataValue : 10
[INFO ][2015-12-22 17:47:49,910][com.java.SeleniumDriver] [  877] - <In Set values of the page>
[INFO ][2015-12-22 17:47:49,910][com.java.SeleniumDriver] [  880] - {Data Fields & Data Values Exist}
[INFO ][2015-12-22 17:47:49,910][com.java.SeleniumDriver] [  882] - --------------------------setting values-----------------------------
[INFO ][2015-12-22 17:47:49,910][com.java.SeleniumDriver] [  885] - Action Type : WaitTime
[DEBUG][2015-12-22 17:47:49,911][com.java.TestType] [ 5416] - sleepTime: 10000
[INFO ][2015-12-22 17:47:59,912][com.java.SeleniumDriver] [  894] -  RESULT true
[INFO ][2015-12-22 17:47:59,912][com.java.SeleniumDriver] [ 1100] - ?   P A S S   ?
[INFO ][2015-12-22 17:47:59,912][com.java.SeleniumDriver] [  821] - ------------------------------------------
[INFO ][2015-12-22 17:47:59,912][com.java.SeleniumDriver] [  822] - Test case being Executed: 17
[INFO ][2015-12-22 17:47:59,912][com.java.SeleniumDriver] [  833] - Test step:7
[INFO ][2015-12-22 17:47:59,912][com.java.SeleniumDriver] [  845] - Datavalue is----------Banker's Dashboard
[INFO ][2015-12-22 17:47:59,912][com.java.SeleniumDriver] [  869] - DataField : TTL
[INFO ][2015-12-22 17:47:59,912][com.java.SeleniumDriver] [  871] - DataValue : Banker's Dashboard
[INFO ][2015-12-22 17:47:59,912][com.java.SeleniumDriver] [  877] - <In Set values of the page>
[INFO ][2015-12-22 17:47:59,912][com.java.SeleniumDriver] [  880] - {Data Fields & Data Values Exist}
[INFO ][2015-12-22 17:47:59,912][com.java.SeleniumDriver] [  882] - --------------------------setting values-----------------------------
[INFO ][2015-12-22 17:47:59,912][com.java.SeleniumDriver] [  885] - Action Type : SelectWindow
[INFO ][2015-12-22 17:48:12,107][com.java.SeleniumDriver] [  894] -  RESULT true
[INFO ][2015-12-22 17:48:12,107][com.java.SeleniumDriver] [ 1100] - ?   P A S S   ?
[INFO ][2015-12-22 17:48:12,107][com.java.SeleniumDriver] [  821] - ------------------------------------------
[INFO ][2015-12-22 17:48:12,107][com.java.SeleniumDriver] [  822] - Test case being Executed: 17
[INFO ][2015-12-22 17:48:12,107][com.java.SeleniumDriver] [  833] - Test step:8
[INFO ][2015-12-22 17:48:12,107][com.java.SeleniumDriver] [  845] - Datavalue is----------null
[DEBUG][2015-12-22 17:48:12,108][com.java.SeleniumDriver] [  863] - Exception: null
[INFO ][2015-12-22 17:48:12,108][com.java.SeleniumDriver] [  869] - DataField : //span[@class='icon-cog2']&&//a[@data-id="UserSettings"]
[INFO ][2015-12-22 17:48:12,109][com.java.SeleniumDriver] [  871] - DataValue : 
[INFO ][2015-12-22 17:48:12,109][com.java.SeleniumDriver] [  877] - <In Set values of the page>
[INFO ][2015-12-22 17:48:12,109][com.java.SeleniumDriver] [  880] - {Data Fields & Data Values Exist}
[INFO ][2015-12-22 17:48:12,109][com.java.SeleniumDriver] [  882] - --------------------------setting values-----------------------------
[INFO ][2015-12-22 17:48:12,109][com.java.SeleniumDriver] [  885] - Action Type : MouseOver
[INFO ][2015-12-22 17:48:35,159][com.java.SeleniumDriver] [  894] -  RESULT true
[INFO ][2015-12-22 17:48:35,159][com.java.SeleniumDriver] [ 1100] - ?   P A S S   ?
[INFO ][2015-12-22 17:48:35,159][com.java.SeleniumDriver] [  821] - ------------------------------------------
[INFO ][2015-12-22 17:48:35,159][com.java.SeleniumDriver] [  822] - Test case being Executed: 17
[INFO ][2015-12-22 17:48:35,159][com.java.SeleniumDriver] [  833] - Test step:9
[INFO ][2015-12-22 17:48:35,159][com.java.SeleniumDriver] [  845] - Datavalue is----------1
[INFO ][2015-12-22 17:48:35,159][com.java.SeleniumDriver] [  869] - DataField : BTNframeDialogContent
[INFO ][2015-12-22 17:48:35,159][com.java.SeleniumDriver] [  871] - DataValue : 1
[INFO ][2015-12-22 17:48:35,159][com.java.SeleniumDriver] [  877] - <In Set values of the page>
[INFO ][2015-12-22 17:48:35,159][com.java.SeleniumDriver] [  880] - {Data Fields & Data Values Exist}
[INFO ][2015-12-22 17:48:35,159][com.java.SeleniumDriver] [  882] - --------------------------setting values-----------------------------
[INFO ][2015-12-22 17:48:35,159][com.java.SeleniumDriver] [  885] - Action Type : WaitForElement
[INFO ][2015-12-22 17:48:36,372][com.java.SeleniumDriver] [  894] -  RESULT true
[INFO ][2015-12-22 17:48:36,372][com.java.SeleniumDriver] [ 1100] - ?   P A S S   ?
[INFO ][2015-12-22 17:48:36,372][com.java.SeleniumDriver] [  821] - ------------------------------------------
[INFO ][2015-12-22 17:48:36,372][com.java.SeleniumDriver] [  822] - Test case being Executed: 17
[INFO ][2015-12-22 17:48:36,373][com.java.SeleniumDriver] [  833] - Test step:10
[INFO ][2015-12-22 17:48:36,373][com.java.SeleniumDriver] [  845] - Datavalue is----------frameDialogContent
[INFO ][2015-12-22 17:48:36,373][com.java.SeleniumDriver] [  869] - DataField : BTN
[INFO ][2015-12-22 17:48:36,373][com.java.SeleniumDriver] [  871] - DataValue : frameDialogContent
[INFO ][2015-12-22 17:48:36,373][com.java.SeleniumDriver] [  877] - <In Set values of the page>
[INFO ][2015-12-22 17:48:36,373][com.java.SeleniumDriver] [  880] - {Data Fields & Data Values Exist}
[INFO ][2015-12-22 17:48:36,373][com.java.SeleniumDriver] [  882] - --------------------------setting values-----------------------------
[INFO ][2015-12-22 17:48:36,373][com.java.SeleniumDriver] [  885] - Action Type : SELECTFRAMEBYNAME
[INFO ][2015-12-22 17:48:36,373][com.java.TestType] [ 5596] - value = frameDialogContent
[INFO ][2015-12-22 17:48:36,446][com.java.SeleniumDriver] [  894] -  RESULT true
[INFO ][2015-12-22 17:48:36,446][com.java.SeleniumDriver] [ 1100] - ?   P A S S   ?
[INFO ][2015-12-22 17:48:36,446][com.java.SeleniumDriver] [  821] - ------------------------------------------
[INFO ][2015-12-22 17:48:36,446][com.java.SeleniumDriver] [  822] - Test case being Executed: 17
[INFO ][2015-12-22 17:48:36,446][com.java.SeleniumDriver] [  833] - Test step:11
[INFO ][2015-12-22 17:48:36,446][com.java.SeleniumDriver] [  845] - Datavalue is----------Yes
[INFO ][2015-12-22 17:48:36,446][com.java.SeleniumDriver] [  869] - DataField : COBddlOpenBDInNewWindow
[INFO ][2015-12-22 17:48:36,446][com.java.SeleniumDriver] [  871] - DataValue : Yes
[INFO ][2015-12-22 17:48:36,446][com.java.SeleniumDriver] [  877] - <In Set values of the page>
[INFO ][2015-12-22 17:48:36,447][com.java.SeleniumDriver] [  880] - {Data Fields & Data Values Exist}
[INFO ][2015-12-22 17:48:36,447][com.java.SeleniumDriver] [  882] - --------------------------setting values-----------------------------
[INFO ][2015-12-22 17:48:36,447][com.java.SeleniumDriver] [  885] - Action Type : Verify
[INFO ][2015-12-22 17:48:36,447][com.java.TestType] [ 6946] - field= COBddlOpenBDInNewWindow value= Yes
[INFO ][2015-12-22 17:48:36,447][com.java.TestType] [ 5596] - value = Yes
[ERROR][2015-12-22 17:48:36,643][com.java.TestType] [ 7477] - Assertion error: expected:<Yes> but was:<No>
[INFO ][2015-12-22 17:48:36,643][com.java.SeleniumDriver] [  894] -  RESULT false
[INFO ][2015-12-22 17:48:36,643][com.java.SeleniumDriver] [  941] - ?   F A I L   ?
[INFO ][2015-12-22 17:48:36,643][com.java.SeleniumDriver] [  949] - Browser Type : IE10
[INFO ][2015-12-22 17:48:36,643][com.java.SeleniumDriver] [  950] - Adding Failed case17
[DEBUG][2015-12-22 17:48:37,402][com.java.SeleniumDriver] [ 1018] -  tdd.getCondition() IF:19:Next
[INFO ][2015-12-22 17:48:37,402][com.java.SeleniumDriver] [ 1022] - Continue next step...
[INFO ][2015-12-22 17:48:37,402][com.java.SeleniumDriver] [  821] - ------------------------------------------
[INFO ][2015-12-22 17:48:37,402][com.java.SeleniumDriver] [  822] - Test case being Executed: 17
[INFO ][2015-12-22 17:48:37,402][com.java.SeleniumDriver] [  833] - Test step:12
[INFO ][2015-12-22 17:48:37,402][com.java.SeleniumDriver] [  845] - Datavalue is----------Yes
[INFO ][2015-12-22 17:48:37,402][com.java.SeleniumDriver] [  869] - DataField : SLBddlOpenBDInNewWindow
[INFO ][2015-12-22 17:48:37,402][com.java.SeleniumDriver] [  871] - DataValue : Yes
[INFO ][2015-12-22 17:48:37,402][com.java.SeleniumDriver] [  877] - <In Set values of the page>
[INFO ][2015-12-22 17:48:37,402][com.java.SeleniumDriver] [  880] - {Data Fields & Data Values Exist}
[INFO ][2015-12-22 17:48:37,403][com.java.SeleniumDriver] [  882] - --------------------------setting values-----------------------------
[INFO ][2015-12-22 17:48:37,403][com.java.SeleniumDriver] [  885] - Action Type : Select
[INFO ][2015-12-22 17:48:37,403][com.java.TestType] [ 5596] - value = Yes
[INFO ][2015-12-22 17:48:39,760][com.java.SeleniumDriver] [  894] -  RESULT true
[INFO ][2015-12-22 17:48:39,760][com.java.SeleniumDriver] [ 1100] - ?   P A S S   ?
[INFO ][2015-12-22 17:48:39,760][com.java.SeleniumDriver] [  821] - ------------------------------------------
[INFO ][2015-12-22 17:48:39,760][com.java.SeleniumDriver] [  822] - Test case being Executed: 17
[INFO ][2015-12-22 17:48:39,760][com.java.SeleniumDriver] [  833] - Test step:13
[INFO ][2015-12-22 17:48:39,760][com.java.SeleniumDriver] [  845] - Datavalue is----------null
[DEBUG][2015-12-22 17:48:39,761][com.java.SeleniumDriver] [  863] - Exception: null
[INFO ][2015-12-22 17:48:39,761][com.java.SeleniumDriver] [  869] - DataField : BTNparent
[INFO ][2015-12-22 17:48:39,761][com.java.SeleniumDriver] [  871] - DataValue : 
[INFO ][2015-12-22 17:48:39,761][com.java.SeleniumDriver] [  877] - <In Set values of the page>
[INFO ][2015-12-22 17:48:39,761][com.java.SeleniumDriver] [  880] - {Data Fields & Data Values Exist}
[INFO ][2015-12-22 17:48:39,761][com.java.SeleniumDriver] [  882] - --------------------------setting values-----------------------------
[INFO ][2015-12-22 17:48:39,761][com.java.SeleniumDriver] [  885] - Action Type : SELECTFRAME
[INFO ][2015-12-22 17:48:39,776][com.java.SeleniumDriver] [  894] -  RESULT true
[INFO ][2015-12-22 17:48:39,776][com.java.SeleniumDriver] [ 1100] - ?   P A S S   ?
[INFO ][2015-12-22 17:48:39,776][com.java.SeleniumDriver] [  821] - ------------------------------------------
[INFO ][2015-12-22 17:48:39,776][com.java.SeleniumDriver] [  822] - Test case being Executed: 17
[INFO ][2015-12-22 17:48:39,776][com.java.SeleniumDriver] [  833] - Test step:14
[INFO ][2015-12-22 17:48:39,776][com.java.SeleniumDriver] [  845] - Datavalue is----------null
[DEBUG][2015-12-22 17:48:39,776][com.java.SeleniumDriver] [  863] - Exception: null
[INFO ][2015-12-22 17:48:39,776][com.java.SeleniumDriver] [  869] - DataField : BTN//span[text()='Finished']
[INFO ][2015-12-22 17:48:39,777][com.java.SeleniumDriver] [  871] - DataValue : 
[INFO ][2015-12-22 17:48:39,777][com.java.SeleniumDriver] [  877] - <In Set values of the page>
[INFO ][2015-12-22 17:48:39,777][com.java.SeleniumDriver] [  880] - {Data Fields & Data Values Exist}
[INFO ][2015-12-22 17:48:39,777][com.java.SeleniumDriver] [  882] - --------------------------setting values-----------------------------
[INFO ][2015-12-22 17:48:39,777][com.java.SeleniumDriver] [  885] - Action Type : Click
[INFO ][2015-12-22 17:48:39,777][com.java.TestType] [ 5975] - Field ::BTN//span[text()='Finished']
[INFO ][2015-12-22 17:48:39,777][com.java.TestType] [ 5596] - value = 
[INFO ][2015-12-22 17:48:40,777][com.java.TestType] [ 6091] - BEFORE CLICK
[INFO ][2015-12-22 17:48:41,082][com.java.TestType] [ 6098] - Unable to click the object Finished button
[INFO ][2015-12-22 17:48:41,082][com.java.SeleniumDriver] [  894] -  RESULT true
[INFO ][2015-12-22 17:48:41,082][com.java.SeleniumDriver] [ 1100] - ?   P A S S   ?
[INFO ][2015-12-22 17:48:41,083][com.java.SeleniumDriver] [  821] - ------------------------------------------
[INFO ][2015-12-22 17:48:41,083][com.java.SeleniumDriver] [  822] - Test case being Executed: 17
[INFO ][2015-12-22 17:48:41,083][com.java.SeleniumDriver] [  833] - Test step:15
[INFO ][2015-12-22 17:48:41,083][com.java.SeleniumDriver] [  845] - Datavalue is----------Logout
[INFO ][2015-12-22 17:48:41,083][com.java.SeleniumDriver] [  869] - DataField : LNK
[INFO ][2015-12-22 17:48:41,083][com.java.SeleniumDriver] [  871] - DataValue : Logout
[INFO ][2015-12-22 17:48:41,083][com.java.SeleniumDriver] [  877] - <In Set values of the page>
[INFO ][2015-12-22 17:48:41,083][com.java.SeleniumDriver] [  880] - {Data Fields & Data Values Exist}
[INFO ][2015-12-22 17:48:41,083][com.java.SeleniumDriver] [  882] - --------------------------setting values-----------------------------
[INFO ][2015-12-22 17:48:41,083][com.java.SeleniumDriver] [  885] - Action Type : Verify
[INFO ][2015-12-22 17:48:41,083][com.java.TestType] [ 6946] - field= LNK value= Logout
[INFO ][2015-12-22 17:48:41,083][com.java.TestType] [ 5596] - value = Logout
[INFO ][2015-12-22 17:48:41,159][com.java.SeleniumDriver] [  894] -  RESULT true
[INFO ][2015-12-22 17:48:41,159][com.java.SeleniumDriver] [ 1100] - ?   P A S S   ?
[INFO ][2015-12-22 17:48:41,159][com.java.SeleniumDriver] [  821] - ------------------------------------------
[INFO ][2015-12-22 17:48:41,159][com.java.SeleniumDriver] [  822] - Test case being Executed: 17
[INFO ][2015-12-22 17:48:41,160][com.java.SeleniumDriver] [  833] - Test step:16
[INFO ][2015-12-22 17:48:41,160][com.java.SeleniumDriver] [  845] - Datavalue is----------//img[contains(@src,'bdlogo.jpg')]
[INFO ][2015-12-22 17:48:41,160][com.java.SeleniumDriver] [  869] - DataField : BTN
[INFO ][2015-12-22 17:48:41,160][com.java.SeleniumDriver] [  871] - DataValue : //img[contains(@src,'bdlogo.jpg')]
[INFO ][2015-12-22 17:48:41,160][com.java.SeleniumDriver] [  877] - <In Set values of the page>
[INFO ][2015-12-22 17:48:41,160][com.java.SeleniumDriver] [  880] - {Data Fields & Data Values Exist}
[INFO ][2015-12-22 17:48:41,160][com.java.SeleniumDriver] [  882] - --------------------------setting values-----------------------------
[INFO ][2015-12-22 17:48:41,160][com.java.SeleniumDriver] [  885] - Action Type : Verify
[INFO ][2015-12-22 17:48:41,160][com.java.TestType] [ 6946] - field= BTN value= //img[contains(@src,'bdlogo.jpg')]
[INFO ][2015-12-22 17:48:41,160][com.java.TestType] [ 5596] - value = //img[contains(@src,'bdlogo.jpg')]
[INFO ][2015-12-22 17:48:41,230][com.java.SeleniumDriver] [  894] -  RESULT true
[INFO ][2015-12-22 17:48:41,230][com.java.SeleniumDriver] [ 1100] - ?   P A S S   ?
[INFO ][2015-12-22 17:48:41,230][com.java.SeleniumDriver] [  821] - ------------------------------------------
[INFO ][2015-12-22 17:48:41,230][com.java.SeleniumDriver] [  822] - Test case being Executed: 17
[INFO ][2015-12-22 17:48:41,230][com.java.SeleniumDriver] [  833] - Test step:17
[INFO ][2015-12-22 17:48:41,230][com.java.SeleniumDriver] [  845] - Datavalue is----------close
[INFO ][2015-12-22 17:48:41,230][com.java.SeleniumDriver] [  869] - DataField : test
[INFO ][2015-12-22 17:48:41,231][com.java.SeleniumDriver] [  871] - DataValue : close
[INFO ][2015-12-22 17:48:41,231][com.java.SeleniumDriver] [  877] - <In Set values of the page>
[INFO ][2015-12-22 17:48:41,231][com.java.SeleniumDriver] [  880] - {Data Fields & Data Values Exist}
[INFO ][2015-12-22 17:48:41,231][com.java.SeleniumDriver] [  882] - --------------------------setting values-----------------------------
[INFO ][2015-12-22 17:48:41,231][com.java.SeleniumDriver] [  885] - Action Type : Logout
[INFO ][2015-12-22 17:48:43,529][com.java.TestType] [ 5975] - Field ::CNF
[INFO ][2015-12-22 17:48:43,529][com.java.TestType] [ 5596] - value = OK
[INFO ][2015-12-22 17:48:45,843][com.java.TestType] [ 6108] - Click the object confirmation
[INFO ][2015-12-22 17:48:45,843][com.java.TestType] [ 6109] - Unable to click the object confirmation
[DEBUG][2015-12-22 17:48:45,871][com.java.SeleniumDriver] [  426] - Hub ip address is-------172.17.68.34
[INFO ][2015-12-22 17:48:45,872][com.java.SeleniumDriver] [  452] - Grid URL:http://172.17.68.34:4444/wd/hub
[INFO ][2015-12-22 17:48:45,872][com.java.SeleniumDriver] [  453] - Capability:Capabilities [{platform=ANY, ensureCleanSession=true, ignoreProtectedModeSettings=true, acceptSslCerts=true, ignoreZoomSetting=true, browserName=internet explorer, browserstack.ie.noFlash=true, version=null}]
[ERROR][2015-12-22 17:48:46,874][com.java.SeleniumDriver] [  497] - Unable invoke browser in grid:Could not start a new session. Possible causes are invalid address of the remote server or browser start-up failure.
Build info: version: '2.48.2', revision: '41bccdd', time: '2015-10-09 19:59:12'
System info: host: 'FVTIII438F1D', ip: '172.17.68.34', os.name: 'Windows 7', os.arch: 'x86', os.version: '6.1', java.version: '1.7.0_55'
Driver info: driver.version: SeleniumDriver
[INFO ][2015-12-22 17:48:46,875][com.java.SeleniumDriver] [  499] - Executing on local machine
[INFO ][2015-12-22 17:48:57,223][com.java.SeleniumDriver] [  894] -  RESULT true
[INFO ][2015-12-22 17:48:57,223][com.java.SeleniumDriver] [ 1100] - ?   P A S S   ?
[INFO ][2015-12-22 17:48:57,223][com.java.SeleniumDriver] [  821] - ------------------------------------------
[INFO ][2015-12-22 17:48:57,223][com.java.SeleniumDriver] [  822] - Test case being Executed: 17
[INFO ][2015-12-22 17:48:57,223][com.java.SeleniumDriver] [  833] - Test step:18
[INFO ][2015-12-22 17:48:57,223][com.java.SeleniumDriver] [  845] - Datavalue is----------Concept#1:1-4
[INFO ][2015-12-22 17:48:57,223][com.java.SeleniumDriver] [  869] - DataField : test
[INFO ][2015-12-22 17:48:57,223][com.java.SeleniumDriver] [  871] - DataValue : Concept#1:1-4
[INFO ][2015-12-22 17:48:57,224][com.java.SeleniumDriver] [  877] - <In Set values of the page>
[INFO ][2015-12-22 17:48:57,224][com.java.SeleniumDriver] [  880] - {Data Fields & Data Values Exist}
[INFO ][2015-12-22 17:48:57,224][com.java.SeleniumDriver] [  882] - --------------------------setting values-----------------------------
[INFO ][2015-12-22 17:48:57,224][com.java.SeleniumDriver] [  885] - Action Type : ExecuteTestCase
[INFO ][2015-12-22 17:48:57,224][com.java.TestType] [  437] - The Concept sheet name is ---------- Concept
[INFO ][2015-12-22 17:48:57,224][com.java.TestType] [  440] - The Concept ID  is ---------- 1
[DEBUG][2015-12-22 17:48:57,224][com.java.TestType] [  444] - Steps being executted in the Concept are: 1:4
[INFO ][2015-12-22 17:48:57,225][com.java.TestType] [  451] - Test data details path ---------- D:\BankersDashboard\TestInputs\TestData.xls
[INFO ][2015-12-22 17:48:57,254][com.java.TestType] [  482] -  str(1) = 1
[INFO ][2015-12-22 17:48:57,255][com.java.TestType] [  485] - Test case Id is---1
[INFO ][2015-12-22 17:48:57,255][com.java.TestType] [  487] - 1
[INFO ][2015-12-22 17:48:57,255][com.java.TestType] [  482] -  str(2) = 1
[INFO ][2015-12-22 17:48:57,256][com.java.TestType] [  534] - row values are--------{1=com.java.Objects.TestDataDetails@e29d53}
[INFO ][2015-12-22 17:48:57,257][com.java.TestType] [  482] -  str(1) = 1
[INFO ][2015-12-22 17:48:57,257][com.java.TestType] [  485] - Test case Id is---1
[INFO ][2015-12-22 17:48:57,257][com.java.TestType] [  487] - 1
[INFO ][2015-12-22 17:48:57,257][com.java.TestType] [  482] -  str(2) = 2
[INFO ][2015-12-22 17:48:57,257][com.java.TestType] [  534] - row values are--------{1=com.java.Objects.TestDataDetails@e29d53, 2=com.java.Objects.TestDataDetails@1ecc727}
[INFO ][2015-12-22 17:48:57,257][com.java.TestType] [  482] -  str(1) = 1
[INFO ][2015-12-22 17:48:57,257][com.java.TestType] [  485] - Test case Id is---1
[INFO ][2015-12-22 17:48:57,258][com.java.TestType] [  487] - 1
[INFO ][2015-12-22 17:48:57,258][com.java.TestType] [  482] -  str(2) = 3
[INFO ][2015-12-22 17:48:57,258][com.java.TestType] [  534] - row values are--------{1=com.java.Objects.TestDataDetails@e29d53, 2=com.java.Objects.TestDataDetails@1ecc727, 3=com.java.Objects.TestDataDetails@cc56a6}
[INFO ][2015-12-22 17:48:57,258][com.java.TestType] [  482] -  str(1) = 1
[INFO ][2015-12-22 17:48:57,258][com.java.TestType] [  485] - Test case Id is---1
[INFO ][2015-12-22 17:48:57,258][com.java.TestType] [  487] - 1
[INFO ][2015-12-22 17:48:57,259][com.java.TestType] [  482] -  str(2) = 4
[INFO ][2015-12-22 17:48:57,259][com.java.TestType] [  534] - row values are--------{1=com.java.Objects.TestDataDetails@e29d53, 2=com.java.Objects.TestDataDetails@1ecc727, 3=com.java.Objects.TestDataDetails@cc56a6, 4=com.java.Objects.TestDataDetails@18138f9}
[INFO ][2015-12-22 17:48:57,259][com.java.TestType] [  482] -  str(1) = 1
[INFO ][2015-12-22 17:48:57,259][com.java.TestType] [  485] - Test case Id is---1
[INFO ][2015-12-22 17:48:57,259][com.java.TestType] [  487] - 1
[INFO ][2015-12-22 17:48:57,259][com.java.TestType] [  482] -  str(2) = 5
[INFO ][2015-12-22 17:48:57,260][com.java.TestType] [  534] - row values are--------{1=com.java.Objects.TestDataDetails@e29d53, 2=com.java.Objects.TestDataDetails@1ecc727, 3=com.java.Objects.TestDataDetails@cc56a6, 4=com.java.Objects.TestDataDetails@18138f9, 5=com.java.Objects.TestDataDetails@37ee4a}
[INFO ][2015-12-22 17:48:57,260][com.java.TestType] [  482] -  str(1) = 1
[INFO ][2015-12-22 17:48:57,260][com.java.TestType] [  485] - Test case Id is---1
[INFO ][2015-12-22 17:48:57,260][com.java.TestType] [  487] - 1
[INFO ][2015-12-22 17:48:57,260][com.java.TestType] [  482] -  str(2) = 6
[INFO ][2015-12-22 17:48:57,261][com.java.TestType] [  534] - row values are--------{1=com.java.Objects.TestDataDetails@e29d53, 2=com.java.Objects.TestDataDetails@1ecc727, 3=com.java.Objects.TestDataDetails@cc56a6, 4=com.java.Objects.TestDataDetails@18138f9, 5=com.java.Objects.TestDataDetails@37ee4a, 6=com.java.Objects.TestDataDetails@1799a40}
[INFO ][2015-12-22 17:48:57,261][com.java.TestType] [  482] -  str(1) = 1
[INFO ][2015-12-22 17:48:57,261][com.java.TestType] [  485] - Test case Id is---1
[INFO ][2015-12-22 17:48:57,261][com.java.TestType] [  487] - 1
[INFO ][2015-12-22 17:48:57,261][com.java.TestType] [  482] -  str(2) = 7
[INFO ][2015-12-22 17:48:57,262][com.java.TestType] [  534] - row values are--------{1=com.java.Objects.TestDataDetails@e29d53, 2=com.java.Objects.TestDataDetails@1ecc727, 3=com.java.Objects.TestDataDetails@cc56a6, 4=com.java.Objects.TestDataDetails@18138f9, 5=com.java.Objects.TestDataDetails@37ee4a, 6=com.java.Objects.TestDataDetails@1799a40, 7=com.java.Objects.TestDataDetails@e4387d}
[INFO ][2015-12-22 17:48:57,262][com.java.TestType] [  482] -  str(1) = 1
[INFO ][2015-12-22 17:48:57,263][com.java.TestType] [  485] - Test case Id is---1
[INFO ][2015-12-22 17:48:57,263][com.java.TestType] [  487] - 1
[INFO ][2015-12-22 17:48:57,263][com.java.TestType] [  482] -  str(2) = 8
[INFO ][2015-12-22 17:48:57,264][com.java.TestType] [  534] - row values are--------{1=com.java.Objects.TestDataDetails@e29d53, 2=com.java.Objects.TestDataDetails@1ecc727, 3=com.java.Objects.TestDataDetails@cc56a6, 4=com.java.Objects.TestDataDetails@18138f9, 5=com.java.Objects.TestDataDetails@37ee4a, 6=com.java.Objects.TestDataDetails@1799a40, 7=com.java.Objects.TestDataDetails@e4387d, 8=com.java.Objects.TestDataDetails@13356fc}
[INFO ][2015-12-22 17:48:57,264][com.java.TestType] [  482] -  str(1) = 1
[INFO ][2015-12-22 17:48:57,264][com.java.TestType] [  485] - Test case Id is---1
[INFO ][2015-12-22 17:48:57,264][com.java.TestType] [  487] - 1
[INFO ][2015-12-22 17:48:57,264][com.java.TestType] [  482] -  str(2) = 9
[INFO ][2015-12-22 17:48:57,264][com.java.TestType] [  534] - row values are--------{1=com.java.Objects.TestDataDetails@e29d53, 2=com.java.Objects.TestDataDetails@1ecc727, 3=com.java.Objects.TestDataDetails@cc56a6, 4=com.java.Objects.TestDataDetails@18138f9, 5=com.java.Objects.TestDataDetails@37ee4a, 6=com.java.Objects.TestDataDetails@1799a40, 7=com.java.Objects.TestDataDetails@e4387d, 8=com.java.Objects.TestDataDetails@13356fc, 9=com.java.Objects.TestDataDetails@c9f3c7}
[INFO ][2015-12-22 17:48:57,265][com.java.TestType] [  482] -  str(1) = 1
[INFO ][2015-12-22 17:48:57,265][com.java.TestType] [  485] - Test case Id is---1
[INFO ][2015-12-22 17:48:57,265][com.java.TestType] [  487] - 1
[INFO ][2015-12-22 17:48:57,265][com.java.TestType] [  482] -  str(2) = 10
[INFO ][2015-12-22 17:48:57,265][com.java.TestType] [  534] - row values are--------{1=com.java.Objects.TestDataDetails@e29d53, 2=com.java.Objects.TestDataDetails@1ecc727, 3=com.java.Objects.TestDataDetails@cc56a6, 4=com.java.Objects.TestDataDetails@18138f9, 5=com.java.Objects.TestDataDetails@37ee4a, 6=com.java.Objects.TestDataDetails@1799a40, 7=com.java.Objects.TestDataDetails@e4387d, 8=com.java.Objects.TestDataDetails@13356fc, 9=com.java.Objects.TestDataDetails@c9f3c7, 10=com.java.Objects.TestDataDetails@2885c4}
[INFO ][2015-12-22 17:48:57,266][com.java.TestType] [  482] -  str(1) = 1
[INFO ][2015-12-22 17:48:57,266][com.java.TestType] [  485] - Test case Id is---1
[INFO ][2015-12-22 17:48:57,266][com.java.TestType] [  487] - 1
[INFO ][2015-12-22 17:48:57,266][com.java.TestType] [  482] -  str(2) = 11
[INFO ][2015-12-22 17:48:57,266][com.java.TestType] [  534] - row values are--------{1=com.java.Objects.TestDataDetails@e29d53, 2=com.java.Objects.TestDataDetails@1ecc727, 3=com.java.Objects.TestDataDetails@cc56a6, 4=com.java.Objects.TestDataDetails@18138f9, 5=com.java.Objects.TestDataDetails@37ee4a, 6=com.java.Objects.TestDataDetails@1799a40, 7=com.java.Objects.TestDataDetails@e4387d, 8=com.java.Objects.TestDataDetails@13356fc, 9=com.java.Objects.TestDataDetails@c9f3c7, 10=com.java.Objects.TestDataDetails@2885c4, 11=com.java.Objects.TestDataDetails@195116f}
[INFO ][2015-12-22 17:48:57,266][com.java.TestType] [  482] -  str(1) = 1
[INFO ][2015-12-22 17:48:57,266][com.java.TestType] [  485] - Test case Id is---1
[INFO ][2015-12-22 17:48:57,267][com.java.TestType] [  487] - 1
[INFO ][2015-12-22 17:48:57,267][com.java.TestType] [  482] -  str(2) = 12
[INFO ][2015-12-22 17:48:57,267][com.java.TestType] [  534] - row values are--------{1=com.java.Objects.TestDataDetails@e29d53, 2=com.java.Objects.TestDataDetails@1ecc727, 3=com.java.Objects.TestDataDetails@cc56a6, 4=com.java.Objects.TestDataDetails@18138f9, 5=com.java.Objects.TestDataDetails@37ee4a, 6=com.java.Objects.TestDataDetails@1799a40, 7=com.java.Objects.TestDataDetails@e4387d, 8=com.java.Objects.TestDataDetails@13356fc, 9=com.java.Objects.TestDataDetails@c9f3c7, 10=com.java.Objects.TestDataDetails@2885c4, 11=com.java.Objects.TestDataDetails@195116f, 12=com.java.Objects.TestDataDetails@d5dee4}
[INFO ][2015-12-22 17:48:57,267][com.java.TestType] [  482] -  str(1) = 1
[INFO ][2015-12-22 17:48:57,267][com.java.TestType] [  485] - Test case Id is---1
[INFO ][2015-12-22 17:48:57,267][com.java.TestType] [  487] - 1
[INFO ][2015-12-22 17:48:57,267][com.java.TestType] [  482] -  str(2) = 13
[INFO ][2015-12-22 17:48:57,268][com.java.TestType] [  534] - row values are--------{1=com.java.Objects.TestDataDetails@e29d53, 2=com.java.Objects.TestDataDetails@1ecc727, 3=com.java.Objects.TestDataDetails@cc56a6, 4=com.java.Objects.TestDataDetails@18138f9, 5=com.java.Objects.TestDataDetails@37ee4a, 6=com.java.Objects.TestDataDetails@1799a40, 7=com.java.Objects.TestDataDetails@e4387d, 8=com.java.Objects.TestDataDetails@13356fc, 9=com.java.Objects.TestDataDetails@c9f3c7, 10=com.java.Objects.TestDataDetails@2885c4, 11=com.java.Objects.TestDataDetails@195116f, 12=com.java.Objects.TestDataDetails@d5dee4, 13=com.java.Objects.TestDataDetails@1fe704e}
[INFO ][2015-12-22 17:48:57,268][com.java.TestType] [  482] -  str(1) = 1
[INFO ][2015-12-22 17:48:57,268][com.java.TestType] [  485] - Test case Id is---1
[INFO ][2015-12-22 17:48:57,268][com.java.TestType] [  487] - 1
[INFO ][2015-12-22 17:48:57,268][com.java.TestType] [  482] -  str(2) = 14
[INFO ][2015-12-22 17:48:57,269][com.java.TestType] [  534] - row values are--------{1=com.java.Objects.TestDataDetails@e29d53, 2=com.java.Objects.TestDataDetails@1ecc727, 3=com.java.Objects.TestDataDetails@cc56a6, 4=com.java.Objects.TestDataDetails@18138f9, 5=com.java.Objects.TestDataDetails@37ee4a, 6=com.java.Objects.TestDataDetails@1799a40, 7=com.java.Objects.TestDataDetails@e4387d, 8=com.java.Objects.TestDataDetails@13356fc, 9=com.java.Objects.TestDataDetails@c9f3c7, 10=com.java.Objects.TestDataDetails@2885c4, 11=com.java.Objects.TestDataDetails@195116f, 12=com.java.Objects.TestDataDetails@d5dee4, 13=com.java.Objects.TestDataDetails@1fe704e, 14=com.java.Objects.TestDataDetails@53b56f}
[INFO ][2015-12-22 17:48:57,269][com.java.TestType] [  482] -  str(1) = 1
[INFO ][2015-12-22 17:48:57,269][com.java.TestType] [  485] - Test case Id is---1
[INFO ][2015-12-22 17:48:57,269][com.java.TestType] [  487] - 1
[INFO ][2015-12-22 17:48:57,269][com.java.TestType] [  482] -  str(2) = 15
[INFO ][2015-12-22 17:48:57,270][com.java.TestType] [  534] - row values are--------{1=com.java.Objects.TestDataDetails@e29d53, 2=com.java.Objects.TestDataDetails@1ecc727, 3=com.java.Objects.TestDataDetails@cc56a6, 4=com.java.Objects.TestDataDetails@18138f9, 5=com.java.Objects.TestDataDetails@37ee4a, 6=com.java.Objects.TestDataDetails@1799a40, 7=com.java.Objects.TestDataDetails@e4387d, 8=com.java.Objects.TestDataDetails@13356fc, 9=com.java.Objects.TestDataDetails@c9f3c7, 10=com.java.Objects.TestDataDetails@2885c4, 11=com.java.Objects.TestDataDetails@195116f, 12=com.java.Objects.TestDataDetails@d5dee4, 13=com.java.Objects.TestDataDetails@1fe704e, 14=com.java.Objects.TestDataDetails@53b56f, 15=com.java.Objects.TestDataDetails@b78623}
[INFO ][2015-12-22 17:48:57,270][com.java.TestType] [  482] -  str(1) = 1
[INFO ][2015-12-22 17:48:57,271][com.java.TestType] [  485] - Test case Id is---1
[INFO ][2015-12-22 17:48:57,271][com.java.TestType] [  487] - 1
[INFO ][2015-12-22 17:48:57,271][com.java.TestType] [  482] -  str(2) = 16
[INFO ][2015-12-22 17:48:57,272][com.java.TestType] [  534] - row values are--------{1=com.java.Objects.TestDataDetails@e29d53, 2=com.java.Objects.TestDataDetails@1ecc727, 3=com.java.Objects.TestDataDetails@cc56a6, 4=com.java.Objects.TestDataDetails@18138f9, 5=com.java.Objects.TestDataDetails@37ee4a, 6=com.java.Objects.TestDataDetails@1799a40, 7=com.java.Objects.TestDataDetails@e4387d, 8=com.java.Objects.TestDataDetails@13356fc, 9=com.java.Objects.TestDataDetails@c9f3c7, 10=com.java.Objects.TestDataDetails@2885c4, 11=com.java.Objects.TestDataDetails@195116f, 12=com.java.Objects.TestDataDetails@d5dee4, 13=com.java.Objects.TestDataDetails@1fe704e, 14=com.java.Objects.TestDataDetails@53b56f, 15=com.java.Objects.TestDataDetails@b78623, 16=com.java.Objects.TestDataDetails@947b27}
[INFO ][2015-12-22 17:48:57,272][com.java.TestType] [10274] - Looping 1TCID = 1
[DEBUG][2015-12-22 17:48:57,272][com.java.TestType] [10315] - Concept ID:1 :: Step being Executed: 1::1
[INFO ][2015-12-22 17:48:57,272][com.java.TestType] [10353] - dataFields : TXTusername
[DEBUG][2015-12-22 17:48:57,272][com.java.TestType] [10359] - <In Set values of the page>
[DEBUG][2015-12-22 17:48:57,272][com.java.TestType] [10364] - {Data Fields & Data Values Exist}
[INFO ][2015-12-22 17:48:57,272][com.java.TestType] [10370] - --------------------------setting values-----------------------------
[INFO ][2015-12-22 17:48:57,272][com.java.TestType] [10373] - Action Type : CLEARANDENTER
[INFO ][2015-12-22 17:48:57,273][com.java.TestType] [ 5596] - value = valuelabs.ie10.33527
[INFO ][2015-12-22 17:49:01,954][com.java.TestType] [10392] -  RESULT true
[INFO ][2015-12-22 17:49:01,954][com.java.TestType] [10509] - ?   P A S S   ?
[DEBUG][2015-12-22 17:49:01,954][com.java.TestType] [10315] - Concept ID:1 :: Step being Executed: 1::2
[INFO ][2015-12-22 17:49:01,954][com.java.TestType] [10353] - dataFields : TXTpassword
[DEBUG][2015-12-22 17:49:01,954][com.java.TestType] [10359] - <In Set values of the page>
[DEBUG][2015-12-22 17:49:01,954][com.java.TestType] [10364] - {Data Fields & Data Values Exist}
[INFO ][2015-12-22 17:49:01,954][com.java.TestType] [10370] - --------------------------setting values-----------------------------
[INFO ][2015-12-22 17:49:01,955][com.java.TestType] [10373] - Action Type : CLEARANDENTER
[INFO ][2015-12-22 17:49:01,955][com.java.TestType] [ 5596] - value = Password1*
[INFO ][2015-12-22 17:49:06,749][com.java.TestType] [10392] -  RESULT true
[INFO ][2015-12-22 17:49:06,749][com.java.TestType] [10509] - ?   P A S S   ?
[DEBUG][2015-12-22 17:49:06,750][com.java.TestType] [10315] - Concept ID:1 :: Step being Executed: 1::3
[ERROR][2015-12-22 17:49:06,750][com.java.TestType] [10348] - Exception: null
[INFO ][2015-12-22 17:49:06,750][com.java.TestType] [10353] - dataFields : XPH//button[@type='submit']
[DEBUG][2015-12-22 17:49:06,750][com.java.TestType] [10359] - <In Set values of the page>
[DEBUG][2015-12-22 17:49:06,750][com.java.TestType] [10364] - {Data Fields & Data Values Exist}
[INFO ][2015-12-22 17:49:06,750][com.java.TestType] [10370] - --------------------------setting values-----------------------------
[INFO ][2015-12-22 17:49:06,750][com.java.TestType] [10373] - Action Type : Click
[INFO ][2015-12-22 17:49:06,750][com.java.TestType] [ 5975] - Field ::XPH//button[@type='submit']
[INFO ][2015-12-22 17:49:06,750][com.java.TestType] [ 5596] - value = 
[INFO ][2015-12-22 17:49:07,750][com.java.TestType] [ 6112] - BEFORE CLICK
[INFO ][2015-12-22 17:49:08,574][com.java.TestType] [ 6120] - Unable to click the object Login
[INFO ][2015-12-22 17:49:08,574][com.java.TestType] [10392] -  RESULT true
[INFO ][2015-12-22 17:49:08,574][com.java.TestType] [10509] - ?   P A S S   ?
[DEBUG][2015-12-22 17:49:08,574][com.java.TestType] [10315] - Concept ID:1 :: Step being Executed: 1::4
[INFO ][2015-12-22 17:49:08,574][com.java.TestType] [10353] - dataFields : LNKLogout
[DEBUG][2015-12-22 17:49:08,574][com.java.TestType] [10359] - <In Set values of the page>
[DEBUG][2015-12-22 17:49:08,574][com.java.TestType] [10364] - {Data Fields & Data Values Exist}
[INFO ][2015-12-22 17:49:08,574][com.java.TestType] [10370] - --------------------------setting values-----------------------------
[INFO ][2015-12-22 17:49:08,574][com.java.TestType] [10373] - Action Type : WaitForElement
[DEBUG][2015-12-22 17:50:42,521][com.java.TestType] [ 6631] - link=Logout   :: Link not Found
[INFO ][2015-12-22 17:50:42,521][com.java.TestType] [10392] -  RESULT false
[INFO ][2015-12-22 17:50:42,521][com.java.TestType] [10430] - ?   F A I L   ?
[DEBUG][2015-12-22 17:50:42,521][com.java.TestType] [10433] - Browser Type : IE10
[INFO ][2015-12-22 17:50:42,521][com.java.TestType] [10580] - Looping End......
[INFO ][2015-12-22 17:50:42,526][com.java.SeleniumDriver] [  894] -  RESULT true
[INFO ][2015-12-22 17:50:42,526][com.java.SeleniumDriver] [ 1100] - ?   P A S S   ?
[INFO ][2015-12-22 17:50:42,526][com.java.SeleniumDriver] [  821] - ------------------------------------------
[INFO ][2015-12-22 17:50:42,526][com.java.SeleniumDriver] [  822] - Test case being Executed: 17
[INFO ][2015-12-22 17:50:42,526][com.java.SeleniumDriver] [  833] - Test step:19
[INFO ][2015-12-22 17:50:42,526][com.java.SeleniumDriver] [  845] - Datavalue is----------Banker's Dashboard
[INFO ][2015-12-22 17:50:42,526][com.java.SeleniumDriver] [  869] - DataField : TTL
[INFO ][2015-12-22 17:50:42,526][com.java.SeleniumDriver] [  871] - DataValue : Banker's Dashboard
[INFO ][2015-12-22 17:50:42,526][com.java.SeleniumDriver] [  877] - <In Set values of the page>
[INFO ][2015-12-22 17:50:42,526][com.java.SeleniumDriver] [  880] - {Data Fields & Data Values Exist}
[INFO ][2015-12-22 17:50:42,526][com.java.SeleniumDriver] [  882] - --------------------------setting values-----------------------------
[INFO ][2015-12-22 17:50:42,526][com.java.SeleniumDriver] [  885] - Action Type : SelectWindow
[INFO ][2015-12-22 17:50:55,143][com.java.SeleniumDriver] [  894] -  RESULT true
[INFO ][2015-12-22 17:50:55,143][com.java.SeleniumDriver] [ 1100] - ?   P A S S   ?
[INFO ][2015-12-22 17:50:55,143][com.java.SeleniumDriver] [  821] - ------------------------------------------
[INFO ][2015-12-22 17:50:55,143][com.java.SeleniumDriver] [  822] - Test case being Executed: 17
[INFO ][2015-12-22 17:50:55,144][com.java.SeleniumDriver] [  833] - Test step:20
[INFO ][2015-12-22 17:50:55,144][com.java.SeleniumDriver] [  845] - Datavalue is----------20
[INFO ][2015-12-22 17:50:55,145][com.java.SeleniumDriver] [  869] - DataField : test
[INFO ][2015-12-22 17:50:55,145][com.java.SeleniumDriver] [  871] - DataValue : 20
[INFO ][2015-12-22 17:50:55,146][com.java.SeleniumDriver] [  877] - <In Set values of the page>
[INFO ][2015-12-22 17:50:55,146][com.java.SeleniumDriver] [  880] - {Data Fields & Data Values Exist}
[INFO ][2015-12-22 17:50:55,146][com.java.SeleniumDriver] [  882] - --------------------------setting values-----------------------------
[INFO ][2015-12-22 17:50:55,146][com.java.SeleniumDriver] [  885] - Action Type : WaitTime
[DEBUG][2015-12-22 17:50:55,146][com.java.TestType] [ 5416] - sleepTime: 20000
[INFO ][2015-12-22 17:51:15,147][com.java.SeleniumDriver] [  894] -  RESULT true
[INFO ][2015-12-22 17:51:15,147][com.java.SeleniumDriver] [ 1100] - ?   P A S S   ?
[INFO ][2015-12-22 17:51:15,147][com.java.SeleniumDriver] [  821] - ------------------------------------------
[INFO ][2015-12-22 17:51:15,147][com.java.SeleniumDriver] [  822] - Test case being Executed: 17
[INFO ][2015-12-22 17:51:15,147][com.java.SeleniumDriver] [  833] - Test step:21
[INFO ][2015-12-22 17:51:15,147][com.java.SeleniumDriver] [  845] - Datavalue is----------appurl
[INFO ][2015-12-22 17:51:15,147][com.java.SeleniumDriver] [  869] - DataField : test
[INFO ][2015-12-22 17:51:15,147][com.java.SeleniumDriver] [  871] - DataValue : https://clients-xuat.bankersdashboard.com
[INFO ][2015-12-22 17:51:15,147][com.java.SeleniumDriver] [  877] - <In Set values of the page>
[INFO ][2015-12-22 17:51:15,147][com.java.SeleniumDriver] [  880] - {Data Fields & Data Values Exist}
[INFO ][2015-12-22 17:51:15,147][com.java.SeleniumDriver] [  882] - --------------------------setting values-----------------------------
[INFO ][2015-12-22 17:51:15,147][com.java.SeleniumDriver] [  885] - Action Type : OPENURL
[INFO ][2015-12-22 17:51:15,148][com.java.TestType] [ 5596] - value = https://clients-xuat.bankersdashboard.com
[INFO ][2015-12-22 17:51:15,148][com.java.TestType] [  353] - Open URL : https://clients-xuat.bankersdashboard.com
[INFO ][2015-12-22 17:51:22,751][com.java.SeleniumDriver] [  894] -  RESULT true
[INFO ][2015-12-22 17:51:22,751][com.java.SeleniumDriver] [ 1100] - ?   P A S S   ?
[INFO ][2015-12-22 17:51:22,751][com.java.SeleniumDriver] [  821] - ------------------------------------------
[INFO ][2015-12-22 17:51:22,751][com.java.SeleniumDriver] [  822] - Test case being Executed: 17
[INFO ][2015-12-22 17:51:22,751][com.java.SeleniumDriver] [  833] - Test step:22
[INFO ][2015-12-22 17:51:22,751][com.java.SeleniumDriver] [  845] - Datavalue is----------Concept#1:9-16
[INFO ][2015-12-22 17:51:22,752][com.java.SeleniumDriver] [  869] - DataField : test
[INFO ][2015-12-22 17:51:22,752][com.java.SeleniumDriver] [  871] - DataValue : Concept#1:9-16
[INFO ][2015-12-22 17:51:22,752][com.java.SeleniumDriver] [  877] - <In Set values of the page>
[INFO ][2015-12-22 17:51:22,752][com.java.SeleniumDriver] [  880] - {Data Fields & Data Values Exist}
[INFO ][2015-12-22 17:51:22,752][com.java.SeleniumDriver] [  882] - --------------------------setting values-----------------------------
[INFO ][2015-12-22 17:51:22,752][com.java.SeleniumDriver] [  885] - Action Type : ExecuteTestCase
[INFO ][2015-12-22 17:51:22,752][com.java.TestType] [  437] - The Concept sheet name is ---------- Concept
[INFO ][2015-12-22 17:51:22,752][com.java.TestType] [  440] - The Concept ID  is ---------- 1
[DEBUG][2015-12-22 17:51:22,752][com.java.TestType] [  444] - Steps being executted in the Concept are: 9:16
[INFO ][2015-12-22 17:51:22,752][com.java.TestType] [  451] - Test data details path ---------- D:\BankersDashboard\TestInputs\TestData.xls
[INFO ][2015-12-22 17:51:22,782][com.java.TestType] [  482] -  str(1) = 1
[INFO ][2015-12-22 17:51:22,782][com.java.TestType] [  485] - Test case Id is---1
[INFO ][2015-12-22 17:51:22,783][com.java.TestType] [  487] - 1
[INFO ][2015-12-22 17:51:22,783][com.java.TestType] [  482] -  str(2) = 1
[INFO ][2015-12-22 17:51:22,784][com.java.TestType] [  534] - row values are--------{1=com.java.Objects.TestDataDetails@196b220}
[INFO ][2015-12-22 17:51:22,785][com.java.TestType] [  482] -  str(1) = 1
[INFO ][2015-12-22 17:51:22,785][com.java.TestType] [  485] - Test case Id is---1
[INFO ][2015-12-22 17:51:22,785][com.java.TestType] [  487] - 1
[INFO ][2015-12-22 17:51:22,785][com.java.TestType] [  482] -  str(2) = 2
[INFO ][2015-12-22 17:51:22,786][com.java.TestType] [  534] - row values are--------{1=com.java.Objects.TestDataDetails@196b220, 2=com.java.Objects.TestDataDetails@179c7f7}
[INFO ][2015-12-22 17:51:22,786][com.java.TestType] [  482] -  str(1) = 1
[INFO ][2015-12-22 17:51:22,786][com.java.TestType] [  485] - Test case Id is---1
[INFO ][2015-12-22 17:51:22,786][com.java.TestType] [  487] - 1
[INFO ][2015-12-22 17:51:22,786][com.java.TestType] [  482] -  str(2) = 3
[INFO ][2015-12-22 17:51:22,787][com.java.TestType] [  534] - row values are--------{1=com.java.Objects.TestDataDetails@196b220, 2=com.java.Objects.TestDataDetails@179c7f7, 3=com.java.Objects.TestDataDetails@1bd3d6c}
[INFO ][2015-12-22 17:51:22,787][com.java.TestType] [  482] -  str(1) = 1
[INFO ][2015-12-22 17:51:22,787][com.java.TestType] [  485] - Test case Id is---1
[INFO ][2015-12-22 17:51:22,787][com.java.TestType] [  487] - 1
[INFO ][2015-12-22 17:51:22,787][com.java.TestType] [  482] -  str(2) = 4
[INFO ][2015-12-22 17:51:22,788][com.java.TestType] [  534] - row values are--------{1=com.java.Objects.TestDataDetails@196b220, 2=com.java.Objects.TestDataDetails@179c7f7, 3=com.java.Objects.TestDataDetails@1bd3d6c, 4=com.java.Objects.TestDataDetails@12555ab}
[INFO ][2015-12-22 17:51:22,788][com.java.TestType] [  482] -  str(1) = 1
[INFO ][2015-12-22 17:51:22,788][com.java.TestType] [  485] - Test case Id is---1
[INFO ][2015-12-22 17:51:22,788][com.java.TestType] [  487] - 1
[INFO ][2015-12-22 17:51:22,788][com.java.TestType] [  482] -  str(2) = 5
[INFO ][2015-12-22 17:51:22,789][com.java.TestType] [  534] - row values are--------{1=com.java.Objects.TestDataDetails@196b220, 2=com.java.Objects.TestDataDetails@179c7f7, 3=com.java.Objects.TestDataDetails@1bd3d6c, 4=com.java.Objects.TestDataDetails@12555ab, 5=com.java.Objects.TestDataDetails@94bc86}
[INFO ][2015-12-22 17:51:22,789][com.java.TestType] [  482] -  str(1) = 1
[INFO ][2015-12-22 17:51:22,789][com.java.TestType] [  485] - Test case Id is---1
[INFO ][2015-12-22 17:51:22,789][com.java.TestType] [  487] - 1
[INFO ][2015-12-22 17:51:22,789][com.java.TestType] [  482] -  str(2) = 6
[INFO ][2015-12-22 17:51:22,790][com.java.TestType] [  534] - row values are--------{1=com.java.Objects.TestDataDetails@196b220, 2=com.java.Objects.TestDataDetails@179c7f7, 3=com.java.Objects.TestDataDetails@1bd3d6c, 4=com.java.Objects.TestDataDetails@12555ab, 5=com.java.Objects.TestDataDetails@94bc86, 6=com.java.Objects.TestDataDetails@155b589}
[INFO ][2015-12-22 17:51:22,790][com.java.TestType] [  482] -  str(1) = 1
[INFO ][2015-12-22 17:51:22,790][com.java.TestType] [  485] - Test case Id is---1
[INFO ][2015-12-22 17:51:22,790][com.java.TestType] [  487] - 1
[INFO ][2015-12-22 17:51:22,790][com.java.TestType] [  482] -  str(2) = 7
[INFO ][2015-12-22 17:51:22,791][com.java.TestType] [  534] - row values are--------{1=com.java.Objects.TestDataDetails@196b220, 2=com.java.Objects.TestDataDetails@179c7f7, 3=com.java.Objects.TestDataDetails@1bd3d6c, 4=com.java.Objects.TestDataDetails@12555ab, 5=com.java.Objects.TestDataDetails@94bc86, 6=com.java.Objects.TestDataDetails@155b589, 7=com.java.Objects.TestDataDetails@123330e}
[INFO ][2015-12-22 17:51:22,791][com.java.TestType] [  482] -  str(1) = 1
[INFO ][2015-12-22 17:51:22,791][com.java.TestType] [  485] - Test case Id is---1
[INFO ][2015-12-22 17:51:22,791][com.java.TestType] [  487] - 1
[INFO ][2015-12-22 17:51:22,791][com.java.TestType] [  482] -  str(2) = 8
[INFO ][2015-12-22 17:51:22,792][com.java.TestType] [  534] - row values are--------{1=com.java.Objects.TestDataDetails@196b220, 2=com.java.Objects.TestDataDetails@179c7f7, 3=com.java.Objects.TestDataDetails@1bd3d6c, 4=com.java.Objects.TestDataDetails@12555ab, 5=com.java.Objects.TestDataDetails@94bc86, 6=com.java.Objects.TestDataDetails@155b589, 7=com.java.Objects.TestDataDetails@123330e, 8=com.java.Objects.TestDataDetails@31a39a}
[INFO ][2015-12-22 17:51:22,792][com.java.TestType] [  482] -  str(1) = 1
[INFO ][2015-12-22 17:51:22,792][com.java.TestType] [  485] - Test case Id is---1
[INFO ][2015-12-22 17:51:22,792][com.java.TestType] [  487] - 1
[INFO ][2015-12-22 17:51:22,792][com.java.TestType] [  482] -  str(2) = 9
[INFO ][2015-12-22 17:51:22,793][com.java.TestType] [  534] - row values are--------{1=com.java.Objects.TestDataDetails@196b220, 2=com.java.Objects.TestDataDetails@179c7f7, 3=com.java.Objects.TestDataDetails@1bd3d6c, 4=com.java.Objects.TestDataDetails@12555ab, 5=com.java.Objects.TestDataDetails@94bc86, 6=com.java.Objects.TestDataDetails@155b589, 7=com.java.Objects.TestDataDetails@123330e, 8=com.java.Objects.TestDataDetails@31a39a, 9=com.java.Objects.TestDataDetails@180406e}
[INFO ][2015-12-22 17:51:22,793][com.java.TestType] [  482] -  str(1) = 1
[INFO ][2015-12-22 17:51:22,793][com.java.TestType] [  485] - Test case Id is---1
[INFO ][2015-12-22 17:51:22,793][com.java.TestType] [  487] - 1
[INFO ][2015-12-22 17:51:22,793][com.java.TestType] [  482] -  str(2) = 10
[INFO ][2015-12-22 17:51:22,794][com.java.TestType] [  534] - row values are--------{1=com.java.Objects.TestDataDetails@196b220, 2=com.java.Objects.TestDataDetails@179c7f7, 3=com.java.Objects.TestDataDetails@1bd3d6c, 4=com.java.Objects.TestDataDetails@12555ab, 5=com.java.Objects.TestDataDetails@94bc86, 6=com.java.Objects.TestDataDetails@155b589, 7=com.java.Objects.TestDataDetails@123330e, 8=com.java.Objects.TestDataDetails@31a39a, 9=com.java.Objects.TestDataDetails@180406e, 10=com.java.Objects.TestDataDetails@675cf4}
[INFO ][2015-12-22 17:51:22,794][com.java.TestType] [  482] -  str(1) = 1
[INFO ][2015-12-22 17:51:22,794][com.java.TestType] [  485] - Test case Id is---1
[INFO ][2015-12-22 17:51:22,794][com.java.TestType] [  487] - 1
[INFO ][2015-12-22 17:51:22,794][com.java.TestType] [  482] -  str(2) = 11
[INFO ][2015-12-22 17:51:22,795][com.java.TestType] [  534] - row values are--------{1=com.java.Objects.TestDataDetails@196b220, 2=com.java.Objects.TestDataDetails@179c7f7, 3=com.java.Objects.TestDataDetails@1bd3d6c, 4=com.java.Objects.TestDataDetails@12555ab, 5=com.java.Objects.TestDataDetails@94bc86, 6=com.java.Objects.TestDataDetails@155b589, 7=com.java.Objects.TestDataDetails@123330e, 8=com.java.Objects.TestDataDetails@31a39a, 9=com.java.Objects.TestDataDetails@180406e, 10=com.java.Objects.TestDataDetails@675cf4, 11=com.java.Objects.TestDataDetails@a9b5f4}
[INFO ][2015-12-22 17:51:22,795][com.java.TestType] [  482] -  str(1) = 1
[INFO ][2015-12-22 17:51:22,795][com.java.TestType] [  485] - Test case Id is---1
[INFO ][2015-12-22 17:51:22,795][com.java.TestType] [  487] - 1
[INFO ][2015-12-22 17:51:22,795][com.java.TestType] [  482] -  str(2) = 12
[INFO ][2015-12-22 17:51:22,796][com.java.TestType] [  534] - row values are--------{1=com.java.Objects.TestDataDetails@196b220, 2=com.java.Objects.TestDataDetails@179c7f7, 3=com.java.Objects.TestDataDetails@1bd3d6c, 4=com.java.Objects.TestDataDetails@12555ab, 5=com.java.Objects.TestDataDetails@94bc86, 6=com.java.Objects.TestDataDetails@155b589, 7=com.java.Objects.TestDataDetails@123330e, 8=com.java.Objects.TestDataDetails@31a39a, 9=com.java.Objects.TestDataDetails@180406e, 10=com.java.Objects.TestDataDetails@675cf4, 11=com.java.Objects.TestDataDetails@a9b5f4, 12=com.java.Objects.TestDataDetails@7944d5}
[INFO ][2015-12-22 17:51:22,796][com.java.TestType] [  482] -  str(1) = 1
[INFO ][2015-12-22 17:51:22,796][com.java.TestType] [  485] - Test case Id is---1
[INFO ][2015-12-22 17:51:22,796][com.java.TestType] [  487] - 1
[INFO ][2015-12-22 17:51:22,796][com.java.TestType] [  482] -  str(2) = 13
[INFO ][2015-12-22 17:51:22,797][com.java.TestType] [  534] - row values are--------{1=com.java.Objects.TestDataDetails@196b220, 2=com.java.Objects.TestDataDetails@179c7f7, 3=com.java.Objects.TestDataDetails@1bd3d6c, 4=com.java.Objects.TestDataDetails@12555ab, 5=com.java.Objects.TestDataDetails@94bc86, 6=com.java.Objects.TestDataDetails@155b589, 7=com.java.Objects.TestDataDetails@123330e, 8=com.java.Objects.TestDataDetails@31a39a, 9=com.java.Objects.TestDataDetails@180406e, 10=com.java.Objects.TestDataDetails@675cf4, 11=com.java.Objects.TestDataDetails@a9b5f4, 12=com.java.Objects.TestDataDetails@7944d5, 13=com.java.Objects.TestDataDetails@a7552}
[INFO ][2015-12-22 17:51:22,797][com.java.TestType] [  482] -  str(1) = 1
[INFO ][2015-12-22 17:51:22,797][com.java.TestType] [  485] - Test case Id is---1
[INFO ][2015-12-22 17:51:22,797][com.java.TestType] [  487] - 1
[INFO ][2015-12-22 17:51:22,797][com.java.TestType] [  482] -  str(2) = 14
[INFO ][2015-12-22 17:51:22,798][com.java.TestType] [  534] - row values are--------{1=com.java.Objects.TestDataDetails@196b220, 2=com.java.Objects.TestDataDetails@179c7f7, 3=com.java.Objects.TestDataDetails@1bd3d6c, 4=com.java.Objects.TestDataDetails@12555ab, 5=com.java.Objects.TestDataDetails@94bc86, 6=com.java.Objects.TestDataDetails@155b589, 7=com.java.Objects.TestDataDetails@123330e, 8=com.java.Objects.TestDataDetails@31a39a, 9=com.java.Objects.TestDataDetails@180406e, 10=com.java.Objects.TestDataDetails@675cf4, 11=com.java.Objects.TestDataDetails@a9b5f4, 12=com.java.Objects.TestDataDetails@7944d5, 13=com.java.Objects.TestDataDetails@a7552, 14=com.java.Objects.TestDataDetails@1430f4e}
[INFO ][2015-12-22 17:51:22,798][com.java.TestType] [  482] -  str(1) = 1
[INFO ][2015-12-22 17:51:22,798][com.java.TestType] [  485] - Test case Id is---1
[INFO ][2015-12-22 17:51:22,798][com.java.TestType] [  487] - 1
[INFO ][2015-12-22 17:51:22,798][com.java.TestType] [  482] -  str(2) = 15
[INFO ][2015-12-22 17:51:22,799][com.java.TestType] [  534] - row values are--------{1=com.java.Objects.TestDataDetails@196b220, 2=com.java.Objects.TestDataDetails@179c7f7, 3=com.java.Objects.TestDataDetails@1bd3d6c, 4=com.java.Objects.TestDataDetails@12555ab, 5=com.java.Objects.TestDataDetails@94bc86, 6=com.java.Objects.TestDataDetails@155b589, 7=com.java.Objects.TestDataDetails@123330e, 8=com.java.Objects.TestDataDetails@31a39a, 9=com.java.Objects.TestDataDetails@180406e, 10=com.java.Objects.TestDataDetails@675cf4, 11=com.java.Objects.TestDataDetails@a9b5f4, 12=com.java.Objects.TestDataDetails@7944d5, 13=com.java.Objects.TestDataDetails@a7552, 14=com.java.Objects.TestDataDetails@1430f4e, 15=com.java.Objects.TestDataDetails@12ce62e}
[INFO ][2015-12-22 17:51:22,799][com.java.TestType] [  482] -  str(1) = 1
[INFO ][2015-12-22 17:51:22,799][com.java.TestType] [  485] - Test case Id is---1
[INFO ][2015-12-22 17:51:22,799][com.java.TestType] [  487] - 1
[INFO ][2015-12-22 17:51:22,799][com.java.TestType] [  482] -  str(2) = 16
[INFO ][2015-12-22 17:51:22,800][com.java.TestType] [  534] - row values are--------{1=com.java.Objects.TestDataDetails@196b220, 2=com.java.Objects.TestDataDetails@179c7f7, 3=com.java.Objects.TestDataDetails@1bd3d6c, 4=com.java.Objects.TestDataDetails@12555ab, 5=com.java.Objects.TestDataDetails@94bc86, 6=com.java.Objects.TestDataDetails@155b589, 7=com.java.Objects.TestDataDetails@123330e, 8=com.java.Objects.TestDataDetails@31a39a, 9=com.java.Objects.TestDataDetails@180406e, 10=com.java.Objects.TestDataDetails@675cf4, 11=com.java.Objects.TestDataDetails@a9b5f4, 12=com.java.Objects.TestDataDetails@7944d5, 13=com.java.Objects.TestDataDetails@a7552, 14=com.java.Objects.TestDataDetails@1430f4e, 15=com.java.Objects.TestDataDetails@12ce62e, 16=com.java.Objects.TestDataDetails@162fd41}
[INFO ][2015-12-22 17:51:22,800][com.java.TestType] [10274] - Looping 1TCID = 1
[DEBUG][2015-12-22 17:51:22,800][com.java.TestType] [10315] - Concept ID:1 :: Step being Executed: 1::9
[ERROR][2015-12-22 17:51:22,800][com.java.TestType] [10348] - Exception: null
[INFO ][2015-12-22 17:51:22,800][com.java.TestType] [10353] - dataFields : //span[@class='icon-cog2']&&//a[@data-id="UserSettings"]
[DEBUG][2015-12-22 17:51:22,800][com.java.TestType] [10359] - <In Set values of the page>
[DEBUG][2015-12-22 17:51:22,800][com.java.TestType] [10364] - {Data Fields & Data Values Exist}
[INFO ][2015-12-22 17:51:22,801][com.java.TestType] [10370] - --------------------------setting values-----------------------------
[INFO ][2015-12-22 17:51:22,801][com.java.TestType] [10373] - Action Type : MouseOver
[INFO ][2015-12-22 17:51:45,849][com.java.TestType] [10392] -  RESULT true
[INFO ][2015-12-22 17:51:45,849][com.java.TestType] [10509] - ?   P A S S   ?
[DEBUG][2015-12-22 17:51:45,849][com.java.TestType] [10315] - Concept ID:1 :: Step being Executed: 1::10
[INFO ][2015-12-22 17:51:45,849][com.java.TestType] [10353] - dataFields : BTNframeDialogContent
[DEBUG][2015-12-22 17:51:45,849][com.java.TestType] [10359] - <In Set values of the page>
[DEBUG][2015-12-22 17:51:45,849][com.java.TestType] [10364] - {Data Fields & Data Values Exist}
[INFO ][2015-12-22 17:51:45,849][com.java.TestType] [10370] - --------------------------setting values-----------------------------
[INFO ][2015-12-22 17:51:45,849][com.java.TestType] [10373] - Action Type : WaitForElement
[INFO ][2015-12-22 17:51:47,065][com.java.TestType] [10392] -  RESULT true
[INFO ][2015-12-22 17:51:47,065][com.java.TestType] [10509] - ?   P A S S   ?
[DEBUG][2015-12-22 17:51:47,065][com.java.TestType] [10315] - Concept ID:1 :: Step being Executed: 1::11
[INFO ][2015-12-22 17:51:47,065][com.java.TestType] [10353] - dataFields : BTN
[DEBUG][2015-12-22 17:51:47,066][com.java.TestType] [10359] - <In Set values of the page>
[DEBUG][2015-12-22 17:51:47,066][com.java.TestType] [10364] - {Data Fields & Data Values Exist}
[INFO ][2015-12-22 17:51:47,066][com.java.TestType] [10370] - --------------------------setting values-----------------------------
[INFO ][2015-12-22 17:51:47,066][com.java.TestType] [10373] - Action Type : SELECTFRAMEBYNAME
[INFO ][2015-12-22 17:51:47,066][com.java.TestType] [ 5596] - value = frameDialogContent
[INFO ][2015-12-22 17:51:47,138][com.java.TestType] [10392] -  RESULT true
[INFO ][2015-12-22 17:51:47,138][com.java.TestType] [10509] - ?   P A S S   ?
[DEBUG][2015-12-22 17:51:47,138][com.java.TestType] [10315] - Concept ID:1 :: Step being Executed: 1::12
[INFO ][2015-12-22 17:51:47,139][com.java.TestType] [10353] - dataFields : SLBddlOpenBDInNewWindow
[DEBUG][2015-12-22 17:51:47,139][com.java.TestType] [10359] - <In Set values of the page>
[DEBUG][2015-12-22 17:51:47,139][com.java.TestType] [10364] - {Data Fields & Data Values Exist}
[INFO ][2015-12-22 17:51:47,139][com.java.TestType] [10370] - --------------------------setting values-----------------------------
[INFO ][2015-12-22 17:51:47,140][com.java.TestType] [10373] - Action Type : Select
[INFO ][2015-12-22 17:51:47,140][com.java.TestType] [ 5596] - value = No
[INFO ][2015-12-22 17:51:49,477][com.java.TestType] [10392] -  RESULT true
[INFO ][2015-12-22 17:51:49,477][com.java.TestType] [10509] - ?   P A S S   ?
[DEBUG][2015-12-22 17:51:49,478][com.java.TestType] [10315] - Concept ID:1 :: Step being Executed: 1::13
[ERROR][2015-12-22 17:51:49,478][com.java.TestType] [10348] - Exception: null
[INFO ][2015-12-22 17:51:49,478][com.java.TestType] [10353] - dataFields : BTNparent
[DEBUG][2015-12-22 17:51:49,478][com.java.TestType] [10359] - <In Set values of the page>
[DEBUG][2015-12-22 17:51:49,478][com.java.TestType] [10364] - {Data Fields & Data Values Exist}
[INFO ][2015-12-22 17:51:49,478][com.java.TestType] [10370] - --------------------------setting values-----------------------------
[INFO ][2015-12-22 17:51:49,478][com.java.TestType] [10373] - Action Type : SELECTFRAME
[INFO ][2015-12-22 17:51:49,504][com.java.TestType] [10392] -  RESULT true
[INFO ][2015-12-22 17:51:49,504][com.java.TestType] [10509] - ?   P A S S   ?
[DEBUG][2015-12-22 17:51:49,504][com.java.TestType] [10315] - Concept ID:1 :: Step being Executed: 1::14
[ERROR][2015-12-22 17:51:49,504][com.java.TestType] [10348] - Exception: null
[INFO ][2015-12-22 17:51:49,504][com.java.TestType] [10353] - dataFields : BTN//span[text()='Finished']
[DEBUG][2015-12-22 17:51:49,504][com.java.TestType] [10359] - <In Set values of the page>
[DEBUG][2015-12-22 17:51:49,504][com.java.TestType] [10364] - {Data Fields & Data Values Exist}
[INFO ][2015-12-22 17:51:49,505][com.java.TestType] [10370] - --------------------------setting values-----------------------------
[INFO ][2015-12-22 17:51:49,505][com.java.TestType] [10373] - Action Type : Click
[INFO ][2015-12-22 17:51:49,505][com.java.TestType] [ 5975] - Field ::BTN//span[text()='Finished']
[INFO ][2015-12-22 17:51:49,505][com.java.TestType] [ 5596] - value = 
[INFO ][2015-12-22 17:51:50,505][com.java.TestType] [ 6091] - BEFORE CLICK
[INFO ][2015-12-22 17:51:50,807][com.java.TestType] [ 6098] - Unable to click the object Finished button
[INFO ][2015-12-22 17:51:50,807][com.java.TestType] [10392] -  RESULT true
[INFO ][2015-12-22 17:51:50,807][com.java.TestType] [10509] - ?   P A S S   ?
[DEBUG][2015-12-22 17:51:50,807][com.java.TestType] [10315] - Concept ID:1 :: Step being Executed: 1::15
[INFO ][2015-12-22 17:51:50,807][com.java.TestType] [10353] - dataFields : LNK
[DEBUG][2015-12-22 17:51:50,807][com.java.TestType] [10359] - <In Set values of the page>
[DEBUG][2015-12-22 17:51:50,807][com.java.TestType] [10364] - {Data Fields & Data Values Exist}
[INFO ][2015-12-22 17:51:50,808][com.java.TestType] [10370] - --------------------------setting values-----------------------------
[INFO ][2015-12-22 17:51:50,808][com.java.TestType] [10373] - Action Type : Verify
[INFO ][2015-12-22 17:51:50,808][com.java.TestType] [ 6946] - field= LNK value= Logout
[INFO ][2015-12-22 17:51:50,808][com.java.TestType] [ 5596] - value = Logout
[INFO ][2015-12-22 17:51:50,885][com.java.TestType] [10392] -  RESULT true
[INFO ][2015-12-22 17:51:50,885][com.java.TestType] [10509] - ?   P A S S   ?
[DEBUG][2015-12-22 17:51:50,885][com.java.TestType] [10315] - Concept ID:1 :: Step being Executed: 1::16
[INFO ][2015-12-22 17:51:50,885][com.java.TestType] [10353] - dataFields : BTN
[DEBUG][2015-12-22 17:51:50,885][com.java.TestType] [10359] - <In Set values of the page>
[DEBUG][2015-12-22 17:51:50,885][com.java.TestType] [10364] - {Data Fields & Data Values Exist}
[INFO ][2015-12-22 17:51:50,886][com.java.TestType] [10370] - --------------------------setting values-----------------------------
[INFO ][2015-12-22 17:51:50,886][com.java.TestType] [10373] - Action Type : Verify
[INFO ][2015-12-22 17:51:50,886][com.java.TestType] [ 6946] - field= BTN value= //img[contains(@src,'bdlogo.jpg')]
[INFO ][2015-12-22 17:51:50,886][com.java.TestType] [ 5596] - value = //img[contains(@src,'bdlogo.jpg')]
[INFO ][2015-12-22 17:51:50,946][com.java.TestType] [10392] -  RESULT true
[INFO ][2015-12-22 17:51:50,946][com.java.TestType] [10509] - ?   P A S S   ?
[INFO ][2015-12-22 17:51:50,946][com.java.TestType] [10580] - Looping End......
[INFO ][2015-12-22 17:51:50,950][com.java.SeleniumDriver] [  894] -  RESULT true
[INFO ][2015-12-22 17:51:50,950][com.java.SeleniumDriver] [ 1100] - ?   P A S S   ?
[INFO ][2015-12-22 17:51:50,950][com.java.SeleniumDriver] [  821] - ------------------------------------------
[INFO ][2015-12-22 17:51:50,950][com.java.SeleniumDriver] [  822] - Test case being Executed: 17
[INFO ][2015-12-22 17:51:50,950][com.java.SeleniumDriver] [  833] - Test step:23
[INFO ][2015-12-22 17:51:50,950][com.java.SeleniumDriver] [  845] - Datavalue is----------close
[INFO ][2015-12-22 17:51:50,950][com.java.SeleniumDriver] [  869] - DataField : test
[INFO ][2015-12-22 17:51:50,950][com.java.SeleniumDriver] [  871] - DataValue : close
[INFO ][2015-12-22 17:51:50,952][com.java.SeleniumDriver] [  877] - <In Set values of the page>
[INFO ][2015-12-22 17:51:50,952][com.java.SeleniumDriver] [  880] - {Data Fields & Data Values Exist}
[INFO ][2015-12-22 17:51:50,952][com.java.SeleniumDriver] [  882] - --------------------------setting values-----------------------------
[INFO ][2015-12-22 17:51:50,952][com.java.SeleniumDriver] [  885] - Action Type : Logout
[INFO ][2015-12-22 17:51:53,811][com.java.TestType] [ 5975] - Field ::CNF
[INFO ][2015-12-22 17:51:53,811][com.java.TestType] [ 5596] - value = OK
[ERROR][2015-12-22 17:51:54,827][com.java.TestType] [ 6286] - Exception in click:: Unable to get browser (WARNING: The server did not provide any stacktrace information)
Command duration or timeout: 15 milliseconds
Build info: version: '2.48.2', revision: '41bccdd', time: '2015-10-09 19:59:12'
System info: host: 'FVTIII438F1D', ip: '172.17.68.34', os.name: 'Windows 7', os.arch: 'x86', os.version: '6.1', java.version: '1.7.0_55'
Session ID: 13c3885b-3878-41e2-803e-d03877f37c4d
Driver info: org.openqa.selenium.ie.InternetExplorerDriver
Capabilities [{platform=WINDOWS, javascriptEnabled=true, elementScrollBehavior=0, ignoreZoomSetting=false, enablePersistentHover=true, ie.ensureCleanSession=false, browserName=internet explorer, enableElementCacheCleanup=true, unexpectedAlertBehaviour=dismiss, version=10, ie.usePerProcessProxy=false, ignoreProtectedModeSettings=true, cssSelectorsEnabled=true, requireWindowFocus=false, initialBrowserUrl=http://localhost:45224/, handlesAlerts=true, ie.forceCreateProcessApi=false, nativeEvents=true, browserAttachTimeout=0, ie.browserCommandLineSwitches=, takesScreenshot=true}]
[INFO ][2015-12-22 17:51:54,828][com.java.TestType] [ 6290] - Element :::: not found
[DEBUG][2015-12-22 17:51:54,844][com.java.SeleniumDriver] [  426] - Hub ip address is-------172.17.68.34
[INFO ][2015-12-22 17:51:54,844][com.java.SeleniumDriver] [  452] - Grid URL:http://172.17.68.34:4444/wd/hub
[INFO ][2015-12-22 17:51:54,844][com.java.SeleniumDriver] [  453] - Capability:Capabilities [{platform=ANY, ensureCleanSession=true, ignoreProtectedModeSettings=true, acceptSslCerts=true, ignoreZoomSetting=true, browserName=internet explorer, browserstack.ie.noFlash=true, version=null}]
[ERROR][2015-12-22 17:51:55,866][com.java.SeleniumDriver] [  497] - Unable invoke browser in grid:Could not start a new session. Possible causes are invalid address of the remote server or browser start-up failure.
Build info: version: '2.48.2', revision: '41bccdd', time: '2015-10-09 19:59:12'
System info: host: 'FVTIII438F1D', ip: '172.17.68.34', os.name: 'Windows 7', os.arch: 'x86', os.version: '6.1', java.version: '1.7.0_55'
Driver info: driver.version: SeleniumDriver
[INFO ][2015-12-22 17:51:55,866][com.java.SeleniumDriver] [  499] - Executing on local machine
[INFO ][2015-12-22 17:52:06,313][com.java.SeleniumDriver] [  894] -  RESULT true
[INFO ][2015-12-22 17:52:06,313][com.java.SeleniumDriver] [ 1100] - ?   P A S S   ?
[INFO ][2015-12-22 17:52:06,313][com.java.SeleniumDriver] [  821] - ------------------------------------------
[INFO ][2015-12-22 17:52:06,313][com.java.SeleniumDriver] [  822] - Test case being Executed: 17
[INFO ][2015-12-22 17:52:06,313][com.java.SeleniumDriver] [  833] - Test step:24
[INFO ][2015-12-22 17:52:06,313][com.java.SeleniumDriver] [  845] - Datavalue is----------10
[INFO ][2015-12-22 17:52:06,313][com.java.SeleniumDriver] [  869] - DataField : LNKLogout
[INFO ][2015-12-22 17:52:06,313][com.java.SeleniumDriver] [  871] - DataValue : 10
[INFO ][2015-12-22 17:52:06,313][com.java.SeleniumDriver] [  877] - <In Set values of the page>
[INFO ][2015-12-22 17:52:06,313][com.java.SeleniumDriver] [  880] - {Data Fields & Data Values Exist}
[INFO ][2015-12-22 17:52:06,314][com.java.SeleniumDriver] [  882] - --------------------------setting values-----------------------------
[INFO ][2015-12-22 17:52:06,314][com.java.SeleniumDriver] [  885] - Action Type : WaitTime
[DEBUG][2015-12-22 17:52:06,314][com.java.TestType] [ 5416] - sleepTime: 10000
[INFO ][2015-12-22 17:52:16,315][com.java.SeleniumDriver] [  894] -  RESULT true
[INFO ][2015-12-22 17:52:16,315][com.java.SeleniumDriver] [ 1100] - ?   P A S S   ?
[INFO ][2015-12-22 17:52:16,315][com.java.SeleniumDriver] [  821] - ------------------------------------------
[INFO ][2015-12-22 17:52:16,315][com.java.SeleniumDriver] [  822] - Test case being Executed: 17
[INFO ][2015-12-22 17:52:16,315][com.java.SeleniumDriver] [  833] - Test step:25
[INFO ][2015-12-22 17:52:16,315][com.java.SeleniumDriver] [  845] - Datavalue is----------null
[DEBUG][2015-12-22 17:52:16,315][com.java.SeleniumDriver] [  863] - Exception: null
[INFO ][2015-12-22 17:52:16,315][com.java.SeleniumDriver] [  869] - DataField : CHK//div[@id="loginbox"]//input[@ng-click='vm.rememberMe()']
[INFO ][2015-12-22 17:52:16,315][com.java.SeleniumDriver] [  871] - DataValue : 
[INFO ][2015-12-22 17:52:16,315][com.java.SeleniumDriver] [  877] - <In Set values of the page>
[INFO ][2015-12-22 17:52:16,315][com.java.SeleniumDriver] [  880] - {Data Fields & Data Values Exist}
[INFO ][2015-12-22 17:52:16,315][com.java.SeleniumDriver] [  882] - --------------------------setting values-----------------------------
[INFO ][2015-12-22 17:52:16,316][com.java.SeleniumDriver] [  885] - Action Type : Check
[INFO ][2015-12-22 17:52:17,484][com.java.SeleniumDriver] [  894] -  RESULT true
[INFO ][2015-12-22 17:52:17,484][com.java.SeleniumDriver] [ 1100] - ?   P A S S   ?
[INFO ][2015-12-22 17:52:17,484][com.java.SeleniumDriver] [  821] - ------------------------------------------
[INFO ][2015-12-22 17:52:17,484][com.java.SeleniumDriver] [  822] - Test case being Executed: 17
[INFO ][2015-12-22 17:52:17,484][com.java.SeleniumDriver] [  833] - Test step:26
[INFO ][2015-12-22 17:52:17,484][com.java.SeleniumDriver] [  845] - Datavalue is----------Concept#1:2-4
[INFO ][2015-12-22 17:52:17,484][com.java.SeleniumDriver] [  869] - DataField : test
[INFO ][2015-12-22 17:52:17,484][com.java.SeleniumDriver] [  871] - DataValue : Concept#1:2-4
[INFO ][2015-12-22 17:52:17,484][com.java.SeleniumDriver] [  877] - <In Set values of the page>
[INFO ][2015-12-22 17:52:17,484][com.java.SeleniumDriver] [  880] - {Data Fields & Data Values Exist}
[INFO ][2015-12-22 17:52:17,484][com.java.SeleniumDriver] [  882] - --------------------------setting values-----------------------------
[INFO ][2015-12-22 17:52:17,484][com.java.SeleniumDriver] [  885] - Action Type : ExecuteTestCase
[INFO ][2015-12-22 17:52:17,485][com.java.TestType] [  437] - The Concept sheet name is ---------- Concept
[INFO ][2015-12-22 17:52:17,485][com.java.TestType] [  440] - The Concept ID  is ---------- 1
[DEBUG][2015-12-22 17:52:17,485][com.java.TestType] [  444] - Steps being executted in the Concept are: 2:4
[INFO ][2015-12-22 17:52:17,485][com.java.TestType] [  451] - Test data details path ---------- D:\BankersDashboard\TestInputs\TestData.xls
[INFO ][2015-12-22 17:52:17,515][com.java.TestType] [  482] -  str(1) = 1
[INFO ][2015-12-22 17:52:17,515][com.java.TestType] [  485] - Test case Id is---1
[INFO ][2015-12-22 17:52:17,515][com.java.TestType] [  487] - 1
[INFO ][2015-12-22 17:52:17,515][com.java.TestType] [  482] -  str(2) = 1
[INFO ][2015-12-22 17:52:17,517][com.java.TestType] [  534] - row values are--------{1=com.java.Objects.TestDataDetails@1f5d079}
[INFO ][2015-12-22 17:52:17,517][com.java.TestType] [  482] -  str(1) = 1
[INFO ][2015-12-22 17:52:17,517][com.java.TestType] [  485] - Test case Id is---1
[INFO ][2015-12-22 17:52:17,517][com.java.TestType] [  487] - 1
[INFO ][2015-12-22 17:52:17,517][com.java.TestType] [  482] -  str(2) = 2
[INFO ][2015-12-22 17:52:17,518][com.java.TestType] [  534] - row values are--------{1=com.java.Objects.TestDataDetails@1f5d079, 2=com.java.Objects.TestDataDetails@136db31}
[INFO ][2015-12-22 17:52:17,518][com.java.TestType] [  482] -  str(1) = 1
[INFO ][2015-12-22 17:52:17,518][com.java.TestType] [  485] - Test case Id is---1
[INFO ][2015-12-22 17:52:17,518][com.java.TestType] [  487] - 1
[INFO ][2015-12-22 17:52:17,518][com.java.TestType] [  482] -  str(2) = 3
[INFO ][2015-12-22 17:52:17,519][com.java.TestType] [  534] - row values are--------{1=com.java.Objects.TestDataDetails@1f5d079, 2=com.java.Objects.TestDataDetails@136db31, 3=com.java.Objects.TestDataDetails@17ea427}
[INFO ][2015-12-22 17:52:17,519][com.java.TestType] [  482] -  str(1) = 1
[INFO ][2015-12-22 17:52:17,519][com.java.TestType] [  485] - Test case Id is---1
[INFO ][2015-12-22 17:52:17,519][com.java.TestType] [  487] - 1
[INFO ][2015-12-22 17:52:17,519][com.java.TestType] [  482] -  str(2) = 4
[INFO ][2015-12-22 17:52:17,519][com.java.TestType] [  534] - row values are--------{1=com.java.Objects.TestDataDetails@1f5d079, 2=com.java.Objects.TestDataDetails@136db31, 3=com.java.Objects.TestDataDetails@17ea427, 4=com.java.Objects.TestDataDetails@88d825}
[INFO ][2015-12-22 17:52:17,520][com.java.TestType] [  482] -  str(1) = 1
[INFO ][2015-12-22 17:52:17,520][com.java.TestType] [  485] - Test case Id is---1
[INFO ][2015-12-22 17:52:17,520][com.java.TestType] [  487] - 1
[INFO ][2015-12-22 17:52:17,520][com.java.TestType] [  482] -  str(2) = 5
[INFO ][2015-12-22 17:52:17,520][com.java.TestType] [  534] - row values are--------{1=com.java.Objects.TestDataDetails@1f5d079, 2=com.java.Objects.TestDataDetails@136db31, 3=com.java.Objects.TestDataDetails@17ea427, 4=com.java.Objects.TestDataDetails@88d825, 5=com.java.Objects.TestDataDetails@c5831e}
[INFO ][2015-12-22 17:52:17,521][com.java.TestType] [  482] -  str(1) = 1
[INFO ][2015-12-22 17:52:17,521][com.java.TestType] [  485] - Test case Id is---1
[INFO ][2015-12-22 17:52:17,521][com.java.TestType] [  487] - 1
[INFO ][2015-12-22 17:52:17,521][com.java.TestType] [  482] -  str(2) = 6
[INFO ][2015-12-22 17:52:17,521][com.java.TestType] [  534] - row values are--------{1=com.java.Objects.TestDataDetails@1f5d079, 2=com.java.Objects.TestDataDetails@136db31, 3=com.java.Objects.TestDataDetails@17ea427, 4=com.java.Objects.TestDataDetails@88d825, 5=com.java.Objects.TestDataDetails@c5831e, 6=com.java.Objects.TestDataDetails@1b8deec}
[INFO ][2015-12-22 17:52:17,521][com.java.TestType] [  482] -  str(1) = 1
[INFO ][2015-12-22 17:52:17,522][com.java.TestType] [  485] - Test case Id is---1
[INFO ][2015-12-22 17:52:17,522][com.java.TestType] [  487] - 1
[INFO ][2015-12-22 17:52:17,522][com.java.TestType] [  482] -  str(2) = 7
[INFO ][2015-12-22 17:52:17,523][com.java.TestType] [  534] - row values are--------{1=com.java.Objects.TestDataDetails@1f5d079, 2=com.java.Objects.TestDataDetails@136db31, 3=com.java.Objects.TestDataDetails@17ea427, 4=com.java.Objects.TestDataDetails@88d825, 5=com.java.Objects.TestDataDetails@c5831e, 6=com.java.Objects.TestDataDetails@1b8deec, 7=com.java.Objects.TestDataDetails@476275}
[INFO ][2015-12-22 17:52:17,523][com.java.TestType] [  482] -  str(1) = 1
[INFO ][2015-12-22 17:52:17,523][com.java.TestType] [  485] - Test case Id is---1
[INFO ][2015-12-22 17:52:17,523][com.java.TestType] [  487] - 1
[INFO ][2015-12-22 17:52:17,523][com.java.TestType] [  482] -  str(2) = 8
[INFO ][2015-12-22 17:52:17,524][com.java.TestType] [  534] - row values are--------{1=com.java.Objects.TestDataDetails@1f5d079, 2=com.java.Objects.TestDataDetails@136db31, 3=com.java.Objects.TestDataDetails@17ea427, 4=com.java.Objects.TestDataDetails@88d825, 5=com.java.Objects.TestDataDetails@c5831e, 6=com.java.Objects.TestDataDetails@1b8deec, 7=com.java.Objects.TestDataDetails@476275, 8=com.java.Objects.TestDataDetails@1bdee69}
[INFO ][2015-12-22 17:52:17,524][com.java.TestType] [  482] -  str(1) = 1
[INFO ][2015-12-22 17:52:17,524][com.java.TestType] [  485] - Test case Id is---1
[INFO ][2015-12-22 17:52:17,524][com.java.TestType] [  487] - 1
[INFO ][2015-12-22 17:52:17,524][com.java.TestType] [  482] -  str(2) = 9
[INFO ][2015-12-22 17:52:17,525][com.java.TestType] [  534] - row values are--------{1=com.java.Objects.TestDataDetails@1f5d079, 2=com.java.Objects.TestDataDetails@136db31, 3=com.java.Objects.TestDataDetails@17ea427, 4=com.java.Objects.TestDataDetails@88d825, 5=com.java.Objects.TestDataDetails@c5831e, 6=com.java.Objects.TestDataDetails@1b8deec, 7=com.java.Objects.TestDataDetails@476275, 8=com.java.Objects.TestDataDetails@1bdee69, 9=com.java.Objects.TestDataDetails@1f421e5}
[INFO ][2015-12-22 17:52:17,525][com.java.TestType] [  482] -  str(1) = 1
[INFO ][2015-12-22 17:52:17,525][com.java.TestType] [  485] - Test case Id is---1
[INFO ][2015-12-22 17:52:17,525][com.java.TestType] [  487] - 1
[INFO ][2015-12-22 17:52:17,525][com.java.TestType] [  482] -  str(2) = 10
[INFO ][2015-12-22 17:52:17,526][com.java.TestType] [  534] - row values are--------{1=com.java.Objects.TestDataDetails@1f5d079, 2=com.java.Objects.TestDataDetails@136db31, 3=com.java.Objects.TestDataDetails@17ea427, 4=com.java.Objects.TestDataDetails@88d825, 5=com.java.Objects.TestDataDetails@c5831e, 6=com.java.Objects.TestDataDetails@1b8deec, 7=com.java.Objects.TestDataDetails@476275, 8=com.java.Objects.TestDataDetails@1bdee69, 9=com.java.Objects.TestDataDetails@1f421e5, 10=com.java.Objects.TestDataDetails@73bf08}
[INFO ][2015-12-22 17:52:17,526][com.java.TestType] [  482] -  str(1) = 1
[INFO ][2015-12-22 17:52:17,526][com.java.TestType] [  485] - Test case Id is---1
[INFO ][2015-12-22 17:52:17,526][com.java.TestType] [  487] - 1
[INFO ][2015-12-22 17:52:17,526][com.java.TestType] [  482] -  str(2) = 11
[INFO ][2015-12-22 17:52:17,527][com.java.TestType] [  534] - row values are--------{1=com.java.Objects.TestDataDetails@1f5d079, 2=com.java.Objects.TestDataDetails@136db31, 3=com.java.Objects.TestDataDetails@17ea427, 4=com.java.Objects.TestDataDetails@88d825, 5=com.java.Objects.TestDataDetails@c5831e, 6=com.java.Objects.TestDataDetails@1b8deec, 7=com.java.Objects.TestDataDetails@476275, 8=com.java.Objects.TestDataDetails@1bdee69, 9=com.java.Objects.TestDataDetails@1f421e5, 10=com.java.Objects.TestDataDetails@73bf08, 11=com.java.Objects.TestDataDetails@1364a89}
[INFO ][2015-12-22 17:52:17,527][com.java.TestType] [  482] -  str(1) = 1
[INFO ][2015-12-22 17:52:17,527][com.java.TestType] [  485] - Test case Id is---1
[INFO ][2015-12-22 17:52:17,527][com.java.TestType] [  487] - 1
[INFO ][2015-12-22 17:52:17,527][com.java.TestType] [  482] -  str(2) = 12
[INFO ][2015-12-22 17:52:17,528][com.java.TestType] [  534] - row values are--------{1=com.java.Objects.TestDataDetails@1f5d079, 2=com.java.Objects.TestDataDetails@136db31, 3=com.java.Objects.TestDataDetails@17ea427, 4=com.java.Objects.TestDataDetails@88d825, 5=com.java.Objects.TestDataDetails@c5831e, 6=com.java.Objects.TestDataDetails@1b8deec, 7=com.java.Objects.TestDataDetails@476275, 8=com.java.Objects.TestDataDetails@1bdee69, 9=com.java.Objects.TestDataDetails@1f421e5, 10=com.java.Objects.TestDataDetails@73bf08, 11=com.java.Objects.TestDataDetails@1364a89, 12=com.java.Objects.TestDataDetails@15cd5f3}
[INFO ][2015-12-22 17:52:17,528][com.java.TestType] [  482] -  str(1) = 1
[INFO ][2015-12-22 17:52:17,528][com.java.TestType] [  485] - Test case Id is---1
[INFO ][2015-12-22 17:52:17,528][com.java.TestType] [  487] - 1
[INFO ][2015-12-22 17:52:17,528][com.java.TestType] [  482] -  str(2) = 13
[INFO ][2015-12-22 17:52:17,529][com.java.TestType] [  534] - row values are--------{1=com.java.Objects.TestDataDetails@1f5d079, 2=com.java.Objects.TestDataDetails@136db31, 3=com.java.Objects.TestDataDetails@17ea427, 4=com.java.Objects.TestDataDetails@88d825, 5=com.java.Objects.TestDataDetails@c5831e, 6=com.java.Objects.TestDataDetails@1b8deec, 7=com.java.Objects.TestDataDetails@476275, 8=com.java.Objects.TestDataDetails@1bdee69, 9=com.java.Objects.TestDataDetails@1f421e5, 10=com.java.Objects.TestDataDetails@73bf08, 11=com.java.Objects.TestDataDetails@1364a89, 12=com.java.Objects.TestDataDetails@15cd5f3, 13=com.java.Objects.TestDataDetails@17c0716}
[INFO ][2015-12-22 17:52:17,529][com.java.TestType] [  482] -  str(1) = 1
[INFO ][2015-12-22 17:52:17,529][com.java.TestType] [  485] - Test case Id is---1
[INFO ][2015-12-22 17:52:17,529][com.java.TestType] [  487] - 1
[INFO ][2015-12-22 17:52:17,529][com.java.TestType] [  482] -  str(2) = 14
[INFO ][2015-12-22 17:52:17,530][com.java.TestType] [  534] - row values are--------{1=com.java.Objects.TestDataDetails@1f5d079, 2=com.java.Objects.TestDataDetails@136db31, 3=com.java.Objects.TestDataDetails@17ea427, 4=com.java.Objects.TestDataDetails@88d825, 5=com.java.Objects.TestDataDetails@c5831e, 6=com.java.Objects.TestDataDetails@1b8deec, 7=com.java.Objects.TestDataDetails@476275, 8=com.java.Objects.TestDataDetails@1bdee69, 9=com.java.Objects.TestDataDetails@1f421e5, 10=com.java.Objects.TestDataDetails@73bf08, 11=com.java.Objects.TestDataDetails@1364a89, 12=com.java.Objects.TestDataDetails@15cd5f3, 13=com.java.Objects.TestDataDetails@17c0716, 14=com.java.Objects.TestDataDetails@661f99}
[INFO ][2015-12-22 17:52:17,530][com.java.TestType] [  482] -  str(1) = 1
[INFO ][2015-12-22 17:52:17,531][com.java.TestType] [  485] - Test case Id is---1
[INFO ][2015-12-22 17:52:17,531][com.java.TestType] [  487] - 1
[INFO ][2015-12-22 17:52:17,531][com.java.TestType] [  482] -  str(2) = 15
[INFO ][2015-12-22 17:52:17,531][com.java.TestType] [  534] - row values are--------{1=com.java.Objects.TestDataDetails@1f5d079, 2=com.java.Objects.TestDataDetails@136db31, 3=com.java.Objects.TestDataDetails@17ea427, 4=com.java.Objects.TestDataDetails@88d825, 5=com.java.Objects.TestDataDetails@c5831e, 6=com.java.Objects.TestDataDetails@1b8deec, 7=com.java.Objects.TestDataDetails@476275, 8=com.java.Objects.TestDataDetails@1bdee69, 9=com.java.Objects.TestDataDetails@1f421e5, 10=com.java.Objects.TestDataDetails@73bf08, 11=com.java.Objects.TestDataDetails@1364a89, 12=com.java.Objects.TestDataDetails@15cd5f3, 13=com.java.Objects.TestDataDetails@17c0716, 14=com.java.Objects.TestDataDetails@661f99, 15=com.java.Objects.TestDataDetails@85eff7}
[INFO ][2015-12-22 17:52:17,531][com.java.TestType] [  482] -  str(1) = 1
[INFO ][2015-12-22 17:52:17,532][com.java.TestType] [  485] - Test case Id is---1
[INFO ][2015-12-22 17:52:17,532][com.java.TestType] [  487] - 1
[INFO ][2015-12-22 17:52:17,532][com.java.TestType] [  482] -  str(2) = 16
[INFO ][2015-12-22 17:52:17,532][com.java.TestType] [  534] - row values are--------{1=com.java.Objects.TestDataDetails@1f5d079, 2=com.java.Objects.TestDataDetails@136db31, 3=com.java.Objects.TestDataDetails@17ea427, 4=com.java.Objects.TestDataDetails@88d825, 5=com.java.Objects.TestDataDetails@c5831e, 6=com.java.Objects.TestDataDetails@1b8deec, 7=com.java.Objects.TestDataDetails@476275, 8=com.java.Objects.TestDataDetails@1bdee69, 9=com.java.Objects.TestDataDetails@1f421e5, 10=com.java.Objects.TestDataDetails@73bf08, 11=com.java.Objects.TestDataDetails@1364a89, 12=com.java.Objects.TestDataDetails@15cd5f3, 13=com.java.Objects.TestDataDetails@17c0716, 14=com.java.Objects.TestDataDetails@661f99, 15=com.java.Objects.TestDataDetails@85eff7, 16=com.java.Objects.TestDataDetails@d786ca}
[INFO ][2015-12-22 17:52:17,532][com.java.TestType] [10274] - Looping 1TCID = 1
[DEBUG][2015-12-22 17:52:17,532][com.java.TestType] [10315] - Concept ID:1 :: Step being Executed: 1::2
[INFO ][2015-12-22 17:52:17,533][com.java.TestType] [10353] - dataFields : TXTpassword
[DEBUG][2015-12-22 17:52:17,533][com.java.TestType] [10359] - <In Set values of the page>
[DEBUG][2015-12-22 17:52:17,533][com.java.TestType] [10364] - {Data Fields & Data Values Exist}
[INFO ][2015-12-22 17:52:17,533][com.java.TestType] [10370] - --------------------------setting values-----------------------------
[INFO ][2015-12-22 17:52:17,533][com.java.TestType] [10373] - Action Type : CLEARANDENTER
[INFO ][2015-12-22 17:52:17,533][com.java.TestType] [ 5596] - value = Password1*
[INFO ][2015-12-22 17:52:22,341][com.java.TestType] [10392] -  RESULT true
[INFO ][2015-12-22 17:52:22,341][com.java.TestType] [10509] - ?   P A S S   ?
[DEBUG][2015-12-22 17:52:22,341][com.java.TestType] [10315] - Concept ID:1 :: Step being Executed: 1::3
[ERROR][2015-12-22 17:52:22,341][com.java.TestType] [10348] - Exception: null
[INFO ][2015-12-22 17:52:22,341][com.java.TestType] [10353] - dataFields : XPH//button[@type='submit']
[DEBUG][2015-12-22 17:52:22,341][com.java.TestType] [10359] - <In Set values of the page>
[DEBUG][2015-12-22 17:52:22,341][com.java.TestType] [10364] - {Data Fields & Data Values Exist}
[INFO ][2015-12-22 17:52:22,341][com.java.TestType] [10370] - --------------------------setting values-----------------------------
[INFO ][2015-12-22 17:52:22,342][com.java.TestType] [10373] - Action Type : Click
[INFO ][2015-12-22 17:52:22,342][com.java.TestType] [ 5975] - Field ::XPH//button[@type='submit']
[INFO ][2015-12-22 17:52:22,342][com.java.TestType] [ 5596] - value = 
[INFO ][2015-12-22 17:52:23,342][com.java.TestType] [ 6112] - BEFORE CLICK
[INFO ][2015-12-22 17:52:24,173][com.java.TestType] [ 6120] - Unable to click the object Login
[INFO ][2015-12-22 17:52:24,173][com.java.TestType] [10392] -  RESULT true
[INFO ][2015-12-22 17:52:24,173][com.java.TestType] [10509] - ?   P A S S   ?
[DEBUG][2015-12-22 17:52:24,173][com.java.TestType] [10315] - Concept ID:1 :: Step being Executed: 1::4
[INFO ][2015-12-22 17:52:24,173][com.java.TestType] [10353] - dataFields : LNKLogout
[DEBUG][2015-12-22 17:52:24,173][com.java.TestType] [10359] - <In Set values of the page>
[DEBUG][2015-12-22 17:52:24,173][com.java.TestType] [10364] - {Data Fields & Data Values Exist}
[INFO ][2015-12-22 17:52:24,173][com.java.TestType] [10370] - --------------------------setting values-----------------------------
[INFO ][2015-12-22 17:52:24,173][com.java.TestType] [10373] - Action Type : WaitForElement
[INFO ][2015-12-22 17:52:27,714][com.java.TestType] [10392] -  RESULT true
[INFO ][2015-12-22 17:52:27,715][com.java.TestType] [10509] - ?   P A S S   ?
[INFO ][2015-12-22 17:52:27,715][com.java.TestType] [10580] - Looping End......
[INFO ][2015-12-22 17:52:27,719][com.java.SeleniumDriver] [  894] -  RESULT true
[INFO ][2015-12-22 17:52:27,719][com.java.SeleniumDriver] [ 1100] - ?   P A S S   ?
[INFO ][2015-12-22 17:52:27,719][com.java.SeleniumDriver] [  821] - ------------------------------------------
[INFO ][2015-12-22 17:52:27,719][com.java.SeleniumDriver] [  822] - Test case being Executed: 17
[INFO ][2015-12-22 17:52:27,719][com.java.SeleniumDriver] [  833] - Test step:27
[INFO ][2015-12-22 17:52:27,719][com.java.SeleniumDriver] [  845] - Datavalue is----------10
[INFO ][2015-12-22 17:52:27,719][com.java.SeleniumDriver] [  869] - DataField : LNKLogout
[INFO ][2015-12-22 17:52:27,719][com.java.SeleniumDriver] [  871] - DataValue : 10
[INFO ][2015-12-22 17:52:27,719][com.java.SeleniumDriver] [  877] - <In Set values of the page>
[INFO ][2015-12-22 17:52:27,719][com.java.SeleniumDriver] [  880] - {Data Fields & Data Values Exist}
[INFO ][2015-12-22 17:52:27,719][com.java.SeleniumDriver] [  882] - --------------------------setting values-----------------------------
[INFO ][2015-12-22 17:52:27,719][com.java.SeleniumDriver] [  885] - Action Type : WaitTime
[DEBUG][2015-12-22 17:52:27,720][com.java.TestType] [ 5416] - sleepTime: 10000
[INFO ][2015-12-22 17:52:37,721][com.java.SeleniumDriver] [  894] -  RESULT true
[INFO ][2015-12-22 17:52:37,721][com.java.SeleniumDriver] [ 1100] - ?   P A S S   ?
[INFO ][2015-12-22 17:52:37,721][com.java.SeleniumDriver] [  821] - ------------------------------------------
[INFO ][2015-12-22 17:52:37,721][com.java.SeleniumDriver] [  822] - Test case being Executed: 17
[INFO ][2015-12-22 17:52:37,721][com.java.SeleniumDriver] [  833] - Test step:28
[INFO ][2015-12-22 17:52:37,721][com.java.SeleniumDriver] [  845] - Datavalue is----------Banker's Dashboard
[INFO ][2015-12-22 17:52:37,721][com.java.SeleniumDriver] [  869] - DataField : TTL
[INFO ][2015-12-22 17:52:37,721][com.java.SeleniumDriver] [  871] - DataValue : Banker's Dashboard
[INFO ][2015-12-22 17:52:37,721][com.java.SeleniumDriver] [  877] - <In Set values of the page>
[INFO ][2015-12-22 17:52:37,721][com.java.SeleniumDriver] [  880] - {Data Fields & Data Values Exist}
[INFO ][2015-12-22 17:52:37,721][com.java.SeleniumDriver] [  882] - --------------------------setting values-----------------------------
[INFO ][2015-12-22 17:52:37,721][com.java.SeleniumDriver] [  885] - Action Type : SelectWindow
[INFO ][2015-12-22 17:52:49,909][com.java.SeleniumDriver] [  894] -  RESULT true
[INFO ][2015-12-22 17:52:49,910][com.java.SeleniumDriver] [ 1100] - ?   P A S S   ?
[INFO ][2015-12-22 17:52:49,910][com.java.SeleniumDriver] [  821] - ------------------------------------------
[INFO ][2015-12-22 17:52:49,911][com.java.SeleniumDriver] [  822] - Test case being Executed: 17
[INFO ][2015-12-22 17:52:49,911][com.java.SeleniumDriver] [  833] - Test step:29
[INFO ][2015-12-22 17:52:49,911][com.java.SeleniumDriver] [  845] - Datavalue is----------test
[INFO ][2015-12-22 17:52:49,911][com.java.SeleniumDriver] [  869] - DataField : test
[INFO ][2015-12-22 17:52:49,911][com.java.SeleniumDriver] [  871] - DataValue : test
[INFO ][2015-12-22 17:52:49,911][com.java.SeleniumDriver] [  877] - <In Set values of the page>
[INFO ][2015-12-22 17:52:49,911][com.java.SeleniumDriver] [  880] - {Data Fields & Data Values Exist}
[INFO ][2015-12-22 17:52:49,911][com.java.SeleniumDriver] [  882] - --------------------------setting values-----------------------------
[INFO ][2015-12-22 17:52:49,911][com.java.SeleniumDriver] [  885] - Action Type : CLEARBROWSERCACHE
[INFO ][2015-12-22 17:52:54,994][com.java.SeleniumDriver] [  894] -  RESULT true
[INFO ][2015-12-22 17:52:54,994][com.java.SeleniumDriver] [ 1100] - ?   P A S S   ?
[INFO ][2015-12-22 17:52:54,994][com.java.SeleniumDriver] [  821] - ------------------------------------------
[INFO ][2015-12-22 17:52:54,994][com.java.SeleniumDriver] [  822] - Test case being Executed: 17
[INFO ][2015-12-22 17:52:54,994][com.java.SeleniumDriver] [  833] - Test step:30
[INFO ][2015-12-22 17:52:54,994][com.java.SeleniumDriver] [  845] - Datavalue is----------close
[INFO ][2015-12-22 17:52:54,994][com.java.SeleniumDriver] [  869] - DataField : test
[INFO ][2015-12-22 17:52:54,994][com.java.SeleniumDriver] [  871] - DataValue : close
[INFO ][2015-12-22 17:52:54,994][com.java.SeleniumDriver] [  877] - <In Set values of the page>
[INFO ][2015-12-22 17:52:54,994][com.java.SeleniumDriver] [  880] - {Data Fields & Data Values Exist}
[INFO ][2015-12-22 17:52:54,994][com.java.SeleniumDriver] [  882] - --------------------------setting values-----------------------------
[INFO ][2015-12-22 17:52:54,994][com.java.SeleniumDriver] [  885] - Action Type : Logout
[INFO ][2015-12-22 17:52:57,307][com.java.TestType] [ 5975] - Field ::CNF
[INFO ][2015-12-22 17:52:57,307][com.java.TestType] [ 5596] - value = OK
[INFO ][2015-12-22 17:52:59,624][com.java.TestType] [ 6108] - Click the object confirmation
[INFO ][2015-12-22 17:52:59,624][com.java.TestType] [ 6109] - Unable to click the object confirmation
[DEBUG][2015-12-22 17:52:59,652][com.java.SeleniumDriver] [  426] - Hub ip address is-------172.17.68.34
[INFO ][2015-12-22 17:52:59,652][com.java.SeleniumDriver] [  452] - Grid URL:http://172.17.68.34:4444/wd/hub
[INFO ][2015-12-22 17:52:59,653][com.java.SeleniumDriver] [  453] - Capability:Capabilities [{platform=ANY, ensureCleanSession=true, ignoreProtectedModeSettings=true, acceptSslCerts=true, ignoreZoomSetting=true, browserName=internet explorer, browserstack.ie.noFlash=true, version=null}]
[ERROR][2015-12-22 17:53:00,656][com.java.SeleniumDriver] [  497] - Unable invoke browser in grid:Could not start a new session. Possible causes are invalid address of the remote server or browser start-up failure.
Build info: version: '2.48.2', revision: '41bccdd', time: '2015-10-09 19:59:12'
System info: host: 'FVTIII438F1D', ip: '172.17.68.34', os.name: 'Windows 7', os.arch: 'x86', os.version: '6.1', java.version: '1.7.0_55'
Driver info: driver.version: SeleniumDriver
[INFO ][2015-12-22 17:53:00,656][com.java.SeleniumDriver] [  499] - Executing on local machine
[INFO ][2015-12-22 17:53:11,178][com.java.SeleniumDriver] [  894] -  RESULT true
[INFO ][2015-12-22 17:53:11,178][com.java.SeleniumDriver] [ 1100] - ?   P A S S   ?
[INFO ][2015-12-22 17:53:11,178][com.java.SeleniumDriver] [  821] - ------------------------------------------
[INFO ][2015-12-22 17:53:11,178][com.java.SeleniumDriver] [  822] - Test case being Executed: 17
[INFO ][2015-12-22 17:53:11,178][com.java.SeleniumDriver] [  833] - Test step:31
[INFO ][2015-12-22 17:53:11,178][com.java.SeleniumDriver] [  845] - Datavalue is----------//input[@ng-model="vm.rememberUsername"]
[INFO ][2015-12-22 17:53:11,178][com.java.SeleniumDriver] [  869] - DataField : SLT
[INFO ][2015-12-22 17:53:11,178][com.java.SeleniumDriver] [  871] - DataValue : //input[@ng-model="vm.rememberUsername"]
[INFO ][2015-12-22 17:53:11,178][com.java.SeleniumDriver] [  877] - <In Set values of the page>
[INFO ][2015-12-22 17:53:11,178][com.java.SeleniumDriver] [  880] - {Data Fields & Data Values Exist}
[INFO ][2015-12-22 17:53:11,178][com.java.SeleniumDriver] [  882] - --------------------------setting values-----------------------------
[INFO ][2015-12-22 17:53:11,178][com.java.SeleniumDriver] [  885] - Action Type : Verify
[INFO ][2015-12-22 17:53:11,178][com.java.TestType] [ 6946] - field= SLT value= //input[@ng-model="vm.rememberUsername"]
[INFO ][2015-12-22 17:53:11,179][com.java.TestType] [ 5596] - value = //input[@ng-model="vm.rememberUsername"]
[INFO ][2015-12-22 17:53:11,275][com.java.SeleniumDriver] [  894] -  RESULT true
[INFO ][2015-12-22 17:53:11,275][com.java.SeleniumDriver] [ 1100] - ?   P A S S   ?
[INFO ][2015-12-22 17:53:11,276][com.java.SeleniumDriver] [  821] - ------------------------------------------
[INFO ][2015-12-22 17:53:11,276][com.java.SeleniumDriver] [  822] - Test case being Executed: 17
[INFO ][2015-12-22 17:53:11,276][com.java.SeleniumDriver] [  833] - Test step:32
[INFO ][2015-12-22 17:53:11,276][com.java.SeleniumDriver] [  845] - Datavalue is----------Concept#1:1-16
[INFO ][2015-12-22 17:53:11,276][com.java.SeleniumDriver] [  869] - DataField : test
[INFO ][2015-12-22 17:53:11,276][com.java.SeleniumDriver] [  871] - DataValue : Concept#1:1-16
[INFO ][2015-12-22 17:53:11,276][com.java.SeleniumDriver] [  877] - <In Set values of the page>
[INFO ][2015-12-22 17:53:11,276][com.java.SeleniumDriver] [  880] - {Data Fields & Data Values Exist}
[INFO ][2015-12-22 17:53:11,276][com.java.SeleniumDriver] [  882] - --------------------------setting values-----------------------------
[INFO ][2015-12-22 17:53:11,276][com.java.SeleniumDriver] [  885] - Action Type : ExecuteTestCase
[INFO ][2015-12-22 17:53:11,276][com.java.TestType] [  437] - The Concept sheet name is ---------- Concept
[INFO ][2015-12-22 17:53:11,276][com.java.TestType] [  440] - The Concept ID  is ---------- 1
[DEBUG][2015-12-22 17:53:11,277][com.java.TestType] [  444] - Steps being executted in the Concept are: 1:16
[INFO ][2015-12-22 17:53:11,277][com.java.TestType] [  451] - Test data details path ---------- D:\BankersDashboard\TestInputs\TestData.xls
[INFO ][2015-12-22 17:53:11,311][com.java.TestType] [  482] -  str(1) = 1
[INFO ][2015-12-22 17:53:11,311][com.java.TestType] [  485] - Test case Id is---1
[INFO ][2015-12-22 17:53:11,311][com.java.TestType] [  487] - 1
[INFO ][2015-12-22 17:53:11,311][com.java.TestType] [  482] -  str(2) = 1
[INFO ][2015-12-22 17:53:11,313][com.java.TestType] [  534] - row values are--------{1=com.java.Objects.TestDataDetails@1577944}
[INFO ][2015-12-22 17:53:11,313][com.java.TestType] [  482] -  str(1) = 1
[INFO ][2015-12-22 17:53:11,313][com.java.TestType] [  485] - Test case Id is---1
[INFO ][2015-12-22 17:53:11,313][com.java.TestType] [  487] - 1
[INFO ][2015-12-22 17:53:11,314][com.java.TestType] [  482] -  str(2) = 2
[INFO ][2015-12-22 17:53:11,314][com.java.TestType] [  534] - row values are--------{1=com.java.Objects.TestDataDetails@1577944, 2=com.java.Objects.TestDataDetails@708781}
[INFO ][2015-12-22 17:53:11,314][com.java.TestType] [  482] -  str(1) = 1
[INFO ][2015-12-22 17:53:11,314][com.java.TestType] [  485] - Test case Id is---1
[INFO ][2015-12-22 17:53:11,314][com.java.TestType] [  487] - 1
[INFO ][2015-12-22 17:53:11,314][com.java.TestType] [  482] -  str(2) = 3
[INFO ][2015-12-22 17:53:11,315][com.java.TestType] [  534] - row values are--------{1=com.java.Objects.TestDataDetails@1577944, 2=com.java.Objects.TestDataDetails@708781, 3=com.java.Objects.TestDataDetails@12230b}
[INFO ][2015-12-22 17:53:11,315][com.java.TestType] [  482] -  str(1) = 1
[INFO ][2015-12-22 17:53:11,315][com.java.TestType] [  485] - Test case Id is---1
[INFO ][2015-12-22 17:53:11,315][com.java.TestType] [  487] - 1
[INFO ][2015-12-22 17:53:11,315][com.java.TestType] [  482] -  str(2) = 4
[INFO ][2015-12-22 17:53:11,316][com.java.TestType] [  534] - row values are--------{1=com.java.Objects.TestDataDetails@1577944, 2=com.java.Objects.TestDataDetails@708781, 3=com.java.Objects.TestDataDetails@12230b, 4=com.java.Objects.TestDataDetails@1ee7fd3}
[INFO ][2015-12-22 17:53:11,316][com.java.TestType] [  482] -  str(1) = 1
[INFO ][2015-12-22 17:53:11,316][com.java.TestType] [  485] - Test case Id is---1
[INFO ][2015-12-22 17:53:11,316][com.java.TestType] [  487] - 1
[INFO ][2015-12-22 17:53:11,316][com.java.TestType] [  482] -  str(2) = 5
[INFO ][2015-12-22 17:53:11,317][com.java.TestType] [  534] - row values are--------{1=com.java.Objects.TestDataDetails@1577944, 2=com.java.Objects.TestDataDetails@708781, 3=com.java.Objects.TestDataDetails@12230b, 4=com.java.Objects.TestDataDetails@1ee7fd3, 5=com.java.Objects.TestDataDetails@1b2753b}
[INFO ][2015-12-22 17:53:11,317][com.java.TestType] [  482] -  str(1) = 1
[INFO ][2015-12-22 17:53:11,317][com.java.TestType] [  485] - Test case Id is---1
[INFO ][2015-12-22 17:53:11,317][com.java.TestType] [  487] - 1
[INFO ][2015-12-22 17:53:11,317][com.java.TestType] [  482] -  str(2) = 6
[INFO ][2015-12-22 17:53:11,318][com.java.TestType] [  534] - row values are--------{1=com.java.Objects.TestDataDetails@1577944, 2=com.java.Objects.TestDataDetails@708781, 3=com.java.Objects.TestDataDetails@12230b, 4=com.java.Objects.TestDataDetails@1ee7fd3, 5=com.java.Objects.TestDataDetails@1b2753b, 6=com.java.Objects.TestDataDetails@1c3195f}
[INFO ][2015-12-22 17:53:11,318][com.java.TestType] [  482] -  str(1) = 1
[INFO ][2015-12-22 17:53:11,318][com.java.TestType] [  485] - Test case Id is---1
[INFO ][2015-12-22 17:53:11,318][com.java.TestType] [  487] - 1
[INFO ][2015-12-22 17:53:11,318][com.java.TestType] [  482] -  str(2) = 7
[INFO ][2015-12-22 17:53:11,319][com.java.TestType] [  534] - row values are--------{1=com.java.Objects.TestDataDetails@1577944, 2=com.java.Objects.TestDataDetails@708781, 3=com.java.Objects.TestDataDetails@12230b, 4=com.java.Objects.TestDataDetails@1ee7fd3, 5=com.java.Objects.TestDataDetails@1b2753b, 6=com.java.Objects.TestDataDetails@1c3195f, 7=com.java.Objects.TestDataDetails@1f73d92}
[INFO ][2015-12-22 17:53:11,319][com.java.TestType] [  482] -  str(1) = 1
[INFO ][2015-12-22 17:53:11,319][com.java.TestType] [  485] - Test case Id is---1
[INFO ][2015-12-22 17:53:11,319][com.java.TestType] [  487] - 1
[INFO ][2015-12-22 17:53:11,319][com.java.TestType] [  482] -  str(2) = 8
[INFO ][2015-12-22 17:53:11,320][com.java.TestType] [  534] - row values are--------{1=com.java.Objects.TestDataDetails@1577944, 2=com.java.Objects.TestDataDetails@708781, 3=com.java.Objects.TestDataDetails@12230b, 4=com.java.Objects.TestDataDetails@1ee7fd3, 5=com.java.Objects.TestDataDetails@1b2753b, 6=com.java.Objects.TestDataDetails@1c3195f, 7=com.java.Objects.TestDataDetails@1f73d92, 8=com.java.Objects.TestDataDetails@103f073}
[INFO ][2015-12-22 17:53:11,320][com.java.TestType] [  482] -  str(1) = 1
[INFO ][2015-12-22 17:53:11,320][com.java.TestType] [  485] - Test case Id is---1
[INFO ][2015-12-22 17:53:11,320][com.java.TestType] [  487] - 1
[INFO ][2015-12-22 17:53:11,320][com.java.TestType] [  482] -  str(2) = 9
[INFO ][2015-12-22 17:53:11,321][com.java.TestType] [  534] - row values are--------{1=com.java.Objects.TestDataDetails@1577944, 2=com.java.Objects.TestDataDetails@708781, 3=com.java.Objects.TestDataDetails@12230b, 4=com.java.Objects.TestDataDetails@1ee7fd3, 5=com.java.Objects.TestDataDetails@1b2753b, 6=com.java.Objects.TestDataDetails@1c3195f, 7=com.java.Objects.TestDataDetails@1f73d92, 8=com.java.Objects.TestDataDetails@103f073, 9=com.java.Objects.TestDataDetails@1773ae3}
[INFO ][2015-12-22 17:53:11,321][com.java.TestType] [  482] -  str(1) = 1
[INFO ][2015-12-22 17:53:11,322][com.java.TestType] [  485] - Test case Id is---1
[INFO ][2015-12-22 17:53:11,322][com.java.TestType] [  487] - 1
[INFO ][2015-12-22 17:53:11,322][com.java.TestType] [  482] -  str(2) = 10
[INFO ][2015-12-22 17:53:11,322][com.java.TestType] [  534] - row values are--------{1=com.java.Objects.TestDataDetails@1577944, 2=com.java.Objects.TestDataDetails@708781, 3=com.java.Objects.TestDataDetails@12230b, 4=com.java.Objects.TestDataDetails@1ee7fd3, 5=com.java.Objects.TestDataDetails@1b2753b, 6=com.java.Objects.TestDataDetails@1c3195f, 7=com.java.Objects.TestDataDetails@1f73d92, 8=com.java.Objects.TestDataDetails@103f073, 9=com.java.Objects.TestDataDetails@1773ae3, 10=com.java.Objects.TestDataDetails@10f4ab3}
[INFO ][2015-12-22 17:53:11,322][com.java.TestType] [  482] -  str(1) = 1
[INFO ][2015-12-22 17:53:11,322][com.java.TestType] [  485] - Test case Id is---1
[INFO ][2015-12-22 17:53:11,323][com.java.TestType] [  487] - 1
[INFO ][2015-12-22 17:53:11,323][com.java.TestType] [  482] -  str(2) = 11
[INFO ][2015-12-22 17:53:11,323][com.java.TestType] [  534] - row values are--------{1=com.java.Objects.TestDataDetails@1577944, 2=com.java.Objects.TestDataDetails@708781, 3=com.java.Objects.TestDataDetails@12230b, 4=com.java.Objects.TestDataDetails@1ee7fd3, 5=com.java.Objects.TestDataDetails@1b2753b, 6=com.java.Objects.TestDataDetails@1c3195f, 7=com.java.Objects.TestDataDetails@1f73d92, 8=com.java.Objects.TestDataDetails@103f073, 9=com.java.Objects.TestDataDetails@1773ae3, 10=com.java.Objects.TestDataDetails@10f4ab3, 11=com.java.Objects.TestDataDetails@131dde4}
[INFO ][2015-12-22 17:53:11,323][com.java.TestType] [  482] -  str(1) = 1
[INFO ][2015-12-22 17:53:11,323][com.java.TestType] [  485] - Test case Id is---1
[INFO ][2015-12-22 17:53:11,323][com.java.TestType] [  487] - 1
[INFO ][2015-12-22 17:53:11,323][com.java.TestType] [  482] -  str(2) = 12
[INFO ][2015-12-22 17:53:11,324][com.java.TestType] [  534] - row values are--------{1=com.java.Objects.TestDataDetails@1577944, 2=com.java.Objects.TestDataDetails@708781, 3=com.java.Objects.TestDataDetails@12230b, 4=com.java.Objects.TestDataDetails@1ee7fd3, 5=com.java.Objects.TestDataDetails@1b2753b, 6=com.java.Objects.TestDataDetails@1c3195f, 7=com.java.Objects.TestDataDetails@1f73d92, 8=com.java.Objects.TestDataDetails@103f073, 9=com.java.Objects.TestDataDetails@1773ae3, 10=com.java.Objects.TestDataDetails@10f4ab3, 11=com.java.Objects.TestDataDetails@131dde4, 12=com.java.Objects.TestDataDetails@1e58d3a}
[INFO ][2015-12-22 17:53:11,324][com.java.TestType] [  482] -  str(1) = 1
[INFO ][2015-12-22 17:53:11,324][com.java.TestType] [  485] - Test case Id is---1
[INFO ][2015-12-22 17:53:11,324][com.java.TestType] [  487] - 1
[INFO ][2015-12-22 17:53:11,324][com.java.TestType] [  482] -  str(2) = 13
[INFO ][2015-12-22 17:53:11,325][com.java.TestType] [  534] - row values are--------{1=com.java.Objects.TestDataDetails@1577944, 2=com.java.Objects.TestDataDetails@708781, 3=com.java.Objects.TestDataDetails@12230b, 4=com.java.Objects.TestDataDetails@1ee7fd3, 5=com.java.Objects.TestDataDetails@1b2753b, 6=com.java.Objects.TestDataDetails@1c3195f, 7=com.java.Objects.TestDataDetails@1f73d92, 8=com.java.Objects.TestDataDetails@103f073, 9=com.java.Objects.TestDataDetails@1773ae3, 10=com.java.Objects.TestDataDetails@10f4ab3, 11=com.java.Objects.TestDataDetails@131dde4, 12=com.java.Objects.TestDataDetails@1e58d3a, 13=com.java.Objects.TestDataDetails@102656a}
[INFO ][2015-12-22 17:53:11,325][com.java.TestType] [  482] -  str(1) = 1
[INFO ][2015-12-22 17:53:11,325][com.java.TestType] [  485] - Test case Id is---1
[INFO ][2015-12-22 17:53:11,325][com.java.TestType] [  487] - 1
[INFO ][2015-12-22 17:53:11,325][com.java.TestType] [  482] -  str(2) = 14
[INFO ][2015-12-22 17:53:11,326][com.java.TestType] [  534] - row values are--------{1=com.java.Objects.TestDataDetails@1577944, 2=com.java.Objects.TestDataDetails@708781, 3=com.java.Objects.TestDataDetails@12230b, 4=com.java.Objects.TestDataDetails@1ee7fd3, 5=com.java.Objects.TestDataDetails@1b2753b, 6=com.java.Objects.TestDataDetails@1c3195f, 7=com.java.Objects.TestDataDetails@1f73d92, 8=com.java.Objects.TestDataDetails@103f073, 9=com.java.Objects.TestDataDetails@1773ae3, 10=com.java.Objects.TestDataDetails@10f4ab3, 11=com.java.Objects.TestDataDetails@131dde4, 12=com.java.Objects.TestDataDetails@1e58d3a, 13=com.java.Objects.TestDataDetails@102656a, 14=com.java.Objects.TestDataDetails@406516}
[INFO ][2015-12-22 17:53:11,326][com.java.TestType] [  482] -  str(1) = 1
[INFO ][2015-12-22 17:53:11,326][com.java.TestType] [  485] - Test case Id is---1
[INFO ][2015-12-22 17:53:11,326][com.java.TestType] [  487] - 1
[INFO ][2015-12-22 17:53:11,326][com.java.TestType] [  482] -  str(2) = 15
[INFO ][2015-12-22 17:53:11,327][com.java.TestType] [  534] - row values are--------{1=com.java.Objects.TestDataDetails@1577944, 2=com.java.Objects.TestDataDetails@708781, 3=com.java.Objects.TestDataDetails@12230b, 4=com.java.Objects.TestDataDetails@1ee7fd3, 5=com.java.Objects.TestDataDetails@1b2753b, 6=com.java.Objects.TestDataDetails@1c3195f, 7=com.java.Objects.TestDataDetails@1f73d92, 8=com.java.Objects.TestDataDetails@103f073, 9=com.java.Objects.TestDataDetails@1773ae3, 10=com.java.Objects.TestDataDetails@10f4ab3, 11=com.java.Objects.TestDataDetails@131dde4, 12=com.java.Objects.TestDataDetails@1e58d3a, 13=com.java.Objects.TestDataDetails@102656a, 14=com.java.Objects.TestDataDetails@406516, 15=com.java.Objects.TestDataDetails@8c8e1c}
[INFO ][2015-12-22 17:53:11,327][com.java.TestType] [  482] -  str(1) = 1
[INFO ][2015-12-22 17:53:11,327][com.java.TestType] [  485] - Test case Id is---1
[INFO ][2015-12-22 17:53:11,327][com.java.TestType] [  487] - 1
[INFO ][2015-12-22 17:53:11,327][com.java.TestType] [  482] -  str(2) = 16
[INFO ][2015-12-22 17:53:11,328][com.java.TestType] [  534] - row values are--------{1=com.java.Objects.TestDataDetails@1577944, 2=com.java.Objects.TestDataDetails@708781, 3=com.java.Objects.TestDataDetails@12230b, 4=com.java.Objects.TestDataDetails@1ee7fd3, 5=com.java.Objects.TestDataDetails@1b2753b, 6=com.java.Objects.TestDataDetails@1c3195f, 7=com.java.Objects.TestDataDetails@1f73d92, 8=com.java.Objects.TestDataDetails@103f073, 9=com.java.Objects.TestDataDetails@1773ae3, 10=com.java.Objects.TestDataDetails@10f4ab3, 11=com.java.Objects.TestDataDetails@131dde4, 12=com.java.Objects.TestDataDetails@1e58d3a, 13=com.java.Objects.TestDataDetails@102656a, 14=com.java.Objects.TestDataDetails@406516, 15=com.java.Objects.TestDataDetails@8c8e1c, 16=com.java.Objects.TestDataDetails@14e7651}
[INFO ][2015-12-22 17:53:11,328][com.java.TestType] [10274] - Looping 1TCID = 1
[DEBUG][2015-12-22 17:53:11,328][com.java.TestType] [10315] - Concept ID:1 :: Step being Executed: 1::1
[INFO ][2015-12-22 17:53:11,328][com.java.TestType] [10353] - dataFields : TXTusername
[DEBUG][2015-12-22 17:53:11,328][com.java.TestType] [10359] - <In Set values of the page>
[DEBUG][2015-12-22 17:53:11,328][com.java.TestType] [10364] - {Data Fields & Data Values Exist}
[INFO ][2015-12-22 17:53:11,328][com.java.TestType] [10370] - --------------------------setting values-----------------------------
[INFO ][2015-12-22 17:53:11,328][com.java.TestType] [10373] - Action Type : CLEARANDENTER
[INFO ][2015-12-22 17:53:11,328][com.java.TestType] [ 5596] - value = valuelabs.ie10.33527
[INFO ][2015-12-22 17:53:16,009][com.java.TestType] [10392] -  RESULT true
[INFO ][2015-12-22 17:53:16,009][com.java.TestType] [10509] - ?   P A S S   ?
[DEBUG][2015-12-22 17:53:16,009][com.java.TestType] [10315] - Concept ID:1 :: Step being Executed: 1::2
[INFO ][2015-12-22 17:53:16,009][com.java.TestType] [10353] - dataFields : TXTpassword
[DEBUG][2015-12-22 17:53:16,009][com.java.TestType] [10359] - <In Set values of the page>
[DEBUG][2015-12-22 17:53:16,009][com.java.TestType] [10364] - {Data Fields & Data Values Exist}
[INFO ][2015-12-22 17:53:16,009][com.java.TestType] [10370] - --------------------------setting values-----------------------------
[INFO ][2015-12-22 17:53:16,009][com.java.TestType] [10373] - Action Type : CLEARANDENTER
[INFO ][2015-12-22 17:53:16,009][com.java.TestType] [ 5596] - value = Password1*
[INFO ][2015-12-22 17:53:20,812][com.java.TestType] [10392] -  RESULT true
[INFO ][2015-12-22 17:53:20,813][com.java.TestType] [10509] - ?   P A S S   ?
[DEBUG][2015-12-22 17:53:20,813][com.java.TestType] [10315] - Concept ID:1 :: Step being Executed: 1::3
[ERROR][2015-12-22 17:53:20,813][com.java.TestType] [10348] - Exception: null
[INFO ][2015-12-22 17:53:20,813][com.java.TestType] [10353] - dataFields : XPH//button[@type='submit']
[DEBUG][2015-12-22 17:53:20,813][com.java.TestType] [10359] - <In Set values of the page>
[DEBUG][2015-12-22 17:53:20,813][com.java.TestType] [10364] - {Data Fields & Data Values Exist}
[INFO ][2015-12-22 17:53:20,813][com.java.TestType] [10370] - --------------------------setting values-----------------------------
[INFO ][2015-12-22 17:53:20,813][com.java.TestType] [10373] - Action Type : Click
[INFO ][2015-12-22 17:53:20,813][com.java.TestType] [ 5975] - Field ::XPH//button[@type='submit']
[INFO ][2015-12-22 17:53:20,813][com.java.TestType] [ 5596] - value = 
[INFO ][2015-12-22 17:53:21,813][com.java.TestType] [ 6112] - BEFORE CLICK
[INFO ][2015-12-22 17:53:22,643][com.java.TestType] [ 6120] - Unable to click the object Login
[INFO ][2015-12-22 17:53:22,643][com.java.TestType] [10392] -  RESULT true
[INFO ][2015-12-22 17:53:22,643][com.java.TestType] [10509] - ?   P A S S   ?
[DEBUG][2015-12-22 17:53:22,643][com.java.TestType] [10315] - Concept ID:1 :: Step being Executed: 1::4
[INFO ][2015-12-22 17:53:22,643][com.java.TestType] [10353] - dataFields : LNKLogout
[DEBUG][2015-12-22 17:53:22,643][com.java.TestType] [10359] - <In Set values of the page>
[DEBUG][2015-12-22 17:53:22,643][com.java.TestType] [10364] - {Data Fields & Data Values Exist}
[INFO ][2015-12-22 17:53:22,643][com.java.TestType] [10370] - --------------------------setting values-----------------------------
[INFO ][2015-12-22 17:53:22,643][com.java.TestType] [10373] - Action Type : WaitForElement
[INFO ][2015-12-22 17:53:26,215][com.java.TestType] [10392] -  RESULT true
[INFO ][2015-12-22 17:53:26,216][com.java.TestType] [10509] - ?   P A S S   ?
[DEBUG][2015-12-22 17:53:26,216][com.java.TestType] [10315] - Concept ID:1 :: Step being Executed: 1::15
[INFO ][2015-12-22 17:53:26,216][com.java.TestType] [10353] - dataFields : LNK
[DEBUG][2015-12-22 17:53:26,216][com.java.TestType] [10359] - <In Set values of the page>
[DEBUG][2015-12-22 17:53:26,216][com.java.TestType] [10364] - {Data Fields & Data Values Exist}
[INFO ][2015-12-22 17:53:26,216][com.java.TestType] [10370] - --------------------------setting values-----------------------------
[INFO ][2015-12-22 17:53:26,216][com.java.TestType] [10373] - Action Type : Verify
[INFO ][2015-12-22 17:53:26,216][com.java.TestType] [ 6946] - field= LNK value= Logout
[INFO ][2015-12-22 17:53:26,216][com.java.TestType] [ 5596] - value = Logout
[INFO ][2015-12-22 17:53:26,252][com.java.TestType] [10392] -  RESULT true
[INFO ][2015-12-22 17:53:26,253][com.java.TestType] [10509] - ?   P A S S   ?
[DEBUG][2015-12-22 17:53:26,253][com.java.TestType] [10315] - Concept ID:1 :: Step being Executed: 1::16
[INFO ][2015-12-22 17:53:26,253][com.java.TestType] [10353] - dataFields : BTN
[DEBUG][2015-12-22 17:53:26,253][com.java.TestType] [10359] - <In Set values of the page>
[DEBUG][2015-12-22 17:53:26,253][com.java.TestType] [10364] - {Data Fields & Data Values Exist}
[INFO ][2015-12-22 17:53:26,253][com.java.TestType] [10370] - --------------------------setting values-----------------------------
[INFO ][2015-12-22 17:53:26,253][com.java.TestType] [10373] - Action Type : Verify
[INFO ][2015-12-22 17:53:26,253][com.java.TestType] [ 6946] - field= BTN value= //img[contains(@src,'bdlogo.jpg')]
[INFO ][2015-12-22 17:53:26,253][com.java.TestType] [ 5596] - value = //img[contains(@src,'bdlogo.jpg')]
[INFO ][2015-12-22 17:53:26,325][com.java.TestType] [10392] -  RESULT true
[INFO ][2015-12-22 17:53:26,325][com.java.TestType] [10509] - ?   P A S S   ?
[INFO ][2015-12-22 17:53:26,325][com.java.TestType] [10580] - Looping End......
[INFO ][2015-12-22 17:53:26,329][com.java.SeleniumDriver] [  894] -  RESULT true
[INFO ][2015-12-22 17:53:26,329][com.java.SeleniumDriver] [ 1100] - ?   P A S S   ?
[DEBUG][2015-12-22 17:53:26,329][com.java.SeleniumDriver] [ 1212] - Case found
[DEBUG][2015-12-22 17:53:26,329][com.java.SeleniumDriver] [ 1217] - Incrementing ReportCounters[0]:1
[INFO ][2015-12-22 17:53:26,329][com.java.SeleniumDriver] [ 1236] - The results are-------------------[17, 1, BD-LOGIN: Disable Autocomplete HTML - No Save, Logout & Leave Browser Open, Pass, , Tue Dec 22 17:47:37 IST 2015, 17, 3, BD-LOGIN: Disable Autocomplete HTML - No Save, Logout & Leave Browser Open, Pass, , Tue Dec 22 17:47:46 IST 2015, 17, 4, BD-LOGIN: Disable Autocomplete HTML - No Save, Logout & Leave Browser Open, Pass, , Tue Dec 22 17:47:48 IST 2015, 17, 5, BD-LOGIN: Disable Autocomplete HTML - No Save, Logout & Leave Browser Open, Pass, , Tue Dec 22 17:47:49 IST 2015, 17, 6, BD-LOGIN: Disable Autocomplete HTML - No Save, Logout & Leave Browser Open, Pass, , Tue Dec 22 17:47:59 IST 2015, 17, 7, BD-LOGIN: Disable Autocomplete HTML - No Save, Logout & Leave Browser Open, Pass, , Tue Dec 22 17:48:12 IST 2015, 17, 8, BD-LOGIN: Disable Autocomplete HTML - No Save, Logout & Leave Browser Open, Pass, , Tue Dec 22 17:48:35 IST 2015, 17, 9, BD-LOGIN: Disable Autocomplete HTML - No Save, Logout & Leave Browser Open, Pass, , Tue Dec 22 17:48:36 IST 2015, 17, 10, BD-LOGIN: Disable Autocomplete HTML - No Save, Logout & Leave Browser Open, Pass, , Tue Dec 22 17:48:36 IST 2015, 17, 11, BD-LOGIN: Disable Autocomplete HTML - No Save, Logout & Leave Browser Open, Pass, , Tue Dec 22 17:48:37 IST 2015, 17, 12, BD-LOGIN: Disable Autocomplete HTML - No Save, Logout & Leave Browser Open, Pass, , Tue Dec 22 17:48:39 IST 2015, 17, 13, BD-LOGIN: Disable Autocomplete HTML - No Save, Logout & Leave Browser Open, Pass, , Tue Dec 22 17:48:39 IST 2015, 17, 14, BD-LOGIN: Disable Autocomplete HTML - No Save, Logout & Leave Browser Open, Pass, , Tue Dec 22 17:48:41 IST 2015, 17, 15, BD-LOGIN: Disable Autocomplete HTML - No Save, Logout & Leave Browser Open, Pass, , Tue Dec 22 17:48:41 IST 2015, 17, 16, BD-LOGIN: Disable Autocomplete HTML - No Save, Logout & Leave Browser Open, Pass, , Tue Dec 22 17:48:41 IST 2015, 17, 17, BD-LOGIN: Disable Autocomplete HTML - No Save, Logout & Leave Browser Open, Pass, , Tue Dec 22 17:48:57 IST 2015, 17, 18, BD-LOGIN: Disable Autocomplete HTML - No Save, Logout & Leave Browser Open, Pass, , Tue Dec 22 17:50:42 IST 2015, 17, 19, BD-LOGIN: Disable Autocomplete HTML - No Save, Logout & Leave Browser Open, Pass, , Tue Dec 22 17:50:55 IST 2015, 17, 20, BD-LOGIN: Disable Autocomplete HTML - No Save, Logout & Leave Browser Open, Pass, , Tue Dec 22 17:51:15 IST 2015, 17, 21, BD-LOGIN: Disable Autocomplete HTML - No Save, Logout & Leave Browser Open, Pass, , Tue Dec 22 17:51:22 IST 2015, 17, 22, BD-LOGIN: Disable Autocomplete HTML - No Save, Logout & Leave Browser Open, Pass, , Tue Dec 22 17:51:50 IST 2015, 17, 23, BD-LOGIN: Disable Autocomplete HTML - No Save, Logout & Leave Browser Open, Pass, , Tue Dec 22 17:52:06 IST 2015, 17, 24, BD-LOGIN: Disable Autocomplete HTML - No Save, Logout & Leave Browser Open, Pass, , Tue Dec 22 17:52:16 IST 2015, 17, 25, BD-LOGIN: Disable Autocomplete HTML - No Save, Logout & Leave Browser Open, Pass, , Tue Dec 22 17:52:17 IST 2015, 17, 26, BD-LOGIN: Disable Autocomplete HTML - No Save, Logout & Leave Browser Open, Pass, , Tue Dec 22 17:52:27 IST 2015, 17, 27, BD-LOGIN: Disable Autocomplete HTML - No Save, Logout & Leave Browser Open, Pass, , Tue Dec 22 17:52:37 IST 2015, 17, 28, BD-LOGIN: Disable Autocomplete HTML - No Save, Logout & Leave Browser Open, Pass, , Tue Dec 22 17:52:49 IST 2015, 17, 29, BD-LOGIN: Disable Autocomplete HTML - No Save, Logout & Leave Browser Open, Pass, , Tue Dec 22 17:52:54 IST 2015, 17, 30, BD-LOGIN: Disable Autocomplete HTML - No Save, Logout & Leave Browser Open, Pass, , Tue Dec 22 17:53:11 IST 2015, 17, 31, BD-LOGIN: Disable Autocomplete HTML - No Save, Logout & Leave Browser Open, Pass, , Tue Dec 22 17:53:11 IST 2015, 17, 32, BD-LOGIN: Disable Autocomplete HTML - No Save, Logout & Leave Browser Open, Pass, , Tue Dec 22 17:53:26 IST 2015]
[INFO ][2015-12-22 17:53:26,329][com.java.SeleniumDriver] [ 1240] - End time is-------6 min 58 sec
[INFO ][2015-12-22 17:53:26,329][com.java.SeleniumDriver] [ 1241] - The results are-------------------[17, 1, BD-LOGIN: Disable Autocomplete HTML - No Save, Logout & Leave Browser Open, Pass, , Tue Dec 22 17:47:37 IST 2015, 17, 3, BD-LOGIN: Disable Autocomplete HTML - No Save, Logout & Leave Browser Open, Pass, , Tue Dec 22 17:47:46 IST 2015, 17, 4, BD-LOGIN: Disable Autocomplete HTML - No Save, Logout & Leave Browser Open, Pass, , Tue Dec 22 17:47:48 IST 2015, 17, 5, BD-LOGIN: Disable Autocomplete HTML - No Save, Logout & Leave Browser Open, Pass, , Tue Dec 22 17:47:49 IST 2015, 17, 6, BD-LOGIN: Disable Autocomplete HTML - No Save, Logout & Leave Browser Open, Pass, , Tue Dec 22 17:47:59 IST 2015, 17, 7, BD-LOGIN: Disable Autocomplete HTML - No Save, Logout & Leave Browser Open, Pass, , Tue Dec 22 17:48:12 IST 2015, 17, 8, BD-LOGIN: Disable Autocomplete HTML - No Save, Logout & Leave Browser Open, Pass, , Tue Dec 22 17:48:35 IST 2015, 17, 9, BD-LOGIN: Disable Autocomplete HTML - No Save, Logout & Leave Browser Open, Pass, , Tue Dec 22 17:48:36 IST 2015, 17, 10, BD-LOGIN: Disable Autocomplete HTML - No Save, Logout & Leave Browser Open, Pass, , Tue Dec 22 17:48:36 IST 2015, 17, 11, BD-LOGIN: Disable Autocomplete HTML - No Save, Logout & Leave Browser Open, Pass, , Tue Dec 22 17:48:37 IST 2015, 17, 12, BD-LOGIN: Disable Autocomplete HTML - No Save, Logout & Leave Browser Open, Pass, , Tue Dec 22 17:48:39 IST 2015, 17, 13, BD-LOGIN: Disable Autocomplete HTML - No Save, Logout & Leave Browser Open, Pass, , Tue Dec 22 17:48:39 IST 2015, 17, 14, BD-LOGIN: Disable Autocomplete HTML - No Save, Logout & Leave Browser Open, Pass, , Tue Dec 22 17:48:41 IST 2015, 17, 15, BD-LOGIN: Disable Autocomplete HTML - No Save, Logout & Leave Browser Open, Pass, , Tue Dec 22 17:48:41 IST 2015, 17, 16, BD-LOGIN: Disable Autocomplete HTML - No Save, Logout & Leave Browser Open, Pass, , Tue Dec 22 17:48:41 IST 2015, 17, 17, BD-LOGIN: Disable Autocomplete HTML - No Save, Logout & Leave Browser Open, Pass, , Tue Dec 22 17:48:57 IST 2015, 17, 18, BD-LOGIN: Disable Autocomplete HTML - No Save, Logout & Leave Browser Open, Pass, , Tue Dec 22 17:50:42 IST 2015, 17, 19, BD-LOGIN: Disable Autocomplete HTML - No Save, Logout & Leave Browser Open, Pass, , Tue Dec 22 17:50:55 IST 2015, 17, 20, BD-LOGIN: Disable Autocomplete HTML - No Save, Logout & Leave Browser Open, Pass, , Tue Dec 22 17:51:15 IST 2015, 17, 21, BD-LOGIN: Disable Autocomplete HTML - No Save, Logout & Leave Browser Open, Pass, , Tue Dec 22 17:51:22 IST 2015, 17, 22, BD-LOGIN: Disable Autocomplete HTML - No Save, Logout & Leave Browser Open, Pass, , Tue Dec 22 17:51:50 IST 2015, 17, 23, BD-LOGIN: Disable Autocomplete HTML - No Save, Logout & Leave Browser Open, Pass, , Tue Dec 22 17:52:06 IST 2015, 17, 24, BD-LOGIN: Disable Autocomplete HTML - No Save, Logout & Leave Browser Open, Pass, , Tue Dec 22 17:52:16 IST 2015, 17, 25, BD-LOGIN: Disable Autocomplete HTML - No Save, Logout & Leave Browser Open, Pass, , Tue Dec 22 17:52:17 IST 2015, 17, 26, BD-LOGIN: Disable Autocomplete HTML - No Save, Logout & Leave Browser Open, Pass, , Tue Dec 22 17:52:27 IST 2015, 17, 27, BD-LOGIN: Disable Autocomplete HTML - No Save, Logout & Leave Browser Open, Pass, , Tue Dec 22 17:52:37 IST 2015, 17, 28, BD-LOGIN: Disable Autocomplete HTML - No Save, Logout & Leave Browser Open, Pass, , Tue Dec 22 17:52:49 IST 2015, 17, 29, BD-LOGIN: Disable Autocomplete HTML - No Save, Logout & Leave Browser Open, Pass, , Tue Dec 22 17:52:54 IST 2015, 17, 30, BD-LOGIN: Disable Autocomplete HTML - No Save, Logout & Leave Browser Open, Pass, , Tue Dec 22 17:53:11 IST 2015, 17, 31, BD-LOGIN: Disable Autocomplete HTML - No Save, Logout & Leave Browser Open, Pass, , Tue Dec 22 17:53:11 IST 2015, 17, 32, BD-LOGIN: Disable Autocomplete HTML - No Save, Logout & Leave Browser Open, Pass, , Tue Dec 22 17:53:26 IST 2015]
[DEBUG][2015-12-22 17:53:26,329][com.java.ImportnExport.ExportTestResultsExcel] [  222] - testResultPath = D:\BankersDashboard/TestReports/Test Results_BankersDashBoard_122215_174630_IE10_Bank of North Carolina.xls
[DEBUG][2015-12-22 17:53:26,329][com.java.ImportnExport.ExportTestResultsExcel] [  223] - browser is------------IE10
[DEBUG][2015-12-22 17:53:26,374][com.java.ImportnExport.ExportTestResultsExcel] [  270] - result.size() = 186
[DEBUG][2015-12-22 17:53:26,374][com.java.ImportnExport.ExportTestResultsExcel] [  274] - No of rows in sheet=1
[DEBUG][2015-12-22 17:53:26,374][com.java.ImportnExport.ExportTestResultsExcel] [  301] - ..in export..17
[DEBUG][2015-12-22 17:53:26,374][com.java.ImportnExport.ExportTestResultsExcel] [  301] - ..in export..BD-LOGIN: Disable Autocomplete HTML - No Save, Logout & Leave Browser Open
[DEBUG][2015-12-22 17:53:26,374][com.java.ImportnExport.ExportTestResultsExcel] [  301] - ..in export..Pass
[DEBUG][2015-12-22 17:53:26,375][com.java.ImportnExport.ExportTestResultsExcel] [  301] - ..in export..
[DEBUG][2015-12-22 17:53:26,375][com.java.ImportnExport.ExportTestResultsExcel] [  301] - ..in export..Tue Dec 22 17:47:37 IST 2015
[INFO ][2015-12-22 17:53:26,376][com.java.SeleniumDriver] [ 1299] - out loop:0 size:1 TestCases:[17] testcases:[17]
[INFO ][2015-12-22 17:53:28,377][com.java.SeleniumDriver] [ 1342] - Total Number of Cases:1
[INFO ][2015-12-22 17:53:28,377][com.java.TemplateGenerator] [  302] - Executed:1
[INFO ][2015-12-22 17:53:28,377][com.java.TemplateGenerator] [  303] - Passed:1
[INFO ][2015-12-22 17:53:28,377][com.java.TemplateGenerator] [  304] - Failed:0
[INFO ][2015-12-22 17:53:28,377][com.java.TemplateGenerator] [  305] - Skipeed:0
[INFO ][2015-12-22 17:53:28,377][com.java.TemplateGenerator] [  306] - Application URL:https://clients-xuat.bankersdashboard.com
[INFO ][2015-12-22 17:53:28,377][com.java.TemplateGenerator] [  307] - Start Time:122215_174630
[INFO ][2015-12-22 17:53:28,377][com.java.TemplateGenerator] [  308] -  Creating HTML Report 
[ERROR][2015-12-22 17:53:28,378][com.java.TemplateGenerator] [  409] - Unparseable date: "Tue Dec 22 05:46:30 IST 2015"
[INFO ][2015-12-22 17:53:28,378][com.java.TemplateGenerator] [  654] -  Exporting case :: 17
[INFO ][2015-12-22 17:53:28,392][com.java.SeleniumDriver] [ 1391] - End Time:122215_175328
[INFO ][2015-12-22 17:53:28,393][com.java.SeleniumDriver] [ 1394] - Data in Test Execution Details:{17=PASS}
[INFO ][2015-12-22 17:53:28,393][com.java.SeleniumDriver] [ 1395] - Data in Failed Execution Deatils:{}
[INFO ][2015-12-22 17:53:28,393][com.java.SeleniumDriver] [ 1397] - ReportCounter:Total:1 :: PASS: 1 ::FAIL: 0
[INFO ][2015-12-22 17:53:28,393][com.java.SeleniumDriver] [ 1398] - FailedReportCounter:Total:0 :: PASS: 0 ::FAIL: 0
[INFO ][2015-12-22 17:53:28,400][com.java.EmailTestReport] [   63] - Sending report mail details:
[INFO ][2015-12-22 17:53:28,400][com.java.EmailTestReport] [   80] - Excel Report Path:D:\BankersDashboard/TestReports/Test Results_BankersDashBoard_122215_174630_IE10_Bank of North Carolina.xls
[INFO ][2015-12-22 17:53:28,400][com.java.EmailTestReport] [   81] - HTML Report Path:D:\BankersDashboard//TestReports//Test Results_BankersDashBoard_122215_174630_IE10_Bank of North Carolina.html
[INFO ][2015-12-22 17:53:28,401][com.java.EmailTestReport] [   82] - smtpHostName:mail01.valuelabs.com
[INFO ][2015-12-22 17:53:28,401][com.java.EmailTestReport] [   83] - Recipient:venkateswararao.gubbala@valuelabs.com;
[INFO ][2015-12-22 17:53:28,401][com.java.EmailTestReport] [   84] - From:venkateswararao.gubbala@valuelabs.com;
[INFO ][2015-12-22 17:53:28,401][com.java.EmailTestReport] [   85] - Subject:Deluxe Corp Bankers Dashboard Automation Test Report - Bank of North Carolina - IE10
[INFO ][2015-12-22 17:53:28,417][com.java.EmailTestReport] [  143] -  Added venkateswararao.gubbala@valuelabs.com
[INFO ][2015-12-22 17:53:31,794][com.java.SeleniumDriver] [  720] - quitting the browser 
[INFO ][2015-12-22 17:53:33,057][com.java.SeleniumDriver] [  264] - Execution Completed Stopping the thread
