[INFO ][2015-12-10 17:50:15,704][com.java.SeleniumDriver] [  213] - Execute Failed Casesfalse
[INFO ][2015-12-10 17:50:15,704][com.java.SeleniumDriver] [  214] - Browser: IE10
[INFO ][2015-12-10 17:50:15,704][com.java.SeleniumDriver] [  215] - [1, 13]
[INFO ][2015-12-10 17:50:15,704][com.java.SeleniumDriver] [  216] - Total TestCases:2
[INFO ][2015-12-10 17:50:15,704][com.java.SeleniumDriver] [  217] -  Reading Properties from Property File 
[DEBUG][2015-12-10 17:50:15,704][com.java.SeleniumDriver] [  238] - url : https://clients-xuat.bankersdashboard.com
[INFO ][2015-12-10 17:50:15,704][com.java.ImportnExport.ExportTestResultsExcel] [  116] - Time Stamp Thu Dec 10 05:50:15 IST 2015
[INFO ][2015-12-10 17:50:15,704][com.java.ImportnExport.ExportTestResultsExcel] [  175] - OUT FILE : D:\BankersDashboard/TestReports/Test Results_BankersDashBoard_121015_175015_IE10_CB&S Bank.xls
[INFO ][2015-12-10 17:50:15,735][com.java.ImportnExport.ExportTestResultsExcel] [  180] - Test Result file is created
[DEBUG][2015-12-10 17:50:15,835][com.java.SeleniumDriver] [  426] - Hub ip address is-------172.17.68.34
[INFO ][2015-12-10 17:50:15,835][com.java.SeleniumDriver] [  452] - Grid URL:http://172.17.68.34:4444/wd/hub
[INFO ][2015-12-10 17:50:15,835][com.java.SeleniumDriver] [  453] - Capability:Capabilities [{platform=ANY, ensureCleanSession=true, ignoreProtectedModeSettings=true, acceptSslCerts=true, ignoreZoomSetting=true, browserName=internet explorer, browserstack.ie.noFlash=true, version=null}]
[ERROR][2015-12-10 17:50:17,135][com.java.SeleniumDriver] [  497] - Unable invoke browser in grid:Could not start a new session. Possible causes are invalid address of the remote server or browser start-up failure.
Build info: version: '2.48.2', revision: '41bccdd', time: '2015-10-09 19:59:12'
System info: host: 'FVTIII438F1D', ip: '172.17.68.34', os.name: 'Windows 7', os.arch: 'x86', os.version: '6.1', java.version: '1.7.0_55'
Driver info: driver.version: SeleniumDriver
[INFO ][2015-12-10 17:50:17,135][com.java.SeleniumDriver] [  499] - Executing on local machine
[INFO ][2015-12-10 17:50:26,749][com.java.SeleniumDriver] [  248] - IE10is opened
[INFO ][2015-12-10 17:50:27,637][com.java.SeleniumDriver] [  754] - Test cases to be executed are: [1, 13]
[INFO ][2015-12-10 17:50:27,648][com.java.ImportnExport.ImportTestDataDetailsExcel] [   49] - test data details path===== D:\BankersDashboard\TestInputs\TestData.xls
[INFO ][2015-12-10 17:50:27,728][com.java.SeleniumDriver] [  821] - ------------------------------------------
[INFO ][2015-12-10 17:50:27,728][com.java.SeleniumDriver] [  822] - Test case being Executed: 1
[INFO ][2015-12-10 17:50:27,728][com.java.SeleniumDriver] [  833] - Test step:1
[INFO ][2015-12-10 17:50:27,728][com.java.SeleniumDriver] [  845] - Datavalue is----------Concept#1:1-14
[INFO ][2015-12-10 17:50:27,728][com.java.SeleniumDriver] [  869] - DataField : test
[INFO ][2015-12-10 17:50:27,728][com.java.SeleniumDriver] [  871] - DataValue : Concept#1:1-14
[INFO ][2015-12-10 17:50:27,728][com.java.SeleniumDriver] [  877] - <In Set values of the page>
[INFO ][2015-12-10 17:50:27,728][com.java.SeleniumDriver] [  880] - {Data Fields & Data Values Exist}
[INFO ][2015-12-10 17:50:27,728][com.java.SeleniumDriver] [  882] - --------------------------setting values-----------------------------
[INFO ][2015-12-10 17:50:27,728][com.java.SeleniumDriver] [  885] - Action Type : ExecuteTestCase
[INFO ][2015-12-10 17:50:27,748][com.java.TestType] [  436] - The Concept sheet name is ---------- Concept
[INFO ][2015-12-10 17:50:27,748][com.java.TestType] [  439] - The Concept ID  is ---------- 1
[DEBUG][2015-12-10 17:50:27,748][com.java.TestType] [  443] - Steps being executted in the Concept are: 1:14
[INFO ][2015-12-10 17:50:27,748][com.java.TestType] [  450] - Test data details path ---------- D:\BankersDashboard\TestInputs\TestData.xls
[INFO ][2015-12-10 17:50:27,788][com.java.TestType] [  481] -  str(1) = 1
[INFO ][2015-12-10 17:50:27,788][com.java.TestType] [  484] - Test case Id is---1
[INFO ][2015-12-10 17:50:27,788][com.java.TestType] [  486] - 1
[INFO ][2015-12-10 17:50:27,788][com.java.TestType] [  481] -  str(2) = 1
[INFO ][2015-12-10 17:50:27,788][com.java.TestType] [  533] - row values are--------{1=com.java.Objects.TestDataDetails@35b652}
[INFO ][2015-12-10 17:50:27,788][com.java.TestType] [  481] -  str(1) = 1
[INFO ][2015-12-10 17:50:27,788][com.java.TestType] [  484] - Test case Id is---1
[INFO ][2015-12-10 17:50:27,788][com.java.TestType] [  486] - 1
[INFO ][2015-12-10 17:50:27,788][com.java.TestType] [  481] -  str(2) = 2
[INFO ][2015-12-10 17:50:27,788][com.java.TestType] [  533] - row values are--------{1=com.java.Objects.TestDataDetails@35b652, 2=com.java.Objects.TestDataDetails@1a38fa1}
[INFO ][2015-12-10 17:50:27,788][com.java.TestType] [  481] -  str(1) = 1
[INFO ][2015-12-10 17:50:27,788][com.java.TestType] [  484] - Test case Id is---1
[INFO ][2015-12-10 17:50:27,788][com.java.TestType] [  486] - 1
[INFO ][2015-12-10 17:50:27,788][com.java.TestType] [  481] -  str(2) = 3
[INFO ][2015-12-10 17:50:27,788][com.java.TestType] [  533] - row values are--------{1=com.java.Objects.TestDataDetails@35b652, 2=com.java.Objects.TestDataDetails@1a38fa1, 3=com.java.Objects.TestDataDetails@acb67a}
[INFO ][2015-12-10 17:50:27,788][com.java.TestType] [  481] -  str(1) = 1
[INFO ][2015-12-10 17:50:27,788][com.java.TestType] [  484] - Test case Id is---1
[INFO ][2015-12-10 17:50:27,788][com.java.TestType] [  486] - 1
[INFO ][2015-12-10 17:50:27,788][com.java.TestType] [  481] -  str(2) = 4
[INFO ][2015-12-10 17:50:27,798][com.java.TestType] [  533] - row values are--------{1=com.java.Objects.TestDataDetails@35b652, 2=com.java.Objects.TestDataDetails@1a38fa1, 3=com.java.Objects.TestDataDetails@acb67a, 4=com.java.Objects.TestDataDetails@1668d9}
[INFO ][2015-12-10 17:50:27,798][com.java.TestType] [  481] -  str(1) = 1
[INFO ][2015-12-10 17:50:27,798][com.java.TestType] [  484] - Test case Id is---1
[INFO ][2015-12-10 17:50:27,798][com.java.TestType] [  486] - 1
[INFO ][2015-12-10 17:50:27,798][com.java.TestType] [  481] -  str(2) = 5
[INFO ][2015-12-10 17:50:27,798][com.java.TestType] [  533] - row values are--------{1=com.java.Objects.TestDataDetails@35b652, 2=com.java.Objects.TestDataDetails@1a38fa1, 3=com.java.Objects.TestDataDetails@acb67a, 4=com.java.Objects.TestDataDetails@1668d9, 5=com.java.Objects.TestDataDetails@166f936}
[INFO ][2015-12-10 17:50:27,798][com.java.TestType] [  481] -  str(1) = 1
[INFO ][2015-12-10 17:50:27,798][com.java.TestType] [  484] - Test case Id is---1
[INFO ][2015-12-10 17:50:27,798][com.java.TestType] [  486] - 1
[INFO ][2015-12-10 17:50:27,798][com.java.TestType] [  481] -  str(2) = 6
[INFO ][2015-12-10 17:50:27,798][com.java.TestType] [  533] - row values are--------{1=com.java.Objects.TestDataDetails@35b652, 2=com.java.Objects.TestDataDetails@1a38fa1, 3=com.java.Objects.TestDataDetails@acb67a, 4=com.java.Objects.TestDataDetails@1668d9, 5=com.java.Objects.TestDataDetails@166f936, 6=com.java.Objects.TestDataDetails@118ac57}
[INFO ][2015-12-10 17:50:27,798][com.java.TestType] [  481] -  str(1) = 1
[INFO ][2015-12-10 17:50:27,798][com.java.TestType] [  484] - Test case Id is---1
[INFO ][2015-12-10 17:50:27,798][com.java.TestType] [  486] - 1
[INFO ][2015-12-10 17:50:27,798][com.java.TestType] [  481] -  str(2) = 7
[INFO ][2015-12-10 17:50:27,798][com.java.TestType] [  533] - row values are--------{1=com.java.Objects.TestDataDetails@35b652, 2=com.java.Objects.TestDataDetails@1a38fa1, 3=com.java.Objects.TestDataDetails@acb67a, 4=com.java.Objects.TestDataDetails@1668d9, 5=com.java.Objects.TestDataDetails@166f936, 6=com.java.Objects.TestDataDetails@118ac57, 7=com.java.Objects.TestDataDetails@1c200d0}
[INFO ][2015-12-10 17:50:27,798][com.java.TestType] [  481] -  str(1) = 1
[INFO ][2015-12-10 17:50:27,798][com.java.TestType] [  484] - Test case Id is---1
[INFO ][2015-12-10 17:50:27,798][com.java.TestType] [  486] - 1
[INFO ][2015-12-10 17:50:27,798][com.java.TestType] [  481] -  str(2) = 8
[INFO ][2015-12-10 17:50:27,798][com.java.TestType] [  533] - row values are--------{1=com.java.Objects.TestDataDetails@35b652, 2=com.java.Objects.TestDataDetails@1a38fa1, 3=com.java.Objects.TestDataDetails@acb67a, 4=com.java.Objects.TestDataDetails@1668d9, 5=com.java.Objects.TestDataDetails@166f936, 6=com.java.Objects.TestDataDetails@118ac57, 7=com.java.Objects.TestDataDetails@1c200d0, 8=com.java.Objects.TestDataDetails@1f46631}
[INFO ][2015-12-10 17:50:27,798][com.java.TestType] [  481] -  str(1) = 1
[INFO ][2015-12-10 17:50:27,798][com.java.TestType] [  484] - Test case Id is---1
[INFO ][2015-12-10 17:50:27,798][com.java.TestType] [  486] - 1
[INFO ][2015-12-10 17:50:27,798][com.java.TestType] [  481] -  str(2) = 9
[INFO ][2015-12-10 17:50:27,798][com.java.TestType] [  533] - row values are--------{1=com.java.Objects.TestDataDetails@35b652, 2=com.java.Objects.TestDataDetails@1a38fa1, 3=com.java.Objects.TestDataDetails@acb67a, 4=com.java.Objects.TestDataDetails@1668d9, 5=com.java.Objects.TestDataDetails@166f936, 6=com.java.Objects.TestDataDetails@118ac57, 7=com.java.Objects.TestDataDetails@1c200d0, 8=com.java.Objects.TestDataDetails@1f46631, 9=com.java.Objects.TestDataDetails@4eb331}
[INFO ][2015-12-10 17:50:27,798][com.java.TestType] [  481] -  str(1) = 1
[INFO ][2015-12-10 17:50:27,798][com.java.TestType] [  484] - Test case Id is---1
[INFO ][2015-12-10 17:50:27,798][com.java.TestType] [  486] - 1
[INFO ][2015-12-10 17:50:27,798][com.java.TestType] [  481] -  str(2) = 10
[INFO ][2015-12-10 17:50:27,798][com.java.TestType] [  533] - row values are--------{1=com.java.Objects.TestDataDetails@35b652, 2=com.java.Objects.TestDataDetails@1a38fa1, 3=com.java.Objects.TestDataDetails@acb67a, 4=com.java.Objects.TestDataDetails@1668d9, 5=com.java.Objects.TestDataDetails@166f936, 6=com.java.Objects.TestDataDetails@118ac57, 7=com.java.Objects.TestDataDetails@1c200d0, 8=com.java.Objects.TestDataDetails@1f46631, 9=com.java.Objects.TestDataDetails@4eb331, 10=com.java.Objects.TestDataDetails@de45aa}
[INFO ][2015-12-10 17:50:27,798][com.java.TestType] [  481] -  str(1) = 1
[INFO ][2015-12-10 17:50:27,798][com.java.TestType] [  484] - Test case Id is---1
[INFO ][2015-12-10 17:50:27,798][com.java.TestType] [  486] - 1
[INFO ][2015-12-10 17:50:27,798][com.java.TestType] [  481] -  str(2) = 11
[INFO ][2015-12-10 17:50:27,808][com.java.TestType] [  533] - row values are--------{1=com.java.Objects.TestDataDetails@35b652, 2=com.java.Objects.TestDataDetails@1a38fa1, 3=com.java.Objects.TestDataDetails@acb67a, 4=com.java.Objects.TestDataDetails@1668d9, 5=com.java.Objects.TestDataDetails@166f936, 6=com.java.Objects.TestDataDetails@118ac57, 7=com.java.Objects.TestDataDetails@1c200d0, 8=com.java.Objects.TestDataDetails@1f46631, 9=com.java.Objects.TestDataDetails@4eb331, 10=com.java.Objects.TestDataDetails@de45aa, 11=com.java.Objects.TestDataDetails@3a0946}
[INFO ][2015-12-10 17:50:27,808][com.java.TestType] [  481] -  str(1) = 1
[INFO ][2015-12-10 17:50:27,808][com.java.TestType] [  484] - Test case Id is---1
[INFO ][2015-12-10 17:50:27,808][com.java.TestType] [  486] - 1
[INFO ][2015-12-10 17:50:27,808][com.java.TestType] [  481] -  str(2) = 12
[INFO ][2015-12-10 17:50:27,808][com.java.TestType] [  533] - row values are--------{1=com.java.Objects.TestDataDetails@35b652, 2=com.java.Objects.TestDataDetails@1a38fa1, 3=com.java.Objects.TestDataDetails@acb67a, 4=com.java.Objects.TestDataDetails@1668d9, 5=com.java.Objects.TestDataDetails@166f936, 6=com.java.Objects.TestDataDetails@118ac57, 7=com.java.Objects.TestDataDetails@1c200d0, 8=com.java.Objects.TestDataDetails@1f46631, 9=com.java.Objects.TestDataDetails@4eb331, 10=com.java.Objects.TestDataDetails@de45aa, 11=com.java.Objects.TestDataDetails@3a0946, 12=com.java.Objects.TestDataDetails@17021de}
[INFO ][2015-12-10 17:50:27,808][com.java.TestType] [  481] -  str(1) = 1
[INFO ][2015-12-10 17:50:27,808][com.java.TestType] [  484] - Test case Id is---1
[INFO ][2015-12-10 17:50:27,808][com.java.TestType] [  486] - 1
[INFO ][2015-12-10 17:50:27,808][com.java.TestType] [  481] -  str(2) = 13
[INFO ][2015-12-10 17:50:27,808][com.java.TestType] [  533] - row values are--------{1=com.java.Objects.TestDataDetails@35b652, 2=com.java.Objects.TestDataDetails@1a38fa1, 3=com.java.Objects.TestDataDetails@acb67a, 4=com.java.Objects.TestDataDetails@1668d9, 5=com.java.Objects.TestDataDetails@166f936, 6=com.java.Objects.TestDataDetails@118ac57, 7=com.java.Objects.TestDataDetails@1c200d0, 8=com.java.Objects.TestDataDetails@1f46631, 9=com.java.Objects.TestDataDetails@4eb331, 10=com.java.Objects.TestDataDetails@de45aa, 11=com.java.Objects.TestDataDetails@3a0946, 12=com.java.Objects.TestDataDetails@17021de, 13=com.java.Objects.TestDataDetails@6637fa}
[INFO ][2015-12-10 17:50:27,808][com.java.TestType] [  481] -  str(1) = 1
[INFO ][2015-12-10 17:50:27,808][com.java.TestType] [  484] - Test case Id is---1
[INFO ][2015-12-10 17:50:27,808][com.java.TestType] [  486] - 1
[INFO ][2015-12-10 17:50:27,808][com.java.TestType] [  481] -  str(2) = 14
[INFO ][2015-12-10 17:50:27,808][com.java.TestType] [  533] - row values are--------{1=com.java.Objects.TestDataDetails@35b652, 2=com.java.Objects.TestDataDetails@1a38fa1, 3=com.java.Objects.TestDataDetails@acb67a, 4=com.java.Objects.TestDataDetails@1668d9, 5=com.java.Objects.TestDataDetails@166f936, 6=com.java.Objects.TestDataDetails@118ac57, 7=com.java.Objects.TestDataDetails@1c200d0, 8=com.java.Objects.TestDataDetails@1f46631, 9=com.java.Objects.TestDataDetails@4eb331, 10=com.java.Objects.TestDataDetails@de45aa, 11=com.java.Objects.TestDataDetails@3a0946, 12=com.java.Objects.TestDataDetails@17021de, 13=com.java.Objects.TestDataDetails@6637fa, 14=com.java.Objects.TestDataDetails@357d6c}
[INFO ][2015-12-10 17:50:27,808][com.java.TestType] [10074] - Looping 1TCID = 1
[DEBUG][2015-12-10 17:50:27,808][com.java.TestType] [10115] - Concept ID:1 :: Step being Executed: 1::1
[INFO ][2015-12-10 17:50:27,808][com.java.TestType] [10153] - dataFields : TXTusername
[DEBUG][2015-12-10 17:50:27,808][com.java.TestType] [10159] - <In Set values of the page>
[DEBUG][2015-12-10 17:50:27,808][com.java.TestType] [10164] - {Data Fields & Data Values Exist}
[INFO ][2015-12-10 17:50:27,808][com.java.TestType] [10170] - --------------------------setting values-----------------------------
[INFO ][2015-12-10 17:50:27,808][com.java.TestType] [10173] - Action Type : CLEARANDENTER
[INFO ][2015-12-10 17:50:27,808][com.java.TestType] [ 5500] - value = valuelabs.ie10.15310
[INFO ][2015-12-10 17:50:32,628][com.java.TestType] [10192] -  RESULT true
[INFO ][2015-12-10 17:50:32,628][com.java.TestType] [10309] - ?   P A S S   ?
[DEBUG][2015-12-10 17:50:32,628][com.java.TestType] [10115] - Concept ID:1 :: Step being Executed: 1::2
[INFO ][2015-12-10 17:50:32,628][com.java.TestType] [10153] - dataFields : TXTpassword
[DEBUG][2015-12-10 17:50:32,628][com.java.TestType] [10159] - <In Set values of the page>
[DEBUG][2015-12-10 17:50:32,628][com.java.TestType] [10164] - {Data Fields & Data Values Exist}
[INFO ][2015-12-10 17:50:32,628][com.java.TestType] [10170] - --------------------------setting values-----------------------------
[INFO ][2015-12-10 17:50:32,628][com.java.TestType] [10173] - Action Type : CLEARANDENTER
[INFO ][2015-12-10 17:50:32,628][com.java.TestType] [ 5500] - value = Password1*
[INFO ][2015-12-10 17:50:37,572][com.java.TestType] [10192] -  RESULT true
[INFO ][2015-12-10 17:50:37,572][com.java.TestType] [10309] - ?   P A S S   ?
[DEBUG][2015-12-10 17:50:37,572][com.java.TestType] [10115] - Concept ID:1 :: Step being Executed: 1::3
[ERROR][2015-12-10 17:50:37,572][com.java.TestType] [10148] - Exception: null
[INFO ][2015-12-10 17:50:37,572][com.java.TestType] [10153] - dataFields : XPH//button[@type='submit']
[DEBUG][2015-12-10 17:50:37,572][com.java.TestType] [10159] - <In Set values of the page>
[DEBUG][2015-12-10 17:50:37,572][com.java.TestType] [10164] - {Data Fields & Data Values Exist}
[INFO ][2015-12-10 17:50:37,572][com.java.TestType] [10170] - --------------------------setting values-----------------------------
[INFO ][2015-12-10 17:50:37,572][com.java.TestType] [10173] - Action Type : Click
[INFO ][2015-12-10 17:50:37,572][com.java.TestType] [ 5849] - Field ::XPH//button[@type='submit']
[INFO ][2015-12-10 17:50:37,572][com.java.TestType] [ 5500] - value = 
[INFO ][2015-12-10 17:50:38,572][com.java.TestType] [ 5956] - BEFORE CLICK
[INFO ][2015-12-10 17:50:39,412][com.java.TestType] [ 5964] - Unable to click the object Login
[INFO ][2015-12-10 17:50:39,412][com.java.TestType] [10192] -  RESULT true
[INFO ][2015-12-10 17:50:39,412][com.java.TestType] [10309] - ?   P A S S   ?
[DEBUG][2015-12-10 17:50:39,412][com.java.TestType] [10115] - Concept ID:1 :: Step being Executed: 1::4
[INFO ][2015-12-10 17:50:39,412][com.java.TestType] [10153] - dataFields : LNKLogout
[DEBUG][2015-12-10 17:50:39,412][com.java.TestType] [10159] - <In Set values of the page>
[DEBUG][2015-12-10 17:50:39,412][com.java.TestType] [10164] - {Data Fields & Data Values Exist}
[INFO ][2015-12-10 17:50:39,412][com.java.TestType] [10170] - --------------------------setting values-----------------------------
[INFO ][2015-12-10 17:50:39,412][com.java.TestType] [10173] - Action Type : WaitForElement
[INFO ][2015-12-10 17:50:47,281][com.java.TestType] [10192] -  RESULT true
[INFO ][2015-12-10 17:50:47,281][com.java.TestType] [10309] - ?   P A S S   ?
[DEBUG][2015-12-10 17:50:47,281][com.java.TestType] [10115] - Concept ID:1 :: Step being Executed: 1::13
[INFO ][2015-12-10 17:50:47,281][com.java.TestType] [10153] - dataFields : LNK
[DEBUG][2015-12-10 17:50:47,281][com.java.TestType] [10159] - <In Set values of the page>
[DEBUG][2015-12-10 17:50:47,281][com.java.TestType] [10164] - {Data Fields & Data Values Exist}
[INFO ][2015-12-10 17:50:47,281][com.java.TestType] [10170] - --------------------------setting values-----------------------------
[INFO ][2015-12-10 17:50:47,281][com.java.TestType] [10173] - Action Type : Verify
[INFO ][2015-12-10 17:50:47,281][com.java.TestType] [ 6762] - field= LNK value= Logout
[INFO ][2015-12-10 17:50:47,284][com.java.TestType] [ 5500] - value = Logout
[INFO ][2015-12-10 17:50:47,319][com.java.TestType] [10192] -  RESULT true
[INFO ][2015-12-10 17:50:47,322][com.java.TestType] [10309] - ?   P A S S   ?
[DEBUG][2015-12-10 17:50:47,322][com.java.TestType] [10115] - Concept ID:1 :: Step being Executed: 1::14
[INFO ][2015-12-10 17:50:47,322][com.java.TestType] [10153] - dataFields : BTN
[DEBUG][2015-12-10 17:50:47,322][com.java.TestType] [10159] - <In Set values of the page>
[DEBUG][2015-12-10 17:50:47,322][com.java.TestType] [10164] - {Data Fields & Data Values Exist}
[INFO ][2015-12-10 17:50:47,322][com.java.TestType] [10170] - --------------------------setting values-----------------------------
[INFO ][2015-12-10 17:50:47,322][com.java.TestType] [10173] - Action Type : Verify
[INFO ][2015-12-10 17:50:47,322][com.java.TestType] [ 6762] - field= BTN value= //img[contains(@src,'bdlogo.jpg')]
[INFO ][2015-12-10 17:50:47,322][com.java.TestType] [ 5500] - value = //img[contains(@src,'bdlogo.jpg')]
[INFO ][2015-12-10 17:50:47,399][com.java.TestType] [10192] -  RESULT true
[INFO ][2015-12-10 17:50:47,399][com.java.TestType] [10309] - ?   P A S S   ?
[INFO ][2015-12-10 17:50:47,399][com.java.TestType] [10380] - Looping End......
[INFO ][2015-12-10 17:50:47,399][com.java.SeleniumDriver] [  894] -  RESULT true
[INFO ][2015-12-10 17:50:47,399][com.java.SeleniumDriver] [ 1100] - ?   P A S S   ?
[INFO ][2015-12-10 17:50:47,399][com.java.SeleniumDriver] [  821] - ------------------------------------------
[INFO ][2015-12-10 17:50:47,399][com.java.SeleniumDriver] [  822] - Test case being Executed: 1
[INFO ][2015-12-10 17:50:47,399][com.java.SeleniumDriver] [  833] - Test step:2
[INFO ][2015-12-10 17:50:47,399][com.java.SeleniumDriver] [  845] - Datavalue is----------Concept#2:1-2
[INFO ][2015-12-10 17:50:47,399][com.java.SeleniumDriver] [  869] - DataField : test
[INFO ][2015-12-10 17:50:47,399][com.java.SeleniumDriver] [  871] - DataValue : Concept#2:1-2
[INFO ][2015-12-10 17:50:47,399][com.java.SeleniumDriver] [  877] - <In Set values of the page>
[INFO ][2015-12-10 17:50:47,399][com.java.SeleniumDriver] [  880] - {Data Fields & Data Values Exist}
[INFO ][2015-12-10 17:50:47,399][com.java.SeleniumDriver] [  882] - --------------------------setting values-----------------------------
[INFO ][2015-12-10 17:50:47,399][com.java.SeleniumDriver] [  885] - Action Type : ExecuteTestCase
[INFO ][2015-12-10 17:50:47,399][com.java.TestType] [  436] - The Concept sheet name is ---------- Concept
[INFO ][2015-12-10 17:50:47,399][com.java.TestType] [  439] - The Concept ID  is ---------- 2
[DEBUG][2015-12-10 17:50:47,399][com.java.TestType] [  443] - Steps being executted in the Concept are: 1:2
[INFO ][2015-12-10 17:50:47,399][com.java.TestType] [  450] - Test data details path ---------- D:\BankersDashboard\TestInputs\TestData.xls
[INFO ][2015-12-10 17:50:47,429][com.java.TestType] [  481] -  str(1) = 2
[INFO ][2015-12-10 17:50:47,429][com.java.TestType] [  484] - Test case Id is---2
[INFO ][2015-12-10 17:50:47,429][com.java.TestType] [  486] - 2
[INFO ][2015-12-10 17:50:47,429][com.java.TestType] [  481] -  str(2) = 1
[INFO ][2015-12-10 17:50:47,439][com.java.TestType] [  533] - row values are--------{1=com.java.Objects.TestDataDetails@281eff}
[INFO ][2015-12-10 17:50:47,439][com.java.TestType] [  481] -  str(1) = 2
[INFO ][2015-12-10 17:50:47,439][com.java.TestType] [  484] - Test case Id is---2
[INFO ][2015-12-10 17:50:47,439][com.java.TestType] [  486] - 2
[INFO ][2015-12-10 17:50:47,439][com.java.TestType] [  481] -  str(2) = 2
[INFO ][2015-12-10 17:50:47,439][com.java.TestType] [  533] - row values are--------{1=com.java.Objects.TestDataDetails@281eff, 2=com.java.Objects.TestDataDetails@b64100}
[INFO ][2015-12-10 17:50:47,439][com.java.TestType] [  481] -  str(1) = 2
[INFO ][2015-12-10 17:50:47,439][com.java.TestType] [  484] - Test case Id is---2
[INFO ][2015-12-10 17:50:47,439][com.java.TestType] [  486] - 2
[INFO ][2015-12-10 17:50:47,439][com.java.TestType] [  481] -  str(2) = 3
[INFO ][2015-12-10 17:50:47,439][com.java.TestType] [  533] - row values are--------{1=com.java.Objects.TestDataDetails@281eff, 2=com.java.Objects.TestDataDetails@b64100, 3=com.java.Objects.TestDataDetails@1658b53}
[INFO ][2015-12-10 17:50:47,439][com.java.TestType] [10074] - Looping 1TCID = 2
[DEBUG][2015-12-10 17:50:47,439][com.java.TestType] [10115] - Concept ID:2 :: Step being Executed: 2::1
[INFO ][2015-12-10 17:50:47,439][com.java.TestType] [10153] - dataFields : BNK//select[@id='bank']
[DEBUG][2015-12-10 17:50:47,439][com.java.TestType] [10159] - <In Set values of the page>
[DEBUG][2015-12-10 17:50:47,439][com.java.TestType] [10164] - {Data Fields & Data Values Exist}
[INFO ][2015-12-10 17:50:47,439][com.java.TestType] [10170] - --------------------------setting values-----------------------------
[INFO ][2015-12-10 17:50:47,439][com.java.TestType] [10173] - Action Type : Select
[INFO ][2015-12-10 17:50:47,439][com.java.TestType] [ 5500] - value = PFC
[INFO ][2015-12-10 17:50:47,737][com.java.TestType] [10192] -  RESULT true
[INFO ][2015-12-10 17:50:47,737][com.java.TestType] [10309] - ?   P A S S   ?
[DEBUG][2015-12-10 17:50:47,737][com.java.TestType] [10115] - Concept ID:2 :: Step being Executed: 2::2
[INFO ][2015-12-10 17:50:47,737][com.java.TestType] [10153] - dataFields : LNKLogout
[DEBUG][2015-12-10 17:50:47,737][com.java.TestType] [10159] - <In Set values of the page>
[DEBUG][2015-12-10 17:50:47,737][com.java.TestType] [10164] - {Data Fields & Data Values Exist}
[INFO ][2015-12-10 17:50:47,737][com.java.TestType] [10170] - --------------------------setting values-----------------------------
[INFO ][2015-12-10 17:50:47,737][com.java.TestType] [10173] - Action Type : WaitTime
[DEBUG][2015-12-10 17:50:47,737][com.java.TestType] [ 5320] - sleepTime: 5000
[INFO ][2015-12-10 17:50:52,757][com.java.TestType] [10192] -  RESULT true
[INFO ][2015-12-10 17:50:52,757][com.java.TestType] [10309] - ?   P A S S   ?
[INFO ][2015-12-10 17:50:52,757][com.java.TestType] [10380] - Looping End......
[INFO ][2015-12-10 17:50:52,757][com.java.SeleniumDriver] [  894] -  RESULT true
[INFO ][2015-12-10 17:50:52,757][com.java.SeleniumDriver] [ 1100] - ?   P A S S   ?
[INFO ][2015-12-10 17:50:52,757][com.java.SeleniumDriver] [  821] - ------------------------------------------
[INFO ][2015-12-10 17:50:52,757][com.java.SeleniumDriver] [  822] - Test case being Executed: 1
[INFO ][2015-12-10 17:50:52,757][com.java.SeleniumDriver] [  833] - Test step:3
[INFO ][2015-12-10 17:50:52,757][com.java.SeleniumDriver] [  845] - Datavalue is----------2
[INFO ][2015-12-10 17:50:52,757][com.java.SeleniumDriver] [  869] - DataField : XPH//button[contains(text(),'Add Content')]
[INFO ][2015-12-10 17:50:52,757][com.java.SeleniumDriver] [  871] - DataValue : 2
[INFO ][2015-12-10 17:50:52,757][com.java.SeleniumDriver] [  877] - <In Set values of the page>
[INFO ][2015-12-10 17:50:52,757][com.java.SeleniumDriver] [  880] - {Data Fields & Data Values Exist}
[INFO ][2015-12-10 17:50:52,757][com.java.SeleniumDriver] [  882] - --------------------------setting values-----------------------------
[INFO ][2015-12-10 17:50:52,757][com.java.SeleniumDriver] [  885] - Action Type : WAITFORELEMENT
[INFO ][2015-12-10 17:50:52,798][com.java.SeleniumDriver] [  894] -  RESULT true
[INFO ][2015-12-10 17:50:52,798][com.java.SeleniumDriver] [ 1100] - ?   P A S S   ?
[DEBUG][2015-12-10 17:50:52,798][com.java.SeleniumDriver] [ 1212] - Case found
[DEBUG][2015-12-10 17:50:52,798][com.java.SeleniumDriver] [ 1217] - Incrementing ReportCounters[0]:1
[INFO ][2015-12-10 17:50:52,798][com.java.SeleniumDriver] [ 1236] - The results are-------------------[1, 1, Valid Login, Pass, , Thu Dec 10 17:50:47 IST 2015, 1, 2, Valid Login, Pass, , Thu Dec 10 17:50:52 IST 2015, 1, 3, Valid Login, Pass, , Thu Dec 10 17:50:52 IST 2015]
[INFO ][2015-12-10 17:50:52,798][com.java.SeleniumDriver] [ 1240] - End time is-------39 sec
[INFO ][2015-12-10 17:50:52,798][com.java.SeleniumDriver] [ 1241] - The results are-------------------[1, 1, Valid Login, Pass, , Thu Dec 10 17:50:47 IST 2015, 1, 2, Valid Login, Pass, , Thu Dec 10 17:50:52 IST 2015, 1, 3, Valid Login, Pass, , Thu Dec 10 17:50:52 IST 2015]
[DEBUG][2015-12-10 17:50:52,798][com.java.ImportnExport.ExportTestResultsExcel] [  222] - testResultPath = D:\BankersDashboard/TestReports/Test Results_BankersDashBoard_121015_175015_IE10_CB&S Bank.xls
[DEBUG][2015-12-10 17:50:52,798][com.java.ImportnExport.ExportTestResultsExcel] [  223] - browser is------------IE10
[DEBUG][2015-12-10 17:50:52,838][com.java.ImportnExport.ExportTestResultsExcel] [  270] - result.size() = 18
[DEBUG][2015-12-10 17:50:52,838][com.java.ImportnExport.ExportTestResultsExcel] [  274] - No of rows in sheet=1
[DEBUG][2015-12-10 17:50:52,838][com.java.ImportnExport.ExportTestResultsExcel] [  301] - ..in export..1
[DEBUG][2015-12-10 17:50:52,838][com.java.ImportnExport.ExportTestResultsExcel] [  301] - ..in export..Valid Login
[DEBUG][2015-12-10 17:50:52,838][com.java.ImportnExport.ExportTestResultsExcel] [  301] - ..in export..Pass
[DEBUG][2015-12-10 17:50:52,838][com.java.ImportnExport.ExportTestResultsExcel] [  301] - ..in export..
[DEBUG][2015-12-10 17:50:52,838][com.java.ImportnExport.ExportTestResultsExcel] [  301] - ..in export..Thu Dec 10 17:50:47 IST 2015
[INFO ][2015-12-10 17:50:52,838][com.java.SeleniumDriver] [ 1299] - out loop:0 size:2 TestCases:[1, 13] testcases:[1, 13]
[INFO ][2015-12-10 17:50:52,838][com.java.ImportnExport.ImportTestDataDetailsExcel] [   49] - test data details path===== D:\BankersDashboard\TestInputs\TestData.xls
[INFO ][2015-12-10 17:51:11,875][com.java.SeleniumDriver] [  821] - ------------------------------------------
[INFO ][2015-12-10 17:51:11,875][com.java.SeleniumDriver] [  822] - Test case being Executed: 13
[INFO ][2015-12-10 17:51:11,875][com.java.SeleniumDriver] [  833] - Test step:1
[INFO ][2015-12-10 17:51:11,875][com.java.SeleniumDriver] [  845] - Datavalue is----------Logout
[INFO ][2015-12-10 17:51:11,875][com.java.SeleniumDriver] [  869] - DataField : BTN
[INFO ][2015-12-10 17:51:11,875][com.java.SeleniumDriver] [  871] - DataValue : Logout
[INFO ][2015-12-10 17:51:11,875][com.java.SeleniumDriver] [  877] - <In Set values of the page>
[INFO ][2015-12-10 17:51:11,875][com.java.SeleniumDriver] [  880] - {Data Fields & Data Values Exist}
[INFO ][2015-12-10 17:51:11,875][com.java.SeleniumDriver] [  882] - --------------------------setting values-----------------------------
[INFO ][2015-12-10 17:51:11,875][com.java.SeleniumDriver] [  885] - Action Type : Verify
[INFO ][2015-12-10 17:51:11,875][com.java.TestType] [ 6762] - field= BTN value= Logout
[INFO ][2015-12-10 17:51:11,875][com.java.TestType] [ 5500] - value = Logout
[INFO ][2015-12-10 17:51:11,956][com.java.SeleniumDriver] [  894] -  RESULT true
[INFO ][2015-12-10 17:51:11,956][com.java.SeleniumDriver] [ 1100] - ?   P A S S   ?
[INFO ][2015-12-10 17:51:11,956][com.java.SeleniumDriver] [ 1142] - step change to 3
[INFO ][2015-12-10 17:51:11,956][com.java.SeleniumDriver] [  821] - ------------------------------------------
[INFO ][2015-12-10 17:51:11,956][com.java.SeleniumDriver] [  822] - Test case being Executed: 13
[INFO ][2015-12-10 17:51:11,956][com.java.SeleniumDriver] [  833] - Test step:3
[INFO ][2015-12-10 17:51:11,956][com.java.SeleniumDriver] [  845] - Datavalue is----------Concept#2:1-2
[INFO ][2015-12-10 17:51:11,956][com.java.SeleniumDriver] [  869] - DataField : test
[INFO ][2015-12-10 17:51:11,956][com.java.SeleniumDriver] [  871] - DataValue : Concept#2:1-2
[INFO ][2015-12-10 17:51:11,956][com.java.SeleniumDriver] [  877] - <In Set values of the page>
[INFO ][2015-12-10 17:51:11,956][com.java.SeleniumDriver] [  880] - {Data Fields & Data Values Exist}
[INFO ][2015-12-10 17:51:11,956][com.java.SeleniumDriver] [  882] - --------------------------setting values-----------------------------
[INFO ][2015-12-10 17:51:11,956][com.java.SeleniumDriver] [  885] - Action Type : ExecuteTestCase
[INFO ][2015-12-10 17:51:11,956][com.java.TestType] [  436] - The Concept sheet name is ---------- Concept
[INFO ][2015-12-10 17:51:11,956][com.java.TestType] [  439] - The Concept ID  is ---------- 2
[DEBUG][2015-12-10 17:51:11,956][com.java.TestType] [  443] - Steps being executted in the Concept are: 1:2
[INFO ][2015-12-10 17:51:11,956][com.java.TestType] [  450] - Test data details path ---------- D:\BankersDashboard\TestInputs\TestData.xls
[INFO ][2015-12-10 17:51:11,986][com.java.TestType] [  481] -  str(1) = 2
[INFO ][2015-12-10 17:51:11,986][com.java.TestType] [  484] - Test case Id is---2
[INFO ][2015-12-10 17:51:11,986][com.java.TestType] [  486] - 2
[INFO ][2015-12-10 17:51:11,986][com.java.TestType] [  481] -  str(2) = 1
[INFO ][2015-12-10 17:51:11,986][com.java.TestType] [  533] - row values are--------{1=com.java.Objects.TestDataDetails@15c9dcd}
[INFO ][2015-12-10 17:51:11,986][com.java.TestType] [  481] -  str(1) = 2
[INFO ][2015-12-10 17:51:11,986][com.java.TestType] [  484] - Test case Id is---2
[INFO ][2015-12-10 17:51:11,986][com.java.TestType] [  486] - 2
[INFO ][2015-12-10 17:51:11,986][com.java.TestType] [  481] -  str(2) = 2
[INFO ][2015-12-10 17:51:11,986][com.java.TestType] [  533] - row values are--------{1=com.java.Objects.TestDataDetails@15c9dcd, 2=com.java.Objects.TestDataDetails@11ae5c1}
[INFO ][2015-12-10 17:51:11,986][com.java.TestType] [  481] -  str(1) = 2
[INFO ][2015-12-10 17:51:11,986][com.java.TestType] [  484] - Test case Id is---2
[INFO ][2015-12-10 17:51:11,986][com.java.TestType] [  486] - 2
[INFO ][2015-12-10 17:51:11,986][com.java.TestType] [  481] -  str(2) = 3
[INFO ][2015-12-10 17:51:11,986][com.java.TestType] [  533] - row values are--------{1=com.java.Objects.TestDataDetails@15c9dcd, 2=com.java.Objects.TestDataDetails@11ae5c1, 3=com.java.Objects.TestDataDetails@72ee46}
[INFO ][2015-12-10 17:51:11,986][com.java.TestType] [10074] - Looping 1TCID = 2
[DEBUG][2015-12-10 17:51:11,986][com.java.TestType] [10115] - Concept ID:2 :: Step being Executed: 2::1
[INFO ][2015-12-10 17:51:11,986][com.java.TestType] [10153] - dataFields : BNK//select[@id='bank']
[DEBUG][2015-12-10 17:51:11,986][com.java.TestType] [10159] - <In Set values of the page>
[DEBUG][2015-12-10 17:51:11,986][com.java.TestType] [10164] - {Data Fields & Data Values Exist}
[INFO ][2015-12-10 17:51:11,986][com.java.TestType] [10170] - --------------------------setting values-----------------------------
[INFO ][2015-12-10 17:51:11,986][com.java.TestType] [10173] - Action Type : Select
[INFO ][2015-12-10 17:51:11,986][com.java.TestType] [ 5500] - value = PFC
[INFO ][2015-12-10 17:51:12,176][com.java.TestType] [10192] -  RESULT true
[INFO ][2015-12-10 17:51:12,176][com.java.TestType] [10309] - ?   P A S S   ?
[DEBUG][2015-12-10 17:51:12,176][com.java.TestType] [10115] - Concept ID:2 :: Step being Executed: 2::2
[INFO ][2015-12-10 17:51:12,176][com.java.TestType] [10153] - dataFields : LNKLogout
[DEBUG][2015-12-10 17:51:12,176][com.java.TestType] [10159] - <In Set values of the page>
[DEBUG][2015-12-10 17:51:12,176][com.java.TestType] [10164] - {Data Fields & Data Values Exist}
[INFO ][2015-12-10 17:51:12,176][com.java.TestType] [10170] - --------------------------setting values-----------------------------
[INFO ][2015-12-10 17:51:12,176][com.java.TestType] [10173] - Action Type : WaitTime
[DEBUG][2015-12-10 17:51:12,176][com.java.TestType] [ 5320] - sleepTime: 5000
[INFO ][2015-12-10 17:51:17,176][com.java.TestType] [10192] -  RESULT true
[INFO ][2015-12-10 17:51:17,176][com.java.TestType] [10309] - ?   P A S S   ?
[INFO ][2015-12-10 17:51:17,176][com.java.TestType] [10380] - Looping End......
[INFO ][2015-12-10 17:51:17,176][com.java.SeleniumDriver] [  894] -  RESULT true
[INFO ][2015-12-10 17:51:17,176][com.java.SeleniumDriver] [ 1100] - ?   P A S S   ?
[INFO ][2015-12-10 17:51:17,176][com.java.SeleniumDriver] [  821] - ------------------------------------------
[INFO ][2015-12-10 17:51:17,176][com.java.SeleniumDriver] [  822] - Test case being Executed: 13
[INFO ][2015-12-10 17:51:17,176][com.java.SeleniumDriver] [  833] - Test step:4
[INFO ][2015-12-10 17:51:17,176][com.java.SeleniumDriver] [  845] - Datavalue is----------Concept#7:1-37
[INFO ][2015-12-10 17:51:17,176][com.java.SeleniumDriver] [  869] - DataField : test
[INFO ][2015-12-10 17:51:17,176][com.java.SeleniumDriver] [  871] - DataValue : Concept#7:1-37
[INFO ][2015-12-10 17:51:17,176][com.java.SeleniumDriver] [  877] - <In Set values of the page>
[INFO ][2015-12-10 17:51:17,176][com.java.SeleniumDriver] [  880] - {Data Fields & Data Values Exist}
[INFO ][2015-12-10 17:51:17,176][com.java.SeleniumDriver] [  882] - --------------------------setting values-----------------------------
[INFO ][2015-12-10 17:51:17,176][com.java.SeleniumDriver] [  885] - Action Type : ExecuteTestCase
[INFO ][2015-12-10 17:51:17,176][com.java.TestType] [  436] - The Concept sheet name is ---------- Concept
[INFO ][2015-12-10 17:51:17,176][com.java.TestType] [  439] - The Concept ID  is ---------- 7
[DEBUG][2015-12-10 17:51:17,176][com.java.TestType] [  443] - Steps being executted in the Concept are: 1:37
[INFO ][2015-12-10 17:51:17,176][com.java.TestType] [  450] - Test data details path ---------- D:\BankersDashboard\TestInputs\TestData.xls
[INFO ][2015-12-10 17:51:17,218][com.java.TestType] [  481] -  str(1) = 7
[INFO ][2015-12-10 17:51:17,218][com.java.TestType] [  484] - Test case Id is---7
[INFO ][2015-12-10 17:51:17,218][com.java.TestType] [  486] - 7
[INFO ][2015-12-10 17:51:17,218][com.java.TestType] [  481] -  str(2) = 1
[INFO ][2015-12-10 17:51:17,218][com.java.TestType] [  533] - row values are--------{1=com.java.Objects.TestDataDetails@1093d14}
[INFO ][2015-12-10 17:51:17,218][com.java.TestType] [  481] -  str(1) = 7
[INFO ][2015-12-10 17:51:17,218][com.java.TestType] [  484] - Test case Id is---7
[INFO ][2015-12-10 17:51:17,218][com.java.TestType] [  486] - 7
[INFO ][2015-12-10 17:51:17,218][com.java.TestType] [  481] -  str(2) = 2
[INFO ][2015-12-10 17:51:17,218][com.java.TestType] [  533] - row values are--------{1=com.java.Objects.TestDataDetails@1093d14, 2=com.java.Objects.TestDataDetails@6f653b}
[INFO ][2015-12-10 17:51:17,218][com.java.TestType] [  481] -  str(1) = 7
[INFO ][2015-12-10 17:51:17,218][com.java.TestType] [  484] - Test case Id is---7
[INFO ][2015-12-10 17:51:17,218][com.java.TestType] [  486] - 7
[INFO ][2015-12-10 17:51:17,218][com.java.TestType] [  481] -  str(2) = 3
[INFO ][2015-12-10 17:51:17,218][com.java.TestType] [  533] - row values are--------{1=com.java.Objects.TestDataDetails@1093d14, 2=com.java.Objects.TestDataDetails@6f653b, 3=com.java.Objects.TestDataDetails@18a5332}
[INFO ][2015-12-10 17:51:17,218][com.java.TestType] [  481] -  str(1) = 7
[INFO ][2015-12-10 17:51:17,218][com.java.TestType] [  484] - Test case Id is---7
[INFO ][2015-12-10 17:51:17,228][com.java.TestType] [  486] - 7
[INFO ][2015-12-10 17:51:17,228][com.java.TestType] [  481] -  str(2) = 4
[INFO ][2015-12-10 17:51:17,228][com.java.TestType] [  533] - row values are--------{1=com.java.Objects.TestDataDetails@1093d14, 2=com.java.Objects.TestDataDetails@6f653b, 3=com.java.Objects.TestDataDetails@18a5332, 4=com.java.Objects.TestDataDetails@2fc571}
[INFO ][2015-12-10 17:51:17,228][com.java.TestType] [  481] -  str(1) = 7
[INFO ][2015-12-10 17:51:17,228][com.java.TestType] [  484] - Test case Id is---7
[INFO ][2015-12-10 17:51:17,228][com.java.TestType] [  486] - 7
[INFO ][2015-12-10 17:51:17,228][com.java.TestType] [  481] -  str(2) = 5
[INFO ][2015-12-10 17:51:17,228][com.java.TestType] [  533] - row values are--------{1=com.java.Objects.TestDataDetails@1093d14, 2=com.java.Objects.TestDataDetails@6f653b, 3=com.java.Objects.TestDataDetails@18a5332, 4=com.java.Objects.TestDataDetails@2fc571, 5=com.java.Objects.TestDataDetails@1c50966}
[INFO ][2015-12-10 17:51:17,228][com.java.TestType] [  481] -  str(1) = 7
[INFO ][2015-12-10 17:51:17,228][com.java.TestType] [  484] - Test case Id is---7
[INFO ][2015-12-10 17:51:17,228][com.java.TestType] [  486] - 7
[INFO ][2015-12-10 17:51:17,228][com.java.TestType] [  481] -  str(2) = 6
[INFO ][2015-12-10 17:51:17,228][com.java.TestType] [  533] - row values are--------{1=com.java.Objects.TestDataDetails@1093d14, 2=com.java.Objects.TestDataDetails@6f653b, 3=com.java.Objects.TestDataDetails@18a5332, 4=com.java.Objects.TestDataDetails@2fc571, 5=com.java.Objects.TestDataDetails@1c50966, 6=com.java.Objects.TestDataDetails@68ca71}
[INFO ][2015-12-10 17:51:17,228][com.java.TestType] [  481] -  str(1) = 7
[INFO ][2015-12-10 17:51:17,228][com.java.TestType] [  484] - Test case Id is---7
[INFO ][2015-12-10 17:51:17,228][com.java.TestType] [  486] - 7
[INFO ][2015-12-10 17:51:17,228][com.java.TestType] [  481] -  str(2) = 7
[INFO ][2015-12-10 17:51:17,228][com.java.TestType] [  533] - row values are--------{1=com.java.Objects.TestDataDetails@1093d14, 2=com.java.Objects.TestDataDetails@6f653b, 3=com.java.Objects.TestDataDetails@18a5332, 4=com.java.Objects.TestDataDetails@2fc571, 5=com.java.Objects.TestDataDetails@1c50966, 6=com.java.Objects.TestDataDetails@68ca71, 7=com.java.Objects.TestDataDetails@7493ae}
[INFO ][2015-12-10 17:51:17,228][com.java.TestType] [  481] -  str(1) = 7
[INFO ][2015-12-10 17:51:17,228][com.java.TestType] [  484] - Test case Id is---7
[INFO ][2015-12-10 17:51:17,228][com.java.TestType] [  486] - 7
[INFO ][2015-12-10 17:51:17,228][com.java.TestType] [  481] -  str(2) = 8
[INFO ][2015-12-10 17:51:17,228][com.java.TestType] [  533] - row values are--------{1=com.java.Objects.TestDataDetails@1093d14, 2=com.java.Objects.TestDataDetails@6f653b, 3=com.java.Objects.TestDataDetails@18a5332, 4=com.java.Objects.TestDataDetails@2fc571, 5=com.java.Objects.TestDataDetails@1c50966, 6=com.java.Objects.TestDataDetails@68ca71, 7=com.java.Objects.TestDataDetails@7493ae, 8=com.java.Objects.TestDataDetails@173fce}
[INFO ][2015-12-10 17:51:17,228][com.java.TestType] [  481] -  str(1) = 7
[INFO ][2015-12-10 17:51:17,228][com.java.TestType] [  484] - Test case Id is---7
[INFO ][2015-12-10 17:51:17,228][com.java.TestType] [  486] - 7
[INFO ][2015-12-10 17:51:17,228][com.java.TestType] [  481] -  str(2) = 9
[INFO ][2015-12-10 17:51:17,228][com.java.TestType] [  533] - row values are--------{1=com.java.Objects.TestDataDetails@1093d14, 2=com.java.Objects.TestDataDetails@6f653b, 3=com.java.Objects.TestDataDetails@18a5332, 4=com.java.Objects.TestDataDetails@2fc571, 5=com.java.Objects.TestDataDetails@1c50966, 6=com.java.Objects.TestDataDetails@68ca71, 7=com.java.Objects.TestDataDetails@7493ae, 8=com.java.Objects.TestDataDetails@173fce, 9=com.java.Objects.TestDataDetails@5a12d5}
[INFO ][2015-12-10 17:51:17,228][com.java.TestType] [  481] -  str(1) = 7
[INFO ][2015-12-10 17:51:17,228][com.java.TestType] [  484] - Test case Id is---7
[INFO ][2015-12-10 17:51:17,228][com.java.TestType] [  486] - 7
[INFO ][2015-12-10 17:51:17,228][com.java.TestType] [  481] -  str(2) = 10
[INFO ][2015-12-10 17:51:17,228][com.java.TestType] [  533] - row values are--------{1=com.java.Objects.TestDataDetails@1093d14, 2=com.java.Objects.TestDataDetails@6f653b, 3=com.java.Objects.TestDataDetails@18a5332, 4=com.java.Objects.TestDataDetails@2fc571, 5=com.java.Objects.TestDataDetails@1c50966, 6=com.java.Objects.TestDataDetails@68ca71, 7=com.java.Objects.TestDataDetails@7493ae, 8=com.java.Objects.TestDataDetails@173fce, 9=com.java.Objects.TestDataDetails@5a12d5, 10=com.java.Objects.TestDataDetails@11f99f2}
[INFO ][2015-12-10 17:51:17,228][com.java.TestType] [  481] -  str(1) = 7
[INFO ][2015-12-10 17:51:17,228][com.java.TestType] [  484] - Test case Id is---7
[INFO ][2015-12-10 17:51:17,228][com.java.TestType] [  486] - 7
[INFO ][2015-12-10 17:51:17,228][com.java.TestType] [  481] -  str(2) = 11
[INFO ][2015-12-10 17:51:17,228][com.java.TestType] [  533] - row values are--------{1=com.java.Objects.TestDataDetails@1093d14, 2=com.java.Objects.TestDataDetails@6f653b, 3=com.java.Objects.TestDataDetails@18a5332, 4=com.java.Objects.TestDataDetails@2fc571, 5=com.java.Objects.TestDataDetails@1c50966, 6=com.java.Objects.TestDataDetails@68ca71, 7=com.java.Objects.TestDataDetails@7493ae, 8=com.java.Objects.TestDataDetails@173fce, 9=com.java.Objects.TestDataDetails@5a12d5, 10=com.java.Objects.TestDataDetails@11f99f2, 11=com.java.Objects.TestDataDetails@1c5c8c3}
[INFO ][2015-12-10 17:51:17,228][com.java.TestType] [  481] -  str(1) = 7
[INFO ][2015-12-10 17:51:17,228][com.java.TestType] [  484] - Test case Id is---7
[INFO ][2015-12-10 17:51:17,228][com.java.TestType] [  486] - 7
[INFO ][2015-12-10 17:51:17,228][com.java.TestType] [  481] -  str(2) = 12
[INFO ][2015-12-10 17:51:17,228][com.java.TestType] [  533] - row values are--------{1=com.java.Objects.TestDataDetails@1093d14, 2=com.java.Objects.TestDataDetails@6f653b, 3=com.java.Objects.TestDataDetails@18a5332, 4=com.java.Objects.TestDataDetails@2fc571, 5=com.java.Objects.TestDataDetails@1c50966, 6=com.java.Objects.TestDataDetails@68ca71, 7=com.java.Objects.TestDataDetails@7493ae, 8=com.java.Objects.TestDataDetails@173fce, 9=com.java.Objects.TestDataDetails@5a12d5, 10=com.java.Objects.TestDataDetails@11f99f2, 11=com.java.Objects.TestDataDetails@1c5c8c3, 12=com.java.Objects.TestDataDetails@144dd8e}
[INFO ][2015-12-10 17:51:17,228][com.java.TestType] [  481] -  str(1) = 7
[INFO ][2015-12-10 17:51:17,228][com.java.TestType] [  484] - Test case Id is---7
[INFO ][2015-12-10 17:51:17,228][com.java.TestType] [  486] - 7
[INFO ][2015-12-10 17:51:17,228][com.java.TestType] [  481] -  str(2) = 13
[INFO ][2015-12-10 17:51:17,238][com.java.TestType] [  533] - row values are--------{1=com.java.Objects.TestDataDetails@1093d14, 2=com.java.Objects.TestDataDetails@6f653b, 3=com.java.Objects.TestDataDetails@18a5332, 4=com.java.Objects.TestDataDetails@2fc571, 5=com.java.Objects.TestDataDetails@1c50966, 6=com.java.Objects.TestDataDetails@68ca71, 7=com.java.Objects.TestDataDetails@7493ae, 8=com.java.Objects.TestDataDetails@173fce, 9=com.java.Objects.TestDataDetails@5a12d5, 10=com.java.Objects.TestDataDetails@11f99f2, 11=com.java.Objects.TestDataDetails@1c5c8c3, 12=com.java.Objects.TestDataDetails@144dd8e, 13=com.java.Objects.TestDataDetails@e1d51}
[INFO ][2015-12-10 17:51:17,238][com.java.TestType] [  481] -  str(1) = 7
[INFO ][2015-12-10 17:51:17,238][com.java.TestType] [  484] - Test case Id is---7
[INFO ][2015-12-10 17:51:17,238][com.java.TestType] [  486] - 7
[INFO ][2015-12-10 17:51:17,238][com.java.TestType] [  481] -  str(2) = 14
[INFO ][2015-12-10 17:51:17,238][com.java.TestType] [  533] - row values are--------{1=com.java.Objects.TestDataDetails@1093d14, 2=com.java.Objects.TestDataDetails@6f653b, 3=com.java.Objects.TestDataDetails@18a5332, 4=com.java.Objects.TestDataDetails@2fc571, 5=com.java.Objects.TestDataDetails@1c50966, 6=com.java.Objects.TestDataDetails@68ca71, 7=com.java.Objects.TestDataDetails@7493ae, 8=com.java.Objects.TestDataDetails@173fce, 9=com.java.Objects.TestDataDetails@5a12d5, 10=com.java.Objects.TestDataDetails@11f99f2, 11=com.java.Objects.TestDataDetails@1c5c8c3, 12=com.java.Objects.TestDataDetails@144dd8e, 13=com.java.Objects.TestDataDetails@e1d51, 14=com.java.Objects.TestDataDetails@7c011e}
[INFO ][2015-12-10 17:51:17,238][com.java.TestType] [  481] -  str(1) = 7
[INFO ][2015-12-10 17:51:17,238][com.java.TestType] [  484] - Test case Id is---7
[INFO ][2015-12-10 17:51:17,238][com.java.TestType] [  486] - 7
[INFO ][2015-12-10 17:51:17,238][com.java.TestType] [  481] -  str(2) = 15
[INFO ][2015-12-10 17:51:17,238][com.java.TestType] [  533] - row values are--------{1=com.java.Objects.TestDataDetails@1093d14, 2=com.java.Objects.TestDataDetails@6f653b, 3=com.java.Objects.TestDataDetails@18a5332, 4=com.java.Objects.TestDataDetails@2fc571, 5=com.java.Objects.TestDataDetails@1c50966, 6=com.java.Objects.TestDataDetails@68ca71, 7=com.java.Objects.TestDataDetails@7493ae, 8=com.java.Objects.TestDataDetails@173fce, 9=com.java.Objects.TestDataDetails@5a12d5, 10=com.java.Objects.TestDataDetails@11f99f2, 11=com.java.Objects.TestDataDetails@1c5c8c3, 12=com.java.Objects.TestDataDetails@144dd8e, 13=com.java.Objects.TestDataDetails@e1d51, 14=com.java.Objects.TestDataDetails@7c011e, 15=com.java.Objects.TestDataDetails@1a54904}
[INFO ][2015-12-10 17:51:17,238][com.java.TestType] [  481] -  str(1) = 7
[INFO ][2015-12-10 17:51:17,238][com.java.TestType] [  484] - Test case Id is---7
[INFO ][2015-12-10 17:51:17,238][com.java.TestType] [  486] - 7
[INFO ][2015-12-10 17:51:17,238][com.java.TestType] [  481] -  str(2) = 16
[INFO ][2015-12-10 17:51:17,238][com.java.TestType] [  533] - row values are--------{1=com.java.Objects.TestDataDetails@1093d14, 2=com.java.Objects.TestDataDetails@6f653b, 3=com.java.Objects.TestDataDetails@18a5332, 4=com.java.Objects.TestDataDetails@2fc571, 5=com.java.Objects.TestDataDetails@1c50966, 6=com.java.Objects.TestDataDetails@68ca71, 7=com.java.Objects.TestDataDetails@7493ae, 8=com.java.Objects.TestDataDetails@173fce, 9=com.java.Objects.TestDataDetails@5a12d5, 10=com.java.Objects.TestDataDetails@11f99f2, 11=com.java.Objects.TestDataDetails@1c5c8c3, 12=com.java.Objects.TestDataDetails@144dd8e, 13=com.java.Objects.TestDataDetails@e1d51, 14=com.java.Objects.TestDataDetails@7c011e, 15=com.java.Objects.TestDataDetails@1a54904, 16=com.java.Objects.TestDataDetails@d6defa}
[INFO ][2015-12-10 17:51:17,238][com.java.TestType] [  481] -  str(1) = 7
[INFO ][2015-12-10 17:51:17,238][com.java.TestType] [  484] - Test case Id is---7
[INFO ][2015-12-10 17:51:17,238][com.java.TestType] [  486] - 7
[INFO ][2015-12-10 17:51:17,238][com.java.TestType] [  481] -  str(2) = 17
[INFO ][2015-12-10 17:51:17,238][com.java.TestType] [  533] - row values are--------{1=com.java.Objects.TestDataDetails@1093d14, 2=com.java.Objects.TestDataDetails@6f653b, 3=com.java.Objects.TestDataDetails@18a5332, 4=com.java.Objects.TestDataDetails@2fc571, 5=com.java.Objects.TestDataDetails@1c50966, 6=com.java.Objects.TestDataDetails@68ca71, 7=com.java.Objects.TestDataDetails@7493ae, 8=com.java.Objects.TestDataDetails@173fce, 9=com.java.Objects.TestDataDetails@5a12d5, 10=com.java.Objects.TestDataDetails@11f99f2, 11=com.java.Objects.TestDataDetails@1c5c8c3, 12=com.java.Objects.TestDataDetails@144dd8e, 13=com.java.Objects.TestDataDetails@e1d51, 14=com.java.Objects.TestDataDetails@7c011e, 15=com.java.Objects.TestDataDetails@1a54904, 17=com.java.Objects.TestDataDetails@4cb5a3, 16=com.java.Objects.TestDataDetails@d6defa}
[INFO ][2015-12-10 17:51:17,238][com.java.TestType] [  481] -  str(1) = 7
[INFO ][2015-12-10 17:51:17,238][com.java.TestType] [  484] - Test case Id is---7
[INFO ][2015-12-10 17:51:17,238][com.java.TestType] [  486] - 7
[INFO ][2015-12-10 17:51:17,238][com.java.TestType] [  481] -  str(2) = 18
[INFO ][2015-12-10 17:51:17,238][com.java.TestType] [  533] - row values are--------{1=com.java.Objects.TestDataDetails@1093d14, 2=com.java.Objects.TestDataDetails@6f653b, 3=com.java.Objects.TestDataDetails@18a5332, 4=com.java.Objects.TestDataDetails@2fc571, 5=com.java.Objects.TestDataDetails@1c50966, 6=com.java.Objects.TestDataDetails@68ca71, 7=com.java.Objects.TestDataDetails@7493ae, 8=com.java.Objects.TestDataDetails@173fce, 9=com.java.Objects.TestDataDetails@5a12d5, 10=com.java.Objects.TestDataDetails@11f99f2, 11=com.java.Objects.TestDataDetails@1c5c8c3, 12=com.java.Objects.TestDataDetails@144dd8e, 13=com.java.Objects.TestDataDetails@e1d51, 14=com.java.Objects.TestDataDetails@7c011e, 15=com.java.Objects.TestDataDetails@1a54904, 17=com.java.Objects.TestDataDetails@4cb5a3, 16=com.java.Objects.TestDataDetails@d6defa, 18=com.java.Objects.TestDataDetails@10d328}
[INFO ][2015-12-10 17:51:17,238][com.java.TestType] [  481] -  str(1) = 7
[INFO ][2015-12-10 17:51:17,238][com.java.TestType] [  484] - Test case Id is---7
[INFO ][2015-12-10 17:51:17,238][com.java.TestType] [  486] - 7
[INFO ][2015-12-10 17:51:17,238][com.java.TestType] [  481] -  str(2) = 19
[INFO ][2015-12-10 17:51:17,238][com.java.TestType] [  533] - row values are--------{1=com.java.Objects.TestDataDetails@1093d14, 2=com.java.Objects.TestDataDetails@6f653b, 3=com.java.Objects.TestDataDetails@18a5332, 4=com.java.Objects.TestDataDetails@2fc571, 5=com.java.Objects.TestDataDetails@1c50966, 6=com.java.Objects.TestDataDetails@68ca71, 7=com.java.Objects.TestDataDetails@7493ae, 8=com.java.Objects.TestDataDetails@173fce, 9=com.java.Objects.TestDataDetails@5a12d5, 10=com.java.Objects.TestDataDetails@11f99f2, 11=com.java.Objects.TestDataDetails@1c5c8c3, 12=com.java.Objects.TestDataDetails@144dd8e, 13=com.java.Objects.TestDataDetails@e1d51, 14=com.java.Objects.TestDataDetails@7c011e, 15=com.java.Objects.TestDataDetails@1a54904, 17=com.java.Objects.TestDataDetails@4cb5a3, 16=com.java.Objects.TestDataDetails@d6defa, 19=com.java.Objects.TestDataDetails@15a8874, 18=com.java.Objects.TestDataDetails@10d328}
[INFO ][2015-12-10 17:51:17,238][com.java.TestType] [  481] -  str(1) = 7
[INFO ][2015-12-10 17:51:17,238][com.java.TestType] [  484] - Test case Id is---7
[INFO ][2015-12-10 17:51:17,238][com.java.TestType] [  486] - 7
[INFO ][2015-12-10 17:51:17,238][com.java.TestType] [  481] -  str(2) = 20
[INFO ][2015-12-10 17:51:17,238][com.java.TestType] [  533] - row values are--------{1=com.java.Objects.TestDataDetails@1093d14, 2=com.java.Objects.TestDataDetails@6f653b, 3=com.java.Objects.TestDataDetails@18a5332, 4=com.java.Objects.TestDataDetails@2fc571, 5=com.java.Objects.TestDataDetails@1c50966, 6=com.java.Objects.TestDataDetails@68ca71, 7=com.java.Objects.TestDataDetails@7493ae, 8=com.java.Objects.TestDataDetails@173fce, 9=com.java.Objects.TestDataDetails@5a12d5, 10=com.java.Objects.TestDataDetails@11f99f2, 11=com.java.Objects.TestDataDetails@1c5c8c3, 12=com.java.Objects.TestDataDetails@144dd8e, 13=com.java.Objects.TestDataDetails@e1d51, 14=com.java.Objects.TestDataDetails@7c011e, 15=com.java.Objects.TestDataDetails@1a54904, 17=com.java.Objects.TestDataDetails@4cb5a3, 16=com.java.Objects.TestDataDetails@d6defa, 19=com.java.Objects.TestDataDetails@15a8874, 18=com.java.Objects.TestDataDetails@10d328, 20=com.java.Objects.TestDataDetails@253983}
[INFO ][2015-12-10 17:51:17,238][com.java.TestType] [  481] -  str(1) = 7
[INFO ][2015-12-10 17:51:17,238][com.java.TestType] [  484] - Test case Id is---7
[INFO ][2015-12-10 17:51:17,238][com.java.TestType] [  486] - 7
[INFO ][2015-12-10 17:51:17,238][com.java.TestType] [  481] -  str(2) = 21
[INFO ][2015-12-10 17:51:17,238][com.java.TestType] [  533] - row values are--------{1=com.java.Objects.TestDataDetails@1093d14, 2=com.java.Objects.TestDataDetails@6f653b, 3=com.java.Objects.TestDataDetails@18a5332, 4=com.java.Objects.TestDataDetails@2fc571, 5=com.java.Objects.TestDataDetails@1c50966, 6=com.java.Objects.TestDataDetails@68ca71, 7=com.java.Objects.TestDataDetails@7493ae, 8=com.java.Objects.TestDataDetails@173fce, 9=com.java.Objects.TestDataDetails@5a12d5, 10=com.java.Objects.TestDataDetails@11f99f2, 11=com.java.Objects.TestDataDetails@1c5c8c3, 12=com.java.Objects.TestDataDetails@144dd8e, 13=com.java.Objects.TestDataDetails@e1d51, 14=com.java.Objects.TestDataDetails@7c011e, 15=com.java.Objects.TestDataDetails@1a54904, 17=com.java.Objects.TestDataDetails@4cb5a3, 16=com.java.Objects.TestDataDetails@d6defa, 19=com.java.Objects.TestDataDetails@15a8874, 18=com.java.Objects.TestDataDetails@10d328, 21=com.java.Objects.TestDataDetails@1dc8b22, 20=com.java.Objects.TestDataDetails@253983}
[INFO ][2015-12-10 17:51:17,238][com.java.TestType] [  481] -  str(1) = 7
[INFO ][2015-12-10 17:51:17,238][com.java.TestType] [  484] - Test case Id is---7
[INFO ][2015-12-10 17:51:17,238][com.java.TestType] [  486] - 7
[INFO ][2015-12-10 17:51:17,238][com.java.TestType] [  481] -  str(2) = 22
[INFO ][2015-12-10 17:51:17,248][com.java.TestType] [  533] - row values are--------{1=com.java.Objects.TestDataDetails@1093d14, 2=com.java.Objects.TestDataDetails@6f653b, 3=com.java.Objects.TestDataDetails@18a5332, 4=com.java.Objects.TestDataDetails@2fc571, 5=com.java.Objects.TestDataDetails@1c50966, 6=com.java.Objects.TestDataDetails@68ca71, 7=com.java.Objects.TestDataDetails@7493ae, 8=com.java.Objects.TestDataDetails@173fce, 9=com.java.Objects.TestDataDetails@5a12d5, 10=com.java.Objects.TestDataDetails@11f99f2, 11=com.java.Objects.TestDataDetails@1c5c8c3, 12=com.java.Objects.TestDataDetails@144dd8e, 13=com.java.Objects.TestDataDetails@e1d51, 14=com.java.Objects.TestDataDetails@7c011e, 15=com.java.Objects.TestDataDetails@1a54904, 17=com.java.Objects.TestDataDetails@4cb5a3, 16=com.java.Objects.TestDataDetails@d6defa, 19=com.java.Objects.TestDataDetails@15a8874, 18=com.java.Objects.TestDataDetails@10d328, 21=com.java.Objects.TestDataDetails@1dc8b22, 20=com.java.Objects.TestDataDetails@253983, 22=com.java.Objects.TestDataDetails@131abb2}
[INFO ][2015-12-10 17:51:17,248][com.java.TestType] [  481] -  str(1) = 7
[INFO ][2015-12-10 17:51:17,248][com.java.TestType] [  484] - Test case Id is---7
[INFO ][2015-12-10 17:51:17,248][com.java.TestType] [  486] - 7
[INFO ][2015-12-10 17:51:17,248][com.java.TestType] [  481] -  str(2) = 23
[INFO ][2015-12-10 17:51:17,248][com.java.TestType] [  533] - row values are--------{1=com.java.Objects.TestDataDetails@1093d14, 2=com.java.Objects.TestDataDetails@6f653b, 3=com.java.Objects.TestDataDetails@18a5332, 4=com.java.Objects.TestDataDetails@2fc571, 5=com.java.Objects.TestDataDetails@1c50966, 6=com.java.Objects.TestDataDetails@68ca71, 7=com.java.Objects.TestDataDetails@7493ae, 8=com.java.Objects.TestDataDetails@173fce, 9=com.java.Objects.TestDataDetails@5a12d5, 10=com.java.Objects.TestDataDetails@11f99f2, 11=com.java.Objects.TestDataDetails@1c5c8c3, 12=com.java.Objects.TestDataDetails@144dd8e, 13=com.java.Objects.TestDataDetails@e1d51, 14=com.java.Objects.TestDataDetails@7c011e, 15=com.java.Objects.TestDataDetails@1a54904, 17=com.java.Objects.TestDataDetails@4cb5a3, 16=com.java.Objects.TestDataDetails@d6defa, 19=com.java.Objects.TestDataDetails@15a8874, 18=com.java.Objects.TestDataDetails@10d328, 21=com.java.Objects.TestDataDetails@1dc8b22, 20=com.java.Objects.TestDataDetails@253983, 23=com.java.Objects.TestDataDetails@1549285, 22=com.java.Objects.TestDataDetails@131abb2}
[INFO ][2015-12-10 17:51:17,248][com.java.TestType] [  481] -  str(1) = 7
[INFO ][2015-12-10 17:51:17,248][com.java.TestType] [  484] - Test case Id is---7
[INFO ][2015-12-10 17:51:17,248][com.java.TestType] [  486] - 7
[INFO ][2015-12-10 17:51:17,248][com.java.TestType] [  481] -  str(2) = 24
[INFO ][2015-12-10 17:51:17,248][com.java.TestType] [  533] - row values are--------{1=com.java.Objects.TestDataDetails@1093d14, 2=com.java.Objects.TestDataDetails@6f653b, 3=com.java.Objects.TestDataDetails@18a5332, 4=com.java.Objects.TestDataDetails@2fc571, 5=com.java.Objects.TestDataDetails@1c50966, 6=com.java.Objects.TestDataDetails@68ca71, 7=com.java.Objects.TestDataDetails@7493ae, 8=com.java.Objects.TestDataDetails@173fce, 9=com.java.Objects.TestDataDetails@5a12d5, 10=com.java.Objects.TestDataDetails@11f99f2, 11=com.java.Objects.TestDataDetails@1c5c8c3, 12=com.java.Objects.TestDataDetails@144dd8e, 13=com.java.Objects.TestDataDetails@e1d51, 14=com.java.Objects.TestDataDetails@7c011e, 15=com.java.Objects.TestDataDetails@1a54904, 17=com.java.Objects.TestDataDetails@4cb5a3, 16=com.java.Objects.TestDataDetails@d6defa, 19=com.java.Objects.TestDataDetails@15a8874, 18=com.java.Objects.TestDataDetails@10d328, 21=com.java.Objects.TestDataDetails@1dc8b22, 20=com.java.Objects.TestDataDetails@253983, 23=com.java.Objects.TestDataDetails@1549285, 22=com.java.Objects.TestDataDetails@131abb2, 24=com.java.Objects.TestDataDetails@1457048}
[INFO ][2015-12-10 17:51:17,248][com.java.TestType] [  481] -  str(1) = 7
[INFO ][2015-12-10 17:51:17,248][com.java.TestType] [  484] - Test case Id is---7
[INFO ][2015-12-10 17:51:17,248][com.java.TestType] [  486] - 7
[INFO ][2015-12-10 17:51:17,248][com.java.TestType] [  481] -  str(2) = 25
[INFO ][2015-12-10 17:51:17,248][com.java.TestType] [  533] - row values are--------{1=com.java.Objects.TestDataDetails@1093d14, 2=com.java.Objects.TestDataDetails@6f653b, 3=com.java.Objects.TestDataDetails@18a5332, 4=com.java.Objects.TestDataDetails@2fc571, 5=com.java.Objects.TestDataDetails@1c50966, 6=com.java.Objects.TestDataDetails@68ca71, 7=com.java.Objects.TestDataDetails@7493ae, 8=com.java.Objects.TestDataDetails@173fce, 9=com.java.Objects.TestDataDetails@5a12d5, 10=com.java.Objects.TestDataDetails@11f99f2, 11=com.java.Objects.TestDataDetails@1c5c8c3, 12=com.java.Objects.TestDataDetails@144dd8e, 13=com.java.Objects.TestDataDetails@e1d51, 14=com.java.Objects.TestDataDetails@7c011e, 15=com.java.Objects.TestDataDetails@1a54904, 17=com.java.Objects.TestDataDetails@4cb5a3, 16=com.java.Objects.TestDataDetails@d6defa, 19=com.java.Objects.TestDataDetails@15a8874, 18=com.java.Objects.TestDataDetails@10d328, 21=com.java.Objects.TestDataDetails@1dc8b22, 20=com.java.Objects.TestDataDetails@253983, 23=com.java.Objects.TestDataDetails@1549285, 22=com.java.Objects.TestDataDetails@131abb2, 25=com.java.Objects.TestDataDetails@65e584, 24=com.java.Objects.TestDataDetails@1457048}
[INFO ][2015-12-10 17:51:17,248][com.java.TestType] [  481] -  str(1) = 7
[INFO ][2015-12-10 17:51:17,248][com.java.TestType] [  484] - Test case Id is---7
[INFO ][2015-12-10 17:51:17,248][com.java.TestType] [  486] - 7
[INFO ][2015-12-10 17:51:17,248][com.java.TestType] [  481] -  str(2) = 26
[INFO ][2015-12-10 17:51:17,248][com.java.TestType] [  533] - row values are--------{1=com.java.Objects.TestDataDetails@1093d14, 2=com.java.Objects.TestDataDetails@6f653b, 3=com.java.Objects.TestDataDetails@18a5332, 4=com.java.Objects.TestDataDetails@2fc571, 5=com.java.Objects.TestDataDetails@1c50966, 6=com.java.Objects.TestDataDetails@68ca71, 7=com.java.Objects.TestDataDetails@7493ae, 8=com.java.Objects.TestDataDetails@173fce, 9=com.java.Objects.TestDataDetails@5a12d5, 10=com.java.Objects.TestDataDetails@11f99f2, 11=com.java.Objects.TestDataDetails@1c5c8c3, 12=com.java.Objects.TestDataDetails@144dd8e, 13=com.java.Objects.TestDataDetails@e1d51, 14=com.java.Objects.TestDataDetails@7c011e, 15=com.java.Objects.TestDataDetails@1a54904, 17=com.java.Objects.TestDataDetails@4cb5a3, 16=com.java.Objects.TestDataDetails@d6defa, 19=com.java.Objects.TestDataDetails@15a8874, 18=com.java.Objects.TestDataDetails@10d328, 21=com.java.Objects.TestDataDetails@1dc8b22, 20=com.java.Objects.TestDataDetails@253983, 23=com.java.Objects.TestDataDetails@1549285, 22=com.java.Objects.TestDataDetails@131abb2, 25=com.java.Objects.TestDataDetails@65e584, 24=com.java.Objects.TestDataDetails@1457048, 26=com.java.Objects.TestDataDetails@17d4fcf}
[INFO ][2015-12-10 17:51:17,248][com.java.TestType] [  481] -  str(1) = 7
[INFO ][2015-12-10 17:51:17,248][com.java.TestType] [  484] - Test case Id is---7
[INFO ][2015-12-10 17:51:17,248][com.java.TestType] [  486] - 7
[INFO ][2015-12-10 17:51:17,248][com.java.TestType] [  481] -  str(2) = 27
[INFO ][2015-12-10 17:51:17,248][com.java.TestType] [  533] - row values are--------{1=com.java.Objects.TestDataDetails@1093d14, 2=com.java.Objects.TestDataDetails@6f653b, 3=com.java.Objects.TestDataDetails@18a5332, 4=com.java.Objects.TestDataDetails@2fc571, 5=com.java.Objects.TestDataDetails@1c50966, 6=com.java.Objects.TestDataDetails@68ca71, 7=com.java.Objects.TestDataDetails@7493ae, 8=com.java.Objects.TestDataDetails@173fce, 9=com.java.Objects.TestDataDetails@5a12d5, 10=com.java.Objects.TestDataDetails@11f99f2, 11=com.java.Objects.TestDataDetails@1c5c8c3, 12=com.java.Objects.TestDataDetails@144dd8e, 13=com.java.Objects.TestDataDetails@e1d51, 14=com.java.Objects.TestDataDetails@7c011e, 15=com.java.Objects.TestDataDetails@1a54904, 17=com.java.Objects.TestDataDetails@4cb5a3, 16=com.java.Objects.TestDataDetails@d6defa, 19=com.java.Objects.TestDataDetails@15a8874, 18=com.java.Objects.TestDataDetails@10d328, 21=com.java.Objects.TestDataDetails@1dc8b22, 20=com.java.Objects.TestDataDetails@253983, 23=com.java.Objects.TestDataDetails@1549285, 22=com.java.Objects.TestDataDetails@131abb2, 25=com.java.Objects.TestDataDetails@65e584, 24=com.java.Objects.TestDataDetails@1457048, 27=com.java.Objects.TestDataDetails@3c5d62, 26=com.java.Objects.TestDataDetails@17d4fcf}
[INFO ][2015-12-10 17:51:17,248][com.java.TestType] [  481] -  str(1) = 7
[INFO ][2015-12-10 17:51:17,248][com.java.TestType] [  484] - Test case Id is---7
[INFO ][2015-12-10 17:51:17,248][com.java.TestType] [  486] - 7
[INFO ][2015-12-10 17:51:17,248][com.java.TestType] [  481] -  str(2) = 28
[INFO ][2015-12-10 17:51:17,248][com.java.TestType] [  533] - row values are--------{1=com.java.Objects.TestDataDetails@1093d14, 2=com.java.Objects.TestDataDetails@6f653b, 3=com.java.Objects.TestDataDetails@18a5332, 4=com.java.Objects.TestDataDetails@2fc571, 5=com.java.Objects.TestDataDetails@1c50966, 6=com.java.Objects.TestDataDetails@68ca71, 7=com.java.Objects.TestDataDetails@7493ae, 8=com.java.Objects.TestDataDetails@173fce, 9=com.java.Objects.TestDataDetails@5a12d5, 10=com.java.Objects.TestDataDetails@11f99f2, 11=com.java.Objects.TestDataDetails@1c5c8c3, 12=com.java.Objects.TestDataDetails@144dd8e, 13=com.java.Objects.TestDataDetails@e1d51, 14=com.java.Objects.TestDataDetails@7c011e, 15=com.java.Objects.TestDataDetails@1a54904, 17=com.java.Objects.TestDataDetails@4cb5a3, 16=com.java.Objects.TestDataDetails@d6defa, 19=com.java.Objects.TestDataDetails@15a8874, 18=com.java.Objects.TestDataDetails@10d328, 21=com.java.Objects.TestDataDetails@1dc8b22, 20=com.java.Objects.TestDataDetails@253983, 23=com.java.Objects.TestDataDetails@1549285, 22=com.java.Objects.TestDataDetails@131abb2, 25=com.java.Objects.TestDataDetails@65e584, 24=com.java.Objects.TestDataDetails@1457048, 27=com.java.Objects.TestDataDetails@3c5d62, 26=com.java.Objects.TestDataDetails@17d4fcf, 28=com.java.Objects.TestDataDetails@7a98a4}
[INFO ][2015-12-10 17:51:17,248][com.java.TestType] [  481] -  str(1) = 7
[INFO ][2015-12-10 17:51:17,248][com.java.TestType] [  484] - Test case Id is---7
[INFO ][2015-12-10 17:51:17,248][com.java.TestType] [  486] - 7
[INFO ][2015-12-10 17:51:17,248][com.java.TestType] [  481] -  str(2) = 29
[INFO ][2015-12-10 17:51:17,248][com.java.TestType] [  533] - row values are--------{1=com.java.Objects.TestDataDetails@1093d14, 2=com.java.Objects.TestDataDetails@6f653b, 3=com.java.Objects.TestDataDetails@18a5332, 4=com.java.Objects.TestDataDetails@2fc571, 5=com.java.Objects.TestDataDetails@1c50966, 6=com.java.Objects.TestDataDetails@68ca71, 7=com.java.Objects.TestDataDetails@7493ae, 8=com.java.Objects.TestDataDetails@173fce, 9=com.java.Objects.TestDataDetails@5a12d5, 10=com.java.Objects.TestDataDetails@11f99f2, 11=com.java.Objects.TestDataDetails@1c5c8c3, 12=com.java.Objects.TestDataDetails@144dd8e, 13=com.java.Objects.TestDataDetails@e1d51, 14=com.java.Objects.TestDataDetails@7c011e, 15=com.java.Objects.TestDataDetails@1a54904, 17=com.java.Objects.TestDataDetails@4cb5a3, 16=com.java.Objects.TestDataDetails@d6defa, 19=com.java.Objects.TestDataDetails@15a8874, 18=com.java.Objects.TestDataDetails@10d328, 21=com.java.Objects.TestDataDetails@1dc8b22, 20=com.java.Objects.TestDataDetails@253983, 23=com.java.Objects.TestDataDetails@1549285, 22=com.java.Objects.TestDataDetails@131abb2, 25=com.java.Objects.TestDataDetails@65e584, 24=com.java.Objects.TestDataDetails@1457048, 27=com.java.Objects.TestDataDetails@3c5d62, 26=com.java.Objects.TestDataDetails@17d4fcf, 29=com.java.Objects.TestDataDetails@3bbf83, 28=com.java.Objects.TestDataDetails@7a98a4}
[INFO ][2015-12-10 17:51:17,248][com.java.TestType] [  481] -  str(1) = 7
[INFO ][2015-12-10 17:51:17,248][com.java.TestType] [  484] - Test case Id is---7
[INFO ][2015-12-10 17:51:17,248][com.java.TestType] [  486] - 7
[INFO ][2015-12-10 17:51:17,248][com.java.TestType] [  481] -  str(2) = 30
[INFO ][2015-12-10 17:51:17,248][com.java.TestType] [  533] - row values are--------{1=com.java.Objects.TestDataDetails@1093d14, 2=com.java.Objects.TestDataDetails@6f653b, 3=com.java.Objects.TestDataDetails@18a5332, 4=com.java.Objects.TestDataDetails@2fc571, 5=com.java.Objects.TestDataDetails@1c50966, 6=com.java.Objects.TestDataDetails@68ca71, 7=com.java.Objects.TestDataDetails@7493ae, 8=com.java.Objects.TestDataDetails@173fce, 9=com.java.Objects.TestDataDetails@5a12d5, 10=com.java.Objects.TestDataDetails@11f99f2, 11=com.java.Objects.TestDataDetails@1c5c8c3, 12=com.java.Objects.TestDataDetails@144dd8e, 13=com.java.Objects.TestDataDetails@e1d51, 14=com.java.Objects.TestDataDetails@7c011e, 15=com.java.Objects.TestDataDetails@1a54904, 17=com.java.Objects.TestDataDetails@4cb5a3, 16=com.java.Objects.TestDataDetails@d6defa, 19=com.java.Objects.TestDataDetails@15a8874, 18=com.java.Objects.TestDataDetails@10d328, 21=com.java.Objects.TestDataDetails@1dc8b22, 20=com.java.Objects.TestDataDetails@253983, 23=com.java.Objects.TestDataDetails@1549285, 22=com.java.Objects.TestDataDetails@131abb2, 25=com.java.Objects.TestDataDetails@65e584, 24=com.java.Objects.TestDataDetails@1457048, 27=com.java.Objects.TestDataDetails@3c5d62, 26=com.java.Objects.TestDataDetails@17d4fcf, 29=com.java.Objects.TestDataDetails@3bbf83, 28=com.java.Objects.TestDataDetails@7a98a4, 30=com.java.Objects.TestDataDetails@5780f1}
[INFO ][2015-12-10 17:51:17,248][com.java.TestType] [  481] -  str(1) = 7
[INFO ][2015-12-10 17:51:17,248][com.java.TestType] [  484] - Test case Id is---7
[INFO ][2015-12-10 17:51:17,248][com.java.TestType] [  486] - 7
[INFO ][2015-12-10 17:51:17,248][com.java.TestType] [  481] -  str(2) = 31
[INFO ][2015-12-10 17:51:17,248][com.java.TestType] [  533] - row values are--------{1=com.java.Objects.TestDataDetails@1093d14, 2=com.java.Objects.TestDataDetails@6f653b, 3=com.java.Objects.TestDataDetails@18a5332, 4=com.java.Objects.TestDataDetails@2fc571, 5=com.java.Objects.TestDataDetails@1c50966, 6=com.java.Objects.TestDataDetails@68ca71, 7=com.java.Objects.TestDataDetails@7493ae, 8=com.java.Objects.TestDataDetails@173fce, 9=com.java.Objects.TestDataDetails@5a12d5, 10=com.java.Objects.TestDataDetails@11f99f2, 11=com.java.Objects.TestDataDetails@1c5c8c3, 12=com.java.Objects.TestDataDetails@144dd8e, 13=com.java.Objects.TestDataDetails@e1d51, 14=com.java.Objects.TestDataDetails@7c011e, 15=com.java.Objects.TestDataDetails@1a54904, 17=com.java.Objects.TestDataDetails@4cb5a3, 16=com.java.Objects.TestDataDetails@d6defa, 19=com.java.Objects.TestDataDetails@15a8874, 18=com.java.Objects.TestDataDetails@10d328, 21=com.java.Objects.TestDataDetails@1dc8b22, 20=com.java.Objects.TestDataDetails@253983, 23=com.java.Objects.TestDataDetails@1549285, 22=com.java.Objects.TestDataDetails@131abb2, 25=com.java.Objects.TestDataDetails@65e584, 24=com.java.Objects.TestDataDetails@1457048, 27=com.java.Objects.TestDataDetails@3c5d62, 26=com.java.Objects.TestDataDetails@17d4fcf, 29=com.java.Objects.TestDataDetails@3bbf83, 28=com.java.Objects.TestDataDetails@7a98a4, 31=com.java.Objects.TestDataDetails@133716d, 30=com.java.Objects.TestDataDetails@5780f1}
[INFO ][2015-12-10 17:51:17,248][com.java.TestType] [  481] -  str(1) = 7
[INFO ][2015-12-10 17:51:17,248][com.java.TestType] [  484] - Test case Id is---7
[INFO ][2015-12-10 17:51:17,248][com.java.TestType] [  486] - 7
[INFO ][2015-12-10 17:51:17,248][com.java.TestType] [  481] -  str(2) = 32
[INFO ][2015-12-10 17:51:17,258][com.java.TestType] [  533] - row values are--------{1=com.java.Objects.TestDataDetails@1093d14, 2=com.java.Objects.TestDataDetails@6f653b, 3=com.java.Objects.TestDataDetails@18a5332, 4=com.java.Objects.TestDataDetails@2fc571, 5=com.java.Objects.TestDataDetails@1c50966, 6=com.java.Objects.TestDataDetails@68ca71, 7=com.java.Objects.TestDataDetails@7493ae, 8=com.java.Objects.TestDataDetails@173fce, 9=com.java.Objects.TestDataDetails@5a12d5, 10=com.java.Objects.TestDataDetails@11f99f2, 11=com.java.Objects.TestDataDetails@1c5c8c3, 12=com.java.Objects.TestDataDetails@144dd8e, 13=com.java.Objects.TestDataDetails@e1d51, 14=com.java.Objects.TestDataDetails@7c011e, 15=com.java.Objects.TestDataDetails@1a54904, 17=com.java.Objects.TestDataDetails@4cb5a3, 16=com.java.Objects.TestDataDetails@d6defa, 19=com.java.Objects.TestDataDetails@15a8874, 18=com.java.Objects.TestDataDetails@10d328, 21=com.java.Objects.TestDataDetails@1dc8b22, 20=com.java.Objects.TestDataDetails@253983, 23=com.java.Objects.TestDataDetails@1549285, 22=com.java.Objects.TestDataDetails@131abb2, 25=com.java.Objects.TestDataDetails@65e584, 24=com.java.Objects.TestDataDetails@1457048, 27=com.java.Objects.TestDataDetails@3c5d62, 26=com.java.Objects.TestDataDetails@17d4fcf, 29=com.java.Objects.TestDataDetails@3bbf83, 28=com.java.Objects.TestDataDetails@7a98a4, 31=com.java.Objects.TestDataDetails@133716d, 30=com.java.Objects.TestDataDetails@5780f1, 32=com.java.Objects.TestDataDetails@14d9243}
[INFO ][2015-12-10 17:51:17,258][com.java.TestType] [  481] -  str(1) = 7
[INFO ][2015-12-10 17:51:17,258][com.java.TestType] [  484] - Test case Id is---7
[INFO ][2015-12-10 17:51:17,258][com.java.TestType] [  486] - 7
[INFO ][2015-12-10 17:51:17,258][com.java.TestType] [  481] -  str(2) = 33
[INFO ][2015-12-10 17:51:17,258][com.java.TestType] [  533] - row values are--------{1=com.java.Objects.TestDataDetails@1093d14, 2=com.java.Objects.TestDataDetails@6f653b, 3=com.java.Objects.TestDataDetails@18a5332, 4=com.java.Objects.TestDataDetails@2fc571, 5=com.java.Objects.TestDataDetails@1c50966, 6=com.java.Objects.TestDataDetails@68ca71, 7=com.java.Objects.TestDataDetails@7493ae, 8=com.java.Objects.TestDataDetails@173fce, 9=com.java.Objects.TestDataDetails@5a12d5, 10=com.java.Objects.TestDataDetails@11f99f2, 11=com.java.Objects.TestDataDetails@1c5c8c3, 12=com.java.Objects.TestDataDetails@144dd8e, 13=com.java.Objects.TestDataDetails@e1d51, 14=com.java.Objects.TestDataDetails@7c011e, 15=com.java.Objects.TestDataDetails@1a54904, 17=com.java.Objects.TestDataDetails@4cb5a3, 16=com.java.Objects.TestDataDetails@d6defa, 19=com.java.Objects.TestDataDetails@15a8874, 18=com.java.Objects.TestDataDetails@10d328, 21=com.java.Objects.TestDataDetails@1dc8b22, 20=com.java.Objects.TestDataDetails@253983, 23=com.java.Objects.TestDataDetails@1549285, 22=com.java.Objects.TestDataDetails@131abb2, 25=com.java.Objects.TestDataDetails@65e584, 24=com.java.Objects.TestDataDetails@1457048, 27=com.java.Objects.TestDataDetails@3c5d62, 26=com.java.Objects.TestDataDetails@17d4fcf, 29=com.java.Objects.TestDataDetails@3bbf83, 28=com.java.Objects.TestDataDetails@7a98a4, 31=com.java.Objects.TestDataDetails@133716d, 30=com.java.Objects.TestDataDetails@5780f1, 32=com.java.Objects.TestDataDetails@14d9243, 33=com.java.Objects.TestDataDetails@d54080}
[INFO ][2015-12-10 17:51:17,258][com.java.TestType] [  481] -  str(1) = 7
[INFO ][2015-12-10 17:51:17,258][com.java.TestType] [  484] - Test case Id is---7
[INFO ][2015-12-10 17:51:17,258][com.java.TestType] [  486] - 7
[INFO ][2015-12-10 17:51:17,258][com.java.TestType] [  481] -  str(2) = 34
[INFO ][2015-12-10 17:51:17,258][com.java.TestType] [  533] - row values are--------{1=com.java.Objects.TestDataDetails@1093d14, 2=com.java.Objects.TestDataDetails@6f653b, 3=com.java.Objects.TestDataDetails@18a5332, 4=com.java.Objects.TestDataDetails@2fc571, 5=com.java.Objects.TestDataDetails@1c50966, 6=com.java.Objects.TestDataDetails@68ca71, 7=com.java.Objects.TestDataDetails@7493ae, 8=com.java.Objects.TestDataDetails@173fce, 9=com.java.Objects.TestDataDetails@5a12d5, 10=com.java.Objects.TestDataDetails@11f99f2, 11=com.java.Objects.TestDataDetails@1c5c8c3, 12=com.java.Objects.TestDataDetails@144dd8e, 13=com.java.Objects.TestDataDetails@e1d51, 14=com.java.Objects.TestDataDetails@7c011e, 15=com.java.Objects.TestDataDetails@1a54904, 17=com.java.Objects.TestDataDetails@4cb5a3, 16=com.java.Objects.TestDataDetails@d6defa, 19=com.java.Objects.TestDataDetails@15a8874, 18=com.java.Objects.TestDataDetails@10d328, 21=com.java.Objects.TestDataDetails@1dc8b22, 20=com.java.Objects.TestDataDetails@253983, 23=com.java.Objects.TestDataDetails@1549285, 22=com.java.Objects.TestDataDetails@131abb2, 25=com.java.Objects.TestDataDetails@65e584, 24=com.java.Objects.TestDataDetails@1457048, 27=com.java.Objects.TestDataDetails@3c5d62, 26=com.java.Objects.TestDataDetails@17d4fcf, 29=com.java.Objects.TestDataDetails@3bbf83, 28=com.java.Objects.TestDataDetails@7a98a4, 31=com.java.Objects.TestDataDetails@133716d, 30=com.java.Objects.TestDataDetails@5780f1, 34=com.java.Objects.TestDataDetails@36f0e0, 32=com.java.Objects.TestDataDetails@14d9243, 33=com.java.Objects.TestDataDetails@d54080}
[INFO ][2015-12-10 17:51:17,258][com.java.TestType] [  481] -  str(1) = 7
[INFO ][2015-12-10 17:51:17,258][com.java.TestType] [  484] - Test case Id is---7
[INFO ][2015-12-10 17:51:17,258][com.java.TestType] [  486] - 7
[INFO ][2015-12-10 17:51:17,258][com.java.TestType] [  481] -  str(2) = 35
[INFO ][2015-12-10 17:51:17,258][com.java.TestType] [  533] - row values are--------{1=com.java.Objects.TestDataDetails@1093d14, 2=com.java.Objects.TestDataDetails@6f653b, 3=com.java.Objects.TestDataDetails@18a5332, 4=com.java.Objects.TestDataDetails@2fc571, 5=com.java.Objects.TestDataDetails@1c50966, 6=com.java.Objects.TestDataDetails@68ca71, 7=com.java.Objects.TestDataDetails@7493ae, 8=com.java.Objects.TestDataDetails@173fce, 9=com.java.Objects.TestDataDetails@5a12d5, 10=com.java.Objects.TestDataDetails@11f99f2, 11=com.java.Objects.TestDataDetails@1c5c8c3, 12=com.java.Objects.TestDataDetails@144dd8e, 13=com.java.Objects.TestDataDetails@e1d51, 14=com.java.Objects.TestDataDetails@7c011e, 15=com.java.Objects.TestDataDetails@1a54904, 17=com.java.Objects.TestDataDetails@4cb5a3, 16=com.java.Objects.TestDataDetails@d6defa, 19=com.java.Objects.TestDataDetails@15a8874, 18=com.java.Objects.TestDataDetails@10d328, 21=com.java.Objects.TestDataDetails@1dc8b22, 20=com.java.Objects.TestDataDetails@253983, 23=com.java.Objects.TestDataDetails@1549285, 22=com.java.Objects.TestDataDetails@131abb2, 25=com.java.Objects.TestDataDetails@65e584, 24=com.java.Objects.TestDataDetails@1457048, 27=com.java.Objects.TestDataDetails@3c5d62, 26=com.java.Objects.TestDataDetails@17d4fcf, 29=com.java.Objects.TestDataDetails@3bbf83, 28=com.java.Objects.TestDataDetails@7a98a4, 31=com.java.Objects.TestDataDetails@133716d, 30=com.java.Objects.TestDataDetails@5780f1, 34=com.java.Objects.TestDataDetails@36f0e0, 35=com.java.Objects.TestDataDetails@aab647, 32=com.java.Objects.TestDataDetails@14d9243, 33=com.java.Objects.TestDataDetails@d54080}
[INFO ][2015-12-10 17:51:17,258][com.java.TestType] [  481] -  str(1) = 7
[INFO ][2015-12-10 17:51:17,258][com.java.TestType] [  484] - Test case Id is---7
[INFO ][2015-12-10 17:51:17,258][com.java.TestType] [  486] - 7
[INFO ][2015-12-10 17:51:17,258][com.java.TestType] [  481] -  str(2) = 36
[INFO ][2015-12-10 17:51:17,258][com.java.TestType] [  533] - row values are--------{1=com.java.Objects.TestDataDetails@1093d14, 2=com.java.Objects.TestDataDetails@6f653b, 3=com.java.Objects.TestDataDetails@18a5332, 4=com.java.Objects.TestDataDetails@2fc571, 5=com.java.Objects.TestDataDetails@1c50966, 6=com.java.Objects.TestDataDetails@68ca71, 7=com.java.Objects.TestDataDetails@7493ae, 8=com.java.Objects.TestDataDetails@173fce, 9=com.java.Objects.TestDataDetails@5a12d5, 10=com.java.Objects.TestDataDetails@11f99f2, 11=com.java.Objects.TestDataDetails@1c5c8c3, 12=com.java.Objects.TestDataDetails@144dd8e, 13=com.java.Objects.TestDataDetails@e1d51, 14=com.java.Objects.TestDataDetails@7c011e, 15=com.java.Objects.TestDataDetails@1a54904, 17=com.java.Objects.TestDataDetails@4cb5a3, 16=com.java.Objects.TestDataDetails@d6defa, 19=com.java.Objects.TestDataDetails@15a8874, 18=com.java.Objects.TestDataDetails@10d328, 21=com.java.Objects.TestDataDetails@1dc8b22, 20=com.java.Objects.TestDataDetails@253983, 23=com.java.Objects.TestDataDetails@1549285, 22=com.java.Objects.TestDataDetails@131abb2, 25=com.java.Objects.TestDataDetails@65e584, 24=com.java.Objects.TestDataDetails@1457048, 27=com.java.Objects.TestDataDetails@3c5d62, 26=com.java.Objects.TestDataDetails@17d4fcf, 29=com.java.Objects.TestDataDetails@3bbf83, 28=com.java.Objects.TestDataDetails@7a98a4, 31=com.java.Objects.TestDataDetails@133716d, 30=com.java.Objects.TestDataDetails@5780f1, 34=com.java.Objects.TestDataDetails@36f0e0, 35=com.java.Objects.TestDataDetails@aab647, 32=com.java.Objects.TestDataDetails@14d9243, 33=com.java.Objects.TestDataDetails@d54080, 36=com.java.Objects.TestDataDetails@b40811}
[INFO ][2015-12-10 17:51:17,258][com.java.TestType] [  481] -  str(1) = 7
[INFO ][2015-12-10 17:51:17,258][com.java.TestType] [  484] - Test case Id is---7
[INFO ][2015-12-10 17:51:17,258][com.java.TestType] [  486] - 7
[INFO ][2015-12-10 17:51:17,258][com.java.TestType] [  481] -  str(2) = 37
[INFO ][2015-12-10 17:51:17,258][com.java.TestType] [  533] - row values are--------{1=com.java.Objects.TestDataDetails@1093d14, 2=com.java.Objects.TestDataDetails@6f653b, 3=com.java.Objects.TestDataDetails@18a5332, 4=com.java.Objects.TestDataDetails@2fc571, 5=com.java.Objects.TestDataDetails@1c50966, 6=com.java.Objects.TestDataDetails@68ca71, 7=com.java.Objects.TestDataDetails@7493ae, 8=com.java.Objects.TestDataDetails@173fce, 9=com.java.Objects.TestDataDetails@5a12d5, 10=com.java.Objects.TestDataDetails@11f99f2, 11=com.java.Objects.TestDataDetails@1c5c8c3, 12=com.java.Objects.TestDataDetails@144dd8e, 13=com.java.Objects.TestDataDetails@e1d51, 14=com.java.Objects.TestDataDetails@7c011e, 15=com.java.Objects.TestDataDetails@1a54904, 17=com.java.Objects.TestDataDetails@4cb5a3, 16=com.java.Objects.TestDataDetails@d6defa, 19=com.java.Objects.TestDataDetails@15a8874, 18=com.java.Objects.TestDataDetails@10d328, 21=com.java.Objects.TestDataDetails@1dc8b22, 20=com.java.Objects.TestDataDetails@253983, 23=com.java.Objects.TestDataDetails@1549285, 22=com.java.Objects.TestDataDetails@131abb2, 25=com.java.Objects.TestDataDetails@65e584, 24=com.java.Objects.TestDataDetails@1457048, 27=com.java.Objects.TestDataDetails@3c5d62, 26=com.java.Objects.TestDataDetails@17d4fcf, 29=com.java.Objects.TestDataDetails@3bbf83, 28=com.java.Objects.TestDataDetails@7a98a4, 31=com.java.Objects.TestDataDetails@133716d, 30=com.java.Objects.TestDataDetails@5780f1, 34=com.java.Objects.TestDataDetails@36f0e0, 35=com.java.Objects.TestDataDetails@aab647, 32=com.java.Objects.TestDataDetails@14d9243, 33=com.java.Objects.TestDataDetails@d54080, 36=com.java.Objects.TestDataDetails@b40811, 37=com.java.Objects.TestDataDetails@1a584a8}
[INFO ][2015-12-10 17:51:17,258][com.java.TestType] [10074] - Looping 1TCID = 7
[DEBUG][2015-12-10 17:51:17,258][com.java.TestType] [10115] - Concept ID:7 :: Step being Executed: 7::1
[ERROR][2015-12-10 17:51:17,258][com.java.TestType] [10148] - Exception: null
[INFO ][2015-12-10 17:51:17,258][com.java.TestType] [10153] - dataFields : BTNparent
[DEBUG][2015-12-10 17:51:17,258][com.java.TestType] [10159] - <In Set values of the page>
[DEBUG][2015-12-10 17:51:17,258][com.java.TestType] [10164] - {Data Fields & Data Values Exist}
[INFO ][2015-12-10 17:51:17,258][com.java.TestType] [10170] - --------------------------setting values-----------------------------
[INFO ][2015-12-10 17:51:17,258][com.java.TestType] [10173] - Action Type : SELECTFRAME
[INFO ][2015-12-10 17:51:17,268][com.java.TestType] [10192] -  RESULT true
[INFO ][2015-12-10 17:51:17,268][com.java.TestType] [10309] - ?   P A S S   ?
[DEBUG][2015-12-10 17:51:17,268][com.java.TestType] [10115] - Concept ID:7 :: Step being Executed: 7::2
[ERROR][2015-12-10 17:51:17,268][com.java.TestType] [10148] - Exception: null
[INFO ][2015-12-10 17:51:17,268][com.java.TestType] [10153] - dataFields : //span[@class='icon-stack']&&//a[@data-id="SetupPackage"]
[DEBUG][2015-12-10 17:51:17,268][com.java.TestType] [10159] - <In Set values of the page>
[DEBUG][2015-12-10 17:51:17,268][com.java.TestType] [10164] - {Data Fields & Data Values Exist}
[INFO ][2015-12-10 17:51:17,268][com.java.TestType] [10170] - --------------------------setting values-----------------------------
[INFO ][2015-12-10 17:51:17,268][com.java.TestType] [10173] - Action Type : MOUSEOVER
[INFO ][2015-12-10 17:51:41,270][com.java.TestType] [10192] -  RESULT true
[INFO ][2015-12-10 17:51:41,270][com.java.TestType] [10309] - ?   P A S S   ?
[DEBUG][2015-12-10 17:51:41,270][com.java.TestType] [10115] - Concept ID:7 :: Step being Executed: 7::3
[INFO ][2015-12-10 17:51:41,270][com.java.TestType] [10153] - dataFields : BTNdivHelpText
[DEBUG][2015-12-10 17:51:41,270][com.java.TestType] [10159] - <In Set values of the page>
[DEBUG][2015-12-10 17:51:41,270][com.java.TestType] [10164] - {Data Fields & Data Values Exist}
[INFO ][2015-12-10 17:51:41,270][com.java.TestType] [10170] - --------------------------setting values-----------------------------
[INFO ][2015-12-10 17:51:41,270][com.java.TestType] [10173] - Action Type : WAITFORELEMENT
[INFO ][2015-12-10 17:51:42,451][com.java.TestType] [10192] -  RESULT true
[INFO ][2015-12-10 17:51:42,451][com.java.TestType] [10309] - ?   P A S S   ?
[DEBUG][2015-12-10 17:51:42,451][com.java.TestType] [10115] - Concept ID:7 :: Step being Executed: 7::4
[ERROR][2015-12-10 17:51:42,451][com.java.TestType] [10148] - Exception: null
[INFO ][2015-12-10 17:51:42,451][com.java.TestType] [10153] - dataFields : BTNframeDialogContent
[DEBUG][2015-12-10 17:51:42,451][com.java.TestType] [10159] - <In Set values of the page>
[DEBUG][2015-12-10 17:51:42,451][com.java.TestType] [10164] - {Data Fields & Data Values Exist}
[INFO ][2015-12-10 17:51:42,451][com.java.TestType] [10170] - --------------------------setting values-----------------------------
[INFO ][2015-12-10 17:51:42,451][com.java.TestType] [10173] - Action Type : SELECTFRAME
[INFO ][2015-12-10 17:51:43,673][com.java.TestType] [10192] -  RESULT true
[INFO ][2015-12-10 17:51:43,673][com.java.TestType] [10309] - ?   P A S S   ?
[DEBUG][2015-12-10 17:51:43,673][com.java.TestType] [10115] - Concept ID:7 :: Step being Executed: 7::5
[INFO ][2015-12-10 17:51:43,673][com.java.TestType] [10153] - dataFields : BTN
[DEBUG][2015-12-10 17:51:43,673][com.java.TestType] [10159] - <In Set values of the page>
[DEBUG][2015-12-10 17:51:43,673][com.java.TestType] [10164] - {Data Fields & Data Values Exist}
[INFO ][2015-12-10 17:51:43,673][com.java.TestType] [10170] - --------------------------setting values-----------------------------
[INFO ][2015-12-10 17:51:43,673][com.java.TestType] [10173] - Action Type : VERIFY
[INFO ][2015-12-10 17:51:43,673][com.java.TestType] [ 6762] - field= BTN value= //div[@class='ui-widget-content']/div/button
[INFO ][2015-12-10 17:51:43,673][com.java.TestType] [ 5500] - value = //div[@class='ui-widget-content']/div/button
[INFO ][2015-12-10 17:51:43,733][com.java.TestType] [10192] -  RESULT true
[INFO ][2015-12-10 17:51:43,733][com.java.TestType] [10309] - ?   P A S S   ?
[DEBUG][2015-12-10 17:51:43,733][com.java.TestType] [10115] - Concept ID:7 :: Step being Executed: 7::6
[INFO ][2015-12-10 17:51:43,733][com.java.TestType] [10153] - dataFields : XPH//span[@class='glyphicon glyphicon-plus']
[DEBUG][2015-12-10 17:51:43,733][com.java.TestType] [10159] - <In Set values of the page>
[DEBUG][2015-12-10 17:51:43,733][com.java.TestType] [10164] - {Data Fields & Data Values Exist}
[INFO ][2015-12-10 17:51:43,733][com.java.TestType] [10170] - --------------------------setting values-----------------------------
[INFO ][2015-12-10 17:51:43,733][com.java.TestType] [10173] - Action Type : WAITFORELEMENT
[INFO ][2015-12-10 17:51:43,763][com.java.TestType] [10192] -  RESULT true
[INFO ][2015-12-10 17:51:43,763][com.java.TestType] [10309] - ?   P A S S   ?
[DEBUG][2015-12-10 17:51:43,763][com.java.TestType] [10115] - Concept ID:7 :: Step being Executed: 7::7
[ERROR][2015-12-10 17:51:43,763][com.java.TestType] [10148] - Exception: null
[INFO ][2015-12-10 17:51:43,763][com.java.TestType] [10153] - dataFields : XPH//span[@class='glyphicon glyphicon-plus']
[DEBUG][2015-12-10 17:51:43,763][com.java.TestType] [10159] - <In Set values of the page>
[DEBUG][2015-12-10 17:51:43,763][com.java.TestType] [10164] - {Data Fields & Data Values Exist}
[INFO ][2015-12-10 17:51:43,763][com.java.TestType] [10170] - --------------------------setting values-----------------------------
[INFO ][2015-12-10 17:51:43,763][com.java.TestType] [10173] - Action Type : CLICK
[INFO ][2015-12-10 17:51:43,763][com.java.TestType] [ 5849] - Field ::XPH//span[@class='glyphicon glyphicon-plus']
[INFO ][2015-12-10 17:51:43,763][com.java.TestType] [ 5500] - value = 
[INFO ][2015-12-10 17:51:44,763][com.java.TestType] [ 5956] - BEFORE CLICK
[INFO ][2015-12-10 17:51:45,883][com.java.TestType] [ 5964] - Unable to click the object +' Button
[INFO ][2015-12-10 17:51:45,883][com.java.TestType] [10192] -  RESULT true
[INFO ][2015-12-10 17:51:45,883][com.java.TestType] [10309] - ?   P A S S   ?
[DEBUG][2015-12-10 17:51:45,883][com.java.TestType] [10115] - Concept ID:7 :: Step being Executed: 7::8
[INFO ][2015-12-10 17:51:45,883][com.java.TestType] [10153] - dataFields : XPH//span[@class='dlg_Label']
[DEBUG][2015-12-10 17:51:45,883][com.java.TestType] [10159] - <In Set values of the page>
[DEBUG][2015-12-10 17:51:45,883][com.java.TestType] [10164] - {Data Fields & Data Values Exist}
[INFO ][2015-12-10 17:51:45,883][com.java.TestType] [10170] - --------------------------setting values-----------------------------
[INFO ][2015-12-10 17:51:45,883][com.java.TestType] [10173] - Action Type : WAITFORELEMENT
[INFO ][2015-12-10 17:51:45,904][com.java.TestType] [10192] -  RESULT true
[INFO ][2015-12-10 17:51:45,904][com.java.TestType] [10309] - ?   P A S S   ?
[DEBUG][2015-12-10 17:51:45,904][com.java.TestType] [10115] - Concept ID:7 :: Step being Executed: 7::9
[INFO ][2015-12-10 17:51:45,904][com.java.TestType] [10153] - dataFields : XPH//span[@class='dlg_Label']
[DEBUG][2015-12-10 17:51:45,904][com.java.TestType] [10159] - <In Set values of the page>
[DEBUG][2015-12-10 17:51:45,904][com.java.TestType] [10164] - {Data Fields & Data Values Exist}
[INFO ][2015-12-10 17:51:45,904][com.java.TestType] [10170] - --------------------------setting values-----------------------------
[INFO ][2015-12-10 17:51:45,904][com.java.TestType] [10173] - Action Type : VERIFY
[INFO ][2015-12-10 17:51:45,904][com.java.TestType] [ 6762] - field= XPH//span[@class='dlg_Label'] value= Package Name
[INFO ][2015-12-10 17:51:45,904][com.java.TestType] [ 5500] - value = Package Name
[INFO ][2015-12-10 17:51:46,024][com.java.TestType] [10192] -  RESULT true
[INFO ][2015-12-10 17:51:46,024][com.java.TestType] [10309] - ?   P A S S   ?
[DEBUG][2015-12-10 17:51:46,024][com.java.TestType] [10115] - Concept ID:7 :: Step being Executed: 7::10
[INFO ][2015-12-10 17:51:46,024][com.java.TestType] [10153] - dataFields : XPH//div[contains(@id,'ember')]/div//input[contains(@class, 'ember-view ember-text-')]
[DEBUG][2015-12-10 17:51:46,024][com.java.TestType] [10159] - <In Set values of the page>
[DEBUG][2015-12-10 17:51:46,024][com.java.TestType] [10164] - {Data Fields & Data Values Exist}
[INFO ][2015-12-10 17:51:46,024][com.java.TestType] [10170] - --------------------------setting values-----------------------------
[INFO ][2015-12-10 17:51:46,024][com.java.TestType] [10173] - Action Type : WAITFORELEMENT
[INFO ][2015-12-10 17:51:46,054][com.java.TestType] [10192] -  RESULT true
[INFO ][2015-12-10 17:51:46,054][com.java.TestType] [10309] - ?   P A S S   ?
[DEBUG][2015-12-10 17:51:46,054][com.java.TestType] [10115] - Concept ID:7 :: Step being Executed: 7::11
[ERROR][2015-12-10 17:51:46,054][com.java.TestType] [10148] - Exception: null
[INFO ][2015-12-10 17:51:46,054][com.java.TestType] [10153] - dataFields : XPH//div[contains(@id,'ember')]/div//input[contains(@class, 'ember-view ember-text-')]
[DEBUG][2015-12-10 17:51:46,054][com.java.TestType] [10159] - <In Set values of the page>
[DEBUG][2015-12-10 17:51:46,054][com.java.TestType] [10164] - {Data Fields & Data Values Exist}
[INFO ][2015-12-10 17:51:46,054][com.java.TestType] [10170] - --------------------------setting values-----------------------------
[INFO ][2015-12-10 17:51:46,054][com.java.TestType] [10173] - Action Type : CLICK
[INFO ][2015-12-10 17:51:46,054][com.java.TestType] [ 5849] - Field ::XPH//div[contains(@id,'ember')]/div//input[contains(@class, 'ember-view ember-text-')]
[INFO ][2015-12-10 17:51:46,054][com.java.TestType] [ 5500] - value = 
[INFO ][2015-12-10 17:51:47,054][com.java.TestType] [ 5956] - BEFORE CLICK
[INFO ][2015-12-10 17:51:47,784][com.java.TestType] [ 5964] - Unable to click the object PackageName Textfield
[INFO ][2015-12-10 17:51:47,784][com.java.TestType] [10192] -  RESULT true
[INFO ][2015-12-10 17:51:47,784][com.java.TestType] [10309] - ?   P A S S   ?
[DEBUG][2015-12-10 17:51:47,784][com.java.TestType] [10115] - Concept ID:7 :: Step being Executed: 7::12
[INFO ][2015-12-10 17:51:47,784][com.java.TestType] [10153] - dataFields : TXT//div[contains(@id,'ember')]/div//input[contains(@class, 'ember-view ember-text-')]
[DEBUG][2015-12-10 17:51:47,784][com.java.TestType] [10159] - <In Set values of the page>
[DEBUG][2015-12-10 17:51:47,784][com.java.TestType] [10164] - {Data Fields & Data Values Exist}
[INFO ][2015-12-10 17:51:47,784][com.java.TestType] [10170] - --------------------------setting values-----------------------------
[INFO ][2015-12-10 17:51:47,784][com.java.TestType] [10173] - Action Type : CLEARANDENTER
[INFO ][2015-12-10 17:51:47,784][com.java.TestType] [ 5500] - value = VL_Test#60119
[INFO ][2015-12-10 17:51:48,765][com.java.TestType] [10192] -  RESULT true
[INFO ][2015-12-10 17:51:48,765][com.java.TestType] [10309] - ?   P A S S   ?
[DEBUG][2015-12-10 17:51:48,765][com.java.TestType] [10115] - Concept ID:7 :: Step being Executed: 7::13
[INFO ][2015-12-10 17:51:48,765][com.java.TestType] [10153] - dataFields : null
[DEBUG][2015-12-10 17:51:48,765][com.java.TestType] [10159] - <In Set values of the page>
[INFO ][2015-12-10 17:51:48,765][com.java.TestType] [10309] - ?   P A S S   ?
[DEBUG][2015-12-10 17:51:48,765][com.java.TestType] [10115] - Concept ID:7 :: Step being Executed: 7::14
[INFO ][2015-12-10 17:51:48,765][com.java.TestType] [10153] - dataFields : TXT//div[contains(@id,'ember')]/div//input[contains(@class, 'ember-view ember-text-')]
[DEBUG][2015-12-10 17:51:48,765][com.java.TestType] [10159] - <In Set values of the page>
[DEBUG][2015-12-10 17:51:48,765][com.java.TestType] [10164] - {Data Fields & Data Values Exist}
[INFO ][2015-12-10 17:51:48,765][com.java.TestType] [10170] - --------------------------setting values-----------------------------
[INFO ][2015-12-10 17:51:48,765][com.java.TestType] [10173] - Action Type : STOREVALUE
[INFO ][2015-12-10 17:51:48,765][com.java.TestType] [ 7940] - field= TXT//div[contains(@id,'ember')]/div//input[contains(@class, 'ember-view ember-text-')]
[DEBUG][2015-12-10 17:51:48,836][com.java.TestType] [ 7954] - Key:: PackageName  Value:: VL_Test#60119
[INFO ][2015-12-10 17:51:48,836][com.java.TestType] [10192] -  RESULT true
[INFO ][2015-12-10 17:51:48,836][com.java.TestType] [10309] - ?   P A S S   ?
[DEBUG][2015-12-10 17:51:48,836][com.java.TestType] [10115] - Concept ID:7 :: Step being Executed: 7::15
[INFO ][2015-12-10 17:51:48,836][com.java.TestType] [10153] - dataFields : XPH//span[contains(text(),'Save')]
[DEBUG][2015-12-10 17:51:48,836][com.java.TestType] [10159] - <In Set values of the page>
[DEBUG][2015-12-10 17:51:48,836][com.java.TestType] [10164] - {Data Fields & Data Values Exist}
[INFO ][2015-12-10 17:51:48,836][com.java.TestType] [10170] - --------------------------setting values-----------------------------
[INFO ][2015-12-10 17:51:48,836][com.java.TestType] [10173] - Action Type : WAITFORELEMENT
[INFO ][2015-12-10 17:51:48,866][com.java.TestType] [10192] -  RESULT true
[INFO ][2015-12-10 17:51:48,866][com.java.TestType] [10309] - ?   P A S S   ?
[DEBUG][2015-12-10 17:51:48,866][com.java.TestType] [10115] - Concept ID:7 :: Step being Executed: 7::16
[ERROR][2015-12-10 17:51:48,866][com.java.TestType] [10148] - Exception: null
[INFO ][2015-12-10 17:51:48,866][com.java.TestType] [10153] - dataFields : BTNselectionTest
[DEBUG][2015-12-10 17:51:48,866][com.java.TestType] [10159] - <In Set values of the page>
[DEBUG][2015-12-10 17:51:48,866][com.java.TestType] [10164] - {Data Fields & Data Values Exist}
[INFO ][2015-12-10 17:51:48,866][com.java.TestType] [10170] - --------------------------setting values-----------------------------
[INFO ][2015-12-10 17:51:48,866][com.java.TestType] [10173] - Action Type : CLICK
[INFO ][2015-12-10 17:51:48,866][com.java.TestType] [ 5849] - Field ::BTNselectionTest
[INFO ][2015-12-10 17:51:48,866][com.java.TestType] [ 5500] - value = 
[INFO ][2015-12-10 17:51:49,866][com.java.TestType] [ 5935] - BEFORE CLICK
[INFO ][2015-12-10 17:51:52,077][com.java.TestType] [ 5942] - Unable to click the object Yes radio button
[INFO ][2015-12-10 17:51:52,077][com.java.TestType] [10192] -  RESULT true
[INFO ][2015-12-10 17:51:52,077][com.java.TestType] [10309] - ?   P A S S   ?
[DEBUG][2015-12-10 17:51:52,077][com.java.TestType] [10115] - Concept ID:7 :: Step being Executed: 7::17
[INFO ][2015-12-10 17:51:52,077][com.java.TestType] [10153] - dataFields : XPH//span[contains(text(),'Save')]
[DEBUG][2015-12-10 17:51:52,077][com.java.TestType] [10159] - <In Set values of the page>
[DEBUG][2015-12-10 17:51:52,077][com.java.TestType] [10164] - {Data Fields & Data Values Exist}
[INFO ][2015-12-10 17:51:52,077][com.java.TestType] [10170] - --------------------------setting values-----------------------------
[INFO ][2015-12-10 17:51:52,077][com.java.TestType] [10173] - Action Type : WAITFORELEMENT
[INFO ][2015-12-10 17:51:52,107][com.java.TestType] [10192] -  RESULT true
[INFO ][2015-12-10 17:51:52,107][com.java.TestType] [10309] - ?   P A S S   ?
[DEBUG][2015-12-10 17:51:52,107][com.java.TestType] [10115] - Concept ID:7 :: Step being Executed: 7::18
[ERROR][2015-12-10 17:51:52,107][com.java.TestType] [10148] - Exception: null
[INFO ][2015-12-10 17:51:52,107][com.java.TestType] [10153] - dataFields : XPH//span[contains(text(),'Save')]
[DEBUG][2015-12-10 17:51:52,107][com.java.TestType] [10159] - <In Set values of the page>
[DEBUG][2015-12-10 17:51:52,107][com.java.TestType] [10164] - {Data Fields & Data Values Exist}
[INFO ][2015-12-10 17:51:52,107][com.java.TestType] [10170] - --------------------------setting values-----------------------------
[INFO ][2015-12-10 17:51:52,107][com.java.TestType] [10173] - Action Type : CLICK
[INFO ][2015-12-10 17:51:52,107][com.java.TestType] [ 5849] - Field ::XPH//span[contains(text(),'Save')]
[INFO ][2015-12-10 17:51:52,107][com.java.TestType] [ 5500] - value = 
[INFO ][2015-12-10 17:51:53,107][com.java.TestType] [ 5956] - BEFORE CLICK
[INFO ][2015-12-10 17:51:54,807][com.java.TestType] [ 5964] - Unable to click the object Save Button
[INFO ][2015-12-10 17:51:54,807][com.java.TestType] [10192] -  RESULT true
[INFO ][2015-12-10 17:51:54,807][com.java.TestType] [10309] - ?   P A S S   ?
[DEBUG][2015-12-10 17:51:54,807][com.java.TestType] [10115] - Concept ID:7 :: Step being Executed: 7::19
[INFO ][2015-12-10 17:51:54,807][com.java.TestType] [10153] - dataFields : XPH//span[@class='dlg_Label']
[DEBUG][2015-12-10 17:51:54,807][com.java.TestType] [10159] - <In Set values of the page>
[DEBUG][2015-12-10 17:51:54,807][com.java.TestType] [10164] - {Data Fields & Data Values Exist}
[INFO ][2015-12-10 17:51:54,807][com.java.TestType] [10170] - --------------------------setting values-----------------------------
[INFO ][2015-12-10 17:51:54,807][com.java.TestType] [10173] - Action Type : WAITFORELEMENT
[INFO ][2015-12-10 17:51:54,818][com.java.TestType] [10192] -  RESULT true
[INFO ][2015-12-10 17:51:54,818][com.java.TestType] [10309] - ?   P A S S   ?
[DEBUG][2015-12-10 17:51:54,818][com.java.TestType] [10115] - Concept ID:7 :: Step being Executed: 7::20
[INFO ][2015-12-10 17:51:54,818][com.java.TestType] [10153] - dataFields : XPH//span[@class='dlg_Label']
[DEBUG][2015-12-10 17:51:54,818][com.java.TestType] [10159] - <In Set values of the page>
[DEBUG][2015-12-10 17:51:54,818][com.java.TestType] [10164] - {Data Fields & Data Values Exist}
[INFO ][2015-12-10 17:51:54,818][com.java.TestType] [10170] - --------------------------setting values-----------------------------
[INFO ][2015-12-10 17:51:54,818][com.java.TestType] [10173] - Action Type : VERIFY
[INFO ][2015-12-10 17:51:54,818][com.java.TestType] [ 6762] - field= XPH//span[@class='dlg_Label'] value= Current Package
[INFO ][2015-12-10 17:51:54,818][com.java.TestType] [ 5500] - value = Current Package
[INFO ][2015-12-10 17:51:54,938][com.java.TestType] [10192] -  RESULT true
[INFO ][2015-12-10 17:51:54,938][com.java.TestType] [10309] - ?   P A S S   ?
[DEBUG][2015-12-10 17:51:54,938][com.java.TestType] [10115] - Concept ID:7 :: Step being Executed: 7::21
[INFO ][2015-12-10 17:51:54,938][com.java.TestType] [10153] - dataFields : SLB//select[@action='goToNewReport']
[DEBUG][2015-12-10 17:51:54,938][com.java.TestType] [10159] - <In Set values of the page>
[DEBUG][2015-12-10 17:51:54,938][com.java.TestType] [10164] - {Data Fields & Data Values Exist}
[INFO ][2015-12-10 17:51:54,938][com.java.TestType] [10170] - --------------------------setting values-----------------------------
[INFO ][2015-12-10 17:51:54,938][com.java.TestType] [10173] - Action Type : SELECT
[INFO ][2015-12-10 17:51:54,938][com.java.TestType] [ 5500] - value = BalanceSheet
[INFO ][2015-12-10 17:51:55,348][com.java.TestType] [10192] -  RESULT false
[INFO ][2015-12-10 17:51:55,528][com.java.TestType] [10230] - ?   F A I L   ?
[DEBUG][2015-12-10 17:51:55,528][com.java.TestType] [10233] - Browser Type : IE10
[INFO ][2015-12-10 17:51:55,538][com.java.SeleniumDriver] [  894] -  RESULT false
[INFO ][2015-12-10 17:51:55,538][com.java.SeleniumDriver] [  941] - ?   F A I L   ?
[INFO ][2015-12-10 17:51:55,538][com.java.SeleniumDriver] [  949] - Browser Type : IE10
[INFO ][2015-12-10 17:51:55,538][com.java.SeleniumDriver] [  950] - Adding Failed case13
[INFO ][2015-12-10 17:51:55,888][com.java.SeleniumDriver] [ 1064] - failedCases = 13
[ERROR][2015-12-10 17:51:55,888][com.java.SeleniumDriver] [ 1561] - Platform Errors : Our apologies...::We have encountered an issue with your request.::Our apologies?:We encountered an issue with your request.
[INFO ][2015-12-10 17:51:55,888][com.java.SeleniumDriver] [ 1565] - Length =3
[ERROR][2015-12-10 17:51:55,888][com.java.SeleniumDriver] [ 1568] - Error 0 = Our apologies...
[ERROR][2015-12-10 17:51:55,929][com.java.SeleniumDriver] [ 1568] - Error 1 = We have encountered an issue with your request.
[ERROR][2015-12-10 17:51:55,949][com.java.SeleniumDriver] [ 1568] - Error 2 = Our apologies?:We encountered an issue with your request.
[INFO ][2015-12-10 17:51:55,959][com.java.SeleniumDriver] [ 1579] - strError:
[DEBUG][2015-12-10 17:51:55,969][com.java.SeleniumDriver] [ 1212] - Case found
[DEBUG][2015-12-10 17:51:55,969][com.java.SeleniumDriver] [ 1217] - Incrementing ReportCounters[0]:2
[INFO ][2015-12-10 17:51:55,969][com.java.SeleniumDriver] [ 1236] - The results are-------------------[13, 4, Reports Package: Drill-downs on 12 Month Balance Sheet Report, Fail, 
Test case failed at Step No. :: 4   Error Message ::  In CONCEPT: Test case failed at Step No. :: 21   Error Message ::  Failed to select option: BalanceSheet from //select[@action='goToNewReport']. Screen Shot : D:\BankersDashboard\TestReports\121015\13_121015_175155_IE10.png, Thu Dec 10 17:51:55 IST 2015]
[INFO ][2015-12-10 17:51:55,969][com.java.SeleniumDriver] [ 1240] - End time is-------1 min 42 sec
[INFO ][2015-12-10 17:51:55,969][com.java.SeleniumDriver] [ 1241] - The results are-------------------[13, 4, Reports Package: Drill-downs on 12 Month Balance Sheet Report, Fail, 
Test case failed at Step No. :: 4   Error Message ::  In CONCEPT: Test case failed at Step No. :: 21   Error Message ::  Failed to select option: BalanceSheet from //select[@action='goToNewReport']. Screen Shot : D:\BankersDashboard\TestReports\121015\13_121015_175155_IE10.png, Thu Dec 10 17:51:55 IST 2015]
[DEBUG][2015-12-10 17:51:55,969][com.java.ImportnExport.ExportTestResultsExcel] [  222] - testResultPath = D:\BankersDashboard/TestReports/Test Results_BankersDashBoard_121015_175015_IE10_CB&S Bank.xls
[DEBUG][2015-12-10 17:51:55,969][com.java.ImportnExport.ExportTestResultsExcel] [  223] - browser is------------IE10
[DEBUG][2015-12-10 17:51:55,969][com.java.ImportnExport.ExportTestResultsExcel] [  270] - result.size() = 6
[DEBUG][2015-12-10 17:51:55,969][com.java.ImportnExport.ExportTestResultsExcel] [  274] - No of rows in sheet=2
[DEBUG][2015-12-10 17:51:55,969][com.java.ImportnExport.ExportTestResultsExcel] [  301] - ..in export..13
[DEBUG][2015-12-10 17:51:55,969][com.java.ImportnExport.ExportTestResultsExcel] [  301] - ..in export..Reports Package: Drill-downs on 12 Month Balance Sheet Report
[DEBUG][2015-12-10 17:51:55,969][com.java.ImportnExport.ExportTestResultsExcel] [  301] - ..in export..Fail
[DEBUG][2015-12-10 17:51:55,969][com.java.ImportnExport.ExportTestResultsExcel] [  301] - ..in export..
Test case failed at Step No. :: 4   Error Message ::  In CONCEPT: Test case failed at Step No. :: 21   Error Message ::  Failed to select option: BalanceSheet from //select[@action='goToNewReport']. Screen Shot : D:\BankersDashboard\TestReports\121015\13_121015_175155_IE10.png
[DEBUG][2015-12-10 17:51:55,969][com.java.ImportnExport.ExportTestResultsExcel] [  301] - ..in export..Thu Dec 10 17:51:55 IST 2015
[INFO ][2015-12-10 17:51:55,969][com.java.SeleniumDriver] [ 1299] - out loop:1 size:2 TestCases:[1, 13] testcases:[1, 13]
[INFO ][2015-12-10 17:51:57,969][com.java.SeleniumDriver] [ 1342] - Total Number of Cases:2
[INFO ][2015-12-10 17:51:57,969][com.java.TemplateGenerator] [  302] - Executed:2
[INFO ][2015-12-10 17:51:57,969][com.java.TemplateGenerator] [  303] - Passed:1
[INFO ][2015-12-10 17:51:57,969][com.java.TemplateGenerator] [  304] - Failed:1
[INFO ][2015-12-10 17:51:57,969][com.java.TemplateGenerator] [  305] - Skipeed:0
[INFO ][2015-12-10 17:51:57,969][com.java.TemplateGenerator] [  306] - Application URL:https://clients-xuat.bankersdashboard.com
[INFO ][2015-12-10 17:51:57,969][com.java.TemplateGenerator] [  307] - Start Time:121015_175015
[INFO ][2015-12-10 17:51:57,969][com.java.TemplateGenerator] [  308] -  Creating HTML Report 
[ERROR][2015-12-10 17:51:57,969][com.java.TemplateGenerator] [  409] - Unparseable date: "Thu Dec 10 05:50:15 IST 2015"
[INFO ][2015-12-10 17:51:57,969][com.java.TemplateGenerator] [  654] -  Exporting case :: 1
[INFO ][2015-12-10 17:51:57,969][com.java.TemplateGenerator] [  654] -  Exporting case :: 13
[INFO ][2015-12-10 17:51:57,969][com.java.SeleniumDriver] [ 1391] - End Time:121015_175157
[INFO ][2015-12-10 17:51:57,969][com.java.SeleniumDriver] [ 1394] - Data in Test Execution Details:{1=PASS, 13=FAILTest case failed at Step No. :: 4   Error Message ::  In CONCEPT: Test case failed at Step No. :: 21   Error Message ::  Failed to select option: BalanceSheet from //select[@action='goToNewReport']}
[INFO ][2015-12-10 17:51:57,969][com.java.SeleniumDriver] [ 1395] - Data in Failed Execution Deatils:{}
[INFO ][2015-12-10 17:51:57,969][com.java.SeleniumDriver] [ 1397] - ReportCounter:Total:2 :: PASS: 1 ::FAIL: 1
[INFO ][2015-12-10 17:51:57,969][com.java.SeleniumDriver] [ 1398] - FailedReportCounter:Total:0 :: PASS: 0 ::FAIL: 0
[INFO ][2015-12-10 17:51:57,970][com.java.EmailTestReport] [   63] - Sending report mail details:
[INFO ][2015-12-10 17:51:57,970][com.java.EmailTestReport] [   80] - Excel Report Path:D:\BankersDashboard/TestReports/Test Results_BankersDashBoard_121015_175015_IE10_CB&S Bank.xls
[INFO ][2015-12-10 17:51:57,970][com.java.EmailTestReport] [   81] - HTML Report Path:D:\BankersDashboard//TestReports//Test Results_BankersDashBoard_121015_175015_IE10_CB&S Bank.html
[INFO ][2015-12-10 17:51:57,970][com.java.EmailTestReport] [   82] - smtpHostName:mail01.valuelabs.com
[INFO ][2015-12-10 17:51:57,970][com.java.EmailTestReport] [   83] - Recipient:venkateswararao.gubbala@valuelabs.com;
[INFO ][2015-12-10 17:51:57,970][com.java.EmailTestReport] [   84] - From:venkateswararao.gubbala@valuelabs.com;
[INFO ][2015-12-10 17:51:57,970][com.java.EmailTestReport] [   85] - Subject:Deluxe Corp Bankers Dashboard Automation Test Report - CB&S Bank - IE10
[INFO ][2015-12-10 17:51:57,990][com.java.EmailTestReport] [  143] -  Added venkateswararao.gubbala@valuelabs.com
[INFO ][2015-12-10 17:52:01,131][com.java.SeleniumDriver] [  720] - quitting the browser 
[INFO ][2015-12-10 17:52:02,823][com.java.SeleniumDriver] [  264] - Execution Completed Stopping the thread
